<?xml version="1.0" encoding="UTF-8"?>
<testsuite name="BIF.SWE1.unittests.UEB5Test" tests="13" skipped="0" failures="0" errors="0" timestamp="2020-07-06T11:08:38" hostname="DESKTOP-6UFJ24U" time="0.218">
  <properties/>
  <testcase name="milestone2_return_error_on_invalid_url" classname="BIF.SWE1.unittests.UEB5Test" time="0.029"/>
  <testcase name="pluginmanager_should_add_plugin" classname="BIF.SWE1.unittests.UEB5Test" time="0.024"/>
  <testcase name="staticfileplugin_hello_world" classname="BIF.SWE1.unittests.UEB5Test" time="0.001"/>
  <testcase name="pluginmanager_return_all_plugins" classname="BIF.SWE1.unittests.UEB5Test" time="0.023"/>
  <testcase name="pluginmanager_should_fail_adding_plugin_not_implementing_plugin" classname="BIF.SWE1.unittests.UEB5Test" time="0.024"/>
  <testcase name="staticfileplugin_fail_on_missing_file" classname="BIF.SWE1.unittests.UEB5Test" time="0.002"/>
  <testcase name="pluginmanager_contains_plugin_for_start_page" classname="BIF.SWE1.unittests.UEB5Test" time="0.026"/>
  <testcase name="pluginmanager_all_plugins_have_unique_type" classname="BIF.SWE1.unittests.UEB5Test" time="0.021"/>
  <testcase name="HelloWorld" classname="BIF.SWE1.unittests.UEB5Test" time="0.0"/>
  <testcase name="pluginmanager_should_fail_adding_non_existing_plugin" classname="BIF.SWE1.unittests.UEB5Test" time="0.028"/>
  <testcase name="staticfileplugin_return_file_content" classname="BIF.SWE1.unittests.UEB5Test" time="0.006"/>
  <testcase name="staticfileplugin_return_file" classname="BIF.SWE1.unittests.UEB5Test" time="0.003"/>
  <testcase name="milestone2_return_main_page" classname="BIF.SWE1.unittests.UEB5Test" time="0.03"/>
  <system-out><![CDATA[File: i_am_a_unknown_url.html
File /i_am_a_unknown_url.html not found
File /i_am_a_unknown_url.html of type text/html returned
File: missing-foo-c7565419-0222-4774-92be-39ca5041fe67.txt
File tmp-static-files/missing-foo-c7565419-0222-4774-92be-39ca5041fe67.txt not found
File tmp-static-files/missing-foo-c7565419-0222-4774-92be-39ca5041fe67.txt of type text/plain returned
File: .
File .\webroot/index.html of type text/html returned
File: foo-46b37390-c152-4c50-b5fa-4bc1baf9f38e.txt
File tmp-static-files/foo-46b37390-c152-4c50-b5fa-4bc1baf9f38e.txt of type text/plain returned
File: foo-6e256582-ff58-410d-975e-3dd44be6e9b0.txt
File tmp-static-files/foo-6e256582-ff58-410d-975e-3dd44be6e9b0.txt of type text/plain returned
File: .
File .\webroot/index.html of type text/html returned
]]></system-out>
  <system-err><![CDATA[]]></system-err>
</testsuite>
