<?xml version="1.0" encoding="UTF-8"?>
<testsuite name="BIF.SWE1.TestWeb" tests="1" skipped="0" failures="0" errors="0" timestamp="2020-01-06T14:50:39" hostname="DESKTOP-6UFJ24U" time="0.0">
  <properties/>
  <testcase name="testRequest" classname="BIF.SWE1.TestWeb" time="0.0"/>
  <system-out><![CDATA[]]></system-out>
  <system-err><![CDATA[]]></system-err>
</testsuite>
