<?xml version="1.0" encoding="UTF-8"?>
<testsuite name="BIF.SWE1.unittests.UEB5Test" tests="13" skipped="0" failures="0" errors="0" timestamp="2020-01-08T15:30:39" hostname="DESKTOP-6UFJ24U" time="0.796">
  <properties/>
  <testcase name="milestone2_return_error_on_invalid_url" classname="BIF.SWE1.unittests.UEB5Test" time="0.089"/>
  <testcase name="pluginmanager_should_add_plugin" classname="BIF.SWE1.unittests.UEB5Test" time="0.039"/>
  <testcase name="staticfileplugin_hello_world" classname="BIF.SWE1.unittests.UEB5Test" time="0.001"/>
  <testcase name="pluginmanager_return_all_plugins" classname="BIF.SWE1.unittests.UEB5Test" time="0.045"/>
  <testcase name="pluginmanager_should_fail_adding_plugin_not_implementing_plugin" classname="BIF.SWE1.unittests.UEB5Test" time="0.174"/>
  <testcase name="staticfileplugin_fail_on_missing_file" classname="BIF.SWE1.unittests.UEB5Test" time="0.002"/>
  <testcase name="pluginmanager_contains_plugin_for_start_page" classname="BIF.SWE1.unittests.UEB5Test" time="0.126"/>
  <testcase name="pluginmanager_all_plugins_have_unique_type" classname="BIF.SWE1.unittests.UEB5Test" time="0.041"/>
  <testcase name="HelloWorld" classname="BIF.SWE1.unittests.UEB5Test" time="0.0"/>
  <testcase name="pluginmanager_should_fail_adding_non_existing_plugin" classname="BIF.SWE1.unittests.UEB5Test" time="0.194"/>
  <testcase name="staticfileplugin_return_file_content" classname="BIF.SWE1.unittests.UEB5Test" time="0.001"/>
  <testcase name="staticfileplugin_return_file" classname="BIF.SWE1.unittests.UEB5Test" time="0.001"/>
  <testcase name="milestone2_return_main_page" classname="BIF.SWE1.unittests.UEB5Test" time="0.082"/>
  <system-out><![CDATA[
temperatures
| id || value || created |
| 1 || 23.43 || 2020-01-08 15:30:40 |
| 2 || 11.251 || 2020-01-08 15:30:40 |
| 3 || 32.1 || 2020-01-08 15:30:40 |
| 4 || -5.334 || 2020-01-08 15:30:40 |
| 5 || 14.8372 || 2020-01-08 15:30:40 |File: i_am_a_unknown_url.html
File /i_am_a_unknown_url.html not found
File /i_am_a_unknown_url.html of type text/html returned

temperatures
| id || value || created |
| 1 || 23.43 || 2020-01-08 15:30:40 |
| 2 || 11.251 || 2020-01-08 15:30:40 |
| 3 || 32.1 || 2020-01-08 15:30:40 |
| 4 || -5.334 || 2020-01-08 15:30:40 |
| 5 || 14.8372 || 2020-01-08 15:30:40 |
temperatures
| id || value || created |
| 1 || 23.43 || 2020-01-08 15:30:40 |
| 2 || 11.251 || 2020-01-08 15:30:40 |
| 3 || 32.1 || 2020-01-08 15:30:40 |
| 4 || -5.334 || 2020-01-08 15:30:40 |
| 5 || 14.8372 || 2020-01-08 15:30:40 |
temperatures
| id || value || created |
| 1 || 23.43 || 2020-01-08 15:30:40 |
| 2 || 11.251 || 2020-01-08 15:30:40 |
| 3 || 32.1 || 2020-01-08 15:30:40 |
| 4 || -5.334 || 2020-01-08 15:30:40 |
| 5 || 14.8372 || 2020-01-08 15:30:40 |File: missing-foo-be773a13-a84f-4b72-99b7-c3ff34b0707a.txt
File tmp-static-files/missing-foo-be773a13-a84f-4b72-99b7-c3ff34b0707a.txt not found
File tmp-static-files/missing-foo-be773a13-a84f-4b72-99b7-c3ff34b0707a.txt of type text/plain returned

temperatures
| id || value || created |
| 1 || 23.43 || 2020-01-08 15:30:40 |
| 2 || 11.251 || 2020-01-08 15:30:40 |
| 3 || 32.1 || 2020-01-08 15:30:40 |
| 4 || -5.334 || 2020-01-08 15:30:40 |
| 5 || 14.8372 || 2020-01-08 15:30:40 |File: .
File .\webroot/index.html of type text/html returned

temperatures
| id || value || created |
| 1 || 23.43 || 2020-01-08 15:30:40 |
| 2 || 11.251 || 2020-01-08 15:30:40 |
| 3 || 32.1 || 2020-01-08 15:30:40 |
| 4 || -5.334 || 2020-01-08 15:30:40 |
| 5 || 14.8372 || 2020-01-08 15:30:40 |
temperatures
| id || value || created |
| 1 || 23.43 || 2020-01-08 15:30:40 |
| 2 || 11.251 || 2020-01-08 15:30:40 |
| 3 || 32.1 || 2020-01-08 15:30:40 |
| 4 || -5.334 || 2020-01-08 15:30:40 |
| 5 || 14.8372 || 2020-01-08 15:30:40 |File: foo-a2c25873-01d4-4f2c-b06d-9291d9f89996.txt
File tmp-static-files/foo-a2c25873-01d4-4f2c-b06d-9291d9f89996.txt of type text/plain returned
File: foo-957064c9-4f59-4cb9-9fbc-fa4300c11440.txt
File tmp-static-files/foo-957064c9-4f59-4cb9-9fbc-fa4300c11440.txt of type text/plain returned

temperatures
| id || value || created |
| 1 || 23.43 || 2020-01-08 15:30:40 |
| 2 || 11.251 || 2020-01-08 15:30:40 |
| 3 || 32.1 || 2020-01-08 15:30:40 |
| 4 || -5.334 || 2020-01-08 15:30:40 |
| 5 || 14.8372 || 2020-01-08 15:30:40 |File: .
File .\webroot/index.html of type text/html returned
]]></system-out>
  <system-err><![CDATA[java.sql.SQLException: [SQLITE_CONSTRAINT]  Abort due to constraint violation (UNIQUE constraint failed: temperatures.id)
	at org.sqlite.core.DB.newSQLException(DB.java:890)
	at org.sqlite.core.DB.newSQLException(DB.java:901)
	at org.sqlite.core.DB.execute(DB.java:810)
	at org.sqlite.core.CoreStatement.exec(CoreStatement.java:74)
	at org.sqlite.jdbc3.JDBC3Statement.execute(JDBC3Statement.java:61)
	at comp.imp.plugins.AbstractDatabaseConnection._execute(AbstractDatabaseConnection.java:124)
	at comp.imp.plugins.TemperatureReader.lambda$new$0(TemperatureReader.java:69)
	at java.base/java.lang.Thread.run(Thread.java:834)
java.sql.SQLException: [SQLITE_CONSTRAINT]  Abort due to constraint violation (UNIQUE constraint failed: temperatures.id)
	at org.sqlite.core.DB.newSQLException(DB.java:890)
	at org.sqlite.core.DB.newSQLException(DB.java:901)
	at org.sqlite.core.DB.execute(DB.java:810)
	at org.sqlite.core.CoreStatement.exec(CoreStatement.java:74)
	at org.sqlite.jdbc3.JDBC3Statement.execute(JDBC3Statement.java:61)
	at comp.imp.plugins.AbstractDatabaseConnection._execute(AbstractDatabaseConnection.java:124)
	at comp.imp.plugins.TemperatureReader.lambda$new$0(TemperatureReader.java:69)
	at java.base/java.lang.Thread.run(Thread.java:834)
java.sql.SQLException: [SQLITE_CONSTRAINT]  Abort due to constraint violation (UNIQUE constraint failed: temperatures.id)
	at org.sqlite.core.DB.newSQLException(DB.java:890)
	at org.sqlite.core.DB.newSQLException(DB.java:901)
	at org.sqlite.core.DB.execute(DB.java:810)
	at org.sqlite.core.CoreStatement.exec(CoreStatement.java:74)
	at org.sqlite.jdbc3.JDBC3Statement.execute(JDBC3Statement.java:61)
	at comp.imp.plugins.AbstractDatabaseConnection._execute(AbstractDatabaseConnection.java:124)
	at comp.imp.plugins.TemperatureReader.lambda$new$0(TemperatureReader.java:69)
	at java.base/java.lang.Thread.run(Thread.java:834)
java.sql.SQLException: [SQLITE_CONSTRAINT]  Abort due to constraint violation (UNIQUE constraint failed: temperatures.id)
	at org.sqlite.core.DB.newSQLException(DB.java:890)
	at org.sqlite.core.DB.newSQLException(DB.java:901)
	at org.sqlite.core.DB.execute(DB.java:810)
	at org.sqlite.core.CoreStatement.exec(CoreStatement.java:74)
	at org.sqlite.jdbc3.JDBC3Statement.execute(JDBC3Statement.java:61)
	at comp.imp.plugins.AbstractDatabaseConnection._execute(AbstractDatabaseConnection.java:124)
	at comp.imp.plugins.TemperatureReader.lambda$new$0(TemperatureReader.java:69)
	at java.base/java.lang.Thread.run(Thread.java:834)
java.sql.SQLException: [SQLITE_CONSTRAINT]  Abort due to constraint violation (UNIQUE constraint failed: temperatures.id)
	at org.sqlite.core.DB.newSQLException(DB.java:890)
	at org.sqlite.core.DB.newSQLException(DB.java:901)
	at org.sqlite.core.DB.execute(DB.java:810)
	at org.sqlite.core.CoreStatement.exec(CoreStatement.java:74)
	at org.sqlite.jdbc3.JDBC3Statement.execute(JDBC3Statement.java:61)
	at comp.imp.plugins.AbstractDatabaseConnection._execute(AbstractDatabaseConnection.java:124)
	at comp.imp.plugins.TemperatureReader.lambda$new$0(TemperatureReader.java:69)
	at java.base/java.lang.Thread.run(Thread.java:834)
java.sql.SQLException: [SQLITE_CONSTRAINT]  Abort due to constraint violation (UNIQUE constraint failed: temperatures.id)
	at org.sqlite.core.DB.newSQLException(DB.java:890)
	at org.sqlite.core.DB.newSQLException(DB.java:901)
	at org.sqlite.core.DB.execute(DB.java:810)
	at org.sqlite.core.CoreStatement.exec(CoreStatement.java:74)
	at org.sqlite.jdbc3.JDBC3Statement.execute(JDBC3Statement.java:61)
	at comp.imp.plugins.AbstractDatabaseConnection._execute(AbstractDatabaseConnection.java:124)
	at comp.imp.plugins.TemperatureReader.lambda$new$0(TemperatureReader.java:69)
	at java.base/java.lang.Thread.run(Thread.java:834)
java.sql.SQLException: [SQLITE_CONSTRAINT]  Abort due to constraint violation (UNIQUE constraint failed: temperatures.id)
	at org.sqlite.core.DB.newSQLException(DB.java:890)
	at org.sqlite.core.DB.newSQLException(DB.java:901)
	at org.sqlite.core.DB.execute(DB.java:810)
	at org.sqlite.core.CoreStatement.exec(CoreStatement.java:74)
	at org.sqlite.jdbc3.JDBC3Statement.execute(JDBC3Statement.java:61)
	at comp.imp.plugins.AbstractDatabaseConnection._execute(AbstractDatabaseConnection.java:124)
	at comp.imp.plugins.TemperatureReader.lambda$new$0(TemperatureReader.java:69)
	at java.base/java.lang.Thread.run(Thread.java:834)
java.sql.SQLException: [SQLITE_CONSTRAINT]  Abort due to constraint violation (UNIQUE constraint failed: temperatures.id)
	at org.sqlite.core.DB.newSQLException(DB.java:890)
	at org.sqlite.core.DB.newSQLException(DB.java:901)
	at org.sqlite.core.DB.execute(DB.java:810)
	at org.sqlite.core.CoreStatement.exec(CoreStatement.java:74)
	at org.sqlite.jdbc3.JDBC3Statement.execute(JDBC3Statement.java:61)
	at comp.imp.plugins.AbstractDatabaseConnection._execute(AbstractDatabaseConnection.java:124)
	at comp.imp.plugins.TemperatureReader.lambda$new$0(TemperatureReader.java:69)
	at java.base/java.lang.Thread.run(Thread.java:834)
java.sql.SQLException: [SQLITE_CONSTRAINT]  Abort due to constraint violation (UNIQUE constraint failed: temperatures.id)
	at org.sqlite.core.DB.newSQLException(DB.java:890)
	at org.sqlite.core.DB.newSQLException(DB.java:901)
	at org.sqlite.core.DB.execute(DB.java:810)
	at org.sqlite.core.CoreStatement.exec(CoreStatement.java:74)
	at org.sqlite.jdbc3.JDBC3Statement.execute(JDBC3Statement.java:61)
	at comp.imp.plugins.AbstractDatabaseConnection._execute(AbstractDatabaseConnection.java:124)
	at comp.imp.plugins.TemperatureReader.lambda$new$0(TemperatureReader.java:69)
	at java.base/java.lang.Thread.run(Thread.java:834)
java.sql.SQLException: [SQLITE_CONSTRAINT]  Abort due to constraint violation (UNIQUE constraint failed: temperatures.id)
	at org.sqlite.core.DB.newSQLException(DB.java:890)
	at org.sqlite.core.DB.newSQLException(DB.java:901)
	at org.sqlite.core.DB.execute(DB.java:810)
	at org.sqlite.core.CoreStatement.exec(CoreStatement.java:74)
	at org.sqlite.jdbc3.JDBC3Statement.execute(JDBC3Statement.java:61)
	at comp.imp.plugins.AbstractDatabaseConnection._execute(AbstractDatabaseConnection.java:124)
	at comp.imp.plugins.TemperatureReader.lambda$new$0(TemperatureReader.java:69)
	at java.base/java.lang.Thread.run(Thread.java:834)
java.sql.SQLException: [SQLITE_CONSTRAINT]  Abort due to constraint violation (UNIQUE constraint failed: temperatures.id)
	at org.sqlite.core.DB.newSQLException(DB.java:890)
	at org.sqlite.core.DB.newSQLException(DB.java:901)
	at org.sqlite.core.DB.execute(DB.java:810)
	at org.sqlite.core.CoreStatement.exec(CoreStatement.java:74)
	at org.sqlite.jdbc3.JDBC3Statement.execute(JDBC3Statement.java:61)
	at comp.imp.plugins.AbstractDatabaseConnection._execute(AbstractDatabaseConnection.java:124)
	at comp.imp.plugins.TemperatureReader.lambda$new$0(TemperatureReader.java:69)
	at java.base/java.lang.Thread.run(Thread.java:834)
java.sql.SQLException: [SQLITE_CONSTRAINT]  Abort due to constraint violation (UNIQUE constraint failed: temperatures.id)
	at org.sqlite.core.DB.newSQLException(DB.java:890)
	at org.sqlite.core.DB.newSQLException(DB.java:901)
	at org.sqlite.core.DB.execute(DB.java:810)
	at org.sqlite.core.CoreStatement.exec(CoreStatement.java:74)
	at org.sqlite.jdbc3.JDBC3Statement.execute(JDBC3Statement.java:61)
	at comp.imp.plugins.AbstractDatabaseConnection._execute(AbstractDatabaseConnection.java:124)
	at comp.imp.plugins.TemperatureReader.lambda$new$0(TemperatureReader.java:69)
	at java.base/java.lang.Thread.run(Thread.java:834)
java.sql.SQLException: [SQLITE_CONSTRAINT]  Abort due to constraint violation (UNIQUE constraint failed: temperatures.id)
	at org.sqlite.core.DB.newSQLException(DB.java:890)
	at org.sqlite.core.DB.newSQLException(DB.java:901)
	at org.sqlite.core.DB.execute(DB.java:810)
	at org.sqlite.core.CoreStatement.exec(CoreStatement.java:74)
	at org.sqlite.jdbc3.JDBC3Statement.execute(JDBC3Statement.java:61)
	at comp.imp.plugins.AbstractDatabaseConnection._execute(AbstractDatabaseConnection.java:124)
	at comp.imp.plugins.TemperatureReader.lambda$new$0(TemperatureReader.java:69)
	at java.base/java.lang.Thread.run(Thread.java:834)
java.sql.SQLException: [SQLITE_CONSTRAINT]  Abort due to constraint violation (UNIQUE constraint failed: temperatures.id)
	at org.sqlite.core.DB.newSQLException(DB.java:890)
	at org.sqlite.core.DB.newSQLException(DB.java:901)
	at org.sqlite.core.DB.execute(DB.java:810)
	at org.sqlite.core.CoreStatement.exec(CoreStatement.java:74)
	at org.sqlite.jdbc3.JDBC3Statement.execute(JDBC3Statement.java:61)
	at comp.imp.plugins.AbstractDatabaseConnection._execute(AbstractDatabaseConnection.java:124)
	at comp.imp.plugins.TemperatureReader.lambda$new$0(TemperatureReader.java:69)
	at java.base/java.lang.Thread.run(Thread.java:834)
java.sql.SQLException: [SQLITE_CONSTRAINT]  Abort due to constraint violation (UNIQUE constraint failed: temperatures.id)
	at org.sqlite.core.DB.newSQLException(DB.java:890)
	at org.sqlite.core.DB.newSQLException(DB.java:901)
	at org.sqlite.core.DB.execute(DB.java:810)
	at org.sqlite.core.CoreStatement.exec(CoreStatement.java:74)
	at org.sqlite.jdbc3.JDBC3Statement.execute(JDBC3Statement.java:61)
	at comp.imp.plugins.AbstractDatabaseConnection._execute(AbstractDatabaseConnection.java:124)
	at comp.imp.plugins.TemperatureReader.lambda$new$0(TemperatureReader.java:69)
	at java.base/java.lang.Thread.run(Thread.java:834)
java.sql.SQLException: [SQLITE_CONSTRAINT]  Abort due to constraint violation (UNIQUE constraint failed: temperatures.id)
	at org.sqlite.core.DB.newSQLException(DB.java:890)
	at org.sqlite.core.DB.newSQLException(DB.java:901)
	at org.sqlite.core.DB.execute(DB.java:810)
	at org.sqlite.core.CoreStatement.exec(CoreStatement.java:74)
	at org.sqlite.jdbc3.JDBC3Statement.execute(JDBC3Statement.java:61)
	at comp.imp.plugins.AbstractDatabaseConnection._execute(AbstractDatabaseConnection.java:124)
	at comp.imp.plugins.TemperatureReader.lambda$new$0(TemperatureReader.java:69)
	at java.base/java.lang.Thread.run(Thread.java:834)
java.sql.SQLException: [SQLITE_CONSTRAINT]  Abort due to constraint violation (UNIQUE constraint failed: temperatures.id)
	at org.sqlite.core.DB.newSQLException(DB.java:890)
	at org.sqlite.core.DB.newSQLException(DB.java:901)
	at org.sqlite.core.DB.execute(DB.java:810)
	at org.sqlite.core.CoreStatement.exec(CoreStatement.java:74)
	at org.sqlite.jdbc3.JDBC3Statement.execute(JDBC3Statement.java:61)
	at comp.imp.plugins.AbstractDatabaseConnection._execute(AbstractDatabaseConnection.java:124)
	at comp.imp.plugins.TemperatureReader.lambda$new$0(TemperatureReader.java:69)
	at java.base/java.lang.Thread.run(Thread.java:834)
java.sql.SQLException: [SQLITE_CONSTRAINT]  Abort due to constraint violation (UNIQUE constraint failed: temperatures.id)
	at org.sqlite.core.DB.newSQLException(DB.java:890)
	at org.sqlite.core.DB.newSQLException(DB.java:901)
	at org.sqlite.core.DB.execute(DB.java:810)
	at org.sqlite.core.CoreStatement.exec(CoreStatement.java:74)
	at org.sqlite.jdbc3.JDBC3Statement.execute(JDBC3Statement.java:61)
	at comp.imp.plugins.AbstractDatabaseConnection._execute(AbstractDatabaseConnection.java:124)
	at comp.imp.plugins.TemperatureReader.lambda$new$0(TemperatureReader.java:69)
	at java.base/java.lang.Thread.run(Thread.java:834)
java.sql.SQLException: [SQLITE_CONSTRAINT]  Abort due to constraint violation (UNIQUE constraint failed: temperatures.id)
	at org.sqlite.core.DB.newSQLException(DB.java:890)
	at org.sqlite.core.DB.newSQLException(DB.java:901)
	at org.sqlite.core.DB.execute(DB.java:810)
	at org.sqlite.core.CoreStatement.exec(CoreStatement.java:74)
	at org.sqlite.jdbc3.JDBC3Statement.execute(JDBC3Statement.java:61)
	at comp.imp.plugins.AbstractDatabaseConnection._execute(AbstractDatabaseConnection.java:124)
	at comp.imp.plugins.TemperatureReader.lambda$new$0(TemperatureReader.java:69)
	at java.base/java.lang.Thread.run(Thread.java:834)
java.sql.SQLException: [SQLITE_CONSTRAINT]  Abort due to constraint violation (UNIQUE constraint failed: temperatures.id)
	at org.sqlite.core.DB.newSQLException(DB.java:890)
	at org.sqlite.core.DB.newSQLException(DB.java:901)
	at org.sqlite.core.DB.execute(DB.java:810)
	at org.sqlite.core.CoreStatement.exec(CoreStatement.java:74)
	at org.sqlite.jdbc3.JDBC3Statement.execute(JDBC3Statement.java:61)
	at comp.imp.plugins.AbstractDatabaseConnection._execute(AbstractDatabaseConnection.java:124)
	at comp.imp.plugins.TemperatureReader.lambda$new$0(TemperatureReader.java:69)
	at java.base/java.lang.Thread.run(Thread.java:834)
java.sql.SQLException: [SQLITE_CONSTRAINT]  Abort due to constraint violation (UNIQUE constraint failed: temperatures.id)
	at org.sqlite.core.DB.newSQLException(DB.java:890)
	at org.sqlite.core.DB.newSQLException(DB.java:901)
	at org.sqlite.core.DB.execute(DB.java:810)
	at org.sqlite.core.CoreStatement.exec(CoreStatement.java:74)
	at org.sqlite.jdbc3.JDBC3Statement.execute(JDBC3Statement.java:61)
	at comp.imp.plugins.AbstractDatabaseConnection._execute(AbstractDatabaseConnection.java:124)
	at comp.imp.plugins.TemperatureReader.lambda$new$0(TemperatureReader.java:69)
	at java.base/java.lang.Thread.run(Thread.java:834)
java.sql.SQLException: [SQLITE_ERROR] SQL error or missing database (no such table: temperatures)
	at org.sqlite.core.DB.newSQLException(DB.java:890)
	at org.sqlite.core.DB.newSQLException(DB.java:901)
	at org.sqlite.core.DB.throwex(DB.java:868)
	at org.sqlite.core.NativeDB.prepare(Native Method)
	at org.sqlite.core.DB.prepare(DB.java:211)
	at org.sqlite.jdbc3.JDBC3Statement.execute(JDBC3Statement.java:60)
	at comp.imp.plugins.AbstractDatabaseConnection._execute(AbstractDatabaseConnection.java:124)
	at comp.imp.plugins.TemperatureReader.lambda$new$0(TemperatureReader.java:69)
	at java.base/java.lang.Thread.run(Thread.java:834)
java.sql.SQLException: [SQLITE_CONSTRAINT]  Abort due to constraint violation (UNIQUE constraint failed: temperatures.id)
	at org.sqlite.core.DB.newSQLException(DB.java:890)
	at org.sqlite.core.DB.newSQLException(DB.java:901)
	at org.sqlite.core.DB.execute(DB.java:810)
	at org.sqlite.core.CoreStatement.exec(CoreStatement.java:74)
	at org.sqlite.jdbc3.JDBC3Statement.execute(JDBC3Statement.java:61)
	at comp.imp.plugins.AbstractDatabaseConnection._execute(AbstractDatabaseConnection.java:124)
	at comp.imp.plugins.TemperatureReader.lambda$new$0(TemperatureReader.java:69)
	at java.base/java.lang.Thread.run(Thread.java:834)
java.sql.SQLException: [SQLITE_CONSTRAINT]  Abort due to constraint violation (UNIQUE constraint failed: temperatures.id)
	at org.sqlite.core.DB.newSQLException(DB.java:890)
	at org.sqlite.core.DB.newSQLException(DB.java:901)
	at org.sqlite.core.DB.execute(DB.java:810)
	at org.sqlite.core.CoreStatement.exec(CoreStatement.java:74)
	at org.sqlite.jdbc3.JDBC3Statement.execute(JDBC3Statement.java:61)
	at comp.imp.plugins.AbstractDatabaseConnection._execute(AbstractDatabaseConnection.java:124)
	at comp.imp.plugins.TemperatureReader.lambda$new$0(TemperatureReader.java:69)
	at java.base/java.lang.Thread.run(Thread.java:834)
java.sql.SQLException: [SQLITE_CONSTRAINT]  Abort due to constraint violation (UNIQUE constraint failed: temperatures.id)
	at org.sqlite.core.DB.newSQLException(DB.java:890)
	at org.sqlite.core.DB.newSQLException(DB.java:901)
	at org.sqlite.core.DB.execute(DB.java:810)
	at org.sqlite.core.CoreStatement.exec(CoreStatement.java:74)
	at org.sqlite.jdbc3.JDBC3Statement.execute(JDBC3Statement.java:61)
	at comp.imp.plugins.AbstractDatabaseConnection._execute(AbstractDatabaseConnection.java:124)
	at comp.imp.plugins.TemperatureReader.lambda$new$0(TemperatureReader.java:69)
	at java.base/java.lang.Thread.run(Thread.java:834)
java.sql.SQLException: [SQLITE_CONSTRAINT]  Abort due to constraint violation (UNIQUE constraint failed: temperatures.id)
	at org.sqlite.core.DB.newSQLException(DB.java:890)
	at org.sqlite.core.DB.newSQLException(DB.java:901)
	at org.sqlite.core.DB.execute(DB.java:810)
	at org.sqlite.core.CoreStatement.exec(CoreStatement.java:74)
	at org.sqlite.jdbc3.JDBC3Statement.execute(JDBC3Statement.java:61)
	at comp.imp.plugins.AbstractDatabaseConnection._execute(AbstractDatabaseConnection.java:124)
	at comp.imp.plugins.TemperatureReader.lambda$new$0(TemperatureReader.java:69)
	at java.base/java.lang.Thread.run(Thread.java:834)
java.sql.SQLException: [SQLITE_CONSTRAINT]  Abort due to constraint violation (UNIQUE constraint failed: temperatures.id)
	at org.sqlite.core.DB.newSQLException(DB.java:890)
	at org.sqlite.core.DB.newSQLException(DB.java:901)
	at org.sqlite.core.DB.execute(DB.java:810)
	at org.sqlite.core.CoreStatement.exec(CoreStatement.java:74)
	at org.sqlite.jdbc3.JDBC3Statement.execute(JDBC3Statement.java:61)
	at comp.imp.plugins.AbstractDatabaseConnection._execute(AbstractDatabaseConnection.java:124)
	at comp.imp.plugins.TemperatureReader.lambda$new$0(TemperatureReader.java:69)
	at java.base/java.lang.Thread.run(Thread.java:834)
java.sql.SQLException: [SQLITE_CONSTRAINT]  Abort due to constraint violation (UNIQUE constraint failed: temperatures.id)
	at org.sqlite.core.DB.newSQLException(DB.java:890)
	at org.sqlite.core.DB.newSQLException(DB.java:901)
	at org.sqlite.core.DB.execute(DB.java:810)
	at org.sqlite.core.CoreStatement.exec(CoreStatement.java:74)
	at org.sqlite.jdbc3.JDBC3Statement.execute(JDBC3Statement.java:61)
	at comp.imp.plugins.AbstractDatabaseConnection._execute(AbstractDatabaseConnection.java:124)
	at comp.imp.plugins.TemperatureReader.lambda$new$0(TemperatureReader.java:69)
	at java.base/java.lang.Thread.run(Thread.java:834)
java.sql.SQLException: [SQLITE_CONSTRAINT]  Abort due to constraint violation (UNIQUE constraint failed: temperatures.id)
	at org.sqlite.core.DB.newSQLException(DB.java:890)
	at org.sqlite.core.DB.newSQLException(DB.java:901)
	at org.sqlite.core.DB.execute(DB.java:810)
	at org.sqlite.core.CoreStatement.exec(CoreStatement.java:74)
	at org.sqlite.jdbc3.JDBC3Statement.execute(JDBC3Statement.java:61)
	at comp.imp.plugins.AbstractDatabaseConnection._execute(AbstractDatabaseConnection.java:124)
	at comp.imp.plugins.TemperatureReader.lambda$new$0(TemperatureReader.java:69)
	at java.base/java.lang.Thread.run(Thread.java:834)
java.sql.SQLException: [SQLITE_CONSTRAINT]  Abort due to constraint violation (UNIQUE constraint failed: temperatures.id)
	at org.sqlite.core.DB.newSQLException(DB.java:890)
	at org.sqlite.core.DB.newSQLException(DB.java:901)
	at org.sqlite.core.DB.execute(DB.java:810)
	at org.sqlite.core.CoreStatement.exec(CoreStatement.java:74)
	at org.sqlite.jdbc3.JDBC3Statement.execute(JDBC3Statement.java:61)
	at comp.imp.plugins.AbstractDatabaseConnection._execute(AbstractDatabaseConnection.java:124)
	at comp.imp.plugins.TemperatureReader.lambda$new$0(TemperatureReader.java:69)
	at java.base/java.lang.Thread.run(Thread.java:834)
java.sql.SQLException: [SQLITE_CONSTRAINT]  Abort due to constraint violation (UNIQUE constraint failed: temperatures.id)
	at org.sqlite.core.DB.newSQLException(DB.java:890)
	at org.sqlite.core.DB.newSQLException(DB.java:901)
	at org.sqlite.core.DB.execute(DB.java:810)
	at org.sqlite.core.CoreStatement.exec(CoreStatement.java:74)
	at org.sqlite.jdbc3.JDBC3Statement.execute(JDBC3Statement.java:61)
	at comp.imp.plugins.AbstractDatabaseConnection._execute(AbstractDatabaseConnection.java:124)
	at comp.imp.plugins.TemperatureReader.lambda$new$0(TemperatureReader.java:69)
	at java.base/java.lang.Thread.run(Thread.java:834)
java.sql.SQLException: [SQLITE_CONSTRAINT]  Abort due to constraint violation (UNIQUE constraint failed: temperatures.id)
	at org.sqlite.core.DB.newSQLException(DB.java:890)
	at org.sqlite.core.DB.newSQLException(DB.java:901)
	at org.sqlite.core.DB.execute(DB.java:810)
	at org.sqlite.core.CoreStatement.exec(CoreStatement.java:74)
	at org.sqlite.jdbc3.JDBC3Statement.execute(JDBC3Statement.java:61)
	at comp.imp.plugins.AbstractDatabaseConnection._execute(AbstractDatabaseConnection.java:124)
	at comp.imp.plugins.TemperatureReader.lambda$new$0(TemperatureReader.java:69)
	at java.base/java.lang.Thread.run(Thread.java:834)
java.sql.SQLException: [SQLITE_CONSTRAINT]  Abort due to constraint violation (UNIQUE constraint failed: temperatures.id)
	at org.sqlite.core.DB.newSQLException(DB.java:890)
	at org.sqlite.core.DB.newSQLException(DB.java:901)
	at org.sqlite.core.DB.execute(DB.java:810)
	at org.sqlite.core.CoreStatement.exec(CoreStatement.java:74)
	at org.sqlite.jdbc3.JDBC3Statement.execute(JDBC3Statement.java:61)
	at comp.imp.plugins.AbstractDatabaseConnection._execute(AbstractDatabaseConnection.java:124)
	at comp.imp.plugins.TemperatureReader.lambda$new$0(TemperatureReader.java:69)
	at java.base/java.lang.Thread.run(Thread.java:834)
java.sql.SQLException: [SQLITE_CONSTRAINT]  Abort due to constraint violation (UNIQUE constraint failed: temperatures.id)
	at org.sqlite.core.DB.newSQLException(DB.java:890)
	at org.sqlite.core.DB.newSQLException(DB.java:901)
	at org.sqlite.core.DB.execute(DB.java:810)
	at org.sqlite.core.CoreStatement.exec(CoreStatement.java:74)
	at org.sqlite.jdbc3.JDBC3Statement.execute(JDBC3Statement.java:61)
	at comp.imp.plugins.AbstractDatabaseConnection._execute(AbstractDatabaseConnection.java:124)
	at comp.imp.plugins.TemperatureReader.lambda$new$0(TemperatureReader.java:69)
	at java.base/java.lang.Thread.run(Thread.java:834)
java.sql.SQLException: [SQLITE_CONSTRAINT]  Abort due to constraint violation (UNIQUE constraint failed: temperatures.id)
	at org.sqlite.core.DB.newSQLException(DB.java:890)
	at org.sqlite.core.DB.newSQLException(DB.java:901)
	at org.sqlite.core.DB.execute(DB.java:810)
	at org.sqlite.core.CoreStatement.exec(CoreStatement.java:74)
	at org.sqlite.jdbc3.JDBC3Statement.execute(JDBC3Statement.java:61)
	at comp.imp.plugins.AbstractDatabaseConnection._execute(AbstractDatabaseConnection.java:124)
	at comp.imp.plugins.TemperatureReader.lambda$new$0(TemperatureReader.java:69)
	at java.base/java.lang.Thread.run(Thread.java:834)
java.sql.SQLException: [SQLITE_CONSTRAINT]  Abort due to constraint violation (UNIQUE constraint failed: temperatures.id)
	at org.sqlite.core.DB.newSQLException(DB.java:890)
	at org.sqlite.core.DB.newSQLException(DB.java:901)
	at org.sqlite.core.DB.execute(DB.java:810)
	at org.sqlite.core.CoreStatement.exec(CoreStatement.java:74)
	at org.sqlite.jdbc3.JDBC3Statement.execute(JDBC3Statement.java:61)
	at comp.imp.plugins.AbstractDatabaseConnection._execute(AbstractDatabaseConnection.java:124)
	at comp.imp.plugins.TemperatureReader.lambda$new$0(TemperatureReader.java:69)
	at java.base/java.lang.Thread.run(Thread.java:834)
java.sql.SQLException: [SQLITE_CONSTRAINT]  Abort due to constraint violation (UNIQUE constraint failed: temperatures.id)
	at org.sqlite.core.DB.newSQLException(DB.java:890)
	at org.sqlite.core.DB.newSQLException(DB.java:901)
	at org.sqlite.core.DB.execute(DB.java:810)
	at org.sqlite.core.CoreStatement.exec(CoreStatement.java:74)
	at org.sqlite.jdbc3.JDBC3Statement.execute(JDBC3Statement.java:61)
	at comp.imp.plugins.AbstractDatabaseConnection._execute(AbstractDatabaseConnection.java:124)
	at comp.imp.plugins.TemperatureReader.lambda$new$0(TemperatureReader.java:69)
	at java.base/java.lang.Thread.run(Thread.java:834)
java.sql.SQLException: [SQLITE_CONSTRAINT]  Abort due to constraint violation (UNIQUE constraint failed: temperatures.id)
	at org.sqlite.core.DB.newSQLException(DB.java:890)
	at org.sqlite.core.DB.newSQLException(DB.java:901)
	at org.sqlite.core.DB.execute(DB.java:810)
	at org.sqlite.core.CoreStatement.exec(CoreStatement.java:74)
	at org.sqlite.jdbc3.JDBC3Statement.execute(JDBC3Statement.java:61)
	at comp.imp.plugins.AbstractDatabaseConnection._execute(AbstractDatabaseConnection.java:124)
	at comp.imp.plugins.TemperatureReader.lambda$new$0(TemperatureReader.java:69)
	at java.base/java.lang.Thread.run(Thread.java:834)
java.sql.SQLException: [SQLITE_CONSTRAINT]  Abort due to constraint violation (UNIQUE constraint failed: temperatures.id)
	at org.sqlite.core.DB.newSQLException(DB.java:890)
	at org.sqlite.core.DB.newSQLException(DB.java:901)
	at org.sqlite.core.DB.execute(DB.java:810)
	at org.sqlite.core.CoreStatement.exec(CoreStatement.java:74)
	at org.sqlite.jdbc3.JDBC3Statement.execute(JDBC3Statement.java:61)
	at comp.imp.plugins.AbstractDatabaseConnection._execute(AbstractDatabaseConnection.java:124)
	at comp.imp.plugins.TemperatureReader.lambda$new$0(TemperatureReader.java:69)
	at java.base/java.lang.Thread.run(Thread.java:834)
java.sql.SQLException: [SQLITE_CONSTRAINT]  Abort due to constraint violation (UNIQUE constraint failed: temperatures.id)
	at org.sqlite.core.DB.newSQLException(DB.java:890)
	at org.sqlite.core.DB.newSQLException(DB.java:901)
	at org.sqlite.core.DB.execute(DB.java:810)
	at org.sqlite.core.CoreStatement.exec(CoreStatement.java:74)
	at org.sqlite.jdbc3.JDBC3Statement.execute(JDBC3Statement.java:61)
	at comp.imp.plugins.AbstractDatabaseConnection._execute(AbstractDatabaseConnection.java:124)
	at comp.imp.plugins.TemperatureReader.lambda$new$0(TemperatureReader.java:69)
	at java.base/java.lang.Thread.run(Thread.java:834)
]]></system-err>
</testsuite>
