<?xml version="1.0" encoding="UTF-8"?>
<testsuite name="BIF.SWE1.unittests.UEB5Test" tests="13" skipped="0" failures="0" errors="0" timestamp="2020-01-08T12:23:01" hostname="DESKTOP-6UFJ24U" time="0.43">
  <properties/>
  <testcase name="milestone2_return_error_on_invalid_url" classname="BIF.SWE1.unittests.UEB5Test" time="0.04"/>
  <testcase name="pluginmanager_should_add_plugin" classname="BIF.SWE1.unittests.UEB5Test" time="0.044"/>
  <testcase name="staticfileplugin_hello_world" classname="BIF.SWE1.unittests.UEB5Test" time="0.001"/>
  <testcase name="pluginmanager_return_all_plugins" classname="BIF.SWE1.unittests.UEB5Test" time="0.053"/>
  <testcase name="pluginmanager_should_fail_adding_plugin_not_implementing_plugin" classname="BIF.SWE1.unittests.UEB5Test" time="0.036"/>
  <testcase name="staticfileplugin_fail_on_missing_file" classname="BIF.SWE1.unittests.UEB5Test" time="0.001"/>
  <testcase name="pluginmanager_contains_plugin_for_start_page" classname="BIF.SWE1.unittests.UEB5Test" time="0.086"/>
  <testcase name="pluginmanager_all_plugins_have_unique_type" classname="BIF.SWE1.unittests.UEB5Test" time="0.056"/>
  <testcase name="HelloWorld" classname="BIF.SWE1.unittests.UEB5Test" time="0.0"/>
  <testcase name="pluginmanager_should_fail_adding_non_existing_plugin" classname="BIF.SWE1.unittests.UEB5Test" time="0.043"/>
  <testcase name="staticfileplugin_return_file_content" classname="BIF.SWE1.unittests.UEB5Test" time="0.001"/>
  <testcase name="staticfileplugin_return_file" classname="BIF.SWE1.unittests.UEB5Test" time="0.001"/>
  <testcase name="milestone2_return_main_page" classname="BIF.SWE1.unittests.UEB5Test" time="0.066"/>
  <system-out><![CDATA[
temperatures
| id || value || created |
| 1 || 23.43 || 2020-01-08 12:23:01 |
| 2 || 23.43 || 2020-01-08 12:23:01 |
| 3 || 23.43 || 2020-01-08 12:23:01 |
| 4 || 23.43 || 2020-01-08 12:23:01 |
| 5 || 23.43 || 2020-01-08 12:23:01 |File: i_am_a_unknown_url.html
File /i_am_a_unknown_url.html not found
File /i_am_a_unknown_url.html of type text/html returned

temperatures
| id || value || created |
| 1 || 23.43 || 2020-01-08 12:23:01 |
| 2 || 23.43 || 2020-01-08 12:23:01 |
| 3 || 23.43 || 2020-01-08 12:23:01 |
| 4 || 23.43 || 2020-01-08 12:23:01 |
| 5 || 23.43 || 2020-01-08 12:23:01 |
temperatures
| id || value || created |
| 1 || 23.43 || 2020-01-08 12:23:01 |
| 2 || 23.43 || 2020-01-08 12:23:01 |
| 3 || 23.43 || 2020-01-08 12:23:01 |
| 4 || 23.43 || 2020-01-08 12:23:01 |
| 5 || 23.43 || 2020-01-08 12:23:01 |
temperatures
| id || value || created |
| 1 || 23.43 || 2020-01-08 12:23:01 |
| 2 || 23.43 || 2020-01-08 12:23:01 |
| 3 || 23.43 || 2020-01-08 12:23:01 |
| 4 || 23.43 || 2020-01-08 12:23:01 |
| 5 || 23.43 || 2020-01-08 12:23:01 |File: missing-foo-ed3f6ad0-2307-4b99-9178-fe30fce3ef54.txt
File tmp-static-files/missing-foo-ed3f6ad0-2307-4b99-9178-fe30fce3ef54.txt not found
File tmp-static-files/missing-foo-ed3f6ad0-2307-4b99-9178-fe30fce3ef54.txt of type text/plain returned

temperatures
| id || value || created |
| 1 || 23.43 || 2020-01-08 12:23:01 |
| 2 || 23.43 || 2020-01-08 12:23:01 |
| 3 || 23.43 || 2020-01-08 12:23:01 |
| 4 || 23.43 || 2020-01-08 12:23:01 |
| 5 || 23.43 || 2020-01-08 12:23:01 |File: .
File .\webroot/index.html of type text/html returned

temperatures
| id || value || created |
| 1 || 23.43 || 2020-01-08 12:23:01 |
| 2 || 23.43 || 2020-01-08 12:23:01 |
| 3 || 23.43 || 2020-01-08 12:23:01 |
| 4 || 23.43 || 2020-01-08 12:23:01 |
| 5 || 23.43 || 2020-01-08 12:23:01 |
temperatures
| id || value || created |
| 1 || 23.43 || 2020-01-08 12:23:01 |
| 2 || 23.43 || 2020-01-08 12:23:01 |
| 3 || 23.43 || 2020-01-08 12:23:01 |
| 4 || 23.43 || 2020-01-08 12:23:01 |
| 5 || 23.43 || 2020-01-08 12:23:01 |File: foo-8c6829cd-7d97-42dc-a076-22c4cf1fe091.txt
File tmp-static-files/foo-8c6829cd-7d97-42dc-a076-22c4cf1fe091.txt of type text/plain returned
File: foo-8956fe1b-7f09-43c8-a4fb-82aca2d05920.txt
File tmp-static-files/foo-8956fe1b-7f09-43c8-a4fb-82aca2d05920.txt of type text/plain returned

temperatures
| id || value || created |
| 1 || 23.43 || 2020-01-08 12:23:01 |
| 2 || 23.43 || 2020-01-08 12:23:01 |
| 3 || 23.43 || 2020-01-08 12:23:01 |
| 4 || 23.43 || 2020-01-08 12:23:01 |
| 5 || 23.43 || 2020-01-08 12:23:01 |File: .
File .\webroot/index.html of type text/html returned
]]></system-out>
  <system-err><![CDATA[java.sql.SQLException: [SQLITE_CONSTRAINT]  Abort due to constraint violation (UNIQUE constraint failed: temperatures.id)
	at org.sqlite.core.DB.newSQLException(DB.java:890)
	at org.sqlite.core.DB.newSQLException(DB.java:901)
	at org.sqlite.core.DB.execute(DB.java:810)
	at org.sqlite.core.CoreStatement.exec(CoreStatement.java:74)
	at org.sqlite.jdbc3.JDBC3Statement.execute(JDBC3Statement.java:61)
	at comp.imp.plugins.AbstractDatabaseConnection._execute(AbstractDatabaseConnection.java:119)
	at comp.imp.plugins.TemperatureReader.lambda$new$0(TemperatureReader.java:52)
	at java.base/java.lang.Thread.run(Thread.java:834)
java.sql.SQLException: [SQLITE_CONSTRAINT]  Abort due to constraint violation (UNIQUE constraint failed: temperatures.id)
	at org.sqlite.core.DB.newSQLException(DB.java:890)
	at org.sqlite.core.DB.newSQLException(DB.java:901)
	at org.sqlite.core.DB.execute(DB.java:810)
	at org.sqlite.core.CoreStatement.exec(CoreStatement.java:74)
	at org.sqlite.jdbc3.JDBC3Statement.execute(JDBC3Statement.java:61)
	at comp.imp.plugins.AbstractDatabaseConnection._execute(AbstractDatabaseConnection.java:119)
	at comp.imp.plugins.TemperatureReader.lambda$new$0(TemperatureReader.java:52)
	at java.base/java.lang.Thread.run(Thread.java:834)
java.sql.SQLException: [SQLITE_CONSTRAINT]  Abort due to constraint violation (UNIQUE constraint failed: temperatures.id)
	at org.sqlite.core.DB.newSQLException(DB.java:890)
	at org.sqlite.core.DB.newSQLException(DB.java:901)
	at org.sqlite.core.DB.execute(DB.java:810)
	at org.sqlite.core.CoreStatement.exec(CoreStatement.java:74)
	at org.sqlite.jdbc3.JDBC3Statement.execute(JDBC3Statement.java:61)
	at comp.imp.plugins.AbstractDatabaseConnection._execute(AbstractDatabaseConnection.java:119)
	at comp.imp.plugins.TemperatureReader.lambda$new$0(TemperatureReader.java:52)
	at java.base/java.lang.Thread.run(Thread.java:834)
java.sql.SQLException: [SQLITE_CONSTRAINT]  Abort due to constraint violation (UNIQUE constraint failed: temperatures.id)
	at org.sqlite.core.DB.newSQLException(DB.java:890)
	at org.sqlite.core.DB.newSQLException(DB.java:901)
	at org.sqlite.core.DB.execute(DB.java:810)
	at org.sqlite.core.CoreStatement.exec(CoreStatement.java:74)
	at org.sqlite.jdbc3.JDBC3Statement.execute(JDBC3Statement.java:61)
	at comp.imp.plugins.AbstractDatabaseConnection._execute(AbstractDatabaseConnection.java:119)
	at comp.imp.plugins.TemperatureReader.lambda$new$0(TemperatureReader.java:52)
	at java.base/java.lang.Thread.run(Thread.java:834)
java.sql.SQLException: [SQLITE_CONSTRAINT]  Abort due to constraint violation (UNIQUE constraint failed: temperatures.id)
	at org.sqlite.core.DB.newSQLException(DB.java:890)
	at org.sqlite.core.DB.newSQLException(DB.java:901)
	at org.sqlite.core.DB.execute(DB.java:810)
	at org.sqlite.core.CoreStatement.exec(CoreStatement.java:74)
	at org.sqlite.jdbc3.JDBC3Statement.execute(JDBC3Statement.java:61)
	at comp.imp.plugins.AbstractDatabaseConnection._execute(AbstractDatabaseConnection.java:119)
	at comp.imp.plugins.TemperatureReader.lambda$new$0(TemperatureReader.java:52)
	at java.base/java.lang.Thread.run(Thread.java:834)
java.sql.SQLException: [SQLITE_CONSTRAINT]  Abort due to constraint violation (UNIQUE constraint failed: temperatures.id)
	at org.sqlite.core.DB.newSQLException(DB.java:890)
	at org.sqlite.core.DB.newSQLException(DB.java:901)
	at org.sqlite.core.DB.execute(DB.java:810)
	at org.sqlite.core.CoreStatement.exec(CoreStatement.java:74)
	at org.sqlite.jdbc3.JDBC3Statement.execute(JDBC3Statement.java:61)
	at comp.imp.plugins.AbstractDatabaseConnection._execute(AbstractDatabaseConnection.java:119)
	at comp.imp.plugins.TemperatureReader.lambda$new$0(TemperatureReader.java:52)
	at java.base/java.lang.Thread.run(Thread.java:834)
java.sql.SQLException: [SQLITE_CONSTRAINT]  Abort due to constraint violation (UNIQUE constraint failed: temperatures.id)
	at org.sqlite.core.DB.newSQLException(DB.java:890)
	at org.sqlite.core.DB.newSQLException(DB.java:901)
	at org.sqlite.core.DB.execute(DB.java:810)
	at org.sqlite.core.CoreStatement.exec(CoreStatement.java:74)
	at org.sqlite.jdbc3.JDBC3Statement.execute(JDBC3Statement.java:61)
	at comp.imp.plugins.AbstractDatabaseConnection._execute(AbstractDatabaseConnection.java:119)
	at comp.imp.plugins.TemperatureReader.lambda$new$0(TemperatureReader.java:52)
	at java.base/java.lang.Thread.run(Thread.java:834)
java.sql.SQLException: [SQLITE_CONSTRAINT]  Abort due to constraint violation (UNIQUE constraint failed: temperatures.id)
	at org.sqlite.core.DB.newSQLException(DB.java:890)
	at org.sqlite.core.DB.newSQLException(DB.java:901)
	at org.sqlite.core.DB.execute(DB.java:810)
	at org.sqlite.core.CoreStatement.exec(CoreStatement.java:74)
	at org.sqlite.jdbc3.JDBC3Statement.execute(JDBC3Statement.java:61)
	at comp.imp.plugins.AbstractDatabaseConnection._execute(AbstractDatabaseConnection.java:119)
	at comp.imp.plugins.TemperatureReader.lambda$new$0(TemperatureReader.java:52)
	at java.base/java.lang.Thread.run(Thread.java:834)
java.sql.SQLException: [SQLITE_CONSTRAINT]  Abort due to constraint violation (UNIQUE constraint failed: temperatures.id)
	at org.sqlite.core.DB.newSQLException(DB.java:890)
	at org.sqlite.core.DB.newSQLException(DB.java:901)
	at org.sqlite.core.DB.execute(DB.java:810)
	at org.sqlite.core.CoreStatement.exec(CoreStatement.java:74)
	at org.sqlite.jdbc3.JDBC3Statement.execute(JDBC3Statement.java:61)
	at comp.imp.plugins.AbstractDatabaseConnection._execute(AbstractDatabaseConnection.java:119)
	at comp.imp.plugins.TemperatureReader.lambda$new$0(TemperatureReader.java:52)
	at java.base/java.lang.Thread.run(Thread.java:834)
java.sql.SQLException: [SQLITE_ERROR] SQL error or missing database (no such table: temperatures)
	at org.sqlite.core.DB.newSQLException(DB.java:890)
	at org.sqlite.core.DB.newSQLException(DB.java:901)
	at org.sqlite.core.DB.throwex(DB.java:868)
	at org.sqlite.core.NativeDB.prepare(Native Method)
	at org.sqlite.core.DB.prepare(DB.java:211)
	at org.sqlite.jdbc3.JDBC3Statement.execute(JDBC3Statement.java:60)
	at comp.imp.plugins.AbstractDatabaseConnection._execute(AbstractDatabaseConnection.java:119)
	at comp.imp.plugins.TemperatureReader.lambda$new$0(TemperatureReader.java:52)
	at java.base/java.lang.Thread.run(Thread.java:834)
]]></system-err>
</testsuite>
