<?xml version="1.0" encoding="UTF-8"?>
<testsuite name="BIF.SWE1.unittests.UEB4Test" tests="15" skipped="0" failures="0" errors="0" timestamp="2020-01-09T07:38:01" hostname="DESKTOP-6UFJ24U" time="0.327">
  <properties/>
  <testcase name="request_should_return_post_content_as_bytes" classname="BIF.SWE1.unittests.UEB4Test" time="0.001"/>
  <testcase name="pluginmanager_should_add_plugin" classname="BIF.SWE1.unittests.UEB4Test" time="0.058"/>
  <testcase name="response_should_send_byte_content" classname="BIF.SWE1.unittests.UEB4Test" time="0.001"/>
  <testcase name="request_should_handle_post" classname="BIF.SWE1.unittests.UEB4Test" time="0.0"/>
  <testcase name="response_should_send_stream_content" classname="BIF.SWE1.unittests.UEB4Test" time="0.001"/>
  <testcase name="request_should_parse_post_content_length" classname="BIF.SWE1.unittests.UEB4Test" time="0.0"/>
  <testcase name="pluginmanager_returns_plugins" classname="BIF.SWE1.unittests.UEB4Test" time="0.058"/>
  <testcase name="request_should_parse_post_content_type" classname="BIF.SWE1.unittests.UEB4Test" time="0.001"/>
  <testcase name="request_should_return_post_content_as_string" classname="BIF.SWE1.unittests.UEB4Test" time="0.0"/>
  <testcase name="pluginmanager_returns_1_plugin" classname="BIF.SWE1.unittests.UEB4Test" time="0.067"/>
  <testcase name="pluginmanager_should_clear_plugins" classname="BIF.SWE1.unittests.UEB4Test" time="0.055"/>
  <testcase name="request_should_return_post_content" classname="BIF.SWE1.unittests.UEB4Test" time="0.0"/>
  <testcase name="HelloWorld" classname="BIF.SWE1.unittests.UEB4Test" time="0.0"/>
  <testcase name="pluginmanager_hello_world" classname="BIF.SWE1.unittests.UEB4Test" time="0.049"/>
  <testcase name="pluginmanager_plugins_are_not_null" classname="BIF.SWE1.unittests.UEB4Test" time="0.035"/>
  <system-out><![CDATA[Temp table exists? : [{"count(*)":1}]

temperatures
| id || value || created |
| 1 || 23.43 || 2020-01-08 19:49:47 |
| 2 || 11.251 || 2020-01-08 19:49:47 |
| 3 || 32.1 || 2020-01-08 19:49:47 |
| 4 || -5.334 || 2020-01-08 19:49:47 |
| 5 || 14.8372 || 2020-01-08 19:49:47 |
| 6 || 16.0509 || 2014-01-01 03:10:54 |
| 7 || 90.0 || 2018-08-16 21:40:05 |
| 8 || 26.3475821511529 || 2014-12-22 16:33:45 |
| 9 || 5.41559776809304 || 2012-10-20 00:37:09 |
| 10 || 5.04667665037385 || 2013-01-13 17:02:23 |
| 11 || 29.5836009895362 || 2016-01-08 14:55:27 |
| 12 || -16.3326570734174 || 2019-04-14 17:23:28 |
| 13 || -20.8928809863844 || 2012-03-11 03:15:49 |
| 14 || 13.1140540305462 || 2010-03-08 13:34:33 |
| 15 || 2.95596509190209 || 2012-11-08 13:13:08 |
| 16 || 8.61435014814574 || 2014-02-21 05:09:54 |
| 17 || -23.1631532378121 || 2018-09-23 08:23:24 |
| 18 || -15.6092407479275 || 2017-09-07 07:08:13 |
| 19 || -3.02838508428494 || 2012-10-12 04:51:25 |
| 20 || 1.52915170541489 || 2014-09-15 03:24:16 |
| 21 || -5.48285984600599 || 2015-07-20 15:42:56 |
| 22 || 73.9404120972861 || 2012-06-15 07:59:17 |
| 23 || 74.0226593597323 || 2015-09-17 04:24:40 |
| 24 || 10.4708078946264 || 2018-10-25 04:36:10 |
| 25 || 0.826059605024549 || 2013-01-11 20:22:12 |
| 26 || 20.0319925112373 || 2016-09-14 13:07:09 |
| 27 || 11.6353093147127 || 2017-11-19 21:53:38 |
| 28 || -22.3795412375825 || 2018-09-14 09:11:35 |
| 29 || -9.01571481466325 || 2014-07-26 13:34:25 |
| 30 || -0.0322790573020066 || 2010-09-13 03:09:32 |
| 31 || 28.7659470573424 || 2017-12-01 21:49:31 |
| 32 || 80.2225386674248 || 2018-09-16 04:03:25 |
| 33 || 81.3892285555105 || 2010-01-04 11:16:16 |
| 34 || 31.2436311883607 || 2013-01-02 14:28:43 |
| 35 || 0.00218799742462504 || 2018-11-19 03:29:22 |
| 36 || -7.97312849344578 || 2011-06-12 12:13:31 |
| 37 || 57.4290040636494 || 2015-10-09 10:08:39 |
| 38 || 8.14185159420474 || 2018-03-20 18:32:47 |
| 39 || 1.39675954315455 || 2019-10-20 05:09:30 |
| 40 || -0.215391119409126 || 2010-02-06 12:50:10 |
| 41 || -7.4205400599628 || 2016-06-10 05:56:25 |
| 42 || -14.9975857982467 || 2013-05-04 14:55:23 |
| 43 || 35.1737892194543 || 2010-11-06 07:07:28 |
| 44 || 10.4412565207356 || 2016-10-27 04:50:30 |
| 45 || 1.43048273311141 || 2019-06-19 03:57:54 |
| 46 || 2.44614844075834 || 2016-01-14 16:53:23 |
| 47 || 41.3354347897741 || 2016-07-14 03:54:39 |
| 48 || -23.0697809854784 || 2014-06-06 08:58:44 |
| 49 || -12.0957689273772 || 2010-01-01 15:01:25 |
| 50 || -1.23655492649088 || 2017-09-27 03:10:34 |
| 51 || -0.427813301539598 || 2016-05-11 20:57:04 |
| 52 || -13.171679825645 || 2017-02-23 09:36:39 |
| 53 || -3.16496950782612 || 2015-07-06 12:53:22 |
| 54 || 4.74612256867315 || 2011-11-27 21:57:03 |
| 55 || 2.04946121048178 || 2014-11-06 05:40:45 |
| 56 || 9.42380689339158 || 2010-09-12 04:30:06 |
| 57 || 60.7666743919545 || 2018-01-12 06:39:14 |
| 58 || 68.2851219256246 || 2016-06-13 13:57:17 |
| 59 || 54.716720962571 || 2012-04-01 10:10:31 |
| 60 || -0.710255298217403 || 2018-06-06 15:37:54 |
| 61 || -1.95863947920474 || 2013-06-15 04:20:54 |
| 62 || -1.94861396767653 || 2019-06-02 02:34:24 |
| 63 || 77.2969324337471 || 2012-12-06 18:51:24 |
| 64 || -11.5969625499873 || 2013-08-02 23:08:46 |
| 65 || 9.78666421192362 || 2011-11-17 03:45:58 |
| 66 || -0.162058499684968 || 2014-08-23 22:37:18 |
| 67 || 38.6824216166835 || 2011-06-07 12:31:05 |
| 68 || 11.6987232494005 || 2017-12-08 12:17:20 |
| 69 || 57.3705633094057 || 2014-01-27 18:24:05 |
| 70 || 12.1694202216849 || 2019-01-15 07:10:59 |
| 71 || 1.97661894431714 || 2017-01-07 21:11:11 |
| 72 || -14.9627845744961 || 2011-11-21 08:29:58 |
| 73 || -1.66995514263304 || 2010-11-21 12:33:46 |
| 74 || 67.6762921561769 || 2019-01-20 19:29:39 |
| 75 || -1.01703082684277 || 2012-05-23 16:42:01 |
| 76 || 0.612393817304894 || 2010-11-20 08:01:31 |
| 77 || 26.3816933325459 || 2017-01-05 08:45:36 |
| 78 || -24.470562577644 || 2013-03-25 03:07:30 |
| 79 || 77.0860710125406 || 2013-11-05 03:01:44 |
| 80 || 23.3727924326258 || 2010-07-04 05:18:52 |
| 81 || -0.0579591349156031 || 2017-04-05 14:58:27 |
| 82 || 7.11272560582901 || 2016-05-05 10:41:08 |
| 83 || 77.0867711868875 || 2011-11-14 07:48:34 |
| 84 || 73.3593058462233 || 2013-07-23 08:26:39 |
| 85 || -4.51740147722733 || 2010-05-13 21:55:20 |
| 86 || 0.0150838923601377 || 2017-05-06 15:05:39 |
| 87 || 15.9354785752851 || 2013-12-16 17:16:41 |
| 88 || 73.0529640210646 || 2014-04-14 14:05:06 |
| 89 || 41.511129053538 || 2014-12-09 04:47:55 |
| 90 || 10.6002850731298 || 2012-03-15 02:02:21 |
| 91 || 0.365123677677897 || 2012-01-04 07:52:14 |
| 92 || 17.4037215891557 || 2010-02-05 06:28:04 |
| 93 || -24.4090952013623 || 2012-11-14 12:20:13 |
| 94 || -28.4911053960165 || 2010-02-25 03:04:12 |
| 95 || 38.5141699564055 || 2014-03-05 20:46:11 |
| 96 || 0.359696975869354 || 2010-07-26 05:38:18 |
| 97 || 16.5433887765138 || 2011-05-25 20:09:11 |
| 98 || 71.2833979521131 || 2014-03-12 10:14:25 |
| 99 || 56.9769926850222 || 2013-12-06 07:21:34 |
| 100 || -4.66796273198898 || 2017-10-25 01:47:19 |
| 101 || 3.16386805771283 || 2017-03-11 18:52:44 |
| 102 || 15.0395548955183 || 2016-06-10 23:09:04 |
| 103 || 31.5893164432262 || 2013-09-11 16:31:25 |
| 104 || 82.8408127669622 || 2016-06-20 20:46:30 |
| 105 || 52.6151152698744 || 2014-11-17 02:07:46 |
| 106 || 0.383562064803415 || 2013-06-15 10:54:04 |
| 107 || 1.28064851748394 || 2011-12-08 16:49:13 |
| 108 || 19.8836085503022 || 2014-03-17 06:53:36 |
| 109 || 10.2893054954041 || 2019-04-27 06:44:38 |
| 110 || 55.0330857324637 || 2017-12-24 09:11:03 |
| 111 || 8.45561019250228 || 2015-11-21 08:19:58 |
| 112 || -0.809991268609812 || 2019-11-04 03:22:57 |
| 113 || 16.9591483479759 || 2019-11-02 14:33:20 |
| 114 || 69.6959680162617 || 2014-02-01 20:41:02 |
| 115 || -20.5714927574677 || 2019-04-06 22:13:53 |
| 116 || 6.61597290212506 || 2017-09-27 21:40:52 |
| 117 || -0.928328504817113 || 2012-07-23 00:53:05 |
| 118 || 28.4995830799754 || 2018-01-03 08:55:47 |
| 119 || -22.0689154265669 || 2014-10-05 23:21:11 |
| 120 || -6.77662373828449 || 2010-03-22 17:08:47 |
| 121 || -3.8628140899322 || 2019-05-14 04:18:40 |
| 122 || 2.12630307045677 || 2013-06-24 06:43:08 |
| 123 || -0.0918429421248577 || 2017-05-01 23:10:11 |
| 124 || -29.2119009639649 || 2012-06-02 02:39:07 |
| 125 || 29.3476697142508 || 2016-04-15 10:52:45 |
| 126 || 0.940784495694757 || 2019-06-11 08:04:19 |
| 127 || 0.853693745481105 || 2010-03-15 17:08:26 |
| 128 || 23.8525710931514 || 2016-10-23 01:19:17 |
| 129 || 85.7364300038848 || 2012-04-23 16:21:51 |
| 130 || 58.2375853884649 || 2012-06-13 05:04:16 |
| 131 || 22.3301343249684 || 2015-11-12 02:44:42 |
| 132 || 0.30795005718798 || 2014-11-02 09:08:17 |
| 133 || 22.5834562632262 || 2011-12-19 09:27:51 |
| 134 || 30.8134300380624 || 2014-04-11 13:58:48 |
| 135 || 66.413310304508 || 2014-08-26 11:45:49 |
| 136 || -7.36512107811327 || 2011-10-09 08:55:48 |
| 137 || 6.827532250014e-05 || 2015-10-08 21:33:15 |
| 138 || -9.22744361962866 || 2011-02-04 14:11:43 |
| 139 || 71.357928965685 || 2016-06-11 13:30:51 |
| 140 || 78.025730388081 || 2016-10-08 08:56:46 |
| 141 || 34.4429570600116 || 2012-11-21 21:31:22 |
| 142 || 0.305907637752122 || 2016-11-02 03:56:50 |
| 143 || 7.34135577520603 || 2017-04-11 10:49:48 |
| 144 || 22.8497954740137 || 2018-07-07 14:30:47 |
| 145 || 85.5109500354974 || 2014-04-12 12:53:43 |
| 146 || -12.393087249732 || 2017-09-13 13:05:27 |
| 147 || -0.346681573999582 || 2010-05-24 19:19:23 |
| 148 || 6.83596325711021 || 2015-05-15 08:02:00 |
| 149 || -23.9381570547783 || 2017-10-21 13:10:57 |
| 150 || -17.887651998911 || 2017-06-01 12:39:01 |
| 151 || 34.004617649876 || 2010-04-15 05:02:02 |
| 152 || 1.55093420652041 || 2016-11-19 00:56:55 |
| 153 || 15.5817762124891 || 2019-01-02 04:31:31 |
| 154 || 56.5525990191926 || 2010-02-17 15:08:56 |
| 155 || 44.2102499076024 || 2012-03-26 00:00:25 |
| 156 || 50.7309427508135 || 2019-12-27 11:22:25 |
| 157 || 2.92723721039379 || 2010-09-18 21:13:26 |
| 158 || -2.60868454380066 || 2018-05-17 21:21:32 |
| 159 || -20.6515911065438 || 2019-10-27 22:52:13 |
| 160 || 23.43 || 2020-01-08 19:52:34 |
| 161 || 11.251 || 2020-01-08 19:52:34 |
| 162 || 32.1 || 2020-01-08 19:52:34 |
| 163 || -5.334 || 2020-01-08 19:52:34 |
| 164 || 14.8372 || 2020-01-08 19:52:34 |
| 165 || 16.0509 || 2014-01-01 03:10:54 |
| 166 || 90.0 || 2019-09-08 16:55:19 |
| 167 || -11.6086689069355 || 2014-04-09 23:53:35 |
| 168 || 9.86954810283145 || 2010-01-07 05:25:15 |
| 169 || -1.77471211215742 || 2015-07-01 05:18:41 |
| 170 || 39.982605258182 || 2018-10-16 18:06:56 |
| 171 || -11.8328587567298 || 2017-01-02 01:06:04 |
| 172 || -13.1466237242471 || 2015-05-05 09:31:19 |
| 173 || 8.59695189651067 || 2011-10-16 10:07:07 |
| 174 || -1.19397179333372 || 2013-02-02 01:02:19 |
| 175 || 42.3574551452579 || 2015-05-21 01:01:15 |
| 176 || 50.1675691410411 || 2018-05-20 17:11:21 |
| 177 || 68.9225279028387 || 2019-02-20 12:55:45 |
| 178 || 1.0083513010678 || 2015-04-11 08:35:48 |
| 179 || 0.364311918266225 || 2011-08-03 06:07:12 |
| 180 || 31.06444977514 || 2013-04-01 20:03:02 |
| 181 || 57.7852811302508 || 2011-01-15 16:48:55 |
| 182 || 71.3169967048488 || 2010-12-17 15:30:11 |
| 183 || 0.974303308050872 || 2015-07-05 02:24:07 |
| 184 || 0.269051996174643 || 2014-10-17 06:14:50 |
| 185 || 12.5105636329252 || 2018-06-02 03:36:07 |
| 186 || 51.883942870714 || 2019-10-01 10:03:41 |
| 187 || -21.0044173056309 || 2019-10-23 20:35:17 |
| 188 || 8.37879236264292 || 2012-01-23 17:52:04 |
| 189 || 0.0897087944134358 || 2014-05-07 13:15:21 |
| 190 || 0.0162337264943223 || 2017-08-18 17:39:02 |
| 191 || 14.8557544106505 || 2011-03-19 19:54:01 |
| 192 || 14.815820691842 || 2018-05-15 21:11:21 |
| 193 || 30.6590811046154 || 2017-06-12 05:10:51 |
| 194 || 0.0190142044063192 || 2013-11-16 09:37:37 |
| 195 || 10.037099183599 || 2015-07-13 12:14:30 |
| 196 || -13.6354650305788 || 2015-09-07 05:49:18 |
| 197 || 60.8241392885743 || 2019-09-16 20:34:43 |
| 198 || 24.2130505860347 || 2010-05-13 18:15:54 |
| 199 || 0.563539470900761 || 2016-12-14 22:21:45 |
| 200 || -7.22060558965597 || 2011-05-09 21:52:07 |
| 201 || 34.1265581091396 || 2014-09-09 03:36:32 |
| 202 || -20.2978725704966 || 2014-08-10 15:21:17 |
| 203 || -14.0854618863091 || 2019-07-13 21:36:28 |
| 204 || 0.171211248563485 || 2012-12-04 21:01:34 |
| 205 || 2.3492752327613 || 2011-12-27 00:33:13 |
| 206 || -4.96260072654502 || 2011-02-24 05:50:15 |
| 207 || -27.7729869616414 || 2013-01-03 12:08:30 |
| 208 || -1.45726291234126 || 2014-07-14 06:51:27 |
| 209 || 2.28319817041134 || 2011-02-06 01:38:11 |
| 210 || -4.09923760187469 || 2012-02-22 15:20:48 |
| 211 || -2.91098432617839 || 2018-03-09 00:19:52 |
| 212 || 60.0448324402565 || 2014-05-16 08:32:15 |
| 213 || 39.6648664559312 || 2010-11-04 20:09:18 |
| 214 || 6.167249522456 || 2014-07-07 03:40:39 |
| 215 || 1.83604851075998 || 2011-10-12 04:14:36 |
| 216 || 41.6418314184948 || 2018-04-20 03:52:16 |
| 217 || 5.28356733363865 || 2014-07-26 03:48:40 |
| 218 || 45.1951554632809 || 2010-04-05 22:20:55 |
| 219 || 8.98163555296408 || 2011-01-03 04:26:19 |
| 220 || 6.94340857407959 || 2015-09-24 00:13:39 |
| 221 || -18.5678418670397 || 2018-04-05 13:57:21 |
| 222 || 81.0736735050903 || 2017-12-07 06:42:49 |
| 223 || 7.84311535121185 || 2017-07-23 19:29:23 |
| 224 || -1.79269373919911 || 2018-12-08 18:59:44 |
| 225 || -0.673801267506161 || 2013-08-23 23:48:57 |
| 226 || 43.6156926153903 || 2016-05-22 17:26:37 |
| 227 || 72.6290303312679 || 2017-11-17 19:08:20 |
| 228 || 21.4517906881025 || 2010-02-01 23:45:07 |
| 229 || 3.77648876537831 || 2016-05-19 08:49:30 |
| 230 || -0.350095194203613 || 2010-03-12 15:03:50 |
| 231 || -13.565337664074 || 2019-04-07 01:05:23 |
| 232 || 27.6035829278251 || 2014-02-27 10:25:35 |
| 233 || -23.5214356055009 || 2015-04-14 16:10:29 |
| 234 || 18.6247554728743 || 2014-06-02 15:55:44 |
| 235 || -0.319394340825914 || 2013-05-18 10:54:24 |
| 236 || 20.7190755926195 || 2017-07-24 18:46:51 |
| 237 || 21.3974165976664 || 2017-10-13 12:05:47 |
| 238 || 11.6269719298456 || 2019-05-20 15:10:25 |
| 239 || 23.7904789672257 || 2013-12-22 07:13:11 |
| 240 || -0.065952421727497 || 2011-09-19 03:18:20 |
| 241 || 11.6996152114141 || 2010-08-25 17:40:58 |
| 242 || -0.277200961345157 || 2016-11-18 02:56:38 |
| 243 || 42.4146959392802 || 2018-10-08 00:55:14 |
| 244 || 30.8843057038411 || 2010-02-27 12:44:08 |
| 245 || -0.00481345911924978 || 2018-12-17 12:57:59 |
| 246 || -9.6518354001294 || 2017-09-14 10:39:56 |
| 247 || -16.9214922664902 || 2017-09-15 07:04:30 |
| 248 || 67.2810712581887 || 2018-10-13 02:51:45 |
| 249 || 11.688694358736 || 2019-05-18 05:11:28 |
| 250 || 0.44248377105093 || 2016-10-25 15:26:00 |
| 251 || 21.0825570502646 || 2019-08-10 00:24:12 |
| 252 || -25.1909013539935 || 2012-05-26 03:50:09 |
| 253 || 13.2052421169843 || 2012-05-14 12:56:06 |
| 254 || -13.446944788942 || 2017-05-01 21:48:59 |
| 255 || 1.57287868681389 || 2018-07-06 06:57:49 |
| 256 || 0.0673195920452809 || 2011-07-09 13:18:00 |
| 257 || -2.62885562584888 || 2015-06-04 17:11:11 |
| 258 || -28.8066367467784 || 2018-04-05 14:56:39 |
| 259 || 39.222734693115 || 2012-12-27 22:15:32 |
| 260 || 3.2962620041413 || 2011-08-08 05:16:47 |
| 261 || 15.0565669415347 || 2012-05-03 01:48:01 |
| 262 || 33.0886691855053 || 2011-12-07 02:51:13 |
| 263 || -29.7576586902883 || 2019-06-01 11:45:23 |
| 264 || 32.6516951046802 || 2013-03-03 18:38:01 |
| 265 || 3.87478738847651 || 2019-05-18 22:52:50 |
| 266 || 10.0985696307519 || 2016-05-11 00:50:56 |
| 267 || 61.7108342554366 || 2012-10-18 22:10:31 |
| 268 || -4.63282244585354 || 2018-01-14 12:47:03 |
| 269 || 21.9871598511395 || 2018-04-26 19:45:17 |
| 270 || 8.25030252832509 || 2018-03-02 01:04:46 |
| 271 || 3.39888682047455 || 2011-10-18 00:04:23 |
| 272 || 45.050297292039 || 2011-01-12 01:50:45 |
| 273 || 83.802966468752 || 2011-03-27 18:45:07 |
| 274 || 0.378244661219729 || 2016-02-24 13:29:35 |
| 275 || -1.68731754270646 || 2018-04-02 17:05:52 |
| 276 || 3.13180930769059 || 2016-08-18 10:57:24 |
| 277 || 51.2505251413836 || 2019-06-09 01:03:45 |
| 278 || 20.0851532701741 || 2013-11-16 19:15:46 |
| 279 || 27.4524371827903 || 2012-04-09 20:23:52 |
| 280 || 1.07296652972812 || 2013-09-17 15:39:04 |
| 281 || 0.714121911903098 || 2018-04-20 01:44:12 |
| 282 || 43.7675081937389 || 2015-05-20 18:41:19 |
| 283 || 82.5387576680631 || 2013-03-04 13:15:20 |
| 284 || 72.41524154765 || 2012-01-16 13:05:18 |
| 285 || -5.49987054265413 || 2016-11-10 05:51:39 |
| 286 || 0.347028195748966 || 2016-03-06 14:00:56 |
| 287 || 24.9378432292597 || 2014-02-26 11:43:31 |
| 288 || 34.337867819687 || 2017-09-07 08:27:04 |
| 289 || -21.2432462760496 || 2016-03-20 01:23:09 |
| 290 || -3.86784183408242 || 2015-03-19 01:00:41 |
| 291 || 0.272675343408622 || 2018-02-01 12:08:23 |
| 292 || -4.66084964622502 || 2013-07-25 21:11:35 |
| 293 || -5.38927997160125 || 2014-07-07 09:48:36 |
| 294 || 4.215141622681 || 2016-10-09 05:58:01 |
| 295 || -6.77881271806722 || 2019-06-11 06:43:06 |
| 296 || 0.000216061479161576 || 2018-06-08 16:34:28 |
| 297 || 29.8370111951823 || 2015-06-11 21:22:05 |
| 298 || 10.0307885647352 || 2015-03-10 18:54:57 |
| 299 || -9.78947125580375 || 2019-03-21 09:36:56 |
| 300 || 3.31593266054482 || 2010-02-11 16:52:50 |
| 301 || -0.113814520941328 || 2012-08-18 04:16:38 |
| 302 || 13.9470225935885 || 2014-07-10 04:22:52 |
| 303 || 19.3804682426774 || 2011-04-16 01:31:50 |
| 304 || 81.7679577505411 || 2015-03-07 16:33:02 |
| 305 || -10.0942665041946 || 2014-05-12 11:54:27 |
| 306 || 1.34650756963804 || 2011-12-22 12:17:49 |
| 307 || 7.54915523520484 || 2015-08-14 14:14:02 |
| 308 || 68.1387798556456 || 2018-02-27 10:20:01 |
| 309 || 62.7159972260054 || 2017-11-11 04:25:48 |
| 310 || -4.87138734600513 || 2014-10-07 14:53:42 |
| 311 || -0.226937756125151 || 2010-01-10 03:26:39 |
| 312 || 8.74826701922113 || 2012-10-13 02:27:22 |
| 313 || -7.75821310224913 || 2013-09-26 22:46:27 |
| 314 || 88.9984091542135 || 2015-02-19 21:50:55 |
| 315 || 46.4299302353173 || 2013-07-04 01:47:41 |
| 316 || -0.845115541427234 || 2016-03-15 19:39:12 |
| 317 || 0.822137565128209 || 2019-04-13 19:47:48 |
| 318 || -15.194920358209 || 2016-01-05 13:55:30 |
| 319 || 13.0962326194261 || 2017-06-22 12:11:52 |
| 320 || 5.67226902758628 || 2012-05-14 11:12:50 |
| 321 || -1.78213851326924 || 2015-11-18 07:26:46 |
| 322 || -2.01481163956336 || 2014-04-18 08:42:42 |
| 323 || 20.8488161168992 || 2017-03-02 17:53:14 |
| 324 || 86.6525870019484 || 2017-04-10 18:16:46 |
| 325 || 31.508957824287 || 2011-05-13 20:49:00 |
| 326 || -3.45678795857635 || 2016-11-16 15:25:30 |
| 327 || -1.02257556526625 || 2012-01-05 16:23:58 |
| 328 || 10.4537928021636 || 2019-11-27 23:41:32 |
| 329 || -26.7302983572115 || 2016-04-12 12:06:07 |
| 330 || 0.556207916517987 || 2017-10-15 22:06:14 |
| 331 || -4.98715786481535 || 2016-04-01 05:11:10 |
| 332 || 2.12764648707518 || 2015-06-11 04:44:46 |
| 333 || 40.221783105551 || 2010-08-01 03:17:54 |
| 334 || 18.4218119060881 || 2010-07-22 14:10:07 |
| 335 || 46.8805100973752 || 2019-03-17 00:59:19 |
| 336 || -1.81655937656004 || 2018-01-04 08:59:18 |
| 337 || -0.3372192234226 || 2013-07-14 20:01:16 |
| 338 || 20.5229573927065 || 2010-06-16 10:18:53 |
| 339 || 30.7789850140519 || 2015-12-18 10:07:05 |
| 340 || -6.51647042416632 || 2019-01-23 04:49:12 |
| 341 || 8.95006660796696 || 2012-11-23 16:50:18 |
| 342 || 0.421174105744166 || 2011-03-15 08:22:19 |
| 343 || 35.0206719896324 || 2012-04-08 01:13:51 |
| 344 || 46.9512696732201 || 2016-09-11 13:11:02 |
| 345 || 51.5019016612064 || 2013-12-22 09:13:01 |
| 346 || 3.11745495161803 || 2013-07-01 18:12:09 |
| 347 || 0.000798587187576868 || 2014-01-21 03:56:03 |
| 348 || 30.7518279672867 || 2011-12-10 01:46:27 |
| 349 || 14.6199011731191 || 2015-03-15 02:59:09 |
| 350 || 77.1318534826616 || 2016-06-25 13:10:52 |
| 351 || -9.25354619889303 || 2011-07-22 02:53:35 |
| 352 || -0.0504138799565431 || 2012-02-10 00:44:55 |
| 353 || -8.44435003302306 || 2015-06-12 08:55:27 |
| 354 || 75.5753338385161 || 2014-12-23 03:18:41 |
| 355 || -27.9501577385206 || 2013-12-08 21:06:57 |
| 356 || 39.3524919942996 || 2015-08-03 22:18:57 |
| 357 || -0.367342923522685 || 2014-12-14 03:35:59 |
| 358 || 17.2657067530598 || 2018-05-17 08:11:21 |
| 359 || 31.1615698438296 || 2011-06-09 19:11:43 |
| 360 || 74.8039478396915 || 2013-12-22 04:43:15 |
| 361 || 35.5454533709824 || 2013-02-06 09:59:21 |
| 362 || 1.12679986420118 || 2014-02-22 00:37:00 |
| 363 || 9.22498247022 || 2019-09-20 23:51:09 |
| 364 || 62.8969635305278 || 2013-03-02 10:33:07 |
| 365 || 78.3593503378499 || 2010-05-24 20:18:26 |
| 366 || 21.0070518022462 || 2014-03-18 23:54:41 |
| 367 || -1.01570655237793 || 2013-08-06 15:45:56 |
| 368 || -3.43960082618496 || 2018-06-17 20:47:21 |
| 369 || 35.5139592976844 || 2018-05-03 17:18:00 |
| 370 || -17.2166923717149 || 2015-01-17 14:40:41 |
| 371 || 47.6593374016226 || 2018-06-13 11:07:34 |
| 372 || 23.43 || 2020-01-08 19:53:02 |
| 373 || 11.251 || 2020-01-08 19:53:02 |
| 374 || 32.1 || 2020-01-08 19:53:02 |
| 375 || -5.334 || 2020-01-08 19:53:02 |
| 376 || 14.8372 || 2020-01-08 19:53:02 |
| 377 || 16.0509 || 2014-01-01 03:10:54 |
| 378 || 90.0 || 2017-02-22 19:10:50 |
| 379 || 14.4687759635503 || 2015-09-15 07:50:52 |
| 380 || 9.54320364171608 || 2018-06-07 22:24:40 |
| 381 || 2.75107555325905 || 2018-09-25 11:58:35 |
| 382 || -6.26940626222634 || 2018-07-22 21:44:25 |
| 383 || -29.045363760491 || 2019-03-15 22:44:33 |
| 384 || 34.7810775441687 || 2012-04-23 09:20:24 |
| 385 || 12.3595505560551 || 2013-05-20 13:49:52 |
| 386 || 1.01691765373867 || 2012-04-09 02:35:58 |
| 387 || -7.59787532100747 || 2018-12-16 16:33:27 |
| 388 || 43.0344720425401 || 2014-08-21 05:10:24 |
| 389 || -4.451479165233 || 2016-02-06 09:44:12 |
| 390 || -4.58190098799921 || 2014-05-08 08:02:03 |
| 391 || -0.398033394882253 || 2019-10-10 22:19:32 |
| 392 || 38.2512032154426 || 2014-11-10 18:55:32 |
| 393 || 86.2442175000987 || 2016-11-01 05:00:23 |
| 394 || 18.7238867972742 || 2015-08-18 14:58:36 |
| 395 || 18.1721045488084 || 2018-01-17 16:30:18 |
| 396 || 0.809118584613218 || 2018-06-03 08:01:41 |
| 397 || -8.49342408935866 || 2013-12-10 00:04:55 |
| 398 || -10.9513033382322 || 2015-10-23 08:25:10 |
| 399 || 67.6608261448849 || 2017-12-15 12:41:25 |
| 400 || 25.0950034886396 || 2013-04-09 04:06:12 |
| 401 || 0.116049022780712 || 2019-06-14 09:55:49 |
| 402 || -10.1184958361092 || 2013-09-26 14:57:02 |
| 403 || 82.0162373499901 || 2016-02-24 19:43:01 |
| 404 || 70.940836649811 || 2017-05-06 20:30:01 |
| 405 || 31.4259717475011 || 2016-10-23 00:02:28 |
| 406 || -0.0147260616994201 || 2018-12-06 21:09:56 |
| 407 || 14.8775575670316 || 2012-01-04 11:46:33 |
| 408 || -21.658842071969 || 2014-08-13 12:58:11 |
| 409 || -8.48562332725947 || 2017-11-22 02:36:45 |
| 410 || -11.565741069971 || 2010-08-19 01:15:46 |
| 411 || -0.0267214855819512 || 2016-04-17 08:00:34 |
| 412 || 22.2320677915214 || 2013-08-13 14:25:02 |
| 413 || 33.9354317107135 || 2010-02-15 00:03:07 |
| 414 || 76.9264472536425 || 2015-08-20 14:42:38 |
| 415 || 40.5730652378013 || 2019-02-16 08:15:23 |
| 416 || -0.231680280067465 || 2011-05-16 00:00:43 |
| 417 || 16.128543656656 || 2018-02-27 23:38:23 |
| 418 || 66.7041732783775 || 2010-11-03 04:38:30 |
| 419 || 77.1977411259523 || 2013-12-10 03:59:10 |
| 420 || -15.9152819233416 || 2012-06-25 13:56:23 |
| 421 || 3.26919720869745 || 2019-12-15 18:00:09 |
| 422 || -4.51602991969902 || 2011-04-05 09:24:27 |
| 423 || -19.7613258380667 || 2013-05-20 05:10:45 |
| 424 || 87.724640467425 || 2013-11-18 11:10:26 |
| 425 || -12.4163908799128 || 2015-11-09 01:48:53 |
| 426 || 6.1095229560679 || 2012-03-23 19:00:15 |
| 427 || 10.4328151978445 || 2010-07-01 11:37:56 |
| 428 || -19.8808457505778 || 2014-08-11 04:08:32 |
| 429 || -29.8576574013998 || 2016-09-25 16:50:25 |
| 430 || 58.9610746785116 || 2011-01-07 22:44:40 |
| 431 || 4.86789234722175 || 2017-09-26 08:22:18 |
| 432 || 7.26095624757857 || 2012-07-08 19:10:06 |
| 433 || -2.70104004660789 || 2012-03-18 12:43:37 |
| 434 || 82.071888585573 || 2013-06-16 07:42:05 |
| 435 || 32.4093637741209 || 2019-05-13 06:47:01 |
| 436 || 11.7549648776219 || 2011-06-20 12:46:32 |
| 437 || 4.57807187233011 || 2016-07-10 09:36:36 |
| 438 || 30.5055354601666 || 2014-11-13 18:33:37 |
| 439 || 64.0513735056706 || 2015-10-04 05:44:26 |
| 440 || 39.5986849572656 || 2018-06-08 15:22:05 |
| 441 || -2.90181964324345 || 2016-07-07 04:02:22 |
| 442 || -0.231038491038553 || 2018-10-23 23:19:04 |
| 443 || -11.0767080246902 || 2016-02-07 11:38:52 |
| 444 || -23.2062859601244 || 2016-04-15 01:00:51 |
| 445 || 52.0030639526649 || 2015-11-14 22:43:27 |
| 446 || -2.33920236157952 || 2014-09-01 06:37:23 |
| 447 || -0.0900113509575816 || 2017-04-19 03:26:17 |
| 448 || 27.8879615809955 || 2012-05-04 10:34:48 |
| 449 || -26.9674822289438 || 2012-12-09 09:45:24 |
| 450 || 77.2197553882463 || 2019-03-15 06:58:56 |
| 451 || 19.00528153554 || 2010-11-26 13:16:02 |
| 452 || 0.137738075455035 || 2015-11-04 08:07:21 |
| 453 || -9.21866417722511 || 2017-08-08 02:05:32 |
| 454 || 52.9552787972114 || 2015-11-10 17:54:19 |
| 455 || 59.7727890022678 || 2017-04-24 04:39:33 |
| 456 || -9.83046702258301 || 2014-03-05 06:10:04 |
| 457 || 0.0087793438566509 || 2019-06-23 04:48:50 |
| 458 || -9.55549928092637 || 2013-09-07 20:01:32 |
| 459 || 31.2015772567633 || 2013-11-07 13:58:32 |
| 460 || 63.0266360898369 || 2017-04-02 16:42:25 |
| 461 || 36.2287941746102 || 2016-04-22 00:32:31 |
| 462 || 0.369731215926241 || 2012-08-27 05:10:48 |
| 463 || 21.119299400411 || 2013-09-18 18:59:39 |
| 464 || 0.489466364439765 || 2015-11-24 20:29:49 |
| 465 || -12.0656401236611 || 2015-01-15 03:13:16 |
| 466 || 38.079446590574 || 2010-11-11 22:08:01 |
| 467 || 0.336385912547267 || 2018-05-19 07:13:04 |
| 468 || 19.2553576029196 || 2016-10-20 20:06:03 |
| 469 || 25.4117136915015 || 2014-01-01 23:18:40 |
| 470 || -8.25659057948579 || 2017-04-19 06:13:59 |
| 471 || 9.93123204112534 || 2010-03-13 05:51:47 |
| 472 || -1.04221774178457 || 2012-04-17 06:09:30 |
| 473 || 0.772335571135102 || 2012-02-06 09:42:18 |
| 474 || 49.2951382454096 || 2012-09-11 13:33:32 |
| 475 || 4.58733983237319 || 2010-11-23 14:19:41 |
| 476 || 52.4732812555092 || 2016-02-22 08:43:03 |
| 477 || 2.74839553844908 || 2015-05-24 05:04:56 |
| 478 || 3.0327280626979 || 2013-07-04 02:32:34 |
| 479 || -14.366553632477 || 2017-01-16 04:12:33 |
| 480 || -25.6420758717193 || 2014-09-26 06:36:59 |
| 481 || 57.8458019574719 || 2010-09-15 06:08:25 |
| 482 || -2.55066435886266 || 2017-09-27 23:01:10 |
| 483 || 7.88639204888998 || 2014-09-03 13:07:41 |
| 484 || -17.8422059269763 || 2012-12-05 20:07:41 |
| 485 || -6.05828544553119 || 2014-03-12 11:09:09 |
| 486 || 48.3516544298262 || 2012-02-03 05:10:02 |
| 487 || 3.16878986741856 || 2014-06-17 13:57:37 |
| 488 || -1.49450403076426 || 2018-02-19 19:11:34 |
| 489 || -1.57920078153882 || 2013-07-03 20:04:20 |
| 490 || 86.3453510119614 || 2012-06-08 04:06:45 |
| 491 || 63.3462801878501 || 2012-01-21 03:25:37 |
| 492 || 9.56882034937998 || 2019-02-07 15:18:46 |
| 493 || 1.17791893559638 || 2018-11-14 13:39:04 |
| 494 || -14.3922002900837 || 2017-03-01 18:00:10 |
| 495 || -3.57091103245646 || 2013-02-18 19:43:52 |
| 496 || 63.123065445759 || 2014-12-18 04:36:29 |
| 497 || 3.24367801594198 || 2018-01-04 16:56:24 |
| 498 || 0.310368892290315 || 2015-02-06 00:09:36 |
| 499 || -11.010696418919 || 2015-03-14 00:44:42 |
| 500 || 12.6032683094605 || 2019-01-26 06:10:59 |
| 501 || 11.2099065651165 || 2018-09-24 18:42:23 |
| 502 || 20.6980514251266 || 2011-01-07 00:15:17 |
| 503 || 0.265665502700536 || 2018-12-06 22:53:44 |
| 504 || 6.12003034199112 || 2013-12-24 23:42:06 |
| 505 || -0.793660019751195 || 2017-03-12 22:14:36 |
| 506 || 55.5289650947312 || 2010-12-21 04:42:09 |
| 507 || 5.50679930802975 || 2019-06-09 15:17:24 |
| 508 || 0.000238854581293963 || 2011-06-05 02:08:49 |
| 509 || -9.14120917143698 || 2012-02-20 18:32:25 |
| 510 || 78.844236125422 || 2011-10-07 13:00:23 |
| 511 || -19.6243206114586 || 2018-10-05 22:09:58 |
| 512 || 35.4079252182127 || 2019-01-25 06:56:58 |
| 513 || 0.306082093027414 || 2017-08-10 21:24:13 |
| 514 || -7.43363780199392 || 2010-10-09 03:06:58 |
| 515 || 1.93273577898168 || 2010-09-03 13:34:53 |
| 516 || 85.5279758634484 || 2013-03-08 10:27:21 |
| 517 || 33.3996219887838 || 2012-07-06 22:16:59 |
| 518 || 0.156052465500871 || 2017-08-16 14:44:01 |
| 519 || 14.2319663869668 || 2014-06-19 02:48:42 |
| 520 || -14.2327501643233 || 2019-09-01 14:01:24 |
| 521 || 81.091620779558 || 2010-02-14 15:33:39 |
| 522 || -12.0337150104159 || 2018-07-22 19:24:05 |
| 523 || 2.40536538313562 || 2015-11-18 14:40:06 |
| 524 || 6.04555904860117 || 2012-05-22 01:05:01 |
| 525 || -3.92991718639818 || 2019-12-21 15:57:14 |
| 526 || -8.7964791960096 || 2017-11-19 15:24:55 |
| 527 || 48.2307941469069 || 2017-11-02 14:19:55 |
| 528 || 2.66951228175176 || 2014-02-04 05:24:05 |
| 529 || 8.12117893164624 || 2014-06-09 15:02:30 |
| 530 || 34.0235592694292 || 2018-05-03 22:51:54 |
| 531 || 58.0175229435968 || 2016-12-16 05:06:48 |
| 532 || -12.461990569943 || 2016-03-17 00:33:56 |
| 533 || 5.19962275928136 || 2010-12-26 13:50:32 |
| 534 || 0.0847424731537127 || 2011-11-08 16:17:56 |
| 535 || 21.1686150105918 || 2011-04-25 10:51:49 |
| 536 || 78.3396738766937 || 2017-03-17 04:58:32 |
| 537 || -15.9355446001731 || 2011-02-21 01:32:52 |
| 538 || -2.99619588565015 || 2016-10-16 22:02:27 |
| 539 || -1.55719206432179 || 2010-11-10 02:45:16 |
| 540 || 43.7335330948998 || 2015-01-14 00:22:00 |
| 541 || -29.3173987546705 || 2017-01-08 20:52:06 |
| 542 || 60.2644074095104 || 2018-12-24 01:59:49 |
| 543 || 8.64418683703494 || 2014-06-04 04:27:23 |
| 544 || 0.0809657652849717 || 2017-06-17 21:25:02 |
| 545 || 45.5436207959258 || 2018-11-06 19:08:55 |
| 546 || 50.0395822755728 || 2012-02-20 23:27:56 |
| 547 || 68.8160253828228 || 2015-12-22 03:43:40 |
| 548 || 10.7388216759797 || 2018-03-23 19:03:06 |
| 549 || 1.00339866609537 || 2011-06-07 20:08:53 |
| 550 || 6.70450813272394 || 2017-01-21 17:28:32 |
| 551 || -5.52795471539744 || 2016-09-04 13:17:37 |
| 552 || -25.0840925907056 || 2017-09-23 23:43:13 |
| 553 || 13.0769275399876 || 2012-02-19 06:08:19 |
| 554 || 0.385803779991159 || 2014-01-02 04:16:34 |
| 555 || 9.38653624795636 || 2016-03-20 09:56:58 |
| 556 || -23.5647407439494 || 2010-08-07 18:30:15 |
| 557 || -6.63178284622733 || 2013-05-19 13:55:17 |
| 558 || 27.0723005952442 || 2017-11-18 16:02:56 |
| 559 || 0.00319163096771833 || 2011-03-24 10:52:54 |
| 560 || 14.8866179023553 || 2013-03-10 07:39:37 |
| 561 || -22.9594745199591 || 2013-09-15 13:26:00 |
| 562 || -23.8111850871604 || 2017-10-12 21:07:42 |
| 563 || 32.1236604644821 || 2019-11-07 10:47:27 |
| 564 || 0.211700679596517 || 2010-02-14 04:12:44 |
| 565 || 22.6263157549854 || 2012-04-10 02:05:38 |
| 566 || -19.3179685414211 || 2010-10-15 12:41:47 |
| 567 || 40.2483403777019 || 2018-03-09 04:46:43 |
| 568 || 29.3840526746468 || 2013-10-02 05:15:37 |
| 569 || 0.786271600458921 || 2019-11-27 04:53:52 |
| 570 || 18.8717664762236 || 2015-09-03 10:58:39 |
| 571 || 71.8490713662145 || 2011-08-04 21:10:19 |
| 572 || 27.8110211368916 || 2010-10-06 13:31:26 |
| 573 || 18.7824345925459 || 2016-11-26 14:19:00 |
| 574 || 0.0503352553738299 || 2012-04-03 04:23:12 |
| 575 || 0.868327259048382 || 2012-11-18 00:27:48 |
| 576 || 53.5087678161578 || 2015-09-26 20:51:18 |
| 577 || 87.9167733864866 || 2016-05-10 23:18:30 |
| 578 || 33.4047976154066 || 2011-01-05 22:30:44 |
| 579 || 1.23512800304169 || 2019-04-22 02:53:01 |
| 580 || -3.43171386891614 || 2019-07-13 21:22:35 |
| 581 || 27.8337481754373 || 2014-04-01 17:38:38 |
| 582 || -6.27814422025705 || 2019-08-02 18:21:39 |
| 583 || 49.9124777767609 || 2019-07-14 23:04:59 |
| 584 || -1.01276428029339 || 2011-09-08 10:23:09 |
| 585 || 5.63935955991322 || 2013-01-20 09:40:56 |
| 586 || 31.6472578455789 || 2011-01-16 13:26:36 |
| 587 || 89.5346658740667 || 2016-09-05 00:33:25 |
| 588 || 2.35723042844174 || 2018-12-25 08:40:45 |
| 589 || 9.22761419551091 || 2014-02-07 21:13:14 |
| 590 || 5.10523496734306 || 2012-08-17 07:37:03 |
| 591 || 52.4297644391521 || 2018-11-18 07:16:12 |
| 592 || 77.4407817041079 || 2019-04-11 11:34:19 |
| 593 || -4.93238717457695 || 2019-10-15 11:40:29 |
| 594 || -3.63903692680591 || 2019-06-02 08:05:20 |
| 595 || -0.100796963210937 || 2010-04-03 19:07:49 |
| 596 || -12.6554956024438 || 2010-06-14 03:01:29 |
| 597 || 71.6054751556854 || 2012-02-16 01:40:45 |
| 598 || 54.1388483706065 || 2012-03-14 21:30:34 |
| 599 || -1.40327958180981 || 2011-06-15 03:31:07 |
| 600 || -0.5283034404104 || 2016-05-11 16:59:07 |
| 601 || 41.1788470806344 || 2016-10-06 08:25:55 |
| 602 || 85.2158850819648 || 2015-10-05 12:17:06 |
| 603 || -24.7154638735233 || 2013-10-06 00:34:23 |
| 604 || 15.495808757315 || 2016-10-21 20:22:45 |
| 605 || 0.0152983664330599 || 2019-11-12 01:29:29 |
| 606 || -12.2005314859416 || 2011-09-04 07:04:34 |
| 607 || -27.8881100481893 || 2017-07-20 16:17:15 |
| 608 || 47.3854535583392 || 2018-12-27 17:13:11 |
| 609 || -3.18166546544814 || 2019-05-18 09:29:47 |
| 610 || -0.00527779992331374 || 2014-10-04 20:18:35 |
| 611 || -3.494337386846 || 2017-02-05 06:03:23 |
| 612 || -17.7803831544325 || 2012-03-16 22:10:17 |
| 613 || 4.77003564015504 || 2011-12-11 13:30:38 |
| 614 || -11.1355455968038 || 2017-02-06 03:01:46 |
| 615 || 0.0910124530625073 || 2011-04-25 11:07:30 |
| 616 || 26.3007811009517 || 2015-01-03 17:33:49 |
| 617 || 77.3750877944062 || 2010-08-08 12:35:35 |
| 618 || 43.3271392067488 || 2012-12-11 03:25:49 |
| 619 || -11.0508227458043 || 2014-06-20 19:08:14 |
| 620 || 0.281068546989998 || 2010-07-06 15:22:46 |
| 621 || -6.68491790632147 || 2012-04-09 15:01:02 |
| 622 || -5.89484666364411 || 2017-01-03 09:55:11 |
| 623 || 76.0674445333738 || 2018-04-07 17:35:06 |
| 624 || -0.412219442247735 || 2019-09-21 10:53:16 |
| 625 || 1.84605173224765 || 2016-02-21 13:59:39 |
| 626 || 16.2626004242737 || 2013-10-10 08:43:49 |
| 627 || 61.1443064637503 || 2012-02-11 22:58:44 |
| 628 || -29.2492685202606 || 2014-09-22 12:33:57 |
| 629 || 24.2835009184824 || 2015-04-12 02:49:57 |
| 630 || 2.5894659256199 || 2010-10-07 18:25:59 |
| 631 || 8.74430558796442 || 2013-05-06 01:14:12 |
| 632 || 63.5137370262515 || 2011-03-23 06:54:19 |
| 633 || 25.7397953522478 || 2015-12-08 07:27:51 |
| 634 || 41.6491193831333 || 2014-08-17 10:44:58 |
| 635 || 6.90432847316594 || 2019-07-22 23:22:51 |
| 636 || -3.236267921729 || 2014-03-09 14:56:19 |
| 637 || 47.01088081901 || 2012-07-17 09:24:42 |
| 638 || -25.630407024165 || 2012-11-24 22:29:18 |
| 639 || 59.2423985223635 || 2016-04-11 15:58:24 |
| 640 || 2.15460178556655 || 2019-08-07 12:21:23 |
| 641 || 3.48347690618206 || 2015-12-24 00:45:43 |
| 642 || 45.5271890591218 || 2013-02-12 00:57:23 |
| 643 || -24.1382965481163 || 2015-09-14 00:13:05 |
| 644 || 49.734057215827 || 2011-01-12 03:56:05 |
| 645 || 1.80983203565202 || 2013-01-03 15:27:44 |
| 646 || 3.62842952912084 || 2019-02-06 08:14:22 |
| 647 || -13.6409754408684 || 2015-02-13 22:47:57 |
| 648 || 87.1261992945339 || 2011-09-20 00:03:24 |
| 649 || -4.79945220727505 || 2011-03-08 18:47:50 |
| 650 || 14.5139909184926 || 2018-06-11 18:38:28 |
| 651 || 23.43 || 2020-01-08 19:59:11 |
| 652 || 11.251 || 2020-01-08 19:59:11 |
| 653 || 32.1 || 2020-01-08 19:59:11 |
| 654 || -5.334 || 2020-01-08 19:59:11 |
| 655 || 14.8372 || 2020-01-08 19:59:11 |
| 656 || 16.0509 || 2014-01-01 03:10:54 |
| 657 || 90.0 || 2014-03-10 23:30:42 |
| 658 || -0.316959188348112 || 2010-11-04 09:45:37 |
| 659 || -0.218496800032385 || 2018-10-23 16:30:09 |
| 660 || 1.19157729001005 || 2013-06-25 23:49:29 |
| 661 || 26.166967044023 || 2012-07-20 04:01:47 |
| 662 || -15.476928845528 || 2012-01-25 11:50:44 |
| 663 || 20.5189370100593 || 2017-08-11 04:38:34 |
| 664 || 2.52964466891914 || 2019-05-27 15:25:08 |
| 665 || -1.36835527004994 || 2015-05-17 03:45:07 |
| 666 || -15.4351336802768 || 2010-01-20 05:19:34 |
| 667 || 87.7159936565799 || 2013-12-18 09:37:01 |
| 668 || -20.3712143607806 || 2012-02-06 19:04:22 |
| 669 || 16.7236893264191 || 2014-10-25 17:41:35 |
| 670 || 1.59420207008034 || 2016-08-14 02:25:09 |
| 671 || 29.5573676600938 || 2018-06-09 11:47:36 |
| 672 || 61.8307470404488 || 2012-12-15 20:51:43 |
| 673 || -17.245823265103 || 2018-12-04 19:28:52 |
| 674 || 3.79270203807345 || 2015-12-23 10:43:35 |
| 675 || 0.169750612351423 || 2012-03-22 18:14:21 |
| 676 || -0.62739558208225 || 2019-10-09 10:08:12 |
| 677 || 16.1330920536718 || 2019-12-04 05:55:32 |
| 678 || 77.3040291648518 || 2018-10-08 04:19:43 |
| 679 || 5.90455098808919 || 2017-06-27 18:48:59 |
| 680 || -0.0386383782354075 || 2012-05-10 01:41:41 |
| 681 || -1.16830333126258 || 2019-02-27 14:43:13 |
| 682 || -15.2682147882149 || 2019-03-03 21:23:53 |
| 683 || -10.3885986671482 || 2015-03-23 11:32:22 |
| 684 || 9.59784525831707 || 2016-07-02 21:58:51 |
| 685 || 0.0435425008484208 || 2017-12-02 22:30:52 |
| 686 || -5.39295337308856 || 2018-02-03 21:48:13 |
| 687 || 64.9416431572776 || 2015-04-26 05:14:51 |
| 688 || 57.2387141463164 || 2017-04-11 03:02:18 |
| 689 || 37.3035809671725 || 2015-03-17 07:08:48 |
| 690 || 0.181966414248357 || 2012-04-23 11:53:56 |
| 691 || 23.0521122217172 || 2012-02-06 08:01:00 |
| 692 || -22.3147466920667 || 2017-06-03 09:38:43 |
| 693 || 34.687712116343 || 2017-08-01 14:31:15 |
| 694 || 41.3918790391814 || 2012-07-12 13:53:49 |
| 695 || 0.185591524652267 || 2011-08-21 00:39:36 |
| 696 || 9.74892150793906 || 2017-09-19 08:16:24 |
| 697 || 26.5077995640843 || 2013-05-24 17:25:37 |
| 698 || 37.2429336099855 || 2015-02-15 22:24:21 |
| 699 || 38.7825602636998 || 2019-12-24 21:53:55 |
| 700 || 0.990939806269325 || 2019-03-19 01:34:35 |
| 701 || 14.3111959632167 || 2017-11-09 07:19:28 |
| 702 || 48.0918502360998 || 2017-06-03 22:30:14 |
| 703 || -27.169551085622 || 2014-05-27 21:48:09 |
| 704 || -6.39959586969684 || 2018-02-02 17:19:46 |
| 705 || 5.01611299139169 || 2019-09-23 22:36:58 |
| 706 || 1.98428301082353 || 2013-01-11 07:57:13 |
| 707 || 60.9007183843774 || 2019-10-20 12:02:56 |
| 708 || -29.0443362509436 || 2012-10-17 12:17:58 |
| 709 || 26.0908156521589 || 2018-08-16 22:16:36 |
| 710 || 1.38407848603867 || 2014-12-24 17:30:30 |
| 711 || 3.05046773093933 || 2016-07-20 05:34:46 |
| 712 || 49.8413920428364 || 2015-08-14 14:58:44 |
| 713 || -10.4059102949475 || 2016-07-03 07:59:32 |
| 714 || -0.655264517284994 || 2010-11-26 14:47:11 |
| 715 || 9.82355312639196 || 2014-12-04 18:34:50 |
| 716 || -0.742032063367093 || 2011-06-17 06:01:45 |
| 717 || -3.11123212706787 || 2011-10-16 15:37:34 |
| 718 || 62.0989533847905 || 2015-03-21 14:24:18 |
| 719 || 11.2760840632983 || 2015-10-06 23:32:47 |
| 720 || 3.25134077185203 || 2011-04-05 14:10:13 |
| 721 || -0.0241114817820837 || 2019-06-13 03:32:57 |
| 722 || 44.7926804070645 || 2014-06-19 03:01:07 |
| 723 || -7.99634374777741 || 2015-10-25 15:45:30 |
| 724 || 69.0990101570392 || 2014-02-21 03:56:32 |
| 725 || 13.7219471620768 || 2015-07-27 17:11:04 |
| 726 || 0.814350017348837 || 2012-07-07 19:11:09 |
| 727 || 16.0050594919847 || 2011-08-03 10:11:14 |
| 728 || -3.37345289075611 || 2010-11-01 12:25:56 |
| 729 || -20.3046680399143 || 2012-04-19 03:54:32 |
| 730 || 25.6549123566149 || 2011-09-22 18:14:14 |
| 731 || 0.160822627579817 || 2017-05-09 15:31:18 |
| 732 || -10.4963072637346 || 2010-06-23 10:19:12 |
| 733 || -22.6225741313196 || 2013-05-04 19:48:33 |
| 734 || 73.8644341981264 || 2019-03-02 16:01:19 |
| 735 || -10.3930764684203 || 2014-04-16 11:57:22 |
| 736 || 0.00965368033820684 || 2018-04-21 08:26:34 |
| 737 || 5.34476124938482 || 2018-01-02 12:29:26 |
| 738 || 47.0509123251903 || 2013-09-02 11:23:00 |
| 739 || 72.4502615515327 || 2015-09-02 01:10:39 |
| 740 || 33.3539829617035 || 2010-02-16 05:40:24 |
| 741 || 0.486203707101605 || 2017-08-22 19:41:14 |
| 742 || 21.193270463897 || 2013-07-23 19:49:12 |
| 743 || -12.4586458851953 || 2019-05-10 19:34:16 |
| 744 || -13.7908241443007 || 2010-01-09 21:12:57 |
| 745 || -0.467437901353048 || 2010-10-06 18:29:25 |
| 746 || 0.555153156392366 || 2014-01-09 18:58:17 |
| 747 || 23.43 || 2020-01-08 19:59:46 |
| 748 || 11.251 || 2020-01-08 19:59:46 |
| 749 || 32.1 || 2020-01-08 19:59:46 |
| 750 || -5.334 || 2020-01-08 19:59:46 |
| 751 || 14.8372 || 2020-01-08 19:59:46 |
| 752 || 16.0509 || 2014-01-01 03:10:54 |
| 753 || 23.43 || 2020-01-08 20:03:02 |
| 754 || 11.251 || 2020-01-08 20:03:02 |
| 755 || 32.1 || 2020-01-08 20:03:02 |
| 756 || -5.334 || 2020-01-08 20:03:02 |
| 757 || 14.8372 || 2020-01-08 20:03:02 |
| 758 || 16.0509 || 2014-01-01 03:10:54 |
| 759 || 23.43 || 2020-01-08 20:03:19 |
| 760 || 11.251 || 2020-01-08 20:03:20 |
| 761 || 32.1 || 2020-01-08 20:03:21 |
| 762 || -5.334 || 2020-01-08 20:03:26 |
| 763 || 14.8372 || 2020-01-08 20:03:28 |
| 764 || 16.0509 || 2014-01-01 03:10:54 |
| 765 || 90.0 || 2019-04-20 04:59:51 |
| 766 || 15.6373453087447 || 2015-01-26 10:21:37 |
| 767 || -2.91182716369764 || 2019-01-10 22:40:11 |
| 768 || 4.39991955649496 || 2017-07-04 20:26:00 |
| 769 || 49.1728851787981 || 2014-04-06 10:24:00 |
| 770 || 87.3668334696606 || 2018-11-03 23:59:12 |
| 771 || 40.6167452200247 || 2014-05-12 17:33:07 |
| 772 || 13.39940208569 || 2017-06-10 16:33:48 |
| 773 || 4.13493802031304 || 2013-04-25 07:37:59 |
| 774 || 26.2900655102218 || 2010-10-05 21:06:53 |
| 775 || 10.6351208279272 || 2015-06-15 21:29:37 |
| 776 || -23.0301844182713 || 2016-04-09 15:08:26 |
| 777 || 11.8174676991127 || 2018-09-10 10:13:35 |
| 778 || 0.0104702388946067 || 2010-11-17 10:54:38 |
| 779 || -12.194965798633 || 2015-11-25 02:26:32 |
| 780 || 18.7342289835262 || 2011-01-06 09:05:57 |
| 781 || 51.2024916120525 || 2012-12-18 02:56:26 |
| 782 || 15.177164748886 || 2017-01-15 02:13:23 |
| 783 || -0.221249446365389 || 2014-10-23 14:34:56 |
| 784 || 37.5964714350288 || 2013-11-16 04:47:50 |
| 785 || 84.2335587315585 || 2017-01-03 04:03:46 |
| 786 || 74.7230041844185 || 2013-09-08 20:04:48 |
| 787 || 23.5335538389113 || 2014-06-12 16:23:36 |
| 788 || 0.0508494014384787 || 2018-01-17 03:38:14 |
| 789 || 3.63831578121836 || 2017-03-24 05:32:54 |
| 790 || 57.5444528569171 || 2017-10-03 15:46:25 |
| 791 || 18.6562651397082 || 2018-04-07 06:05:24 |
| 792 || 30.8141277732724 || 2014-12-18 01:33:32 |
| 793 || 0.0152137612494387 || 2012-06-18 09:27:15 |
| 794 || 2.43910225857674 || 2019-08-24 05:25:51 |
| 795 || 4.26317868407543 || 2010-12-10 11:01:44 |
| 796 || 59.729891192658 || 2015-04-11 17:53:19 |
| 797 || 13.0818154470487 || 2016-12-15 17:49:25 |
| 798 || 0.0266867827323923 || 2019-01-16 15:36:33 |
| 799 || 16.9182814416574 || 2013-05-27 01:18:12 |
| 800 || 32.3252706834626 || 2013-05-18 18:16:34 |
| 801 || 84.8438876678899 || 2014-07-08 05:30:10 |
| 802 || -8.18619777470821 || 2017-05-13 18:21:30 |
| 803 || -0.182153256043215 || 2016-05-07 15:43:05 |
| 804 || -5.37091916335257 || 2013-03-15 22:16:03 |
| 805 || -8.644952003848 || 2014-04-05 12:59:57 |
| 806 || 5.89890111676522 || 2017-09-05 21:24:02 |
| 807 || 32.0909473671102 || 2014-05-21 22:04:59 |
| 808 || 1.3354452261514 || 2013-11-04 06:07:59 |
| 809 || -1.68233015436966 || 2012-03-26 03:44:46 |
| 810 || -15.3971286870684 || 2013-11-10 02:59:17 |
| 811 || -16.2152025138472 || 2015-04-27 10:27:11 |
| 812 || 41.8423752918571 || 2015-04-20 08:08:19 |
| 813 || -1.69206290713064 || 2018-10-11 13:59:12 |
| 814 || 5.38845561504592 || 2012-12-16 22:32:11 |
| 815 || 8.50630976941995 || 2013-03-17 23:44:02 |
| 816 || 28.3524469206683 || 2011-11-20 00:58:12 |
| 817 || 58.3337943706199 || 2018-06-16 19:40:05 |
| 818 || -2.69509337659177 || 2019-12-05 10:06:35 |
| 819 || 7.06159933459328 || 2017-02-18 10:40:31 |
| 820 || -3.48491689199875 || 2019-05-18 23:45:09 |
| 821 || -27.8809384667121 || 2019-07-05 11:12:33 |
| 822 || -9.23179281542065 || 2012-01-17 20:08:32 |
| 823 || -1.02083126432026 || 2014-12-11 10:04:50 |
| 824 || 0.489083682987674 || 2010-02-12 04:26:32 |
| 825 || -12.2648739654367 || 2018-04-27 19:23:29 |
| 826 || 30.3516048300777 || 2017-05-26 21:30:07 |
| 827 || -22.6815282453869 || 2016-01-08 05:50:05 |
| 828 || 8.92613898951578 || 2013-10-21 19:40:12 |
| 829 || 1.84617759873669 || 2018-04-22 13:29:39 |
| 830 || -8.82142610692004 || 2015-10-27 03:49:04 |
| 831 || 16.8645458917919 || 2011-11-23 13:44:25 |
| 832 || 18.1911267222272 || 2019-12-12 04:13:51 |
| 833 || 1.05886599947078 || 2010-04-24 12:42:59 |
| 834 || 0.714103756936568 || 2016-05-22 00:47:40 |
| 835 || 2.36531735470443 || 2018-06-23 01:12:00 |
| 836 || 67.2442524390736 || 2019-03-24 00:50:11 |
| 837 || 74.9153023725462 || 2019-10-26 03:38:05 |
| 838 || 25.8899815726057 || 2017-09-17 03:54:00 |
| 839 || 0.200888533310255 || 2010-04-12 06:33:09 |
| 840 || 31.1329804078565 || 2010-03-15 15:31:36 |
| 841 || -7.14610692166575 || 2010-05-05 04:06:30 |
| 842 || -9.33554649463415 || 2011-11-11 16:06:49 |
| 843 || 11.461793514056 || 2014-06-03 09:28:46 |
| 844 || -0.00351917514024829 || 2019-05-10 15:00:36 |
| 845 || -4.41769070270515 || 2018-07-19 03:18:09 |
| 846 || -26.0015427355476 || 2018-09-27 18:19:08 |
| 847 || 80.0333931431267 || 2011-08-22 08:23:14 |
| 848 || 3.70631210402259 || 2012-12-26 16:35:16 |
| 849 || 0.48610253035642 || 2015-08-06 00:51:14 |
| 850 || 5.87559183809573 || 2018-09-12 00:54:45 |
| 851 || 36.3509951405101 || 2013-07-05 11:09:15 |
| 852 || 1.17882219513538 || 2012-06-24 22:54:23 |
| 853 || 41.2648299267326 || 2019-05-09 08:45:53 |
| 854 || 1.10879424684858 || 2018-11-13 16:47:47 |
| 855 || 13.6263108949495 || 2018-06-16 05:34:29 |
| 856 || -12.1673919512597 || 2013-11-08 04:42:01 |
| 857 || 39.0249094775081 || 2018-09-04 06:58:08 |
| 858 || 37.8066971176596 || 2018-01-21 08:36:42 |
| 859 || -0.323526923591566 || 2012-06-02 00:45:36 |
| 860 || 14.3558000918724 || 2015-05-12 13:49:17 |
| 861 || 56.5094706959729 || 2013-04-04 22:40:29 |
| 862 || -29.7871605812781 || 2012-05-25 18:19:33 |
| 863 || 46.4024720080162 || 2018-07-06 15:35:53 |
| 864 || 5.34195414354468 || 2014-01-12 18:13:22 |
| 865 || 1.91444819200416 || 2015-08-11 14:49:29 |
| 866 || -19.6774307317687 || 2016-09-07 11:09:38 |
| 867 || 22.6820059724668 || 2019-08-26 13:49:44 |
| 868 || 31.0628331127981 || 2012-03-19 00:30:17 |
| 869 || -2.04059699703362 || 2010-08-12 01:21:27 |
| 870 || -2.16556484211375 || 2016-07-15 20:44:13 |
| 871 || 27.6243619612745 || 2011-01-03 18:39:45 |
| 872 || 87.9112792212459 || 2013-10-09 17:14:27 |
| 873 || 21.1335914400183 || 2019-11-27 05:48:26 |
| 874 || -0.479168837960219 || 2013-05-13 00:51:31 |
| 875 || -1.68337674927539 || 2016-01-20 20:51:32 |
| 876 || -6.10244647996401 || 2015-02-07 22:40:02 |
| 877 || 70.5250903997127 || 2010-09-05 04:44:23 |
| 878 || -7.26960585683329 || 2011-03-09 18:23:08 |
| 879 || -1.68143547680456 || 2010-09-06 10:42:21 |
| 880 || 2.61396281527743 || 2012-11-13 21:55:06 |
| 881 || 45.6286845936167 || 2018-06-27 00:21:51 |
| 882 || -26.7761906812134 || 2015-07-09 23:01:58 |
| 883 || -14.5627408220428 || 2014-08-16 06:43:06 |
| 884 || 19.0952077173946 || 2019-01-17 08:41:23 |
| 885 || 0.79557580832962 || 2013-03-13 01:02:08 |
| 886 || 34.6623361688662 || 2014-12-17 10:17:23 |
| 887 || -13.3898977398713 || 2012-07-08 07:30:11 |
| 888 || -10.5159253732749 || 2018-04-07 17:25:29 |
| 889 || 0.814154052227519 || 2014-08-12 10:35:34 |
| 890 || 0.14979618560954 || 2018-11-25 08:48:05 |
| 891 || -9.95949226895094 || 2013-05-16 12:03:32 |
| 892 || 37.2577053520216 || 2010-09-01 17:05:42 |
| 893 || 59.6138120969751 || 2018-10-19 07:47:21 |
| 894 || 13.7951288330451 || 2011-04-09 20:51:53 |
| 895 || 0.00022175060790722 || 2019-10-10 00:49:41 |
| 896 || 25.5008391023247 || 2014-09-16 09:59:32 |
| 897 || -26.6632157664409 || 2016-09-04 18:56:57 |
| 898 || 83.3056192937936 || 2011-05-08 03:05:57 |
| 899 || -10.1413810621585 || 2011-01-24 06:51:28 |
| 900 || 0.34445001642168 || 2011-08-25 14:14:35 |
| 901 || 5.42494115510219 || 2016-06-07 01:31:06 |
| 902 || 60.8546571655905 || 2018-06-18 10:40:18 |
| 903 || 42.9311405715307 || 2018-01-02 08:03:21 |
| 904 || 19.2342415111298 || 2013-02-15 21:32:12 |
| 905 || 0.66136412003895 || 2015-11-09 20:36:14 |
| 906 || 6.09428032754288 || 2017-09-21 09:02:42 |
| 907 || 70.2505321696398 || 2013-05-14 22:07:09 |
| 908 || 62.6935286429199 || 2017-03-09 21:22:21 |
| 909 || 44.8589781329579 || 2010-09-11 21:37:52 |
| 910 || 1.63478274056955 || 2010-08-25 17:22:28 |
| 911 || 3.36171303372004 || 2017-10-02 00:15:54 |
| 912 || 53.0078834451571 || 2016-04-08 19:05:12 |
| 913 || 87.6892675601383 || 2013-02-01 14:36:34 |
| 914 || -2.78078964692835 || 2019-10-27 22:26:48 |
| 915 || 4.76976130313048 || 2015-04-15 07:48:36 |
| 916 || 4.49397501124615 || 2013-04-22 17:49:46 |
| 917 || 43.6052416643718 || 2016-07-19 11:40:31 |
| 918 || 66.658627752212 || 2010-11-21 15:02:43 |
| 919 || 50.6941836289212 || 2016-07-12 14:24:09 |
| 920 || 1.4924603853755 || 2016-04-06 21:34:38 |
| 921 || -2.68481865339815 || 2012-03-11 02:58:35 |
| 922 || 18.209287101769 || 2018-02-14 03:43:22 |
| 923 || 29.485003571017 || 2013-10-20 07:28:34 |
| 924 || -16.599451947035 || 2011-03-03 21:06:20 |
| 925 || 9.35612532617278 || 2016-08-25 22:39:52 |
| 926 || -1.33298622563027 || 2011-06-13 03:18:17 |
| 927 || -3.35139273403529 || 2016-03-11 04:21:52 |
| 928 || 20.4900757115245 || 2015-03-27 13:33:54 |
| 929 || -14.7990512893634 || 2011-11-18 17:09:27 |
| 930 || 0.532657537957368 || 2019-07-24 15:15:49 |
| 931 || 0.297241878685868 || 2010-05-14 13:26:06 |
| 932 || -14.2797479500735 || 2017-12-23 04:22:26 |
| 933 || 35.2307302172295 || 2017-05-01 21:53:06 |
| 934 || -23.661255510357 || 2016-12-18 19:38:49 |
| 935 || 19.5953249326539 || 2018-10-21 08:56:19 |
| 936 || -0.292443244664749 || 2013-09-22 12:15:47 |
| 937 || 40.3678017572342 || 2011-02-25 17:51:33 |
| 938 || 78.3011823242964 || 2015-01-23 03:09:21 |
| 939 || 58.2518900403464 || 2018-12-26 19:39:49 |
| 940 || -8.08806900339725 || 2015-12-25 03:40:44 |
| 941 || 0.149277182139983 || 2010-08-27 02:21:26 |
| 942 || 8.04836657928345 || 2019-07-23 22:51:27 |
| 943 || -27.5480106452299 || 2018-05-06 13:43:54 |
| 944 || 51.8187004893632 || 2010-06-15 15:31:44 |
| 945 || 24.5727275450914 || 2015-12-05 14:31:35 |
| 946 || -0.00157691302163715 || 2017-08-02 12:35:08 |
| 947 || 4.35031779268592 || 2017-05-04 16:27:26 |
| 948 || -1.37327329721621 || 2015-10-06 21:29:34 |
| 949 || 42.308770988647 || 2013-08-12 21:26:07 |
| 950 || 23.43 || 2020-01-08 20:06:47 |
| 951 || 11.251 || 2020-01-08 20:06:47 |
| 952 || 32.1 || 2020-01-08 20:06:47 |
| 953 || -5.334 || 2020-01-08 20:06:47 |
| 954 || 14.8372 || 2020-01-08 20:06:47 |
| 955 || 16.0509 || 2014-01-01 03:10:54 |
| 956 || 90.0 || 2018-08-18 12:02:14 |
| 957 || 23.9868417013172 || 2013-07-05 08:54:54 |
| 958 || 9.32681603354226 || 2010-08-15 21:26:26 |
| 959 || 3.55372801391716 || 2014-12-10 07:30:14 |
| 960 || -7.43504591236813 || 2017-01-21 12:00:35 |
| 961 || 13.2058066071031 || 2016-03-01 01:35:05 |
| 962 || -15.2694277393449 || 2018-01-11 06:09:11 |
| 963 || -3.41577348903195 || 2013-02-26 18:39:19 |
| 964 || 3.09186358378693 || 2014-03-11 21:26:39 |
| 965 || 47.8853697441261 || 2014-02-12 03:20:14 |
| 966 || 60.9190837099516 || 2012-12-24 22:45:59 |
| 967 || 57.679143554694 || 2018-04-17 16:41:48 |
| 968 || -3.73104291295376 || 2019-09-12 13:42:37 |
| 969 || 1.8022818600868 || 2019-08-08 16:29:21 |
| 970 || -0.953698119999239 || 2015-12-01 00:21:59 |
| 971 || 25.7831062038519 || 2013-04-09 14:02:05 |
| 972 || 3.26623487174478 || 2016-11-27 13:39:46 |
| 973 || 22.1776480282783 || 2018-12-06 18:50:42 |
| 974 || 0.403275211742039 || 2015-12-26 17:02:06 |
| 975 || 38.15283194867 || 2018-03-18 17:56:07 |
| 976 || 54.6896879227964 || 2019-03-23 03:40:29 |
| 977 || -23.4823631480166 || 2011-10-08 04:03:25 |
| 978 || 13.7198770120832 || 2013-04-24 10:53:14 |
| 979 || -0.00639479260117446 || 2010-08-11 01:08:05 |
| 980 || 1.45503454313521 || 2011-02-10 01:40:17 |
| 981 || -27.3252477285059 || 2011-09-07 20:01:36 |
| 982 || -5.64641555659795 || 2016-02-22 23:44:10 |
| 983 || -10.5732548651235 || 2011-07-09 16:17:55 |
| 984 || 0.0164030427355422 || 2019-11-11 03:52:06 |
| 985 || 10.3993747797128 || 2013-12-22 10:14:21 |
| 986 || -8.48190549292504 || 2017-05-01 03:30:29 |
| 987 || -13.4165439732995 || 2018-03-22 02:33:08 |
| 988 || -11.4113187469293 || 2010-04-09 21:11:44 |
| 989 || 0.00580255637977509 || 2017-12-17 19:30:35 |
| 990 || 4.89703986756259 || 2017-02-25 07:09:22 |
| 991 || 23.0868498282588 || 2010-10-14 10:22:27 |
| 992 || 83.8927950747169 || 2016-06-09 00:54:11 |
| 993 || 28.2940666815418 || 2018-08-08 04:41:37 |
| 994 || 0.750031641962892 || 2011-02-07 03:55:51 |
| 995 || 17.3356297762086 || 2014-01-10 14:26:45 |
| 996 || 14.4340446469366 || 2014-10-04 00:30:39 |
| 997 || 49.3690817580674 || 2019-01-14 14:04:06 |
| 998 || 32.459011962969 || 2013-12-25 16:33:42 |
| 999 || -0.377018902315613 || 2015-12-02 19:11:00 |
| 1000 || 14.2443674526844 || 2015-10-24 18:32:28 |
| 1001 || 23.43 || 2020-01-08 20:07:09 |
| 1002 || 11.251 || 2020-01-08 20:07:09 |
| 1003 || 32.1 || 2020-01-08 20:07:09 |
| 1004 || -5.334 || 2020-01-08 20:07:09 |
| 1005 || 14.8372 || 2020-01-08 20:07:09 |
| 1006 || 16.0509 || 2014-01-01 03:10:54 |
| 1007 || 23.43 || 2020-01-08 20:07:28 |
| 1008 || 11.251 || 2020-01-08 20:07:28 |
| 1009 || 32.1 || 2020-01-08 20:07:28 |
| 1010 || -5.334 || 2020-01-08 20:07:28 |
| 1011 || 14.8372 || 2020-01-08 20:07:28 |
| 1012 || 16.0509 || 2014-01-01 03:10:54 |
| 1013 || 23.43 || 2020-01-08 20:07:56 |
| 1014 || 11.251 || 2020-01-08 20:07:56 |
| 1015 || 32.1 || 2020-01-08 20:07:56 |
| 1016 || -5.334 || 2020-01-08 20:07:56 |
| 1017 || 14.8372 || 2020-01-08 20:07:56 |
| 1018 || 16.0509 || 2014-01-01 03:10:54 |
| 1019 || 23.43 || 2020-01-08 20:12:25 |
| 1020 || 11.251 || 2020-01-08 20:12:25 |
| 1021 || 32.1 || 2020-01-08 20:12:25 |
| 1022 || -5.334 || 2020-01-08 20:12:25 |
| 1023 || 14.8372 || 2020-01-08 20:12:25 |
| 1024 || 16.0509 || 2014-01-01 03:10:54 |
| 1025 || 2.02092203591079 || 2014-01-14 06:22:00 |
| 1026 || -17.228168721755 || 2010-02-11 15:44:11 |
| 1027 || 42.9163694484145 || 2019-08-23 16:35:02 |
| 1028 || -11.22655895302 || 2017-08-24 23:39:24 |
| 1029 || -0.289972416388217 || 2011-04-05 04:47:28 |
| 1030 || -6.36639662231136 || 2010-06-24 06:30:29 |
| 1031 || -18.511250310381 || 2014-11-05 13:55:51 |
| 1032 || 62.0510569539195 || 2015-04-19 12:37:59 |
| 1033 || -8.85343184185411 || 2015-01-11 01:29:20 |
| 1034 || 0.627437898185958 || 2016-04-15 08:08:18 |
| 1035 || 15.3950548806376 || 2011-06-20 22:40:30 |
| 1036 || 33.7138114898295 || 2010-04-06 20:11:52 |
| 1037 || -9.99786040079983 || 2017-07-16 23:42:06 |
| 1038 || 5.69036440441989 || 2011-08-21 19:44:05 |
| 1039 || -0.701234411424234 || 2012-10-21 23:54:32 |
| 1040 || -4.2330174690939 || 2015-07-15 18:45:17 |
| 1041 || 34.441773040967 || 2019-03-14 12:10:01 |
| 1042 || -20.0938888395197 || 2010-09-27 16:38:23 |
| 1043 || 4.16432097848455 || 2018-08-26 01:39:44 |
| 1044 || 5.82495097248099 || 2010-11-25 20:22:41 |
| 1045 || 4.1381462754544 || 2019-08-15 05:49:51 |
| 1046 || -19.4349406975098 || 2015-08-22 18:47:04 |
| 1047 || 81.7370114220687 || 2013-08-21 22:11:43 |
| 1048 || 29.2738943858396 || 2010-03-22 18:07:41 |
| 1049 || 0.262708141619587 || 2019-09-09 03:23:25 |
| 1050 || 5.28309580617163 || 2012-03-10 03:59:29 |
| 1051 || 27.72085589998 || 2018-06-13 17:36:05 |
| 1052 || -22.8146233337555 || 2011-09-24 10:13:41 |
| 1053 || 24.699825253034 || 2013-04-13 15:11:46 |
| 1054 || -1.03074210019718 || 2016-06-09 09:17:21 |
| 1055 || -1.06395236538226 || 2018-04-01 07:16:44 |
| 1056 || -5.25333915612999 || 2012-07-06 13:48:41 |
| 1057 || -13.1138770553128 || 2010-02-05 07:04:17 |
| 1058 || 33.6267991837035 || 2017-02-10 22:43:24 |
| 1059 || 7.62831003160073 || 2012-10-05 13:49:05 |
| 1060 || 1.26008569713372 || 2014-06-21 10:43:24 |
| 1061 || -3.18756069382217 || 2016-03-07 01:06:17 |
| 1062 || 74.362352223817 || 2011-11-01 18:01:11 |
| 1063 || 4.28136708766826 || 2016-08-03 02:10:28 |
| 1064 || 22.8239410805543 || 2018-10-01 07:41:19 |
| 1065 || -0.139302455599559 || 2017-11-25 16:56:36 |
| 1066 || 19.1206718513357 || 2012-08-11 11:32:59 |
| 1067 || 82.2320818777803 || 2014-08-01 17:44:46 |
| 1068 || 76.0290424536257 || 2017-09-11 23:19:59 |
| 1069 || 8.79175355683061 || 2011-01-11 01:26:58 |
| 1070 || 0.0446918170106771 || 2019-05-06 11:48:36 |
| 1071 || -0.240526432803077 || 2018-07-05 05:06:52 |
| 1072 || -26.9603018313656 || 2010-05-18 16:17:58 |
| 1073 || 80.4003478827011 || 2010-06-09 06:39:11 |
| 1074 || 20.6746135514207 || 2016-10-05 10:30:31 |
| 1075 || -0.0365022507895503 || 2013-08-19 13:52:11 |
| 1076 || -8.85788734981464 || 2018-04-19 21:58:47 |
| 1077 || -24.738941955778 || 2010-09-22 13:58:20 |
| 1078 || 18.7206290430831 || 2012-09-17 03:30:17 |
| 1079 || 0.561131189035724 || 2011-05-24 21:27:08 |
| 1080 || 0.866606321397228 || 2010-07-21 12:26:15 |
| 1081 || 14.0005060979201 || 2011-06-19 21:45:34 |
| 1082 || -19.7595590048452 || 2013-03-24 06:34:05 |
| 1083 || -11.7151822671533 || 2016-11-11 08:31:08 |
| 1084 || 6.50960531148893 || 2019-12-18 22:49:26 |
| 1085 || 2.25126727280242 || 2012-08-01 12:53:20 |
| 1086 || 14.7401599371259 || 2015-03-07 17:02:38 |
| 1087 || -7.83359965734288 || 2019-09-02 05:27:23 |
| 1088 || 79.8951779833466 || 2010-10-11 04:20:21 |
| 1089 || -1.65563583069429 || 2016-02-08 12:27:29 |
| 1090 || -1.20218465155141 || 2018-08-03 04:53:59 |
| 1091 || 6.4588923805797 || 2019-04-22 05:28:03 |
| 1092 || 0.259638862955949 || 2012-11-06 08:11:13 |
| 1093 || 40.090343759451 || 2018-10-25 10:19:04 |
| 1094 || 48.4683806188711 || 2014-01-11 05:50:15 |
| 1095 || -1.47067053196324 || 2019-11-06 05:49:22 |
| 1096 || 7.94921184312288 || 2016-03-13 23:04:46 |
| 1097 || 32.2687279146205 || 2016-04-03 06:40:03 |
| 1098 || 82.9403772677854 || 2015-11-25 22:49:25 |
| 1099 || 32.053303364634 || 2010-06-27 13:32:39 |
| 1100 || 0.329485678703456 || 2015-12-02 10:26:57 |
| 1101 || -1.7683217103313 || 2014-05-24 09:03:54 |
| 1102 || 54.2809329845459 || 2014-01-11 01:16:04 |
| 1103 || 20.3416743365953 || 2018-09-05 23:46:37 |
| 1104 || 36.3826589524819 || 2014-12-08 17:57:44 |
| 1105 || -3.24668634876265 || 2010-06-25 12:38:41 |
| 1106 || 1.24570086851909 || 2018-06-26 08:33:38 |
| 1107 || -14.3026582642306 || 2014-01-02 04:18:58 |
| 1108 || 72.8337906534171 || 2015-12-19 09:09:39 |
| 1109 || 60.7980024520866 || 2016-01-24 18:21:03 |
| 1110 || -2.66475497927889 || 2019-12-27 02:50:04 |
| 1111 || 0.139213455162463 || 2019-07-22 16:51:02 |
| 1112 || -10.8576736720117 || 2012-07-25 20:51:57 |
| 1113 || -13.7822856351464 || 2016-11-03 19:51:38 |
| 1114 || -19.7776212617345 || 2011-04-19 14:47:37 |
| 1115 || 10.394859868254 || 2013-05-03 20:04:24 |
| 1116 || 0.792506533240383 || 2017-05-07 19:01:26 |
| 1117 || -1.32242146957175 || 2017-11-22 04:30:50 |
| 1118 || 31.0468110987199 || 2014-08-09 05:02:11 |
| 1119 || 0.801992472586996 || 2010-09-15 17:21:50 |
| 1120 || -4.20202090162708 || 2015-04-21 21:47:14 |
| 1121 || -0.0229593101457492 || 2015-04-13 16:58:36 |
| 1122 || 24.7811001320608 || 2011-11-19 11:55:21 |
| 1123 || 0.44251503750425 || 2017-06-17 00:56:06 |
| 1124 || 20.1149469020096 || 2013-01-27 04:33:14 |
| 1125 || -7.21140922260685 || 2012-08-20 18:09:12 |
| 1126 || 0.0211277323198513 || 2010-04-11 04:44:49 |
| 1127 || 19.6996372571968 || 2014-06-13 04:42:55 |
| 1128 || -24.6881755906054 || 2018-02-12 15:18:27 |
| 1129 || -25.6666489588234 || 2019-05-23 18:36:29 |
| 1130 || 25.0494606599059 || 2012-11-26 06:55:05 |
| 1131 || 0.474498974301696 || 2011-05-12 03:13:06 |
| 1132 || 16.8392730154753 || 2019-04-06 08:23:30 |
| 1133 || 69.5138394222155 || 2016-12-02 02:28:05 |
| 1134 || 6.60063439383623 || 2014-12-21 13:08:57 |
| 1135 || 35.3317051019914 || 2011-03-18 20:30:55 |
| 1136 || 0.538268855992666 || 2019-01-15 18:00:19 |
| 1137 || 18.0916842172036 || 2011-02-18 17:47:14 |
| 1138 || -14.0687978661185 || 2014-09-27 04:45:07 |
| 1139 || -21.0752413022698 || 2013-01-14 11:14:13 |
| 1140 || 5.36671257379669 || 2014-07-01 20:40:34 |
| 1141 || -1.27751775305546 || 2015-08-08 17:17:05 |
| 1142 || -3.56679270602243 || 2015-06-27 23:38:19 |
| 1143 || -21.5325156995367 || 2016-10-07 08:30:20 |
| 1144 || -24.4636928491614 || 2019-10-07 17:56:52 |
| 1145 || -17.9306083194814 || 2016-12-09 20:58:24 |
| 1146 || 2.77861381141609 || 2015-01-03 01:05:19 |
| 1147 || 10.0771507242875 || 2012-10-04 12:43:58 |
| 1148 || -12.9478129547689 || 2016-05-23 13:00:01 |
| 1149 || 38.5062877531087 || 2016-12-12 19:06:32 |
| 1150 || 51.9243631683949 || 2014-01-20 03:15:16 |
| 1151 || -2.17588295175665 || 2010-10-15 09:26:43 |
| 1152 || -1.30782920834955 || 2019-11-02 02:16:38 |
| 1153 || -10.0967199891909 || 2016-11-17 23:04:42 |
| 1154 || 85.593544288083 || 2019-11-11 01:53:42 |
| 1155 || -15.0139508944492 || 2017-09-01 04:03:24 |
| 1156 || 3.46826260054555 || 2014-12-06 12:49:41 |
| 1157 || -0.679883032294425 || 2012-06-25 10:28:27 |
| 1158 || -15.476942927298 || 2014-02-26 18:47:24 |
| 1159 || 87.2208640767606 || 2019-03-06 10:24:15 |
| 1160 || 37.3993464325315 || 2017-07-25 19:25:38 |
| 1161 || 16.8438767180801 || 2010-05-24 03:34:24 |
| 1162 || -0.810940494248704 || 2011-02-06 13:11:44 |
| 1163 || 12.1507962441511 || 2011-09-08 07:11:02 |
| 1164 || 5.95506057095898 || 2016-04-25 12:46:43 |
| 1165 || 69.0499192964122 || 2016-08-02 15:23:00 |
| 1166 || 21.3908236476423 || 2019-10-23 15:53:48 |
| 1167 || 0.974058417983249 || 2019-07-11 14:10:09 |
| 1168 || 18.926659294012 || 2012-11-20 17:34:12 |
| 1169 || -23.3178604754573 || 2015-05-15 12:03:25 |
| 1170 || 71.6307574772614 || 2012-10-18 20:49:08 |
| 1171 || 16.4663004494029 || 2010-02-27 02:00:29 |
| 1172 || 0.185581878290521 || 2019-03-09 19:16:38 |
| 1173 || 8.64324567254722 || 2015-04-06 20:39:56 |
| 1174 || -25.8122653469761 || 2015-05-18 04:05:14 |
| 1175 || -21.9630032413924 || 2011-01-09 05:38:37 |
| 1176 || 15.037358222704 || 2011-11-05 10:45:46 |
| 1177 || -0.00411301938524325 || 2013-03-25 22:12:12 |
| 1178 || -0.528648503166824 || 2017-04-10 01:37:19 |
| 1179 || 57.4008787191427 || 2014-12-02 05:18:31 |
| 1180 || -23.4101545849531 || 2017-08-13 23:46:28 |
| 1181 || 14.0867383584334 || 2014-04-23 09:44:18 |
| 1182 || -0.0281822281936876 || 2016-02-04 14:09:14 |
| 1183 || 23.7025205671983 || 2017-03-19 07:17:26 |
| 1184 || 17.2455164663336 || 2017-10-14 12:17:54 |
| 1185 || 85.5680532810521 || 2019-03-07 23:11:58 |
| 1186 || 41.8874511398892 || 2011-02-14 06:41:54 |
| 1187 || -0.433259792033977 || 2016-03-14 02:27:07 |
| 1188 || 7.89042266005326 || 2018-03-23 11:39:49 |
| 1189 || 70.9209734236972 || 2018-09-26 15:09:32 |
| 1190 || 58.1249632977652 || 2018-02-14 03:15:34 |
| 1191 || -15.783265910495 || 2019-04-20 18:36:14 |
| 1192 || 3.08098558542298 || 2018-11-27 06:21:16 |
| 1193 || 5.94393141456886 || 2014-09-23 01:06:08 |
| 1194 || 12.6808514988724 || 2019-12-15 09:03:39 |
| 1195 || -8.27086308641347 || 2016-06-17 09:10:10 |
| 1196 || 6.43046247605897 || 2018-01-16 17:41:03 |
| 1197 || 2.59812124617844 || 2012-12-06 06:15:29 |
| 1198 || 2.39988067016262 || 2019-02-03 20:50:52 |
| 1199 || 61.6406633906892 || 2015-04-22 18:19:21 |
| 1200 || 28.0486451081943 || 2012-11-07 04:04:22 |
| 1201 || -19.3156135663881 || 2018-08-18 10:31:16 |
| 1202 || 8.33042302046713 || 2014-10-17 21:55:37 |
| 1203 || 6.58144534508792 || 2013-12-18 22:52:28 |
| 1204 || 56.2865864305774 || 2012-07-22 10:44:52 |
| 1205 || 29.4643063374261 || 2011-09-01 09:42:21 |
| 1206 || 62.7304199714883 || 2013-06-18 07:47:02 |
| 1207 || 10.0946738417985 || 2019-10-08 08:39:52 |
| 1208 || 4.15841376668887 || 2012-01-23 13:26:54 |
| 1209 || 51.1558360745258 || 2013-12-27 03:10:13 |
| 1210 || 34.2431458890123 || 2018-03-22 06:04:45 |
| 1211 || -1.19468633691622 || 2015-11-12 19:22:37 |
| 1212 || 8.40195969896593 || 2014-05-10 14:43:23 |
| 1213 || 0.0955809888001333 || 2014-04-27 21:34:51 |
| 1214 || 29.5893148086477 || 2011-09-14 02:14:02 |
| 1215 || 77.7532248283989 || 2016-01-22 01:16:04 |
| 1216 || 64.9467896015993 || 2016-03-13 06:53:46 |
| 1217 || 18.3739793043932 || 2017-04-27 12:20:23 |
| 1218 || 1.08765513108258 || 2010-09-16 22:41:46 |
| 1219 || 20.3771153061706 || 2015-12-06 10:52:31 |
| 1220 || 63.9925162857547 || 2019-06-07 12:39:52 |
| 1221 || 22.7341455092902 || 2013-06-06 23:07:30 |
| 1222 || 11.4111429748624 || 2013-06-23 08:07:17 |
| 1223 || 0.191471391888285 || 2017-01-19 07:22:02 |
| 1224 || -9.92802407247798 || 2011-11-02 21:23:07 |
| 1225 || 43.3512345988427 || 2017-04-16 13:25:57 |
| 1226 || -22.3510565396695 || 2015-06-22 07:10:49 |
| 1227 || 0.83798989758611 || 2016-03-17 09:29:23 |
| 1228 || 0.000957695754989023 || 2011-07-22 06:08:35 |
| 1229 || 4.63509658755414 || 2018-09-12 03:59:50 |
| 1230 || -7.26923051725051 || 2013-01-10 09:58:54 |
| 1231 || 70.2660408991684 || 2015-05-04 01:50:23 |
| 1232 || 8.3851165728962 || 2011-06-08 17:44:15 |
| 1233 || 0.325841899427353 || 2012-09-21 21:41:54 |
| 1234 || 16.8436439661511 || 2010-02-20 19:30:37 |
| 1235 || 25.9855576304542 || 2013-06-10 21:44:50 |
| 1236 || 17.2290507409097 || 2013-06-02 10:02:17 |
| 1237 || -11.8668726117009 || 2013-01-15 23:19:40 |
| 1238 || -0.458337205321106 || 2012-12-05 05:16:36 |
| 1239 || 15.2291686485853 || 2016-04-15 03:49:20 |
| 1240 || 70.6968543899524 || 2012-07-03 17:30:35 |
| 1241 || 77.1073650718185 || 2010-07-07 13:12:16 |
| 1242 || 19.3241215961951 || 2010-04-04 18:43:57 |
| 1243 || 0.54047990461838 || 2019-05-09 11:17:18 |
| 1244 || -0.683706416346554 || 2015-07-09 03:16:08 |
| 1245 || 17.4205634122113 || 2015-12-09 12:57:44 |
| 1246 || 84.4446247069457 || 2013-12-10 07:53:46 |
| 1247 || 14.3752335288413 || 2011-09-23 02:13:49 |
| 1248 || -1.34378604847377 || 2013-06-20 08:56:59 |
| 1249 || 11.0594159794021 || 2018-08-23 08:25:06 |
| 1250 || -20.5963893982755 || 2016-08-19 06:02:33 |
| 1251 || -19.0440673836671 || 2015-04-08 21:11:59 |
| 1252 || 56.7302403993131 || 2011-09-24 05:55:36 |
| 1253 || 8.05180784634376 || 2016-02-10 22:38:38 |
| 1254 || -2.19982584182493 || 2019-07-12 00:06:08 |
| 1255 || 32.80327088811 || 2015-11-12 11:07:40 |
| 1256 || 20.9242759546028 || 2014-10-02 10:17:31 |
| 1257 || 58.2479334804591 || 2014-07-27 07:09:00 |
| 1258 || -1.88038563354683 || 2013-04-12 10:44:24 |
| 1259 || 0.995786111930919 || 2013-12-16 18:16:40 |
| 1260 || 46.5859322987452 || 2013-06-09 16:22:42 |
| 1261 || 71.0437416778443 || 2012-12-03 08:14:55 |
| 1262 || 54.4883294267721 || 2018-01-22 21:40:53 |
| 1263 || 7.40742676643298 || 2012-03-19 00:15:26 |
| 1264 || -0.881666998136818 || 2016-03-12 14:20:17 |
| 1265 || 13.0674456588295 || 2019-03-16 00:12:47 |
| 1266 || 83.2429137867082 || 2010-10-06 03:02:22 |
| 1267 || 41.2073490503655 || 2010-06-16 05:08:06 |
| 1268 || 7.22418617152643 || 2018-06-16 05:12:26 |
| 1269 || 0.0388495174724195 || 2018-01-14 09:47:01 |
| 1270 || -4.32810232919703 || 2019-08-26 19:02:48 |
| 1271 || 5.56762684649728 || 2016-01-10 13:10:09 |
| 1272 || 49.899172707716 || 2019-10-13 01:00:36 |
| 1273 || -7.99381824285322 || 2018-04-26 11:14:56 |
| 1274 || 0.309968238098986 || 2013-01-15 17:16:23 |
| 1275 || 29.2702514357842 || 2011-02-05 02:05:21 |
| 1276 || -22.6682934158626 || 2015-12-23 19:55:52 |
| 1277 || 72.001378027431 || 2010-05-26 22:55:12 |
| 1278 || 9.80488484352706 || 2016-01-18 13:02:55 |
| 1279 || -0.00121430894091086 || 2015-10-27 00:10:01 |
| 1280 || -10.2373335202526 || 2016-10-10 14:01:43 |
| 1281 || 33.8926476569937 || 2018-12-05 00:41:06 |
| 1282 || -9.77901486434435 || 2017-04-26 11:25:47 |
| 1283 || -2.19777671220964 || 2011-06-05 19:46:36 |
| 1284 || 0.246423668831794 || 2015-10-15 14:26:52 |
| 1285 || 25.4789768839674 || 2012-09-27 14:27:41 |
| 1286 || 62.2445584798683 || 2019-07-02 12:34:36 |
| 1287 || 31.2838552029547 || 2010-02-11 03:55:05 |
| 1288 || 9.62706108756894 || 2010-02-02 15:27:09 |
| 1289 || -0.360846477332537 || 2014-06-12 00:06:20 |
| 1290 || 19.4711237516861 || 2016-05-11 19:30:35 |
| 1291 || 68.6499565201037 || 2010-09-23 13:58:53 |
| 1292 || 87.3621023750334 || 2015-11-04 07:52:08 |
| 1293 || 45.3975384283091 || 2015-07-24 03:02:56 |
| 1294 || -0.609373989996809 || 2010-09-09 02:38:10 |
| 1295 || 14.8245167676951 || 2017-09-02 15:13:23 |
| 1296 || 38.5187825679103 || 2015-03-11 04:50:30 |
| 1297 || 18.8789932205122 || 2016-12-22 23:52:51 |
| 1298 || 44.8934044256395 || 2019-07-27 19:01:46 |
| 1299 || 0.00208581247114776 || 2015-07-15 19:39:19 |
| 1300 || 7.82831898717885 || 2014-12-05 04:42:10 |
| 1301 || 4.97582198107439 || 2011-09-26 21:59:13 |
| 1302 || 56.7509911520353 || 2011-02-11 06:28:29 |
| 1303 || -18.0833088092011 || 2012-11-12 01:18:32 |
| 1304 || 2.60511634015689 || 2015-01-22 20:35:52 |
| 1305 || -2.00242678418374 || 2011-03-06 07:54:16 |
| 1306 || -8.8277287644766 || 2015-07-17 04:02:18 |
| 1307 || -11.5377911384318 || 2012-04-24 07:16:10 |
| 1308 || 0.797466205023153 || 2017-11-13 10:12:43 |
| 1309 || 5.44899486343838 || 2017-06-04 16:55:22 |
| 1310 || 5.379261869622 || 2014-12-15 20:45:16 |
| 1311 || 11.0693198813993 || 2015-11-03 15:03:53 |
| 1312 || 0.0852279910017319 || 2013-03-18 20:25:27 |
| 1313 || 62.8226761736398 || 2015-09-16 18:37:25 |
| 1314 || 0.285698003528952 || 2015-01-05 10:31:56 |
| 1315 || -0.963570467736895 || 2010-11-06 04:02:05 |
| 1316 || -9.98169186432104 || 2019-07-12 23:49:41 |
| 1317 || 32.7257763370376 || 2015-07-25 07:37:39 |
| 1318 || 0.201245642709192 || 2017-05-14 05:31:01 |
| 1319 || -4.09956101370966 || 2012-11-10 17:33:24 |
| 1320 || 1.47648289562254 || 2017-02-24 05:04:28 |
| 1321 || 42.3932988848881 || 2014-07-17 06:33:34 |
| 1322 || -3.27499466624989 || 2017-02-16 14:59:17 |
| 1323 || 37.3416951342558 || 2015-06-26 00:44:04 |
| 1324 || -4.54528267080979 || 2013-09-27 18:08:17 |
| 1325 || -0.119075210816946 || 2016-12-18 13:57:40 |
| 1326 || 8.02046009817627 || 2010-07-21 07:25:08 |
| 1327 || 54.6600278266192 || 2011-09-07 21:02:05 |
| 1328 || 57.9038938305558 || 2013-12-03 17:11:29 |
| 1329 || -9.22363913954598 || 2012-10-18 15:44:12 |
| 1330 || 0.0295390938009262 || 2017-05-12 01:26:15 |
| 1331 || 31.6759704250603 || 2018-01-08 10:52:01 |
| 1332 || 17.3306535362479 || 2015-05-09 04:51:52 |
| 1333 || 75.2133997026096 || 2019-06-03 00:33:53 |
| 1334 || 0.200595955180024 || 2013-02-01 20:14:47 |
| 1335 || -0.0170286359629338 || 2016-09-09 03:27:51 |
| 1336 || 17.438753767399 || 2015-07-04 04:19:17 |
| 1337 || 8.50031946743235 || 2012-11-05 05:00:36 |
| 1338 || 84.3026526746493 || 2013-03-19 23:18:16 |
| 1339 || 15.8367091792071 || 2018-01-11 06:50:51 |
| 1340 || 0.576432797362488 || 2015-03-10 15:40:43 |
| 1341 || -3.82820600167006 || 2011-12-25 14:09:22 |
| 1342 || 63.4328006057737 || 2017-01-13 23:32:39 |
| 1343 || 77.4362440802634 || 2013-04-18 08:39:00 |
| 1344 || 40.6714623578037 || 2015-08-20 11:11:25 |
| 1345 || 1.05287814794827 || 2019-02-01 09:55:38 |
| 1346 || 6.08194839809638 || 2018-06-18 01:50:03 |
| 1347 || 43.3238238456307 || 2015-09-17 20:18:34 |
| 1348 || 19.9838100951079 || 2019-05-20 17:54:19 |
| 1349 || 11.8668344545983 || 2018-09-16 01:03:53 |
| 1350 || 4.22358626479455 || 2016-03-20 10:26:02 |
| 1351 || 4.06627142004567 || 2018-03-14 09:07:53 |
| 1352 || -18.4584568117118 || 2016-10-11 04:26:55 |
| 1353 || -24.5859869579897 || 2010-12-07 00:26:14 |
| 1354 || -17.7964198133992 || 2015-04-14 05:24:55 |
| 1355 || -1.1997023905808 || 2018-02-25 03:18:13 |
| 1356 || -1.10722852125054 || 2019-07-03 07:34:11 |
| 1357 || 41.8881235036523 || 2013-05-12 02:18:40 |
| 1358 || 83.8939285914529 || 2013-11-14 20:07:45 |
| 1359 || 3.98941629555041 || 2010-03-23 14:04:46 |
| 1360 || -3.27482442408293 || 2016-02-01 07:07:36 |
| 1361 || 5.74349694755106 || 2014-06-19 10:39:14 |
| 1362 || 19.7889739625062 || 2014-08-20 08:08:18 |
| 1363 || 63.9967022636612 || 2013-12-24 15:38:46 |
| 1364 || 20.0054474711414 || 2014-10-16 06:02:28 |
| 1365 || 13.8565724966525 || 2013-10-17 22:24:12 |
| 1366 || 3.69250002373413 || 2018-11-12 16:59:53 |
| 1367 || -6.11737370821111 || 2012-07-15 11:24:20 |
| 1368 || -29.5218895060466 || 2015-09-04 04:39:25 |
| 1369 || -5.02593011451497 || 2012-08-16 00:47:03 |
| 1370 || 3.19094356912508 || 2015-12-23 11:05:58 |
| 1371 || 2.05108352727604 || 2011-07-27 13:48:35 |
| 1372 || 36.0621123331964 || 2010-06-01 01:55:27 |
| 1373 || 73.2282408434529 || 2013-07-25 20:15:33 |
| 1374 || 16.4136818253939 || 2017-06-11 07:35:01 |
| 1375 || -6.69583386836604 || 2016-01-23 07:44:31 |
| 1376 || -0.149038206606485 || 2017-08-24 22:46:20 |
| 1377 || 13.3667515743816 || 2014-09-27 22:56:44 |
| 1378 || -25.2915983061219 || 2013-08-21 06:07:17 |
| 1379 || -22.4506508691942 || 2012-03-21 17:37:55 |
| 1380 || -8.17656315169986 || 2016-07-16 12:13:43 |
| 1381 || 0.0847977733652335 || 2010-06-02 00:47:49 |
| 1382 || 20.1519851736428 || 2014-12-27 11:09:26 |
| 1383 || 20.9979914348045 || 2016-02-03 11:42:24 |
| 1384 || -16.7793867760598 || 2015-06-25 17:01:54 |
| 1385 || 31.2528992724818 || 2011-06-27 12:06:33 |
| 1386 || 0.0797798692822016 || 2015-03-02 14:29:14 |
| 1387 || 6.3910883410744 || 2014-10-07 09:29:24 |
| 1388 || 60.2814316814823 || 2018-02-11 11:21:29 |
| 1389 || -27.4931409610305 || 2016-02-07 03:55:49 |
| 1390 || 2.31704644591239 || 2011-10-15 07:57:08 |
| 1391 || 0.711652499363548 || 2018-03-18 03:13:33 |
| 1392 || 21.2210537190928 || 2012-06-15 13:35:06 |
| 1393 || -7.0866519288827 || 2010-11-06 12:20:08 |
| 1394 || 73.8640157652816 || 2016-05-26 18:25:13 |
| 1395 || 20.6819468779342 || 2012-06-11 03:05:34 |
| 1396 || 1.02738787892432 || 2017-03-09 23:19:03 |
| 1397 || 17.2507475064401 || 2019-03-27 22:44:42 |
| 1398 || -21.4203496794009 || 2011-02-21 22:43:21 |
| 1399 || -29.5004327043148 || 2016-08-02 19:48:38 |
| 1400 || 46.7924858613251 || 2011-02-22 19:11:29 |
| 1401 || 3.59139362251593 || 2017-03-23 11:11:05 |
| 1402 || 4.70200151837737 || 2018-09-18 13:40:01 |
| 1403 || 49.2410604404093 || 2017-03-26 11:32:17 |
| 1404 || 31.9352172304202 || 2011-05-16 23:15:31 |
| 1405 || 37.9297703405954 || 2012-03-13 01:46:08 |
| 1406 || 5.43497345587422 || 2012-07-15 12:10:53 |
| 1407 || 4.45214656235705 || 2018-11-14 03:11:54 |
| 1408 || -14.1840795463036 || 2013-03-11 11:02:16 |
| 1409 || 9.0599461301548 || 2014-05-12 17:45:24 |
| 1410 || 58.0850678913185 || 2017-06-01 13:48:06 |
| 1411 || 0.0563007061358841 || 2010-05-07 21:22:28 |
| 1412 || 6.43799822155138 || 2018-04-16 00:53:23 |
| 1413 || 25.9924905829194 || 2011-03-15 02:21:55 |
| 1414 || 53.4147652684525 || 2011-01-14 16:59:25 |
| 1415 || 23.8834504081005 || 2012-06-05 08:56:48 |
| 1416 || -4.22901738266884 || 2012-04-02 01:28:01 |
| 1417 || 4.40254374102568 || 2018-03-16 20:43:47 |
| 1418 || -5.80247196694354 || 2010-06-27 18:53:00 |
| 1419 || 71.5589952985129 || 2016-10-22 20:20:56 |
| 1420 || -18.3276897207712 || 2013-11-10 11:48:28 |
| 1421 || -5.74627743445316 || 2014-04-13 22:45:43 |
| 1422 || 0.642114114614955 || 2013-03-01 09:41:41 |
| 1423 || -13.2756228012661 || 2010-02-10 02:40:55 |
| 1424 || -13.9545686298556 || 2013-12-17 15:42:49 |
| 1425 || 16.7566057899089 || 2011-09-13 14:52:34 |
| 1426 || 20.4626689790671 || 2013-10-26 21:14:57 |
| 1427 || -0.302271084415871 || 2019-09-18 16:26:46 |
| 1428 || -11.9324173369286 || 2015-12-05 17:59:48 |
| 1429 || 44.4179326166146 || 2018-03-06 07:48:58 |
| 1430 || 12.8327420367754 || 2011-07-17 06:37:38 |
| 1431 || 7.71371450022637 || 2017-05-02 21:01:56 |
| 1432 || -0.05310312523373 || 2010-05-01 06:03:36 |
| 1433 || 33.1296649677404 || 2015-04-15 11:15:42 |
| 1434 || -21.3176228340942 || 2011-10-27 22:32:22 |
| 1435 || 26.8800835634911 || 2018-12-10 17:07:39 |
| 1436 || 8.41218925448051 || 2014-12-04 07:27:47 |
| 1437 || 0.0276693609205973 || 2014-11-14 03:06:07 |
| 1438 || 27.5942231479622 || 2016-05-08 17:34:36 |
| 1439 || -25.9476422792044 || 2015-01-02 01:52:56 |
| 1440 || 49.5430887244288 || 2014-08-25 03:52:56 |
| 1441 || 21.8542978303147 || 2019-07-22 12:07:29 |
| 1442 || -0.0549153578669872 || 2016-03-12 04:32:17 |
| 1443 || -6.88201303867739 || 2011-02-22 05:04:29 |
| 1444 || 73.4771049986395 || 2013-10-09 15:50:09 |
| 1445 || -2.08684905766888 || 2017-03-04 16:14:15 |
| 1446 || 34.9701599312929 || 2014-11-19 15:23:56 |
| 1447 || -0.516909427123697 || 2011-05-10 04:06:20 |
| 1448 || -5.398348874435 || 2015-05-04 16:58:33 |
| 1449 || 52.8363430065382 || 2017-10-25 01:29:07 |
| 1450 || 50.8994389666375 || 2014-04-14 02:26:14 |
| 1451 || 9.51298624904862 || 2016-04-07 17:14:43 |
| 1452 || 3.50970473037683 || 2015-03-27 11:40:54 |
| 1453 || -0.05199369755679 || 2017-10-19 10:11:13 |
| 1454 || 25.6878048866834 || 2013-11-11 08:46:09 |
| 1455 || 89.2560187492894 || 2012-01-17 04:13:35 |
| 1456 || 5.51171337707209 || 2015-05-01 21:07:45 |
| 1457 || -1.80592757746006 || 2014-10-11 06:22:00 |
| 1458 || 9.06191733096186 || 2010-08-21 17:34:28 |
| 1459 || -19.3832994628133 || 2011-04-23 17:21:27 |
| 1460 || 77.0114161724502 || 2015-02-01 11:43:11 |
| 1461 || -1.2968829294145 || 2019-01-24 14:09:22 |
| 1462 || -0.434868449265113 || 2012-03-11 06:28:35 |
| 1463 || 0.366913197108538 || 2010-09-05 18:50:41 |
| 1464 || -17.1293753984375 || 2014-08-12 15:24:35 |
| 1465 || 86.6765084087514 || 2012-05-10 22:18:59 |
| 1466 || 46.5815579074672 || 2010-06-07 00:55:35 |
| 1467 || 9.19805225409052 || 2016-03-02 17:36:34 |
| 1468 || 0.529394821198215 || 2014-07-14 13:09:49 |
| 1469 || 50.1918040335797 || 2019-09-20 18:10:32 |
| 1470 || 34.5505501173745 || 2010-10-12 11:36:12 |
| 1471 || 64.6686583858882 || 2010-06-23 11:50:12 |
| 1472 || 4.21481322176873 || 2011-06-12 01:47:25 |
| 1473 || 2.01863355893908 || 2012-08-24 12:16:38 |
| 1474 || 34.1716958072693 || 2019-11-26 17:51:14 |
| 1475 || -14.0682334195097 || 2018-12-13 20:50:37 |
| 1476 || -17.3509613469585 || 2016-06-07 21:23:03 |
| 1477 || 17.7136186390844 || 2010-02-26 04:48:30 |
| 1478 || 0.919841147044415 || 2018-07-01 08:30:30 |
| 1479 || -6.86834166991637 || 2013-05-20 03:50:31 |
| 1480 || 85.5092250347212 || 2015-04-04 21:18:18 |
| 1481 || -7.75543593494513 || 2012-06-19 19:36:34 |
| 1482 || 24.426677999608 || 2016-12-04 18:06:15 |
| 1483 || 0.0498954120918139 || 2015-12-21 15:54:35 |
| 1484 || -8.39992342238203 || 2010-04-26 05:51:40 |
| 1485 || 48.1214524042742 || 2019-12-13 07:10:05 |
| 1486 || 78.3921013948865 || 2011-12-17 10:50:42 |
| 1487 || -7.2066213966514 || 2012-10-19 20:32:01 |
| 1488 || -0.00125088286251229 || 2014-05-06 19:02:46 |
| 1489 || -1.68855543445201 || 2011-08-11 07:53:30 |
| 1490 || -10.3369353467055 || 2014-11-21 06:50:53 |
| 1491 || 74.0972841879523 || 2010-04-21 21:56:19 |
| 1492 || 2.83575483748738 || 2010-01-08 19:34:56 |
| 1493 || -0.0572876666859249 || 2013-02-20 06:51:46 |
| 1494 || 22.2133918878605 || 2012-06-20 01:01:11 |
| 1495 || 38.7507696250166 || 2015-06-16 07:22:50 |
| 1496 || 83.3946469806991 || 2018-11-22 17:44:58 |
| 1497 || 32.1918856454284 || 2014-01-10 10:47:51 |
| 1498 || 0.196411075811515 || 2010-12-05 15:43:17 |
| 1499 || 13.4307598836893 || 2019-12-08 13:20:39 |
| 1500 || 68.4990243771015 || 2018-12-16 15:04:13 |
| 1501 || 86.6507530962924 || 2016-10-06 09:26:12 |
| 1502 || 33.4394514599571 || 2018-02-21 13:55:17 |
| 1503 || 0.434111404626342 || 2012-12-12 15:58:31 |
| 1504 || 15.3759352995831 || 2014-08-16 19:27:19 |
| 1505 || 66.712044285022 || 2010-04-25 00:29:30 |
| 1506 || -15.2356455466156 || 2018-10-27 10:47:35 |
| 1507 || 14.970956360997 || 2012-09-15 00:04:13 |
| 1508 || -1.68979854755527 || 2010-10-08 03:32:13 |
| 1509 || 5.63952230209571 || 2014-10-13 16:25:17 |
| 1510 || 22.0398287100695 || 2010-04-23 00:24:30 |
| 1511 || -1.80840272589006 || 2019-07-23 02:04:58 |
| 1512 || 27.7304116971905 || 2015-07-23 04:48:12 |
| 1513 || 3.14734586395474 || 2015-12-05 17:00:55 |
| 1514 || -2.14195571925778 || 2017-08-11 05:01:58 |
| 1515 || -18.7471184357691 || 2018-08-19 18:00:41 |
| 1516 || 88.3336817020188 || 2018-04-11 09:54:34 |
| 1517 || -18.6119196437198 || 2017-12-18 03:14:36 |
| 1518 || -3.07079795782805 || 2018-10-13 10:27:17 |
| 1519 || -0.555053353633735 || 2010-05-03 05:53:06 |
| 1520 || 10.6081997056843 || 2014-10-18 08:46:56 |
| 1521 || 87.1520149941216 || 2019-02-08 22:53:49 |
| 1522 || 50.3809023409507 || 2016-06-26 04:26:55 |
| 1523 || 15.2103910381439 || 2015-03-04 13:05:34 |
| 1524 || -0.240011627864742 || 2014-06-10 22:42:02 |
| 1525 || -15.4462827766866 || 2017-12-23 15:49:59 |
| 1526 || -25.9047153288299 || 2018-12-16 17:37:58 |
| 1527 || 55.4639008106877 || 2014-10-09 01:47:50 |
| 1528 || 5.93093554129264 || 2013-08-23 16:40:13 |
| 1529 || -0.244793556987361 || 2019-01-02 16:16:07 |
| 1530 || -11.5472308846726 || 2011-11-02 17:26:38 |
| 1531 || 65.2217715380972 || 2016-02-14 19:05:59 |
| 1532 || 75.3512985432997 || 2019-11-08 17:04:36 |
| 1533 || -6.81559657214616 || 2011-05-25 19:12:45 |
| 1534 || 0.175069189016788 || 2014-10-06 13:39:48 |
| 1535 || 31.4203807380824 || 2014-07-09 14:23:06 |
| 1536 || 75.6012962598496 || 2014-10-10 23:09:16 |
| 1537 || -22.6938032807495 || 2017-01-01 04:44:35 |
| 1538 || 13.3303946125151 || 2018-12-19 22:29:09 |
| 1539 || 0.000122010297736713 || 2011-01-22 20:03:50 |
| 1540 || 25.0176264790932 || 2018-06-20 12:40:39 |
| 1541 || 57.5618793590636 || 2013-12-12 11:20:32 |
| 1542 || -15.2527605681964 || 2011-09-15 07:18:27 |
| 1543 || -7.3523458928413 || 2019-05-05 03:33:18 |
| 1544 || -0.0911859338099012 || 2014-10-01 14:23:49 |
| 1545 || 12.3246169035746 || 2011-10-18 14:02:24 |
| 1546 || -6.61165465637698 || 2015-09-13 12:15:08 |
| 1547 || 82.9231295998818 || 2015-01-15 01:31:57 |
| 1548 || 35.9407610444524 || 2016-11-04 12:38:50 |
| 1549 || 0.0791605961858469 || 2015-08-06 00:45:28 |
| 1550 || 13.7803052893227 || 2019-10-10 12:13:05 |
| 1551 || 30.8026904472066 || 2014-01-18 05:16:47 |
| 1552 || 73.2559389375618 || 2016-02-23 10:30:19 |
| 1553 || 31.0629011925169 || 2013-07-23 00:32:45 |
| 1554 || 1.3312606664734 || 2017-09-09 04:30:19 |
| 1555 || -5.42636670600736 || 2015-07-21 18:15:25 |
| 1556 || 48.6275111233178 || 2018-08-03 23:51:51 |
| 1557 || 87.2494015576979 || 2018-07-22 06:46:43 |
| 1558 || 25.4829122046843 || 2019-07-27 16:45:25 |
| 1559 || -1.48183788655452 || 2012-02-09 18:25:37 |
| 1560 || -4.09120124784053 || 2018-08-16 11:02:45 |
| 1561 || 7.98894671824995 || 2013-10-14 21:05:28 |
| 1562 || -24.1653047984255 || 2018-03-12 06:54:07 |
| 1563 || -9.63439561655455 || 2014-05-26 14:25:59 |
| 1564 || 6.23953920061131 || 2015-03-05 03:09:14 |
| 1565 || 2.97404057848413 || 2012-03-01 11:07:17 |
| 1566 || 42.0622655094553 || 2015-04-26 09:50:31 |
| 1567 || 25.2318785915041 || 2010-02-23 05:26:42 |
| 1568 || -19.7574533015717 || 2011-07-13 02:42:44 |
| 1569 || 9.08021965093626 || 2011-05-03 21:59:10 |
| 1570 || 3.40085078031165 || 2011-06-03 14:02:43 |
| 1571 || -17.2955850868994 || 2010-08-04 09:04:50 |
| 1572 || 10.5140871602775 || 2013-04-15 00:38:50 |
| 1573 || -16.1843330103702 || 2015-05-26 15:26:00 |
| 1574 || 1.01327162100768 || 2012-02-03 11:04:44 |
| 1575 || -1.14980164984267 || 2016-08-16 19:31:30 |
| 1576 || -13.7384555713644 || 2010-10-06 09:42:07 |
| 1577 || 44.4635204036968 || 2013-09-27 05:22:03 |
| 1578 || -14.1693132404505 || 2014-05-01 20:51:31 |
| 1579 || -0.790570444646862 || 2018-01-25 03:21:09 |
| 1580 || 1.10182830436745 || 2012-12-27 01:30:54 |
| 1581 || 27.2286369699918 || 2018-08-23 21:43:13 |
| 1582 || 80.457549501072 || 2018-08-16 13:25:03 |
| 1583 || 20.0915182116018 || 2018-08-23 17:52:07 |
| 1584 || 1.32383654921154 || 2010-08-10 05:27:33 |
| 1585 || 0.380997354328923 || 2019-07-27 05:55:02 |
| 1586 || 23.655683854131 || 2017-02-17 18:39:24 |
| 1587 || 50.0402074264403 || 2014-06-22 13:58:30 |
| 1588 || 37.9763232051104 || 2017-08-24 05:55:13 |
| 1589 || -1.20688778528096 || 2015-09-02 06:15:33 |
| 1590 || -0.00578176277186987 || 2015-10-08 21:57:32 |
| 1591 || 2.15191258776817 || 2017-10-06 13:13:21 |
| 1592 || 73.3407971473454 || 2016-12-18 17:23:04 |
| 1593 || 35.7542974903491 || 2015-12-01 13:25:12 |
| 1594 || 25.2892777659307 || 2016-04-22 22:02:42 |
| 1595 || -0.0378848449941308 || 2019-07-08 18:51:01 |
| 1596 || 2.90256029216726 || 2016-07-01 23:55:52 |
| 1597 || 36.248793302213 || 2010-06-17 07:02:07 |
| 1598 || -2.48558470179982 || 2011-06-09 19:16:28 |
| 1599 || 9.03860998274115 || 2012-08-16 18:28:00 |
| 1600 || 0.596270839693785 || 2014-12-12 11:05:44 |
| 1601 || 21.4690364248951 || 2017-03-17 22:46:14 |
| 1602 || -20.4764045246109 || 2016-05-04 15:48:39 |
| 1603 || 85.7725399807505 || 2016-02-08 02:19:39 |
| 1604 || -5.30144286233012 || 2019-07-22 04:02:35 |
| 1605 || 2.40568377109183 || 2013-08-22 21:30:09 |
| 1606 || 17.0221682759147 || 2019-02-10 16:52:37 |
| 1607 || -8.60083198638201 || 2019-09-03 21:46:09 |
| 1608 || 65.2991481037985 || 2012-12-07 23:13:58 |
| 1609 || 49.4087903828519 || 2018-10-19 02:24:57 |
| 1610 || 4.49377143010626 || 2017-05-17 20:13:36 |
| 1611 || 11.409606036861 || 2012-02-07 06:29:41 |
| 1612 || 47.7344382790764 || 2015-06-22 19:23:42 |
| 1613 || -22.0773951176622 || 2017-06-22 15:47:50 |
| 1614 || 52.2365160531625 || 2016-10-04 19:34:44 |
| 1615 || 3.20270789193542 || 2017-01-14 13:02:47 |
| 1616 || 5.84896291474234 || 2019-11-24 07:19:10 |
| 1617 || -1.26242604107957 || 2017-03-12 23:51:16 |
| 1618 || -4.3408741198511 || 2010-11-05 01:15:02 |
| 1619 || -4.24254931848422 || 2011-02-11 20:39:04 |
| 1620 || -2.08752550226451 || 2011-11-16 01:19:28 |
| 1621 || -0.441093633828936 || 2018-01-09 11:04:37 |
| 1622 || 45.6291871251917 || 2017-10-12 17:40:21 |
| 1623 || 89.4588369166285 || 2013-05-08 20:09:43 |
| 1624 || -21.6225917466906 || 2019-10-18 20:07:24 |
| 1625 || 11.7561632100439 || 2012-08-12 15:03:46 |
| 1626 || 3.83263233706751 || 2010-07-20 17:39:55 |
| 1627 || 30.9970260928988 || 2015-11-01 21:26:33 |
| 1628 || 52.1127090660863 || 2015-02-16 12:14:59 |
| 1629 || 49.4378998437179 || 2017-04-03 20:59:05 |
| 1630 || 16.8584983289931 || 2018-11-17 13:57:39 |
| 1631 || 1.82816309732342 || 2014-12-05 14:12:21 |
| 1632 || 6.76615805126228 || 2010-05-20 14:04:37 |
| 1633 || 57.1044042510695 || 2011-12-27 12:16:29 |
| 1634 || 59.7346104185594 || 2011-10-12 06:30:25 |
| 1635 || 22.5512431800367 || 2019-07-18 20:18:27 |
| 1636 || -0.139284375577809 || 2011-02-19 11:04:09 |
| 1637 || 37.2549663662565 || 2010-08-20 09:47:16 |
| 1638 || 20.081098937758 || 2013-08-12 10:40:31 |
| 1639 || -11.8260755155728 || 2015-10-21 16:15:23 |
| 1640 || 7.67624727464865 || 2016-03-13 02:40:30 |
| 1641 || 0.0461902682296987 || 2015-02-18 22:10:31 |
| 1642 || -4.93976432742275 || 2012-08-13 12:26:09 |
| 1643 || 13.4793390490793 || 2015-01-14 01:40:08 |
| 1644 || 12.5154103269966 || 2017-03-21 06:24:34 |
| 1645 || 31.4362833075046 || 2018-07-16 06:30:07 |
| 1646 || 0.0960107872274982 || 2010-06-02 07:08:59 |
| 1647 || 16.6279595852167 || 2019-08-04 16:43:05 |
| 1648 || 41.1039127750501 || 2018-04-04 18:42:46 |
| 1649 || 43.5625660635701 || 2017-02-23 10:22:52 |
| 1650 || 28.8421064947457 || 2014-10-17 05:46:43 |
| 1651 || -0.244409174376824 || 2010-08-26 10:58:42 |
| 1652 || -3.23432198835104 || 2016-05-06 08:42:02 |
| 1653 || 72.7612009862207 || 2013-09-20 04:50:32 |
| 1654 || 20.1169857906469 || 2012-07-18 04:05:18 |
| 1655 || 43.5872047224567 || 2011-12-22 12:37:26 |
| 1656 || -0.396787157483549 || 2017-06-09 16:12:55 |
| 1657 || 12.0806543661005 || 2014-10-23 22:45:02 |
| 1658 || 44.5350440242596 || 2014-06-02 18:41:07 |
| 1659 || 21.6576682579963 || 2019-08-02 07:01:27 |
| 1660 || 37.9915277676364 || 2016-03-19 23:50:53 |
| 1661 || -0.00978749684190066 || 2017-01-09 09:35:14 |
| 1662 || -1.94015321270365 || 2018-02-13 10:59:20 |
| 1663 || 64.7902673701623 || 2015-11-26 21:03:59 |
| 1664 || 32.7453926583509 || 2016-10-26 16:52:49 |
| 1665 || 51.3479970437137 || 2014-07-15 21:48:33 |
| 1666 || -1.28817419475378 || 2012-06-25 07:57:30 |
| 1667 || 9.92086428515775 || 2011-07-19 07:05:53 |
| 1668 || 1.31623050542304 || 2019-10-01 16:41:49 |
| 1669 || 89.9517335086763 || 2017-03-14 06:40:00 |
| 1670 || 57.090872964614 || 2019-05-20 08:31:06 |
| 1671 || 1.71463278201309 || 2010-10-15 02:08:01 |
| 1672 || 5.80111354720725 || 2014-03-04 03:41:59 |
| 1673 || 47.763704428093 || 2010-03-07 02:34:54 |
| 1674 || -29.580594927211 || 2017-02-26 18:02:44 |
| 1675 || 42.4466408619385 || 2016-04-18 05:58:33 |
| 1676 || -0.764259244941854 || 2010-03-18 20:05:08 |
| 1677 || -0.964254750170819 || 2010-06-15 17:14:07 |
| 1678 || 0.539453189440405 || 2013-02-18 20:15:48 |
| 1679 || 12.8232656966218 || 2017-03-09 08:07:47 |
| 1680 || -12.5389587315285 || 2017-02-06 07:41:39 |
| 1681 || -3.24401575371922 || 2011-03-01 02:31:27 |
| 1682 || -0.758011811264165 || 2014-11-20 14:32:17 |
| 1683 || 18.0471736778969 || 2011-02-10 15:38:48 |
| 1684 || 77.2907992388365 || 2016-12-03 06:56:53 |
| 1685 || 41.0767372583656 || 2012-12-20 04:42:53 |
| 1686 || 12.2029191684774 || 2014-12-24 04:59:54 |
| 1687 || 0.747372596612331 || 2014-11-01 18:59:35 |
| 1688 || 24.0788720918047 || 2016-11-13 17:23:55 |
| 1689 || 74.2436463325606 || 2010-12-10 17:59:15 |
| 1690 || 43.141550612932 || 2017-05-02 08:12:07 |
| 1691 || 24.3472949835367 || 2016-10-23 10:48:08 |
| 1692 || 0.134735277717937 || 2017-01-03 00:09:43 |
| 1693 || 20.6293274053124 || 2010-10-06 17:00:48 |
| 1694 || 73.7915255292148 || 2011-04-03 17:45:11 |
| 1695 || -10.2944066608408 || 2017-01-27 13:58:38 |
| 1696 || 21.2452343206257 || 2015-02-25 09:57:52 |
| 1697 || 0.0268657563717344 || 2018-07-06 10:57:43 |
| 1698 || 14.2317900478832 || 2019-05-16 19:05:22 |
| 1699 || -0.355243508237746 || 2015-03-15 01:23:15 |
| 1700 || -17.786404944216 || 2016-03-11 17:24:21 |
| 1701 || 25.0209433490391 || 2017-04-08 13:50:22 |
| 1702 || 0.584243643959533 || 2012-02-27 06:39:52 |
| 1703 || 23.2387121218928 || 2016-03-21 05:57:08 |
| 1704 || -21.2531129279149 || 2010-12-20 10:30:58 |
| 1705 || -4.27685467539797 || 2011-03-21 08:03:59 |
| 1706 || 29.8011144887345 || 2012-11-07 12:44:41 |
| 1707 || 1.34141962149982 || 2016-05-09 17:53:37 |
| 1708 || -0.472767226021065 || 2016-03-23 11:31:07 |
| 1709 || 70.5795919514745 || 2012-08-09 12:15:35 |
| 1710 || 31.0222412251679 || 2017-12-21 19:34:32 |
| 1711 || -16.0045709346 || 2011-05-18 13:43:34 |
| 1712 || 3.58537458025251 || 2015-11-23 06:25:18 |
| 1713 || -4.72981700040741 || 2015-09-02 12:53:32 |
| 1714 || -0.960130036287652 || 2014-11-15 08:30:24 |
| 1715 || -26.1717252412413 || 2019-08-02 01:21:48 |
| 1716 || 52.97179258233 || 2013-07-02 04:20:04 |
| 1717 || 6.10642989893234 || 2011-11-25 15:57:36 |
| 1718 || 3.73948299622123 || 2016-04-16 19:43:32 |
| 1719 || 24.3259214580435 || 2018-01-11 12:34:45 |
| 1720 || 1.97484994090384 || 2018-03-07 16:09:31 |
| 1721 || 45.1703212491156 || 2019-08-08 18:11:12 |
| 1722 || -2.05039210619973 || 2010-03-09 16:26:55 |
| 1723 || 0.46258455315599 || 2018-04-05 02:20:05 |
| 1724 || 7.32492861728265 || 2012-01-06 22:32:31 |
| 1725 || 71.8654947440739 || 2017-01-10 14:03:01 |
| 1726 || 56.471439099723 || 2019-11-09 00:42:45 |
| 1727 || 3.8660470806836 || 2014-06-13 05:18:27 |
| 1728 || 3.40217703999927 || 2013-04-01 00:11:10 |
| 1729 || 27.9613604127224 || 2018-03-06 17:39:07 |
| 1730 || 25.3057555187334 || 2015-10-24 03:55:26 |
| 1731 || -2.80121407738828 || 2015-07-04 13:35:31 |
| 1732 || -4.76543382097492 || 2018-04-08 13:45:04 |
| 1733 || 2.41199173227573 || 2015-07-21 13:49:56 |
| 1734 || 0.707670687696862 || 2012-07-21 00:03:51 |
| 1735 || -27.8026458938293 || 2018-12-24 11:56:33 |
| 1736 || 31.4096754472292 || 2019-05-23 01:59:46 |
| 1737 || 12.4052210173734 || 2018-12-26 00:02:35 |
| 1738 || 0.83096727261282 || 2018-05-20 06:13:29 |
| 1739 || 31.865649526235 || 2019-04-05 00:03:40 |
| 1740 || -19.6416758920669 || 2012-08-08 21:15:24 |
| 1741 || -19.0770260105997 || 2011-11-05 21:25:28 |
| 1742 || 20.0838500516568 || 2017-06-05 21:27:12 |
| 1743 || -0.0025014764132159 || 2011-08-08 02:27:51 |
| 1744 || -2.67920085567435 || 2018-12-17 04:59:22 |
| 1745 || -27.5715275322715 || 2017-05-06 07:55:10 |
| 1746 || 71.9648704507643 || 2011-06-21 08:57:37 |
| 1747 || 14.3296743072837 || 2010-07-09 09:45:11 |
| 1748 || 0.00304866260662411 || 2015-02-10 16:54:36 |
| 1749 || -3.09298138891512 || 2015-07-23 11:24:59 |
| 1750 || 49.8074128724577 || 2018-10-16 09:00:20 |
| 1751 || 62.5576012217817 || 2012-05-10 23:32:33 |
| 1752 || -12.0598856932207 || 2012-02-23 04:28:54 |
| 1753 || -0.120310612204561 || 2012-10-17 03:04:01 |
| 1754 || 23.5514045745903 || 2010-01-14 17:09:38 |
| 1755 || -11.1541182474201 || 2017-04-05 11:38:11 |
| 1756 || 85.3930397540605 || 2015-12-12 00:24:14 |
| 1757 || -11.7750791696615 || 2010-10-04 14:40:51 |
| 1758 || -0.00275856009310134 || 2019-05-16 20:10:25 |
| 1759 || 19.4427418963053 || 2014-11-18 23:42:46 |
| 1760 || 48.214901497686 || 2015-08-04 18:58:09 |
| 1761 || 87.7234877613683 || 2015-06-15 14:12:58 |
| 1762 || -10.6526718799735 || 2013-04-21 14:07:07 |
| 1763 || 0.944713888713718 || 2015-07-09 22:37:02 |
| 1764 || 0.849278885136637 || 2011-10-26 22:39:27 |
| 1765 || 63.5445834653 || 2019-12-25 04:50:32 |
| 1766 || -6.50234797088929 || 2015-03-24 13:45:37 |
| 1767 || 50.9848787410001 || 2018-08-15 10:49:05 |
| 1768 || -1.13475084212542 || 2017-01-13 10:11:25 |
| 1769 || -3.53380049866729 || 2016-05-23 00:14:59 |
| 1770 || -6.26705870270165 || 2016-04-16 19:43:02 |
| 1771 || -2.57851312631569 || 2010-12-05 15:27:48 |
| 1772 || 53.5900273617518 || 2019-02-26 04:34:47 |
| 1773 || 8.43377038422517 || 2012-02-17 08:39:20 |
| 1774 || 5.79534280727843 || 2017-12-15 11:51:15 |
| 1775 || 0.840070244882826 || 2018-01-16 16:50:40 |
| 1776 || -18.8587898444701 || 2013-10-24 19:50:16 |
| 1777 || 18.9721560263236 || 2017-11-07 18:10:31 |
| 1778 || 2.34184184618828 || 2012-11-18 12:11:04 |
| 1779 || 5.1061989253785 || 2016-05-17 03:00:10 |
| 1780 || -17.0680254191789 || 2012-08-16 20:05:57 |
| 1781 || 50.7047176613561 || 2014-01-06 08:29:15 |
| 1782 || 66.9984459915659 || 2010-08-08 13:05:55 |
| 1783 || 0.308621453822163 || 2010-01-07 23:52:18 |
| 1784 || 2.61959646464671 || 2017-06-17 21:06:23 |
| 1785 || 43.5337475935746 || 2011-03-10 09:09:04 |
| 1786 || 20.6908748308471 || 2015-09-05 05:48:32 |
| 1787 || 71.9408238767513 || 2017-10-22 20:06:01 |
| 1788 || 4.28434929940011 || 2010-11-06 00:22:32 |
| 1789 || 0.218301459201993 || 2012-01-15 10:29:11 |
| 1790 || 38.3263861153447 || 2011-10-10 15:16:45 |
| 1791 || 85.4544006345303 || 2012-11-27 23:34:40 |
| 1792 || -11.4687313239647 || 2013-07-20 18:54:30 |
| 1793 || 7.92611279763022 || 2014-08-19 11:02:28 |
| 1794 || -0.108834067200643 || 2013-11-08 18:32:38 |
| 1795 || 22.2405157064611 || 2013-04-26 09:52:51 |
| 1796 || 73.5474399077039 || 2019-08-08 01:31:56 |
| 1797 || 36.8927829890735 || 2013-03-01 19:56:08 |
| 1798 || 22.4339318925225 || 2018-11-20 11:31:15 |
| 1799 || 0.000113563055216988 || 2010-10-17 23:12:36 |
| 1800 || -1.53749064363096 || 2013-11-14 23:07:27 |
| 1801 || 8.1328276179433 || 2018-12-01 03:55:41 |
| 1802 || 74.9496247961515 || 2013-09-21 17:53:03 |
| 1803 || -11.5122170376463 || 2017-12-19 01:30:13 |
| 1804 || 0.0245018419583194 || 2012-12-10 06:08:28 |
| 1805 || -6.37500731657648 || 2017-06-07 19:08:04 |
| 1806 || -24.1211051593079 || 2014-07-01 01:23:01 |
| 1807 || 85.3663439508155 || 2019-08-21 14:34:10 |
| 1808 || -11.9626483104115 || 2019-02-18 06:18:13 |
| 1809 || -0.125468000793636 || 2017-02-27 02:28:08 |
| 1810 || 15.4241949634964 || 2010-05-22 17:58:44 |
| 1811 || 23.9407009195523 || 2015-05-04 08:47:02 |
| 1812 || 8.91804381778332 || 2015-06-26 10:23:13 |
| 1813 || -15.061014725847 || 2012-10-23 12:22:57 |
| 1814 || 2.62799620943015 || 2015-05-01 16:13:14 |
| 1815 || -1.89537520099582 || 2014-05-10 13:54:30 |
| 1816 || -22.3768776914028 || 2012-04-04 00:37:39 |
| 1817 || 88.8768827556237 || 2019-04-05 03:26:59 |
| 1818 || -14.3851942536108 || 2012-03-08 05:09:50 |
| 1819 || 5.09198836038274 || 2013-03-10 18:53:43 |
| 1820 || 6.68072326834843 || 2013-08-15 14:05:07 |
| 1821 || -5.05462056618025 || 2014-04-19 22:23:44 |
| 1822 || -27.3560917388962 || 2019-05-01 23:33:26 |
| 1823 || 10.2302912801754 || 2010-06-08 16:47:39 |
| 1824 || -2.5106743142811 || 2016-07-18 13:33:18 |
| 1825 || -2.52442146880975 || 2012-12-12 03:27:08 |
| 1826 || 31.9205792013664 || 2011-08-08 06:23:21 |
| 1827 || 5.43050122347641 || 2019-06-16 20:17:56 |
| 1828 || 54.1657187900156 || 2015-01-25 14:19:46 |
| 1829 || -3.5140246139126 || 2018-09-18 15:48:06 |
| 1830 || 2.14922770675737 || 2012-06-06 11:52:10 |
| 1831 || 39.7541936646472 || 2013-12-27 19:06:39 |
| 1832 || -16.8816023701677 || 2019-12-23 10:53:27 |
| 1833 || 37.6355763272992 || 2014-01-19 14:07:30 |
| 1834 || 15.0606679085152 || 2016-05-24 02:25:23 |
| 1835 || -1.11419780295768 || 2012-03-10 04:44:54 |
| 1836 || 9.09520150985898 || 2014-09-07 12:32:07 |
| 1837 || 87.8750189711787 || 2012-03-22 02:04:21 |
| 1838 || 61.1404052204271 || 2015-02-22 06:25:26 |
| 1839 || 12.2837410138869 || 2019-01-26 15:57:19 |
| 1840 || 1.34578009259098 || 2013-04-15 01:38:48 |
| 1841 || -2.25489519325828 || 2016-01-24 23:29:43 |
| 1842 || 14.2957161693568 || 2012-06-09 16:04:14 |
| 1843 || 67.1666661676736 || 2011-02-06 19:35:18 |
| 1844 || -7.79612930942945 || 2018-10-16 11:08:47 |
| 1845 || 0.0320261190265375 || 2012-06-27 03:29:38 |
| 1846 || -5.75099411788036 || 2016-08-23 13:08:01 |
| 1847 || 6.16318717307412 || 2012-02-04 18:14:01 |
| 1848 || 5.23179259301353 || 2018-06-01 16:45:51 |
| 1849 || 4.22715180932643 || 2019-07-25 11:24:35 |
| 1850 || -0.00421365620098717 || 2017-07-27 20:56:37 |
| 1851 || -6.4200495813081 || 2019-10-14 07:02:58 |
| 1852 || -8.35830309058675 || 2012-09-14 09:11:42 |
| 1853 || 78.0880704562613 || 2013-01-01 08:00:10 |
| 1854 || 33.4163241880358 || 2017-10-23 15:50:22 |
| 1855 || 0.0284448402011848 || 2013-07-25 16:34:11 |
| 1856 || 11.733596776282 || 2010-10-10 13:33:13 |
| 1857 || 34.6034439579517 || 2018-01-07 21:31:20 |
| 1858 || -13.47934634062 || 2018-10-19 06:34:28 |
| 1859 || 16.4181876636621 || 2011-12-10 10:28:45 |
| 1860 || 0.918691665067563 || 2012-03-18 20:18:21 |
| 1861 || 19.2488618089338 || 2011-06-18 02:38:25 |
| 1862 || 0.561593761275007 || 2014-09-06 00:54:11 |
| 1863 || 43.4879809591053 || 2019-12-08 04:00:42 |
| 1864 || 8.71669968440497 || 2011-01-05 20:06:35 |
| 1865 || 0.584786880414239 || 2011-11-14 00:38:33 |
| 1866 || 6.65988030841946 || 2012-04-12 03:20:19 |
| 1867 || 68.7654299840443 || 2018-07-18 20:41:58 |
| 1868 || 13.0253315351074 || 2018-07-13 10:50:03 |
| 1869 || 37.9191746025817 || 2018-10-14 08:09:26 |
| 1870 || 4.62649665525319 || 2019-01-10 14:01:33 |
| 1871 || 5.85150315268277 || 2011-07-08 04:37:58 |
| 1872 || 0.885494037294558 || 2011-02-15 06:17:49 |
| 1873 || 4.46023496562085 || 2014-01-12 04:23:57 |
| 1874 || -9.24543160632164 || 2012-05-03 23:27:32 |
| 1875 || -2.20695523253787 || 2017-05-27 00:31:58 |
| 1876 || 9.25057997565518 || 2017-12-03 01:21:18 |
| 1877 || 9.20515590817007 || 2019-02-01 23:41:30 |
| 1878 || -17.522224994455 || 2019-12-25 12:00:06 |
| 1879 || -18.1726626683393 || 2015-09-24 02:59:08 |
| 1880 || 10.5944785301181 || 2012-09-10 00:01:10 |
| 1881 || 5.68776382007677 || 2019-05-08 16:29:20 |
| 1882 || 21.1126258361854 || 2016-05-27 10:40:15 |
| 1883 || -29.5802606798808 || 2010-08-12 17:09:12 |
| 1884 || 45.6197693616094 || 2019-09-07 03:55:24 |
| 1885 || -4.77242314212914 || 2018-04-10 10:27:08 |
| 1886 || -0.0184575049591575 || 2013-01-01 09:52:34 |
| 1887 || 28.9537659212586 || 2014-11-11 02:08:41 |
| 1888 || 74.1021601594587 || 2010-10-27 15:59:08 |
| 1889 || 12.8377098273223 || 2019-01-17 17:30:59 |
| 1890 || 12.4126349595435 || 2019-06-03 13:47:43 |
| 1891 || -0.251992301016785 || 2013-02-04 20:28:04 |
| 1892 || 16.3647078900997 || 2010-08-13 13:32:27 |
| 1893 || 71.5343944899332 || 2016-06-01 00:46:57 |
| 1894 || 39.0364573619153 || 2016-09-18 21:29:09 |
| 1895 || 9.0650752059155 || 2018-07-16 18:29:36 |
| 1896 || -0.0940383046374306 || 2017-04-18 20:40:44 |
| 1897 || 24.4643392569264 || 2017-09-19 09:28:30 |
| 1898 || 80.4620041898783 || 2013-09-26 15:44:38 |
| 1899 || 45.2488057144175 || 2017-09-23 11:24:19 |
| 1900 || -6.56082594113546 || 2018-12-05 23:32:15 |
| 1901 || 0.0286526286990586 || 2018-02-09 10:20:58 |
| 1902 || 16.4701542388576 || 2019-12-15 11:37:42 |
| 1903 || -25.0602759885172 || 2015-07-01 08:49:12 |
| 1904 || 62.3280425733386 || 2019-10-10 12:08:47 |
| 1905 || 21.8364787301931 || 2016-01-25 06:21:38 |
| 1906 || -0.0163220622651015 || 2010-05-18 06:27:51 |
| 1907 || -8.45792914136485 || 2017-09-19 17:20:24 |
| 1908 || 68.4218005744696 || 2010-02-01 04:58:15 |
| 1909 || 82.4269969018459 || 2012-07-20 03:44:23 |
| 1910 || -7.71028001030752 || 2017-09-07 06:34:23 |
| 1911 || -0.219905514205851 || 2018-01-20 08:56:06 |
| 1912 || 10.6284356957431 || 2012-05-08 13:46:36 |
| 1913 || 46.4964859518032 || 2013-04-24 10:55:37 |
| 1914 || 47.4528838414483 || 2010-08-17 02:12:48 |
| 1915 || 10.8084766726758 || 2017-04-25 08:12:44 |
| 1916 || 2.21124264464563 || 2019-01-10 00:21:15 |
| 1917 || -3.05110750266891 || 2017-04-08 15:41:08 |
| 1918 || 59.4484586868669 || 2015-01-10 18:58:13 |
| 1919 || 25.4898948909963 || 2018-08-16 07:40:22 |
| 1920 || -12.2551170266667 || 2010-05-10 20:17:27 |
| 1921 || 4.20490286769075 || 2011-11-10 17:23:27 |
| 1922 || -3.28645487594511 || 2010-08-16 15:03:36 |
| 1923 || -13.4138182762413 || 2016-06-18 09:53:06 |
| 1924 || 42.6115225070586 || 2010-09-18 02:42:33 |
| 1925 || -17.3442891988334 || 2012-07-08 21:40:44 |
| 1926 || 1.89435669891576 || 2019-01-26 19:41:20 |
| 1927 || -0.847283974489107 || 2010-02-20 15:41:37 |
| 1928 || 34.9492653270027 || 2012-03-07 12:05:03 |
| 1929 || -29.209446948873 || 2013-06-22 21:49:40 |
| 1930 || 49.6343667833751 || 2014-12-16 06:01:15 |
| 1931 || -2.88707491822654 || 2012-12-02 03:20:21 |
| 1932 || 6.67013583630379 || 2016-04-25 03:28:19 |
| 1933 || 46.8269785128502 || 2018-08-11 17:08:35 |
| 1934 || -28.3206529697928 || 2015-07-22 07:15:22 |
| 1935 || 14.2809356614232 || 2013-07-09 17:33:57 |
| 1936 || -4.51958805706378 || 2017-05-07 14:48:33 |
| 1937 || 3.96728026081426 || 2014-09-10 14:49:31 |
| 1938 || 10.5016941655951 || 2012-08-03 17:11:57 |
| 1939 || 40.3346724370567 || 2013-08-04 08:15:24 |
| 1940 || 68.6397620728464 || 2010-11-13 14:43:49 |
| 1941 || 2.2350148707411 || 2016-06-25 05:28:38 |
| 1942 || 2.172121085851 || 2014-12-03 11:38:35 |
| 1943 || 43.7883132390751 || 2017-06-09 04:54:17 |
| 1944 || -1.07929725197803 || 2019-02-21 22:28:52 |
| 1945 || 73.9153797850669 || 2010-04-08 21:24:36 |
| 1946 || 18.2807682019268 || 2017-03-22 11:44:44 |
| 1947 || -0.271821658149481 || 2010-05-07 05:32:13 |
| 1948 || 20.6364026015469 || 2017-01-19 17:47:17 |
| 1949 || 84.3275467160382 || 2018-11-17 16:32:36 |
| 1950 || -22.4866955076023 || 2012-07-10 05:05:27 |
| 1951 || 23.211533504678 || 2018-08-25 08:11:18 |
| 1952 || -0.0304327071786558 || 2016-05-22 13:20:46 |
| 1953 || -10.7536386493389 || 2018-04-11 22:42:21 |
| 1954 || 81.8452512158631 || 2013-12-23 10:56:02 |
| 1955 || 63.322238099594 || 2012-09-22 06:49:56 |
| 1956 || 17.0600067889128 || 2011-04-09 15:13:11 |
| 1957 || 0.0110440895166419 || 2011-02-27 22:48:40 |
| 1958 || 11.1168807375766 || 2013-06-23 12:26:46 |
| 1959 || 3.78494764839315 || 2013-07-18 04:49:48 |
| 1960 || -23.693661686017 || 2015-04-23 04:55:05 |
| 1961 || 36.1640168324703 || 2012-12-19 19:49:48 |
| 1962 || 0.0391614466009046 || 2012-01-07 09:52:42 |
| 1963 || -7.53121844621511 || 2016-10-26 01:43:48 |
| 1964 || -22.409377871102 || 2017-11-15 08:38:08 |
| 1965 || 42.0542695908716 || 2019-12-12 11:02:23 |
| 1966 || -14.1960616182666 || 2010-09-23 07:23:20 |
| 1967 || 1.89033578954511 || 2018-08-05 08:26:10 |
| 1968 || 14.6490709161655 || 2018-05-03 19:14:14 |
| 1969 || 57.9211706591828 || 2015-06-03 06:59:11 |
| 1970 || -29.4504789041223 || 2014-07-18 15:03:32 |
| 1971 || 27.0839281218699 || 2015-10-04 08:39:37 |
| 1972 || -0.291543178529705 || 2016-12-24 16:19:56 |
| 1973 || 10.2474942620144 || 2012-11-27 23:53:57 |
| 1974 || 65.4218690351869 || 2013-07-05 04:08:50 |
| 1975 || 56.4356904606556 || 2014-06-11 17:42:48 |
| 1976 || 2.78304856386326 || 2017-02-18 07:30:08 |
| 1977 || 6.0617175940419 || 2018-03-04 15:40:31 |
| 1978 || 2.3458563418509 || 2010-03-14 15:55:59 |
| 1979 || -16.2984007084706 || 2012-04-09 15:01:58 |
| 1980 || 88.2936941160825 || 2013-03-02 17:00:17 |
| 1981 || 1.91621986323358 || 2013-03-16 14:10:29 |
| 1982 || 9.06531254666177 || 2010-02-07 12:21:32 |
| 1983 || 2.11264723554115 || 2010-09-13 14:10:59 |
| 1984 || 41.3693312804402 || 2013-06-02 17:46:07 |
| 1985 || -3.92003926688988 || 2013-09-20 23:28:31 |
| 1986 || 54.4046080504647 || 2012-11-11 00:30:14 |
| 1987 || 10.1575472383757 || 2011-04-03 21:08:48 |
| 1988 || 4.32812419796545 || 2018-04-18 01:57:35 |
| 1989 || 4.62615206162641 || 2014-01-18 09:46:39 |
| 1990 || 69.6780131634309 || 2013-03-21 07:37:59 |
| 1991 || 66.3294568024847 || 2017-07-01 08:59:31 |
| 1992 || -5.61599541923096 || 2014-10-15 01:32:55 |
| 1993 || 2.24089885169835 || 2011-10-17 18:42:07 |
| 1994 || -8.42781599843747 || 2013-05-13 15:06:49 |
| 1995 || 49.3841184310079 || 2015-08-20 09:03:06 |
| 1996 || 61.1829270744818 || 2013-03-27 15:02:38 |
| 1997 || -6.91925897244583 || 2017-10-07 06:07:25 |
| 1998 || 0.531096166515135 || 2016-04-19 08:02:23 |
| 1999 || 2.91295414944354 || 2011-10-13 01:13:06 |
| 2000 || -10.8967555606773 || 2010-01-22 05:25:43 |
| 2001 || -20.199232823829 || 2018-11-12 19:39:33 |
| 2002 || 3.07400476880497 || 2013-04-25 01:07:23 |
| 2003 || 0.00524799259306269 || 2014-02-19 06:05:31 |
| 2004 || 11.8049769700582 || 2012-10-14 06:33:55 |
| 2005 || -19.5868605421259 || 2013-03-13 15:24:56 |
| 2006 || 55.0967443199783 || 2010-09-21 18:18:49 |
| 2007 || -2.34349799104915 || 2017-04-19 21:12:25 |
| 2008 || 0.0124999303487855 || 2019-11-03 03:59:55 |
| 2009 || -9.49696024167336 || 2019-11-18 12:39:49 |
| 2010 || -26.3187879559664 || 2017-07-03 06:36:49 |
| 2011 || 51.9849070433128 || 2011-04-07 21:15:58 |
| 2012 || -11.0746335293295 || 2011-01-17 19:51:34 |
| 2013 || 0.0532672207784799 || 2017-01-05 03:55:48 |
| 2014 || 15.0499357643267 || 2013-06-18 23:30:54 |
| 2015 || 52.1582087774016 || 2015-11-15 21:09:16 |
| 2016 || 86.2692880265354 || 2015-06-02 18:54:04 |
| 2017 || 6.2686426849787 || 2012-08-19 22:05:59 |
| 2018 || 0.263119567221158 || 2013-06-14 12:39:44 |
| 2019 || 18.4628945999584 || 2019-02-25 12:25:09 |
| 2020 || 70.2549920443617 || 2016-11-22 00:05:56 |
| 2021 || 44.4029322830832 || 2010-09-04 17:57:23 |
| 2022 || 47.3259826834676 || 2015-02-07 05:34:29 |
| 2023 || -0.882877521718431 || 2017-06-04 19:02:08 |
| 2024 || 11.2350852955255 || 2011-05-08 11:02:59 |
| 2025 || 64.9741158687737 || 2017-12-23 08:39:54 |
| 2026 || 3.24942892815465 || 2016-05-26 03:43:39 |
| 2027 || -17.5028770430737 || 2019-08-26 20:18:25 |
| 2028 || -0.792036862301089 || 2017-03-19 02:52:02 |
| 2029 || -3.13980068100924 || 2011-12-17 07:50:35 |
| 2030 || 10.4780239288184 || 2017-04-12 11:04:35 |
| 2031 || 51.9593985849769 || 2010-07-19 22:51:24 |
| 2032 || 9.4209813079196 || 2019-07-12 21:36:13 |
| 2033 || -2.68968861806555 || 2014-09-19 23:53:27 |
| 2034 || 7.79998124218137 || 2014-10-11 07:51:48 |
| 2035 || -9.07361840658933 || 2017-05-15 21:43:04 |
| 2036 || -28.9700922457725 || 2012-01-16 17:18:19 |
| 2037 || 57.5146317284323 || 2018-07-25 19:37:45 |
| 2038 || 10.050091970609 || 2016-02-10 14:47:36 |
| 2039 || 2.60410901729794 || 2017-11-03 06:08:53 |
| 2040 || 7.69742701763094 || 2015-09-14 23:01:06 |
| 2041 || 45.704038735706 || 2010-08-07 14:49:31 |
| 2042 || -17.2592964407632 || 2015-03-01 19:50:01 |
| 2043 || -4.66341934459207 || 2019-09-22 11:26:12 |
| 2044 || 2.85755257963803 || 2012-08-06 05:15:13 |
| 2045 || -2.31034917245615 || 2016-03-01 15:36:18 |
| 2046 || 43.9175729735968 || 2013-06-05 15:25:23 |
| 2047 || 61.2309382491448 || 2015-11-22 02:52:00 |
| 2048 || 18.4300782595329 || 2011-02-07 16:49:10 |
| 2049 || 1.00531064975356 || 2013-08-19 19:00:04 |
| 2050 || -13.4860075149127 || 2017-02-12 17:18:59 |
| 2051 || 79.4845698956549 || 2016-04-09 00:59:00 |
| 2052 || 45.1920042391172 || 2017-11-14 03:39:02 |
| 2053 || 4.28252696036273 || 2011-04-22 14:20:56 |
| 2054 || -0.0626125436240843 || 2018-09-22 15:15:33 |
| 2055 || 33.9650499765296 || 2019-04-11 07:14:35 |
| 2056 || 71.3374399406432 || 2011-10-22 19:41:03 |
| 2057 || 62.5132674531295 || 2019-01-25 22:46:27 |
| 2058 || -8.02445159237275 || 2011-04-17 23:09:17 |
| 2059 || 0.000417441454268129 || 2018-11-16 22:13:43 |
| 2060 || 28.4719001572368 || 2011-06-02 12:23:04 |
| 2061 || 50.8685110281571 || 2019-04-05 04:08:36 |
| 2062 || -14.0691464803229 || 2013-06-20 09:28:31 |
| 2063 || 0.75438038901471 || 2017-04-23 16:10:14 |
| 2064 || 0.157240064639114 || 2012-07-25 03:42:40 |
| 2065 || -7.37509073651051 || 2011-11-27 10:25:22 |
| 2066 || 44.0456041240063 || 2017-01-17 04:20:07 |
| 2067 || 81.1486750590177 || 2018-02-21 00:48:16 |
| 2068 || 16.4250505832378 || 2013-07-02 04:43:58 |
| 2069 || -0.423138284657436 || 2017-11-18 22:51:09 |
| 2070 || -6.00655116493202 || 2017-01-18 14:49:58 |
| 2071 || 72.0597802403324 || 2019-01-03 20:31:04 |
| 2072 || 87.228401097721 || 2014-10-10 04:24:06 |
| 2073 || -2.74799559874718 || 2014-02-24 17:09:51 |
| 2074 || 2.5040887095871 || 2016-10-26 11:57:58 |
| 2075 || 4.10073135389104 || 2011-07-08 14:05:13 |
| 2076 || 24.571084853125 || 2011-10-18 17:20:42 |
| 2077 || 88.1011528581278 || 2013-10-04 06:49:15 |
| 2078 || -14.6954998865178 || 2012-02-16 03:41:19 |
| 2079 || 4.12589782075234 || 2013-03-19 04:35:05 |
| 2080 || 10.787794523163 || 2018-07-25 14:05:30 |
| 2081 || 58.3715987201531 || 2011-01-08 03:30:28 |
| 2082 || 87.316067979246 || 2013-06-27 00:11:06 |
| 2083 || 32.3092456947222 || 2011-09-15 03:47:31 |
| 2084 || 1.75436363910618 || 2017-04-04 18:25:15 |
| 2085 || 7.00486936925527 || 2011-06-04 04:08:21 |
| 2086 || -12.7211995007963 || 2014-06-14 22:47:22 |
| 2087 || 72.0830610164341 || 2017-08-22 09:51:15 |
| 2088 || -8.48743986187124 || 2016-07-25 20:34:41 |
| 2089 || -0.16642257361896 || 2014-02-11 22:41:38 |
| 2090 || 4.6820558746351 || 2010-04-15 00:37:59 |
| 2091 || 5.57989571831265 || 2019-12-26 22:03:01 |
| 2092 || -22.851321036582 || 2019-01-06 06:47:28 |
| 2093 || 59.9165422062978 || 2017-03-02 06:42:27 |
| 2094 || 10.0801391452016 || 2015-12-09 09:41:05 |
| 2095 || 2.49411957631661 || 2019-01-21 14:31:43 |
| 2096 || 46.1520724130561 || 2016-11-24 00:27:17 |
| 2097 || -8.30274269073345 || 2019-05-14 16:32:52 |
| 2098 || 68.8843348792464 || 2014-05-07 02:25:11 |
| 2099 || 8.19529243079696 || 2014-06-06 23:02:54 |
| 2100 || 0.0729122410273003 || 2013-04-21 11:50:42 |
| 2101 || -1.8766682994013 || 2017-05-21 12:17:02 |
| 2102 || 79.0718535848153 || 2010-09-01 17:42:21 |
| 2103 || -20.4888828661027 || 2018-08-02 14:51:30 |
| 2104 || -7.01953033759556 || 2011-07-08 21:56:08 |
| 2105 || -0.0270924609953531 || 2011-03-08 19:05:09 |
| 2106 || 35.0040315174201 || 2012-09-16 11:18:49 |
| 2107 || -5.05033829315955 || 2013-03-09 06:50:36 |
| 2108 || -17.5097916458755 || 2015-03-07 11:09:57 |
| 2109 || -9.00751815196999 || 2017-04-07 09:29:16 |
| 2110 || 0.00213508214964231 || 2019-01-07 17:58:57 |
| 2111 || -1.39927848091446 || 2010-05-21 09:32:18 |
| 2112 || 7.42841506817354 || 2013-10-06 08:42:10 |
| 2113 || 27.952837661425 || 2018-02-11 21:38:33 |
| 2114 || 12.31442710648 || 2011-06-07 03:21:16 |
| 2115 || 0.229914900127126 || 2012-04-22 05:58:24 |
| 2116 || -8.22932081043093 || 2017-04-05 12:04:16 |
| 2117 || 23.3283451027311 || 2014-04-12 17:47:54 |
| 2118 || -27.623934393889 || 2017-11-03 13:24:16 |
| 2119 || 37.1469365593297 || 2015-08-02 07:49:50 |
| 2120 || -0.283439412743772 || 2017-11-12 10:09:30 |
| 2121 || -0.0325942008016571 || 2012-11-17 23:47:59 |
| 2122 || 52.9133254974846 || 2011-08-26 16:04:02 |
| 2123 || -26.4880141460258 || 2018-10-20 14:19:13 |
| 2124 || -8.80379118085811 || 2016-10-27 01:27:17 |
| 2125 || -0.778921467879104 || 2018-10-07 12:45:59 |
| 2126 || 6.66148302063918 || 2016-10-10 00:27:39 |
| 2127 || -13.7753965523938 || 2014-11-19 16:06:24 |
| 2128 || 32.4242475086744 || 2011-04-02 14:57:15 |
| 2129 || 47.9696863630515 || 2017-06-07 14:54:46 |
| 2130 || 4.70187057083532 || 2011-01-20 20:10:11 |
| 2131 || 8.60557133160896 || 2016-06-10 20:58:35 |
| 2132 || -20.7483877956376 || 2010-01-22 07:34:10 |
| 2133 || -21.7022598217852 || 2014-08-17 13:13:06 |
| 2134 || 32.8103555623661 || 2017-07-14 04:23:15 |
| 2135 || 6.38743125330588 || 2018-07-20 01:03:12 |
| 2136 || 8.84922508921629 || 2014-10-25 03:59:06 |
| 2137 || -19.2452376029868 || 2010-12-12 20:44:51 |
| 2138 || 89.8628312386125 || 2013-12-21 04:54:54 |
| 2139 || 58.7011468414221 || 2011-03-09 15:10:28 |
| 2140 || 10.7889614537689 || 2017-09-10 15:20:53 |
| 2141 || 3.94494858369581 || 2018-01-06 17:16:10 |
| 2142 || -13.4757797046622 || 2012-09-04 07:42:30 |
| 2143 || 31.7244452756018 || 2010-09-17 03:17:00 |
| 2144 || 55.3861499975996 || 2012-01-26 09:23:24 |
| 2145 || 14.176684674002 || 2014-08-03 03:09:46 |
| 2146 || 3.41367485377404 || 2018-08-19 03:56:56 |
| 2147 || 29.0980621008706 || 2010-04-11 20:06:31 |
| 2148 || 70.5228696303422 || 2011-11-05 09:31:22 |
| 2149 || 11.7019869807969 || 2010-12-11 21:24:47 |
| 2150 || -5.93676584796968 || 2017-03-22 13:05:29 |
| 2151 || -0.34058381892353 || 2013-12-08 17:59:07 |
| 2152 || 30.2194817535149 || 2012-07-21 02:19:26 |
| 2153 || 75.6353788038368 || 2010-04-09 20:16:39 |
| 2154 || -21.7809304101409 || 2012-07-03 06:04:11 |
| 2155 || -7.00240649334757 || 2015-08-26 17:38:34 |
| 2156 || -0.166102785420384 || 2013-10-22 05:46:48 |
| 2157 || 26.2390310192504 || 2014-08-23 19:53:11 |
| 2158 || 83.9602057557294 || 2019-07-03 00:50:15 |
| 2159 || 18.5216639735725 || 2014-08-26 10:10:51 |
| 2160 || 27.0901027474182 || 2016-07-10 10:30:26 |
| 2161 || -0.00329861852390972 || 2016-03-22 00:03:07 |
| 2162 || 10.1579632283971 || 2014-08-16 13:24:45 |
| 2163 || -17.9432007606399 || 2016-09-09 13:01:16 |
| 2164 || 62.9239540533839 || 2012-11-24 22:52:56 |
| 2165 || 18.3819646072272 || 2016-12-27 20:16:02 |
| 2166 || 0.0640702596851369 || 2014-12-14 14:38:22 |
| 2167 || 6.98101080857398 || 2013-04-14 23:34:18 |
| 2168 || 55.49783463993 || 2010-04-25 14:20:51 |
| 2169 || 39.8746543762722 || 2012-09-11 04:27:07 |
| 2170 || 27.3535498595563 || 2019-09-07 17:41:22 |
| 2171 || 0.206942215048917 || 2010-04-12 08:03:21 |
| 2172 || 21.7036894376301 || 2017-11-03 00:16:06 |
| 2173 || 73.5476656135656 || 2016-03-24 05:15:04 |
| 2174 || 84.0220566814273 || 2012-06-13 08:24:39 |
| 2175 || 43.2649535020329 || 2011-07-02 07:45:26 |
| 2176 || -0.101542301956983 || 2010-11-09 05:33:32 |
| 2177 || -5.73819544948527 || 2015-02-02 04:54:17 |
| 2178 || 20.8743745558215 || 2010-10-18 12:06:59 |
| 2179 || 88.7702642175836 || 2019-01-23 21:04:18 |
| 2180 || 5.69402832529115 || 2017-08-20 02:39:20 |
| 2181 || -1.06609621375895 || 2016-08-05 22:52:28 |
| 2182 || 9.69329847420533 || 2011-12-08 18:15:04 |
| 2183 || 24.6774192537057 || 2012-08-25 18:32:05 |
| 2184 || 43.4518681451325 || 2013-07-17 18:04:20 |
| 2185 || -17.3941070812987 || 2016-02-21 19:40:20 |
| 2186 || 0.9214479151921 || 2015-07-18 12:07:58 |
| 2187 || 5.17323138942175 || 2015-11-27 01:26:53 |
| 2188 || -0.366966903177912 || 2016-04-08 13:38:40 |
| 2189 || -29.9398086956829 || 2010-10-12 05:05:32 |
| 2190 || -14.1395441721429 || 2013-08-15 06:47:06 |
| 2191 || -0.901301798571166 || 2017-05-27 19:37:22 |
| 2192 || -1.92171488008011 || 2014-06-27 23:12:32 |
| 2193 || 10.7054793839537 || 2012-10-12 04:41:56 |
| 2194 || 88.508882970998 || 2018-06-01 11:30:16 |
| 2195 || 65.0957899228939 || 2010-10-24 06:36:27 |
| 2196 || 12.1215749591572 || 2012-05-18 06:34:38 |
| 2197 || 3.18690356247861 || 2010-08-25 02:31:17 |
| 2198 || -15.9788367021829 || 2016-12-18 00:36:20 |
| 2199 || 37.8081158623825 || 2016-08-25 02:57:02 |
| 2200 || -17.2401961072736 || 2017-12-08 23:02:26 |
| 2201 || 17.2817763674601 || 2016-03-04 19:33:56 |
| 2202 || 0.461971833259659 || 2014-04-04 07:18:34 |
| 2203 || -7.48926746105221 || 2018-11-03 05:31:49 |
| 2204 || 17.3552455123633 || 2015-08-07 16:32:20 |
| 2205 || 60.3769230383981 || 2010-07-10 17:02:40 |
| 2206 || 16.1568221848934 || 2015-09-22 12:06:46 |
| 2207 || 0.615189158783105 || 2014-10-07 01:48:28 |
| 2208 || -12.4403786620446 || 2015-05-26 16:04:17 |
| 2209 || -27.4431001859461 || 2018-11-21 13:17:47 |
| 2210 || 51.738342437229 || 2011-10-15 01:29:38 |
| 2211 || 3.45457247758217 || 2017-05-01 16:58:31 |
| 2212 || 0.00205710771055813 || 2017-10-06 18:02:09 |
| 2213 || 1.19511726961934 || 2019-12-23 20:38:07 |
| 2214 || -10.5114867562702 || 2013-05-10 01:38:53 |
| 2215 || 39.6031197290358 || 2019-01-20 18:03:15 |
| 2216 || 11.1819807571346 || 2012-09-05 09:53:11 |
| 2217 || 0.0260660130094361 || 2016-12-27 02:09:12 |
| 2218 || -3.15162043338756 || 2018-06-15 16:51:22 |
| 2219 || 27.3286386431525 || 2011-05-22 00:21:32 |
| 2220 || 81.8790187172094 || 2016-04-17 15:35:35 |
| 2221 || 17.3627013098423 || 2013-02-16 13:11:58 |
| 2222 || 0.0184951107094259 || 2014-08-20 03:32:21 |
| 2223 || -7.56123424486924 || 2012-12-13 05:40:00 |
| 2224 || 34.0533403307717 || 2013-12-09 09:05:44 |
| 2225 || -19.8413488060959 || 2011-06-12 10:06:49 |
| 2226 || 42.3633048922741 || 2014-05-10 14:35:17 |
| 2227 || 0.409035588353576 || 2016-09-03 14:29:30 |
| 2228 || -2.1514248945184 || 2012-12-09 17:22:04 |
| 2229 || -23.3814478229178 || 2019-06-22 15:50:14 |
| 2230 || -25.5318725418108 || 2018-12-26 22:35:19 |
| 2231 || -11.5875466204091 || 2014-07-15 04:35:44 |
| 2232 || -1.24701421663521 || 2015-08-24 01:53:50 |
| 2233 || -3.96177102383265 || 2011-12-05 04:39:39 |
| 2234 || 63.0160398401405 || 2014-04-16 18:24:23 |
| 2235 || -27.1858237122222 || 2015-02-04 13:48:26 |
| 2236 || -14.2941731437751 || 2016-02-04 03:51:09 |
| 2237 || 1.123228324747 || 2012-07-04 07:49:39 |
| 2238 || 3.2703515795607 || 2018-07-21 07:30:09 |
| 2239 || 60.4544189464359 || 2014-09-11 04:38:20 |
| 2240 || 72.9477853195476 || 2013-09-19 09:19:43 |
| 2241 || 51.7348257815743 || 2013-06-18 17:19:18 |
| 2242 || 5.67273750832345 || 2011-04-06 10:13:37 |
| 2243 || -1.85288444461527 || 2013-10-21 19:22:28 |
| 2244 || 54.0817830801923 || 2014-09-03 04:02:47 |
| 2245 || -14.5359213887537 || 2013-11-18 16:10:24 |
| 2246 || -8.13256849210195 || 2013-07-01 03:46:04 |
| 2247 || -0.364841061027654 || 2015-06-17 19:20:24 |
| 2248 || -0.279455915901457 || 2016-03-03 13:26:30 |
| 2249 || 33.7811906838078 || 2014-05-02 19:37:14 |
| 2250 || 86.7118216719649 || 2010-09-03 12:26:24 |
| 2251 || 61.6347448801846 || 2019-06-04 06:36:11 |
| 2252 || -5.34800789712958 || 2010-11-04 20:38:04 |
| 2253 || 1.90763308568157 || 2012-06-07 09:25:20 |
| 2254 || -8.98179605306233 || 2010-11-05 21:20:30 |
| 2255 || 0.361759551864136 || 2013-09-03 00:38:57 |
| 2256 || -24.2546682603755 || 2016-12-05 07:18:02 |
| 2257 || 19.2819362857517 || 2019-04-13 00:10:37 |
| 2258 || -0.321455466403764 || 2014-02-07 16:57:51 |
| 2259 || -1.30321719660346 || 2010-02-08 00:47:56 |
| 2260 || 48.2680436502953 || 2016-06-26 02:40:52 |
| 2261 || -21.8888769150971 || 2017-12-06 14:12:11 |
| 2262 || 6.42686671875744 || 2014-01-14 05:43:05 |
| 2263 || -0.0379299286253628 || 2018-08-25 07:21:23 |
| 2264 || 33.8020590902732 || 2018-10-23 06:01:08 |
| 2265 || 80.6805791118498 || 2015-08-23 02:19:35 |
| 2266 || 76.7869217682795 || 2016-09-20 12:52:58 |
| 2267 || 31.5086025037563 || 2010-12-01 09:16:17 |
| 2268 || -0.00708554716534507 || 2010-01-13 08:43:05 |
| 2269 || -9.47426307151242 || 2010-09-09 11:15:59 |
| 2270 || 44.9934713414181 || 2011-09-21 20:26:00 |
| 2271 || 42.7286598561648 || 2017-05-05 09:46:26 |
| 2272 || 7.97446956877179 || 2014-12-26 15:57:31 |
| 2273 || 0.426693153950336 || 2018-05-12 00:12:50 |
| 2274 || -5.10140969297406 || 2015-03-06 17:09:56 |
| 2275 || 42.5228260978271 || 2016-02-15 16:26:45 |
| 2276 || 62.4914446732139 || 2015-08-07 15:30:44 |
| 2277 || -5.83573937679642 || 2011-06-03 20:45:17 |
| 2278 || -0.51651740965675 || 2015-03-18 16:51:36 |
| 2279 || 2.85364219356353 || 2019-07-21 13:11:01 |
| 2280 || 59.5487743969521 || 2015-03-20 08:47:38 |
| 2281 || 40.0149858722646 || 2014-12-12 17:15:46 |
| 2282 || 7.79483225481412 || 2011-06-25 06:30:09 |
| 2283 || 2.97469141921255 || 2014-06-10 19:33:03 |
| 2284 || 10.6000802867854 || 2011-10-11 16:14:28 |
| 2285 || 10.0936012995264 || 2019-06-03 14:00:05 |
| 2286 || 64.9803374033693 || 2018-09-11 15:02:26 |
| 2287 || 50.1972770343505 || 2018-11-08 09:24:55 |
| 2288 || 3.37838097331043 || 2012-08-23 12:36:33 |
| 2289 || 0.424740480966825 || 2017-11-16 17:57:50 |
| 2290 || 48.3491431410644 || 2017-06-26 11:23:47 |
| 2291 || 89.2632013427111 || 2013-04-03 05:18:27 |
| 2292 || -7.93268779914129 || 2016-01-26 08:58:56 |
| 2293 || 0.78430693270143 || 2010-03-17 06:16:54 |
| 2294 || 7.4611649626799 || 2014-03-18 04:47:30 |
| 2295 || 35.4029518136699 || 2019-05-03 15:32:00 |
| 2296 || -2.99412086988066 || 2014-05-18 09:32:25 |
| 2297 || -21.0927256464855 || 2016-03-19 13:13:50 |
| 2298 || 12.2512719271909 || 2012-01-01 17:38:06 |
| 2299 || -0.735446783060328 || 2019-03-05 20:11:58 |
| 2300 || -13.841956061358 || 2012-02-26 21:59:26 |
| 2301 || 73.8577232031831 || 2013-08-26 07:02:58 |
| 2302 || 48.0060442114493 || 2017-10-25 01:40:17 |
| 2303 || -5.29056475491447 || 2017-02-20 03:03:33 |
| 2304 || 0.78071420853846 || 2014-10-04 02:02:35 |
| 2305 || 19.8062988919808 || 2017-10-13 20:46:07 |
| 2306 || 35.1091122853948 || 2016-08-23 12:00:19 |
| 2307 || -21.793546636108 || 2016-07-08 05:56:03 |
| 2308 || 6.03214903762418 || 2011-05-18 21:58:24 |
| 2309 || -0.385798610430878 || 2014-08-17 12:48:32 |
| 2310 || -12.1789452292886 || 2012-10-17 00:08:59 |
| 2311 || 85.1643581309805 || 2011-01-21 19:48:09 |
| 2312 || -20.3263838777825 || 2018-07-01 05:08:32 |
| 2313 || 13.8490155938203 || 2012-03-15 10:42:43 |
| 2314 || 0.199890090228651 || 2018-05-07 21:54:17 |
| 2315 || 2.29121856921609 || 2011-11-26 02:35:01 |
| 2316 || 75.0805108830582 || 2010-05-18 17:53:39 |
| 2317 || 45.1130649581831 || 2014-09-24 16:11:04 |
| 2318 || 14.6138914692545 || 2015-12-13 11:00:10 |
| 2319 || 0.00108080450144626 || 2018-04-01 15:42:04 |
| 2320 || 29.2961766678441 || 2013-02-15 22:42:20 |
| 2321 || 77.7929372253419 || 2016-05-27 05:44:04 |
| 2322 || 53.4098311800099 || 2018-08-14 18:27:52 |
| 2323 || 9.13467264063548 || 2014-08-09 12:10:30 |
| 2324 || 0.134976297765833 || 2016-10-08 11:58:12 |
| 2325 || 12.6220965438732 || 2019-02-17 14:03:47 |
| 2326 || 62.6645901689304 || 2011-09-26 18:26:13 |
| 2327 || 31.0732737121345 || 2012-03-11 22:16:08 |
| 2328 || 39.1463641377042 || 2016-03-22 14:21:53 |
| 2329 || 0.118595070899835 || 2015-04-12 23:36:34 |
| 2330 || 10.9130464888177 || 2019-09-19 17:25:31 |
| 2331 || 56.9520338982762 || 2017-04-14 08:29:31 |
| 2332 || -28.8471267219762 || 2011-06-24 13:57:56 |
| 2333 || -3.71431796274783 || 2014-08-04 14:29:56 |
| 2334 || 0.0746337996215935 || 2012-07-03 09:00:27 |
| 2335 || -5.17116425577762 || 2012-06-09 07:57:50 |
| 2336 || -10.0489375603979 || 2015-02-06 12:43:56 |
| 2337 || 86.6239561579186 || 2013-02-24 10:53:55 |
| 2338 || 39.4305027969432 || 2019-05-09 06:49:46 |
| 2339 || -0.453597602033933 || 2012-08-26 18:05:38 |
| 2340 || 4.96187928423558 || 2019-12-08 18:11:08 |
| 2341 || -19.0696186669309 || 2014-09-05 05:30:15 |
| 2342 || -14.1321249276293 || 2010-08-06 12:14:26 |
| 2343 || -17.0077078250837 || 2012-04-25 00:32:55 |
| 2344 || 3.79339239236764 || 2010-10-12 09:19:23 |
| 2345 || 3.29280346903246 || 2017-01-06 00:23:19 |
| 2346 || 32.5979831200749 || 2011-06-16 19:24:25 |
| 2347 || 54.1091174938618 || 2012-09-02 20:52:34 |
| 2348 || -20.1038790058588 || 2013-11-10 05:39:35 |
| 2349 || -3.47694074385176 || 2011-08-19 14:51:31 |
| 2350 || -1.12678540287552 || 2017-07-04 12:45:32 |
| 2351 || 35.6211038559304 || 2016-07-07 01:40:21 |
| 2352 || 33.5913535241755 || 2012-10-09 20:42:49 |
| 2353 || 18.2566902848424 || 2017-07-05 05:55:44 |
| 2354 || 15.2816960102919 || 2017-05-20 12:37:46 |
| 2355 || 0.0697149146527658 || 2014-05-02 01:04:59 |
| 2356 || -15.4570355005806 || 2010-04-06 09:45:49 |
| 2357 || -26.6530401868831 || 2011-11-24 22:41:23 |
| 2358 || -20.0432674044629 || 2015-11-09 19:09:01 |
| 2359 || 16.8052118178844 || 2016-02-22 18:44:18 |
| 2360 || -0.470817819423896 || 2015-12-09 11:52:27 |
| 2361 || -1.59968213661072 || 2013-05-10 04:17:19 |
| 2362 || 6.42788374732437 || 2019-01-13 08:12:31 |
| 2363 || 3.11225829133278 || 2016-08-03 01:24:41 |
| 2364 || -7.20532762596954 || 2015-04-20 08:13:40 |
| 2365 || 0.304280591927741 || 2015-07-07 18:38:42 |
| 2366 || 25.6151033802184 || 2014-08-02 06:55:03 |
| 2367 || 37.562491090875 || 2017-06-21 08:18:52 |
| 2368 || 34.6759031890303 || 2011-07-16 15:29:46 |
| 2369 || -1.62080985260847 || 2012-07-16 07:58:19 |
| 2370 || 0.00287140914497687 || 2010-01-24 00:21:22 |
| 2371 || 30.5641179101999 || 2016-07-20 16:36:04 |
| 2372 || 1.73067419722814 || 2014-02-24 23:02:13 |
| 2373 || 25.0605843251925 || 2011-08-25 22:05:37 |
| 2374 || 20.1768418645111 || 2010-04-07 13:33:36 |
| 2375 || -0.0885034915290767 || 2012-01-08 14:38:19 |
| 2376 || 19.2945104485677 || 2014-10-02 01:22:38 |
| 2377 || 45.8035819903516 || 2018-05-25 06:34:24 |
| 2378 || 67.2081481882045 || 2016-11-17 13:13:27 |
| 2379 || -0.945182987401318 || 2011-06-22 01:37:59 |
| 2380 || 1.17993126994414 || 2013-07-05 21:14:58 |
| 2381 || 0.755007472138044 || 2019-11-02 07:02:48 |
| 2382 || 28.9322204233959 || 2014-03-17 00:11:56 |
| 2383 || -1.7794468355498 || 2016-01-25 23:48:29 |
| 2384 || 22.7786883297748 || 2016-07-13 04:55:50 |
| 2385 || 1.42114480500523 || 2014-12-01 17:57:16 |
| 2386 || -5.41937403614908 || 2014-03-10 15:34:19 |
| 2387 || 26.4391475768233 || 2016-08-03 15:43:54 |
| 2388 || 17.0753453225777 || 2019-01-04 20:12:13 |
| 2389 || 3.95227053319461 || 2012-02-09 19:55:07 |
| 2390 || -1.2106598507471 || 2014-01-08 00:53:53 |
| 2391 || -2.95741697317431 || 2012-12-27 18:10:35 |
| 2392 || -4.75167684141286 || 2019-05-18 15:11:15 |
| 2393 || 10.9823730411936 || 2012-04-19 13:12:54 |
| 2394 || -15.7068530491334 || 2011-09-08 20:29:44 |
| 2395 || 4.96137695483495 || 2010-06-14 21:16:47 |
| 2396 || 8.42488469058899 || 2015-12-27 01:40:11 |
| 2397 || -19.105695570719 || 2011-07-15 23:38:50 |
| 2398 || 11.4304264508268 || 2012-05-26 16:52:28 |
| 2399 || 38.3559264403971 || 2018-03-03 04:56:02 |
| 2400 || 0.890538142211612 || 2011-04-21 10:35:03 |
| 2401 || -1.48702512940542 || 2016-06-23 05:58:06 |
| 2402 || 33.1905507868292 || 2019-12-01 17:30:41 |
| 2403 || 46.7563067740027 || 2018-08-12 16:18:31 |
| 2404 || 8.10431673973982 || 2018-06-06 22:48:43 |
| 2405 || -4.90259053760104 || 2014-07-03 08:09:48 |
| 2406 || 0.116168749014234 || 2013-08-23 18:40:10 |
| 2407 || -6.99106948874021 || 2014-08-15 02:34:52 |
| 2408 || -24.3576196214538 || 2018-11-25 00:49:51 |
| 2409 || 26.9994825626244 || 2014-02-07 12:30:22 |
| 2410 || -5.30954519369022 || 2017-02-10 08:33:47 |
| 2411 || 1.47911169156256 || 2012-10-16 07:47:56 |
| 2412 || 37.0831298017628 || 2015-01-02 23:48:25 |
| 2413 || 85.4932612033143 || 2016-01-19 15:22:34 |
| 2414 || 74.9544151029086 || 2018-04-27 04:32:33 |
| 2415 || 23.4885607566112 || 2016-12-17 11:48:52 |
| 2416 || 0.385464770296794 || 2018-01-08 09:17:51 |
| 2417 || -12.0094070406816 || 2012-12-05 11:26:09 |
| 2418 || -27.2982801106145 || 2019-06-27 04:01:25 |
| 2419 || -23.7016073665533 || 2011-11-04 07:25:04 |
| 2420 || 26.1680271389432 || 2011-05-22 13:09:40 |
| 2421 || 0.0244760846945642 || 2011-12-05 11:37:38 |
| 2422 || -9.68801583790166 || 2019-09-17 23:07:18 |
| 2423 || 7.40139478683386 || 2013-04-10 04:37:24 |
| 2424 || 12.6559042603775 || 2012-11-27 22:41:12 |
| 2425 || 12.1298014458454 || 2010-08-05 22:59:51 |
| 2426 || 0.167256689804112 || 2013-07-07 05:45:40 |
| 2427 || -6.00271538916999 || 2013-02-02 06:16:46 |
| 2428 || 60.1606670285321 || 2019-11-03 17:15:45 |
| 2429 || 65.6724576265775 || 2015-07-12 07:46:28 |
| 2430 || 19.822154115325 || 2019-10-13 22:31:35 |
| 2431 || 0.163469512722199 || 2015-12-20 10:55:50 |
| 2432 || 13.247633894777 || 2018-06-20 15:36:37 |
| 2433 || 73.4527159368269 || 2011-04-23 02:55:29 |
| 2434 || 25.2939021486134 || 2010-05-02 07:23:20 |
| 2435 || -9.95355735464223 || 2013-09-08 07:30:08 |
| 2436 || 0.955898981688145 || 2010-03-13 19:28:53 |
| 2437 || 0.371373445147267 || 2017-09-03 00:22:36 |
| 2438 || 63.421645497377 || 2018-11-10 12:05:14 |
| 2439 || 44.9847417249695 || 2019-09-19 08:38:35 |
| 2440 || 48.2093196227164 || 2018-07-04 01:09:58 |
| 2441 || 3.74348769481699 || 2016-10-25 15:27:37 |
| 2442 || -0.413932476301702 || 2013-07-25 20:58:46 |
| 2443 || -13.5758156724281 || 2019-04-15 22:32:29 |
| 2444 || 89.2036545350555 || 2011-07-19 13:59:33 |
| 2445 || 11.1505041654755 || 2010-01-24 15:07:12 |
| 2446 || 6.47617687150135 || 2012-02-13 17:14:57 |
| 2447 || -3.08708234212322 || 2013-11-06 17:44:57 |
| 2448 || 57.3825247388931 || 2014-12-20 00:01:17 |
| 2449 || 4.71656990117932 || 2014-10-17 20:16:29 |
| 2450 || -13.4034116252975 || 2011-10-10 22:35:12 |
| 2451 || -3.43617029412893 || 2013-01-26 22:27:48 |
| 2452 || -2.13404011225612 || 2011-12-05 06:23:58 |
| 2453 || -14.6421072533056 || 2014-11-09 05:32:03 |
| 2454 || 72.3064894806872 || 2017-05-16 04:01:59 |
| 2455 || -3.09118636100596 || 2017-12-20 21:23:00 |
| 2456 || 1.82767104947778 || 2011-01-25 06:48:17 |
| 2457 || -1.18043194215868 || 2019-06-21 22:08:45 |
| 2458 || -3.55977345383224 || 2017-08-25 21:04:58 |
| 2459 || 11.6479990073579 || 2011-10-13 17:14:51 |
| 2460 || 43.7517120266407 || 2015-08-23 06:23:30 |
| 2461 || 17.3982930207701 || 2015-05-11 06:08:08 |
| 2462 || 0.0645240225900415 || 2016-09-04 08:41:06 |
| 2463 || 43.1046545583042 || 2018-06-03 01:34:50 |
| 2464 || 80.3974841279282 || 2015-05-26 04:09:19 |
| 2465 || 25.1025352429439 || 2018-01-20 05:44:12 |
| 2466 || 9.99978056863949 || 2013-07-09 03:42:27 |
| 2467 || 0.23667133313091 || 2017-05-07 14:21:31 |
| 2468 || 7.56654412264673 || 2011-12-03 21:22:21 |
| 2469 || 37.9788268748901 || 2013-09-25 20:06:19 |
| 2470 || -25.5037518897387 || 2015-10-01 20:40:51 |
| 2471 || -8.26068579943639 || 2019-09-22 01:50:35 |
| 2472 || 0.000637842191568888 || 2011-09-20 08:40:45 |
| 2473 || 31.1353491877222 || 2016-11-22 06:38:56 |
| 2474 || 41.2155512782159 || 2010-02-16 05:03:51 |
| 2475 || -13.2930871010291 || 2016-04-07 16:43:09 |
| 2476 || 31.3844321165627 || 2015-02-10 16:00:05 |
| 2477 || 0.0493267458316879 || 2016-08-02 01:04:58 |
| 2478 || 3.659183614903 || 2015-01-10 09:40:07 |
| 2479 || -20.2726178763296 || 2019-07-18 15:32:58 |
| 2480 || 46.8122235910052 || 2012-02-04 22:53:05 |
| 2481 || -12.4899586146942 || 2016-06-16 09:17:43 |
| 2482 || -0.244989167713021 || 2015-10-18 04:07:08 |
| 2483 || 9.06695832482352 || 2013-05-06 16:15:07 |
| 2484 || 54.1491700587778 || 2013-09-22 01:37:30 |
| 2485 || -23.6185149619883 || 2013-07-22 16:33:13 |
| 2486 || 42.2027332642932 || 2019-01-21 18:24:49 |
| 2487 || 2.07793169054258 || 2017-01-15 20:55:55 |
| 2488 || -2.0845010813244 || 2015-12-07 02:51:25 |
| 2489 || 64.4534041829423 || 2013-04-27 10:41:52 |
| 2490 || 86.5840424424305 || 2018-12-24 01:52:21 |
| 2491 || -15.8292983770899 || 2012-02-08 12:54:04 |
| 2492 || -1.24919644776751 || 2013-09-25 08:11:48 |
| 2493 || -0.583075809027523 || 2010-05-19 18:58:19 |
| 2494 || -6.54440071183988 || 2011-05-24 14:31:59 |
| 2495 || 69.2502972390398 || 2015-10-17 23:50:05 |
| 2496 || 49.0417349481834 || 2013-05-20 16:05:21 |
| 2497 || -1.37306522738129 || 2019-10-10 11:44:45 |
| 2498 || 4.716411710921 || 2017-01-21 03:10:18 |
| 2499 || 33.9855944322089 || 2012-06-16 08:09:31 |
| 2500 || 59.9616073584582 || 2010-12-09 21:22:36 |
| 2501 || -19.606990223727 || 2014-10-12 22:07:09 |
| 2502 || -2.33689761276426 || 2013-10-15 09:00:05 |
| 2503 || -2.29884067491244 || 2015-10-14 10:09:46 |
| 2504 || 22.5068699376531 || 2019-04-01 03:00:48 |
| 2505 || 82.3347772816302 || 2010-03-15 12:58:53 |
| 2506 || 59.1680342923189 || 2013-05-04 17:18:04 |
| 2507 || 12.5710095067648 || 2016-07-25 07:59:11 |
| 2508 || -1.43665457515469 || 2010-08-04 20:36:36 |
| 2509 || -8.94769168887361 || 2013-12-08 02:08:12 |
| 2510 || 70.0982176952228 || 2018-10-23 02:41:44 |
| 2511 || -23.109379502285 || 2013-07-11 10:59:52 |
| 2512 || 11.4199620262449 || 2019-01-08 09:30:51 |
| 2513 || 1.49253262260478 || 2015-12-21 16:58:15 |
| 2514 || 39.3331457131549 || 2010-09-06 13:38:58 |
| 2515 || -27.0167473286876 || 2010-10-01 01:59:39 |
| 2516 || 24.6473360639137 || 2016-04-20 14:06:29 |
| 2517 || 13.3856925235954 || 2017-01-18 20:43:05 |
| 2518 || 0.0525383553630108 || 2011-11-03 10:40:48 |
| 2519 || -12.731493007289 || 2013-01-11 15:49:31 |
| 2520 || 83.0758199409237 || 2012-10-01 15:26:33 |
| 2521 || 46.7875508315569 || 2011-03-18 11:59:22 |
| 2522 || -1.55002747086724 || 2018-11-01 21:03:47 |
| 2523 || 0.0805781574747392 || 2013-06-07 12:35:07 |
| 2524 || 18.1633970171576 || 2012-10-02 19:43:08 |
| 2525 || 67.731077958023 || 2018-06-08 17:01:15 |
| 2526 || 18.5024298290704 || 2013-08-15 14:23:07 |
| 2527 || 1.31977301135743 || 2019-02-24 09:59:28 |
| 2528 || 0.0253248258158757 || 2013-01-04 09:34:01 |
| 2529 || 9.07835245020882 || 2015-12-06 05:47:01 |
| 2530 || 63.4068291647828 || 2015-11-08 06:54:43 |
| 2531 || 61.1471978144132 || 2012-10-18 08:24:52 |
| 2532 || 26.9221134236901 || 2016-03-14 10:59:13 |
| 2533 || 0.244893337079082 || 2013-10-01 18:32:21 |
| 2534 || 13.984946811654 || 2014-06-26 19:04:23 |
| 2535 || 6.31163788762843 || 2012-02-06 18:43:07 |
| 2536 || 36.1400775671824 || 2010-10-17 02:34:57 |
| 2537 || -12.1905137526355 || 2010-03-15 17:34:28 |
| 2538 || -0.491941932796119 || 2010-05-06 01:03:52 |
| 2539 || 6.32063480417517 || 2017-06-24 08:08:13 |
| 2540 || -20.1190525072128 || 2013-01-25 12:31:15 |
| 2541 || -15.6566827938929 || 2011-05-11 00:32:37 |
| 2542 || -0.251843016728295 || 2014-07-09 04:00:06 |
| 2543 || 3.44506498242944 || 2016-06-06 07:32:47 |
| 2544 || 13.7413582198137 || 2012-06-24 08:02:04 |
| 2545 || 5.56799368255844 || 2015-10-02 02:47:37 |
| 2546 || -29.2612719991469 || 2013-05-25 20:02:06 |
| 2547 || -7.17084946079486 || 2017-03-10 06:23:35 |
| 2548 || -1.91812591268965 || 2010-04-02 17:38:05 |
| 2549 || 1.37511280100112 || 2012-03-27 03:32:28 |
| 2550 || 55.6073532707812 || 2019-01-12 13:39:07 |
| 2551 || 44.5335399603941 || 2014-02-03 14:26:39 |
| 2552 || -18.9109409209287 || 2013-07-09 00:51:28 |
| 2553 || 8.53295301498703 || 2017-09-07 23:25:57 |
| 2554 || 5.61972250810307 || 2019-01-02 01:15:33 |
| 2555 || 47.7923322858138 || 2018-11-17 00:30:58 |
| 2556 || 85.7998180766134 || 2016-11-20 11:52:04 |
| 2557 || -14.1593841742351 || 2017-11-10 16:43:02 |
| 2558 || -3.5497593393308 || 2015-10-17 16:03:01 |
| 2559 || 1.72850150008991 || 2017-02-22 06:34:25 |
| 2560 || -16.7934143484883 || 2018-12-07 14:51:13 |
| 2561 || 78.5419429685147 || 2015-02-22 16:33:49 |
| 2562 || 67.1033406482772 || 2014-07-12 11:16:51 |
| 2563 || 3.12052623182267 || 2016-01-01 01:39:38 |
| 2564 || 0.691674096455883 || 2011-08-07 00:05:04 |
| 2565 || 35.3162726742329 || 2016-11-20 05:24:19 |
| 2566 || 47.8925213272241 || 2012-12-23 12:30:20 |
| 2567 || 43.6677633277819 || 2011-03-13 03:00:31 |
| 2568 || 19.4853965658199 || 2015-05-27 19:30:28 |
| 2569 || 0.0367603132363182 || 2010-02-17 00:07:14 |
| 2570 || -4.79125192144577 || 2011-08-02 07:39:27 |
| 2571 || 43.1443348315949 || 2012-10-11 22:29:58 |
| 2572 || 62.4807979735118 || 2013-08-27 04:24:34 |
| 2573 || -6.41377295536241 || 2017-02-21 19:50:34 |
| 2574 || 0.184238285456064 || 2017-01-17 05:02:49 |
| 2575 || 10.1867110731114 || 2019-07-02 01:44:50 |
| 2576 || 51.6193153990866 || 2012-07-05 21:30:17 |
| 2577 || -5.19237937153654 || 2019-09-22 18:31:49 |
| 2578 || -6.7407785847018 || 2013-03-08 20:18:29 |
| 2579 || 0.00646773348252039 || 2015-11-10 11:36:57 |
| 2580 || 21.1594594872349 || 2018-10-09 04:30:49 |
| 2581 || 50.0981889887393 || 2013-03-11 05:55:57 |
| 2582 || 28.9055862710908 || 2013-10-21 13:24:22 |
| 2583 || 31.9549329070012 || 2018-01-01 18:04:11 |
| 2584 || 0.431374149735445 || 2018-06-27 04:31:00 |
| 2585 || 23.1429264109974 || 2018-06-25 20:25:45 |
| 2586 || -13.0318794597829 || 2014-01-22 17:07:47 |
| 2587 || 9.01751159068499 || 2013-04-21 14:06:11 |
| 2588 || 31.8424346041147 || 2013-03-11 05:07:50 |
| 2589 || 0.966094019994877 || 2017-04-02 21:54:41 |
| 2590 || -4.22277451285496 || 2018-08-12 00:15:10 |
| 2591 || 19.4701965996896 || 2012-01-01 01:35:51 |
| 2592 || 24.6752909505247 || 2012-07-24 17:55:30 |
| 2593 || 34.9900441544609 || 2015-08-16 20:30:51 |
| 2594 || 1.97393284700354 || 2011-01-24 20:44:40 |
| 2595 || 12.8719432647608 || 2011-07-12 21:53:36 |
| 2596 || -16.5143859752004 || 2018-01-12 21:45:05 |
| 2597 || 8.42654025414824 || 2011-04-20 08:58:22 |
| 2598 || -8.20889688349019 || 2019-08-24 05:49:22 |
| 2599 || 4.86340230863193 || 2019-03-15 09:58:09 |
| 2600 || 6.82646328669781 || 2019-10-20 10:57:53 |
| 2601 || -17.7228110335273 || 2015-02-25 01:13:24 |
| 2602 || 76.8429452311702 || 2015-04-11 01:06:07 |
| 2603 || 25.9943787605231 || 2013-01-10 14:19:44 |
| 2604 || 8.43505425396113 || 2016-07-04 08:07:43 |
| 2605 || 2.88064092420461 || 2015-07-20 16:00:33 |
| 2606 || -18.7188691555665 || 2011-11-19 12:43:29 |
| 2607 || 55.1821854425582 || 2016-01-02 11:26:49 |
| 2608 || -8.80878188469836 || 2019-05-06 21:50:26 |
| 2609 || -3.92029579497103 || 2019-01-07 03:16:29 |
| 2610 || 3.62508219587715 || 2013-08-19 17:27:19 |
| 2611 || 39.8720220503477 || 2014-06-24 10:18:52 |
| 2612 || -26.7350473687033 || 2013-02-10 09:15:29 |
| 2613 || 34.9923488923775 || 2015-07-23 14:25:52 |
| 2614 || 11.9812721345558 || 2014-06-05 13:11:49 |
| 2615 || -0.329361957955305 || 2011-12-18 05:56:46 |
| 2616 || 43.4830776430805 || 2012-09-18 03:54:21 |
| 2617 || 72.2793454555641 || 2018-04-25 20:31:16 |
| 2618 || 66.6047498134708 || 2016-10-12 19:35:29 |
| 2619 || 19.3056473278622 || 2013-05-09 15:48:05 |
| 2620 || 1.36616175595532 || 2014-03-14 05:01:08 |
| 2621 || 32.6055208109017 || 2012-02-05 10:09:01 |
| 2622 || 50.0121364972329 || 2010-10-07 19:26:06 |
| 2623 || 6.17047200786693 || 2014-04-22 07:54:31 |
| 2624 || 11.1059016212274 || 2010-05-12 21:19:51 |
| 2625 || 7.86363996256895e-05 || 2012-08-23 22:56:58 |
| 2626 || -7.828630278926 || 2019-06-02 13:16:52 |
| 2627 || -26.5591341603518 || 2012-03-10 06:22:31 |
| 2628 || 42.0720248676962 || 2011-09-01 13:28:29 |
| 2629 || 5.06146807120598 || 2011-08-25 06:40:41 |
| 2630 || 0.000159588726347815 || 2012-07-01 02:57:40 |
| 2631 || -6.51154522613874 || 2011-03-24 17:12:42 |
| 2632 || -17.5262847150134 || 2019-04-25 13:45:53 |
| 2633 || 9.89102371809266 || 2010-08-25 13:40:53 |
| 2634 || 35.0406638053294 || 2013-03-05 11:57:22 |
| 2635 || -0.0847629450303944 || 2016-01-04 05:07:39 |
| 2636 || 7.39897892526614 || 2012-07-16 20:58:27 |
| 2637 || 32.9090337839197 || 2012-09-06 00:30:17 |
| 2638 || 72.8545910222941 || 2016-01-14 09:31:13 |
| 2639 || -13.4623658057284 || 2010-11-23 05:46:08 |
| 2640 || 0.0508309372390513 || 2010-07-10 17:11:21 |
| 2641 || 19.3629136351535 || 2015-04-09 23:27:24 |
| 2642 || 68.2034390263391 || 2013-10-23 04:58:12 |
| 2643 || 7.73095168567404 || 2018-08-16 10:37:46 |
| 2644 || 18.4332696568997 || 2010-11-21 22:23:08 |
| 2645 || -0.945613512094789 || 2012-01-03 12:51:21 |
| 2646 || 0.182639987981346 || 2019-09-20 02:58:27 |
| 2647 || 32.9011924998301 || 2012-05-19 17:55:34 |
| 2648 || 88.935232380216 || 2014-12-27 02:58:40 |
| 2649 || 9.00993873725065 || 2013-01-24 19:03:54 |
| 2650 || 1.10113508802077 || 2013-02-22 21:34:35 |
| 2651 || -3.9572047727282 || 2019-01-27 17:01:24 |
| 2652 || 15.5645802767694 || 2016-07-08 05:43:54 |
| 2653 || 23.7955296460019 || 2015-02-01 10:37:47 |
| 2654 || -17.5487507056836 || 2012-03-22 10:40:28 |
| 2655 || 3.00755492856463 || 2014-04-02 16:04:39 |
| 2656 || 7.74540243192726 || 2015-02-18 08:20:33 |
| 2657 || 3.06290852117456 || 2012-12-15 03:48:15 |
| 2658 || 67.9830776676056 || 2014-08-10 03:36:58 |
| 2659 || 1.54437972681811 || 2016-04-16 01:58:40 |
| 2660 || 11.169213516831 || 2010-02-02 02:29:00 |
| 2661 || 5.677246844429 || 2011-09-08 23:45:49 |
| 2662 || 39.294814176285 || 2018-04-22 17:51:21 |
| 2663 || 88.5089841576696 || 2014-05-16 15:50:30 |
| 2664 || 22.4113839846017 || 2013-08-23 04:52:37 |
| 2665 || 15.0092789407912 || 2015-03-15 06:23:46 |
| 2666 || 2.23832631922877 || 2010-09-02 06:17:24 |
| 2667 || -15.4185302908921 || 2013-04-16 06:49:29 |
| 2668 || -12.6426010559601 || 2018-05-24 16:43:30 |
| 2669 || -20.0022394319923 || 2013-10-08 13:56:03 |
| 2670 || -5.54039621479713 || 2013-10-06 13:41:21 |
| 2671 || -0.262306208314567 || 2012-03-22 02:50:58 |
| 2672 || 41.4219237388189 || 2017-03-26 07:54:31 |
| 2673 || -18.5350500917508 || 2017-01-19 13:51:19 |
| 2674 || 1.43291312175395 || 2016-01-24 06:18:11 |
| 2675 || 16.4401811634978 || 2015-10-14 05:57:01 |
| 2676 || 0.491569277889828 || 2016-04-23 08:46:31 |
| 2677 || 34.4967310949446 || 2019-02-13 06:48:52 |
| 2678 || -27.8092153439318 || 2012-09-19 20:32:51 |
| 2679 || 22.4106677233894 || 2014-08-18 20:08:03 |
| 2680 || -4.55025045899591 || 2019-01-06 06:43:13 |
| 2681 || 0.0167606894034341 || 2018-11-21 06:01:43 |
| 2682 || 20.2538997457888 || 2012-09-23 10:37:36 |
| 2683 || 47.4094471039946 || 2018-07-21 22:06:23 |
| 2684 || -18.1082694189053 || 2010-10-19 13:38:56 |
| 2685 || 34.0472719647686 || 2018-07-04 07:11:14 |
| 2686 || -0.0354917568620027 || 2014-12-11 19:27:33 |
| 2687 || -4.59940387961043 || 2011-07-13 23:06:33 |
| 2688 || -15.7876106584047 || 2010-11-07 19:43:28 |
| 2689 || 60.9732056483564 || 2016-02-02 15:47:31 |
| 2690 || -13.0781898307923 || 2011-12-20 18:58:10 |
| 2691 || 0.225011156639131 || 2019-11-05 00:32:03 |
| 2692 || 17.0248698894439 || 2015-09-06 23:51:57 |
| 2693 || 72.9052182525295 || 2018-05-17 16:43:28 |
| 2694 || 86.0508201617178 || 2019-01-17 18:24:53 |
| 2695 || 36.2467565675121 || 2010-07-20 13:33:20 |
| 2696 || 2.18127164587435 || 2017-09-13 00:32:58 |
| 2697 || 2.12328175475432 || 2015-03-15 03:52:39 |
| 2698 || 62.7557051991925 || 2011-10-19 02:48:50 |
| 2699 || 46.798879093027 || 2018-09-05 16:47:11 |
| 2700 || -9.55460848906005 || 2010-04-03 08:46:26 |
| 2701 || 4.20289727242113 || 2019-10-05 05:46:34 |
| 2702 || 12.8813170828608 || 2018-05-13 05:07:27 |
| 2703 || 64.0415475147027 || 2014-01-26 04:15:09 |
| 2704 || 5.16779065003391 || 2016-10-10 18:42:22 |
| 2705 || 41.0729733208198 || 2019-04-11 03:12:58 |
| 2706 || 1.92466644558078 || 2012-03-22 14:44:59 |
| 2707 || 8.0259686511698 || 2019-09-26 07:49:03 |
| 2708 || 53.9970266492438 || 2014-04-18 09:36:23 |
| 2709 || -16.9267432321231 || 2013-12-11 23:08:54 |
| 2710 || -16.367875120153 || 2010-09-13 07:56:13 |
| 2711 || 5.0277544344914 || 2013-08-22 17:58:59 |
| 2712 || 6.22485434420526 || 2016-12-16 14:30:20 |
| 2713 || 27.2391635610272 || 2014-02-10 21:44:03 |
| 2714 || -8.50338272124426 || 2018-07-12 13:48:26 |
| 2715 || 62.5284169528158 || 2013-02-16 16:52:51 |
| 2716 || 11.9896849127607 || 2012-10-19 17:00:38 |
| 2717 || 2.57496882537978 || 2017-03-12 05:00:54 |
| 2718 || -16.1170667027579 || 2012-03-08 00:24:23 |
| 2719 || 64.9429745718161 || 2010-03-27 11:30:19 |
| 2720 || 68.9858429440491 || 2014-01-22 02:37:14 |
| 2721 || -4.95664590784185 || 2013-10-14 23:38:15 |
| 2722 || 1.76447378623675 || 2012-09-03 22:59:09 |
| 2723 || 33.6252327674327 || 2015-07-18 08:03:51 |
| 2724 || 53.8780651907716 || 2018-05-24 01:02:59 |
| 2725 || 45.0232859010354 || 2012-11-24 14:23:27 |
| 2726 || 20.7798620533395 || 2012-09-02 09:56:01 |
| 2727 || 0.399794775478245 || 2019-07-14 15:26:38 |
| 2728 || -12.2128757471618 || 2010-03-02 08:58:00 |
| 2729 || 77.1822999383423 || 2016-02-14 16:27:14 |
| 2730 || 61.5117839441 || 2012-01-03 17:18:20 |
| 2731 || -8.09031470649382 || 2015-04-21 20:55:03 |
| 2732 || 0.0569976596675017 || 2011-08-04 12:07:26 |
| 2733 || 2.91550096990044 || 2011-07-01 22:16:46 |
| 2734 || 18.2075012207652 || 2019-02-15 03:55:16 |
| 2735 || 45.0955330885359 || 2012-05-21 16:23:26 |
| 2736 || -9.66520913860763 || 2010-04-22 08:25:21 |
| 2737 || -0.0270609735979295 || 2011-01-05 05:47:28 |
| 2738 || 26.7428804841896 || 2013-11-06 14:08:46 |
| 2739 || -5.61928043690198 || 2016-11-05 21:56:19 |
| 2740 || -21.7871817697142 || 2011-04-19 06:30:59 |
| 2741 || -4.8854071510786 || 2018-06-08 02:41:42 |
| 2742 || 0.759996029290473 || 2017-02-19 03:58:12 |
| 2743 || 6.88588600269195 || 2013-04-22 06:33:25 |
| 2744 || 74.0950526674061 || 2016-05-27 05:55:15 |
| 2745 || 65.1032143514515 || 2019-05-12 14:40:17 |
| 2746 || -8.21314237966744 || 2017-08-02 21:35:44 |
| 2747 || 1.36609079523965 || 2017-03-04 03:30:19 |
| 2748 || -1.30773490956068 || 2017-10-08 23:09:00 |
| 2749 || 69.6907139617282 || 2013-04-14 10:32:58 |
| 2750 || 73.569229949558 || 2019-07-11 04:42:05 |
| 2751 || 30.2758978344934 || 2010-03-13 18:37:49 |
| 2752 || 3.3643435573863 || 2012-08-20 15:02:31 |
| 2753 || 6.69327586991461 || 2017-04-03 16:31:27 |
| 2754 || 63.6168901337252 || 2017-07-19 20:05:12 |
| 2755 || 74.0994081350484 || 2018-10-25 23:19:28 |
| 2756 || 49.4092764328865 || 2013-02-09 19:48:35 |
| 2757 || 3.0601495647336 || 2010-06-21 18:39:36 |
| 2758 || 9.92785002135068 || 2014-06-06 06:15:40 |
| 2759 || 37.0295691069127 || 2016-01-10 04:30:07 |
| 2760 || 79.4115503093998 || 2011-03-03 07:33:11 |
| 2761 || -14.7407270854287 || 2018-04-13 13:49:39 |
| 2762 || 9.25749831278456 || 2016-03-02 17:32:23 |
| 2763 || -2.12361611960271 || 2013-10-11 18:25:20 |
| 2764 || 1.45666640919077 || 2015-06-19 03:17:33 |
| 2765 || -9.02219517085331 || 2018-06-03 00:43:45 |
| 2766 || 3.87666985629654 || 2014-11-18 04:32:57 |
| 2767 || 2.81566654122103 || 2016-07-22 00:59:15 |
| 2768 || 3.72962202135935 || 2014-05-20 00:29:35 |
| 2769 || 43.249363767952 || 2015-07-06 15:38:19 |
| 2770 || -29.1148749989331 || 2017-10-17 12:37:46 |
| 2771 || 56.0142319208197 || 2019-10-04 08:41:35 |
| 2772 || 16.1592497384503 || 2012-08-09 04:39:29 |
| 2773 || 1.3066532779166 || 2013-12-24 11:19:35 |
| 2774 || 19.3693169467718 || 2014-04-14 03:17:44 |
| 2775 || -24.3196218943524 || 2014-03-08 12:17:47 |
| 2776 || 71.0017026919457 || 2015-07-08 03:31:13 |
| 2777 || 4.84769132055695 || 2017-01-20 15:10:54 |
| 2778 || 0.235530912198019 || 2019-02-08 18:14:10 |
| 2779 || 36.0457396222808 || 2015-08-23 22:34:34 |
| 2780 || -0.502245735790963 || 2015-08-12 02:40:39 |
| 2781 || 55.7832176998354 || 2013-04-16 15:20:15 |
| 2782 || -4.12070045838059 || 2013-07-24 19:45:23 |
| 2783 || 0.0516238858543401 || 2018-11-12 17:40:43 |
| 2784 || 28.8547832392877 || 2010-05-03 16:14:58 |
| 2785 || 67.0404893607977 || 2013-01-21 02:31:01 |
| 2786 || -7.1619096514955 || 2011-12-13 22:47:30 |
| 2787 || -4.93402997302527 || 2011-10-14 19:26:00 |
| 2788 || -0.0146371751920618 || 2012-08-13 19:40:18 |
| 2789 || 28.0300033503602 || 2012-01-27 04:59:04 |
| 2790 || -14.9583684565604 || 2019-05-26 18:37:18 |
| 2791 || 56.7721435818417 || 2012-06-08 12:12:45 |
| 2792 || 36.882335112533 || 2011-04-25 11:41:18 |
| 2793 || -0.15856840250255 || 2012-04-27 11:12:50 |
| 2794 || -5.22626641096117 || 2010-11-22 12:51:26 |
| 2795 || 57.9185542267383 || 2015-03-13 22:48:32 |
| 2796 || 86.2492421227043 || 2017-02-07 08:56:47 |
| 2797 || 42.6165154867702 || 2012-04-03 02:13:25 |
| 2798 || 1.37755014812013 || 2014-04-05 16:47:38 |
| 2799 || 18.5284697938544 || 2016-10-25 02:19:52 |
| 2800 || 62.9772199065226 || 2014-11-07 05:17:11 |
| 2801 || 65.0907450453599 || 2017-01-08 14:47:24 |
| 2802 || -3.26923598392911 || 2010-05-01 07:49:58 |
| 2803 || 2.48857710534678 || 2018-11-05 14:47:01 |
| 2804 || 5.00857323710116 || 2019-11-22 20:13:04 |
| 2805 || 47.7062789611025 || 2011-06-25 06:17:30 |
| 2806 || 72.0152333622396 || 2010-10-14 23:42:12 |
| 2807 || -17.7424928965229 || 2014-04-25 06:39:38 |
| 2808 || -1.0812235492372 || 2012-05-21 01:40:20 |
| 2809 || -1.66795131811157 || 2012-06-12 07:18:40 |
| 2810 || 57.8033955616684 || 2013-06-25 05:24:03 |
| 2811 || -29.0385487396335 || 2018-11-27 20:00:51 |
| 2812 || 58.7731661694913 || 2016-11-09 12:40:02 |
| 2813 || 8.77378217151885 || 2013-05-07 09:07:15 |
| 2814 || 4.56066352476216 || 2019-10-22 19:19:18 |
| 2815 || -10.2815751098337 || 2012-07-12 23:15:08 |
| 2816 || 28.488684440298 || 2016-03-10 08:20:26 |
| 2817 || 12.3981344893204 || 2017-03-23 00:10:29 |
| 2818 || 12.5518562504432 || 2010-10-12 08:30:37 |
| 2819 || 2.32771696962456 || 2010-05-04 03:47:01 |
| 2820 || 20.3261651181584 || 2011-01-16 18:37:42 |
| 2821 || -20.9701581015519 || 2019-10-22 06:13:20 |
| 2822 || 66.1639951752966 || 2010-03-27 21:18:05 |
| 2823 || 13.8411887620303 || 2015-01-25 08:12:39 |
| 2824 || 2.36260373200972 || 2010-07-27 13:23:49 |
| 2825 || 19.5595785371653 || 2012-09-21 19:51:27 |
| 2826 || 52.2904234684111 || 2019-12-13 05:56:46 |
| 2827 || 72.8583636099677 || 2014-01-23 03:46:17 |
| 2828 || 14.8701705162011 || 2019-09-07 16:12:26 |
| 2829 || -0.352209674198096 || 2019-11-25 09:57:10 |
| 2830 || 8.81038319067363 || 2012-08-04 18:28:05 |
| 2831 || -11.9028370834429 || 2019-09-27 22:24:22 |
| 2832 || -24.8968911610366 || 2019-09-02 14:29:58 |
| 2833 || 25.6307585236217 || 2010-03-10 06:51:52 |
| 2834 || 0.0500535965136295 || 2018-03-18 10:46:07 |
| 2835 || 25.5177285270186 || 2011-03-11 17:51:05 |
| 2836 || 7.54512673453992 || 2015-08-11 17:43:15 |
| 2837 || -11.0565509953953 || 2018-02-15 19:48:46 |
| 2838 || 20.5894352297273 || 2010-04-11 01:05:12 |
| 2839 || -0.0012784640678255 || 2019-10-27 16:09:41 |
| 2840 || 14.0513090489062 || 2018-11-07 23:09:03 |
| 2841 || -4.52060370590092 || 2010-02-02 03:17:11 |
| 2842 || 79.040165174354 || 2016-02-19 19:54:49 |
| 2843 || -12.1204430674782 || 2015-10-19 07:10:46 |
| 2844 || -0.122695612647673 || 2010-03-04 09:26:32 |
| 2845 || 23.0097038521482 || 2017-11-25 22:26:26 |
| 2846 || 26.0779850339958 || 2011-11-26 04:07:03 |
| 2847 || 61.8282732665026 || 2010-03-21 00:14:40 |
| 2848 || -12.6685466974469 || 2016-06-24 21:49:41 |
| 2849 || -0.28106090278976 || 2016-10-05 17:04:05 |
| 2850 || 14.8449566140696 || 2010-04-07 17:03:37 |
| 2851 || -7.1290305841626 || 2013-06-10 14:29:32 |
| 2852 || 55.9193532505148 || 2010-01-01 15:39:14 |
| 2853 || 21.0818415559193 || 2016-03-18 12:37:51 |
| 2854 || 3.05434035979708 || 2016-08-08 11:05:20 |
| 2855 || -4.09829592962061 || 2015-09-26 05:31:16 |
| 2856 || -22.1644307397392 || 2014-05-21 19:44:44 |
| 2857 || -8.01370753986749 || 2019-04-18 06:39:39 |
| 2858 || 50.6315813662121 || 2011-12-05 10:42:42 |
| 2859 || 0.716922625152046 || 2011-10-11 19:35:43 |
| 2860 || -2.43355026799938 || 2011-12-09 13:28:00 |
| 2861 || 30.1677652313506 || 2010-08-12 03:30:18 |
| 2862 || 89.6676910380902 || 2012-01-17 00:01:59 |
| 2863 || 24.035659378159 || 2018-05-14 07:47:20 |
| 2864 || -2.80704988355546 || 2019-04-25 18:46:06 |
| 2865 || 3.81577232941631 || 2010-09-03 19:53:12 |
| 2866 || 49.3354120390353 || 2017-12-02 16:32:26 |
| 2867 || 79.30073919953 || 2017-09-02 04:12:50 |
| 2868 || -5.65283248960127 || 2015-08-01 22:56:13 |
| 2869 || -4.02569882024721 || 2018-02-20 09:04:02 |
| 2870 || 3.74105923705807 || 2012-03-25 11:01:03 |
| 2871 || 1.02667034007899 || 2015-08-04 06:14:03 |
| 2872 || -13.1274761858221 || 2018-10-07 02:18:23 |
| 2873 || -1.00134081631128 || 2012-12-01 11:56:12 |
| 2874 || -5.33915568679398 || 2016-11-20 19:59:12 |
| 2875 || 1.71423968597146 || 2014-07-12 01:27:43 |
| 2876 || 32.5552629151864 || 2012-11-19 04:23:44 |
| 2877 || 87.5825917693797 || 2018-04-05 19:18:33 |
| 2878 || 70.0968866561987 || 2016-06-18 15:33:18 |
| 2879 || 16.3314180713314 || 2019-05-25 11:16:02 |
| 2880 || -0.315126763544456 || 2018-01-07 20:31:02 |
| 2881 || 33.6080264745262 || 2011-07-11 03:59:10 |
| 2882 || 60.8120179011074 || 2010-02-27 11:22:44 |
| 2883 || 75.3466870098723 || 2012-09-08 00:39:38 |
| 2884 || 2.13579415905075 || 2012-08-21 02:01:34 |
| 2885 || 0.0316370755337182 || 2018-04-02 00:03:05 |
| 2886 || -11.270897425605 || 2019-08-09 06:59:21 |
| 2887 || -15.3821537437368 || 2017-03-10 18:28:27 |
| 2888 || -12.6060824412589 || 2014-01-14 03:23:35 |
| 2889 || 4.34513526449219 || 2012-04-06 22:44:50 |
| 2890 || -1.64994410183988e-05 || 2011-07-02 07:15:24 |
| 2891 || -0.0688397139514103 || 2017-04-13 18:21:22 |
| 2892 || 79.11108528438 || 2012-03-05 17:49:52 |
| 2893 || 56.4449262299755 || 2011-10-27 20:06:40 |
| 2894 || 18.6017085974803 || 2018-09-12 14:50:59 |
| 2895 || 0.146661551289996 || 2017-10-19 19:08:23 |
| 2896 || -1.48873402118379 || 2015-04-23 20:51:22 |
| 2897 || 68.6492794024907 || 2012-04-26 03:36:02 |
| 2898 || 71.0665324232583 || 2010-10-01 20:17:19 |
| 2899 || 33.6940115014972 || 2013-01-15 03:36:45 |
| 2900 || 0.984830889849782 || 2016-01-22 16:28:23 |
| 2901 || -6.75757044304083 || 2011-08-04 04:51:10 |
| 2902 || -8.1297930867725 || 2014-08-13 13:43:57 |
| 2903 || 61.2491572954246 || 2019-11-22 03:41:09 |
| 2904 || 40.6691936257491 || 2010-02-12 18:54:31 |
| 2905 || -0.543510749508124 || 2018-05-12 20:37:03 |
| 2906 || 9.35529075986852 || 2016-09-08 13:35:56 |
| 2907 || 46.620130120512 || 2019-09-04 00:58:50 |
| 2908 || -1.16073937467427 || 2014-08-21 17:28:52 |
| 2909 || -4.47439554848376 || 2010-04-01 15:25:06 |
| 2910 || 4.22023944191841 || 2010-03-02 11:42:22 |
| 2911 || -1.7350971226445 || 2015-04-21 03:42:13 |
| 2912 || 47.5787266930435 || 2010-08-08 16:16:18 |
| 2913 || 26.2857590156986 || 2014-02-02 03:59:34 |
| 2914 || 11.5970716985398 || 2012-11-12 18:21:36 |
| 2915 || 4.92416675792632 || 2011-02-10 22:59:17 |
| 2916 || -0.638462654989524 || 2019-06-17 12:57:57 |
| 2917 || -9.40422711543728 || 2014-12-11 20:55:16 |
| 2918 || -18.3238667712748 || 2018-12-06 19:33:22 |
| 2919 || 62.0445086261431 || 2017-03-19 14:11:33 |
| 2920 || -0.333070535167637 || 2012-03-21 01:19:15 |
| 2921 || 3.58273890188366 || 2018-07-11 15:07:35 |
| 2922 || 49.9093019449671 || 2019-10-04 20:38:12 |
| 2923 || 66.7773013582633 || 2019-05-05 04:02:40 |
| 2924 || 19.7940475178466 || 2015-11-14 18:35:48 |
| 2925 || 8.79981008665631 || 2012-06-02 16:56:59 |
| 2926 || 2.50137218300245 || 2010-12-11 13:00:39 |
| 2927 || 12.0571564689854 || 2012-04-24 21:14:49 |
| 2928 || 2.78655227230943 || 2012-06-26 10:30:41 |
| 2929 || 51.5325409041293 || 2011-05-27 19:29:18 |
| 2930 || 16.3978932944146 || 2019-08-23 09:36:17 |
| 2931 || 0.0132085847707443 || 2015-11-07 05:42:21 |
| 2932 || 41.3871792992764 || 2013-02-06 11:08:15 |
| 2933 || 73.3494553898633 || 2012-09-03 19:08:13 |
| 2934 || 22.2681710180382 || 2015-06-07 03:39:42 |
| 2935 || 24.1089710247479 || 2010-12-14 08:29:41 |
| 2936 || 0.393452707555975 || 2018-02-06 06:14:42 |
| 2937 || 23.9754592016979 || 2015-08-11 20:25:04 |
| 2938 || 53.8901666717739 || 2013-06-23 03:07:36 |
| 2939 || 12.9543659024643 || 2018-06-05 14:38:45 |
| 2940 || 11.5702897584329 || 2016-05-24 08:40:19 |
| 2941 || -0.00325140385557929 || 2011-12-25 14:27:40 |
| 2942 || 30.8430964959742 || 2013-03-01 10:57:16 |
| 2943 || -17.0639526782945 || 2016-01-01 22:56:03 |
| 2944 || 43.0528887533478 || 2014-01-18 13:47:37 |
| 2945 || 18.1125214871034 || 2019-06-21 13:28:22 |
| 2946 || 0.0581701860201501 || 2017-04-18 11:10:37 |
| 2947 || 4.27277094891949 || 2018-01-26 14:50:47 |
| 2948 || -25.3383108861923 || 2012-01-18 02:21:55 |
| 2949 || 85.2569302045688 || 2010-10-19 22:58:50 |
| 2950 || -9.71289630299886 || 2012-01-18 18:00:07 |
| 2951 || 1.06864988042276 || 2016-09-13 02:48:28 |
| 2952 || -1.43419700554181 || 2011-01-23 14:45:26 |
| 2953 || 49.1120151453261 || 2017-02-23 16:21:51 |
| 2954 || -14.0114969179446 || 2012-01-25 13:23:27 |
| 2955 || 20.3499996319544 || 2016-09-16 09:51:17 |
| 2956 || -0.824211662167504 || 2015-11-05 15:20:45 |
| 2957 || -4.23676847069154 || 2015-01-24 13:02:46 |
| 2958 || 68.2377986355009 || 2014-09-13 08:09:00 |
| 2959 || 87.4192180440769 || 2017-02-26 15:31:33 |
| 2960 || -1.35556638201135 || 2014-03-01 18:31:26 |
| 2961 || 0.977240927166705 || 2016-04-21 04:16:35 |
| 2962 || -4.19051618887074 || 2017-07-01 10:03:14 |
| 2963 || 11.9896033357399 || 2015-01-05 11:32:31 |
| 2964 || -9.98632480917344 || 2013-03-22 23:06:24 |
| 2965 || 55.9116841781319 || 2015-05-16 09:27:37 |
| 2966 || -2.25121427370264 || 2012-12-14 09:42:07 |
| 2967 || 8.52004393904092 || 2017-06-20 13:11:33 |
| 2968 || 1.33448142003466 || 2018-03-14 16:28:20 |
| 2969 || 27.0504474592338 || 2017-10-14 10:35:30 |
| 2970 || 37.5577332170159 || 2017-03-11 02:36:10 |
| 2971 || -2.34664684617237 || 2016-09-20 10:20:07 |
| 2972 || -1.28749107121113 || 2013-07-10 23:16:29 |
| 2973 || 40.9484554150905 || 2018-10-02 11:05:50 |
| 2974 || -5.10271642130159 || 2011-05-16 02:42:41 |
| 2975 || -12.5307078048491 || 2012-02-14 00:17:41 |
| 2976 || 13.8600978480008 || 2012-11-25 02:33:33 |
| 2977 || 1.09261900068604 || 2012-01-22 19:04:52 |
| 2978 || -16.0038170715308 || 2019-07-08 13:42:24 |
| 2979 || 65.1147510838377 || 2019-11-08 20:44:36 |
| 2980 || -22.7718788114041 || 2011-10-02 03:36:38 |
| 2981 || 9.2633481344636 || 2017-02-27 02:16:53 |
| 2982 || -0.557784273745957 || 2014-05-02 17:53:27 |
| 2983 || -12.1147521446233 || 2019-08-05 15:32:41 |
| 2984 || 71.9073382108657 || 2012-03-18 23:26:00 |
| 2985 || 72.5272236486449 || 2017-09-08 23:51:34 |
| 2986 || 21.5594406901454 || 2012-01-24 13:06:06 |
| 2987 || 0.608936334413472 || 2013-04-22 01:31:22 |
| 2988 || -9.63573238523023 || 2012-02-14 17:09:32 |
| 2989 || 36.7813884763606 || 2019-08-25 12:30:14 |
| 2990 || 73.1238335078057 || 2017-06-07 22:37:12 |
| 2991 || 23.2565903421425 || 2010-04-24 03:57:22 |
| 2992 || 0.0241454629951916 || 2015-08-21 10:16:28 |
| 2993 || -8.85939723246896 || 2015-06-23 00:21:26 |
| 2994 || -22.5751911788338 || 2017-08-07 23:19:28 |
| 2995 || 9.53036821507127 || 2018-10-16 18:33:07 |
| 2996 || 4.58060227480357 || 2013-09-16 08:52:28 |
| 2997 || 0.0560055891511352 || 2019-09-06 02:12:40 |
| 2998 || 20.9083649657365 || 2010-10-14 11:44:24 |
| 2999 || -17.8118039918032 || 2015-01-03 11:51:13 |
| 3000 || 21.0140896173763 || 2015-09-12 03:12:31 |
| 3001 || 37.8030153356323 || 2016-03-05 21:46:22 |
| 3002 || 0.557863590287141 || 2011-10-14 01:19:18 |
| 3003 || 6.75020423755398 || 2014-11-01 13:23:08 |
| 3004 || 73.1069357346471 || 2018-04-19 06:05:38 |
| 3005 || 53.9464801624979 || 2011-08-13 19:34:34 |
| 3006 || 32.7930879773421 || 2014-05-19 06:32:31 |
| 3007 || 1.63847733088481 || 2013-12-11 09:09:44 |
| 3008 || 3.42808282056828 || 2013-02-23 15:36:55 |
| 3009 || 61.2155953812889 || 2019-02-22 11:25:48 |
| 3010 || 40.666179033409 || 2014-10-21 05:33:59 |
| 3011 || -11.5240724372076 || 2015-08-20 16:47:13 |
| 3012 || -0.317946780815133 || 2012-11-01 10:40:19 |
| 3013 || -4.02671301957242 || 2013-10-25 01:42:47 |
| 3014 || 64.450407415319 || 2018-02-06 01:36:42 |
| 3015 || -5.86616819683429 || 2011-01-26 23:14:42 |
| 3016 || 3.53617895510131 || 2018-01-05 05:22:13 |
| 3017 || 6.36550187134062 || 2013-02-26 13:35:18 |
| 3018 || 9.7720068443562 || 2011-05-02 09:40:01 |
| 3019 || 59.2455777272483 || 2011-06-12 22:38:53 |
| 3020 || -11.4896087074634 || 2010-04-17 14:40:03 |
| 3021 || 8.96133622385252 || 2016-07-10 05:31:13 |
| 3022 || 9.23076890823642 || 2018-10-18 19:57:05 |
| 3023 || 0.541615793268979 || 2014-06-10 21:20:48 |
| 3024 || 54.1326755057116 || 2019-05-07 15:25:54 |
| 3025 || 49.1303394457599 || 2018-07-16 18:31:43 |
| 3026 || -21.6237369599216 || 2015-02-21 20:18:41 |
| 3027 || 13.4215935635366 || 2017-06-06 22:38:53 |
| 3028 || -1.2872229022646 || 2012-09-14 13:25:50 |
| 3029 || -4.44336420404842 || 2012-05-17 07:25:06 |
| 3030 || 88.6059677472064 || 2011-06-12 23:54:56 |
| 3031 || -19.2797846316467 || 2015-12-15 15:38:35 |
| 3032 || 10.4243512005353 || 2013-07-20 06:59:40 |
| 3033 || -0.56197038867288 || 2010-04-06 03:30:18 |
| 3034 || 18.0410143254033 || 2017-08-20 13:34:16 |
| 3035 || -28.981241752278 || 2016-02-07 13:20:02 |
| 3036 || 73.2766129724393 || 2012-05-03 13:45:57 |
| 3037 || 3.06745894878794 || 2011-11-22 15:03:25 |
| 3038 || 0.176271014580902 || 2014-03-22 11:21:15 |
| 3039 || -10.2976312928306 || 2014-09-22 06:06:28 |
| 3040 || 47.1574933730788 || 2019-01-02 20:02:06 |
| 3041 || 73.1260702566144 || 2012-01-27 18:03:47 |
| 3042 || 2.87612503121324 || 2015-01-27 06:49:19 |
| 3043 || 0.0736630379649641 || 2016-05-05 09:25:57 |
| 3044 || -10.7468431605294 || 2019-06-20 23:52:41 |
| 3045 || 79.89298987842 || 2017-10-22 23:38:52 |
| 3046 || 57.5144843032301 || 2019-06-21 09:04:06 |
| 3047 || 28.5266862155715 || 2011-02-01 13:54:15 |
| 3048 || 0.0485645504287616 || 2012-09-20 19:53:40 |
| 3049 || -7.32579020154885 || 2016-05-15 11:18:12 |
| 3050 || -24.4235879430149 || 2010-08-01 04:47:20 |
| 3051 || -28.1108609032778 || 2017-06-26 01:33:52 |
| 3052 || 25.3600371937493 || 2015-08-12 16:12:26 |
| 3053 || -0.126549850772617 || 2019-07-04 16:40:52 |
| 3054 || -3.90879193268384 || 2016-12-20 23:43:42 |
| 3055 || 64.3968632145141 || 2013-08-05 23:39:58 |
| 3056 || 83.7127585946334 || 2015-04-11 00:22:25 |
| 3057 || 38.6488250429847 || 2018-06-23 13:45:25 |
| 3058 || 1.75331558801035 || 2019-08-14 04:05:58 |
| 3059 || 5.11219619844151 || 2012-11-25 01:15:42 |
| 3060 || 49.9051307525466 || 2014-06-02 02:28:23 |
| 3061 || 57.4177396425784 || 2015-04-25 22:49:49 |
| 3062 || -1.95956990490709 || 2010-09-02 04:39:57 |
| 3063 || 2.64523953355452 || 2017-03-14 04:44:37 |
| 3064 || 1.02066324328304 || 2017-06-16 07:11:52 |
| 3065 || 65.6541669631334 || 2019-10-09 14:16:06 |
| 3066 || 12.7105008186616 || 2010-07-23 12:53:45 |
| 3067 || 19.4472709734932 || 2014-05-19 16:30:13 |
| 3068 || -1.38743715610445 || 2014-10-23 02:17:02 |
| 3069 || 6.88219725933639 || 2011-03-20 11:16:32 |
| 3070 || 21.6881147486335 || 2013-10-17 11:29:00 |
| 3071 || 88.2634020065526 || 2014-03-01 18:55:26 |
| 3072 || 51.5910752260245 || 2013-11-08 17:14:09 |
| 3073 || 3.03618198741579 || 2010-10-08 07:30:40 |
| 3074 || 6.54456202034344 || 2017-04-25 17:40:54 |
| 3075 || 47.8076130348515 || 2018-01-12 14:34:32 |
| 3076 || -17.9599651735166 || 2014-12-21 03:07:29 |
| 3077 || 25.6832313759753 || 2019-08-03 00:31:19 |
| 3078 || 12.8829305949023 || 2017-08-02 10:10:12 |
| 3079 || 2.50167211265075 || 2018-09-05 19:51:12 |
| 3080 || 25.7374214417878 || 2015-07-12 07:54:07 |
| 3081 || 40.0552110485161 || 2015-02-12 06:07:37 |
| 3082 || -6.56862246310569 || 2011-02-07 23:47:07 |
| 3083 || 15.4727379981392 || 2018-11-16 09:51:16 |
| 3084 || 0.941575802476314 || 2019-01-25 12:43:07 |
| 3085 || 7.16086196972781 || 2013-02-11 20:19:30 |
| 3086 || 36.0331612100301 || 2018-04-15 23:20:29 |
| 3087 || -14.1462843918639 || 2016-01-20 20:48:02 |
| 3088 || 17.3737752512762 || 2013-11-22 13:09:15 |
| 3089 || -0.243224781012655 || 2011-02-17 21:15:42 |
| 3090 || 21.6563807058491 || 2018-01-19 16:07:56 |
| 3091 || 18.3500259446015 || 2016-09-04 19:50:09 |
| 3092 || 52.3697061993374 || 2015-07-10 23:03:17 |
| 3093 || -0.0455217997904633 || 2012-09-11 18:12:56 |
| 3094 || -0.0275014874425715 || 2017-06-12 07:01:28 |
| 3095 || 3.1659690964888 || 2013-01-13 06:51:25 |
| 3096 || 20.0341439583473 || 2013-08-12 19:21:44 |
| 3097 || -13.0493395575441 || 2014-12-16 07:12:34 |
| 3098 || -9.84015312390023 || 2015-02-13 15:02:41 |
| 3099 || 0.019804607776247 || 2016-12-06 04:10:55 |
| 3100 || 19.8195117455498 || 2010-08-07 17:52:14 |
| 3101 || -11.3438951045571 || 2016-11-23 19:25:14 |
| 3102 || 13.0922156178186 || 2018-08-08 23:40:02 |
| 3103 || 34.1013342695849 || 2019-04-12 13:47:57 |
| 3104 || -0.0259621585925671 || 2011-12-08 08:17:11 |
| 3105 || -3.35083850739638 || 2015-11-01 00:31:51 |
| 3106 || 1.93123293045956 || 2010-04-20 13:26:45 |
| 3107 || 86.0795902038455 || 2012-08-23 23:10:25 |
| 3108 || 13.1278163227401 || 2011-09-01 06:58:17 |
| 3109 || 0.918927460494854 || 2013-03-21 05:09:39 |
| 3110 || -4.32002715490647 || 2017-01-06 02:15:39 |
| 3111 || 20.379273204081 || 2019-05-25 12:59:36 |
| 3112 || 12.3758390128821 || 2011-08-22 03:52:29 |
| 3113 || 4.51341368576953 || 2013-02-22 02:45:48 |
| 3114 || -0.672231588101227 || 2010-03-07 04:37:57 |
| 3115 || 14.888230802696 || 2010-01-12 21:11:46 |
| 3116 || 32.1183520628644 || 2011-11-06 08:37:49 |
| 3117 || 69.9672233770168 || 2017-07-15 20:28:33 |
| 3118 || 45.8955748301082 || 2018-06-21 04:33:25 |
| 3119 || 0.525570813428715 || 2012-09-21 11:45:43 |
| 3120 || 10.1412059690378 || 2017-02-27 08:16:26 |
| 3121 || 54.9787623414873 || 2016-07-15 01:41:01 |
| 3122 || 5.83710321320923 || 2018-11-21 06:36:11 |
| 3123 || 16.9880512115107 || 2018-03-21 15:19:02 |
| 3124 || 1.10568795767495 || 2014-07-04 21:29:11 |
| 3125 || -2.58882850059676 || 2019-09-13 22:12:51 |
| 3126 || 48.7738671933407 || 2013-08-07 12:21:10 |
| 3127 || -29.9430758969065 || 2016-08-13 12:18:40 |
| 3128 || 48.5859157475496 || 2012-06-22 22:57:45 |
| 3129 || 9.5439473807454 || 2014-01-09 22:31:29 |
| 3130 || -0.107702336988746 || 2014-11-02 19:24:58 |
| 3131 || -7.65784371421857 || 2011-07-06 23:26:08 |
| 3132 || 88.8343055432757 || 2010-06-21 09:08:16 |
| 3133 || 64.337334476067 || 2011-09-14 17:01:30 |
| 3134 || 14.9495345911985 || 2012-07-23 04:13:47 |
| 3135 || 2.75555252250528 || 2010-10-02 13:05:20 |
| 3136 || -14.0801992477153 || 2012-05-17 04:48:19 |
| 3137 || 87.3806555025138 || 2010-10-08 15:22:33 |
| 3138 || 0.311265386540717 || 2018-04-10 21:39:05 |
| 3139 || 13.8918968881816 || 2011-03-06 08:09:46 |
| 3140 || -0.298700077709224 || 2019-06-17 00:04:25 |
| 3141 || -7.5002390536715 || 2015-04-19 18:46:00 |
| 3142 || -24.2101911869816 || 2015-11-16 10:16:55 |
| 3143 || 13.8548104557814 || 2018-11-05 09:11:30 |
| 3144 || 5.25335529142404 || 2014-10-04 16:42:14 |
| 3145 || 0.259223206437654 || 2014-09-12 09:49:22 |
| 3146 || 24.624637729183 || 2012-04-25 12:47:46 |
| 3147 || -5.18465224887593 || 2014-05-08 06:27:02 |
| 3148 || -13.4771098533699 || 2017-05-13 11:38:36 |
| 3149 || -9.18772772962779 || 2012-04-10 19:06:39 |
| 3150 || 0.00149743409808759 || 2010-08-12 12:45:58 |
| 3151 || 21.8569200687324 || 2016-04-07 00:58:26 |
| 3152 || 5.45994472131147 || 2012-10-18 15:56:49 |
| 3153 || -18.5240934706796 || 2018-01-24 17:12:49 |
| 3154 || 31.7226402738296 || 2019-11-10 20:01:56 |
| 3155 || 0.373440180085254 || 2015-10-12 23:47:22 |
| 3156 || 21.7772605859495 || 2014-06-22 00:25:29 |
| 3157 || 25.1096650373138 || 2013-03-02 01:53:52 |
| 3158 || -23.4472554532158 || 2016-09-07 19:18:12 |
| 3159 || -2.54382224246089 || 2018-04-17 19:25:20 |
| 3160 || 0.616319556530824 || 2013-02-19 08:35:43 |
| 3161 || 5.64808038914698 || 2011-04-01 18:48:12 |
| 3162 || -13.676922102183 || 2015-10-22 02:28:03 |
| 3163 || 60.7917963625095 || 2019-03-26 11:22:02 |
| 3164 || -12.6552897097599 || 2015-08-11 19:07:02 |
| 3165 || -0.3819581029965 || 2011-03-20 05:39:18 |
| 3166 || 3.76923417681429 || 2018-06-15 18:10:16 |
| 3167 || 33.2583046767907 || 2010-10-11 00:17:57 |
| 3168 || 68.5695371085281 || 2011-03-23 08:07:42 |
| 3169 || 48.5598133945196 || 2017-05-18 21:28:08 |
| 3170 || 2.72174427264257 || 2018-08-19 04:59:30 |
| 3171 || 3.86096184361817 || 2014-10-21 16:22:59 |
| 3172 || -10.3401042087821 || 2013-12-12 08:29:40 |
| 3173 || 89.0460399131699 || 2013-09-21 03:49:13 |
| 3174 || -19.0197422219241 || 2014-06-15 20:49:05 |
| 3175 || -2.63440282119427 || 2018-12-14 17:54:32 |
| 3176 || 8.35894491879651 || 2014-07-08 12:57:39 |
| 3177 || 57.2818196576134 || 2014-03-25 10:16:15 |
| 3178 || -21.4112612864469 || 2015-11-19 01:59:51 |
| 3179 || -15.5350800669447 || 2010-05-10 10:53:36 |
| 3180 || 11.2242982217191 || 2014-09-13 10:53:04 |
| 3181 || 5.47197172822497 || 2017-01-01 06:08:02 |
| 3182 || 36.526627132248 || 2017-10-01 01:08:59 |
| 3183 || -22.5959245862935 || 2016-08-23 10:27:55 |
| 3184 || 66.5614451446669 || 2011-09-02 08:32:36 |
| 3185 || -4.26557323650907 || 2017-02-14 14:57:46 |
| 3186 || -0.50480528544506 || 2019-08-24 15:58:10 |
| 3187 || 6.55129963557609 || 2017-03-11 03:59:37 |
| 3188 || -21.5858641627284 || 2019-06-13 09:16:44 |
| 3189 || 27.592912074117 || 2017-04-02 07:20:07 |
| 3190 || -5.85426496477894 || 2013-02-24 17:39:53 |
| 3191 || -0.27158347755509 || 2019-09-14 03:44:25 |
| 3192 || 25.0626289578349 || 2015-08-17 09:24:06 |
| 3193 || 11.9463415699716 || 2019-01-01 00:41:01 |
| 3194 || -13.2825824727326 || 2019-11-19 03:45:08 |
| 3195 || 0.657870759997427 || 2016-12-05 19:16:31 |
| 3196 || 0.380514114390975 || 2019-02-04 08:03:24 |
| 3197 || -11.3925228776831 || 2011-07-24 22:09:22 |
| 3198 || 64.3141684335561 || 2017-05-24 07:44:19 |
| 3199 || 79.6472872564489 || 2012-03-03 10:49:30 |
| 3200 || -8.7609948550117 || 2017-05-05 11:45:15 |
| 3201 || 0.00457620688776548 || 2017-03-25 17:46:45 |
| 3202 || 30.0395914700368 || 2012-03-21 03:50:17 |
| 3203 || -24.4312661589507 || 2019-08-02 01:39:19 |
| 3204 || 53.6931624696543 || 2019-02-17 05:31:23 |
| 3205 || 33.5818922592354 || 2013-10-25 23:56:42 |
| 3206 || 0.110495976634058 || 2017-12-08 10:18:40 |
| 3207 || 1.05547135680493 || 2015-01-09 00:20:18 |
| 3208 || 61.3898439923253 || 2012-11-07 02:22:17 |
| 3209 || 21.13618706735 || 2019-10-10 09:24:01 |
| 3210 || -12.1754978208079 || 2015-10-27 14:33:19 |
| 3211 || 1.09494899602487 || 2017-07-12 20:54:05 |
| 3212 || 19.5155732945539 || 2016-03-25 15:43:38 |
| 3213 || 68.8861318336099 || 2011-07-08 06:23:02 |
| 3214 || 26.6424499420359 || 2017-08-10 00:46:36 |
| 3215 || -11.741245517893 || 2011-03-03 00:52:18 |
| 3216 || 0.0420677581735832 || 2012-12-07 20:09:11 |
| 3217 || 8.10175572448962 || 2016-07-08 16:53:36 |
| 3218 || 42.3033829063415 || 2018-12-25 12:50:48 |
| 3219 || -1.86134847431983 || 2013-07-14 11:55:18 |
| 3220 || 22.189228373265 || 2015-04-02 02:30:03 |
| 3221 || 4.55450031048452 || 2018-02-11 17:20:23 |
| 3222 || -3.97593358961997 || 2014-09-19 15:18:36 |
| 3223 || -13.6010236771433 || 2019-01-14 10:28:15 |
| 3224 || 86.7092229401251 || 2010-07-23 04:39:44 |
| 3225 || -17.80249765287 || 2018-09-04 07:25:17 |
| 3226 || -0.352754561380089 || 2019-03-10 10:32:17 |
| 3227 || 6.56938214849048 || 2012-07-20 10:42:31 |
| 3228 || 43.7563648430688 || 2017-08-27 01:25:24 |
| 3229 || -28.4239457894127 || 2014-11-21 23:38:23 |
| 3230 || 8.6069020175039 || 2018-11-02 16:20:55 |
| 3231 || 9.30271729387785 || 2017-01-09 09:12:54 |
| 3232 || 4.79622559835251 || 2012-06-26 04:45:39 |
| 3233 || 49.5693478323657 || 2018-08-18 11:02:25 |
| 3234 || -26.704546269503 || 2018-05-04 02:20:01 |
| 3235 || 54.9693973319184 || 2016-07-17 18:55:30 |
| 3236 || 3.98877563251319 || 2014-03-27 04:47:07 |
| 3237 || 1.15914033170071 || 2015-10-15 08:29:33 |
| 3238 || 24.5518139980265 || 2012-01-16 09:30:50 |
| 3239 || 77.0898665734652 || 2011-01-06 07:05:01 |
| 3240 || -23.4379620210453 || 2015-06-01 11:31:43 |
| 3241 || -3.8324989138556 || 2013-11-18 19:50:43 |
| 3242 || 0.300355356804157 || 2014-02-07 09:45:58 |
| 3243 || 33.9774453354025 || 2013-08-17 04:41:56 |
| 3244 || 6.01155408418066 || 2015-03-27 20:58:22 |
| 3245 || -25.0520456332559 || 2019-05-14 00:46:59 |
| 3246 || 23.5436771521963 || 2011-07-24 20:58:59 |
| 3247 || -0.166452252085487 || 2011-08-10 19:10:47 |
| 3248 || -2.46812819480585 || 2016-03-15 15:38:52 |
| 3249 || 65.8745281226097 || 2014-11-14 10:15:49 |
| 3250 || 9.0112154421739 || 2012-06-23 11:09:48 |
| 3251 || 27.1244048535054 || 2014-10-18 18:35:16 |
| 3252 || 0.0043198657995119 || 2015-09-06 12:48:59 |
| 3253 || -3.06108107960915 || 2013-03-16 10:50:26 |
| 3254 || 37.2482447925422 || 2019-02-11 04:24:48 |
| 3255 || -22.3857198512416 || 2019-08-19 13:48:27 |
| 3256 || -10.914313378459 || 2018-11-21 14:35:00 |
| 3257 || -0.00691416298289469 || 2018-02-11 14:14:44 |
| 3258 || 4.72763777529617 || 2019-07-07 08:59:39 |
| 3259 || 40.8832819841996 || 2019-04-14 22:48:41 |
| 3260 || 56.4516381371142 || 2012-11-17 08:32:10 |
| 3261 || 33.507664115633 || 2016-07-15 11:56:43 |
| 3262 || 0.930785806876731 || 2012-10-09 04:30:14 |
| 3263 || 14.9553543488358 || 2010-06-03 17:09:03 |
| 3264 || -15.1411093122034 || 2011-05-13 01:27:39 |
| 3265 || -22.7758257563592 || 2018-02-03 06:30:06 |
| 3266 || -5.73265860423101 || 2010-12-02 20:54:53 |
| 3267 || 1.86390611592374 || 2012-06-22 12:18:10 |
| 3268 || 12.2344743752299 || 2015-03-25 12:47:35 |
| 3269 || 8.92606644778653 || 2010-05-13 12:31:48 |
| 3270 || 26.4928915263558 || 2018-12-25 02:54:42 |
| 3271 || 16.7411023326589 || 2011-04-04 00:35:27 |
| 3272 || 4.26951594762823 || 2018-03-24 04:50:10 |
| 3273 || 10.1099594703819 || 2012-02-26 06:31:01 |
| 3274 || -12.8731498367975 || 2017-12-17 16:15:12 |
| 3275 || -23.1791557152401 || 2016-06-03 05:05:56 |
| 3276 || -8.88416178752185 || 2015-01-18 08:18:00 |
| 3277 || 0.211024778491644 || 2017-05-07 06:12:50 |
| 3278 || 3.83847364884254 || 2019-03-08 14:32:13 |
| 3279 || 55.9692969847928 || 2015-05-05 16:09:06 |
| 3280 || 29.7881647328225 || 2010-06-03 06:26:50 |
| 3281 || -19.1062495293229 || 2013-02-13 09:06:44 |
| 3282 || 10.1867824464491 || 2011-12-10 02:28:17 |
| 3283 || 6.26439219028911 || 2019-09-10 15:23:26 |
| 3284 || 40.8021725089331 || 2012-01-10 11:18:00 |
| 3285 || 66.4167941053482 || 2018-02-02 09:05:44 |
| 3286 || -4.62596945251335 || 2017-02-17 14:09:50 |
| 3287 || 0.972938719310694 || 2011-01-24 15:30:34 |
| 3288 || 0.544579993869846 || 2011-10-03 23:28:36 |
| 3289 || 6.36467700286117 || 2014-11-15 16:38:08 |
| 3290 || 81.7414559858447 || 2016-06-05 03:19:56 |
| 3291 || -0.458915011749304 || 2013-08-21 13:31:43 |
| 3292 || 3.32370035671674 || 2018-08-20 07:45:22 |
| 3293 || 0.17261044623185 || 2016-01-03 05:56:56 |
| 3294 || 4.98276701641419 || 2015-04-10 16:07:38 |
| 3295 || -28.3220557514012 || 2017-05-23 21:07:14 |
| 3296 || 60.7735188572062 || 2014-02-24 12:03:03 |
| 3297 || 3.31454261341446 || 2018-12-23 03:51:17 |
| 3298 || -0.240542202529764 || 2016-03-15 06:47:16 |
| 3299 || 37.6171306297307 || 2017-04-12 04:23:15 |
| 3300 || 33.0897982589569 || 2012-08-25 00:19:50 |
| 3301 || 36.3661135274271 || 2016-04-26 17:53:12 |
| 3302 || 24.5397804562994 || 2017-05-12 02:47:40 |
| 3303 || -0.00959228589418851 || 2011-05-26 21:23:35 |
| 3304 || 21.7281161206859 || 2013-10-12 06:07:00 |
| 3305 || 59.8468156029408 || 2018-09-05 16:03:31 |
| 3306 || 75.8864800621295 || 2011-01-18 21:41:38 |
| 3307 || 28.8709861736037 || 2019-11-14 07:17:37 |
| 3308 || 0.0782971976173924 || 2019-06-17 16:02:17 |
| 3309 || 17.2611778677567 || 2010-01-20 22:06:08 |
| 3310 || 77.6952789131349 || 2017-09-24 05:43:50 |
| 3311 || 81.0608276999242 || 2018-10-22 16:48:44 |
| 3312 || 34.2372757333952 || 2018-01-18 11:28:16 |
| 3313 || 0.692676154637764 || 2017-04-19 08:56:09 |
| 3314 || 0.869249461049176 || 2010-12-21 01:01:12 |
| 3315 || 49.823793803828 || 2013-08-05 05:00:37 |
| 3316 || 44.0457754927481 || 2010-09-27 07:43:59 |
| 3317 || -13.1822085703059 || 2018-09-25 19:06:42 |
| 3318 || 1.79458511159921 || 2012-02-08 07:06:31 |
| 3319 || -6.02925486606486 || 2016-11-20 16:19:15 |
| 3320 || 63.9818601749627 || 2016-08-24 21:55:31 |
| 3321 || 86.542464227307 || 2017-11-01 10:28:12 |
| 3322 || 29.0095919493662 || 2013-07-14 18:52:50 |
| 3323 || -0.215485739886977 || 2012-03-14 10:11:48 |
| 3324 || 13.9112156790685 || 2016-01-01 04:20:42 |
| 3325 || 63.8405784691692 || 2017-06-27 00:37:14 |
| 3326 || -28.9016481041166 || 2013-01-08 10:24:43 |
| 3327 || -12.4222435350099 || 2010-01-19 02:09:00 |
| 3328 || 5.76850357502581 || 2018-03-22 03:05:58 |
| 3329 || 4.91998043396838 || 2014-11-17 07:40:18 |
| 3330 || 7.8075619345352 || 2011-07-17 19:19:26 |
| 3331 || -19.5080640169335 || 2014-04-27 06:57:01 |
| 3332 || -8.07159063809789 || 2013-07-09 10:56:34 |
| 3333 || 9.59809241119988 || 2013-07-06 02:10:45 |
| 3334 || 6.14188011642163 || 2010-11-25 09:20:53 |
| 3335 || 0.0248022041761224 || 2014-04-21 20:13:57 |
| 3336 || 89.1964101457498 || 2012-09-09 08:40:22 |
| 3337 || -21.3363199427781 || 2012-06-10 09:27:48 |
| 3338 || 4.85075688604313 || 2012-04-07 08:50:37 |
| 3339 || -1.30959873696714 || 2016-05-05 20:32:34 |
| 3340 || -9.44835356907365 || 2012-02-14 13:49:12 |
| 3341 || 83.5112319663022 || 2012-08-08 21:34:32 |
| 3342 || -9.0546570335605 || 2010-07-26 03:40:16 |
| 3343 || 0.152399055192335 || 2018-07-02 18:01:09 |
| 3344 || 0.14842303543566 || 2011-08-07 05:11:33 |
| 3345 || 31.653958199879 || 2019-04-07 18:42:05 |
| 3346 || 73.9879426998255 || 2013-01-03 08:11:20 |
| 3347 || -24.4934284647531 || 2011-02-06 16:56:48 |
| 3348 || -5.83219868313259 || 2016-06-03 06:29:20 |
| 3349 || -0.229643768885445 || 2018-05-12 16:35:24 |
| 3350 || -11.8596054489904 || 2016-11-24 08:14:23 |
| 3351 || 37.3610037034071 || 2013-05-26 21:43:56 |
| 3352 || -18.6341067677207 || 2012-06-12 04:34:10 |
| 3353 || 11.3780980705018 || 2010-03-22 06:04:29 |
| 3354 || -0.0266529014056805 || 2017-05-27 06:36:01 |
| 3355 || 4.70412735553081 || 2019-02-20 11:07:24 |
| 3356 || 77.8688145144915 || 2011-04-21 03:33:04 |
| 3357 || -2.98262077075089 || 2017-08-24 10:19:44 |
| 3358 || 13.9084812067643 || 2019-11-04 23:45:23 |
| 3359 || -0.00551889461268278 || 2010-04-27 18:32:38 |
| 3360 || -3.19000528379752 || 2018-01-25 07:00:52 |
| 3361 || -25.7515327475574 || 2014-12-21 03:57:55 |
| 3362 || 57.3633078193921 || 2016-02-20 10:06:29 |
| 3363 || 3.94480154065682 || 2012-03-22 11:55:02 |
| 3364 || -0.113492264696629 || 2010-11-09 17:39:09 |
| 3365 || 15.512173567941 || 2013-12-10 11:17:37 |
| 3366 || 47.0907457671931 || 2016-11-04 01:25:10 |
| 3367 || 14.4057299588347 || 2013-04-02 07:39:50 |
| 3368 || -10.2489574487035 || 2013-11-06 03:09:07 |
| 3369 || -0.439927141861257 || 2013-07-18 15:26:12 |
| 3370 || 15.7196290132538 || 2015-03-06 11:43:27 |
| 3371 || 4.29622355780357 || 2016-08-23 15:37:30 |
| 3372 || -18.8205962487505 || 2019-01-27 05:49:58 |
| 3373 || 4.14692118135096 || 2012-12-26 18:54:06 |
| 3374 || 2.49160400583806 || 2013-10-19 03:28:05 |
| 3375 || 9.64996099396104 || 2012-03-11 10:58:00 |
| 3376 || 30.106559007122 || 2017-06-24 09:32:53 |
| 3377 || -12.6295780109275 || 2014-02-27 08:26:41 |
| 3378 || 7.06487724273185 || 2013-08-02 14:15:43 |
| 3379 || 4.50792272644969 || 2014-07-04 18:16:53 |
| 3380 || 2.75899234172968 || 2011-10-20 17:57:54 |
| 3381 || 59.2862488281419 || 2018-11-10 06:32:07 |
| 3382 || 69.6036479817497 || 2013-10-01 05:15:16 |
| 3383 || 33.7948044474698 || 2012-12-10 23:21:55 |
| 3384 || 8.82531915531809 || 2015-11-18 02:38:52 |
| 3385 || 4.3393062400433 || 2011-12-26 01:28:25 |
| 3386 || -2.04335140702948 || 2014-02-15 20:04:17 |
| 3387 || -1.75591533103589 || 2015-11-08 13:28:24 |
| 3388 || 63.5515687874177 || 2015-11-14 08:52:31 |
| 3389 || 5.83888524107539 || 2013-08-02 11:07:56 |
| 3390 || -1.55941013855013 || 2014-07-21 15:32:51 |
| 3391 || 39.6831087070654 || 2016-12-20 23:19:42 |
| 3392 || 44.1529855691607 || 2015-09-20 15:58:36 |
| 3393 || -17.6385786674373 || 2013-08-19 14:48:45 |
| 3394 || 5.27772639483202 || 2015-10-10 04:35:16 |
| 3395 || 1.31145514655646 || 2016-01-17 06:45:19 |
| 3396 || -7.59842937411714 || 2017-11-18 18:17:34 |
| 3397 || -0.173503238376227 || 2019-08-23 05:29:11 |
| 3398 || -23.7396385688893 || 2011-01-06 09:46:30 |
| 3399 || 20.7770153762948 || 2014-08-10 21:35:27 |
| 3400 || -0.241302685190292 || 2016-03-19 13:37:24 |
| 3401 || -9.50958094980645 || 2013-02-10 13:23:10 |
| 3402 || 82.7517608842518 || 2010-10-02 03:45:43 |
| 3403 || 7.96540964298988 || 2015-01-21 12:21:18 |
| 3404 || 0.847838824342828 || 2017-11-08 09:44:23 |
| 3405 || -0.0474591312785262 || 2016-03-16 02:49:12 |
| 3406 || -7.5984046111369 || 2013-03-05 16:23:33 |
| 3407 || -3.43417133852258 || 2016-08-23 19:43:00 |
| 3408 || 51.5858969078832 || 2017-12-16 19:53:22 |
| 3409 || 5.03778042203673 || 2015-03-03 05:23:49 |
| 3410 || 0.00279786189234068 || 2013-10-13 23:24:35 |
| 3411 || 1.15301996605006 || 2014-06-20 14:28:27 |
| 3412 || -26.0644972220284 || 2014-12-19 01:28:28 |
| 3413 || 49.5901434667492 || 2010-03-25 14:06:35 |
| 3414 || -2.0477052625141 || 2015-06-17 16:02:50 |
| 3415 || 0.146411287751869 || 2013-12-27 01:07:16 |
| 3416 || 23.9751353746735 || 2014-10-13 03:19:39 |
| 3417 || 46.3521469713411 || 2016-12-02 17:35:11 |
| 3418 || -21.6755307911601 || 2019-06-11 10:53:23 |
| 3419 || -11.2909702377032 || 2012-02-17 08:12:55 |
| 3420 || 1.0117998082046 || 2014-07-06 00:37:24 |
| 3421 || 7.25317586441711 || 2012-07-12 21:07:01 |
| 3422 || -23.7674470214498 || 2013-02-22 11:23:19 |
| 3423 || 51.3307338744394 || 2011-12-25 14:24:02 |
| 3424 || -10.0113274998718 || 2013-06-05 01:33:55 |
| 3425 || 2.25866785642599 || 2012-03-21 02:45:32 |
| 3426 || 6.44664263234694 || 2018-06-23 13:58:01 |
| 3427 || -5.73963084666637 || 2013-02-25 01:12:37 |
| 3428 || 82.208694345632 || 2017-12-22 08:24:46 |
| 3429 || 49.5187688652203 || 2011-06-11 08:43:48 |
| 3430 || 3.84292557625774 || 2014-08-25 08:57:15 |
| 3431 || 1.6779467120165 || 2015-03-09 22:26:35 |
| 3432 || 0.690011486219045 || 2013-12-15 01:46:32 |
| 3433 || 86.2651249795462 || 2012-12-20 07:45:15 |
| 3434 || -8.34066454683036 || 2014-02-02 10:41:54 |
| 3435 || 4.36765601225663 || 2012-09-04 17:32:04 |
| 3436 || 7.99831995327513 || 2012-03-19 09:28:07 |
| 3437 || -9.3516589547592 || 2016-12-04 17:21:13 |
| 3438 || -5.56386249751103 || 2015-09-07 08:45:33 |
| 3439 || -16.8156989640618 || 2010-12-09 11:24:14 |
| 3440 || 1.66614838158017 || 2010-07-17 13:27:32 |
| 3441 || -1.76181960829366 || 2018-12-04 01:41:43 |
| 3442 || 22.1213334620567 || 2017-05-12 05:43:41 |
| 3443 || 65.4736224943928 || 2012-03-14 15:27:13 |
| 3444 || 64.210566262405 || 2013-03-22 14:19:51 |
| 3445 || 1.12786046824642 || 2010-08-10 03:50:46 |
| 3446 || 0.80389356683448 || 2017-08-18 09:47:23 |
| 3447 || 31.4944062986011 || 2011-01-27 14:27:53 |
| 3448 || 60.6531783782482 || 2014-05-07 20:08:25 |
| 3449 || -18.2663159079255 || 2018-12-22 18:07:35 |
| 3450 || 10.6025114429722 || 2019-07-04 10:05:04 |
| 3451 || 1.39673985137814 || 2012-08-26 21:11:23 |
| 3452 || -12.4086869846973 || 2017-05-02 14:40:48 |
| 3453 || -8.37997532351126 || 2012-09-04 00:05:41 |
| 3454 || 46.8316919381185 || 2018-06-06 10:50:58 |
| 3455 || -2.46601208152808 || 2019-10-25 02:25:38 |
| 3456 || -0.114162767679124 || 2019-08-26 12:17:08 |
| 3457 || -1.14201905562025 || 2018-11-20 08:54:52 |
| 3458 || 4.88475082698252 || 2019-06-07 02:14:28 |
| 3459 || 24.5315736753302 || 2019-05-03 14:19:35 |
| 3460 || 18.5547236465051 || 2019-03-24 02:07:30 |
| 3461 || 0.00138427277852418 || 2011-10-25 05:02:45 |
| 3462 || 28.2255373178181 || 2019-04-15 01:49:45 |
| 3463 || 50.217325254575 || 2014-07-27 03:47:30 |
| 3464 || 32.9277428577029 || 2015-12-06 05:01:55 |
| 3465 || 9.79313814998032 || 2012-09-06 20:14:38 |
| 3466 || 0.22757082314765 || 2016-08-25 06:32:38 |
| 3467 || -7.63167040559794 || 2012-05-02 08:26:24 |
| 3468 || 51.9442090090276 || 2019-01-11 01:04:16 |
| 3469 || -23.2006317861378 || 2015-11-23 01:33:12 |
| 3470 || 1.86138012775697 || 2011-04-15 11:11:18 |
| 3471 || 0.616566982317156 || 2018-11-02 02:36:58 |
| 3472 || 10.0974024364904 || 2013-01-27 18:25:21 |
| 3473 || 19.0444380638574 || 2011-04-11 02:20:44 |
| 3474 || 72.4915183540838 || 2013-08-25 19:10:44 |
| 3475 || -0.0816376056258909 || 2012-10-08 06:00:29 |
| 3476 || 2.55425736823917 || 2015-07-01 13:27:35 |
| 3477 || 10.5596437483268 || 2011-06-22 23:11:14 |
| 3478 || -5.9954121807071 || 2014-01-12 14:35:22 |
| 3479 || -0.903507183361362 || 2015-09-23 07:20:17 |
| 3480 || 25.8656076434874 || 2016-11-11 16:23:24 |
| 3481 || -1.47276697943551 || 2015-02-06 20:10:14 |
| 3482 || 3.16660909523742 || 2013-06-08 12:42:23 |
| 3483 || -1.94948463959484 || 2015-03-27 00:21:33 |
| 3484 || 56.8908900633358 || 2019-06-23 04:24:41 |
| 3485 || 55.7794536991071 || 2017-03-06 18:51:56 |
| 3486 || -1.99925823302977 || 2013-10-12 00:12:45 |
| 3487 || 2.42786123561 || 2012-05-27 21:09:58 |
| 3488 || 57.1269316255155 || 2013-12-05 17:30:58 |
| 3489 || 79.0594428328753 || 2018-12-22 05:39:46 |
| 3490 || 4.60137042497269 || 2016-06-05 07:35:15 |
| 3491 || 9.60754074257835 || 2012-11-16 15:40:27 |
| 3492 || -0.0620204676704853 || 2016-02-25 03:11:58 |
| 3493 || 33.2705573272564 || 2012-09-05 07:32:49 |
| 3494 || -27.6944416525249 || 2017-06-18 18:35:16 |
| 3495 || -10.7103746528643 || 2015-11-19 02:17:07 |
| 3496 || -1.79347199267127 || 2019-05-07 18:11:13 |
| 3497 || 2.0980393705681 || 2014-12-02 20:21:13 |
| 3498 || 26.9790857513516 || 2018-06-14 11:50:25 |
| 3499 || 53.8931570669726 || 2014-10-26 17:50:43 |
| 3500 || 29.4813371566597 || 2010-02-01 00:40:27 |
| 3501 || 19.1612582249663 || 2014-07-08 05:52:18 |
| 3502 || 1.08278139972911 || 2012-02-17 22:59:13 |
| 3503 || 41.9513944324599 || 2013-10-11 14:42:34 |
| 3504 || 84.5532653855588 || 2013-01-03 13:03:52 |
| 3505 || 59.987002414637 || 2017-07-11 20:18:30 |
| 3506 || -3.98544433784435 || 2010-03-25 06:41:57 |
| 3507 || 0.18328082191891 || 2014-02-17 05:24:52 |
| 3508 || 35.524578129093 || 2013-06-09 02:55:05 |
| 3509 || -24.5362244460028 || 2017-07-19 06:44:44 |
| 3510 || -24.8285508606075 || 2017-06-16 09:43:54 |
| 3511 || 2.78894540725217 || 2015-08-10 02:26:35 |
| 3512 || 0.0113265613370244 || 2016-06-18 19:48:08 |
| 3513 || -9.62611953787076 || 2018-03-10 14:38:59 |
| 3514 || -13.6290998393536 || 2018-07-09 10:55:45 |
| 3515 || 81.6113922257203 || 2011-12-12 01:04:31 |
| 3516 || -6.41265123265464 || 2012-02-26 20:20:52 |
| 3517 || 0.177550010247851 || 2010-01-14 23:20:17 |
| 3518 || 12.4160819798649 || 2015-03-10 13:56:28 |
| 3519 || 7.2283479726661 || 2010-08-19 08:46:41 |
| 3520 || 83.9373930547472 || 2019-01-19 10:00:51 |
| 3521 || 35.3207072358913 || 2017-12-17 21:28:54 |
| 3522 || 0.80798820517184 || 2010-05-20 01:10:37 |
| 3523 || -7.15999908433978 || 2013-05-01 05:39:49 |
| 3524 || -24.2704459206132 || 2015-06-18 19:23:40 |
| 3525 || 87.0097880198406 || 2013-11-14 14:07:19 |
| 3526 || 18.9276912267212 || 2011-10-08 17:36:53 |
| 3527 || 0.0490769082806336 || 2012-01-05 14:15:36 |
| 3528 || -4.68816900686881 || 2010-07-12 10:13:50 |
| 3529 || 52.7123646264138 || 2013-10-23 12:48:19 |
| 3530 || -15.0843981357816 || 2017-01-09 18:24:48 |
| 3531 || -16.5066942921931 || 2017-07-22 00:45:35 |
| 3532 || -0.493023066074618 || 2012-01-21 23:30:11 |
| 3533 || 0.419565920486527 || 2018-03-01 20:16:31 |
| 3534 || -17.7576017592184 || 2013-08-16 04:46:51 |
| 3535 || 83.5324634726154 || 2019-08-20 02:14:32 |
| 3536 || 10.9310444952066 || 2010-06-27 07:22:47 |
| 3537 || -1.38798920209144 || 2019-09-11 14:35:44 |
| 3538 || 7.66576670364224 || 2016-08-22 07:31:13 |
| 3539 || -15.0799302978126 || 2017-03-23 17:43:24 |
| 3540 || 12.7071054097349 || 2011-09-06 19:21:57 |
| 3541 || -11.5914338099543 || 2011-01-02 02:39:58 |
| 3542 || -3.38640833082926 || 2015-01-02 09:33:21 |
| 3543 || 3.65668146442454 || 2014-03-07 22:50:22 |
| 3544 || 36.0092495698617 || 2011-05-23 21:23:28 |
| 3545 || 2.78456001376206 || 2017-03-03 18:49:35 |
| 3546 || 47.4547838383197 || 2019-10-22 13:48:19 |
| 3547 || -4.71461306742522 || 2016-02-19 03:56:46 |
| 3548 || 3.56964773326209 || 2014-03-15 23:00:45 |
| 3549 || -2.73515616518288 || 2010-10-17 01:08:52 |
| 3550 || 15.2416794723167 || 2016-06-11 23:33:17 |
| 3551 || 48.1753555256343 || 2015-04-18 00:43:44 |
| 3552 || 4.55298265148735 || 2015-05-22 18:48:10 |
| 3553 || -0.56307419693322 || 2019-11-15 05:48:33 |
| 3554 || -14.2810927685362 || 2014-11-02 19:34:43 |
| 3555 || 42.9160898474756 || 2019-08-20 13:51:32 |
| 3556 || 27.4072110731962 || 2012-02-06 01:40:27 |
| 3557 || -6.57129700358504 || 2015-05-12 14:53:15 |
| 3558 || 0.628869610830352 || 2017-03-18 15:15:02 |
| 3559 || 5.02185274895599 || 2012-12-17 21:22:07 |
| 3560 || 49.9080776410376 || 2015-04-26 03:09:38 |
| 3561 || 21.8410256967541 || 2013-05-08 21:43:20 |
| 3562 || -2.95445858323333 || 2016-03-18 10:01:39 |
| 3563 || 0.00361391399480719 || 2012-08-04 18:14:48 |
| 3564 || 3.90651777692192 || 2013-09-03 13:26:37 |
| 3565 || 21.8539527541781 || 2017-05-11 13:43:30 |
| 3566 || -7.91933570518516 || 2011-06-25 00:36:51 |
| 3567 || -10.7412761187208 || 2012-10-18 04:35:40 |
| 3568 || 0.101626789089876 || 2019-05-11 05:13:40 |
| 3569 || 22.8004757393759 || 2018-08-07 17:09:45 |
| 3570 || 9.79375723409115 || 2011-12-08 06:09:36 |
| 3571 || 84.3003168954472 || 2014-09-06 23:57:50 |
| 3572 || 38.1382795017659 || 2011-06-04 20:08:06 |
| 3573 || 0.409187966532922 || 2016-08-23 01:44:48 |
| 3574 || 19.7351757334222 || 2019-03-23 22:08:28 |
| 3575 || -24.2532341345678 || 2015-01-25 01:20:24 |
| 3576 || -28.9763997413 || 2010-08-24 18:31:14 |
| 3577 || -11.581889760344 || 2013-10-11 13:29:20 |
| 3578 || 0.198005047645604 || 2010-08-17 19:25:39 |
| 3579 || 4.09732540571241 || 2011-01-01 08:53:56 |
| 3580 || 62.3993794442252 || 2013-08-02 07:10:35 |
| 3581 || -28.2109881308304 || 2010-01-13 14:05:04 |
| 3582 || -5.20568291745091 || 2013-10-15 19:11:26 |
| 3583 || 2.21495523810132 || 2018-05-13 21:33:57 |
| 3584 || 13.3503732987831 || 2012-05-05 07:21:45 |
| 3585 || 17.6491777157481 || 2010-10-26 17:43:57 |
| 3586 || 70.1834929113976 || 2019-07-25 08:20:34 |
| 3587 || -4.95359558171703 || 2017-04-21 15:11:28 |
| 3588 || 3.79105744165871 || 2017-11-08 12:35:24 |
| 3589 || 7.64435806237149 || 2017-02-07 13:14:01 |
| 3590 || 43.4022777239717 || 2015-11-10 21:16:21 |
| 3591 || 14.4896246735193 || 2013-01-25 23:47:53 |
| 3592 || 56.2686780661864 || 2014-07-20 12:31:27 |
| 3593 || 4.36480768284285 || 2015-09-01 05:49:41 |
| 3594 || -1.76203951811521 || 2015-04-24 21:10:37 |
| 3595 || 17.8896828032372 || 2010-09-09 09:08:13 |
| 3596 || -26.1849352036987 || 2016-12-14 01:58:11 |
| 3597 || 55.0932448670474 || 2018-05-27 04:44:03 |
| 3598 || 0.816014382510609 || 2014-10-15 21:20:04 |
| 3599 || -1.15681722638221 || 2019-01-16 10:35:49 |
| 3600 || 49.4775455489349 || 2018-05-17 03:32:34 |
| 3601 || 53.1560862439961 || 2019-11-15 01:01:41 |
| 3602 || -22.1966000291455 || 2017-11-19 13:13:28 |
| 3603 || 2.24291626413307 || 2012-03-01 19:52:20 |
| 3604 || 2.26291617887566 || 2013-06-06 07:47:21 |
| 3605 || -10.0185918624469 || 2017-09-02 03:10:15 |
| 3606 || 77.7693638490314 || 2017-07-21 11:06:23 |
| 3607 || 21.8748151201746 || 2013-04-14 14:05:51 |
| 3608 || -3.85361406731248 || 2016-12-02 23:48:36 |
| 3609 || 0.12809085702759 || 2019-08-18 05:59:51 |
| 3610 || 13.4155948697209 || 2019-05-12 11:50:11 |
| 3611 || 84.8471272849426 || 2015-07-03 19:42:45 |
| 3612 || -25.4441777230082 || 2010-05-20 00:53:15 |
| 3613 || -1.85112111218361 || 2017-01-12 16:51:38 |
| 3614 || 0.114140772005271 || 2019-11-07 01:52:57 |
| 3615 || 15.3227878388643 || 2018-02-12 11:25:18 |
| 3616 || 66.4167120176407 || 2014-07-01 08:54:27 |
| 3617 || 69.9559338578402 || 2019-04-11 21:43:22 |
| 3618 || 23.9210706152913 || 2018-07-09 15:03:50 |
| 3619 || 0.00811342241721592 || 2013-09-14 13:40:58 |
| 3620 || 15.5738726263372 || 2016-12-15 01:00:47 |
| 3621 || 1.56781263441966 || 2015-06-27 05:22:49 |
| 3622 || 10.902215213473 || 2013-11-09 07:59:18 |
| 3623 || -8.16987093923964 || 2013-04-25 23:12:34 |
| 3624 || 0.488455027888991 || 2013-11-14 04:30:18 |
| 3625 || 22.6847437664455 || 2011-01-01 18:25:40 |
| 3626 || 69.8864657618916 || 2014-09-13 11:55:20 |
| 3627 || 86.5691790106083 || 2016-03-18 23:56:37 |
| 3628 || 38.7171578315687 || 2010-06-08 13:46:28 |
| 3629 || 0.9741531066213 || 2016-11-12 20:11:22 |
| 3630 || 12.5220231379074 || 2019-09-17 00:02:25 |
| 3631 || -8.94540953812774 || 2010-01-25 07:51:25 |
| 3632 || 24.0011288224397 || 2019-02-14 11:00:20 |
| 3633 || 41.7132812957941 || 2016-11-26 04:19:38 |
| 3634 || 2.71377026032991 || 2014-10-24 07:06:31 |
| 3635 || -4.48178551983167 || 2015-11-16 03:26:32 |
| 3636 || 20.4605510537816 || 2014-03-04 06:53:48 |
| 3637 || 87.30737726415 || 2011-10-07 01:34:11 |
| 3638 || -17.407518363378 || 2017-12-22 03:08:11 |
| 3639 || -0.363112833718322 || 2015-09-15 19:36:24 |
| 3640 || 10.6181992768097 || 2013-11-09 21:23:08 |
| 3641 || 32.9651206152933 || 2017-01-20 13:53:35 |
| 3642 || -25.5147341465504 || 2015-03-17 00:02:57 |
| 3643 || -19.3344030075588 || 2015-11-04 18:05:40 |
| 3644 || -2.91764152214442 || 2011-12-05 05:09:20 |
| 3645 || 7.12624220288412 || 2014-08-09 21:21:42 |
| 3646 || -7.57604970682665 || 2018-10-17 07:15:17 |
| 3647 || 13.2436257872673 || 2015-08-13 13:27:50 |
| 3648 || 51.5846925425119 || 2018-06-23 12:52:55 |
| 3649 || 4.61660804238347 || 2015-07-24 05:15:37 |
| 3650 || -1.31585180389489 || 2012-04-14 15:15:30 |
| 3651 || -4.1350227154927 || 2015-12-13 18:33:01 |
| 3652 || 88.0175176234027 || 2011-06-26 08:46:35 |
| 3653 || 41.9659468709645 || 2015-03-19 08:14:57 |
| 3654 || 12.8676348947079 || 2011-04-10 05:14:54 |
| 3655 || 0.0468074939158611 || 2017-11-05 06:00:18 |
| 3656 || 44.0064539058452 || 2016-02-11 14:34:03 |
| 3657 || 85.8039951626101 || 2014-12-22 23:11:25 |
| 3658 || -14.3431782219198 || 2014-02-12 16:06:41 |
| 3659 || 21.1394739296174 || 2014-02-23 07:08:52 |
| 3660 || 1.06866190011703 || 2014-06-05 20:06:12 |
| 3661 || 13.781167955459 || 2010-01-23 02:50:05 |
| 3662 || -15.3439743438831 || 2011-11-26 21:14:04 |
| 3663 || 49.6174162447783 || 2013-05-05 22:27:03 |
| 3664 || 18.8029359112949 || 2015-04-22 05:12:24 |
| 3665 || 0.0161237319740375 || 2014-08-07 18:57:40 |
| 3666 || 14.0985690949991 || 2013-10-13 01:25:44 |
| 3667 || 77.7528509858611 || 2016-01-07 11:49:48 |
| 3668 || -26.3755684160896 || 2018-09-11 12:08:41 |
| 3669 || -10.0253827255585 || 2013-02-14 23:24:23 |
| 3670 || 0.00399572654803649 || 2012-05-08 11:38:14 |
| 3671 || -1.59225833030348 || 2016-09-11 22:15:32 |
| 3672 || 8.57916955203942 || 2019-08-14 04:28:03 |
| 3673 || 25.7650460671891 || 2018-08-09 12:28:59 |
| 3674 || -11.6897434440398 || 2017-11-10 11:32:40 |
| 3675 || -0.148156633211942 || 2018-10-20 04:44:14 |
| 3676 || 5.71526501211551 || 2012-03-23 01:50:46 |
| 3677 || 18.6842131104386 || 2011-01-01 15:51:04 |
| 3678 || 79.3652738569343 || 2017-08-17 18:57:04 |
| 3679 || 38.1988896512272 || 2010-05-02 05:03:14 |
| 3680 || 1.46567267642122 || 2015-10-16 16:12:30 |
| 3681 || -5.96617834486356 || 2012-07-19 07:45:51 |
| 3682 || -22.8346548900767 || 2013-12-12 22:42:37 |
| 3683 || -14.9408175728618 || 2016-12-02 13:23:06 |
| 3684 || -6.23913767919977 || 2011-12-12 00:27:23 |
| 3685 || -0.668833791754707 || 2019-09-17 17:26:05 |
| 3686 || 0.653510936098702 || 2010-10-26 05:29:56 |
| 3687 || -17.1389765595033 || 2014-03-04 12:33:00 |
| 3688 || 88.8846010674643 || 2017-04-10 18:54:08 |
| 3689 || 46.3506468821794 || 2013-07-08 13:08:34 |
| 3690 || 2.15423345880476 || 2015-02-11 21:16:52 |
| 3691 || 9.86192420668838 || 2018-02-08 22:29:51 |
| 3692 || 31.1116999842805 || 2013-07-05 21:38:00 |
| 3693 || 71.3090946951259 || 2016-07-14 16:42:16 |
| 3694 || 4.84574123101632 || 2012-05-12 12:27:23 |
| 3695 || -2.30484706958936 || 2014-03-19 05:28:06 |
| 3696 || -2.39857224998142 || 2011-12-05 11:31:19 |
| 3697 || -17.9059903181437 || 2014-01-25 10:05:44 |
| 3698 || 89.7250159456377 || 2014-11-26 17:55:01 |
| 3699 || 4.89498975270512 || 2012-07-25 18:08:10 |
| 3700 || 10.3083946755512 || 2016-01-20 06:20:50 |
| 3701 || 4.34088410648919 || 2011-11-19 11:29:34 |
| 3702 || 11.3071186213004 || 2013-02-02 05:11:27 |
| 3703 || -23.1006966077287 || 2011-04-25 09:06:38 |
| 3704 || -18.526146926271 || 2014-04-07 20:10:15 |
| 3705 || -4.45707104707842 || 2019-06-20 21:32:41 |
| 3706 || 0.662708097722815 || 2017-01-24 23:32:21 |
| 3707 || 37.7964773206889 || 2017-11-09 06:33:32 |
| 3708 || 86.6521818218329 || 2019-11-02 09:28:55 |
| 3709 || 66.1138382448527 || 2015-12-19 12:23:57 |
| 3710 || -5.35036551862606 || 2011-04-17 19:06:40 |
| 3711 || -0.223282440147733 || 2011-06-07 01:09:50 |
| 3712 || 12.4888016779274 || 2010-09-13 19:47:08 |
| 3713 || 2.39763142340389 || 2010-11-11 18:43:46 |
| 3714 || -5.02328299810518 || 2010-04-07 13:11:50 |
| 3715 || 3.55685936378669 || 2010-10-09 13:46:59 |
| 3716 || 0.33615151705184 || 2019-02-22 02:13:06 |
| 3717 || 6.27219041093902 || 2019-09-02 22:39:09 |
| 3718 || -24.830368060045 || 2018-10-10 01:48:29 |
| 3719 || -22.403611422784 || 2017-08-24 07:56:59 |
| 3720 || 15.3903533545824 || 2016-06-24 10:57:15 |
| 3721 || 2.09517287487422e-06 || 2018-03-18 05:44:56 |
| 3722 || -9.4938628511606 || 2017-10-10 10:14:56 |
| 3723 || 68.1226906633654 || 2013-09-26 20:03:10 |
| 3724 || 78.6081883311026 || 2019-05-16 01:32:37 |
| 3725 || 15.4732517711432 || 2014-08-06 22:48:27 |
| 3726 || 0.10546286420738 || 2015-01-12 00:08:43 |
| 3727 || -7.101928661525 || 2012-07-13 02:27:43 |
| 3728 || -8.98487086771222 || 2014-08-05 05:30:09 |
| 3729 || 34.3602052155206 || 2012-02-24 14:07:59 |
| 3730 || 37.9420162997148 || 2011-05-19 12:36:52 |
| 3731 || -0.141254456569083 || 2012-03-13 12:32:43 |
| 3732 || -2.86042772794775 || 2019-03-14 19:59:54 |
| 3733 || 34.8674897361959 || 2010-09-09 03:51:21 |
| 3734 || 87.7039707921659 || 2011-10-20 00:21:49 |
| 3735 || 41.0631137320715 || 2019-07-02 05:51:35 |
| 3736 || 2.76324112695847 || 2019-03-10 04:54:14 |
| 3737 || 0.0792280729617064 || 2014-11-02 04:38:33 |
| 3738 || 29.8263658103779 || 2011-10-16 04:21:48 |
| 3739 || 84.5699634641946 || 2011-05-01 07:10:44 |
| 3740 || 49.0834837904962 || 2014-05-20 00:01:06 |
| 3741 || 4.24443514859145 || 2016-11-13 21:34:18 |
| 3742 || 7.99562068336393 || 2011-12-13 19:06:49 |
| 3743 || 47.0627007722341 || 2014-09-05 22:02:08 |
| 3744 || 15.5443387922996 || 2011-01-13 16:20:27 |
| 3745 || 29.5048052435902 || 2011-02-12 21:19:58 |
| 3746 || 7.89772408864158 || 2019-11-13 05:05:24 |
| 3747 || 3.06724761691916 || 2016-11-25 23:34:41 |
| 3748 || 13.5712399498542 || 2017-09-01 01:28:06 |
| 3749 || 32.4598734472152 || 2017-06-12 10:08:43 |
| 3750 || -5.60605887867895 || 2014-11-15 13:32:44 |
| 3751 || 10.9276947411603 || 2014-05-22 12:28:58 |
| 3752 || -1.82459198173823 || 2012-04-24 13:06:23 |
| 3753 || 52.4538728603693 || 2019-03-20 16:30:40 |
| 3754 || 22.9583235303957 || 2017-02-13 07:23:49 |
| 3755 || 66.244462485339 || 2016-12-13 15:30:35 |
| 3756 || 11.8376157754803 || 2011-07-20 15:43:36 |
| 3757 || 3.12310700304242 || 2013-09-26 19:32:25 |
| 3758 || -14.3300668899255 || 2015-02-11 18:28:19 |
| 3759 || -6.49157091968889 || 2018-09-19 10:10:06 |
| 3760 || 61.1134285275519 || 2015-01-21 02:14:12 |
| 3761 || -6.454073328889 || 2016-03-16 22:03:14 |
| 3762 || 1.56476911932057 || 2017-10-27 01:23:35 |
| 3763 || 10.1005323136149 || 2018-04-18 09:52:55 |
| 3764 || 86.256349179968 || 2019-12-14 20:03:07 |
| 3765 || 10.3312166637287 || 2015-01-05 11:14:38 |
| 3766 || 21.9561978409482 || 2015-02-15 03:54:46 |
| 3767 || 0.199754223775447 || 2012-08-05 15:32:08 |
| 3768 || -11.9710113726001 || 2011-07-25 23:48:58 |
| 3769 || 83.3164325655507 || 2013-08-09 19:18:50 |
| 3770 || -26.048786900626 || 2016-09-03 13:17:40 |
| 3771 || -7.08228157216823 || 2016-01-16 08:49:15 |
| 3772 || 0.0121253917384312 || 2015-02-01 17:32:51 |
| 3773 || 30.3002237951485 || 2014-08-01 17:38:46 |
| 3774 || -26.0352943565666 || 2014-04-26 21:16:04 |
| 3775 || 35.141376638653 || 2013-02-13 17:06:01 |
| 3776 || 22.087657407021 || 2019-05-26 17:08:23 |
| 3777 || 0.105599507420497 || 2019-03-09 19:18:28 |
| 3778 || -5.68717355921745 || 2018-07-27 17:21:18 |
| 3779 || -12.2104261110599 || 2016-01-07 03:43:20 |
| 3780 || 58.9646627606605 || 2012-07-24 02:08:25 |
| 3781 || 38.9734379369905 || 2014-01-04 09:37:18 |
| 3782 || -0.3440583411154 || 2015-02-21 18:14:44 |
| 3783 || -5.90536312688868 || 2017-03-03 21:51:34 |
| 3784 || 43.2855329263376 || 2012-03-25 12:35:16 |
| 3785 || -22.7416902741253 || 2014-01-25 13:54:04 |
| 3786 || 44.4445027457333 || 2011-09-02 05:32:25 |
| 3787 || 1.55930033143077 || 2011-07-21 07:37:52 |
| 3788 || 13.0485470828093 || 2013-10-12 13:56:19 |
| 3789 || 46.4872142030087 || 2010-10-22 22:02:52 |
| 3790 || 18.776255755285 || 2013-04-11 16:01:44 |
| 3791 || 37.9662080047071 || 2011-03-07 09:48:22 |
| 3792 || 4.07814809174272 || 2019-08-19 05:10:14 |
| 3793 || 12.4907105723971 || 2011-06-13 03:30:32 |
| 3794 || 31.1838258433888 || 2018-11-25 18:36:30 |
| 3795 || 20.9779798094231 || 2014-12-12 00:58:24 |
| 3796 || -16.0169185444989 || 2014-01-20 20:15:14 |
| 3797 || 6.9523511839107 || 2014-07-27 21:03:31 |
| 3798 || 9.06042491260883 || 2018-09-20 04:50:18 |
| 3799 || -6.71679190364779 || 2010-05-09 05:21:57 |
| 3800 || 69.9756382181878 || 2016-03-22 01:13:17 |
| 3801 || 60.6485659365667 || 2015-10-19 17:33:41 |
| 3802 || 1.42972330285948 || 2015-04-15 10:28:27 |
| 3803 || 1.89561376877269 || 2017-06-12 06:58:37 |
| 3804 || -16.936451727287 || 2017-09-27 08:08:49 |
| 3805 || 13.1892182928694 || 2019-02-20 10:24:14 |
| 3806 || -16.9664100033058 || 2012-08-03 12:32:03 |
| 3807 || 10.3074330388229 || 2016-08-03 15:14:35 |
| 3808 || 2.39942212191241 || 2019-11-25 01:32:01 |
| 3809 || 4.06413917404127 || 2015-08-12 20:52:58 |
| 3810 || 11.7824461449997 || 2016-04-12 03:15:59 |
| 3811 || 67.4926941363693 || 2015-08-10 23:12:32 |
| 3812 || 17.1247430276291 || 2017-06-01 16:57:43 |
| 3813 || 0.703930728271082 || 2017-04-12 09:21:49 |
| 3814 || 12.9032971378275 || 2014-07-15 00:40:58 |
| 3815 || -23.257926238557 || 2017-02-27 08:23:48 |
| 3816 || 65.5931365893248 || 2012-10-01 19:32:20 |
| 3817 || 1.02123885222892 || 2015-04-09 07:08:57 |
| 3818 || -0.208691806409104 || 2018-06-26 07:21:40 |
| 3819 || -12.0531372569843 || 2010-05-06 07:42:06 |
| 3820 || 81.7780147421713 || 2012-05-13 13:11:24 |
| 3821 || -12.5219988830742 || 2018-06-04 20:08:48 |
| 3822 || -1.47679501415433 || 2013-07-05 16:25:40 |
| 3823 || 0.0109587913074788 || 2018-12-02 01:56:47 |
| 3824 || -10.6400979331756 || 2012-09-23 13:20:24 |
| 3825 || -3.58663916148663 || 2011-05-14 09:09:31 |
| 3826 || 69.8565053620182 || 2017-09-20 07:26:01 |
| 3827 || 28.6816708784918 || 2011-05-12 06:23:13 |
| 3828 || 0.0616978030024441 || 2017-10-10 00:45:21 |
| 3829 || 11.4922852863747 || 2013-02-08 12:03:28 |
| 3830 || 29.9113990255316 || 2011-10-19 02:19:23 |
| 3831 || -28.0423820884774 || 2017-03-16 16:04:48 |
| 3832 || 11.7684940569125 || 2013-07-05 16:24:04 |
| 3833 || -0.152160532507755 || 2013-02-12 21:52:54 |
| 3834 || 0.72465151879948 || 2018-02-15 08:13:18 |
| 3835 || 24.9910788240014 || 2011-08-03 07:21:26 |
| 3836 || -21.8580142308278 || 2015-05-20 16:49:37 |
| 3837 || 43.8730471588063 || 2018-08-02 00:00:44 |
| 3838 || 1.56802802842822 || 2016-12-27 10:20:58 |
| 3839 || -3.60821454090312 || 2015-09-04 12:39:00 |
| 3840 || -19.0293547136568 || 2012-10-21 09:24:21 |
| 3841 || 23.7780439186875 || 2011-06-25 08:42:31 |
| 3842 || 38.2530016943286 || 2016-03-14 10:10:53 |
| 3843 || 3.98034767082277 || 2016-02-06 20:34:39 |
| 3844 || -0.510925770344599 || 2019-05-16 12:35:55 |
| 3845 || 55.7804546331635 || 2018-04-20 14:26:50 |
| 3846 || 12.5496261482039 || 2016-03-19 02:03:58 |
| 3847 || -11.2370188917438 || 2014-12-02 18:29:20 |
| 3848 || 3.51538291347963 || 2018-10-17 21:36:39 |
| 3849 || 7.74538014470671 || 2011-05-18 00:25:58 |
| 3850 || -11.0341518128506 || 2019-01-07 20:53:25 |
| 3851 || 59.6335161743508 || 2017-11-22 02:37:53 |
| 3852 || 59.9721988549425 || 2012-03-04 23:00:17 |
| 3853 || -2.90017906585455 || 2018-09-10 14:36:25 |
| 3854 || 1.75525915048299 || 2010-02-25 14:30:32 |
| 3855 || 26.3512252709194 || 2012-01-19 12:28:38 |
| 3856 || -25.8124919976991 || 2010-09-17 07:28:11 |
| 3857 || -9.63586766133894 || 2013-07-12 01:28:59 |
| 3858 || 13.0368699018561 || 2010-08-27 23:11:45 |
| 3859 || 2.8317736032085 || 2015-05-18 01:04:12 |
| 3860 || -15.0689762092122 || 2011-10-03 21:37:19 |
| 3861 || 74.3302371386723 || 2013-06-04 14:46:10 |
| 3862 || 66.3079797253329 || 2010-04-20 01:57:46 |
| 3863 || 9.08421222413063 || 2015-09-19 01:19:50 |
| 3864 || 1.68648180012175 || 2018-06-21 16:48:13 |
| 3865 || 12.8912247626767 || 2016-07-13 22:00:53 |
| 3866 || 63.8253490046306 || 2017-02-01 07:18:04 |
| 3867 || -15.4996576741359 || 2018-11-02 15:57:24 |
| 3868 || 22.255164448983 || 2012-04-21 07:00:08 |
| 3869 || 0.510716988012598 || 2019-08-17 04:04:02 |
| 3870 || 3.17442986235136 || 2016-03-25 08:41:08 |
| 3871 || -22.462675490401 || 2016-07-22 13:05:05 |
| 3872 || 32.1033340875629 || 2018-07-27 13:05:12 |
| 3873 || 22.3439213981238 || 2014-02-03 15:30:15 |
| 3874 || 0.10815961688935 || 2018-10-15 14:57:54 |
| 3875 || 30.0059247570439 || 2014-10-23 02:51:01 |
| 3876 || 54.5043159732744 || 2017-06-24 00:50:58 |
| 3877 || -4.67082035742373 || 2017-02-15 06:21:48 |
| 3878 || 28.6700550808801 || 2014-07-09 17:36:40 |
| 3879 || -0.0161155999107502 || 2019-11-01 21:35:58 |
| 3880 || 2.91874733706075 || 2012-08-02 03:22:50 |
| 3881 || 75.3388445115445 || 2012-11-04 09:54:51 |
| 3882 || 10.2529349568139 || 2017-03-20 18:19:28 |
| 3883 || 26.8199144691531 || 2010-06-16 15:50:43 |
| 3884 || 0.517894035241179 || 2011-05-24 15:21:31 |
| 3885 || -6.22899359801033 || 2017-11-05 20:29:28 |
| 3886 || 38.6503918415748 || 2010-11-13 11:57:07 |
| 3887 || 7.53723584661125 || 2013-07-13 22:08:21 |
| 3888 || -14.3079093699824 || 2017-08-04 14:37:07 |
| 3889 || 0.48617110048894 || 2010-03-09 23:11:31 |
| 3890 || -4.73228724065968 || 2012-11-06 05:02:38 |
| 3891 || 69.756975237258 || 2016-04-27 01:35:26 |
| 3892 || -29.3093992400988 || 2018-06-24 04:53:30 |
| 3893 || -9.64830143979586 || 2010-10-13 13:47:29 |
| 3894 || 2.38118977686819 || 2013-08-20 19:42:23 |
| 3895 || -0.942719248853009 || 2014-10-15 22:54:02 |
| 3896 || 10.9017973940428 || 2012-10-18 16:40:45 |
| 3897 || -29.8493665406595 || 2018-10-21 06:54:12 |
| 3898 || -16.7567622432965 || 2015-08-01 11:33:56 |
| 3899 || 4.64116664639842 || 2012-12-03 20:34:31 |
| 3900 || -1.66816205414473 || 2015-08-13 10:51:56 |
| 3901 || 12.6712667514882 || 2015-05-18 11:31:53 |
| 3902 || -18.0541241758367 || 2013-11-21 21:57:28 |
| 3903 || 3.68955049921721 || 2012-02-13 00:10:20 |
| 3904 || 8.22106463633463 || 2011-10-23 18:47:53 |
| 3905 || 0.135418208927379 || 2012-09-11 22:28:09 |
| 3906 || 40.6678116085649 || 2018-10-14 05:47:06 |
| 3907 || -12.5440691332611 || 2013-05-14 23:39:10 |
| 3908 || -6.58880441525355 || 2013-02-05 13:11:28 |
| 3909 || 9.36284047612245 || 2015-09-19 21:44:56 |
| 3910 || -1.31715079715845 || 2019-02-05 23:13:32 |
| 3911 || -15.8957641487048 || 2013-03-19 05:06:28 |
| 3912 || 44.2962594367834 || 2019-12-14 02:03:57 |
| 3913 || 3.8564847821355 || 2012-01-05 03:32:38 |
| 3914 || -0.376015915133625 || 2016-03-16 07:26:58 |
| 3915 || 2.29269493064584 || 2012-10-14 07:32:49 |
| 3916 || 29.9156868301941 || 2010-03-05 15:11:12 |
| 3917 || -13.6050743357215 || 2010-02-20 21:52:19 |
| 3918 || -16.575097973363 || 2018-04-05 07:19:59 |
| 3919 || 2.75079475289182 || 2016-07-07 11:03:55 |
| 3920 || -0.241828656189377 || 2017-11-13 22:14:49 |
| 3921 || -13.0106887085801 || 2010-04-24 03:47:34 |
| 3922 || 17.6856481890713 || 2016-12-27 03:15:38 |
| 3923 || 31.6085136442739 || 2010-04-06 07:22:52 |
| 3924 || -6.9740636597866 || 2019-06-20 03:10:01 |
| 3925 || -0.057061153261683 || 2016-07-25 17:30:57 |
| 3926 || -5.4742480545308 || 2010-10-08 17:25:57 |
| 3927 || 31.3371789293753 || 2019-05-17 18:52:32 |
| 3928 || -26.9532144635271 || 2016-02-05 22:56:19 |
| 3929 || -1.61548146537132 || 2016-12-22 01:32:57 |
| 3930 || 0.00273207216796268 || 2014-12-05 21:00:38 |
| 3931 || -3.84094642307652 || 2011-11-03 23:08:03 |
| 3932 || 18.7166716693649 || 2013-01-08 16:29:20 |
| 3933 || 82.4578643328779 || 2018-05-20 07:50:15 |
| 3934 || 10.2563341834008 || 2011-05-07 00:53:44 |
| 3935 || -0.166512532741477 || 2017-08-13 23:20:32 |
| 3936 || 12.7841285391932 || 2016-08-05 19:30:52 |
| 3937 || -21.9437394986462 || 2018-08-19 19:43:16 |
| 3938 || 14.2210501967461 || 2011-10-19 22:55:17 |
| 3939 || -10.5174763075121 || 2017-05-02 06:49:39 |
| 3940 || 1.15401983691808 || 2010-06-12 16:29:49 |
| 3941 || 1.74396449338049 || 2011-01-23 12:43:29 |
| 3942 || 20.7048690008945 || 2018-12-22 07:54:13 |
| 3943 || -29.3340120636393 || 2011-02-21 22:44:09 |
| 3944 || -11.4380678604332 || 2018-10-12 03:50:47 |
| 3945 || 0.397798499770385 || 2013-03-25 05:50:31 |
| 3946 || 14.5877424260047 || 2014-05-21 22:10:42 |
| 3947 || -9.75366676442509 || 2013-11-04 11:40:01 |
| 3948 || 89.0880639470319 || 2017-03-17 21:08:17 |
| 3949 || 35.0773505209578 || 2015-03-12 15:05:08 |
| 3950 || -1.86403936699899 || 2018-01-20 23:27:03 |
| 3951 || 8.98457067767605 || 2019-10-25 05:26:22 |
| 3952 || 35.5088873582303 || 2015-12-21 11:43:33 |
| 3953 || -24.2058566240105 || 2012-09-27 16:26:20 |
| 3954 || 29.5929180494461 || 2015-11-22 04:34:53 |
| 3955 || 3.30837724127036 || 2014-01-17 23:35:43 |
| 3956 || 0.374828677934712 || 2015-01-16 00:21:12 |
| 3957 || 45.1366021349077 || 2018-02-23 13:12:33 |
| 3958 || 43.8586025812808 || 2010-05-20 04:20:11 |
| 3959 || 18.9673868675609 || 2018-12-03 09:58:05 |
| 3960 || 6.77020463973339 || 2015-01-05 10:22:11 |
| 3961 || 4.4112486465541 || 2013-12-06 03:39:16 |
| 3962 || 49.4326286228353 || 2011-03-16 11:01:52 |
| 3963 || 88.1054882422985 || 2010-01-25 09:00:42 |
| 3964 || 61.1586346792766 || 2016-05-25 07:23:17 |
| 3965 || -0.858934169806579 || 2013-06-06 16:19:53 |
| 3966 || -0.894031253024497 || 2017-12-21 03:32:32 |
| 3967 || -10.5730697013992 || 2017-12-01 03:49:38 |
| 3968 || 87.5689408228236 || 2016-09-14 06:41:55 |
| 3969 || 33.0833993032908 || 2012-12-25 02:23:44 |
| 3970 || 19.3568995466096 || 2011-06-08 14:36:33 |
| 3971 || 0.843625118899634 || 2010-11-27 08:43:09 |
| 3972 || 4.81900833571787 || 2014-10-07 06:04:09 |
| 3973 || 55.0459614790226 || 2016-09-14 23:34:18 |
| 3974 || -25.2349270586944 || 2016-09-20 20:12:42 |
| 3975 || -8.15284639176366 || 2011-12-08 09:30:40 |
| 3976 || -0.0970902252548731 || 2011-11-15 02:30:34 |
| 3977 || 33.5902223973752 || 2016-08-10 14:28:11 |
| 3978 || -13.7680957894019 || 2013-03-18 01:52:00 |
| 3979 || 78.8340554805028 || 2015-04-25 06:41:57 |
| 3980 || 3.72085132753868 || 2016-10-22 04:23:07 |
| 3981 || 0.000618980889906691 || 2013-05-12 16:10:46 |
| 3982 || 16.3507800486427 || 2014-05-13 03:24:18 |
| 3983 || 77.8862168625066 || 2013-06-06 04:10:37 |
| 3984 || -12.8157696447834 || 2015-01-05 02:17:42 |
| 3985 || 18.9414079045334 || 2016-04-04 12:52:37 |
| 3986 || -0.0300737664942336 || 2014-03-07 19:16:50 |
| 3987 || 21.2049601232876 || 2011-11-09 03:41:35 |
| 3988 || -24.6533923210184 || 2016-10-24 15:46:12 |
| 3989 || 81.2272443448867 || 2010-11-05 17:03:15 |
| 3990 || 19.1111508938317 || 2013-02-03 08:45:29 |
| 3991 || -0.448397671759254 || 2011-01-12 02:22:08 |
| 3992 || 19.8671251894674 || 2019-04-12 12:55:55 |
| 3993 || -16.6272160543949 || 2010-12-11 00:08:21 |
| 3994 || 84.4672689446023 || 2011-02-13 11:05:12 |
| 3995 || -12.3183644188187 || 2019-11-10 11:11:38 |
| 3996 || 1.16369301528092 || 2018-09-09 15:45:38 |
| 3997 || 1.09011978973569 || 2015-05-27 01:44:20 |
| 3998 || -9.49665888639761 || 2011-10-10 19:38:13 |
| 3999 || -29.002355529508 || 2019-03-18 17:49:32 |
| 4000 || 12.7368794156009 || 2018-08-07 02:22:14 |
| 4001 || 5.19860536083088 || 2012-09-15 09:26:14 |
| 4002 || -3.2058187171045 || 2010-10-12 02:52:55 |
| 4003 || 48.9246973788354 || 2013-04-26 06:02:03 |
| 4004 || 89.3875270618972 || 2014-01-06 04:03:19 |
| 4005 || 54.5383904607299 || 2019-07-12 21:55:10 |
| 4006 || 3.30226780418133 || 2016-01-22 14:39:46 |
| 4007 || -1.82234560108803 || 2015-02-22 18:49:33 |
| 4008 || -19.0393368497361 || 2012-04-02 04:33:32 |
| 4009 || 19.3935688452183 || 2016-01-04 03:38:05 |
| 4010 || 6.54114043845381 || 2012-12-05 03:40:26 |
| 4011 || -3.56916253993907 || 2019-01-04 16:54:21 |
| 4012 || -0.263669106408418 || 2017-12-14 04:53:59 |
| 4013 || 8.07688298959935 || 2014-09-24 20:13:56 |
| 4014 || 9.08513608972082 || 2013-03-11 12:35:24 |
| 4015 || -11.8444226352762 || 2011-02-02 19:33:35 |
| 4016 || -0.99703006365433 || 2017-07-07 09:34:30 |
| 4017 || 3.2040776514231 || 2010-06-12 15:36:53 |
| 4018 || 10.5708900671005 || 2016-03-17 08:55:15 |
| 4019 || 23.5080188504187 || 2010-07-15 09:30:53 |
| 4020 || 71.6766979411433 || 2018-11-04 16:43:43 |
| 4021 || 17.8626955229556 || 2018-10-24 13:51:59 |
| 4022 || 1.26436784219727 || 2012-05-22 07:57:45 |
| 4023 || -13.1941324154737 || 2011-09-15 19:31:06 |
| 4024 || -27.0161094454737 || 2015-07-21 19:21:18 |
| 4025 || 75.243559713133 || 2010-11-02 11:18:48 |
| 4026 || 3.19513554732973 || 2014-11-18 03:58:51 |
| 4027 || -0.127089421544231 || 2018-03-21 12:18:36 |
| 4028 || -1.49236630087306 || 2018-03-23 14:03:07 |
| 4029 || 2.61525886652791 || 2018-09-06 06:47:24 |
| 4030 || -26.0879244086993 || 2017-11-08 03:10:24 |
| 4031 || 29.2367111220579 || 2016-10-19 19:22:08 |
| 4032 || 0.00651067052103607 || 2013-07-24 01:27:15 |
| 4033 || -2.13801244638225 || 2013-08-16 07:48:20 |
| 4034 || -24.1822965883315 || 2013-11-06 00:42:46 |
| 4035 || -23.8604661599552 || 2013-10-12 08:43:01 |
| 4036 || 12.3087638673137 || 2011-05-09 13:36:39 |
| 4037 || 0.00418086028395762 || 2015-09-25 18:37:36 |
| 4038 || 9.94054621043268 || 2017-01-16 23:17:21 |
| 4039 || -25.4812151788558 || 2015-06-12 18:42:58 |
| 4040 || -0.620437518036961 || 2016-03-14 22:35:09 |
| 4041 || 26.9150284276736 || 2010-06-15 09:38:48 |
| 4042 || 0.0362015806582705 || 2014-12-08 13:35:51 |
| 4043 || 0.0174696646360697 || 2018-03-05 01:31:42 |
| 4044 || 33.2725459026621 || 2017-05-25 18:33:08 |
| 4045 || 59.0558514449748 || 2014-11-01 09:08:17 |
| 4046 || 45.2938361963505 || 2010-03-19 10:08:07 |
| 4047 || -0.884887906145167 || 2015-01-02 07:10:06 |
| 4048 || -3.99382173424151 || 2012-03-27 02:30:16 |
| 4049 || 67.1933737714049 || 2012-12-26 20:15:57 |
| 4050 || 42.6282790732769 || 2015-05-27 11:16:08 |
| 4051 || 5.81215032186604 || 2016-08-21 17:24:46 |
| 4052 || 0.673026819162122 || 2014-04-14 05:23:25 |
| 4053 || -0.505619955415706 || 2015-03-11 06:59:36 |
| 4054 || 0.938401787594677 || 2015-05-19 13:49:22 |
| 4055 || -29.9041769376609 || 2018-09-08 13:23:46 |
| 4056 || -1.19464870697697 || 2016-08-25 11:36:45 |
| 4057 || 0.0556742459077199 || 2010-06-25 07:16:35 |
| 4058 || 3.8754414655788 || 2013-10-15 14:44:19 |
| 4059 || -18.6814954784046 || 2015-03-18 09:01:16 |
| 4060 || 18.4894190961423 || 2018-08-20 18:21:08 |
| 4061 || 60.9065944741453 || 2010-03-04 14:16:52 |
| 4062 || -2.9725323865554 || 2015-03-24 00:46:01 |
| 4063 || 6.01245575124073 || 2012-08-09 14:56:18 |
| 4064 || 33.974117245108 || 2013-01-25 14:31:25 |
| 4065 || -28.9882937305627 || 2013-06-19 23:12:17 |
| 4066 || 25.230562001574 || 2015-03-03 17:52:17 |
| 4067 || 10.2619287038836 || 2014-05-27 21:15:49 |
| 4068 || 1.96648869951994 || 2011-05-13 18:16:59 |
| 4069 || -9.39187944275444 || 2010-03-12 07:44:25 |
| 4070 || -9.15093008658791 || 2014-03-13 00:51:31 |
| 4071 || 1.87065234076638 || 2010-04-21 17:08:02 |
| 4072 || 7.43081146990874 || 2014-11-19 09:46:57 |
| 4073 || 1.10838060717955 || 2012-12-03 16:52:01 |
| 4074 || 25.4801216693632 || 2018-02-12 07:18:25 |
| 4075 || 1.90072427591879 || 2016-09-10 08:23:05 |
| 4076 || 50.9515364247115 || 2011-11-05 22:21:26 |
| 4077 || 2.91261387429443 || 2015-04-08 22:54:34 |
| 4078 || 0.479553527892807 || 2013-05-15 04:12:36 |
| 4079 || 33.930648922876 || 2014-08-02 17:50:07 |
| 4080 || 80.7141128205315 || 2014-01-16 21:22:03 |
| 4081 || -20.0872372108614 || 2011-12-04 05:47:50 |
| 4082 || -4.70443690073283 || 2018-09-01 23:54:46 |
| 4083 || 0.00148056962530104 || 2019-10-23 09:01:02 |
| 4084 || -10.2426388254279 || 2011-03-15 02:22:20 |
| 4085 || -3.86467308090421 || 2013-04-09 00:20:17 |
| 4086 || -24.7462960097079 || 2014-12-04 10:41:05 |
| 4087 || 3.5108404262474 || 2012-09-26 19:44:46 |
| 4088 || -0.0436638767701486 || 2013-11-17 08:21:48 |
| 4089 || -8.23096958796245 || 2012-12-03 12:00:04 |
| 4090 || 6.29601008421986 || 2019-03-07 21:52:08 |
| 4091 || 78.2201934459291 || 2014-06-21 17:36:11 |
| 4092 || -12.949042318869 || 2015-04-18 09:23:40 |
| 4093 || -0.0657892240058094 || 2011-02-13 21:53:21 |
| 4094 || 13.2304436906958 || 2015-05-17 10:37:33 |
| 4095 || -21.296416056043 || 2014-09-25 14:19:09 |
| 4096 || 74.6667132817447 || 2019-04-01 12:34:29 |
| 4097 || 36.7893964798615 || 2013-03-15 01:31:14 |
| 4098 || -0.1530115233886 || 2015-11-27 04:04:08 |
| 4099 || 5.18112396899521 || 2017-06-09 12:15:12 |
| 4100 || 51.9213034037997 || 2010-10-17 06:33:00 |
| 4101 || 69.215973159274 || 2011-05-12 08:22:55 |
| 4102 || 40.8064487382847 || 2013-09-13 17:27:59 |
| 4103 || 0.258881645146587 || 2012-12-13 10:03:13 |
| 4104 || 11.4577347305692 || 2017-06-22 04:56:02 |
| 4105 || 30.9879226536144 || 2011-06-21 06:46:22 |
| 4106 || 26.4297599316413 || 2016-04-10 12:12:14 |
| 4107 || -2.77707534038475 || 2018-02-05 13:04:28 |
| 4108 || -1.61109804842845 || 2013-09-26 04:59:10 |
| 4109 || 9.13969767492185 || 2011-07-25 21:59:28 |
| 4110 || 4.20968334651558 || 2017-09-02 14:31:47 |
| 4111 || -28.9459167627231 || 2010-04-24 02:26:23 |
| 4112 || -14.2352250342885 || 2015-07-15 20:45:17 |
| 4113 || 8.98401098016994 || 2013-09-09 03:41:11 |
| 4114 || 6.55413043595534 || 2015-03-18 01:40:53 |
| 4115 || 34.6920931549134 || 2015-11-01 08:44:27 |
| 4116 || 8.68787603384433 || 2017-11-14 06:13:07 |
| 4117 || 59.0387732923808 || 2017-05-06 06:12:15 |
| 4118 || -4.00094190160225 || 2015-06-10 22:16:41 |
| 4119 || 4.01212709487199 || 2019-04-20 07:01:13 |
| 4120 || 9.84435808897682 || 2019-03-09 08:02:16 |
| 4121 || 29.2125980905906 || 2011-11-25 08:20:31 |
| 4122 || 7.4057768524541 || 2017-02-21 23:49:54 |
| 4123 || -5.90521553189707 || 2011-12-17 01:42:22 |
| 4124 || 0.806067289081309 || 2016-05-11 22:24:29 |
| 4125 || 38.0031150652955 || 2012-04-11 19:06:34 |
| 4126 || 19.1604663498871 || 2010-11-10 09:55:11 |
| 4127 || 35.6608220592232 || 2019-05-12 22:15:18 |
| 4128 || -6.30158961454986 || 2014-10-04 07:06:51 |
| 4129 || 0.757047263603711 || 2015-05-20 23:53:14 |
| 4130 || 3.65366597116023 || 2011-04-21 19:38:46 |
| 4131 || 76.6772052870885 || 2016-12-17 18:48:51 |
| 4132 || -24.9331182146234 || 2012-08-24 01:32:33 |
| 4133 || 6.76330377397211 || 2010-10-05 01:27:22 |
| 4134 || 0.0899705919851466 || 2013-08-27 18:14:11 |
| 4135 || -7.1791850018884 || 2019-11-14 07:46:35 |
| 4136 || -19.3873554321065 || 2016-03-13 17:55:12 |
| 4137 || -13.9714532035664 || 2012-07-10 15:27:42 |
| 4138 || 30.1074453306873 || 2015-03-05 09:26:23 |
| 4139 || -0.0247946299049644 || 2014-09-25 10:31:29 |
| 4140 || -6.34261213623705 || 2019-02-15 14:41:52 |
| 4141 || 4.10158946409224 || 2013-01-20 09:07:01 |
| 4142 || -5.68342764229717 || 2014-09-14 01:51:18 |
| 4143 || 27.9986591167306 || 2015-06-22 13:46:52 |
| 4144 || -0.219510858559034 || 2016-07-19 03:14:32 |
| 4145 || -5.93174293116805 || 2017-11-27 20:11:54 |
| 4146 || 13.6844874178085 || 2017-06-19 02:42:53 |
| 4147 || 30.4134451673564 || 2011-07-07 00:10:58 |
| 4148 || 40.4042504403897 || 2018-03-27 10:49:30 |
| 4149 || 1.92269713742422 || 2015-03-25 17:02:42 |
| 4150 || 14.4944587570728 || 2013-01-15 09:24:58 |
| 4151 || 5.95998988589337 || 2015-11-21 02:51:51 |
| 4152 || 34.4065923480057 || 2015-12-11 21:50:46 |
| 4153 || 48.4379408548331 || 2012-06-15 09:55:25 |
| 4154 || 0.694716666210828 || 2010-07-11 16:41:41 |
| 4155 || 13.1971060418407 || 2019-07-01 14:52:37 |
| 4156 || 60.3560965850907 || 2012-02-04 16:47:34 |
| 4157 || 45.247107420134 || 2012-02-09 02:15:52 |
| 4158 || 23.3030363747011 || 2014-11-07 01:56:43 |
| 4159 || 1.29736589330468 || 2016-02-16 04:58:09 |
| 4160 || 4.27103902975888 || 2014-06-04 11:03:11 |
| 4161 || 51.8059379055143 || 2010-07-16 23:33:50 |
| 4162 || 78.5447846027391 || 2010-04-15 16:35:44 |
| 4163 || 22.4217270129471 || 2018-06-14 12:55:53 |
| 4164 || 6.32225061591076 || 2012-10-04 13:30:13 |
| 4165 || 6.84573119081442 || 2015-10-25 12:10:33 |
| 4166 || 54.6853451620491 || 2017-10-15 06:23:20 |
| 4167 || -17.5899879048156 || 2018-06-25 01:32:13 |
| 4168 || 18.2457697625767 || 2015-05-05 19:03:52 |
| 4169 || -3.90393209775553 || 2012-08-17 17:20:54 |
| 4170 || 2.47445759550204 || 2017-09-25 18:08:20 |
| 4171 || 49.7353794597408 || 2016-02-12 14:54:05 |
| 4172 || 72.7589411149036 || 2018-11-23 15:22:56 |
| 4173 || 68.7202155600707 || 2019-02-08 08:17:54 |
| 4174 || 17.1826437774124 || 2013-02-07 02:59:51 |
| 4175 || 1.84053980661532 || 2010-11-03 00:10:45 |
| 4176 || -14.0128273826316 || 2015-07-11 08:39:11 |
| 4177 || -7.6323220905291 || 2010-06-04 10:04:06 |
| 4178 || 34.9710391791239 || 2018-09-04 06:07:34 |
| 4179 || 1.29760102923141 || 2015-05-07 16:54:55 |
| 4180 || 0.627849964609105 || 2010-11-05 15:50:24 |
| 4181 || -6.94158659682678 || 2016-11-09 17:48:35 |
| 4182 || 48.869510683405 || 2018-04-01 08:38:35 |
| 4183 || 47.295310911249 || 2018-06-04 18:59:14 |
| 4184 || 9.00582017091464 || 2017-12-19 10:36:46 |
| 4185 || -0.0324418475266356 || 2014-08-03 05:57:32 |
| 4186 || 19.5973185685973 || 2013-04-23 13:52:43 |
| 4187 || 2.77528916865191 || 2010-08-24 02:01:17 |
| 4188 || 7.28898550469374 || 2015-04-16 18:12:27 |
| 4189 || -7.4007402401217 || 2015-04-11 00:15:41 |
| 4190 || 0.00763511679467413 || 2019-03-06 20:53:29 |
| 4191 || -9.52977385302404 || 2010-10-15 04:46:34 |
| 4192 || 30.0386479322368 || 2019-07-06 12:28:49 |
| 4193 || 3.58513436271885 || 2014-11-08 20:27:36 |
| 4194 || 0.96776281653998 || 2017-06-13 13:40:23 |
| 4195 || 0.447034455065272 || 2018-07-26 07:10:39 |
| 4196 || -2.18917574351409 || 2018-08-16 23:53:16 |
| 4197 || 42.2941639326784 || 2014-10-18 03:01:32 |
| 4198 || -18.0764448435005 || 2019-09-04 07:17:28 |
| 4199 || -9.87163370074884 || 2014-03-07 21:19:44 |
| 4200 || 0.790488665376238 || 2013-11-01 13:25:25 |
| 4201 || -4.24586161156199 || 2017-04-05 13:55:53 |
| 4202 || 8.74478709244622 || 2013-04-23 03:21:48 |
| 4203 || -21.7668448547843 || 2017-12-14 07:39:38 |
| 4204 || 1.13738053527896 || 2016-03-25 05:29:53 |
| 4205 || 1.9847639933027 || 2019-01-04 05:10:45 |
| 4206 || -2.95121520026261 || 2015-06-01 17:53:04 |
| 4207 || 24.7120420392614 || 2016-04-09 20:31:28 |
| 4208 || 0.351290028136713 || 2019-01-26 01:17:40 |
| 4209 || 52.6293011870801 || 2014-07-24 17:38:07 |
| 4210 || 5.60169276854974 || 2013-03-09 21:17:53 |
| 4211 || 10.9827131937133 || 2019-04-24 15:23:58 |
| 4212 || 44.8979509961215 || 2018-12-09 02:34:56 |
| 4213 || 37.055740931772 || 2010-05-18 23:22:12 |
| 4214 || 58.0420446594638 || 2016-04-03 21:24:08 |
| 4215 || -2.86374991743648 || 2019-06-10 05:08:36 |
| 4216 || 5.08598913705412 || 2015-11-10 18:31:23 |
| 4217 || 56.2167897476584 || 2010-03-15 15:04:11 |
| 4218 || -0.781375067454728 || 2015-04-13 12:52:03 |
| 4219 || 9.85740414010512 || 2015-10-06 02:40:23 |
| 4220 || 0.735601742666043 || 2013-10-14 23:43:03 |
| 4221 || 3.03748575275361 || 2013-06-11 11:41:51 |
| 4222 || 47.9219579067266 || 2016-12-16 18:54:38 |
| 4223 || -12.883054252839 || 2019-08-10 18:16:52 |
| 4224 || 22.0463040418387 || 2017-06-08 15:57:25 |
| 4225 || -5.40428592091478 || 2017-08-13 12:01:37 |
| 4226 || -0.41316182178333 || 2010-03-20 09:51:48 |
| 4227 || 24.9635544232425 || 2011-05-05 01:17:35 |
| 4228 || 27.2091012237024 || 2016-06-21 01:42:28 |
| 4229 || 64.9695570235457 || 2015-07-18 18:13:29 |
| 4230 || 12.9361742421209 || 2013-07-06 15:55:17 |
| 4231 || -0.387706346276927 || 2016-02-19 13:03:37 |
| 4232 || -10.3024297857404 || 2016-09-04 15:40:57 |
| 4233 || 9.90095101380089 || 2015-04-07 08:46:39 |
| 4234 || 52.9844796153409 || 2018-04-12 21:39:02 |
| 4235 || 20.2497000778685 || 2014-01-11 03:03:00 |
| 4236 || 0.0775083993671527 || 2012-11-25 22:52:13 |
| 4237 || 6.55427487748936 || 2016-08-07 19:50:33 |
| 4238 || 41.4828899958727 || 2010-11-01 00:10:59 |
| 4239 || -19.4131544551153 || 2016-12-16 18:13:06 |
| 4240 || 10.1193056085518 || 2011-07-27 17:05:21 |
| 4241 || 0.00311840504708229 || 2010-11-04 14:31:30 |
| 4242 || -2.58005618432856 || 2014-02-25 15:24:08 |
| 4243 || 67.3201783934027 || 2010-07-16 17:44:54 |
| 4244 || -27.8007842896279 || 2017-07-24 05:15:42 |
| 4245 || 7.572383938598 || 2013-04-16 16:20:35 |
| 4246 || -0.0278484612370444 || 2016-11-19 23:05:49 |
| 4247 || 20.9945959957972 || 2014-02-19 11:50:53 |
| 4248 || -12.4803507464502 || 2018-07-16 03:46:17 |
| 4249 || 81.5327739618152 || 2012-12-24 03:52:11 |
| 4250 || 41.0156477867059 || 2013-10-07 11:11:29 |
| 4251 || -0.434202408409663 || 2014-03-20 07:30:00 |
| 4252 || 19.0786219883442 || 2017-09-23 10:23:04 |
| 4253 || 50.4939985944569 || 2012-10-10 08:36:20 |
| 4254 || -28.6142616520943 || 2012-03-23 22:06:19 |
| 4255 || 0.367793266807415 || 2011-11-20 10:26:31 |
| 4256 || -0.924967886427256 || 2013-04-24 04:19:48 |
| 4257 || 5.59000079961363 || 2013-03-07 11:30:35 |
| 4258 || -15.3315405823644 || 2011-12-25 02:14:39 |
| 4259 || -18.3006471030021 || 2013-03-03 14:42:43 |
| 4260 || -17.3185763723335 || 2015-03-20 09:49:13 |
| 4261 || 2.82170175822261 || 2019-10-25 07:24:25 |
| 4262 || 1.25304621800081 || 2011-09-18 08:52:47 |
| 4263 || 50.6576742416789 || 2016-12-24 03:45:05 |
| 4264 || 13.0836737120442 || 2010-08-11 13:49:07 |
| 4265 || -15.1383111132826 || 2013-01-27 21:53:00 |
| 4266 || 0.176761392392527 || 2012-06-08 02:06:33 |
| 4267 || 5.25294552115355 || 2017-08-26 04:21:37 |
| 4268 || 51.3423315528926 || 2017-03-19 05:11:32 |
| 4269 || -0.940106179025859 || 2016-01-13 12:44:02 |
| 4270 || 55.5635652792588 || 2013-06-08 09:29:01 |
| 4271 || 11.053145827974 || 2013-08-06 15:37:20 |
| 4272 || 1.51759772922235 || 2015-01-25 02:00:23 |
| 4273 || -7.48490273154073 || 2014-03-23 03:17:33 |
| 4274 || 51.0213081280717 || 2015-07-05 06:20:04 |
| 4275 || -21.7644229967302 || 2010-11-27 18:57:53 |
| 4276 || -3.88922720644931 || 2014-07-05 18:42:25 |
| 4277 || 2.10685988156467 || 2015-06-03 13:22:50 |
| 4278 || -9.23549508249697 || 2019-10-03 07:04:02 |
| 4279 || 14.2685546259078 || 2013-11-02 10:32:03 |
| 4280 || 20.5825507276944 || 2013-12-01 18:35:42 |
| 4281 || -6.63004318555599 || 2016-06-23 08:17:18 |
| 4282 || 1.2513679262981 || 2018-03-27 22:58:29 |
| 4283 || 31.2433837084699 || 2015-04-04 21:08:30 |
| 4284 || 16.4760105817234 || 2010-10-07 22:14:01 |
| 4285 || -8.70197363282522 || 2019-04-27 17:36:08 |
| 4286 || -7.90005489962075 || 2016-06-15 02:42:07 |
| 4287 || -0.105805312849825 || 2015-07-24 22:01:30 |
| 4288 || 11.1899843349717 || 2012-07-15 13:35:05 |
| 4289 || -13.238897141735 || 2015-04-24 06:04:26 |
| 4290 || 2.59313729885102 || 2016-04-08 17:50:11 |
| 4291 || 25.3172024044978 || 2011-04-08 08:19:23 |
| 4292 || 0.000299742837796355 || 2010-05-27 12:23:45 |
| 4293 || 5.30985745433579 || 2014-11-20 05:10:09 |
| 4294 || 57.0497316230648 || 2018-07-03 14:36:24 |
| 4295 || 40.784355000662 || 2015-12-23 13:53:41 |
| 4296 || 5.91567633879182 || 2012-11-12 13:48:47 |
| 4297 || 0.254412718147321 || 2010-10-02 11:26:10 |
| 4298 || -1.73101954920313 || 2012-07-09 06:14:57 |
| 4299 || -23.4886373713738 || 2013-08-16 21:35:07 |
| 4300 || 22.4601878428571 || 2014-05-20 14:04:02 |
| 4301 || -1.7950604043912 || 2015-04-22 14:33:24 |
| 4302 || -0.142681654849841 || 2015-10-23 16:02:53 |
| 4303 || 20.5781377648 || 2018-03-19 07:46:03 |
| 4304 || -21.877979460803 || 2017-12-10 15:53:40 |
| 4305 || 87.634679997137 || 2019-01-25 15:06:24 |
| 4306 || 0.416946220994104 || 2012-01-09 21:10:41 |
| 4307 || 2.41975347977615 || 2018-08-19 14:24:08 |
| 4308 || -5.34688782240558 || 2018-02-17 15:40:46 |
| 4309 || -5.5480837966897 || 2017-12-07 23:11:02 |
| 4310 || 72.1470841837617 || 2014-02-19 16:54:58 |
| 4311 || 5.31739515812693 || 2011-11-14 18:04:59 |
| 4312 || -0.868702520586258 || 2012-02-03 20:15:17 |
| 4313 || 6.0178254872664 || 2013-02-23 20:32:01 |
| 4314 || -19.6040903227237 || 2014-08-26 12:43:07 |
| 4315 || 5.25852236451622 || 2019-08-22 12:33:15 |
| 4316 || -15.2002800873648 || 2013-04-24 14:33:58 |
| 4317 || -0.346581101970477 || 2011-01-09 16:56:43 |
| 4318 || 7.87579481348273 || 2016-05-27 08:54:32 |
| 4319 || 27.3258262815791 || 2019-07-04 08:09:13 |
| 4320 || 58.3610592268509 || 2015-10-21 05:04:01 |
| 4321 || -20.3562182206126 || 2011-02-24 15:48:39 |
| 4322 || 7.99832156942293 || 2017-05-02 02:34:05 |
| 4323 || 4.73863921559345 || 2016-11-08 19:21:03 |
| 4324 || -17.2049153520447 || 2019-12-22 17:53:48 |
| 4325 || 34.3818368395925 || 2012-12-09 23:21:04 |
| 4326 || -11.3975423167812 || 2018-10-15 02:13:57 |
| 4327 || 8.65393713005595 || 2019-09-09 05:46:55 |
| 4328 || 1.69231939196118 || 2019-09-07 22:35:17 |
| 4329 || -14.8996240467792 || 2010-06-15 00:02:29 |
| 4330 || -24.8694931030442 || 2017-07-20 01:36:58 |
| 4331 || 9.09009143195212 || 2013-09-20 07:13:32 |
| 4332 || -4.31618675200391 || 2016-09-13 17:26:19 |
| 4333 || 1.67067012316191 || 2015-03-14 15:32:02 |
| 4334 || -10.5805866170752 || 2019-09-24 01:25:36 |
| 4335 || -18.559619699341 || 2017-12-08 16:46:52 |
| 4336 || 30.119139182212 || 2017-04-15 11:34:44 |
| 4337 || 23.6302742823365 || 2010-06-06 06:03:09 |
| 4338 || 0.421594353169807 || 2016-07-12 20:21:03 |
| 4339 || 15.3698815815299 || 2010-02-22 09:43:52 |
| 4340 || -15.5405603351407 || 2013-06-02 21:10:43 |
| 4341 || 63.499269052564 || 2019-09-15 13:28:58 |
| 4342 || 21.4142099199957 || 2018-06-15 21:14:03 |
| 4343 || 0.025569633199282 || 2016-06-26 16:44:19 |
| 4344 || 3.82835845985947 || 2014-01-01 20:25:57 |
| 4345 || -23.9200065613398 || 2011-03-15 08:45:19 |
| 4346 || 6.64046509914017 || 2011-11-13 01:55:05 |
| 4347 || 25.7464130035824 || 2015-11-13 09:22:42 |
| 4348 || 0.00558255475902839 || 2015-08-06 12:04:55 |
| 4349 || -8.78355633322316 || 2018-10-04 16:20:03 |
| 4350 || 42.8400252999004 || 2015-09-07 21:53:19 |
| 4351 || 15.5208484763247 || 2010-10-24 16:19:47 |
| 4352 || 14.0804529436275 || 2012-05-15 08:53:00 |
| 4353 || -0.307214156872626 || 2014-01-22 02:53:14 |
| 4354 || 21.5126810451417 || 2018-07-10 13:46:13 |
| 4355 || 4.30523252457007 || 2019-08-06 05:42:50 |
| 4356 || 21.2377261767748 || 2017-04-08 23:44:05 |
| 4357 || 42.8540251002576 || 2016-03-20 12:36:27 |
| 4358 || 1.5705601009038 || 2019-10-17 10:22:51 |
| 4359 || -0.188987680824349 || 2018-04-18 03:25:00 |
| 4360 || 66.6657939684814 || 2013-09-18 09:53:51 |
| 4361 || -12.7155481911401 || 2014-07-18 19:35:18 |
| 4362 || 20.1786506326159 || 2016-10-16 10:07:31 |
| 4363 || -0.0609327697495573 || 2016-10-10 18:19:05 |
| 4364 || -3.76888465884991 || 2016-06-26 03:06:28 |
| 4365 || 45.3978338947174 || 2013-01-04 20:54:52 |
| 4366 || -29.8324016913648 || 2014-08-22 10:08:49 |
| 4367 || 21.9993841752114 || 2015-05-08 02:58:33 |
| 4368 || 7.08357704868371 || 2013-03-06 23:09:51 |
| 4369 || 4.57243003286843 || 2013-10-16 15:15:39 |
| 4370 || 19.9866893173545 || 2013-11-23 06:45:41 |
| 4371 || 79.4287910892784 || 2019-02-06 05:28:05 |
| 4372 || -20.1558256114286 || 2010-03-23 12:48:48 |
| 4373 || 2.75119752136139 || 2011-09-21 08:30:00 |
| 4374 || 2.64492561816037 || 2014-03-14 18:11:11 |
| 4375 || 44.8792187830714 || 2010-07-24 07:34:40 |
| 4376 || -28.8287414371801 || 2011-05-23 05:13:46 |
| 4377 || 52.5597531905044 || 2015-05-25 23:00:58 |
| 4378 || -4.17666082281806 || 2011-10-20 04:49:31 |
| 4379 || 3.75630188439341 || 2016-02-01 14:34:29 |
| 4380 || 10.7480834859893 || 2012-10-20 16:21:22 |
| 4381 || 2.44060554299796 || 2019-04-13 05:20:42 |
| 4382 || 41.0611534553882 || 2012-05-05 10:25:44 |
| 4383 || 17.3955974469912 || 2018-02-26 13:49:48 |
| 4384 || 1.06297086499323 || 2013-02-04 04:42:32 |
| 4385 || 23.1848040775114 || 2010-03-25 07:35:30 |
| 4386 || -28.9310572999905 || 2011-12-03 13:39:39 |
| 4387 || 3.45028882620578 || 2014-10-13 07:05:47 |
| 4388 || 18.8809391538163 || 2016-08-27 19:46:16 |
| 4389 || 0.507307562048817 || 2015-01-13 01:09:05 |
| 4390 || 37.2055896750122 || 2010-11-04 11:03:58 |
| 4391 || 84.3863487096252 || 2016-10-27 04:50:48 |
| 4392 || 27.2274753300696 || 2019-09-26 13:03:12 |
| 4393 || 24.133552979826 || 2014-06-25 13:01:52 |
| 4394 || 0.0175039210552356 || 2013-12-06 05:19:03 |
| 4395 || 24.5234593892254 || 2010-09-21 02:02:30 |
| 4396 || 48.2939425036848 || 2019-01-23 10:44:38 |
| 4397 || 77.3739489750479 || 2016-04-09 08:49:26 |
| 4398 || -1.77016129501905 || 2016-03-26 00:05:00 |
| 4399 || 0.0758949239703686 || 2019-12-06 07:20:44 |
| 4400 || 5.20892439748511 || 2015-08-07 13:33:03 |
| 4401 || 76.4756392498602 || 2019-01-19 19:02:21 |
| 4402 || 84.227901602386 || 2019-08-13 18:03:44 |
| 4403 || -9.43071989944591 || 2013-03-09 22:24:44 |
| 4404 || 0.28991347455091 || 2016-06-07 17:20:50 |
| 4405 || -6.77100024111828 || 2019-01-08 15:03:24 |
| 4406 || 60.3103803409088 || 2013-05-25 15:33:58 |
| 4407 || 69.6747535785431 || 2011-03-09 08:27:28 |
| 4408 || 17.8473193781186 || 2012-04-06 06:33:28 |
| 4409 || 1.50797419862436 || 2019-04-19 23:35:45 |
| 4410 || -5.37353396133494 || 2018-09-10 16:31:21 |
| 4411 || 65.0994640951428 || 2016-11-05 09:41:24 |
| 4412 || 86.6959011795496 || 2019-05-08 09:20:49 |
| 4413 || -16.0565931342121 || 2011-04-21 02:42:39 |
| 4414 || -1.17330572310605 || 2018-11-25 21:29:28 |
| 4415 || 13.0402222201059 || 2013-12-06 00:56:14 |
| 4416 || 60.3094581404224 || 2013-06-09 02:31:04 |
| 4417 || 76.7654599133689 || 2016-07-01 14:04:39 |
| 4418 || 50.3872709327228 || 2012-07-23 09:36:54 |
| 4419 || 1.24455062419563 || 2017-12-17 00:24:42 |
| 4420 || 9.26048430345304 || 2015-10-20 03:37:58 |
| 4421 || -18.558274057097 || 2013-06-13 10:23:52 |
| 4422 || 86.0967814075011 || 2019-08-10 21:54:01 |
| 4423 || 59.1083696589123 || 2012-05-13 08:08:55 |
| 4424 || -0.780758834497817 || 2012-06-15 07:13:02 |
| 4425 || -1.47933935938586 || 2012-10-02 12:00:53 |
| 4426 || 49.4867152858052 || 2011-11-10 19:03:15 |
| 4427 || 88.9139351097689 || 2015-07-20 15:30:20 |
| 4428 || -21.5444675444958 || 2012-02-20 17:50:36 |
| 4429 || 13.3294803920897 || 2017-02-23 02:38:37 |
| 4430 || 1.44583396581698 || 2016-03-06 18:54:10 |
| 4431 || 48.3132211026984 || 2018-07-03 19:13:16 |
| 4432 || -24.2369485779464 || 2015-12-14 23:11:56 |
| 4433 || 61.765911365757 || 2015-02-21 01:27:36 |
| 4434 || -4.05494661074578 || 2010-10-06 05:28:46 |
| 4435 || -0.00259379488907207 || 2010-02-04 06:16:03 |
| 4436 || 19.1506895057686 || 2010-01-09 05:06:18 |
| 4437 || 13.7972268099078 || 2018-01-23 15:51:15 |
| 4438 || 43.5246142876726 || 2013-02-10 09:04:28 |
| 4439 || 5.82166938614861 || 2013-03-01 06:16:30 |
| 4440 || 0.603248131371824 || 2013-08-19 17:36:41 |
| 4441 || 22.970916119042 || 2017-03-24 14:17:46 |
| 4442 || 83.5135261375772 || 2014-09-18 22:16:54 |
| 4443 || -25.9015334064838 || 2015-02-07 13:41:52 |
| 4444 || 26.2439654259223 || 2017-09-18 06:49:11 |
| 4445 || 0.139501386717008 || 2017-11-03 06:20:16 |
| 4446 || -3.14037431229294 || 2015-07-15 10:21:33 |
| 4447 || -2.9987504723691 || 2012-02-22 16:19:11 |
| 4448 || 62.9553204053995 || 2019-03-17 05:28:31 |
| 4449 || -0.950906166039579 || 2019-01-19 17:25:23 |
| 4450 || 0.0355384851616848 || 2018-02-08 05:12:27 |
| 4451 || -3.94269354580313 || 2012-12-11 20:00:26 |
| 4452 || 9.928852501066 || 2018-01-12 02:04:34 |
| 4453 || 26.5023487695768 || 2012-08-13 23:37:47 |
| 4454 || -11.9936551275104 || 2010-02-18 12:12:20 |
| 4455 || 0.271740157967645 || 2011-08-11 03:27:23 |
| 4456 || 16.7340693353045 || 2016-08-25 06:40:00 |
| 4457 || 64.713526706055 || 2010-12-24 21:35:49 |
| 4458 || -28.8412708899273 || 2015-05-26 07:45:07 |
| 4459 || -13.9496000839171 || 2019-12-21 14:03:02 |
| 4460 || 1.53247596884538 || 2010-09-19 03:45:21 |
| 4461 || 18.3626008572261 || 2018-12-07 17:45:24 |
| 4462 || -17.2695554020349 || 2013-05-22 19:47:56 |
| 4463 || 56.3240480096479 || 2010-10-05 20:57:12 |
| 4464 || -1.79655105647877 || 2015-03-05 15:35:12 |
| 4465 || 3.26463304455419 || 2017-11-14 23:19:16 |
| 4466 || -1.92405454537028 || 2013-02-03 18:44:26 |
| 4467 || 58.481691819754 || 2015-02-26 15:33:29 |
| 4468 || 56.6095237923335 || 2012-01-25 05:14:43 |
| 4469 || -15.9171332740802 || 2012-06-07 14:27:04 |
| 4470 || 1.20400490287654 || 2017-01-19 05:06:47 |
| 4471 || 5.33086546310583 || 2015-03-12 00:29:48 |
| 4472 || -6.96774819740315 || 2018-12-25 14:20:09 |
| 4473 || -26.348305071551 || 2012-03-08 10:07:39 |
| 4474 || 49.0634477646809 || 2014-10-18 09:41:17 |
| 4475 || -0.295182331618745 || 2014-04-03 14:42:16 |
| 4476 || 3.96326422630684 || 2019-06-02 14:44:30 |
| 4477 || 55.9977118648125 || 2011-02-01 06:15:25 |
| 4478 || -21.5651775408412 || 2012-04-04 17:21:51 |
| 4479 || 6.26750716546483 || 2017-02-10 20:49:21 |
| 4480 || 4.20624089590457 || 2011-10-07 17:02:11 |
| 4481 || -1.50976535138774 || 2016-04-19 14:14:46 |
| 4482 || -16.8546770799153 || 2019-08-02 13:31:15 |
| 4483 || 54.6767252021234 || 2012-04-07 17:18:40 |
| 4484 || -22.7153673338032 || 2012-07-18 01:52:54 |
| 4485 || 16.5282385633311 || 2019-12-02 17:39:23 |
| 4486 || 1.54486712683515 || 2017-12-02 03:38:44 |
| 4487 || 43.2488002088036 || 2014-05-18 03:10:40 |
| 4488 || 81.0933452692924 || 2016-10-15 23:35:05 |
| 4489 || 70.32747606826 || 2017-01-09 06:49:40 |
| 4490 || -6.7777821010493 || 2017-05-25 08:53:45 |
| 4491 || 1.02908251012876 || 2014-08-12 10:52:33 |
| 4492 || -12.8397560843114 || 2013-03-16 07:14:27 |
| 4493 || 6.27627347051556 || 2010-02-24 20:54:22 |
| 4494 || 42.2478754182802 || 2015-12-13 18:23:36 |
| 4495 || 22.2783701126328 || 2017-04-22 11:32:32 |
| 4496 || -0.0747922365469492 || 2017-06-12 11:30:21 |
| 4497 || 18.1877041027042 || 2018-12-03 16:48:57 |
| 4498 || -25.830622312805 || 2014-10-23 10:54:19 |
| 4499 || 2.22394734710261 || 2012-06-11 05:12:50 |
| 4500 || -5.91320565523686 || 2014-08-27 10:29:44 |
| 4501 || 0.000896398945658959 || 2010-11-05 08:24:19 |
| 4502 || 28.9270590067007 || 2019-10-20 12:30:03 |
| 4503 || 34.4608064099331 || 2012-06-13 13:49:32 |
| 4504 || -1.56618766730737 || 2012-01-27 16:35:55 |
| 4505 || 3.83970825072998 || 2010-08-16 13:58:03 |
| 4506 || 0.418290784837056 || 2015-08-15 16:31:15 |
| 4507 || 5.84124098943875 || 2017-02-01 06:54:05 |
| 4508 || 64.7536591554921 || 2018-12-19 23:37:39 |
| 4509 || 47.3265395644281 || 2013-05-11 00:59:18 |
| 4510 || 27.0134159365306 || 2016-03-22 23:14:59 |
| 4511 || 0.629936436102128 || 2010-09-22 17:58:16 |
| 4512 || -6.18271921773585 || 2014-02-14 05:14:38 |
| 4513 || 67.9339231288075 || 2019-04-18 23:18:49 |
| 4514 || -7.68628390674287 || 2013-08-19 03:38:58 |
| 4515 || -15.0532394596186 || 2017-12-05 09:38:53 |
| 4516 || 2.02495237878628 || 2012-09-02 08:06:15 |
| 4517 || 13.9507202658087 || 2017-06-21 12:48:26 |
| 4518 || 65.9284593444244 || 2011-05-22 22:33:38 |
| 4519 || 88.9576341325328 || 2019-07-16 22:30:47 |
| 4520 || -17.1055707224261 || 2012-01-23 12:34:53 |
| 4521 || 5.56176488345565 || 2015-04-14 04:22:12 |
| 4522 || 1.18433907248326 || 2019-09-18 18:57:05 |
| 4523 || 56.1938321031471 || 2013-07-07 03:46:32 |
| 4524 || 53.1187638277818 || 2011-01-01 11:47:40 |
| 4525 || 54.5506121376725 || 2018-01-11 21:37:01 |
| 4526 || 1.89528448504799 || 2011-12-10 07:37:09 |
| 4527 || 0.228961371417894 || 2015-01-14 10:32:30 |
| 4528 || -3.66303301432812 || 2017-06-25 19:01:04 |
| 4529 || 87.0712764062668 || 2010-01-08 16:01:40 |
| 4530 || 62.6020605194736 || 2017-09-12 17:32:18 |
| 4531 || 6.81762226805489 || 2016-07-24 21:18:24 |
| 4532 || 5.24114574004404 || 2012-08-10 15:53:40 |
| 4533 || -15.7643242367901 || 2015-04-15 09:03:43 |
| 4534 || 89.1184382243464 || 2011-12-09 10:55:27 |
| 4535 || 4.98387235408184 || 2010-03-13 01:11:45 |
| 4536 || 3.78377259104871 || 2011-07-13 09:14:39 |
| 4537 || -0.0391112711700114 || 2017-01-02 11:02:43 |
| 4538 || 44.5384769982051 || 2016-07-16 16:38:29 |
| 4539 || -28.9698092887569 || 2013-04-03 14:31:12 |
| 4540 || 2.78115194308166 || 2012-11-25 17:02:31 |
| 4541 || -2.36876782663493 || 2017-08-26 06:07:59 |
| 4542 || 1.05534393160693 || 2016-10-03 10:00:53 |
| 4543 || 13.6907119508969 || 2018-07-04 18:07:51 |
| 4544 || -11.1123477332273 || 2016-12-12 02:30:03 |
| 4545 || 75.8194042941823 || 2018-07-02 20:22:08 |
| 4546 || 19.0408762592827 || 2016-04-06 03:56:57 |
| 4547 || -0.106875081113667 || 2017-10-02 19:13:18 |
| 4548 || 35.1055192609644 || 2013-07-21 23:17:01 |
| 4549 || 79.376565401406 || 2018-09-24 00:19:20 |
| 4550 || 33.3621313814593 || 2010-06-13 04:09:36 |
| 4551 || 14.9418585545887 || 2016-07-08 17:17:10 |
| 4552 || 0.000370839297993891 || 2013-07-03 12:36:38 |
| 4553 || 28.913064313857 || 2014-07-20 23:59:56 |
| 4554 || 32.6530513977666 || 2018-02-18 00:05:01 |
| 4555 || 25.9801381276163 || 2016-07-20 19:50:55 |
| 4556 || 16.4723272688926 || 2017-10-26 05:14:48 |
| 4557 || 0.209966844490643 || 2015-02-08 21:43:52 |
| 4558 || -8.11560472434181 || 2013-12-23 05:51:53 |
| 4559 || -19.6448890679985 || 2019-10-18 01:29:52 |
| 4560 || -17.4788040542466 || 2011-12-19 00:11:08 |
| 4561 || -13.4607014889001 || 2018-09-22 22:07:13 |
| 4562 || 0.081449192223723 || 2016-08-17 11:11:21 |
| 4563 || 2.12241701203491 || 2018-07-22 04:36:11 |
| 4564 || -3.38713325576615 || 2012-07-08 14:40:08 |
| 4565 || -22.2773718970783 || 2017-06-09 19:57:18 |
| 4566 || 23.2290496938146 || 2011-05-24 06:28:28 |
| 4567 || 2.4773914637284 || 2017-12-16 15:50:22 |
| 4568 || 5.68471992388927 || 2015-10-08 04:17:38 |
| 4569 || 65.3237061185722 || 2018-08-04 07:56:14 |
| 4570 || 16.5104670046387 || 2010-09-27 13:48:19 |
| 4571 || 42.6214779633016 || 2013-03-06 18:59:02 |
| 4572 || -0.647779936018655 || 2016-05-09 11:08:11 |
| 4573 || 8.11210531292453 || 2017-04-24 02:33:45 |
| 4574 || 33.4424277513678 || 2016-04-01 22:25:10 |
| 4575 || 84.5585569042689 || 2019-02-14 18:09:26 |
| 4576 || -9.72691685388225 || 2019-07-06 14:57:45 |
| 4577 || 3.30755429035054 || 2012-03-13 19:14:35 |
| 4578 || 8.63590964213777 || 2017-07-23 00:55:15 |
| 4579 || 43.2122648807285 || 2015-04-23 15:45:23 |
| 4580 || 67.6476841753997 || 2018-01-02 04:11:28 |
| 4581 || 60.6401087146152 || 2015-05-17 07:40:24 |
| 4582 || 1.46661334821915 || 2017-05-13 15:07:18 |
| 4583 || -1.89134076642975 || 2012-02-23 08:15:27 |
| 4584 || 48.1764681511239 || 2012-06-07 23:38:28 |
| 4585 || 67.4804471968402 || 2011-11-27 15:02:49 |
| 4586 || 44.1526508877071 || 2012-12-02 17:01:08 |
| 4587 || 6.07747028521055 || 2015-12-23 16:23:30 |
| 4588 || 0.510185288949559 || 2015-06-22 08:07:11 |
| 4589 || -15.6721092770411 || 2016-05-24 22:13:33 |
| 4590 || -25.2078013601657 || 2012-09-03 12:17:07 |
| 4591 || -10.0863741048877 || 2019-07-24 03:40:52 |
| 4592 || 11.0536304714757 || 2010-07-23 22:16:43 |
| 4593 || -0.367639645182272 || 2016-04-24 00:18:58 |
| 4594 || -3.11488827637553 || 2016-03-17 02:44:58 |
| 4595 || 85.4669161432074 || 2019-02-23 10:48:32 |
| 4596 || 22.5661235838501 || 2019-10-16 21:26:16 |
| 4597 || 3.23906489924416 || 2017-09-08 15:09:23 |
| 4598 || -0.161616345036602 || 2015-12-27 17:39:54 |
| 4599 || -8.88079400694196 || 2012-04-16 19:54:22 |
| 4600 || -27.8781794275684 || 2014-03-27 11:00:12 |
| 4601 || 7.50111212971734 || 2010-01-09 11:48:13 |
| 4602 || 21.2747214000926 || 2012-04-17 10:00:55 |
| 4603 || 0.00661635730857936 || 2016-05-07 09:27:22 |
| 4604 || 23.6226211411422 || 2013-01-13 23:48:01 |
| 4605 || 80.6009592026415 || 2017-01-20 22:01:15 |
| 4606 || -27.0393537184086 || 2013-10-17 19:05:13 |
| 4607 || 27.1927841801346 || 2016-03-10 22:13:15 |
| 4608 || 0.042761768773106 || 2010-12-25 12:35:56 |
| 4609 || 26.0460467464865 || 2014-03-07 14:51:47 |
| 4610 || 17.6804935052542 || 2012-12-23 12:06:46 |
| 4611 || 16.0017048775519 || 2018-07-22 06:30:09 |
| 4612 || 25.4681491240065 || 2014-08-19 18:52:55 |
| 4613 || 0.951748017000237 || 2017-05-01 06:12:55 |
| 4614 || 21.3149660062472 || 2011-11-08 15:54:28 |
| 4615 || 72.8478945618457 || 2017-09-08 21:19:15 |
| 4616 || -7.65706109151435 || 2017-01-21 19:53:38 |
| 4617 || -2.19464010712271 || 2014-04-05 01:38:12 |
| 4618 || 2.14669251876476 || 2018-09-09 07:14:10 |
| 4619 || 12.4904928194997 || 2019-11-27 17:14:25 |
| 4620 || -14.5694874213591 || 2011-04-04 09:33:24 |
| 4621 || -29.1458756899927 || 2012-11-18 20:59:10 |
| 4622 || 39.4017641901036 || 2016-08-06 07:26:41 |
| 4623 || -1.17846983466175 || 2012-05-22 00:41:02 |
| 4624 || -4.09111088145053 || 2013-06-10 14:35:03 |
| 4625 || 48.5198054204591 || 2016-09-21 10:34:08 |
| 4626 || 53.5025817386868 || 2018-07-02 02:19:53 |
| 4627 || 54.4374986427208 || 2018-06-20 12:48:28 |
| 4628 || -0.654269787317358 || 2012-11-24 12:20:11 |
| 4629 || -1.95054058956655 || 2016-04-11 09:13:20 |
| 4630 || 38.7552994796353 || 2010-06-06 03:54:20 |
| 4631 || 10.1157994563247 || 2016-11-20 00:19:56 |
| 4632 || -14.7664207268428 || 2015-01-20 02:52:53 |
| 4633 || -3.17132028399478 || 2016-01-03 19:33:41 |
| 4634 || 5.81942114385219 || 2014-05-04 01:39:15 |
| 4635 || -6.7968502921289 || 2012-12-22 06:09:25 |
| 4636 || 78.5910247557582 || 2014-03-01 17:20:42 |
| 4637 || 41.9119135446118 || 2017-02-01 04:06:04 |
| 4638 || 2.06376137328174 || 2011-04-08 23:20:32 |
| 4639 || 3.39308591259378 || 2017-01-10 07:43:41 |
| 4640 || -13.8656333094181 || 2015-05-02 16:05:30 |
| 4641 || 45.3245113224466 || 2012-05-02 03:32:54 |
| 4642 || -14.8724912844053 || 2016-07-06 08:24:54 |
| 4643 || 15.9320999363878 || 2015-03-15 01:54:28 |
| 4644 || -0.467585621352675 || 2013-05-02 20:15:32 |
| 4645 || 18.1359920503335 || 2017-05-03 17:52:16 |
| 4646 || -15.5313110137856 || 2013-01-13 19:24:18 |
| 4647 || 26.5669880603109 || 2018-05-06 09:52:54 |
| 4648 || -4.10580684007933 || 2017-07-21 01:28:25 |
| 4649 || 0.592467918257078 || 2013-09-22 23:28:33 |
| 4650 || 35.524254576 || 2016-12-04 10:03:46 |
| 4651 || 5.83991526189201 || 2017-10-23 09:32:31 |
| 4652 || 75.8277728857608 || 2017-09-03 11:00:20 |
| 4653 || -8.54141107214155 || 2019-05-25 04:32:47 |
| 4654 || 0.0193687514428671 || 2011-05-19 08:44:22 |
| 4655 || -9.17774702496204 || 2013-01-20 22:06:17 |
| 4656 || 38.3960455483242 || 2017-06-24 13:54:03 |
| 4657 || 55.9668633641106 || 2014-02-16 01:45:47 |
| 4658 || 32.5284008782334 || 2016-05-17 19:16:34 |
| 4659 || 0.00421018111025839 || 2016-04-05 07:16:50 |
| 4660 || 22.2905112903771 || 2011-12-20 01:54:36 |
| 4661 || 16.7672983913801 || 2013-11-14 08:29:02 |
| 4662 || -10.8614422257615 || 2015-12-10 04:39:03 |
| 4663 || 33.588191971032 || 2017-04-05 23:45:36 |
| 4664 || 0.638230218913758 || 2014-03-16 01:08:30 |
| 4665 || 2.6894836592376 || 2018-04-22 01:18:56 |
| 4666 || -22.0193008181331 || 2018-07-27 22:56:31 |
| 4667 || 56.3881130353864 || 2012-07-20 17:24:24 |
| 4668 || 42.0531833317622 || 2011-11-26 21:15:09 |
| 4669 || -0.728589125309451 || 2018-11-26 13:02:01 |
| 4670 || -2.69547965198355 || 2012-11-22 07:37:35 |
| 4671 || -16.4397188702128 || 2015-07-23 12:41:57 |
| 4672 || 69.3811525620568 || 2018-05-19 05:49:25 |
| 4673 || -4.59797886872499 || 2011-05-07 00:28:37 |
| 4674 || 0.729477327067007 || 2011-07-07 08:02:43 |
| 4675 || -4.23677303528175 || 2010-04-08 19:21:26 |
| 4676 || -7.41750800912921 || 2014-10-04 10:14:31 |
| 4677 || 66.5450459494949 || 2012-07-20 07:31:41 |
| 4678 || 18.2651330464996 || 2017-01-19 15:18:42 |
| 4679 || 5.91420757698102 || 2014-11-25 12:03:18 |
| 4680 || 9.76797297218524 || 2019-03-19 09:27:03 |
| 4681 || 39.3793682734586 || 2014-08-26 02:43:23 |
| 4682 || -11.1600097911695 || 2017-08-17 01:38:00 |
| 4683 || 57.3725974178385 || 2010-10-08 20:56:30 |
| 4684 || -3.14745072181114 || 2017-08-25 17:55:06 |
| 4685 || -1.60154296305329 || 2011-06-21 15:57:44 |
| 4686 || 19.5857240039699 || 2014-12-27 08:28:20 |
| 4687 || 3.06898141685593 || 2017-05-02 09:17:34 |
| 4688 || 7.48419293794533 || 2015-09-09 12:55:32 |
| 4689 || -3.92969071988731 || 2016-12-25 06:13:53 |
| 4690 || -1.01245292651001 || 2017-04-07 06:05:51 |
| 4691 || 49.1830577074591 || 2014-10-23 15:53:08 |
| 4692 || -28.1539346111847 || 2018-05-07 02:54:34 |
| 4693 || -21.9986385012013 || 2013-05-14 19:59:39 |
| 4694 || -5.73250188260129 || 2010-11-09 04:31:43 |
| 4695 || 0.237850356151427 || 2017-08-05 04:31:09 |
| 4696 || 5.65941531629424 || 2017-01-05 11:06:50 |
| 4697 || 77.4997987720756 || 2017-07-26 14:39:23 |
| 4698 || -24.2003003599542 || 2019-03-27 03:09:12 |
| 4699 || 21.4145297096942 || 2013-07-13 20:46:08 |
| 4700 || -0.278416349222895 || 2019-05-02 06:53:32 |
| 4701 || 33.4206813822566 || 2019-06-21 14:23:35 |
| 4702 || 1.73931495379378 || 2016-03-13 02:42:06 |
| 4703 || 75.485704298318 || 2015-01-15 11:38:54 |
| 4704 || 24.4302136514047 || 2010-03-05 21:15:24 |
| 4705 || -0.032500120359406 || 2019-06-01 09:59:41 |
| 4706 || 19.5010655153275 || 2018-04-21 06:08:18 |
| 4707 || 25.0726905175953 || 2014-10-12 09:53:18 |
| 4708 || 79.5183874814263 || 2012-09-15 06:07:50 |
| 4709 || -1.15409890453453 || 2017-09-18 03:49:59 |
| 4710 || 0.0470054868929855 || 2019-11-22 04:53:32 |
| 4711 || 26.6052864175923 || 2012-11-01 15:32:27 |
| 4712 || 64.8281937575886 || 2018-11-03 19:42:24 |
| 4713 || 38.3183191241239 || 2018-05-15 04:29:58 |
| 4714 || -4.58613988785655 || 2015-01-19 02:37:18 |
| 4715 || -0.0475975334452073 || 2017-08-22 14:31:12 |
| 4716 || 23.1182192082389 || 2011-01-20 12:41:39 |
| 4717 || -24.1517940497246 || 2014-12-19 05:31:36 |
| 4718 || 56.7703657183739 || 2019-06-06 05:40:24 |
| 4719 || 21.9257178938553 || 2014-01-17 02:12:48 |
| 4720 || 1.6279197488551 || 2010-05-14 00:12:00 |
| 4721 || -2.53270796146252 || 2013-08-05 04:45:34 |
| 4722 || -17.6224832585346 || 2018-09-26 06:11:12 |
| 4723 || -29.4442194419972 || 2011-09-20 09:15:28 |
| 4724 || 33.9111848363811 || 2013-08-06 15:05:49 |
| 4725 || 3.00806587447066 || 2015-05-22 22:02:31 |
| 4726 || -4.7816895275736 || 2015-05-16 07:10:00 |
| 4727 || -13.1407586825176 || 2012-08-10 00:50:33 |
| 4728 || 1.77491978136132 || 2017-05-15 00:47:23 |
| 4729 || -17.8573434022354 || 2014-08-19 01:13:38 |
| 4730 || -2.00573295915542 || 2019-09-18 16:28:25 |
| 4731 || 3.08498352581593 || 2013-01-21 12:01:08 |
| 4732 || 31.4214240908988 || 2016-07-21 20:39:39 |
| 4733 || -11.5977189296899 || 2014-09-18 20:24:02 |
| 4734 || 50.1058211883049 || 2014-01-24 21:32:46 |
| 4735 || 2.06575325950052 || 2011-06-14 08:08:01 |
| 4736 || -2.0485298021872 || 2010-12-26 00:58:15 |
| 4737 || -18.2736506634201 || 2014-04-06 22:08:05 |
| 4738 || 30.4369685130607 || 2012-12-06 08:55:08 |
| 4739 || -12.3142693955075 || 2019-07-09 11:32:41 |
| 4740 || -1.61521593055833 || 2014-09-26 18:10:09 |
| 4741 || 2.62905610562116 || 2011-01-11 05:02:32 |
| 4742 || -7.55250015301317 || 2018-05-22 21:01:05 |
| 4743 || 88.5492651417618 || 2013-06-26 19:48:05 |
| 4744 || 12.7049971290781 || 2014-02-02 02:18:59 |
| 4745 || -2.64756891835003 || 2011-08-25 11:50:36 |
| 4746 || 1.44419434867413 || 2011-07-01 01:51:09 |
| 4747 || 22.3671728155948 || 2017-09-13 04:15:19 |
| 4748 || -22.8022315601909 || 2018-02-25 07:52:06 |
| 4749 || 64.4466915632205 || 2018-03-21 21:53:21 |
| 4750 || -4.14861866566504 || 2013-03-08 22:18:55 |
| 4751 || 0.0656753243273215 || 2015-02-26 23:23:49 |
| 4752 || 17.814390508206 || 2016-09-11 06:40:42 |
| 4753 || -14.5001775185761 || 2017-03-03 13:28:26 |
| 4754 || -14.0963698464259 || 2014-02-15 14:25:58 |
| 4755 || -4.54977548603065 || 2010-03-18 15:20:13 |
| 4756 || 0.110440483106793 || 2012-03-15 04:40:38 |
| 4757 || 15.9984399571699 || 2019-02-10 02:24:01 |
| 4758 || -24.6797611094374 || 2012-05-01 07:13:36 |
| 4759 || 80.0137679267605 || 2019-11-16 11:32:25 |
| 4760 || 25.8077765955783 || 2010-07-09 02:57:04 |
| 4761 || -0.000882915119709417 || 2012-07-08 02:30:07 |
| 4762 || 24.6718914301311 || 2019-02-02 11:56:11 |
| 4763 || -19.800449936079 || 2013-05-17 10:53:08 |
| 4764 || 77.7390171638659 || 2010-08-21 12:29:00 |
| 4765 || 36.2230443753153 || 2015-05-15 18:13:30 |
| 4766 || 0.360045322371264 || 2012-02-14 06:46:48 |
| 4767 || 22.9190627682778 || 2017-09-21 15:55:20 |
| 4768 || -2.54923892638128 || 2014-02-10 12:27:50 |
| 4769 || 86.1968037677805 || 2018-02-13 22:34:32 |
| 4770 || 31.8790021385675 || 2016-01-14 17:30:51 |
| 4771 || 1.27336404621596 || 2010-06-16 08:49:37 |
| 4772 || 18.0261837450023 || 2013-01-06 00:57:01 |
| 4773 || 42.7061106007702 || 2012-03-04 17:28:07 |
| 4774 || -29.3531867388174 || 2012-10-22 17:11:27 |
| 4775 || -15.7205868446436 || 2015-11-09 00:49:39 |
| 4776 || -0.784509232841518 || 2017-11-08 01:45:23 |
| 4777 || -1.71964872077486 || 2011-07-02 22:15:33 |
| 4778 || 49.8132322038316 || 2017-09-22 21:10:37 |
| 4779 || 88.3240758221006 || 2017-01-03 07:39:04 |
| 4780 || 51.7320691961301 || 2011-10-01 23:02:17 |
| 4781 || -1.09152297867583 || 2013-10-06 15:34:00 |
| 4782 || -3.0093646114671 || 2015-08-03 07:10:30 |
| 4783 || 40.4420486250432 || 2015-01-19 06:48:55 |
| 4784 || -28.0354839729088 || 2018-11-09 21:50:28 |
| 4785 || 54.711781080652 || 2010-10-23 14:54:16 |
| 4786 || 3.7276126075433 || 2018-11-08 07:49:13 |
| 4787 || 3.43915859314749 || 2017-05-01 16:39:40 |
| 4788 || -7.84316630849149 || 2015-07-04 04:53:00 |
| 4789 || 42.6345525170312 || 2010-07-10 08:14:16 |
| 4790 || 40.3286416101248 || 2015-05-15 10:24:42 |
| 4791 || -3.09190751442438 || 2010-04-18 20:00:51 |
| 4792 || -1.39303899868021 || 2015-04-10 09:24:06 |
| 4793 || -15.3599938452322 || 2019-05-21 08:57:11 |
| 4794 || 87.3720447899596 || 2019-05-02 09:02:13 |
| 4795 || 54.5935083521329 || 2019-11-26 03:56:19 |
| 4796 || -3.75964615509506 || 2010-01-18 03:14:44 |
| 4797 || 1.01675338608479 || 2015-08-09 02:52:21 |
| 4798 || -15.3041225513355 || 2013-10-11 21:50:51 |
| 4799 || -27.253074843321 || 2017-07-17 11:49:57 |
| 4800 || 72.2233506969287 || 2016-10-24 21:55:01 |
| 4801 || 14.9315748482758 || 2016-12-11 09:29:45 |
| 4802 || 1.1828519151163 || 2010-12-09 00:07:33 |
| 4803 || 30.7704584263941 || 2013-09-16 11:56:27 |
| 4804 || 78.703626659098 || 2013-02-22 11:06:24 |
| 4805 || -25.4111873117286 || 2018-11-07 22:03:04 |
| 4806 || 23.8742291147388 || 2019-10-25 03:11:37 |
| 4807 || 0.15348344541604 || 2012-05-08 12:53:56 |
| 4808 || 34.6351212200684 || 2018-09-06 18:21:30 |
| 4809 || -20.0401367267161 || 2019-11-10 01:55:18 |
| 4810 || -25.0647045837024 || 2010-07-20 19:37:31 |
| 4811 || 7.75828325546076 || 2015-05-27 03:37:07 |
| 4812 || 0.000112941140261486 || 2019-09-15 12:11:06 |
| 4813 || 12.7769058779455 || 2013-05-25 13:46:00 |
| 4814 || -0.418079999746757 || 2013-06-02 05:06:15 |
| 4815 || -27.7168895146189 || 2015-10-23 17:51:35 |
| 4816 || 19.7675550069402 || 2018-04-12 22:33:53 |
| 4817 || 0.257100105228365 || 2016-02-05 13:42:08 |
| 4818 || 4.78369591209565 || 2012-03-13 17:13:13 |
| 4819 || 67.9921383722718 || 2010-02-07 01:49:02 |
| 4820 || 63.1234338531957 || 2015-03-07 03:09:10 |
| 4821 || 15.2788489586162 || 2012-06-27 23:18:38 |
| 4822 || 1.30667701648324 || 2017-11-05 17:52:14 |
| 4823 || -0.0199366023501869 || 2011-09-03 14:12:06 |
| 4824 || -23.4413995604443 || 2012-05-23 09:56:35 |
| 4825 || 65.5147758345176 || 2014-06-18 15:51:14 |
| 4826 || -14.2528574643337 || 2012-03-27 04:15:57 |
| 4827 || -0.412257063026865 || 2013-05-04 10:17:06 |
| 4828 || 15.3442923050714 || 2013-12-05 09:45:50 |
| 4829 || 66.871443117241 || 2016-11-07 05:59:32 |
| 4830 || 16.4368213300674 || 2016-09-11 17:03:49 |
| 4831 || 10.3033706336337 || 2015-06-16 20:03:49 |
| 4832 || -1.73457349776889 || 2017-09-20 18:57:47 |
| 4833 || 7.09436741598324 || 2011-09-20 00:53:51 |
| 4834 || 56.0566447180422 || 2012-09-23 22:50:53 |
| 4835 || 89.7127705700088 || 2010-11-22 17:24:18 |
| 4836 || 55.8728443159415 || 2014-12-01 01:46:07 |
| 4837 || 6.51743684362916 || 2014-02-02 07:30:22 |
| 4838 || 8.01611163821121 || 2010-06-13 01:43:22 |
| 4839 || 51.5784328155227 || 2019-09-06 14:51:09 |
| 4840 || 40.7972517051468 || 2013-04-03 02:48:20 |
| 4841 || 61.2895742258413 || 2015-06-07 02:42:25 |
| 4842 || 9.04822857614428 || 2016-02-23 22:13:25 |
| 4843 || -1.71647774359102 || 2012-07-21 09:37:43 |
| 4844 || 48.6379060329065 || 2012-02-05 22:40:10 |
| 4845 || 89.1226108141696 || 2010-06-06 16:24:02 |
| 4846 || 25.2473746854525 || 2012-11-11 11:13:52 |
| 4847 || 8.72082345586004 || 2018-02-15 04:41:35 |
| 4848 || -1.01730063671176 || 2015-09-10 06:03:41 |
| 4849 || -15.4030187555288 || 2017-04-07 06:28:18 |
| 4850 || 33.6632318998263 || 2014-01-05 18:32:08 |
| 4851 || -23.804257194853 || 2010-10-21 16:39:31 |
| 4852 || 6.12733342952578 || 2013-08-04 19:50:01 |
| 4853 || 1.53629342850707 || 2017-10-11 23:42:14 |
| 4854 || 41.5742030327283 || 2016-07-16 15:46:37 |
| 4855 || 20.8754060053573 || 2013-06-10 05:38:47 |
| 4856 || -22.6751646200104 || 2014-06-24 09:59:54 |
| 4857 || 15.3084056741769 || 2013-01-17 08:21:57 |
| 4858 || -0.1272347634272 || 2011-06-14 03:01:03 |
| 4859 || 36.1906542418677 || 2016-02-17 03:39:48 |
| 4860 || 9.12656493420515 || 2010-12-03 20:39:27 |
| 4861 || 19.5744564493158 || 2013-03-20 05:46:10 |
| 4862 || 25.8026624678784 || 2012-06-25 21:03:55 |
| 4863 || -0.00195959105227311 || 2016-04-01 19:12:14 |
| 4864 || 0.223168121884629 || 2017-12-22 07:24:56 |
| 4865 || 78.5242782164124 || 2013-10-12 07:55:02 |
| 4866 || -20.0191947615665 || 2014-11-15 11:00:55 |
| 4867 || 33.6387001618045 || 2014-07-27 11:14:48 |
| 4868 || 0.00434241091459204 || 2016-11-06 03:51:05 |
| 4869 || -1.79979017132729 || 2014-02-22 21:44:39 |
| 4870 || 74.7214427745408 || 2017-12-16 03:34:14 |
| 4871 || -27.4428456682964 || 2011-04-04 21:17:56 |
| 4872 || -0.518511374206826 || 2011-06-08 02:40:44 |
| 4873 || 0.56660282619758 || 2015-12-22 16:24:45 |
| 4874 || -1.1003178361936 || 2019-08-06 08:18:31 |
| 4875 || 67.869258871154 || 2013-08-15 02:51:56 |
| 4876 || 39.8696886513383 || 2019-01-25 21:37:15 |
| 4877 || 43.3355231637248 || 2017-05-07 19:27:16 |
| 4878 || -0.492011909678192 || 2017-04-12 14:08:38 |
| 4879 || 3.7016579727227 || 2019-02-11 19:33:39 |
| 4880 || 67.5128971067747 || 2019-07-11 21:28:30 |
| 4881 || 79.6679614215621 || 2014-01-21 08:34:47 |
| 4882 || 26.2553091391203 || 2019-05-05 06:11:52 |
| 4883 || -1.43804808695466 || 2013-04-14 19:48:40 |
| 4884 || 0.404685517179086 || 2016-10-24 00:15:13 |
| 4885 || 43.6151115374871 || 2011-04-20 13:00:30 |
| 4886 || 74.866762416101 || 2013-10-09 01:57:21 |
| 4887 || -16.5724067570118 || 2013-05-04 21:23:57 |
| 4888 || 7.09765233281192 || 2018-05-10 05:48:14 |
| 4889 || 8.9055278759592 || 2017-02-18 16:13:53 |
| 4890 || 21.1581528592962 || 2018-12-16 02:20:24 |
| 4891 || 86.2707702589723 || 2013-10-08 01:26:58 |
| 4892 || 1.55881690485472 || 2019-07-23 18:36:05 |
| 4893 || 9.55713698628222 || 2010-11-05 09:31:17 |
| 4894 || -0.094975108498085 || 2015-01-15 03:00:12 |
| 4895 || -5.85458715582675 || 2010-02-14 05:25:54 |
| 4896 || 84.4867372849021 || 2013-03-09 10:21:34 |
| 4897 || -18.7157282051324 || 2019-02-24 07:07:43 |
| 4898 || 2.2433343987117 || 2019-05-26 21:14:19 |
| 4899 || 3.46120073294419 || 2017-10-16 04:44:49 |
| 4900 || -15.6015394363734 || 2015-01-15 23:47:53 |
| 4901 || 67.1034530287635 || 2019-01-08 14:04:50 |
| 4902 || -10.6367489440488 || 2019-03-07 19:12:09 |
| 4903 || 13.3662247868051 || 2013-09-25 11:28:52 |
| 4904 || -0.551757266669491 || 2012-10-01 06:12:58 |
| 4905 || -4.23519792177604 || 2019-12-04 23:08:05 |
| 4906 || 8.18110421994884 || 2015-02-03 06:37:58 |
| 4907 || 67.5729062199507 || 2011-11-12 21:56:18 |
| 4908 || 1.82714887026284 || 2012-05-20 11:49:57 |
| 4909 || 0.593386597864817 || 2014-06-11 15:17:58 |
| 4910 || 24.5332283291325 || 2015-06-08 12:35:22 |
| 4911 || 30.5850731350404 || 2016-12-15 09:47:34 |
| 4912 || -13.6902632268799 || 2019-12-05 20:49:08 |
| 4913 || -5.81222380443664 || 2016-02-09 05:28:59 |
| 4914 || 0.0157498638273728 || 2012-12-06 03:34:33 |
| 4915 || 8.13139645303978 || 2011-05-02 12:21:36 |
| 4916 || 20.2695410568123 || 2014-09-25 10:15:52 |
| 4917 || 82.1014116788058 || 2017-12-05 15:23:05 |
| 4918 || -3.25721595201307 || 2013-03-15 17:30:40 |
| 4919 || 0.0250802676662983 || 2014-04-12 01:46:32 |
| 4920 || 1.85783722650508 || 2018-09-13 02:10:45 |
| 4921 || 61.0511057841181 || 2014-03-05 22:51:16 |
| 4922 || -24.9550722658158 || 2011-06-23 21:26:29 |
| 4923 || 1.06267507175577 || 2016-05-23 03:14:19 |
| 4924 || 0.0922707583285876 || 2019-06-17 08:33:46 |
| 4925 || 13.9170824074499 || 2012-08-11 06:42:21 |
| 4926 || -14.9463188756058 || 2011-02-02 15:20:15 |
| 4927 || 82.9014195986735 || 2019-12-08 12:00:51 |
| 4928 || 43.959664271718 || 2018-10-21 19:25:26 |
| 4929 || -0.285712170189638 || 2015-03-15 11:36:55 |
| 4930 || -2.93345326208515 || 2013-11-24 15:45:23 |
| 4931 || -21.4494548345083 || 2012-07-25 03:36:43 |
| 4932 || -29.5802677350722 || 2015-04-11 18:23:18 |
| 4933 || -7.22369787586334 || 2015-07-10 02:14:01 |
| 4934 || 4.28997754181254 || 2014-07-24 15:56:49 |
| 4935 || -2.02899147679859 || 2013-06-07 14:20:56 |
| 4936 || -11.5844801133554 || 2015-03-26 14:32:24 |
| 4937 || 52.8388427834902 || 2011-01-24 03:33:06 |
| 4938 || -18.3179002427649 || 2013-12-03 23:56:22 |
| 4939 || 5.721612096188 || 2010-07-07 18:31:42 |
| 4940 || 6.55423325850468 || 2018-05-06 08:11:37 |
| 4941 || 6.72191196308955 || 2017-10-17 08:19:36 |
| 4942 || -15.8591803578858 || 2012-09-18 21:07:53 |
| 4943 || -19.9083239270616 || 2018-09-14 01:39:45 |
| 4944 || 3.33685790736245 || 2013-04-14 20:40:01 |
| 4945 || 6.22251679526396 || 2012-04-18 14:27:12 |
| 4946 || -2.45609136472428 || 2017-06-16 21:58:52 |
| 4947 || -27.2783741426948 || 2014-05-13 14:37:44 |
| 4948 || -3.26867925747338 || 2013-12-08 13:56:36 |
| 4949 || 2.68723829435629 || 2014-01-19 05:23:26 |
| 4950 || 2.10678019045342 || 2014-07-15 19:59:31 |
| 4951 || -13.441257357019 || 2010-01-15 13:30:44 |
| 4952 || 54.482117339004 || 2012-04-23 15:12:07 |
| 4953 || 69.5305340666514 || 2015-02-24 15:37:43 |
| 4954 || -4.24813910628952 || 2015-10-25 05:33:23 |
| 4955 || -0.102728767206354 || 2012-09-09 16:41:04 |
| 4956 || 16.8196924420636 || 2017-10-12 08:20:23 |
| 4957 || 32.0207653975359 || 2012-03-27 18:28:16 |
| 4958 || -24.0311989445274 || 2013-09-16 00:42:37 |
| 4959 || 6.00373830450967 || 2017-09-19 21:09:40 |
| 4960 || -0.238473699449454 || 2016-08-01 20:15:36 |
| 4961 || 37.8941813169149 || 2017-12-01 13:19:50 |
| 4962 || -0.334157824060132 || 2018-10-15 17:20:27 |
| 4963 || 74.5627796168458 || 2010-01-27 10:00:47 |
| 4964 || 24.9193213974041 || 2017-11-27 02:28:31 |
| 4965 || -0.0251056989213669 || 2013-04-21 15:12:32 |
| 4966 || 31.0742011485094 || 2018-02-09 09:13:39 |
| 4967 || 11.5597176059377 || 2016-02-24 05:14:53 |
| 4968 || -18.1121927525008 || 2018-06-12 10:42:42 |
| 4969 || -10.7509830504399 || 2018-12-01 17:30:49 |
| 4970 || 0.067672856929347 || 2014-09-01 14:13:23 |
| 4971 || 25.1724705023133 || 2015-01-16 02:42:10 |
| 4972 || 69.7677909109435 || 2019-10-05 21:30:33 |
| 4973 || 8.09338741730087 || 2012-04-25 19:37:58 |
| 4974 || 31.6669930188199 || 2017-11-11 08:23:10 |
| 4975 || -0.182701489962068 || 2016-12-16 15:35:23 |
| 4976 || 21.851317231261 || 2019-11-04 18:59:29 |
| 4977 || 72.1048426268183 || 2018-06-17 21:47:06 |
| 4978 || -20.8440215171956 || 2015-01-02 06:22:58 |
| 4979 || -10.1505286380966 || 2013-03-26 13:09:57 |
| 4980 || 1.8459273769671 || 2017-01-11 17:17:24 |
| 4981 || 8.003936703046 || 2013-07-24 05:56:36 |
| 4982 || 9.86949399243652 || 2017-07-05 15:42:46 |
| 4983 || -22.7985715770599 || 2011-07-24 06:00:51 |
| 4984 || 12.2045396493174 || 2012-04-03 05:49:46 |
| 4985 || -1.2198127097941 || 2012-04-12 23:41:48 |
| 4986 || 13.6722004295361 || 2018-05-04 07:06:30 |
| 4987 || 27.5253091938698 || 2016-03-27 07:19:38 |
| 4988 || 31.5423926917884 || 2019-04-05 02:50:22 |
| 4989 || 20.4581493867098 || 2019-01-15 05:52:37 |
| 4990 || 0.30590090759874 || 2013-11-27 04:16:45 |
| 4991 || 6.46337942162204 || 2019-11-16 18:01:08 |
| 4992 || 20.806234244574 || 2018-11-14 16:38:39 |
| 4993 || 2.94799169202146 || 2016-10-06 11:02:27 |
| 4994 || 40.4489625216137 || 2017-08-06 12:28:10 |
| 4995 || -3.03123986990209 || 2014-11-01 06:02:38 |
| 4996 || -2.343668009428 || 2014-09-10 00:53:16 |
| 4997 || -17.802937774346 || 2011-02-16 05:05:46 |
| 4998 || -18.9501693853772 || 2018-09-22 07:00:19 |
| 4999 || 64.0863005129627 || 2016-01-19 23:02:37 |
| 5000 || 0.460748995006341 || 2014-04-18 05:42:06 |
| 5001 || 2.78254576035785 || 2018-01-07 18:09:24 |
| 5002 || -1.7395479119594 || 2014-05-25 03:32:17 |
| 5003 || -12.8260501253081 || 2010-11-10 04:39:44 |
| 5004 || -11.5866696177886 || 2011-04-14 03:46:45 |
| 5005 || 13.080399931299 || 2018-08-09 21:37:18 |
| 5006 || 0.394806551864066 || 2018-09-18 23:26:56 |
| 5007 || 12.0324486106681 || 2012-11-20 17:13:11 |
| 5008 || -9.8244084599317 || 2012-11-26 00:19:15 |
| 5009 || -3.97594956812411 || 2011-02-26 03:39:05 |
| 5010 || 4.55367344751896 || 2016-03-07 08:56:12 |
| 5011 || 0.273471576503686 || 2012-10-27 08:59:51 |
| 5012 || 0.95677905055565 || 2012-01-08 06:39:31 |
| 5013 || 55.1775474917986 || 2011-05-10 13:32:33 |
| 5014 || -24.6857364257331 || 2014-10-03 09:44:45 |
| 5015 || 10.0452071207412 || 2014-04-14 02:43:54 |
| 5016 || -0.0581458526992636 || 2011-09-15 21:39:53 |
| 5017 || 32.1172828807808 || 2015-04-17 13:39:19 |
| 5018 || 19.6571540834811 || 2012-06-08 16:58:02 |
| 5019 || -22.2127198239932 || 2012-03-20 14:01:46 |
| 5020 || -9.67778498261375 || 2012-10-17 14:21:42 |
| 5021 || -0.00611690757291887 || 2016-06-19 06:16:34 |
| 5022 || 23.9124870196513 || 2013-07-23 00:34:12 |
| 5023 || 67.1451015510727 || 2019-09-01 19:37:16 |
| 5024 || -21.1511331619429 || 2010-02-25 06:36:02 |
| 5025 || 14.2858838412183 || 2014-11-17 17:43:11 |
| 5026 || -0.161736645863344 || 2019-10-05 17:46:12 |
| 5027 || -6.18464742250191 || 2015-12-15 00:56:13 |
| 5028 || -14.5418075608987 || 2010-08-06 22:03:27 |
| 5029 || 80.5273846332589 || 2018-02-21 17:35:44 |
| 5030 || 8.70330608553288 || 2018-01-06 21:26:06 |
| 5031 || 0.263135905697462 || 2018-04-13 06:51:39 |
| 5032 || 2.65795672943856 || 2017-05-25 07:55:01 |
| 5033 || 4.71692737389656 || 2011-08-11 05:41:15 |
| 5034 || 34.3552476846874 || 2015-05-23 06:17:59 |
| 5035 || -13.8846737540376 || 2017-10-24 05:58:12 |
| 5036 || 3.32194362319897 || 2010-08-07 18:51:29 |
| 5037 || 13.2331450745796 || 2017-02-16 05:33:01 |
| 5038 || 36.1492802513688 || 2012-11-13 20:10:40 |
| 5039 || 41.0744270770318 || 2013-07-01 05:23:42 |
| 5040 || 11.5373539120272 || 2017-11-06 20:47:03 |
| 5041 || -1.18671926040868 || 2018-07-23 10:51:28 |
| 5042 || 7.77589268297428 || 2015-10-19 16:59:45 |
| 5043 || 26.6332533375971 || 2019-10-01 18:28:28 |
| 5044 || 20.6390992020565 || 2015-09-22 13:53:52 |
| 5045 || -18.3792128815343 || 2019-06-20 17:30:29 |
| 5046 || 3.15765698630198 || 2011-11-09 07:23:48 |
| 5047 || -1.41797161399472 || 2018-06-08 10:49:26 |
| 5048 || 42.5074569849955 || 2013-10-07 02:30:09 |
| 5049 || 89.1432448706946 || 2014-02-27 03:30:13 |
| 5050 || 63.0767646517346 || 2019-12-20 09:42:22 |
| 5051 || 4.01415707699857 || 2015-12-10 03:05:24 |
| 5052 || 4.82841758947594 || 2010-11-26 01:44:54 |
| 5053 || -7.64034395961827 || 2019-02-16 18:40:23 |
| 5054 || 14.137597343589 || 2014-10-24 13:13:08 |
| 5055 || -16.8638944121681 || 2012-06-09 17:08:10 |
| 5056 || 14.7524141067664 || 2019-09-23 04:07:04 |
| 5057 || 2.77581803598987 || 2019-09-21 23:50:43 |
| 5058 || -8.38111583633564 || 2013-01-16 10:53:21 |
| 5059 || 2.06885290168601 || 2014-06-08 02:11:08 |
| 5060 || 65.0293216017861 || 2017-10-11 09:21:06 |
| 5061 || 2.83465443949545 || 2014-01-23 18:20:19 |
| 5062 || 0.701698003647375 || 2013-01-10 20:37:18 |
| 5063 || 32.9330281754603 || 2011-10-22 02:10:43 |
| 5064 || 66.4368618823071 || 2017-06-19 12:25:36 |
| 5065 || -4.9308335207428 || 2016-02-04 13:43:04 |
| 5066 || 1.34733392219838 || 2014-08-24 03:48:20 |
| 5067 || 0.0467392356187017 || 2019-09-02 00:55:41 |
| 5068 || -11.5765383557322 || 2011-08-15 22:00:00 |
| 5069 || 39.0713026689798 || 2017-11-05 06:50:09 |
| 5070 || -26.5799700828715 || 2017-03-11 19:01:15 |
| 5071 || 28.7960907084865 || 2018-02-18 18:06:43 |
| 5072 || 0.0018679661631356 || 2012-09-13 08:44:43 |
| 5073 || -9.16209133076804 || 2015-09-10 00:51:05 |
| 5074 || -26.5336462489362 || 2013-10-24 17:56:36 |
| 5075 || 24.3723400138624 || 2019-10-20 03:44:44 |
| 5076 || 1.15510122077617 || 2019-10-06 06:21:26 |
| 5077 || 0.344093192092058 || 2011-05-06 07:14:33 |
| 5078 || -2.54193071474089 || 2017-08-25 20:19:50 |
| 5079 || 47.8224215937935 || 2019-02-19 09:51:23 |
| 5080 || 24.296873486066 || 2010-09-13 14:30:40 |
| 5081 || 14.1501375748676 || 2010-03-25 08:39:00 |
| 5082 || 0.82004941402308 || 2018-04-17 07:11:22 |
| 5083 || 19.671213261602 || 2010-09-16 05:50:51 |
| 5084 || 24.3227566485662 || 2013-08-04 04:42:52 |
| 5085 || 46.165697141665 || 2018-08-22 20:21:31 |
| 5086 || 16.8070465319745 || 2013-07-03 14:50:49 |
| 5087 || 1.22037263454762 || 2011-11-04 11:12:14 |
| 5088 || 6.1047728555929 || 2011-04-16 23:27:51 |
| 5089 || -21.199652978534 || 2017-03-08 05:49:27 |
| 5090 || -20.6500844736502 || 2016-07-17 08:26:03 |
| 5091 || 47.9095941615065 || 2012-11-27 07:50:36 |
| 5092 || 3.32050702256042 || 2016-12-07 06:13:44 |
| 5093 || 11.0086150790209 || 2019-10-13 03:50:06 |
| 5094 || -16.8310676660441 || 2014-10-13 19:02:08 |
| 5095 || -28.9812616230308 || 2013-06-19 06:47:24 |
| 5096 || 10.7588328820091 || 2016-11-09 17:03:25 |
| 5097 || -0.0531405961209426 || 2015-07-06 17:55:38 |
| 5098 || 7.59835595888617 || 2012-08-24 04:41:26 |
| 5099 || 56.8082500034418 || 2019-03-15 09:10:59 |
| 5100 || 38.7461589052113 || 2016-07-03 00:32:06 |
| 5101 || -20.307132070393 || 2013-11-22 18:01:19 |
| 5102 || -1.41630647993969 || 2019-03-19 02:13:29 |
| 5103 || 5.45468579757718 || 2018-11-27 20:49:26 |
| 5104 || 43.5642370937681 || 2016-01-10 23:42:52 |
| 5105 || 29.86307004243 || 2011-06-10 20:41:59 |
| 5106 || 27.6444967835355 || 2016-04-02 11:28:16 |
| 5107 || 6.72889718995335 || 2013-05-04 22:47:52 |
| 5108 || 2.97995489684626 || 2019-10-21 16:24:33 |
| 5109 || 13.0308925618382 || 2013-03-13 19:06:47 |
| 5110 || -27.6096565692983 || 2019-01-14 03:27:41 |
| 5111 || 21.8984912728434 || 2019-05-04 10:50:50 |
| 5112 || 0.336128163220556 || 2014-12-15 10:16:34 |
| 5113 || 0.867107070507777 || 2017-03-15 15:36:59 |
| 5114 || 41.2537390679226 || 2014-09-26 12:24:10 |
| 5115 || 78.6280519867061 || 2015-12-18 09:33:55 |
| 5116 || 22.9802057149371 || 2013-04-23 03:21:17 |
| 5117 || -8.03934686289016 || 2014-04-06 05:20:09 |
| 5118 || 0.380334425698147 || 2015-10-04 08:48:34 |
| 5119 || 14.7609782898309 || 2018-04-27 10:49:54 |
| 5120 || 12.7508281512374 || 2016-05-09 20:36:12 |
| 5121 || 25.389379155071 || 2012-04-08 10:34:22 |
| 5122 || -4.43696331173405 || 2010-04-02 04:03:52 |
| 5123 || 0.00420832903235889 || 2019-11-21 18:02:03 |
| 5124 || -9.79983501413861 || 2017-09-18 17:26:00 |
| 5125 || -19.3943245040127 || 2017-01-12 17:03:01 |
| 5126 || -27.617671864837 || 2012-07-21 12:11:04 |
| 5127 || -2.07914015539505 || 2016-07-10 18:15:56 |
| 5128 || 0.165950980199281 || 2014-06-21 18:07:50 |
| 5129 || 15.1523600903185 || 2013-12-05 18:22:19 |
| 5130 || 69.6204602806168 || 2012-06-14 06:28:11 |
| 5131 || 56.4127154170433 || 2015-07-08 03:59:37 |
| 5132 || -8.93636157518604 || 2017-09-03 08:12:38 |
| 5133 || 0.708561956224342 || 2011-11-15 00:26:45 |
| 5134 || -4.88274711753366 || 2015-10-06 15:26:43 |
| 5135 || -23.7684860828184 || 2013-11-17 21:21:56 |
| 5136 || -6.87026532355354 || 2018-11-25 04:57:36 |
| 5137 || 17.527730284391 || 2012-02-18 17:34:29 |
| 5138 || -0.840983999837574 || 2019-09-26 18:40:12 |
| 5139 || -5.40069094147965 || 2016-12-23 17:47:11 |
| 5140 || 61.5561759551748 || 2011-01-12 00:04:01 |
| 5141 || -13.7185805575607 || 2012-08-23 23:08:28 |
| 5142 || -4.62340520869018 || 2010-03-18 19:16:51 |
| 5143 || 1.86860282690761 || 2010-08-06 06:45:00 |
| 5144 || -3.7472045059109 || 2013-12-11 01:02:08 |
| 5145 || 63.5031980310549 || 2014-03-06 05:49:36 |
| 5146 || 78.1526001429229 || 2017-11-13 03:46:41 |
| 5147 || -1.14023427214953 || 2012-02-21 23:51:45 |
| 5148 || -1.19542334596757 || 2012-02-09 11:40:34 |
| 5149 || 6.67429445839505 || 2017-11-20 06:06:19 |
| 5150 || -9.46185304684892 || 2018-12-15 22:26:13 |
| 5151 || -14.3607151617327 || 2012-02-27 09:03:12 |
| 5152 || -20.4721323862964 || 2012-02-22 22:30:29 |
| 5153 || 2.37038922645615 || 2010-07-27 05:14:52 |
| 5154 || 1.89572464923535 || 2015-02-03 19:18:50 |
| 5155 || 29.26250408181 || 2015-10-11 02:27:23 |
| 5156 || 5.58102716530923 || 2011-05-03 07:36:19 |
| 5157 || 59.9456049419006 || 2014-01-02 15:35:43 |
| 5158 || 14.0320811325235 || 2018-09-08 05:25:33 |
| 5159 || 2.20334732661743 || 2016-09-15 19:25:11 |
| 5160 || -0.217811819385 || 2010-07-20 00:59:57 |
| 5161 || 88.2433055317719 || 2016-10-09 22:09:23 |
| 5162 || -1.79554871325292 || 2011-07-12 23:07:57 |
| 5163 || 18.6958307512482 || 2012-09-25 21:10:07 |
| 5164 || 1.70297923084527 || 2011-09-11 17:25:12 |
| 5165 || -11.0772996653053 || 2013-03-02 20:34:44 |
| 5166 || -27.967329964286 || 2010-01-14 21:58:34 |
| 5167 || 39.2127092064056 || 2014-05-19 16:29:42 |
| 5168 || 17.9093829843855 || 2015-07-04 16:15:10 |
| 5169 || -0.176044290590357 || 2011-07-18 19:05:39 |
| 5170 || 22.1990914818579 || 2015-04-20 09:17:05 |
| 5171 || 11.2889848587164 || 2012-03-25 14:28:32 |
| 5172 || 61.9342338253733 || 2011-06-19 08:45:55 |
| 5173 || -6.89516186812907 || 2013-02-19 13:06:51 |
| 5174 || 0.027714712940209 || 2013-05-17 15:56:33 |
| 5175 || -7.5922526825885 || 2013-10-05 06:55:38 |
| 5176 || 7.80279540317313 || 2010-04-04 22:40:15 |
| 5177 || 18.4424519883172 || 2016-04-04 01:49:09 |
| 5178 || 22.3871128442035 || 2018-12-03 13:08:06 |
| 5179 || 0.152728536230012 || 2012-08-18 22:02:49 |
| 5180 || 22.6794609347764 || 2018-05-15 05:11:44 |
| 5181 || 32.3328043892191 || 2019-10-20 19:28:20 |
| 5182 || 14.2863389228881 || 2010-10-15 12:42:40 |
| 5183 || 15.8008165259645 || 2018-06-27 05:38:18 |
| 5184 || 0.618465642060381 || 2017-09-26 23:22:25 |
| 5185 || -6.00674307924481 || 2014-07-17 06:48:53 |
| 5186 || -24.5228417544302 || 2014-05-18 00:19:18 |
| 5187 || 51.7177435653568 || 2015-01-10 12:01:34 |
| 5188 || 40.422478193262 || 2012-06-03 06:20:22 |
| 5189 || -0.43872184939321 || 2010-06-06 15:04:50 |
| 5190 || -5.26451443976155 || 2018-02-20 04:37:17 |
| 5191 || 64.9148315077316 || 2011-03-16 15:22:12 |
| 5192 || -7.53245167804602 || 2017-03-08 12:14:33 |
| 5193 || 32.5087189209913 || 2014-12-09 13:52:40 |
| 5194 || -1.17220362476001 || 2018-11-07 00:09:30 |
| 5195 || -4.31465609999948 || 2016-07-17 13:13:56 |
| 5196 || -15.2802736654236 || 2017-10-06 22:53:00 |
| 5197 || 75.8765513458952 || 2017-01-25 01:57:26 |
| 5198 || 31.4804540201247 || 2017-03-26 08:04:50 |
| 5199 || 2.76586972768509 || 2016-11-12 07:06:33 |
| 5200 || 7.90702350191853 || 2015-07-02 23:34:16 |
| 5201 || 53.5395741149543 || 2013-04-08 05:07:35 |
| 5202 || 26.4164683251849 || 2011-01-17 10:46:34 |
| 5203 || 0.802014050834754 || 2018-11-02 03:28:19 |
| 5204 || 9.01621815369198 || 2012-07-25 13:22:23 |
| 5205 || -1.08752639151129 || 2016-02-13 18:09:18 |
| 5206 || 42.4690645342822 || 2012-10-08 22:58:30 |
| 5207 || -3.18379012190363 || 2018-08-21 17:18:50 |
| 5208 || 62.4038127148046 || 2012-10-11 13:06:28 |
| 5209 || 13.2306698354427 || 2013-10-20 14:57:01 |
| 5210 || -0.509550920576395 || 2010-07-08 06:32:58 |
| 5211 || 48.7696108989683 || 2017-09-17 17:09:13 |
| 5212 || 49.1192720598447 || 2012-11-02 19:12:06 |
| 5213 || 41.2650335734261 || 2013-01-01 22:04:01 |
| 5214 || -6.02131183641702 || 2019-06-06 08:04:45 |
| 5215 || 0.462726860838088 || 2014-11-15 20:46:27 |
| 5216 || -12.2785825912752 || 2012-11-04 11:52:23 |
| 5217 || 10.9133794488912 || 2017-07-20 20:57:45 |
| 5218 || -14.8899909923883 || 2014-08-01 02:17:51 |
| 5219 || -5.65842168398199 || 2013-03-26 21:09:33 |
| 5220 || -0.105581612471981 || 2010-10-26 17:00:44 |
| 5221 || 37.7893704222863 || 2015-10-26 10:36:28 |
| 5222 || -20.1253601757957 || 2015-06-01 15:57:58 |
| 5223 || 13.436978819873 || 2019-04-11 08:30:01 |
| 5224 || -6.00277525648043 || 2018-04-18 16:44:53 |
| 5225 || -0.0136773830608542 || 2019-11-09 16:44:14 |
| 5226 || 13.5802267952818 || 2017-05-11 00:47:51 |
| 5227 || 46.7809385796023 || 2018-05-09 04:03:31 |
| 5228 || 32.4024640037733 || 2014-06-20 11:20:20 |
| 5229 || 26.1979148148332 || 2011-10-27 23:43:46 |
| 5230 || 0.063744127635424 || 2014-08-12 19:49:22 |
| 5231 || 20.5358173392296 || 2013-10-04 01:02:18 |
| 5232 || 64.6809590085544 || 2018-08-18 14:41:26 |
| 5233 || -22.6588723462202 || 2018-04-11 12:25:06 |
| 5234 || 3.30622338405546 || 2012-10-09 16:55:17 |
| 5235 || 0.746891692914069 || 2010-07-08 19:00:55 |
| 5236 || 21.5743934462606 || 2013-11-05 09:47:30 |
| 5237 || -8.87980466105092 || 2016-12-05 08:39:20 |
| 5238 || -27.7461330126269 || 2017-04-06 05:26:26 |
| 5239 || -13.2038827775956 || 2011-10-18 14:52:48 |
| 5240 || -0.406888185275914 || 2013-07-18 22:57:26 |
| 5241 || 9.16726391052305 || 2013-04-07 14:10:32 |
| 5242 || 9.22316003304034 || 2015-06-19 11:54:13 |
| 5243 || -0.550083880736985 || 2015-12-15 19:31:26 |
| 5244 || 22.0991642115123 || 2016-08-25 21:31:00 |
| 5245 || 3.88277391332006 || 2014-03-16 18:13:54 |
| 5246 || 4.98823976357778 || 2017-04-21 13:09:43 |
| 5247 || 24.0108197634434 || 2014-02-26 19:46:18 |
| 5248 || -15.726966035103 || 2012-07-26 00:18:10 |
| 5249 || -17.3549567569638 || 2011-08-20 02:44:49 |
| 5250 || 5.58188005901015 || 2011-05-10 12:21:12 |
| 5251 || -2.77251703112338 || 2019-01-23 22:49:08 |
| 5252 || 52.7398207213781 || 2019-07-10 07:29:10 |
| 5253 || 50.9496093440901 || 2019-10-07 00:55:12 |
| 5254 || -19.8032008203816 || 2019-04-17 04:23:09 |
| 5255 || 9.18476349882067 || 2011-04-14 19:46:30 |
| 5256 || 0.393805068935419 || 2014-10-23 23:35:31 |
| 5257 || -18.1781219767098 || 2015-12-17 14:18:19 |
| 5258 || -27.4687357376387 || 2018-03-05 02:15:41 |
| 5259 || -2.49545291914686 || 2015-06-21 00:49:57 |
| 5260 || 12.5795023701484 || 2010-07-06 02:44:51 |
| 5261 || 4.2106873405789 || 2018-01-03 11:45:30 |
| 5262 || 0.628854250984047 || 2014-12-24 12:50:16 |
| 5263 || -29.4198412067863 || 2015-01-24 20:09:35 |
| 5264 || 54.448264325633 || 2015-02-11 12:11:29 |
| 5265 || 10.7064376095035 || 2016-07-24 20:07:37 |
| 5266 || -0.276758211715915 || 2015-02-23 02:34:52 |
| 5267 || -14.3148167875578 || 2016-03-26 12:02:15 |
| 5268 || -27.6784800112577 || 2018-06-16 21:40:09 |
| 5269 || 46.298784490882 || 2014-05-24 07:43:51 |
| 5270 || -1.26494702505413 || 2014-06-24 13:33:03 |
| 5271 || -0.257360944484651 || 2012-05-10 20:01:45 |
| 5272 || 37.7613030498026 || 2016-05-12 01:56:51 |
| 5273 || 57.6222490787006 || 2012-02-20 23:34:46 |
| 5274 || -19.0108805658 || 2019-01-06 17:09:52 |
| 5275 || 18.4298717878628 || 2019-12-11 13:33:33 |
| 5276 || 0.121424362391475 || 2015-02-02 18:57:34 |
| 5277 || -10.7841385305174 || 2015-08-03 19:40:30 |
| 5278 || -15.9238959618863 || 2013-12-11 21:47:57 |
| 5279 || 67.6515582782216 || 2011-03-10 01:28:13 |
| 5280 || 31.4530087105106 || 2011-06-24 00:21:41 |
| 5281 || 0.0123502148739529 || 2011-02-12 08:06:03 |
| 5282 || -4.47518874808566 || 2016-08-27 11:11:36 |
| 5283 || 51.5149986188689 || 2012-12-03 06:13:14 |
| 5284 || -5.85696288682717 || 2011-03-27 21:51:13 |
| 5285 || -12.0560094466904 || 2012-05-08 01:29:22 |
| 5286 || 0.246579745241246 || 2013-03-11 17:24:51 |
| 5287 || 11.1302098818533 || 2016-03-01 10:44:01 |
| 5288 || 64.0931799066756 || 2017-06-05 17:31:34 |
| 5289 || 73.711779134143 || 2019-08-23 18:55:50 |
| 5290 || 7.75594666142247 || 2011-07-25 08:13:38 |
| 5291 || -0.285217792189024 || 2015-12-01 00:40:41 |
| 5292 || 12.454811009464 || 2015-03-19 04:06:54 |
| 5293 || 20.1028539880023 || 2013-05-22 03:43:33 |
| 5294 || 78.6212752630811 || 2019-09-18 03:00:40 |
| 5295 || 28.5714592331834 || 2019-02-14 17:05:10 |
| 5296 || 3.53243807230144 || 2016-06-07 14:34:58 |
| 5297 || 13.3715098885456 || 2019-10-04 11:24:51 |
| 5298 || 23.1522786866091 || 2016-06-24 00:07:23 |
| 5299 || -16.9471880269901 || 2014-11-14 16:48:57 |
| 5300 || 26.1312666936191 || 2013-06-09 10:43:15 |
| 5301 || 5.84087526356576 || 2018-09-26 07:24:09 |
| 5302 || 9.14275805537249 || 2015-11-14 06:17:47 |
| 5303 || -19.9848733824757 || 2012-12-21 10:09:54 |
| 5304 || 86.4545812091422 || 2011-07-27 04:02:28 |
| 5305 || 53.4133812801986 || 2011-07-07 08:01:24 |
| 5306 || 2.7207538096099 || 2011-03-22 06:49:10 |
| 5307 || 4.65709301678324 || 2013-09-26 18:20:37 |
| 5308 || -4.68311848176193 || 2013-03-21 03:20:18 |
| 5309 || 2.49778590690119 || 2015-06-15 22:08:59 |
| 5310 || 17.6754222008502 || 2010-12-18 20:25:20 |
| 5311 || -0.531626602903613 || 2011-09-04 01:45:43 |
| 5312 || -0.150825428683166 || 2019-07-26 04:39:38 |
| 5313 || 21.8813924362911 || 2018-08-12 11:56:54 |
| 5314 || 88.1304776593451 || 2010-09-19 18:53:47 |
| 5315 || 3.54557599897954 || 2010-08-15 18:12:43 |
| 5316 || 15.6218594420376 || 2017-04-02 01:12:06 |
| 5317 || 2.51439147604253 || 2019-01-08 09:48:49 |
| 5318 || 42.816773052434 || 2016-08-25 01:44:03 |
| 5319 || 54.0696845232129 || 2018-03-03 19:27:54 |
| 5320 || 66.989220605722 || 2014-11-12 05:12:15 |
| 5321 || -2.70665468058931 || 2018-06-08 01:53:43 |
| 5322 || 0.996825755776201 || 2018-05-24 18:20:33 |
| 5323 || -13.2063233409187 || 2016-02-04 02:05:11 |
| 5324 || -19.4205683022641 || 2015-08-12 01:56:24 |
| 5325 || 70.4150269000329 || 2017-01-17 11:02:44 |
| 5326 || 2.31115992159734 || 2014-07-12 18:32:38 |
| 5327 || -0.0182263173249611 || 2014-05-23 08:34:42 |
| 5328 || 14.2226252356052 || 2012-10-23 23:18:08 |
| 5329 || -26.5689424494582 || 2014-06-18 23:44:06 |
| 5330 || 43.9329287942433 || 2018-04-06 14:41:25 |
| 5331 || 26.2569245451971 || 2017-09-08 15:14:15 |
| 5332 || 0.00563097617929674 || 2014-05-19 18:13:53 |
| 5333 || -7.34788343546838 || 2014-08-06 14:55:55 |
| 5334 || 9.48137526262384 || 2014-01-20 03:15:33 |
| 5335 || -7.18548113869871 || 2018-07-10 09:23:22 |
| 5336 || 22.7358982485001 || 2016-09-22 20:54:21 |
| 5337 || -0.140097096338534 || 2012-10-03 03:40:01 |
| 5338 || 16.7213315109929 || 2017-01-04 06:18:08 |
| 5339 || 12.9453166642572 || 2017-12-06 12:49:29 |
| 5340 || -12.865355827903 || 2019-08-27 02:54:50 |
| 5341 || 6.21770293060434 || 2012-12-27 07:04:21 |
| 5342 || 0.569978788799325 || 2014-10-01 10:50:52 |
| 5343 || 12.8650465759496 || 2016-10-23 05:40:47 |
| 5344 || 49.6773357339284 || 2015-09-19 00:40:07 |
| 5345 || 27.9093429356552 || 2017-12-08 16:26:25 |
| 5346 || -15.5729624925529 || 2012-09-02 22:48:14 |
| 5347 || -0.675397082769918 || 2015-05-19 10:02:55 |
| 5348 || 13.4424758917347 || 2017-06-25 22:16:01 |
| 5349 || -21.2449424290095 || 2015-07-03 01:26:16 |
| 5350 || 43.5625898120684 || 2017-05-05 15:04:58 |
| 5351 || 28.7492025320881 || 2015-08-20 14:08:08 |
| 5352 || 5.37158200035529 || 2014-05-24 07:02:33 |
| 5353 || 7.88906826775224 || 2018-08-24 16:44:07 |
| 5354 || 58.8351386588044 || 2011-03-02 03:23:36 |
| 5355 || -3.46522375439716 || 2010-07-25 11:06:00 |
| 5356 || -7.5782525974852 || 2014-11-08 09:19:36 |
| 5357 || 8.381903921254 || 2015-03-04 05:36:57 |
| 5358 || 6.67347723167117 || 2011-02-23 20:52:10 |
| 5359 || 30.1942543759479 || 2013-11-20 02:54:14 |
| 5360 || -26.4092440922545 || 2017-06-05 11:21:19 |
| 5361 || -20.8210638988409 || 2017-09-11 05:07:40 |
| 5362 || 1.177567307113 || 2012-02-04 05:58:16 |
| 5363 || 4.19589904100982 || 2016-07-10 00:31:23 |
| 5364 || -15.3642873346234 || 2014-10-11 06:28:31 |
| 5365 || 33.0705182708631 || 2019-05-16 21:09:36 |
| 5366 || 60.5952556759128 || 2014-04-19 08:40:50 |
| 5367 || 15.025191173879 || 2017-09-01 03:27:56 |
| 5368 || -0.471823720520489 || 2014-10-07 07:28:34 |
| 5369 || 45.6495097238219 || 2012-01-24 20:49:33 |
| 5370 || 46.8009418838898 || 2015-11-25 01:23:09 |
| 5371 || 4.69311117173211 || 2012-06-11 07:07:02 |
| 5372 || 17.7118584612207 || 2010-07-10 00:33:14 |
| 5373 || 1.37647736283456 || 2010-10-01 11:59:19 |
| 5374 || -13.514186753242 || 2015-06-14 13:11:33 |
| 5375 || -2.41965509010712 || 2014-11-02 14:46:50 |
| 5376 || -24.8428033305313 || 2011-02-07 05:02:42 |
| 5377 || -8.25471550813678 || 2010-12-03 05:19:44 |
| 5378 || -0.0398059737572455 || 2018-11-11 23:53:33 |
| 5379 || -9.93830481604056 || 2019-11-13 16:54:42 |
| 5380 || -15.1351941684392 || 2012-02-22 20:51:02 |
| 5381 || 10.2567361524185 || 2015-10-05 12:23:48 |
| 5382 || -9.61467366047052 || 2017-08-14 23:36:46 |
| 5383 || 7.9559187706905e-05 || 2015-11-20 23:17:04 |
| 5384 || 24.4755980520324 || 2010-05-03 02:01:20 |
| 5385 || 35.5543888155353 || 2012-12-06 22:23:41 |
| 5386 || 69.0955857963802 || 2019-07-23 17:30:51 |
| 5387 || -11.5115733656568 || 2011-01-03 15:08:35 |
| 5388 || 0.04013065531838 || 2014-01-27 16:34:13 |
| 5389 || 6.40000268311523 || 2016-04-23 06:32:42 |
| 5390 || 61.6144221103304 || 2011-03-05 07:26:01 |
| 5391 || -21.316223580192 || 2016-03-14 10:33:35 |
| 5392 || 11.9294934366109 || 2011-10-14 17:00:41 |
| 5393 || 0.983800168182925 || 2011-03-01 13:03:32 |
| 5394 || 17.1712798055425 || 2012-04-27 21:43:40 |
| 5395 || 52.7061656609672 || 2017-10-23 01:47:27 |
| 5396 || -18.6409712441403 || 2012-09-17 03:50:47 |
| 5397 || 2.82685701088143 || 2010-11-15 01:19:44 |
| 5398 || -0.620552555423758 || 2014-08-20 02:39:45 |
| 5399 || -2.23509462372576 || 2019-11-05 02:53:48 |
| 5400 || 32.2451745984844 || 2013-05-14 21:35:01 |
| 5401 || -29.6047825026194 || 2018-08-08 23:15:41 |
| 5402 || 20.9236818463614 || 2017-09-16 03:04:42 |
| 5403 || 1.01637614061547 || 2012-08-04 11:45:52 |
| 5404 || 6.10121923282463 || 2015-01-16 12:21:02 |
| 5405 || -2.74018489566294 || 2019-09-15 04:32:42 |
| 5406 || 89.3800189681535 || 2015-11-14 15:46:57 |
| 5407 || 48.1432547252845 || 2012-07-15 02:10:54 |
| 5408 || 2.61749263787141 || 2010-06-20 05:41:43 |
| 5409 || 5.72847648520346 || 2012-03-23 16:16:19 |
| 5410 || 5.81890508508671 || 2013-01-11 04:39:06 |
| 5411 || 89.9509429873398 || 2019-04-26 22:43:22 |
| 5412 || -14.9188899524295 || 2019-09-01 06:23:35 |
| 5413 || -0.322164506731766 || 2010-01-08 14:34:16 |
| 5414 || 5.71969792130837 || 2017-09-26 21:19:26 |
| 5415 || 48.7006299677706 || 2012-07-22 19:57:45 |
| 5416 || 76.4680675048121 || 2017-06-03 03:21:33 |
| 5417 || -15.3950554398359 || 2017-02-20 10:56:50 |
| 5418 || 12.4217177827031 || 2017-01-26 07:17:04 |
| 5419 || -0.840501606555726 || 2012-09-20 16:59:44 |
| 5420 || -15.4791778502587 || 2012-10-12 04:27:51 |
| 5421 || 54.1396536448779 || 2016-12-24 18:06:39 |
| 5422 || 41.5669273426485 || 2016-06-01 18:30:57 |
| 5423 || 8.18381688023945 || 2019-04-08 19:53:54 |
| 5424 || 0.567084874467407 || 2016-04-23 18:00:37 |
| 5425 || 41.977391190263 || 2015-12-03 00:46:58 |
| 5426 || 45.8908415601795 || 2010-04-10 20:22:20 |
| 5427 || 65.5046436070343 || 2017-07-03 17:28:25 |
| 5428 || 9.62225307768405 || 2012-12-09 17:45:26 |
| 5429 || 0.503944150452368 || 2018-03-10 21:43:28 |
| 5430 || -10.1521263931151 || 2010-08-05 23:21:04 |
| 5431 || 82.6801743989286 || 2012-05-17 16:02:23 |
| 5432 || 54.719981530974 || 2019-05-25 15:30:04 |
| 5433 || -9.59926496658152 || 2015-04-15 03:49:22 |
| 5434 || 0.0132376131628435 || 2014-04-15 10:17:28 |
| 5435 || 0.96841943208589 || 2016-03-21 07:26:08 |
| 5436 || 49.7076151955877 || 2012-03-06 21:47:53 |
| 5437 || 14.2013049476252 || 2016-04-15 09:18:14 |
| 5438 || 1.32830430547539 || 2011-03-18 04:41:21 |
| 5439 || 0.0741030075882434 || 2016-07-10 17:55:36 |
| 5440 || -5.32466045516898 || 2018-02-27 17:14:14 |
| 5441 || 32.596962865819 || 2018-02-09 19:45:19 |
| 5442 || 82.2264561654435 || 2010-04-19 02:36:49 |
| 5443 || 32.9801134548325 || 2012-07-06 14:35:41 |
| 5444 || 0.00180695835423279 || 2010-03-16 16:43:05 |
| 5445 || 19.4096852499559 || 2019-10-13 07:23:58 |
| 5446 || 37.0364942040591 || 2014-01-14 17:43:05 |
| 5447 || -27.8964150185077 || 2017-06-21 18:29:39 |
| 5448 || -14.0375728979791 || 2011-12-25 01:17:42 |
| 5449 || -0.649488504828639 || 2018-10-14 19:27:10 |
| 5450 || -1.30645719003944 || 2013-04-15 00:57:02 |
| 5451 || 48.517604822704 || 2011-07-12 19:01:34 |
| 5452 || -27.661238645503 || 2013-04-05 05:22:14 |
| 5453 || -4.15209230612223 || 2011-05-03 00:53:03 |
| 5454 || -0.563768152000209 || 2017-07-11 20:26:53 |
| 5455 || 12.8952687689958 || 2012-01-22 03:34:59 |
| 5456 || -16.5046376606883 || 2019-05-19 09:37:14 |
| 5457 || 8.6758086686661 || 2016-11-13 06:57:16 |
| 5458 || 18.687276502009 || 2017-04-01 21:17:32 |
| 5459 || -1.7010771679236 || 2013-10-18 03:05:33 |
| 5460 || 6.37557171476638 || 2019-12-13 06:41:02 |
| 5461 || 21.0365147382476 || 2016-07-05 11:36:47 |
| 5462 || 53.7073942572848 || 2014-12-13 17:59:16 |
| 5463 || 42.1976396190318 || 2019-10-03 04:50:44 |
| 5464 || -2.72951836356844 || 2016-06-19 16:39:15 |
| 5465 || 2.9476759850667 || 2013-08-02 00:52:07 |
| 5466 || 14.6962192181001 || 2013-02-02 18:55:58 |
| 5467 || 3.71413554501162 || 2011-11-18 17:00:53 |
| 5468 || 56.1726248529104 || 2014-08-14 21:47:00 |
| 5469 || 14.1956528150457 || 2018-03-05 13:27:40 |
| 5470 || 2.8513523854875 || 2019-01-15 12:36:53 |
| 5471 || 22.6905218882411 || 2019-06-09 17:25:10 |
| 5472 || 9.22208038283882 || 2014-01-24 08:50:14 |
| 5473 || -23.4379341963988 || 2019-01-05 18:43:31 |
| 5474 || -1.68182552792429 || 2013-09-21 02:36:17 |
| 5475 || 0.69120818711066 || 2011-11-15 07:06:13 |
| 5476 || 38.7331657287538 || 2014-12-16 16:29:10 |
| 5477 || 86.7132991340055 || 2014-01-20 11:39:39 |
| 5478 || 72.0841593459055 || 2012-11-17 15:21:55 |
| 5479 || 7.47278142963025 || 2018-10-07 03:46:00 |
| 5480 || -0.173876821681624 || 2014-08-07 16:24:28 |
| 5481 || 13.3808283370008 || 2012-02-15 07:04:27 |
| 5482 || 62.5966676098863 || 2016-01-01 14:01:56 |
| 5483 || 75.8901124282822 || 2010-07-15 21:23:53 |
| 5484 || 24.5775066217504 || 2011-01-12 01:31:47 |
| 5485 || -0.0115085666886837 || 2017-05-24 02:42:38 |
| 5486 || -9.59294515172377 || 2015-09-18 07:10:13 |
| 5487 || 36.5178878599588 || 2012-11-21 21:05:10 |
| 5488 || 81.2945355143354 || 2014-05-05 10:20:46 |
| 5489 || 32.1540845194161 || 2017-04-23 12:53:06 |
| 5490 || 0.000862338403124759 || 2010-12-07 14:03:01 |
| 5491 || -8.98596594633601 || 2019-10-12 06:22:31 |
| 5492 || -14.2173401729672 || 2015-09-26 03:46:32 |
| 5493 || 80.1948411031756 || 2017-09-15 16:07:10 |
| 5494 || 16.3942771368084 || 2017-08-04 15:20:00 |
| 5495 || 0.622308644030838 || 2019-06-13 11:58:38 |
| 5496 || 9.83144437179871 || 2012-07-13 15:01:45 |
| 5497 || 38.2862560382205 || 2017-10-09 03:19:27 |
| 5498 || 33.5517608422573 || 2019-02-05 15:57:18 |
| 5499 || 41.1869908800651 || 2013-07-11 12:48:43 |
| 5500 || 2.14477314696534 || 2019-10-23 02:57:34 |
| 5501 || 13.9547907635541 || 2011-03-16 23:15:56 |
| 5502 || -14.8516505757589 || 2013-02-04 17:58:18 |
| 5503 || 38.3053825115445 || 2010-06-04 21:58:38 |
| 5504 || 43.8278029318681 || 2017-10-12 00:42:02 |
| 5505 || -0.710343958813437 || 2018-09-18 08:26:18 |
| 5506 || 11.4030431610555 || 2010-11-26 21:10:54 |
| 5507 || 54.7488124095769 || 2010-05-13 14:31:59 |
| 5508 || -20.519517624359 || 2018-08-14 12:15:34 |
| 5509 || -17.7971310866729 || 2014-07-06 17:46:55 |
| 5510 || 0.142382346785811 || 2018-11-19 06:25:56 |
| 5511 || 8.43494016397169 || 2011-04-16 02:31:09 |
| 5512 || -14.224231644709 || 2014-09-26 20:25:14 |
| 5513 || -10.1161951407146 || 2019-12-08 03:06:41 |
| 5514 || -13.1851234822036 || 2011-01-27 16:03:56 |
| 5515 || 9.62747714180482 || 2012-01-02 11:23:55 |
| 5516 || -0.672025835506703 || 2019-10-26 00:03:23 |
| 5517 || 19.7062702427132 || 2015-12-23 00:36:02 |
| 5518 || 66.2184109995852 || 2016-12-13 01:49:24 |
| 5519 || 61.7087144595643 || 2014-04-21 08:32:46 |
| 5520 || -4.24583845828596 || 2016-11-01 15:46:28 |
| 5521 || 3.21803774655059 || 2012-03-09 15:59:15 |
| 5522 || -3.51292602384776 || 2019-02-19 13:52:33 |
| 5523 || 68.8487476667468 || 2015-08-04 00:15:28 |
| 5524 || 23.599330431207 || 2013-11-08 20:20:58 |
| 5525 || 17.5342543833328 || 2016-10-04 19:32:51 |
| 5526 || 2.17657303896285 || 2010-04-17 20:39:40 |
| 5527 || 12.3006041790187 || 2012-03-05 19:27:13 |
| 5528 || 74.0349164683112 || 2010-11-22 10:22:48 |
| 5529 || -7.4754165448462 || 2014-12-09 13:51:56 |
| 5530 || -6.74973015777426 || 2017-03-17 17:04:07 |
| 5531 || -0.109298205079804 || 2011-09-15 23:15:28 |
| 5532 || 1.18051996258796 || 2014-02-27 15:53:27 |
| 5533 || 13.0941647640628 || 2014-07-11 00:54:08 |
| 5534 || -18.1470921012886 || 2011-10-03 18:26:14 |
| 5535 || 0.307973140378966 || 2017-01-06 01:47:08 |
| 5536 || 0.124096611768302 || 2014-03-25 04:49:07 |
| 5537 || 21.9059126433992 || 2015-03-15 06:30:21 |
| 5538 || 78.9366953071709 || 2012-11-04 10:23:05 |
| 5539 || 19.7674417656523 || 2015-09-02 20:41:53 |
| 5540 || 17.2829047677218 || 2018-04-14 19:04:01 |
| 5541 || 0.00629456211744237 || 2019-07-02 11:52:28 |
| 5542 || 12.2901236260167 || 2014-04-03 13:45:52 |
| 5543 || 57.7439602171306 || 2010-04-05 09:12:29 |
| 5544 || -12.090023732039 || 2010-09-14 01:13:59 |
| 5545 || 37.0955612701684 || 2017-09-09 02:05:14 |
| 5546 || 0.440208002579317 || 2012-08-08 03:52:34 |
| 5547 || 9.89954257767058 || 2016-05-12 01:07:29 |
| 5548 || 74.0692148819037 || 2013-02-27 09:46:02 |
| 5549 || -27.509704777293 || 2012-12-04 18:27:27 |
| 5550 || 13.0623676007614 || 2015-08-04 05:14:05 |
| 5551 || 1.8388257673811 || 2019-12-07 05:50:45 |
| 5552 || 16.4648672536765 || 2017-06-19 20:38:40 |
| 5553 || 65.0908667759263 || 2012-11-03 01:30:47 |
| 5554 || 75.0687013497394 || 2011-12-05 11:40:00 |
| 5555 || 18.3357209932108 || 2013-02-26 13:25:31 |
| 5556 || -0.965280372608163 || 2018-11-13 10:19:42 |
| 5557 || 7.25150598658946 || 2010-07-19 11:59:20 |
| 5558 || -17.2665804076787 || 2015-01-21 09:04:01 |
| 5559 || -29.4170220222443 || 2011-06-09 03:54:58 |
| 5560 || 1.00260155267029 || 2013-08-16 00:51:35 |
| 5561 || 2.04140504603811 || 2016-01-11 06:57:53 |
| 5562 || 10.4202634168654 || 2017-07-24 15:04:41 |
| 5563 || -18.9444096557892 || 2010-01-01 04:25:53 |
| 5564 || -29.5718975081696 || 2013-09-12 20:53:28 |
| 5565 || 10.63985719743 || 2019-02-20 08:16:44 |
| 5566 || 2.24529451253836 || 2015-05-15 09:53:28 |
| 5567 || 0.405614419822872 || 2014-04-23 08:28:02 |
| 5568 || -3.57065293869325 || 2016-08-11 21:20:10 |
| 5569 || 89.7994303658335 || 2014-07-15 23:17:20 |
| 5570 || 59.9635367719906 || 2013-10-06 00:59:20 |
| 5571 || -1.53010178286861 || 2014-11-03 08:20:06 |
| 5572 || 0.987823216111975 || 2011-10-05 02:02:05 |
| 5573 || -10.8405670972294 || 2019-10-19 03:23:16 |
| 5574 || 0.990556388141165 || 2014-06-02 03:36:38 |
| 5575 || 1.48125742025914 || 2011-10-16 15:28:33 |
| 5576 || 12.9688292527988 || 2011-05-07 11:25:28 |
| 5577 || 2.57495047803217 || 2011-07-01 19:04:12 |
| 5578 || -14.4604233746506 || 2016-11-17 00:28:19 |
| 5579 || 85.3805033541314 || 2019-06-08 16:12:51 |
| 5580 || -6.91646259952134 || 2012-04-23 11:54:06 |
| 5581 || -3.45295010334392 || 2014-02-27 12:03:23 |
| 5582 || 0.401398945232429 || 2016-05-09 18:08:24 |
| 5583 || 38.7171022380987 || 2013-09-23 08:35:38 |
| 5584 || 84.0281532337644 || 2011-11-07 22:48:38 |
| 5585 || 21.3428378513145 || 2014-08-21 07:50:23 |
| 5586 || 5.35141739568166 || 2014-12-02 11:10:20 |
| 5587 || 0.181843803065452 || 2016-07-06 09:21:00 |
| 5588 || -6.48639315063665 || 2010-05-26 09:48:05 |
| 5589 || 70.9928475551609 || 2018-10-27 19:33:59 |
| 5590 || -6.62112838271223 || 2013-07-11 13:38:47 |
| 5591 || -5.54296750998912 || 2012-04-21 06:41:27 |
| 5592 || 0.0112772695708127 || 2013-07-23 12:52:43 |
| 5593 || -0.735853987023742 || 2014-08-20 18:56:55 |
| 5594 || 4.25952343735559 || 2013-03-19 17:57:35 |
| 5595 || 11.2135282090595 || 2016-01-02 02:44:19 |
| 5596 || 12.7779059920687 || 2018-10-11 17:07:26 |
| 5597 || 0.0790728911748232 || 2018-02-01 00:18:08 |
| 5598 || 13.9793258692945 || 2013-09-09 10:59:37 |
| 5599 || 2.06353500553236 || 2012-11-06 03:09:28 |
| 5600 || -28.5977631087388 || 2012-12-04 05:16:22 |
| 5601 || -8.06244098609646 || 2017-11-10 14:45:43 |
| 5602 || 1.56402221543729 || 2011-09-12 16:13:58 |
| 5603 || 5.71785098870254 || 2010-03-07 22:50:50 |
| 5604 || 61.2180535890068 || 2014-02-14 10:09:07 |
| 5605 || 70.9432055124042 || 2019-06-15 21:03:57 |
| 5606 || -14.3846792597498 || 2010-05-23 02:15:41 |
| 5607 || 1.60485786597238 || 2010-03-25 04:18:05 |
| 5608 || 3.84326800768156 || 2013-02-06 03:10:56 |
| 5609 || 66.8817771921558 || 2013-10-25 18:15:59 |
| 5610 || -7.54399074478385 || 2011-06-14 03:02:04 |
| 5611 || -16.8371725307465 || 2019-12-25 15:21:06 |
| 5612 || -0.729346637822375 || 2013-05-16 17:41:49 |
| 5613 || 9.03604078864888 || 2015-05-01 18:16:00 |
| 5614 || 8.85204054297052 || 2011-03-06 22:43:46 |
| 5615 || 75.5397941370721 || 2012-09-06 15:15:06 |
| 5616 || -10.1549584669761 || 2019-07-03 17:36:22 |
| 5617 || 8.53863118388714 || 2017-02-24 04:51:32 |
| 5618 || -2.40050671985943 || 2013-11-06 16:24:52 |
| 5619 || -7.70650624701289 || 2015-04-06 09:55:53 |
| 5620 || -29.9524194493939 || 2012-01-14 17:34:05 |
| 5621 || -20.5322523841138 || 2019-01-03 21:56:21 |
| 5622 || -3.97455431547048 || 2018-09-20 21:33:05 |
| 5623 || 3.46471582137213 || 2013-01-21 05:50:41 |
| 5624 || 4.96924522854645 || 2016-08-12 06:21:00 |
| 5625 || 19.2177672034028 || 2010-12-08 23:41:46 |
| 5626 || -21.3921234256888 || 2011-02-18 16:09:51 |
| 5627 || 6.21111753430227 || 2015-02-05 16:02:46 |
| 5628 || 2.21455390670083 || 2018-01-13 20:53:47 |
| 5629 || 16.2304348618949 || 2018-12-27 01:09:39 |
| 5630 || 20.3591979598776 || 2018-04-10 19:16:07 |
| 5631 || 9.61157883647555 || 2017-10-27 06:53:22 |
| 5632 || -4.39268248878455 || 2011-04-26 14:21:26 |
| 5633 || 0.308187196745198 || 2018-01-12 18:38:46 |
| 5634 || 38.9444661795157 || 2013-04-27 03:50:07 |
| 5635 || 25.9965735237164 || 2017-03-01 07:21:12 |
| 5636 || -12.1604252155812 || 2015-09-25 09:27:21 |
| 5637 || 22.2074210464423 || 2010-12-22 22:44:48 |
| 5638 || 0.126125160232968 || 2014-10-16 18:34:56 |
| 5639 || 28.9550441537409 || 2011-06-23 11:07:30 |
| 5640 || 72.829898690679 || 2010-10-13 14:59:11 |
| 5641 || 44.9369350262455 || 2014-12-12 08:54:07 |
| 5642 || 28.3080070026111 || 2016-01-15 21:40:44 |
| 5643 || 2.6139368477347e-06 || 2014-09-21 09:29:44 |
| 5644 || 28.5449994234572 || 2015-04-12 00:03:41 |
| 5645 || -17.5363082876681 || 2013-11-27 08:17:04 |
| 5646 || 7.07063937908119 || 2010-02-23 14:41:15 |
| 5647 || 35.1750955749121 || 2018-09-24 07:24:21 |
| 5648 || -0.0788246023498827 || 2016-05-09 11:03:19 |
| 5649 || 2.6597078893576 || 2018-05-22 12:39:04 |
| 5650 || -19.650533155727 || 2017-09-15 22:50:12 |
| 5651 || 27.0324241478782 || 2019-07-27 07:05:33 |
| 5652 || 40.620756560058 || 2012-11-07 23:04:21 |
| 5653 || 0.117636268638374 || 2015-05-22 03:53:03 |
| 5654 || 16.3174885771053 || 2016-01-13 19:42:07 |
| 5655 || 53.7664057907273 || 2017-07-07 03:17:34 |
| 5656 || 85.8798599982606 || 2017-09-01 16:21:15 |
| 5657 || 44.9315013580438 || 2013-09-02 09:58:43 |
| 5658 || -0.873642981430726 || 2012-12-21 10:10:10 |
| 5659 || 15.4180757261644 || 2019-10-16 01:25:41 |
| 5660 || 57.1259650318944 || 2012-10-04 20:24:41 |
| 5661 || -29.4750428019188 || 2012-08-17 06:09:09 |
| 5662 || 41.2894983358033 || 2015-05-27 02:33:11 |
| 5663 || -0.0413279666683265 || 2015-12-06 21:52:49 |
| 5664 || -3.72824829323185 || 2016-06-13 21:41:42 |
| 5665 || 59.5328146033881 || 2014-07-14 08:58:56 |
| 5666 || -17.0766723120901 || 2010-09-23 06:07:39 |
| 5667 || 19.8996370171742 || 2013-10-27 02:11:18 |
| 5668 || 5.81529804154268 || 2012-02-21 15:57:53 |
| 5669 || -1.48478596666269 || 2014-12-03 01:25:42 |
| 5670 || -6.97221372334348 || 2010-06-01 04:31:20 |
| 5671 || 83.1349370794608 || 2016-12-12 04:24:23 |
| 5672 || 56.5346751821939 || 2013-02-14 13:58:03 |
| 5673 || 6.47456233747229 || 2012-08-10 23:54:20 |
| 5674 || 0.69264010715389 || 2016-05-16 12:47:57 |
| 5675 || -16.8404754359994 || 2016-11-13 07:18:09 |
| 5676 || -24.9876487789697 || 2010-09-06 20:01:33 |
| 5677 || -22.2196016564305 || 2014-07-17 23:46:19 |
| 5678 || 11.4898793502085 || 2010-01-25 10:10:05 |
| 5679 || -1.09113163497567 || 2013-08-02 04:02:13 |
| 5680 || -3.33525143825531 || 2010-05-16 17:49:48 |
| 5681 || -9.00706565994781 || 2014-06-03 22:52:49 |
| 5682 || -18.35891137914 || 2016-09-05 07:46:52 |
| 5683 || -0.076497152307547 || 2010-05-19 19:24:20 |
| 5684 || 1.30342218480301 || 2016-09-17 12:49:21 |
| 5685 || -13.7185670071063 || 2014-07-07 15:38:59 |
| 5686 || 1.56042960914824 || 2014-10-16 02:35:55 |
| 5687 || 1.78370569603997 || 2015-05-27 08:43:57 |
| 5688 || -3.75231330594752 || 2018-01-23 18:12:59 |
| 5689 || -0.07531474182104 || 2014-12-11 14:23:20 |
| 5690 || 28.1237119440962 || 2019-01-10 00:32:30 |
| 5691 || 13.8159757151266 || 2010-10-21 10:47:19 |
| 5692 || 73.8073647699262 || 2019-07-15 11:47:54 |
| 5693 || -5.02052691116232 || 2016-08-16 05:42:00 |
| 5694 || 0.0108453697696416 || 2014-01-26 03:34:47 |
| 5695 || -9.23294666417411 || 2013-10-07 22:19:56 |
| 5696 || -26.7212963857722 || 2016-07-27 21:16:05 |
| 5697 || 78.5052109269094 || 2018-08-24 15:57:40 |
| 5698 || -4.63674023145796 || 2014-01-11 06:23:29 |
| 5699 || -0.0693729134264184 || 2012-09-13 20:20:02 |
| 5700 || 10.9288386665001 || 2014-05-23 23:18:41 |
| 5701 || 23.6563596889702 || 2017-10-20 07:35:14 |
| 5702 || 82.2650238971554 || 2013-08-16 11:26:38 |
| 5703 || 4.16858651713144 || 2017-05-14 08:32:52 |
| 5704 || 0.234064174351964 || 2011-10-26 00:03:38 |
| 5705 || -3.03757625449215 || 2012-06-01 14:34:47 |
| 5706 || -19.1046798586539 || 2015-07-17 05:34:20 |
| 5707 || 45.0575571055298 || 2018-01-24 05:33:15 |
| 5708 || 37.1877367443327 || 2017-03-19 18:13:16 |
| 5709 || 2.56350756892056 || 2013-12-10 15:18:24 |
| 5710 || 12.6770320099058 || 2011-06-25 16:40:51 |
| 5711 || -7.27435666512104 || 2012-10-19 09:20:32 |
| 5712 || 3.36543582158408 || 2019-04-07 06:41:57 |
| 5713 || 19.0643268954882 || 2018-07-04 14:53:53 |
| 5714 || 2.76736411292886 || 2017-03-16 19:21:02 |
| 5715 || -4.03473908961978 || 2014-07-18 21:55:45 |
| 5716 || -14.1132962763109 || 2019-08-05 05:52:07 |
| 5717 || -24.3310738161536 || 2019-03-22 07:12:20 |
| 5718 || 54.9519756765955 || 2014-04-04 15:28:09 |
| 5719 || 1.23965632695586 || 2011-12-08 06:09:11 |
| 5720 || 1.39299370265272 || 2016-01-17 00:31:28 |
| 5721 || 57.4122360080687 || 2010-09-16 09:49:20 |
| 5722 || 69.6825289583017 || 2014-09-07 16:30:35 |
| 5723 || 59.6261239019548 || 2011-01-04 14:19:26 |
| 5724 || 4.93732093442718 || 2015-02-07 11:10:47 |
| 5725 || -1.09284991713253 || 2016-03-14 01:51:10 |
| 5726 || 53.1236355804426 || 2010-04-15 05:54:49 |
| 5727 || -27.9628323046503 || 2011-12-12 18:45:37 |
| 5728 || -5.67340263617193 || 2013-06-12 22:50:21 |
| 5729 || 14.1957033211048 || 2015-06-04 02:27:01 |
| 5730 || 2.28234249416731 || 2013-09-19 23:16:29 |
| 5731 || -13.2054141587424 || 2019-05-03 20:13:08 |
| 5732 || 85.9886509424703 || 2014-11-13 14:59:45 |
| 5733 || 12.7651465708803 || 2012-01-24 08:49:16 |
| 5734 || -3.41474957688887 || 2014-11-05 14:38:17 |
| 5735 || 1.51595711933222 || 2013-04-01 19:50:14 |
| 5736 || 42.070571402602 || 2017-02-21 14:03:12 |
| 5737 || -24.0676629785334 || 2017-12-13 14:55:04 |
| 5738 || -24.1044337471843 || 2010-07-22 21:25:07 |
| 5739 || 14.9966139732292 || 2015-10-17 18:39:24 |
| 5740 || 0.407172769106725 || 2013-03-18 16:52:54 |
| 5741 || 34.9881219382353 || 2012-10-08 19:42:24 |
| 5742 || -14.9949448190701 || 2017-12-22 08:16:32 |
| 5743 || -9.58971162644628 || 2017-09-07 05:52:50 |
| 5744 || 23.5003749538285 || 2017-12-15 11:03:39 |
| 5745 || 0.00601629719894474 || 2018-12-07 10:56:26 |
| 5746 || 22.2100633729302 || 2014-02-13 23:02:48 |
| 5747 || 81.0123788979337 || 2018-08-23 22:20:45 |
| 5748 || 10.549111583311 || 2019-11-15 16:45:08 |
| 5749 || 22.6668815102807 || 2012-09-14 20:04:33 |
| 5750 || 0.0608412879661625 || 2016-09-12 00:46:59 |
| 5751 || -8.85995574502351 || 2010-04-12 13:07:58 |
| 5752 || 70.5607107129493 || 2016-03-14 08:55:22 |
| 5753 || -25.2599351138257 || 2019-09-04 15:18:21 |
| 5754 || -2.89216049196397 || 2019-11-22 00:14:43 |
| 5755 || -0.0427160143896296 || 2017-03-19 03:32:17 |
| 5756 || 20.8477003987418 || 2017-02-02 21:49:02 |
| 5757 || 63.3595329030767 || 2012-09-04 15:44:42 |
| 5758 || -19.1065266720571 || 2010-03-09 07:25:55 |
| 5759 || 43.7420755762698 || 2010-12-10 08:22:56 |
| 5760 || 2.12479409688487 || 2012-01-27 12:06:47 |
| 5761 || -5.85105983699489 || 2019-08-22 23:01:50 |
| 5762 || -12.7556452714007 || 2015-10-13 06:34:39 |
| 5763 || 14.8593429595583 || 2010-02-25 22:29:23 |
| 5764 || 32.1534925419658 || 2013-07-19 11:40:32 |
| 5765 || 0.963351426875425 || 2011-11-18 02:17:19 |
| 5766 || 5.54700807621299 || 2017-11-05 13:56:49 |
| 5767 || -14.0503330568479 || 2016-04-01 15:15:20 |
| 5768 || 11.696540605671 || 2016-02-19 03:30:19 |
| 5769 || 36.8325655172584 || 2014-11-20 11:27:22 |
| 5770 || 4.89951715853758 || 2012-07-03 10:28:39 |
| 5771 || -1.36503636810312 || 2010-05-06 23:52:59 |
| 5772 || -8.46523036538737 || 2014-01-07 23:08:25 |
| 5773 || -24.9397503311954 || 2010-06-26 18:12:15 |
| 5774 || -16.0865398082258 || 2018-04-18 21:19:41 |
| 5775 || 5.54240711780155 || 2010-02-01 02:09:16 |
| 5776 || 3.7531854086633 || 2010-10-23 13:48:31 |
| 5777 || 9.31738630912868 || 2016-12-17 11:12:52 |
| 5778 || -20.8560539958149 || 2019-05-10 16:37:54 |
| 5779 || 15.5466873610517 || 2017-06-17 02:47:13 |
| 5780 || 13.0497190622522 || 2015-03-15 01:50:44 |
| 5781 || 2.8006046865772 || 2013-09-21 02:20:04 |
| 5782 || -14.9467035396672 || 2014-04-24 15:58:42 |
| 5783 || -29.5372353206102 || 2015-04-24 02:21:38 |
| 5784 || 69.4424000051482 || 2016-10-02 06:53:55 |
| 5785 || 0.0383367686049777 || 2011-06-17 10:04:29 |
| 5786 || -0.703109525380628 || 2016-05-11 10:31:40 |
| 5787 || 42.0748137007572 || 2013-11-09 17:36:33 |
| 5788 || -22.6461132839005 || 2018-07-17 15:48:56 |
| 5789 || -18.2019972664034 || 2018-12-13 02:43:46 |
| 5790 || -7.28225156190902 || 2011-03-23 11:06:46 |
| 5791 || -0.153953706188494 || 2017-09-11 17:33:07 |
| 5792 || 17.2878395271772 || 2011-12-03 17:33:48 |
| 5793 || 70.2547940541118 || 2014-01-12 08:48:12 |
| 5794 || -16.3544548950598 || 2017-07-19 01:46:08 |
| 5795 || 17.2148218808563 || 2018-12-15 18:46:28 |
| 5796 || 0.102813784778871 || 2012-06-07 16:43:35 |
| 5797 || 27.6759596999847 || 2015-04-03 03:11:15 |
| 5798 || 65.204569441566 || 2017-08-27 23:08:02 |
| 5799 || -9.33248920103349 || 2016-01-08 17:25:37 |
| 5800 || 29.0138942584925 || 2012-10-13 12:00:28 |
| 5801 || -0.00248582907097922 || 2014-12-27 08:48:51 |
| 5802 || 27.6278935913164 || 2019-07-08 23:33:27 |
| 5803 || 78.3178788927235 || 2018-12-06 17:46:15 |
| 5804 || -21.2304343206046 || 2010-11-22 05:39:06 |
| 5805 || 36.6568070377095 || 2012-07-19 18:36:40 |
| 5806 || -0.154491564762088 || 2014-03-21 18:08:35 |
| 5807 || -7.11208972694132 || 2010-04-26 23:30:45 |
| 5808 || 69.1258179634301 || 2012-12-27 09:10:01 |
| 5809 || 75.7229318275389 || 2011-06-17 21:52:33 |
| 5810 || 35.5543536128752 || 2013-04-10 08:02:19 |
| 5811 || -0.547960850306339 || 2015-03-25 05:22:17 |
| 5812 || 9.48354964833706 || 2019-12-07 00:11:06 |
| 5813 || -23.389154039803 || 2016-12-12 00:32:43 |
| 5814 || -29.4144470913111 || 2013-09-24 22:42:57 |
| 5815 || -11.7249449687621 || 2017-08-11 03:51:40 |
| 5816 || 3.79751857008915 || 2010-08-08 02:29:18 |
| 5817 || 13.6310900618097 || 2012-02-10 15:39:21 |
| 5818 || 21.61984639463 || 2011-10-20 01:41:57 |
| 5819 || 25.105832812019 || 2011-11-27 08:49:48 |
| 5820 || 9.1173002159951 || 2019-08-21 19:51:00 |
| 5821 || -2.07897150864563 || 2018-02-24 06:47:02 |
| 5822 || 9.9919878814098 || 2015-06-13 02:57:08 |
| 5823 || 37.0467310006268 || 2017-03-21 20:19:22 |
| 5824 || 69.7215691138972 || 2011-05-13 05:09:45 |
| 5825 || -10.7528981452494 || 2012-10-21 00:24:11 |
| 5826 || 1.0889792216107 || 2019-10-10 14:52:59 |
| 5827 || -1.42830253817263 || 2019-05-15 12:31:17 |
| 5828 || -16.4428700960868 || 2014-04-11 04:01:17 |
| 5829 || -28.7105368982379 || 2010-07-08 15:08:40 |
| 5830 || 19.5212908937491 || 2016-03-24 02:13:16 |
| 5831 || -2.9339381513242 || 2010-08-23 05:15:12 |
| 5832 || 4.57000558700736 || 2017-04-19 14:59:34 |
| 5833 || 21.5569402975237 || 2010-08-15 10:57:02 |
| 5834 || 2.23356487233897 || 2016-06-22 06:44:48 |
| 5835 || 5.09984776315215 || 2011-04-01 16:41:59 |
| 5836 || -5.50853453825212 || 2015-12-17 04:04:26 |
| 5837 || 1.89443781970904 || 2013-11-03 10:35:53 |
| 5838 || 41.3594124790011 || 2018-03-08 22:08:55 |
| 5839 || 71.6607941065727 || 2012-09-19 12:36:24 |
| 5840 || 72.6600099751324 || 2019-06-03 09:51:36 |
| 5841 || 17.6283005738486 || 2014-09-09 12:05:12 |
| 5842 || 0.848440825989525 || 2015-06-10 21:05:20 |
| 5843 || 18.2995170092573 || 2011-08-05 11:38:37 |
| 5844 || 14.5702888173963 || 2012-09-07 23:06:24 |
| 5845 || 5.28924869608364 || 2010-10-12 03:35:38 |
| 5846 || 20.6660562016488 || 2019-05-06 14:25:12 |
| 5847 || -0.0417115068664819 || 2019-04-12 09:49:56 |
| 5848 || -1.93348593316658 || 2012-09-04 20:13:54 |
| 5849 || 37.6649849529751 || 2018-11-02 18:55:48 |
| 5850 || -23.2433176884125 || 2017-03-16 01:12:16 |
| 5851 || 19.6098916165953 || 2014-03-23 00:18:07 |
| 5852 || 0.0171695291307164 || 2016-11-24 01:39:01 |
| 5853 || 22.9015320651404 || 2012-10-03 01:37:46 |
| 5854 || -20.1077173075679 || 2018-02-12 15:54:35 |
| 5855 || 77.2745078327319 || 2015-08-09 23:24:50 |
| 5856 || 2.24535384572914 || 2016-11-05 01:49:03 |
| 5857 || 0.310909107847251 || 2014-05-06 23:58:08 |
| 5858 || 19.2777639838325 || 2017-02-07 15:44:04 |
| 5859 || -23.5534058800751 || 2016-11-11 04:49:08 |
| 5860 || -28.7821401189064 || 2013-01-26 19:29:43 |
| 5861 || 4.71439447944645 || 2013-07-09 01:18:24 |
| 5862 || 1.0288692643024 || 2017-04-13 20:50:30 |
| 5863 || -2.14130401595343 || 2019-12-04 09:43:19 |
| 5864 || 10.158761069188 || 2012-09-27 04:20:55 |
| 5865 || 79.3939521282999 || 2016-04-01 00:59:05 |
| 5866 || -9.1278179945639 || 2010-09-01 04:42:37 |
| 5867 || 2.50517695831624 || 2012-11-08 16:09:34 |
| 5868 || -0.0895307643305871 || 2019-06-10 02:42:45 |
| 5869 || -20.5045793164637 || 2013-05-15 21:27:04 |
| 5870 || 81.0720108498373 || 2010-01-07 05:22:14 |
| 5871 || 25.5390849854805 || 2016-11-12 17:49:53 |
| 5872 || -1.90266564918739 || 2014-05-03 12:59:25 |
| 5873 || -2.97283150765828 || 2017-10-23 01:44:54 |
| 5874 || -19.9553110381168 || 2013-08-14 07:11:34 |
| 5875 || -15.1290851697171 || 2015-03-18 12:31:20 |
| 5876 || 45.3457632224183 || 2010-12-09 14:46:15 |
| 5877 || 3.2279174949956 || 2015-10-09 12:35:37 |
| 5878 || -2.58362618991107 || 2018-12-08 06:13:09 |
| 5879 || -7.102005500752 || 2017-03-19 19:39:02 |
| 5880 || 70.6694261212321 || 2018-11-22 06:49:56 |
| 5881 || 39.3659657672811 || 2018-05-09 06:49:36 |
| 5882 || 7.94143342251889 || 2014-10-14 18:21:39 |
| 5883 || 1.22775722706242 || 2016-04-05 03:41:32 |
| 5884 || 27.4186992341871 || 2010-06-03 09:16:35 |
| 5885 || -13.0396031020139 || 2010-01-24 08:42:21 |
| 5886 || 1.65847644312562 || 2019-08-23 22:42:45 |
| 5887 || 8.96180069054986 || 2018-08-02 19:34:32 |
| 5888 || -0.346274050108241 || 2017-12-03 09:23:38 |
| 5889 || 44.9293434051724 || 2015-11-20 12:01:22 |
| 5890 || 81.077181609785 || 2018-12-04 06:52:20 |
| 5891 || 67.6460374167733 || 2010-10-15 13:46:03 |
| 5892 || 18.666174094344 || 2018-08-10 14:30:55 |
| 5893 || -0.352523688836404 || 2015-01-17 09:55:09 |
| 5894 || -2.01206672924553 || 2010-04-24 10:54:53 |
| 5895 || -27.0178195637232 || 2014-09-15 09:26:31 |
| 5896 || 6.84772898753384 || 2011-11-15 07:45:16 |
| 5897 || 21.5037265758561 || 2015-05-27 16:41:46 |
| 5898 || 0.284839162378773 || 2019-01-20 22:39:45 |
| 5899 || -11.6719135121945 || 2012-08-08 18:17:55 |
| 5900 || -27.6648755731109 || 2014-12-27 05:38:45 |
| 5901 || 80.2117045950396 || 2013-04-13 02:08:21 |
| 5902 || -3.24719115321944 || 2010-02-01 01:14:56 |
| 5903 || 0.000666752091431398 || 2012-01-10 22:53:17 |
| 5904 || -3.20391195317241 || 2011-08-02 04:25:37 |
| 5905 || 75.3700939288748 || 2010-01-14 01:26:35 |
| 5906 || -26.484210596956 || 2018-01-19 00:13:19 |
| 5907 || -10.4192021504679 || 2013-04-11 02:47:17 |
| 5908 || -0.1103570057846 || 2010-04-23 22:26:54 |
| 5909 || -6.5426601666252 || 2012-12-07 09:30:07 |
| 5910 || 25.2181163360103 || 2015-10-06 16:56:49 |
| 5911 || -24.5262768666575 || 2010-06-04 16:04:04 |
| 5912 || -13.1242122933841 || 2011-11-12 13:27:57 |
| 5913 || 1.06899370802375 || 2014-12-20 01:19:15 |
| 5914 || 18.7103406870138 || 2015-01-02 20:14:35 |
| 5915 || 17.1550865886749 || 2019-02-10 07:52:02 |
| 5916 || 76.6949533533028 || 2010-12-12 21:48:02 |
| 5917 || -4.87951377461668 || 2011-12-26 14:12:18 |
| 5918 || 2.03652863363074 || 2010-07-12 20:31:03 |
| 5919 || 11.4776756557181 || 2014-05-06 00:50:02 |
| 5920 || -15.5722578230343 || 2019-01-06 18:23:05 |
| 5921 || -29.4344970981575 || 2014-09-09 09:34:11 |
| 5922 || 11.1509254342363 || 2019-05-03 16:08:37 |
| 5923 || 5.28309974915809 || 2010-12-14 04:52:27 |
| 5924 || 0.396689432573223 || 2017-01-22 06:58:42 |
| 5925 || 50.680411293293 || 2010-04-13 19:46:46 |
| 5926 || -9.52627541084122 || 2015-09-02 13:39:39 |
| 5927 || 45.4660949389742 || 2013-02-06 19:04:24 |
| 5928 || 1.85490254726183 || 2010-09-11 05:43:12 |
| 5929 || -1.89978515094396 || 2012-11-04 10:32:05 |
| 5930 || 56.8616102255273 || 2019-04-06 09:14:02 |
| 5931 || 89.8815790926156 || 2019-04-06 06:13:34 |
| 5932 || 56.6927840197189 || 2013-05-11 00:12:08 |
| 5933 || 3.18181768186215 || 2014-08-14 19:33:40 |
| 5934 || -0.862422099828734 || 2019-02-19 05:27:21 |
| 5935 || 4.02314849790492 || 2011-07-06 14:22:09 |
| 5936 || 72.6849513368042 || 2011-10-13 05:03:47 |
| 5937 || 18.698773417926 || 2017-08-07 03:26:37 |
| 5938 || 6.31512607128943 || 2011-03-13 18:55:12 |
| 5939 || 2.48219938625127 || 2014-02-04 12:24:17 |
| 5940 || 12.7492029073933 || 2011-12-13 16:12:52 |
| 5941 || 66.3852428457165 || 2014-06-25 10:49:24 |
| 5942 || 12.3582616508458 || 2016-02-11 15:28:43 |
| 5943 || -6.28598822312439 || 2012-08-27 16:44:38 |
| 5944 || 0.737162539635038 || 2014-09-08 06:39:45 |
| 5945 || -13.7588576200283 || 2010-09-14 17:45:12 |
| 5946 || 83.0945806629908 || 2010-08-04 20:55:35 |
| 5947 || -16.2740045747273 || 2018-11-18 18:41:04 |
| 5948 || -6.09602819108136 || 2015-11-12 16:06:13 |
| 5949 || -0.136471338882451 || 2019-08-24 16:55:53 |
| 5950 || 14.2031724839151 || 2019-05-06 03:49:32 |
| 5951 || 44.8496230913839 || 2011-03-15 15:22:42 |
| 5952 || -1.55328069018775 || 2019-03-11 15:09:10 |
| 5953 || -2.31665269360645 || 2010-04-16 14:52:31 |
| 5954 || 0.00157856298972807 || 2013-02-27 05:02:07 |
| 5955 || 6.45337432246847 || 2016-01-23 04:49:11 |
| 5956 || 53.3080490996074 || 2018-11-17 03:00:12 |
| 5957 || 9.86438997982252 || 2018-09-18 16:49:28 |
| 5958 || 33.2739107110739 || 2014-03-05 06:38:38 |
| 5959 || 0.245088461368742 || 2013-10-25 20:47:57 |
| 5960 || 20.6816279515784 || 2019-04-22 09:45:43 |
| 5961 || 26.3308268733687 || 2014-09-05 06:57:38 |
| 5962 || 61.6538515304333 || 2018-11-23 13:24:52 |
| 5963 || 23.6920750529649 || 2018-12-02 11:13:31 |
| 5964 || 0.0481952313326994 || 2016-07-07 00:32:07 |
| 5965 || 20.5130217725997 || 2014-10-19 02:16:46 |
| 5966 || 54.4107848513568 || 2017-11-23 12:55:25 |
| 5967 || 85.4729795823352 || 2017-04-19 13:11:37 |
| 5968 || 40.4058828835121 || 2017-04-25 05:41:37 |
| 5969 || -0.798794407617687 || 2012-06-10 09:52:30 |
| 5970 || 3.41542960313361 || 2011-03-26 00:27:11 |
| 5971 || -17.0215038488733 || 2017-09-10 04:19:04 |
| 5972 || -27.9692298004589 || 2019-10-02 19:44:33 |
| 5973 || -3.03463535211014 || 2014-12-13 15:40:26 |
| 5974 || -0.198963128500003 || 2016-09-13 04:16:21 |
| 5975 || -2.80945551355549 || 2012-10-01 11:29:47 |
| 5976 || -11.3042905498262 || 2014-10-10 02:55:47 |
| 5977 || -9.15604147994943 || 2017-08-08 15:42:21 |
| 5978 || 20.1592509664131 || 2012-04-25 02:05:56 |
| 5979 || 4.55222367003517 || 2016-09-13 00:26:28 |
| 5980 || 8.84536452117899 || 2013-06-01 03:19:57 |
| 5981 || 47.3232428713903 || 2010-07-09 01:07:54 |
| 5982 || -9.94510288363181 || 2013-06-24 23:19:31 |
| 5983 || 20.4161824446116 || 2011-11-06 21:06:32 |
| 5984 || -2.66641118755068 || 2016-11-04 04:45:09 |
| 5985 || -1.16383545335775 || 2017-03-21 19:27:00 |
| 5986 || -7.36812597579442 || 2011-12-20 12:24:46 |
| 5987 || 11.5370329487637 || 2012-07-17 12:00:06 |
| 5988 || 43.4273096247316 || 2010-04-18 12:34:06 |
| 5989 || 13.5773424472434 || 2010-01-23 14:59:16 |
| 5990 || -1.19030034871244 || 2019-10-21 11:26:04 |
| 5991 || 46.5594200263272 || 2017-12-05 21:40:46 |
| 5992 || 58.1297322230768 || 2017-03-13 13:24:36 |
| 5993 || -16.0011498477064 || 2019-05-13 04:05:43 |
| 5994 || 5.56147291131544 || 2013-03-04 05:52:00 |
| 5995 || 0.786534996277281 || 2012-02-17 02:05:13 |
| 5996 || -14.0921946432391 || 2010-04-12 15:25:58 |
| 5997 || 15.2810455498668 || 2014-01-08 14:40:06 |
| 5998 || -15.4224120400663 || 2010-11-24 05:19:54 |
| 5999 || 22.6116709958043 || 2011-07-19 19:25:34 |
| 6000 || 0.571464467588086 || 2017-07-27 15:23:05 |
| 6001 || 5.98851786282245 || 2012-07-26 09:02:04 |
| 6002 || 81.1037288446858 || 2013-09-15 13:29:07 |
| 6003 || -11.4527357496232 || 2013-02-16 05:47:50 |
| 6004 || 26.1980992909109 || 2016-05-18 10:07:54 |
| 6005 || 0.0306422412155533 || 2010-05-21 07:04:09 |
| 6006 || 21.5029268825498 || 2017-07-25 12:52:37 |
| 6007 || 41.0471412873916 || 2019-02-23 06:05:42 |
| 6008 || 22.3713944155337 || 2012-09-12 14:27:32 |
| 6009 || 33.5537961815841 || 2013-03-06 16:23:45 |
| 6010 || 0.145019308883526 || 2010-08-03 06:12:40 |
| 6011 || 2.46352661360838 || 2010-01-07 13:08:35 |
| 6012 || -25.2137578133625 || 2017-05-21 02:59:13 |
| 6013 || 51.1473498303262 || 2011-07-17 17:17:20 |
| 6014 || 38.5505075580101 || 2015-07-05 13:18:34 |
| 6015 || 0.834157405983895 || 2013-01-08 07:35:02 |
| 6016 || -5.0961633786017 || 2019-08-27 20:05:00 |
| 6017 || -9.10458791171699 || 2011-07-24 05:43:32 |
| 6018 || 79.2799840621621 || 2013-05-13 10:16:25 |
| 6019 || 21.5295614262891 || 2011-03-12 15:44:53 |
| 6020 || 2.33316493903388 || 2019-08-18 08:36:02 |
| 6021 || -5.72076630652329 || 2010-01-01 06:26:08 |
| 6022 || -13.5367327680563 || 2011-04-01 03:15:48 |
| 6023 || -6.89945995823442 || 2019-09-16 09:17:02 |
| 6024 || 42.4470650255896 || 2014-11-02 11:26:49 |
| 6025 || 4.25372387993853 || 2016-02-05 21:26:18 |
| 6026 || -0.28777936788348 || 2017-01-27 10:29:47 |
| 6027 || -13.1865394522458 || 2017-12-03 16:08:51 |
| 6028 || -29.186097475368 || 2017-09-23 03:17:12 |
| 6029 || 26.7087512904745 || 2012-08-13 15:27:20 |
| 6030 || 1.78382078189415 || 2011-01-17 18:35:28 |
| 6031 || 3.71719789737332 || 2014-10-23 20:11:38 |
| 6032 || 11.4913802417232 || 2013-03-21 09:42:43 |
| 6033 || -29.912986054758 || 2012-07-08 15:52:19 |
| 6034 || 21.0137141440631 || 2017-07-09 01:30:08 |
| 6035 || 6.60737976637455 || 2016-01-20 07:18:46 |
| 6036 || 6.41844995735623 || 2011-02-16 23:08:04 |
| 6037 || 16.1706290494183 || 2018-08-21 04:35:03 |
| 6038 || -29.4480035199046 || 2017-06-02 10:56:14 |
| 6039 || 62.1821980613383 || 2013-02-25 06:18:11 |
| 6040 || -4.16160553707389 || 2015-09-21 04:10:20 |
| 6041 || -1.17457520945714 || 2019-09-06 04:17:06 |
| 6042 || 44.3976103417993 || 2017-08-24 08:04:52 |
| 6043 || 88.5609256745297 || 2015-04-10 04:44:02 |
| 6044 || -22.2827242365643 || 2017-08-16 16:19:45 |
| 6045 || 18.0307031564908 || 2015-04-01 21:51:26 |
| 6046 || 1.57932377449391 || 2017-11-04 07:15:26 |
| 6047 || 34.1480926487879 || 2014-05-13 19:27:08 |
| 6048 || 35.3657095332035 || 2010-07-25 13:22:35 |
| 6049 || 59.9810001289267 || 2017-09-03 01:50:57 |
| 6050 || 18.3692756622679 || 2013-04-16 11:23:18 |
| 6051 || 0.294844244357693 || 2018-06-27 01:17:18 |
| 6052 || -6.50051438653103 || 2013-07-21 12:06:53 |
| 6053 || 28.0186414686454 || 2015-10-16 05:31:27 |
| 6054 || 53.2912017942412 || 2013-06-02 04:26:22 |
| 6055 || 11.7796789716105 || 2010-06-07 23:16:28 |
| 6056 || 0.0688800168873542 || 2011-09-26 16:10:32 |
| 6057 || 18.1058889753421 || 2010-06-24 00:36:40 |
| 6058 || 23.9414534431435 || 2011-05-02 14:52:31 |
| 6059 || -26.1923521310137 || 2016-01-26 09:49:33 |
| 6060 || 31.9529509958632 || 2012-06-04 18:22:53 |
| 6061 || -0.0194413589983086 || 2017-10-09 23:38:06 |
| 6062 || -3.88995392859822 || 2016-03-25 06:38:09 |
| 6063 || 9.01819169753462 || 2017-01-08 01:01:20 |
| 6064 || 73.3719059578999 || 2012-02-06 05:50:53 |
| 6065 || 23.0979846119949 || 2011-10-05 09:03:48 |
| 6066 || 0.36117398191029 || 2010-10-05 03:10:04 |
| 6067 || 18.6946392592308 || 2015-02-08 18:39:13 |
| 6068 || 71.2907596622763 || 2012-07-02 04:28:43 |
| 6069 || 17.685682303302 || 2016-02-01 12:40:26 |
| 6070 || 40.5074554350034 || 2018-03-07 14:18:27 |
| 6071 || -0.583456176914673 || 2011-07-26 13:38:39 |
| 6072 || 12.6088326297698 || 2011-07-04 04:14:10 |
| 6073 || 2.85820921669214 || 2019-11-14 21:18:23 |
| 6074 || 10.6090844393016 || 2016-03-09 12:20:38 |
| 6075 || 46.7722321782064 || 2019-09-19 23:46:16 |
| 6076 || 0.999262354530143 || 2011-02-09 23:16:28 |
| 6077 || 1.31971775447317 || 2018-05-27 15:18:26 |
| 6078 || 52.9774183674435 || 2012-11-04 16:21:50 |
| 6079 || 66.2832450458007 || 2015-01-01 17:30:24 |
| 6080 || -16.5661930402097 || 2018-08-16 03:22:39 |
| 6081 || -2.15368978349721 || 2015-12-19 07:31:50 |
| 6082 || 5.07305043373301 || 2018-06-16 10:20:12 |
| 6083 || -19.5065242168231 || 2016-08-05 22:43:56 |
| 6084 || -25.8238857428216 || 2016-01-19 01:59:44 |
| 6085 || 29.5861356098827 || 2012-03-15 08:44:01 |
| 6086 || 1.69198610192814 || 2014-03-07 08:45:35 |
| 6087 || 1.93299499503005 || 2011-10-13 01:17:25 |
| 6088 || -0.344064600818301 || 2011-08-14 06:58:20 |
| 6089 || -20.0218784701998 || 2011-01-03 23:44:12 |
| 6090 || 63.6931980166453 || 2015-04-01 08:08:33 |
| 6091 || -1.25344032796808 || 2014-12-03 04:29:48 |
| 6092 || -0.0373576974594962 || 2014-01-02 06:27:58 |
| 6093 || 23.4573639937591 || 2013-06-08 22:32:46 |
| 6094 || 76.2503615401951 || 2012-08-26 14:37:52 |
| 6095 || -21.2830794146566 || 2016-06-03 22:11:19 |
| 6096 || -0.379241144329285 || 2011-02-03 06:31:02 |
| 6097 || 2.34236943899709 || 2018-07-11 20:40:16 |
| 6098 || 3.78303325437075 || 2011-02-26 07:35:30 |
| 6099 || -23.7261239865743 || 2013-01-14 00:08:12 |
| 6100 || -21.5611106540487 || 2017-09-01 19:06:05 |
| 6101 || 21.6935116737238 || 2013-03-05 04:33:39 |
| 6102 || -0.280972744138347 || 2017-06-08 21:19:32 |
| 6103 || -9.27842989645376 || 2017-06-10 15:03:16 |
| 6104 || 56.2402973821163 || 2012-11-16 04:34:20 |
| 6105 || -25.8285504806037 || 2010-10-02 14:02:59 |
| 6106 || 17.1880251286977 || 2011-01-24 17:03:49 |
| 6107 || 0.0104403246161112 || 2016-09-17 01:56:18 |
| 6108 || 33.0423136353641 || 2016-05-20 01:57:50 |
| 6109 || 42.4402326061762 || 2014-09-03 17:48:48 |
| 6110 || -20.6796170880148 || 2014-05-09 16:41:24 |
| 6111 || 15.1039889267053 || 2018-08-15 04:55:56 |
| 6112 || -0.00859907614177473 || 2015-01-20 08:53:24 |
| 6113 || 11.8781314828486 || 2018-10-12 03:56:32 |
| 6114 || 17.0184084582181 || 2012-12-14 06:08:48 |
| 6115 || -7.70905947856036 || 2019-03-07 21:27:19 |
| 6116 || 5.09468060708723 || 2018-02-14 07:15:39 |
| 6117 || 0.469117414443824 || 2016-01-19 15:32:53 |
| 6118 || 18.7883528198093 || 2013-04-08 13:03:17 |
| 6119 || 67.3444722143894 || 2018-02-09 18:30:28 |
| 6120 || 84.4034214971171 || 2019-10-24 14:55:12 |
| 6121 || 28.9145786866486 || 2010-06-04 23:36:48 |
| 6122 || -0.19669789945877 || 2018-04-07 01:47:10 |
| 6123 || -3.21222501447399 || 2014-11-14 13:58:49 |
| 6124 || 56.6056298850791 || 2016-05-09 18:58:15 |
| 6125 || 78.1478921087339 || 2012-01-05 08:34:49 |
| 6126 || -12.3980228689081 || 2018-10-09 00:11:24 |
| 6127 || 0.913900722800057 || 2018-03-24 23:10:28 |
| 6128 || 14.7536802318434 || 2014-03-25 12:59:05 |
| 6129 || -13.2879314886805 || 2010-05-02 06:55:52 |
| 6130 || 0.753546563259858 || 2019-03-14 23:36:02 |
| 6131 || 12.9752909169859 || 2016-01-04 17:38:58 |
| 6132 || -0.841253047564127 || 2013-05-02 10:17:41 |
| 6133 || 9.75372829268449 || 2017-10-02 11:48:14 |
| 6134 || 55.2245166138761 || 2010-02-10 12:09:53 |
| 6135 || 8.16315431080938 || 2010-01-15 01:31:26 |
| 6136 || 6.95938420873966 || 2018-11-08 05:18:35 |
| 6137 || -1.52292040207567 || 2016-02-01 04:01:14 |
| 6138 || -1.44344432121468 || 2015-12-25 01:05:28 |
| 6139 || 44.479454895671 || 2012-03-08 19:16:30 |
| 6140 || -7.92481096323033 || 2016-05-11 07:12:04 |
| 6141 || 45.4255609692457 || 2012-01-17 22:54:08 |
| 6142 || 6.85893073571516 || 2017-04-27 18:40:36 |
| 6143 || 0.655519197223552 || 2018-01-26 13:22:06 |
| 6144 || 41.7251109976603 || 2019-09-01 20:37:32 |
| 6145 || 10.13244178816 || 2017-08-03 23:55:45 |
| 6146 || -3.17626116359293 || 2012-09-18 00:11:07 |
| 6147 || -4.68028831562529 || 2012-03-07 19:34:39 |
| 6148 || 2.00619100734067 || 2012-11-24 07:13:43 |
| 6149 || 32.5981024161645 || 2017-12-12 20:51:41 |
| 6150 || 10.2979762772778 || 2017-05-27 10:35:13 |
| 6151 || -19.4478527069661 || 2014-12-27 19:36:41 |
| 6152 || 6.61880566524901 || 2014-09-21 01:49:37 |
| 6153 || -0.190069953834392 || 2013-08-06 00:03:45 |
| 6154 || 3.75801947422052 || 2019-02-07 23:05:19 |
| 6155 || 41.3396771718656 || 2018-11-09 22:45:44 |
| 6156 || 75.8902935408046 || 2016-05-23 16:16:08 |
| 6157 || -8.38777891420682 || 2012-07-14 07:43:01 |
| 6158 || 0.25879102329753 || 2012-03-24 23:15:57 |
| 6159 || 28.1420821676423 || 2014-10-09 12:04:27 |
| 6160 || 1.05966202591423 || 2014-08-19 23:52:32 |
| 6161 || -25.7201321570431 || 2015-04-27 03:09:23 |
| 6162 || -9.37543799106575 || 2014-02-16 18:23:30 |
| 6163 || 0.00338801930976919 || 2011-02-14 10:47:16 |
| 6164 || 13.5794104666475 || 2017-08-05 16:42:46 |
| 6165 || 2.10468160293001 || 2017-02-26 17:01:51 |
| 6166 || -16.0464399423274 || 2017-02-26 00:38:16 |
| 6167 || -0.428975222534254 || 2013-02-09 17:37:36 |
| 6168 || 0.0737449949202197 || 2015-04-11 04:57:58 |
| 6169 || 20.3944451684897 || 2017-05-04 16:14:43 |
| 6170 || -20.7853407503695 || 2017-07-24 17:44:08 |
| 6171 || 58.6713329190073 || 2014-07-02 11:36:27 |
| 6172 || 33.2928097131878 || 2012-07-27 22:16:09 |
| 6173 || 0.900118052667393 || 2015-03-12 11:27:36 |
| 6174 || 6.28356209629779 || 2016-06-19 17:10:33 |
| 6175 || 71.8090104406302 || 2011-11-25 01:28:35 |
| 6176 || -27.5907896080858 || 2010-03-17 14:17:20 |
| 6177 || 46.6865103595544 || 2010-01-12 21:27:10 |
| 6178 || -0.258705958931583 || 2015-08-21 11:46:17 |
| 6179 || 14.0079185650961 || 2017-07-02 05:33:04 |
| 6180 || -17.5224176185502 || 2013-11-20 02:13:59 |
| 6181 || 57.8198111377543 || 2017-01-11 05:27:29 |
| 6182 || 51.2643343343815 || 2011-08-06 15:59:07 |
| 6183 || 5.26122043928454 || 2017-12-01 00:01:26 |
| 6184 || 10.8720156362363 || 2018-01-21 01:22:40 |
| 6185 || 51.2724129249856 || 2014-03-25 20:05:49 |
| 6186 || 87.9196218610883 || 2014-03-22 21:10:12 |
| 6187 || -18.4267173315126 || 2019-07-06 07:03:40 |
| 6188 || 3.1377798784257 || 2010-08-21 04:48:57 |
| 6189 || -2.66209978640848 || 2013-06-01 16:17:43 |
| 6190 || 6.20986802375704 || 2015-03-24 10:02:20 |
| 6191 || 89.8767922288599 || 2012-05-23 01:46:55 |
| 6192 || 61.147947043267 || 2014-08-05 12:28:41 |
| 6193 || 1.35746543337398 || 2010-05-18 15:39:13 |
| 6194 || 3.26227131527005 || 2010-04-25 18:17:05 |
| 6195 || -5.99716024566079 || 2014-12-13 12:33:15 |
| 6196 || 65.0684814640352 || 2011-09-02 00:25:30 |
| 6197 || -15.3428550060407 || 2015-01-12 23:33:55 |
| 6198 || -1.0476170172501 || 2018-08-13 05:21:14 |
| 6199 || -0.782591299702458 || 2019-09-16 11:12:37 |
| 6200 || -9.75670230404996 || 2016-02-16 04:22:23 |
| 6201 || 86.2674959519202 || 2015-08-20 14:30:12 |
| 6202 || -16.0406964876342 || 2019-01-04 03:11:01 |
| 6203 || -1.88501321694822 || 2018-01-17 04:26:29 |
| 6204 || 1.30672505965566 || 2016-02-14 05:49:48 |
| 6205 || 21.8714321564877 || 2015-03-21 19:43:37 |
| 6206 || 40.2191993240968 || 2013-08-08 07:45:25 |
| 6207 || -6.28430379458418 || 2010-10-14 00:58:30 |
| 6208 || 24.4251271947931 || 2015-10-05 03:08:00 |
| 6209 || 0.125433558672982 || 2017-01-18 17:45:12 |
| 6210 || 12.9725400076924 || 2015-07-10 22:01:32 |
| 6211 || -22.7146263811454 || 2017-09-12 18:05:47 |
| 6212 || 61.6234810683467 || 2018-02-10 01:10:11 |
| 6213 || 29.3413316378122 || 2011-05-24 17:19:54 |
| 6214 || -0.000437848157084278 || 2015-10-22 06:49:05 |
| 6215 || 17.7107578184217 || 2010-11-02 11:41:15 |
| 6216 || 16.2168831960704 || 2017-11-20 16:29:39 |
| 6217 || 28.5683832859626 || 2018-09-07 13:38:35 |
| 6218 || -3.23196792670043 || 2018-01-08 23:35:11 |
| 6219 || 0.162316122391896 || 2019-08-25 20:32:17 |
| 6220 || 8.31879143810769 || 2016-06-16 12:39:48 |
| 6221 || 0.470094124110365 || 2015-01-26 23:30:09 |
| 6222 || 40.0918195930985 || 2018-11-10 08:20:06 |
| 6223 || 15.2388833712118 || 2010-06-15 09:54:50 |
| 6224 || 1.20544665285536 || 2014-02-25 17:19:56 |
| 6225 || 20.6950965007598 || 2015-04-07 00:05:42 |
| 6226 || 9.61802976538121 || 2018-07-11 20:13:58 |
| 6227 || 50.7693091205483 || 2016-07-19 18:25:52 |
| 6228 || 39.6264491998199 || 2015-12-16 06:20:36 |
| 6229 || 2.4228052487183 || 2016-04-16 00:59:16 |
| 6230 || -4.67888303729618 || 2019-02-04 00:25:30 |
| 6231 || -21.5241474613385 || 2016-12-15 19:53:02 |
| 6232 || 86.6420595705901 || 2019-10-25 11:27:16 |
| 6233 || 48.7199179746954 || 2011-04-06 15:54:14 |
| 6234 || 2.35798753775572 || 2012-01-06 17:32:53 |
| 6235 || 11.3529267482724 || 2015-10-09 21:08:12 |
| 6236 || 59.2788680845849 || 2014-07-07 21:11:44 |
| 6237 || 79.9501342193514 || 2011-02-09 03:54:12 |
| 6238 || -15.0658834457289 || 2018-08-21 03:45:24 |
| 6239 || 0.218076788060447 || 2015-01-07 23:23:11 |
| 6240 || -2.60783294739131 || 2017-12-16 09:16:00 |
| 6241 || -17.002313852673 || 2011-02-27 04:00:49 |
| 6242 || 88.0349734004649 || 2011-06-25 23:03:04 |
| 6243 || -15.4021184900841 || 2015-06-19 11:16:44 |
| 6244 || 10.8775482899642 || 2016-01-27 08:38:01 |
| 6245 || -0.12214731111862 || 2017-07-16 17:24:42 |
| 6246 || 43.277273254069 || 2014-01-27 10:46:17 |
| 6247 || 75.6212585258656 || 2017-05-06 11:10:14 |
| 6248 || -20.2342044451687 || 2014-12-17 13:06:36 |
| 6249 || 10.6346169440017 || 2014-10-20 09:04:11 |
| 6250 || 0.0602364902212624 || 2016-03-01 20:11:10 |
| 6251 || 47.5725390728515 || 2014-08-27 08:17:27 |
| 6252 || 88.2080092556786 || 2010-09-24 20:22:39 |
| 6253 || 5.69632930875513 || 2014-04-21 09:28:46 |
| 6254 || 18.7861285784802 || 2014-03-22 21:52:16 |
| 6255 || -0.480984592378073 || 2014-07-08 01:42:03 |
| 6256 || 23.0081215549346 || 2017-07-20 06:09:25 |
| 6257 || 56.9012700283235 || 2010-11-23 19:35:17 |
| 6258 || 12.1801262705623 || 2010-07-12 20:16:36 |
| 6259 || 7.010741744918 || 2017-04-11 05:48:59 |
| 6260 || -0.1315790059931 || 2011-05-24 08:12:11 |
| 6261 || 1.75706654141976 || 2011-01-09 23:34:24 |
| 6262 || 57.9723637110522 || 2011-06-05 16:14:01 |
| 6263 || 79.1170889747831 || 2016-03-14 17:34:27 |
| 6264 || -7.32895632757696 || 2014-09-04 04:08:25 |
| 6265 || -0.00729914902395631 || 2014-12-03 21:23:24 |
| 6266 || -2.47954062325869 || 2013-09-16 07:36:08 |
| 6267 || 72.1902531308535 || 2010-01-13 15:10:02 |
| 6268 || 52.1863385713335 || 2012-01-24 16:16:58 |
| 6269 || 26.4244129634308 || 2016-01-23 09:03:55 |
| 6270 || -0.0265852312501469 || 2015-05-27 11:39:20 |
| 6271 || 26.1496005674817 || 2014-06-23 04:21:37 |
| 6272 || 2.46298090663123 || 2012-08-19 03:57:23 |
| 6273 || 49.60578528128 || 2012-03-25 18:51:02 |
| 6274 || -12.9870543790489 || 2016-08-13 14:19:35 |
| 6275 || 0.940258789682827 || 2011-07-25 01:33:16 |
| 6276 || -1.1105775278013 || 2010-03-14 22:15:32 |
| 6277 || 68.7341772437696 || 2014-01-26 13:44:57 |
| 6278 || 66.5116080799237 || 2016-05-20 03:28:27 |
| 6279 || -14.1439747320893 || 2010-02-01 06:54:48 |
| 6280 || 0.248741009213427 || 2016-10-11 07:06:56 |
| 6281 || 6.84332966412209 || 2014-10-17 05:49:59 |
| 6282 || 16.0748576898222 || 2018-08-13 15:14:59 |
| 6283 || 27.6266835700504 || 2019-02-27 00:19:55 |
| 6284 || 36.9725132388748 || 2012-02-12 19:48:54 |
| 6285 || 4.28222627403259 || 2012-02-25 18:02:51 |
| 6286 || -0.793405620514451 || 2010-04-04 18:38:37 |
| 6287 || 37.9609447636757 || 2012-04-08 12:12:22 |
| 6288 || 54.6069614285101 || 2016-04-21 02:35:28 |
| 6289 || 38.2433293592911 || 2015-08-19 21:31:14 |
| 6290 || 5.18820540973508 || 2015-11-24 15:27:52 |
| 6291 || 9.45396213673126 || 2019-04-12 08:19:21 |
| 6292 || -6.08672032738415 || 2010-07-17 04:58:21 |
| 6293 || 50.579017748369 || 2013-02-20 10:22:32 |
| 6294 || 11.4562049819187 || 2015-01-27 13:54:24 |
| 6295 || 10.3599564640783 || 2016-05-10 08:10:07 |
| 6296 || -0.779765685594877 || 2016-08-09 06:50:45 |
| 6297 || -10.4020119537829 || 2013-09-04 09:45:20 |
| 6298 || 67.0361061499981 || 2014-07-18 10:46:38 |
| 6299 || -0.348941435316706 || 2017-06-11 07:07:31 |
| 6300 || 12.2036469068552 || 2011-06-13 12:52:54 |
| 6301 || 2.55029377341043 || 2012-12-05 05:05:46 |
| 6302 || 3.32061446223496 || 2011-04-05 16:34:57 |
| 6303 || 13.8205989231032 || 2010-02-24 17:01:43 |
| 6304 || 10.402021083112 || 2017-05-05 23:37:23 |
| 6305 || 1.26292560898607 || 2011-06-27 06:37:32 |
| 6306 || -0.0340547698479289 || 2019-01-06 16:50:36 |
| 6307 || 30.4266345773714 || 2013-08-26 10:24:37 |
| 6308 || 17.4796910204926 || 2010-04-14 15:13:04 |
| 6309 || 73.8936930041397 || 2010-06-15 04:56:30 |
| 6310 || 7.7766326665891 || 2014-09-12 02:36:50 |
| 6311 || -0.159344732191418 || 2019-02-12 14:12:08 |
| 6312 || 30.8073554093887 || 2017-07-19 03:16:22 |
| 6313 || -20.7677464749126 || 2017-04-01 03:04:06 |
| 6314 || -21.8461943353136 || 2013-07-04 02:48:28 |
| 6315 || 14.6746041779711 || 2014-10-07 00:43:55 |
| 6316 || -0.021723459000347 || 2017-09-18 22:00:50 |
| 6317 || 6.72233609574239 || 2011-09-27 04:31:02 |
| 6318 || -26.9109320009819 || 2011-03-02 05:05:17 |
| 6319 || 30.7460959380302 || 2010-03-19 01:05:11 |
| 6320 || 32.1334650316358 || 2017-12-10 04:55:27 |
| 6321 || 0.00918244455330165 || 2013-03-23 16:04:45 |
| 6322 || 27.3174477652586 || 2019-07-27 01:33:06 |
| 6323 || -18.1038337046435 || 2017-12-18 12:21:48 |
| 6324 || 9.60216566524136 || 2012-06-18 09:18:14 |
| 6325 || 18.102494625961 || 2017-04-22 01:10:42 |
| 6326 || 0.695208995539547 || 2016-11-05 09:20:35 |
| 6327 || -5.49671092941098 || 2016-06-02 09:47:56 |
| 6328 || -1.22158129610743 || 2017-07-02 12:33:59 |
| 6329 || 3.05469970724096 || 2015-08-06 01:01:46 |
| 6330 || 30.5014381712075 || 2017-08-19 16:40:50 |
| 6331 || 1.96541935570928 || 2015-10-25 22:01:59 |
| 6332 || -1.16058512807684 || 2010-08-04 18:30:58 |
| 6333 || -8.68459840482542 || 2019-11-03 01:07:52 |
| 6334 || 2.86966896490578 || 2012-01-02 23:01:57 |
| 6335 || 11.150453627666 || 2016-03-08 05:14:43 |
| 6336 || 2.47574681029509 || 2013-02-21 23:41:16 |
| 6337 || -2.69600409512677 || 2014-11-14 19:29:12 |
| 6338 || 37.6921320781464 || 2015-03-02 11:43:41 |
| 6339 || -29.8015165164703 || 2013-12-12 07:45:21 |
| 6340 || -18.0768141058341 || 2010-07-10 10:51:47 |
| 6341 || -2.17230259940168 || 2010-10-21 22:58:47 |
| 6342 || 4.61094026537337 || 2015-01-06 03:37:52 |
| 6343 || -2.04633259127654 || 2012-12-09 01:12:27 |
| 6344 || 15.4047129330119 || 2016-02-17 11:10:48 |
| 6345 || 8.60653799500017 || 2011-09-15 07:12:27 |
| 6346 || -3.13408159738414 || 2011-01-27 02:04:19 |
| 6347 || 6.86582599024696 || 2013-02-18 21:59:20 |
| 6348 || -18.1536981659489 || 2013-08-05 13:57:05 |
| 6349 || -17.9004355936842 || 2017-11-03 08:02:40 |
| 6350 || -17.0446260836633 || 2010-11-27 22:56:53 |
| 6351 || 13.1257651589721 || 2018-09-19 06:59:24 |
| 6352 || 3.96290080227727 || 2013-06-17 10:15:24 |
| 6353 || -6.00698894218982 || 2011-11-16 02:43:34 |
| 6354 || -10.2222625410439 || 2012-02-04 18:21:01 |
| 6355 || 69.3124816564371 || 2017-11-12 02:49:21 |
| 6356 || 17.4156846698014 || 2012-10-15 20:28:03 |
| 6357 || -0.622302194866547 || 2010-02-10 06:41:35 |
| 6358 || -11.0655191245093 || 2018-05-19 03:29:47 |
| 6359 || -27.6562590492354 || 2016-08-21 23:53:38 |
| 6360 || 48.8357342958992 || 2011-05-20 15:54:35 |
| 6361 || -7.00472152978001 || 2011-05-07 06:44:26 |
| 6362 || -0.293036889291608 || 2013-04-19 06:17:19 |
| 6363 || 17.5622308824193 || 2017-03-17 21:45:47 |
| 6364 || 15.0535591798471 || 2017-04-05 13:20:47 |
| 6365 || 5.18036984460754 || 2011-06-05 11:41:05 |
| 6366 || -0.000863033601461568 || 2014-07-22 12:15:37 |
| 6367 || 0.0662121694754779 || 2018-09-07 16:19:01 |
| 6368 || -9.59361064078913 || 2019-04-07 02:44:27 |
| 6369 || -10.4549363627646 || 2012-02-11 15:24:53 |
| 6370 || 36.5359170663735 || 2015-10-21 19:00:50 |
| 6371 || 31.8684437524479 || 2016-01-14 02:33:52 |
| 6372 || 0.0254455255951049 || 2019-03-04 21:00:01 |
| 6373 || 27.8019906290271 || 2016-05-21 08:23:26 |
| 6374 || -20.9082489797236 || 2010-01-07 14:53:12 |
| 6375 || 84.1108319833488 || 2018-08-02 14:51:12 |
| 6376 || 33.6505801621114 || 2019-02-05 19:16:05 |
| 6377 || 0.143570216069187 || 2015-05-10 03:15:40 |
| 6378 || 5.83294533824249 || 2017-04-20 13:06:02 |
| 6379 || -24.8492274352887 || 2014-12-12 23:59:18 |
| 6380 || 4.30817061584833 || 2011-09-25 11:48:30 |
| 6381 || -7.35854969052882 || 2012-04-01 12:16:32 |
| 6382 || 0.28155393475636 || 2019-08-06 04:44:27 |
| 6383 || -5.21080554746025 || 2010-11-10 12:23:36 |
| 6384 || -9.61456113660671 || 2015-10-23 20:01:49 |
| 6385 || 62.8333082491105 || 2015-10-23 16:04:00 |
| 6386 || 35.9374943745046 || 2013-10-10 23:52:03 |
| 6387 || 1.18736184004567 || 2016-11-21 14:22:10 |
| 6388 || 13.3651891580241 || 2013-01-12 01:05:05 |
| 6389 || 44.2138545049449 || 2011-01-16 09:19:16 |
| 6390 || 83.2216548588009 || 2010-09-01 14:15:55 |
| 6391 || 2.39834644047776 || 2011-03-04 10:22:46 |
| 6392 || 4.22738775499495 || 2015-02-27 07:49:06 |
| 6393 || 10.6585699563038 || 2011-05-11 00:29:40 |
| 6394 || 9.17960916769964 || 2019-10-04 15:35:22 |
| 6395 || 67.675869239669 || 2019-04-06 02:03:34 |
| 6396 || 33.3944710338014 || 2014-05-02 14:47:29 |
| 6397 || 6.88229386675925 || 2016-02-11 16:03:24 |
| 6398 || 4.27608262118985 || 2016-06-14 16:16:53 |
| 6399 || -6.21261945527413 || 2010-11-14 14:18:48 |
| 6400 || -28.0055668648363 || 2011-01-22 23:30:40 |
| 6401 || 8.92425403541614 || 2019-12-03 18:26:42 |
| 6402 || -4.18603385699174 || 2012-03-22 15:25:59 |
| 6403 || 0.937324759134017 || 2013-09-18 21:53:15 |
| 6404 || 26.3071736095366 || 2017-09-14 02:14:32 |
| 6405 || -16.9424337705119 || 2015-03-01 16:24:24 |
| 6406 || 24.1847497547453 || 2012-07-07 04:38:43 |
| 6407 || -4.89395017101767 || 2018-01-01 00:36:43 |
| 6408 || -0.870368047172437 || 2018-11-13 14:12:35 |
| 6409 || 7.69729495894104 || 2019-04-21 04:44:58 |
| 6410 || -28.6491007506668 || 2017-01-17 00:59:34 |
| 6411 || 0.73237408913232 || 2015-11-21 23:37:45 |
| 6412 || 17.2756997525182 || 2011-01-05 21:05:22 |
| 6413 || 0.307375014523065 || 2018-10-10 19:26:35 |
| 6414 || 37.2899032720372 || 2010-03-05 10:59:48 |
| 6415 || -12.8073961517798 || 2014-08-09 01:20:33 |
| 6416 || 4.277948811355 || 2012-08-03 05:23:22 |
| 6417 || 1.50749224493251 || 2010-08-18 21:48:52 |
| 6418 || 0.129591210790858 || 2014-04-25 05:33:14 |
| 6419 || 8.08165219167671 || 2017-07-06 22:54:33 |
| 6420 || -3.1522348082879 || 2015-11-20 13:15:15 |
| 6421 || 50.7403687382824 || 2011-04-13 18:38:19 |
| 6422 || 19.6922734484474 || 2019-03-14 15:08:45 |
| 6423 || 0.00245745694781641 || 2012-09-05 08:51:02 |
| 6424 || 24.2077527431266 || 2012-10-05 12:13:51 |
| 6425 || -21.5232680902317 || 2018-05-05 10:50:39 |
| 6426 || -3.50565213352435 || 2011-12-10 13:31:22 |
| 6427 || 35.7902545205177 || 2014-04-02 06:54:42 |
| 6428 || 0.169505481713457 || 2018-03-01 08:27:36 |
| 6429 || 11.6501288905602 || 2015-06-08 07:41:56 |
| 6430 || 58.7008151714335 || 2016-09-27 10:13:11 |
| 6431 || -0.095553933210205 || 2013-10-03 02:03:58 |
| 6432 || -8.42160749232591 || 2010-03-22 07:50:42 |
| 6433 || 0.844600787659694 || 2019-04-14 04:52:52 |
| 6434 || -5.87646834260121 || 2014-05-06 03:14:29 |
| 6435 || -23.3306869910647 || 2014-10-17 14:17:04 |
| 6436 || 88.0233975184352 || 2012-01-18 02:32:09 |
| 6437 || 37.7104701677089 || 2010-02-24 12:08:07 |
| 6438 || 3.25121069725974 || 2016-11-11 13:20:52 |
| 6439 || -4.22539856047211 || 2011-07-15 13:33:41 |
| 6440 || 3.08682830685624 || 2013-02-04 16:37:51 |
| 6441 || -5.01131413726612 || 2014-06-10 22:14:03 |
| 6442 || -9.1360809115126 || 2014-05-02 11:51:48 |
| 6443 || 1.63553641679331 || 2010-12-25 21:01:48 |
| 6444 || 0.330279084422109 || 2015-03-12 20:00:51 |
| 6445 || -16.1024537902668 || 2016-06-25 22:35:13 |
| 6446 || 11.410871646048 || 2016-02-20 19:00:14 |
| 6447 || 57.5912092758809 || 2017-08-19 23:17:18 |
| 6448 || 2.80596278566475 || 2010-02-09 05:24:12 |
| 6449 || 7.24064108454552 || 2015-02-15 22:56:54 |
| 6450 || -17.1342894978307 || 2014-04-15 08:09:34 |
| 6451 || 65.7259928758918 || 2018-09-14 07:18:35 |
| 6452 || 1.2964893241365 || 2015-10-19 13:26:12 |
| 6453 || 9.21756763818319 || 2019-08-25 01:59:29 |
| 6454 || 2.83321234456838 || 2017-02-23 16:59:48 |
| 6455 || 4.88926702712542 || 2015-01-13 22:10:32 |
| 6456 || 86.4403623205993 || 2011-02-14 00:11:59 |
| 6457 || -22.1312800446116 || 2010-03-11 16:12:49 |
| 6458 || 9.90233057352196 || 2015-05-14 03:01:21 |
| 6459 || 0.822896526011124 || 2018-11-11 03:57:39 |
| 6460 || 38.6488098452743 || 2016-09-06 14:45:40 |
| 6461 || 62.033949971256 || 2011-11-16 11:47:17 |
| 6462 || -23.0401894784069 || 2018-11-07 15:55:03 |
| 6463 || 17.8340436415959 || 2015-02-14 05:57:03 |
| 6464 || 1.13071960355116 || 2018-06-05 13:47:42 |
| 6465 || 22.2994617383288 || 2017-12-18 22:07:42 |
| 6466 || -28.585333147555 || 2017-10-16 13:19:26 |
| 6467 || 33.3291946522825 || 2015-02-23 22:02:15 |
| 6468 || 22.4704094023288 || 2015-02-16 10:06:17 |
| 6469 || 0.201127296302493 || 2016-04-23 16:41:34 |
| 6470 || -11.810594767392 || 2017-04-16 03:10:54 |
| 6471 || 82.3715289936945 || 2019-11-02 19:20:19 |
| 6472 || -24.2020482822491 || 2015-10-18 22:26:34 |
| 6473 || -5.43850692838157 || 2018-04-11 10:38:09 |
| 6474 || 0.00020045552337841 || 2015-08-10 15:29:41 |
| 6475 || 3.18679732910935 || 2015-07-08 02:45:30 |
| 6476 || -14.7514199499087 || 2013-02-03 18:25:59 |
| 6477 || 34.0548251131778 || 2018-04-03 08:40:47 |
| 6478 || -3.02936681685299 || 2012-02-20 07:09:49 |
| 6479 || 0.178593040081914 || 2014-05-12 11:40:32 |
| 6480 || 22.6579607287093 || 2016-12-03 21:53:16 |
| 6481 || 72.4497295084175 || 2018-06-08 18:30:44 |
| 6482 || 1.75354212848784 || 2011-07-01 18:08:29 |
| 6483 || -12.4988172614127 || 2012-06-01 23:34:46 |
| 6484 || -0.395566781941919 || 2017-11-18 22:59:27 |
| 6485 || 11.6615289765718 || 2013-01-10 16:46:37 |
| 6486 || -15.9628886277425 || 2012-10-26 09:18:48 |
| 6487 || 64.3940140063364 || 2015-07-06 19:50:46 |
| 6488 || 2.02410457998464 || 2011-10-12 20:47:10 |
| 6489 || 2.86227324539597 || 2015-01-24 11:51:26 |
| 6490 || 8.85762812134237 || 2010-06-23 03:58:56 |
| 6491 || 62.8460326334179 || 2015-04-27 13:32:08 |
| 6492 || 86.5512390988168 || 2012-02-04 10:47:09 |
| 6493 || 44.3541872459358 || 2015-06-01 20:07:06 |
| 6494 || 4.58311021285018 || 2014-05-13 18:19:04 |
| 6495 || 10.4880107468143 || 2012-02-14 05:51:34 |
| 6496 || -19.0983598459285 || 2013-06-22 04:09:08 |
| 6497 || 53.3312323754992 || 2018-02-23 09:14:44 |
| 6498 || -11.1836526846806 || 2015-09-11 11:55:03 |
| 6499 || 7.1841626978748 || 2019-06-27 23:14:20 |
| 6500 || 2.23110290419713 || 2018-08-11 11:32:58 |
| 6501 || -19.1981421237996 || 2019-10-27 06:19:54 |
| 6502 || 89.8665351241156 || 2016-02-25 09:06:59 |
| 6503 || 59.4590600764655 || 2017-11-06 19:36:54 |
| 6504 || -3.67211478743218 || 2011-09-05 21:19:34 |
| 6505 || 2.31878881071392 || 2019-06-03 13:43:45 |
| 6506 || -7.06933977459302 || 2012-12-07 13:11:57 |
| 6507 || 9.66455185754752 || 2011-10-03 15:40:19 |
| 6508 || 33.4794243413804 || 2013-11-02 01:54:30 |
| 6509 || 12.4172000439499 || 2011-02-22 18:04:03 |
| 6510 || 2.91313164212188 || 2010-03-15 02:04:38 |
| 6511 || -8.21821551822251 || 2013-02-26 12:12:57 |
| 6512 || -4.52601361385755 || 2015-11-26 10:50:57 |
| 6513 || 50.6226495931528 || 2012-12-16 21:33:44 |
| 6514 || 10.1147276246371 || 2014-10-02 12:36:35 |
| 6515 || 0.17114583930986 || 2016-10-18 10:10:33 |
| 6516 || 33.1432738116785 || 2012-02-10 01:55:07 |
| 6517 || 79.7090556479837 || 2014-02-06 07:14:46 |
| 6518 || -24.2496008757681 || 2019-01-08 15:42:12 |
| 6519 || 9.28052865438218 || 2018-11-19 21:07:09 |
| 6520 || 0.471354441666898 || 2016-10-13 03:03:07 |
| 6521 || 23.9487417779574 || 2011-10-09 17:24:27 |
| 6522 || 15.4015490161455 || 2014-01-01 15:50:24 |
| 6523 || 78.7585907433249 || 2017-10-22 19:39:01 |
| 6524 || -9.6406143995579 || 2018-04-16 23:40:05 |
| 6525 || -0.004620741570392 || 2019-04-14 00:05:36 |
| 6526 || -0.00730680452312948 || 2019-06-24 04:27:13 |
| 6527 || 54.0128475801011 || 2018-09-24 02:36:07 |
| 6528 || 82.4684105721748 || 2017-02-11 07:11:01 |
| 6529 || -0.975286598549636 || 2010-06-21 09:24:03 |
| 6530 || 0.0703533939784601 || 2012-12-08 18:19:36 |
| 6531 || 20.9453568943928 || 2019-12-09 09:42:51 |
| 6532 || -21.8411030664397 || 2015-03-08 04:42:42 |
| 6533 || 41.7215904854148 || 2019-09-18 10:18:10 |
| 6534 || 35.2849495874321 || 2014-02-11 19:05:00 |
| 6535 || -0.348110618121573 || 2018-10-13 02:17:09 |
| 6536 || -3.37076337461023 || 2010-05-07 06:51:40 |
| 6537 || 71.6937770439017 || 2015-10-22 16:54:00 |
| 6538 || 22.2596636964886 || 2010-08-07 15:03:46 |
| 6539 || 23.4380958688435 || 2017-03-12 07:58:14 |
| 6540 || -0.792937575513084 || 2015-07-07 13:32:48 |
| 6541 || -2.09849166179529 || 2017-03-04 23:47:27 |
| 6542 || 7.24878214885417 || 2019-02-08 18:46:08 |
| 6543 || 66.9237076538527 || 2011-02-10 16:39:21 |
| 6544 || 38.699718100267 || 2018-08-04 14:43:45 |
| 6545 || 2.33748593876415 || 2011-10-20 07:21:38 |
| 6546 || 3.56006269464782 || 2012-08-10 00:27:39 |
| 6547 || -21.2789330801272 || 2011-12-15 04:43:33 |
| 6548 || 28.6777965127289 || 2019-02-01 00:34:39 |
| 6549 || 51.417314992262 || 2018-10-24 11:58:00 |
| 6550 || 6.05091134989651 || 2016-05-04 06:23:03 |
| 6551 || 8.75107838545051 || 2013-06-27 18:45:08 |
| 6552 || 16.0732183541182 || 2016-08-27 13:48:20 |
| 6553 || 5.97854486279448 || 2015-12-04 01:47:09 |
| 6554 || 47.0707069978882 || 2018-01-11 20:05:09 |
| 6555 || -1.834187967627 || 2011-05-24 18:22:08 |
| 6556 || 5.58243449503614 || 2013-01-08 01:43:42 |
| 6557 || 3.96842731792939 || 2012-03-23 10:17:45 |
| 6558 || 76.8956093996571 || 2019-07-20 18:26:52 |
| 6559 || -20.9374120293128 || 2014-01-12 16:25:07 |
| 6560 || -3.50997208965633 || 2010-12-01 17:59:12 |
| 6561 || -0.0502466590138363 || 2014-06-05 14:51:22 |
| 6562 || 45.3611309000654 || 2010-03-14 16:58:48 |
| 6563 || -12.6049440371478 || 2010-11-01 08:10:54 |
| 6564 || 6.20207033864842 || 2012-04-22 13:37:41 |
| 6565 || 15.8038338186995 || 2018-01-27 20:15:26 |
| 6566 || -0.350646173506459 || 2015-10-01 13:30:57 |
| 6567 || -13.6199575685736 || 2013-09-08 20:51:17 |
| 6568 || 47.8356104979745 || 2010-05-08 17:02:03 |
| 6569 || -23.6669412391154 || 2010-04-14 07:32:10 |
| 6570 || 18.7725048440574 || 2012-09-17 05:51:32 |
| 6571 || 0.168982086725184 || 2019-11-12 04:34:46 |
| 6572 || 11.2921794769013 || 2015-01-24 14:15:06 |
| 6573 || 22.3032779480599 || 2013-01-10 10:02:30 |
| 6574 || -6.73753352493899 || 2014-11-04 23:39:04 |
| 6575 || 26.6258176851296 || 2013-12-02 18:49:52 |
| 6576 || -0.0150264105112912 || 2010-08-21 23:40:25 |
| 6577 || -10.6059743139212 || 2018-02-24 18:10:52 |
| 6578 || -2.42130021817518 || 2010-08-21 22:10:59 |
| 6579 || 78.9162999338502 || 2011-10-23 09:45:47 |
| 6580 || -1.64481549137204 || 2015-07-17 09:53:33 |
| 6581 || 0.115281454961876 || 2019-04-21 08:47:57 |
| 6582 || 25.2211483885232 || 2011-03-24 16:53:20 |
| 6583 || 9.18525889481701 || 2019-11-06 06:12:32 |
| 6584 || 57.1939358001686 || 2019-08-15 16:50:32 |
| 6585 || 37.6197395862899 || 2013-05-20 12:44:33 |
| 6586 || 0.0314384138857753 || 2019-06-25 12:11:09 |
| 6587 || 20.829234783953 || 2016-08-16 14:24:07 |
| 6588 || 43.4379282270196 || 2015-05-16 12:47:47 |
| 6589 || 19.7783052357687 || 2019-10-01 02:08:22 |
| 6590 || -9.88515451559746 || 2016-03-02 10:22:49 |
| 6591 || 0.754930129658868 || 2016-02-27 09:48:59 |
| 6592 || 8.40346187544424 || 2010-10-23 19:02:14 |
| 6593 || 17.7318531233189 || 2014-05-17 18:06:19 |
| 6594 || 7.26708029052497 || 2012-09-01 15:09:19 |
| 6595 || 37.043476634066 || 2012-07-24 23:30:31 |
| 6596 || -1.34753956464493 || 2017-06-27 07:58:18 |
| 6597 || 5.38244256382099 || 2015-10-16 08:02:11 |
| 6598 || -19.9694049739397 || 2013-01-08 00:24:34 |
| 6599 || 89.6660476596608 || 2018-02-23 23:52:29 |
| 6600 || 0.801786967275806 || 2013-09-19 07:50:33 |
| 6601 || 1.12459209464963 || 2019-04-04 13:38:21 |
| 6602 || 3.12743994055716 || 2018-07-19 14:23:28 |
| 6603 || -19.4991555323197 || 2012-08-24 13:05:22 |
| 6604 || 58.3290228528034 || 2019-07-06 22:29:24 |
| 6605 || -14.15639948103 || 2010-09-16 06:10:47 |
| 6606 || -2.96271990668838 || 2018-08-21 12:26:58 |
| 6607 || 5.95916414758817 || 2016-03-24 06:31:52 |
| 6608 || 13.924255851187 || 2010-02-19 05:44:37 |
| 6609 || 7.39122412478802 || 2015-04-22 08:52:30 |
| 6610 || 56.967267477485 || 2016-05-18 03:26:34 |
| 6611 || -4.46872197849829 || 2014-06-27 06:28:46 |
| 6612 || 4.09344332947475 || 2019-09-16 20:43:28 |
| 6613 || 45.8380485871741 || 2012-06-21 17:01:45 |
| 6614 || 13.033448978592 || 2014-02-03 23:44:22 |
| 6615 || 60.2184863412226 || 2010-06-11 16:44:26 |
| 6616 || -1.8691416594276 || 2017-10-26 22:36:09 |
| 6617 || -0.708614755663044 || 2015-06-18 04:36:45 |
| 6618 || -10.2436150272443 || 2016-12-20 00:01:23 |
| 6619 || 12.7986885594018 || 2017-07-06 01:30:48 |
| 6620 || 56.032064328939 || 2017-03-19 22:40:01 |
| 6621 || 4.15922742625606 || 2013-12-13 21:41:44 |
| 6622 || -0.276116176600113 || 2018-07-01 14:33:09 |
| 6623 || 16.7278418418983 || 2019-01-02 12:19:01 |
| 6624 || -9.72242683261403 || 2017-01-12 11:22:27 |
| 6625 || 44.4699049553495 || 2018-01-22 02:18:30 |
| 6626 || 0.834355644110082 || 2015-12-26 16:15:46 |
| 6627 || -0.0314100692127621 || 2013-07-24 09:30:13 |
| 6628 || -10.9941162511912 || 2019-10-24 23:08:32 |
| 6629 || -24.9372536460242 || 2012-12-18 12:50:45 |
| 6630 || 3.19543223454232 || 2012-12-10 11:52:48 |
| 6631 || -4.75298028804112 || 2010-09-24 05:31:47 |
| 6632 || 0.00736675794476766 || 2015-01-18 12:38:02 |
| 6633 || 7.31927882268073 || 2016-09-16 23:25:25 |
| 6634 || 74.3281995595976 || 2019-05-12 01:18:42 |
| 6635 || 1.64215962715489 || 2016-01-25 12:32:44 |
| 6636 || -12.0145989762183 || 2018-07-01 08:26:09 |
| 6637 || 0.646541606532952 || 2013-05-05 21:10:25 |
| 6638 || 3.34865284496703 || 2018-11-20 05:17:58 |
| 6639 || 21.0943829128206 || 2011-07-15 15:23:30 |
| 6640 || -4.18763850341339 || 2012-01-05 20:32:21 |
| 6641 || -11.7378997481378 || 2018-03-17 17:47:05 |
| 6642 || 0.502636361404398 || 2014-09-26 11:25:16 |
| 6643 || 1.66349127540017 || 2013-03-10 07:02:02 |
| 6644 || 63.8495546812964 || 2015-11-06 19:41:48 |
| 6645 || 88.4040584055676 || 2015-09-10 08:13:50 |
| 6646 || -11.2607796760698 || 2014-06-23 15:59:28 |
| 6647 || 1.02443482191595 || 2018-11-03 03:01:48 |
| 6648 || -0.639333719007289 || 2012-03-17 09:26:47 |
| 6649 || 1.43788331354942 || 2011-03-13 04:16:46 |
| 6650 || -23.1383144080477 || 2014-08-07 14:47:19 |
| 6651 || 53.0827920557684 || 2019-01-15 15:43:50 |
| 6652 || 5.54835939693979 || 2017-10-01 10:08:52 |
| 6653 || 6.59252064396815 || 2011-10-26 00:31:19 |
| 6654 || 45.5604629105787 || 2016-01-05 22:34:15 |
| 6655 || 74.4511703842897 || 2012-09-09 02:12:29 |
| 6656 || -19.3958461519218 || 2015-06-05 17:02:46 |
| 6657 || -1.92350284220655 || 2010-12-21 17:33:14 |
| 6658 || 1.66958787793891 || 2015-08-22 19:31:47 |
| 6659 || 19.5889375162736 || 2012-05-09 10:59:51 |
| 6660 || 80.2606797375898 || 2017-05-14 18:30:15 |
| 6661 || 63.4546997913366 || 2011-08-16 09:59:40 |
| 6662 || 8.57863050577823 || 2011-09-17 06:16:42 |
| 6663 || 3.09239457023463 || 2017-04-12 00:08:17 |
| 6664 || -4.7112805209627 || 2010-05-21 13:50:16 |
| 6665 || 71.5905254267342 || 2016-09-26 05:58:30 |
| 6666 || 66.2092095787407 || 2015-05-07 05:06:48 |
| 6667 || 9.55342000363158 || 2018-01-14 13:56:16 |
| 6668 || 1.10562484408439 || 2019-04-07 10:08:37 |
| 6669 || 25.8693747295326 || 2015-09-16 11:55:22 |
| 6670 || 11.1837097697925 || 2012-02-13 00:43:26 |
| 6671 || -24.4142591517507 || 2013-06-09 04:30:49 |
| 6672 || -5.43739473225187 || 2013-02-13 06:45:09 |
| 6673 || -0.269074578075564 || 2014-07-27 18:13:27 |
| 6674 || -5.74439362953804 || 2015-07-24 09:40:19 |
| 6675 || 0.150271006319462 || 2012-06-27 13:21:49 |
| 6676 || 71.9697481138526 || 2017-03-08 06:34:06 |
| 6677 || -6.5038278325721 || 2018-07-07 03:04:03 |
| 6678 || -0.0608350198900417 || 2019-07-19 17:31:04 |
| 6679 || -8.20862480312644 || 2010-09-07 08:29:53 |
| 6680 || 79.1672500186021 || 2017-12-23 01:39:55 |
| 6681 || 63.641132529748 || 2014-04-02 07:29:02 |
| 6682 || 15.2011008136621 || 2018-02-01 15:08:02 |
| 6683 || 0.0122282570072129 || 2018-12-13 10:23:29 |
| 6684 || -8.80028912744946 || 2019-10-11 02:22:47 |
| 6685 || 77.2307104725721 || 2016-02-19 18:48:15 |
| 6686 || -25.5235970240947 || 2019-05-12 00:06:34 |
| 6687 || 20.3343912848797 || 2017-06-25 07:08:00 |
| 6688 || -0.0768919287443254 || 2012-01-16 18:25:02 |
| 6689 || -7.43461944141282 || 2018-07-22 22:06:19 |
| 6690 || -12.046613244213 || 2014-02-10 16:55:09 |
| 6691 || 33.6404523043992 || 2017-08-14 14:52:04 |
| 6692 || 40.7201927029512 || 2014-09-18 09:18:24 |
| 6693 || -0.465909925423672 || 2010-09-22 04:09:08 |
| 6694 || -2.87929704191179 || 2017-07-03 06:41:18 |
| 6695 || 70.1996234933181 || 2013-08-23 11:54:05 |
| 6696 || 87.9604779032809 || 2014-02-27 02:23:54 |
| 6697 || -14.5706109876035 || 2012-10-26 16:01:27 |
| 6698 || -0.342768214515602 || 2017-01-26 20:21:20 |
| 6699 || 11.4930533360218 || 2018-03-12 11:09:12 |
| 6700 || 66.7132390894796 || 2012-09-09 18:10:11 |
| 6701 || -29.7667375318071 || 2012-04-27 06:27:02 |
| 6702 || 13.4379491043247 || 2012-03-20 06:49:19 |
| 6703 || 2.9377187590814 || 2012-01-14 03:46:01 |
| 6704 || -3.74404888198977 || 2014-11-06 01:24:44 |
| 6705 || 9.81707914290014 || 2010-09-15 08:00:21 |
| 6706 || -26.2951513263182 || 2017-01-06 01:19:51 |
| 6707 || 57.6378801673678 || 2018-09-05 12:47:13 |
| 6708 || -2.88238886027078 || 2010-10-22 05:00:11 |
| 6709 || 6.1409058287734 || 2011-03-07 20:36:22 |
| 6710 || -12.2249726050502 || 2017-12-21 08:56:12 |
| 6711 || 80.4095362325135 || 2018-07-08 07:41:58 |
| 6712 || -15.5142580471401 || 2015-03-17 05:56:45 |
| 6713 || 11.660459109834 || 2010-03-03 02:12:57 |
| 6714 || -1.32599269521984 || 2012-10-25 02:23:21 |
| 6715 || 39.8995414407207 || 2017-08-06 23:18:40 |
| 6716 || 59.1880692813693 || 2010-03-27 22:36:23 |
| 6717 || 52.5793632326704 || 2018-11-19 19:58:09 |
| 6718 || 4.87195471041383 || 2014-03-07 13:57:57 |
| 6719 || 2.82811980234251 || 2018-06-21 14:47:24 |
| 6720 || 42.6502021649056 || 2018-11-27 22:56:40 |
| 6721 || 42.7350382848194 || 2015-12-01 22:26:57 |
| 6722 || 54.2573570651006 || 2015-01-16 19:30:34 |
| 6723 || 0.885292882878086 || 2017-03-09 15:33:23 |
| 6724 || -0.0585611828306892 || 2014-03-09 18:47:11 |
| 6725 || -12.6921420252824 || 2013-11-22 00:14:41 |
| 6726 || 29.010169244019 || 2018-11-05 02:59:33 |
| 6727 || 74.6635766185695 || 2013-07-24 07:38:14 |
| 6728 || 14.0784251996928 || 2017-05-02 06:42:36 |
| 6729 || 0.299556067598523 || 2016-08-23 18:32:38 |
| 6730 || -7.51584711205038 || 2015-10-18 03:21:11 |
| 6731 || -24.0143867711271 || 2018-05-19 11:03:16 |
| 6732 || 76.2901754130921 || 2016-11-14 17:00:29 |
| 6733 || 29.8782012654766 || 2018-09-10 04:23:33 |
| 6734 || 0.000147398592464811 || 2016-02-21 07:40:26 |
| 6735 || -5.79067793369109 || 2010-12-16 22:41:19 |
| 6736 || -26.0000511371393 || 2019-08-14 13:27:48 |
| 6737 || 42.5134321174803 || 2019-05-15 19:55:55 |
| 6738 || -3.9390058481588 || 2018-04-10 20:58:18 |
| 6739 || 0.246120313587527 || 2016-04-15 16:36:29 |
| 6740 || 15.2209325710478 || 2019-10-26 20:03:40 |
| 6741 || 62.3406096141843 || 2010-02-23 21:15:24 |
| 6742 || 8.32131976705035 || 2016-05-21 08:40:35 |
| 6743 || -6.31039165712677 || 2014-03-03 05:26:40 |
| 6744 || 1.19415458250247 || 2018-04-16 11:44:38 |
| 6745 || -1.37083242035347 || 2011-07-25 21:38:26 |
| 6746 || -23.261896183402 || 2013-01-10 04:08:33 |
| 6747 || 74.4287108103955 || 2014-08-18 13:40:36 |
| 6748 || 5.98243110313971 || 2010-02-13 19:39:13 |
| 6749 || 0.192259277596711 || 2012-06-02 17:08:42 |
| 6750 || 15.5029375125174 || 2011-07-16 20:41:27 |
| 6751 || 62.2335276783427 || 2017-12-16 07:04:33 |
| 6752 || 85.7617010011849 || 2012-04-23 13:33:47 |
| 6753 || -9.28755559752707 || 2019-09-15 08:39:55 |
| 6754 || 1.26820290403043 || 2014-09-18 06:32:50 |
| 6755 || 6.55460232074037 || 2010-08-11 04:16:24 |
| 6756 || 28.5558194009399 || 2019-12-16 11:24:08 |
| 6757 || 45.0963829650263 || 2012-04-09 07:52:10 |
| 6758 || 43.6171702360396 || 2017-12-12 21:27:26 |
| 6759 || -2.12954593260704 || 2011-06-17 13:17:58 |
| 6760 || 6.50255847813433 || 2010-02-26 08:16:23 |
| 6761 || 38.653499100266 || 2015-01-19 09:16:17 |
| 6762 || -24.4139072103985 || 2011-04-19 22:30:33 |
| 6763 || 62.1271971518711 || 2015-02-12 22:19:37 |
| 6764 || 7.16791871525224 || 2017-05-12 22:35:54 |
| 6765 || -0.734292068575355 || 2010-04-10 12:07:03 |
| 6766 || 52.1251599793714 || 2019-01-12 04:18:25 |
| 6767 || 54.1341090864028 || 2016-05-01 03:05:16 |
| 6768 || -10.8529696309295 || 2011-03-16 10:00:07 |
| 6769 || 15.2976698645008 || 2011-01-09 17:49:06 |
| 6770 || 0.984193129173982 || 2017-08-23 19:59:33 |
| 6771 || 29.1264083987331 || 2018-01-13 17:01:42 |
| 6772 || 56.3981857108564 || 2010-04-25 00:41:54 |
| 6773 || 56.3815213771562 || 2013-02-04 18:11:45 |
| 6774 || 11.1229569740454 || 2011-02-22 08:58:18 |
| 6775 || 0.792985170098618 || 2016-07-22 21:28:38 |
| 6776 || 36.3706822402048 || 2010-06-10 23:51:57 |
| 6777 || -18.8878206118583 || 2013-01-24 08:27:01 |
| 6778 || 26.8391997002348 || 2016-04-07 04:50:26 |
| 6779 || 7.07638295597104 || 2018-09-25 04:51:16 |
| 6780 || 0.0439465924595533 || 2012-12-07 21:27:49 |
| 6781 || 12.7354108105997 || 2012-08-03 15:44:26 |
| 6782 || 77.8696595056355 || 2015-01-05 09:14:14 |
| 6783 || -22.7516758253341 || 2018-11-16 03:07:02 |
| 6784 || 14.7728345867715 || 2015-04-02 14:39:34 |
| 6785 || 0.00728322958102554 || 2019-09-16 10:36:36 |
| 6786 || -7.46466752990399 || 2014-02-01 01:31:53 |
| 6787 || 38.4319984082644 || 2016-04-13 04:14:46 |
| 6788 || 72.5681683054535 || 2017-02-07 20:16:49 |
| 6789 || -0.381120493473803 || 2012-11-17 17:18:39 |
| 6790 || -0.0643840143874766 || 2011-11-01 04:08:31 |
| 6791 || 24.9696803265968 || 2011-09-27 00:34:45 |
| 6792 || -23.5326403902359 || 2013-12-12 15:22:20 |
| 6793 || 85.289251882343 || 2014-06-26 05:41:29 |
| 6794 || 36.891034404231 || 2019-08-09 23:06:08 |
| 6795 || -0.368406112796585 || 2018-06-25 08:50:47 |
| 6796 || 20.8728632605875 || 2013-08-05 17:57:05 |
| 6797 || 69.1731265727615 || 2017-11-22 23:05:27 |
| 6798 || 86.9595226376913 || 2010-06-15 08:09:52 |
| 6799 || 42.166021153372 || 2011-01-06 10:24:16 |
| 6800 || -0.614945194048763 || 2010-07-27 20:47:05 |
| 6801 || 13.6961769169233 || 2017-04-03 21:27:14 |
| 6802 || -9.56212005012397 || 2010-12-08 15:54:23 |
| 6803 || 50.6773730381215 || 2012-06-16 13:32:34 |
| 6804 || -15.8888279069756 || 2012-08-21 15:30:51 |
| 6805 || -1.58562415264797 || 2018-05-24 03:07:02 |
| 6806 || 9.48325585782583 || 2019-07-06 01:42:07 |
| 6807 || -13.91365761734 || 2019-09-14 15:11:58 |
| 6808 || 0.737006530778836 || 2018-09-21 19:20:23 |
| 6809 || -18.3314580153505 || 2012-01-19 14:49:25 |
| 6810 || -2.14262169536131 || 2012-09-02 06:30:15 |
| 6811 || 0.28422166974278 || 2013-09-08 22:28:29 |
| 6812 || -10.4364249695384 || 2018-02-27 06:30:07 |
| 6813 || -17.5206063682793 || 2014-08-06 18:05:18 |
| 6814 || -10.8406098629554 || 2010-12-19 19:14:18 |
| 6815 || -3.32700821639497 || 2014-12-02 08:36:41 |
| 6816 || 2.0130731726454 || 2014-09-16 03:26:24 |
| 6817 || 51.2801895077051 || 2017-09-23 23:58:33 |
| 6818 || -26.1778932807047 || 2016-06-21 09:00:24 |
| 6819 || -21.9173611783445 || 2018-08-22 12:36:39 |
| 6820 || 1.99774454912435 || 2019-04-24 18:28:31 |
| 6821 || -0.440965698954831 || 2014-04-10 07:56:45 |
| 6822 || 42.784818570261 || 2014-01-22 22:22:47 |
| 6823 || -21.4654947830893 || 2019-09-16 01:39:07 |
| 6824 || -6.31482432946317 || 2014-03-21 12:55:04 |
| 6825 || 0.0951716476723239 || 2017-02-16 14:20:18 |
| 6826 || 1.70424242912301 || 2010-05-01 07:04:52 |
| 6827 || 40.6250188564345 || 2010-08-19 06:07:57 |
| 6828 || 82.369672001444 || 2012-05-03 01:23:01 |
| 6829 || 22.6265470527164 || 2011-09-07 14:32:38 |
| 6830 || 9.33870661459972 || 2014-03-26 18:16:20 |
| 6831 || 9.99210835035791e-05 || 2012-09-27 07:05:43 |
| 6832 || 27.1351422692737 || 2010-01-23 05:14:09 |
| 6833 || -24.0316756187802 || 2018-04-22 23:41:18 |
| 6834 || 76.0455301981517 || 2013-11-19 05:58:04 |
| 6835 || 3.10764476243717 || 2017-01-22 20:59:22 |
| 6836 || -0.00101750997120384 || 2012-09-02 20:58:01 |
| 6837 || 19.2776987147966 || 2011-10-26 13:17:16 |
| 6838 || -4.67813139407775 || 2010-03-13 10:06:08 |
| 6839 || -20.68627747752 || 2011-10-26 23:58:12 |
| 6840 || 18.408341928109 || 2017-07-14 02:08:19 |
| 6841 || 0.00236743090136713 || 2019-09-04 00:07:24 |
| 6842 || -3.61499231940399 || 2018-04-17 16:02:40 |
| 6843 || -2.31078326782314 || 2018-06-20 05:16:16 |
| 6844 || -10.0365453291975 || 2017-05-01 03:52:07 |
| 6845 || -7.5502464692764 || 2015-05-06 19:30:46 |
| 6846 || 0.0204417244450235 || 2010-09-08 22:16:50 |
| 6847 || 21.596621578201 || 2011-09-05 00:39:44 |
| 6848 || 72.0567157778895 || 2010-05-05 11:29:20 |
| 6849 || 26.7430994410575 || 2016-06-02 19:56:25 |
| 6850 || 42.8427207061072 || 2011-12-05 01:48:09 |
| 6851 || 1.95097480706123 || 2014-04-04 09:00:00 |
| 6852 || 1.00108823459114 || 2017-08-27 15:35:36 |
| 6853 || 52.2695476237805 || 2014-09-15 08:46:03 |
| 6854 || -12.4980741973206 || 2012-10-04 01:06:54 |
| 6855 || 12.1643811231954 || 2019-05-22 20:24:30 |
| 6856 || 4.17179197395843 || 2011-03-05 09:59:56 |
| 6857 || 4.38064730208218 || 2010-05-14 01:51:56 |
| 6858 || 21.0113532568133 || 2015-12-18 11:47:47 |
| 6859 || 86.4370106997063 || 2015-11-15 15:03:48 |
| 6860 || 52.2796937113307 || 2017-07-15 14:24:22 |
| 6861 || 6.7834539919079 || 2014-01-21 13:57:00 |
| 6862 || 9.42492401458452 || 2014-03-17 00:49:46 |
| 6863 || 35.3042131222973 || 2011-04-05 14:15:23 |
| 6864 || 72.9150451955171 || 2015-08-22 07:53:45 |
| 6865 || 19.9749451047223 || 2010-01-20 13:04:14 |
| 6866 || -3.12071268959845 || 2010-11-27 01:30:59 |
| 6867 || 5.93134768399439 || 2013-10-09 16:52:01 |
| 6868 || 8.02048351144545 || 2018-12-13 02:33:24 |
| 6869 || 79.8665121924456 || 2010-10-07 16:23:24 |
| 6870 || 13.1489932455082 || 2011-04-10 04:50:19 |
| 6871 || -3.89835369370013 || 2018-07-11 18:51:29 |
| 6872 || -0.304581212363074 || 2011-08-08 15:33:00 |
| 6873 || 24.9121016401491 || 2019-12-04 01:15:24 |
| 6874 || 55.3546628857392 || 2011-12-07 19:13:06 |
| 6875 || 69.1176929689669 || 2015-12-01 14:25:44 |
| 6876 || 7.10537390518445 || 2012-02-18 17:52:48 |
| 6877 || -0.204592811216396 || 2011-12-27 01:33:28 |
| 6878 || 1.54368790591591 || 2011-01-14 15:59:30 |
| 6879 || 2.96053662058495 || 2011-05-04 11:59:23 |
| 6880 || 1.85666355817596 || 2010-10-06 22:59:07 |
| 6881 || -4.02344538103111 || 2015-07-01 17:11:40 |
| 6882 || -0.194749662907276 || 2019-11-20 18:19:51 |
| 6883 || -7.48119612576473 || 2014-02-21 03:13:43 |
| 6884 || 80.1551544027024 || 2019-01-14 20:18:19 |
| 6885 || 40.2087030052267 || 2016-09-13 18:48:35 |
| 6886 || 17.9516171587801 || 2016-01-25 09:35:10 |
| 6887 || 0.00862740012280367 || 2018-10-18 03:18:52 |
| 6888 || 27.5338413984587 || 2015-01-26 20:51:06 |
| 6889 || -13.6627024812841 || 2010-08-26 02:29:05 |
| 6890 || 18.364198509819 || 2015-03-22 12:27:34 |
| 6891 || 6.50388987269082 || 2012-07-03 23:43:01 |
| 6892 || 0.028052154232057 || 2011-07-24 18:32:35 |
| 6893 || 20.1875438155782 || 2015-09-06 06:32:23 |
| 6894 || -25.9265575564056 || 2019-10-15 17:11:49 |
| 6895 || 81.2053198788788 || 2010-10-24 15:17:58 |
| 6896 || -12.0398755810105 || 2010-11-22 17:38:31 |
| 6897 || -0.127524650103758 || 2017-04-14 14:05:08 |
| 6898 || 19.8208930601104 || 2016-07-23 01:58:18 |
| 6899 || 65.1907673239211 || 2015-01-18 03:36:31 |
| 6900 || -21.5106627409468 || 2015-09-24 23:39:32 |
| 6901 || 19.2510956393121 || 2013-06-06 00:25:03 |
| 6902 || 1.52802820809745 || 2017-08-20 19:22:01 |
| 6903 || 1.98148736313943 || 2013-08-14 19:17:46 |
| 6904 || -22.7041772032912 || 2012-02-20 13:57:25 |
| 6905 || 40.6611824426819 || 2018-08-21 10:03:17 |
| 6906 || 6.85316195473772 || 2019-10-04 21:27:17 |
| 6907 || 2.86942810077659 || 2010-12-22 22:46:07 |
| 6908 || 3.05387030321543 || 2018-04-05 00:48:17 |
| 6909 || -21.8508845709596 || 2011-08-24 00:09:34 |
| 6910 || 66.375023197279 || 2015-05-03 16:41:42 |
| 6911 || -17.45367662463 || 2010-08-18 07:31:28 |
| 6912 || -0.893414957208854 || 2014-11-06 19:20:29 |
| 6913 || -0.705471274227723 || 2016-03-09 20:39:53 |
| 6914 || -17.1039130687167 || 2010-08-24 13:48:17 |
| 6915 || 25.0133626231422 || 2013-02-08 11:40:50 |
| 6916 || 8.05438584133866 || 2017-01-13 18:29:14 |
| 6917 || 9.45568090351572 || 2018-11-04 20:52:26 |
| 6918 || 6.87498237382675 || 2019-02-01 06:26:53 |
| 6919 || -15.4132831504667 || 2016-07-27 15:16:58 |
| 6920 || 16.4935313253252 || 2016-07-17 21:55:25 |
| 6921 || 36.3274747785794 || 2016-09-01 16:06:23 |
| 6922 || 11.5886078852372 || 2019-07-11 17:41:18 |
| 6923 || 4.4565128623689 || 2017-11-25 14:42:28 |
| 6924 || 33.3593743960201 || 2012-11-08 20:55:29 |
| 6925 || -19.9369594100148 || 2018-03-11 12:20:19 |
| 6926 || 36.326176045169 || 2018-01-06 05:23:54 |
| 6927 || 17.0294526532398 || 2017-02-03 06:56:22 |
| 6928 || -0.695945059906947 || 2013-12-19 03:05:15 |
| 6929 || 31.9607974561337 || 2012-03-12 22:37:16 |
| 6930 || 47.2077282348254 || 2011-09-07 05:08:43 |
| 6931 || 30.8166652478019 || 2019-12-09 23:00:00 |
| 6932 || -2.71640638812402 || 2016-08-27 10:50:52 |
| 6933 || 0.530023193918226 || 2015-03-12 11:18:21 |
| 6934 || -0.973118928065274 || 2018-05-02 09:52:16 |
| 6935 || 85.1135641188916 || 2019-12-23 11:53:53 |
| 6936 || 65.0870344551124 || 2012-12-19 14:53:27 |
| 6937 || 26.1996523867899 || 2010-11-06 10:37:10 |
| 6938 || 0.0848821957549939 || 2019-07-12 19:50:42 |
| 6939 || 17.2710616628223 || 2015-02-26 00:18:58 |
| 6940 || 81.1217017737745 || 2018-10-10 23:23:10 |
| 6941 || 66.2726023178816 || 2016-01-15 03:11:02 |
| 6942 || 13.3636270330864 || 2017-03-04 09:05:12 |
| 6943 || 0.0243851301049721 || 2010-06-22 01:46:57 |
| 6944 || 27.3571045586567 || 2011-01-25 15:28:01 |
| 6945 || 10.1321195033883 || 2013-11-10 22:28:39 |
| 6946 || 69.1792115005144 || 2012-12-01 21:25:48 |
| 6947 || -11.4107521212719 || 2010-11-21 11:22:34 |
| 6948 || 0.386970243014545 || 2013-06-08 10:09:10 |
| 6949 || 22.0228399501817 || 2015-04-26 23:33:45 |
| 6950 || -19.3241602116705 || 2010-03-24 22:24:20 |
| 6951 || 73.5957869082758 || 2016-07-12 04:21:24 |
| 6952 || -11.5095843486034 || 2015-07-27 13:52:21 |
| 6953 || 1.67153932710629 || 2018-01-06 21:25:01 |
| 6954 || -5.61694033928523 || 2019-04-03 17:30:43 |
| 6955 || 15.0036041871754 || 2015-04-10 05:58:51 |
| 6956 || -26.6207547482192 || 2014-07-11 15:09:53 |
| 6957 || 32.3481387441059 || 2010-11-05 03:05:20 |
| 6958 || -1.09097858254331 || 2015-08-26 04:38:18 |
| 6959 || -4.17057453110484 || 2017-06-21 11:43:38 |
| 6960 || -6.79074099614553 || 2013-03-20 02:04:52 |
| 6961 || 50.1223931018066 || 2014-03-18 07:06:27 |
| 6962 || 28.1981581014054 || 2016-01-27 16:48:35 |
| 6963 || 1.90689269858985 || 2017-04-10 19:33:33 |
| 6964 || -3.6127686542294 || 2013-10-12 21:37:31 |
| 6965 || -17.4906270500249 || 2013-04-11 22:38:03 |
| 6966 || -29.4790049328685 || 2011-12-27 00:04:05 |
| 6967 || 52.0225206167076 || 2015-02-25 23:27:55 |
| 6968 || 0.530912422677512 || 2018-08-13 19:17:15 |
| 6969 || -2.06488693746008 || 2015-06-08 12:19:02 |
| 6970 || 14.4210583943524 || 2019-05-08 03:25:26 |
| 6971 || -25.6281773291223 || 2017-04-05 21:24:58 |
| 6972 || 53.3874595800068 || 2017-02-19 00:57:33 |
| 6973 || -3.81837140895086 || 2018-01-23 11:11:39 |
| 6974 || 2.07380248487067 || 2013-11-01 00:17:22 |
| 6975 || 37.1373527723041 || 2010-09-11 04:30:56 |
| 6976 || 11.689162867991 || 2017-09-16 01:47:41 |
| 6977 || 47.3241190342512 || 2019-11-06 02:07:25 |
| 6978 || 4.838070851785 || 2016-07-01 06:55:40 |
| 6979 || 1.67470517325519 || 2014-06-22 11:27:11 |
| 6980 || -8.54027505251698 || 2013-12-16 01:33:30 |
| 6981 || -20.6771096180436 || 2014-11-07 06:25:33 |
| 6982 || 50.3358601659417 || 2014-07-15 01:23:13 |
| 6983 || 18.7004797815319 || 2019-05-06 02:02:00 |
| 6984 || -0.00122302999178575 || 2016-11-21 00:25:34 |
| 6985 || -0.170628427704998 || 2012-10-25 23:03:31 |
| 6986 || -4.85327021884031 || 2011-12-26 17:07:57 |
| 6987 || -12.0218163267373 || 2013-04-21 20:04:28 |
| 6988 || -2.94280314719667 || 2017-08-25 22:42:41 |
| 6989 || -0.0696823418311966 || 2012-12-05 08:15:20 |
| 6990 || -11.5156585734931 || 2019-05-10 00:13:03 |
| 6991 || 36.2868942254635 || 2013-06-09 03:29:43 |
| 6992 || -26.5930914316271 || 2015-04-12 02:44:12 |
| 6993 || 0.323392735462249 || 2018-10-08 15:53:20 |
| 6994 || 0.00073854032947379 || 2017-08-20 22:19:01 |
| 6995 || 27.3092089469594 || 2018-11-17 16:39:42 |
| 6996 || -7.49362987162213 || 2011-10-03 08:30:36 |
| 6997 || 82.2364909243529 || 2012-07-14 10:40:13 |
| 6998 || -11.8246180625504 || 2015-05-17 11:41:01 |
| 6999 || 0.0234042828960535 || 2019-01-08 17:38:09 |
| 7000 || 2.25094143194935 || 2019-03-07 03:35:52 |
| 7001 || 76.0721916682253 || 2016-04-20 19:58:30 |
| 7002 || -18.6841823379041 || 2019-07-19 14:58:20 |
| 7003 || 40.9324933861759 || 2014-09-23 06:52:22 |
| 7004 || -0.473617719593451 || 2012-11-05 06:50:47 |
| 7005 || 18.9763660764306 || 2013-04-06 04:05:26 |
| 7006 || -6.57626172933489 || 2017-12-01 05:19:32 |
| 7007 || -8.17616406343734 || 2012-07-27 15:13:00 |
| 7008 || 12.7581457546163 || 2013-04-11 06:10:06 |
| 7009 || 0.689441575128281 || 2018-03-04 16:54:29 |
| 7010 || -5.16019242083228 || 2010-11-05 19:54:54 |
| 7011 || 10.5197554045855 || 2016-12-20 17:33:53 |
| 7012 || -28.9924084424405 || 2018-12-15 21:52:22 |
| 7013 || -14.6756290458839 || 2019-06-09 12:54:00 |
| 7014 || -0.647115862284632 || 2010-10-06 11:39:17 |
| 7015 || 0.75312960099851 || 2017-09-06 14:16:47 |
| 7016 || 16.9888967532532 || 2016-02-11 14:01:18 |
| 7017 || 36.1108682128677 || 2011-10-15 07:10:32 |
| 7018 || 12.6637568993518 || 2019-02-13 05:52:05 |
| 7019 || -0.102860338660384 || 2011-08-19 00:25:38 |
| 7020 || -2.22885267140578 || 2010-11-01 05:11:08 |
| 7021 || 39.9868935424047 || 2011-05-08 19:41:31 |
| 7022 || 89.6845474057607 || 2013-01-09 03:49:42 |
| 7023 || -18.4911702884091 || 2014-02-24 13:02:11 |
| 7024 || 3.17592930777147 || 2014-05-16 06:34:01 |
| 7025 || 1.29144311346342 || 2013-06-22 00:24:00 |
| 7026 || -1.62860798594773 || 2013-07-07 04:31:44 |
| 7027 || -29.7233419075483 || 2015-05-02 09:53:02 |
| 7028 || 58.8840557552042 || 2011-10-10 21:38:38 |
| 7029 || 3.06380277385319 || 2018-03-19 12:56:55 |
| 7030 || -0.80092671272544 || 2019-07-18 08:53:01 |
| 7031 || 46.5640837607272 || 2017-05-03 07:57:08 |
| 7032 || -21.101619618112 || 2017-02-02 03:55:24 |
| 7033 || -23.9475770463567 || 2010-08-06 21:46:56 |
| 7034 || 4.18195734785068 || 2016-03-04 07:17:39 |
| 7035 || 0.105038015059522 || 2014-06-05 02:56:23 |
| 7036 || -3.72872367553157 || 2016-08-14 22:38:58 |
| 7037 || 86.0507542611334 || 2012-03-15 17:29:05 |
| 7038 || 71.7259033737026 || 2011-05-22 08:58:47 |
| 7039 || 8.24213482141387 || 2011-02-25 05:03:18 |
| 7040 || 0.373106317802067 || 2015-09-27 20:09:54 |
| 7041 || -10.4445404216834 || 2019-01-10 04:48:20 |
| 7042 || 81.1378723069934 || 2011-08-03 10:53:21 |
| 7043 || 78.9831204510965 || 2010-01-05 23:38:57 |
| 7044 || 28.2127766938915 || 2019-08-27 18:41:27 |
| 7045 || 0.00231289629082014 || 2011-12-14 20:48:25 |
| 7046 || 17.0849454258162 || 2018-01-22 09:33:29 |
| 7047 || -18.1962783862457 || 2017-05-01 05:18:30 |
| 7048 || 54.5342614594841 || 2017-10-21 23:03:23 |
| 7049 || 0.434099184888108 || 2015-02-17 08:48:46 |
| 7050 || 0.076247792947703 || 2012-12-21 00:52:16 |
| 7051 || 16.0752427896906 || 2012-12-24 21:12:42 |
| 7052 || -20.4096731020551 || 2015-05-01 21:24:40 |
| 7053 || 36.1387705400695 || 2018-01-11 15:12:00 |
| 7054 || 37.3368059167229 || 2010-07-27 02:40:00 |
| 7055 || 1.07569611906723 || 2012-03-13 23:02:20 |
| 7056 || 20.5581302626926 || 2015-05-25 10:19:20 |
| 7057 || 68.5480134596066 || 2016-01-11 02:51:28 |
| 7058 || 73.7308758733408 || 2011-02-26 20:43:56 |
| 7059 || -10.098396725175 || 2016-06-17 15:31:24 |
| 7060 || 0.278105147714864 || 2016-03-11 09:39:40 |
| 7061 || -5.13916887610912 || 2014-01-19 01:58:26 |
| 7062 || 25.243836991758 || 2018-11-13 22:48:03 |
| 7063 || -5.37301904468307 || 2012-06-21 15:29:26 |
| 7064 || -7.71576975189139 || 2015-08-23 23:48:26 |
| 7065 || -1.21391252527507 || 2018-07-04 11:47:37 |
| 7066 || 2.64438425878458 || 2018-07-22 11:00:39 |
| 7067 || 25.5848151796088 || 2016-02-02 06:28:04 |
| 7068 || 85.845055998647 || 2017-12-06 08:53:19 |
| 7069 || 25.3786885259116 || 2012-05-04 02:23:17 |
| 7070 || 1.0478129938451 || 2014-08-05 01:30:22 |
| 7071 || -1.47087549950952 || 2012-02-22 23:44:44 |
| 7072 || -15.341578210218 || 2015-12-09 21:26:07 |
| 7073 || 86.9430288666227 || 2013-02-19 04:52:44 |
| 7074 || 54.8692271018285 || 2016-09-12 18:29:24 |
| 7075 || 10.9251823704228 || 2016-03-06 07:20:01 |
| 7076 || -1.7536548382518 || 2018-03-19 15:05:57 |
| 7077 || -2.46731869274804 || 2014-10-09 23:18:19 |
| 7078 || 88.3894211706495 || 2016-05-23 02:20:41 |
| 7079 || 30.7874350191478 || 2012-02-25 23:25:57 |
| 7080 || 11.4623932069292 || 2016-11-19 06:28:37 |
| 7081 || 3.11656256368734 || 2014-08-12 01:10:25 |
| 7082 || 7.81805275482722 || 2014-09-23 10:07:11 |
| 7083 || 84.0424954368853 || 2019-10-27 12:20:09 |
| 7084 || -4.63791270606562 || 2017-06-14 03:48:12 |
| 7085 || 5.0690296851044 || 2011-07-27 18:49:03 |
| 7086 || 0.718818638189304 || 2017-02-03 18:23:07 |
| 7087 || 37.331060458551 || 2013-06-18 21:27:59 |
| 7088 || 25.9160105832899 || 2011-03-11 20:02:58 |
| 7089 || 12.3765987480921 || 2016-09-25 10:06:11 |
| 7090 || 2.25709628671583 || 2018-06-02 05:33:33 |
| 7091 || -0.182558046947586 || 2013-09-22 22:18:49 |
| 7092 || -7.33492351212965 || 2018-04-17 01:29:21 |
| 7093 || -26.7446619373793 || 2013-08-13 11:42:19 |
| 7094 || 75.2686552822304 || 2013-07-11 01:26:01 |
| 7095 || -2.45552137391894 || 2010-04-08 15:31:13 |
| 7096 || 0.00181524599274703 || 2019-11-18 13:29:00 |
| 7097 || 31.4345247875465 || 2019-12-20 09:32:18 |
| 7098 || 39.6462486796298 || 2011-02-24 06:46:05 |
| 7099 || -25.9123263556934 || 2012-07-20 19:50:03 |
| 7100 || -8.22347607826356 || 2014-07-19 21:33:24 |
| 7101 || -0.0433081396288978 || 2010-07-10 04:07:54 |
| 7102 || 21.768191454537 || 2018-08-05 09:10:04 |
| 7103 || 13.8350636237425 || 2010-01-15 17:32:08 |
| 7104 || 84.6255930284521 || 2015-01-10 18:29:54 |
| 7105 || 11.9684152149123 || 2014-01-16 14:58:39 |
| 7106 || -0.193928837541357 || 2010-04-21 03:06:00 |
| 7107 || -4.05083949996557 || 2013-04-19 07:20:46 |
| 7108 || -6.71535935819169 || 2010-03-16 04:04:10 |
| 7109 || 19.9046817141126 || 2016-11-20 13:22:50 |
| 7110 || 38.2838415519142 || 2012-04-24 09:56:45 |
| 7111 || -0.575410893629557 || 2013-09-10 18:25:45 |
| 7112 || 15.2306845670553 || 2012-02-15 16:00:53 |
| 7113 || 64.8390276839442 || 2010-07-20 02:52:45 |
| 7114 || 88.7019149172535 || 2011-05-10 09:28:26 |
| 7115 || 12.8952125142272 || 2018-08-26 21:49:46 |
| 7116 || 1.73992809367753 || 2019-10-17 18:39:32 |
| 7117 || 6.33006988277072 || 2015-11-01 16:50:09 |
| 7118 || 14.4017424106948 || 2012-05-09 18:04:55 |
| 7119 || 0.386732639950903 || 2014-11-04 16:57:18 |
| 7120 || 25.4991817923412 || 2015-06-26 03:57:40 |
| 7121 || 6.1321027407787 || 2011-06-18 17:17:54 |
| 7122 || 6.83234522583982 || 2012-06-11 22:42:06 |
| 7123 || -1.49157053797186 || 2019-04-11 18:10:09 |
| 7124 || -27.2594377643569 || 2010-11-21 22:56:36 |
| 7125 || 55.1400518450855 || 2019-12-04 00:24:29 |
| 7126 || -3.43044531092682 || 2018-12-18 19:42:00 |
| 7127 || 1.45367543387589 || 2016-03-12 05:49:43 |
| 7128 || 28.8662371279615 || 2016-01-03 11:53:32 |
| 7129 || 48.0986113120724 || 2018-07-12 15:55:41 |
| 7130 || 26.5370440152432 || 2011-10-03 05:43:30 |
| 7131 || -3.61948802663518 || 2015-11-25 14:44:18 |
| 7132 || 0.161619724601806 || 2015-06-15 06:25:24 |
| 7133 || 48.0908807495801 || 2011-08-07 19:55:59 |
| 7134 || -27.5868658458528 || 2015-06-12 09:31:45 |
| 7135 || 61.7480798478243 || 2010-08-01 19:43:33 |
| 7136 || -5.53937642328474 || 2012-11-21 11:01:43 |
| 7137 || -0.417929634391351 || 2017-02-08 22:22:31 |
| 7138 || -1.28518364658527 || 2013-06-27 07:54:40 |
| 7139 || 10.6540546510309 || 2017-12-13 02:52:05 |
| 7140 || -23.2744709954426 || 2015-07-25 02:41:58 |
| 7141 || -4.12395477979925 || 2013-01-21 00:18:20 |
| 7142 || 0.566571469452911 || 2010-02-24 15:54:55 |
| 7143 || 30.2370076307337 || 2012-01-08 23:59:52 |
| 7144 || -10.8607130320336 || 2016-12-11 21:08:45 |
| 7145 || -22.2333433084948 || 2011-01-07 02:19:36 |
| 7146 || -7.36017375772857 || 2014-10-04 22:41:18 |
| 7147 || 0.00732703656726701 || 2017-07-07 01:29:55 |
| 7148 || -1.94503491255379 || 2014-10-25 10:35:18 |
| 7149 || 39.6784516629655 || 2013-06-16 05:02:19 |
| 7150 || -1.52779568417029 || 2014-05-11 09:36:08 |
| 7151 || 3.35355028920644 || 2011-11-05 10:02:13 |
| 7152 || 0.0608192490901553 || 2015-06-08 15:24:07 |
| 7153 || 25.2494974135765 || 2017-08-20 16:05:29 |
| 7154 || 0.853241283578637 || 2015-04-16 00:10:19 |
| 7155 || 11.3661083046618 || 2015-09-24 04:46:08 |
| 7156 || -8.99304008120739 || 2017-10-18 13:25:17 |
| 7157 || -0.0212585909681339 || 2012-03-24 19:07:13 |
| 7158 || 11.3496084240777 || 2019-11-19 06:31:29 |
| 7159 || -14.715593269092 || 2017-12-22 19:12:29 |
| 7160 || 79.7727346567936 || 2014-02-01 05:53:35 |
| 7161 || 21.8340443398413 || 2011-04-16 19:17:18 |
| 7162 || 1.63715169317805 || 2010-12-02 02:53:17 |
| 7163 || -1.42421917900707 || 2011-03-03 10:12:14 |
| 7164 || -23.309035529838 || 2016-04-02 23:44:25 |
| 7165 || 85.8308722848405 || 2016-08-13 04:27:34 |
| 7166 || -1.55975891972982 || 2013-09-08 23:50:07 |
| 7167 || -0.733996907437303 || 2013-09-22 04:25:47 |
| 7168 || 0.485819982463887 || 2014-08-06 22:14:49 |
| 7169 || -19.33829927849 || 2012-12-21 03:11:02 |
| 7170 || 26.4463481853546 || 2010-01-19 08:44:34 |
| 7171 || 40.8623545664357 || 2019-01-06 03:51:49 |
| 7172 || 2.4741950325957 || 2012-05-05 15:32:29 |
| 7173 || 4.43412043772216 || 2010-10-08 14:25:05 |
| 7174 || 36.8324450148916 || 2011-09-11 06:33:10 |
| 7175 || 21.9569005805093 || 2010-07-06 17:24:43 |
| 7176 || 45.5830257980074 || 2013-07-27 10:09:13 |
| 7177 || 8.77665720537152 || 2010-04-27 18:14:52 |
| 7178 || 5.70404006696885 || 2011-04-22 03:24:17 |
| 7179 || -18.0926653587567 || 2017-10-21 02:21:49 |
| 7180 || 22.3187640514123 || 2019-08-09 09:35:21 |
| 7181 || 63.0229351620812 || 2019-10-17 18:26:25 |
| 7182 || 11.5968943069924 || 2013-05-13 17:23:06 |
| 7183 || -1.44446225577062 || 2017-05-03 20:28:05 |
| 7184 || -11.531715996791 || 2012-10-26 18:35:35 |
| 7185 || -16.2455909908324 || 2012-11-26 22:28:45 |
| 7186 || 11.8356877121918 || 2017-05-14 04:44:27 |
| 7187 || -0.16389554587573 || 2011-08-11 04:43:45 |
| 7188 || 0.477472927834233 || 2018-03-17 06:25:31 |
| 7189 || -9.08482397504991 || 2018-03-14 06:07:41 |
| 7190 || 41.9844527813961 || 2012-03-03 09:50:13 |
| 7191 || 73.2465360753376 || 2019-01-22 09:37:12 |
| 7192 || -2.97723033361137 || 2015-10-27 20:00:37 |
| 7193 || 0.60418198080241 || 2018-01-04 22:25:03 |
| 7194 || 35.5744469567717 || 2012-01-26 11:45:16 |
| 7195 || 24.110594875509 || 2010-07-11 04:33:16 |
| 7196 || 66.5946179895748 || 2010-07-12 17:55:24 |
| 7197 || 5.98460388596433 || 2019-02-09 02:55:33 |
| 7198 || -0.0210436572722666 || 2014-06-23 23:51:52 |
| 7199 || 31.6049717590449 || 2016-10-13 04:42:07 |
| 7200 || 49.218190892632 || 2019-08-16 22:50:18 |
| 7201 || 11.8840750705079 || 2010-06-07 19:00:04 |
| 7202 || 0.109723418110946 || 2011-10-01 07:03:57 |
| 7203 || 0.0118505812917031 || 2015-05-16 17:40:58 |
| 7204 || -8.94146416507795 || 2013-05-08 17:04:13 |
| 7205 || 78.248203265421 || 2012-06-13 10:40:05 |
| 7206 || -27.978636290222 || 2018-04-24 20:57:38 |
| 7207 || 22.299874947585 || 2018-06-10 15:09:13 |
| 7208 || -0.103987985458803 || 2015-03-20 18:06:56 |
| 7209 || 5.44979137136861 || 2014-08-26 01:43:34 |
| 7210 || -24.4403152563434 || 2017-03-11 03:18:43 |
| 7211 || 27.0313512560125 || 2018-12-01 01:41:05 |
| 7212 || 0.756048017671123 || 2019-09-27 14:44:25 |
| 7213 || -0.246972898106956 || 2012-03-24 03:51:23 |
| 7214 || -3.43899880863169 || 2011-09-23 05:10:35 |
| 7215 || -17.3174496598083 || 2017-04-07 06:46:06 |
| 7216 || 78.2322602549074 || 2017-10-20 02:24:50 |
| 7217 || 41.0960601582458 || 2018-12-11 23:16:43 |
| 7218 || -1.19190024419717 || 2012-04-13 23:54:44 |
| 7219 || 13.8634045481322 || 2013-06-07 14:07:02 |
| 7220 || 63.4272896929979 || 2011-07-15 14:29:40 |
| 7221 || -14.8487918258416 || 2014-04-22 13:06:40 |
| 7222 || 52.0485647707364 || 2016-05-16 22:23:34 |
| 7223 || 0.735535905341135 || 2017-01-01 16:17:44 |
| 7224 || 10.7453713774424 || 2016-01-23 19:16:21 |
| 7225 || 60.5813885945499 || 2014-11-10 18:32:36 |
| 7226 || -14.9472702189654 || 2018-12-24 20:17:55 |
| 7227 || 41.8136400154748 || 2016-05-12 23:03:00 |
| 7228 || 4.41168726733272 || 2018-12-22 09:35:32 |
| 7229 || -2.20564888911753 || 2018-08-24 06:18:44 |
| 7230 || 42.7085626816626 || 2015-08-10 05:52:29 |
| 7231 || 33.6641315364095 || 2012-02-06 05:43:35 |
| 7232 || 63.5661873972846 || 2012-09-26 05:16:26 |
| 7233 || -2.06246238958853 || 2010-12-25 02:11:54 |
| 7234 || 4.38507335650231 || 2017-08-09 23:24:00 |
| 7235 || -2.94606472249932 || 2016-04-05 13:39:08 |
| 7236 || 85.3339134783836 || 2014-08-03 08:46:44 |
| 7237 || -21.945577096988 || 2014-10-24 23:35:13 |
| 7238 || -1.77704061925403 || 2012-04-17 16:55:48 |
| 7239 || -0.733475508608265 || 2019-09-10 02:18:59 |
| 7240 || 11.534544673536 || 2010-04-02 14:44:24 |
| 7241 || -12.8995200890741 || 2010-06-18 06:56:52 |
| 7242 || -23.6277518160584 || 2010-05-16 02:02:49 |
| 7243 || -0.812337629256561 || 2010-06-23 16:49:30 |
| 7244 || -0.106608005826663 || 2014-10-15 00:26:51 |
| 7245 || 1.84928326491117 || 2019-01-09 19:32:40 |
| 7246 || 3.32227924631599 || 2010-11-15 07:08:30 |
| 7247 || -25.6539229808887 || 2010-01-14 06:21:00 |
| 7248 || -8.55374552845782 || 2015-03-17 07:49:26 |
| 7249 || 0.0352737386765268 || 2011-11-09 17:03:47 |
| 7250 || 32.0041498039832 || 2018-01-21 08:24:00 |
| 7251 || 48.6614943426298 || 2015-12-25 11:54:19 |
| 7252 || 76.8133328607114 || 2014-02-11 18:06:39 |
| 7253 || 0.725615851584385 || 2019-10-19 19:42:04 |
| 7254 || 0.00478007634428319 || 2016-07-07 22:37:03 |
| 7255 || -9.45946533080811 || 2010-07-16 11:06:57 |
| 7256 || 42.3385552503234 || 2019-08-07 21:25:17 |
| 7257 || 82.1998746602067 || 2014-12-19 20:29:19 |
| 7258 || 17.9582257480078 || 2016-09-05 09:58:23 |
| 7259 || 0.353041954730088 || 2013-11-09 10:15:00 |
| 7260 || -6.81189561713216 || 2012-02-01 21:21:45 |
| 7261 || 72.7872291053843 || 2014-07-21 00:12:53 |
| 7262 || 76.9200693707048 || 2016-08-26 15:08:35 |
| 7263 || 36.3907445239697 || 2012-11-03 18:31:59 |
| 7264 || -0.234354245643254 || 2017-10-21 20:45:05 |
| 7265 || 17.3425744795405 || 2015-07-11 14:11:50 |
| 7266 || 5.47566168221463 || 2018-10-06 18:11:12 |
| 7267 || 33.9043671860362 || 2011-10-06 21:17:42 |
| 7268 || -8.31959674656807 || 2016-06-02 09:21:02 |
| 7269 || -1.06709353126093 || 2017-01-09 22:15:19 |
| 7270 || 3.3866914050378 || 2014-10-14 14:14:22 |
| 7271 || -6.90229077684682 || 2012-05-25 06:02:37 |
| 7272 || 87.0117693193725 || 2012-11-21 10:08:56 |
| 7273 || 39.6312349536266 || 2014-05-19 10:51:40 |
| 7274 || 0.0991797563917429 || 2015-08-23 16:03:17 |
| 7275 || 9.52916378414809 || 2017-04-23 01:51:33 |
| 7276 || 0.954433418161807 || 2012-07-02 02:52:39 |
| 7277 || 1.58151707825406 || 2019-10-12 09:33:15 |
| 7278 || 19.9083546155368 || 2019-12-08 14:53:59 |
| 7279 || 5.93020945193909 || 2012-08-26 10:59:27 |
| 7280 || -1.7573653766818 || 2014-04-04 15:34:00 |
| 7281 || 56.7151521621678 || 2012-06-23 10:53:27 |
| 7282 || -22.9821020826921 || 2019-01-23 19:44:42 |
| 7283 || 51.8496257030952 || 2016-06-08 04:05:04 |
| 7284 || 6.40520508331862 || 2011-10-21 12:01:36 |
| 7285 || 2.40751801509941 || 2014-06-25 05:41:49 |
| 7286 || -17.1358476818684 || 2016-06-21 20:43:13 |
| 7287 || 87.050877705571 || 2010-09-02 05:23:46 |
| 7288 || 1.86618102457751 || 2019-02-05 18:34:41 |
| 7289 || -3.05212203206993 || 2011-07-25 00:16:26 |
| 7290 || -0.763099982373995 || 2019-11-08 11:10:56 |
| 7291 || 20.4457815353412 || 2013-05-15 00:29:39 |
| 7292 || -28.8943744147556 || 2010-04-04 18:14:01 |
| 7293 || 61.2754344550321 || 2010-04-19 12:57:39 |
| 7294 || -6.58401992345544 || 2017-10-09 21:50:52 |
| 7295 || 0.863364089786873 || 2010-12-19 07:48:02 |
| 7296 || 21.6722645675491 || 2010-01-12 00:49:10 |
| 7297 || 49.5373044694162 || 2013-06-19 09:28:29 |
| 7298 || -24.6129620120615 || 2015-09-09 08:58:25 |
| 7299 || 14.0700659323553 || 2019-01-18 15:55:42 |
| 7300 || 0.103219093848777 || 2018-12-06 01:49:31 |
| 7301 || -10.7259480727955 || 2018-07-17 15:21:55 |
| 7302 || 21.3985971708387 || 2019-11-04 00:32:31 |
| 7303 || 77.0655818051328 || 2015-12-19 10:34:08 |
| 7304 || -7.75863748921172 || 2017-07-02 20:47:51 |
| 7305 || 0.000806652439738384 || 2010-09-09 21:47:51 |
| 7306 || 26.3987708546834 || 2011-04-18 15:03:40 |
| 7307 || -25.9298857135282 || 2010-11-02 23:25:21 |
| 7308 || -12.3786481850048 || 2012-11-12 00:44:08 |
| 7309 || 19.7380482532659 || 2015-03-05 05:14:09 |
| 7310 || 0.281771433455063 || 2010-03-26 01:16:29 |
| 7311 || 16.1241679430506 || 2013-01-06 01:42:48 |
| 7312 || 73.1388524170546 || 2016-05-21 09:34:28 |
| 7313 || 54.7247193087113 || 2015-11-08 05:17:29 |
| 7314 || 16.7629233253804 || 2010-04-03 14:54:03 |
| 7315 || 1.08335551595466 || 2018-02-20 06:39:07 |
| 7316 || -5.89802449515324 || 2011-05-27 14:08:45 |
| 7317 || 60.7135674524671 || 2018-01-19 15:59:49 |
| 7318 || 51.7207328197273 || 2015-03-07 21:04:29 |
| 7319 || -0.790443141801544 || 2015-08-27 07:14:54 |
| 7320 || -0.0102461062399047 || 2012-03-26 10:18:34 |
| 7321 || 15.6824259971585 || 2016-08-05 08:35:17 |
| 7322 || 33.7237887715439 || 2011-11-14 00:37:02 |
| 7323 || 88.6052630569563 || 2015-03-25 23:35:27 |
| 7324 || -4.47311946414504 || 2011-08-19 20:50:58 |
| 7325 || 4.93470092395505 || 2010-02-21 12:18:16 |
| 7326 || -3.7710395702124 || 2017-02-26 03:15:35 |
| 7327 || 10.9300014970364 || 2019-10-12 16:17:41 |
| 7328 || 51.7613598056428 || 2019-06-09 04:16:32 |
| 7329 || -7.69951470232957 || 2016-02-20 19:57:17 |
| 7330 || 6.16475377928842 || 2011-04-27 23:52:52 |
| 7331 || 1.99279796525057 || 2018-05-27 10:33:37 |
| 7332 || -15.242952253314 || 2017-12-17 02:20:46 |
| 7333 || 31.9017646686469 || 2012-11-22 11:52:47 |
| 7334 || 4.36132841279677 || 2018-06-16 05:44:00 |
| 7335 || 10.0874685660856 || 2012-10-20 03:00:19 |
| 7336 || 4.81145839258179 || 2016-11-21 08:08:42 |
| 7337 || 52.7976083327348 || 2010-01-01 21:58:10 |
| 7338 || 19.9019356940109 || 2013-08-12 08:58:25 |
| 7339 || 20.6662205082673 || 2015-03-24 18:15:45 |
| 7340 || 10.2099057571084 || 2014-09-11 13:14:15 |
| 7341 || -0.145068127229864 || 2014-01-25 09:22:25 |
| 7342 || -13.2438278363424 || 2017-04-22 23:42:45 |
| 7343 || 60.7098701319477 || 2014-04-21 19:46:22 |
| 7344 || 56.6482501363885 || 2010-07-16 22:36:00 |
| 7345 || 18.732214200285 || 2015-07-02 04:35:22 |
| 7346 || 1.63876007456849 || 2012-07-08 22:34:59 |
| 7347 || 22.0652315839729 || 2019-06-17 04:05:19 |
| 7348 || -27.367436660889 || 2017-05-08 20:33:57 |
| 7349 || 31.1777492167557 || 2012-10-27 23:26:57 |
| 7350 || 8.84326263434063 || 2015-04-13 00:04:46 |
| 7351 || 0.101949655549773 || 2011-06-19 11:13:33 |
| 7352 || -4.99700161061822 || 2012-06-14 16:53:51 |
| 7353 || -25.9863166744801 || 2017-06-17 07:35:35 |
| 7354 || -3.22808865540813 || 2010-01-06 04:22:03 |
| 7355 || -8.8080152775674 || 2012-11-11 01:01:48 |
| 7356 || 0.0065197725584444 || 2018-11-18 09:25:47 |
| 7357 || 1.63982965815873 || 2019-05-14 05:04:49 |
| 7358 || -8.2146346516044 || 2012-03-03 00:28:19 |
| 7359 || 79.1528172982513 || 2018-11-10 17:28:34 |
| 7360 || 6.77926073431681 || 2015-04-04 14:18:15 |
| 7361 || 0.125778565480302 || 2013-06-16 02:29:43 |
| 7362 || 17.0720948170375 || 2015-04-04 17:18:22 |
| 7363 || 72.9451226762362 || 2015-02-19 17:21:09 |
| 7364 || -9.40309677195771 || 2010-09-09 14:43:15 |
| 7365 || 30.3522063066394 || 2012-09-07 14:51:00 |
| 7366 || 0.446164493135219 || 2013-12-16 15:40:22 |
| 7367 || 7.22315339365057 || 2011-09-03 07:37:22 |
| 7368 || 0.761721958704065 || 2010-12-23 07:25:28 |
| 7369 || 15.3547049300136 || 2018-05-25 12:26:26 |
| 7370 || 28.7018722089147 || 2010-08-08 02:27:50 |
| 7371 || 1.38124464418102 || 2019-03-04 06:10:43 |
| 7372 || 10.6525082546379 || 2013-05-09 13:29:55 |
| 7373 || 24.2073029103182 || 2013-05-04 11:22:53 |
| 7374 || -29.6240725827344 || 2018-08-26 01:39:56 |
| 7375 || -7.46972140665338 || 2018-11-24 15:32:38 |
| 7376 || -0.791439743196372 || 2010-10-21 02:06:39 |
| 7377 || 5.15218070618284 || 2015-12-11 22:14:48 |
| 7378 || 38.3424569798776 || 2013-08-02 17:46:36 |
| 7379 || 79.7591665006423 || 2019-10-03 23:54:26 |
| 7380 || -17.7266886724792 || 2012-04-13 03:07:22 |
| 7381 || 2.37600704113015 || 2019-05-10 06:31:38 |
| 7382 || -1.7729632803808 || 2017-03-23 17:11:55 |
| 7383 || 55.8379298925191 || 2018-08-22 18:19:02 |
| 7384 || -10.4037298763091 || 2016-02-24 09:04:54 |
| 7385 || 60.0279693843099 || 2017-10-22 05:01:00 |
| 7386 || 8.9424519412815 || 2012-04-23 19:35:18 |
| 7387 || -1.96064019112768 || 2019-02-20 09:58:40 |
| 7388 || 50.9256269497832 || 2019-07-15 10:07:37 |
| 7389 || -26.0279041087737 || 2018-09-27 20:02:25 |
| 7390 || -21.6615899398744 || 2018-03-27 20:19:39 |
| 7391 || 3.46529647086512 || 2012-05-03 10:27:10 |
| 7392 || 0.109554888991805 || 2011-05-26 04:41:25 |
| 7393 || -5.46338605478975 || 2017-09-14 04:14:28 |
| 7394 || 51.095403839457 || 2018-02-07 22:13:17 |
| 7395 || -11.2389406450048 || 2018-06-12 01:37:00 |
| 7396 || 17.2379037272237 || 2017-02-20 17:52:47 |
| 7397 || 0.0264585909281292 || 2014-08-12 10:47:00 |
| 7398 || 21.0409268249968 || 2011-08-21 21:23:45 |
| 7399 || 58.8176732053601 || 2018-04-25 02:49:05 |
| 7400 || 39.3519833879134 || 2017-08-13 00:30:28 |
| 7401 || 11.9408540966568 || 2017-01-20 11:43:41 |
| 7402 || 0.166855657095701 || 2015-05-08 04:26:38 |
| 7403 || -12.2321302920076 || 2011-04-21 20:41:28 |
| 7404 || -28.1124436120529 || 2012-02-13 18:43:11 |
| 7405 || 8.45245240305645 || 2018-07-04 06:50:18 |
| 7406 || 3.37435342512701 || 2018-02-20 05:14:49 |
| 7407 || 0.0602020219237885 || 2010-05-08 02:58:16 |
| 7408 || -2.20675185780025 || 2010-03-19 00:27:53 |
| 7409 || 14.846409847965 || 2010-03-08 21:17:30 |
| 7410 || 79.8878913944751 || 2017-08-15 21:22:23 |
| 7411 || 22.3793249129751 || 2016-03-03 18:01:27 |
| 7412 || -0.0358214177798154 || 2012-09-04 21:59:33 |
| 7413 || 1.43819372268719 || 2017-12-23 17:05:46 |
| 7414 || 74.0027480995094 || 2018-11-22 13:25:02 |
| 7415 || -9.70367445504032 || 2019-10-23 07:21:24 |
| 7416 || -6.87918450587125 || 2019-10-06 05:46:54 |
| 7417 || 0.786661740238196 || 2019-10-24 23:54:18 |
| 7418 || -0.825050546278845 || 2018-10-27 18:41:02 |
| 7419 || 26.6503143434575 || 2011-06-21 09:07:20 |
| 7420 || -1.88694159448895 || 2011-02-13 01:36:36 |
| 7421 || 27.4595837454808 || 2017-01-16 08:54:29 |
| 7422 || -0.506967995276685 || 2016-03-20 07:17:49 |
| 7423 || 4.44953323356546 || 2015-04-13 19:50:28 |
| 7424 || -23.2078175539701 || 2015-03-06 13:13:07 |
| 7425 || 21.9945913079489 || 2012-03-21 15:36:20 |
| 7426 || 17.4092150348212 || 2015-04-26 21:47:31 |
| 7427 || 1.49388858152356 || 2016-08-15 18:13:43 |
| 7428 || 1.86794558735193 || 2014-12-18 23:53:53 |
| 7429 || 31.1333945794867 || 2018-07-11 19:28:16 |
| 7430 || -17.0252036781451 || 2019-04-14 08:40:56 |
| 7431 || 54.5743502897309 || 2013-03-03 14:41:21 |
| 7432 || -1.62514887596242 || 2010-10-08 17:20:42 |
| 7433 || 9.95457981866829 || 2010-10-02 14:54:48 |
| 7434 || -0.713837927332583 || 2012-06-03 06:29:49 |
| 7435 || 80.6253209076905 || 2018-10-02 17:18:56 |
| 7436 || 30.3798876961661 || 2011-07-25 08:46:25 |
| 7437 || -2.9446033174327 || 2019-11-13 08:22:45 |
| 7438 || 0.913923456709031 || 2018-09-01 01:30:14 |
| 7439 || -18.2730149379084 || 2016-01-16 14:25:21 |
| 7440 || 67.0281401016484 || 2015-07-06 12:30:52 |
| 7441 || 63.816845807844 || 2010-11-25 01:59:46 |
| 7442 || 3.44836363591974 || 2016-03-25 17:37:29 |
| 7443 || 3.47057298418025 || 2013-08-16 06:24:27 |
| 7444 || -3.11034956900308 || 2018-08-06 21:00:55 |
| 7445 || -28.6526912057795 || 2018-06-27 08:26:28 |
| 7446 || 44.9548000742283 || 2014-11-02 01:46:08 |
| 7447 || 10.9837183456983 || 2013-01-24 10:02:41 |
| 7448 || 0.25691578737372 || 2012-09-06 11:31:17 |
| 7449 || 20.8263494807065 || 2016-05-02 14:55:36 |
| 7450 || -18.1117141212017 || 2013-05-15 10:01:28 |
| 7451 || -10.1919025943555 || 2011-01-26 14:04:27 |
| 7452 || -2.81477523359007 || 2017-06-19 07:05:46 |
| 7453 || 0.0161404742873088 || 2016-01-23 12:35:58 |
| 7454 || 20.4928666123414 || 2015-01-13 21:11:19 |
| 7455 || 84.7915655362502 || 2018-03-10 20:41:33 |
| 7456 || 65.0710215900718 || 2017-09-02 03:12:19 |
| 7457 || -3.9066887001607 || 2016-02-01 04:31:11 |
| 7458 || 0.0508869306914048 || 2015-05-17 21:28:08 |
| 7459 || 28.8645424844561 || 2015-10-09 20:47:02 |
| 7460 || 43.7003544125167 || 2010-04-14 08:22:17 |
| 7461 || 45.9442460593127 || 2011-01-20 19:15:57 |
| 7462 || 14.0632077086776 || 2016-07-16 12:42:46 |
| 7463 || 0.0474139136653536 || 2010-02-25 12:10:28 |
| 7464 || -5.59860977680861 || 2010-05-01 10:36:55 |
| 7465 || 7.05227754779861 || 2018-05-07 09:29:11 |
| 7466 || -27.196037886359 || 2018-08-22 10:37:39 |
| 7467 || 27.0440754583337 || 2017-08-22 07:38:18 |
| 7468 || -0.121342350080509 || 2010-02-08 06:27:49 |
| 7469 || 13.7335273006446 || 2017-10-14 16:06:33 |
| 7470 || 74.900916735016 || 2014-08-21 02:04:37 |
| 7471 || 70.174702843545 || 2015-01-08 06:02:31 |
| 7472 || -5.09167394039843 || 2017-10-22 21:33:30 |
| 7473 || 1.75914630480507 || 2015-04-17 13:12:21 |
| 7474 || 17.0198803893003 || 2010-01-22 23:04:53 |
| 7475 || -22.116806024454 || 2011-03-22 22:33:06 |
| 7476 || -15.2308943474167 || 2016-10-03 03:28:29 |
| 7477 || 28.7118828475212 || 2015-10-14 04:37:09 |
| 7478 || 3.66763933842741 || 2017-04-12 00:01:58 |
| 7479 || 6.90353516139045 || 2017-08-06 05:53:03 |
| 7480 || 18.1643648176597 || 2017-09-19 11:52:10 |
| 7481 || 49.0449309029114 || 2016-07-04 17:36:26 |
| 7482 || 43.1214596068005 || 2019-04-06 13:51:42 |
| 7483 || 3.08958161125294 || 2019-10-05 09:25:14 |
| 7484 || 10.4247825660401 || 2013-01-11 06:07:12 |
| 7485 || -17.426016816901 || 2013-07-07 12:28:46 |
| 7486 || -29.7990306654899 || 2011-09-07 07:09:20 |
| 7487 || -3.83620165174509 || 2014-04-07 18:31:52 |
| 7488 || 9.05676908011616 || 2015-10-03 06:46:11 |
| 7489 || -1.53350270611353 || 2011-08-07 23:39:45 |
| 7490 || 16.2228568449388 || 2015-10-05 00:05:42 |
| 7491 || 66.9439294983522 || 2010-07-04 00:15:23 |
| 7492 || 63.7153923237143 || 2015-03-21 23:04:46 |
| 7493 || -3.58834778952996 || 2016-11-10 21:21:27 |
| 7494 || 4.61963699400008 || 2018-09-26 13:37:38 |
| 7495 || 20.6565732010721 || 2014-03-13 03:50:40 |
| 7496 || -27.6502524904721 || 2019-04-24 10:20:09 |
| 7497 || -22.8725304030418 || 2018-12-06 17:00:26 |
| 7498 || 16.4455311413198 || 2019-03-12 09:53:11 |
| 7499 || 1.2590412203229 || 2013-09-10 23:29:47 |
| 7500 || 41.5165482693374 || 2019-08-17 19:49:47 |
| 7501 || 4.71205775380073 || 2015-05-19 20:41:32 |
| 7502 || 42.115114085239 || 2011-01-18 14:01:20 |
| 7503 || 13.7581415942873 || 2016-10-10 17:41:33 |
| 7504 || 0.992027016458156 || 2010-03-16 00:11:37 |
| 7505 || -0.797661332381984 || 2015-03-18 12:36:01 |
| 7506 || -22.2600659437479 || 2014-12-08 14:55:27 |
| 7507 || -9.95283652246783 || 2012-03-12 07:35:37 |
| 7508 || 21.4048034595458 || 2013-12-14 18:16:08 |
| 7509 || 0.0956619948901659 || 2019-05-15 18:05:44 |
| 7510 || 18.177295909443 || 2017-02-12 13:42:24 |
| 7511 || -25.3557611363815 || 2013-11-26 18:20:41 |
| 7512 || -19.9169210056786 || 2014-08-16 18:30:06 |
| 7513 || -9.71667019053062 || 2019-01-22 15:15:44 |
| 7514 || 0.0014363373729597 || 2015-03-19 18:02:49 |
| 7515 || 1.57956750254263 || 2015-07-26 11:35:22 |
| 7516 || 48.5298102412327 || 2015-01-04 20:24:23 |
| 7517 || 62.3580731216813 || 2015-08-23 11:44:05 |
| 7518 || 36.13660911712 || 2011-12-27 02:13:35 |
| 7519 || 0.224213117064005 || 2017-02-23 18:39:22 |
| 7520 || 17.2036779305526 || 2016-03-09 23:36:48 |
| 7521 || 53.8291801367564 || 2017-04-10 00:55:07 |
| 7522 || -27.1466492951884 || 2012-04-26 13:17:57 |
| 7523 || -7.4749452846579 || 2018-06-19 01:04:49 |
| 7524 || 0.269646128079774 || 2019-12-15 13:34:19 |
| 7525 || 7.0248553111937 || 2010-04-07 01:40:41 |
| 7526 || 66.0942041141838 || 2013-01-02 01:05:31 |
| 7527 || 7.63887107396145 || 2019-07-02 07:56:54 |
| 7528 || 37.5495962625626 || 2017-03-11 07:36:14 |
| 7529 || -0.829344310808443 || 2019-03-13 20:32:13 |
| 7530 || -4.27388930385108 || 2017-08-16 01:17:53 |
| 7531 || -4.73924179009643 || 2016-06-22 05:27:05 |
| 7532 || -16.7480425763787 || 2014-11-05 00:59:34 |
| 7533 || 36.0052808266677 || 2010-03-16 20:02:55 |
| 7534 || -0.412279691484701 || 2010-01-27 00:02:46 |
| 7535 || -1.09040150340189 || 2016-10-23 21:02:23 |
| 7536 || 56.3196608657312 || 2013-10-15 09:16:22 |
| 7537 || -27.6889026300918 || 2013-12-27 06:20:02 |
| 7538 || -10.3448377078831 || 2017-09-27 02:52:25 |
| 7539 || 8.59350008039617 || 2015-08-19 04:10:12 |
| 7540 || -2.5492048422271 || 2012-12-24 12:43:03 |
| 7541 || 43.6323301492942 || 2015-04-08 23:23:39 |
| 7542 || 38.2405580397126 || 2015-05-18 14:10:06 |
| 7543 || 17.1349885829847 || 2015-04-18 09:17:16 |
| 7544 || -1.10180441656049 || 2018-09-14 09:24:15 |
| 7545 || 3.99287020883665 || 2013-05-24 06:50:21 |
| 7546 || 19.7553539011628 || 2015-12-15 01:35:37 |
| 7547 || 82.9135796926771 || 2012-01-15 14:34:36 |
| 7548 || 24.4299495875122 || 2018-02-21 10:16:16 |
| 7549 || -5.07570610936876 || 2012-09-25 21:20:34 |
| 7550 || 0.422774549990603 || 2015-08-25 21:45:31 |
| 7551 || 40.080487367099 || 2014-03-09 20:19:50 |
| 7552 || 86.6015178076888 || 2018-03-08 07:36:39 |
| 7553 || -16.3272433381913 || 2016-03-26 08:22:14 |
| 7554 || -6.05694566267687 || 2017-10-18 08:03:38 |
| 7555 || 0.655691619561877 || 2019-09-05 23:37:25 |
| 7556 || 12.5182486640731 || 2018-10-08 14:45:15 |
| 7557 || 54.8521331287657 || 2012-09-01 09:56:50 |
| 7558 || 74.2664530870877 || 2017-02-17 00:39:17 |
| 7559 || 9.71402287765638 || 2015-03-09 08:16:48 |
| 7560 || 0.0394008028201741 || 2018-04-08 11:46:16 |
| 7561 || 20.3600170609143 || 2011-07-08 18:01:12 |
| 7562 || 54.8335542432417 || 2014-03-24 15:19:06 |
| 7563 || 70.2795408538663 || 2019-03-17 11:04:59 |
| 7564 || -3.76607852161354 || 2012-07-14 21:25:21 |
| 7565 || -2.91369545449004e-06 || 2011-04-04 07:00:32 |
| 7566 || -9.84039789923675 || 2018-01-03 08:56:44 |
| 7567 || 79.6119219145844 || 2018-03-12 18:45:10 |
| 7568 || -10.4809773534128 || 2014-09-19 00:11:05 |
| 7569 || 25.85547069079 || 2016-09-22 15:43:11 |
| 7570 || 0.0440010227058922 || 2015-12-15 05:56:25 |
| 7571 || 24.807694122377 || 2010-03-10 23:32:02 |
| 7572 || 69.4928654642972 || 2015-08-21 22:48:21 |
| 7573 || -12.8518715580996 || 2011-01-23 16:01:20 |
| 7574 || -0.0313574302637984 || 2014-03-16 01:48:33 |
| 7575 || 0.245117139551813 || 2011-06-05 04:27:20 |
| 7576 || -4.04847332566914 || 2011-08-11 19:04:50 |
| 7577 || 72.1423267801802 || 2019-11-01 20:13:14 |
| 7578 || 55.412113309663 || 2016-08-23 09:57:26 |
| 7579 || 44.5752001471804 || 2010-06-08 09:08:36 |
| 7580 || -0.909477584185474 || 2015-01-22 14:32:50 |
| 7581 || -5.29698755906454 || 2015-07-13 22:29:58 |
| 7582 || -10.1255376156467 || 2012-03-14 19:54:06 |
| 7583 || -16.2846232331154 || 2015-01-16 05:15:56 |
| 7584 || -3.65677037655651 || 2017-02-26 05:10:34 |
| 7585 || -1.47385792758111 || 2015-12-23 08:16:24 |
| 7586 || 11.1970377886405 || 2018-11-13 09:51:58 |
| 7587 || 24.0790942411595 || 2015-10-06 14:45:52 |
| 7588 || 44.0645526028311 || 2019-08-11 23:48:53 |
| 7589 || 18.5235578578712 || 2013-08-14 00:52:19 |
| 7590 || -1.15126982324187 || 2018-01-20 19:12:57 |
| 7591 || 4.37159473892403 || 2010-05-17 06:05:05 |
| 7592 || 55.8316515299075 || 2012-05-22 01:59:30 |
| 7593 || 86.9604546080711 || 2018-01-16 12:13:39 |
| 7594 || 56.5054955929811 || 2018-01-21 11:35:51 |
| 7595 || 10.7254625741644 || 2011-09-07 03:49:13 |
| 7596 || -1.05221408290665 || 2017-11-17 04:22:13 |
| 7597 || 51.4775638525407 || 2014-07-05 04:31:59 |
| 7598 || -20.6338755709252 || 2012-03-12 07:05:47 |
| 7599 || -22.308176025561 || 2014-12-10 09:14:49 |
| 7600 || 3.87656619783019 || 2016-02-19 07:16:37 |
| 7601 || 2.37658141305308 || 2010-11-19 16:01:30 |
| 7602 || 46.5401157943092 || 2011-12-27 18:06:55 |
| 7603 || 22.6895554594772 || 2010-07-25 17:20:20 |
| 7604 || 69.8449360453148 || 2018-12-02 02:01:39 |
| 7605 || 1.15856122089782 || 2017-11-24 07:18:25 |
| 7606 || 0.297206622868003 || 2018-10-16 04:06:13 |
| 7607 || -8.58332918223721 || 2011-11-16 19:47:04 |
| 7608 || 19.5724582224184 || 2013-03-08 06:46:42 |
| 7609 || 67.0394301838054 || 2010-06-23 20:25:54 |
| 7610 || 0.661067216458748 || 2017-12-20 23:32:45 |
| 7611 || -0.14553035913947 || 2012-05-12 08:34:45 |
| 7612 || -8.27882310899786 || 2019-08-20 13:52:38 |
| 7613 || 16.0580269421578 || 2012-04-25 12:41:28 |
| 7614 || 79.1927690059509 || 2015-05-04 23:06:49 |
| 7615 || 1.36695362379395 || 2017-05-09 23:00:22 |
| 7616 || -0.000612712295039182 || 2013-08-12 20:20:22 |
| 7617 || 5.50621959128932 || 2019-02-22 18:19:12 |
| 7618 || -24.9213710357082 || 2010-09-06 11:21:24 |
| 7619 || 24.5101829824181 || 2016-12-23 16:09:48 |
| 7620 || 16.2701724963404 || 2019-06-25 17:16:45 |
| 7621 || -0.0696823467297007 || 2017-08-21 11:12:32 |
| 7622 || 20.3458471522936 || 2010-07-17 16:41:53 |
| 7623 || 72.3166406700842 || 2019-02-13 21:15:41 |
| 7624 || -25.1339910279592 || 2014-10-18 17:41:05 |
| 7625 || 38.902642559958 || 2019-11-09 02:01:29 |
| 7626 || 0.837519521365584 || 2010-12-24 02:50:42 |
| 7627 || 10.2934109596903 || 2014-05-03 23:40:48 |
| 7628 || -23.9100529479984 || 2011-08-02 16:53:31 |
| 7629 || -1.3756756865748 || 2012-07-18 21:29:20 |
| 7630 || 44.8715134850669 || 2017-07-18 16:06:55 |
| 7631 || 2.39372156705624 || 2018-01-11 06:11:38 |
| 7632 || -5.53969591912251 || 2012-09-03 18:50:21 |
| 7633 || 25.0459296139705 || 2014-03-27 20:47:09 |
| 7634 || 33.1876667263417 || 2010-07-11 06:38:20 |
| 7635 || 15.8678243467469 || 2018-10-13 08:58:00 |
| 7636 || 4.05023932332546 || 2013-11-15 00:06:56 |
| 7637 || 12.4407858910846 || 2015-07-26 09:28:43 |
| 7638 || -12.9817026217657 || 2019-10-20 02:04:00 |
| 7639 || 57.0338630167357 || 2018-10-22 14:20:10 |
| 7640 || 6.43611557084035 || 2017-06-23 16:46:56 |
| 7641 || 7.40003179744396 || 2011-12-03 23:52:56 |
| 7642 || 3.11015959156529 || 2013-09-19 22:32:47 |
| 7643 || 49.8468929108055 || 2016-02-08 19:49:13 |
| 7644 || -22.8581262479268 || 2014-12-15 18:14:03 |
| 7645 || 53.0981424666562 || 2013-12-01 18:53:10 |
| 7646 || -0.363488352007063 || 2019-02-21 03:37:25 |
| 7647 || 3.86734009038234 || 2015-06-19 10:41:17 |
| 7648 || 46.9890659994778 || 2012-03-20 16:56:08 |
| 7649 || 66.7553652899735 || 2013-07-08 02:07:50 |
| 7650 || 24.329272306638 || 2013-01-19 03:42:19 |
| 7651 || -2.11818532605602 || 2012-09-19 06:57:22 |
| 7652 || -0.862116321464182 || 2015-07-02 02:09:18 |
| 7653 || -12.8343207122868 || 2013-06-18 20:38:18 |
| 7654 || 15.3158382106038 || 2014-02-16 11:06:00 |
| 7655 || 56.0883194810931 || 2019-04-03 16:01:57 |
| 7656 || 3.05136322945749 || 2015-11-24 08:58:18 |
| 7657 || -0.529897486927963 || 2018-03-18 15:09:18 |
| 7658 || 12.6743963287081 || 2019-04-05 19:18:06 |
| 7659 || 83.4812616292414 || 2011-06-23 07:13:26 |
| 7660 || -17.0852105010201 || 2018-10-05 04:06:24 |
| 7661 || 6.67237826922281 || 2014-06-01 23:25:25 |
| 7662 || -0.115865781758488 || 2010-12-26 16:44:46 |
| 7663 || 34.0056059552751 || 2012-01-03 21:47:44 |
| 7664 || 43.7413882559319 || 2017-10-21 15:42:30 |
| 7665 || 78.3808083357059 || 2015-05-26 18:19:05 |
| 7666 || 27.6692407047788 || 2016-05-10 10:20:41 |
| 7667 || 0.0457045196971546 || 2011-03-12 09:52:44 |
| 7668 || -10.2501591609337 || 2018-04-16 17:53:22 |
| 7669 || 59.0993681408285 || 2011-12-12 07:41:27 |
| 7670 || 6.21093242011014 || 2010-02-06 03:17:51 |
| 7671 || 18.1867792806087 || 2011-02-09 23:16:51 |
| 7672 || 0.0128577041988545 || 2019-08-27 17:36:04 |
| 7673 || 17.1758487731292 || 2012-08-07 23:08:07 |
| 7674 || 63.5880595680587 || 2019-12-27 12:56:22 |
| 7675 || -21.6985574427725 || 2012-10-01 22:08:05 |
| 7676 || 10.9482228526603 || 2010-11-23 16:40:13 |
| 7677 || 0.444901176386526 || 2010-07-20 08:03:23 |
| 7678 || 15.0880354385513 || 2016-03-26 02:51:17 |
| 7679 || 64.3080025942581 || 2012-02-09 08:52:37 |
| 7680 || 52.4712325255401 || 2011-11-19 09:05:12 |
| 7681 || -10.3661521459264 || 2014-02-10 01:33:17 |
| 7682 || 1.96135361594066 || 2011-02-10 22:01:01 |
| 7683 || 12.3561453788346 || 2010-07-12 02:09:26 |
| 7684 || -10.5451926161889 || 2017-03-10 12:30:32 |
| 7685 || 1.18404473997276 || 2012-02-26 02:06:54 |
| 7686 || 45.0004969429526 || 2010-11-25 12:32:18 |
| 7687 || 1.49807601821872 || 2016-11-27 03:22:43 |
| 7688 || 2.62061672312853 || 2011-10-23 03:50:44 |
| 7689 || 61.8828440561204 || 2010-02-18 07:07:21 |
| 7690 || 29.0938816456845 || 2016-06-13 04:19:42 |
| 7691 || 29.5063468077118 || 2016-07-25 18:03:32 |
| 7692 || -0.559883947740079 || 2011-12-09 20:32:08 |
| 7693 || -2.91270501364878 || 2017-08-15 11:56:00 |
| 7694 || 48.0570175343006 || 2018-06-09 00:38:40 |
| 7695 || 80.0897081378175 || 2015-03-19 15:11:38 |
| 7696 || 52.7825746077842 || 2019-02-20 07:29:48 |
| 7697 || 9.84832385210092 || 2014-12-08 21:02:13 |
| 7698 || 5.05860446706961 || 2018-09-10 11:55:25 |
| 7699 || 13.4093874469633 || 2011-01-10 01:37:29 |
| 7700 || 87.2753427111429 || 2018-09-03 02:28:48 |
| 7701 || 41.8887981026979 || 2015-04-24 22:43:21 |
| 7702 || -0.0976887842556554 || 2016-09-09 23:33:07 |
| 7703 || 2.47221594350342 || 2018-12-19 18:36:26 |
| 7704 || 17.6567393842331 || 2017-03-20 01:23:08 |
| 7705 || -13.5397301426539 || 2017-06-09 03:44:38 |
| 7706 || 23.2127456157035 || 2010-02-21 12:07:25 |
| 7707 || 3.30451267352851 || 2010-08-14 15:58:53 |
| 7708 || 1.96851999971603 || 2013-01-16 03:28:26 |
| 7709 || 42.9592775557726 || 2017-01-14 00:28:58 |
| 7710 || -28.7517699513657 || 2014-12-26 08:05:43 |
| 7711 || -16.3070874351745 || 2012-01-22 08:42:39 |
| 7712 || -7.4293645703777 || 2017-01-02 01:22:14 |
| 7713 || 0.0575621080996775 || 2019-11-05 03:15:44 |
| 7714 || 33.3018776701573 || 2013-09-05 01:28:56 |
| 7715 || -26.4576563470493 || 2011-12-14 12:03:05 |
| 7716 || -25.5457408647232 || 2014-12-17 04:16:42 |
| 7717 || 25.7643184672729 || 2016-02-05 04:04:08 |
| 7718 || 0.103562110531818 || 2018-05-10 21:00:29 |
| 7719 || 17.0851767841591 || 2015-09-03 04:37:44 |
| 7720 || 30.1331983364109 || 2011-10-09 20:20:14 |
| 7721 || 65.2647155082552 || 2012-06-22 15:58:56 |
| 7722 || 24.7222495504244 || 2013-06-23 13:09:50 |
| 7723 || 0.0239833644399609 || 2015-01-20 04:19:43 |
| 7724 || 18.7478027798675 || 2017-10-07 06:58:17 |
| 7725 || 34.3759271440464 || 2013-11-05 04:40:57 |
| 7726 || 70.3173826937406 || 2016-05-20 22:14:22 |
| 7727 || 12.4401756988342 || 2012-02-05 03:51:13 |
| 7728 || 0.606343921836689 || 2016-07-12 01:30:30 |
| 7729 || 16.5671808143194 || 2015-06-12 19:24:16 |
| 7730 || 5.31716752406085 || 2010-05-23 15:19:29 |
| 7731 || 39.4506361158009 || 2013-10-11 11:05:21 |
| 7732 || 13.9941725147582 || 2016-04-20 10:35:59 |
| 7733 || -0.0683247280282125 || 2015-06-16 00:19:01 |
| 7734 || 10.7918045606611 || 2012-12-03 17:18:55 |
| 7735 || -22.69975126668 || 2019-12-06 17:33:35 |
| 7736 || 88.3468190448319 || 2015-01-25 20:15:10 |
| 7737 || -11.6165624505698 || 2017-11-21 06:36:05 |
| 7738 || 1.70049198564819 || 2012-08-19 21:22:21 |
| 7739 || 9.30498731254398 || 2016-06-20 19:20:17 |
| 7740 || 62.2260343534826 || 2010-03-18 21:49:40 |
| 7741 || -21.7994960530283 || 2018-07-02 22:55:05 |
| 7742 || 6.74275101914358 || 2015-12-05 09:33:38 |
| 7743 || 5.25433425604574 || 2018-03-14 06:15:41 |
| 7744 || -1.12240439665003 || 2018-05-14 23:28:09 |
| 7745 || 46.8096284439052 || 2014-01-07 17:40:53 |
| 7746 || 12.2397189181562 || 2013-08-17 04:10:34 |
| 7747 || 48.4650816678957 || 2011-03-14 10:24:14 |
| 7748 || 9.23047835747669 || 2016-04-11 22:48:44 |
| 7749 || 6.68781755754312 || 2010-04-22 06:29:01 |
| 7750 || 46.9005912555034 || 2010-11-24 10:40:10 |
| 7751 || -6.8913285308432 || 2017-12-19 06:42:39 |
| 7752 || 51.3170573882452 || 2017-02-17 08:13:16 |
| 7753 || -4.10349025223334 || 2013-10-25 17:56:02 |
| 7754 || 3.59197245694137 || 2016-07-19 01:00:26 |
| 7755 || -15.9497031259934 || 2013-07-07 09:07:45 |
| 7756 || 88.0561155564958 || 2016-05-08 23:31:45 |
| 7757 || -12.2619493519036 || 2017-06-26 10:49:45 |
| 7758 || 16.2197239634634 || 2017-01-20 04:32:37 |
| 7759 || 2.46769950999308 || 2013-09-11 15:28:36 |
| 7760 || -14.841474252575 || 2017-02-01 13:07:39 |
| 7761 || -25.7705639173282 || 2019-04-10 05:32:44 |
| 7762 || 72.787902348739 || 2012-03-19 15:00:38 |
| 7763 || 14.7098499079172 || 2017-05-12 12:06:11 |
| 7764 || 0.0986179371839034 || 2017-04-25 04:02:28 |
| 7765 || 29.9184073544268 || 2014-12-17 06:28:19 |
| 7766 || 52.4122731889473 || 2015-07-19 02:32:17 |
| 7767 || -25.3245680477067 || 2014-09-27 00:01:38 |
| 7768 || 9.80141039480657 || 2016-04-08 00:35:58 |
| 7769 || -0.037357903854102 || 2018-04-05 16:18:31 |
| 7770 || -2.94841591012267 || 2017-02-27 13:42:00 |
| 7771 || 69.350696099825 || 2017-04-07 16:31:24 |
| 7772 || 29.0942828634728 || 2012-02-10 20:25:20 |
| 7773 || -5.77916431128337 || 2018-12-24 19:24:12 |
| 7774 || -0.00154022207849051 || 2018-08-17 06:53:22 |
| 7775 || -2.45112039419763 || 2014-08-16 09:02:55 |
| 7776 || -26.3213488139208 || 2014-03-27 12:00:24 |
| 7777 || 67.5763324484729 || 2013-12-19 00:03:26 |
| 7778 || 4.1283783429892 || 2018-05-10 23:48:37 |
| 7779 || -0.0642520944967112 || 2010-01-21 06:43:03 |
| 7780 || 6.5856411955974 || 2013-05-11 03:49:55 |
| 7781 || 11.6546469608968 || 2019-03-19 04:49:41 |
| 7782 || 85.2705614343315 || 2019-02-06 11:27:43 |
| 7783 || 9.35209408965777 || 2012-04-22 01:22:45 |
| 7784 || 1.28841077228021 || 2010-06-22 17:59:26 |
| 7785 || 5.99423145262308 || 2015-07-10 06:35:05 |
| 7786 || 15.3465206862342 || 2010-06-11 05:55:14 |
| 7787 || -27.5888485870753 || 2011-09-20 16:53:13 |
| 7788 || 34.2456341745375 || 2013-03-25 18:12:40 |
| 7789 || -1.14372475609019 || 2019-06-25 00:09:33 |
| 7790 || -1.48221047214819 || 2011-06-15 13:45:01 |
| 7791 || 50.8576152540593 || 2017-08-04 19:10:44 |
| 7792 || 86.8352675814736 || 2016-05-03 15:52:46 |
| 7793 || 18.6850124289151 || 2010-10-03 19:11:34 |
| 7794 || 4.98109189558551 || 2018-04-26 20:32:29 |
| 7795 || -1.4919764616898 || 2015-08-03 08:38:35 |
| 7796 || 61.6190402222687 || 2014-08-04 18:14:20 |
| 7797 || 52.792910308462 || 2012-09-20 22:48:48 |
| 7798 || 57.7072064432349 || 2016-01-14 16:17:11 |
| 7799 || 5.75782746401118 || 2014-06-19 13:29:18 |
| 7800 || 7.02581193698035 || 2014-02-18 06:15:57 |
| 7801 || 19.8186860215049 || 2011-05-03 17:19:35 |
| 7802 || -26.7535684867622 || 2015-06-23 15:23:26 |
| 7803 || 48.9949132419532 || 2017-07-02 18:20:28 |
| 7804 || 10.8200809821398 || 2019-10-16 00:04:34 |
| 7805 || 2.39171957840878 || 2017-10-07 15:23:17 |
| 7806 || 31.6380942267049 || 2010-01-05 14:03:15 |
| 7807 || 43.1067020256449 || 2018-01-18 23:54:27 |
| 7808 || -22.2462769751441 || 2019-11-05 23:29:19 |
| 7809 || 15.495101813116 || 2010-06-19 10:24:43 |
| 7810 || -0.200026887172634 || 2013-11-23 04:58:37 |
| 7811 || -14.6774789419045 || 2013-06-14 05:14:33 |
| 7812 || -10.3690078073455 || 2018-12-20 04:03:05 |
| 7813 || 14.2845929968808 || 2012-12-10 02:58:04 |
| 7814 || 17.2202510724873 || 2017-02-17 17:59:45 |
| 7815 || 0.160462637948953 || 2017-12-13 21:33:02 |
| 7816 || 22.6115830339528 || 2018-05-26 18:09:34 |
| 7817 || -2.21821898707566 || 2017-12-15 09:37:55 |
| 7818 || 75.7841784983623 || 2013-08-20 11:11:59 |
| 7819 || 4.72501993989302 || 2018-05-27 14:13:18 |
| 7820 || -0.0632589046843644 || 2014-02-23 22:23:39 |
| 7821 || -11.6086207779205 || 2011-09-26 19:42:28 |
| 7822 || -16.2826080568324 || 2018-08-05 15:55:01 |
| 7823 || 45.4895794442096 || 2019-10-11 01:48:58 |
| 7824 || 11.5623428553703 || 2018-10-08 10:29:13 |
| 7825 || 0.00113065680784494 || 2016-01-21 10:59:53 |
| 7826 || 29.2979642424662 || 2014-10-21 18:28:56 |
| 7827 || -26.2517543616878 || 2016-04-06 17:06:05 |
| 7828 || 5.77593626661363 || 2012-12-10 13:59:02 |
| 7829 || -2.48934111461868 || 2010-02-11 02:35:46 |
| 7830 || -0.0667680421090239 || 2013-11-14 15:26:10 |
| 7831 || 19.606994908729 || 2013-10-13 11:48:31 |
| 7832 || 33.2916944388699 || 2017-04-21 05:05:21 |
| 7833 || 56.1194584916202 || 2010-09-25 19:51:32 |
| 7834 || 14.5403915907627 || 2014-01-15 19:28:58 |
| 7835 || 0.983153560131591 || 2017-11-27 17:30:05 |
| 7836 || 16.7635942973375 || 2012-09-18 11:54:36 |
| 7837 || 45.0040137360138 || 2017-06-16 01:19:02 |
| 7838 || 65.2326800420269 || 2016-02-20 09:06:24 |
| 7839 || 45.243997838867 || 2013-01-20 07:36:03 |
| 7840 || -1.01046352423007 || 2014-02-27 15:48:28 |
| 7841 || -4.97978379562413 || 2014-01-27 23:10:20 |
| 7842 || -9.61246258650293 || 2014-10-06 09:23:39 |
| 7843 || 15.7281045199848 || 2010-09-06 02:16:14 |
| 7844 || 50.2970185869624 || 2016-06-13 16:56:34 |
| 7845 || -1.72104881280019 || 2018-12-11 17:15:37 |
| 7846 || -3.93544330428798 || 2014-03-10 17:47:06 |
| 7847 || -6.85856915657749 || 2011-10-18 22:55:59 |
| 7848 || 18.0119487036561 || 2018-09-02 12:53:48 |
| 7849 || -17.531332573383 || 2012-05-15 07:27:49 |
| 7850 || -1.08946288107395 || 2014-04-22 03:18:41 |
| 7851 || 6.65010976122452 || 2014-12-16 21:07:25 |
| 7852 || -17.7207544779605 || 2012-03-01 22:30:06 |
| 7853 || 84.3964067700542 || 2016-01-20 12:58:44 |
| 7854 || -9.63353914451566 || 2016-11-14 21:53:05 |
| 7855 || 2.55024994466696 || 2010-12-06 18:36:41 |
| 7856 || -1.83126804570823 || 2019-08-04 11:26:13 |
| 7857 || 31.2595252919411 || 2016-03-07 11:25:03 |
| 7858 || -20.9406331732036 || 2014-02-18 00:47:24 |
| 7859 || 67.1060391803017 || 2015-02-13 20:47:03 |
| 7860 || 3.45185641312833 || 2012-08-26 06:18:47 |
| 7861 || -0.806260119265396 || 2017-09-20 00:58:50 |
| 7862 || 46.200156575476 || 2011-02-02 21:18:21 |
| 7863 || 58.8988819170359 || 2015-03-20 17:52:37 |
| 7864 || 13.2339718562445 || 2016-11-22 20:14:47 |
| 7865 || 15.2206229004817 || 2014-05-13 11:25:50 |
| 7866 || 1.398780249328 || 2010-09-08 11:28:15 |
| 7867 || 3.29948881737187 || 2014-01-07 06:28:07 |
| 7868 || 71.9915610119765 || 2016-03-22 01:07:25 |
| 7869 || -25.3030841602556 || 2019-04-22 03:10:14 |
| 7870 || 24.4186652328667 || 2013-01-17 02:07:20 |
| 7871 || 0.099862699503509 || 2010-08-20 16:23:26 |
| 7872 || 30.828539034198 || 2017-11-12 22:51:06 |
| 7873 || 82.7576852347208 || 2018-05-20 03:27:02 |
| 7874 || 13.5380717606224 || 2014-03-04 10:48:44 |
| 7875 || -4.51741651735545 || 2010-02-20 19:03:58 |
| 7876 || -5.77295819151022e-05 || 2017-03-19 04:12:58 |
| 7877 || 8.48810889959918 || 2016-02-15 07:41:26 |
| 7878 || 13.9640406993764 || 2017-01-24 11:02:04 |
| 7879 || 82.8512747131235 || 2012-04-12 04:02:32 |
| 7880 || -11.0671399931506 || 2017-02-10 08:55:30 |
| 7881 || 0.0365110489254092 || 2017-07-09 04:23:09 |
| 7882 || -6.10505300045789 || 2011-07-20 02:55:48 |
| 7883 || 76.2997845922889 || 2014-07-21 09:46:29 |
| 7884 || 70.7260861491507 || 2019-05-03 22:42:56 |
| 7885 || 19.7572755518886 || 2014-07-14 19:29:32 |
| 7886 || 0.923556571317145 || 2012-05-18 18:16:29 |
| 7887 || -6.36940709021841 || 2017-03-09 00:45:48 |
| 7888 || -18.9682023284349 || 2015-05-27 12:35:12 |
| 7889 || 76.5923516428016 || 2010-05-04 17:40:16 |
| 7890 || -5.69238816263459 || 2010-08-18 19:33:22 |
| 7891 || -0.602905107095335 || 2017-01-06 23:12:54 |
| 7892 || -1.97338461451667 || 2012-04-11 17:04:09 |
| 7893 || -21.0204473528605 || 2013-05-06 19:48:45 |
| 7894 || 45.1309528597383 || 2014-10-13 12:53:39 |
| 7895 || 5.50508438220482 || 2013-03-03 16:04:41 |
| 7896 || 2.81151414913326 || 2012-05-11 04:58:11 |
| 7897 || -4.09634441134645 || 2012-03-06 22:42:39 |
| 7898 || -19.0327905898945 || 2017-01-25 22:45:10 |
| 7899 || -1.21793422252734 || 2012-12-15 05:36:41 |
| 7900 || 55.7485954817008 || 2012-09-16 09:15:43 |
| 7901 || -2.29920831968949 || 2013-06-23 20:07:20 |
| 7902 || -0.990392524087122 || 2015-09-03 10:54:13 |
| 7903 || -18.2455876802722 || 2018-02-08 06:02:10 |
| 7904 || 72.9600182468683 || 2010-07-19 10:01:10 |
| 7905 || 9.97981655802628 || 2012-05-13 17:32:13 |
| 7906 || -1.71166751059725 || 2012-09-16 17:10:18 |
| 7907 || 5.30751577693842 || 2019-07-14 22:12:33 |
| 7908 || 0.385984924464119 || 2012-12-06 22:22:20 |
| 7909 || 70.2201126625251 || 2012-05-12 12:22:14 |
| 7910 || -7.4280907308825 || 2010-07-19 10:07:38 |
| 7911 || 2.17900976061418 || 2016-01-19 22:13:19 |
| 7912 || 3.46518772388438 || 2017-12-10 18:34:20 |
| 7913 || 42.1172336739877 || 2014-12-11 16:13:45 |
| 7914 || 76.1445232066448 || 2010-04-17 09:26:26 |
| 7915 || -15.8629563290378 || 2017-03-09 15:19:18 |
| 7916 || -6.08426417911573 || 2010-01-02 01:37:29 |
| 7917 || 1.7506596485792 || 2019-02-02 18:18:56 |
| 7918 || -2.87606442113605 || 2017-06-26 01:29:19 |
| 7919 || 6.88782144867509 || 2012-10-07 17:38:32 |
| 7920 || -24.1896364875053 || 2018-10-20 16:35:58 |
| 7921 || -0.825833149084514 || 2012-08-14 16:43:23 |
| 7922 || -0.114483520500747 || 2013-12-11 11:53:58 |
| 7923 || 3.30284117327362 || 2017-05-15 11:40:07 |
| 7924 || 32.023526149007 || 2012-04-16 04:31:00 |
| 7925 || -26.2088596188375 || 2017-09-12 12:15:39 |
| 7926 || 5.97110097878505 || 2016-07-26 19:15:56 |
| 7927 || -0.0107941734583624 || 2015-01-21 16:42:15 |
| 7928 || 1.34570257679359 || 2012-09-08 13:31:49 |
| 7929 || 47.7850138999199 || 2018-02-15 14:13:32 |
| 7930 || 13.9878888720113 || 2017-08-27 18:38:03 |
| 7931 || -10.6097254290072 || 2012-04-16 20:33:02 |
| 7932 || 0.0886453631366272 || 2011-02-21 20:56:54 |
| 7933 || 23.3925751450125 || 2013-08-24 22:08:40 |
| 7934 || 72.8214801849161 || 2017-04-25 04:27:25 |
| 7935 || -12.8303634900056 || 2016-11-26 05:00:41 |
| 7936 || 4.62328742909276 || 2017-01-25 06:22:30 |
| 7937 || 0.779026010144074 || 2010-07-21 23:20:17 |
| 7938 || -6.06066854721383 || 2010-06-05 23:39:42 |
| 7939 || 71.4566486968738 || 2019-11-12 00:51:43 |
| 7940 || -28.660128664027 || 2011-11-08 00:28:01 |
| 7941 || -8.4089149731497 || 2010-06-15 11:22:34 |
| 7942 || 1.66427836959889 || 2016-04-09 22:30:13 |
| 7943 || 16.8122135984822 || 2018-11-23 04:31:42 |
| 7944 || -12.238481160999 || 2014-10-08 14:35:52 |
| 7945 || 85.6215928183226 || 2016-05-25 05:33:40 |
| 7946 || -13.8963984385335 || 2016-10-08 07:36:04 |
| 7947 || 1.51908320480733 || 2016-03-22 00:15:14 |
| 7948 || -4.19893531078271 || 2019-05-24 17:06:27 |
| 7949 || 54.9584031169004 || 2010-08-21 15:16:51 |
| 7950 || 88.8105246937889 || 2013-06-14 02:04:25 |
| 7951 || 42.680967900221 || 2011-12-22 10:14:02 |
| 7952 || -1.76877656211071 || 2017-01-21 11:10:21 |
| 7953 || 2.30312740903572 || 2016-12-10 13:51:46 |
| 7954 || -6.2429446833414 || 2016-07-07 19:27:53 |
| 7955 || -28.6860601463237 || 2014-02-12 10:02:26 |
| 7956 || 17.7370643047697 || 2010-09-07 16:10:26 |
| 7957 || 9.99131017370498 || 2012-12-06 12:13:24 |
| 7958 || -0.578342066913538 || 2011-01-24 05:57:31 |
| 7959 || 20.7784546636569 || 2011-12-18 23:45:46 |
| 7960 || -1.18183665463585 || 2018-12-19 04:44:48 |
| 7961 || -21.7545780002127 || 2010-01-05 11:47:45 |
| 7962 || 2.94144289414309 || 2016-09-22 07:56:43 |
| 7963 || 3.27020603467765 || 2019-07-12 14:13:07 |
| 7964 || 45.8005264395012 || 2014-03-08 22:08:37 |
| 7965 || -29.3614221356049 || 2019-01-26 17:26:29 |
| 7966 || 47.08227768243 || 2013-12-14 00:22:09 |
| 7967 || 11.1892300599607 || 2011-07-06 03:47:37 |
| 7968 || 0.834105064721222 || 2017-07-15 08:44:39 |
| 7969 || 35.4621324184086 || 2012-12-13 10:02:25 |
| 7970 || -4.19489956084219 || 2013-02-20 22:06:36 |
| 7971 || 39.0657591956817 || 2013-05-14 01:56:25 |
| 7972 || 6.38017378894813 || 2016-08-26 15:20:42 |
| 7973 || 0.0605987304445177 || 2014-01-10 21:47:32 |
| 7974 || 29.2433475574496 || 2015-05-03 19:42:21 |
| 7975 || -22.2217104647223 || 2019-08-19 04:23:28 |
| 7976 || -15.9013415911931 || 2018-05-21 15:32:44 |
| 7977 || 22.8492762844808 || 2011-03-13 13:44:54 |
| 7978 || 0.0176261377687267 || 2019-09-06 09:20:29 |
| 7979 || 11.4087094881843 || 2011-06-22 23:59:37 |
| 7980 || -26.6746656623157 || 2012-07-07 20:27:32 |
| 7981 || -27.2316932340458 || 2018-11-08 19:15:32 |
| 7982 || 30.7414963542137 || 2017-09-18 18:25:19 |
| 7983 || -0.0193407970120442 || 2011-09-07 16:39:36 |
| 7984 || -6.26473504273684 || 2014-11-10 13:39:13 |
| 7985 || 61.7151021945438 || 2012-10-22 20:34:59 |
| 7986 || 49.2517057859184 || 2016-09-26 17:50:31 |
| 7987 || 5.23773675187418 || 2018-12-19 21:32:24 |
| 7988 || 0.339387249183032 || 2017-12-03 01:05:58 |
| 7989 || -1.47131697720963 || 2011-10-01 16:53:53 |
| 7990 || -3.20328291943822 || 2015-09-05 21:02:41 |
| 7991 || 74.1306955552298 || 2013-04-17 14:29:45 |
| 7992 || -7.34297849060737 || 2014-02-23 22:02:39 |
| 7993 || -0.578732953126966 || 2011-03-12 17:57:38 |
| 7994 || 12.2036992486851 || 2016-08-05 08:06:19 |
| 7995 || 49.5078001237498 || 2018-12-16 14:17:51 |
| 7996 || 83.3668128354491 || 2011-04-26 03:33:33 |
| 7997 || 2.67507282228593 || 2011-09-04 09:41:06 |
| 7998 || 3.4861368504282 || 2019-01-25 03:48:25 |
| 7999 || 9.11484801518606 || 2018-12-11 20:39:06 |
| 8000 || -15.4227017855101 || 2012-01-14 14:13:15 |
| 8001 || 72.967747421249 || 2010-06-11 17:32:40 |
| 8002 || -8.44805481032416 || 2017-06-01 16:18:46 |
| 8003 || 2.04552986073781 || 2010-04-20 17:46:22 |
| 8004 || 10.1719178118234 || 2016-09-26 11:49:55 |
| 8005 || 8.96104720548658 || 2019-05-24 07:20:41 |
| 8006 || 83.8912956437446 || 2019-03-22 19:21:22 |
| 8007 || 39.9066562621113 || 2017-07-10 19:51:31 |
| 8008 || 8.38487919648598 || 2015-09-19 08:34:56 |
| 8009 || 2.57066802781279 || 2013-02-19 17:52:14 |
| 8010 || 8.11100745985565 || 2012-07-24 05:34:12 |
| 8011 || -29.1061133110867 || 2011-02-13 09:25:35 |
| 8012 || -17.4748238316462 || 2015-06-25 08:14:27 |
| 8013 || -1.48512710147853 || 2012-04-24 13:15:16 |
| 8014 || 0.467636882673234 || 2010-09-02 14:26:47 |
| 8015 || 42.3418120125384 || 2014-01-22 18:50:17 |
| 8016 || 4.04478462012887 || 2017-04-05 06:20:44 |
| 8017 || 5.81952347972034 || 2013-08-24 23:29:54 |
| 8018 || -1.8490346157728 || 2015-02-07 08:27:30 |
| 8019 || 0.734621432464797 || 2014-12-16 19:29:00 |
| 8020 || -14.7869593703644 || 2011-03-02 15:42:36 |
| 8021 || -2.38843446376392 || 2017-03-23 11:22:00 |
| 8022 || 7.58283652502971 || 2016-08-12 04:43:19 |
| 8023 || 20.2312278275289 || 2010-07-25 19:00:56 |
| 8024 || -0.276446464110388 || 2019-11-01 16:18:05 |
| 8025 || 2.62750993714911 || 2018-01-08 23:09:24 |
| 8026 || -9.36291507011793 || 2013-09-27 06:30:44 |
| 8027 || 74.2003246733926 || 2016-03-23 16:56:22 |
| 8028 || -3.73784863025225 || 2015-02-23 17:00:16 |
| 8029 || 0.060583223545491 || 2018-12-12 23:47:41 |
| 8030 || 9.08239577962375 || 2011-09-02 13:22:39 |
| 8031 || 81.15392256811 || 2011-05-12 09:44:18 |
| 8032 || 71.9136527924158 || 2016-12-23 17:56:55 |
| 8033 || 18.1466099415619 || 2012-04-15 15:52:19 |
| 8034 || 0.0304341026166623 || 2017-05-16 08:01:38 |
| 8035 || 16.0334664368675 || 2012-02-06 21:59:14 |
| 8036 || 19.4148909215656 || 2016-06-13 17:23:06 |
| 8037 || 40.0768958933639 || 2015-07-11 14:43:12 |
| 8038 || 23.664855564354 || 2010-04-24 19:08:15 |
| 8039 || 0.548068812776269 || 2013-09-26 06:35:16 |
| 8040 || -6.72416229562622 || 2015-07-25 08:36:08 |
| 8041 || 6.43563241453459 || 2016-03-24 21:04:52 |
| 8042 || 34.0067324025639 || 2010-11-08 12:30:45 |
| 8043 || 38.3900705377968 || 2018-04-02 14:24:16 |
| 8044 || 1.65659485091213 || 2015-07-22 13:03:23 |
| 8045 || 18.7930215584795 || 2015-07-16 13:51:05 |
| 8046 || -18.5256718031027 || 2013-03-05 05:45:46 |
| 8047 || -29.1459854551975 || 2016-02-15 18:41:55 |
| 8048 || -13.2571248216757 || 2018-09-23 05:48:18 |
| 8049 || 3.53404945254543 || 2019-07-27 23:33:02 |
| 8050 || 13.7413130935776 || 2014-01-27 04:04:39 |
| 8051 || 15.5120803042603 || 2016-08-22 08:21:18 |
| 8052 || 89.4533769465885 || 2017-04-19 02:11:30 |
| 8053 || 49.5056850913942 || 2013-12-25 20:14:37 |
| 8054 || 5.96129126711218 || 2013-06-12 06:43:05 |
| 8055 || -2.8305844804978 || 2017-09-25 17:28:56 |
| 8056 || 22.4499895450153 || 2018-11-10 03:48:53 |
| 8057 || 89.007165455525 || 2010-10-10 08:10:27 |
| 8058 || 56.7930305489409 || 2013-12-17 23:11:31 |
| 8059 || -1.32230988729276 || 2012-06-12 13:16:21 |
| 8060 || 7.42612974355633 || 2014-09-18 07:08:23 |
| 8061 || 39.4989054564821 || 2018-05-07 09:46:02 |
| 8062 || -29.8299621922382 || 2010-11-12 03:32:51 |
| 8063 || -20.7953734747481 || 2019-11-20 08:08:42 |
| 8064 || 12.3829760228047 || 2012-07-09 09:33:11 |
| 8065 || 0.46382569557436 || 2018-09-05 14:06:16 |
| 8066 || -15.8950728578629 || 2019-12-20 11:35:52 |
| 8067 || -24.0592470096358 || 2014-06-08 05:31:10 |
| 8068 || 65.8189864101928 || 2011-01-02 15:51:46 |
| 8069 || 13.9588713111 || 2017-10-20 03:23:37 |
| 8070 || -0.388070401289336 || 2016-01-06 12:57:14 |
| 8071 || 44.2270365434121 || 2016-02-27 15:03:54 |
| 8072 || -26.7192164496225 || 2013-04-01 23:05:10 |
| 8073 || 50.0003702359996 || 2015-03-02 12:19:40 |
| 8074 || 5.23150724831315 || 2017-02-20 20:18:38 |
| 8075 || 1.11341404529709 || 2011-02-11 09:27:41 |
| 8076 || 6.27461716013867 || 2011-10-21 11:56:48 |
| 8077 || 82.8901916092889 || 2015-02-21 05:44:52 |
| 8078 || -24.8308960565577 || 2018-09-23 20:56:14 |
| 8079 || 12.232396334678 || 2017-02-23 00:38:15 |
| 8080 || -0.0528273492441262 || 2015-02-14 08:57:03 |
| 8081 || -10.135985204367 || 2017-11-14 23:07:03 |
| 8082 || 26.9629507237721 || 2010-01-21 09:35:46 |
| 8083 || -4.19509388017185 || 2018-04-13 16:18:37 |
| 8084 || 20.6268217755368 || 2013-03-10 17:51:29 |
| 8085 || 0.00440099766892464 || 2018-11-17 20:51:11 |
| 8086 || 21.9142526204163 || 2010-04-22 06:01:21 |
| 8087 || 79.3982023178281 || 2015-12-13 09:45:34 |
| 8088 || 18.1613587567693 || 2015-10-18 02:11:54 |
| 8089 || 31.1286800962438 || 2010-05-15 17:49:09 |
| 8090 || -0.061922967309557 || 2019-08-04 21:19:33 |
| 8091 || 18.7493552214459 || 2010-05-24 07:31:38 |
| 8092 || 50.2603142393405 || 2017-10-26 02:23:40 |
| 8093 || -10.5730975698122 || 2012-02-24 11:28:54 |
| 8094 || -13.4220703543127 || 2019-05-16 07:56:58 |
| 8095 || -0.476431333845977 || 2019-05-15 11:39:07 |
| 8096 || 9.39925080694177 || 2019-03-19 18:44:17 |
| 8097 || 9.25705730472393 || 2018-06-26 16:34:55 |
| 8098 || -23.0331291008137 || 2016-10-18 12:01:15 |
| 8099 || 20.8181080314089 || 2017-02-27 11:11:26 |
| 8100 || 2.51445054520812 || 2012-11-14 19:59:01 |
| 8101 || -2.64220668037819 || 2015-06-22 08:08:21 |
| 8102 || -22.4168733089771 || 2017-04-20 20:15:06 |
| 8103 || -1.9375408569451 || 2018-01-25 15:35:43 |
| 8104 || 50.4391808320227 || 2016-05-23 02:26:59 |
| 8105 || 1.31544528860483 || 2011-08-09 20:37:53 |
| 8106 || 9.14425187495451 || 2014-02-22 02:25:32 |
| 8107 || 18.5574252301672 || 2017-08-19 05:19:26 |
| 8108 || 87.1189419799557 || 2017-09-20 12:14:47 |
| 8109 || -9.37258881086923 || 2015-11-04 06:24:41 |
| 8110 || 7.88473581904991 || 2017-12-27 02:26:42 |
| 8111 || 2.37714489719511 || 2010-02-10 00:40:27 |
| 8112 || 37.3158017681867 || 2013-01-04 22:11:04 |
| 8113 || 2.77756736820372 || 2012-05-13 09:32:35 |
| 8114 || -20.7295076626524 || 2016-06-08 10:04:54 |
| 8115 || -3.7794566117807 || 2016-10-27 10:41:16 |
| 8116 || -0.432270935658627 || 2010-08-19 04:23:13 |
| 8117 || -1.80982730307995 || 2019-05-17 22:53:42 |
| 8118 || 33.3587097373349 || 2019-01-16 04:13:27 |
| 8119 || -3.50545694592375 || 2019-04-02 15:35:52 |
| 8120 || 2.69982326729428 || 2016-09-22 02:48:07 |
| 8121 || -0.643645826723927 || 2018-07-07 22:58:02 |
| 8122 || 12.5527479957408 || 2013-06-04 01:42:26 |
| 8123 || -24.0948557440413 || 2017-01-18 04:49:09 |
| 8124 || -12.4717231258651 || 2017-07-17 09:31:45 |
| 8125 || -5.25590818158132 || 2012-03-27 21:47:12 |
| 8126 || 1.21986244938681 || 2018-11-26 00:19:06 |
| 8127 || 1.05434573337636 || 2019-06-25 14:19:10 |
| 8128 || -18.8152082174986 || 2010-08-06 10:05:14 |
| 8129 || 75.5228591163049 || 2017-01-13 07:31:18 |
| 8130 || -7.88584583002255 || 2016-01-17 04:37:12 |
| 8131 || 0.378723147009464 || 2017-12-01 09:00:02 |
| 8132 || 18.2534670172756 || 2016-12-24 15:28:29 |
| 8133 || 56.9777049201584 || 2017-01-06 12:36:23 |
| 8134 || 20.0085175921634 || 2017-09-10 14:42:57 |
| 8135 || -4.76614632975685 || 2010-10-03 12:58:52 |
| 8136 || 0.0016342345962756 || 2016-04-21 14:08:39 |
| 8137 || 28.3175226003607 || 2015-06-15 17:40:15 |
| 8138 || 12.7659171767084 || 2016-08-06 02:46:53 |
| 8139 || 30.7247798666029 || 2010-03-22 00:35:20 |
| 8140 || 34.9047563875312 || 2010-03-14 17:22:49 |
| 8141 || -0.08841284178946 || 2010-03-10 01:14:47 |
| 8142 || 23.6790801844533 || 2013-04-06 18:42:33 |
| 8143 || 58.8010716626832 || 2017-11-09 12:35:04 |
| 8144 || -23.9643361448948 || 2016-05-07 02:39:36 |
| 8145 || 34.7629446081476 || 2013-02-15 02:10:30 |
| 8146 || 0.709695700987231 || 2019-11-05 21:56:26 |
| 8147 || -1.49676824376611 || 2016-08-08 09:28:14 |
| 8148 || 22.7518347563716 || 2019-09-09 13:47:19 |
| 8149 || 80.1914474184502 || 2015-02-15 13:48:03 |
| 8150 || 36.4999263209781 || 2014-10-08 18:13:25 |
| 8151 || 1.6754214865387 || 2012-08-01 04:32:58 |
| 8152 || -4.09985246148201 || 2019-11-16 10:58:41 |
| 8153 || 67.8355595863784 || 2019-05-12 10:28:19 |
| 8154 || 87.9183760542778 || 2013-05-27 01:07:03 |
| 8155 || -9.91818053673801 || 2016-08-25 04:59:34 |
| 8156 || 1.83153752657266 || 2018-01-02 22:51:52 |
| 8157 || 9.51829044109451 || 2019-03-16 03:24:57 |
| 8158 || 38.1711556145278 || 2016-12-18 04:35:46 |
| 8159 || -7.36894273510151 || 2015-01-10 05:11:42 |
| 8160 || 21.0541013274515 || 2014-07-17 05:57:33 |
| 8161 || 6.16897112872266 || 2012-10-10 11:43:51 |
| 8162 || 7.21980220616251 || 2012-10-12 18:43:28 |
| 8163 || 51.1939134191987 || 2014-05-10 00:16:34 |
| 8164 || -17.5749644803269 || 2018-08-13 02:45:55 |
| 8165 || 3.98098652552696 || 2012-10-07 15:36:04 |
| 8166 || 10.5941286620775 || 2019-02-25 21:25:28 |
| 8167 || 3.19028319428504 || 2010-11-17 06:58:42 |
| 8168 || 28.2101758502631 || 2012-06-14 02:41:00 |
| 8169 || 84.6864527171852 || 2014-06-04 19:08:46 |
| 8170 || 65.5410679324247 || 2018-10-11 17:14:17 |
| 8171 || -2.54348152211024 || 2011-12-22 15:11:43 |
| 8172 || 3.27507205619097 || 2011-12-21 06:06:09 |
| 8173 || -15.7799744322586 || 2011-03-01 22:09:39 |
| 8174 || -1.29567110190613 || 2013-07-01 17:03:53 |
| 8175 || -23.6309253959293 || 2012-03-08 06:19:21 |
| 8176 || 14.538183412198 || 2017-06-18 03:26:44 |
| 8177 || 1.54378138202821 || 2012-10-04 20:06:42 |
| 8178 || -11.7822357969274 || 2015-07-20 09:29:18 |
| 8179 || 86.2611096820439 || 2016-02-24 21:22:24 |
| 8180 || -2.69585101643875 || 2015-03-16 17:45:43 |
| 8181 || 14.4007099791413 || 2014-09-16 15:09:31 |
| 8182 || 0.210244242880617 || 2012-06-01 12:24:15 |
| 8183 || 3.62449646543916 || 2011-11-18 09:15:11 |
| 8184 || 12.4103537356486 || 2018-09-24 00:09:44 |
| 8185 || 28.5577168668372 || 2011-07-19 21:01:53 |
| 8186 || 27.8407346153507 || 2016-01-20 22:01:00 |
| 8187 || -0.00748744918472235 || 2011-01-02 18:58:22 |
| 8188 || 25.2270383768917 || 2012-10-26 08:33:30 |
| 8189 || 17.0957571782788 || 2011-08-24 01:51:42 |
| 8190 || 72.1956728939915 || 2012-07-11 03:12:31 |
| 8191 || 27.6221829935431 || 2015-04-11 11:04:29 |
| 8192 || -0.0196859861267606 || 2019-12-02 04:45:38 |
| 8193 || 2.00151608785159 || 2010-02-19 21:53:00 |
| 8194 || 75.7280968783182 || 2011-03-09 16:26:38 |
| 8195 || 25.2008141834923 || 2012-04-24 05:28:27 |
| 8196 || 6.48009140997969 || 2011-02-16 16:09:52 |
| 8197 || -0.300322211606388 || 2013-07-25 16:25:23 |
| 8198 || 12.050235323052 || 2016-06-02 22:47:04 |
| 8199 || 22.1902498557161 || 2015-03-04 01:37:59 |
| 8200 || 34.3199679739579 || 2012-12-22 19:36:31 |
| 8201 || 5.06931932145864 || 2010-01-21 09:16:30 |
| 8202 || -0.227576280051181 || 2012-07-16 22:05:23 |
| 8203 || 3.75494653635847 || 2019-12-26 00:49:13 |
| 8204 || -19.9739169294575 || 2011-09-02 13:46:51 |
| 8205 || 81.4554858639614 || 2015-04-15 22:38:17 |
| 8206 || 50.106521016078 || 2017-03-26 22:07:22 |
| 8207 || -1.50329168415091 || 2015-03-22 19:07:15 |
| 8208 || -3.20227390107851 || 2013-09-13 06:15:15 |
| 8209 || -18.5537079180504 || 2015-02-10 01:47:19 |
| 8210 || -29.35297055987 || 2014-12-02 10:30:56 |
| 8211 || -9.83626017579912 || 2016-09-15 06:00:22 |
| 8212 || 0.151842197822628 || 2012-01-13 05:45:37 |
| 8213 || 2.19202918333976 || 2016-03-08 14:59:40 |
| 8214 || -18.3616656116781 || 2014-02-12 02:08:13 |
| 8215 || 82.4227154305829 || 2016-03-22 15:59:06 |
| 8216 || 29.301100922362 || 2012-04-12 22:45:49 |
| 8217 || 8.23864825979007 || 2014-06-24 13:03:01 |
| 8218 || 0.000360518685137246 || 2018-09-12 09:09:41 |
| 8219 || 3.74051950257596 || 2013-09-05 08:48:21 |
| 8220 || -22.2743310838408 || 2018-05-12 02:41:03 |
| 8221 || -11.9480394030065 || 2016-04-23 13:11:21 |
| 8222 || 10.3769797713227 || 2012-04-09 09:02:42 |
| 8223 || -0.918814261999991 || 2012-02-06 05:34:59 |
| 8224 || 48.1741948600134 || 2017-06-08 13:01:46 |
| 8225 || -3.23323738470457 || 2017-12-18 09:57:54 |
| 8226 || 66.1251611452568 || 2016-06-03 09:06:24 |
| 8227 || 17.3894601926535 || 2011-12-22 03:36:58 |
| 8228 || -0.129739313267709 || 2018-11-06 12:19:05 |
| 8229 || -4.33247687938116 || 2014-12-11 15:29:09 |
| 8230 || 86.7865929126796 || 2012-05-17 13:48:05 |
| 8231 || -6.98647345284259 || 2012-03-27 14:40:26 |
| 8232 || -0.281063082437803 || 2015-01-08 00:08:07 |
| 8233 || -0.00795871085000982 || 2013-07-09 20:00:03 |
| 8234 || 36.2558626243134 || 2013-10-15 05:44:48 |
| 8235 || -1.11899623972554 || 2012-06-08 22:32:22 |
| 8236 || -4.20320641579034 || 2019-10-25 10:50:25 |
| 8237 || 1.25128626202436 || 2018-07-08 23:53:04 |
| 8238 || -0.0209801255424352 || 2011-08-11 05:31:39 |
| 8239 || 2.23381644112774 || 2012-08-16 03:37:37 |
| 8240 || -11.3773386145596 || 2012-05-03 13:35:28 |
| 8241 || 81.090000288273 || 2018-05-07 17:52:41 |
| 8242 || 30.1288439001624 || 2012-08-05 13:41:31 |
| 8243 || 0.0282258737746837 || 2011-11-03 16:25:33 |
| 8244 || 13.4612989227569 || 2018-05-26 12:10:55 |
| 8245 || -17.8727522452744 || 2014-01-12 08:53:23 |
| 8246 || 73.0653639933211 || 2016-08-13 06:32:00 |
| 8247 || -11.7905361522681 || 2013-09-16 05:17:44 |
| 8248 || 0.0753933258406826 || 2019-10-20 20:25:24 |
| 8249 || 9.29417536593465 || 2017-06-02 12:27:28 |
| 8250 || -10.1628842958657 || 2016-04-12 14:38:23 |
| 8251 || 25.0881934480556 || 2012-04-13 00:46:29 |
| 8252 || 36.0620657490595 || 2013-07-22 14:15:21 |
| 8253 || 2.09345725074089 || 2011-07-04 13:02:01 |
| 8254 || -3.22744916228743 || 2010-11-10 09:32:22 |
| 8255 || -20.2145563331332 || 2011-03-03 22:59:36 |
| 8256 || 84.3762180309078 || 2013-03-17 18:30:31 |
| 8257 || 26.1889633815727 || 2012-06-26 04:03:18 |
| 8258 || 0.526746185369908 || 2015-05-18 13:39:19 |
| 8259 || 11.2959324680234 || 2015-02-18 10:07:19 |
| 8260 || 43.7191790004716 || 2016-11-01 15:12:15 |
| 8261 || 89.3109509156236 || 2013-04-09 01:43:01 |
| 8262 || 6.30160753710094 || 2019-03-25 07:05:53 |
| 8263 || 4.18341917619735 || 2012-12-22 18:06:02 |
| 8264 || 0.459380753015239 || 2017-06-24 08:20:18 |
| 8265 || 60.0951720766976 || 2012-06-17 14:02:36 |
| 8266 || 31.0215144799073 || 2017-11-22 15:44:15 |
| 8267 || 16.9591228705478 || 2012-03-09 19:56:07 |
| 8268 || 7.26699935521423 || 2010-07-09 06:55:59 |
| 8269 || 2.87502775145762 || 2012-03-21 06:29:11 |
| 8270 || -17.2228027143089 || 2012-10-10 05:28:06 |
| 8271 || 89.5377631137284 || 2013-08-27 21:46:52 |
| 8272 || -10.2097977109472 || 2017-03-13 12:22:13 |
| 8273 || 12.2871085001586 || 2011-12-17 05:03:58 |
| 8274 || 4.29176936044416 || 2011-02-11 14:48:46 |
| 8275 || 1.56226818192288 || 2015-08-01 04:45:37 |
| 8276 || 51.3733284733857 || 2012-03-23 22:04:00 |
| 8277 || 12.9658026068895 || 2013-10-05 17:03:45 |
| 8278 || 6.69055435825179 || 2013-09-15 13:31:37 |
| 8279 || 1.9870582757954 || 2018-04-20 05:03:59 |
| 8280 || 1.15589680845459 || 2016-07-21 09:20:14 |
| 8281 || 16.3650715362024 || 2016-09-03 16:48:57 |
| 8282 || 59.7693029792557 || 2015-09-12 13:55:52 |
| 8283 || 2.4679543479325 || 2013-05-15 14:03:14 |
| 8284 || -0.231755138090164 || 2018-10-05 08:47:31 |
| 8285 || 25.0148111479905 || 2012-03-07 20:27:32 |
| 8286 || 84.602187615125 || 2015-10-01 19:22:53 |
| 8287 || 76.9598516556901 || 2016-03-10 22:00:55 |
| 8288 || 23.2292286910064 || 2010-07-19 19:53:31 |
| 8289 || 0.0651198822701263 || 2014-02-18 10:08:30 |
| 8290 || -7.83533060392135 || 2015-12-26 16:13:13 |
| 8291 || -24.8503365935427 || 2011-08-23 01:58:35 |
| 8292 || -24.0106634118722 || 2012-08-23 10:23:52 |
| 8293 || 16.0350406667939 || 2015-10-25 04:40:53 |
| 8294 || 0.026670637804892 || 2013-11-21 16:36:49 |
| 8295 || 24.5484321806933 || 2018-07-08 21:06:39 |
| 8296 || -25.7907348723044 || 2013-04-21 12:44:54 |
| 8297 || 56.1657019034232 || 2010-06-22 16:13:11 |
| 8298 || 10.6588131999099 || 2016-11-05 05:52:39 |
| 8299 || 0.600112521389027 || 2014-10-19 06:48:57 |
| 8300 || 22.5627381086803 || 2011-04-17 00:44:50 |
| 8301 || 74.3947186350473 || 2018-08-17 12:10:22 |
| 8302 || -27.4427504091377 || 2013-09-06 20:31:33 |
| 8303 || 39.2761652868127 || 2017-06-26 10:59:33 |
| 8304 || -0.574438087582999 || 2019-03-25 17:45:50 |
| 8305 || 11.354493239771 || 2010-06-17 03:42:16 |
| 8306 || 40.7752195172502 || 2014-11-26 22:06:50 |
| 8307 || 19.6158065492211 || 2011-06-03 19:23:00 |
| 8308 || -14.3259346392591 || 2013-06-01 05:39:44 |
| 8309 || -0.755967748133033 || 2010-07-12 22:58:25 |
| 8310 || -3.70138760798622 || 2012-09-04 01:50:34 |
| 8311 || -7.81737345322777 || 2015-01-17 11:43:17 |
| 8312 || 20.0304021713671 || 2017-11-11 17:05:59 |
| 8313 || -6.37800598887447 || 2010-04-02 06:50:57 |
| 8314 || 1.16732846734944 || 2016-11-11 20:59:19 |
| 8315 || -1.63828169015686 || 2014-03-26 18:38:29 |
| 8316 || -20.345199385754 || 2016-02-16 09:57:23 |
| 8317 || 67.4604957368278 || 2016-04-01 18:47:52 |
| 8318 || 48.8648944039969 || 2011-02-24 10:56:41 |
| 8319 || 8.62789690831089 || 2014-07-05 05:23:06 |
| 8320 || 4.85791639839761 || 2018-08-09 18:20:53 |
| 8321 || 47.0557892737717 || 2011-09-12 14:02:50 |
| 8322 || 31.5752764168252 || 2018-08-22 14:49:06 |
| 8323 || -12.8016053083935 || 2015-09-21 20:28:35 |
| 8324 || -3.12700820111786 || 2019-09-20 05:40:18 |
| 8325 || 3.38398489190023 || 2017-07-15 11:09:30 |
| 8326 || -7.59640274219856 || 2011-01-03 06:44:04 |
| 8327 || -29.4522345441001 || 2010-03-16 08:38:25 |
| 8328 || -16.053241240051 || 2011-12-17 23:17:22 |
| 8329 || -4.47037785390283 || 2019-07-01 08:00:46 |
| 8330 || 1.45295021968018 || 2016-04-07 15:36:53 |
| 8331 || 15.8455014895439 || 2016-09-04 08:56:39 |
| 8332 || 48.6117445835874 || 2017-11-26 05:55:10 |
| 8333 || 21.9065117099253 || 2014-09-12 09:10:03 |
| 8334 || -4.17453159978265 || 2012-12-26 02:12:18 |
| 8335 || -0.360994009283214 || 2018-07-17 04:08:29 |
| 8336 || 27.3830642155911 || 2010-11-21 23:02:58 |
| 8337 || 44.4408538479088 || 2011-05-26 15:07:16 |
| 8338 || 60.716701525384 || 2016-01-23 17:13:49 |
| 8339 || 25.620154532625 || 2010-04-02 23:41:01 |
| 8340 || -0.00595506961746807 || 2017-12-14 17:00:15 |
| 8341 || 33.927538484492 || 2010-04-16 14:57:04 |
| 8342 || 32.154585363228 || 2011-05-13 04:58:21 |
| 8343 || 54.3797160441322 || 2011-07-26 00:12:18 |
| 8344 || 10.2526509057147 || 2015-10-18 13:55:54 |
| 8345 || 0.00549327714423252 || 2018-10-08 21:38:56 |
| 8346 || 20.68653021353 || 2010-07-10 05:20:01 |
| 8347 || -7.7020809544819 || 2012-08-01 13:14:13 |
| 8348 || 55.329083459034 || 2013-09-25 01:29:49 |
| 8349 || 32.1536837826077 || 2019-12-03 13:01:23 |
| 8350 || 0.40338557656174 || 2011-05-13 05:16:03 |
| 8351 || 22.5640206125427 || 2014-12-21 20:41:34 |
| 8352 || -14.759169948443 || 2018-08-09 02:45:11 |
| 8353 || 57.0412789000971 || 2018-06-20 12:38:17 |
| 8354 || 37.984552782545 || 2013-05-25 18:12:48 |
| 8355 || 1.06155329385801 || 2016-01-11 13:38:14 |
| 8356 || 4.73183287620393 || 2016-11-06 16:44:28 |
| 8357 || 49.6371657915982 || 2016-09-03 16:58:49 |
| 8358 || -27.9817821914093 || 2017-07-26 08:25:59 |
| 8359 || -1.07449244878522 || 2012-08-20 11:06:00 |
| 8360 || 0.898951230151634 || 2011-03-17 18:02:33 |
| 8361 || 11.2910030463537 || 2016-09-15 19:41:11 |
| 8362 || -0.232355982774962 || 2019-03-14 04:48:23 |
| 8363 || 89.272767636285 || 2012-10-07 07:40:44 |
| 8364 || 44.4037998064696 || 2018-03-05 13:27:00 |
| 8365 || 4.95747674783181 || 2012-11-22 09:52:43 |
| 8366 || 10.516335856568 || 2012-09-13 17:12:28 |
| 8367 || 24.2609767490209 || 2018-02-04 09:44:50 |
| 8368 || 51.2036132567405 || 2014-12-27 13:47:56 |
| 8369 || 8.84999404402424 || 2016-07-11 16:42:44 |
| 8370 || -2.47573824175353 || 2013-05-16 19:44:36 |
| 8371 || -2.5012965460504 || 2011-04-20 00:46:52 |
| 8372 || 22.6273475704437 || 2013-12-25 08:50:22 |
| 8373 || 84.1258160596897 || 2018-05-26 07:59:58 |
| 8374 || 61.0575316684221 || 2017-01-21 19:24:34 |
| 8375 || -3.98800731107925 || 2018-05-09 09:31:05 |
| 8376 || 3.1479812362809 || 2014-08-05 22:38:21 |
| 8377 || 41.5754027289905 || 2012-06-24 09:19:53 |
| 8378 || -25.0282662907419 || 2014-05-02 23:17:54 |
| 8379 || -11.4653194366475 || 2016-07-21 14:40:35 |
| 8380 || 5.46469950755124 || 2011-11-22 01:49:21 |
| 8381 || 1.11724876383515 || 2014-11-07 22:53:12 |
| 8382 || -14.0461038595612 || 2012-12-27 01:38:26 |
| 8383 || 49.974257573196 || 2015-11-12 13:57:43 |
| 8384 || -24.0747223549052 || 2018-09-23 03:13:56 |
| 8385 || 19.6442382418802 || 2019-02-11 07:41:48 |
| 8386 || 0.619139163429848 || 2011-12-09 00:01:50 |
| 8387 || 14.6645220571837 || 2018-04-03 02:06:35 |
| 8388 || -6.65788551539506 || 2011-04-21 09:57:58 |
| 8389 || -2.23142039752367 || 2014-06-19 21:53:44 |
| 8390 || -7.09484346043526 || 2017-02-17 21:14:43 |
| 8391 || -0.067546299193259 || 2010-07-02 14:51:03 |
| 8392 || 7.73826019474238 || 2012-08-03 20:23:02 |
| 8393 || 14.5735099490477 || 2010-11-23 15:38:39 |
| 8394 || -25.186548933165 || 2011-10-13 01:53:35 |
| 8395 || 26.9785529035051 || 2017-08-08 13:51:03 |
| 8396 || 1.1415370467037e-05 || 2010-02-15 00:09:14 |
| 8397 || 5.95574426094674 || 2010-11-07 07:40:49 |
| 8398 || 27.0039531343316 || 2010-03-21 21:18:39 |
| 8399 || 82.8110033053536 || 2010-02-05 18:05:37 |
| 8400 || 11.8406498116178 || 2012-02-17 08:03:44 |
| 8401 || 0.316570027378581 || 2014-04-20 10:16:41 |
| 8402 || 8.4163300490339 || 2011-05-09 05:30:46 |
| 8403 || 65.8341885662376 || 2011-06-05 16:13:48 |
| 8404 || 19.6240326415648 || 2014-07-09 23:51:08 |
| 8405 || -8.69905390242178 || 2014-02-23 17:45:26 |
| 8406 || 1.28298630514147 || 2018-07-05 20:33:32 |
| 8407 || 20.398288576986 || 2015-01-20 07:02:56 |
| 8408 || -18.1215778560336 || 2018-02-16 20:36:00 |
| 8409 || -18.3480947845397 || 2015-08-14 06:43:04 |
| 8410 || 44.0780636258973 || 2012-01-14 14:07:40 |
| 8411 || -0.926082284471481 || 2017-06-24 08:00:07 |
| 8412 || 5.99181592401324 || 2017-08-04 18:11:29 |
| 8413 || 60.5516332315644 || 2014-05-04 09:50:22 |
| 8414 || 4.88653102257806 || 2013-03-15 06:50:57 |
| 8415 || 51.3310490057147 || 2015-05-01 07:13:16 |
| 8416 || -1.08482155555184 || 2013-11-21 19:14:47 |
| 8417 || 10.9668368473705 || 2010-08-08 03:20:01 |
| 8418 || -20.8957875380316 || 2015-06-02 10:19:18 |
| 8419 || 63.2775784164148 || 2013-03-03 14:20:27 |
| 8420 || -13.8128786629764 || 2018-06-05 06:36:50 |
| 8421 || 5.25137798166513 || 2018-05-06 03:12:46 |
| 8422 || 4.4222229285329 || 2013-08-13 05:39:36 |
| 8423 || 46.9402530506709 || 2019-05-04 22:05:50 |
| 8424 || -20.4828940326561 || 2012-07-09 04:30:36 |
| 8425 || 59.6309550420064 || 2013-02-16 16:28:28 |
| 8426 || 1.64494787018083 || 2019-10-18 19:45:38 |
| 8427 || 5.70185899606638 || 2014-08-03 09:56:03 |
| 8428 || 14.7957116147223 || 2017-07-24 07:52:59 |
| 8429 || 59.6909481855809 || 2015-06-13 01:20:27 |
| 8430 || 21.285043740587 || 2012-01-19 06:27:27 |
| 8431 || 6.53616637178064 || 2019-06-15 16:12:46 |
| 8432 || 0.00691165914818698 || 2014-08-25 01:14:45 |
| 8433 || 35.2448237176339 || 2014-06-03 11:24:17 |
| 8434 || -29.3007625015646 || 2011-04-23 13:43:50 |
| 8435 || 69.7159124574707 || 2012-03-16 09:37:22 |
| 8436 || 4.85421140613556 || 2015-11-26 13:40:37 |
| 8437 || 1.13716049965737 || 2018-11-16 09:59:30 |
| 8438 || 3.17279596279323 || 2019-03-10 10:35:03 |
| 8439 || -28.504057854335 || 2010-09-27 23:52:14 |
| 8440 || 10.5365038016497 || 2016-03-20 00:16:27 |
| 8441 || 17.0159010546458 || 2010-06-08 21:10:44 |
| 8442 || -0.157639996602108 || 2013-02-14 20:51:04 |
| 8443 || 19.2787551037753 || 2013-09-11 11:41:45 |
| 8444 || 10.0511367295375 || 2014-09-11 07:08:31 |
| 8445 || -26.2591234554334 || 2016-05-27 10:30:49 |
| 8446 || -2.22878234209637 || 2010-12-19 00:55:17 |
| 8447 || 0.0105768852826555 || 2013-06-04 15:45:23 |
| 8448 || 14.7654551188575 || 2019-07-01 10:44:20 |
| 8449 || 10.2283391330219 || 2012-12-12 05:11:12 |
| 8450 || -27.4207188965381 || 2019-06-18 09:36:00 |
| 8451 || 20.2590414464732 || 2011-02-21 22:50:23 |
| 8452 || 0.0912545674677541 || 2010-02-27 23:53:27 |
| 8453 || -1.95984142054416 || 2014-08-25 18:08:02 |
| 8454 || -25.6808385181998 || 2016-02-03 10:22:48 |
| 8455 || -27.6340676097993 || 2015-09-09 10:23:25 |
| 8456 || 24.0222722457405 || 2016-05-16 05:16:07 |
| 8457 || 1.04331124713889 || 2016-04-27 14:47:38 |
| 8458 || -5.53961187683695 || 2015-12-24 15:04:28 |
| 8459 || 2.14288083646694 || 2012-03-05 09:21:47 |
| 8460 || -26.1377111714287 || 2014-11-07 11:57:04 |
| 8461 || 40.3857083379668 || 2010-08-25 09:32:04 |
| 8462 || 2.52264098924121 || 2016-06-17 23:35:00 |
| 8463 || 16.8376590449657 || 2018-09-05 19:57:33 |
| 8464 || -20.3884035566025 || 2017-08-13 23:06:58 |
| 8465 || -28.7882241615446 || 2010-03-26 06:08:06 |
| 8466 || -9.87116815704813 || 2018-03-14 08:59:03 |
| 8467 || 3.30241584269574 || 2016-12-18 00:36:09 |
| 8468 || 11.0607721554165 || 2016-11-13 16:38:28 |
| 8469 || -21.1089281943918 || 2017-08-06 22:00:28 |
| 8470 || 32.7314066714262 || 2012-03-17 00:06:02 |
| 8471 || 0.843244083796017 || 2011-02-21 22:42:59 |
| 8472 || 0.709611144168584 || 2017-06-04 11:56:42 |
| 8473 || 0.704911515399034 || 2017-10-06 12:53:48 |
| 8474 || 30.6342915479433 || 2012-02-15 21:53:40 |
| 8475 || 70.4289941151093 || 2017-07-26 22:24:02 |
| 8476 || 60.7607507636659 || 2017-09-11 00:47:06 |
| 8477 || -3.06104034071822 || 2012-01-05 07:46:39 |
| 8478 || 3.13986881574447 || 2018-02-10 23:09:34 |
| 8479 || 33.5336324181574 || 2014-03-23 20:05:36 |
| 8480 || -2.53863579031509 || 2014-10-24 13:18:42 |
| 8481 || -6.15534637437197 || 2011-02-23 23:37:12 |
| 8482 || 6.00869636824234 || 2015-12-15 07:01:27 |
| 8483 || -0.823686197553999 || 2011-04-09 01:50:31 |
| 8484 || 20.0595813662228 || 2011-06-14 05:35:17 |
| 8485 || 87.666261320181 || 2018-08-15 14:54:01 |
| 8486 || -17.0352487969764 || 2014-07-27 13:42:44 |
| 8487 || 10.6408576244981 || 2014-03-27 05:45:18 |
| 8488 || 0.542725559076928 || 2015-05-12 05:50:16 |
| 8489 || 14.7313940988231 || 2010-04-19 11:48:36 |
| 8490 || -14.8263425610479 || 2010-03-23 10:56:57 |
| 8491 || 13.2521910307308 || 2012-11-25 15:10:04 |
| 8492 || 8.31913176001508 || 2015-12-21 19:13:24 |
| 8493 || -0.213000390300879 || 2018-04-10 21:47:44 |
| 8494 || 3.06621290677844 || 2012-10-06 10:16:39 |
| 8495 || 79.1440527295361 || 2014-01-19 05:15:35 |
| 8496 || 0.094370482829515 || 2017-03-14 11:26:44 |
| 8497 || 18.4724651600372 || 2016-12-05 01:58:40 |
| 8498 || 0.0210493167027555 || 2019-10-01 04:05:04 |
| 8499 || -9.05002293841724 || 2016-05-19 05:12:33 |
| 8500 || -14.6753530168173 || 2012-03-03 17:11:49 |
| 8501 || 79.0595874552351 || 2015-09-12 06:51:19 |
| 8502 || 30.73751718524 || 2012-08-12 08:08:25 |
| 8503 || 0.10060356078668 || 2018-03-03 12:12:43 |
| 8504 || 27.0018988585566 || 2010-04-14 17:11:33 |
| 8505 || 25.1784813483398 || 2015-07-10 11:12:12 |
| 8506 || 83.8342233125454 || 2017-05-18 07:34:05 |
| 8507 || 13.883548355854 || 2011-10-02 14:52:16 |
| 8508 || -0.0321976701126485 || 2010-04-17 16:44:15 |
| 8509 || -6.07938993420407 || 2010-11-11 03:23:47 |
| 8510 || -24.4532199054584 || 2016-08-10 23:47:06 |
| 8511 || 79.5287584623976 || 2013-09-14 20:09:59 |
| 8512 || 14.2540968934808 || 2018-01-17 08:25:37 |
| 8513 || -0.275565358501178 || 2011-11-26 16:00:00 |
| 8514 || -5.21985614824888 || 2014-01-14 01:16:59 |
| 8515 || -22.9640138113527 || 2010-06-01 02:47:56 |
| 8516 || -22.7636264333805 || 2014-01-02 03:20:03 |
| 8517 || 40.5811442570181 || 2018-08-23 10:08:14 |
| 8518 || -0.17602839037166 || 2010-06-22 07:25:37 |
| 8519 || 5.37249366437559 || 2017-09-06 21:32:41 |
| 8520 || -17.482175653869 || 2012-04-06 16:30:02 |
| 8521 || -14.8534783359056 || 2018-08-06 15:33:31 |
| 8522 || 1.1010494321883 || 2011-06-12 06:34:45 |
| 8523 || 1.29666819094711 || 2019-09-03 16:33:10 |
| 8524 || 5.19873335588407 || 2012-11-17 18:53:54 |
| 8525 || -19.9626062239199 || 2019-08-20 17:04:00 |
| 8526 || -26.6873208284154 || 2018-05-04 16:57:37 |
| 8527 || 59.7879376189737 || 2011-08-12 10:27:29 |
| 8528 || 2.15712683975619 || 2010-07-11 10:23:47 |
| 8529 || -2.24112978914711 || 2016-11-16 14:28:31 |
| 8530 || -11.6258652557959 || 2019-07-12 22:57:21 |
| 8531 || 88.298856658378 || 2015-02-17 10:21:51 |
| 8532 || -13.6360045982939 || 2014-06-22 11:05:13 |
| 8533 || 13.2097090347643 || 2019-03-18 15:01:28 |
| 8534 || -1.09696373996294 || 2011-08-16 01:57:12 |
| 8535 || 48.7564583200599 || 2011-04-16 16:18:39 |
| 8536 || 1.67499473643612 || 2018-11-04 14:44:15 |
| 8537 || -22.6046170582542 || 2018-09-06 09:39:50 |
| 8538 || 17.5345428569534 || 2019-10-04 23:02:49 |
| 8539 || -0.642803644915804 || 2013-10-20 21:14:00 |
| 8540 || 42.0512510986474 || 2018-02-22 00:03:12 |
| 8541 || -5.79613353192692 || 2013-03-24 05:21:13 |
| 8542 || -22.3522165710189 || 2010-10-27 09:17:48 |
| 8543 || -5.05061581253293 || 2018-03-07 13:18:42 |
| 8544 || 0.808449842471021 || 2010-01-02 10:45:28 |
| 8545 || 16.1803930305173 || 2016-01-17 09:46:28 |
| 8546 || 2.0837370854938 || 2011-02-16 05:10:07 |
| 8547 || 18.5122748366512 || 2014-08-12 17:58:33 |
| 8548 || -3.54674309757268 || 2010-05-20 09:10:50 |
| 8549 || -0.0217965684682435 || 2010-05-09 06:02:07 |
| 8550 || -10.3743472546231 || 2019-03-09 11:45:38 |
| 8551 || 39.8604785816627 || 2014-05-02 11:52:43 |
| 8552 || -17.8874672243072 || 2017-08-22 21:01:45 |
| 8553 || -9.35299242567068 || 2015-05-09 13:51:59 |
| 8554 || 0.038462228231405 || 2014-08-21 18:27:45 |
| 8555 || 25.2097076769565 || 2010-08-20 15:01:49 |
| 8556 || 60.0671195412574 || 2015-02-23 00:23:23 |
| 8557 || -25.8596717517402 || 2015-02-18 23:39:12 |
| 8558 || 24.2811231882595 || 2018-11-21 14:13:51 |
| 8559 || 0.494464792210218 || 2018-07-19 00:24:21 |
| 8560 || -5.18123716251918 || 2013-12-12 08:59:44 |
| 8561 || 18.4908810753335 || 2017-12-05 21:04:59 |
| 8562 || 84.34894692354 || 2018-05-26 09:40:27 |
| 8563 || 4.47374256595212 || 2018-01-24 10:13:53 |
| 8564 || 1.68540329203495 || 2014-03-03 20:22:01 |
| 8565 || 13.7072614511642 || 2011-07-03 04:07:26 |
| 8566 || -14.6244128447898 || 2019-10-22 15:35:21 |
| 8567 || -17.9681589456604 || 2014-05-12 14:33:48 |
| 8568 || 47.8130472756848 || 2019-02-19 13:46:16 |
| 8569 || 3.76422443700889 || 2019-08-18 14:19:54 |
| 8570 || 1.26281534332788 || 2012-04-06 13:55:21 |
| 8571 || 38.2351751846331 || 2017-09-11 13:55:33 |
| 8572 || -20.4341645680536 || 2017-09-05 17:41:24 |
| 8573 || 36.9915793575831 || 2015-05-21 04:29:21 |
| 8574 || 5.50046364020205 || 2012-09-03 17:41:41 |
| 8575 || -0.286266696595016 || 2018-07-11 14:25:49 |
| 8576 || -17.2370932005575 || 2019-08-25 21:02:20 |
| 8577 || -29.4787883182964 || 2014-08-14 20:27:22 |
| 8578 || 0.418352449207963 || 2012-10-21 02:57:03 |
| 8579 || 8.2420255276796 || 2017-12-22 21:22:24 |
| 8580 || 1.85738878636665 || 2014-06-10 05:23:13 |
| 8581 || 8.49009650092956 || 2017-01-21 14:35:39 |
| 8582 || 89.1557643596291 || 2017-08-11 13:01:50 |
| 8583 || -5.82229090715746 || 2016-12-01 16:10:38 |
| 8584 || 2.58890020441631 || 2016-07-19 22:21:05 |
| 8585 || 2.45420885492346 || 2016-06-11 08:25:46 |
| 8586 || 41.847735346214 || 2014-05-09 21:04:19 |
| 8587 || 48.704276294662 || 2017-10-12 17:49:51 |
| 8588 || 68.0506598579015 || 2013-02-23 09:39:37 |
| 8589 || -3.42246906408794 || 2015-10-27 15:33:43 |
| 8590 || 0.445960470926925 || 2019-05-11 05:58:05 |
| 8591 || 31.4635685173133 || 2012-05-10 08:16:28 |
| 8592 || -28.6008143281061 || 2012-08-06 21:02:28 |
| 8593 || 20.9229849912125 || 2015-09-05 15:17:18 |
| 8594 || 7.90854677932219 || 2011-03-17 21:27:47 |
| 8595 || 0.694908123206178 || 2019-07-23 04:37:32 |
| 8596 || -8.07542145480566 || 2018-07-15 00:42:19 |
| 8597 || 74.0091649464103 || 2015-01-07 06:26:34 |
| 8598 || 2.79317371921366 || 2013-07-14 04:04:05 |
| 8599 || -0.0466672031840867 || 2011-04-08 14:03:56 |
| 8600 || -0.0191204440528865 || 2017-12-13 10:08:54 |
| 8601 || 8.27368505814945 || 2014-07-07 22:35:44 |
| 8602 || 40.2501499787597 || 2015-06-26 06:49:00 |
| 8603 || -26.9469002024711 || 2018-07-20 23:09:32 |
| 8604 || -2.19438934988577 || 2017-07-10 09:24:58 |
| 8605 || -0.0020384866498397 || 2011-10-12 02:26:47 |
| 8606 || 20.0554492575175 || 2015-05-25 22:19:26 |
| 8607 || -17.2374286350551 || 2013-03-08 12:42:01 |
| 8608 || 79.0202184542605 || 2016-10-05 13:21:26 |
| 8609 || 21.2678519149824 || 2013-05-07 04:06:07 |
| 8610 || 0.482593848453661 || 2017-08-09 06:24:25 |
| 8611 || 2.13238239905144 || 2011-07-11 13:47:03 |
| 8612 || -14.4663150861313 || 2017-12-09 14:45:47 |
| 8613 || 81.3545439918313 || 2017-03-07 17:29:45 |
| 8614 || 17.1806555410452 || 2018-06-05 14:45:50 |
| 8615 || -0.0791260385830144 || 2018-03-26 13:58:41 |
| 8616 || 18.9617376846352 || 2013-08-21 00:01:23 |
| 8617 || 67.80781569893 || 2017-03-04 16:39:08 |
| 8618 || 87.4930085334619 || 2017-08-02 00:45:42 |
| 8619 || 16.5376634826742 || 2015-11-07 05:57:32 |
| 8620 || -0.883516894782461 || 2013-03-21 10:58:05 |
| 8621 || 15.0317389041116 || 2016-08-05 03:11:58 |
| 8622 || 33.4591600774325 || 2017-08-13 19:30:15 |
| 8623 || -26.9327050354919 || 2018-03-14 05:17:10 |
| 8624 || 15.8903053337935 || 2015-07-08 07:22:11 |
| 8625 || -1.19618267819999 || 2012-11-03 16:02:27 |
| 8626 || -2.62966805920325 || 2017-04-17 00:49:47 |
| 8627 || 21.0247219457749 || 2015-07-27 19:16:04 |
| 8628 || -25.7620714457442 || 2015-07-06 15:20:28 |
| 8629 || 33.4295813865999 || 2010-10-15 08:19:15 |
| 8630 || 2.27376976388546 || 2013-08-03 12:47:27 |
| 8631 || 7.76884771223683 || 2012-01-12 13:55:11 |
| 8632 || -7.78071604419932 || 2010-07-13 15:48:43 |
| 8633 || 87.0650902179816 || 2016-01-26 20:47:27 |
| 8634 || -21.0226435908574 || 2014-08-16 05:51:52 |
| 8635 || -3.83094830945242 || 2018-08-20 05:03:12 |
| 8636 || -0.99368633457089 || 2011-10-07 05:22:52 |
| 8637 || 13.3073053202286 || 2015-03-18 23:09:34 |
| 8638 || -7.17837590786731 || 2013-05-11 05:33:10 |
| 8639 || 64.9817732262865 || 2017-09-14 21:48:29 |
| 8640 || 0.194828080781816 || 2017-12-16 08:55:03 |
| 8641 || 2.84172934018406 || 2018-09-25 03:48:43 |
| 8642 || -12.4206805528969 || 2013-02-21 00:23:50 |
| 8643 || 66.2377897365052 || 2013-12-01 04:47:22 |
| 8644 || -19.6568106197533 || 2010-11-07 19:17:36 |
| 8645 || -4.30580267928157 || 2014-03-24 18:23:56 |
| 8646 || -0.366952067695353 || 2017-04-02 22:20:53 |
| 8647 || 38.0386435590317 || 2016-04-27 08:18:11 |
| 8648 || 13.7410261339105 || 2010-10-12 04:30:04 |
| 8649 || 70.2124168590546 || 2014-10-24 21:24:37 |
| 8650 || 23.7550840543684 || 2019-05-14 23:57:33 |
| 8651 || -0.0995434422065685 || 2016-08-06 12:17:43 |
| 8652 || 27.9998551842668 || 2015-09-15 18:00:51 |
| 8653 || -18.4573630397735 || 2016-09-19 17:26:12 |
| 8654 || 32.6936173057753 || 2013-06-06 05:14:26 |
| 8655 || -8.68009779916105 || 2010-05-27 01:32:21 |
| 8656 || 0.000449906245709815 || 2010-11-24 01:50:37 |
| 8657 || 23.3413917588787 || 2015-12-06 15:11:05 |
| 8658 || -8.59655009608238 || 2015-05-06 22:53:39 |
| 8659 || 50.852989671257 || 2017-01-23 05:35:52 |
| 8660 || 5.89217177150739 || 2014-05-07 01:28:50 |
| 8661 || 0.178829467925016 || 2018-04-21 08:09:57 |
| 8662 || -5.559375552165 || 2013-10-19 21:13:32 |
| 8663 || 73.0887016838352 || 2013-02-23 01:56:49 |
| 8664 || 85.641391909792 || 2017-02-09 04:57:25 |
| 8665 || -12.7842499239653 || 2017-03-27 00:30:50 |
| 8666 || -0.433852161792687 || 2012-01-20 00:19:27 |
| 8667 || -6.59362620676776 || 2015-12-12 05:12:55 |
| 8668 || 72.1465943390831 || 2015-09-06 05:24:11 |
| 8669 || 4.65052844219053 || 2011-02-18 00:01:31 |
| 8670 || 46.1137714573582 || 2018-10-27 01:45:39 |
| 8671 || 0.194351834545731 || 2017-11-19 17:00:55 |
| 8672 || 11.2216135330018 || 2019-11-09 17:30:47 |
| 8673 || 0.27262121301475 || 2018-06-20 08:34:11 |
| 8674 || 85.6046722502945 || 2016-07-18 05:58:43 |
| 8675 || 7.74140950095941 || 2011-07-16 05:51:58 |
| 8676 || -0.683482470211945 || 2013-05-07 22:30:06 |
| 8677 || 1.9920950575887 || 2015-10-22 16:52:11 |
| 8678 || 25.6420340547159 || 2013-04-22 00:46:55 |
| 8679 || 17.0218607571266 || 2010-02-01 09:23:26 |
| 8680 || 4.51835070860158 || 2018-05-17 20:26:35 |
| 8681 || 0.607707446769604 || 2010-01-01 10:56:10 |
| 8682 || 7.6629666621182 || 2018-09-21 19:33:55 |
| 8683 || -12.8408607257322 || 2013-02-13 01:28:18 |
| 8684 || 85.2756543714638 || 2016-06-07 20:18:50 |
| 8685 || 34.0001733747128 || 2016-10-02 19:09:07 |
| 8686 || -0.517573876787582 || 2016-04-23 16:09:38 |
| 8687 || -1.3653961843911 || 2018-04-05 11:06:48 |
| 8688 || 10.7011760832074 || 2019-08-19 17:28:41 |
| 8689 || 62.811256054466 || 2016-12-22 20:37:22 |
| 8690 || -21.513726720766 || 2012-10-23 18:18:35 |
| 8691 || 8.60390790843796 || 2015-08-27 08:15:23 |
| 8692 || 2.737567250111 || 2016-11-19 14:54:32 |
| 8693 || -5.36245506751166 || 2011-12-22 18:29:08 |
| 8694 || 81.1047383840028 || 2018-08-21 17:36:17 |
| 8695 || 70.0784222203252 || 2017-09-09 18:51:44 |
| 8696 || 19.6392113634571 || 2010-09-14 15:20:57 |
| 8697 || 0.730120145596511 || 2012-09-20 20:44:00 |
| 8698 || -13.8302816210168 || 2016-08-10 11:23:08 |
| 8699 || 20.7469422244096 || 2013-03-12 10:14:30 |
| 8700 || -16.9798969398562 || 2017-08-12 19:50:28 |
| 8701 || -3.84529245426551 || 2012-02-10 00:06:42 |
| 8702 || 0.125267797697181 || 2013-01-21 11:38:49 |
| 8703 || 1.97315568470581 || 2014-01-08 11:29:56 |
| 8704 || -25.7909908707494 || 2016-11-26 20:01:05 |
| 8705 || 78.7686348221678 || 2010-06-07 05:40:07 |
| 8706 || 2.63512810802589 || 2013-12-27 14:33:45 |
| 8707 || 0.00234954901910889 || 2015-03-15 08:14:25 |
| 8708 || 2.79384638550552 || 2010-06-08 10:49:46 |
| 8709 || 44.0600459452476 || 2015-07-13 09:44:21 |
| 8710 || 63.1749225988655 || 2018-10-05 19:49:32 |
| 8711 || 15.7483286428038 || 2019-05-22 20:41:49 |
| 8712 || 0.164171287306589 || 2017-08-08 15:06:14 |
| 8713 || -3.49552163979754 || 2012-02-01 12:17:43 |
| 8714 || 29.2490605809612 || 2018-01-06 17:54:42 |
| 8715 || 59.8636802278265 || 2012-03-06 05:34:58 |
| 8716 || 39.4602590815919 || 2016-09-26 16:55:49 |
| 8717 || 0.693144916996125 || 2010-08-25 16:10:46 |
| 8718 || -6.79239376994798 || 2019-07-25 01:41:37 |
| 8719 || -11.8703317658422 || 2019-11-02 00:22:33 |
| 8720 || 75.1606614655568 || 2018-10-16 01:42:57 |
| 8721 || 39.994022278764 || 2017-07-10 04:10:26 |
| 8722 || 1.56711650119255 || 2010-07-03 08:00:36 |
| 8723 || 7.93409424093982 || 2016-05-03 15:51:06 |
| 8724 || 23.4668890305729 || 2017-03-02 14:05:05 |
| 8725 || -13.2898022865529 || 2017-04-16 11:45:24 |
| 8726 || -3.03646381398617 || 2014-05-23 07:07:16 |
| 8727 || 1.99246595467187 || 2010-03-23 14:55:19 |
| 8728 || 11.8132722879672 || 2019-12-22 20:10:13 |
| 8729 || -18.2790602471525 || 2018-04-05 03:21:44 |
| 8730 || 4.61806334620575 || 2014-09-07 20:29:52 |
| 8731 || -12.4160887230617 || 2010-10-15 09:44:37 |
| 8732 || 7.32396317538804 || 2011-12-23 15:37:14 |
| 8733 || 8.13076022443732 || 2015-12-02 23:54:59 |
| 8734 || 11.4971921497393 || 2018-02-22 11:12:27 |
| 8735 || 80.1128128604956 || 2019-10-20 11:21:40 |
| 8736 || 17.4997056799751 || 2017-09-13 18:28:14 |
| 8737 || -1.43237631362137 || 2014-06-17 13:11:05 |
| 8738 || 0.541192020464199 || 2012-09-08 03:28:10 |
| 8739 || 27.696566335272 || 2014-06-03 02:56:13 |
| 8740 || 85.0083770559052 || 2012-05-05 17:40:28 |
| 8741 || 64.7212905101485 || 2019-08-04 04:26:51 |
| 8742 || 10.3189445871902 || 2014-11-16 16:33:31 |
| 8743 || 1.08245911569607 || 2012-06-22 04:20:22 |
| 8744 || 42.6499911038541 || 2017-04-01 05:13:20 |
| 8745 || 86.0948161400784 || 2013-11-17 06:02:31 |
| 8746 || 67.9593763907775 || 2010-01-25 23:25:11 |
| 8747 || 13.35655686289 || 2013-03-19 14:55:21 |
| 8748 || 1.25437280113463 || 2010-05-16 23:51:12 |
| 8749 || 20.961671080759 || 2018-09-22 05:17:23 |
| 8750 || -27.7188736670617 || 2018-08-12 23:37:44 |
| 8751 || -19.4261180144953 || 2018-05-20 18:09:27 |
| 8752 || -7.64049858765599 || 2013-12-04 01:11:20 |
| 8753 || -0.0749036222463961 || 2015-04-24 23:13:46 |
| 8754 || 12.7086962657755 || 2016-07-09 19:15:28 |
| 8755 || 33.5695914793501 || 2011-07-08 04:01:35 |
| 8756 || -24.7612319164974 || 2013-06-17 01:15:40 |
| 8757 || 25.572136859473 || 2015-04-03 17:58:42 |
| 8758 || -0.00807140112232371 || 2015-03-15 22:54:47 |
| 8759 || 0.589380049294668 || 2017-12-23 04:05:01 |
| 8760 || 36.8421447233293 || 2012-12-19 23:35:44 |
| 8761 || 6.00835016169574 || 2011-06-13 19:49:54 |
| 8762 || -9.97193518793889 || 2017-04-13 19:41:39 |
| 8763 || -0.0394553835169991 || 2012-06-05 10:49:51 |
| 8764 || 22.213003582685 || 2015-07-22 12:52:58 |
| 8765 || 65.8311093880627 || 2019-03-07 08:04:18 |
| 8766 || -23.3813069904023 || 2015-03-10 09:21:15 |
| 8767 || -8.1779416402425 || 2018-08-14 13:55:31 |
| 8768 || 0.177439669809036 || 2018-10-23 23:46:08 |
| 8769 || 19.2635634404085 || 2019-04-25 09:59:23 |
| 8770 || -14.5332518560749 || 2018-03-06 15:13:40 |
| 8771 || 86.2784103435395 || 2015-05-07 01:26:54 |
| 8772 || 12.781672260067 || 2012-03-12 18:44:10 |
| 8773 || 2.02520549787598 || 2018-06-21 03:01:00 |
| 8774 || 16.929914520779 || 2013-04-10 14:56:28 |
| 8775 || 20.3934479093104 || 2013-05-21 21:51:34 |
| 8776 || -7.99105546166178 || 2015-10-13 19:20:03 |
| 8777 || 35.9403180784782 || 2016-04-20 16:28:53 |
| 8778 || -0.243051901485048 || 2015-09-12 01:39:43 |
| 8779 || 0.751145726620041 || 2010-01-13 23:57:37 |
| 8780 || -21.5344494409721 || 2010-10-03 09:41:13 |
| 8781 || -4.01911670867797 || 2017-11-10 23:37:31 |
| 8782 || 52.4521566860762 || 2010-06-24 21:48:23 |
| 8783 || -2.26133983646162 || 2019-12-01 14:23:27 |
| 8784 || 5.10461945078267 || 2015-05-16 02:16:54 |
| 8785 || -14.3158037619247 || 2019-05-04 23:45:32 |
| 8786 || 9.17053510427906 || 2011-05-05 01:15:59 |
| 8787 || 20.6532630486744 || 2013-04-25 16:22:32 |
| 8788 || 4.7855131772833 || 2019-10-08 08:36:49 |
| 8789 || 2.60276165452289 || 2018-05-10 08:18:57 |
| 8790 || 5.98519576546519 || 2016-04-05 15:48:49 |
| 8791 || 89.5339512662529 || 2013-08-10 08:36:18 |
| 8792 || -4.74845267972038 || 2016-12-13 21:58:34 |
| 8793 || 6.97336301245109 || 2014-04-20 08:09:16 |
| 8794 || -1.32762403444423 || 2015-03-01 11:33:18 |
| 8795 || 48.8481925163591 || 2010-07-26 06:55:31 |
| 8796 || 65.1614051912558 || 2019-01-16 12:50:43 |
| 8797 || 26.1271720579119 || 2012-07-07 17:43:48 |
| 8798 || 17.2532451266955 || 2014-09-14 10:52:29 |
| 8799 || -0.634300738032886 || 2012-02-14 15:03:40 |
| 8800 || 40.2883762654017 || 2013-09-13 11:09:30 |
| 8801 || 25.6645806334293 || 2010-12-02 02:34:48 |
| 8802 || -24.5908679662424 || 2018-09-04 13:18:38 |
| 8803 || 21.2655815706698 || 2015-06-22 02:54:39 |
| 8804 || 0.329838959454899 || 2016-12-11 10:05:26 |
| 8805 || 5.95789710502726 || 2011-10-13 17:34:57 |
| 8806 || 26.1003942897523 || 2010-12-04 04:34:08 |
| 8807 || -21.5563110749636 || 2016-12-16 13:18:25 |
| 8808 || 27.1193859726393 || 2018-06-05 22:14:10 |
| 8809 || 0.0676615296903324 || 2013-05-17 14:19:49 |
| 8810 || 17.862553262589 || 2015-07-14 18:36:37 |
| 8811 || 30.6238366311972 || 2011-07-27 10:00:25 |
| 8812 || 57.9258499387433 || 2016-08-23 08:52:46 |
| 8813 || 31.9497662759211 || 2012-05-22 08:12:18 |
| 8814 || 0.0207204689497334 || 2018-09-17 19:41:27 |
| 8815 || -7.27261621455407 || 2014-02-18 23:09:51 |
| 8816 || -23.0505123876082 || 2014-09-21 19:10:14 |
| 8817 || 73.0681889829154 || 2017-08-14 05:46:05 |
| 8818 || 27.0046541563984 || 2010-07-25 22:36:58 |
| 8819 || -0.149696047802164 || 2018-04-04 10:16:42 |
| 8820 || 21.0968291534969 || 2012-07-02 19:21:59 |
| 8821 || 4.78296544267377 || 2012-07-23 06:53:50 |
| 8822 || -25.8488736039624 || 2015-05-18 00:33:26 |
| 8823 || 39.7288354037145 || 2012-02-21 08:11:56 |
| 8824 || -0.111851286042038 || 2018-07-18 09:48:11 |
| 8825 || -0.906446810444126 || 2011-06-11 12:19:49 |
| 8826 || 29.4210293711195 || 2014-01-17 20:19:35 |
| 8827 || 85.6931441307224 || 2016-03-21 01:42:34 |
| 8828 || 25.1179296956793 || 2010-08-01 20:38:37 |
| 8829 || 0.979475111331163 || 2011-05-26 13:05:52 |
| 8830 || -3.9253118251438 || 2014-06-27 04:14:17 |
| 8831 || -3.68401209119408 || 2014-09-23 23:44:40 |
| 8832 || 86.4042512026225 || 2014-01-27 15:26:41 |
| 8833 || 21.8553209550326 || 2010-06-01 15:50:14 |
| 8834 || 6.34322748863593 || 2013-08-06 10:32:32 |
| 8835 || 10.3361776976483 || 2014-03-02 17:12:56 |
| 8836 || 31.6210805638437 || 2010-12-18 08:12:47 |
| 8837 || 78.4273907336425 || 2019-01-06 15:29:48 |
| 8838 || 46.4936729514492 || 2012-02-16 16:16:13 |
| 8839 || 9.37040881453585 || 2018-10-16 23:41:09 |
| 8840 || -0.788537697990465 || 2013-12-09 01:16:19 |
| 8841 || -10.102043372804 || 2014-06-20 13:44:48 |
| 8842 || -15.6568389740055 || 2017-07-12 17:28:25 |
| 8843 || 9.83404641451086 || 2018-02-21 14:14:41 |
| 8844 || -3.10182468034483 || 2016-10-17 03:07:32 |
| 8845 || 1.13360101925156 || 2015-02-17 18:29:18 |
| 8846 || 30.6026487449852 || 2011-03-24 19:53:30 |
| 8847 || 14.8537328221355 || 2013-11-03 21:22:31 |
| 8848 || 39.4099007767816 || 2019-06-03 06:10:19 |
| 8849 || -0.178950345059483 || 2016-04-09 02:22:30 |
| 8850 || 1.90264295231704 || 2013-12-22 15:05:44 |
| 8851 || 11.3610446864273 || 2014-08-15 12:29:18 |
| 8852 || 44.6406734680533 || 2016-07-08 20:30:08 |
| 8853 || 39.168607493523 || 2011-09-25 14:02:17 |
| 8854 || 6.31097183218345 || 2019-09-05 11:06:29 |
| 8855 || 0.93851643008376 || 2010-08-20 19:20:08 |
| 8856 || 26.7584745897239 || 2012-10-23 04:24:52 |
| 8857 || 71.1958493036024 || 2014-01-10 03:04:53 |
| 8858 || -25.5240558235911 || 2010-04-04 17:05:51 |
| 8859 || 0.284783835577484 || 2012-10-21 17:48:07 |
| 8860 || -0.05388450281346 || 2019-07-18 19:22:00 |
| 8861 || 18.4846422078984 || 2013-03-05 05:30:57 |
| 8862 || 45.56412992907 || 2014-09-25 18:24:27 |
| 8863 || -1.09595023405654 || 2018-08-02 20:24:44 |
| 8864 || -9.6570915484489 || 2014-02-15 14:28:37 |
| 8865 || 0.00218680641435269 || 2013-06-23 11:58:27 |
| 8866 || -4.56647226361169 || 2017-04-07 06:14:05 |
| 8867 || -26.1001590056369 || 2014-03-18 12:56:29 |
| 8868 || 37.1034969563372 || 2019-03-12 01:00:42 |
| 8869 || -11.9270312670441 || 2016-08-02 13:07:27 |
| 8870 || 0.524991237600163 || 2019-03-08 10:39:25 |
| 8871 || 7.26343106661147 || 2012-12-20 07:18:43 |
| 8872 || 64.4419864474122 || 2018-03-05 00:29:32 |
| 8873 || 83.203952434125 || 2010-06-07 10:59:45 |
| 8874 || -6.91689900256875 || 2013-05-09 14:06:32 |
| 8875 || -0.20361505451603 || 2011-06-20 06:43:49 |
| 8876 || -5.36552423230864 || 2010-05-23 18:49:12 |
| 8877 || -9.93939534646108 || 2013-06-09 20:14:06 |
| 8878 || -25.8766215031194 || 2019-02-07 08:33:59 |
| 8879 || 33.7971593255593 || 2013-08-20 00:59:41 |
| 8880 || 1.04909417758968 || 2016-06-01 03:42:54 |
| 8881 || -4.69270131232716 || 2015-09-25 15:43:05 |
| 8882 || 57.4595812556375 || 2018-01-02 03:26:07 |
| 8883 || 24.484352899479 || 2010-01-18 06:19:51 |
| 8884 || -12.7478385497905 || 2010-12-09 21:35:40 |
| 8885 || -1.95233591471615 || 2011-10-02 05:24:24 |
| 8886 || -0.310463836107828 || 2012-12-24 07:00:23 |
| 8887 || 7.89823952420796 || 2018-12-12 23:05:05 |
| 8888 || -9.99171796241863 || 2015-01-09 15:30:37 |
| 8889 || 40.1354520134298 || 2010-11-20 01:59:21 |
| 8890 || -1.01169765423082 || 2011-11-06 07:15:05 |
| 8891 || -2.37444222325441 || 2019-06-12 03:06:17 |
| 8892 || 19.4898247772407 || 2017-01-02 07:37:25 |
| 8893 || -22.9643586531488 || 2019-01-16 07:44:04 |
| 8894 || -8.05173986194319 || 2010-08-14 06:22:45 |
| 8895 || 11.9492439661442 || 2019-10-11 05:56:47 |
| 8896 || 2.56470284749298 || 2018-08-18 11:55:09 |
| 8897 || 48.4374754647155 || 2010-07-14 16:43:19 |
| 8898 || 26.1186148641035 || 2018-03-22 07:31:15 |
| 8899 || -10.4376923287386 || 2014-12-03 08:56:48 |
| 8900 || 15.6278362364963 || 2012-12-14 05:14:20 |
| 8901 || 2.39199655099332 || 2014-08-02 08:22:56 |
| 8902 || 45.1658390758884 || 2010-05-15 19:23:35 |
| 8903 || 87.0633520628425 || 2012-09-09 13:52:13 |
| 8904 || 6.92257246844611 || 2012-12-11 19:58:07 |
| 8905 || 17.1359228820543 || 2015-09-05 11:34:31 |
| 8906 || -0.182408956881192 || 2017-06-10 14:23:58 |
| 8907 || 3.40899246941359 || 2015-06-13 16:36:24 |
| 8908 || -19.5563034575535 || 2018-11-03 22:55:02 |
| 8909 || 57.0403252370782 || 2015-04-25 20:09:00 |
| 8910 || 18.1636957126581 || 2016-05-10 05:00:26 |
| 8911 || -0.0116649130565377 || 2011-08-13 17:44:00 |
| 8912 || 34.7382225429824 || 2014-08-01 20:29:47 |
| 8913 || 77.1862139719561 || 2012-08-19 16:46:40 |
| 8914 || 60.6219383409708 || 2014-05-10 10:33:23 |
| 8915 || 8.24013021815163 || 2015-11-16 10:30:45 |
| 8916 || -0.000349311945132413 || 2019-11-26 18:14:49 |
| 8917 || -5.00588527852691 || 2016-04-26 18:03:33 |
| 8918 || -23.2940680002696 || 2010-05-20 12:47:52 |
| 8919 || 50.4528906874536 || 2013-10-10 20:24:22 |
| 8920 || 34.9994701699798 || 2011-05-09 08:10:07 |
| 8921 || 0.0176863630154357 || 2012-08-16 07:58:03 |
| 8922 || 13.9683893106555 || 2013-01-04 19:18:05 |
| 8923 || -0.327629837215317 || 2019-12-24 10:10:05 |
| 8924 || 30.803817245167 || 2016-06-07 06:38:59 |
| 8925 || -1.79407070262204 || 2016-08-22 13:15:40 |
| 8926 || 0.747027234971895 || 2014-09-20 00:34:55 |
| 8927 || 18.5238629437168 || 2019-06-04 14:53:12 |
| 8928 || -17.7220558752849 || 2010-10-07 12:51:39 |
| 8929 || 40.0968048623135 || 2019-02-06 14:53:16 |
| 8930 || 18.5853346573228 || 2019-04-04 23:25:24 |
| 8931 || -0.0379219448925505 || 2013-10-18 03:01:17 |
| 8932 || 5.72647574214025 || 2016-04-18 12:47:37 |
| 8933 || 21.1315627700596 || 2010-04-15 14:28:18 |
| 8934 || -7.71621558386974 || 2018-05-13 07:10:09 |
| 8935 || 17.6247348270837 || 2012-12-03 06:32:31 |
| 8936 || 5.07753938075317 || 2018-10-18 00:41:09 |
| 8937 || 11.1695116919022 || 2015-02-20 22:15:52 |
| 8938 || 48.994535390503 || 2019-07-08 18:46:36 |
| 8939 || 89.7459250599833 || 2013-03-12 23:00:52 |
| 8940 || 56.7349370350274 || 2017-11-01 04:52:50 |
| 8941 || 3.93815932296345 || 2012-07-02 01:16:18 |
| 8942 || 4.77681679131544 || 2018-09-07 22:37:39 |
| 8943 || 40.9870132671786 || 2011-06-18 17:51:53 |
| 8944 || 78.5125691836532 || 2013-03-17 01:19:38 |
| 8945 || -20.7256951707314 || 2010-06-09 15:15:15 |
| 8946 || 6.4629238419685 || 2010-05-20 19:59:26 |
| 8947 || 1.30457099654704 || 2015-11-06 04:35:41 |
| 8948 || -17.3441552202731 || 2018-01-12 12:38:57 |
| 8949 || 69.0263968742565 || 2010-07-07 07:08:53 |
| 8950 || 35.9702036938064 || 2019-12-11 19:06:51 |
| 8951 || -2.65683344194496 || 2019-08-03 21:31:41 |
| 8952 || 0.770341944336566 || 2016-02-11 23:10:16 |
| 8953 || -5.42803405600649 || 2014-01-17 20:16:54 |
| 8954 || 58.7461925018041 || 2011-09-16 18:34:22 |
| 8955 || 67.4642791029872 || 2016-07-24 00:43:15 |
| 8956 || -2.88573035914558 || 2014-11-23 22:03:45 |
| 8957 || 0.424239755385935 || 2011-12-12 23:25:13 |
| 8958 || 35.3967817344528 || 2014-08-11 15:30:35 |
| 8959 || 59.5095381143979 || 2016-02-25 11:17:42 |
| 8960 || 38.5594427990174 || 2011-05-02 10:40:39 |
| 8961 || 24.3175951906024 || 2018-09-06 12:33:54 |
| 8962 || 0.0237305317301827 || 2010-12-13 18:13:33 |
| 8963 || 34.9777408028256 || 2014-10-05 02:13:54 |
| 8964 || 35.4311452469245 || 2016-01-13 10:29:52 |
| 8965 || -24.7463377708588 || 2010-11-16 21:43:19 |
| 8966 || 2.97214833221999 || 2016-02-18 13:36:27 |
| 8967 || 0.00164591993167413 || 2019-09-06 20:59:17 |
| 8968 || -8.98421987703374 || 2015-11-18 21:06:32 |
| 8969 || 47.3865046031787 || 2010-11-16 04:34:18 |
| 8970 || 29.7156207933438 || 2019-10-18 19:39:16 |
| 8971 || 19.457148503747 || 2013-03-02 21:37:45 |
| 8972 || -0.0309940792978562 || 2017-12-15 16:05:12 |
| 8973 || 0.0589479432511791 || 2016-07-24 16:46:37 |
| 8974 || 54.5163580682994 || 2011-06-25 07:15:03 |
| 8975 || 19.5394175941823 || 2010-01-09 23:56:37 |
| 8976 || -7.38912814736898 || 2013-05-22 20:45:22 |
| 8977 || -0.284801462927982 || 2015-11-15 06:18:34 |
| 8978 || 17.9614100023528 || 2015-10-19 09:20:52 |
| 8979 || 35.6231683563962 || 2015-06-27 05:35:47 |
| 8980 || 37.4517056549935 || 2018-10-15 04:15:04 |
| 8981 || 39.948652074926 || 2013-01-10 05:36:06 |
| 8982 || 0.391105604256435 || 2013-04-02 07:24:43 |
| 8983 || 0.0320734289271793 || 2017-02-14 16:22:13 |
| 8984 || -15.0457745395329 || 2019-01-02 05:12:26 |
| 8985 || -29.6858907614717 || 2010-07-05 12:00:56 |
| 8986 || -15.1251495436358 || 2014-11-25 08:23:30 |
| 8987 || 4.91859181643125 || 2016-02-27 08:42:00 |
| 8988 || 0.484295965124939 || 2010-10-01 06:09:38 |
| 8989 || 12.0260980710578 || 2011-01-09 14:02:52 |
| 8990 || 88.9996177555529 || 2019-11-12 19:00:58 |
| 8991 || -16.8755154853184 || 2012-10-23 01:52:47 |
| 8992 || -2.4597207675496 || 2010-11-06 18:04:50 |
| 8993 || 7.28914489272417 || 2012-07-22 19:54:05 |
| 8994 || 31.018431925775 || 2012-08-01 13:32:26 |
| 8995 || 77.3524233200911 || 2012-10-11 16:52:15 |
| 8996 || -17.0427432010872 || 2014-01-09 07:42:43 |
| 8997 || 10.2986551327261 || 2016-04-10 03:18:06 |
| 8998 || -0.545572688303745 || 2011-03-23 15:41:58 |
| 8999 || 39.5388695534347 || 2011-02-06 20:58:45 |
| 9000 || -3.14216433285327 || 2017-01-21 00:50:29 |
| 9001 || 13.529042557191 || 2011-04-01 03:48:01 |
| 9002 || 8.56266030434726 || 2010-01-12 12:05:07 |
| 9003 || -0.502667507071258 || 2015-09-24 17:52:56 |
| 9004 || 2.53984609995359 || 2015-11-09 06:58:43 |
| 9005 || 17.4208661929131 || 2016-07-04 15:58:40 |
| 9006 || 2.06483663079879 || 2016-03-27 08:18:57 |
| 9007 || -3.82060439829506 || 2019-07-02 15:44:34 |
| 9008 || 1.70693549024243 || 2010-03-09 01:37:15 |
| 9009 || 5.8342499078082 || 2011-03-20 23:27:26 |
| 9010 || 24.5766681093177 || 2010-09-11 09:51:22 |
| 9011 || -24.3749916181056 || 2011-06-07 16:22:52 |
| 9012 || 6.20445836173457 || 2014-05-13 10:54:15 |
| 9013 || 0.200312165888421 || 2011-08-10 20:59:07 |
| 9014 || 20.4373077317107 || 2014-10-07 22:59:09 |
| 9015 || -25.3481095079934 || 2016-12-12 07:02:24 |
| 9016 || -19.3362428685749 || 2019-08-11 20:38:14 |
| 9017 || 11.1021140522403 || 2012-03-05 10:53:31 |
| 9018 || 0.0148692190858454 || 2015-07-18 06:02:49 |
| 9019 || -10.127425898402 || 2018-09-23 02:07:23 |
| 9020 || -25.1005333155514 || 2014-06-11 03:54:38 |
| 9021 || -3.69735859033434 || 2016-11-13 17:40:59 |
| 9022 || -10.3565761123061 || 2019-08-21 18:56:42 |
| 9023 || 0.117681914947182 || 2016-02-09 02:12:04 |
| 9024 || 18.5740594844139 || 2014-05-10 13:36:16 |
| 9025 || -6.83544818088611 || 2017-03-11 00:06:50 |
| 9026 || 10.477564316527 || 2017-02-19 05:24:09 |
| 9027 || 38.7364244383287 || 2017-08-10 08:24:39 |
| 9028 || 0.914353872824519 || 2011-02-22 03:33:06 |
| 9029 || -6.77450341241313 || 2018-02-05 10:10:24 |
| 9030 || -9.6795534588691 || 2010-09-26 22:59:32 |
| 9031 || -11.2076185679304 || 2010-06-11 18:12:45 |
| 9032 || 35.1680870834486 || 2011-06-09 20:57:02 |
| 9033 || 1.04494092042671 || 2012-07-01 07:16:00 |
| 9034 || 12.9195024417958 || 2016-05-04 19:06:57 |
| 9035 || 57.5512898697096 || 2017-09-25 02:09:41 |
| 9036 || 57.5726708932603 || 2013-07-19 15:51:56 |
| 9037 || -10.8846676013067 || 2014-10-07 15:35:59 |
| 9038 || 1.46569394497524 || 2010-07-25 21:14:41 |
| 9039 || -2.87973325171317 || 2019-02-22 18:09:58 |
| 9040 || -20.9944353069548 || 2017-09-22 05:57:33 |
| 9041 || -26.0830336722096 || 2011-08-20 14:28:20 |
| 9042 || 21.4916232505243 || 2013-09-18 12:56:00 |
| 9043 || 3.82360550690334 || 2013-11-02 09:03:32 |
| 9044 || 1.93212917387925 || 2018-08-03 12:06:03 |
| 9045 || 7.24828795032914 || 2018-07-23 08:21:36 |
| 9046 || 15.5551022940557 || 2011-10-18 06:03:10 |
| 9047 || 51.3213900640566 || 2015-01-09 01:37:10 |
| 9048 || 7.76220802289474 || 2012-03-02 19:57:31 |
| 9049 || -0.621413278927924 || 2017-01-13 17:12:54 |
| 9050 || 17.4143085942998 || 2012-06-08 18:19:56 |
| 9051 || -13.8692655308073 || 2013-03-24 01:10:25 |
| 9052 || 56.5914580673913 || 2010-11-23 14:29:29 |
| 9053 || 1.00570218596672 || 2017-04-05 20:22:13 |
| 9054 || 0.0369980910863865 || 2011-05-04 17:23:08 |
| 9055 || 42.2458146794332 || 2012-03-27 18:06:13 |
| 9056 || 67.2102986966587 || 2012-05-23 09:50:25 |
| 9057 || 66.4014663359433 || 2018-03-25 19:22:10 |
| 9058 || -3.64967912105911 || 2012-07-16 13:09:45 |
| 9059 || -0.331756655317635 || 2011-04-26 09:19:21 |
| 9060 || -11.6990516631119 || 2017-12-19 15:23:55 |
| 9061 || -10.4373286793575 || 2012-07-12 00:25:48 |
| 9062 || 8.68483032998445 || 2016-04-22 16:01:34 |
| 9063 || 21.3493352777237 || 2015-04-21 22:51:05 |
| 9064 || 0.704201037013843 || 2016-07-27 19:51:36 |
| 9065 || 32.1958424425667 || 2014-04-20 20:01:29 |
| 9066 || 51.9187058343274 || 2014-09-19 13:10:34 |
| 9067 || 4.51032504031917 || 2016-12-13 12:19:45 |
| 9068 || 0.504293821265898 || 2019-07-19 19:23:15 |
| 9069 || 0.0737915981001664 || 2016-05-09 20:42:28 |
| 9070 || 12.6499099530774 || 2011-07-18 18:14:07 |
| 9071 || 15.1396597050485 || 2013-06-07 18:53:40 |
| 9072 || -6.53384133819851 || 2019-07-22 03:41:20 |
| 9073 || 7.31904457768927 || 2018-06-12 03:23:51 |
| 9074 || -0.00103792935611474 || 2010-10-08 02:17:54 |
| 9075 || 1.11515349076272 || 2016-06-25 02:03:44 |
| 9076 || 63.0635090065718 || 2014-07-12 17:49:00 |
| 9077 || 15.3001459593994 || 2015-09-06 14:25:40 |
| 9078 || -5.37009901513405 || 2011-01-13 19:22:06 |
| 9079 || -0.0114173488971387 || 2015-10-08 21:37:45 |
| 9080 || 22.0875754744845 || 2018-01-26 18:51:27 |
| 9081 || 39.727589964286 || 2018-01-25 17:38:50 |
| 9082 || 7.4201417135631 || 2015-12-13 09:39:40 |
| 9083 || -13.0311608398236 || 2010-01-22 08:19:57 |
| 9084 || 0.912363044437812 || 2018-12-10 22:13:30 |
| 9085 || -5.0068791344939 || 2017-10-23 03:29:35 |
| 9086 || 13.7918172246781 || 2019-12-06 01:54:33 |
| 9087 || -21.6862208271234 || 2015-11-07 15:42:55 |
| 9088 || 48.1313091647334 || 2016-05-27 11:11:12 |
| 9089 || -1.25299162689148 || 2018-05-25 04:00:54 |
| 9090 || -3.44776538301106 || 2016-12-04 03:55:20 |
| 9091 || 60.4691412555723 || 2011-07-11 23:16:10 |
| 9092 || 89.0726849066884 || 2014-04-04 15:04:56 |
| 9093 || 24.1256653770605 || 2014-03-25 19:01:00 |
| 9094 || -0.00302468937214279 || 2019-03-21 12:31:52 |
| 9095 || -1.97124690021233 || 2017-01-18 04:55:30 |
| 9096 || 57.9029724463506 || 2019-06-18 09:23:52 |
| 9097 || -27.5008647696292 || 2019-05-23 10:58:28 |
| 9098 || 47.7395676858991 || 2016-05-11 03:55:21 |
| 9099 || -2.91041045587307 || 2012-07-17 04:47:08 |
| 9100 || 4.79669214342468 || 2018-09-09 23:21:44 |
| 9101 || 50.0938517156633 || 2017-05-20 11:38:39 |
| 9102 || 67.2376973753509 || 2011-11-21 07:28:23 |
| 9103 || 47.2750316520097 || 2015-03-20 22:14:22 |
| 9104 || 5.90654492876838 || 2010-04-22 01:46:35 |
| 9105 || -0.906425553174419 || 2014-07-20 17:31:16 |
| 9106 || 49.0075931172674 || 2013-01-03 11:24:33 |
| 9107 || -24.4355905614802 || 2014-01-09 11:48:58 |
| 9108 || 63.1237792865391 || 2012-04-13 11:43:03 |
| 9109 || 4.74416811796232 || 2012-05-10 12:27:14 |
| 9110 || 2.09184997526719 || 2016-02-16 17:05:11 |
| 9111 || 42.7620178365207 || 2012-05-17 13:53:46 |
| 9112 || 68.5880663189236 || 2019-10-27 04:37:50 |
| 9113 || 47.6086363804891 || 2018-08-27 18:37:40 |
| 9114 || -4.19207148088576 || 2012-04-09 08:50:53 |
| 9115 || 0.889620639273129 || 2016-01-05 16:18:15 |
| 9116 || 30.2259487801001 || 2015-06-26 17:43:49 |
| 9117 || -28.316134357277 || 2015-08-27 05:15:15 |
| 9118 || 16.6147638984589 || 2015-07-08 23:28:16 |
| 9119 || 2.97013480581113 || 2015-02-25 16:19:18 |
| 9120 || 0.109782696524929 || 2011-11-27 23:48:01 |
| 9121 || 26.3923392591839 || 2013-02-22 17:29:11 |
| 9122 || -27.3062996539036 || 2011-02-18 01:50:32 |
| 9123 || 7.71624935560845 || 2011-03-25 17:39:21 |
| 9124 || -10.5928834649685 || 2016-05-12 08:34:32 |
| 9125 || -0.00668501370927403 || 2013-01-14 02:48:19 |
| 9126 || 21.4854054707237 || 2011-10-09 10:29:35 |
| 9127 || 78.7618929075303 || 2017-09-13 17:45:05 |
| 9128 || 24.7212088271599 || 2019-08-21 03:39:24 |
| 9129 || -11.9510111447147 || 2010-08-17 19:13:35 |
| 9130 || 0.161926146625177 || 2010-05-03 06:57:04 |
| 9131 || 5.16821803302961 || 2015-02-08 20:48:32 |
| 9132 || 19.7327911448723 || 2017-07-15 02:35:32 |
| 9133 || 32.3842435130835 || 2015-09-02 05:53:24 |
| 9134 || 38.892854308301 || 2015-08-07 22:52:40 |
| 9135 || 1.17023654505793 || 2014-07-27 20:32:17 |
| 9136 || 18.8179978987642 || 2018-03-10 04:56:59 |
| 9137 || -10.7522721222771 || 2018-04-07 20:07:12 |
| 9138 || 59.9807016193111 || 2019-04-21 21:02:08 |
| 9139 || -9.97649671851505 || 2010-05-23 10:53:19 |
| 9140 || 2.14781387064176 || 2010-08-16 08:51:34 |
| 9141 || -4.82158630656596 || 2014-07-27 11:46:49 |
| 9142 || 60.7688363274737 || 2012-12-18 23:10:00 |
| 9143 || 87.9515851191839 || 2015-03-13 23:53:01 |
| 9144 || -12.2086695993098 || 2018-11-27 08:41:29 |
| 9145 || 6.04812191925583 || 2013-09-22 04:28:00 |
| 9146 || 4.17730113011957 || 2013-04-13 02:57:14 |
| 9147 || 13.5133759073407 || 2013-02-22 09:42:43 |
| 9148 || 35.4121785621459 || 2019-07-20 22:38:13 |
| 9149 || 51.6239739491724 || 2019-09-13 03:21:55 |
| 9150 || 3.86525467398553 || 2019-03-24 14:59:39 |
| 9151 || 4.44048165326736 || 2017-05-26 00:19:16 |
| 9152 || 50.3223932082615 || 2010-12-21 15:35:19 |
| 9153 || 72.3022956959787 || 2017-11-17 06:17:15 |
| 9154 || 27.3148730521476 || 2014-11-26 06:56:14 |
| 9155 || 2.77302317500749 || 2017-05-04 06:25:39 |
| 9156 || 1.46205388679576 || 2019-03-26 08:11:45 |
| 9157 || 22.3561907220405 || 2012-01-19 23:55:32 |
| 9158 || 72.8773028622411 || 2018-01-21 02:47:08 |
| 9159 || 59.755095044315 || 2013-04-04 21:09:44 |
| 9160 || 1.63053806059735 || 2014-04-07 21:40:32 |
| 9161 || -0.863850358522446 || 2014-05-15 07:08:08 |
| 9162 || -10.5443638045269 || 2010-02-05 21:16:32 |
| 9163 || 38.7677068500389 || 2016-01-04 07:55:19 |
| 9164 || 71.4834209961798 || 2010-08-12 19:41:59 |
| 9165 || 19.7281272691234 || 2014-08-12 11:59:51 |
| 9166 || 1.12519463947125 || 2017-06-21 14:06:52 |
| 9167 || 36.7161548764936 || 2019-06-16 11:00:50 |
| 9168 || 4.67582281346113 || 2017-03-13 20:36:52 |
| 9169 || -23.0206396869509 || 2013-02-18 01:33:02 |
| 9170 || 1.13474138099164 || 2017-01-14 15:54:37 |
| 9171 || 0.0359043419974684 || 2011-01-27 04:35:06 |
| 9172 || -9.45371376989801 || 2010-09-14 23:46:22 |
| 9173 || 10.8214040614773 || 2019-12-03 17:00:21 |
| 9174 || 79.0336113037512 || 2011-12-12 02:33:38 |
| 9175 || 0.0189219685187382 || 2014-06-20 22:44:28 |
| 9176 || 0.00231965051181995 || 2019-05-19 11:33:21 |
| 9177 || -2.37737255573105 || 2019-12-06 05:45:25 |
| 9178 || -23.8884659002145 || 2015-11-04 22:07:14 |
| 9179 || 2.91243786777892 || 2010-09-14 00:47:49 |
| 9180 || 11.9766261312611 || 2017-11-23 17:51:37 |
| 9181 || -0.135676556900979 || 2019-10-26 04:35:01 |
| 9182 || 24.1329970593161 || 2014-04-13 21:42:14 |
| 9183 || -8.25925238985084 || 2019-01-15 08:51:13 |
| 9184 || -28.3855068050791 || 2012-05-19 06:01:50 |
| 9185 || -9.47958196485868 || 2016-04-12 06:21:02 |
| 9186 || 0.22817442533067 || 2017-12-09 00:24:16 |
| 9187 || 17.9748720908769 || 2015-06-12 05:30:16 |
| 9188 || -19.0765895150894 || 2017-11-25 03:41:34 |
| 9189 || -27.0050669981442 || 2014-05-18 11:46:59 |
| 9190 || -10.4133809702655 || 2014-03-26 13:38:53 |
| 9191 || -1.06304438701958 || 2015-12-12 15:47:00 |
| 9192 || 14.8602566234225 || 2013-04-20 15:33:17 |
| 9193 || -22.3099858800756 || 2017-11-08 18:51:39 |
| 9194 || 86.5296053660161 || 2017-12-05 21:12:15 |
| 9195 || 49.5621805517286 || 2015-06-05 23:37:28 |
| 9196 || 4.77384322076957 || 2012-03-16 19:06:48 |
| 9197 || 7.35986228482647 || 2013-01-10 06:23:15 |
| 9198 || 10.4468611323981 || 2015-11-01 23:52:09 |
| 9199 || 73.6394949273776 || 2017-09-04 01:10:05 |
| 9200 || 57.4072548603729 || 2015-04-03 03:19:58 |
| 9201 || 3.60353878312139 || 2015-11-13 12:33:18 |
| 9202 || 3.64086167625199 || 2017-07-26 19:29:16 |
| 9203 || 53.2424508666163 || 2014-07-24 02:00:27 |
| 9204 || -27.3875093951675 || 2017-07-12 18:35:21 |
| 9205 || 52.5322285421381 || 2017-02-21 02:15:17 |
| 9206 || 0.259414376820499 || 2013-02-06 19:58:24 |
| 9207 || -1.18656183090835 || 2015-01-16 14:56:28 |
| 9208 || -5.09217413429417 || 2017-09-08 03:12:57 |
| 9209 || 57.4611030339002 || 2015-02-23 18:55:13 |
| 9210 || -22.093706290749 || 2012-07-14 19:03:52 |
| 9211 || -0.172392130855334 || 2017-11-24 21:24:08 |
| 9212 || -0.819783206328726 || 2013-06-23 14:42:21 |
| 9213 || 22.2898905004602 || 2013-02-21 22:25:11 |
| 9214 || 86.490202614639 || 2018-11-02 18:56:17 |
| 9215 || 56.7825750291901 || 2018-04-06 02:11:10 |
| 9216 || 17.5967007171567 || 2011-02-16 11:41:58 |
| 9217 || -0.0664175524850271 || 2012-08-27 14:15:13 |
| 9218 || 28.8328585319464 || 2014-09-25 00:26:38 |
| 9219 || -27.9065635444406 || 2015-05-13 01:02:11 |
| 9220 || 32.4435633857509 || 2010-03-19 16:19:23 |
| 9221 || 0.0407088792212119 || 2013-06-14 05:54:37 |
| 9222 || -0.105802317476625 || 2018-08-12 02:35:33 |
| 9223 || 9.60036772941972 || 2012-11-22 05:14:36 |
| 9224 || 5.22655224009166 || 2011-10-07 14:58:27 |
| 9225 || 76.0564820788814 || 2017-03-18 13:35:40 |
| 9226 || 8.73110159765822 || 2011-06-13 16:17:59 |
| 9227 || -0.000158349388333389 || 2016-01-24 12:59:18 |
| 9228 || 4.59156105356111 || 2018-04-09 22:04:29 |
| 9229 || 10.2992894831214 || 2015-06-12 20:44:25 |
| 9230 || 46.2708838001145 || 2018-01-16 19:43:48 |
| 9231 || 5.12795501680211 || 2019-03-21 22:13:58 |
| 9232 || 0.00670222876756037 || 2015-07-04 10:54:09 |
| 9233 || -3.70113808959501 || 2018-03-19 19:58:30 |
| 9234 || 11.0375203813013 || 2017-07-20 18:12:14 |
| 9235 || 27.6433971194244 || 2014-08-15 19:59:17 |
| 9236 || 21.9284446519685 || 2013-01-19 05:42:14 |
| 9237 || 1.08802866122676 || 2017-04-22 20:26:00 |
| 9238 || -6.82617417837851 || 2019-11-22 09:12:27 |
| 9239 || 21.1090336443872 || 2018-02-21 19:50:49 |
| 9240 || 80.071475520244 || 2018-04-21 14:18:15 |
| 9241 || -12.9506184939848 || 2012-04-14 02:48:18 |
| 9242 || 2.7759939398046 || 2018-12-05 18:41:07 |
| 9243 || 15.8550741208397 || 2013-06-15 08:01:05 |
| 9244 || 67.0939330352097 || 2010-10-14 21:55:30 |
| 9245 || -18.8791609325082 || 2018-01-25 00:00:20 |
| 9246 || -16.5631819829554 || 2018-07-26 19:11:18 |
| 9247 || -0.983759300193622 || 2015-01-08 02:39:13 |
| 9248 || 7.37491608683338 || 2010-09-01 10:56:39 |
| 9249 || 33.3415402381475 || 2012-05-16 06:10:30 |
| 9250 || -5.20026798432838 || 2017-03-06 00:09:26 |
| 9251 || -18.6733968468677 || 2010-11-11 02:17:36 |
| 9252 || 7.63629156018207 || 2013-10-25 12:15:44 |
| 9253 || 0.832619632675037 || 2010-07-22 17:58:08 |
| 9254 || 27.1156782257091 || 2016-09-06 19:34:54 |
| 9255 || 45.7065344628608 || 2018-03-18 23:30:51 |
| 9256 || -18.3010569572026 || 2011-11-14 09:57:55 |
| 9257 || -1.70024524452872 || 2015-10-12 18:18:11 |
| 9258 || 2.68757397217572 || 2018-07-07 08:57:25 |
| 9259 || 10.18330017808 || 2010-02-27 19:19:32 |
| 9260 || -29.7384230878176 || 2012-06-27 05:52:47 |
| 9261 || -14.3646804318654 || 2015-12-09 05:13:36 |
| 9262 || 14.9849292269766 || 2019-09-06 13:03:42 |
| 9263 || 1.84096130219549 || 2014-03-02 12:15:13 |
| 9264 || -15.7462459923004 || 2019-12-21 08:06:58 |
| 9265 || 84.9634384776919 || 2017-07-20 12:02:46 |
| 9266 || -6.40629546491354 || 2015-05-04 09:07:37 |
| 9267 || 18.9643549234103 || 2013-11-26 18:50:01 |
| 9268 || 1.29300044194278 || 2011-10-10 06:33:12 |
| 9269 || 1.0609085175618 || 2014-08-20 18:32:44 |
| 9270 || -24.8802351129654 || 2010-10-10 11:31:48 |
| 9271 || 73.5600350199002 || 2019-07-16 07:20:12 |
| 9272 || 19.1467933224794 || 2012-06-04 07:12:10 |
| 9273 || 0.0823987219111652 || 2016-10-13 20:32:33 |
| 9274 || 26.6146537547639 || 2013-04-17 16:01:18 |
| 9275 || 78.2664860366197 || 2011-04-03 10:17:32 |
| 9276 || 72.4888230479787 || 2011-12-16 02:04:45 |
| 9277 || 15.7563253600955 || 2015-02-16 01:05:45 |
| 9278 || 0.0175070561465621 || 2013-12-13 15:49:17 |
| 9279 || 0.176219812235329 || 2011-10-18 09:54:55 |
| 9280 || 68.3283522602595 || 2014-03-12 12:03:48 |
| 9281 || 25.8235285946802 || 2016-02-27 10:08:54 |
| 9282 || 31.0500361345646 || 2010-03-04 05:24:00 |
| 9283 || -0.0646510004946336 || 2015-03-06 23:55:18 |
| 9284 || 7.19481833328705 || 2014-08-06 21:57:36 |
| 9285 || 76.8415436686063 || 2017-01-26 02:08:02 |
| 9286 || 44.0492435855851 || 2016-01-02 12:02:30 |
| 9287 || 15.6663042877577 || 2017-02-14 01:29:43 |
| 9288 || 0.683744062178709 || 2019-05-27 15:03:56 |
| 9289 || -6.39348677221116 || 2013-10-09 18:16:19 |
| 9290 || -21.3251772463953 || 2010-05-19 23:28:07 |
| 9291 || 50.7909760648014 || 2019-01-12 02:24:56 |
| 9292 || 40.0258476858293 || 2016-06-09 23:31:29 |
| 9293 || -0.793094097869734 || 2011-09-05 15:32:06 |
| 9294 || 4.87629886683412 || 2016-01-19 22:24:54 |
| 9295 || -11.2713933636013 || 2010-01-22 17:09:17 |
| 9296 || -28.764188991277 || 2018-08-23 06:10:33 |
| 9297 || 40.817948966782 || 2015-04-21 07:18:22 |
| 9298 || -0.728116748905082 || 2019-11-02 19:47:28 |
| 9299 || 10.7622200978469 || 2013-11-04 21:10:17 |
| 9300 || 40.6251853418111 || 2019-11-24 16:27:36 |
| 9301 || 86.4156320841909 || 2011-03-25 08:06:48 |
| 9302 || 23.4026741403821 || 2018-11-03 13:20:35 |
| 9303 || -1.22665029836473 || 2013-09-21 13:44:16 |
| 9304 || 4.27683969528468 || 2015-02-20 05:25:46 |
| 9305 || 43.275223827534 || 2018-09-21 03:07:58 |
| 9306 || 77.6246616973215 || 2012-04-02 23:23:56 |
| 9307 || 21.8767096275394 || 2019-09-08 21:10:47 |
| 9308 || 4.45452213028656 || 2019-02-15 18:21:14 |
| 9309 || -1.06031751043586 || 2018-11-04 16:50:13 |
| 9310 || 26.0870855788392 || 2016-09-25 04:43:36 |
| 9311 || 19.6332932977673 || 2010-06-18 22:08:49 |
| 9312 || 18.6720785843823 || 2019-04-06 13:44:53 |
| 9313 || 5.16935573438007 || 2011-09-10 11:45:11 |
| 9314 || 2.97838758261918 || 2012-11-26 11:33:08 |
| 9315 || 19.3157228188854 || 2016-07-08 03:31:18 |
| 9316 || 64.5450282809518 || 2015-05-26 03:05:58 |
| 9317 || -0.753135966876511 || 2019-03-19 14:40:52 |
| 9318 || -6.12959087744517 || 2012-03-14 05:00:48 |
| 9319 || 1.34143241797376 || 2010-01-13 15:10:29 |
| 9320 || 14.6084329103164 || 2019-12-05 23:55:01 |
| 9321 || 29.5798189968135 || 2015-06-22 23:29:58 |
| 9322 || 17.1227852218648 || 2015-11-03 06:23:02 |
| 9323 || 17.5613218736882 || 2010-06-13 13:28:50 |
| 9324 || 0.335052350248223 || 2014-09-14 03:46:14 |
| 9325 || 15.9329132242168 || 2013-06-16 05:36:12 |
| 9326 || 1.78932755722856 || 2014-11-19 20:22:53 |
| 9327 || -25.9309755067802 || 2010-12-24 01:38:56 |
| 9328 || -4.01779699056401 || 2011-08-15 12:04:42 |
| 9329 || 0.0479597141921867 || 2019-06-25 09:09:29 |
| 9330 || -2.14470825673007 || 2014-04-04 18:43:08 |
| 9331 || 47.0112383705547 || 2015-06-25 21:16:11 |
| 9332 || -26.0173718180032 || 2010-10-03 03:47:04 |
| 9333 || 27.8270105426669 || 2012-12-03 02:58:49 |
| 9334 || -0.0284614436552801 || 2015-07-22 00:12:07 |
| 9335 || 19.9122103055148 || 2014-01-09 22:06:16 |
| 9336 || 60.854071043074 || 2017-05-27 14:43:13 |
| 9337 || 77.1214992006533 || 2013-06-21 22:20:58 |
| 9338 || -4.48879854433129 || 2012-12-22 19:49:40 |
| 9339 || 0.785785582117777 || 2010-01-23 16:19:54 |
| 9340 || 8.36087074687961 || 2010-03-01 15:34:31 |
| 9341 || 71.6960809623952 || 2010-02-10 20:55:22 |
| 9342 || 65.7159448171087 || 2015-01-08 06:40:44 |
| 9343 || -6.73978975217863 || 2013-04-26 18:42:49 |
| 9344 || -0.679454715583719 || 2010-02-07 18:06:54 |
| 9345 || -4.09588817096982 || 2013-09-07 02:54:57 |
| 9346 || 55.6820295985833 || 2016-11-23 10:08:16 |
| 9347 || -2.47150350782466 || 2018-02-23 08:42:28 |
| 9348 || 13.8409579941336 || 2017-02-14 18:26:04 |
| 9349 || 0.275170687779503 || 2014-09-24 02:38:21 |
| 9350 || 6.38616234174054 || 2015-07-24 23:40:02 |
| 9351 || -13.0752640953513 || 2015-03-05 13:30:40 |
| 9352 || 68.6448103712917 || 2012-05-02 02:07:52 |
| 9353 || -16.2931994492501 || 2015-05-12 08:04:50 |
| 9354 || 2.7705569544943 || 2017-01-17 08:57:48 |
| 9355 || 2.16425887285945 || 2016-04-21 19:11:42 |
| 9356 || 0.957420593810714 || 2010-03-04 18:01:27 |
| 9357 || 44.1782337374751 || 2013-05-08 17:32:17 |
| 9358 || -18.5868496219519 || 2013-05-27 23:16:35 |
| 9359 || 7.97066713851016 || 2013-07-10 11:10:24 |
| 9360 || 0.515543434789764 || 2017-07-21 02:24:38 |
| 9361 || 16.8271290929499 || 2017-09-03 07:26:34 |
| 9362 || 67.3977221882349 || 2018-10-18 13:33:28 |
| 9363 || 54.9580262449397 || 2018-02-06 08:56:07 |
| 9364 || -3.82939396419231 || 2013-06-18 08:26:47 |
| 9365 || 2.81010739578178 || 2017-06-15 05:13:03 |
| 9366 || 14.3350235016761 || 2013-09-21 09:26:03 |
| 9367 || 15.0972893367756 || 2019-05-19 19:30:57 |
| 9368 || -20.2752110058982 || 2017-03-27 07:19:26 |
| 9369 || 1.65989453300239 || 2017-10-07 23:49:00 |
| 9370 || -0.033111397988106 || 2016-05-23 06:46:02 |
| 9371 || -6.11469929726248 || 2013-03-26 21:22:46 |
| 9372 || -28.6029143619835 || 2011-01-12 20:51:59 |
| 9373 || 52.1714035944773 || 2017-01-14 03:38:11 |
| 9374 || -1.72003387284405 || 2011-07-01 14:47:23 |
| 9375 || -0.258629976783244 || 2011-11-25 11:07:34 |
| 9376 || 9.49126493886927 || 2014-05-12 02:47:56 |
| 9377 || -27.6768221476259 || 2013-08-10 00:51:41 |
| 9378 || 77.8166871498916 || 2019-09-07 00:57:17 |
| 9379 || 24.8583456348643 || 2012-12-01 19:55:29 |
| 9380 || 0.12164318900707 || 2010-05-09 14:19:23 |
| 9381 || -6.34238517523607 || 2015-01-03 08:08:02 |
| 9382 || 21.2709119129476 || 2011-12-20 17:01:57 |
| 9383 || 4.59860549388158 || 2010-12-06 12:43:45 |
| 9384 || 19.5988322167967 || 2014-09-10 05:04:06 |
| 9385 || 0.0498497684747072 || 2017-02-19 06:22:21 |
| 9386 || 16.5878999915982 || 2011-01-08 06:56:49 |
| 9387 || 29.5366097220068 || 2018-01-06 08:30:27 |
| 9388 || 71.7093108979921 || 2015-06-01 07:55:58 |
| 9389 || -12.1056083189611 || 2013-12-22 03:29:00 |
| 9390 || 0.452405377628619 || 2015-11-12 20:08:54 |
| 9391 || 21.2139148751652 || 2015-04-17 17:57:43 |
| 9392 || 63.4529587718719 || 2014-05-06 14:50:06 |
| 9393 || 58.3825682727488 || 2018-06-02 16:05:48 |
| 9394 || 12.8504526062473 || 2016-11-05 14:39:03 |
| 9395 || 0.203553665832553 || 2015-04-21 06:03:52 |
| 9396 || -5.59762986356609 || 2010-05-01 08:58:27 |
| 9397 || 26.1554395981179 || 2019-11-15 08:04:35 |
| 9398 || 48.5879997572866 || 2014-02-12 09:29:07 |
| 9399 || 48.1187797860492 || 2011-01-26 00:21:55 |
| 9400 || 1.59459536506437 || 2014-12-18 20:21:26 |
| 9401 || -3.42972561079799 || 2012-08-22 21:22:11 |
| 9402 || 62.3066007224964 || 2017-03-14 02:51:20 |
| 9403 || 9.48252044430023 || 2018-03-22 04:01:54 |
| 9404 || 26.0108041661666 || 2016-05-12 05:38:20 |
| 9405 || 0.137830046126539 || 2011-09-13 13:43:32 |
| 9406 || 5.58824512551369 || 2017-06-12 14:55:26 |
| 9407 || -7.30416691962705 || 2019-10-27 15:52:42 |
| 9408 || -24.2794251545832 || 2018-02-15 01:19:37 |
| 9409 || 7.33854228699441 || 2014-06-21 23:32:18 |
| 9410 || 4.99140516182319 || 2011-01-05 05:06:44 |
| 9411 || 1.76972320077278 || 2015-12-07 11:07:50 |
| 9412 || 15.4248158305673 || 2016-04-14 14:38:02 |
| 9413 || -29.0048935131817 || 2010-10-07 07:32:00 |
| 9414 || 63.5905650437516 || 2012-12-23 19:43:41 |
| 9415 || 9.08851256266504 || 2018-11-12 19:37:16 |
| 9416 || 1.08293779081202 || 2012-03-26 08:04:31 |
| 9417 || 50.3975660532176 || 2015-01-06 19:45:13 |
| 9418 || 68.5389585502997 || 2013-11-01 21:15:18 |
| 9419 || -19.9598716235284 || 2019-06-17 08:48:23 |
| 9420 || 2.73944443153272 || 2017-02-20 04:08:58 |
| 9421 || -0.324767010195638 || 2015-02-10 08:52:45 |
| 9422 || 37.5348082531935 || 2015-04-10 03:37:05 |
| 9423 || 85.529213550484 || 2019-02-12 11:18:02 |
| 9424 || 44.8214960453675 || 2015-10-23 11:33:18 |
| 9425 || 15.1114795629916 || 2016-12-01 03:30:50 |
| 9426 || 0.985216853445463 || 2018-09-24 11:41:53 |
| 9427 || 15.7241706554545 || 2015-09-12 11:30:50 |
| 9428 || -27.7894079711299 || 2014-01-22 01:41:01 |
| 9429 || 77.0408000349182 || 2014-02-09 08:20:51 |
| 9430 || 24.2323771296135 || 2012-03-11 21:49:51 |
| 9431 || 0.197334653803096 || 2019-06-21 20:44:56 |
| 9432 || 30.2953543540681 || 2015-08-21 04:48:30 |
| 9433 || 61.1302197340344 || 2014-10-21 18:35:52 |
| 9434 || 47.272495220968 || 2018-07-02 02:33:26 |
| 9435 || 29.5331201402152 || 2018-11-18 18:14:08 |
| 9436 || -0.00164138929782518 || 2016-07-08 01:15:12 |
| 9437 || 16.5370429628832 || 2016-02-27 04:55:13 |
| 9438 || 32.0964124080707 || 2014-01-22 16:14:36 |
| 9439 || 40.5339986922907 || 2011-12-19 12:43:56 |
| 9440 || 26.3017995950395 || 2015-04-21 00:04:49 |
| 9441 || 0.195138007541394 || 2017-07-06 13:38:32 |
| 9442 || -7.05958480939787 || 2018-09-13 13:49:03 |
| 9443 || 62.7277893834309 || 2014-09-03 04:47:20 |
| 9444 || -15.3071513338977 || 2011-02-11 15:46:14 |
| 9445 || -6.65415129327929 || 2011-02-20 05:11:59 |
| 9446 || 1.56516875161509 || 2011-05-01 15:10:38 |
| 9447 || 7.82206774743564 || 2012-11-18 19:01:42 |
| 9448 || 64.5100270073469 || 2018-06-04 23:43:42 |
| 9449 || -12.7066781870439 || 2017-11-19 23:04:34 |
| 9450 || 22.3211822149485 || 2012-08-04 11:39:10 |
| 9451 || 0.804204158544064 || 2015-03-19 03:39:52 |
| 9452 || 7.78466964555786 || 2011-06-19 04:35:49 |
| 9453 || 9.96903235972882 || 2011-12-22 00:20:02 |
| 9454 || 85.4332226036542 || 2011-08-16 14:43:57 |
| 9455 || -17.5367507594629 || 2017-06-05 02:42:48 |
| 9456 || 3.63515083511386 || 2011-11-27 06:56:14 |
| 9457 || -3.74362529935148 || 2010-09-25 06:28:16 |
| 9458 || 34.3788263850335 || 2015-01-11 23:44:50 |
| 9459 || -29.9240437054768 || 2015-08-03 20:09:10 |
| 9460 || 21.5865219524532 || 2019-12-14 16:08:02 |
| 9461 || 5.50573836668784 || 2012-10-14 21:25:19 |
| 9462 || -1.47672178899318 || 2015-11-11 19:36:19 |
| 9463 || 55.9194849961737 || 2017-09-08 14:25:38 |
| 9464 || 70.2432131257685 || 2013-04-25 08:49:00 |
| 9465 || -12.9659592873613 || 2010-10-07 04:07:12 |
| 9466 || 12.0407112926278 || 2017-10-19 04:59:33 |
| 9467 || -0.777412464573636 || 2018-09-07 08:57:20 |
| 9468 || -5.76947864263181 || 2018-09-19 20:36:25 |
| 9469 || 40.0658671589937 || 2016-06-16 19:16:47 |
| 9470 || -22.5459364939967 || 2012-07-04 17:39:59 |
| 9471 || 15.9880903691998 || 2013-01-23 03:12:31 |
| 9472 || 2.73880640245207 || 2017-05-13 21:10:13 |
| 9473 || 10.7710959846467 || 2015-11-27 12:40:45 |
| 9474 || -28.8533111716924 || 2011-05-26 13:44:47 |
| 9475 || -23.6542273166038 || 2018-07-13 08:42:08 |
| 9476 || 17.8804993797583 || 2013-01-07 07:45:06 |
| 9477 || 0.493603182272336 || 2019-07-02 01:14:26 |
| 9478 || 23.1682020043947 || 2014-03-15 23:01:53 |
| 9479 || 66.1181091907822 || 2018-08-09 13:29:11 |
| 9480 || 4.73931557653264 || 2017-12-19 02:18:02 |
| 9481 || 24.7651940274192 || 2015-04-18 05:58:09 |
| 9482 || 0.142417799912859 || 2015-11-17 05:46:32 |
| 9483 || -11.3359461193166 || 2010-11-16 00:17:33 |
| 9484 || 83.1768695948141 || 2016-12-02 19:28:31 |
| 9485 || 59.0882119968164 || 2017-11-19 21:45:10 |
| 9486 || 20.2491457564428 || 2019-04-01 00:05:56 |
| 9487 || 7.92687742485331e-06 || 2015-02-26 18:39:53 |
| 9488 || 29.3090793389993 || 2019-07-27 16:08:12 |
| 9489 || 0.0400704506035446 || 2013-08-12 18:49:40 |
| 9490 || -18.0226315679216 || 2016-05-07 16:21:28 |
| 9491 || 10.7895844783998 || 2014-09-07 10:15:56 |
| 9492 || 0.249428675268703 || 2017-05-27 03:04:27 |
| 9493 || 24.0692938542281 || 2018-04-25 17:52:35 |
| 9494 || -24.0292359641285 || 2014-08-03 03:07:44 |
| 9495 || -28.0928265997331 || 2019-03-13 00:15:03 |
| 9496 || 40.3430992343115 || 2012-06-05 18:11:57 |
| 9497 || 1.10788185060272 || 2011-05-15 10:49:34 |
| 9498 || 12.711233293747 || 2019-06-17 12:38:58 |
| 9499 || 22.2287024747145 || 2010-09-08 18:17:31 |
| 9500 || -22.0125816042792 || 2013-01-18 18:12:09 |
| 9501 || 38.9086970353696 || 2014-04-22 08:56:24 |
| 9502 || 2.89377705358467 || 2010-04-02 11:47:09 |
| 9503 || 6.79997087103405 || 2018-04-04 03:24:56 |
| 9504 || -4.8721268349579 || 2012-09-13 06:02:21 |
| 9505 || 83.6334385415909 || 2018-05-25 09:02:01 |
| 9506 || 45.0873689063549 || 2016-03-11 20:50:30 |
| 9507 || 2.92587819037576 || 2015-10-15 19:10:00 |
| 9508 || 11.1630120577733 || 2010-10-21 07:35:03 |
| 9509 || -18.2305828560162 || 2012-03-07 00:52:06 |
| 9510 || 58.9783790648265 || 2014-11-20 20:40:02 |
| 9511 || 7.47677183248898 || 2011-08-11 13:55:52 |
| 9512 || 0.0408863188651463 || 2010-07-07 01:42:32 |
| 9513 || -2.0113280596737 || 2018-08-24 21:16:10 |
| 9514 || 41.7274293196528 || 2014-10-10 23:32:45 |
| 9515 || 74.690437669123 || 2014-09-09 22:12:17 |
| 9516 || -19.1306751001225 || 2016-02-10 11:37:06 |
| 9517 || 4.53879291724919 || 2013-05-21 12:00:21 |
| 9518 || 5.61062837590191 || 2012-03-13 20:28:10 |
| 9519 || 52.1686536630424 || 2010-12-01 03:08:27 |
| 9520 || 5.60182940206558 || 2018-12-07 20:52:20 |
| 9521 || 42.9185150032867 || 2011-06-25 10:17:46 |
| 9522 || 15.2336888982215 || 2019-02-23 13:50:43 |
| 9523 || 1.07078447233059 || 2013-01-07 02:12:46 |
| 9524 || 41.5248329295962 || 2014-04-15 10:21:06 |
| 9525 || 31.6956928693992 || 2016-01-07 14:27:09 |
| 9526 || -0.697800034423553 || 2011-04-01 16:24:49 |
| 9527 || 3.98243298613689 || 2017-01-01 15:40:22 |
| 9528 || 1.14870159033395 || 2019-03-24 06:46:09 |
| 9529 || 14.1021865417991 || 2017-09-24 16:40:17 |
| 9530 || 60.7402539437412 || 2012-11-19 20:51:49 |
| 9531 || 44.6255515875962 || 2019-10-09 08:49:39 |
| 9532 || 20.0169226784859 || 2018-01-16 09:57:17 |
| 9533 || 0.055713254681637 || 2018-02-08 07:08:25 |
| 9534 || 36.1866266253371 || 2019-05-16 00:55:43 |
| 9535 || 83.3276089593888 || 2019-12-07 17:58:36 |
| 9536 || 13.3571924810332 || 2016-04-06 05:31:49 |
| 9537 || 17.8211143294289 || 2012-10-14 03:11:40 |
| 9538 || -0.00298908174994136 || 2019-12-26 08:42:48 |
| 9539 || -6.80199130781385 || 2014-10-22 11:31:26 |
| 9540 || 75.6588968106785 || 2018-08-10 00:26:27 |
| 9541 || 54.3190818277757 || 2013-07-04 20:07:25 |
| 9542 || -0.350826294644191 || 2013-05-18 13:53:55 |
| 9543 || 0.20613806497274 || 2019-07-27 08:36:17 |
| 9544 || 3.68033460069722 || 2010-08-26 03:05:52 |
| 9545 || 75.1335845075813 || 2017-01-08 19:06:46 |
| 9546 || 19.895016342122 || 2013-10-23 21:24:43 |
| 9547 || 2.63656791054203 || 2011-12-09 22:37:20 |
| 9548 || -0.309439361914379 || 2014-03-05 06:10:57 |
| 9549 || 1.19443630759625 || 2011-07-12 14:31:43 |
| 9550 || -6.85231462572486 || 2017-10-02 13:20:05 |
| 9551 || -15.4248348318004 || 2017-05-11 10:12:58 |
| 9552 || 2.80730627547996 || 2017-02-13 04:14:13 |
| 9553 || 0.525137791120303 || 2018-05-22 05:06:20 |
| 9554 || -4.12934601577594 || 2019-08-17 05:23:53 |
| 9555 || -22.5739351757599 || 2014-03-23 10:02:17 |
| 9556 || 54.1992042203384 || 2010-11-03 19:24:25 |
| 9557 || 24.0028647565307 || 2014-07-03 14:17:27 |
| 9558 || -0.660754828102771 || 2011-03-08 16:23:21 |
| 9559 || 12.6643704373658 || 2017-07-26 22:38:46 |
| 9560 || 12.805999664978 || 2018-01-18 10:11:35 |
| 9561 || 77.0405634941989 || 2018-09-21 05:41:33 |
| 9562 || -13.5383817245901 || 2019-07-04 02:46:05 |
| 9563 || 7.44396984293382 || 2018-10-09 14:45:56 |
| 9564 || 8.96044271388075 || 2010-06-27 17:57:47 |
| 9565 || 32.5338743270415 || 2011-10-09 08:07:02 |
| 9566 || 41.855192431513 || 2019-07-08 12:39:55 |
| 9567 || -8.34766578298576 || 2018-09-07 09:20:10 |
| 9568 || 3.2408175761031 || 2012-08-27 14:00:33 |
| 9569 || 5.33461053448003 || 2010-02-16 13:55:23 |
| 9570 || -3.20455543956858 || 2018-03-27 21:07:16 |
| 9571 || 7.48539420212365 || 2018-05-13 19:31:03 |
| 9572 || 12.2296833404852 || 2019-03-20 10:45:48 |
| 9573 || 4.45039197095494 || 2010-12-13 12:58:46 |
| 9574 || -1.20886033463914 || 2012-01-26 04:50:03 |
| 9575 || 44.4688658010433 || 2018-08-26 13:58:17 |
| 9576 || -1.13951719790114 || 2016-04-02 23:00:36 |
| 9577 || 46.0648444425773 || 2010-09-27 14:43:31 |
| 9578 || 17.2720506089286 || 2016-10-25 05:37:44 |
| 9579 || 1.41523759435694 || 2014-03-04 02:52:05 |
| 9580 || 38.1174717140564 || 2019-07-09 00:11:39 |
| 9581 || -24.2443627673462 || 2011-09-19 01:07:27 |
| 9582 || 23.8335485507556 || 2012-08-14 07:07:19 |
| 9583 || -6.01311171242041 || 2016-08-04 03:59:17 |
| 9584 || -0.162320353606774 || 2016-02-17 16:16:57 |
| 9585 || -4.71093796047104 || 2016-03-16 01:07:10 |
| 9586 || 38.9672547156456 || 2015-10-19 07:46:48 |
| 9587 || 78.6225868706398 || 2016-08-09 14:42:11 |
| 9588 || -8.29789742142575 || 2019-12-10 20:45:51 |
| 9589 || -0.0129812391602901 || 2013-01-09 12:03:49 |
| 9590 || -6.86291575671868 || 2010-08-12 04:33:41 |
| 9591 || -26.3545580815948 || 2012-07-19 21:21:54 |
| 9592 || -17.5502819250107 || 2016-04-02 10:39:27 |
| 9593 || 28.5337803964436 || 2013-02-05 01:13:36 |
| 9594 || -0.0299685528900704 || 2013-01-15 05:31:36 |
| 9595 || 22.6317247675459 || 2010-02-19 20:01:57 |
| 9596 || -19.8431975646034 || 2019-09-12 02:51:37 |
| 9597 || 84.0482543783674 || 2011-03-26 20:32:37 |
| 9598 || 38.4925065128252 || 2010-04-20 14:21:14 |
| 9599 || 0.752251928047914 || 2010-05-16 23:19:30 |
| 9600 || 16.1608904888396 || 2016-01-23 13:12:38 |
| 9601 || -24.3259930181206 || 2015-09-10 03:05:58 |
| 9602 || -17.8130959008657 || 2016-10-13 01:56:02 |
| 9603 || 43.6906239854003 || 2019-01-14 06:42:41 |
| 9604 || -0.419662879578782 || 2010-03-11 02:05:42 |
| 9605 || -2.25245087128157 || 2015-08-18 19:26:54 |
| 9606 || 60.0476494556193 || 2010-02-11 13:36:54 |
| 9607 || 87.9935530262292 || 2019-10-02 22:29:15 |
| 9608 || 7.26136389218391 || 2014-04-09 05:07:02 |
| 9609 || -1.26086061201835 || 2018-11-10 20:51:15 |
| 9610 || 3.63260290040514 || 2017-02-11 16:03:31 |
| 9611 || -21.5619017909984 || 2010-10-10 04:12:34 |
| 9612 || 71.4437859355028 || 2012-01-22 01:51:39 |
| 9613 || 52.3600475910638 || 2014-06-11 18:42:55 |
| 9614 || 3.42788145798916 || 2012-12-04 11:04:17 |
| 9615 || -3.2571902641981 || 2013-09-14 06:03:20 |
| 9616 || 45.3213711711833 || 2015-12-08 14:04:56 |
| 9617 || -28.0896395982816 || 2015-05-01 18:28:05 |
| 9618 || 29.9341068238316 || 2014-04-19 13:58:12 |
| 9619 || 9.36097879374543 || 2014-04-23 05:53:05 |
| 9620 || -2.15452952056134 || 2019-12-25 06:48:59 |
| 9621 || 53.5157627417632 || 2019-07-01 01:09:16 |
| 9622 || 41.4003980396133 || 2012-08-13 02:26:51 |
| 9623 || -12.4036483117987 || 2017-11-09 22:50:03 |
| 9624 || -2.64328215444435 || 2016-10-23 10:24:03 |
| 9625 || 3.60049698564775 || 2015-08-14 00:12:37 |
| 9626 || -14.4641868829245 || 2013-04-27 00:10:31 |
| 9627 || 47.1810352710234 || 2016-05-12 13:14:56 |
| 9628 || -22.8570967543475 || 2011-03-12 10:58:21 |
| 9629 || 5.4786758332815 || 2018-04-24 21:12:02 |
| 9630 || -0.217194331833983 || 2017-04-19 04:26:05 |
| 9631 || 29.90204929563 || 2012-11-20 00:01:48 |
| 9632 || 64.3277358783654 || 2012-06-12 11:10:38 |
| 9633 || 73.7944687138037 || 2015-03-22 23:56:10 |
| 9634 || -6.4699745940261 || 2015-08-01 19:46:42 |
| 9635 || 0.178028668160689 || 2011-11-24 07:49:46 |
| 9636 || 36.4093576984044 || 2017-06-23 04:36:17 |
| 9637 || -18.1719045401001 || 2010-09-12 16:12:34 |
| 9638 || -25.0592961427399 || 2011-05-15 04:53:45 |
| 9639 || 20.2420658505607 || 2016-04-16 05:22:32 |
| 9640 || 0.0587775930929975 || 2017-05-22 02:42:56 |
| 9641 || 18.1741905759931 || 2016-11-21 21:38:24 |
| 9642 || 19.9324435376818 || 2013-08-27 21:36:52 |
| 9643 || 24.8398859160276 || 2015-07-03 17:07:43 |
| 9644 || 5.68483042391677 || 2019-05-15 07:42:14 |
| 9645 || 0.0231929923319971 || 2013-08-11 12:37:26 |
| 9646 || -4.46512140814035 || 2010-05-12 09:17:42 |
| 9647 || 25.6071970759642 || 2017-03-25 14:27:45 |
| 9648 || -28.1126469298561 || 2016-04-22 20:02:51 |
| 9649 || 14.9044475020848 || 2014-08-27 21:59:30 |
| 9650 || 0.547497533446092 || 2012-11-12 09:30:14 |
| 9651 || -3.0068295636111 || 2012-11-19 16:44:00 |
| 9652 || 65.0228231526487 || 2011-05-07 02:24:57 |
| 9653 || -12.2931366269822 || 2018-06-23 21:19:30 |
| 9654 || 21.4413426730256 || 2015-11-17 05:04:11 |
| 9655 || -0.505911810176962 || 2010-11-17 22:53:20 |
| 9656 || -5.97799795723603 || 2011-06-13 01:34:18 |
| 9657 || 67.2912677227371 || 2013-09-04 21:04:04 |
| 9658 || 83.945276404101 || 2014-11-09 17:46:21 |
| 9659 || 32.1104070518971 || 2018-10-15 07:51:28 |
| 9660 || 0.577082639706347 || 2015-09-09 00:26:09 |
| 9661 || 0.618565666704494 || 2013-01-05 02:01:51 |
| 9662 || 0.28419598564348 || 2014-01-26 11:02:11 |
| 9663 || 89.5610798076034 || 2010-11-07 08:55:15 |
| 9664 || -15.6017812894724 || 2013-01-05 05:34:38 |
| 9665 || -2.03574456144191 || 2018-12-26 01:01:11 |
| 9666 || 10.3457198762372 || 2014-06-02 01:37:29 |
| 9667 || 25.056133707686 || 2018-11-20 00:27:06 |
| 9668 || 68.2005697738437 || 2017-02-02 16:57:45 |
| 9669 || 5.9186020989499 || 2018-01-07 19:56:08 |
| 9670 || -3.13770332808301 || 2013-05-14 02:01:46 |
| 9671 || -1.34791270172387 || 2019-12-04 10:21:03 |
| 9672 || 41.9348735539857 || 2018-07-06 19:41:53 |
| 9673 || -19.7195874111691 || 2010-09-09 04:12:55 |
| 9674 || 55.1561943752789 || 2010-02-24 07:56:01 |
| 9675 || 10.9045008804259 || 2012-04-20 02:19:52 |
| 9676 || -0.76310601369033 || 2015-02-14 21:16:19 |
| 9677 || 15.6819072542212 || 2011-07-02 05:19:21 |
| 9678 || 78.0088790488799 || 2017-12-18 19:39:25 |
| 9679 || 9.73526962132586 || 2010-06-13 21:55:15 |
| 9680 || -2.94816294431682 || 2012-09-26 18:47:57 |
| 9681 || -0.793268775761757 || 2019-07-07 03:09:57 |
| 9682 || 41.696378888439 || 2011-02-21 00:06:43 |
| 9683 || 40.5244391463937 || 2010-05-17 22:13:34 |
| 9684 || -4.05333021588121 || 2016-06-21 12:18:36 |
| 9685 || -7.0136875030805 || 2019-11-16 19:51:28 |
| 9686 || -0.023376036112853 || 2016-06-04 16:41:09 |
| 9687 || 22.5210131577621 || 2013-07-15 06:48:10 |
| 9688 || 21.1866159354424 || 2019-02-14 13:03:45 |
| 9689 || -19.0358129699619 || 2018-08-09 13:22:57 |
| 9690 || 8.04129608924838 || 2012-01-04 20:59:28 |
| 9691 || -0.00763061028665736 || 2018-04-07 00:47:06 |
| 9692 || -10.8979327005569 || 2013-01-09 16:06:57 |
| 9693 || -23.2466144798635 || 2014-02-10 07:54:15 |
| 9694 || -19.5275222610116 || 2019-07-12 16:00:26 |
| 9695 || 29.6653845831945 || 2012-01-20 14:50:48 |
| 9696 || -8.86219361429162e-05 || 2011-09-11 19:30:19 |
| 9697 || 8.44656148771852 || 2012-11-11 16:24:48 |
| 9698 || -11.482412093984 || 2011-10-01 22:49:31 |
| 9699 || 53.8482388100097 || 2015-01-16 09:52:52 |
| 9700 || 36.6663433593649 || 2019-05-22 18:36:28 |
| 9701 || -0.119932278688106 || 2013-03-02 23:52:31 |
| 9702 || -6.30315535198259 || 2011-06-16 05:27:58 |
| 9703 || -19.7151965057385 || 2011-08-13 06:21:40 |
| 9704 || -24.0585984528064 || 2018-09-22 14:43:17 |
| 9705 || -14.0115575314749 || 2019-12-09 05:06:37 |
| 9706 || 0.798149393436952 || 2012-09-12 10:47:04 |
| 9707 || -2.26632043459694 || 2018-01-24 13:04:36 |
| 9708 || 51.3016139875685 || 2016-12-18 19:42:57 |
| 9709 || 39.1903770792768 || 2010-12-18 01:53:26 |
| 9710 || 45.5643648091336 || 2019-04-15 22:17:17 |
| 9711 || 2.84483729662756 || 2016-02-03 04:46:27 |
| 9712 || 8.58500877215968 || 2013-11-11 15:05:05 |
| 9713 || 10.6902902642682 || 2010-07-20 22:19:04 |
| 9714 || -22.8109215735211 || 2013-10-18 14:48:26 |
| 9715 || -1.60015778435857 || 2018-12-21 06:59:00 |
| 9716 || 2.11619274492901 || 2017-11-17 11:08:27 |
| 9717 || 5.23802873267919 || 2017-10-12 08:27:05 |
| 9718 || -20.5478376145651 || 2017-08-06 10:56:41 |
| 9719 || 89.4112224455178 || 2013-02-15 06:04:39 |
| 9720 || 57.6501156673808 || 2015-02-09 16:28:47 |
| 9721 || -1.66811891718319 || 2019-11-27 05:07:48 |
| 9722 || 2.93259246863637 || 2018-07-03 13:47:49 |
| 9723 || 47.8808079540709 || 2011-07-06 16:39:31 |
| 9724 || 82.1379921127954 || 2016-04-19 16:35:15 |
| 9725 || 13.7961456005793 || 2019-06-23 22:18:50 |
| 9726 || 12.0674789643715 || 2014-10-15 03:08:09 |
| 9727 || 4.02448863078425 || 2012-02-19 07:29:19 |
| 9728 || -14.9713243609963 || 2010-05-27 14:28:28 |
| 9729 || 49.7206259423724 || 2018-06-20 03:23:44 |
| 9730 || -7.06093940639336 || 2016-09-10 00:39:03 |
| 9731 || 11.2512485829526 || 2010-08-11 14:30:47 |
| 9732 || 2.22993723241122 || 2017-11-22 08:20:50 |
| 9733 || 31.0938631649048 || 2014-11-08 06:49:00 |
| 9734 || 69.7358586595637 || 2015-02-06 23:29:35 |
| 9735 || 18.1576283188274 || 2013-09-27 19:22:42 |
| 9736 || 20.3859874189758 || 2015-08-04 19:45:09 |
| 9737 || 0.714840598320931 || 2016-01-17 19:27:04 |
| 9738 || 40.0049157954563 || 2010-07-18 10:56:31 |
| 9739 || -11.6463547050971 || 2012-09-15 15:21:24 |
| 9740 || 75.1980649286076 || 2013-05-10 02:13:23 |
| 9741 || 4.66056244624517 || 2018-03-21 19:18:35 |
| 9742 || -0.0763924036204158 || 2015-11-26 05:28:13 |
| 9743 || 12.3858296973494 || 2013-07-07 18:34:33 |
| 9744 || 80.1136669978289 || 2013-02-01 04:22:58 |
| 9745 || -1.62471575272891 || 2010-10-03 09:21:32 |
| 9746 || 24.4320845775121 || 2018-12-27 22:21:15 |
| 9747 || -0.000445518016273395 || 2015-02-11 20:43:01 |
| 9748 || 15.7197940719218 || 2015-08-25 07:28:21 |
| 9749 || -26.45481449521 || 2010-05-15 14:24:58 |
| 9750 || -10.7792380440855 || 2013-10-05 19:44:07 |
| 9751 || -7.63704289279534 || 2014-11-16 13:49:08 |
| 9752 || 0.00208424823967069 || 2018-07-16 14:38:13 |
| 9753 || 15.4647404227091 || 2017-07-24 04:39:31 |
| 9754 || 63.5196175148798 || 2013-11-02 10:56:32 |
| 9755 || -19.5696472546804 || 2015-05-07 02:43:33 |
| 9756 || 33.1220522133759 || 2014-03-20 22:56:11 |
| 9757 || -0.218786450053757 || 2012-10-26 22:18:21 |
| 9758 || 20.0163200658014 || 2016-10-09 04:30:48 |
| 9759 || 41.3441848732614 || 2015-10-24 17:07:00 |
| 9760 || 61.6988676018251 || 2016-05-22 06:16:58 |
| 9761 || -12.4873557532083 || 2016-11-16 22:03:40 |
| 9762 || 1.13599408477447 || 2017-09-26 19:21:19 |
| 9763 || 6.032851833143 || 2016-03-16 00:55:13 |
| 9764 || 56.2823776828306 || 2010-10-11 13:09:59 |
| 9765 || -9.5472702697394 || 2014-12-16 19:02:50 |
| 9766 || -2.40278029425894 || 2019-12-10 16:33:35 |
| 9767 || -0.84292373602556 || 2011-07-20 05:48:10 |
| 9768 || 8.05882450797629 || 2010-06-11 21:56:50 |
| 9769 || 3.38847487123437 || 2014-07-21 22:10:07 |
| 9770 || -3.75201864069097 || 2010-01-08 19:45:16 |
| 9771 || 44.2258055821622 || 2014-11-09 09:34:31 |
| 9772 || 5.06906293089162 || 2014-11-11 23:57:34 |
| 9773 || 3.8144840298193 || 2013-08-25 19:01:47 |
| 9774 || -0.639997428397794 || 2012-01-14 23:30:13 |
| 9775 || 13.5686134452233 || 2016-01-20 23:15:06 |
| 9776 || 55.5953214008127 || 2011-09-14 21:13:34 |
| 9777 || 9.05520925522323 || 2017-03-09 09:33:54 |
| 9778 || -1.67722252769187 || 2016-03-03 19:47:06 |
| 9779 || 21.8794134317412 || 2015-03-04 09:50:57 |
| 9780 || 82.1746380475304 || 2017-08-17 19:41:31 |
| 9781 || 34.8087274311311 || 2011-01-01 08:26:06 |
| 9782 || -2.33769886381661 || 2013-12-22 06:43:55 |
| 9783 || -1.05505493492015 || 2010-05-20 16:13:39 |
| 9784 || 34.1745829594308 || 2015-03-27 09:27:47 |
| 9785 || -4.44108208545569 || 2017-11-12 13:27:58 |
| 9786 || 26.928308817031 || 2015-10-09 15:14:30 |
| 9787 || -0.121245716158544 || 2019-02-14 19:05:09 |
| 9788 || -0.178702682407893 || 2013-09-01 14:45:46 |
| 9789 || 40.2375723766703 || 2016-07-16 19:21:00 |
| 9790 || -28.1795966346458 || 2011-07-16 08:15:52 |
| 9791 || 75.1048053758804 || 2014-08-12 16:23:39 |
| 9792 || 15.8136695652442 || 2015-03-19 09:04:51 |
| 9793 || 0.410018756820165 || 2019-07-11 07:12:23 |
| 9794 || -7.72520221292201 || 2014-05-19 09:47:18 |
| 9795 || -19.65197017039 || 2013-10-23 09:58:26 |
| 9796 || 74.3702174840202 || 2012-05-13 17:51:39 |
| 9797 || 25.3827938518787 || 2017-05-25 03:26:54 |
| 9798 || 0.000763107930253764 || 2016-06-27 19:54:37 |
| 9799 || 2.12044126179328 || 2014-07-13 21:58:43 |
| 9800 || 63.1001742397339 || 2017-11-16 12:08:38 |
| 9801 || 72.7253975997994 || 2018-03-05 19:53:39 |
| 9802 || 31.6173816882748 || 2013-11-04 16:33:34 |
| 9803 || 0.186799206850979 || 2017-10-02 16:49:05 |
| 9804 || 22.4013760835053 || 2011-04-19 19:55:51 |
| 9805 || -23.0784982423032 || 2012-06-05 09:08:32 |
| 9806 || 14.8202599697007 || 2015-10-11 22:11:40 |
| 9807 || 39.9399286697606 || 2018-09-05 23:47:26 |
| 9808 || 0.433369331928749 || 2018-12-25 00:20:14 |
| 9809 || 5.04874176736677 || 2010-07-24 15:47:11 |
| 9810 || 67.4865391823052 || 2015-01-15 08:11:18 |
| 9811 || 71.6126342412125 || 2012-05-08 09:19:14 |
| 9812 || -5.59265870526439 || 2015-04-13 17:58:40 |
| 9813 || 0.458444921504423 || 2014-10-19 21:11:10 |
| 9814 || 9.79502093374117 || 2015-06-22 20:13:41 |
| 9815 || -11.0785097328845 || 2018-10-23 03:59:06 |
| 9816 || -22.5535836161438 || 2015-10-04 10:00:12 |
| 9817 || -16.6262657368992 || 2019-06-24 19:55:51 |
| 9818 || 4.77128271598399 || 2010-06-04 06:23:58 |
| 9819 || -2.56180532357533 || 2010-08-09 23:08:52 |
| 9820 || -20.7409472259544 || 2015-04-16 00:05:16 |
| 9821 || 43.0951301575515 || 2012-01-01 18:16:15 |
| 9822 || 51.5602105665979 || 2019-08-27 04:04:34 |
| 9823 || 7.2646671014407 || 2014-04-26 21:07:33 |
| 9824 || 6.81046522529561 || 2011-05-17 05:22:48 |
| 9825 || 14.2487609520976 || 2014-06-20 00:28:01 |
| 9826 || -29.8722367970725 || 2010-03-23 12:54:40 |
| 9827 || -10.8102485434868 || 2019-06-10 08:05:46 |
| 9828 || 6.41928443022943 || 2014-02-26 07:38:30 |
| 9829 || -1.64966110934384 || 2013-12-15 20:12:27 |
| 9830 || 25.3997398989097 || 2016-11-14 03:59:05 |
| 9831 || 88.7744916168878 || 2018-10-02 02:42:42 |
| 9832 || -21.7491002291177 || 2012-10-21 10:03:19 |
| 9833 || 8.25843693439623 || 2019-12-22 00:18:36 |
| 9834 || 1.12322504977101 || 2019-01-21 16:07:21 |
| 9835 || 16.9189724717823 || 2013-03-12 13:46:34 |
| 9836 || 77.3952690685576 || 2013-12-05 10:13:07 |
| 9837 || -21.4303399962897 || 2011-06-03 22:23:15 |
| 9838 || 14.5538751146746 || 2013-05-22 15:06:45 |
| 9839 || 0.430516555070545 || 2010-12-14 08:19:28 |
| 9840 || 21.9995516892512 || 2017-10-27 10:14:05 |
| 9841 || 78.7547083898818 || 2017-08-25 18:47:24 |
| 9842 || 31.9370886942068 || 2010-07-14 14:02:54 |
| 9843 || -0.304420160751883 || 2018-10-18 03:54:33 |
| 9844 || 0.563096716954805 || 2012-02-03 08:52:58 |
| 9845 || -0.755282057279037 || 2018-08-09 07:52:14 |
| 9846 || 63.3928697658958 || 2019-01-13 19:33:43 |
| 9847 || 1.70422725822502 || 2017-10-03 17:09:40 |
| 9848 || 9.94282154585872 || 2015-03-02 17:03:46 |
| 9849 || 0.0279532766133183 || 2010-01-08 08:13:16 |
| 9850 || 0.823561364433701 || 2016-09-22 09:33:38 |
| 9851 || -12.4082209803245 || 2014-11-02 18:44:38 |
| 9852 || 35.373151304471 || 2014-08-06 00:05:07 |
| 9853 || -10.4549355136268 || 2010-01-01 18:21:45 |
| 9854 || 0.135916035127397 || 2016-01-26 10:39:23 |
| 9855 || 19.5253162524378 || 2017-07-21 14:19:02 |
| 9856 || 74.9502003323994 || 2010-04-19 00:32:48 |
| 9857 || -24.029861307261 || 2016-01-13 13:57:20 |
| 9858 || 31.5333794904045 || 2013-09-25 07:03:10 |
| 9859 || -0.0846567389917811 || 2013-08-24 17:48:37 |
| 9860 || 0.88224275889573 || 2014-12-13 23:34:35 |
| 9861 || 68.893547856184 || 2014-07-13 01:42:19 |
| 9862 || -24.6415339374901 || 2010-08-14 10:13:00 |
| 9863 || -0.0601341057236969 || 2010-08-12 21:17:41 |
| 9864 || 1.55676469369572 || 2017-03-17 21:56:46 |
| 9865 || 7.60506668927511 || 2014-04-14 10:52:12 |
| 9866 || 29.8135354795293 || 2019-12-26 20:14:53 |
| 9867 || -16.7333007246299 || 2015-07-21 05:39:33 |
| 9868 || 2.02076573485249 || 2013-12-04 17:17:48 |
| 9869 || 2.12719057092276 || 2012-05-17 06:50:44 |
| 9870 || -3.98958690644262 || 2015-09-16 14:59:33 |
| 9871 || 45.5345927330434 || 2017-03-19 17:25:40 |
| 9872 || -18.8809645600999 || 2012-01-03 02:02:11 |
| 9873 || 41.5941033632943 || 2019-10-18 10:21:09 |
| 9874 || 6.20954671711483 || 2016-04-09 02:12:13 |
| 9875 || 9.58920477375673 || 2012-05-05 07:04:23 |
| 9876 || -13.5306362280452 || 2016-11-04 19:56:15 |
| 9877 || 63.4190765603174 || 2015-02-10 17:36:38 |
| 9878 || 16.0751085468868 || 2018-12-03 21:13:36 |
| 9879 || 6.7299431301438 || 2010-06-18 15:55:51 |
| 9880 || -0.827180411740603 || 2010-05-17 10:28:09 |
| 9881 || 1.29980638514216 || 2017-01-01 19:03:54 |
| 9882 || -22.8051340297769 || 2016-01-14 13:07:38 |
| 9883 || -18.847521302661 || 2017-10-14 03:12:25 |
| 9884 || -4.63073561834354 || 2014-02-02 02:04:50 |
| 9885 || 3.66926292587571 || 2017-03-07 17:33:27 |
| 9886 || -6.53947685733661 || 2013-11-13 09:00:43 |
| 9887 || 9.51152056016121 || 2011-06-05 21:18:43 |
| 9888 || 63.1578259288583 || 2014-03-05 06:36:11 |
| 9889 || 9.66751646282127 || 2015-03-21 00:53:13 |
| 9890 || 1.60799953303375 || 2011-10-09 11:41:01 |
| 9891 || 32.8356326701235 || 2011-03-15 06:11:35 |
| 9892 || 13.0835502212423 || 2012-10-11 12:19:53 |
| 9893 || -21.6283468222987 || 2012-09-24 13:44:57 |
| 9894 || 20.4956559703928 || 2012-11-03 11:15:50 |
| 9895 || 0.535036939803743 || 2018-03-14 20:38:02 |
| 9896 || 26.1598344394731 || 2012-07-08 14:32:39 |
| 9897 || -12.1889823904207 || 2013-03-01 08:16:20 |
| 9898 || 69.2765865100049 || 2014-07-27 08:52:21 |
| 9899 || 18.7793792069185 || 2015-04-03 19:33:30 |
| 9900 || -0.0121405387211828 || 2011-10-14 07:47:19 |
| 9901 || 18.4791228806576 || 2018-01-04 11:55:55 |
| 9902 || -24.4001503295526 || 2017-11-04 16:29:58 |
| 9903 || 39.2386335586629 || 2012-06-11 01:59:23 |
| 9904 || -7.10907398452446 || 2016-01-18 08:41:21 |
| 9905 || 0.0640396728167612 || 2013-03-26 11:18:09 |
| 9906 || -8.85833863659 || 2017-11-22 05:39:41 |
| 9907 || -24.860606421224 || 2012-12-25 14:03:20 |
| 9908 || -20.1645834370671 || 2017-04-03 22:56:20 |
| 9909 || 34.4672217251278 || 2017-11-19 05:38:36 |
| 9910 || 0.465459610921448 || 2017-12-04 02:01:21 |
| 9911 || -1.7743627758673 || 2014-05-08 19:22:00 |
| 9912 || 65.2355047856069 || 2014-06-08 08:33:07 |
| 9913 || 44.7590776939405 || 2010-10-20 05:51:36 |
| 9914 || 23.9355139805369 || 2010-06-08 22:40:37 |
| 9915 || 1.61225870713282 || 2010-10-16 14:39:12 |
| 9916 || -1.34031808739499 || 2019-08-21 04:12:28 |
| 9917 || -6.53109437797487 || 2016-10-03 11:53:04 |
| 9918 || -7.52058877494218 || 2010-10-06 18:05:06 |
| 9919 || 22.6314248858016 || 2010-12-11 17:33:45 |
| 9920 || 0.615315650643059 || 2011-03-06 11:47:56 |
| 9921 || 2.81678530921621 || 2012-08-23 03:59:44 |
| 9922 || -18.7205526501425 || 2011-01-19 09:42:59 |
| 9923 || 26.2686474105036 || 2012-12-25 20:54:16 |
| 9924 || -18.0658108240612 || 2015-05-04 16:01:25 |
| 9925 || 0.99252572230973 || 2012-01-10 03:14:24 |
| 9926 || 7.96802505099978 || 2013-04-02 10:32:01 |
| 9927 || -20.0795787975716 || 2014-06-23 22:24:14 |
| 9928 || 5.43438573636392 || 2015-03-09 06:43:20 |
| 9929 || -17.7484846512559 || 2011-07-24 11:48:40 |
| 9930 || 8.32482122047867 || 2010-06-14 15:00:09 |
| 9931 || -0.242627321760294 || 2016-10-13 06:14:22 |
| 9932 || -17.8425003312468 || 2011-12-15 09:29:44 |
| 9933 || -25.2219688831432 || 2015-10-04 07:30:44 |
| 9934 || -11.223048152012 || 2014-11-05 20:55:52 |
| 9935 || 13.1304003922626 || 2011-05-24 10:45:09 |
| 9936 || 1.242199180679 || 2018-05-02 05:31:47 |
| 9937 || 37.9072343771114 || 2016-04-23 09:36:38 |
| 9938 || -8.72446542293087 || 2016-02-14 14:36:33 |
| 9939 || -22.452230215486 || 2013-10-12 09:01:54 |
| 9940 || 10.6913675490114 || 2011-02-25 08:36:23 |
| 9941 || 1.03145582160557 || 2010-11-17 01:57:13 |
| 9942 || 39.516587763648 || 2010-07-18 01:33:45 |
| 9943 || 54.4673885855167 || 2018-12-15 14:13:21 |
| 9944 || 12.1013026798693 || 2019-12-22 01:57:21 |
| 9945 || 0.781699729611417 || 2010-02-09 02:22:24 |
| 9946 || 0.93315527172155 || 2010-05-24 03:14:27 |
| 9947 || -12.4166064452901 || 2016-08-11 23:37:48 |
| 9948 || 71.617199205545 || 2019-06-12 11:41:46 |
| 9949 || 53.5731457264563 || 2012-05-22 01:22:30 |
| 9950 || 26.2222385600834 || 2013-05-25 10:57:05 |
| 9951 || -0.0312610658419147 || 2011-04-26 10:55:57 |
| 9952 || 30.1101470496138 || 2016-03-12 12:46:10 |
| 9953 || 14.6277619792333 || 2019-02-02 07:18:37 |
| 9954 || 47.0880405165928 || 2012-03-20 02:37:45 |
| 9955 || 25.0397722173052 || 2018-02-06 17:32:04 |
| 9956 || 0.000917307979642784 || 2013-12-27 02:52:42 |
| 9957 || 19.4901664948756 || 2011-01-08 11:08:46 |
| 9958 || -14.9827066268892 || 2011-06-18 01:20:32 |
| 9959 || -20.6016057092569 || 2014-03-02 02:38:54 |
| 9960 || 34.8852010083257 || 2018-09-23 08:09:05 |
| 9961 || 0.344428547847771 || 2015-06-25 03:25:16 |
| 9962 || -3.9685078501922 || 2011-07-16 11:58:24 |
| 9963 || 71.7858637854816 || 2017-04-09 01:27:07 |
| 9964 || 86.4891693241012 || 2016-04-08 07:40:48 |
| 9965 || -0.641237123925962 || 2010-05-20 11:36:30 |
| 9966 || 1.59777856974895 || 2015-11-18 12:45:08 |
| 9967 || 16.1451172781559 || 2018-02-16 16:15:10 |
| 9968 || 70.9290416830682 || 2011-03-23 13:24:27 |
| 9969 || 44.9830270341493 || 2016-10-09 03:26:33 |
| 9970 || -3.72100163244468 || 2012-04-26 00:28:00 |
| 9971 || 3.28519107633217 || 2016-02-17 00:27:26 |
| 9972 || 11.7915476180648 || 2011-10-04 03:11:42 |
| 9973 || 8.27214203664501 || 2014-03-23 02:53:39 |
| 9974 || 81.245113275016 || 2013-01-18 16:59:50 |
| 9975 || 9.28014252288996 || 2010-10-18 21:19:51 |
| 9976 || 2.24588346460574 || 2015-11-10 23:54:29 |
| 9977 || 3.54336749328952 || 2017-10-02 19:10:53 |
| 9978 || 54.885744316526 || 2018-03-19 21:32:15 |
| 9979 || 87.2827288727597 || 2019-04-26 12:15:32 |
| 9980 || 47.6780719245919 || 2010-03-17 12:02:55 |
| 9981 || 3.04066486307897 || 2010-12-05 07:46:29 |
| 9982 || 6.96051319163343 || 2013-03-17 00:52:16 |
| 9983 || 13.633513015335 || 2016-07-18 07:43:42 |
| 9984 || 13.7430170771573 || 2014-12-27 19:35:56 |
| 9985 || 63.5239485879981 || 2018-03-12 14:45:39 |
| 9986 || 11.4327534579004 || 2018-11-25 23:33:44 |
| 9987 || -1.45734935500335 || 2013-06-01 02:57:28 |
| 9988 || 7.12920550729541 || 2010-04-17 02:13:11 |
| 9989 || -27.2896177406513 || 2013-12-07 22:57:29 |
| 9990 || -20.1776073305963 || 2015-12-23 13:23:28 |
| 9991 || 14.2672390500565 || 2017-10-07 01:17:53 |
| 9992 || 2.17864011284542 || 2014-10-04 07:13:47 |
| 9993 || 30.4085850785612 || 2014-12-06 04:00:10 |
| 9994 || 66.8595408059226 || 2017-04-15 08:03:14 |
| 9995 || -11.4571369323397 || 2015-11-06 08:15:19 |
| 9996 || 6.13975849381854 || 2014-07-17 10:45:31 |
| 9997 || 0.129601335201705 || 2010-01-26 10:46:50 |
| 9998 || -13.1966810649171 || 2017-10-04 05:36:47 |
| 9999 || -5.23719245761396 || 2012-09-13 15:31:05 |
| 10000 || 74.3447311652853 || 2013-04-10 06:57:45 |
| 10001 || -5.71293843704007 || 2010-12-23 01:54:10 |
| 10002 || 0.172522864513169 || 2014-11-24 06:38:27 |
| 10003 || 24.560956681639 || 2019-10-01 22:52:04 |
| 10004 || 1.13851337518603 || 2015-07-07 03:55:01 |
| 10005 || -26.7354145210595 || 2012-07-08 05:50:34 |
| 10006 || 16.5557217200366 || 2019-03-03 22:04:56 |
| 10007 || 3.33279879117682e-05 || 2014-08-03 23:16:16 |
| 10008 || 16.7793625801835 || 2017-07-13 11:25:22 |
| 10009 || -22.1598796655354 || 2010-06-24 03:06:07 |
| 10010 || 40.2352905570641 || 2015-09-07 14:26:30 |
| 10011 || 28.7215997559324 || 2019-03-22 14:12:29 |
| 10012 || -0.0658332228451875 || 2014-05-01 06:55:32 |
| 10013 || 15.2698473445063 || 2015-02-21 02:48:28 |
| 10014 || 36.7626768408659 || 2012-04-24 10:03:24 |
| 10015 || 14.3629356323284 || 2018-01-26 18:27:13 |
| 10016 || 40.9263378995187 || 2016-09-05 14:29:41 |
| 10017 || -0.4633149152886 || 2017-03-20 23:28:40 |
| 10018 || 16.1019967958307 || 2019-11-19 04:16:10 |
| 10019 || 6.18591126964424 || 2013-02-09 20:53:35 |
| 10020 || -29.3307854599868 || 2014-05-18 01:53:53 |
| 10021 || 26.4388538574471 || 2010-11-13 04:03:33 |
| 10022 || 3.03962156523926 || 2017-08-23 14:35:30 |
| 10023 || 8.88315385380724 || 2017-08-19 06:33:16 |
| 10024 || 59.9572105115368 || 2017-09-01 03:48:08 |
| 10025 || 78.2091328339857 || 2018-12-12 07:28:22 |
| 10026 || 25.476877114785 || 2011-01-14 03:27:12 |
| 10027 || 4.9054854745721 || 2018-10-06 19:32:12 |
| 10028 || 10.5155415130395 || 2012-07-20 08:19:26 |
| 10029 || -20.4673763882788 || 2019-07-04 09:44:26 |
| 10030 || 88.6937599839356 || 2015-08-19 16:28:01 |
| 10031 || 17.834421053148 || 2016-10-20 17:37:50 |
| 10032 || 6.99477896295296 || 2019-12-09 11:20:24 |
| 10033 || -2.72803709288062 || 2018-05-25 16:48:31 |
| 10034 || 54.2123344907902 || 2018-05-17 20:36:05 |
| 10035 || 66.7486077919875 || 2019-10-13 06:17:24 |
| 10036 || -12.2795441844516 || 2018-06-06 00:17:47 |
| 10037 || -0.981290737674586 || 2016-10-08 19:42:15 |
| 10038 || 3.06298211590085 || 2011-12-16 02:34:40 |
| 10039 || 31.9060927764215 || 2019-01-06 11:45:37 |
| 10040 || 70.6487865277384 || 2017-05-14 10:47:13 |
| 10041 || 59.4957340745219 || 2019-01-07 03:36:13 |
| 10042 || -4.51848656695695 || 2019-10-10 21:56:49 |
| 10043 || -0.755632846816399 || 2012-10-07 23:49:32 |
| 10044 || -5.411046930635 || 2017-06-24 10:52:47 |
| 10045 || 75.2271015042933 || 2019-08-16 07:46:20 |
| 10046 || 70.494608940185 || 2017-12-11 13:33:22 |
| 10047 || 17.3246080211504 || 2016-08-14 08:14:44 |
| 10048 || 1.28995867284243 || 2010-12-13 07:13:09 |
| 10049 || 31.1561439082867 || 2015-09-15 00:23:37 |
| 10050 || 58.4235114747106 || 2016-08-10 04:03:56 |
| 10051 || 39.591349163213 || 2014-09-22 08:45:01 |
| 10052 || 14.8553483285912 || 2010-08-24 01:26:43 |
| 10053 || -0.124026125581784 || 2010-06-24 03:59:29 |
| 10054 || -11.0579514709768 || 2019-08-12 07:26:30 |
| 10055 || 34.0649721768589 || 2016-10-16 00:33:48 |
| 10056 || 32.4415821771542 || 2017-12-23 22:51:42 |
| 10057 || 24.6020421407963 || 2018-01-02 12:11:19 |
| 10058 || -0.000293671355400301 || 2015-11-13 09:33:41 |
| 10059 || 4.40140813657859 || 2019-05-06 14:10:58 |
| 10060 || -26.2840658171414 || 2011-12-05 17:55:52 |
| 10061 || 60.8897888936206 || 2014-03-12 02:41:32 |
| 10062 || 27.1213513441403 || 2010-07-16 19:42:54 |
| 10063 || 0.139123968888067 || 2014-08-27 20:56:02 |
| 10064 || -4.0752042991731 || 2010-12-12 20:50:18 |
| 10065 || -24.0269297236064 || 2010-08-11 11:59:27 |
| 10066 || 28.1844901182398 || 2019-06-03 04:16:31 |
| 10067 || 4.56079731117828 || 2013-08-18 10:46:41 |
| 10068 || 1.20540719100784 || 2018-07-19 02:50:53 |
| 10069 || 15.0499005297131 || 2013-08-14 13:42:03 |
| 10070 || -13.8824486240341 || 2014-09-14 19:27:04 |
| 10071 || 64.0850051405549 || 2015-06-27 17:58:13 |
| 10072 || -1.60431601902131 || 2013-07-06 00:46:42 |
| 10073 || 1.88594689661912 || 2012-02-03 02:11:43 |
| 10074 || 12.8341886141927 || 2016-06-25 16:26:33 |
| 10075 || 3.02095592297044 || 2014-06-13 11:30:54 |
| 10076 || -10.0001214646591 || 2014-12-17 17:49:34 |
| 10077 || 24.7744823670503 || 2013-10-26 21:46:57 |
| 10078 || 2.71863580422788 || 2011-04-23 05:10:01 |
| 10079 || 2.14394960717189 || 2013-02-02 05:59:18 |
| 10080 || -11.5641530886914 || 2019-01-27 06:37:06 |
| 10081 || 79.1675369785189 || 2010-08-21 16:15:14 |
| 10082 || -5.10167509221732 || 2012-10-27 15:32:27 |
| 10083 || 2.43521470170603 || 2013-08-09 16:33:55 |
| 10084 || 6.63365190946957 || 2013-10-27 09:31:15 |
| 10085 || -17.7255700692483 || 2013-11-07 10:34:10 |
| 10086 || -25.3155178644768 || 2017-08-03 06:06:46 |
| 10087 || 50.0224043703421 || 2010-07-09 09:24:42 |
| 10088 || 2.51172204807517 || 2012-09-04 11:38:58 |
| 10089 || 3.05147964919242 || 2012-10-10 20:46:43 |
| 10090 || 49.8921805097657 || 2013-06-24 05:56:54 |
| 10091 || -26.5606425028429 || 2011-07-27 02:47:02 |
| 10092 || 11.982539427522 || 2019-07-08 22:22:21 |
| 10093 || -4.72214188355428 || 2010-10-15 05:35:48 |
| 10094 || 2.24613264579011 || 2018-12-17 00:57:16 |
| 10095 || 22.7457055893461 || 2016-12-12 21:47:34 |
| 10096 || 73.3967730440371 || 2017-10-20 07:04:46 |
| 10097 || 32.4406686595249 || 2011-04-11 04:02:06 |
| 10098 || 17.9400550154971 || 2018-08-14 19:48:02 |
| 10099 || -0.4142223140055 || 2015-02-19 10:44:38 |
| 10100 || 27.5700448299426 || 2017-09-20 06:21:57 |
| 10101 || 84.9556886210888 || 2015-10-26 07:17:45 |
| 10102 || 74.4806173634333 || 2013-11-06 00:11:16 |
| 10103 || 2.09381907534686 || 2012-06-18 05:55:14 |
| 10104 || 0.147438770660311 || 2016-11-14 17:05:00 |
| 10105 || -6.59278704987272 || 2013-06-18 08:49:38 |
| 10106 || -27.7604412319415 || 2012-07-14 04:28:23 |
| 10107 || -14.7645267688544 || 2015-08-01 19:42:07 |
| 10108 || -6.95436760434863 || 2014-08-26 05:48:02 |
| 10109 || 0.00604504506388551 || 2012-04-08 05:55:04 |
| 10110 || 1.9463398978793 || 2017-10-05 05:34:09 |
| 10111 || 61.9020772247956 || 2011-03-07 12:39:22 |
| 10112 || 17.9814309560034 || 2015-01-27 08:51:45 |
| 10113 || 26.6592635576454 || 2018-04-05 16:09:07 |
| 10114 || 0.102854102739295 || 2010-01-17 08:09:27 |
| 10115 || 14.8005675260258 || 2015-09-10 18:23:37 |
| 10116 || 58.1919418194071 || 2016-08-21 13:58:30 |
| 10117 || -28.2504172817083 || 2017-05-21 02:38:57 |
| 10118 || -2.44001472781195 || 2011-10-27 10:03:43 |
| 10119 || 0.999437075711102 || 2016-10-11 23:48:34 |
| 10120 || -6.99066184732539 || 2013-06-14 17:44:49 |
| 10121 || 6.90404206716132 || 2014-01-09 05:10:02 |
| 10122 || -16.7509976282373 || 2019-07-14 18:58:19 |
| 10123 || 42.5579976486525 || 2016-02-02 12:58:55 |
| 10124 || -0.498079603092578 || 2017-10-24 09:16:16 |
| 10125 || 3.31062022247347 || 2013-10-13 16:07:07 |
| 10126 || -5.08875701523415 || 2014-03-27 15:36:29 |
| 10127 || 87.8111771334702 || 2015-05-27 00:14:23 |
| 10128 || 5.03000229706611 || 2019-02-04 00:37:14 |
| 10129 || -1.31880185913421 || 2010-02-11 14:47:46 |
| 10130 || 5.63959866985895 || 2012-02-08 16:42:11 |
| 10131 || 51.824884687933 || 2016-07-08 04:13:23 |
| 10132 || 28.7769681273142 || 2013-10-27 12:46:24 |
| 10133 || -15.3207473526991 || 2014-11-13 04:40:46 |
| 10134 || 0.766742251979638 || 2013-01-19 12:49:31 |
| 10135 || 0.862776201480053 || 2010-10-22 16:12:29 |
| 10136 || 16.6376748869136 || 2015-04-16 01:06:11 |
| 10137 || -16.1708874216172 || 2019-07-05 09:52:40 |
| 10138 || 5.44375838855154 || 2017-10-09 10:05:08 |
| 10139 || -2.47560311401548 || 2016-06-02 02:56:33 |
| 10140 || -0.466587195112776 || 2014-07-17 10:20:49 |
| 10141 || 53.2953574196237 || 2012-05-05 11:06:29 |
| 10142 || 65.6177514535004 || 2014-02-07 09:49:55 |
| 10143 || 0.14899376199596 || 2019-03-22 02:56:38 |
| 10144 || 12.9382029969843 || 2011-04-17 23:03:36 |
| 10145 || 3.67910852524194 || 2010-11-03 23:57:38 |
| 10146 || 29.3386912566535 || 2016-04-06 07:05:29 |
| 10147 || -28.7316604799554 || 2012-06-14 14:52:42 |
| 10148 || 42.3538251207757 || 2014-05-25 08:25:42 |
| 10149 || -5.54652190556613 || 2012-10-16 18:48:41 |
| 10150 || -0.578545330514699 || 2016-09-26 22:53:07 |
| 10151 || 18.484545587339 || 2013-02-27 18:49:10 |
| 10152 || 86.461351102973 || 2015-05-09 18:39:33 |
| 10153 || 2.64734800314909 || 2013-09-26 04:02:32 |
| 10154 || 22.9169621410068 || 2018-12-16 09:48:05 |
| 10155 || 0.581390242241411 || 2018-08-09 02:38:25 |
| 10156 || 13.6786255435503 || 2016-10-25 12:33:24 |
| 10157 || 41.0162817305889 || 2012-06-24 14:00:42 |
| 10158 || 74.9773739695363 || 2012-03-01 09:17:55 |
| 10159 || -8.56514820925869 || 2017-04-03 13:46:48 |
| 10160 || 0.0618311283725953 || 2013-01-18 05:08:15 |
| 10161 || 31.9100335592925 || 2019-05-20 23:11:48 |
| 10162 || 41.0290842924392 || 2012-11-18 12:42:04 |
| 10163 || 81.2294079218439 || 2018-12-04 05:30:54 |
| 10164 || 0.703408848088599 || 2017-08-20 18:50:20 |
| 10165 || -0.00585246020452523 || 2018-04-02 07:12:38 |
| 10166 || 3.4075482375009 || 2011-11-20 19:47:06 |
| 10167 || 78.0764421072773 || 2016-05-08 21:43:26 |
| 10168 || 32.0060222738395 || 2014-08-23 15:44:47 |
| 10169 || 28.9978961156822 || 2019-09-09 07:36:35 |
| 10170 || 0.754049106345469 || 2019-04-25 19:15:11 |
| 10171 || 18.7620272988975 || 2017-06-08 13:02:37 |
| 10172 || -24.2045233131343 || 2015-11-07 08:37:26 |
| 10173 || -21.7693837283131 || 2015-01-01 13:22:53 |
| 10174 || -14.0632970817851 || 2015-12-15 01:33:17 |
| 10175 || -0.0775701259386508 || 2015-03-17 07:48:23 |
| 10176 || -5.54236849982437 || 2014-03-12 06:14:00 |
| 10177 || 9.16174691214712 || 2011-08-26 08:31:33 |
| 10178 || -11.0745871945683 || 2016-07-22 02:30:08 |
| 10179 || -14.6998719664105 || 2011-12-17 00:02:36 |
| 10180 || -1.24969608156884 || 2010-08-13 00:46:42 |
| 10181 || 5.28520196129845 || 2015-10-20 22:45:46 |
| 10182 || -20.8217541004337 || 2016-10-14 12:39:14 |
| 10183 || 77.8325812016187 || 2019-02-12 02:32:36 |
| 10184 || 22.2578474336277 || 2018-06-19 10:49:20 |
| 10185 || 6.61730877134182 || 2014-08-03 09:04:06 |
| 10186 || 7.4782161789991 || 2017-09-17 10:35:39 |
| 10187 || -19.1397031414412 || 2014-02-22 07:50:13 |
| 10188 || 64.4024501131195 || 2011-10-04 13:56:45 |
| 10189 || 5.78995478113726 || 2018-01-19 16:21:30 |
| 10190 || 9.76389630163115 || 2019-10-19 13:41:34 |
| 10191 || -0.871427745755215 || 2018-10-21 23:08:01 |
| 10192 || 51.4534122241726 || 2012-09-07 16:06:43 |
| 10193 || 42.97420117174 || 2010-08-08 12:30:31 |
| 10194 || -21.4974497978663 || 2019-04-10 22:55:05 |
| 10195 || -2.55880843123292 || 2011-07-07 22:53:58 |
| 10196 || 1.91885157522107 || 2012-03-23 07:00:27 |
| 10197 || 26.573823890902 || 2016-03-07 21:03:00 |
| 10198 || -28.6673606051848 || 2019-01-19 08:51:39 |
| 10199 || -19.0042183626919 || 2012-02-14 00:01:14 |
| 10200 || 8.20645965808532 || 2012-08-17 22:34:08 |
| 10201 || -0.0554598609850608 || 2011-03-15 00:17:51 |
| 10202 || 19.9706430483414 || 2012-09-03 01:07:22 |
| 10203 || -29.0423547464731 || 2011-02-17 21:13:19 |
| 10204 || -21.0994763297801 || 2013-10-22 18:07:35 |
| 10205 || 16.365051321569 || 2013-12-06 06:06:46 |
| 10206 || 0.122221024106134 || 2015-12-25 18:28:50 |
| 10207 || 35.2536545553123 || 2015-09-13 17:53:16 |
| 10208 || 61.5491436367995 || 2012-01-03 04:37:18 |
| 10209 || -13.7389168256139 || 2016-05-22 00:40:04 |
| 10210 || 14.5341455660815 || 2019-05-26 08:54:23 |
| 10211 || -0.0404712401635498 || 2019-10-27 01:51:38 |
| 10212 || 17.4924274978136 || 2018-06-09 20:11:32 |
| 10213 || 36.5768353232256 || 2019-07-15 13:29:57 |
| 10214 || -26.0610622600322 || 2012-04-25 20:17:24 |
| 10215 || -10.3068758567905 || 2014-12-21 11:41:06 |
| 10216 || 0.00256932849320387 || 2018-01-22 08:58:57 |
| 10217 || 28.0058792248529 || 2015-09-08 18:18:54 |
| 10218 || 3.97242431924874 || 2019-02-03 06:03:47 |
| 10219 || 80.5410012899048 || 2013-09-11 03:29:22 |
| 10220 || 34.7892107611642 || 2019-04-24 15:08:30 |
| 10221 || 0.523163596734523 || 2011-09-25 04:06:15 |
| 10222 || -5.2071925402357 || 2010-09-16 07:03:29 |
| 10223 || 64.7970879108818 || 2019-06-07 08:10:56 |
| 10224 || 50.8042613949638 || 2019-02-22 07:05:38 |
| 10225 || -13.8685345875951 || 2015-11-02 13:05:21 |
| 10226 || 0.315709797685631 || 2015-06-25 16:14:46 |
| 10227 || -0.0381627728125757 || 2015-06-22 17:18:18 |
| 10228 || 22.9590797433866 || 2013-06-20 16:01:10 |
| 10229 || -16.4605314250599 || 2011-11-02 00:12:18 |
| 10230 || 4.44113234998958 || 2018-07-18 19:23:34 |
| 10231 || -0.476591566270915 || 2018-08-13 01:07:30 |
| 10232 || -3.99243840632319 || 2016-04-06 18:51:06 |
| 10233 || 32.2226731329997 || 2019-04-01 21:57:40 |
| 10234 || 46.5405176821625 || 2012-02-16 08:15:06 |
| 10235 || 44.9159618136929 || 2012-02-06 07:33:35 |
| 10236 || -1.88339715035227 || 2014-09-09 06:07:01 |
| 10237 || -2.5393488585407 || 2019-03-07 13:17:36 |
| 10238 || 26.1167125654526 || 2011-02-19 10:01:28 |
| 10239 || 84.2039965208648 || 2010-06-17 09:17:38 |
| 10240 || 40.8673707234766 || 2012-05-04 23:21:48 |
| 10241 || 0.545713759056622 || 2017-09-21 15:50:25 |
| 10242 || 6.45040904482457 || 2012-02-08 04:01:06 |
| 10243 || 44.789026979581 || 2018-01-13 23:29:45 |
| 10244 || 72.1106638571301 || 2019-09-24 01:37:09 |
| 10245 || -10.7045766267735 || 2013-08-08 00:46:31 |
| 10246 || -4.18618592314869 || 2016-08-03 22:51:38 |
| 10247 || 1.43167234388565 || 2010-05-18 04:59:51 |
| 10248 || 40.8157386455393 || 2018-06-09 15:23:54 |
| 10249 || 86.8068181854636 || 2017-03-09 05:32:45 |
| 10250 || -19.347131710183 || 2015-07-01 07:14:31 |
| 10251 || -4.91531325675037 || 2014-04-27 18:47:47 |
| 10252 || -0.0307836919151902 || 2013-02-21 05:07:45 |
| 10253 || 10.284324838254 || 2017-01-01 03:56:50 |
| 10254 || 54.0263181938417 || 2019-01-24 18:50:13 |
| 10255 || -1.16823319732187 || 2018-03-15 01:51:16 |
| 10256 || 21.1179500686921 || 2014-12-15 09:31:14 |
| 10257 || 0.92422926357115 || 2011-06-24 22:34:46 |
| 10258 || -0.853655927428453 || 2013-08-24 22:33:56 |
| 10259 || -24.5399580299644 || 2016-09-15 17:57:59 |
| 10260 || -20.4550662812925 || 2019-06-13 05:00:20 |
| 10261 || 17.010899816361 || 2015-11-24 19:04:10 |
| 10262 || -0.0735326769454028 || 2019-04-16 04:19:51 |
| 10263 || 28.6603388182652 || 2012-03-07 13:51:49 |
| 10264 || -18.2609689269736 || 2018-04-26 02:39:00 |
| 10265 || 71.8700105363445 || 2016-10-25 00:49:55 |
| 10266 || 12.8468858985416 || 2015-06-22 09:28:50 |
| 10267 || -0.0027108137760985 || 2019-08-02 15:27:34 |
| 10268 || 26.5103574700124 || 2014-05-19 15:48:31 |
| 10269 || 66.810441340766 || 2010-01-21 20:34:16 |
| 10270 || 33.7349081145758 || 2018-11-20 11:16:41 |
| 10271 || 33.0621878861486 || 2019-12-09 13:06:51 |
| 10272 || 0.432368402092569 || 2014-08-27 02:57:12 |
| 10273 || 22.9678696794767 || 2016-11-03 00:09:52 |
| 10274 || 25.3146334780117 || 2015-02-09 04:02:48 |
| 10275 || -28.6745089726603 || 2017-07-27 23:54:21 |
| 10276 || -13.3162295595836 || 2016-04-14 00:53:13 |
| 10277 || 0.146200826167787 || 2015-04-06 11:03:02 |
| 10278 || 6.73537967065697 || 2013-09-20 20:35:28 |
| 10279 || -17.9421346031787 || 2012-08-23 06:51:26 |
| 10280 || 86.8328553789035 || 2016-09-11 00:58:58 |
| 10281 || 30.9254904945969 || 2014-08-14 14:41:03 |
| 10282 || -0.785845448352587 || 2013-01-09 18:25:01 |
| 10283 || 15.2196151318668 || 2013-04-20 02:36:41 |
| 10284 || 36.7888103624436 || 2015-10-22 18:01:09 |
| 10285 || -25.2864275768743 || 2017-03-03 09:07:10 |
| 10286 || 51.0327146850024 || 2019-12-02 00:37:29 |
| 10287 || 5.50499651177957 || 2016-05-04 18:11:49 |
| 10288 || 2.24757990494445 || 2014-04-04 20:06:08 |
| 10289 || 59.1293431076067 || 2017-09-16 12:20:50 |
| 10290 || -9.02933914103296 || 2018-11-06 14:42:20 |
| 10291 || 37.3797988200383 || 2019-01-09 14:43:16 |
| 10292 || -1.26285932254953 || 2014-05-04 10:34:21 |
| 10293 || 1.25268117983853 || 2019-08-01 12:31:44 |
| 10294 || 2.11247269483243 || 2018-07-05 12:01:25 |
| 10295 || -29.666253399133 || 2014-10-02 23:45:57 |
| 10296 || 7.58439445489658 || 2011-06-15 09:05:46 |
| 10297 || -2.20061111640437 || 2019-08-21 16:35:12 |
| 10298 || 1.68299346677132 || 2011-05-04 03:34:46 |
| 10299 || 50.5208094832419 || 2016-09-17 17:15:10 |
| 10300 || 52.49130427824 || 2016-08-10 09:47:46 |
| 10301 || 20.2237577593572 || 2015-02-01 04:48:53 |
| 10302 || -3.03845874535802 || 2012-08-25 23:21:43 |
| 10303 || -0.568069685467928 || 2018-07-10 03:30:23 |
| 10304 || -13.0004493942213 || 2015-10-02 17:32:13 |
| 10305 || 86.0707901146479 || 2014-05-24 16:18:10 |
| 10306 || 31.9986699973674 || 2013-12-03 23:43:54 |
| 10307 || 19.2121055925072 || 2014-03-01 02:57:27 |
| 10308 || 1.32064550330233 || 2012-09-23 07:25:54 |
| 10309 || 27.0462527041154 || 2013-07-17 05:16:21 |
| 10310 || 10.7656903229889 || 2013-09-03 10:28:56 |
| 10311 || 61.5993671862884 || 2017-10-10 21:39:42 |
| 10312 || 9.95871050339141 || 2011-10-22 11:18:27 |
| 10313 || 0.309237186159745 || 2015-07-16 11:06:27 |
| 10314 || -10.6702309034629 || 2016-04-19 12:08:58 |
| 10315 || -27.7341617085038 || 2018-02-15 01:21:39 |
| 10316 || -8.52053284502406 || 2017-10-04 06:50:24 |
| 10317 || 24.6589378200586 || 2013-11-15 02:40:28 |
| 10318 || 2.20697595780599e-06 || 2015-08-07 01:31:00 |
| 10319 || 23.682499812552 || 2014-06-12 15:41:33 |
| 10320 || 19.1325253461843 || 2018-09-26 01:52:35 |
| 10321 || 8.66714113088647 || 2011-08-20 10:03:36 |
| 10322 || 34.0607745605363 || 2019-09-15 19:19:03 |
| 10323 || 0.230622398658505 || 2010-01-25 20:25:57 |
| 10324 || 16.1518782634228 || 2010-04-21 10:01:50 |
| 10325 || 0.451653487294027 || 2014-05-12 21:16:50 |
| 10326 || -11.3206464111834 || 2013-04-22 17:50:19 |
| 10327 || 31.0011414105975 || 2019-05-14 09:03:04 |
| 10328 || -0.18264920703297 || 2010-09-24 13:40:35 |
| 10329 || 3.34471114100579 || 2011-12-16 22:01:43 |
| 10330 || -11.369685236108 || 2018-07-17 18:56:29 |
| 10331 || -19.7404263798669 || 2017-02-21 15:47:57 |
| 10332 || 45.48672541938 || 2010-07-09 08:55:40 |
| 10333 || -0.542819695679964 || 2015-09-02 10:35:02 |
| 10334 || 8.81648075589449 || 2010-06-04 07:15:00 |
| 10335 || -1.51689898941421 || 2012-04-21 15:52:21 |
| 10336 || 42.090967575657 || 2017-03-26 11:18:00 |
| 10337 || 6.63742406910417 || 2019-07-24 15:08:47 |
| 10338 || 4.68192497348654 || 2011-04-09 15:40:52 |
| 10339 || -1.24313118440686 || 2011-04-17 01:15:49 |
| 10340 || 50.3943262097414 || 2019-08-14 12:11:13 |
| 10341 || -15.0014683978708 || 2015-03-04 02:23:34 |
| 10342 || 1.33997211846884 || 2015-01-04 13:53:22 |
| 10343 || 4.27208350917185 || 2016-09-07 23:19:30 |
| 10344 || -0.131264956119114 || 2010-08-07 13:19:03 |
| 10345 || 39.5935722807937 || 2017-09-23 20:58:29 |
| 10346 || 36.4557206667298 || 2016-07-24 16:27:27 |
| 10347 || 47.9081184943178 || 2010-05-11 07:01:18 |
| 10348 || -3.50191653137279 || 2015-02-04 06:33:08 |
| 10349 || 5.28982337154921 || 2018-05-13 01:58:22 |
| 10350 || 11.0508770628535 || 2015-02-13 21:00:26 |
| 10351 || -15.2404628317583 || 2011-07-20 23:43:16 |
| 10352 || -21.003008135359 || 2016-08-15 23:50:07 |
| 10353 || 2.18732941134648 || 2010-12-11 08:21:03 |
| 10354 || 3.3105809868467 || 2018-03-07 22:37:45 |
| 10355 || 30.8245769565067 || 2010-05-19 07:19:11 |
| 10356 || 15.8198872003321 || 2019-09-13 13:45:24 |
| 10357 || -23.2321904736975 || 2014-04-27 19:20:46 |
| 10358 || -3.2690395542973 || 2014-10-08 18:36:24 |
| 10359 || 0.726328459840041 || 2011-09-03 20:31:57 |
| 10360 || -8.12058850806385 || 2012-10-05 03:18:12 |
| 10361 || 71.6125763738707 || 2013-09-03 06:12:47 |
| 10362 || -10.996924608102 || 2017-03-07 16:30:25 |
| 10363 || -1.43868067245331 || 2016-07-13 05:37:53 |
| 10364 || -0.0956102160173776 || 2012-08-13 19:49:39 |
| 10365 || 33.8099640051688 || 2015-07-21 02:56:46 |
| 10366 || 83.4928939418875 || 2011-06-04 07:07:10 |
| 10367 || 31.0381856866178 || 2017-10-15 17:33:35 |
| 10368 || 2.17647103482862 || 2011-04-18 22:54:47 |
| 10369 || -0.00433032827772196 || 2015-07-11 18:41:28 |
| 10370 || 19.9671259898867 || 2017-02-15 05:39:16 |
| 10371 || -22.2474519331596 || 2011-01-13 14:35:45 |
| 10372 || 9.81367062982828 || 2013-07-17 02:35:07 |
| 10373 || 33.8442896387809 || 2013-10-16 16:14:27 |
| 10374 || -0.0418811229698782 || 2014-07-15 15:35:57 |
| 10375 || 20.296698013449 || 2014-03-01 20:34:18 |
| 10376 || 69.4154018787278 || 2016-06-15 14:13:47 |
| 10377 || -8.84964802020879 || 2014-01-19 11:49:10 |
| 10378 || 35.6495499152383 || 2013-11-21 11:48:41 |
| 10379 || 0.349221534106701 || 2016-09-20 01:33:44 |
| 10380 || -7.0705921034051 || 2012-04-06 19:11:06 |
| 10381 || -16.5786102757526 || 2011-10-15 07:45:51 |
| 10382 || 75.4515905926774 || 2011-06-04 06:41:21 |
| 10383 || -9.97160389513205 || 2014-11-25 08:37:10 |
| 10384 || -0.440435377928063 || 2010-06-10 06:03:27 |
| 10385 || 7.42196572648664 || 2015-04-20 12:54:37 |
| 10386 || 51.0459814858007 || 2015-03-20 17:22:05 |
| 10387 || 43.7584233331643 || 2018-12-06 22:01:16 |
| 10388 || -2.07237098439428 || 2012-07-16 00:10:44 |
| 10389 || -0.586116591440371 || 2014-04-10 14:17:23 |
| 10390 || 12.6491983648914 || 2012-03-07 12:31:45 |
| 10391 || 46.7342488859226 || 2019-09-25 15:26:56 |
| 10392 || 78.5969830156838 || 2014-12-26 16:56:00 |
| 10393 || -4.07629288194425 || 2019-02-18 07:20:30 |
| 10394 || 4.70648267433769 || 2017-11-20 09:47:32 |
| 10395 || 7.1705366809334 || 2019-12-24 00:16:47 |
| 10396 || -11.0387842146359 || 2019-03-27 11:38:15 |
| 10397 || 68.7947972332299 || 2011-06-06 04:59:07 |
| 10398 || 59.9402765392337 || 2014-07-23 13:31:46 |
| 10399 || -2.95507465859954 || 2019-12-24 23:29:44 |
| 10400 || -0.673228941574045 || 2010-06-26 19:06:55 |
| 10401 || -3.60837093313215 || 2018-11-04 15:50:06 |
| 10402 || -6.16606178360946 || 2017-07-11 20:32:50 |
| 10403 || 54.5704792236319 || 2014-05-22 14:40:58 |
| 10404 || -3.03547874891748 || 2015-08-22 08:51:20 |
| 10405 || 3.69248444844793 || 2016-04-22 02:30:57 |
| 10406 || 20.5919365209975 || 2011-09-13 14:06:37 |
| 10407 || 68.6770295112751 || 2010-08-22 02:56:48 |
| 10408 || 68.6558680244884 || 2013-05-14 09:24:53 |
| 10409 || 17.8835084040817 || 2017-06-16 02:07:44 |
| 10410 || 0.952105001794906 || 2014-09-14 06:31:36 |
| 10411 || 42.772251576675 || 2011-11-26 03:26:54 |
| 10412 || 85.4287800396206 || 2019-09-01 13:01:04 |
| 10413 || 64.1581879306309 || 2015-02-03 14:29:13 |
| 10414 || 20.7815978127962 || 2011-01-27 11:00:09 |
| 10415 || 0.571422589975517 || 2010-07-10 07:42:30 |
| 10416 || 18.9002886805223 || 2014-04-04 09:33:29 |
| 10417 || 47.601301949248 || 2010-05-05 22:47:12 |
| 10418 || 0.718916446402081 || 2017-10-10 05:39:27 |
| 10419 || -8.49129578444258 || 2012-07-06 16:05:06 |
| 10420 || -0.0158715817106717 || 2017-08-17 14:55:18 |
| 10421 || 24.2156764704324 || 2010-11-19 21:28:32 |
| 10422 || -27.1213306152367 || 2014-09-26 16:06:56 |
| 10423 || -14.1758395477241 || 2014-02-02 09:23:54 |
| 10424 || -11.0807762854051 || 2017-09-01 20:02:37 |
| 10425 || 0.0234424773828434 || 2012-12-12 00:23:24 |
| 10426 || 26.5790568296511 || 2017-07-18 11:10:09 |
| 10427 || -25.4079629273336 || 2011-03-10 21:01:43 |
| 10428 || 0.368252584588633 || 2014-07-02 03:24:30 |
| 10429 || 5.67270575609872 || 2013-08-10 02:50:36 |
| 10430 || -0.189324132600145 || 2015-11-04 19:34:53 |
| 10431 || -6.61069410981271 || 2018-03-01 15:08:30 |
| 10432 || -24.3536799409481 || 2010-04-05 07:26:09 |
| 10433 || 73.1725722599229 || 2014-07-16 10:18:40 |
| 10434 || 25.6349608559594 || 2015-01-07 11:10:34 |
| 10435 || -0.214436896077327 || 2015-10-01 02:42:41 |
| 10436 || 16.774320239778 || 2014-01-01 13:15:36 |
| 10437 || 50.6285953324941 || 2019-04-25 19:44:07 |
| 10438 || 24.2840300601262 || 2012-01-16 01:57:11 |
| 10439 || -16.4704621028203 || 2010-01-23 23:23:05 |
| 10440 || -0.863670298716151 || 2014-04-16 22:55:08 |
| 10441 || 10.1064209619863 || 2014-10-04 05:41:19 |
| 10442 || 52.4087561388509 || 2018-08-20 22:50:57 |
| 10443 || 15.5010428618508 || 2019-09-07 14:53:21 |
| 10444 || 51.5155646389391 || 2018-10-14 02:30:48 |
| 10445 || 6.51152642061336 || 2016-02-18 16:01:47 |
| 10446 || 9.85583469200245 || 2017-06-10 14:02:27 |
| 10447 || -17.7902876795582 || 2011-12-03 04:33:14 |
| 10448 || 89.8677484775232 || 2015-01-01 07:23:04 |
| 10449 || -16.9178328261123 || 2010-09-25 10:22:26 |
| 10450 || 9.74278569573912 || 2018-04-06 15:26:24 |
| 10451 || 0.669507771977338 || 2011-08-27 01:14:06 |
| 10452 || -18.1653215411499 || 2013-08-01 11:31:48 |
| 10453 || -25.1224504625747 || 2017-10-18 08:18:35 |
| 10454 || 17.5696513723038 || 2013-11-20 07:22:28 |
| 10455 || 8.80100451475514 || 2013-11-09 16:49:06 |
| 10456 || 4.01875823934251 || 2010-06-17 04:16:25 |
| 10457 || -9.15210125323077 || 2015-06-08 20:49:53 |
| 10458 || 70.1881159330617 || 2016-08-12 00:07:43 |
| 10459 || -15.0659510616597 || 2017-07-27 02:18:31 |
| 10460 || 17.7569055020763 || 2014-04-24 04:13:19 |
| 10461 || 1.37644866664276 || 2017-07-03 14:52:28 |
| 10462 || 40.2599960171747 || 2014-04-22 19:26:41 |
| 10463 || 80.2019718687486 || 2019-03-19 12:44:06 |
| 10464 || 71.7923451444348 || 2012-12-26 10:40:25 |
| 10465 || 19.6871839174286 || 2018-12-24 07:06:44 |
| 10466 || 0.28843122045773 || 2019-08-22 02:00:05 |
| 10467 || 31.1005800879159 || 2019-01-07 18:06:43 |
| 10468 || -25.8498016479468 || 2017-10-20 14:55:05 |
| 10469 || -25.5834121695042 || 2018-01-10 10:34:55 |
| 10470 || 26.7535938490278 || 2017-12-09 16:16:49 |
| 10471 || -0.0279753142727113 || 2014-07-03 11:45:09 |
| 10472 || 30.0894471664126 || 2019-05-20 06:13:47 |
| 10473 || -24.0089002022092 || 2019-10-12 00:00:10 |
| 10474 || -26.4513581715675 || 2012-08-12 23:49:47 |
| 10475 || 1.83015308059252 || 2014-04-26 03:55:33 |
| 10476 || -0.00445959973673851 || 2018-04-18 23:45:46 |
| 10477 || 7.2243689965176 || 2013-04-11 09:54:25 |
| 10478 || 48.4235353899064 || 2016-10-01 19:27:46 |
| 10479 || -9.83623731922294 || 2018-09-04 15:58:15 |
| 10480 || -9.17686740764476 || 2018-02-12 10:13:36 |
| 10481 || 0.128384249711507 || 2012-07-17 04:27:56 |
| 10482 || 13.6627131485625 || 2018-03-09 13:42:42 |
| 10483 || -3.81928711287373 || 2018-08-12 03:59:20 |
| 10484 || 21.7289623854308 || 2014-01-24 02:23:43 |
| 10485 || 11.8961617044244 || 2015-03-24 11:38:07 |
| 10486 || 0.459202699179448 || 2015-04-23 03:07:59 |
| 10487 || 4.31346352091442 || 2016-01-09 08:11:34 |
| 10488 || 5.51160457341296 || 2013-04-11 16:19:52 |
| 10489 || -4.52093509964965 || 2014-08-17 03:47:19 |
| 10490 || 5.86976852231639 || 2012-01-12 03:09:10 |
| 10491 || 3.78307312658412 || 2011-01-20 06:28:48 |
| 10492 || 12.2259363130614 || 2014-09-20 09:25:03 |
| 10493 || 65.7281066078378 || 2016-10-11 11:06:38 |
| 10494 || -28.6062968570625 || 2014-11-12 09:06:18 |
| 10495 || 46.1684570243357 || 2019-05-05 02:13:14 |
| 10496 || 4.79560018460591 || 2017-02-25 14:44:42 |
| 10497 || -2.46656632688338 || 2015-02-05 14:38:44 |
| 10498 || -9.36224745582282 || 2016-12-01 10:51:43 |
| 10499 || 72.3534409901059 || 2014-09-06 19:36:23 |
| 10500 || 46.551242582425 || 2016-07-26 20:17:45 |
| 10501 || -0.05608742434658 || 2010-04-16 07:26:22 |
| 10502 || 6.58719693992397 || 2016-02-06 13:44:30 |
| 10503 || 50.6429297023286 || 2016-12-27 10:16:47 |
| 10504 || 89.6181354219025 || 2013-04-03 10:53:35 |
| 10505 || -0.0370742952840217 || 2012-08-16 11:46:53 |
| 10506 || -2.81435545604474 || 2019-09-13 01:00:09 |
| 10507 || 4.06726153220197 || 2011-08-27 20:00:49 |
| 10508 || 50.2078810273789 || 2017-11-15 09:20:06 |
| 10509 || -27.9920605826436 || 2017-10-04 08:32:19 |
| 10510 || -20.6688767215582 || 2017-04-04 20:23:37 |
| 10511 || 0.594939300124887 || 2018-05-10 00:42:48 |
| 10512 || -0.788647267411285 || 2015-02-24 01:19:37 |
| 10513 || 44.5928792082455 || 2010-10-11 01:32:05 |
| 10514 || 16.1793305604357 || 2018-02-05 07:33:23 |
| 10515 || -13.5862619978076 || 2013-06-18 02:27:41 |
| 10516 || 14.5053924060018 || 2014-10-19 19:22:49 |
| 10517 || 0.519292271671701 || 2014-03-03 14:12:43 |
| 10518 || -6.93584235804325 || 2012-03-22 01:55:34 |
| 10519 || 71.3114144889858 || 2016-07-07 01:12:04 |
| 10520 || 70.6856229932224 || 2014-07-06 16:13:35 |
| 10521 || 23.9652790902652 || 2019-07-13 14:22:09 |
| 10522 || -0.0413390116091609 || 2019-03-20 22:20:32 |
| 10523 || -11.3403245510939 || 2014-07-11 16:10:32 |
| 10524 || 82.2372991255009 || 2016-02-10 22:43:19 |
| 10525 || -14.7257746422133 || 2016-03-15 01:09:10 |
| 10526 || 23.1411563400394 || 2018-02-02 08:46:34 |
| 10527 || 0.00224622381059504 || 2011-06-12 06:59:57 |
| 10528 || -2.1845860399165 || 2011-04-03 11:11:35 |
| 10529 || 18.9248211596237 || 2014-02-03 07:59:22 |
| 10530 || -1.34048095256397 || 2017-10-16 17:42:47 |
| 10531 || -1.24281618075318 || 2016-02-23 16:47:30 |
| 10532 || 0.400267995611977 || 2018-12-03 12:32:14 |
| 10533 || 8.15450987457617 || 2019-09-22 05:44:18 |
| 10534 || 3.15485747681419 || 2015-09-26 01:10:23 |
| 10535 || 76.0416090682749 || 2016-09-25 20:25:13 |
| 10536 || -10.182779253848 || 2019-10-04 15:01:52 |
| 10537 || 0.744526644697985 || 2018-02-17 15:18:59 |
| 10538 || -5.7296126214667 || 2017-08-20 22:17:16 |
| 10539 || 10.9984427248591 || 2014-01-02 22:25:59 |
| 10540 || -23.8433687977155 || 2014-01-15 16:27:56 |
| 10541 || 31.3200033886922 || 2010-11-16 15:02:19 |
| 10542 || -0.865987003006379 || 2017-05-02 01:51:49 |
| 10543 || -2.85980722013083 || 2014-07-14 23:19:55 |
| 10544 || -0.0610175413562194 || 2019-04-01 19:41:08 |
| 10545 || -29.7951133486238 || 2016-03-22 04:48:36 |
| 10546 || 11.3365456082992 || 2011-06-12 11:39:37 |
| 10547 || 2.27631016412644 || 2017-01-17 20:07:46 |
| 10548 || -2.149738454827 || 2012-01-15 13:14:04 |
| 10549 || -2.11529486916265 || 2010-05-18 01:14:31 |
| 10550 || 77.8576898794408 || 2011-06-07 18:56:25 |
| 10551 || -11.2778289475431 || 2014-10-18 16:56:53 |
| 10552 || 0.168336695015074 || 2019-06-27 11:05:37 |
| 10553 || -1.15638840231031 || 2018-11-16 03:57:19 |
| 10554 || 21.8147210107856 || 2010-03-26 04:02:02 |
| 10555 || 79.0913562858945 || 2012-01-10 18:56:12 |
| 10556 || 19.3463150125349 || 2010-07-22 12:24:34 |
| 10557 || 6.16507166727885 || 2016-05-02 04:33:12 |
| 10558 || -0.103065181147394 || 2018-02-18 23:55:47 |
| 10559 || 51.2171696540641 || 2014-08-24 10:25:28 |
| 10560 || 38.6687533558498 || 2012-01-21 18:54:20 |
| 10561 || -2.38291481594499 || 2015-03-25 10:40:08 |
| 10562 || 0.293524484430195 || 2018-04-02 23:14:30 |
| 10563 || -0.0037202919136441 || 2011-04-11 00:56:41 |
| 10564 || 11.412124480279 || 2010-04-22 22:22:38 |
| 10565 || 86.1373597846982 || 2011-02-19 08:40:50 |
| 10566 || -4.01578053116053 || 2018-02-12 08:37:53 |
| 10567 || -3.0432130795694 || 2018-09-22 06:31:28 |
| 10568 || 1.24529973751849 || 2014-02-16 21:24:28 |
| 10569 || -11.6727147372213 || 2014-09-11 18:27:35 |
| 10570 || 57.5492545562465 || 2013-01-24 10:20:52 |
| 10571 || -22.8024434655392 || 2011-07-13 20:37:33 |
| 10572 || 19.2963544805236 || 2011-09-26 12:12:02 |
| 10573 || 0.180342008711074 || 2011-12-27 00:28:26 |
| 10574 || 19.363433473551 || 2015-02-23 01:36:48 |
| 10575 || -26.7364983964758 || 2010-11-18 03:36:09 |
| 10576 || 29.9560986843728 || 2018-11-19 02:59:14 |
| 10577 || -10.0564731139083 || 2017-08-09 10:24:39 |
| 10578 || -0.000223094893295823 || 2017-01-15 00:45:19 |
| 10579 || 19.7583135503968 || 2012-02-09 13:09:40 |
| 10580 || -25.964465404753 || 2017-04-12 13:29:23 |
| 10581 || 64.556269809242 || 2012-01-05 18:29:43 |
| 10582 || 4.33440775827527 || 2015-07-13 23:19:45 |
| 10583 || -0.112114602740448 || 2013-07-05 22:03:57 |
| 10584 || -5.46507215851717 || 2018-01-19 07:18:50 |
| 10585 || 17.2899639210491 || 2019-01-10 04:50:08 |
| 10586 || -25.5487446073085 || 2019-09-22 02:51:19 |
| 10587 || 13.9203518971505 || 2016-03-22 04:07:11 |
| 10588 || 0.840148033003897 || 2010-11-20 16:50:19 |
| 10589 || 20.004664845979 || 2010-12-07 13:41:15 |
| 10590 || 12.9784714756273 || 2010-11-07 02:01:56 |
| 10591 || 18.767971583039 || 2011-11-14 12:20:29 |
| 10592 || 17.9527713125812 || 2012-11-10 05:55:01 |
| 10593 || -0.0396163830072505 || 2010-02-13 06:54:20 |
| 10594 || -0.992379926462043 || 2011-08-21 03:05:28 |
| 10595 || 34.7465657105106 || 2014-12-12 03:25:04 |
| 10596 || 38.7810007877303 || 2016-01-03 20:56:01 |
| 10597 || -5.04758172237884 || 2014-07-11 22:52:38 |
| 10598 || 5.2757967060839 || 2010-06-24 20:09:31 |
| 10599 || -2.92597119980946 || 2018-01-11 22:38:19 |
| 10600 || -20.7648132589299 || 2010-01-06 04:30:12 |
| 10601 || 17.5426973763284 || 2010-10-14 09:21:47 |
| 10602 || 53.9079982054545 || 2015-10-27 06:15:09 |
| 10603 || 7.33314567932799 || 2011-08-20 06:36:01 |
| 10604 || -2.16344803827026 || 2012-07-08 12:34:20 |
| 10605 || 55.1098643349514 || 2013-10-01 06:20:29 |
| 10606 || 87.1811202833033 || 2013-06-19 04:20:21 |
| 10607 || 11.6457557938539 || 2014-10-25 13:52:12 |
| 10608 || 11.0932934124565 || 2012-03-22 14:18:02 |
| 10609 || 5.1479006512719 || 2011-12-01 13:57:45 |
| 10610 || -10.3308018784339 || 2011-07-01 02:25:11 |
| 10611 || 18.17630099215 || 2015-10-03 17:01:14 |
| 10612 || 54.3458845724143 || 2015-11-16 08:12:52 |
| 10613 || 6.20039043738025 || 2010-12-09 13:45:56 |
| 10614 || 1.13694804672145 || 2019-07-05 11:13:55 |
| 10615 || 13.2011158213787 || 2018-08-04 14:13:14 |
| 10616 || 8.63609140075165 || 2013-05-23 14:46:53 |
| 10617 || 68.9385740473699 || 2012-12-25 10:59:02 |
| 10618 || 13.6976162253819 || 2013-02-24 12:54:03 |
| 10619 || -0.500739701194263 || 2015-02-11 11:51:30 |
| 10620 || 22.8852881703326 || 2019-04-02 19:23:59 |
| 10621 || -8.41694433083068 || 2010-02-01 23:39:13 |
| 10622 || -20.4037096083428 || 2016-04-26 03:04:28 |
| 10623 || 24.3408491509855 || 2011-11-08 07:17:06 |
| 10624 || 0.295342683777232 || 2010-03-26 04:02:30 |
| 10625 || 5.17489877928312 || 2019-11-26 06:30:09 |
| 10626 || 82.8995530940762 || 2011-08-12 17:44:53 |
| 10627 || -26.49324238908 || 2016-11-12 15:34:16 |
| 10628 || 22.8586577729255 || 2010-06-04 05:49:10 |
| 10629 || -0.00226722274282243 || 2017-12-17 23:19:46 |
| 10630 || 7.74674584527786 || 2014-04-05 00:15:04 |
| 10631 || -14.4267594918389 || 2011-07-10 14:33:50 |
| 10632 || 80.8819652058263 || 2012-06-26 19:17:47 |
| 10633 || 24.2454337640624 || 2012-03-17 19:50:35 |
| 10634 || 0.203921241430598 || 2010-08-12 19:48:17 |
| 10635 || 3.13142180641279 || 2019-07-19 22:04:35 |
| 10636 || 5.91686919157264 || 2014-07-02 03:50:03 |
| 10637 || 23.43 || 2020-01-08 20:20:22 |
| 10638 || 11.251 || 2020-01-08 20:20:22 |
| 10639 || 32.1 || 2020-01-08 20:20:22 |
| 10640 || -5.334 || 2020-01-08 20:20:22 |
| 10641 || 14.8372 || 2020-01-08 20:20:22 |
| 10642 || 16.0509 || 2014-01-01 03:10:54 |
| 10643 || 1.47326711971824 || 2012-07-22 13:51:08 |
| 10644 || -0.782488439917299 || 2012-01-02 14:26:39 |
| 10645 || -2.87805758828135 || 2015-11-01 03:10:48 |
| 10646 || 65.1637607696924 || 2018-08-08 17:27:24 |
| 10647 || -29.6539412786042 || 2019-12-18 06:29:06 |
| 10648 || -11.4578406514735 || 2010-01-27 17:24:33 |
| 10649 || -0.103135761252819 || 2015-09-21 09:27:55 |
| 10650 || 2.11330191321244 || 2014-03-08 00:12:11 |
| 10651 || -17.7431072307778 || 2011-03-23 20:24:53 |
| 10652 || 19.4134048254395 || 2011-06-02 16:25:46 |
| 10653 || -13.0165861120017 || 2013-02-05 00:09:37 |
| 10654 || -1.94690739400664 || 2015-12-05 22:21:11 |
| 10655 || 2.49161027562707 || 2016-01-16 20:10:06 |
| 10656 || -1.05710021255831 || 2018-10-04 19:44:22 |
| 10657 || 53.7911454615206 || 2016-02-06 19:56:51 |
| 10658 || -20.0995470705674 || 2011-07-01 02:27:38 |
| 10659 || 3.0654058218405 || 2017-07-19 13:45:18 |
| 10660 || 4.76725882135241 || 2017-06-08 07:02:04 |
| 10661 || 26.0102336004843 || 2010-04-19 06:03:31 |
| 10662 || -20.2725893000055 || 2018-09-20 18:00:20 |
| 10663 || 52.8484484781917 || 2019-07-17 13:25:39 |
| 10664 || 9.38424418199826 || 2015-12-02 16:59:32 |
| 10665 || 2.22071931144109 || 2014-12-20 12:01:40 |
| 10666 || -15.0486215948557 || 2014-08-22 15:28:50 |
| 10667 || 29.1741373816578 || 2014-09-18 10:27:16 |
| 10668 || 43.4433725086381 || 2019-12-25 13:54:22 |
| 10669 || 4.13861841372177 || 2011-07-10 05:25:13 |
| 10670 || -0.414160840750817 || 2011-01-01 23:39:01 |
| 10671 || 41.2032811485433 || 2015-05-01 19:29:29 |
| 10672 || -2.0859806097143 || 2017-04-17 02:18:22 |
| 10673 || 74.4421195312511 || 2019-09-18 04:50:14 |
| 10674 || -5.86662893188106 || 2012-10-11 03:56:16 |
| 10675 || -0.171115005526337 || 2013-02-07 07:25:23 |
| 10676 || 26.7277184427033 || 2017-01-12 06:17:11 |
| 10677 || -26.7121193106452 || 2014-10-23 00:19:53 |
| 10678 || 5.26545835550078 || 2015-04-09 05:56:36 |
| 10679 || 3.71797763690406 || 2011-04-10 13:07:09 |
| 10680 || -0.00572758698639687 || 2019-11-18 23:48:02 |
| 10681 || 31.7759786034191 || 2018-06-05 01:53:20 |
| 10682 || 71.2438891330501 || 2018-04-17 09:56:25 |
| 10683 || 60.9093498788496 || 2010-03-22 07:58:56 |
| 10684 || 27.1338462507416 || 2010-02-26 19:46:59 |
| 10685 || -0.0280559310053087 || 2019-11-06 08:56:37 |
| 10686 || 24.9921873142874 || 2010-02-03 08:54:04 |
| 10687 || -4.8209169350057 || 2012-12-07 17:35:08 |
| 10688 || -22.8156794421462 || 2015-03-15 00:07:27 |
| 10689 || -12.9509639960568 || 2012-05-01 10:39:57 |
| 10690 || -0.251621641020246 || 2019-07-22 00:11:45 |
| 10691 || -3.67758479197842 || 2010-01-24 11:45:43 |
| 10692 || 4.69616357518341 || 2012-11-13 06:51:48 |
| 10693 || -28.3030851198421 || 2012-01-27 06:07:51 |
| 10694 || 2.24995051233924 || 2010-07-26 01:32:38 |
| 10695 || -0.283369338920733 || 2010-10-04 12:24:07 |
| 10696 || 6.86594311087339 || 2010-02-26 11:22:56 |
| 10697 || 23.1722847021951 || 2010-09-26 03:04:06 |
| 10698 || -6.56209198522557 || 2014-08-05 18:43:25 |
| 10699 || 41.3181593169865 || 2014-08-26 19:47:20 |
| 10700 || 0.097286481195154 || 2016-09-20 04:10:48 |
| 10701 || -3.41017619851631 || 2018-10-17 05:16:50 |
| 10702 || 44.6886797428936 || 2016-02-01 21:13:20 |
| 10703 || 80.0393411292826 || 2011-04-12 04:45:25 |
| 10704 || 24.5870493294526 || 2019-01-15 08:58:44 |
| 10705 || 6.65306306427968 || 2012-05-01 13:23:10 |
| 10706 || 7.86813129502626 || 2010-03-15 14:03:50 |
| 10707 || -6.56694961450657 || 2014-01-13 16:45:13 |
| 10708 || -28.7228958167298 || 2017-06-22 19:21:15 |
| 10709 || 59.9273355628622 || 2019-06-21 04:25:14 |
| 10710 || 0.993776554282614 || 2016-02-12 14:58:37 |
| 10711 || 3.76049124467786 || 2014-11-16 02:43:52 |
| 10712 || 21.5168325736946 || 2011-08-21 23:21:18 |
| 10713 || 36.729110294165 || 2019-09-14 18:58:34 |
| 10714 || 33.0598571061825 || 2011-07-12 23:54:49 |
| 10715 || 12.9127182487194 || 2016-09-24 14:00:57 |
| 10716 || 2.72181154540456 || 2013-06-03 02:13:10 |
| 10717 || 9.0249206240782 || 2014-05-01 16:06:15 |
| 10718 || -15.4991311076923 || 2016-11-25 16:55:19 |
| 10719 || 24.6698628427411 || 2019-10-18 12:24:54 |
| 10720 || 3.72973962282073 || 2018-02-13 19:48:09 |
| 10721 || -0.600868347996372 || 2019-12-05 11:29:44 |
| 10722 || -5.25093946598451 || 2018-08-04 11:57:44 |
| 10723 || 36.8962351998145 || 2016-01-16 11:27:27 |
| 10724 || 73.679511090184 || 2011-08-03 10:39:19 |
| 10725 || 22.0838965753031 || 2010-11-08 09:58:39 |
| 10726 || 0.069595888388824 || 2013-05-25 15:10:15 |
| 10727 || -9.30416365888974 || 2018-05-22 16:28:43 |
| 10728 || 73.427472233494 || 2013-02-15 10:41:20 |
| 10729 || 60.6536972063538 || 2018-10-17 08:16:18 |
| 10730 || 25.6038849724312 || 2012-09-19 22:50:15 |
| 10731 || 0.0122491206663676 || 2019-09-02 12:01:31 |
| 10732 || -3.60810109230995 || 2012-01-03 16:12:56 |
| 10733 || 81.7441636082604 || 2017-08-25 10:58:05 |
| 10734 || 28.9687998091367 || 2018-08-23 10:25:09 |
| 10735 || -7.42423875842724 || 2010-12-17 20:09:52 |
| 10736 || 0.0207486164773288 || 2011-06-12 20:46:23 |
| 10737 || 17.4944342459349 || 2010-02-24 12:49:09 |
| 10738 || 51.3994767048256 || 2017-04-13 13:56:19 |
| 10739 || 31.7557331018591 || 2012-06-10 13:08:48 |
| 10740 || 27.3584122017801 || 2018-01-04 16:33:59 |
| 10741 || 0.660097749878735 || 2016-07-13 14:19:46 |
| 10742 || 6.32419944458596 || 2018-01-16 16:27:59 |
| 10743 || -15.4844088378041 || 2011-07-25 16:42:49 |
| 10744 || -11.043075741537 || 2014-01-25 06:47:56 |
| 10745 || 21.9521831370998 || 2012-01-26 05:23:24 |
| 10746 || 0.703257554801582 || 2016-10-05 04:18:56 |
| 10747 || 17.5841076051756 || 2014-06-13 08:52:12 |
| 10748 || -15.5651330090908 || 2010-06-05 15:12:38 |
| 10749 || 85.3078332511567 || 2018-04-09 23:07:17 |
| 10750 || -15.5580142824968 || 2019-08-24 15:59:27 |
| 10751 || 3.72238191308492 || 2011-04-01 09:01:32 |
| 10752 || 0.0684589208858233 || 2017-10-12 15:20:17 |
| 10753 || -11.2633648802431 || 2019-01-11 13:26:05 |
| 10754 || 11.5662770138843 || 2010-07-10 01:10:15 |
| 10755 || -14.952886404236 || 2018-04-15 08:52:44 |
| 10756 || 6.23034408660693 || 2010-09-08 12:01:41 |
| 10757 || 1.28153955330232 || 2013-03-12 03:50:39 |
| 10758 || 5.46340050234271 || 2012-01-26 21:59:02 |
| 10759 || -28.5421780301533 || 2019-12-15 01:55:21 |
| 10760 || 53.4011294430374 || 2016-12-01 17:12:24 |
| 10761 || -1.4604788530201 || 2017-10-12 01:30:44 |
| 10762 || 23.43 || 2020-01-08 20:51:22 |
| 10763 || 11.251 || 2020-01-08 20:51:22 |
| 10764 || 32.1 || 2020-01-08 20:51:22 |
| 10765 || -5.334 || 2020-01-08 20:51:22 |
| 10766 || 14.8372 || 2020-01-08 20:51:22 |
| 10767 || 16.0509 || 2014-01-01 03:10:54 |
| 10768 || -8.4355479915103 || 2011-05-13 04:48:13 |
| 10769 || -22.2614343048498 || 2019-04-27 09:19:45 |
| 10770 || -22.9561989990308 || 2010-03-23 01:54:20 |
| 10771 || 14.2642316746411 || 2016-03-18 10:57:51 |
| 10772 || -0.446683519777963 || 2013-06-21 07:07:22 |
| 10773 || 16.6929085218726 || 2010-05-13 00:12:27 |
| 10774 || -3.54698216691179 || 2014-08-19 18:59:03 |
| 10775 || 31.8518132276093 || 2018-08-05 21:19:35 |
| 10776 || 20.4088158765664 || 2019-01-17 02:49:40 |
| 10777 || 0.929353669564622 || 2014-01-16 05:50:25 |
| 10778 || 36.717715949144 || 2010-06-07 09:57:52 |
| 10779 || 82.0426472801572 || 2013-03-23 07:34:10 |
| 10780 || 73.7220390084645 || 2013-09-04 10:43:46 |
| 10781 || 1.07066184790614 || 2016-09-18 10:41:26 |
| 10782 || 0.0899844159519122 || 2018-12-22 21:54:35 |
| 10783 || 32.9773500303507 || 2018-07-07 21:34:54 |
| 10784 || -26.1675471923657 || 2016-05-03 22:16:06 |
| 10785 || 15.5646870465968 || 2013-11-01 22:51:29 |
| 10786 || 5.96505182259483 || 2013-06-20 21:13:45 |
| 10787 || -0.00237540716420477 || 2015-03-07 04:50:37 |
| 10788 || 9.29470202752637 || 2016-12-22 00:23:55 |
| 10789 || 63.4394252992642 || 2015-04-26 16:51:04 |
| 10790 || 76.7511355661878 || 2015-01-23 18:52:52 |
| 10791 || -11.7342242239278 || 2016-09-09 02:06:48 |
| 10792 || 0.546002702002396 || 2011-09-02 12:53:26 |
| 10793 || 9.54129666931285 || 2014-10-03 16:40:44 |
| 10794 || 57.9908661535958 || 2017-02-21 16:12:41 |
| 10795 || 73.3185384991716 || 2017-12-04 19:05:21 |
| 10796 || 27.734156349558 || 2013-05-11 03:24:51 |
| 10797 || 0.984380916243222 || 2017-03-19 03:20:52 |
| 10798 || 19.025535169892 || 2019-10-13 12:06:10 |
| 10799 || -10.06055035496 || 2013-07-25 18:50:36 |
| 10800 || 74.1745629684389 || 2010-04-27 00:59:58 |
| 10801 || -7.16814071413671 || 2018-02-01 05:19:08 |
| 10802 || -1.13523434955005 || 2019-04-09 01:00:31 |
| 10803 || 7.29231673412289 || 2010-06-23 20:59:48 |
| 10804 || 66.0087789289099 || 2019-01-24 14:15:01 |
| 10805 || 26.618742419199 || 2019-11-09 10:31:23 |
| 10806 || -12.4483729208339 || 2017-01-26 19:40:02 |
| 10807 || 5.33188596917641 || 2019-05-12 19:04:51 |
| 10808 || 3.37949352184785 || 2018-12-13 07:30:21 |
| 10809 || -4.92138698458451 || 2016-06-08 19:12:04 |
| 10810 || 26.3578852965359 || 2015-03-11 08:04:28 |
| 10811 || 57.6557731792583 || 2011-09-27 22:44:21 |
| 10812 || -2.01880900901805 || 2012-09-06 07:45:18 |
| 10813 || -1.73651389830105 || 2018-02-10 19:31:33 |
| 10814 || 32.1091992805296 || 2016-09-27 12:21:15 |
| 10815 || 55.7039155152607 || 2018-06-11 13:20:48 |
| 10816 || -0.501716728109968 || 2017-01-07 19:34:10 |
| 10817 || 12.2765635939799 || 2019-12-06 04:58:05 |
| 10818 || 1.32670612144739 || 2019-01-26 16:24:45 |
| 10819 || 26.9287496126395 || 2019-07-02 14:52:36 |
| 10820 || -17.4525526184108 || 2010-07-12 14:22:07 |
| 10821 || 40.8120242961636 || 2015-04-11 20:27:34 |
| 10822 || 1.51423661263712 || 2014-05-10 12:24:36 |
| 10823 || -0.912945543977533 || 2012-11-21 10:29:44 |
| 10824 || 45.5093924417339 || 2012-02-10 18:43:37 |
| 10825 || -4.31613742011162 || 2014-06-13 14:50:27 |
| 10826 || -1.7698095207 || 2010-01-17 05:02:00 |
| 10827 || 20.7413035484577 || 2013-03-26 04:45:56 |
| 10828 || 0.370666713838361 || 2011-03-26 02:04:17 |
| 10829 || -12.9471389764599 || 2018-02-20 18:09:57 |
| 10830 || 58.7701400516354 || 2011-10-07 11:26:23 |
| 10831 || -23.6398585357174 || 2014-11-12 11:10:56 |
| 10832 || -2.0620859468282 || 2016-06-25 20:07:01 |
| 10833 || -0.0858913307926383 || 2014-10-02 21:34:55 |
| 10834 || 32.3013776101196 || 2017-12-04 13:53:30 |
| 10835 || 69.9374600798682 || 2012-01-14 20:40:55 |
| 10836 || 73.2455880664418 || 2015-06-05 07:04:47 |
| 10837 || 17.1313599161886 || 2018-09-24 08:32:00 |
| 10838 || 0.00318605773004506 || 2014-02-11 15:05:09 |
| 10839 || -5.16271775262509 || 2017-09-06 05:59:56 |
| 10840 || 54.4759270335615 || 2016-05-23 19:12:20 |
| 10841 || 75.4198122416223 || 2016-11-04 04:22:01 |
| 10842 || 35.7713725535022 || 2015-01-06 10:00:51 |
| 10843 || 0.395150160660935 || 2016-06-18 12:03:08 |
| 10844 || -6.26128211989777 || 2019-03-03 04:49:04 |
| 10845 || 0.933731622306085 || 2014-04-20 19:14:36 |
| 10846 || -22.3042723475663 || 2019-01-14 13:22:02 |
| 10847 || -6.66501701480838 || 2011-03-05 23:38:11 |
| 10848 || -0.399078170977968 || 2014-10-16 08:59:07 |
| 10849 || -6.19359504126984 || 2019-08-02 11:12:31 |
| 10850 || 23.3324836904503 || 2011-05-11 11:33:39 |
| 10851 || -28.9976112711871 || 2019-07-22 06:17:57 |
| 10852 || -11.1565474896835 || 2012-04-25 05:32:32 |
| 10853 || 2.36214161740183 || 2016-06-16 06:53:04 |
| 10854 || 11.6002424638905 || 2014-01-08 11:15:38 |
| 10855 || 39.6531207614378 || 2011-08-27 11:31:32 |
| 10856 || 33.979913295389 || 2010-11-13 04:24:41 |
| 10857 || 46.8849979676408 || 2015-10-15 11:25:53 |
| 10858 || -0.460794951019908 || 2016-04-14 00:12:10 |
| 10859 || 9.88673140116478 || 2013-02-25 18:55:26 |
| 10860 || 8.47638019040299 || 2017-02-25 20:15:09 |
| 10861 || 58.3792737104002 || 2013-10-19 00:23:10 |
| 10862 || 48.7385003317306 || 2010-12-13 14:17:59 |
| 10863 || -2.05888647543541 || 2018-03-27 05:49:56 |
| 10864 || -2.73930172982301 || 2012-02-07 08:08:48 |
| 10865 || 32.2299268166467 || 2012-11-15 13:34:21 |
| 10866 || 78.3814831667784 || 2019-02-07 20:44:01 |
| 10867 || 59.6482321663527 || 2018-04-04 15:50:28 |
| 10868 || 6.68835704456881 || 2016-03-09 17:26:47 |
| 10869 || -0.364246216522633 || 2010-05-11 17:46:30 |
| 10870 || 16.5177383855789 || 2017-09-05 12:23:02 |
| 10871 || 89.2267256398556 || 2010-05-12 20:33:56 |
| 10872 || -7.58435056732671 || 2013-05-26 23:37:26 |
| 10873 || -1.68786419240156 || 2015-07-21 10:45:44 |
| 10874 || 1.39187277176093 || 2011-08-06 03:46:46 |
| 10875 || -4.70625359502867 || 2010-02-14 19:17:39 |
| 10876 || 19.4989170902295 || 2018-03-26 06:52:19 |
| 10877 || -17.0331792545762 || 2012-07-16 10:29:57 |
| 10878 || 0.924831112937091 || 2011-04-26 11:25:31 |
| 10879 || 1.31428041086249 || 2014-11-05 23:55:51 |
| 10880 || -0.494892513903891 || 2016-02-17 00:58:15 |
| 10881 || 56.4410010003468 || 2011-02-21 00:17:03 |
| 10882 || 43.1008455196072 || 2018-09-01 08:00:56 |
| 10883 || 23.9907475328354 || 2013-09-22 12:04:47 |
| 10884 || -0.109648706944906 || 2012-07-07 16:50:46 |
| 10885 || -10.211941580448 || 2010-01-13 12:50:59 |
| 10886 || 44.4351223670181 || 2012-05-10 12:57:12 |
| 10887 || 36.680271370496 || 2019-05-07 15:27:06 |
| 10888 || 22.127443813394 || 2012-01-23 23:20:17 |
| 10889 || 0.000674217828054387 || 2017-02-19 20:46:27 |
| 10890 || 19.0979068341101 || 2017-11-20 23:05:35 |
| 10891 || 24.9628636396742 || 2019-11-06 07:56:17 |
| 10892 || -19.5764368871533 || 2013-03-02 01:34:41 |
| 10893 || 34.1523379540773 || 2010-07-11 03:29:38 |
| 10894 || 0.273154856984312 || 2014-10-25 15:21:24 |
| 10895 || 10.4856572135457 || 2017-08-19 23:42:47 |
| 10896 || 57.3576000262912 || 2011-08-17 04:56:55 |
| 10897 || 74.7880201141429 || 2019-03-19 00:19:35 |
| 10898 || 0.200295379851717 || 2010-10-24 11:14:30 |
| 10899 || -0.210072553653565 || 2013-02-05 17:40:38 |
| 10900 || 4.50716442883346 || 2018-05-11 12:59:44 |
| 10901 || 49.3655544634948 || 2017-06-14 12:09:49 |
| 10902 || -25.9053524090249 || 2016-02-20 05:35:37 |
| 10903 || 14.0437206597547 || 2010-11-20 10:23:47 |
| 10904 || -0.918098268277635 || 2014-03-23 06:10:19 |
| 10905 || 14.3083634034112 || 2018-03-26 10:30:01 |
| 10906 || 9.25935067574717 || 2019-07-09 16:18:04 |
| 10907 || -28.8897178666238 || 2016-05-12 19:09:28 |
| 10908 || -17.0151868236525 || 2018-12-27 15:52:19 |
| 10909 || 4.81482950460705 || 2019-12-13 12:29:22 |
| 10910 || 12.0159239866122 || 2017-02-22 14:46:29 |
| 10911 || 3.73086010950642 || 2011-02-08 02:31:10 |
| 10912 || 89.7997746970096 || 2019-09-19 23:46:27 |
| 10913 || 53.8357060824072 || 2011-11-17 10:35:32 |
| 10914 || 4.24295419771456 || 2015-06-18 04:36:22 |
| 10915 || -2.63893354591939 || 2016-02-27 00:40:26 |
| 10916 || 45.0436101825497 || 2018-04-03 19:33:22 |
| 10917 || -24.1463368315665 || 2014-08-03 21:10:31 |
| 10918 || -20.5175666834588 || 2011-09-14 16:26:46 |
| 10919 || -0.567812845066144 || 2012-12-14 23:57:21 |
| 10920 || 3.59833781090668 || 2016-01-06 11:49:48 |
| 10921 || 51.3119446119616 || 2011-07-04 15:47:45 |
| 10922 || 72.8355780395468 || 2013-06-15 15:21:22 |
| 10923 || 36.5370813170818 || 2010-03-15 13:19:57 |
| 10924 || 4.28446464310507 || 2013-06-07 18:30:15 |
| 10925 || -0.475423966166584 || 2018-05-16 00:44:15 |
| 10926 || 10.9317202028996 || 2017-01-08 19:08:07 |
| 10927 || -16.6551830804632 || 2017-06-18 09:08:30 |
| 10928 || 60.4071280494232 || 2019-02-23 23:00:06 |
| 10929 || 17.2443584379651 || 2011-05-24 10:47:47 |
| 10930 || 1.09651672978441 || 2012-11-22 20:11:34 |
| 10931 || -6.94109033665188 || 2012-03-26 16:01:22 |
| 10932 || 85.6463350617861 || 2016-05-13 19:42:35 |
| 10933 || 35.9173410897299 || 2011-06-04 01:06:47 |
| 10934 || -3.97658549787444 || 2012-07-18 20:48:15 |
| 10935 || -0.1593080193019 || 2013-04-06 07:07:22 |
| 10936 || -11.096488871414 || 2011-12-19 08:31:09 |
| 10937 || 54.1498706396004 || 2015-11-26 08:02:44 |
| 10938 || 74.0674165853919 || 2017-08-23 17:23:17 |
| 10939 || -8.35857100542439 || 2010-05-17 05:23:34 |
| 10940 || -0.00741824610355262 || 2017-06-14 06:43:40 |
| 10941 || 28.2443954986936 || 2013-03-19 01:51:31 |
| 10942 || 8.63125538387544 || 2010-11-06 16:17:49 |
| 10943 || 45.2113636873893 || 2011-09-15 04:03:16 |
| 10944 || 31.8707813864323 || 2019-05-17 17:58:41 |
| 10945 || -0.0524532802937408 || 2015-07-23 10:52:30 |
| 10946 || 9.59338460776215 || 2019-09-02 09:06:37 |
| 10947 || -9.1599278319105 || 2016-11-09 10:09:58 |
| 10948 || -18.2450247851169 || 2018-01-21 05:04:45 |
| 10949 || -11.2028030990194 || 2012-12-27 20:18:29 |
| 10950 || -0.267725483716467 || 2011-06-22 15:17:10 |
| 10951 || 7.88969557100872 || 2017-03-06 05:33:20 |
| 10952 || -12.5795475285899 || 2012-11-05 21:45:15 |
| 10953 || -23.3794849589366 || 2018-06-22 23:10:28 |
| 10954 || 41.3325593574876 || 2017-07-22 17:59:08 |
| 10955 || 1.76692938191077 || 2010-05-08 17:35:44 |
| 10956 || -5.11540589045108 || 2017-07-26 10:04:51 |
| 10957 || 44.836831573609 || 2013-11-16 13:25:07 |
| 10958 || -29.5485426540586 || 2019-11-07 09:46:27 |
| 10959 || -15.7389140539973 || 2018-07-01 21:26:44 |
| 10960 || 1.06194119674055 || 2012-01-18 01:41:39 |
| 10961 || 13.0177611927805 || 2018-11-24 14:43:40 |
| 10962 || 64.1161950078059 || 2019-07-26 15:14:37 |
| 10963 || -6.06027834711114 || 2016-03-16 04:14:40 |
| 10964 || -16.8440876107345 || 2015-04-05 15:00:44 |
| 10965 || 2.89363561868448 || 2011-12-04 03:30:58 |
| 10966 || 6.81528844895917 || 2010-09-17 08:06:24 |
| 10967 || 38.9833018010642 || 2013-09-22 13:57:01 |
| 10968 || 89.8866511077427 || 2014-07-07 02:05:25 |
| 10969 || -14.8203893611699 || 2019-05-15 23:37:52 |
| 10970 || -3.29480790494159 || 2017-07-17 16:01:08 |
| 10971 || 0.0652870514394368 || 2018-09-21 18:45:19 |
| 10972 || -15.9976578161468 || 2016-03-13 14:30:49 |
| 10973 || 73.7633217111752 || 2012-06-15 23:54:56 |
| 10974 || 27.1818826546343 || 2017-03-10 17:25:53 |
| 10975 || 7.25369551691117 || 2016-12-11 18:36:43 |
| 10976 || 2.61181799815977 || 2016-01-18 15:15:43 |
| 10977 || 46.8398896734157 || 2011-01-23 17:10:58 |
| 10978 || 52.4903617390775 || 2010-12-04 16:24:06 |
| 10979 || 68.1182365453586 || 2012-03-13 01:11:49 |
| 10980 || 16.7101880027079 || 2016-05-20 21:31:34 |
| 10981 || 1.95694256054968 || 2019-05-21 22:57:29 |
| 10982 || 12.4857193235999 || 2017-01-27 16:28:59 |
| 10983 || -9.77667205246421 || 2016-09-22 05:18:18 |
| 10984 || 71.1733140608592 || 2015-03-18 06:35:06 |
| 10985 || -4.83626558207363 || 2010-09-14 18:41:24 |
| 10986 || -0.132735295965989 || 2015-06-01 05:57:42 |
| 10987 || 33.6755993127267 || 2017-07-03 01:30:26 |
| 10988 || 84.5028311420086 || 2015-01-22 17:59:24 |
| 10989 || 22.8379344172196 || 2017-10-08 08:27:47 |
| 10990 || 9.23666956700678 || 2015-12-15 04:44:37 |
| 10991 || 0.00951471324982341 || 2016-08-21 11:29:32 |
| 10992 || 24.4115934568744 || 2010-01-06 21:58:24 |
| 10993 || 70.327343900935 || 2013-09-05 13:33:49 |
| 10994 || 53.7273429920059 || 2017-01-10 18:17:17 |
| 10995 || 12.0141527507524 || 2016-02-18 09:05:07 |
| 10996 || 0.0893877859678614 || 2019-09-03 05:37:36 |
| 10997 || -8.94479653872781 || 2010-12-26 03:48:40 |
| 10998 || 71.911766741536 || 2017-06-17 12:43:19 |
| 10999 || 46.5197198339927 || 2016-11-10 11:41:49 |
| 11000 || 8.71290857237954 || 2019-07-20 15:28:55 |
| 11001 || 0.363940780260758 || 2013-06-10 17:18:03 |
| 11002 || 22.4887761564066 || 2012-10-13 14:16:14 |
| 11003 || -16.9916802926196 || 2013-12-14 02:47:06 |
| 11004 || 7.60253371503821 || 2017-10-26 19:11:32 |
| 11005 || 35.9885651741626 || 2012-09-06 14:20:30 |
| 11006 || 2.09626073029492 || 2010-12-17 14:41:41 |
| 11007 || 11.416615765705 || 2018-02-03 12:07:13 |
| 11008 || 66.9231493777813 || 2018-07-09 14:04:31 |
| 11009 || 71.0779608013406 || 2014-11-24 04:41:10 |
| 11010 || 34.6328085935328 || 2014-04-19 16:44:11 |
| 11011 || 0.464311989686651 || 2013-09-26 21:25:09 |
| 11012 || 0.24609037576306 || 2011-06-15 08:42:38 |
| 11013 || 63.7335901302784 || 2010-11-21 19:58:14 |
| 11014 || -13.9622266491218 || 2010-12-23 06:54:09 |
| 11015 || -18.054362759276 || 2016-01-24 02:47:30 |
| 11016 || 5.00518771481964 || 2018-07-23 01:35:13 |
| 11017 || 5.77091943000196 || 2011-04-09 17:43:04 |
| 11018 || 15.7863873431416 || 2017-05-20 18:54:45 |
| 11019 || -15.6636171936715 || 2010-05-01 17:51:00 |
| 11020 || 29.2291609029368 || 2011-02-13 13:45:22 |
| 11021 || 7.93851271285822 || 2018-08-17 16:27:56 |
| 11022 || 6.92523139707908 || 2013-11-21 10:46:42 |
| 11023 || -18.0837039424663 || 2018-06-20 21:04:18 |
| 11024 || 79.8719618164809 || 2015-11-25 02:27:35 |
| 11025 || 63.9333786878015 || 2011-02-06 10:27:04 |
| 11026 || 4.23573192310095 || 2012-02-23 11:48:48 |
| 11027 || -0.858315280392444 || 2019-03-24 15:33:53 |
| 11028 || 28.1850485298115 || 2014-06-10 06:13:57 |
| 11029 || 60.2163847911974 || 2013-10-15 16:17:35 |
| 11030 || 64.1716422690089 || 2019-02-09 01:55:34 |
| 11031 || 12.376483041495 || 2014-02-06 11:08:21 |
| 11032 || 2.26587652512633 || 2017-02-04 16:12:19 |
| 11033 || 40.2713188155289 || 2018-05-10 16:57:02 |
| 11034 || 6.77004288263932 || 2018-09-16 21:26:17 |
| 11035 || -10.6248549489147 || 2012-04-17 10:54:13 |
| 11036 || 21.3362304609867 || 2012-12-01 12:39:58 |
| 11037 || 0.5627304152933 || 2017-02-20 02:42:56 |
| 11038 || -8.31510229236546 || 2012-05-06 11:47:44 |
| 11039 || -21.7849650720831 || 2018-03-08 02:21:56 |
| 11040 || 61.8686573414811 || 2018-12-09 20:46:21 |
| 11041 || 13.1126709887892 || 2011-07-01 18:59:51 |
| 11042 || 0.0447049686510829 || 2017-01-10 01:41:11 |
| 11043 || -5.84700685052343 || 2017-10-14 22:27:07 |
| 11044 || 15.2710682500147 || 2017-04-04 15:33:32 |
| 11045 || 20.9989002667478 || 2017-09-02 08:35:02 |
| 11046 || -9.42471207031404 || 2010-05-25 19:30:23 |
| 11047 || 0.0216935387763444 || 2014-04-07 22:57:49 |
| 11048 || 3.40573088757607 || 2015-04-17 14:07:52 |
| 11049 || 77.5785888246662 || 2013-04-11 22:18:59 |
| 11050 || -25.6797354491615 || 2011-04-20 14:31:26 |
| 11051 || 36.5966745483406 || 2017-09-23 04:39:45 |
| 11052 || -0.125267972510127 || 2016-03-26 14:12:38 |
| 11053 || 8.21422954676185 || 2019-02-14 16:16:04 |
| 11054 || -16.728505469793 || 2011-12-05 11:12:02 |
| 11055 || 85.717638468308 || 2018-09-14 00:19:59 |
| 11056 || 39.5176028262351 || 2016-08-17 02:44:54 |
| 11057 || -0.566737693355537 || 2014-12-27 06:05:15 |
| 11058 || 14.5597062897349 || 2019-08-17 11:04:54 |
| 11059 || -20.9573811921696 || 2015-06-05 08:50:18 |
| 11060 || 71.1759826659488 || 2013-10-09 18:20:10 |
| 11061 || -12.9916265257406 || 2011-12-03 13:54:18 |
| 11062 || 3.60137490513013 || 2017-09-13 21:23:43 |
| 11063 || -0.465243948834648 || 2018-03-22 05:29:46 |
| 11064 || 40.6687827345753 || 2011-10-19 00:05:10 |
| 11065 || 11.0574861005955 || 2011-11-10 02:36:38 |
| 11066 || 21.3420897514077 || 2012-01-16 11:31:26 |
| 11067 || 5.85555095011501 || 2016-05-12 08:14:30 |
| 11068 || 3.67044793746266 || 2018-06-20 15:34:23 |
| 11069 || 7.46009283391222 || 2019-11-01 10:36:45 |
| 11070 || 17.1496519201453 || 2016-04-18 07:50:13 |
| 11071 || -19.4542484683865 || 2017-09-10 00:18:51 |
| 11072 || -0.909772597875886 || 2010-12-19 21:17:59 |
| 11073 || 5.54993980136663 || 2018-07-09 11:51:16 |
| 11074 || 38.3424007767157 || 2017-05-04 04:29:09 |
| 11075 || -4.00723670252112 || 2010-09-25 05:17:24 |
| 11076 || 42.6641033132621 || 2013-08-15 14:20:27 |
| 11077 || 5.76843904105964 || 2018-11-24 04:32:54 |
| 11078 || -0.790392120539441 || 2016-08-17 06:44:34 |
| 11079 || 20.1100640787256 || 2016-09-05 17:34:52 |
| 11080 || 72.2687739142388 || 2010-12-20 20:01:47 |
| 11081 || -22.5767869945585 || 2019-11-24 03:47:45 |
| 11082 || -2.76430179778145 || 2010-09-22 17:57:36 |
| 11083 || -0.272651672353793 || 2010-12-04 15:48:09 |
| 11084 || 17.1166642871173 || 2012-11-15 15:53:59 |
| 11085 || 12.8903605964231 || 2019-11-11 13:00:33 |
| 11086 || -12.8952149658544 || 2018-09-19 18:18:25 |
| 11087 || 18.7315395739704 || 2017-09-04 23:09:28 |
| 11088 || 0.960523059803708 || 2016-12-14 15:38:05 |
| 11089 || 37.3760685894093 || 2017-06-24 05:04:31 |
| 11090 || -25.5122873562493 || 2010-01-13 04:13:54 |
| 11091 || -18.3550188303327 || 2016-05-25 13:23:04 |
| 11092 || -3.89772867931577 || 2015-09-04 09:14:42 |
| 11093 || 0.227888263922424 || 2018-01-12 02:47:31 |
| 11094 || 34.0558218837302 || 2015-12-18 05:03:12 |
| 11095 || -0.908596317193932 || 2014-01-20 12:55:56 |
| 11096 || -26.8634960922532 || 2011-10-23 16:54:06 |
| 11097 || -9.80063588004624 || 2018-11-04 06:58:26 |
| 11098 || 0.00672628508756939 || 2016-03-03 10:41:45 |
| 11099 || 4.54011594834033 || 2010-07-21 08:25:24 |
| 11100 || -22.9779324153292 || 2011-06-22 00:20:06 |
| 11101 || 58.2931701808194 || 2011-05-10 16:55:27 |
| 11102 || 3.35809227928494 || 2012-08-04 20:01:21 |
| 11103 || -0.141852342495539 || 2014-03-13 17:23:40 |
| 11104 || -0.839266032856012 || 2016-04-26 00:15:32 |
| 11105 || -25.016323539543 || 2017-08-05 13:16:01 |
| 11106 || 62.1131179099416 || 2015-09-13 12:56:43 |
| 11107 || 37.5986038728581 || 2018-04-18 11:09:19 |
| 11108 || 0.66234477475861 || 2011-08-26 02:08:48 |
| 11109 || 1.08318792256041 || 2016-02-04 09:58:34 |
| 11110 || 52.6381754058193 || 2019-12-21 21:04:41 |
| 11111 || 6.8161940931145 || 2019-02-19 16:38:52 |
| 11112 || 5.46030614078865 || 2011-04-02 03:01:22 |
| 11113 || 1.94315164148725 || 2010-06-12 13:03:47 |
| 11114 || -4.79919468818408 || 2015-11-10 08:32:19 |
| 11115 || 55.1107893651791 || 2015-12-16 00:50:07 |
| 11116 || 34.0566961900748 || 2011-11-10 09:19:53 |
| 11117 || 33.549048016297 || 2010-09-14 09:36:25 |
| 11118 || -0.00521350843146129 || 2014-08-02 14:21:12 |
| 11119 || -3.74623335425937 || 2016-12-22 04:31:52 |
| 11120 || 31.224938226208 || 2011-06-25 10:40:13 |
| 11121 || 78.62852175973 || 2019-09-08 04:53:36 |
| 11122 || -12.8314610988792 || 2018-10-11 16:15:24 |
| 11123 || -2.77495720701432 || 2011-02-25 22:34:54 |
| 11124 || -2.36513432035674 || 2019-03-15 19:08:48 |
| 11125 || -18.7435185322764 || 2016-08-08 13:12:43 |
| 11126 || 3.35747013203385 || 2019-12-10 21:03:10 |
| 11127 || 58.0621096549638 || 2011-09-02 15:22:07 |
| 11128 || -3.17930736593017 || 2017-06-27 04:24:03 |
| 11129 || 2.06981662798428 || 2018-05-21 03:00:23 |
| 11130 || 5.20874331207448 || 2016-03-08 04:56:21 |
| 11131 || 21.6480373210226 || 2010-01-12 12:12:52 |
| 11132 || 61.9393428811427 || 2010-05-02 08:04:10 |
| 11133 || -1.38496005194296 || 2011-04-17 10:16:43 |
| 11134 || -0.962798530873408 || 2011-03-20 15:22:26 |
| 11135 || 16.4952436682032 || 2014-01-26 16:55:03 |
| 11136 || -18.9421346725454 || 2010-08-01 08:24:24 |
| 11137 || 70.7809247652166 || 2010-12-27 05:22:53 |
| 11138 || 13.5896668908488 || 2019-08-12 14:03:55 |
| 11139 || 1.09020094527719 || 2018-10-01 14:08:11 |
| 11140 || -8.26895929053147 || 2019-05-07 08:35:00 |
| 11141 || -25.0477892540625 || 2013-08-20 20:18:19 |
| 11142 || 52.9750833253056 || 2016-09-16 11:10:31 |
| 11143 || -0.767472509682548 || 2016-07-20 17:39:18 |
| 11144 || 0.33946382436795 || 2010-11-09 04:58:15 |
| 11145 || 34.6997593833019 || 2015-09-21 22:11:40 |
| 11146 || 83.2741439491084 || 2014-10-18 09:35:51 |
| 11147 || -20.859683782206 || 2017-04-17 12:52:17 |
| 11148 || 22.4989081192856 || 2013-07-07 17:03:12 |
| 11149 || -0.000103257363973874 || 2018-09-14 04:29:55 |
| 11150 || 30.0168752303419 || 2012-06-05 04:16:57 |
| 11151 || 35.8749775188895 || 2011-02-03 04:23:49 |
| 11152 || -11.0809869789432 || 2014-07-21 14:01:46 |
| 11153 || -8.37078083960133 || 2011-04-24 14:54:48 |
| 11154 || 0.159207663289995 || 2012-07-03 19:35:00 |
| 11155 || -1.34014171517366 || 2015-01-02 06:30:51 |
| 11156 || 23.3878847229348 || 2011-05-12 00:38:53 |
| 11157 || -25.0639621122419 || 2010-04-20 02:37:03 |
| 11158 || -11.3113033992601 || 2013-10-09 19:46:23 |
| 11159 || 0.19136351116676 || 2011-09-02 04:20:56 |
| 11160 || 3.56051748707072 || 2017-06-05 02:36:14 |
| 11161 || 15.9613929764178 || 2017-09-19 01:05:05 |
| 11162 || -24.3406722177322 || 2012-09-23 01:38:16 |
| 11163 || 17.6400537440763 || 2012-04-10 12:23:09 |
| 11164 || 0.638846525223384 || 2014-10-21 06:45:04 |
| 11165 || -4.14095612469602 || 2018-07-21 16:16:31 |
| 11166 || 45.162178945102 || 2015-07-01 15:35:17 |
| 11167 || 89.1295888424315 || 2010-05-06 19:00:08 |
| 11168 || -16.9007013910023 || 2019-11-01 04:56:02 |
| 11169 || 4.20482793370576 || 2016-04-01 18:46:46 |
| 11170 || -2.80123027808562 || 2012-05-12 07:46:53 |
| 11171 || 13.97053515633 || 2019-07-01 22:34:25 |
| 11172 || 68.1487584172616 || 2015-07-14 01:42:47 |
| 11173 || 56.586692813244 || 2010-01-12 22:09:59 |
| 11174 || 4.36533646770357 || 2018-12-05 04:09:05 |
| 11175 || 23.43 || 2020-01-08 20:58:13 |
| 11176 || 11.251 || 2020-01-08 20:58:13 |
| 11177 || 32.1 || 2020-01-08 20:58:13 |
| 11178 || -5.334 || 2020-01-08 20:58:13 |
| 11179 || 14.8372 || 2020-01-08 20:58:13 |
| 11180 || 16.0509 || 2014-01-01 03:10:54 |
| 11181 || -12.5834104978178 || 2013-09-17 07:40:43 |
| 11182 || 88.5296271301228 || 2013-09-06 18:29:13 |
| 11183 || -8.51516354442556 || 2018-11-07 20:21:03 |
| 11184 || -3.81625731963748 || 2012-12-17 23:49:46 |
| 11185 || -0.637098275771023 || 2013-06-05 16:50:10 |
| 11186 || 45.2371960184769 || 2016-05-11 21:51:05 |
| 11187 || 83.8020601694237 || 2018-05-23 22:38:37 |
| 11188 || 56.3199846049375 || 2011-10-15 18:03:16 |
| 11189 || 15.4498743499151 || 2015-11-18 14:01:26 |
| 11190 || -0.0229780806709058 || 2017-10-26 07:07:41 |
| 11191 || 26.1500900680316 || 2010-07-07 22:45:13 |
| 11192 || 27.9097163985298 || 2019-07-07 18:50:50 |
| 11193 || -12.3178663090957 || 2017-08-20 06:47:55 |
| 11194 || 7.09042433417545 || 2014-03-17 13:26:51 |
| 11195 || 0.241428365153711 || 2012-10-09 12:20:07 |
| 11196 || -10.8504592373929 || 2010-09-25 16:16:47 |
| 11197 || 83.3635521149363 || 2018-04-15 23:03:42 |
| 11198 || 30.2632256974181 || 2010-12-27 21:26:43 |
| 11199 || -9.01581811337832 || 2018-06-15 04:15:42 |
| 11200 || 0.0119762930329742 || 2018-12-25 20:08:18 |
| 11201 || 0.72903829632885 || 2016-06-27 10:41:18 |
| 11202 || 67.7394681349022 || 2012-07-14 18:36:54 |
| 11203 || 80.5257594151419 || 2011-05-03 12:37:51 |
| 11204 || -0.146996108895563 || 2017-06-27 19:09:20 |
| 11205 || 0.17406599330914 || 2016-05-11 13:53:11 |
| 11206 || 2.81364466138188 || 2010-08-17 23:16:23 |
| 11207 || 34.538146447388 || 2010-07-18 00:11:27 |
| 11208 || -22.3978708335699 || 2013-03-10 23:49:03 |
| 11209 || 35.2398400981637 || 2011-05-15 01:44:36 |
| 11210 || 1.00034382873831 || 2019-06-16 07:35:00 |
| 11211 || -4.84940744896314 || 2012-08-05 15:38:18 |
| 11212 || 41.7724692308898 || 2018-05-15 13:57:03 |
| 11213 || -16.907711505039 || 2012-10-20 00:39:38 |
| 11214 || -12.3608119085086 || 2013-04-25 23:40:19 |
| 11215 || 2.27533562116469 || 2011-05-09 04:49:57 |
| 11216 || 5.0648094582508 || 2011-09-10 18:54:47 |
| 11217 || 44.0871004938934 || 2015-07-16 09:41:00 |
| 11218 || -27.4251177778913 || 2016-12-04 18:21:09 |
| 11219 || -16.7414777891058 || 2010-04-22 09:56:34 |
| 11220 || -1.52535502312822 || 2017-08-04 22:34:51 |
| 11221 || -3.26264804003356 || 2012-05-15 06:17:02 |
| 11222 || -8.99781706436261 || 2018-09-13 19:50:44 |
| 11223 || -18.9185729429212 || 2014-12-23 00:01:47 |
| 11224 || 52.9879041645866 || 2019-12-15 16:41:40 |
| 11225 || 2.80641262370319 || 2011-09-06 09:20:29 |
| 11226 || 1.27071511799314 || 2016-03-20 09:27:37 |
| 11227 || -14.2151360146651 || 2014-08-21 17:26:14 |
| 11228 || 89.4105744187012 || 2013-01-11 21:46:09 |
| 11229 || 9.0190221365799 || 2015-10-14 10:19:10 |
| 11230 || -3.27864247116838 || 2018-11-11 08:06:41 |
| 11231 || 0.751347502547354 || 2010-07-06 03:37:10 |
| 11232 || -0.649164059972833 || 2019-04-19 06:53:04 |
| 11233 || 89.1818523718418 || 2019-09-05 07:26:15 |
| 11234 || 62.3230501949656 || 2011-02-23 14:49:18 |
| 11235 || 5.97830102360072 || 2011-08-05 21:08:41 |
| 11236 || 3.12277883400993 || 2017-03-22 21:38:10 |
| 11237 || 29.8151585874103 || 2013-09-02 00:29:51 |
| 11238 || 84.0111324056557 || 2011-01-22 13:43:35 |
| 11239 || 46.7169636339293 || 2010-03-03 01:37:09 |
| 11240 || -0.308933633604476 || 2012-04-02 15:09:00 |
| 11241 || 0.550468622253391 || 2016-07-13 10:46:47 |
| 11242 || 40.6354952312412 || 2014-10-04 15:17:02 |
| 11243 || -3.54179312134825 || 2011-08-05 18:40:55 |
| 11244 || 6.6487217373742 || 2014-11-09 22:09:24 |
| 11245 || -0.0313288414390923 || 2013-01-11 13:34:38 |
| 11246 || -0.215332663088791 || 2011-06-19 18:44:57 |
| 11247 || 33.6366632437835 || 2019-11-15 02:50:00 |
| 11248 || 73.4620913441727 || 2011-10-05 15:36:28 |
| 11249 || 76.4164614263714 || 2012-04-27 01:47:44 |
| 11250 || 27.9682532872402 || 2019-08-01 10:11:36 |
| 11251 || 0.00821692954434888 || 2013-09-12 16:34:58 |
| 11252 || -8.82268721212428 || 2011-11-16 23:04:10 |
| 11253 || -17.27590768533 || 2017-06-22 01:48:56 |
| 11254 || 66.3163890555817 || 2013-11-02 00:55:12 |
| 11255 || -10.9603472778868 || 2016-06-12 14:00:19 |
| 11256 || -0.0187493787125845 || 2011-01-07 08:29:18 |
| 11257 || 24.9828915592801 || 2010-01-24 16:59:27 |
| 11258 || 0.648129788811472 || 2017-01-16 13:23:09 |
| 11259 || 81.383717685471 || 2013-06-06 17:23:55 |
| 11260 || 6.96669763142349 || 2017-02-13 19:20:23 |
| 11261 || -0.179657566819041 || 2013-06-16 17:32:06 |
| 11262 || -0.391196173676003 || 2017-11-01 05:32:07 |
| 11263 || 73.9937056694077 || 2017-09-26 20:48:00 |
| 11264 || -28.094456395789 || 2013-09-05 20:13:57 |
| 11265 || 27.4292429859871 || 2016-09-09 21:36:23 |
| 11266 || -0.485968405368492 || 2019-12-12 02:00:39 |
| 11267 || 2.44252011571554 || 2015-09-06 16:26:12 |
| 11268 || -23.0109781945074 || 2018-11-05 17:19:24 |
| 11269 || 27.8352283947749 || 2014-10-15 10:04:10 |
| 11270 || -11.7735413621765 || 2016-10-10 22:13:23 |
| 11271 || 3.87425222888106 || 2010-07-06 17:45:20 |
| 11272 || 6.12072084378518 || 2017-05-19 07:10:19 |
| 11273 || 50.0974263989763 || 2019-04-20 22:30:25 |
| 11274 || 89.4025857587583 || 2015-10-05 09:08:01 |
| 11275 || 22.1154917024485 || 2016-05-15 01:35:02 |
| 11276 || -1.23567748567987 || 2015-07-25 09:47:47 |
| 11277 || 7.89982113255486 || 2019-11-26 01:22:06 |
| 11278 || 59.2168415031141 || 2018-10-10 19:26:23 |
| 11279 || -25.8436818669808 || 2012-11-02 01:10:32 |
| 11280 || 46.2717556338024 || 2013-02-18 00:13:50 |
| 11281 || -2.64325520179437 || 2012-01-18 07:35:49 |
| 11282 || 6.00590620524328 || 2015-07-27 14:02:28 |
| 11283 || -6.14627162120086 || 2017-10-27 01:16:52 |
| 11284 || 74.9284398640849 || 2016-02-06 10:29:28 |
| 11285 || 48.1387457527228 || 2019-11-06 01:58:12 |
| 11286 || 9.24763230202955 || 2017-09-03 22:30:15 |
| 11287 || 1.02333830697354 || 2015-08-22 14:12:42 |
| 11288 || 17.00329165875 || 2010-01-18 02:06:01 |
| 11289 || 19.3389433542716 || 2018-10-08 22:46:55 |
| 11290 || 50.8193921208103 || 2012-10-11 19:18:41 |
| 11291 || 2.47481736949651 || 2013-07-16 00:58:52 |
| 11292 || 1.92548035858815 || 2016-07-21 22:01:18 |
| 11293 || -5.27406978580096 || 2012-02-10 09:15:33 |
| 11294 || 69.5637538637687 || 2016-04-14 14:46:28 |
| 11295 || 73.304834604175 || 2013-01-21 06:31:30 |
| 11296 || 21.4059061255533 || 2014-11-19 09:25:08 |
| 11297 || -0.0404163867338427 || 2012-09-12 06:04:51 |
| 11298 || 8.2129912715891 || 2014-11-15 01:19:19 |
| 11299 || -19.239380927678 || 2016-09-06 19:28:25 |
| 11300 || -5.5193389525313 || 2018-08-01 01:03:19 |
| 11301 || 25.8601640451653 || 2013-10-17 22:55:45 |
| 11302 || 0.0612117957205094 || 2017-07-01 20:02:42 |
| 11303 || 18.8065121339188 || 2016-05-06 16:28:14 |
| 11304 || 12.4046574295859 || 2015-03-02 09:02:49 |
| 11305 || 13.3616930486384 || 2017-06-07 21:34:26 |
| 11306 || 23.0072688372164 || 2014-09-27 03:17:26 |
| 11307 || 0.00557595430132236 || 2011-12-12 20:34:41 |
| 11308 || 25.2512218895676 || 2013-06-12 02:08:39 |
| 11309 || -16.463372111613 || 2015-06-12 06:37:59 |
| 11310 || 6.47791725745566 || 2017-06-02 00:58:57 |
| 11311 || 17.5481510825326 || 2019-03-04 22:21:17 |
| 11312 || -0.0433958158085233 || 2011-10-03 03:18:24 |
| 11313 || 4.67455601173116 || 2013-05-14 10:33:27 |
| 11314 || -24.8407691072918 || 2017-10-23 02:08:31 |
| 11315 || -28.297840134334 || 2014-03-15 16:33:13 |
| 11316 || 13.2713308178744 || 2011-07-17 12:06:02 |
| 11317 || 0.527429861871498 || 2015-04-15 04:15:59 |
| 11318 || 10.0782803043333 || 2013-03-01 02:38:50 |
| 11319 || 67.8229566244647 || 2013-06-09 20:14:36 |
| 11320 || 87.9368535246496 || 2011-10-23 21:46:48 |
| 11321 || 20.7938957609835 || 2015-12-12 06:09:54 |
| 11322 || 1.37840706885333 || 2018-12-14 06:01:41 |
| 11323 || -3.16559966382061 || 2016-03-06 19:33:57 |
| 11324 || 16.8791577347571 || 2013-10-10 08:05:55 |
| 11325 || 14.1964094246106 || 2014-06-05 20:51:29 |
| 11326 || -5.64408506724009 || 2019-12-10 18:20:42 |
| 11327 || -1.29867301869957 || 2018-05-13 00:07:26 |
| 11328 || 10.0120202905029 || 2017-11-21 10:33:02 |
| 11329 || -15.3295826146459 || 2014-04-27 17:51:23 |
| 11330 || 37.7025069804889 || 2014-07-13 20:25:09 |
| 11331 || 47.6425408159011 || 2019-02-25 01:46:07 |
| 11332 || -2.31647305666938 || 2012-11-14 10:31:30 |
| 11333 || 7.33737735642802 || 2011-01-16 21:18:35 |
| 11334 || 13.5142448159418 || 2017-09-26 01:40:57 |
| 11335 || 49.7707913479706 || 2012-01-09 16:31:20 |
| 11336 || -20.6076642184984 || 2012-10-03 23:25:29 |
| 11337 || 8.8356293774547 || 2018-01-14 19:04:29 |
| 11338 || 0.0486778756359267 || 2017-08-14 02:02:08 |
| 11339 || 39.8810968061067 || 2015-04-14 16:31:33 |
| 11340 || 5.61541854448928 || 2015-05-16 12:44:05 |
| 11341 || -19.8821469747702 || 2012-06-10 03:17:03 |
| 11342 || 8.60938202946802 || 2018-08-16 13:24:05 |
| 11343 || -0.214860607943334 || 2011-03-09 00:29:53 |
| 11344 || -12.9351265555818 || 2014-08-16 02:57:05 |
| 11345 || 34.978852606383 || 2014-10-15 10:23:12 |
| 11346 || 9.52389716690818 || 2019-04-24 22:20:30 |
| 11347 || 20.028329604749 || 2014-09-09 17:36:49 |
| 11348 || -0.348860153904212 || 2012-12-25 07:21:31 |
| 11349 || 31.2910224157596 || 2013-04-23 15:50:16 |
| 11350 || 76.0611743504145 || 2019-06-13 16:47:12 |
| 11351 || 75.8544978045237 || 2017-03-27 05:27:37 |
| 11352 || -5.16575738264791 || 2019-07-05 21:15:06 |
| 11353 || 0.191203467216213 || 2019-12-01 08:54:45 |
| 11354 || 34.1772567380266 || 2010-12-23 20:13:37 |
| 11355 || 16.3661708074915 || 2011-02-16 21:15:34 |
| 11356 || 74.9483630664438 || 2011-05-13 00:39:42 |
| 11357 || -3.25971755945069 || 2016-07-23 15:15:19 |
| 11358 || -0.00468970139847918 || 2014-01-07 21:10:07 |
| 11359 || 15.2530340559961 || 2011-03-22 20:32:21 |
| 11360 || 55.4596099499996 || 2019-12-19 20:27:39 |
| 11361 || -27.3445134729258 || 2019-09-02 19:40:12 |
| 11362 || 23.8021347297812 || 2016-11-10 13:08:22 |
| 11363 || 0.456507365862754 || 2018-09-26 03:55:53 |
| 11364 || 21.960326735533 || 2010-11-03 23:15:59 |
| 11365 || -1.46343525838772 || 2012-01-12 12:30:43 |
| 11366 || 50.8927748499159 || 2012-07-18 22:31:53 |
| 11367 || -10.0128805150521 || 2015-03-06 00:54:15 |
| 11368 || -0.419804338635719 || 2018-03-13 19:15:52 |
| 11369 || 8.87398013995412 || 2019-08-22 06:25:50 |
| 11370 || -23.4271338874615 || 2012-09-02 07:45:19 |
| 11371 || 43.1470007120358 || 2017-10-08 04:28:27 |
| 11372 || -15.6761385219523 || 2012-03-02 04:02:19 |
| 11373 || -1.07443744835256 || 2010-10-14 03:30:10 |
| 11374 || -1.76065876101393 || 2010-12-04 14:47:04 |
| 11375 || 25.0908674864722 || 2016-10-08 05:26:05 |
| 11376 || 63.562866534245 || 2018-06-02 04:10:43 |
| 11377 || 47.5565884479593 || 2010-05-18 14:53:51 |
| 11378 || 5.51738781749058 || 2010-11-16 04:00:45 |
| 11379 || -3.50566442709856 || 2019-05-12 17:24:07 |
| 11380 || 30.503946767056 || 2015-05-15 18:41:22 |
| 11381 || -28.9263072752594 || 2011-06-04 04:58:30 |
| 11382 || -17.0376702078084 || 2019-08-15 06:44:18 |
| 11383 || -2.41236270876292 || 2015-06-22 22:06:09 |
| 11384 || 1.45813294601867 || 2017-02-07 02:33:42 |
| 11385 || -18.5481400681102 || 2018-01-24 02:16:14 |
| 11386 || -8.85845663098809 || 2019-12-01 08:35:32 |
| 11387 || -12.8385427567911 || 2018-04-03 13:26:54 |
| 11388 || 11.3494775416181 || 2014-10-05 00:37:03 |
| 11389 || -1.35974938754926 || 2016-08-01 12:53:48 |
| 11390 || 31.6650822200222 || 2013-02-05 04:27:27 |
| 11391 || 35.8562800166308 || 2019-07-26 12:54:10 |
| 11392 || -10.2582580682059 || 2018-08-01 00:27:49 |
| 11393 || -4.64882555094534 || 2017-03-01 18:50:04 |
| 11394 || 0.210142203114488 || 2011-11-06 02:55:48 |
| 11395 || 45.9496515505865 || 2016-06-25 01:31:30 |
| 11396 || -23.7048824758594 || 2015-01-09 20:34:41 |
| 11397 || -23.2830491047513 || 2015-07-09 08:58:57 |
| 11398 || 8.81597842898601 || 2011-12-20 17:35:56 |
| 11399 || -0.416271345549149 || 2017-02-12 15:55:16 |
| 11400 || -11.671732377027 || 2018-07-15 01:57:04 |
| 11401 || 64.5485121119144 || 2014-06-27 01:53:11 |
| 11402 || -25.503394136025 || 2015-03-15 10:46:08 |
| 11403 || 5.37350724223988 || 2011-11-06 19:27:12 |
| 11404 || 0.0431757689056163 || 2012-06-04 00:26:55 |
| 11405 || -8.68646040664847 || 2019-09-04 13:58:01 |
| 11406 || 66.1128818344659 || 2014-04-01 05:57:12 |
| 11407 || 77.5803242619298 || 2017-06-01 11:03:03 |
| 11408 || -4.13841350772814 || 2014-10-18 08:50:36 |
| 11409 || 8.40930445320774e-05 || 2019-12-16 07:29:25 |
| 11410 || 7.710252757498 || 2011-03-18 23:10:30 |
| 11411 || 61.0163331642977 || 2010-09-24 10:01:34 |
| 11412 || 61.6615990701999 || 2012-08-08 16:15:33 |
| 11413 || 34.1040440678238 || 2016-02-16 06:43:31 |
| 11414 || -0.106108675948186 || 2016-11-08 23:00:25 |
| 11415 || -0.401711954822269 || 2010-05-12 23:21:30 |
| 11416 || -8.32113524674958 || 2010-02-02 05:40:29 |
| 11417 || 73.9944234239502 || 2017-12-04 10:16:17 |
| 11418 || 32.2702593562929 || 2010-06-19 09:18:57 |
| 11419 || -0.436179871808904 || 2015-02-10 11:46:54 |
| 11420 || 8.36640197751214 || 2017-06-04 05:32:37 |
| 11421 || 53.7672912318176 || 2013-09-19 16:08:11 |
| 11422 || 57.5407752273338 || 2015-06-21 02:01:40 |
| 11423 || 42.9403756526542 || 2016-10-08 18:59:21 |
| 11424 || -0.0406019075289045 || 2016-05-12 20:57:19 |
| 11425 || -0.856051472471649 || 2011-07-08 18:07:28 |
| 11426 || 2.58451108270835 || 2017-06-24 19:11:00 |
| 11427 || -25.3750233777076 || 2019-09-02 18:12:34 |
| 11428 || 32.9429809851044 || 2011-03-08 14:00:29 |
| 11429 || 4.96241449188906 || 2010-06-18 09:59:24 |
| 11430 || -2.49024199320289 || 2017-10-19 03:51:46 |
| 11431 || 45.1607989618211 || 2014-06-16 11:42:27 |
| 11432 || 2.26406559316064 || 2017-05-12 14:18:12 |
| 11433 || 3.61478890153101 || 2016-01-25 18:07:07 |
| 11434 || 3.24383295155625 || 2013-07-21 02:01:55 |
| 11435 || -2.7841410250578 || 2014-07-23 07:08:44 |
| 11436 || -0.261075648806007 || 2019-02-24 17:03:27 |
| 11437 || 35.9434966166866 || 2015-12-26 23:53:25 |
| 11438 || -15.4361481167474 || 2016-04-07 20:17:45 |
| 11439 || 9.59068789668657 || 2014-04-22 22:46:44 |
| 11440 || -0.385934890754887 || 2019-09-27 21:52:22 |
| 11441 || 42.806256291261 || 2016-06-16 23:35:50 |
| 11442 || -14.1275942609119 || 2011-05-17 19:29:03 |
| 11443 || 34.3995388096132 || 2016-04-15 23:31:27 |
| 11444 || 14.1878809581442 || 2015-10-10 20:16:29 |
| 11445 || -0.717864716935106 || 2013-12-13 05:10:48 |
| 11446 || -15.4286997648378 || 2017-09-21 01:54:06 |
| 11447 || 5.17438026528553 || 2013-04-03 12:25:08 |
| 11448 || 1.16222889264676 || 2016-02-15 14:05:55 |
| 11449 || -6.3042693926236 || 2010-06-25 05:15:47 |
| 11450 || -0.442451495891778 || 2014-01-26 08:35:20 |
| 11451 || -13.7467895821885 || 2012-02-10 03:59:59 |
| 11452 || 38.4416756081685 || 2014-09-09 18:30:32 |
| 11453 || -18.8658002010393 || 2015-08-19 21:02:39 |
| 11454 || 23.2627247109694 || 2017-07-09 19:25:49 |
| 11455 || 0.163294513671994 || 2011-07-25 22:38:35 |
| 11456 || -5.9596535304875 || 2018-07-01 14:23:29 |
| 11457 || 79.647624864147 || 2015-02-09 12:00:41 |
| 11458 || 60.0543507025394 || 2014-10-01 22:39:27 |
| 11459 || 8.20272079696862 || 2011-12-07 00:51:25 |
| 11460 || 0.00843918405823169 || 2018-11-06 00:47:11 |
| 11461 || 3.90342531075698 || 2015-06-26 06:07:20 |
| 11462 || 68.3314847877533 || 2010-04-10 22:04:56 |
| 11463 || 43.0633937634679 || 2019-06-25 07:40:26 |
| 11464 || -9.50575181385625 || 2019-10-17 15:09:03 |
| 11465 || 0.213999679041578 || 2016-09-26 23:35:01 |
| 11466 || 6.20925809166474 || 2011-08-19 21:58:33 |
| 11467 || -19.4127088164664 || 2019-06-17 07:18:36 |
| 11468 || -13.0295049369754 || 2010-04-08 03:02:06 |
| 11469 || 36.9146729910666 || 2015-12-27 20:54:14 |
| 11470 || -0.0960250611115074 || 2016-06-12 17:30:51 |
| 11471 || 2.18622258554324 || 2016-02-06 18:07:53 |
| 11472 || 57.5179008965971 || 2011-08-25 01:29:10 |
| 11473 || -8.16378772283281 || 2012-06-12 10:34:46 |
| 11474 || -9.27537737503745 || 2016-06-27 22:22:01 |
| 11475 || -0.218831529544648 || 2014-08-22 23:53:11 |
| 11476 || 12.8416810591694 || 2018-06-11 21:18:04 |
| 11477 || -7.34785600556574 || 2016-08-02 08:36:07 |
| 11478 || 42.5426320289433 || 2011-07-16 14:35:44 |
| 11479 || -13.1370733810164 || 2010-10-18 13:42:50 |
| 11480 || 4.07124119723523 || 2017-12-08 17:05:23 |
| 11481 || 1.97891479050712 || 2018-03-05 23:26:48 |
| 11482 || 16.6629132745994 || 2017-11-17 00:02:58 |
| 11483 || -26.0427107133701 || 2017-01-21 20:57:37 |
| 11484 || 12.0353893500604 || 2018-11-05 09:04:00 |
| 11485 || -1.88965809766375 || 2019-12-05 04:10:25 |
| 11486 || 8.81853812748427 || 2019-09-17 19:50:34 |
| 11487 || 52.040093573517 || 2011-10-15 16:31:19 |
| 11488 || 68.0557487097003 || 2014-01-20 20:24:07 |
| 11489 || 49.4450957658359 || 2013-02-10 07:50:36 |
| 11490 || 9.86546519804973 || 2011-07-14 09:39:58 |
| 11491 || 3.55817508023709 || 2018-10-15 05:14:26 |
| 11492 || 33.2778653648843 || 2019-10-16 21:00:27 |
| 11493 || 82.3373165623333 || 2017-01-08 12:14:36 |
| 11494 || 51.0566921601312 || 2010-07-25 17:30:12 |
| 11495 || 14.3007755376965 || 2010-07-03 21:41:33 |
| 11496 || 3.6160067806148 || 2013-07-27 02:56:20 |
| 11497 || 29.5240886760013 || 2017-04-23 02:19:18 |
| 11498 || 23.7053252794926 || 2013-06-27 08:58:59 |
| 11499 || 8.05173986758956 || 2014-01-06 00:44:20 |
| 11500 || 18.7053215966295 || 2012-01-19 03:15:50 |
| 11501 || -0.441629553139041 || 2016-11-03 03:10:54 |
| 11502 || 40.5761809523694 || 2010-07-18 03:06:39 |
| 11503 || -1.27169588105834 || 2017-07-26 19:04:35 |
| 11504 || -24.8302576633948 || 2010-05-01 21:18:08 |
| 11505 || 5.40807024351403 || 2016-03-03 16:49:40 |
| 11506 || 0.603188007762425 || 2016-11-27 07:04:13 |
| 11507 || 8.65437412248631 || 2013-01-03 14:29:10 |
| 11508 || -27.0433660008102 || 2018-06-03 21:06:12 |
| 11509 || 66.8610254716824 || 2013-09-14 08:27:12 |
| 11510 || -6.27617406561892 || 2012-04-03 08:19:22 |
| 11511 || -0.0137966024197861 || 2013-02-04 07:17:57 |
| 11512 || 0.859501584102842 || 2011-01-05 22:54:35 |
| 11513 || 48.8748967556709 || 2018-06-07 22:04:35 |
| 11514 || 82.0027051601452 || 2012-01-06 21:12:21 |
| 11515 || 19.0999975730743 || 2015-03-16 12:55:50 |
| 11516 || 0.125456751992013 || 2013-10-03 23:29:43 |
| 11517 || -2.00720488670658 || 2011-01-17 23:52:21 |
| 11518 || -19.9230877450997 || 2018-01-27 18:27:44 |
| 11519 || 51.7098804114781 || 2018-11-03 15:05:16 |
| 11520 || 10.287251701347 || 2014-03-22 23:08:19 |
| 11521 || -0.280796178564193 || 2016-10-20 14:40:43 |
| 11522 || 15.5170721128443 || 2010-10-09 21:23:32 |
| 11523 || 68.7475006362675 || 2016-04-01 03:45:21 |
| 11524 || -21.9725963688195 || 2016-05-13 12:56:49 |
| 11525 || -4.56175210761914 || 2016-11-18 21:06:13 |
| 11526 || -0.535412474766405 || 2016-11-03 05:56:45 |
| 11527 || -0.232102525969644 || 2013-03-14 09:57:17 |
| 11528 || 13.2555429370469 || 2013-10-15 16:32:43 |
| 11529 || 63.491788247411 || 2014-09-16 19:54:20 |
| 11530 || 46.8885405600467 || 2011-10-21 22:59:26 |
| 11531 || 1.46568841618872 || 2014-06-11 16:47:44 |
| 11532 || 11.6519156916325 || 2018-03-06 03:11:35 |
| 11533 || 40.5616987553883 || 2019-10-11 22:27:12 |
| 11534 || 12.0706560708588 || 2011-10-05 10:18:00 |
| 11535 || 22.9986555133993 || 2011-08-25 20:03:33 |
| 11536 || 5.58037668393551 || 2012-05-19 20:43:46 |
| 11537 || 3.10286636782664 || 2019-10-01 08:43:57 |
| 11538 || 44.4166108510667 || 2018-09-27 23:09:47 |
| 11539 || 53.3636694547961 || 2017-11-25 17:46:18 |
| 11540 || 48.1881345236117 || 2019-11-03 23:58:00 |
| 11541 || -3.33652541200919 || 2011-03-12 02:16:34 |
| 11542 || 2.34199311340482 || 2010-04-07 21:27:29 |
| 11543 || -13.4114088113799 || 2017-03-05 05:10:21 |
| 11544 || 53.2733875103812 || 2010-01-02 04:11:19 |
| 11545 || -21.6368655907393 || 2016-02-02 13:30:18 |
| 11546 || 12.8708360657496 || 2010-08-25 11:12:43 |
| 11547 || 3.21805187886306 || 2019-06-02 13:56:16 |
| 11548 || 16.8306712777816 || 2013-02-14 21:24:01 |
| 11549 || -28.3583260309554 || 2019-05-26 14:04:37 |
| 11550 || 69.6802145682181 || 2014-08-27 00:52:03 |
| 11551 || 7.99719251932993 || 2013-11-14 21:24:19 |
| 11552 || 2.09749591056285 || 2010-03-01 02:41:20 |
| 11553 || 43.6225072231954 || 2014-02-12 02:24:38 |
| 11554 || -25.385491707407 || 2015-02-07 12:19:55 |
| 11555 || 45.0914432402446 || 2018-06-14 02:26:03 |
| 11556 || 20.6827601065818 || 2013-05-22 12:29:34 |
| 11557 || 0.744521066220129 || 2012-01-20 07:34:11 |
| 11558 || 19.9182021238842 || 2015-10-22 19:11:09 |
| 11559 || -25.3774612329706 || 2018-08-02 10:59:14 |
| 11560 || 54.1174485520975 || 2014-07-23 20:23:37 |
| 11561 || 11.021910553768 || 2015-01-16 07:29:49 |
| 11562 || -0.0296898360008388 || 2018-07-26 06:09:24 |
| 11563 || 31.3289022860868 || 2013-08-06 08:36:59 |
| 11564 || 19.7835800000217 || 2019-04-17 12:29:55 |
| 11565 || -24.4332511632068 || 2019-10-07 10:37:56 |
| 11566 || 32.4088913686599 || 2018-10-11 05:46:31 |
| 11567 || -0.0104617467249599 || 2016-12-06 06:40:26 |
| 11568 || -4.39461663103767 || 2012-09-27 20:26:42 |
| 11569 || 23.301853232717 || 2010-10-07 03:16:10 |
| 11570 || 12.0144135183888 || 2010-08-25 21:45:23 |
| 11571 || 28.8669051062109 || 2015-09-02 06:57:58 |
| 11572 || 0.693968485818152 || 2010-05-09 14:55:32 |
| 11573 || 18.2455803060895 || 2013-11-06 04:36:25 |
| 11574 || 54.5793976360416 || 2010-05-08 19:14:47 |
| 11575 || 84.598738426743 || 2015-11-18 08:06:34 |
| 11576 || 6.1260284171947 || 2017-04-08 03:39:34 |
| 11577 || 1.67471806977824 || 2018-12-26 07:19:43 |
| 11578 || -3.92132164768182 || 2013-05-02 07:38:06 |
| 11579 || 8.54642119487674 || 2015-08-21 17:03:38 |
| 11580 || -22.8317882312058 || 2014-01-25 10:41:06 |
| 11581 || 2.70088443701685 || 2010-12-04 19:07:28 |
| 11582 || -0.575446066228255 || 2014-02-24 09:17:36 |
| 11583 || -2.51598586843402 || 2019-04-24 17:39:34 |
| 11584 || 3.62178908041187 || 2014-05-05 04:31:28 |
| 11585 || 71.0122173119865 || 2011-07-08 15:32:24 |
| 11586 || 53.9430658866896 || 2016-11-06 09:18:51 |
| 11587 || 5.45225844509385 || 2012-11-17 09:32:22 |
| 11588 || 5.31549395640952 || 2012-08-08 18:55:19 |
| 11589 || -2.89004066579287 || 2014-07-01 15:01:27 |
| 11590 || -27.4901852821203 || 2012-07-10 19:11:01 |
| 11591 || -13.4633250050685 || 2015-07-04 11:10:24 |
| 11592 || -2.43484917810818 || 2017-04-13 23:24:46 |
| 11593 || 5.3594246439224 || 2011-11-18 10:43:29 |
| 11594 || -17.7011465652375 || 2016-12-13 11:11:06 |
| 11595 || 20.225942501918 || 2014-01-13 16:00:04 |
| 11596 || 56.4380803998624 || 2010-07-18 07:55:48 |
| 11597 || -4.05901562121344 || 2013-09-09 22:51:05 |
| 11598 || 1.99361179101277 || 2012-01-18 12:08:42 |
| 11599 || 1.30243849129207 || 2011-05-25 20:50:50 |
| 11600 || 24.6991993797631 || 2012-06-13 16:34:09 |
| 11601 || 36.5487467347155 || 2014-01-10 00:13:11 |
| 11602 || 9.77590969353766 || 2016-08-03 12:14:33 |
| 11603 || 2.33656442488402 || 2010-11-25 00:02:16 |
| 11604 || -3.7724055642768 || 2013-10-18 20:26:23 |
| 11605 || -26.9482453036683 || 2015-04-11 15:17:55 |
| 11606 || 58.4814162102462 || 2015-03-24 01:20:30 |
| 11607 || -6.16462792071056 || 2014-05-03 22:52:04 |
| 11608 || -0.290613567847416 || 2013-07-18 21:47:08 |
| 11609 || 17.8678327068956 || 2016-06-23 10:28:10 |
| 11610 || 34.9474051920226 || 2010-08-02 04:50:48 |
| 11611 || -22.6906019032029 || 2016-12-19 21:30:43 |
| 11612 || 4.79388556125918 || 2014-02-13 20:16:45 |
| 11613 || -0.0241500289528524 || 2012-10-23 11:03:28 |
| 11614 || 4.37096648548784 || 2010-02-23 12:48:54 |
| 11615 || 49.0893244020672 || 2014-12-15 04:24:13 |
| 11616 || -5.5306104596163 || 2014-08-20 06:45:29 |
| 11617 || -9.02175509118391 || 2012-01-09 10:28:57 |
| 11618 || -0.00566446710125863 || 2013-03-04 08:06:57 |
| 11619 || -7.05120256629623 || 2010-07-22 16:17:19 |
| 11620 || 43.4151760961253 || 2018-06-13 20:08:22 |
| 11621 || 75.3332659708063 || 2012-05-21 19:10:33 |
| 11622 || -12.0569365786563 || 2017-11-26 17:27:45 |
| 11623 || -0.071108235280931 || 2011-06-16 16:38:41 |
| 11624 || 23.3735437922235 || 2019-11-09 04:16:07 |
| 11625 || 46.5923386759518 || 2014-09-14 02:20:54 |
| 11626 || -18.3762769745415 || 2016-03-05 06:58:53 |
| 11627 || 24.7781735743523 || 2015-12-15 02:15:23 |
| 11628 || 1.02929994742583 || 2018-11-16 21:11:38 |
| 11629 || 18.7115310659236 || 2015-05-27 10:46:34 |
| 11630 || 38.103130031755 || 2019-03-07 17:42:23 |
| 11631 || -22.5677870401238 || 2010-01-05 18:06:37 |
| 11632 || -15.4867680504034 || 2017-08-22 19:43:24 |
| 11633 || 2.53911601220394 || 2012-02-21 03:16:10 |
| 11634 || 11.298063250619 || 2017-01-10 02:12:42 |
| 11635 || -21.6523824337469 || 2016-07-24 03:43:52 |
| 11636 || -27.8995297547885 || 2014-02-22 14:23:58 |
| 11637 || 2.61115339471138 || 2013-12-26 14:52:14 |
| 11638 || 2.96702065081532 || 2013-07-23 18:16:39 |
| 11639 || 7.68790142869237 || 2010-04-05 10:26:56 |
| 11640 || -17.3694922994067 || 2013-12-11 23:44:06 |
| 11641 || -14.3795419441782 || 2010-07-22 07:31:40 |
| 11642 || -4.90413120182096 || 2015-10-15 10:15:45 |
| 11643 || 3.29774705032077 || 2016-10-17 07:24:16 |
| 11644 || -0.263089830554862 || 2018-01-21 08:46:06 |
| 11645 || 0.0662482693572481 || 2010-05-10 16:10:05 |
| 11646 || 75.14161814974 || 2013-02-13 10:35:07 |
| 11647 || -21.1095849189479 || 2012-04-01 08:45:32 |
| 11648 || 6.33194937984209 || 2013-11-04 18:16:50 |
| 11649 || 2.71719262312075 || 2011-11-06 11:32:51 |
| 11650 || -16.2392191351466 || 2013-11-05 08:49:14 |
| 11651 || -12.9606938365653 || 2013-02-13 12:28:50 |
| 11652 || -22.6870252505266 || 2011-01-14 20:57:04 |
| 11653 || 1.55008171381659 || 2012-04-21 19:06:56 |
| 11654 || 2.67514848780429 || 2016-12-04 16:56:58 |
| 11655 || 7.61547234231836 || 2015-01-10 17:42:37 |
| 11656 || -29.223636475619 || 2013-01-17 19:20:23 |
| 11657 || 34.3131919733382 || 2018-04-11 04:31:52 |
| 11658 || -6.48377041294378 || 2014-12-26 22:26:48 |
| 11659 || 0.601957065067304 || 2013-11-04 03:46:27 |
| 11660 || 33.3420394695035 || 2016-05-19 05:02:06 |
| 11661 || 72.7433693268309 || 2016-03-15 22:06:03 |
| 11662 || -16.1975985370516 || 2019-04-03 14:27:43 |
| 11663 || 7.06607486387341 || 2011-01-12 07:49:21 |
| 11664 || 0.215590064870553 || 2016-12-06 22:05:11 |
| 11665 || -2.8243824170078 || 2019-04-22 18:51:34 |
| 11666 || 82.8196965302325 || 2013-02-07 06:02:31 |
| 11667 || 75.4735085632251 || 2012-12-26 00:47:13 |
| 11668 || -2.65676065470851 || 2011-07-14 02:25:24 |
| 11669 || 0.00055684693584747 || 2013-01-05 02:15:42 |
| 11670 || 6.33457620521144 || 2019-01-22 20:19:51 |
| 11671 || -21.5718247204953 || 2018-08-10 14:38:45 |
| 11672 || 82.8860890951009 || 2013-02-23 02:47:22 |
| 11673 || 20.2143088456614 || 2012-09-24 00:45:11 |
| 11674 || -0.0968116413301308 || 2018-03-17 03:48:55 |
| 11675 || -5.77025325752754 || 2015-10-21 23:56:49 |
| 11676 || 69.9555950722063 || 2010-04-15 22:04:45 |
| 11677 || 5.48109886221559 || 2014-09-21 20:17:23 |
| 11678 || 17.1105006284697 || 2013-11-09 04:58:42 |
| 11679 || 0.0536582433295999 || 2015-10-04 10:18:11 |
| 11680 || 17.3805289837428 || 2017-12-15 10:14:57 |
| 11681 || 61.8449139516578 || 2012-01-10 00:49:51 |
| 11682 || -23.5540272697543 || 2018-03-15 23:49:34 |
| 11683 || 41.3148813329617 || 2015-10-23 05:21:45 |
| 11684 || -0.795313527524201 || 2019-06-04 04:00:13 |
| 11685 || -4.95847537607481 || 2015-04-25 09:50:23 |
| 11686 || -8.13127484263173 || 2018-07-26 09:33:39 |
| 11687 || 48.3452653759889 || 2013-10-20 10:05:38 |
| 11688 || 49.5038169271295 || 2017-01-19 01:59:39 |
| 11689 || 4.82646517289721 || 2018-02-18 15:09:15 |
| 11690 || 4.3782145088732 || 2019-02-16 12:32:04 |
| 11691 || -18.5534805708658 || 2015-05-22 02:36:45 |
| 11692 || 77.548255578714 || 2011-06-21 16:49:50 |
| 11693 || 46.2923111767564 || 2018-07-22 19:23:18 |
| 11694 || 6.74038648377854 || 2011-11-27 10:46:39 |
| 11695 || -2.42780200898409 || 2010-04-18 18:57:23 |
| 11696 || -17.7993094825243 || 2018-06-15 22:27:16 |
| 11697 || 13.573767187475 || 2018-09-14 07:02:52 |
| 11698 || 34.6545804189546 || 2013-11-20 01:04:39 |
| 11699 || 7.02066961345022 || 2013-08-26 23:12:40 |
| 11700 || -0.573068956170114 || 2019-01-11 07:32:54 |
| 11701 || -12.9678878443012 || 2017-05-23 19:56:12 |
| 11702 || -8.73883726191711 || 2015-02-24 17:47:58 |
| 11703 || -19.5776490472244 || 2017-08-24 17:18:52 |
| 11704 || -4.95428382323763 || 2014-11-20 18:02:29 |
| 11705 || 2.52109674587043 || 2015-12-24 05:43:31 |
| 11706 || -14.2295294805197 || 2012-09-14 14:48:39 |
| 11707 || -8.51006609512092 || 2017-12-23 09:14:43 |
| 11708 || 21.9243173688992 || 2014-06-06 13:19:30 |
| 11709 || 12.7505705400595 || 2018-09-24 10:12:09 |
| 11710 || -0.0931700994950922 || 2012-05-16 20:35:44 |
| 11711 || -9.06842899837765 || 2011-12-19 22:12:58 |
| 11712 || 76.5557717556693 || 2010-07-14 04:29:08 |
| 11713 || 35.0349478225643 || 2017-02-22 07:01:09 |
| 11714 || -7.92571190254512 || 2015-04-04 15:39:35 |
| 11715 || 0.379353960334657 || 2015-11-13 18:29:35 |
| 11716 || 31.8524321837474 || 2018-01-19 21:29:09 |
| 11717 || 73.6309863620251 || 2011-05-02 23:39:40 |
| 11718 || 75.0239750452353 || 2013-07-07 12:13:31 |
| 11719 || -3.12947054705295 || 2011-12-07 21:19:32 |
| 11720 || 0.00412874391625881 || 2018-07-25 03:13:21 |
| 11721 || -7.24299307366449 || 2014-01-13 15:24:35 |
| 11722 || 4.03080309667213 || 2018-05-11 11:43:59 |
| 11723 || 44.198395085023 || 2015-09-24 08:26:12 |
| 11724 || 14.2065807473015 || 2017-01-22 05:07:46 |
| 11725 || 0.229517381212225 || 2017-10-01 15:46:08 |
| 11726 || -8.5263069491771 || 2018-04-12 14:13:39 |
| 11727 || 50.984074707406 || 2015-09-19 05:46:49 |
| 11728 || 72.3165499058604 || 2010-01-21 08:06:38 |
| 11729 || 31.1179097227679 || 2019-09-04 23:49:25 |
| 11730 || -0.291965599994365 || 2016-09-20 21:05:27 |
| 11731 || 20.0502599344346 || 2013-11-01 12:27:49 |
| 11732 || -23.7937395622126 || 2012-09-15 03:39:36 |
| 11733 || -18.5900862701577 || 2010-03-12 21:26:33 |
| 11734 || 6.56985434966839 || 2014-01-16 11:47:59 |
| 11735 || 2.27813283619348 || 2013-10-05 08:32:10 |
| 11736 || -5.42627498902661 || 2014-09-12 21:52:23 |
| 11737 || 23.7300881205907 || 2016-02-07 13:55:33 |
| 11738 || 89.0381625284251 || 2015-10-21 15:19:29 |
| 11739 || -6.88185870049337 || 2017-10-09 05:56:54 |
| 11740 || 0.0229682660471409 || 2010-03-10 16:10:11 |
| 11741 || 10.2393893085411 || 2010-07-03 17:18:19 |
| 11742 || 56.5905840288271 || 2017-10-08 09:06:13 |
| 11743 || -28.261306920612 || 2012-04-19 13:26:08 |
| 11744 || 5.54441275596289 || 2014-11-15 18:42:37 |
| 11745 || -2.53134594458765 || 2013-08-26 02:25:41 |
| 11746 || 8.87291499864753 || 2017-07-04 07:24:09 |
| 11747 || 55.5462537497378 || 2012-09-19 08:53:50 |
| 11748 || -28.8713965306367 || 2015-06-11 01:17:12 |
| 11749 || 24.8457425876722 || 2015-09-05 16:10:42 |
| 11750 || -0.612826077727827 || 2015-06-22 12:48:50 |
| 11751 || -1.26554451673661 || 2015-04-06 13:45:04 |
| 11752 || 29.6576434598504 || 2019-07-19 23:04:33 |
| 11753 || 26.99872291934 || 2016-07-15 23:44:03 |
| 11754 || 43.4095028942536 || 2016-02-26 06:26:18 |
| 11755 || 5.96761720197788 || 2019-01-24 00:51:32 |
| 11756 || 0.194487406356788 || 2010-04-20 12:02:44 |
| 11757 || 24.5045658003528 || 2018-11-03 08:42:08 |
| 11758 || 73.8371224846731 || 2014-01-14 06:56:45 |
| 11759 || -14.8441615566927 || 2010-03-24 16:33:10 |
| 11760 || 5.36955078622329 || 2017-07-22 20:13:41 |
| 11761 || 1.43973138430371 || 2012-12-12 03:18:02 |
| 11762 || 39.169160738976 || 2012-12-14 05:23:23 |
| 11763 || 84.6636679106662 || 2015-06-01 17:41:01 |
| 11764 || 3.34783578082803 || 2017-07-17 17:53:40 |
| 11765 || 18.7049742315612 || 2016-03-26 11:09:35 |
| 11766 || 0.368924112671324 || 2011-12-27 02:27:42 |
| 11767 || -11.5543734741355 || 2014-12-08 00:45:31 |
| 11768 || 1.84928842238864 || 2012-01-17 00:26:49 |
| 11769 || 16.8582691510595 || 2019-07-08 07:21:32 |
| 11770 || 20.6248101801377 || 2011-04-05 02:16:36 |
| 11771 || -5.69887478554061e-05 || 2017-01-19 06:56:58 |
| 11772 || -8.54410881295163 || 2014-11-06 20:58:04 |
| 11773 || -18.1344280894327 || 2015-03-04 13:43:37 |
| 11774 || 66.5113756851024 || 2010-01-06 00:14:42 |
| 11775 || 21.7273667487897 || 2016-07-03 14:47:01 |
| 11776 || 0.0203068176227747 || 2018-01-23 12:48:15 |
| 11777 || 8.93473059959068 || 2010-03-14 07:39:29 |
| 11778 || 49.5122836473234 || 2011-01-16 15:56:43 |
| 11779 || 2.37279000041702 || 2016-06-16 20:38:16 |
| 11780 || 26.4560813048535 || 2019-01-11 01:09:44 |
| 11781 || -0.24478600584526 || 2015-01-02 01:43:47 |
| 11782 || -4.05111386746223 || 2019-02-03 11:38:35 |
| 11783 || 16.3196774787289 || 2019-08-09 03:56:35 |
| 11784 || 87.2462181714197 || 2019-10-12 00:21:03 |
| 11785 || 3.06408581089873 || 2019-01-25 12:49:04 |
| 11786 || 0.294949756599551 || 2017-03-04 19:32:57 |
| 11787 || 1.83781060655735 || 2017-09-16 12:27:35 |
| 11788 || -0.144549301414265 || 2015-06-04 02:56:07 |
| 11789 || -24.0916726015867 || 2013-12-09 20:38:37 |
| 11790 || -16.6204623516963 || 2018-04-04 04:20:13 |
| 11791 || -0.957249983875153 || 2012-06-17 20:56:34 |
| 11792 || 9.76580092638099 || 2016-06-05 08:25:30 |
| 11793 || 42.9896883316832 || 2016-01-02 17:03:57 |
| 11794 || 83.4812874702423 || 2017-05-22 02:52:38 |
| 11795 || 28.2495142211742 || 2011-02-26 03:24:06 |
| 11796 || 6.97770631894167 || 2012-05-19 22:27:48 |
| 11797 || 7.08234986441277 || 2016-01-02 11:58:19 |
| 11798 || 58.3177249268319 || 2018-08-04 05:02:28 |
| 11799 || -13.1426591506883 || 2011-06-17 20:38:47 |
| 11800 || -19.8878354366814 || 2017-11-03 20:32:01 |
| 11801 || 8.11000997982817 || 2011-01-12 22:30:54 |
| 11802 || 0.792896760667539 || 2011-04-26 15:42:51 |
| 11803 || 10.4472888262956 || 2014-07-17 10:32:26 |
| 11804 || -8.73584582444686 || 2011-12-14 16:45:19 |
| 11805 || 40.0790467272489 || 2011-02-03 19:09:29 |
| 11806 || 13.8800958647194 || 2017-11-20 11:08:42 |
| 11807 || 1.98295726723714 || 2014-10-15 00:33:09 |
| 11808 || -2.01600680385614 || 2014-04-08 07:52:44 |
| 11809 || 60.9504757328159 || 2017-10-15 16:27:17 |
| 11810 || 62.5817517797839 || 2018-05-01 20:02:31 |
| 11811 || -5.44601034323262 || 2011-11-21 10:50:09 |
| 11812 || 0.231377629877984 || 2017-05-20 07:00:35 |
| 11813 || 35.5682465282379 || 2019-12-12 05:32:21 |
| 11814 || 81.1180124481975 || 2010-06-11 16:46:10 |
| 11815 || -21.7406713822262 || 2011-04-02 16:49:27 |
| 11816 || 20.686941201586 || 2010-10-27 11:14:24 |
| 11817 || -0.181007800805371 || 2015-01-10 11:13:31 |
| 11818 || -12.6254303544949 || 2010-08-01 18:44:06 |
| 11819 || -7.55902050945158 || 2015-11-24 18:37:59 |
| 11820 || 40.36273519775 || 2018-07-19 14:25:44 |
| 11821 || 0.572883457340573 || 2016-06-24 11:53:09 |
| 11822 || -0.00981782049318222 || 2018-07-25 11:11:05 |
| 11823 || -4.74451294392799 || 2019-08-01 02:49:21 |
| 11824 || 28.8821885134691 || 2012-12-23 10:33:39 |
| 11825 || 81.0774013732638 || 2019-02-27 02:30:51 |
| 11826 || 17.5712718938001 || 2015-10-19 18:13:32 |
| 11827 || 0.0855925610672008 || 2019-10-10 04:08:04 |
| 11828 || 10.0509998752959 || 2010-04-05 13:35:33 |
| 11829 || -25.2824719891908 || 2018-03-02 15:28:16 |
| 11830 || 11.7603680562468 || 2011-06-26 12:01:59 |
| 11831 || 19.3161180959176 || 2010-04-24 13:09:15 |
| 11832 || -0.0915648662862914 || 2019-11-25 09:08:40 |
| 11833 || 4.47123120937996 || 2013-08-27 00:51:17 |
| 11834 || -20.1069342977116 || 2018-11-24 16:50:32 |
| 11835 || -28.3045898121073 || 2018-12-15 08:32:33 |
| 11836 || 36.869555943682 || 2018-06-06 07:11:58 |
| 11837 || -0.684393287634364 || 2010-02-09 01:25:04 |
| 11838 || 16.1900133075239 || 2010-07-14 11:01:53 |
| 11839 || 25.6986938644202 || 2015-02-23 06:38:54 |
| 11840 || -18.0853053562765 || 2015-11-26 14:02:18 |
| 11841 || 47.9822921169167 || 2016-01-01 00:11:31 |
| 11842 || 3.75601871746946 || 2011-10-22 20:40:07 |
| 11843 || 10.4613140980116 || 2014-08-09 04:02:21 |
| 11844 || 16.9159606279567 || 2016-10-01 11:17:10 |
| 11845 || 77.4324924756363 || 2016-05-26 01:26:55 |
| 11846 || -6.64207336827262 || 2011-04-12 22:05:33 |
| 11847 || 1.87029492648946 || 2010-02-01 01:10:45 |
| 11848 || -0.184405428487872 || 2012-04-16 13:38:01 |
| 11849 || -15.455653459385 || 2015-02-13 04:22:26 |
| 11850 || 34.6864162883392 || 2010-02-08 02:04:18 |
| 11851 || 26.7299823729885 || 2010-08-22 22:22:58 |
| 11852 || -3.14541794505089 || 2014-11-10 02:17:46 |
| 11853 || 1.14405230063702 || 2018-09-26 07:44:29 |
| 11854 || 4.759921885845 || 2012-01-05 09:03:27 |
| 11855 || 80.7328436184605 || 2012-08-07 01:27:43 |
| 11856 || -20.7613442282818 || 2015-11-12 22:26:35 |
| 11857 || -2.01802972776399 || 2019-04-05 10:06:05 |
| 11858 || 4.03047324067298 || 2013-06-24 19:49:50 |
| 11859 || 30.5443915603613 || 2017-10-26 18:29:28 |
| 11860 || 79.913440530098 || 2018-11-18 11:00:06 |
| 11861 || -17.3299564089905 || 2019-06-09 23:54:52 |
| 11862 || -0.483815215850292 || 2015-05-18 11:03:44 |
| 11863 || 2.32213775626858 || 2012-11-12 00:01:57 |
| 11864 || 30.2033960096142 || 2018-07-26 02:01:02 |
| 11865 || 75.3962496129489 || 2010-01-22 07:41:41 |
| 11866 || -22.1291848068111 || 2019-08-18 19:35:18 |
| 11867 || 8.00656190486678 || 2019-01-20 13:02:14 |
| 11868 || 0.552477010594981 || 2015-10-27 19:36:30 |
| 11869 || 19.0108947247829 || 2019-05-02 01:40:45 |
| 11870 || 25.7391608411019 || 2010-07-26 12:51:37 |
| 11871 || 60.6307676745028 || 2012-07-16 20:22:30 |
| 11872 || 21.0660653344798 || 2017-06-21 12:08:40 |
| 11873 || 0.122901226278594 || 2013-06-12 12:32:27 |
| 11874 || 25.8252215307796 || 2015-05-16 15:27:43 |
| 11875 || 81.977466715924 || 2013-12-12 14:45:13 |
| 11876 || 0.840214336383788 || 2016-12-03 16:37:36 |
| 11877 || 23.0870331266855 || 2019-05-25 18:21:28 |
| 11878 || 0.033792380305601 || 2011-04-02 10:22:24 |
| 11879 || 17.5117229199606 || 2013-04-16 10:00:10 |
| 11880 || -16.8636108089501 || 2017-10-25 14:06:39 |
| 11881 || -0.351815910746496 || 2018-09-25 13:28:40 |
| 11882 || -1.65251345676745 || 2017-02-13 00:24:29 |
| 11883 || 0.329522959410918 || 2013-06-14 09:35:22 |
| 11884 || 6.45017919575317 || 2013-08-26 18:35:10 |
| 11885 || 57.6487214835229 || 2017-05-09 04:06:30 |
| 11886 || -26.9211105247349 || 2017-06-11 09:47:39 |
| 11887 || 41.4017100255858 || 2010-03-20 06:11:36 |
| 11888 || 1.73405772021442 || 2014-10-25 12:18:51 |
| 11889 || 3.25448785957227 || 2014-12-05 10:15:43 |
| 11890 || 27.2052089369512 || 2011-12-04 21:31:07 |
| 11891 || 85.0919973309898 || 2013-10-24 05:17:26 |
| 11892 || 21.2727705149606 || 2018-08-23 08:16:53 |
| 11893 || 2.42656174352469 || 2011-07-02 04:31:36 |
| 11894 || -2.1248493278127 || 2018-08-19 04:02:24 |
| 11895 || -21.3866570548925 || 2018-06-18 23:56:47 |
| 11896 || 81.0387517073178 || 2015-07-06 14:25:57 |
| 11897 || -17.3789699993541 || 2013-04-15 20:17:22 |
| 11898 || 4.5971882075919 || 2012-05-18 22:53:34 |
| 11899 || 10.3653628696131 || 2018-09-07 17:48:52 |
| 11900 || -20.443727936939 || 2012-08-04 05:36:03 |
| 11901 || 56.0914366719345 || 2018-07-05 11:33:33 |
| 11902 || 42.875356170194 || 2010-08-27 04:19:05 |
| 11903 || 1.37211568668791 || 2010-06-15 23:27:54 |
| 11904 || 3.79049855938202 || 2014-02-03 20:11:35 |
| 11905 || -16.9014158393439 || 2018-02-23 01:06:17 |
| 11906 || 86.0673213906758 || 2015-12-27 05:35:33 |
| 11907 || -13.0363181290455 || 2013-11-17 00:35:10 |
| 11908 || -4.04009898508229 || 2017-12-01 15:29:41 |
| 11909 || 3.10782300615317 || 2019-10-21 16:02:08 |
| 11910 || 34.0028375766072 || 2011-07-01 07:19:07 |
| 11911 || -27.1386863738609 || 2015-12-22 02:52:18 |
| 11912 || -22.5079742757739 || 2016-10-27 08:16:37 |
| 11913 || 1.5172035052821 || 2018-07-25 02:55:22 |
| 11914 || 0.0202021363812055 || 2013-10-20 09:40:58 |
| 11915 || 10.4504086032571 || 2016-06-04 23:14:23 |
| 11916 || 63.0336359863701 || 2019-03-17 05:10:09 |
| 11917 || -18.0251607978083 || 2016-11-26 15:00:10 |
| 11918 || -6.8187837870946 || 2010-05-10 23:07:52 |
| 11919 || 0.123863686448667 || 2017-01-15 11:31:05 |
| 11920 || -0.71926405803765 || 2012-10-06 08:01:50 |
| 11921 || -27.4100139203374 || 2011-03-19 10:36:47 |
| 11922 || 69.6768872325892 || 2019-03-02 13:29:39 |
| 11923 || -8.10543127112185 || 2013-01-04 12:08:38 |
| 11924 || 0.0580590282294648 || 2010-07-01 17:09:49 |
| 11925 || -6.19123046437885 || 2010-12-03 17:53:17 |
| 11926 || 27.9379639803999 || 2015-05-20 06:12:20 |
| 11927 || 44.1298160009847 || 2015-03-04 04:10:03 |
| 11928 || 15.644271103269 || 2016-04-01 08:57:32 |
| 11929 || 0.00284898125014242 || 2014-02-09 01:41:49 |
| 11930 || 0.698307979469488 || 2017-06-11 08:45:22 |
| 11931 || -11.6197115507294 || 2015-01-03 19:16:02 |
| 11932 || 83.3744228377536 || 2018-07-07 13:40:48 |
| 11933 || 32.2877567640971 || 2018-01-09 17:04:04 |
| 11934 || 0.219119320935864 || 2016-05-07 22:40:48 |
| 11935 || -7.66204427056649 || 2013-10-19 15:34:46 |
| 11936 || 22.4069613595424 || 2014-12-13 04:27:23 |
| 11937 || 22.5263603743054 || 2019-01-16 17:03:30 |
| 11938 || -0.693536247183238 || 2010-05-15 13:45:01 |
| 11939 || 1.48653678731063 || 2011-05-15 20:32:03 |
| 11940 || 18.097216276055 || 2019-04-25 08:15:50 |
| 11941 || 34.1881522982878 || 2019-08-19 14:27:40 |
| 11942 || -16.1771108421159 || 2010-06-23 00:13:47 |
| 11943 || 46.8031145333663 || 2019-03-01 23:09:04 |
| 11944 || 3.19014822916078 || 2013-01-16 08:27:38 |
| 11945 || 15.1037990321667 || 2013-10-14 15:03:37 |
| 11946 || -22.1771811953635 || 2011-10-06 03:55:04 |
| 11947 || -19.8902549194728 || 2013-12-10 17:55:48 |
| 11948 || 51.7228488666224 || 2010-06-04 21:09:19 |
| 11949 || -0.688988344522891 || 2017-01-01 21:36:31 |
| 11950 || 7.68376763918691 || 2012-12-05 03:47:39 |
| 11951 || 15.1395774110463 || 2019-03-14 04:41:25 |
| 11952 || 4.9310026563213 || 2011-10-15 01:35:38 |
| 11953 || 45.176947171401 || 2013-12-18 10:48:29 |
| 11954 || 8.24560017749428 || 2019-02-04 19:29:05 |
| 11955 || -2.6249704848364 || 2017-07-24 03:35:04 |
| 11956 || -15.2372507753259 || 2010-05-25 08:46:13 |
| 11957 || 44.754142484004 || 2011-06-12 22:42:34 |
| 11958 || 21.7225475600443 || 2011-09-02 21:55:41 |
| 11959 || 1.78252060695083 || 2014-05-19 00:20:39 |
| 11960 || 5.00718956238316 || 2011-09-09 13:56:40 |
| 11961 || -17.1327872227606 || 2014-09-07 07:28:55 |
| 11962 || -29.3060528773506 || 2016-04-23 06:52:25 |
| 11963 || -22.3814416612353 || 2011-09-13 13:50:46 |
| 11964 || 13.3741340543441 || 2013-02-15 23:00:35 |
| 11965 || -0.393692252160159 || 2011-07-05 23:44:34 |
| 11966 || 40.2495099406324 || 2010-11-23 11:46:17 |
| 11967 || -24.7614467674544 || 2011-07-15 17:36:31 |
| 11968 || 41.5234980934351 || 2013-05-04 03:08:12 |
| 11969 || 6.10344679751299 || 2016-08-10 07:57:48 |
| 11970 || 1.37755067729876 || 2013-08-06 23:12:29 |
| 11971 || 18.8875940857074 || 2010-04-02 00:34:11 |
| 11972 || -27.4400061768761 || 2011-02-01 22:24:40 |
| 11973 || 70.4325680493551 || 2017-10-10 22:41:41 |
| 11974 || 9.25334600761038 || 2015-08-26 23:23:46 |
| 11975 || 0.233403208583648 || 2014-10-22 22:02:23 |
| 11976 || -10.5495066006099 || 2014-10-05 09:37:00 |
| 11977 || 6.80469229125934 || 2019-04-10 15:40:01 |
| 11978 || -8.08342401534062 || 2015-05-23 03:46:42 |
| 11979 || 15.3390234418675 || 2017-06-16 01:57:12 |
| 11980 || 0.000206946416148817 || 2013-06-08 04:03:40 |
| 11981 || 14.0431985721456 || 2010-03-27 07:35:14 |
| 11982 || 31.019518033076 || 2011-11-04 15:34:37 |
| 11983 || 38.9757623794427 || 2018-02-20 13:02:54 |
| 11984 || -3.28311593414177 || 2015-12-04 16:28:17 |
| 11985 || -0.0974423310651051 || 2013-11-25 05:40:02 |
| 11986 || 19.7324168751789 || 2018-01-18 00:10:33 |
| 11987 || 11.4674795849777 || 2010-02-16 19:11:26 |
| 11988 || 59.9309687371315 || 2012-11-04 00:08:27 |
| 11989 || -7.68542345938806 || 2016-03-11 14:48:00 |
| 11990 || -0.207117443031629 || 2012-04-20 07:55:20 |
| 11991 || 19.4468836210801 || 2010-03-15 23:31:17 |
| 11992 || -20.9324345446217 || 2010-03-24 16:24:07 |
| 11993 || 13.7677567171819 || 2012-12-18 23:14:54 |
| 11994 || 19.8696861049976 || 2012-11-13 04:34:55 |
| 11995 || -0.103566758448745 || 2014-04-08 09:55:10 |
| 11996 || -0.195361927792769 || 2012-09-17 13:25:03 |
| 11997 || -7.99484320281069 || 2010-01-12 14:51:32 |
| 11998 || 86.4863556974645 || 2014-08-17 19:09:06 |
| 11999 || 32.0632915498183 || 2015-03-15 15:54:28 |
| 12000 || -0.494727208417576 || 2013-06-15 03:06:10 |
| 12001 || 2.07591229846785 || 2016-11-07 19:44:58 |
| 12002 || 15.2866626744093 || 2011-10-11 03:23:57 |
| 12003 || 23.43 || 2020-01-08 21:21:45 |
| 12004 || 11.251 || 2020-01-08 21:21:45 |
| 12005 || 32.1 || 2020-01-08 21:21:45 |
| 12006 || -5.334 || 2020-01-08 21:21:45 |
| 12007 || 14.8372 || 2020-01-08 21:21:45 |
| 12008 || 16.0509 || 2014-01-01 03:10:54 |
| 12009 || 19.333714973013 || 2012-09-10 15:57:38 |
| 12010 || 9.00536528828926 || 2017-08-12 18:42:34 |
| 12011 || -0.0338351934482962 || 2010-11-24 21:45:14 |
| 12012 || 38.6043654874825 || 2019-04-20 13:47:19 |
| 12013 || 71.5211065272267 || 2016-10-13 02:25:29 |
| 12014 || -21.9122558468299 || 2013-12-06 08:11:39 |
| 12015 || -1.27062275288997 || 2010-07-26 05:20:11 |
| 12016 || -0.123987108884446 || 2019-02-01 20:40:52 |
| 12017 || 47.0194453665044 || 2018-01-19 07:44:06 |
| 12018 || -22.7200795256545 || 2016-03-15 22:44:03 |
| 12019 || -13.5266169226403 || 2016-03-23 20:10:12 |
| 12020 || -5.94023005891797 || 2019-08-08 17:09:38 |
| 12021 || 1.53079783124544 || 2013-06-09 07:13:26 |
| 12022 || 24.6736202161061 || 2011-05-06 05:21:19 |
| 12023 || 81.2123524613974 || 2016-08-11 05:27:58 |
| 12024 || 73.4658749751542 || 2019-04-13 09:04:43 |
| 12025 || 18.5735511500027 || 2015-10-05 07:47:27 |
| 12026 || 0.244250223370956 || 2017-12-20 17:23:44 |
| 12027 || 1.7687584143239 || 2017-06-22 08:32:16 |
| 12028 || -15.1135790576982 || 2015-07-22 09:10:58 |
| 12029 || 68.4426549765684 || 2017-01-22 05:15:44 |
| 12030 || 18.7040048179242 || 2016-02-08 03:05:01 |
| 12031 || -0.00332941034693465 || 2010-06-19 03:44:44 |
| 12032 || 12.0776521093631 || 2015-04-03 09:25:19 |
| 12033 || 15.8032113963359 || 2010-06-22 22:43:02 |
| 12034 || 67.3144144496736 || 2018-09-19 05:14:06 |
| 12035 || -6.33020571978301 || 2012-06-03 19:36:52 |
| 12036 || 0.00208536900594656 || 2017-12-01 22:53:00 |
| 12037 || -5.53000493847174 || 2015-09-10 22:22:15 |
| 12038 || -23.5748269586126 || 2018-09-04 00:37:58 |
| 12039 || 61.2851434570961 || 2016-01-14 18:16:57 |
| 12040 || -8.59511672813397 || 2010-10-18 17:21:18 |
| 12041 || -0.151086181248881 || 2015-03-20 23:07:38 |
| 12042 || 15.9402677231069 || 2017-01-03 00:56:14 |
| 12043 || 16.6987802346709 || 2017-10-27 03:04:47 |
| 12044 || 79.3937294161225 || 2016-11-25 08:46:25 |
| 12045 || 33.247826255229 || 2012-10-14 00:44:19 |
| 12046 || 2.05332464354573 || 2010-09-19 20:04:57 |
| 12047 || 3.01599554078052 || 2013-04-09 21:48:50 |
| 12048 || 12.6554640765564 || 2014-03-19 01:43:45 |
| 12049 || 46.0783846338821 || 2011-06-08 09:32:30 |
| 12050 || 18.0100454759777 || 2013-01-13 23:18:14 |
| 12051 || 1.62790874585278 || 2012-02-18 00:19:48 |
| 12052 || 6.3701129851523 || 2019-12-19 00:12:35 |
| 12053 || -15.935118865446 || 2016-05-18 17:02:10 |
| 12054 || 0.375011058493199 || 2010-05-18 21:40:00 |
| 12055 || 55.4257095715517 || 2015-06-10 19:28:35 |
| 12056 || 4.40965348598518 || 2012-02-19 12:34:29 |
| 12057 || -2.40997268253298 || 2013-04-22 06:46:17 |
| 12058 || -17.7877879702985 || 2016-08-20 01:54:00 |
| 12059 || -29.0480328018023 || 2010-12-10 11:39:53 |
| 12060 || -10.0165953750849 || 2014-12-27 05:40:58 |
| 12061 || 8.12160781213126 || 2011-02-03 04:59:55 |
| 12062 || 6.05971656433962 || 2014-06-26 12:58:01 |
| 12063 || 42.876707734287 || 2019-10-27 17:27:27 |
| 12064 || 30.1304857345233 || 2014-08-06 13:26:13 |
| 12065 || 12.2489843315638 || 2011-08-08 21:03:03 |
| 12066 || -3.70247808845059 || 2014-02-21 00:38:37 |
| 12067 || -0.285902814962789 || 2018-04-08 23:56:56 |
| 12068 || -11.5018184226547 || 2011-07-25 05:13:36 |
| 12069 || 88.2016952987438 || 2012-04-15 00:57:44 |
| 12070 || 23.43 || 2020-01-08 21:23:54 |
| 12071 || 11.251 || 2020-01-08 21:23:54 |
| 12072 || 32.1 || 2020-01-08 21:23:54 |
| 12073 || -5.334 || 2020-01-08 21:23:54 |
| 12074 || 14.8372 || 2020-01-08 21:23:54 |
| 12075 || 16.0509 || 2014-01-01 03:10:54 |
| 12076 || 19.9933399991998 || 2015-05-13 19:49:44 |
| 12077 || 0.141180543204244 || 2010-03-02 05:25:30 |
| 12078 || 36.7332782040436 || 2016-04-10 05:16:01 |
| 12079 || 33.4278260883361 || 2013-01-24 03:34:11 |
| 12080 || 19.4119621332562 || 2012-07-19 00:12:31 |
| 12081 || 27.4590693937606 || 2012-04-07 22:54:16 |
| 12082 || -0.00884373413463285 || 2016-10-03 15:36:38 |
| 12083 || 27.7498465135312 || 2011-10-23 06:11:57 |
| 12084 || -19.8437770950609 || 2015-09-08 20:29:33 |
| 12085 || 3.372746205537 || 2015-09-23 11:05:24 |
| 12086 || 14.9123294479295 || 2016-07-07 04:41:36 |
| 12087 || -0.021591863525374 || 2011-12-27 18:17:33 |
| 12088 || 2.55807754638241 || 2014-05-23 10:14:59 |
| 12089 || 67.2713467022916 || 2011-11-22 18:57:52 |
| 12090 || 70.9934857361418 || 2015-02-14 07:07:56 |
| 12091 || 31.2298975985366 || 2012-08-14 01:46:56 |
| 12092 || 0.798994742982934 || 2011-10-21 03:44:20 |
| 12093 || -6.550304879882 || 2010-10-14 02:31:51 |
| 12094 || 18.0324585341262 || 2011-01-25 00:02:39 |
| 12095 || 72.7574939185894 || 2015-08-15 03:55:40 |
| 12096 || -8.32398764355304 || 2014-02-05 15:05:58 |
| 12097 || 1.83075003105707 || 2012-09-18 07:04:35 |
| 12098 || 16.697653926361 || 2018-09-17 06:16:46 |
| 12099 || 44.6854583065252 || 2017-09-07 05:38:34 |
| 12100 || 83.2837162751587 || 2014-11-03 22:23:22 |
| 12101 || 49.1365890347241 || 2014-03-19 20:51:43 |
| 12102 || 3.94371686640746 || 2019-10-23 00:16:30 |
| 12103 || -3.99280443053513 || 2010-10-11 23:50:08 |
| 12104 || 57.4151406270697 || 2012-06-06 10:46:54 |
| 12105 || 2.93129126021679 || 2017-12-23 06:29:52 |
| 12106 || -3.38626376678369 || 2010-01-03 02:58:39 |
| 12107 || 6.67624764297352 || 2015-07-01 09:28:51 |
| 12108 || 8.1927441645758 || 2013-06-09 02:33:03 |
| 12109 || 52.461539959718 || 2011-02-11 11:11:25 |
| 12110 || 76.1316285383909 || 2015-01-11 16:40:18 |
| 12111 || 59.7416752663953 || 2016-06-10 11:41:48 |
| 12112 || -3.23360783994454 || 2017-01-03 17:16:47 |
| 12113 || 4.10202479754466 || 2014-03-01 11:51:42 |
| 12114 || 31.8395659689125 || 2018-11-20 15:42:11 |
| 12115 || 86.8373431049184 || 2012-08-06 08:54:31 |
| 12116 || 56.3624451637343 || 2016-09-17 07:31:22 |
| 12117 || -4.04866183653877 || 2012-10-18 03:52:59 |
| 12118 || 4.24549708342859 || 2017-11-12 01:45:22 |
| 12119 || 37.0641755666898 || 2017-01-05 00:02:20 |
| 12120 || 26.0226460217992 || 2019-11-15 04:43:10 |
| 12121 || 69.5298952978874 || 2018-02-16 15:16:42 |
| 12122 || 4.5130565492075 || 2019-02-15 06:46:38 |
| 12123 || -0.749110112280647 || 2014-02-09 21:17:54 |
| 12124 || 42.5360297951306 || 2010-11-24 19:00:40 |
| 12125 || 85.9678285735071 || 2019-02-16 04:39:48 |
| 12126 || 21.4302642403478 || 2016-03-22 14:17:05 |
| 12127 || 15.5031213105217 || 2018-07-09 22:23:27 |
| 12128 || -0.282468600217265 || 2013-09-11 04:49:13 |
| 12129 || 5.73654330846648 || 2017-04-12 05:48:10 |
| 12130 || 23.4612821297182 || 2016-09-12 18:29:08 |
| 12131 || 67.189021251221 || 2017-11-20 01:51:34 |
| 12132 || -7.30646540970632 || 2010-09-05 02:19:46 |
| 12133 || 0.114922489595399 || 2015-08-14 01:59:53 |
| 12134 || -6.29080375695748 || 2014-08-12 18:40:08 |
| 12135 || -4.53353521686531 || 2016-01-27 00:27:04 |
| 12136 || 70.7351521985254 || 2014-12-17 19:30:32 |
| 12137 || 24.2384873640152 || 2013-11-07 21:30:15 |
| 12138 || 0.0335847853984224 || 2019-12-12 05:06:52 |
| 12139 || 27.6743495897958 || 2017-01-06 21:14:32 |
| 12140 || 77.8682882068433 || 2016-06-22 02:18:02 |
| 12141 || -28.0051673052943 || 2013-10-20 22:53:46 |
| 12142 || 7.25724031151897 || 2017-04-24 18:18:21 |
| 12143 || 0.476670875591047 || 2016-02-17 13:46:52 |
| 12144 || 13.8371371488975 || 2010-02-21 05:19:13 |
| 12145 || 61.3531835704739 || 2017-11-26 06:46:19 |
| 12146 || 81.1122293059442 || 2018-11-09 00:24:10 |
| 12147 || 14.5794982760647 || 2018-02-17 18:19:10 |
| 12148 || 1.28512272650762 || 2016-05-03 19:51:59 |
| 12149 || -6.20577247312693 || 2014-05-05 04:32:49 |
| 12150 || -14.023175570524 || 2012-04-13 23:15:18 |
| 12151 || 42.3752458200162 || 2011-10-05 21:42:44 |
| 12152 || 19.2552626182478 || 2015-07-18 22:43:09 |
| 12153 || -0.869955969750135 || 2012-05-26 20:59:02 |
| 12154 || 14.3611131162864 || 2019-02-01 09:44:37 |
| 12155 || -21.1638715097456 || 2010-05-12 22:38:34 |
| 12156 || -26.6575879670363 || 2016-03-12 22:07:47 |
| 12157 || -17.6006529424305 || 2018-09-12 17:20:12 |
| 12158 || 6.08896440488097 || 2011-09-16 07:11:23 |
| 12159 || -0.374603696254648 || 2013-02-04 19:21:18 |
| 12160 || 42.0571727949345 || 2015-05-05 16:49:04 |
| 12161 || 88.5921343173007 || 2015-08-07 13:19:37 |
| 12162 || 50.5408625304128 || 2010-01-25 23:32:18 |
| 12163 || 8.43429730873543 || 2015-02-13 12:52:35 |
| 12164 || 6.02871638167409 || 2016-06-20 22:16:08 |
| 12165 || 34.2530559893977 || 2019-02-15 05:12:34 |
| 12166 || -25.1042391872574 || 2014-11-09 09:02:43 |
| 12167 || 42.6270583878925 || 2011-05-13 10:37:43 |
| 12168 || 1.30072336673536 || 2015-05-12 20:43:18 |
| 12169 || 1.45414860486801 || 2015-02-27 01:28:47 |
| 12170 || 44.5781344962774 || 2016-05-09 13:26:08 |
| 12171 || -19.3080241517713 || 2017-05-25 15:41:52 |
| 12172 || 68.513873418504 || 2017-05-19 12:03:06 |
| 12173 || -3.72582437464208 || 2012-02-03 19:51:23 |
| 12174 || -0.713651014749873 || 2019-10-05 09:16:36 |
| 12175 || -11.5526111953907 || 2013-06-02 12:53:06 |
| 12176 || 82.3979045004579 || 2017-11-03 03:56:14 |
| 12177 || 46.260476197024 || 2011-10-22 11:07:47 |
| 12178 || -2.10663301336383 || 2017-10-03 07:15:27 |
| 12179 || 0.369759668504371 || 2016-05-10 06:09:33 |
| 12180 || 22.5041941856582 || 2019-09-15 14:19:48 |
| 12181 || 85.0611098867494 || 2017-10-03 18:54:18 |
| 12182 || -20.5238288709098 || 2018-02-07 01:52:20 |
| 12183 || -7.28997031450928 || 2018-09-26 09:40:02 |
| 12184 || -0.0595690820258409 || 2015-07-10 04:33:20 |
| 12185 || 31.3860702302047 || 2017-05-14 12:55:06 |
| 12186 || 82.6323219868968 || 2011-04-22 10:03:09 |
| 12187 || 53.400006067119 || 2010-01-22 13:11:20 |
| 12188 || -8.52806310149574 || 2017-12-05 20:39:36 |
| 12189 || 0.00491711285489264 || 2011-12-19 21:13:54 |
| 12190 || 3.10057553852629 || 2013-02-23 22:32:02 |
| 12191 || -21.5065699065663 || 2017-03-23 08:28:01 |
| 12192 || 74.232958415972 || 2010-06-25 08:19:22 |
| 12193 || -12.086417844476 || 2013-05-09 05:27:10 |
| 12194 || -0.145191994236745 || 2013-12-01 16:59:50 |
| 12195 || 19.0073010468868 || 2015-01-03 18:26:43 |
| 12196 || 70.7755929843647 || 2019-12-18 15:38:02 |
| 12197 || 80.7727083553186 || 2011-12-27 21:46:29 |
| 12198 || -6.0062771058642 || 2013-12-16 22:28:19 |
| 12199 || 1.36930340616582 || 2017-04-02 02:24:34 |
| 12200 || 5.05036861908912 || 2011-09-26 11:47:03 |
| 12201 || 64.1007447607836 || 2017-05-07 02:58:35 |
| 12202 || 77.7894523813929 || 2017-06-12 12:18:19 |
| 12203 || 37.2423149909729 || 2014-07-23 13:53:19 |
| 12204 || 0.0453047093520826 || 2018-05-20 22:08:39 |
| 12205 || 14.0365741777596 || 2013-03-13 22:04:50 |
| 12206 || 1.73706207613692 || 2014-03-13 21:32:02 |
| 12207 || 7.61435634811908 || 2013-06-16 10:31:27 |
| 12208 || -13.8616895892094 || 2015-12-22 16:25:22 |
| 12209 || 2.01406541678464 || 2018-05-10 17:07:19 |
| 12210 || 4.02871964974064 || 2013-09-02 12:00:33 |
| 12211 || -4.73140972165279 || 2015-05-03 00:09:37 |
| 12212 || 81.887535515211 || 2014-03-21 08:27:48 |
| 12213 || 57.5514053498026 || 2015-04-05 01:56:16 |
| 12214 || 7.42998404145889 || 2014-02-02 21:03:03 |
| 12215 || -2.63120602137518 || 2011-03-08 07:12:44 |
| 12216 || -9.81214940649416 || 2015-10-19 09:46:29 |
| 12217 || 4.8803358843369 || 2014-10-14 12:16:22 |
| 12218 || 60.7555717673031 || 2011-08-09 13:46:18 |
| 12219 || 10.7591178778674 || 2019-05-07 23:52:48 |
| 12220 || 5.08451137907244 || 2019-01-18 19:29:38 |
| 12221 || 50.6138113524885 || 2010-10-20 13:06:03 |
| 12222 || 7.2397643467943 || 2011-10-24 00:59:24 |
| 12223 || -22.4271413810123 || 2016-06-13 16:36:33 |
| 12224 || 15.4187788426364 || 2019-08-09 19:24:04 |
| 12225 || 0.262972067245621 || 2017-10-01 01:36:27 |
| 12226 || 43.2948951193534 || 2014-01-02 18:25:52 |
| 12227 || 73.1888794595653 || 2010-11-10 09:43:02 |
| 12228 || 70.511539551009 || 2013-05-18 16:41:27 |
| 12229 || -6.35758684538032 || 2016-03-08 00:05:44 |
| 12230 || 0.484941094657948 || 2014-11-18 15:37:22 |
| 12231 || 12.2268537444319 || 2018-10-10 14:28:04 |
| 12232 || 78.8739778987831 || 2012-07-01 10:45:07 |
| 12233 || 60.345445330963 || 2013-01-25 04:27:13 |
| 12234 || -5.5694398540689 || 2019-03-20 22:55:29 |
| 12235 || 0.322766926539344 || 2014-02-19 15:48:33 |
| 12236 || 23.43 || 2020-01-09 07:18:06 |
| 12237 || 11.251 || 2020-01-09 07:18:06 |
| 12238 || 32.1 || 2020-01-09 07:18:06 |
| 12239 || -5.334 || 2020-01-09 07:18:06 |
| 12240 || 14.8372 || 2020-01-09 07:18:06 |
| 12241 || 16.0509 || 2014-01-01 03:10:54 |
| 12242 || -4.05186225831559 || 2016-09-26 08:33:20 |
| 12243 || 75.8987320684771 || 2015-04-27 02:16:48 |
| 12244 || -11.6251311808122 || 2015-09-20 17:08:52 |
| 12245 || -0.0490157321301292 || 2016-03-05 08:47:59 |
| 12246 || 17.507964723656 || 2011-03-08 21:52:35 |
| 12247 || 57.1817104430775 || 2014-12-01 22:42:41 |
| 12248 || -4.6901745098633 || 2012-10-27 12:51:40 |
| 12249 || -13.3842520661307 || 2012-03-22 07:48:18 |
| 12250 || 0.886850858582 || 2019-08-18 22:26:32 |
| 12251 || -3.97512469828507 || 2019-06-04 19:57:21 |
| 12252 || 37.350031366935 || 2014-12-01 16:38:22 |
| 12253 || -24.7757537776462 || 2011-05-19 17:11:52 |
| 12254 || 2.51494022619031 || 2017-09-25 07:55:08 |
| 12255 || -0.306226761396036 || 2015-01-03 20:58:37 |
| 12256 || -5.13105980864322 || 2019-11-24 08:39:01 |
| 12257 || 66.8056068275929 || 2015-08-20 19:24:37 |
| 12258 || -4.62837515841405 || 2014-06-02 19:07:03 |
| 12259 || 50.2626565401348 || 2015-10-10 06:44:24 |
| 12260 || 23.43 || 2020-01-09 07:37:32 |
| 12261 || 11.251 || 2020-01-09 07:37:32 |
| 12262 || 32.1 || 2020-01-09 07:37:32 |
| 12263 || -5.334 || 2020-01-09 07:37:32 |
| 12264 || 14.8372 || 2020-01-09 07:37:32 |
| 12265 || 16.0509 || 2014-01-01 03:10:54 |
| 12266 || 8.45308185333789 || 2019-09-09 13:13:35 |
| 12267 || 39.5109373590522 || 2011-10-15 04:58:31 |
| 12268 || 36.9273841104313 || 2015-05-03 21:33:55 |
| 12269 || 38.8914110905252 || 2016-04-25 03:48:10 |
| 12270 || -2.43241791269199 || 2018-05-23 15:17:31 |
| 12271 || 5.38811963930007 || 2014-07-26 21:07:13 |
| 12272 || 23.43 || 2020-01-09 07:37:52 |
| 12273 || 11.251 || 2020-01-09 07:37:52 |
| 12274 || 32.1 || 2020-01-09 07:37:52 |
| 12275 || -5.334 || 2020-01-09 07:37:52 |
| 12276 || 14.8372 || 2020-01-09 07:37:52 |
| 12277 || 16.0509 || 2014-01-01 03:10:54 |
| 12278 || 58.351007615515 || 2012-06-16 13:31:57 |
| 12279 || 49.7440313420762 || 2017-02-26 15:14:20 |
| 12280 || -6.36285581260607 || 2012-04-06 22:07:18 |
| 12281 || 23.43 || 2020-01-09 07:38:00 |
| 12282 || 11.251 || 2020-01-09 07:38:00 |
| 12283 || 32.1 || 2020-01-09 07:38:00 |
| 12284 || -5.334 || 2020-01-09 07:38:00 |
| 12285 || 14.8372 || 2020-01-09 07:38:00 |
| 12286 || 16.0509 || 2014-01-01 03:10:54 |
| 12287 || 23.43 || 2020-01-09 07:38:00 |
| 12288 || 11.251 || 2020-01-09 07:38:00 |
| 12289 || 32.1 || 2020-01-09 07:38:00 |
| 12290 || -5.334 || 2020-01-09 07:38:00 |
| 12291 || 14.8372 || 2020-01-09 07:38:00 |
| 12292 || 16.0509 || 2014-01-01 03:10:54 |
| 12293 || 23.43 || 2020-01-09 07:38:01 |
| 12294 || 11.251 || 2020-01-09 07:38:01 |
| 12295 || 32.1 || 2020-01-09 07:38:01 |
| 12296 || -5.334 || 2020-01-09 07:38:01 |
| 12297 || 14.8372 || 2020-01-09 07:38:01 |
| 12298 || 16.0509 || 2014-01-01 03:10:54 |
| 12299 || 23.43 || 2020-01-09 07:38:01 |
| 12300 || 11.251 || 2020-01-09 07:38:01 |
| 12301 || 32.1 || 2020-01-09 07:38:01 |
| 12302 || -5.334 || 2020-01-09 07:38:01 |
| 12303 || 14.8372 || 2020-01-09 07:38:01 |
| 12304 || 16.0509 || 2014-01-01 03:10:54 |Temp table exists? : [{"count(*)":1}]

temperatures
| id || value || created |
| 1 || 23.43 || 2020-01-08 19:49:47 |
| 2 || 11.251 || 2020-01-08 19:49:47 |
| 3 || 32.1 || 2020-01-08 19:49:47 |
| 4 || -5.334 || 2020-01-08 19:49:47 |
| 5 || 14.8372 || 2020-01-08 19:49:47 |
| 6 || 16.0509 || 2014-01-01 03:10:54 |
| 7 || 90.0 || 2018-08-16 21:40:05 |
| 8 || 26.3475821511529 || 2014-12-22 16:33:45 |
| 9 || 5.41559776809304 || 2012-10-20 00:37:09 |
| 10 || 5.04667665037385 || 2013-01-13 17:02:23 |
| 11 || 29.5836009895362 || 2016-01-08 14:55:27 |
| 12 || -16.3326570734174 || 2019-04-14 17:23:28 |
| 13 || -20.8928809863844 || 2012-03-11 03:15:49 |
| 14 || 13.1140540305462 || 2010-03-08 13:34:33 |
| 15 || 2.95596509190209 || 2012-11-08 13:13:08 |
| 16 || 8.61435014814574 || 2014-02-21 05:09:54 |
| 17 || -23.1631532378121 || 2018-09-23 08:23:24 |
| 18 || -15.6092407479275 || 2017-09-07 07:08:13 |
| 19 || -3.02838508428494 || 2012-10-12 04:51:25 |
| 20 || 1.52915170541489 || 2014-09-15 03:24:16 |
| 21 || -5.48285984600599 || 2015-07-20 15:42:56 |
| 22 || 73.9404120972861 || 2012-06-15 07:59:17 |
| 23 || 74.0226593597323 || 2015-09-17 04:24:40 |
| 24 || 10.4708078946264 || 2018-10-25 04:36:10 |
| 25 || 0.826059605024549 || 2013-01-11 20:22:12 |
| 26 || 20.0319925112373 || 2016-09-14 13:07:09 |
| 27 || 11.6353093147127 || 2017-11-19 21:53:38 |
| 28 || -22.3795412375825 || 2018-09-14 09:11:35 |
| 29 || -9.01571481466325 || 2014-07-26 13:34:25 |
| 30 || -0.0322790573020066 || 2010-09-13 03:09:32 |
| 31 || 28.7659470573424 || 2017-12-01 21:49:31 |
| 32 || 80.2225386674248 || 2018-09-16 04:03:25 |
| 33 || 81.3892285555105 || 2010-01-04 11:16:16 |
| 34 || 31.2436311883607 || 2013-01-02 14:28:43 |
| 35 || 0.00218799742462504 || 2018-11-19 03:29:22 |
| 36 || -7.97312849344578 || 2011-06-12 12:13:31 |
| 37 || 57.4290040636494 || 2015-10-09 10:08:39 |
| 38 || 8.14185159420474 || 2018-03-20 18:32:47 |
| 39 || 1.39675954315455 || 2019-10-20 05:09:30 |
| 40 || -0.215391119409126 || 2010-02-06 12:50:10 |
| 41 || -7.4205400599628 || 2016-06-10 05:56:25 |
| 42 || -14.9975857982467 || 2013-05-04 14:55:23 |
| 43 || 35.1737892194543 || 2010-11-06 07:07:28 |
| 44 || 10.4412565207356 || 2016-10-27 04:50:30 |
| 45 || 1.43048273311141 || 2019-06-19 03:57:54 |
| 46 || 2.44614844075834 || 2016-01-14 16:53:23 |
| 47 || 41.3354347897741 || 2016-07-14 03:54:39 |
| 48 || -23.0697809854784 || 2014-06-06 08:58:44 |
| 49 || -12.0957689273772 || 2010-01-01 15:01:25 |
| 50 || -1.23655492649088 || 2017-09-27 03:10:34 |
| 51 || -0.427813301539598 || 2016-05-11 20:57:04 |
| 52 || -13.171679825645 || 2017-02-23 09:36:39 |
| 53 || -3.16496950782612 || 2015-07-06 12:53:22 |
| 54 || 4.74612256867315 || 2011-11-27 21:57:03 |
| 55 || 2.04946121048178 || 2014-11-06 05:40:45 |
| 56 || 9.42380689339158 || 2010-09-12 04:30:06 |
| 57 || 60.7666743919545 || 2018-01-12 06:39:14 |
| 58 || 68.2851219256246 || 2016-06-13 13:57:17 |
| 59 || 54.716720962571 || 2012-04-01 10:10:31 |
| 60 || -0.710255298217403 || 2018-06-06 15:37:54 |
| 61 || -1.95863947920474 || 2013-06-15 04:20:54 |
| 62 || -1.94861396767653 || 2019-06-02 02:34:24 |
| 63 || 77.2969324337471 || 2012-12-06 18:51:24 |
| 64 || -11.5969625499873 || 2013-08-02 23:08:46 |
| 65 || 9.78666421192362 || 2011-11-17 03:45:58 |
| 66 || -0.162058499684968 || 2014-08-23 22:37:18 |
| 67 || 38.6824216166835 || 2011-06-07 12:31:05 |
| 68 || 11.6987232494005 || 2017-12-08 12:17:20 |
| 69 || 57.3705633094057 || 2014-01-27 18:24:05 |
| 70 || 12.1694202216849 || 2019-01-15 07:10:59 |
| 71 || 1.97661894431714 || 2017-01-07 21:11:11 |
| 72 || -14.9627845744961 || 2011-11-21 08:29:58 |
| 73 || -1.66995514263304 || 2010-11-21 12:33:46 |
| 74 || 67.6762921561769 || 2019-01-20 19:29:39 |
| 75 || -1.01703082684277 || 2012-05-23 16:42:01 |
| 76 || 0.612393817304894 || 2010-11-20 08:01:31 |
| 77 || 26.3816933325459 || 2017-01-05 08:45:36 |
| 78 || -24.470562577644 || 2013-03-25 03:07:30 |
| 79 || 77.0860710125406 || 2013-11-05 03:01:44 |
| 80 || 23.3727924326258 || 2010-07-04 05:18:52 |
| 81 || -0.0579591349156031 || 2017-04-05 14:58:27 |
| 82 || 7.11272560582901 || 2016-05-05 10:41:08 |
| 83 || 77.0867711868875 || 2011-11-14 07:48:34 |
| 84 || 73.3593058462233 || 2013-07-23 08:26:39 |
| 85 || -4.51740147722733 || 2010-05-13 21:55:20 |
| 86 || 0.0150838923601377 || 2017-05-06 15:05:39 |
| 87 || 15.9354785752851 || 2013-12-16 17:16:41 |
| 88 || 73.0529640210646 || 2014-04-14 14:05:06 |
| 89 || 41.511129053538 || 2014-12-09 04:47:55 |
| 90 || 10.6002850731298 || 2012-03-15 02:02:21 |
| 91 || 0.365123677677897 || 2012-01-04 07:52:14 |
| 92 || 17.4037215891557 || 2010-02-05 06:28:04 |
| 93 || -24.4090952013623 || 2012-11-14 12:20:13 |
| 94 || -28.4911053960165 || 2010-02-25 03:04:12 |
| 95 || 38.5141699564055 || 2014-03-05 20:46:11 |
| 96 || 0.359696975869354 || 2010-07-26 05:38:18 |
| 97 || 16.5433887765138 || 2011-05-25 20:09:11 |
| 98 || 71.2833979521131 || 2014-03-12 10:14:25 |
| 99 || 56.9769926850222 || 2013-12-06 07:21:34 |
| 100 || -4.66796273198898 || 2017-10-25 01:47:19 |
| 101 || 3.16386805771283 || 2017-03-11 18:52:44 |
| 102 || 15.0395548955183 || 2016-06-10 23:09:04 |
| 103 || 31.5893164432262 || 2013-09-11 16:31:25 |
| 104 || 82.8408127669622 || 2016-06-20 20:46:30 |
| 105 || 52.6151152698744 || 2014-11-17 02:07:46 |
| 106 || 0.383562064803415 || 2013-06-15 10:54:04 |
| 107 || 1.28064851748394 || 2011-12-08 16:49:13 |
| 108 || 19.8836085503022 || 2014-03-17 06:53:36 |
| 109 || 10.2893054954041 || 2019-04-27 06:44:38 |
| 110 || 55.0330857324637 || 2017-12-24 09:11:03 |
| 111 || 8.45561019250228 || 2015-11-21 08:19:58 |
| 112 || -0.809991268609812 || 2019-11-04 03:22:57 |
| 113 || 16.9591483479759 || 2019-11-02 14:33:20 |
| 114 || 69.6959680162617 || 2014-02-01 20:41:02 |
| 115 || -20.5714927574677 || 2019-04-06 22:13:53 |
| 116 || 6.61597290212506 || 2017-09-27 21:40:52 |
| 117 || -0.928328504817113 || 2012-07-23 00:53:05 |
| 118 || 28.4995830799754 || 2018-01-03 08:55:47 |
| 119 || -22.0689154265669 || 2014-10-05 23:21:11 |
| 120 || -6.77662373828449 || 2010-03-22 17:08:47 |
| 121 || -3.8628140899322 || 2019-05-14 04:18:40 |
| 122 || 2.12630307045677 || 2013-06-24 06:43:08 |
| 123 || -0.0918429421248577 || 2017-05-01 23:10:11 |
| 124 || -29.2119009639649 || 2012-06-02 02:39:07 |
| 125 || 29.3476697142508 || 2016-04-15 10:52:45 |
| 126 || 0.940784495694757 || 2019-06-11 08:04:19 |
| 127 || 0.853693745481105 || 2010-03-15 17:08:26 |
| 128 || 23.8525710931514 || 2016-10-23 01:19:17 |
| 129 || 85.7364300038848 || 2012-04-23 16:21:51 |
| 130 || 58.2375853884649 || 2012-06-13 05:04:16 |
| 131 || 22.3301343249684 || 2015-11-12 02:44:42 |
| 132 || 0.30795005718798 || 2014-11-02 09:08:17 |
| 133 || 22.5834562632262 || 2011-12-19 09:27:51 |
| 134 || 30.8134300380624 || 2014-04-11 13:58:48 |
| 135 || 66.413310304508 || 2014-08-26 11:45:49 |
| 136 || -7.36512107811327 || 2011-10-09 08:55:48 |
| 137 || 6.827532250014e-05 || 2015-10-08 21:33:15 |
| 138 || -9.22744361962866 || 2011-02-04 14:11:43 |
| 139 || 71.357928965685 || 2016-06-11 13:30:51 |
| 140 || 78.025730388081 || 2016-10-08 08:56:46 |
| 141 || 34.4429570600116 || 2012-11-21 21:31:22 |
| 142 || 0.305907637752122 || 2016-11-02 03:56:50 |
| 143 || 7.34135577520603 || 2017-04-11 10:49:48 |
| 144 || 22.8497954740137 || 2018-07-07 14:30:47 |
| 145 || 85.5109500354974 || 2014-04-12 12:53:43 |
| 146 || -12.393087249732 || 2017-09-13 13:05:27 |
| 147 || -0.346681573999582 || 2010-05-24 19:19:23 |
| 148 || 6.83596325711021 || 2015-05-15 08:02:00 |
| 149 || -23.9381570547783 || 2017-10-21 13:10:57 |
| 150 || -17.887651998911 || 2017-06-01 12:39:01 |
| 151 || 34.004617649876 || 2010-04-15 05:02:02 |
| 152 || 1.55093420652041 || 2016-11-19 00:56:55 |
| 153 || 15.5817762124891 || 2019-01-02 04:31:31 |
| 154 || 56.5525990191926 || 2010-02-17 15:08:56 |
| 155 || 44.2102499076024 || 2012-03-26 00:00:25 |
| 156 || 50.7309427508135 || 2019-12-27 11:22:25 |
| 157 || 2.92723721039379 || 2010-09-18 21:13:26 |
| 158 || -2.60868454380066 || 2018-05-17 21:21:32 |
| 159 || -20.6515911065438 || 2019-10-27 22:52:13 |
| 160 || 23.43 || 2020-01-08 19:52:34 |
| 161 || 11.251 || 2020-01-08 19:52:34 |
| 162 || 32.1 || 2020-01-08 19:52:34 |
| 163 || -5.334 || 2020-01-08 19:52:34 |
| 164 || 14.8372 || 2020-01-08 19:52:34 |
| 165 || 16.0509 || 2014-01-01 03:10:54 |
| 166 || 90.0 || 2019-09-08 16:55:19 |
| 167 || -11.6086689069355 || 2014-04-09 23:53:35 |
| 168 || 9.86954810283145 || 2010-01-07 05:25:15 |
| 169 || -1.77471211215742 || 2015-07-01 05:18:41 |
| 170 || 39.982605258182 || 2018-10-16 18:06:56 |
| 171 || -11.8328587567298 || 2017-01-02 01:06:04 |
| 172 || -13.1466237242471 || 2015-05-05 09:31:19 |
| 173 || 8.59695189651067 || 2011-10-16 10:07:07 |
| 174 || -1.19397179333372 || 2013-02-02 01:02:19 |
| 175 || 42.3574551452579 || 2015-05-21 01:01:15 |
| 176 || 50.1675691410411 || 2018-05-20 17:11:21 |
| 177 || 68.9225279028387 || 2019-02-20 12:55:45 |
| 178 || 1.0083513010678 || 2015-04-11 08:35:48 |
| 179 || 0.364311918266225 || 2011-08-03 06:07:12 |
| 180 || 31.06444977514 || 2013-04-01 20:03:02 |
| 181 || 57.7852811302508 || 2011-01-15 16:48:55 |
| 182 || 71.3169967048488 || 2010-12-17 15:30:11 |
| 183 || 0.974303308050872 || 2015-07-05 02:24:07 |
| 184 || 0.269051996174643 || 2014-10-17 06:14:50 |
| 185 || 12.5105636329252 || 2018-06-02 03:36:07 |
| 186 || 51.883942870714 || 2019-10-01 10:03:41 |
| 187 || -21.0044173056309 || 2019-10-23 20:35:17 |
| 188 || 8.37879236264292 || 2012-01-23 17:52:04 |
| 189 || 0.0897087944134358 || 2014-05-07 13:15:21 |
| 190 || 0.0162337264943223 || 2017-08-18 17:39:02 |
| 191 || 14.8557544106505 || 2011-03-19 19:54:01 |
| 192 || 14.815820691842 || 2018-05-15 21:11:21 |
| 193 || 30.6590811046154 || 2017-06-12 05:10:51 |
| 194 || 0.0190142044063192 || 2013-11-16 09:37:37 |
| 195 || 10.037099183599 || 2015-07-13 12:14:30 |
| 196 || -13.6354650305788 || 2015-09-07 05:49:18 |
| 197 || 60.8241392885743 || 2019-09-16 20:34:43 |
| 198 || 24.2130505860347 || 2010-05-13 18:15:54 |
| 199 || 0.563539470900761 || 2016-12-14 22:21:45 |
| 200 || -7.22060558965597 || 2011-05-09 21:52:07 |
| 201 || 34.1265581091396 || 2014-09-09 03:36:32 |
| 202 || -20.2978725704966 || 2014-08-10 15:21:17 |
| 203 || -14.0854618863091 || 2019-07-13 21:36:28 |
| 204 || 0.171211248563485 || 2012-12-04 21:01:34 |
| 205 || 2.3492752327613 || 2011-12-27 00:33:13 |
| 206 || -4.96260072654502 || 2011-02-24 05:50:15 |
| 207 || -27.7729869616414 || 2013-01-03 12:08:30 |
| 208 || -1.45726291234126 || 2014-07-14 06:51:27 |
| 209 || 2.28319817041134 || 2011-02-06 01:38:11 |
| 210 || -4.09923760187469 || 2012-02-22 15:20:48 |
| 211 || -2.91098432617839 || 2018-03-09 00:19:52 |
| 212 || 60.0448324402565 || 2014-05-16 08:32:15 |
| 213 || 39.6648664559312 || 2010-11-04 20:09:18 |
| 214 || 6.167249522456 || 2014-07-07 03:40:39 |
| 215 || 1.83604851075998 || 2011-10-12 04:14:36 |
| 216 || 41.6418314184948 || 2018-04-20 03:52:16 |
| 217 || 5.28356733363865 || 2014-07-26 03:48:40 |
| 218 || 45.1951554632809 || 2010-04-05 22:20:55 |
| 219 || 8.98163555296408 || 2011-01-03 04:26:19 |
| 220 || 6.94340857407959 || 2015-09-24 00:13:39 |
| 221 || -18.5678418670397 || 2018-04-05 13:57:21 |
| 222 || 81.0736735050903 || 2017-12-07 06:42:49 |
| 223 || 7.84311535121185 || 2017-07-23 19:29:23 |
| 224 || -1.79269373919911 || 2018-12-08 18:59:44 |
| 225 || -0.673801267506161 || 2013-08-23 23:48:57 |
| 226 || 43.6156926153903 || 2016-05-22 17:26:37 |
| 227 || 72.6290303312679 || 2017-11-17 19:08:20 |
| 228 || 21.4517906881025 || 2010-02-01 23:45:07 |
| 229 || 3.77648876537831 || 2016-05-19 08:49:30 |
| 230 || -0.350095194203613 || 2010-03-12 15:03:50 |
| 231 || -13.565337664074 || 2019-04-07 01:05:23 |
| 232 || 27.6035829278251 || 2014-02-27 10:25:35 |
| 233 || -23.5214356055009 || 2015-04-14 16:10:29 |
| 234 || 18.6247554728743 || 2014-06-02 15:55:44 |
| 235 || -0.319394340825914 || 2013-05-18 10:54:24 |
| 236 || 20.7190755926195 || 2017-07-24 18:46:51 |
| 237 || 21.3974165976664 || 2017-10-13 12:05:47 |
| 238 || 11.6269719298456 || 2019-05-20 15:10:25 |
| 239 || 23.7904789672257 || 2013-12-22 07:13:11 |
| 240 || -0.065952421727497 || 2011-09-19 03:18:20 |
| 241 || 11.6996152114141 || 2010-08-25 17:40:58 |
| 242 || -0.277200961345157 || 2016-11-18 02:56:38 |
| 243 || 42.4146959392802 || 2018-10-08 00:55:14 |
| 244 || 30.8843057038411 || 2010-02-27 12:44:08 |
| 245 || -0.00481345911924978 || 2018-12-17 12:57:59 |
| 246 || -9.6518354001294 || 2017-09-14 10:39:56 |
| 247 || -16.9214922664902 || 2017-09-15 07:04:30 |
| 248 || 67.2810712581887 || 2018-10-13 02:51:45 |
| 249 || 11.688694358736 || 2019-05-18 05:11:28 |
| 250 || 0.44248377105093 || 2016-10-25 15:26:00 |
| 251 || 21.0825570502646 || 2019-08-10 00:24:12 |
| 252 || -25.1909013539935 || 2012-05-26 03:50:09 |
| 253 || 13.2052421169843 || 2012-05-14 12:56:06 |
| 254 || -13.446944788942 || 2017-05-01 21:48:59 |
| 255 || 1.57287868681389 || 2018-07-06 06:57:49 |
| 256 || 0.0673195920452809 || 2011-07-09 13:18:00 |
| 257 || -2.62885562584888 || 2015-06-04 17:11:11 |
| 258 || -28.8066367467784 || 2018-04-05 14:56:39 |
| 259 || 39.222734693115 || 2012-12-27 22:15:32 |
| 260 || 3.2962620041413 || 2011-08-08 05:16:47 |
| 261 || 15.0565669415347 || 2012-05-03 01:48:01 |
| 262 || 33.0886691855053 || 2011-12-07 02:51:13 |
| 263 || -29.7576586902883 || 2019-06-01 11:45:23 |
| 264 || 32.6516951046802 || 2013-03-03 18:38:01 |
| 265 || 3.87478738847651 || 2019-05-18 22:52:50 |
| 266 || 10.0985696307519 || 2016-05-11 00:50:56 |
| 267 || 61.7108342554366 || 2012-10-18 22:10:31 |
| 268 || -4.63282244585354 || 2018-01-14 12:47:03 |
| 269 || 21.9871598511395 || 2018-04-26 19:45:17 |
| 270 || 8.25030252832509 || 2018-03-02 01:04:46 |
| 271 || 3.39888682047455 || 2011-10-18 00:04:23 |
| 272 || 45.050297292039 || 2011-01-12 01:50:45 |
| 273 || 83.802966468752 || 2011-03-27 18:45:07 |
| 274 || 0.378244661219729 || 2016-02-24 13:29:35 |
| 275 || -1.68731754270646 || 2018-04-02 17:05:52 |
| 276 || 3.13180930769059 || 2016-08-18 10:57:24 |
| 277 || 51.2505251413836 || 2019-06-09 01:03:45 |
| 278 || 20.0851532701741 || 2013-11-16 19:15:46 |
| 279 || 27.4524371827903 || 2012-04-09 20:23:52 |
| 280 || 1.07296652972812 || 2013-09-17 15:39:04 |
| 281 || 0.714121911903098 || 2018-04-20 01:44:12 |
| 282 || 43.7675081937389 || 2015-05-20 18:41:19 |
| 283 || 82.5387576680631 || 2013-03-04 13:15:20 |
| 284 || 72.41524154765 || 2012-01-16 13:05:18 |
| 285 || -5.49987054265413 || 2016-11-10 05:51:39 |
| 286 || 0.347028195748966 || 2016-03-06 14:00:56 |
| 287 || 24.9378432292597 || 2014-02-26 11:43:31 |
| 288 || 34.337867819687 || 2017-09-07 08:27:04 |
| 289 || -21.2432462760496 || 2016-03-20 01:23:09 |
| 290 || -3.86784183408242 || 2015-03-19 01:00:41 |
| 291 || 0.272675343408622 || 2018-02-01 12:08:23 |
| 292 || -4.66084964622502 || 2013-07-25 21:11:35 |
| 293 || -5.38927997160125 || 2014-07-07 09:48:36 |
| 294 || 4.215141622681 || 2016-10-09 05:58:01 |
| 295 || -6.77881271806722 || 2019-06-11 06:43:06 |
| 296 || 0.000216061479161576 || 2018-06-08 16:34:28 |
| 297 || 29.8370111951823 || 2015-06-11 21:22:05 |
| 298 || 10.0307885647352 || 2015-03-10 18:54:57 |
| 299 || -9.78947125580375 || 2019-03-21 09:36:56 |
| 300 || 3.31593266054482 || 2010-02-11 16:52:50 |
| 301 || -0.113814520941328 || 2012-08-18 04:16:38 |
| 302 || 13.9470225935885 || 2014-07-10 04:22:52 |
| 303 || 19.3804682426774 || 2011-04-16 01:31:50 |
| 304 || 81.7679577505411 || 2015-03-07 16:33:02 |
| 305 || -10.0942665041946 || 2014-05-12 11:54:27 |
| 306 || 1.34650756963804 || 2011-12-22 12:17:49 |
| 307 || 7.54915523520484 || 2015-08-14 14:14:02 |
| 308 || 68.1387798556456 || 2018-02-27 10:20:01 |
| 309 || 62.7159972260054 || 2017-11-11 04:25:48 |
| 310 || -4.87138734600513 || 2014-10-07 14:53:42 |
| 311 || -0.226937756125151 || 2010-01-10 03:26:39 |
| 312 || 8.74826701922113 || 2012-10-13 02:27:22 |
| 313 || -7.75821310224913 || 2013-09-26 22:46:27 |
| 314 || 88.9984091542135 || 2015-02-19 21:50:55 |
| 315 || 46.4299302353173 || 2013-07-04 01:47:41 |
| 316 || -0.845115541427234 || 2016-03-15 19:39:12 |
| 317 || 0.822137565128209 || 2019-04-13 19:47:48 |
| 318 || -15.194920358209 || 2016-01-05 13:55:30 |
| 319 || 13.0962326194261 || 2017-06-22 12:11:52 |
| 320 || 5.67226902758628 || 2012-05-14 11:12:50 |
| 321 || -1.78213851326924 || 2015-11-18 07:26:46 |
| 322 || -2.01481163956336 || 2014-04-18 08:42:42 |
| 323 || 20.8488161168992 || 2017-03-02 17:53:14 |
| 324 || 86.6525870019484 || 2017-04-10 18:16:46 |
| 325 || 31.508957824287 || 2011-05-13 20:49:00 |
| 326 || -3.45678795857635 || 2016-11-16 15:25:30 |
| 327 || -1.02257556526625 || 2012-01-05 16:23:58 |
| 328 || 10.4537928021636 || 2019-11-27 23:41:32 |
| 329 || -26.7302983572115 || 2016-04-12 12:06:07 |
| 330 || 0.556207916517987 || 2017-10-15 22:06:14 |
| 331 || -4.98715786481535 || 2016-04-01 05:11:10 |
| 332 || 2.12764648707518 || 2015-06-11 04:44:46 |
| 333 || 40.221783105551 || 2010-08-01 03:17:54 |
| 334 || 18.4218119060881 || 2010-07-22 14:10:07 |
| 335 || 46.8805100973752 || 2019-03-17 00:59:19 |
| 336 || -1.81655937656004 || 2018-01-04 08:59:18 |
| 337 || -0.3372192234226 || 2013-07-14 20:01:16 |
| 338 || 20.5229573927065 || 2010-06-16 10:18:53 |
| 339 || 30.7789850140519 || 2015-12-18 10:07:05 |
| 340 || -6.51647042416632 || 2019-01-23 04:49:12 |
| 341 || 8.95006660796696 || 2012-11-23 16:50:18 |
| 342 || 0.421174105744166 || 2011-03-15 08:22:19 |
| 343 || 35.0206719896324 || 2012-04-08 01:13:51 |
| 344 || 46.9512696732201 || 2016-09-11 13:11:02 |
| 345 || 51.5019016612064 || 2013-12-22 09:13:01 |
| 346 || 3.11745495161803 || 2013-07-01 18:12:09 |
| 347 || 0.000798587187576868 || 2014-01-21 03:56:03 |
| 348 || 30.7518279672867 || 2011-12-10 01:46:27 |
| 349 || 14.6199011731191 || 2015-03-15 02:59:09 |
| 350 || 77.1318534826616 || 2016-06-25 13:10:52 |
| 351 || -9.25354619889303 || 2011-07-22 02:53:35 |
| 352 || -0.0504138799565431 || 2012-02-10 00:44:55 |
| 353 || -8.44435003302306 || 2015-06-12 08:55:27 |
| 354 || 75.5753338385161 || 2014-12-23 03:18:41 |
| 355 || -27.9501577385206 || 2013-12-08 21:06:57 |
| 356 || 39.3524919942996 || 2015-08-03 22:18:57 |
| 357 || -0.367342923522685 || 2014-12-14 03:35:59 |
| 358 || 17.2657067530598 || 2018-05-17 08:11:21 |
| 359 || 31.1615698438296 || 2011-06-09 19:11:43 |
| 360 || 74.8039478396915 || 2013-12-22 04:43:15 |
| 361 || 35.5454533709824 || 2013-02-06 09:59:21 |
| 362 || 1.12679986420118 || 2014-02-22 00:37:00 |
| 363 || 9.22498247022 || 2019-09-20 23:51:09 |
| 364 || 62.8969635305278 || 2013-03-02 10:33:07 |
| 365 || 78.3593503378499 || 2010-05-24 20:18:26 |
| 366 || 21.0070518022462 || 2014-03-18 23:54:41 |
| 367 || -1.01570655237793 || 2013-08-06 15:45:56 |
| 368 || -3.43960082618496 || 2018-06-17 20:47:21 |
| 369 || 35.5139592976844 || 2018-05-03 17:18:00 |
| 370 || -17.2166923717149 || 2015-01-17 14:40:41 |
| 371 || 47.6593374016226 || 2018-06-13 11:07:34 |
| 372 || 23.43 || 2020-01-08 19:53:02 |
| 373 || 11.251 || 2020-01-08 19:53:02 |
| 374 || 32.1 || 2020-01-08 19:53:02 |
| 375 || -5.334 || 2020-01-08 19:53:02 |
| 376 || 14.8372 || 2020-01-08 19:53:02 |
| 377 || 16.0509 || 2014-01-01 03:10:54 |
| 378 || 90.0 || 2017-02-22 19:10:50 |
| 379 || 14.4687759635503 || 2015-09-15 07:50:52 |
| 380 || 9.54320364171608 || 2018-06-07 22:24:40 |
| 381 || 2.75107555325905 || 2018-09-25 11:58:35 |
| 382 || -6.26940626222634 || 2018-07-22 21:44:25 |
| 383 || -29.045363760491 || 2019-03-15 22:44:33 |
| 384 || 34.7810775441687 || 2012-04-23 09:20:24 |
| 385 || 12.3595505560551 || 2013-05-20 13:49:52 |
| 386 || 1.01691765373867 || 2012-04-09 02:35:58 |
| 387 || -7.59787532100747 || 2018-12-16 16:33:27 |
| 388 || 43.0344720425401 || 2014-08-21 05:10:24 |
| 389 || -4.451479165233 || 2016-02-06 09:44:12 |
| 390 || -4.58190098799921 || 2014-05-08 08:02:03 |
| 391 || -0.398033394882253 || 2019-10-10 22:19:32 |
| 392 || 38.2512032154426 || 2014-11-10 18:55:32 |
| 393 || 86.2442175000987 || 2016-11-01 05:00:23 |
| 394 || 18.7238867972742 || 2015-08-18 14:58:36 |
| 395 || 18.1721045488084 || 2018-01-17 16:30:18 |
| 396 || 0.809118584613218 || 2018-06-03 08:01:41 |
| 397 || -8.49342408935866 || 2013-12-10 00:04:55 |
| 398 || -10.9513033382322 || 2015-10-23 08:25:10 |
| 399 || 67.6608261448849 || 2017-12-15 12:41:25 |
| 400 || 25.0950034886396 || 2013-04-09 04:06:12 |
| 401 || 0.116049022780712 || 2019-06-14 09:55:49 |
| 402 || -10.1184958361092 || 2013-09-26 14:57:02 |
| 403 || 82.0162373499901 || 2016-02-24 19:43:01 |
| 404 || 70.940836649811 || 2017-05-06 20:30:01 |
| 405 || 31.4259717475011 || 2016-10-23 00:02:28 |
| 406 || -0.0147260616994201 || 2018-12-06 21:09:56 |
| 407 || 14.8775575670316 || 2012-01-04 11:46:33 |
| 408 || -21.658842071969 || 2014-08-13 12:58:11 |
| 409 || -8.48562332725947 || 2017-11-22 02:36:45 |
| 410 || -11.565741069971 || 2010-08-19 01:15:46 |
| 411 || -0.0267214855819512 || 2016-04-17 08:00:34 |
| 412 || 22.2320677915214 || 2013-08-13 14:25:02 |
| 413 || 33.9354317107135 || 2010-02-15 00:03:07 |
| 414 || 76.9264472536425 || 2015-08-20 14:42:38 |
| 415 || 40.5730652378013 || 2019-02-16 08:15:23 |
| 416 || -0.231680280067465 || 2011-05-16 00:00:43 |
| 417 || 16.128543656656 || 2018-02-27 23:38:23 |
| 418 || 66.7041732783775 || 2010-11-03 04:38:30 |
| 419 || 77.1977411259523 || 2013-12-10 03:59:10 |
| 420 || -15.9152819233416 || 2012-06-25 13:56:23 |
| 421 || 3.26919720869745 || 2019-12-15 18:00:09 |
| 422 || -4.51602991969902 || 2011-04-05 09:24:27 |
| 423 || -19.7613258380667 || 2013-05-20 05:10:45 |
| 424 || 87.724640467425 || 2013-11-18 11:10:26 |
| 425 || -12.4163908799128 || 2015-11-09 01:48:53 |
| 426 || 6.1095229560679 || 2012-03-23 19:00:15 |
| 427 || 10.4328151978445 || 2010-07-01 11:37:56 |
| 428 || -19.8808457505778 || 2014-08-11 04:08:32 |
| 429 || -29.8576574013998 || 2016-09-25 16:50:25 |
| 430 || 58.9610746785116 || 2011-01-07 22:44:40 |
| 431 || 4.86789234722175 || 2017-09-26 08:22:18 |
| 432 || 7.26095624757857 || 2012-07-08 19:10:06 |
| 433 || -2.70104004660789 || 2012-03-18 12:43:37 |
| 434 || 82.071888585573 || 2013-06-16 07:42:05 |
| 435 || 32.4093637741209 || 2019-05-13 06:47:01 |
| 436 || 11.7549648776219 || 2011-06-20 12:46:32 |
| 437 || 4.57807187233011 || 2016-07-10 09:36:36 |
| 438 || 30.5055354601666 || 2014-11-13 18:33:37 |
| 439 || 64.0513735056706 || 2015-10-04 05:44:26 |
| 440 || 39.5986849572656 || 2018-06-08 15:22:05 |
| 441 || -2.90181964324345 || 2016-07-07 04:02:22 |
| 442 || -0.231038491038553 || 2018-10-23 23:19:04 |
| 443 || -11.0767080246902 || 2016-02-07 11:38:52 |
| 444 || -23.2062859601244 || 2016-04-15 01:00:51 |
| 445 || 52.0030639526649 || 2015-11-14 22:43:27 |
| 446 || -2.33920236157952 || 2014-09-01 06:37:23 |
| 447 || -0.0900113509575816 || 2017-04-19 03:26:17 |
| 448 || 27.8879615809955 || 2012-05-04 10:34:48 |
| 449 || -26.9674822289438 || 2012-12-09 09:45:24 |
| 450 || 77.2197553882463 || 2019-03-15 06:58:56 |
| 451 || 19.00528153554 || 2010-11-26 13:16:02 |
| 452 || 0.137738075455035 || 2015-11-04 08:07:21 |
| 453 || -9.21866417722511 || 2017-08-08 02:05:32 |
| 454 || 52.9552787972114 || 2015-11-10 17:54:19 |
| 455 || 59.7727890022678 || 2017-04-24 04:39:33 |
| 456 || -9.83046702258301 || 2014-03-05 06:10:04 |
| 457 || 0.0087793438566509 || 2019-06-23 04:48:50 |
| 458 || -9.55549928092637 || 2013-09-07 20:01:32 |
| 459 || 31.2015772567633 || 2013-11-07 13:58:32 |
| 460 || 63.0266360898369 || 2017-04-02 16:42:25 |
| 461 || 36.2287941746102 || 2016-04-22 00:32:31 |
| 462 || 0.369731215926241 || 2012-08-27 05:10:48 |
| 463 || 21.119299400411 || 2013-09-18 18:59:39 |
| 464 || 0.489466364439765 || 2015-11-24 20:29:49 |
| 465 || -12.0656401236611 || 2015-01-15 03:13:16 |
| 466 || 38.079446590574 || 2010-11-11 22:08:01 |
| 467 || 0.336385912547267 || 2018-05-19 07:13:04 |
| 468 || 19.2553576029196 || 2016-10-20 20:06:03 |
| 469 || 25.4117136915015 || 2014-01-01 23:18:40 |
| 470 || -8.25659057948579 || 2017-04-19 06:13:59 |
| 471 || 9.93123204112534 || 2010-03-13 05:51:47 |
| 472 || -1.04221774178457 || 2012-04-17 06:09:30 |
| 473 || 0.772335571135102 || 2012-02-06 09:42:18 |
| 474 || 49.2951382454096 || 2012-09-11 13:33:32 |
| 475 || 4.58733983237319 || 2010-11-23 14:19:41 |
| 476 || 52.4732812555092 || 2016-02-22 08:43:03 |
| 477 || 2.74839553844908 || 2015-05-24 05:04:56 |
| 478 || 3.0327280626979 || 2013-07-04 02:32:34 |
| 479 || -14.366553632477 || 2017-01-16 04:12:33 |
| 480 || -25.6420758717193 || 2014-09-26 06:36:59 |
| 481 || 57.8458019574719 || 2010-09-15 06:08:25 |
| 482 || -2.55066435886266 || 2017-09-27 23:01:10 |
| 483 || 7.88639204888998 || 2014-09-03 13:07:41 |
| 484 || -17.8422059269763 || 2012-12-05 20:07:41 |
| 485 || -6.05828544553119 || 2014-03-12 11:09:09 |
| 486 || 48.3516544298262 || 2012-02-03 05:10:02 |
| 487 || 3.16878986741856 || 2014-06-17 13:57:37 |
| 488 || -1.49450403076426 || 2018-02-19 19:11:34 |
| 489 || -1.57920078153882 || 2013-07-03 20:04:20 |
| 490 || 86.3453510119614 || 2012-06-08 04:06:45 |
| 491 || 63.3462801878501 || 2012-01-21 03:25:37 |
| 492 || 9.56882034937998 || 2019-02-07 15:18:46 |
| 493 || 1.17791893559638 || 2018-11-14 13:39:04 |
| 494 || -14.3922002900837 || 2017-03-01 18:00:10 |
| 495 || -3.57091103245646 || 2013-02-18 19:43:52 |
| 496 || 63.123065445759 || 2014-12-18 04:36:29 |
| 497 || 3.24367801594198 || 2018-01-04 16:56:24 |
| 498 || 0.310368892290315 || 2015-02-06 00:09:36 |
| 499 || -11.010696418919 || 2015-03-14 00:44:42 |
| 500 || 12.6032683094605 || 2019-01-26 06:10:59 |
| 501 || 11.2099065651165 || 2018-09-24 18:42:23 |
| 502 || 20.6980514251266 || 2011-01-07 00:15:17 |
| 503 || 0.265665502700536 || 2018-12-06 22:53:44 |
| 504 || 6.12003034199112 || 2013-12-24 23:42:06 |
| 505 || -0.793660019751195 || 2017-03-12 22:14:36 |
| 506 || 55.5289650947312 || 2010-12-21 04:42:09 |
| 507 || 5.50679930802975 || 2019-06-09 15:17:24 |
| 508 || 0.000238854581293963 || 2011-06-05 02:08:49 |
| 509 || -9.14120917143698 || 2012-02-20 18:32:25 |
| 510 || 78.844236125422 || 2011-10-07 13:00:23 |
| 511 || -19.6243206114586 || 2018-10-05 22:09:58 |
| 512 || 35.4079252182127 || 2019-01-25 06:56:58 |
| 513 || 0.306082093027414 || 2017-08-10 21:24:13 |
| 514 || -7.43363780199392 || 2010-10-09 03:06:58 |
| 515 || 1.93273577898168 || 2010-09-03 13:34:53 |
| 516 || 85.5279758634484 || 2013-03-08 10:27:21 |
| 517 || 33.3996219887838 || 2012-07-06 22:16:59 |
| 518 || 0.156052465500871 || 2017-08-16 14:44:01 |
| 519 || 14.2319663869668 || 2014-06-19 02:48:42 |
| 520 || -14.2327501643233 || 2019-09-01 14:01:24 |
| 521 || 81.091620779558 || 2010-02-14 15:33:39 |
| 522 || -12.0337150104159 || 2018-07-22 19:24:05 |
| 523 || 2.40536538313562 || 2015-11-18 14:40:06 |
| 524 || 6.04555904860117 || 2012-05-22 01:05:01 |
| 525 || -3.92991718639818 || 2019-12-21 15:57:14 |
| 526 || -8.7964791960096 || 2017-11-19 15:24:55 |
| 527 || 48.2307941469069 || 2017-11-02 14:19:55 |
| 528 || 2.66951228175176 || 2014-02-04 05:24:05 |
| 529 || 8.12117893164624 || 2014-06-09 15:02:30 |
| 530 || 34.0235592694292 || 2018-05-03 22:51:54 |
| 531 || 58.0175229435968 || 2016-12-16 05:06:48 |
| 532 || -12.461990569943 || 2016-03-17 00:33:56 |
| 533 || 5.19962275928136 || 2010-12-26 13:50:32 |
| 534 || 0.0847424731537127 || 2011-11-08 16:17:56 |
| 535 || 21.1686150105918 || 2011-04-25 10:51:49 |
| 536 || 78.3396738766937 || 2017-03-17 04:58:32 |
| 537 || -15.9355446001731 || 2011-02-21 01:32:52 |
| 538 || -2.99619588565015 || 2016-10-16 22:02:27 |
| 539 || -1.55719206432179 || 2010-11-10 02:45:16 |
| 540 || 43.7335330948998 || 2015-01-14 00:22:00 |
| 541 || -29.3173987546705 || 2017-01-08 20:52:06 |
| 542 || 60.2644074095104 || 2018-12-24 01:59:49 |
| 543 || 8.64418683703494 || 2014-06-04 04:27:23 |
| 544 || 0.0809657652849717 || 2017-06-17 21:25:02 |
| 545 || 45.5436207959258 || 2018-11-06 19:08:55 |
| 546 || 50.0395822755728 || 2012-02-20 23:27:56 |
| 547 || 68.8160253828228 || 2015-12-22 03:43:40 |
| 548 || 10.7388216759797 || 2018-03-23 19:03:06 |
| 549 || 1.00339866609537 || 2011-06-07 20:08:53 |
| 550 || 6.70450813272394 || 2017-01-21 17:28:32 |
| 551 || -5.52795471539744 || 2016-09-04 13:17:37 |
| 552 || -25.0840925907056 || 2017-09-23 23:43:13 |
| 553 || 13.0769275399876 || 2012-02-19 06:08:19 |
| 554 || 0.385803779991159 || 2014-01-02 04:16:34 |
| 555 || 9.38653624795636 || 2016-03-20 09:56:58 |
| 556 || -23.5647407439494 || 2010-08-07 18:30:15 |
| 557 || -6.63178284622733 || 2013-05-19 13:55:17 |
| 558 || 27.0723005952442 || 2017-11-18 16:02:56 |
| 559 || 0.00319163096771833 || 2011-03-24 10:52:54 |
| 560 || 14.8866179023553 || 2013-03-10 07:39:37 |
| 561 || -22.9594745199591 || 2013-09-15 13:26:00 |
| 562 || -23.8111850871604 || 2017-10-12 21:07:42 |
| 563 || 32.1236604644821 || 2019-11-07 10:47:27 |
| 564 || 0.211700679596517 || 2010-02-14 04:12:44 |
| 565 || 22.6263157549854 || 2012-04-10 02:05:38 |
| 566 || -19.3179685414211 || 2010-10-15 12:41:47 |
| 567 || 40.2483403777019 || 2018-03-09 04:46:43 |
| 568 || 29.3840526746468 || 2013-10-02 05:15:37 |
| 569 || 0.786271600458921 || 2019-11-27 04:53:52 |
| 570 || 18.8717664762236 || 2015-09-03 10:58:39 |
| 571 || 71.8490713662145 || 2011-08-04 21:10:19 |
| 572 || 27.8110211368916 || 2010-10-06 13:31:26 |
| 573 || 18.7824345925459 || 2016-11-26 14:19:00 |
| 574 || 0.0503352553738299 || 2012-04-03 04:23:12 |
| 575 || 0.868327259048382 || 2012-11-18 00:27:48 |
| 576 || 53.5087678161578 || 2015-09-26 20:51:18 |
| 577 || 87.9167733864866 || 2016-05-10 23:18:30 |
| 578 || 33.4047976154066 || 2011-01-05 22:30:44 |
| 579 || 1.23512800304169 || 2019-04-22 02:53:01 |
| 580 || -3.43171386891614 || 2019-07-13 21:22:35 |
| 581 || 27.8337481754373 || 2014-04-01 17:38:38 |
| 582 || -6.27814422025705 || 2019-08-02 18:21:39 |
| 583 || 49.9124777767609 || 2019-07-14 23:04:59 |
| 584 || -1.01276428029339 || 2011-09-08 10:23:09 |
| 585 || 5.63935955991322 || 2013-01-20 09:40:56 |
| 586 || 31.6472578455789 || 2011-01-16 13:26:36 |
| 587 || 89.5346658740667 || 2016-09-05 00:33:25 |
| 588 || 2.35723042844174 || 2018-12-25 08:40:45 |
| 589 || 9.22761419551091 || 2014-02-07 21:13:14 |
| 590 || 5.10523496734306 || 2012-08-17 07:37:03 |
| 591 || 52.4297644391521 || 2018-11-18 07:16:12 |
| 592 || 77.4407817041079 || 2019-04-11 11:34:19 |
| 593 || -4.93238717457695 || 2019-10-15 11:40:29 |
| 594 || -3.63903692680591 || 2019-06-02 08:05:20 |
| 595 || -0.100796963210937 || 2010-04-03 19:07:49 |
| 596 || -12.6554956024438 || 2010-06-14 03:01:29 |
| 597 || 71.6054751556854 || 2012-02-16 01:40:45 |
| 598 || 54.1388483706065 || 2012-03-14 21:30:34 |
| 599 || -1.40327958180981 || 2011-06-15 03:31:07 |
| 600 || -0.5283034404104 || 2016-05-11 16:59:07 |
| 601 || 41.1788470806344 || 2016-10-06 08:25:55 |
| 602 || 85.2158850819648 || 2015-10-05 12:17:06 |
| 603 || -24.7154638735233 || 2013-10-06 00:34:23 |
| 604 || 15.495808757315 || 2016-10-21 20:22:45 |
| 605 || 0.0152983664330599 || 2019-11-12 01:29:29 |
| 606 || -12.2005314859416 || 2011-09-04 07:04:34 |
| 607 || -27.8881100481893 || 2017-07-20 16:17:15 |
| 608 || 47.3854535583392 || 2018-12-27 17:13:11 |
| 609 || -3.18166546544814 || 2019-05-18 09:29:47 |
| 610 || -0.00527779992331374 || 2014-10-04 20:18:35 |
| 611 || -3.494337386846 || 2017-02-05 06:03:23 |
| 612 || -17.7803831544325 || 2012-03-16 22:10:17 |
| 613 || 4.77003564015504 || 2011-12-11 13:30:38 |
| 614 || -11.1355455968038 || 2017-02-06 03:01:46 |
| 615 || 0.0910124530625073 || 2011-04-25 11:07:30 |
| 616 || 26.3007811009517 || 2015-01-03 17:33:49 |
| 617 || 77.3750877944062 || 2010-08-08 12:35:35 |
| 618 || 43.3271392067488 || 2012-12-11 03:25:49 |
| 619 || -11.0508227458043 || 2014-06-20 19:08:14 |
| 620 || 0.281068546989998 || 2010-07-06 15:22:46 |
| 621 || -6.68491790632147 || 2012-04-09 15:01:02 |
| 622 || -5.89484666364411 || 2017-01-03 09:55:11 |
| 623 || 76.0674445333738 || 2018-04-07 17:35:06 |
| 624 || -0.412219442247735 || 2019-09-21 10:53:16 |
| 625 || 1.84605173224765 || 2016-02-21 13:59:39 |
| 626 || 16.2626004242737 || 2013-10-10 08:43:49 |
| 627 || 61.1443064637503 || 2012-02-11 22:58:44 |
| 628 || -29.2492685202606 || 2014-09-22 12:33:57 |
| 629 || 24.2835009184824 || 2015-04-12 02:49:57 |
| 630 || 2.5894659256199 || 2010-10-07 18:25:59 |
| 631 || 8.74430558796442 || 2013-05-06 01:14:12 |
| 632 || 63.5137370262515 || 2011-03-23 06:54:19 |
| 633 || 25.7397953522478 || 2015-12-08 07:27:51 |
| 634 || 41.6491193831333 || 2014-08-17 10:44:58 |
| 635 || 6.90432847316594 || 2019-07-22 23:22:51 |
| 636 || -3.236267921729 || 2014-03-09 14:56:19 |
| 637 || 47.01088081901 || 2012-07-17 09:24:42 |
| 638 || -25.630407024165 || 2012-11-24 22:29:18 |
| 639 || 59.2423985223635 || 2016-04-11 15:58:24 |
| 640 || 2.15460178556655 || 2019-08-07 12:21:23 |
| 641 || 3.48347690618206 || 2015-12-24 00:45:43 |
| 642 || 45.5271890591218 || 2013-02-12 00:57:23 |
| 643 || -24.1382965481163 || 2015-09-14 00:13:05 |
| 644 || 49.734057215827 || 2011-01-12 03:56:05 |
| 645 || 1.80983203565202 || 2013-01-03 15:27:44 |
| 646 || 3.62842952912084 || 2019-02-06 08:14:22 |
| 647 || -13.6409754408684 || 2015-02-13 22:47:57 |
| 648 || 87.1261992945339 || 2011-09-20 00:03:24 |
| 649 || -4.79945220727505 || 2011-03-08 18:47:50 |
| 650 || 14.5139909184926 || 2018-06-11 18:38:28 |
| 651 || 23.43 || 2020-01-08 19:59:11 |
| 652 || 11.251 || 2020-01-08 19:59:11 |
| 653 || 32.1 || 2020-01-08 19:59:11 |
| 654 || -5.334 || 2020-01-08 19:59:11 |
| 655 || 14.8372 || 2020-01-08 19:59:11 |
| 656 || 16.0509 || 2014-01-01 03:10:54 |
| 657 || 90.0 || 2014-03-10 23:30:42 |
| 658 || -0.316959188348112 || 2010-11-04 09:45:37 |
| 659 || -0.218496800032385 || 2018-10-23 16:30:09 |
| 660 || 1.19157729001005 || 2013-06-25 23:49:29 |
| 661 || 26.166967044023 || 2012-07-20 04:01:47 |
| 662 || -15.476928845528 || 2012-01-25 11:50:44 |
| 663 || 20.5189370100593 || 2017-08-11 04:38:34 |
| 664 || 2.52964466891914 || 2019-05-27 15:25:08 |
| 665 || -1.36835527004994 || 2015-05-17 03:45:07 |
| 666 || -15.4351336802768 || 2010-01-20 05:19:34 |
| 667 || 87.7159936565799 || 2013-12-18 09:37:01 |
| 668 || -20.3712143607806 || 2012-02-06 19:04:22 |
| 669 || 16.7236893264191 || 2014-10-25 17:41:35 |
| 670 || 1.59420207008034 || 2016-08-14 02:25:09 |
| 671 || 29.5573676600938 || 2018-06-09 11:47:36 |
| 672 || 61.8307470404488 || 2012-12-15 20:51:43 |
| 673 || -17.245823265103 || 2018-12-04 19:28:52 |
| 674 || 3.79270203807345 || 2015-12-23 10:43:35 |
| 675 || 0.169750612351423 || 2012-03-22 18:14:21 |
| 676 || -0.62739558208225 || 2019-10-09 10:08:12 |
| 677 || 16.1330920536718 || 2019-12-04 05:55:32 |
| 678 || 77.3040291648518 || 2018-10-08 04:19:43 |
| 679 || 5.90455098808919 || 2017-06-27 18:48:59 |
| 680 || -0.0386383782354075 || 2012-05-10 01:41:41 |
| 681 || -1.16830333126258 || 2019-02-27 14:43:13 |
| 682 || -15.2682147882149 || 2019-03-03 21:23:53 |
| 683 || -10.3885986671482 || 2015-03-23 11:32:22 |
| 684 || 9.59784525831707 || 2016-07-02 21:58:51 |
| 685 || 0.0435425008484208 || 2017-12-02 22:30:52 |
| 686 || -5.39295337308856 || 2018-02-03 21:48:13 |
| 687 || 64.9416431572776 || 2015-04-26 05:14:51 |
| 688 || 57.2387141463164 || 2017-04-11 03:02:18 |
| 689 || 37.3035809671725 || 2015-03-17 07:08:48 |
| 690 || 0.181966414248357 || 2012-04-23 11:53:56 |
| 691 || 23.0521122217172 || 2012-02-06 08:01:00 |
| 692 || -22.3147466920667 || 2017-06-03 09:38:43 |
| 693 || 34.687712116343 || 2017-08-01 14:31:15 |
| 694 || 41.3918790391814 || 2012-07-12 13:53:49 |
| 695 || 0.185591524652267 || 2011-08-21 00:39:36 |
| 696 || 9.74892150793906 || 2017-09-19 08:16:24 |
| 697 || 26.5077995640843 || 2013-05-24 17:25:37 |
| 698 || 37.2429336099855 || 2015-02-15 22:24:21 |
| 699 || 38.7825602636998 || 2019-12-24 21:53:55 |
| 700 || 0.990939806269325 || 2019-03-19 01:34:35 |
| 701 || 14.3111959632167 || 2017-11-09 07:19:28 |
| 702 || 48.0918502360998 || 2017-06-03 22:30:14 |
| 703 || -27.169551085622 || 2014-05-27 21:48:09 |
| 704 || -6.39959586969684 || 2018-02-02 17:19:46 |
| 705 || 5.01611299139169 || 2019-09-23 22:36:58 |
| 706 || 1.98428301082353 || 2013-01-11 07:57:13 |
| 707 || 60.9007183843774 || 2019-10-20 12:02:56 |
| 708 || -29.0443362509436 || 2012-10-17 12:17:58 |
| 709 || 26.0908156521589 || 2018-08-16 22:16:36 |
| 710 || 1.38407848603867 || 2014-12-24 17:30:30 |
| 711 || 3.05046773093933 || 2016-07-20 05:34:46 |
| 712 || 49.8413920428364 || 2015-08-14 14:58:44 |
| 713 || -10.4059102949475 || 2016-07-03 07:59:32 |
| 714 || -0.655264517284994 || 2010-11-26 14:47:11 |
| 715 || 9.82355312639196 || 2014-12-04 18:34:50 |
| 716 || -0.742032063367093 || 2011-06-17 06:01:45 |
| 717 || -3.11123212706787 || 2011-10-16 15:37:34 |
| 718 || 62.0989533847905 || 2015-03-21 14:24:18 |
| 719 || 11.2760840632983 || 2015-10-06 23:32:47 |
| 720 || 3.25134077185203 || 2011-04-05 14:10:13 |
| 721 || -0.0241114817820837 || 2019-06-13 03:32:57 |
| 722 || 44.7926804070645 || 2014-06-19 03:01:07 |
| 723 || -7.99634374777741 || 2015-10-25 15:45:30 |
| 724 || 69.0990101570392 || 2014-02-21 03:56:32 |
| 725 || 13.7219471620768 || 2015-07-27 17:11:04 |
| 726 || 0.814350017348837 || 2012-07-07 19:11:09 |
| 727 || 16.0050594919847 || 2011-08-03 10:11:14 |
| 728 || -3.37345289075611 || 2010-11-01 12:25:56 |
| 729 || -20.3046680399143 || 2012-04-19 03:54:32 |
| 730 || 25.6549123566149 || 2011-09-22 18:14:14 |
| 731 || 0.160822627579817 || 2017-05-09 15:31:18 |
| 732 || -10.4963072637346 || 2010-06-23 10:19:12 |
| 733 || -22.6225741313196 || 2013-05-04 19:48:33 |
| 734 || 73.8644341981264 || 2019-03-02 16:01:19 |
| 735 || -10.3930764684203 || 2014-04-16 11:57:22 |
| 736 || 0.00965368033820684 || 2018-04-21 08:26:34 |
| 737 || 5.34476124938482 || 2018-01-02 12:29:26 |
| 738 || 47.0509123251903 || 2013-09-02 11:23:00 |
| 739 || 72.4502615515327 || 2015-09-02 01:10:39 |
| 740 || 33.3539829617035 || 2010-02-16 05:40:24 |
| 741 || 0.486203707101605 || 2017-08-22 19:41:14 |
| 742 || 21.193270463897 || 2013-07-23 19:49:12 |
| 743 || -12.4586458851953 || 2019-05-10 19:34:16 |
| 744 || -13.7908241443007 || 2010-01-09 21:12:57 |
| 745 || -0.467437901353048 || 2010-10-06 18:29:25 |
| 746 || 0.555153156392366 || 2014-01-09 18:58:17 |
| 747 || 23.43 || 2020-01-08 19:59:46 |
| 748 || 11.251 || 2020-01-08 19:59:46 |
| 749 || 32.1 || 2020-01-08 19:59:46 |
| 750 || -5.334 || 2020-01-08 19:59:46 |
| 751 || 14.8372 || 2020-01-08 19:59:46 |
| 752 || 16.0509 || 2014-01-01 03:10:54 |
| 753 || 23.43 || 2020-01-08 20:03:02 |
| 754 || 11.251 || 2020-01-08 20:03:02 |
| 755 || 32.1 || 2020-01-08 20:03:02 |
| 756 || -5.334 || 2020-01-08 20:03:02 |
| 757 || 14.8372 || 2020-01-08 20:03:02 |
| 758 || 16.0509 || 2014-01-01 03:10:54 |
| 759 || 23.43 || 2020-01-08 20:03:19 |
| 760 || 11.251 || 2020-01-08 20:03:20 |
| 761 || 32.1 || 2020-01-08 20:03:21 |
| 762 || -5.334 || 2020-01-08 20:03:26 |
| 763 || 14.8372 || 2020-01-08 20:03:28 |
| 764 || 16.0509 || 2014-01-01 03:10:54 |
| 765 || 90.0 || 2019-04-20 04:59:51 |
| 766 || 15.6373453087447 || 2015-01-26 10:21:37 |
| 767 || -2.91182716369764 || 2019-01-10 22:40:11 |
| 768 || 4.39991955649496 || 2017-07-04 20:26:00 |
| 769 || 49.1728851787981 || 2014-04-06 10:24:00 |
| 770 || 87.3668334696606 || 2018-11-03 23:59:12 |
| 771 || 40.6167452200247 || 2014-05-12 17:33:07 |
| 772 || 13.39940208569 || 2017-06-10 16:33:48 |
| 773 || 4.13493802031304 || 2013-04-25 07:37:59 |
| 774 || 26.2900655102218 || 2010-10-05 21:06:53 |
| 775 || 10.6351208279272 || 2015-06-15 21:29:37 |
| 776 || -23.0301844182713 || 2016-04-09 15:08:26 |
| 777 || 11.8174676991127 || 2018-09-10 10:13:35 |
| 778 || 0.0104702388946067 || 2010-11-17 10:54:38 |
| 779 || -12.194965798633 || 2015-11-25 02:26:32 |
| 780 || 18.7342289835262 || 2011-01-06 09:05:57 |
| 781 || 51.2024916120525 || 2012-12-18 02:56:26 |
| 782 || 15.177164748886 || 2017-01-15 02:13:23 |
| 783 || -0.221249446365389 || 2014-10-23 14:34:56 |
| 784 || 37.5964714350288 || 2013-11-16 04:47:50 |
| 785 || 84.2335587315585 || 2017-01-03 04:03:46 |
| 786 || 74.7230041844185 || 2013-09-08 20:04:48 |
| 787 || 23.5335538389113 || 2014-06-12 16:23:36 |
| 788 || 0.0508494014384787 || 2018-01-17 03:38:14 |
| 789 || 3.63831578121836 || 2017-03-24 05:32:54 |
| 790 || 57.5444528569171 || 2017-10-03 15:46:25 |
| 791 || 18.6562651397082 || 2018-04-07 06:05:24 |
| 792 || 30.8141277732724 || 2014-12-18 01:33:32 |
| 793 || 0.0152137612494387 || 2012-06-18 09:27:15 |
| 794 || 2.43910225857674 || 2019-08-24 05:25:51 |
| 795 || 4.26317868407543 || 2010-12-10 11:01:44 |
| 796 || 59.729891192658 || 2015-04-11 17:53:19 |
| 797 || 13.0818154470487 || 2016-12-15 17:49:25 |
| 798 || 0.0266867827323923 || 2019-01-16 15:36:33 |
| 799 || 16.9182814416574 || 2013-05-27 01:18:12 |
| 800 || 32.3252706834626 || 2013-05-18 18:16:34 |
| 801 || 84.8438876678899 || 2014-07-08 05:30:10 |
| 802 || -8.18619777470821 || 2017-05-13 18:21:30 |
| 803 || -0.182153256043215 || 2016-05-07 15:43:05 |
| 804 || -5.37091916335257 || 2013-03-15 22:16:03 |
| 805 || -8.644952003848 || 2014-04-05 12:59:57 |
| 806 || 5.89890111676522 || 2017-09-05 21:24:02 |
| 807 || 32.0909473671102 || 2014-05-21 22:04:59 |
| 808 || 1.3354452261514 || 2013-11-04 06:07:59 |
| 809 || -1.68233015436966 || 2012-03-26 03:44:46 |
| 810 || -15.3971286870684 || 2013-11-10 02:59:17 |
| 811 || -16.2152025138472 || 2015-04-27 10:27:11 |
| 812 || 41.8423752918571 || 2015-04-20 08:08:19 |
| 813 || -1.69206290713064 || 2018-10-11 13:59:12 |
| 814 || 5.38845561504592 || 2012-12-16 22:32:11 |
| 815 || 8.50630976941995 || 2013-03-17 23:44:02 |
| 816 || 28.3524469206683 || 2011-11-20 00:58:12 |
| 817 || 58.3337943706199 || 2018-06-16 19:40:05 |
| 818 || -2.69509337659177 || 2019-12-05 10:06:35 |
| 819 || 7.06159933459328 || 2017-02-18 10:40:31 |
| 820 || -3.48491689199875 || 2019-05-18 23:45:09 |
| 821 || -27.8809384667121 || 2019-07-05 11:12:33 |
| 822 || -9.23179281542065 || 2012-01-17 20:08:32 |
| 823 || -1.02083126432026 || 2014-12-11 10:04:50 |
| 824 || 0.489083682987674 || 2010-02-12 04:26:32 |
| 825 || -12.2648739654367 || 2018-04-27 19:23:29 |
| 826 || 30.3516048300777 || 2017-05-26 21:30:07 |
| 827 || -22.6815282453869 || 2016-01-08 05:50:05 |
| 828 || 8.92613898951578 || 2013-10-21 19:40:12 |
| 829 || 1.84617759873669 || 2018-04-22 13:29:39 |
| 830 || -8.82142610692004 || 2015-10-27 03:49:04 |
| 831 || 16.8645458917919 || 2011-11-23 13:44:25 |
| 832 || 18.1911267222272 || 2019-12-12 04:13:51 |
| 833 || 1.05886599947078 || 2010-04-24 12:42:59 |
| 834 || 0.714103756936568 || 2016-05-22 00:47:40 |
| 835 || 2.36531735470443 || 2018-06-23 01:12:00 |
| 836 || 67.2442524390736 || 2019-03-24 00:50:11 |
| 837 || 74.9153023725462 || 2019-10-26 03:38:05 |
| 838 || 25.8899815726057 || 2017-09-17 03:54:00 |
| 839 || 0.200888533310255 || 2010-04-12 06:33:09 |
| 840 || 31.1329804078565 || 2010-03-15 15:31:36 |
| 841 || -7.14610692166575 || 2010-05-05 04:06:30 |
| 842 || -9.33554649463415 || 2011-11-11 16:06:49 |
| 843 || 11.461793514056 || 2014-06-03 09:28:46 |
| 844 || -0.00351917514024829 || 2019-05-10 15:00:36 |
| 845 || -4.41769070270515 || 2018-07-19 03:18:09 |
| 846 || -26.0015427355476 || 2018-09-27 18:19:08 |
| 847 || 80.0333931431267 || 2011-08-22 08:23:14 |
| 848 || 3.70631210402259 || 2012-12-26 16:35:16 |
| 849 || 0.48610253035642 || 2015-08-06 00:51:14 |
| 850 || 5.87559183809573 || 2018-09-12 00:54:45 |
| 851 || 36.3509951405101 || 2013-07-05 11:09:15 |
| 852 || 1.17882219513538 || 2012-06-24 22:54:23 |
| 853 || 41.2648299267326 || 2019-05-09 08:45:53 |
| 854 || 1.10879424684858 || 2018-11-13 16:47:47 |
| 855 || 13.6263108949495 || 2018-06-16 05:34:29 |
| 856 || -12.1673919512597 || 2013-11-08 04:42:01 |
| 857 || 39.0249094775081 || 2018-09-04 06:58:08 |
| 858 || 37.8066971176596 || 2018-01-21 08:36:42 |
| 859 || -0.323526923591566 || 2012-06-02 00:45:36 |
| 860 || 14.3558000918724 || 2015-05-12 13:49:17 |
| 861 || 56.5094706959729 || 2013-04-04 22:40:29 |
| 862 || -29.7871605812781 || 2012-05-25 18:19:33 |
| 863 || 46.4024720080162 || 2018-07-06 15:35:53 |
| 864 || 5.34195414354468 || 2014-01-12 18:13:22 |
| 865 || 1.91444819200416 || 2015-08-11 14:49:29 |
| 866 || -19.6774307317687 || 2016-09-07 11:09:38 |
| 867 || 22.6820059724668 || 2019-08-26 13:49:44 |
| 868 || 31.0628331127981 || 2012-03-19 00:30:17 |
| 869 || -2.04059699703362 || 2010-08-12 01:21:27 |
| 870 || -2.16556484211375 || 2016-07-15 20:44:13 |
| 871 || 27.6243619612745 || 2011-01-03 18:39:45 |
| 872 || 87.9112792212459 || 2013-10-09 17:14:27 |
| 873 || 21.1335914400183 || 2019-11-27 05:48:26 |
| 874 || -0.479168837960219 || 2013-05-13 00:51:31 |
| 875 || -1.68337674927539 || 2016-01-20 20:51:32 |
| 876 || -6.10244647996401 || 2015-02-07 22:40:02 |
| 877 || 70.5250903997127 || 2010-09-05 04:44:23 |
| 878 || -7.26960585683329 || 2011-03-09 18:23:08 |
| 879 || -1.68143547680456 || 2010-09-06 10:42:21 |
| 880 || 2.61396281527743 || 2012-11-13 21:55:06 |
| 881 || 45.6286845936167 || 2018-06-27 00:21:51 |
| 882 || -26.7761906812134 || 2015-07-09 23:01:58 |
| 883 || -14.5627408220428 || 2014-08-16 06:43:06 |
| 884 || 19.0952077173946 || 2019-01-17 08:41:23 |
| 885 || 0.79557580832962 || 2013-03-13 01:02:08 |
| 886 || 34.6623361688662 || 2014-12-17 10:17:23 |
| 887 || -13.3898977398713 || 2012-07-08 07:30:11 |
| 888 || -10.5159253732749 || 2018-04-07 17:25:29 |
| 889 || 0.814154052227519 || 2014-08-12 10:35:34 |
| 890 || 0.14979618560954 || 2018-11-25 08:48:05 |
| 891 || -9.95949226895094 || 2013-05-16 12:03:32 |
| 892 || 37.2577053520216 || 2010-09-01 17:05:42 |
| 893 || 59.6138120969751 || 2018-10-19 07:47:21 |
| 894 || 13.7951288330451 || 2011-04-09 20:51:53 |
| 895 || 0.00022175060790722 || 2019-10-10 00:49:41 |
| 896 || 25.5008391023247 || 2014-09-16 09:59:32 |
| 897 || -26.6632157664409 || 2016-09-04 18:56:57 |
| 898 || 83.3056192937936 || 2011-05-08 03:05:57 |
| 899 || -10.1413810621585 || 2011-01-24 06:51:28 |
| 900 || 0.34445001642168 || 2011-08-25 14:14:35 |
| 901 || 5.42494115510219 || 2016-06-07 01:31:06 |
| 902 || 60.8546571655905 || 2018-06-18 10:40:18 |
| 903 || 42.9311405715307 || 2018-01-02 08:03:21 |
| 904 || 19.2342415111298 || 2013-02-15 21:32:12 |
| 905 || 0.66136412003895 || 2015-11-09 20:36:14 |
| 906 || 6.09428032754288 || 2017-09-21 09:02:42 |
| 907 || 70.2505321696398 || 2013-05-14 22:07:09 |
| 908 || 62.6935286429199 || 2017-03-09 21:22:21 |
| 909 || 44.8589781329579 || 2010-09-11 21:37:52 |
| 910 || 1.63478274056955 || 2010-08-25 17:22:28 |
| 911 || 3.36171303372004 || 2017-10-02 00:15:54 |
| 912 || 53.0078834451571 || 2016-04-08 19:05:12 |
| 913 || 87.6892675601383 || 2013-02-01 14:36:34 |
| 914 || -2.78078964692835 || 2019-10-27 22:26:48 |
| 915 || 4.76976130313048 || 2015-04-15 07:48:36 |
| 916 || 4.49397501124615 || 2013-04-22 17:49:46 |
| 917 || 43.6052416643718 || 2016-07-19 11:40:31 |
| 918 || 66.658627752212 || 2010-11-21 15:02:43 |
| 919 || 50.6941836289212 || 2016-07-12 14:24:09 |
| 920 || 1.4924603853755 || 2016-04-06 21:34:38 |
| 921 || -2.68481865339815 || 2012-03-11 02:58:35 |
| 922 || 18.209287101769 || 2018-02-14 03:43:22 |
| 923 || 29.485003571017 || 2013-10-20 07:28:34 |
| 924 || -16.599451947035 || 2011-03-03 21:06:20 |
| 925 || 9.35612532617278 || 2016-08-25 22:39:52 |
| 926 || -1.33298622563027 || 2011-06-13 03:18:17 |
| 927 || -3.35139273403529 || 2016-03-11 04:21:52 |
| 928 || 20.4900757115245 || 2015-03-27 13:33:54 |
| 929 || -14.7990512893634 || 2011-11-18 17:09:27 |
| 930 || 0.532657537957368 || 2019-07-24 15:15:49 |
| 931 || 0.297241878685868 || 2010-05-14 13:26:06 |
| 932 || -14.2797479500735 || 2017-12-23 04:22:26 |
| 933 || 35.2307302172295 || 2017-05-01 21:53:06 |
| 934 || -23.661255510357 || 2016-12-18 19:38:49 |
| 935 || 19.5953249326539 || 2018-10-21 08:56:19 |
| 936 || -0.292443244664749 || 2013-09-22 12:15:47 |
| 937 || 40.3678017572342 || 2011-02-25 17:51:33 |
| 938 || 78.3011823242964 || 2015-01-23 03:09:21 |
| 939 || 58.2518900403464 || 2018-12-26 19:39:49 |
| 940 || -8.08806900339725 || 2015-12-25 03:40:44 |
| 941 || 0.149277182139983 || 2010-08-27 02:21:26 |
| 942 || 8.04836657928345 || 2019-07-23 22:51:27 |
| 943 || -27.5480106452299 || 2018-05-06 13:43:54 |
| 944 || 51.8187004893632 || 2010-06-15 15:31:44 |
| 945 || 24.5727275450914 || 2015-12-05 14:31:35 |
| 946 || -0.00157691302163715 || 2017-08-02 12:35:08 |
| 947 || 4.35031779268592 || 2017-05-04 16:27:26 |
| 948 || -1.37327329721621 || 2015-10-06 21:29:34 |
| 949 || 42.308770988647 || 2013-08-12 21:26:07 |
| 950 || 23.43 || 2020-01-08 20:06:47 |
| 951 || 11.251 || 2020-01-08 20:06:47 |
| 952 || 32.1 || 2020-01-08 20:06:47 |
| 953 || -5.334 || 2020-01-08 20:06:47 |
| 954 || 14.8372 || 2020-01-08 20:06:47 |
| 955 || 16.0509 || 2014-01-01 03:10:54 |
| 956 || 90.0 || 2018-08-18 12:02:14 |
| 957 || 23.9868417013172 || 2013-07-05 08:54:54 |
| 958 || 9.32681603354226 || 2010-08-15 21:26:26 |
| 959 || 3.55372801391716 || 2014-12-10 07:30:14 |
| 960 || -7.43504591236813 || 2017-01-21 12:00:35 |
| 961 || 13.2058066071031 || 2016-03-01 01:35:05 |
| 962 || -15.2694277393449 || 2018-01-11 06:09:11 |
| 963 || -3.41577348903195 || 2013-02-26 18:39:19 |
| 964 || 3.09186358378693 || 2014-03-11 21:26:39 |
| 965 || 47.8853697441261 || 2014-02-12 03:20:14 |
| 966 || 60.9190837099516 || 2012-12-24 22:45:59 |
| 967 || 57.679143554694 || 2018-04-17 16:41:48 |
| 968 || -3.73104291295376 || 2019-09-12 13:42:37 |
| 969 || 1.8022818600868 || 2019-08-08 16:29:21 |
| 970 || -0.953698119999239 || 2015-12-01 00:21:59 |
| 971 || 25.7831062038519 || 2013-04-09 14:02:05 |
| 972 || 3.26623487174478 || 2016-11-27 13:39:46 |
| 973 || 22.1776480282783 || 2018-12-06 18:50:42 |
| 974 || 0.403275211742039 || 2015-12-26 17:02:06 |
| 975 || 38.15283194867 || 2018-03-18 17:56:07 |
| 976 || 54.6896879227964 || 2019-03-23 03:40:29 |
| 977 || -23.4823631480166 || 2011-10-08 04:03:25 |
| 978 || 13.7198770120832 || 2013-04-24 10:53:14 |
| 979 || -0.00639479260117446 || 2010-08-11 01:08:05 |
| 980 || 1.45503454313521 || 2011-02-10 01:40:17 |
| 981 || -27.3252477285059 || 2011-09-07 20:01:36 |
| 982 || -5.64641555659795 || 2016-02-22 23:44:10 |
| 983 || -10.5732548651235 || 2011-07-09 16:17:55 |
| 984 || 0.0164030427355422 || 2019-11-11 03:52:06 |
| 985 || 10.3993747797128 || 2013-12-22 10:14:21 |
| 986 || -8.48190549292504 || 2017-05-01 03:30:29 |
| 987 || -13.4165439732995 || 2018-03-22 02:33:08 |
| 988 || -11.4113187469293 || 2010-04-09 21:11:44 |
| 989 || 0.00580255637977509 || 2017-12-17 19:30:35 |
| 990 || 4.89703986756259 || 2017-02-25 07:09:22 |
| 991 || 23.0868498282588 || 2010-10-14 10:22:27 |
| 992 || 83.8927950747169 || 2016-06-09 00:54:11 |
| 993 || 28.2940666815418 || 2018-08-08 04:41:37 |
| 994 || 0.750031641962892 || 2011-02-07 03:55:51 |
| 995 || 17.3356297762086 || 2014-01-10 14:26:45 |
| 996 || 14.4340446469366 || 2014-10-04 00:30:39 |
| 997 || 49.3690817580674 || 2019-01-14 14:04:06 |
| 998 || 32.459011962969 || 2013-12-25 16:33:42 |
| 999 || -0.377018902315613 || 2015-12-02 19:11:00 |
| 1000 || 14.2443674526844 || 2015-10-24 18:32:28 |
| 1001 || 23.43 || 2020-01-08 20:07:09 |
| 1002 || 11.251 || 2020-01-08 20:07:09 |
| 1003 || 32.1 || 2020-01-08 20:07:09 |
| 1004 || -5.334 || 2020-01-08 20:07:09 |
| 1005 || 14.8372 || 2020-01-08 20:07:09 |
| 1006 || 16.0509 || 2014-01-01 03:10:54 |
| 1007 || 23.43 || 2020-01-08 20:07:28 |
| 1008 || 11.251 || 2020-01-08 20:07:28 |
| 1009 || 32.1 || 2020-01-08 20:07:28 |
| 1010 || -5.334 || 2020-01-08 20:07:28 |
| 1011 || 14.8372 || 2020-01-08 20:07:28 |
| 1012 || 16.0509 || 2014-01-01 03:10:54 |
| 1013 || 23.43 || 2020-01-08 20:07:56 |
| 1014 || 11.251 || 2020-01-08 20:07:56 |
| 1015 || 32.1 || 2020-01-08 20:07:56 |
| 1016 || -5.334 || 2020-01-08 20:07:56 |
| 1017 || 14.8372 || 2020-01-08 20:07:56 |
| 1018 || 16.0509 || 2014-01-01 03:10:54 |
| 1019 || 23.43 || 2020-01-08 20:12:25 |
| 1020 || 11.251 || 2020-01-08 20:12:25 |
| 1021 || 32.1 || 2020-01-08 20:12:25 |
| 1022 || -5.334 || 2020-01-08 20:12:25 |
| 1023 || 14.8372 || 2020-01-08 20:12:25 |
| 1024 || 16.0509 || 2014-01-01 03:10:54 |
| 1025 || 2.02092203591079 || 2014-01-14 06:22:00 |
| 1026 || -17.228168721755 || 2010-02-11 15:44:11 |
| 1027 || 42.9163694484145 || 2019-08-23 16:35:02 |
| 1028 || -11.22655895302 || 2017-08-24 23:39:24 |
| 1029 || -0.289972416388217 || 2011-04-05 04:47:28 |
| 1030 || -6.36639662231136 || 2010-06-24 06:30:29 |
| 1031 || -18.511250310381 || 2014-11-05 13:55:51 |
| 1032 || 62.0510569539195 || 2015-04-19 12:37:59 |
| 1033 || -8.85343184185411 || 2015-01-11 01:29:20 |
| 1034 || 0.627437898185958 || 2016-04-15 08:08:18 |
| 1035 || 15.3950548806376 || 2011-06-20 22:40:30 |
| 1036 || 33.7138114898295 || 2010-04-06 20:11:52 |
| 1037 || -9.99786040079983 || 2017-07-16 23:42:06 |
| 1038 || 5.69036440441989 || 2011-08-21 19:44:05 |
| 1039 || -0.701234411424234 || 2012-10-21 23:54:32 |
| 1040 || -4.2330174690939 || 2015-07-15 18:45:17 |
| 1041 || 34.441773040967 || 2019-03-14 12:10:01 |
| 1042 || -20.0938888395197 || 2010-09-27 16:38:23 |
| 1043 || 4.16432097848455 || 2018-08-26 01:39:44 |
| 1044 || 5.82495097248099 || 2010-11-25 20:22:41 |
| 1045 || 4.1381462754544 || 2019-08-15 05:49:51 |
| 1046 || -19.4349406975098 || 2015-08-22 18:47:04 |
| 1047 || 81.7370114220687 || 2013-08-21 22:11:43 |
| 1048 || 29.2738943858396 || 2010-03-22 18:07:41 |
| 1049 || 0.262708141619587 || 2019-09-09 03:23:25 |
| 1050 || 5.28309580617163 || 2012-03-10 03:59:29 |
| 1051 || 27.72085589998 || 2018-06-13 17:36:05 |
| 1052 || -22.8146233337555 || 2011-09-24 10:13:41 |
| 1053 || 24.699825253034 || 2013-04-13 15:11:46 |
| 1054 || -1.03074210019718 || 2016-06-09 09:17:21 |
| 1055 || -1.06395236538226 || 2018-04-01 07:16:44 |
| 1056 || -5.25333915612999 || 2012-07-06 13:48:41 |
| 1057 || -13.1138770553128 || 2010-02-05 07:04:17 |
| 1058 || 33.6267991837035 || 2017-02-10 22:43:24 |
| 1059 || 7.62831003160073 || 2012-10-05 13:49:05 |
| 1060 || 1.26008569713372 || 2014-06-21 10:43:24 |
| 1061 || -3.18756069382217 || 2016-03-07 01:06:17 |
| 1062 || 74.362352223817 || 2011-11-01 18:01:11 |
| 1063 || 4.28136708766826 || 2016-08-03 02:10:28 |
| 1064 || 22.8239410805543 || 2018-10-01 07:41:19 |
| 1065 || -0.139302455599559 || 2017-11-25 16:56:36 |
| 1066 || 19.1206718513357 || 2012-08-11 11:32:59 |
| 1067 || 82.2320818777803 || 2014-08-01 17:44:46 |
| 1068 || 76.0290424536257 || 2017-09-11 23:19:59 |
| 1069 || 8.79175355683061 || 2011-01-11 01:26:58 |
| 1070 || 0.0446918170106771 || 2019-05-06 11:48:36 |
| 1071 || -0.240526432803077 || 2018-07-05 05:06:52 |
| 1072 || -26.9603018313656 || 2010-05-18 16:17:58 |
| 1073 || 80.4003478827011 || 2010-06-09 06:39:11 |
| 1074 || 20.6746135514207 || 2016-10-05 10:30:31 |
| 1075 || -0.0365022507895503 || 2013-08-19 13:52:11 |
| 1076 || -8.85788734981464 || 2018-04-19 21:58:47 |
| 1077 || -24.738941955778 || 2010-09-22 13:58:20 |
| 1078 || 18.7206290430831 || 2012-09-17 03:30:17 |
| 1079 || 0.561131189035724 || 2011-05-24 21:27:08 |
| 1080 || 0.866606321397228 || 2010-07-21 12:26:15 |
| 1081 || 14.0005060979201 || 2011-06-19 21:45:34 |
| 1082 || -19.7595590048452 || 2013-03-24 06:34:05 |
| 1083 || -11.7151822671533 || 2016-11-11 08:31:08 |
| 1084 || 6.50960531148893 || 2019-12-18 22:49:26 |
| 1085 || 2.25126727280242 || 2012-08-01 12:53:20 |
| 1086 || 14.7401599371259 || 2015-03-07 17:02:38 |
| 1087 || -7.83359965734288 || 2019-09-02 05:27:23 |
| 1088 || 79.8951779833466 || 2010-10-11 04:20:21 |
| 1089 || -1.65563583069429 || 2016-02-08 12:27:29 |
| 1090 || -1.20218465155141 || 2018-08-03 04:53:59 |
| 1091 || 6.4588923805797 || 2019-04-22 05:28:03 |
| 1092 || 0.259638862955949 || 2012-11-06 08:11:13 |
| 1093 || 40.090343759451 || 2018-10-25 10:19:04 |
| 1094 || 48.4683806188711 || 2014-01-11 05:50:15 |
| 1095 || -1.47067053196324 || 2019-11-06 05:49:22 |
| 1096 || 7.94921184312288 || 2016-03-13 23:04:46 |
| 1097 || 32.2687279146205 || 2016-04-03 06:40:03 |
| 1098 || 82.9403772677854 || 2015-11-25 22:49:25 |
| 1099 || 32.053303364634 || 2010-06-27 13:32:39 |
| 1100 || 0.329485678703456 || 2015-12-02 10:26:57 |
| 1101 || -1.7683217103313 || 2014-05-24 09:03:54 |
| 1102 || 54.2809329845459 || 2014-01-11 01:16:04 |
| 1103 || 20.3416743365953 || 2018-09-05 23:46:37 |
| 1104 || 36.3826589524819 || 2014-12-08 17:57:44 |
| 1105 || -3.24668634876265 || 2010-06-25 12:38:41 |
| 1106 || 1.24570086851909 || 2018-06-26 08:33:38 |
| 1107 || -14.3026582642306 || 2014-01-02 04:18:58 |
| 1108 || 72.8337906534171 || 2015-12-19 09:09:39 |
| 1109 || 60.7980024520866 || 2016-01-24 18:21:03 |
| 1110 || -2.66475497927889 || 2019-12-27 02:50:04 |
| 1111 || 0.139213455162463 || 2019-07-22 16:51:02 |
| 1112 || -10.8576736720117 || 2012-07-25 20:51:57 |
| 1113 || -13.7822856351464 || 2016-11-03 19:51:38 |
| 1114 || -19.7776212617345 || 2011-04-19 14:47:37 |
| 1115 || 10.394859868254 || 2013-05-03 20:04:24 |
| 1116 || 0.792506533240383 || 2017-05-07 19:01:26 |
| 1117 || -1.32242146957175 || 2017-11-22 04:30:50 |
| 1118 || 31.0468110987199 || 2014-08-09 05:02:11 |
| 1119 || 0.801992472586996 || 2010-09-15 17:21:50 |
| 1120 || -4.20202090162708 || 2015-04-21 21:47:14 |
| 1121 || -0.0229593101457492 || 2015-04-13 16:58:36 |
| 1122 || 24.7811001320608 || 2011-11-19 11:55:21 |
| 1123 || 0.44251503750425 || 2017-06-17 00:56:06 |
| 1124 || 20.1149469020096 || 2013-01-27 04:33:14 |
| 1125 || -7.21140922260685 || 2012-08-20 18:09:12 |
| 1126 || 0.0211277323198513 || 2010-04-11 04:44:49 |
| 1127 || 19.6996372571968 || 2014-06-13 04:42:55 |
| 1128 || -24.6881755906054 || 2018-02-12 15:18:27 |
| 1129 || -25.6666489588234 || 2019-05-23 18:36:29 |
| 1130 || 25.0494606599059 || 2012-11-26 06:55:05 |
| 1131 || 0.474498974301696 || 2011-05-12 03:13:06 |
| 1132 || 16.8392730154753 || 2019-04-06 08:23:30 |
| 1133 || 69.5138394222155 || 2016-12-02 02:28:05 |
| 1134 || 6.60063439383623 || 2014-12-21 13:08:57 |
| 1135 || 35.3317051019914 || 2011-03-18 20:30:55 |
| 1136 || 0.538268855992666 || 2019-01-15 18:00:19 |
| 1137 || 18.0916842172036 || 2011-02-18 17:47:14 |
| 1138 || -14.0687978661185 || 2014-09-27 04:45:07 |
| 1139 || -21.0752413022698 || 2013-01-14 11:14:13 |
| 1140 || 5.36671257379669 || 2014-07-01 20:40:34 |
| 1141 || -1.27751775305546 || 2015-08-08 17:17:05 |
| 1142 || -3.56679270602243 || 2015-06-27 23:38:19 |
| 1143 || -21.5325156995367 || 2016-10-07 08:30:20 |
| 1144 || -24.4636928491614 || 2019-10-07 17:56:52 |
| 1145 || -17.9306083194814 || 2016-12-09 20:58:24 |
| 1146 || 2.77861381141609 || 2015-01-03 01:05:19 |
| 1147 || 10.0771507242875 || 2012-10-04 12:43:58 |
| 1148 || -12.9478129547689 || 2016-05-23 13:00:01 |
| 1149 || 38.5062877531087 || 2016-12-12 19:06:32 |
| 1150 || 51.9243631683949 || 2014-01-20 03:15:16 |
| 1151 || -2.17588295175665 || 2010-10-15 09:26:43 |
| 1152 || -1.30782920834955 || 2019-11-02 02:16:38 |
| 1153 || -10.0967199891909 || 2016-11-17 23:04:42 |
| 1154 || 85.593544288083 || 2019-11-11 01:53:42 |
| 1155 || -15.0139508944492 || 2017-09-01 04:03:24 |
| 1156 || 3.46826260054555 || 2014-12-06 12:49:41 |
| 1157 || -0.679883032294425 || 2012-06-25 10:28:27 |
| 1158 || -15.476942927298 || 2014-02-26 18:47:24 |
| 1159 || 87.2208640767606 || 2019-03-06 10:24:15 |
| 1160 || 37.3993464325315 || 2017-07-25 19:25:38 |
| 1161 || 16.8438767180801 || 2010-05-24 03:34:24 |
| 1162 || -0.810940494248704 || 2011-02-06 13:11:44 |
| 1163 || 12.1507962441511 || 2011-09-08 07:11:02 |
| 1164 || 5.95506057095898 || 2016-04-25 12:46:43 |
| 1165 || 69.0499192964122 || 2016-08-02 15:23:00 |
| 1166 || 21.3908236476423 || 2019-10-23 15:53:48 |
| 1167 || 0.974058417983249 || 2019-07-11 14:10:09 |
| 1168 || 18.926659294012 || 2012-11-20 17:34:12 |
| 1169 || -23.3178604754573 || 2015-05-15 12:03:25 |
| 1170 || 71.6307574772614 || 2012-10-18 20:49:08 |
| 1171 || 16.4663004494029 || 2010-02-27 02:00:29 |
| 1172 || 0.185581878290521 || 2019-03-09 19:16:38 |
| 1173 || 8.64324567254722 || 2015-04-06 20:39:56 |
| 1174 || -25.8122653469761 || 2015-05-18 04:05:14 |
| 1175 || -21.9630032413924 || 2011-01-09 05:38:37 |
| 1176 || 15.037358222704 || 2011-11-05 10:45:46 |
| 1177 || -0.00411301938524325 || 2013-03-25 22:12:12 |
| 1178 || -0.528648503166824 || 2017-04-10 01:37:19 |
| 1179 || 57.4008787191427 || 2014-12-02 05:18:31 |
| 1180 || -23.4101545849531 || 2017-08-13 23:46:28 |
| 1181 || 14.0867383584334 || 2014-04-23 09:44:18 |
| 1182 || -0.0281822281936876 || 2016-02-04 14:09:14 |
| 1183 || 23.7025205671983 || 2017-03-19 07:17:26 |
| 1184 || 17.2455164663336 || 2017-10-14 12:17:54 |
| 1185 || 85.5680532810521 || 2019-03-07 23:11:58 |
| 1186 || 41.8874511398892 || 2011-02-14 06:41:54 |
| 1187 || -0.433259792033977 || 2016-03-14 02:27:07 |
| 1188 || 7.89042266005326 || 2018-03-23 11:39:49 |
| 1189 || 70.9209734236972 || 2018-09-26 15:09:32 |
| 1190 || 58.1249632977652 || 2018-02-14 03:15:34 |
| 1191 || -15.783265910495 || 2019-04-20 18:36:14 |
| 1192 || 3.08098558542298 || 2018-11-27 06:21:16 |
| 1193 || 5.94393141456886 || 2014-09-23 01:06:08 |
| 1194 || 12.6808514988724 || 2019-12-15 09:03:39 |
| 1195 || -8.27086308641347 || 2016-06-17 09:10:10 |
| 1196 || 6.43046247605897 || 2018-01-16 17:41:03 |
| 1197 || 2.59812124617844 || 2012-12-06 06:15:29 |
| 1198 || 2.39988067016262 || 2019-02-03 20:50:52 |
| 1199 || 61.6406633906892 || 2015-04-22 18:19:21 |
| 1200 || 28.0486451081943 || 2012-11-07 04:04:22 |
| 1201 || -19.3156135663881 || 2018-08-18 10:31:16 |
| 1202 || 8.33042302046713 || 2014-10-17 21:55:37 |
| 1203 || 6.58144534508792 || 2013-12-18 22:52:28 |
| 1204 || 56.2865864305774 || 2012-07-22 10:44:52 |
| 1205 || 29.4643063374261 || 2011-09-01 09:42:21 |
| 1206 || 62.7304199714883 || 2013-06-18 07:47:02 |
| 1207 || 10.0946738417985 || 2019-10-08 08:39:52 |
| 1208 || 4.15841376668887 || 2012-01-23 13:26:54 |
| 1209 || 51.1558360745258 || 2013-12-27 03:10:13 |
| 1210 || 34.2431458890123 || 2018-03-22 06:04:45 |
| 1211 || -1.19468633691622 || 2015-11-12 19:22:37 |
| 1212 || 8.40195969896593 || 2014-05-10 14:43:23 |
| 1213 || 0.0955809888001333 || 2014-04-27 21:34:51 |
| 1214 || 29.5893148086477 || 2011-09-14 02:14:02 |
| 1215 || 77.7532248283989 || 2016-01-22 01:16:04 |
| 1216 || 64.9467896015993 || 2016-03-13 06:53:46 |
| 1217 || 18.3739793043932 || 2017-04-27 12:20:23 |
| 1218 || 1.08765513108258 || 2010-09-16 22:41:46 |
| 1219 || 20.3771153061706 || 2015-12-06 10:52:31 |
| 1220 || 63.9925162857547 || 2019-06-07 12:39:52 |
| 1221 || 22.7341455092902 || 2013-06-06 23:07:30 |
| 1222 || 11.4111429748624 || 2013-06-23 08:07:17 |
| 1223 || 0.191471391888285 || 2017-01-19 07:22:02 |
| 1224 || -9.92802407247798 || 2011-11-02 21:23:07 |
| 1225 || 43.3512345988427 || 2017-04-16 13:25:57 |
| 1226 || -22.3510565396695 || 2015-06-22 07:10:49 |
| 1227 || 0.83798989758611 || 2016-03-17 09:29:23 |
| 1228 || 0.000957695754989023 || 2011-07-22 06:08:35 |
| 1229 || 4.63509658755414 || 2018-09-12 03:59:50 |
| 1230 || -7.26923051725051 || 2013-01-10 09:58:54 |
| 1231 || 70.2660408991684 || 2015-05-04 01:50:23 |
| 1232 || 8.3851165728962 || 2011-06-08 17:44:15 |
| 1233 || 0.325841899427353 || 2012-09-21 21:41:54 |
| 1234 || 16.8436439661511 || 2010-02-20 19:30:37 |
| 1235 || 25.9855576304542 || 2013-06-10 21:44:50 |
| 1236 || 17.2290507409097 || 2013-06-02 10:02:17 |
| 1237 || -11.8668726117009 || 2013-01-15 23:19:40 |
| 1238 || -0.458337205321106 || 2012-12-05 05:16:36 |
| 1239 || 15.2291686485853 || 2016-04-15 03:49:20 |
| 1240 || 70.6968543899524 || 2012-07-03 17:30:35 |
| 1241 || 77.1073650718185 || 2010-07-07 13:12:16 |
| 1242 || 19.3241215961951 || 2010-04-04 18:43:57 |
| 1243 || 0.54047990461838 || 2019-05-09 11:17:18 |
| 1244 || -0.683706416346554 || 2015-07-09 03:16:08 |
| 1245 || 17.4205634122113 || 2015-12-09 12:57:44 |
| 1246 || 84.4446247069457 || 2013-12-10 07:53:46 |
| 1247 || 14.3752335288413 || 2011-09-23 02:13:49 |
| 1248 || -1.34378604847377 || 2013-06-20 08:56:59 |
| 1249 || 11.0594159794021 || 2018-08-23 08:25:06 |
| 1250 || -20.5963893982755 || 2016-08-19 06:02:33 |
| 1251 || -19.0440673836671 || 2015-04-08 21:11:59 |
| 1252 || 56.7302403993131 || 2011-09-24 05:55:36 |
| 1253 || 8.05180784634376 || 2016-02-10 22:38:38 |
| 1254 || -2.19982584182493 || 2019-07-12 00:06:08 |
| 1255 || 32.80327088811 || 2015-11-12 11:07:40 |
| 1256 || 20.9242759546028 || 2014-10-02 10:17:31 |
| 1257 || 58.2479334804591 || 2014-07-27 07:09:00 |
| 1258 || -1.88038563354683 || 2013-04-12 10:44:24 |
| 1259 || 0.995786111930919 || 2013-12-16 18:16:40 |
| 1260 || 46.5859322987452 || 2013-06-09 16:22:42 |
| 1261 || 71.0437416778443 || 2012-12-03 08:14:55 |
| 1262 || 54.4883294267721 || 2018-01-22 21:40:53 |
| 1263 || 7.40742676643298 || 2012-03-19 00:15:26 |
| 1264 || -0.881666998136818 || 2016-03-12 14:20:17 |
| 1265 || 13.0674456588295 || 2019-03-16 00:12:47 |
| 1266 || 83.2429137867082 || 2010-10-06 03:02:22 |
| 1267 || 41.2073490503655 || 2010-06-16 05:08:06 |
| 1268 || 7.22418617152643 || 2018-06-16 05:12:26 |
| 1269 || 0.0388495174724195 || 2018-01-14 09:47:01 |
| 1270 || -4.32810232919703 || 2019-08-26 19:02:48 |
| 1271 || 5.56762684649728 || 2016-01-10 13:10:09 |
| 1272 || 49.899172707716 || 2019-10-13 01:00:36 |
| 1273 || -7.99381824285322 || 2018-04-26 11:14:56 |
| 1274 || 0.309968238098986 || 2013-01-15 17:16:23 |
| 1275 || 29.2702514357842 || 2011-02-05 02:05:21 |
| 1276 || -22.6682934158626 || 2015-12-23 19:55:52 |
| 1277 || 72.001378027431 || 2010-05-26 22:55:12 |
| 1278 || 9.80488484352706 || 2016-01-18 13:02:55 |
| 1279 || -0.00121430894091086 || 2015-10-27 00:10:01 |
| 1280 || -10.2373335202526 || 2016-10-10 14:01:43 |
| 1281 || 33.8926476569937 || 2018-12-05 00:41:06 |
| 1282 || -9.77901486434435 || 2017-04-26 11:25:47 |
| 1283 || -2.19777671220964 || 2011-06-05 19:46:36 |
| 1284 || 0.246423668831794 || 2015-10-15 14:26:52 |
| 1285 || 25.4789768839674 || 2012-09-27 14:27:41 |
| 1286 || 62.2445584798683 || 2019-07-02 12:34:36 |
| 1287 || 31.2838552029547 || 2010-02-11 03:55:05 |
| 1288 || 9.62706108756894 || 2010-02-02 15:27:09 |
| 1289 || -0.360846477332537 || 2014-06-12 00:06:20 |
| 1290 || 19.4711237516861 || 2016-05-11 19:30:35 |
| 1291 || 68.6499565201037 || 2010-09-23 13:58:53 |
| 1292 || 87.3621023750334 || 2015-11-04 07:52:08 |
| 1293 || 45.3975384283091 || 2015-07-24 03:02:56 |
| 1294 || -0.609373989996809 || 2010-09-09 02:38:10 |
| 1295 || 14.8245167676951 || 2017-09-02 15:13:23 |
| 1296 || 38.5187825679103 || 2015-03-11 04:50:30 |
| 1297 || 18.8789932205122 || 2016-12-22 23:52:51 |
| 1298 || 44.8934044256395 || 2019-07-27 19:01:46 |
| 1299 || 0.00208581247114776 || 2015-07-15 19:39:19 |
| 1300 || 7.82831898717885 || 2014-12-05 04:42:10 |
| 1301 || 4.97582198107439 || 2011-09-26 21:59:13 |
| 1302 || 56.7509911520353 || 2011-02-11 06:28:29 |
| 1303 || -18.0833088092011 || 2012-11-12 01:18:32 |
| 1304 || 2.60511634015689 || 2015-01-22 20:35:52 |
| 1305 || -2.00242678418374 || 2011-03-06 07:54:16 |
| 1306 || -8.8277287644766 || 2015-07-17 04:02:18 |
| 1307 || -11.5377911384318 || 2012-04-24 07:16:10 |
| 1308 || 0.797466205023153 || 2017-11-13 10:12:43 |
| 1309 || 5.44899486343838 || 2017-06-04 16:55:22 |
| 1310 || 5.379261869622 || 2014-12-15 20:45:16 |
| 1311 || 11.0693198813993 || 2015-11-03 15:03:53 |
| 1312 || 0.0852279910017319 || 2013-03-18 20:25:27 |
| 1313 || 62.8226761736398 || 2015-09-16 18:37:25 |
| 1314 || 0.285698003528952 || 2015-01-05 10:31:56 |
| 1315 || -0.963570467736895 || 2010-11-06 04:02:05 |
| 1316 || -9.98169186432104 || 2019-07-12 23:49:41 |
| 1317 || 32.7257763370376 || 2015-07-25 07:37:39 |
| 1318 || 0.201245642709192 || 2017-05-14 05:31:01 |
| 1319 || -4.09956101370966 || 2012-11-10 17:33:24 |
| 1320 || 1.47648289562254 || 2017-02-24 05:04:28 |
| 1321 || 42.3932988848881 || 2014-07-17 06:33:34 |
| 1322 || -3.27499466624989 || 2017-02-16 14:59:17 |
| 1323 || 37.3416951342558 || 2015-06-26 00:44:04 |
| 1324 || -4.54528267080979 || 2013-09-27 18:08:17 |
| 1325 || -0.119075210816946 || 2016-12-18 13:57:40 |
| 1326 || 8.02046009817627 || 2010-07-21 07:25:08 |
| 1327 || 54.6600278266192 || 2011-09-07 21:02:05 |
| 1328 || 57.9038938305558 || 2013-12-03 17:11:29 |
| 1329 || -9.22363913954598 || 2012-10-18 15:44:12 |
| 1330 || 0.0295390938009262 || 2017-05-12 01:26:15 |
| 1331 || 31.6759704250603 || 2018-01-08 10:52:01 |
| 1332 || 17.3306535362479 || 2015-05-09 04:51:52 |
| 1333 || 75.2133997026096 || 2019-06-03 00:33:53 |
| 1334 || 0.200595955180024 || 2013-02-01 20:14:47 |
| 1335 || -0.0170286359629338 || 2016-09-09 03:27:51 |
| 1336 || 17.438753767399 || 2015-07-04 04:19:17 |
| 1337 || 8.50031946743235 || 2012-11-05 05:00:36 |
| 1338 || 84.3026526746493 || 2013-03-19 23:18:16 |
| 1339 || 15.8367091792071 || 2018-01-11 06:50:51 |
| 1340 || 0.576432797362488 || 2015-03-10 15:40:43 |
| 1341 || -3.82820600167006 || 2011-12-25 14:09:22 |
| 1342 || 63.4328006057737 || 2017-01-13 23:32:39 |
| 1343 || 77.4362440802634 || 2013-04-18 08:39:00 |
| 1344 || 40.6714623578037 || 2015-08-20 11:11:25 |
| 1345 || 1.05287814794827 || 2019-02-01 09:55:38 |
| 1346 || 6.08194839809638 || 2018-06-18 01:50:03 |
| 1347 || 43.3238238456307 || 2015-09-17 20:18:34 |
| 1348 || 19.9838100951079 || 2019-05-20 17:54:19 |
| 1349 || 11.8668344545983 || 2018-09-16 01:03:53 |
| 1350 || 4.22358626479455 || 2016-03-20 10:26:02 |
| 1351 || 4.06627142004567 || 2018-03-14 09:07:53 |
| 1352 || -18.4584568117118 || 2016-10-11 04:26:55 |
| 1353 || -24.5859869579897 || 2010-12-07 00:26:14 |
| 1354 || -17.7964198133992 || 2015-04-14 05:24:55 |
| 1355 || -1.1997023905808 || 2018-02-25 03:18:13 |
| 1356 || -1.10722852125054 || 2019-07-03 07:34:11 |
| 1357 || 41.8881235036523 || 2013-05-12 02:18:40 |
| 1358 || 83.8939285914529 || 2013-11-14 20:07:45 |
| 1359 || 3.98941629555041 || 2010-03-23 14:04:46 |
| 1360 || -3.27482442408293 || 2016-02-01 07:07:36 |
| 1361 || 5.74349694755106 || 2014-06-19 10:39:14 |
| 1362 || 19.7889739625062 || 2014-08-20 08:08:18 |
| 1363 || 63.9967022636612 || 2013-12-24 15:38:46 |
| 1364 || 20.0054474711414 || 2014-10-16 06:02:28 |
| 1365 || 13.8565724966525 || 2013-10-17 22:24:12 |
| 1366 || 3.69250002373413 || 2018-11-12 16:59:53 |
| 1367 || -6.11737370821111 || 2012-07-15 11:24:20 |
| 1368 || -29.5218895060466 || 2015-09-04 04:39:25 |
| 1369 || -5.02593011451497 || 2012-08-16 00:47:03 |
| 1370 || 3.19094356912508 || 2015-12-23 11:05:58 |
| 1371 || 2.05108352727604 || 2011-07-27 13:48:35 |
| 1372 || 36.0621123331964 || 2010-06-01 01:55:27 |
| 1373 || 73.2282408434529 || 2013-07-25 20:15:33 |
| 1374 || 16.4136818253939 || 2017-06-11 07:35:01 |
| 1375 || -6.69583386836604 || 2016-01-23 07:44:31 |
| 1376 || -0.149038206606485 || 2017-08-24 22:46:20 |
| 1377 || 13.3667515743816 || 2014-09-27 22:56:44 |
| 1378 || -25.2915983061219 || 2013-08-21 06:07:17 |
| 1379 || -22.4506508691942 || 2012-03-21 17:37:55 |
| 1380 || -8.17656315169986 || 2016-07-16 12:13:43 |
| 1381 || 0.0847977733652335 || 2010-06-02 00:47:49 |
| 1382 || 20.1519851736428 || 2014-12-27 11:09:26 |
| 1383 || 20.9979914348045 || 2016-02-03 11:42:24 |
| 1384 || -16.7793867760598 || 2015-06-25 17:01:54 |
| 1385 || 31.2528992724818 || 2011-06-27 12:06:33 |
| 1386 || 0.0797798692822016 || 2015-03-02 14:29:14 |
| 1387 || 6.3910883410744 || 2014-10-07 09:29:24 |
| 1388 || 60.2814316814823 || 2018-02-11 11:21:29 |
| 1389 || -27.4931409610305 || 2016-02-07 03:55:49 |
| 1390 || 2.31704644591239 || 2011-10-15 07:57:08 |
| 1391 || 0.711652499363548 || 2018-03-18 03:13:33 |
| 1392 || 21.2210537190928 || 2012-06-15 13:35:06 |
| 1393 || -7.0866519288827 || 2010-11-06 12:20:08 |
| 1394 || 73.8640157652816 || 2016-05-26 18:25:13 |
| 1395 || 20.6819468779342 || 2012-06-11 03:05:34 |
| 1396 || 1.02738787892432 || 2017-03-09 23:19:03 |
| 1397 || 17.2507475064401 || 2019-03-27 22:44:42 |
| 1398 || -21.4203496794009 || 2011-02-21 22:43:21 |
| 1399 || -29.5004327043148 || 2016-08-02 19:48:38 |
| 1400 || 46.7924858613251 || 2011-02-22 19:11:29 |
| 1401 || 3.59139362251593 || 2017-03-23 11:11:05 |
| 1402 || 4.70200151837737 || 2018-09-18 13:40:01 |
| 1403 || 49.2410604404093 || 2017-03-26 11:32:17 |
| 1404 || 31.9352172304202 || 2011-05-16 23:15:31 |
| 1405 || 37.9297703405954 || 2012-03-13 01:46:08 |
| 1406 || 5.43497345587422 || 2012-07-15 12:10:53 |
| 1407 || 4.45214656235705 || 2018-11-14 03:11:54 |
| 1408 || -14.1840795463036 || 2013-03-11 11:02:16 |
| 1409 || 9.0599461301548 || 2014-05-12 17:45:24 |
| 1410 || 58.0850678913185 || 2017-06-01 13:48:06 |
| 1411 || 0.0563007061358841 || 2010-05-07 21:22:28 |
| 1412 || 6.43799822155138 || 2018-04-16 00:53:23 |
| 1413 || 25.9924905829194 || 2011-03-15 02:21:55 |
| 1414 || 53.4147652684525 || 2011-01-14 16:59:25 |
| 1415 || 23.8834504081005 || 2012-06-05 08:56:48 |
| 1416 || -4.22901738266884 || 2012-04-02 01:28:01 |
| 1417 || 4.40254374102568 || 2018-03-16 20:43:47 |
| 1418 || -5.80247196694354 || 2010-06-27 18:53:00 |
| 1419 || 71.5589952985129 || 2016-10-22 20:20:56 |
| 1420 || -18.3276897207712 || 2013-11-10 11:48:28 |
| 1421 || -5.74627743445316 || 2014-04-13 22:45:43 |
| 1422 || 0.642114114614955 || 2013-03-01 09:41:41 |
| 1423 || -13.2756228012661 || 2010-02-10 02:40:55 |
| 1424 || -13.9545686298556 || 2013-12-17 15:42:49 |
| 1425 || 16.7566057899089 || 2011-09-13 14:52:34 |
| 1426 || 20.4626689790671 || 2013-10-26 21:14:57 |
| 1427 || -0.302271084415871 || 2019-09-18 16:26:46 |
| 1428 || -11.9324173369286 || 2015-12-05 17:59:48 |
| 1429 || 44.4179326166146 || 2018-03-06 07:48:58 |
| 1430 || 12.8327420367754 || 2011-07-17 06:37:38 |
| 1431 || 7.71371450022637 || 2017-05-02 21:01:56 |
| 1432 || -0.05310312523373 || 2010-05-01 06:03:36 |
| 1433 || 33.1296649677404 || 2015-04-15 11:15:42 |
| 1434 || -21.3176228340942 || 2011-10-27 22:32:22 |
| 1435 || 26.8800835634911 || 2018-12-10 17:07:39 |
| 1436 || 8.41218925448051 || 2014-12-04 07:27:47 |
| 1437 || 0.0276693609205973 || 2014-11-14 03:06:07 |
| 1438 || 27.5942231479622 || 2016-05-08 17:34:36 |
| 1439 || -25.9476422792044 || 2015-01-02 01:52:56 |
| 1440 || 49.5430887244288 || 2014-08-25 03:52:56 |
| 1441 || 21.8542978303147 || 2019-07-22 12:07:29 |
| 1442 || -0.0549153578669872 || 2016-03-12 04:32:17 |
| 1443 || -6.88201303867739 || 2011-02-22 05:04:29 |
| 1444 || 73.4771049986395 || 2013-10-09 15:50:09 |
| 1445 || -2.08684905766888 || 2017-03-04 16:14:15 |
| 1446 || 34.9701599312929 || 2014-11-19 15:23:56 |
| 1447 || -0.516909427123697 || 2011-05-10 04:06:20 |
| 1448 || -5.398348874435 || 2015-05-04 16:58:33 |
| 1449 || 52.8363430065382 || 2017-10-25 01:29:07 |
| 1450 || 50.8994389666375 || 2014-04-14 02:26:14 |
| 1451 || 9.51298624904862 || 2016-04-07 17:14:43 |
| 1452 || 3.50970473037683 || 2015-03-27 11:40:54 |
| 1453 || -0.05199369755679 || 2017-10-19 10:11:13 |
| 1454 || 25.6878048866834 || 2013-11-11 08:46:09 |
| 1455 || 89.2560187492894 || 2012-01-17 04:13:35 |
| 1456 || 5.51171337707209 || 2015-05-01 21:07:45 |
| 1457 || -1.80592757746006 || 2014-10-11 06:22:00 |
| 1458 || 9.06191733096186 || 2010-08-21 17:34:28 |
| 1459 || -19.3832994628133 || 2011-04-23 17:21:27 |
| 1460 || 77.0114161724502 || 2015-02-01 11:43:11 |
| 1461 || -1.2968829294145 || 2019-01-24 14:09:22 |
| 1462 || -0.434868449265113 || 2012-03-11 06:28:35 |
| 1463 || 0.366913197108538 || 2010-09-05 18:50:41 |
| 1464 || -17.1293753984375 || 2014-08-12 15:24:35 |
| 1465 || 86.6765084087514 || 2012-05-10 22:18:59 |
| 1466 || 46.5815579074672 || 2010-06-07 00:55:35 |
| 1467 || 9.19805225409052 || 2016-03-02 17:36:34 |
| 1468 || 0.529394821198215 || 2014-07-14 13:09:49 |
| 1469 || 50.1918040335797 || 2019-09-20 18:10:32 |
| 1470 || 34.5505501173745 || 2010-10-12 11:36:12 |
| 1471 || 64.6686583858882 || 2010-06-23 11:50:12 |
| 1472 || 4.21481322176873 || 2011-06-12 01:47:25 |
| 1473 || 2.01863355893908 || 2012-08-24 12:16:38 |
| 1474 || 34.1716958072693 || 2019-11-26 17:51:14 |
| 1475 || -14.0682334195097 || 2018-12-13 20:50:37 |
| 1476 || -17.3509613469585 || 2016-06-07 21:23:03 |
| 1477 || 17.7136186390844 || 2010-02-26 04:48:30 |
| 1478 || 0.919841147044415 || 2018-07-01 08:30:30 |
| 1479 || -6.86834166991637 || 2013-05-20 03:50:31 |
| 1480 || 85.5092250347212 || 2015-04-04 21:18:18 |
| 1481 || -7.75543593494513 || 2012-06-19 19:36:34 |
| 1482 || 24.426677999608 || 2016-12-04 18:06:15 |
| 1483 || 0.0498954120918139 || 2015-12-21 15:54:35 |
| 1484 || -8.39992342238203 || 2010-04-26 05:51:40 |
| 1485 || 48.1214524042742 || 2019-12-13 07:10:05 |
| 1486 || 78.3921013948865 || 2011-12-17 10:50:42 |
| 1487 || -7.2066213966514 || 2012-10-19 20:32:01 |
| 1488 || -0.00125088286251229 || 2014-05-06 19:02:46 |
| 1489 || -1.68855543445201 || 2011-08-11 07:53:30 |
| 1490 || -10.3369353467055 || 2014-11-21 06:50:53 |
| 1491 || 74.0972841879523 || 2010-04-21 21:56:19 |
| 1492 || 2.83575483748738 || 2010-01-08 19:34:56 |
| 1493 || -0.0572876666859249 || 2013-02-20 06:51:46 |
| 1494 || 22.2133918878605 || 2012-06-20 01:01:11 |
| 1495 || 38.7507696250166 || 2015-06-16 07:22:50 |
| 1496 || 83.3946469806991 || 2018-11-22 17:44:58 |
| 1497 || 32.1918856454284 || 2014-01-10 10:47:51 |
| 1498 || 0.196411075811515 || 2010-12-05 15:43:17 |
| 1499 || 13.4307598836893 || 2019-12-08 13:20:39 |
| 1500 || 68.4990243771015 || 2018-12-16 15:04:13 |
| 1501 || 86.6507530962924 || 2016-10-06 09:26:12 |
| 1502 || 33.4394514599571 || 2018-02-21 13:55:17 |
| 1503 || 0.434111404626342 || 2012-12-12 15:58:31 |
| 1504 || 15.3759352995831 || 2014-08-16 19:27:19 |
| 1505 || 66.712044285022 || 2010-04-25 00:29:30 |
| 1506 || -15.2356455466156 || 2018-10-27 10:47:35 |
| 1507 || 14.970956360997 || 2012-09-15 00:04:13 |
| 1508 || -1.68979854755527 || 2010-10-08 03:32:13 |
| 1509 || 5.63952230209571 || 2014-10-13 16:25:17 |
| 1510 || 22.0398287100695 || 2010-04-23 00:24:30 |
| 1511 || -1.80840272589006 || 2019-07-23 02:04:58 |
| 1512 || 27.7304116971905 || 2015-07-23 04:48:12 |
| 1513 || 3.14734586395474 || 2015-12-05 17:00:55 |
| 1514 || -2.14195571925778 || 2017-08-11 05:01:58 |
| 1515 || -18.7471184357691 || 2018-08-19 18:00:41 |
| 1516 || 88.3336817020188 || 2018-04-11 09:54:34 |
| 1517 || -18.6119196437198 || 2017-12-18 03:14:36 |
| 1518 || -3.07079795782805 || 2018-10-13 10:27:17 |
| 1519 || -0.555053353633735 || 2010-05-03 05:53:06 |
| 1520 || 10.6081997056843 || 2014-10-18 08:46:56 |
| 1521 || 87.1520149941216 || 2019-02-08 22:53:49 |
| 1522 || 50.3809023409507 || 2016-06-26 04:26:55 |
| 1523 || 15.2103910381439 || 2015-03-04 13:05:34 |
| 1524 || -0.240011627864742 || 2014-06-10 22:42:02 |
| 1525 || -15.4462827766866 || 2017-12-23 15:49:59 |
| 1526 || -25.9047153288299 || 2018-12-16 17:37:58 |
| 1527 || 55.4639008106877 || 2014-10-09 01:47:50 |
| 1528 || 5.93093554129264 || 2013-08-23 16:40:13 |
| 1529 || -0.244793556987361 || 2019-01-02 16:16:07 |
| 1530 || -11.5472308846726 || 2011-11-02 17:26:38 |
| 1531 || 65.2217715380972 || 2016-02-14 19:05:59 |
| 1532 || 75.3512985432997 || 2019-11-08 17:04:36 |
| 1533 || -6.81559657214616 || 2011-05-25 19:12:45 |
| 1534 || 0.175069189016788 || 2014-10-06 13:39:48 |
| 1535 || 31.4203807380824 || 2014-07-09 14:23:06 |
| 1536 || 75.6012962598496 || 2014-10-10 23:09:16 |
| 1537 || -22.6938032807495 || 2017-01-01 04:44:35 |
| 1538 || 13.3303946125151 || 2018-12-19 22:29:09 |
| 1539 || 0.000122010297736713 || 2011-01-22 20:03:50 |
| 1540 || 25.0176264790932 || 2018-06-20 12:40:39 |
| 1541 || 57.5618793590636 || 2013-12-12 11:20:32 |
| 1542 || -15.2527605681964 || 2011-09-15 07:18:27 |
| 1543 || -7.3523458928413 || 2019-05-05 03:33:18 |
| 1544 || -0.0911859338099012 || 2014-10-01 14:23:49 |
| 1545 || 12.3246169035746 || 2011-10-18 14:02:24 |
| 1546 || -6.61165465637698 || 2015-09-13 12:15:08 |
| 1547 || 82.9231295998818 || 2015-01-15 01:31:57 |
| 1548 || 35.9407610444524 || 2016-11-04 12:38:50 |
| 1549 || 0.0791605961858469 || 2015-08-06 00:45:28 |
| 1550 || 13.7803052893227 || 2019-10-10 12:13:05 |
| 1551 || 30.8026904472066 || 2014-01-18 05:16:47 |
| 1552 || 73.2559389375618 || 2016-02-23 10:30:19 |
| 1553 || 31.0629011925169 || 2013-07-23 00:32:45 |
| 1554 || 1.3312606664734 || 2017-09-09 04:30:19 |
| 1555 || -5.42636670600736 || 2015-07-21 18:15:25 |
| 1556 || 48.6275111233178 || 2018-08-03 23:51:51 |
| 1557 || 87.2494015576979 || 2018-07-22 06:46:43 |
| 1558 || 25.4829122046843 || 2019-07-27 16:45:25 |
| 1559 || -1.48183788655452 || 2012-02-09 18:25:37 |
| 1560 || -4.09120124784053 || 2018-08-16 11:02:45 |
| 1561 || 7.98894671824995 || 2013-10-14 21:05:28 |
| 1562 || -24.1653047984255 || 2018-03-12 06:54:07 |
| 1563 || -9.63439561655455 || 2014-05-26 14:25:59 |
| 1564 || 6.23953920061131 || 2015-03-05 03:09:14 |
| 1565 || 2.97404057848413 || 2012-03-01 11:07:17 |
| 1566 || 42.0622655094553 || 2015-04-26 09:50:31 |
| 1567 || 25.2318785915041 || 2010-02-23 05:26:42 |
| 1568 || -19.7574533015717 || 2011-07-13 02:42:44 |
| 1569 || 9.08021965093626 || 2011-05-03 21:59:10 |
| 1570 || 3.40085078031165 || 2011-06-03 14:02:43 |
| 1571 || -17.2955850868994 || 2010-08-04 09:04:50 |
| 1572 || 10.5140871602775 || 2013-04-15 00:38:50 |
| 1573 || -16.1843330103702 || 2015-05-26 15:26:00 |
| 1574 || 1.01327162100768 || 2012-02-03 11:04:44 |
| 1575 || -1.14980164984267 || 2016-08-16 19:31:30 |
| 1576 || -13.7384555713644 || 2010-10-06 09:42:07 |
| 1577 || 44.4635204036968 || 2013-09-27 05:22:03 |
| 1578 || -14.1693132404505 || 2014-05-01 20:51:31 |
| 1579 || -0.790570444646862 || 2018-01-25 03:21:09 |
| 1580 || 1.10182830436745 || 2012-12-27 01:30:54 |
| 1581 || 27.2286369699918 || 2018-08-23 21:43:13 |
| 1582 || 80.457549501072 || 2018-08-16 13:25:03 |
| 1583 || 20.0915182116018 || 2018-08-23 17:52:07 |
| 1584 || 1.32383654921154 || 2010-08-10 05:27:33 |
| 1585 || 0.380997354328923 || 2019-07-27 05:55:02 |
| 1586 || 23.655683854131 || 2017-02-17 18:39:24 |
| 1587 || 50.0402074264403 || 2014-06-22 13:58:30 |
| 1588 || 37.9763232051104 || 2017-08-24 05:55:13 |
| 1589 || -1.20688778528096 || 2015-09-02 06:15:33 |
| 1590 || -0.00578176277186987 || 2015-10-08 21:57:32 |
| 1591 || 2.15191258776817 || 2017-10-06 13:13:21 |
| 1592 || 73.3407971473454 || 2016-12-18 17:23:04 |
| 1593 || 35.7542974903491 || 2015-12-01 13:25:12 |
| 1594 || 25.2892777659307 || 2016-04-22 22:02:42 |
| 1595 || -0.0378848449941308 || 2019-07-08 18:51:01 |
| 1596 || 2.90256029216726 || 2016-07-01 23:55:52 |
| 1597 || 36.248793302213 || 2010-06-17 07:02:07 |
| 1598 || -2.48558470179982 || 2011-06-09 19:16:28 |
| 1599 || 9.03860998274115 || 2012-08-16 18:28:00 |
| 1600 || 0.596270839693785 || 2014-12-12 11:05:44 |
| 1601 || 21.4690364248951 || 2017-03-17 22:46:14 |
| 1602 || -20.4764045246109 || 2016-05-04 15:48:39 |
| 1603 || 85.7725399807505 || 2016-02-08 02:19:39 |
| 1604 || -5.30144286233012 || 2019-07-22 04:02:35 |
| 1605 || 2.40568377109183 || 2013-08-22 21:30:09 |
| 1606 || 17.0221682759147 || 2019-02-10 16:52:37 |
| 1607 || -8.60083198638201 || 2019-09-03 21:46:09 |
| 1608 || 65.2991481037985 || 2012-12-07 23:13:58 |
| 1609 || 49.4087903828519 || 2018-10-19 02:24:57 |
| 1610 || 4.49377143010626 || 2017-05-17 20:13:36 |
| 1611 || 11.409606036861 || 2012-02-07 06:29:41 |
| 1612 || 47.7344382790764 || 2015-06-22 19:23:42 |
| 1613 || -22.0773951176622 || 2017-06-22 15:47:50 |
| 1614 || 52.2365160531625 || 2016-10-04 19:34:44 |
| 1615 || 3.20270789193542 || 2017-01-14 13:02:47 |
| 1616 || 5.84896291474234 || 2019-11-24 07:19:10 |
| 1617 || -1.26242604107957 || 2017-03-12 23:51:16 |
| 1618 || -4.3408741198511 || 2010-11-05 01:15:02 |
| 1619 || -4.24254931848422 || 2011-02-11 20:39:04 |
| 1620 || -2.08752550226451 || 2011-11-16 01:19:28 |
| 1621 || -0.441093633828936 || 2018-01-09 11:04:37 |
| 1622 || 45.6291871251917 || 2017-10-12 17:40:21 |
| 1623 || 89.4588369166285 || 2013-05-08 20:09:43 |
| 1624 || -21.6225917466906 || 2019-10-18 20:07:24 |
| 1625 || 11.7561632100439 || 2012-08-12 15:03:46 |
| 1626 || 3.83263233706751 || 2010-07-20 17:39:55 |
| 1627 || 30.9970260928988 || 2015-11-01 21:26:33 |
| 1628 || 52.1127090660863 || 2015-02-16 12:14:59 |
| 1629 || 49.4378998437179 || 2017-04-03 20:59:05 |
| 1630 || 16.8584983289931 || 2018-11-17 13:57:39 |
| 1631 || 1.82816309732342 || 2014-12-05 14:12:21 |
| 1632 || 6.76615805126228 || 2010-05-20 14:04:37 |
| 1633 || 57.1044042510695 || 2011-12-27 12:16:29 |
| 1634 || 59.7346104185594 || 2011-10-12 06:30:25 |
| 1635 || 22.5512431800367 || 2019-07-18 20:18:27 |
| 1636 || -0.139284375577809 || 2011-02-19 11:04:09 |
| 1637 || 37.2549663662565 || 2010-08-20 09:47:16 |
| 1638 || 20.081098937758 || 2013-08-12 10:40:31 |
| 1639 || -11.8260755155728 || 2015-10-21 16:15:23 |
| 1640 || 7.67624727464865 || 2016-03-13 02:40:30 |
| 1641 || 0.0461902682296987 || 2015-02-18 22:10:31 |
| 1642 || -4.93976432742275 || 2012-08-13 12:26:09 |
| 1643 || 13.4793390490793 || 2015-01-14 01:40:08 |
| 1644 || 12.5154103269966 || 2017-03-21 06:24:34 |
| 1645 || 31.4362833075046 || 2018-07-16 06:30:07 |
| 1646 || 0.0960107872274982 || 2010-06-02 07:08:59 |
| 1647 || 16.6279595852167 || 2019-08-04 16:43:05 |
| 1648 || 41.1039127750501 || 2018-04-04 18:42:46 |
| 1649 || 43.5625660635701 || 2017-02-23 10:22:52 |
| 1650 || 28.8421064947457 || 2014-10-17 05:46:43 |
| 1651 || -0.244409174376824 || 2010-08-26 10:58:42 |
| 1652 || -3.23432198835104 || 2016-05-06 08:42:02 |
| 1653 || 72.7612009862207 || 2013-09-20 04:50:32 |
| 1654 || 20.1169857906469 || 2012-07-18 04:05:18 |
| 1655 || 43.5872047224567 || 2011-12-22 12:37:26 |
| 1656 || -0.396787157483549 || 2017-06-09 16:12:55 |
| 1657 || 12.0806543661005 || 2014-10-23 22:45:02 |
| 1658 || 44.5350440242596 || 2014-06-02 18:41:07 |
| 1659 || 21.6576682579963 || 2019-08-02 07:01:27 |
| 1660 || 37.9915277676364 || 2016-03-19 23:50:53 |
| 1661 || -0.00978749684190066 || 2017-01-09 09:35:14 |
| 1662 || -1.94015321270365 || 2018-02-13 10:59:20 |
| 1663 || 64.7902673701623 || 2015-11-26 21:03:59 |
| 1664 || 32.7453926583509 || 2016-10-26 16:52:49 |
| 1665 || 51.3479970437137 || 2014-07-15 21:48:33 |
| 1666 || -1.28817419475378 || 2012-06-25 07:57:30 |
| 1667 || 9.92086428515775 || 2011-07-19 07:05:53 |
| 1668 || 1.31623050542304 || 2019-10-01 16:41:49 |
| 1669 || 89.9517335086763 || 2017-03-14 06:40:00 |
| 1670 || 57.090872964614 || 2019-05-20 08:31:06 |
| 1671 || 1.71463278201309 || 2010-10-15 02:08:01 |
| 1672 || 5.80111354720725 || 2014-03-04 03:41:59 |
| 1673 || 47.763704428093 || 2010-03-07 02:34:54 |
| 1674 || -29.580594927211 || 2017-02-26 18:02:44 |
| 1675 || 42.4466408619385 || 2016-04-18 05:58:33 |
| 1676 || -0.764259244941854 || 2010-03-18 20:05:08 |
| 1677 || -0.964254750170819 || 2010-06-15 17:14:07 |
| 1678 || 0.539453189440405 || 2013-02-18 20:15:48 |
| 1679 || 12.8232656966218 || 2017-03-09 08:07:47 |
| 1680 || -12.5389587315285 || 2017-02-06 07:41:39 |
| 1681 || -3.24401575371922 || 2011-03-01 02:31:27 |
| 1682 || -0.758011811264165 || 2014-11-20 14:32:17 |
| 1683 || 18.0471736778969 || 2011-02-10 15:38:48 |
| 1684 || 77.2907992388365 || 2016-12-03 06:56:53 |
| 1685 || 41.0767372583656 || 2012-12-20 04:42:53 |
| 1686 || 12.2029191684774 || 2014-12-24 04:59:54 |
| 1687 || 0.747372596612331 || 2014-11-01 18:59:35 |
| 1688 || 24.0788720918047 || 2016-11-13 17:23:55 |
| 1689 || 74.2436463325606 || 2010-12-10 17:59:15 |
| 1690 || 43.141550612932 || 2017-05-02 08:12:07 |
| 1691 || 24.3472949835367 || 2016-10-23 10:48:08 |
| 1692 || 0.134735277717937 || 2017-01-03 00:09:43 |
| 1693 || 20.6293274053124 || 2010-10-06 17:00:48 |
| 1694 || 73.7915255292148 || 2011-04-03 17:45:11 |
| 1695 || -10.2944066608408 || 2017-01-27 13:58:38 |
| 1696 || 21.2452343206257 || 2015-02-25 09:57:52 |
| 1697 || 0.0268657563717344 || 2018-07-06 10:57:43 |
| 1698 || 14.2317900478832 || 2019-05-16 19:05:22 |
| 1699 || -0.355243508237746 || 2015-03-15 01:23:15 |
| 1700 || -17.786404944216 || 2016-03-11 17:24:21 |
| 1701 || 25.0209433490391 || 2017-04-08 13:50:22 |
| 1702 || 0.584243643959533 || 2012-02-27 06:39:52 |
| 1703 || 23.2387121218928 || 2016-03-21 05:57:08 |
| 1704 || -21.2531129279149 || 2010-12-20 10:30:58 |
| 1705 || -4.27685467539797 || 2011-03-21 08:03:59 |
| 1706 || 29.8011144887345 || 2012-11-07 12:44:41 |
| 1707 || 1.34141962149982 || 2016-05-09 17:53:37 |
| 1708 || -0.472767226021065 || 2016-03-23 11:31:07 |
| 1709 || 70.5795919514745 || 2012-08-09 12:15:35 |
| 1710 || 31.0222412251679 || 2017-12-21 19:34:32 |
| 1711 || -16.0045709346 || 2011-05-18 13:43:34 |
| 1712 || 3.58537458025251 || 2015-11-23 06:25:18 |
| 1713 || -4.72981700040741 || 2015-09-02 12:53:32 |
| 1714 || -0.960130036287652 || 2014-11-15 08:30:24 |
| 1715 || -26.1717252412413 || 2019-08-02 01:21:48 |
| 1716 || 52.97179258233 || 2013-07-02 04:20:04 |
| 1717 || 6.10642989893234 || 2011-11-25 15:57:36 |
| 1718 || 3.73948299622123 || 2016-04-16 19:43:32 |
| 1719 || 24.3259214580435 || 2018-01-11 12:34:45 |
| 1720 || 1.97484994090384 || 2018-03-07 16:09:31 |
| 1721 || 45.1703212491156 || 2019-08-08 18:11:12 |
| 1722 || -2.05039210619973 || 2010-03-09 16:26:55 |
| 1723 || 0.46258455315599 || 2018-04-05 02:20:05 |
| 1724 || 7.32492861728265 || 2012-01-06 22:32:31 |
| 1725 || 71.8654947440739 || 2017-01-10 14:03:01 |
| 1726 || 56.471439099723 || 2019-11-09 00:42:45 |
| 1727 || 3.8660470806836 || 2014-06-13 05:18:27 |
| 1728 || 3.40217703999927 || 2013-04-01 00:11:10 |
| 1729 || 27.9613604127224 || 2018-03-06 17:39:07 |
| 1730 || 25.3057555187334 || 2015-10-24 03:55:26 |
| 1731 || -2.80121407738828 || 2015-07-04 13:35:31 |
| 1732 || -4.76543382097492 || 2018-04-08 13:45:04 |
| 1733 || 2.41199173227573 || 2015-07-21 13:49:56 |
| 1734 || 0.707670687696862 || 2012-07-21 00:03:51 |
| 1735 || -27.8026458938293 || 2018-12-24 11:56:33 |
| 1736 || 31.4096754472292 || 2019-05-23 01:59:46 |
| 1737 || 12.4052210173734 || 2018-12-26 00:02:35 |
| 1738 || 0.83096727261282 || 2018-05-20 06:13:29 |
| 1739 || 31.865649526235 || 2019-04-05 00:03:40 |
| 1740 || -19.6416758920669 || 2012-08-08 21:15:24 |
| 1741 || -19.0770260105997 || 2011-11-05 21:25:28 |
| 1742 || 20.0838500516568 || 2017-06-05 21:27:12 |
| 1743 || -0.0025014764132159 || 2011-08-08 02:27:51 |
| 1744 || -2.67920085567435 || 2018-12-17 04:59:22 |
| 1745 || -27.5715275322715 || 2017-05-06 07:55:10 |
| 1746 || 71.9648704507643 || 2011-06-21 08:57:37 |
| 1747 || 14.3296743072837 || 2010-07-09 09:45:11 |
| 1748 || 0.00304866260662411 || 2015-02-10 16:54:36 |
| 1749 || -3.09298138891512 || 2015-07-23 11:24:59 |
| 1750 || 49.8074128724577 || 2018-10-16 09:00:20 |
| 1751 || 62.5576012217817 || 2012-05-10 23:32:33 |
| 1752 || -12.0598856932207 || 2012-02-23 04:28:54 |
| 1753 || -0.120310612204561 || 2012-10-17 03:04:01 |
| 1754 || 23.5514045745903 || 2010-01-14 17:09:38 |
| 1755 || -11.1541182474201 || 2017-04-05 11:38:11 |
| 1756 || 85.3930397540605 || 2015-12-12 00:24:14 |
| 1757 || -11.7750791696615 || 2010-10-04 14:40:51 |
| 1758 || -0.00275856009310134 || 2019-05-16 20:10:25 |
| 1759 || 19.4427418963053 || 2014-11-18 23:42:46 |
| 1760 || 48.214901497686 || 2015-08-04 18:58:09 |
| 1761 || 87.7234877613683 || 2015-06-15 14:12:58 |
| 1762 || -10.6526718799735 || 2013-04-21 14:07:07 |
| 1763 || 0.944713888713718 || 2015-07-09 22:37:02 |
| 1764 || 0.849278885136637 || 2011-10-26 22:39:27 |
| 1765 || 63.5445834653 || 2019-12-25 04:50:32 |
| 1766 || -6.50234797088929 || 2015-03-24 13:45:37 |
| 1767 || 50.9848787410001 || 2018-08-15 10:49:05 |
| 1768 || -1.13475084212542 || 2017-01-13 10:11:25 |
| 1769 || -3.53380049866729 || 2016-05-23 00:14:59 |
| 1770 || -6.26705870270165 || 2016-04-16 19:43:02 |
| 1771 || -2.57851312631569 || 2010-12-05 15:27:48 |
| 1772 || 53.5900273617518 || 2019-02-26 04:34:47 |
| 1773 || 8.43377038422517 || 2012-02-17 08:39:20 |
| 1774 || 5.79534280727843 || 2017-12-15 11:51:15 |
| 1775 || 0.840070244882826 || 2018-01-16 16:50:40 |
| 1776 || -18.8587898444701 || 2013-10-24 19:50:16 |
| 1777 || 18.9721560263236 || 2017-11-07 18:10:31 |
| 1778 || 2.34184184618828 || 2012-11-18 12:11:04 |
| 1779 || 5.1061989253785 || 2016-05-17 03:00:10 |
| 1780 || -17.0680254191789 || 2012-08-16 20:05:57 |
| 1781 || 50.7047176613561 || 2014-01-06 08:29:15 |
| 1782 || 66.9984459915659 || 2010-08-08 13:05:55 |
| 1783 || 0.308621453822163 || 2010-01-07 23:52:18 |
| 1784 || 2.61959646464671 || 2017-06-17 21:06:23 |
| 1785 || 43.5337475935746 || 2011-03-10 09:09:04 |
| 1786 || 20.6908748308471 || 2015-09-05 05:48:32 |
| 1787 || 71.9408238767513 || 2017-10-22 20:06:01 |
| 1788 || 4.28434929940011 || 2010-11-06 00:22:32 |
| 1789 || 0.218301459201993 || 2012-01-15 10:29:11 |
| 1790 || 38.3263861153447 || 2011-10-10 15:16:45 |
| 1791 || 85.4544006345303 || 2012-11-27 23:34:40 |
| 1792 || -11.4687313239647 || 2013-07-20 18:54:30 |
| 1793 || 7.92611279763022 || 2014-08-19 11:02:28 |
| 1794 || -0.108834067200643 || 2013-11-08 18:32:38 |
| 1795 || 22.2405157064611 || 2013-04-26 09:52:51 |
| 1796 || 73.5474399077039 || 2019-08-08 01:31:56 |
| 1797 || 36.8927829890735 || 2013-03-01 19:56:08 |
| 1798 || 22.4339318925225 || 2018-11-20 11:31:15 |
| 1799 || 0.000113563055216988 || 2010-10-17 23:12:36 |
| 1800 || -1.53749064363096 || 2013-11-14 23:07:27 |
| 1801 || 8.1328276179433 || 2018-12-01 03:55:41 |
| 1802 || 74.9496247961515 || 2013-09-21 17:53:03 |
| 1803 || -11.5122170376463 || 2017-12-19 01:30:13 |
| 1804 || 0.0245018419583194 || 2012-12-10 06:08:28 |
| 1805 || -6.37500731657648 || 2017-06-07 19:08:04 |
| 1806 || -24.1211051593079 || 2014-07-01 01:23:01 |
| 1807 || 85.3663439508155 || 2019-08-21 14:34:10 |
| 1808 || -11.9626483104115 || 2019-02-18 06:18:13 |
| 1809 || -0.125468000793636 || 2017-02-27 02:28:08 |
| 1810 || 15.4241949634964 || 2010-05-22 17:58:44 |
| 1811 || 23.9407009195523 || 2015-05-04 08:47:02 |
| 1812 || 8.91804381778332 || 2015-06-26 10:23:13 |
| 1813 || -15.061014725847 || 2012-10-23 12:22:57 |
| 1814 || 2.62799620943015 || 2015-05-01 16:13:14 |
| 1815 || -1.89537520099582 || 2014-05-10 13:54:30 |
| 1816 || -22.3768776914028 || 2012-04-04 00:37:39 |
| 1817 || 88.8768827556237 || 2019-04-05 03:26:59 |
| 1818 || -14.3851942536108 || 2012-03-08 05:09:50 |
| 1819 || 5.09198836038274 || 2013-03-10 18:53:43 |
| 1820 || 6.68072326834843 || 2013-08-15 14:05:07 |
| 1821 || -5.05462056618025 || 2014-04-19 22:23:44 |
| 1822 || -27.3560917388962 || 2019-05-01 23:33:26 |
| 1823 || 10.2302912801754 || 2010-06-08 16:47:39 |
| 1824 || -2.5106743142811 || 2016-07-18 13:33:18 |
| 1825 || -2.52442146880975 || 2012-12-12 03:27:08 |
| 1826 || 31.9205792013664 || 2011-08-08 06:23:21 |
| 1827 || 5.43050122347641 || 2019-06-16 20:17:56 |
| 1828 || 54.1657187900156 || 2015-01-25 14:19:46 |
| 1829 || -3.5140246139126 || 2018-09-18 15:48:06 |
| 1830 || 2.14922770675737 || 2012-06-06 11:52:10 |
| 1831 || 39.7541936646472 || 2013-12-27 19:06:39 |
| 1832 || -16.8816023701677 || 2019-12-23 10:53:27 |
| 1833 || 37.6355763272992 || 2014-01-19 14:07:30 |
| 1834 || 15.0606679085152 || 2016-05-24 02:25:23 |
| 1835 || -1.11419780295768 || 2012-03-10 04:44:54 |
| 1836 || 9.09520150985898 || 2014-09-07 12:32:07 |
| 1837 || 87.8750189711787 || 2012-03-22 02:04:21 |
| 1838 || 61.1404052204271 || 2015-02-22 06:25:26 |
| 1839 || 12.2837410138869 || 2019-01-26 15:57:19 |
| 1840 || 1.34578009259098 || 2013-04-15 01:38:48 |
| 1841 || -2.25489519325828 || 2016-01-24 23:29:43 |
| 1842 || 14.2957161693568 || 2012-06-09 16:04:14 |
| 1843 || 67.1666661676736 || 2011-02-06 19:35:18 |
| 1844 || -7.79612930942945 || 2018-10-16 11:08:47 |
| 1845 || 0.0320261190265375 || 2012-06-27 03:29:38 |
| 1846 || -5.75099411788036 || 2016-08-23 13:08:01 |
| 1847 || 6.16318717307412 || 2012-02-04 18:14:01 |
| 1848 || 5.23179259301353 || 2018-06-01 16:45:51 |
| 1849 || 4.22715180932643 || 2019-07-25 11:24:35 |
| 1850 || -0.00421365620098717 || 2017-07-27 20:56:37 |
| 1851 || -6.4200495813081 || 2019-10-14 07:02:58 |
| 1852 || -8.35830309058675 || 2012-09-14 09:11:42 |
| 1853 || 78.0880704562613 || 2013-01-01 08:00:10 |
| 1854 || 33.4163241880358 || 2017-10-23 15:50:22 |
| 1855 || 0.0284448402011848 || 2013-07-25 16:34:11 |
| 1856 || 11.733596776282 || 2010-10-10 13:33:13 |
| 1857 || 34.6034439579517 || 2018-01-07 21:31:20 |
| 1858 || -13.47934634062 || 2018-10-19 06:34:28 |
| 1859 || 16.4181876636621 || 2011-12-10 10:28:45 |
| 1860 || 0.918691665067563 || 2012-03-18 20:18:21 |
| 1861 || 19.2488618089338 || 2011-06-18 02:38:25 |
| 1862 || 0.561593761275007 || 2014-09-06 00:54:11 |
| 1863 || 43.4879809591053 || 2019-12-08 04:00:42 |
| 1864 || 8.71669968440497 || 2011-01-05 20:06:35 |
| 1865 || 0.584786880414239 || 2011-11-14 00:38:33 |
| 1866 || 6.65988030841946 || 2012-04-12 03:20:19 |
| 1867 || 68.7654299840443 || 2018-07-18 20:41:58 |
| 1868 || 13.0253315351074 || 2018-07-13 10:50:03 |
| 1869 || 37.9191746025817 || 2018-10-14 08:09:26 |
| 1870 || 4.62649665525319 || 2019-01-10 14:01:33 |
| 1871 || 5.85150315268277 || 2011-07-08 04:37:58 |
| 1872 || 0.885494037294558 || 2011-02-15 06:17:49 |
| 1873 || 4.46023496562085 || 2014-01-12 04:23:57 |
| 1874 || -9.24543160632164 || 2012-05-03 23:27:32 |
| 1875 || -2.20695523253787 || 2017-05-27 00:31:58 |
| 1876 || 9.25057997565518 || 2017-12-03 01:21:18 |
| 1877 || 9.20515590817007 || 2019-02-01 23:41:30 |
| 1878 || -17.522224994455 || 2019-12-25 12:00:06 |
| 1879 || -18.1726626683393 || 2015-09-24 02:59:08 |
| 1880 || 10.5944785301181 || 2012-09-10 00:01:10 |
| 1881 || 5.68776382007677 || 2019-05-08 16:29:20 |
| 1882 || 21.1126258361854 || 2016-05-27 10:40:15 |
| 1883 || -29.5802606798808 || 2010-08-12 17:09:12 |
| 1884 || 45.6197693616094 || 2019-09-07 03:55:24 |
| 1885 || -4.77242314212914 || 2018-04-10 10:27:08 |
| 1886 || -0.0184575049591575 || 2013-01-01 09:52:34 |
| 1887 || 28.9537659212586 || 2014-11-11 02:08:41 |
| 1888 || 74.1021601594587 || 2010-10-27 15:59:08 |
| 1889 || 12.8377098273223 || 2019-01-17 17:30:59 |
| 1890 || 12.4126349595435 || 2019-06-03 13:47:43 |
| 1891 || -0.251992301016785 || 2013-02-04 20:28:04 |
| 1892 || 16.3647078900997 || 2010-08-13 13:32:27 |
| 1893 || 71.5343944899332 || 2016-06-01 00:46:57 |
| 1894 || 39.0364573619153 || 2016-09-18 21:29:09 |
| 1895 || 9.0650752059155 || 2018-07-16 18:29:36 |
| 1896 || -0.0940383046374306 || 2017-04-18 20:40:44 |
| 1897 || 24.4643392569264 || 2017-09-19 09:28:30 |
| 1898 || 80.4620041898783 || 2013-09-26 15:44:38 |
| 1899 || 45.2488057144175 || 2017-09-23 11:24:19 |
| 1900 || -6.56082594113546 || 2018-12-05 23:32:15 |
| 1901 || 0.0286526286990586 || 2018-02-09 10:20:58 |
| 1902 || 16.4701542388576 || 2019-12-15 11:37:42 |
| 1903 || -25.0602759885172 || 2015-07-01 08:49:12 |
| 1904 || 62.3280425733386 || 2019-10-10 12:08:47 |
| 1905 || 21.8364787301931 || 2016-01-25 06:21:38 |
| 1906 || -0.0163220622651015 || 2010-05-18 06:27:51 |
| 1907 || -8.45792914136485 || 2017-09-19 17:20:24 |
| 1908 || 68.4218005744696 || 2010-02-01 04:58:15 |
| 1909 || 82.4269969018459 || 2012-07-20 03:44:23 |
| 1910 || -7.71028001030752 || 2017-09-07 06:34:23 |
| 1911 || -0.219905514205851 || 2018-01-20 08:56:06 |
| 1912 || 10.6284356957431 || 2012-05-08 13:46:36 |
| 1913 || 46.4964859518032 || 2013-04-24 10:55:37 |
| 1914 || 47.4528838414483 || 2010-08-17 02:12:48 |
| 1915 || 10.8084766726758 || 2017-04-25 08:12:44 |
| 1916 || 2.21124264464563 || 2019-01-10 00:21:15 |
| 1917 || -3.05110750266891 || 2017-04-08 15:41:08 |
| 1918 || 59.4484586868669 || 2015-01-10 18:58:13 |
| 1919 || 25.4898948909963 || 2018-08-16 07:40:22 |
| 1920 || -12.2551170266667 || 2010-05-10 20:17:27 |
| 1921 || 4.20490286769075 || 2011-11-10 17:23:27 |
| 1922 || -3.28645487594511 || 2010-08-16 15:03:36 |
| 1923 || -13.4138182762413 || 2016-06-18 09:53:06 |
| 1924 || 42.6115225070586 || 2010-09-18 02:42:33 |
| 1925 || -17.3442891988334 || 2012-07-08 21:40:44 |
| 1926 || 1.89435669891576 || 2019-01-26 19:41:20 |
| 1927 || -0.847283974489107 || 2010-02-20 15:41:37 |
| 1928 || 34.9492653270027 || 2012-03-07 12:05:03 |
| 1929 || -29.209446948873 || 2013-06-22 21:49:40 |
| 1930 || 49.6343667833751 || 2014-12-16 06:01:15 |
| 1931 || -2.88707491822654 || 2012-12-02 03:20:21 |
| 1932 || 6.67013583630379 || 2016-04-25 03:28:19 |
| 1933 || 46.8269785128502 || 2018-08-11 17:08:35 |
| 1934 || -28.3206529697928 || 2015-07-22 07:15:22 |
| 1935 || 14.2809356614232 || 2013-07-09 17:33:57 |
| 1936 || -4.51958805706378 || 2017-05-07 14:48:33 |
| 1937 || 3.96728026081426 || 2014-09-10 14:49:31 |
| 1938 || 10.5016941655951 || 2012-08-03 17:11:57 |
| 1939 || 40.3346724370567 || 2013-08-04 08:15:24 |
| 1940 || 68.6397620728464 || 2010-11-13 14:43:49 |
| 1941 || 2.2350148707411 || 2016-06-25 05:28:38 |
| 1942 || 2.172121085851 || 2014-12-03 11:38:35 |
| 1943 || 43.7883132390751 || 2017-06-09 04:54:17 |
| 1944 || -1.07929725197803 || 2019-02-21 22:28:52 |
| 1945 || 73.9153797850669 || 2010-04-08 21:24:36 |
| 1946 || 18.2807682019268 || 2017-03-22 11:44:44 |
| 1947 || -0.271821658149481 || 2010-05-07 05:32:13 |
| 1948 || 20.6364026015469 || 2017-01-19 17:47:17 |
| 1949 || 84.3275467160382 || 2018-11-17 16:32:36 |
| 1950 || -22.4866955076023 || 2012-07-10 05:05:27 |
| 1951 || 23.211533504678 || 2018-08-25 08:11:18 |
| 1952 || -0.0304327071786558 || 2016-05-22 13:20:46 |
| 1953 || -10.7536386493389 || 2018-04-11 22:42:21 |
| 1954 || 81.8452512158631 || 2013-12-23 10:56:02 |
| 1955 || 63.322238099594 || 2012-09-22 06:49:56 |
| 1956 || 17.0600067889128 || 2011-04-09 15:13:11 |
| 1957 || 0.0110440895166419 || 2011-02-27 22:48:40 |
| 1958 || 11.1168807375766 || 2013-06-23 12:26:46 |
| 1959 || 3.78494764839315 || 2013-07-18 04:49:48 |
| 1960 || -23.693661686017 || 2015-04-23 04:55:05 |
| 1961 || 36.1640168324703 || 2012-12-19 19:49:48 |
| 1962 || 0.0391614466009046 || 2012-01-07 09:52:42 |
| 1963 || -7.53121844621511 || 2016-10-26 01:43:48 |
| 1964 || -22.409377871102 || 2017-11-15 08:38:08 |
| 1965 || 42.0542695908716 || 2019-12-12 11:02:23 |
| 1966 || -14.1960616182666 || 2010-09-23 07:23:20 |
| 1967 || 1.89033578954511 || 2018-08-05 08:26:10 |
| 1968 || 14.6490709161655 || 2018-05-03 19:14:14 |
| 1969 || 57.9211706591828 || 2015-06-03 06:59:11 |
| 1970 || -29.4504789041223 || 2014-07-18 15:03:32 |
| 1971 || 27.0839281218699 || 2015-10-04 08:39:37 |
| 1972 || -0.291543178529705 || 2016-12-24 16:19:56 |
| 1973 || 10.2474942620144 || 2012-11-27 23:53:57 |
| 1974 || 65.4218690351869 || 2013-07-05 04:08:50 |
| 1975 || 56.4356904606556 || 2014-06-11 17:42:48 |
| 1976 || 2.78304856386326 || 2017-02-18 07:30:08 |
| 1977 || 6.0617175940419 || 2018-03-04 15:40:31 |
| 1978 || 2.3458563418509 || 2010-03-14 15:55:59 |
| 1979 || -16.2984007084706 || 2012-04-09 15:01:58 |
| 1980 || 88.2936941160825 || 2013-03-02 17:00:17 |
| 1981 || 1.91621986323358 || 2013-03-16 14:10:29 |
| 1982 || 9.06531254666177 || 2010-02-07 12:21:32 |
| 1983 || 2.11264723554115 || 2010-09-13 14:10:59 |
| 1984 || 41.3693312804402 || 2013-06-02 17:46:07 |
| 1985 || -3.92003926688988 || 2013-09-20 23:28:31 |
| 1986 || 54.4046080504647 || 2012-11-11 00:30:14 |
| 1987 || 10.1575472383757 || 2011-04-03 21:08:48 |
| 1988 || 4.32812419796545 || 2018-04-18 01:57:35 |
| 1989 || 4.62615206162641 || 2014-01-18 09:46:39 |
| 1990 || 69.6780131634309 || 2013-03-21 07:37:59 |
| 1991 || 66.3294568024847 || 2017-07-01 08:59:31 |
| 1992 || -5.61599541923096 || 2014-10-15 01:32:55 |
| 1993 || 2.24089885169835 || 2011-10-17 18:42:07 |
| 1994 || -8.42781599843747 || 2013-05-13 15:06:49 |
| 1995 || 49.3841184310079 || 2015-08-20 09:03:06 |
| 1996 || 61.1829270744818 || 2013-03-27 15:02:38 |
| 1997 || -6.91925897244583 || 2017-10-07 06:07:25 |
| 1998 || 0.531096166515135 || 2016-04-19 08:02:23 |
| 1999 || 2.91295414944354 || 2011-10-13 01:13:06 |
| 2000 || -10.8967555606773 || 2010-01-22 05:25:43 |
| 2001 || -20.199232823829 || 2018-11-12 19:39:33 |
| 2002 || 3.07400476880497 || 2013-04-25 01:07:23 |
| 2003 || 0.00524799259306269 || 2014-02-19 06:05:31 |
| 2004 || 11.8049769700582 || 2012-10-14 06:33:55 |
| 2005 || -19.5868605421259 || 2013-03-13 15:24:56 |
| 2006 || 55.0967443199783 || 2010-09-21 18:18:49 |
| 2007 || -2.34349799104915 || 2017-04-19 21:12:25 |
| 2008 || 0.0124999303487855 || 2019-11-03 03:59:55 |
| 2009 || -9.49696024167336 || 2019-11-18 12:39:49 |
| 2010 || -26.3187879559664 || 2017-07-03 06:36:49 |
| 2011 || 51.9849070433128 || 2011-04-07 21:15:58 |
| 2012 || -11.0746335293295 || 2011-01-17 19:51:34 |
| 2013 || 0.0532672207784799 || 2017-01-05 03:55:48 |
| 2014 || 15.0499357643267 || 2013-06-18 23:30:54 |
| 2015 || 52.1582087774016 || 2015-11-15 21:09:16 |
| 2016 || 86.2692880265354 || 2015-06-02 18:54:04 |
| 2017 || 6.2686426849787 || 2012-08-19 22:05:59 |
| 2018 || 0.263119567221158 || 2013-06-14 12:39:44 |
| 2019 || 18.4628945999584 || 2019-02-25 12:25:09 |
| 2020 || 70.2549920443617 || 2016-11-22 00:05:56 |
| 2021 || 44.4029322830832 || 2010-09-04 17:57:23 |
| 2022 || 47.3259826834676 || 2015-02-07 05:34:29 |
| 2023 || -0.882877521718431 || 2017-06-04 19:02:08 |
| 2024 || 11.2350852955255 || 2011-05-08 11:02:59 |
| 2025 || 64.9741158687737 || 2017-12-23 08:39:54 |
| 2026 || 3.24942892815465 || 2016-05-26 03:43:39 |
| 2027 || -17.5028770430737 || 2019-08-26 20:18:25 |
| 2028 || -0.792036862301089 || 2017-03-19 02:52:02 |
| 2029 || -3.13980068100924 || 2011-12-17 07:50:35 |
| 2030 || 10.4780239288184 || 2017-04-12 11:04:35 |
| 2031 || 51.9593985849769 || 2010-07-19 22:51:24 |
| 2032 || 9.4209813079196 || 2019-07-12 21:36:13 |
| 2033 || -2.68968861806555 || 2014-09-19 23:53:27 |
| 2034 || 7.79998124218137 || 2014-10-11 07:51:48 |
| 2035 || -9.07361840658933 || 2017-05-15 21:43:04 |
| 2036 || -28.9700922457725 || 2012-01-16 17:18:19 |
| 2037 || 57.5146317284323 || 2018-07-25 19:37:45 |
| 2038 || 10.050091970609 || 2016-02-10 14:47:36 |
| 2039 || 2.60410901729794 || 2017-11-03 06:08:53 |
| 2040 || 7.69742701763094 || 2015-09-14 23:01:06 |
| 2041 || 45.704038735706 || 2010-08-07 14:49:31 |
| 2042 || -17.2592964407632 || 2015-03-01 19:50:01 |
| 2043 || -4.66341934459207 || 2019-09-22 11:26:12 |
| 2044 || 2.85755257963803 || 2012-08-06 05:15:13 |
| 2045 || -2.31034917245615 || 2016-03-01 15:36:18 |
| 2046 || 43.9175729735968 || 2013-06-05 15:25:23 |
| 2047 || 61.2309382491448 || 2015-11-22 02:52:00 |
| 2048 || 18.4300782595329 || 2011-02-07 16:49:10 |
| 2049 || 1.00531064975356 || 2013-08-19 19:00:04 |
| 2050 || -13.4860075149127 || 2017-02-12 17:18:59 |
| 2051 || 79.4845698956549 || 2016-04-09 00:59:00 |
| 2052 || 45.1920042391172 || 2017-11-14 03:39:02 |
| 2053 || 4.28252696036273 || 2011-04-22 14:20:56 |
| 2054 || -0.0626125436240843 || 2018-09-22 15:15:33 |
| 2055 || 33.9650499765296 || 2019-04-11 07:14:35 |
| 2056 || 71.3374399406432 || 2011-10-22 19:41:03 |
| 2057 || 62.5132674531295 || 2019-01-25 22:46:27 |
| 2058 || -8.02445159237275 || 2011-04-17 23:09:17 |
| 2059 || 0.000417441454268129 || 2018-11-16 22:13:43 |
| 2060 || 28.4719001572368 || 2011-06-02 12:23:04 |
| 2061 || 50.8685110281571 || 2019-04-05 04:08:36 |
| 2062 || -14.0691464803229 || 2013-06-20 09:28:31 |
| 2063 || 0.75438038901471 || 2017-04-23 16:10:14 |
| 2064 || 0.157240064639114 || 2012-07-25 03:42:40 |
| 2065 || -7.37509073651051 || 2011-11-27 10:25:22 |
| 2066 || 44.0456041240063 || 2017-01-17 04:20:07 |
| 2067 || 81.1486750590177 || 2018-02-21 00:48:16 |
| 2068 || 16.4250505832378 || 2013-07-02 04:43:58 |
| 2069 || -0.423138284657436 || 2017-11-18 22:51:09 |
| 2070 || -6.00655116493202 || 2017-01-18 14:49:58 |
| 2071 || 72.0597802403324 || 2019-01-03 20:31:04 |
| 2072 || 87.228401097721 || 2014-10-10 04:24:06 |
| 2073 || -2.74799559874718 || 2014-02-24 17:09:51 |
| 2074 || 2.5040887095871 || 2016-10-26 11:57:58 |
| 2075 || 4.10073135389104 || 2011-07-08 14:05:13 |
| 2076 || 24.571084853125 || 2011-10-18 17:20:42 |
| 2077 || 88.1011528581278 || 2013-10-04 06:49:15 |
| 2078 || -14.6954998865178 || 2012-02-16 03:41:19 |
| 2079 || 4.12589782075234 || 2013-03-19 04:35:05 |
| 2080 || 10.787794523163 || 2018-07-25 14:05:30 |
| 2081 || 58.3715987201531 || 2011-01-08 03:30:28 |
| 2082 || 87.316067979246 || 2013-06-27 00:11:06 |
| 2083 || 32.3092456947222 || 2011-09-15 03:47:31 |
| 2084 || 1.75436363910618 || 2017-04-04 18:25:15 |
| 2085 || 7.00486936925527 || 2011-06-04 04:08:21 |
| 2086 || -12.7211995007963 || 2014-06-14 22:47:22 |
| 2087 || 72.0830610164341 || 2017-08-22 09:51:15 |
| 2088 || -8.48743986187124 || 2016-07-25 20:34:41 |
| 2089 || -0.16642257361896 || 2014-02-11 22:41:38 |
| 2090 || 4.6820558746351 || 2010-04-15 00:37:59 |
| 2091 || 5.57989571831265 || 2019-12-26 22:03:01 |
| 2092 || -22.851321036582 || 2019-01-06 06:47:28 |
| 2093 || 59.9165422062978 || 2017-03-02 06:42:27 |
| 2094 || 10.0801391452016 || 2015-12-09 09:41:05 |
| 2095 || 2.49411957631661 || 2019-01-21 14:31:43 |
| 2096 || 46.1520724130561 || 2016-11-24 00:27:17 |
| 2097 || -8.30274269073345 || 2019-05-14 16:32:52 |
| 2098 || 68.8843348792464 || 2014-05-07 02:25:11 |
| 2099 || 8.19529243079696 || 2014-06-06 23:02:54 |
| 2100 || 0.0729122410273003 || 2013-04-21 11:50:42 |
| 2101 || -1.8766682994013 || 2017-05-21 12:17:02 |
| 2102 || 79.0718535848153 || 2010-09-01 17:42:21 |
| 2103 || -20.4888828661027 || 2018-08-02 14:51:30 |
| 2104 || -7.01953033759556 || 2011-07-08 21:56:08 |
| 2105 || -0.0270924609953531 || 2011-03-08 19:05:09 |
| 2106 || 35.0040315174201 || 2012-09-16 11:18:49 |
| 2107 || -5.05033829315955 || 2013-03-09 06:50:36 |
| 2108 || -17.5097916458755 || 2015-03-07 11:09:57 |
| 2109 || -9.00751815196999 || 2017-04-07 09:29:16 |
| 2110 || 0.00213508214964231 || 2019-01-07 17:58:57 |
| 2111 || -1.39927848091446 || 2010-05-21 09:32:18 |
| 2112 || 7.42841506817354 || 2013-10-06 08:42:10 |
| 2113 || 27.952837661425 || 2018-02-11 21:38:33 |
| 2114 || 12.31442710648 || 2011-06-07 03:21:16 |
| 2115 || 0.229914900127126 || 2012-04-22 05:58:24 |
| 2116 || -8.22932081043093 || 2017-04-05 12:04:16 |
| 2117 || 23.3283451027311 || 2014-04-12 17:47:54 |
| 2118 || -27.623934393889 || 2017-11-03 13:24:16 |
| 2119 || 37.1469365593297 || 2015-08-02 07:49:50 |
| 2120 || -0.283439412743772 || 2017-11-12 10:09:30 |
| 2121 || -0.0325942008016571 || 2012-11-17 23:47:59 |
| 2122 || 52.9133254974846 || 2011-08-26 16:04:02 |
| 2123 || -26.4880141460258 || 2018-10-20 14:19:13 |
| 2124 || -8.80379118085811 || 2016-10-27 01:27:17 |
| 2125 || -0.778921467879104 || 2018-10-07 12:45:59 |
| 2126 || 6.66148302063918 || 2016-10-10 00:27:39 |
| 2127 || -13.7753965523938 || 2014-11-19 16:06:24 |
| 2128 || 32.4242475086744 || 2011-04-02 14:57:15 |
| 2129 || 47.9696863630515 || 2017-06-07 14:54:46 |
| 2130 || 4.70187057083532 || 2011-01-20 20:10:11 |
| 2131 || 8.60557133160896 || 2016-06-10 20:58:35 |
| 2132 || -20.7483877956376 || 2010-01-22 07:34:10 |
| 2133 || -21.7022598217852 || 2014-08-17 13:13:06 |
| 2134 || 32.8103555623661 || 2017-07-14 04:23:15 |
| 2135 || 6.38743125330588 || 2018-07-20 01:03:12 |
| 2136 || 8.84922508921629 || 2014-10-25 03:59:06 |
| 2137 || -19.2452376029868 || 2010-12-12 20:44:51 |
| 2138 || 89.8628312386125 || 2013-12-21 04:54:54 |
| 2139 || 58.7011468414221 || 2011-03-09 15:10:28 |
| 2140 || 10.7889614537689 || 2017-09-10 15:20:53 |
| 2141 || 3.94494858369581 || 2018-01-06 17:16:10 |
| 2142 || -13.4757797046622 || 2012-09-04 07:42:30 |
| 2143 || 31.7244452756018 || 2010-09-17 03:17:00 |
| 2144 || 55.3861499975996 || 2012-01-26 09:23:24 |
| 2145 || 14.176684674002 || 2014-08-03 03:09:46 |
| 2146 || 3.41367485377404 || 2018-08-19 03:56:56 |
| 2147 || 29.0980621008706 || 2010-04-11 20:06:31 |
| 2148 || 70.5228696303422 || 2011-11-05 09:31:22 |
| 2149 || 11.7019869807969 || 2010-12-11 21:24:47 |
| 2150 || -5.93676584796968 || 2017-03-22 13:05:29 |
| 2151 || -0.34058381892353 || 2013-12-08 17:59:07 |
| 2152 || 30.2194817535149 || 2012-07-21 02:19:26 |
| 2153 || 75.6353788038368 || 2010-04-09 20:16:39 |
| 2154 || -21.7809304101409 || 2012-07-03 06:04:11 |
| 2155 || -7.00240649334757 || 2015-08-26 17:38:34 |
| 2156 || -0.166102785420384 || 2013-10-22 05:46:48 |
| 2157 || 26.2390310192504 || 2014-08-23 19:53:11 |
| 2158 || 83.9602057557294 || 2019-07-03 00:50:15 |
| 2159 || 18.5216639735725 || 2014-08-26 10:10:51 |
| 2160 || 27.0901027474182 || 2016-07-10 10:30:26 |
| 2161 || -0.00329861852390972 || 2016-03-22 00:03:07 |
| 2162 || 10.1579632283971 || 2014-08-16 13:24:45 |
| 2163 || -17.9432007606399 || 2016-09-09 13:01:16 |
| 2164 || 62.9239540533839 || 2012-11-24 22:52:56 |
| 2165 || 18.3819646072272 || 2016-12-27 20:16:02 |
| 2166 || 0.0640702596851369 || 2014-12-14 14:38:22 |
| 2167 || 6.98101080857398 || 2013-04-14 23:34:18 |
| 2168 || 55.49783463993 || 2010-04-25 14:20:51 |
| 2169 || 39.8746543762722 || 2012-09-11 04:27:07 |
| 2170 || 27.3535498595563 || 2019-09-07 17:41:22 |
| 2171 || 0.206942215048917 || 2010-04-12 08:03:21 |
| 2172 || 21.7036894376301 || 2017-11-03 00:16:06 |
| 2173 || 73.5476656135656 || 2016-03-24 05:15:04 |
| 2174 || 84.0220566814273 || 2012-06-13 08:24:39 |
| 2175 || 43.2649535020329 || 2011-07-02 07:45:26 |
| 2176 || -0.101542301956983 || 2010-11-09 05:33:32 |
| 2177 || -5.73819544948527 || 2015-02-02 04:54:17 |
| 2178 || 20.8743745558215 || 2010-10-18 12:06:59 |
| 2179 || 88.7702642175836 || 2019-01-23 21:04:18 |
| 2180 || 5.69402832529115 || 2017-08-20 02:39:20 |
| 2181 || -1.06609621375895 || 2016-08-05 22:52:28 |
| 2182 || 9.69329847420533 || 2011-12-08 18:15:04 |
| 2183 || 24.6774192537057 || 2012-08-25 18:32:05 |
| 2184 || 43.4518681451325 || 2013-07-17 18:04:20 |
| 2185 || -17.3941070812987 || 2016-02-21 19:40:20 |
| 2186 || 0.9214479151921 || 2015-07-18 12:07:58 |
| 2187 || 5.17323138942175 || 2015-11-27 01:26:53 |
| 2188 || -0.366966903177912 || 2016-04-08 13:38:40 |
| 2189 || -29.9398086956829 || 2010-10-12 05:05:32 |
| 2190 || -14.1395441721429 || 2013-08-15 06:47:06 |
| 2191 || -0.901301798571166 || 2017-05-27 19:37:22 |
| 2192 || -1.92171488008011 || 2014-06-27 23:12:32 |
| 2193 || 10.7054793839537 || 2012-10-12 04:41:56 |
| 2194 || 88.508882970998 || 2018-06-01 11:30:16 |
| 2195 || 65.0957899228939 || 2010-10-24 06:36:27 |
| 2196 || 12.1215749591572 || 2012-05-18 06:34:38 |
| 2197 || 3.18690356247861 || 2010-08-25 02:31:17 |
| 2198 || -15.9788367021829 || 2016-12-18 00:36:20 |
| 2199 || 37.8081158623825 || 2016-08-25 02:57:02 |
| 2200 || -17.2401961072736 || 2017-12-08 23:02:26 |
| 2201 || 17.2817763674601 || 2016-03-04 19:33:56 |
| 2202 || 0.461971833259659 || 2014-04-04 07:18:34 |
| 2203 || -7.48926746105221 || 2018-11-03 05:31:49 |
| 2204 || 17.3552455123633 || 2015-08-07 16:32:20 |
| 2205 || 60.3769230383981 || 2010-07-10 17:02:40 |
| 2206 || 16.1568221848934 || 2015-09-22 12:06:46 |
| 2207 || 0.615189158783105 || 2014-10-07 01:48:28 |
| 2208 || -12.4403786620446 || 2015-05-26 16:04:17 |
| 2209 || -27.4431001859461 || 2018-11-21 13:17:47 |
| 2210 || 51.738342437229 || 2011-10-15 01:29:38 |
| 2211 || 3.45457247758217 || 2017-05-01 16:58:31 |
| 2212 || 0.00205710771055813 || 2017-10-06 18:02:09 |
| 2213 || 1.19511726961934 || 2019-12-23 20:38:07 |
| 2214 || -10.5114867562702 || 2013-05-10 01:38:53 |
| 2215 || 39.6031197290358 || 2019-01-20 18:03:15 |
| 2216 || 11.1819807571346 || 2012-09-05 09:53:11 |
| 2217 || 0.0260660130094361 || 2016-12-27 02:09:12 |
| 2218 || -3.15162043338756 || 2018-06-15 16:51:22 |
| 2219 || 27.3286386431525 || 2011-05-22 00:21:32 |
| 2220 || 81.8790187172094 || 2016-04-17 15:35:35 |
| 2221 || 17.3627013098423 || 2013-02-16 13:11:58 |
| 2222 || 0.0184951107094259 || 2014-08-20 03:32:21 |
| 2223 || -7.56123424486924 || 2012-12-13 05:40:00 |
| 2224 || 34.0533403307717 || 2013-12-09 09:05:44 |
| 2225 || -19.8413488060959 || 2011-06-12 10:06:49 |
| 2226 || 42.3633048922741 || 2014-05-10 14:35:17 |
| 2227 || 0.409035588353576 || 2016-09-03 14:29:30 |
| 2228 || -2.1514248945184 || 2012-12-09 17:22:04 |
| 2229 || -23.3814478229178 || 2019-06-22 15:50:14 |
| 2230 || -25.5318725418108 || 2018-12-26 22:35:19 |
| 2231 || -11.5875466204091 || 2014-07-15 04:35:44 |
| 2232 || -1.24701421663521 || 2015-08-24 01:53:50 |
| 2233 || -3.96177102383265 || 2011-12-05 04:39:39 |
| 2234 || 63.0160398401405 || 2014-04-16 18:24:23 |
| 2235 || -27.1858237122222 || 2015-02-04 13:48:26 |
| 2236 || -14.2941731437751 || 2016-02-04 03:51:09 |
| 2237 || 1.123228324747 || 2012-07-04 07:49:39 |
| 2238 || 3.2703515795607 || 2018-07-21 07:30:09 |
| 2239 || 60.4544189464359 || 2014-09-11 04:38:20 |
| 2240 || 72.9477853195476 || 2013-09-19 09:19:43 |
| 2241 || 51.7348257815743 || 2013-06-18 17:19:18 |
| 2242 || 5.67273750832345 || 2011-04-06 10:13:37 |
| 2243 || -1.85288444461527 || 2013-10-21 19:22:28 |
| 2244 || 54.0817830801923 || 2014-09-03 04:02:47 |
| 2245 || -14.5359213887537 || 2013-11-18 16:10:24 |
| 2246 || -8.13256849210195 || 2013-07-01 03:46:04 |
| 2247 || -0.364841061027654 || 2015-06-17 19:20:24 |
| 2248 || -0.279455915901457 || 2016-03-03 13:26:30 |
| 2249 || 33.7811906838078 || 2014-05-02 19:37:14 |
| 2250 || 86.7118216719649 || 2010-09-03 12:26:24 |
| 2251 || 61.6347448801846 || 2019-06-04 06:36:11 |
| 2252 || -5.34800789712958 || 2010-11-04 20:38:04 |
| 2253 || 1.90763308568157 || 2012-06-07 09:25:20 |
| 2254 || -8.98179605306233 || 2010-11-05 21:20:30 |
| 2255 || 0.361759551864136 || 2013-09-03 00:38:57 |
| 2256 || -24.2546682603755 || 2016-12-05 07:18:02 |
| 2257 || 19.2819362857517 || 2019-04-13 00:10:37 |
| 2258 || -0.321455466403764 || 2014-02-07 16:57:51 |
| 2259 || -1.30321719660346 || 2010-02-08 00:47:56 |
| 2260 || 48.2680436502953 || 2016-06-26 02:40:52 |
| 2261 || -21.8888769150971 || 2017-12-06 14:12:11 |
| 2262 || 6.42686671875744 || 2014-01-14 05:43:05 |
| 2263 || -0.0379299286253628 || 2018-08-25 07:21:23 |
| 2264 || 33.8020590902732 || 2018-10-23 06:01:08 |
| 2265 || 80.6805791118498 || 2015-08-23 02:19:35 |
| 2266 || 76.7869217682795 || 2016-09-20 12:52:58 |
| 2267 || 31.5086025037563 || 2010-12-01 09:16:17 |
| 2268 || -0.00708554716534507 || 2010-01-13 08:43:05 |
| 2269 || -9.47426307151242 || 2010-09-09 11:15:59 |
| 2270 || 44.9934713414181 || 2011-09-21 20:26:00 |
| 2271 || 42.7286598561648 || 2017-05-05 09:46:26 |
| 2272 || 7.97446956877179 || 2014-12-26 15:57:31 |
| 2273 || 0.426693153950336 || 2018-05-12 00:12:50 |
| 2274 || -5.10140969297406 || 2015-03-06 17:09:56 |
| 2275 || 42.5228260978271 || 2016-02-15 16:26:45 |
| 2276 || 62.4914446732139 || 2015-08-07 15:30:44 |
| 2277 || -5.83573937679642 || 2011-06-03 20:45:17 |
| 2278 || -0.51651740965675 || 2015-03-18 16:51:36 |
| 2279 || 2.85364219356353 || 2019-07-21 13:11:01 |
| 2280 || 59.5487743969521 || 2015-03-20 08:47:38 |
| 2281 || 40.0149858722646 || 2014-12-12 17:15:46 |
| 2282 || 7.79483225481412 || 2011-06-25 06:30:09 |
| 2283 || 2.97469141921255 || 2014-06-10 19:33:03 |
| 2284 || 10.6000802867854 || 2011-10-11 16:14:28 |
| 2285 || 10.0936012995264 || 2019-06-03 14:00:05 |
| 2286 || 64.9803374033693 || 2018-09-11 15:02:26 |
| 2287 || 50.1972770343505 || 2018-11-08 09:24:55 |
| 2288 || 3.37838097331043 || 2012-08-23 12:36:33 |
| 2289 || 0.424740480966825 || 2017-11-16 17:57:50 |
| 2290 || 48.3491431410644 || 2017-06-26 11:23:47 |
| 2291 || 89.2632013427111 || 2013-04-03 05:18:27 |
| 2292 || -7.93268779914129 || 2016-01-26 08:58:56 |
| 2293 || 0.78430693270143 || 2010-03-17 06:16:54 |
| 2294 || 7.4611649626799 || 2014-03-18 04:47:30 |
| 2295 || 35.4029518136699 || 2019-05-03 15:32:00 |
| 2296 || -2.99412086988066 || 2014-05-18 09:32:25 |
| 2297 || -21.0927256464855 || 2016-03-19 13:13:50 |
| 2298 || 12.2512719271909 || 2012-01-01 17:38:06 |
| 2299 || -0.735446783060328 || 2019-03-05 20:11:58 |
| 2300 || -13.841956061358 || 2012-02-26 21:59:26 |
| 2301 || 73.8577232031831 || 2013-08-26 07:02:58 |
| 2302 || 48.0060442114493 || 2017-10-25 01:40:17 |
| 2303 || -5.29056475491447 || 2017-02-20 03:03:33 |
| 2304 || 0.78071420853846 || 2014-10-04 02:02:35 |
| 2305 || 19.8062988919808 || 2017-10-13 20:46:07 |
| 2306 || 35.1091122853948 || 2016-08-23 12:00:19 |
| 2307 || -21.793546636108 || 2016-07-08 05:56:03 |
| 2308 || 6.03214903762418 || 2011-05-18 21:58:24 |
| 2309 || -0.385798610430878 || 2014-08-17 12:48:32 |
| 2310 || -12.1789452292886 || 2012-10-17 00:08:59 |
| 2311 || 85.1643581309805 || 2011-01-21 19:48:09 |
| 2312 || -20.3263838777825 || 2018-07-01 05:08:32 |
| 2313 || 13.8490155938203 || 2012-03-15 10:42:43 |
| 2314 || 0.199890090228651 || 2018-05-07 21:54:17 |
| 2315 || 2.29121856921609 || 2011-11-26 02:35:01 |
| 2316 || 75.0805108830582 || 2010-05-18 17:53:39 |
| 2317 || 45.1130649581831 || 2014-09-24 16:11:04 |
| 2318 || 14.6138914692545 || 2015-12-13 11:00:10 |
| 2319 || 0.00108080450144626 || 2018-04-01 15:42:04 |
| 2320 || 29.2961766678441 || 2013-02-15 22:42:20 |
| 2321 || 77.7929372253419 || 2016-05-27 05:44:04 |
| 2322 || 53.4098311800099 || 2018-08-14 18:27:52 |
| 2323 || 9.13467264063548 || 2014-08-09 12:10:30 |
| 2324 || 0.134976297765833 || 2016-10-08 11:58:12 |
| 2325 || 12.6220965438732 || 2019-02-17 14:03:47 |
| 2326 || 62.6645901689304 || 2011-09-26 18:26:13 |
| 2327 || 31.0732737121345 || 2012-03-11 22:16:08 |
| 2328 || 39.1463641377042 || 2016-03-22 14:21:53 |
| 2329 || 0.118595070899835 || 2015-04-12 23:36:34 |
| 2330 || 10.9130464888177 || 2019-09-19 17:25:31 |
| 2331 || 56.9520338982762 || 2017-04-14 08:29:31 |
| 2332 || -28.8471267219762 || 2011-06-24 13:57:56 |
| 2333 || -3.71431796274783 || 2014-08-04 14:29:56 |
| 2334 || 0.0746337996215935 || 2012-07-03 09:00:27 |
| 2335 || -5.17116425577762 || 2012-06-09 07:57:50 |
| 2336 || -10.0489375603979 || 2015-02-06 12:43:56 |
| 2337 || 86.6239561579186 || 2013-02-24 10:53:55 |
| 2338 || 39.4305027969432 || 2019-05-09 06:49:46 |
| 2339 || -0.453597602033933 || 2012-08-26 18:05:38 |
| 2340 || 4.96187928423558 || 2019-12-08 18:11:08 |
| 2341 || -19.0696186669309 || 2014-09-05 05:30:15 |
| 2342 || -14.1321249276293 || 2010-08-06 12:14:26 |
| 2343 || -17.0077078250837 || 2012-04-25 00:32:55 |
| 2344 || 3.79339239236764 || 2010-10-12 09:19:23 |
| 2345 || 3.29280346903246 || 2017-01-06 00:23:19 |
| 2346 || 32.5979831200749 || 2011-06-16 19:24:25 |
| 2347 || 54.1091174938618 || 2012-09-02 20:52:34 |
| 2348 || -20.1038790058588 || 2013-11-10 05:39:35 |
| 2349 || -3.47694074385176 || 2011-08-19 14:51:31 |
| 2350 || -1.12678540287552 || 2017-07-04 12:45:32 |
| 2351 || 35.6211038559304 || 2016-07-07 01:40:21 |
| 2352 || 33.5913535241755 || 2012-10-09 20:42:49 |
| 2353 || 18.2566902848424 || 2017-07-05 05:55:44 |
| 2354 || 15.2816960102919 || 2017-05-20 12:37:46 |
| 2355 || 0.0697149146527658 || 2014-05-02 01:04:59 |
| 2356 || -15.4570355005806 || 2010-04-06 09:45:49 |
| 2357 || -26.6530401868831 || 2011-11-24 22:41:23 |
| 2358 || -20.0432674044629 || 2015-11-09 19:09:01 |
| 2359 || 16.8052118178844 || 2016-02-22 18:44:18 |
| 2360 || -0.470817819423896 || 2015-12-09 11:52:27 |
| 2361 || -1.59968213661072 || 2013-05-10 04:17:19 |
| 2362 || 6.42788374732437 || 2019-01-13 08:12:31 |
| 2363 || 3.11225829133278 || 2016-08-03 01:24:41 |
| 2364 || -7.20532762596954 || 2015-04-20 08:13:40 |
| 2365 || 0.304280591927741 || 2015-07-07 18:38:42 |
| 2366 || 25.6151033802184 || 2014-08-02 06:55:03 |
| 2367 || 37.562491090875 || 2017-06-21 08:18:52 |
| 2368 || 34.6759031890303 || 2011-07-16 15:29:46 |
| 2369 || -1.62080985260847 || 2012-07-16 07:58:19 |
| 2370 || 0.00287140914497687 || 2010-01-24 00:21:22 |
| 2371 || 30.5641179101999 || 2016-07-20 16:36:04 |
| 2372 || 1.73067419722814 || 2014-02-24 23:02:13 |
| 2373 || 25.0605843251925 || 2011-08-25 22:05:37 |
| 2374 || 20.1768418645111 || 2010-04-07 13:33:36 |
| 2375 || -0.0885034915290767 || 2012-01-08 14:38:19 |
| 2376 || 19.2945104485677 || 2014-10-02 01:22:38 |
| 2377 || 45.8035819903516 || 2018-05-25 06:34:24 |
| 2378 || 67.2081481882045 || 2016-11-17 13:13:27 |
| 2379 || -0.945182987401318 || 2011-06-22 01:37:59 |
| 2380 || 1.17993126994414 || 2013-07-05 21:14:58 |
| 2381 || 0.755007472138044 || 2019-11-02 07:02:48 |
| 2382 || 28.9322204233959 || 2014-03-17 00:11:56 |
| 2383 || -1.7794468355498 || 2016-01-25 23:48:29 |
| 2384 || 22.7786883297748 || 2016-07-13 04:55:50 |
| 2385 || 1.42114480500523 || 2014-12-01 17:57:16 |
| 2386 || -5.41937403614908 || 2014-03-10 15:34:19 |
| 2387 || 26.4391475768233 || 2016-08-03 15:43:54 |
| 2388 || 17.0753453225777 || 2019-01-04 20:12:13 |
| 2389 || 3.95227053319461 || 2012-02-09 19:55:07 |
| 2390 || -1.2106598507471 || 2014-01-08 00:53:53 |
| 2391 || -2.95741697317431 || 2012-12-27 18:10:35 |
| 2392 || -4.75167684141286 || 2019-05-18 15:11:15 |
| 2393 || 10.9823730411936 || 2012-04-19 13:12:54 |
| 2394 || -15.7068530491334 || 2011-09-08 20:29:44 |
| 2395 || 4.96137695483495 || 2010-06-14 21:16:47 |
| 2396 || 8.42488469058899 || 2015-12-27 01:40:11 |
| 2397 || -19.105695570719 || 2011-07-15 23:38:50 |
| 2398 || 11.4304264508268 || 2012-05-26 16:52:28 |
| 2399 || 38.3559264403971 || 2018-03-03 04:56:02 |
| 2400 || 0.890538142211612 || 2011-04-21 10:35:03 |
| 2401 || -1.48702512940542 || 2016-06-23 05:58:06 |
| 2402 || 33.1905507868292 || 2019-12-01 17:30:41 |
| 2403 || 46.7563067740027 || 2018-08-12 16:18:31 |
| 2404 || 8.10431673973982 || 2018-06-06 22:48:43 |
| 2405 || -4.90259053760104 || 2014-07-03 08:09:48 |
| 2406 || 0.116168749014234 || 2013-08-23 18:40:10 |
| 2407 || -6.99106948874021 || 2014-08-15 02:34:52 |
| 2408 || -24.3576196214538 || 2018-11-25 00:49:51 |
| 2409 || 26.9994825626244 || 2014-02-07 12:30:22 |
| 2410 || -5.30954519369022 || 2017-02-10 08:33:47 |
| 2411 || 1.47911169156256 || 2012-10-16 07:47:56 |
| 2412 || 37.0831298017628 || 2015-01-02 23:48:25 |
| 2413 || 85.4932612033143 || 2016-01-19 15:22:34 |
| 2414 || 74.9544151029086 || 2018-04-27 04:32:33 |
| 2415 || 23.4885607566112 || 2016-12-17 11:48:52 |
| 2416 || 0.385464770296794 || 2018-01-08 09:17:51 |
| 2417 || -12.0094070406816 || 2012-12-05 11:26:09 |
| 2418 || -27.2982801106145 || 2019-06-27 04:01:25 |
| 2419 || -23.7016073665533 || 2011-11-04 07:25:04 |
| 2420 || 26.1680271389432 || 2011-05-22 13:09:40 |
| 2421 || 0.0244760846945642 || 2011-12-05 11:37:38 |
| 2422 || -9.68801583790166 || 2019-09-17 23:07:18 |
| 2423 || 7.40139478683386 || 2013-04-10 04:37:24 |
| 2424 || 12.6559042603775 || 2012-11-27 22:41:12 |
| 2425 || 12.1298014458454 || 2010-08-05 22:59:51 |
| 2426 || 0.167256689804112 || 2013-07-07 05:45:40 |
| 2427 || -6.00271538916999 || 2013-02-02 06:16:46 |
| 2428 || 60.1606670285321 || 2019-11-03 17:15:45 |
| 2429 || 65.6724576265775 || 2015-07-12 07:46:28 |
| 2430 || 19.822154115325 || 2019-10-13 22:31:35 |
| 2431 || 0.163469512722199 || 2015-12-20 10:55:50 |
| 2432 || 13.247633894777 || 2018-06-20 15:36:37 |
| 2433 || 73.4527159368269 || 2011-04-23 02:55:29 |
| 2434 || 25.2939021486134 || 2010-05-02 07:23:20 |
| 2435 || -9.95355735464223 || 2013-09-08 07:30:08 |
| 2436 || 0.955898981688145 || 2010-03-13 19:28:53 |
| 2437 || 0.371373445147267 || 2017-09-03 00:22:36 |
| 2438 || 63.421645497377 || 2018-11-10 12:05:14 |
| 2439 || 44.9847417249695 || 2019-09-19 08:38:35 |
| 2440 || 48.2093196227164 || 2018-07-04 01:09:58 |
| 2441 || 3.74348769481699 || 2016-10-25 15:27:37 |
| 2442 || -0.413932476301702 || 2013-07-25 20:58:46 |
| 2443 || -13.5758156724281 || 2019-04-15 22:32:29 |
| 2444 || 89.2036545350555 || 2011-07-19 13:59:33 |
| 2445 || 11.1505041654755 || 2010-01-24 15:07:12 |
| 2446 || 6.47617687150135 || 2012-02-13 17:14:57 |
| 2447 || -3.08708234212322 || 2013-11-06 17:44:57 |
| 2448 || 57.3825247388931 || 2014-12-20 00:01:17 |
| 2449 || 4.71656990117932 || 2014-10-17 20:16:29 |
| 2450 || -13.4034116252975 || 2011-10-10 22:35:12 |
| 2451 || -3.43617029412893 || 2013-01-26 22:27:48 |
| 2452 || -2.13404011225612 || 2011-12-05 06:23:58 |
| 2453 || -14.6421072533056 || 2014-11-09 05:32:03 |
| 2454 || 72.3064894806872 || 2017-05-16 04:01:59 |
| 2455 || -3.09118636100596 || 2017-12-20 21:23:00 |
| 2456 || 1.82767104947778 || 2011-01-25 06:48:17 |
| 2457 || -1.18043194215868 || 2019-06-21 22:08:45 |
| 2458 || -3.55977345383224 || 2017-08-25 21:04:58 |
| 2459 || 11.6479990073579 || 2011-10-13 17:14:51 |
| 2460 || 43.7517120266407 || 2015-08-23 06:23:30 |
| 2461 || 17.3982930207701 || 2015-05-11 06:08:08 |
| 2462 || 0.0645240225900415 || 2016-09-04 08:41:06 |
| 2463 || 43.1046545583042 || 2018-06-03 01:34:50 |
| 2464 || 80.3974841279282 || 2015-05-26 04:09:19 |
| 2465 || 25.1025352429439 || 2018-01-20 05:44:12 |
| 2466 || 9.99978056863949 || 2013-07-09 03:42:27 |
| 2467 || 0.23667133313091 || 2017-05-07 14:21:31 |
| 2468 || 7.56654412264673 || 2011-12-03 21:22:21 |
| 2469 || 37.9788268748901 || 2013-09-25 20:06:19 |
| 2470 || -25.5037518897387 || 2015-10-01 20:40:51 |
| 2471 || -8.26068579943639 || 2019-09-22 01:50:35 |
| 2472 || 0.000637842191568888 || 2011-09-20 08:40:45 |
| 2473 || 31.1353491877222 || 2016-11-22 06:38:56 |
| 2474 || 41.2155512782159 || 2010-02-16 05:03:51 |
| 2475 || -13.2930871010291 || 2016-04-07 16:43:09 |
| 2476 || 31.3844321165627 || 2015-02-10 16:00:05 |
| 2477 || 0.0493267458316879 || 2016-08-02 01:04:58 |
| 2478 || 3.659183614903 || 2015-01-10 09:40:07 |
| 2479 || -20.2726178763296 || 2019-07-18 15:32:58 |
| 2480 || 46.8122235910052 || 2012-02-04 22:53:05 |
| 2481 || -12.4899586146942 || 2016-06-16 09:17:43 |
| 2482 || -0.244989167713021 || 2015-10-18 04:07:08 |
| 2483 || 9.06695832482352 || 2013-05-06 16:15:07 |
| 2484 || 54.1491700587778 || 2013-09-22 01:37:30 |
| 2485 || -23.6185149619883 || 2013-07-22 16:33:13 |
| 2486 || 42.2027332642932 || 2019-01-21 18:24:49 |
| 2487 || 2.07793169054258 || 2017-01-15 20:55:55 |
| 2488 || -2.0845010813244 || 2015-12-07 02:51:25 |
| 2489 || 64.4534041829423 || 2013-04-27 10:41:52 |
| 2490 || 86.5840424424305 || 2018-12-24 01:52:21 |
| 2491 || -15.8292983770899 || 2012-02-08 12:54:04 |
| 2492 || -1.24919644776751 || 2013-09-25 08:11:48 |
| 2493 || -0.583075809027523 || 2010-05-19 18:58:19 |
| 2494 || -6.54440071183988 || 2011-05-24 14:31:59 |
| 2495 || 69.2502972390398 || 2015-10-17 23:50:05 |
| 2496 || 49.0417349481834 || 2013-05-20 16:05:21 |
| 2497 || -1.37306522738129 || 2019-10-10 11:44:45 |
| 2498 || 4.716411710921 || 2017-01-21 03:10:18 |
| 2499 || 33.9855944322089 || 2012-06-16 08:09:31 |
| 2500 || 59.9616073584582 || 2010-12-09 21:22:36 |
| 2501 || -19.606990223727 || 2014-10-12 22:07:09 |
| 2502 || -2.33689761276426 || 2013-10-15 09:00:05 |
| 2503 || -2.29884067491244 || 2015-10-14 10:09:46 |
| 2504 || 22.5068699376531 || 2019-04-01 03:00:48 |
| 2505 || 82.3347772816302 || 2010-03-15 12:58:53 |
| 2506 || 59.1680342923189 || 2013-05-04 17:18:04 |
| 2507 || 12.5710095067648 || 2016-07-25 07:59:11 |
| 2508 || -1.43665457515469 || 2010-08-04 20:36:36 |
| 2509 || -8.94769168887361 || 2013-12-08 02:08:12 |
| 2510 || 70.0982176952228 || 2018-10-23 02:41:44 |
| 2511 || -23.109379502285 || 2013-07-11 10:59:52 |
| 2512 || 11.4199620262449 || 2019-01-08 09:30:51 |
| 2513 || 1.49253262260478 || 2015-12-21 16:58:15 |
| 2514 || 39.3331457131549 || 2010-09-06 13:38:58 |
| 2515 || -27.0167473286876 || 2010-10-01 01:59:39 |
| 2516 || 24.6473360639137 || 2016-04-20 14:06:29 |
| 2517 || 13.3856925235954 || 2017-01-18 20:43:05 |
| 2518 || 0.0525383553630108 || 2011-11-03 10:40:48 |
| 2519 || -12.731493007289 || 2013-01-11 15:49:31 |
| 2520 || 83.0758199409237 || 2012-10-01 15:26:33 |
| 2521 || 46.7875508315569 || 2011-03-18 11:59:22 |
| 2522 || -1.55002747086724 || 2018-11-01 21:03:47 |
| 2523 || 0.0805781574747392 || 2013-06-07 12:35:07 |
| 2524 || 18.1633970171576 || 2012-10-02 19:43:08 |
| 2525 || 67.731077958023 || 2018-06-08 17:01:15 |
| 2526 || 18.5024298290704 || 2013-08-15 14:23:07 |
| 2527 || 1.31977301135743 || 2019-02-24 09:59:28 |
| 2528 || 0.0253248258158757 || 2013-01-04 09:34:01 |
| 2529 || 9.07835245020882 || 2015-12-06 05:47:01 |
| 2530 || 63.4068291647828 || 2015-11-08 06:54:43 |
| 2531 || 61.1471978144132 || 2012-10-18 08:24:52 |
| 2532 || 26.9221134236901 || 2016-03-14 10:59:13 |
| 2533 || 0.244893337079082 || 2013-10-01 18:32:21 |
| 2534 || 13.984946811654 || 2014-06-26 19:04:23 |
| 2535 || 6.31163788762843 || 2012-02-06 18:43:07 |
| 2536 || 36.1400775671824 || 2010-10-17 02:34:57 |
| 2537 || -12.1905137526355 || 2010-03-15 17:34:28 |
| 2538 || -0.491941932796119 || 2010-05-06 01:03:52 |
| 2539 || 6.32063480417517 || 2017-06-24 08:08:13 |
| 2540 || -20.1190525072128 || 2013-01-25 12:31:15 |
| 2541 || -15.6566827938929 || 2011-05-11 00:32:37 |
| 2542 || -0.251843016728295 || 2014-07-09 04:00:06 |
| 2543 || 3.44506498242944 || 2016-06-06 07:32:47 |
| 2544 || 13.7413582198137 || 2012-06-24 08:02:04 |
| 2545 || 5.56799368255844 || 2015-10-02 02:47:37 |
| 2546 || -29.2612719991469 || 2013-05-25 20:02:06 |
| 2547 || -7.17084946079486 || 2017-03-10 06:23:35 |
| 2548 || -1.91812591268965 || 2010-04-02 17:38:05 |
| 2549 || 1.37511280100112 || 2012-03-27 03:32:28 |
| 2550 || 55.6073532707812 || 2019-01-12 13:39:07 |
| 2551 || 44.5335399603941 || 2014-02-03 14:26:39 |
| 2552 || -18.9109409209287 || 2013-07-09 00:51:28 |
| 2553 || 8.53295301498703 || 2017-09-07 23:25:57 |
| 2554 || 5.61972250810307 || 2019-01-02 01:15:33 |
| 2555 || 47.7923322858138 || 2018-11-17 00:30:58 |
| 2556 || 85.7998180766134 || 2016-11-20 11:52:04 |
| 2557 || -14.1593841742351 || 2017-11-10 16:43:02 |
| 2558 || -3.5497593393308 || 2015-10-17 16:03:01 |
| 2559 || 1.72850150008991 || 2017-02-22 06:34:25 |
| 2560 || -16.7934143484883 || 2018-12-07 14:51:13 |
| 2561 || 78.5419429685147 || 2015-02-22 16:33:49 |
| 2562 || 67.1033406482772 || 2014-07-12 11:16:51 |
| 2563 || 3.12052623182267 || 2016-01-01 01:39:38 |
| 2564 || 0.691674096455883 || 2011-08-07 00:05:04 |
| 2565 || 35.3162726742329 || 2016-11-20 05:24:19 |
| 2566 || 47.8925213272241 || 2012-12-23 12:30:20 |
| 2567 || 43.6677633277819 || 2011-03-13 03:00:31 |
| 2568 || 19.4853965658199 || 2015-05-27 19:30:28 |
| 2569 || 0.0367603132363182 || 2010-02-17 00:07:14 |
| 2570 || -4.79125192144577 || 2011-08-02 07:39:27 |
| 2571 || 43.1443348315949 || 2012-10-11 22:29:58 |
| 2572 || 62.4807979735118 || 2013-08-27 04:24:34 |
| 2573 || -6.41377295536241 || 2017-02-21 19:50:34 |
| 2574 || 0.184238285456064 || 2017-01-17 05:02:49 |
| 2575 || 10.1867110731114 || 2019-07-02 01:44:50 |
| 2576 || 51.6193153990866 || 2012-07-05 21:30:17 |
| 2577 || -5.19237937153654 || 2019-09-22 18:31:49 |
| 2578 || -6.7407785847018 || 2013-03-08 20:18:29 |
| 2579 || 0.00646773348252039 || 2015-11-10 11:36:57 |
| 2580 || 21.1594594872349 || 2018-10-09 04:30:49 |
| 2581 || 50.0981889887393 || 2013-03-11 05:55:57 |
| 2582 || 28.9055862710908 || 2013-10-21 13:24:22 |
| 2583 || 31.9549329070012 || 2018-01-01 18:04:11 |
| 2584 || 0.431374149735445 || 2018-06-27 04:31:00 |
| 2585 || 23.1429264109974 || 2018-06-25 20:25:45 |
| 2586 || -13.0318794597829 || 2014-01-22 17:07:47 |
| 2587 || 9.01751159068499 || 2013-04-21 14:06:11 |
| 2588 || 31.8424346041147 || 2013-03-11 05:07:50 |
| 2589 || 0.966094019994877 || 2017-04-02 21:54:41 |
| 2590 || -4.22277451285496 || 2018-08-12 00:15:10 |
| 2591 || 19.4701965996896 || 2012-01-01 01:35:51 |
| 2592 || 24.6752909505247 || 2012-07-24 17:55:30 |
| 2593 || 34.9900441544609 || 2015-08-16 20:30:51 |
| 2594 || 1.97393284700354 || 2011-01-24 20:44:40 |
| 2595 || 12.8719432647608 || 2011-07-12 21:53:36 |
| 2596 || -16.5143859752004 || 2018-01-12 21:45:05 |
| 2597 || 8.42654025414824 || 2011-04-20 08:58:22 |
| 2598 || -8.20889688349019 || 2019-08-24 05:49:22 |
| 2599 || 4.86340230863193 || 2019-03-15 09:58:09 |
| 2600 || 6.82646328669781 || 2019-10-20 10:57:53 |
| 2601 || -17.7228110335273 || 2015-02-25 01:13:24 |
| 2602 || 76.8429452311702 || 2015-04-11 01:06:07 |
| 2603 || 25.9943787605231 || 2013-01-10 14:19:44 |
| 2604 || 8.43505425396113 || 2016-07-04 08:07:43 |
| 2605 || 2.88064092420461 || 2015-07-20 16:00:33 |
| 2606 || -18.7188691555665 || 2011-11-19 12:43:29 |
| 2607 || 55.1821854425582 || 2016-01-02 11:26:49 |
| 2608 || -8.80878188469836 || 2019-05-06 21:50:26 |
| 2609 || -3.92029579497103 || 2019-01-07 03:16:29 |
| 2610 || 3.62508219587715 || 2013-08-19 17:27:19 |
| 2611 || 39.8720220503477 || 2014-06-24 10:18:52 |
| 2612 || -26.7350473687033 || 2013-02-10 09:15:29 |
| 2613 || 34.9923488923775 || 2015-07-23 14:25:52 |
| 2614 || 11.9812721345558 || 2014-06-05 13:11:49 |
| 2615 || -0.329361957955305 || 2011-12-18 05:56:46 |
| 2616 || 43.4830776430805 || 2012-09-18 03:54:21 |
| 2617 || 72.2793454555641 || 2018-04-25 20:31:16 |
| 2618 || 66.6047498134708 || 2016-10-12 19:35:29 |
| 2619 || 19.3056473278622 || 2013-05-09 15:48:05 |
| 2620 || 1.36616175595532 || 2014-03-14 05:01:08 |
| 2621 || 32.6055208109017 || 2012-02-05 10:09:01 |
| 2622 || 50.0121364972329 || 2010-10-07 19:26:06 |
| 2623 || 6.17047200786693 || 2014-04-22 07:54:31 |
| 2624 || 11.1059016212274 || 2010-05-12 21:19:51 |
| 2625 || 7.86363996256895e-05 || 2012-08-23 22:56:58 |
| 2626 || -7.828630278926 || 2019-06-02 13:16:52 |
| 2627 || -26.5591341603518 || 2012-03-10 06:22:31 |
| 2628 || 42.0720248676962 || 2011-09-01 13:28:29 |
| 2629 || 5.06146807120598 || 2011-08-25 06:40:41 |
| 2630 || 0.000159588726347815 || 2012-07-01 02:57:40 |
| 2631 || -6.51154522613874 || 2011-03-24 17:12:42 |
| 2632 || -17.5262847150134 || 2019-04-25 13:45:53 |
| 2633 || 9.89102371809266 || 2010-08-25 13:40:53 |
| 2634 || 35.0406638053294 || 2013-03-05 11:57:22 |
| 2635 || -0.0847629450303944 || 2016-01-04 05:07:39 |
| 2636 || 7.39897892526614 || 2012-07-16 20:58:27 |
| 2637 || 32.9090337839197 || 2012-09-06 00:30:17 |
| 2638 || 72.8545910222941 || 2016-01-14 09:31:13 |
| 2639 || -13.4623658057284 || 2010-11-23 05:46:08 |
| 2640 || 0.0508309372390513 || 2010-07-10 17:11:21 |
| 2641 || 19.3629136351535 || 2015-04-09 23:27:24 |
| 2642 || 68.2034390263391 || 2013-10-23 04:58:12 |
| 2643 || 7.73095168567404 || 2018-08-16 10:37:46 |
| 2644 || 18.4332696568997 || 2010-11-21 22:23:08 |
| 2645 || -0.945613512094789 || 2012-01-03 12:51:21 |
| 2646 || 0.182639987981346 || 2019-09-20 02:58:27 |
| 2647 || 32.9011924998301 || 2012-05-19 17:55:34 |
| 2648 || 88.935232380216 || 2014-12-27 02:58:40 |
| 2649 || 9.00993873725065 || 2013-01-24 19:03:54 |
| 2650 || 1.10113508802077 || 2013-02-22 21:34:35 |
| 2651 || -3.9572047727282 || 2019-01-27 17:01:24 |
| 2652 || 15.5645802767694 || 2016-07-08 05:43:54 |
| 2653 || 23.7955296460019 || 2015-02-01 10:37:47 |
| 2654 || -17.5487507056836 || 2012-03-22 10:40:28 |
| 2655 || 3.00755492856463 || 2014-04-02 16:04:39 |
| 2656 || 7.74540243192726 || 2015-02-18 08:20:33 |
| 2657 || 3.06290852117456 || 2012-12-15 03:48:15 |
| 2658 || 67.9830776676056 || 2014-08-10 03:36:58 |
| 2659 || 1.54437972681811 || 2016-04-16 01:58:40 |
| 2660 || 11.169213516831 || 2010-02-02 02:29:00 |
| 2661 || 5.677246844429 || 2011-09-08 23:45:49 |
| 2662 || 39.294814176285 || 2018-04-22 17:51:21 |
| 2663 || 88.5089841576696 || 2014-05-16 15:50:30 |
| 2664 || 22.4113839846017 || 2013-08-23 04:52:37 |
| 2665 || 15.0092789407912 || 2015-03-15 06:23:46 |
| 2666 || 2.23832631922877 || 2010-09-02 06:17:24 |
| 2667 || -15.4185302908921 || 2013-04-16 06:49:29 |
| 2668 || -12.6426010559601 || 2018-05-24 16:43:30 |
| 2669 || -20.0022394319923 || 2013-10-08 13:56:03 |
| 2670 || -5.54039621479713 || 2013-10-06 13:41:21 |
| 2671 || -0.262306208314567 || 2012-03-22 02:50:58 |
| 2672 || 41.4219237388189 || 2017-03-26 07:54:31 |
| 2673 || -18.5350500917508 || 2017-01-19 13:51:19 |
| 2674 || 1.43291312175395 || 2016-01-24 06:18:11 |
| 2675 || 16.4401811634978 || 2015-10-14 05:57:01 |
| 2676 || 0.491569277889828 || 2016-04-23 08:46:31 |
| 2677 || 34.4967310949446 || 2019-02-13 06:48:52 |
| 2678 || -27.8092153439318 || 2012-09-19 20:32:51 |
| 2679 || 22.4106677233894 || 2014-08-18 20:08:03 |
| 2680 || -4.55025045899591 || 2019-01-06 06:43:13 |
| 2681 || 0.0167606894034341 || 2018-11-21 06:01:43 |
| 2682 || 20.2538997457888 || 2012-09-23 10:37:36 |
| 2683 || 47.4094471039946 || 2018-07-21 22:06:23 |
| 2684 || -18.1082694189053 || 2010-10-19 13:38:56 |
| 2685 || 34.0472719647686 || 2018-07-04 07:11:14 |
| 2686 || -0.0354917568620027 || 2014-12-11 19:27:33 |
| 2687 || -4.59940387961043 || 2011-07-13 23:06:33 |
| 2688 || -15.7876106584047 || 2010-11-07 19:43:28 |
| 2689 || 60.9732056483564 || 2016-02-02 15:47:31 |
| 2690 || -13.0781898307923 || 2011-12-20 18:58:10 |
| 2691 || 0.225011156639131 || 2019-11-05 00:32:03 |
| 2692 || 17.0248698894439 || 2015-09-06 23:51:57 |
| 2693 || 72.9052182525295 || 2018-05-17 16:43:28 |
| 2694 || 86.0508201617178 || 2019-01-17 18:24:53 |
| 2695 || 36.2467565675121 || 2010-07-20 13:33:20 |
| 2696 || 2.18127164587435 || 2017-09-13 00:32:58 |
| 2697 || 2.12328175475432 || 2015-03-15 03:52:39 |
| 2698 || 62.7557051991925 || 2011-10-19 02:48:50 |
| 2699 || 46.798879093027 || 2018-09-05 16:47:11 |
| 2700 || -9.55460848906005 || 2010-04-03 08:46:26 |
| 2701 || 4.20289727242113 || 2019-10-05 05:46:34 |
| 2702 || 12.8813170828608 || 2018-05-13 05:07:27 |
| 2703 || 64.0415475147027 || 2014-01-26 04:15:09 |
| 2704 || 5.16779065003391 || 2016-10-10 18:42:22 |
| 2705 || 41.0729733208198 || 2019-04-11 03:12:58 |
| 2706 || 1.92466644558078 || 2012-03-22 14:44:59 |
| 2707 || 8.0259686511698 || 2019-09-26 07:49:03 |
| 2708 || 53.9970266492438 || 2014-04-18 09:36:23 |
| 2709 || -16.9267432321231 || 2013-12-11 23:08:54 |
| 2710 || -16.367875120153 || 2010-09-13 07:56:13 |
| 2711 || 5.0277544344914 || 2013-08-22 17:58:59 |
| 2712 || 6.22485434420526 || 2016-12-16 14:30:20 |
| 2713 || 27.2391635610272 || 2014-02-10 21:44:03 |
| 2714 || -8.50338272124426 || 2018-07-12 13:48:26 |
| 2715 || 62.5284169528158 || 2013-02-16 16:52:51 |
| 2716 || 11.9896849127607 || 2012-10-19 17:00:38 |
| 2717 || 2.57496882537978 || 2017-03-12 05:00:54 |
| 2718 || -16.1170667027579 || 2012-03-08 00:24:23 |
| 2719 || 64.9429745718161 || 2010-03-27 11:30:19 |
| 2720 || 68.9858429440491 || 2014-01-22 02:37:14 |
| 2721 || -4.95664590784185 || 2013-10-14 23:38:15 |
| 2722 || 1.76447378623675 || 2012-09-03 22:59:09 |
| 2723 || 33.6252327674327 || 2015-07-18 08:03:51 |
| 2724 || 53.8780651907716 || 2018-05-24 01:02:59 |
| 2725 || 45.0232859010354 || 2012-11-24 14:23:27 |
| 2726 || 20.7798620533395 || 2012-09-02 09:56:01 |
| 2727 || 0.399794775478245 || 2019-07-14 15:26:38 |
| 2728 || -12.2128757471618 || 2010-03-02 08:58:00 |
| 2729 || 77.1822999383423 || 2016-02-14 16:27:14 |
| 2730 || 61.5117839441 || 2012-01-03 17:18:20 |
| 2731 || -8.09031470649382 || 2015-04-21 20:55:03 |
| 2732 || 0.0569976596675017 || 2011-08-04 12:07:26 |
| 2733 || 2.91550096990044 || 2011-07-01 22:16:46 |
| 2734 || 18.2075012207652 || 2019-02-15 03:55:16 |
| 2735 || 45.0955330885359 || 2012-05-21 16:23:26 |
| 2736 || -9.66520913860763 || 2010-04-22 08:25:21 |
| 2737 || -0.0270609735979295 || 2011-01-05 05:47:28 |
| 2738 || 26.7428804841896 || 2013-11-06 14:08:46 |
| 2739 || -5.61928043690198 || 2016-11-05 21:56:19 |
| 2740 || -21.7871817697142 || 2011-04-19 06:30:59 |
| 2741 || -4.8854071510786 || 2018-06-08 02:41:42 |
| 2742 || 0.759996029290473 || 2017-02-19 03:58:12 |
| 2743 || 6.88588600269195 || 2013-04-22 06:33:25 |
| 2744 || 74.0950526674061 || 2016-05-27 05:55:15 |
| 2745 || 65.1032143514515 || 2019-05-12 14:40:17 |
| 2746 || -8.21314237966744 || 2017-08-02 21:35:44 |
| 2747 || 1.36609079523965 || 2017-03-04 03:30:19 |
| 2748 || -1.30773490956068 || 2017-10-08 23:09:00 |
| 2749 || 69.6907139617282 || 2013-04-14 10:32:58 |
| 2750 || 73.569229949558 || 2019-07-11 04:42:05 |
| 2751 || 30.2758978344934 || 2010-03-13 18:37:49 |
| 2752 || 3.3643435573863 || 2012-08-20 15:02:31 |
| 2753 || 6.69327586991461 || 2017-04-03 16:31:27 |
| 2754 || 63.6168901337252 || 2017-07-19 20:05:12 |
| 2755 || 74.0994081350484 || 2018-10-25 23:19:28 |
| 2756 || 49.4092764328865 || 2013-02-09 19:48:35 |
| 2757 || 3.0601495647336 || 2010-06-21 18:39:36 |
| 2758 || 9.92785002135068 || 2014-06-06 06:15:40 |
| 2759 || 37.0295691069127 || 2016-01-10 04:30:07 |
| 2760 || 79.4115503093998 || 2011-03-03 07:33:11 |
| 2761 || -14.7407270854287 || 2018-04-13 13:49:39 |
| 2762 || 9.25749831278456 || 2016-03-02 17:32:23 |
| 2763 || -2.12361611960271 || 2013-10-11 18:25:20 |
| 2764 || 1.45666640919077 || 2015-06-19 03:17:33 |
| 2765 || -9.02219517085331 || 2018-06-03 00:43:45 |
| 2766 || 3.87666985629654 || 2014-11-18 04:32:57 |
| 2767 || 2.81566654122103 || 2016-07-22 00:59:15 |
| 2768 || 3.72962202135935 || 2014-05-20 00:29:35 |
| 2769 || 43.249363767952 || 2015-07-06 15:38:19 |
| 2770 || -29.1148749989331 || 2017-10-17 12:37:46 |
| 2771 || 56.0142319208197 || 2019-10-04 08:41:35 |
| 2772 || 16.1592497384503 || 2012-08-09 04:39:29 |
| 2773 || 1.3066532779166 || 2013-12-24 11:19:35 |
| 2774 || 19.3693169467718 || 2014-04-14 03:17:44 |
| 2775 || -24.3196218943524 || 2014-03-08 12:17:47 |
| 2776 || 71.0017026919457 || 2015-07-08 03:31:13 |
| 2777 || 4.84769132055695 || 2017-01-20 15:10:54 |
| 2778 || 0.235530912198019 || 2019-02-08 18:14:10 |
| 2779 || 36.0457396222808 || 2015-08-23 22:34:34 |
| 2780 || -0.502245735790963 || 2015-08-12 02:40:39 |
| 2781 || 55.7832176998354 || 2013-04-16 15:20:15 |
| 2782 || -4.12070045838059 || 2013-07-24 19:45:23 |
| 2783 || 0.0516238858543401 || 2018-11-12 17:40:43 |
| 2784 || 28.8547832392877 || 2010-05-03 16:14:58 |
| 2785 || 67.0404893607977 || 2013-01-21 02:31:01 |
| 2786 || -7.1619096514955 || 2011-12-13 22:47:30 |
| 2787 || -4.93402997302527 || 2011-10-14 19:26:00 |
| 2788 || -0.0146371751920618 || 2012-08-13 19:40:18 |
| 2789 || 28.0300033503602 || 2012-01-27 04:59:04 |
| 2790 || -14.9583684565604 || 2019-05-26 18:37:18 |
| 2791 || 56.7721435818417 || 2012-06-08 12:12:45 |
| 2792 || 36.882335112533 || 2011-04-25 11:41:18 |
| 2793 || -0.15856840250255 || 2012-04-27 11:12:50 |
| 2794 || -5.22626641096117 || 2010-11-22 12:51:26 |
| 2795 || 57.9185542267383 || 2015-03-13 22:48:32 |
| 2796 || 86.2492421227043 || 2017-02-07 08:56:47 |
| 2797 || 42.6165154867702 || 2012-04-03 02:13:25 |
| 2798 || 1.37755014812013 || 2014-04-05 16:47:38 |
| 2799 || 18.5284697938544 || 2016-10-25 02:19:52 |
| 2800 || 62.9772199065226 || 2014-11-07 05:17:11 |
| 2801 || 65.0907450453599 || 2017-01-08 14:47:24 |
| 2802 || -3.26923598392911 || 2010-05-01 07:49:58 |
| 2803 || 2.48857710534678 || 2018-11-05 14:47:01 |
| 2804 || 5.00857323710116 || 2019-11-22 20:13:04 |
| 2805 || 47.7062789611025 || 2011-06-25 06:17:30 |
| 2806 || 72.0152333622396 || 2010-10-14 23:42:12 |
| 2807 || -17.7424928965229 || 2014-04-25 06:39:38 |
| 2808 || -1.0812235492372 || 2012-05-21 01:40:20 |
| 2809 || -1.66795131811157 || 2012-06-12 07:18:40 |
| 2810 || 57.8033955616684 || 2013-06-25 05:24:03 |
| 2811 || -29.0385487396335 || 2018-11-27 20:00:51 |
| 2812 || 58.7731661694913 || 2016-11-09 12:40:02 |
| 2813 || 8.77378217151885 || 2013-05-07 09:07:15 |
| 2814 || 4.56066352476216 || 2019-10-22 19:19:18 |
| 2815 || -10.2815751098337 || 2012-07-12 23:15:08 |
| 2816 || 28.488684440298 || 2016-03-10 08:20:26 |
| 2817 || 12.3981344893204 || 2017-03-23 00:10:29 |
| 2818 || 12.5518562504432 || 2010-10-12 08:30:37 |
| 2819 || 2.32771696962456 || 2010-05-04 03:47:01 |
| 2820 || 20.3261651181584 || 2011-01-16 18:37:42 |
| 2821 || -20.9701581015519 || 2019-10-22 06:13:20 |
| 2822 || 66.1639951752966 || 2010-03-27 21:18:05 |
| 2823 || 13.8411887620303 || 2015-01-25 08:12:39 |
| 2824 || 2.36260373200972 || 2010-07-27 13:23:49 |
| 2825 || 19.5595785371653 || 2012-09-21 19:51:27 |
| 2826 || 52.2904234684111 || 2019-12-13 05:56:46 |
| 2827 || 72.8583636099677 || 2014-01-23 03:46:17 |
| 2828 || 14.8701705162011 || 2019-09-07 16:12:26 |
| 2829 || -0.352209674198096 || 2019-11-25 09:57:10 |
| 2830 || 8.81038319067363 || 2012-08-04 18:28:05 |
| 2831 || -11.9028370834429 || 2019-09-27 22:24:22 |
| 2832 || -24.8968911610366 || 2019-09-02 14:29:58 |
| 2833 || 25.6307585236217 || 2010-03-10 06:51:52 |
| 2834 || 0.0500535965136295 || 2018-03-18 10:46:07 |
| 2835 || 25.5177285270186 || 2011-03-11 17:51:05 |
| 2836 || 7.54512673453992 || 2015-08-11 17:43:15 |
| 2837 || -11.0565509953953 || 2018-02-15 19:48:46 |
| 2838 || 20.5894352297273 || 2010-04-11 01:05:12 |
| 2839 || -0.0012784640678255 || 2019-10-27 16:09:41 |
| 2840 || 14.0513090489062 || 2018-11-07 23:09:03 |
| 2841 || -4.52060370590092 || 2010-02-02 03:17:11 |
| 2842 || 79.040165174354 || 2016-02-19 19:54:49 |
| 2843 || -12.1204430674782 || 2015-10-19 07:10:46 |
| 2844 || -0.122695612647673 || 2010-03-04 09:26:32 |
| 2845 || 23.0097038521482 || 2017-11-25 22:26:26 |
| 2846 || 26.0779850339958 || 2011-11-26 04:07:03 |
| 2847 || 61.8282732665026 || 2010-03-21 00:14:40 |
| 2848 || -12.6685466974469 || 2016-06-24 21:49:41 |
| 2849 || -0.28106090278976 || 2016-10-05 17:04:05 |
| 2850 || 14.8449566140696 || 2010-04-07 17:03:37 |
| 2851 || -7.1290305841626 || 2013-06-10 14:29:32 |
| 2852 || 55.9193532505148 || 2010-01-01 15:39:14 |
| 2853 || 21.0818415559193 || 2016-03-18 12:37:51 |
| 2854 || 3.05434035979708 || 2016-08-08 11:05:20 |
| 2855 || -4.09829592962061 || 2015-09-26 05:31:16 |
| 2856 || -22.1644307397392 || 2014-05-21 19:44:44 |
| 2857 || -8.01370753986749 || 2019-04-18 06:39:39 |
| 2858 || 50.6315813662121 || 2011-12-05 10:42:42 |
| 2859 || 0.716922625152046 || 2011-10-11 19:35:43 |
| 2860 || -2.43355026799938 || 2011-12-09 13:28:00 |
| 2861 || 30.1677652313506 || 2010-08-12 03:30:18 |
| 2862 || 89.6676910380902 || 2012-01-17 00:01:59 |
| 2863 || 24.035659378159 || 2018-05-14 07:47:20 |
| 2864 || -2.80704988355546 || 2019-04-25 18:46:06 |
| 2865 || 3.81577232941631 || 2010-09-03 19:53:12 |
| 2866 || 49.3354120390353 || 2017-12-02 16:32:26 |
| 2867 || 79.30073919953 || 2017-09-02 04:12:50 |
| 2868 || -5.65283248960127 || 2015-08-01 22:56:13 |
| 2869 || -4.02569882024721 || 2018-02-20 09:04:02 |
| 2870 || 3.74105923705807 || 2012-03-25 11:01:03 |
| 2871 || 1.02667034007899 || 2015-08-04 06:14:03 |
| 2872 || -13.1274761858221 || 2018-10-07 02:18:23 |
| 2873 || -1.00134081631128 || 2012-12-01 11:56:12 |
| 2874 || -5.33915568679398 || 2016-11-20 19:59:12 |
| 2875 || 1.71423968597146 || 2014-07-12 01:27:43 |
| 2876 || 32.5552629151864 || 2012-11-19 04:23:44 |
| 2877 || 87.5825917693797 || 2018-04-05 19:18:33 |
| 2878 || 70.0968866561987 || 2016-06-18 15:33:18 |
| 2879 || 16.3314180713314 || 2019-05-25 11:16:02 |
| 2880 || -0.315126763544456 || 2018-01-07 20:31:02 |
| 2881 || 33.6080264745262 || 2011-07-11 03:59:10 |
| 2882 || 60.8120179011074 || 2010-02-27 11:22:44 |
| 2883 || 75.3466870098723 || 2012-09-08 00:39:38 |
| 2884 || 2.13579415905075 || 2012-08-21 02:01:34 |
| 2885 || 0.0316370755337182 || 2018-04-02 00:03:05 |
| 2886 || -11.270897425605 || 2019-08-09 06:59:21 |
| 2887 || -15.3821537437368 || 2017-03-10 18:28:27 |
| 2888 || -12.6060824412589 || 2014-01-14 03:23:35 |
| 2889 || 4.34513526449219 || 2012-04-06 22:44:50 |
| 2890 || -1.64994410183988e-05 || 2011-07-02 07:15:24 |
| 2891 || -0.0688397139514103 || 2017-04-13 18:21:22 |
| 2892 || 79.11108528438 || 2012-03-05 17:49:52 |
| 2893 || 56.4449262299755 || 2011-10-27 20:06:40 |
| 2894 || 18.6017085974803 || 2018-09-12 14:50:59 |
| 2895 || 0.146661551289996 || 2017-10-19 19:08:23 |
| 2896 || -1.48873402118379 || 2015-04-23 20:51:22 |
| 2897 || 68.6492794024907 || 2012-04-26 03:36:02 |
| 2898 || 71.0665324232583 || 2010-10-01 20:17:19 |
| 2899 || 33.6940115014972 || 2013-01-15 03:36:45 |
| 2900 || 0.984830889849782 || 2016-01-22 16:28:23 |
| 2901 || -6.75757044304083 || 2011-08-04 04:51:10 |
| 2902 || -8.1297930867725 || 2014-08-13 13:43:57 |
| 2903 || 61.2491572954246 || 2019-11-22 03:41:09 |
| 2904 || 40.6691936257491 || 2010-02-12 18:54:31 |
| 2905 || -0.543510749508124 || 2018-05-12 20:37:03 |
| 2906 || 9.35529075986852 || 2016-09-08 13:35:56 |
| 2907 || 46.620130120512 || 2019-09-04 00:58:50 |
| 2908 || -1.16073937467427 || 2014-08-21 17:28:52 |
| 2909 || -4.47439554848376 || 2010-04-01 15:25:06 |
| 2910 || 4.22023944191841 || 2010-03-02 11:42:22 |
| 2911 || -1.7350971226445 || 2015-04-21 03:42:13 |
| 2912 || 47.5787266930435 || 2010-08-08 16:16:18 |
| 2913 || 26.2857590156986 || 2014-02-02 03:59:34 |
| 2914 || 11.5970716985398 || 2012-11-12 18:21:36 |
| 2915 || 4.92416675792632 || 2011-02-10 22:59:17 |
| 2916 || -0.638462654989524 || 2019-06-17 12:57:57 |
| 2917 || -9.40422711543728 || 2014-12-11 20:55:16 |
| 2918 || -18.3238667712748 || 2018-12-06 19:33:22 |
| 2919 || 62.0445086261431 || 2017-03-19 14:11:33 |
| 2920 || -0.333070535167637 || 2012-03-21 01:19:15 |
| 2921 || 3.58273890188366 || 2018-07-11 15:07:35 |
| 2922 || 49.9093019449671 || 2019-10-04 20:38:12 |
| 2923 || 66.7773013582633 || 2019-05-05 04:02:40 |
| 2924 || 19.7940475178466 || 2015-11-14 18:35:48 |
| 2925 || 8.79981008665631 || 2012-06-02 16:56:59 |
| 2926 || 2.50137218300245 || 2010-12-11 13:00:39 |
| 2927 || 12.0571564689854 || 2012-04-24 21:14:49 |
| 2928 || 2.78655227230943 || 2012-06-26 10:30:41 |
| 2929 || 51.5325409041293 || 2011-05-27 19:29:18 |
| 2930 || 16.3978932944146 || 2019-08-23 09:36:17 |
| 2931 || 0.0132085847707443 || 2015-11-07 05:42:21 |
| 2932 || 41.3871792992764 || 2013-02-06 11:08:15 |
| 2933 || 73.3494553898633 || 2012-09-03 19:08:13 |
| 2934 || 22.2681710180382 || 2015-06-07 03:39:42 |
| 2935 || 24.1089710247479 || 2010-12-14 08:29:41 |
| 2936 || 0.393452707555975 || 2018-02-06 06:14:42 |
| 2937 || 23.9754592016979 || 2015-08-11 20:25:04 |
| 2938 || 53.8901666717739 || 2013-06-23 03:07:36 |
| 2939 || 12.9543659024643 || 2018-06-05 14:38:45 |
| 2940 || 11.5702897584329 || 2016-05-24 08:40:19 |
| 2941 || -0.00325140385557929 || 2011-12-25 14:27:40 |
| 2942 || 30.8430964959742 || 2013-03-01 10:57:16 |
| 2943 || -17.0639526782945 || 2016-01-01 22:56:03 |
| 2944 || 43.0528887533478 || 2014-01-18 13:47:37 |
| 2945 || 18.1125214871034 || 2019-06-21 13:28:22 |
| 2946 || 0.0581701860201501 || 2017-04-18 11:10:37 |
| 2947 || 4.27277094891949 || 2018-01-26 14:50:47 |
| 2948 || -25.3383108861923 || 2012-01-18 02:21:55 |
| 2949 || 85.2569302045688 || 2010-10-19 22:58:50 |
| 2950 || -9.71289630299886 || 2012-01-18 18:00:07 |
| 2951 || 1.06864988042276 || 2016-09-13 02:48:28 |
| 2952 || -1.43419700554181 || 2011-01-23 14:45:26 |
| 2953 || 49.1120151453261 || 2017-02-23 16:21:51 |
| 2954 || -14.0114969179446 || 2012-01-25 13:23:27 |
| 2955 || 20.3499996319544 || 2016-09-16 09:51:17 |
| 2956 || -0.824211662167504 || 2015-11-05 15:20:45 |
| 2957 || -4.23676847069154 || 2015-01-24 13:02:46 |
| 2958 || 68.2377986355009 || 2014-09-13 08:09:00 |
| 2959 || 87.4192180440769 || 2017-02-26 15:31:33 |
| 2960 || -1.35556638201135 || 2014-03-01 18:31:26 |
| 2961 || 0.977240927166705 || 2016-04-21 04:16:35 |
| 2962 || -4.19051618887074 || 2017-07-01 10:03:14 |
| 2963 || 11.9896033357399 || 2015-01-05 11:32:31 |
| 2964 || -9.98632480917344 || 2013-03-22 23:06:24 |
| 2965 || 55.9116841781319 || 2015-05-16 09:27:37 |
| 2966 || -2.25121427370264 || 2012-12-14 09:42:07 |
| 2967 || 8.52004393904092 || 2017-06-20 13:11:33 |
| 2968 || 1.33448142003466 || 2018-03-14 16:28:20 |
| 2969 || 27.0504474592338 || 2017-10-14 10:35:30 |
| 2970 || 37.5577332170159 || 2017-03-11 02:36:10 |
| 2971 || -2.34664684617237 || 2016-09-20 10:20:07 |
| 2972 || -1.28749107121113 || 2013-07-10 23:16:29 |
| 2973 || 40.9484554150905 || 2018-10-02 11:05:50 |
| 2974 || -5.10271642130159 || 2011-05-16 02:42:41 |
| 2975 || -12.5307078048491 || 2012-02-14 00:17:41 |
| 2976 || 13.8600978480008 || 2012-11-25 02:33:33 |
| 2977 || 1.09261900068604 || 2012-01-22 19:04:52 |
| 2978 || -16.0038170715308 || 2019-07-08 13:42:24 |
| 2979 || 65.1147510838377 || 2019-11-08 20:44:36 |
| 2980 || -22.7718788114041 || 2011-10-02 03:36:38 |
| 2981 || 9.2633481344636 || 2017-02-27 02:16:53 |
| 2982 || -0.557784273745957 || 2014-05-02 17:53:27 |
| 2983 || -12.1147521446233 || 2019-08-05 15:32:41 |
| 2984 || 71.9073382108657 || 2012-03-18 23:26:00 |
| 2985 || 72.5272236486449 || 2017-09-08 23:51:34 |
| 2986 || 21.5594406901454 || 2012-01-24 13:06:06 |
| 2987 || 0.608936334413472 || 2013-04-22 01:31:22 |
| 2988 || -9.63573238523023 || 2012-02-14 17:09:32 |
| 2989 || 36.7813884763606 || 2019-08-25 12:30:14 |
| 2990 || 73.1238335078057 || 2017-06-07 22:37:12 |
| 2991 || 23.2565903421425 || 2010-04-24 03:57:22 |
| 2992 || 0.0241454629951916 || 2015-08-21 10:16:28 |
| 2993 || -8.85939723246896 || 2015-06-23 00:21:26 |
| 2994 || -22.5751911788338 || 2017-08-07 23:19:28 |
| 2995 || 9.53036821507127 || 2018-10-16 18:33:07 |
| 2996 || 4.58060227480357 || 2013-09-16 08:52:28 |
| 2997 || 0.0560055891511352 || 2019-09-06 02:12:40 |
| 2998 || 20.9083649657365 || 2010-10-14 11:44:24 |
| 2999 || -17.8118039918032 || 2015-01-03 11:51:13 |
| 3000 || 21.0140896173763 || 2015-09-12 03:12:31 |
| 3001 || 37.8030153356323 || 2016-03-05 21:46:22 |
| 3002 || 0.557863590287141 || 2011-10-14 01:19:18 |
| 3003 || 6.75020423755398 || 2014-11-01 13:23:08 |
| 3004 || 73.1069357346471 || 2018-04-19 06:05:38 |
| 3005 || 53.9464801624979 || 2011-08-13 19:34:34 |
| 3006 || 32.7930879773421 || 2014-05-19 06:32:31 |
| 3007 || 1.63847733088481 || 2013-12-11 09:09:44 |
| 3008 || 3.42808282056828 || 2013-02-23 15:36:55 |
| 3009 || 61.2155953812889 || 2019-02-22 11:25:48 |
| 3010 || 40.666179033409 || 2014-10-21 05:33:59 |
| 3011 || -11.5240724372076 || 2015-08-20 16:47:13 |
| 3012 || -0.317946780815133 || 2012-11-01 10:40:19 |
| 3013 || -4.02671301957242 || 2013-10-25 01:42:47 |
| 3014 || 64.450407415319 || 2018-02-06 01:36:42 |
| 3015 || -5.86616819683429 || 2011-01-26 23:14:42 |
| 3016 || 3.53617895510131 || 2018-01-05 05:22:13 |
| 3017 || 6.36550187134062 || 2013-02-26 13:35:18 |
| 3018 || 9.7720068443562 || 2011-05-02 09:40:01 |
| 3019 || 59.2455777272483 || 2011-06-12 22:38:53 |
| 3020 || -11.4896087074634 || 2010-04-17 14:40:03 |
| 3021 || 8.96133622385252 || 2016-07-10 05:31:13 |
| 3022 || 9.23076890823642 || 2018-10-18 19:57:05 |
| 3023 || 0.541615793268979 || 2014-06-10 21:20:48 |
| 3024 || 54.1326755057116 || 2019-05-07 15:25:54 |
| 3025 || 49.1303394457599 || 2018-07-16 18:31:43 |
| 3026 || -21.6237369599216 || 2015-02-21 20:18:41 |
| 3027 || 13.4215935635366 || 2017-06-06 22:38:53 |
| 3028 || -1.2872229022646 || 2012-09-14 13:25:50 |
| 3029 || -4.44336420404842 || 2012-05-17 07:25:06 |
| 3030 || 88.6059677472064 || 2011-06-12 23:54:56 |
| 3031 || -19.2797846316467 || 2015-12-15 15:38:35 |
| 3032 || 10.4243512005353 || 2013-07-20 06:59:40 |
| 3033 || -0.56197038867288 || 2010-04-06 03:30:18 |
| 3034 || 18.0410143254033 || 2017-08-20 13:34:16 |
| 3035 || -28.981241752278 || 2016-02-07 13:20:02 |
| 3036 || 73.2766129724393 || 2012-05-03 13:45:57 |
| 3037 || 3.06745894878794 || 2011-11-22 15:03:25 |
| 3038 || 0.176271014580902 || 2014-03-22 11:21:15 |
| 3039 || -10.2976312928306 || 2014-09-22 06:06:28 |
| 3040 || 47.1574933730788 || 2019-01-02 20:02:06 |
| 3041 || 73.1260702566144 || 2012-01-27 18:03:47 |
| 3042 || 2.87612503121324 || 2015-01-27 06:49:19 |
| 3043 || 0.0736630379649641 || 2016-05-05 09:25:57 |
| 3044 || -10.7468431605294 || 2019-06-20 23:52:41 |
| 3045 || 79.89298987842 || 2017-10-22 23:38:52 |
| 3046 || 57.5144843032301 || 2019-06-21 09:04:06 |
| 3047 || 28.5266862155715 || 2011-02-01 13:54:15 |
| 3048 || 0.0485645504287616 || 2012-09-20 19:53:40 |
| 3049 || -7.32579020154885 || 2016-05-15 11:18:12 |
| 3050 || -24.4235879430149 || 2010-08-01 04:47:20 |
| 3051 || -28.1108609032778 || 2017-06-26 01:33:52 |
| 3052 || 25.3600371937493 || 2015-08-12 16:12:26 |
| 3053 || -0.126549850772617 || 2019-07-04 16:40:52 |
| 3054 || -3.90879193268384 || 2016-12-20 23:43:42 |
| 3055 || 64.3968632145141 || 2013-08-05 23:39:58 |
| 3056 || 83.7127585946334 || 2015-04-11 00:22:25 |
| 3057 || 38.6488250429847 || 2018-06-23 13:45:25 |
| 3058 || 1.75331558801035 || 2019-08-14 04:05:58 |
| 3059 || 5.11219619844151 || 2012-11-25 01:15:42 |
| 3060 || 49.9051307525466 || 2014-06-02 02:28:23 |
| 3061 || 57.4177396425784 || 2015-04-25 22:49:49 |
| 3062 || -1.95956990490709 || 2010-09-02 04:39:57 |
| 3063 || 2.64523953355452 || 2017-03-14 04:44:37 |
| 3064 || 1.02066324328304 || 2017-06-16 07:11:52 |
| 3065 || 65.6541669631334 || 2019-10-09 14:16:06 |
| 3066 || 12.7105008186616 || 2010-07-23 12:53:45 |
| 3067 || 19.4472709734932 || 2014-05-19 16:30:13 |
| 3068 || -1.38743715610445 || 2014-10-23 02:17:02 |
| 3069 || 6.88219725933639 || 2011-03-20 11:16:32 |
| 3070 || 21.6881147486335 || 2013-10-17 11:29:00 |
| 3071 || 88.2634020065526 || 2014-03-01 18:55:26 |
| 3072 || 51.5910752260245 || 2013-11-08 17:14:09 |
| 3073 || 3.03618198741579 || 2010-10-08 07:30:40 |
| 3074 || 6.54456202034344 || 2017-04-25 17:40:54 |
| 3075 || 47.8076130348515 || 2018-01-12 14:34:32 |
| 3076 || -17.9599651735166 || 2014-12-21 03:07:29 |
| 3077 || 25.6832313759753 || 2019-08-03 00:31:19 |
| 3078 || 12.8829305949023 || 2017-08-02 10:10:12 |
| 3079 || 2.50167211265075 || 2018-09-05 19:51:12 |
| 3080 || 25.7374214417878 || 2015-07-12 07:54:07 |
| 3081 || 40.0552110485161 || 2015-02-12 06:07:37 |
| 3082 || -6.56862246310569 || 2011-02-07 23:47:07 |
| 3083 || 15.4727379981392 || 2018-11-16 09:51:16 |
| 3084 || 0.941575802476314 || 2019-01-25 12:43:07 |
| 3085 || 7.16086196972781 || 2013-02-11 20:19:30 |
| 3086 || 36.0331612100301 || 2018-04-15 23:20:29 |
| 3087 || -14.1462843918639 || 2016-01-20 20:48:02 |
| 3088 || 17.3737752512762 || 2013-11-22 13:09:15 |
| 3089 || -0.243224781012655 || 2011-02-17 21:15:42 |
| 3090 || 21.6563807058491 || 2018-01-19 16:07:56 |
| 3091 || 18.3500259446015 || 2016-09-04 19:50:09 |
| 3092 || 52.3697061993374 || 2015-07-10 23:03:17 |
| 3093 || -0.0455217997904633 || 2012-09-11 18:12:56 |
| 3094 || -0.0275014874425715 || 2017-06-12 07:01:28 |
| 3095 || 3.1659690964888 || 2013-01-13 06:51:25 |
| 3096 || 20.0341439583473 || 2013-08-12 19:21:44 |
| 3097 || -13.0493395575441 || 2014-12-16 07:12:34 |
| 3098 || -9.84015312390023 || 2015-02-13 15:02:41 |
| 3099 || 0.019804607776247 || 2016-12-06 04:10:55 |
| 3100 || 19.8195117455498 || 2010-08-07 17:52:14 |
| 3101 || -11.3438951045571 || 2016-11-23 19:25:14 |
| 3102 || 13.0922156178186 || 2018-08-08 23:40:02 |
| 3103 || 34.1013342695849 || 2019-04-12 13:47:57 |
| 3104 || -0.0259621585925671 || 2011-12-08 08:17:11 |
| 3105 || -3.35083850739638 || 2015-11-01 00:31:51 |
| 3106 || 1.93123293045956 || 2010-04-20 13:26:45 |
| 3107 || 86.0795902038455 || 2012-08-23 23:10:25 |
| 3108 || 13.1278163227401 || 2011-09-01 06:58:17 |
| 3109 || 0.918927460494854 || 2013-03-21 05:09:39 |
| 3110 || -4.32002715490647 || 2017-01-06 02:15:39 |
| 3111 || 20.379273204081 || 2019-05-25 12:59:36 |
| 3112 || 12.3758390128821 || 2011-08-22 03:52:29 |
| 3113 || 4.51341368576953 || 2013-02-22 02:45:48 |
| 3114 || -0.672231588101227 || 2010-03-07 04:37:57 |
| 3115 || 14.888230802696 || 2010-01-12 21:11:46 |
| 3116 || 32.1183520628644 || 2011-11-06 08:37:49 |
| 3117 || 69.9672233770168 || 2017-07-15 20:28:33 |
| 3118 || 45.8955748301082 || 2018-06-21 04:33:25 |
| 3119 || 0.525570813428715 || 2012-09-21 11:45:43 |
| 3120 || 10.1412059690378 || 2017-02-27 08:16:26 |
| 3121 || 54.9787623414873 || 2016-07-15 01:41:01 |
| 3122 || 5.83710321320923 || 2018-11-21 06:36:11 |
| 3123 || 16.9880512115107 || 2018-03-21 15:19:02 |
| 3124 || 1.10568795767495 || 2014-07-04 21:29:11 |
| 3125 || -2.58882850059676 || 2019-09-13 22:12:51 |
| 3126 || 48.7738671933407 || 2013-08-07 12:21:10 |
| 3127 || -29.9430758969065 || 2016-08-13 12:18:40 |
| 3128 || 48.5859157475496 || 2012-06-22 22:57:45 |
| 3129 || 9.5439473807454 || 2014-01-09 22:31:29 |
| 3130 || -0.107702336988746 || 2014-11-02 19:24:58 |
| 3131 || -7.65784371421857 || 2011-07-06 23:26:08 |
| 3132 || 88.8343055432757 || 2010-06-21 09:08:16 |
| 3133 || 64.337334476067 || 2011-09-14 17:01:30 |
| 3134 || 14.9495345911985 || 2012-07-23 04:13:47 |
| 3135 || 2.75555252250528 || 2010-10-02 13:05:20 |
| 3136 || -14.0801992477153 || 2012-05-17 04:48:19 |
| 3137 || 87.3806555025138 || 2010-10-08 15:22:33 |
| 3138 || 0.311265386540717 || 2018-04-10 21:39:05 |
| 3139 || 13.8918968881816 || 2011-03-06 08:09:46 |
| 3140 || -0.298700077709224 || 2019-06-17 00:04:25 |
| 3141 || -7.5002390536715 || 2015-04-19 18:46:00 |
| 3142 || -24.2101911869816 || 2015-11-16 10:16:55 |
| 3143 || 13.8548104557814 || 2018-11-05 09:11:30 |
| 3144 || 5.25335529142404 || 2014-10-04 16:42:14 |
| 3145 || 0.259223206437654 || 2014-09-12 09:49:22 |
| 3146 || 24.624637729183 || 2012-04-25 12:47:46 |
| 3147 || -5.18465224887593 || 2014-05-08 06:27:02 |
| 3148 || -13.4771098533699 || 2017-05-13 11:38:36 |
| 3149 || -9.18772772962779 || 2012-04-10 19:06:39 |
| 3150 || 0.00149743409808759 || 2010-08-12 12:45:58 |
| 3151 || 21.8569200687324 || 2016-04-07 00:58:26 |
| 3152 || 5.45994472131147 || 2012-10-18 15:56:49 |
| 3153 || -18.5240934706796 || 2018-01-24 17:12:49 |
| 3154 || 31.7226402738296 || 2019-11-10 20:01:56 |
| 3155 || 0.373440180085254 || 2015-10-12 23:47:22 |
| 3156 || 21.7772605859495 || 2014-06-22 00:25:29 |
| 3157 || 25.1096650373138 || 2013-03-02 01:53:52 |
| 3158 || -23.4472554532158 || 2016-09-07 19:18:12 |
| 3159 || -2.54382224246089 || 2018-04-17 19:25:20 |
| 3160 || 0.616319556530824 || 2013-02-19 08:35:43 |
| 3161 || 5.64808038914698 || 2011-04-01 18:48:12 |
| 3162 || -13.676922102183 || 2015-10-22 02:28:03 |
| 3163 || 60.7917963625095 || 2019-03-26 11:22:02 |
| 3164 || -12.6552897097599 || 2015-08-11 19:07:02 |
| 3165 || -0.3819581029965 || 2011-03-20 05:39:18 |
| 3166 || 3.76923417681429 || 2018-06-15 18:10:16 |
| 3167 || 33.2583046767907 || 2010-10-11 00:17:57 |
| 3168 || 68.5695371085281 || 2011-03-23 08:07:42 |
| 3169 || 48.5598133945196 || 2017-05-18 21:28:08 |
| 3170 || 2.72174427264257 || 2018-08-19 04:59:30 |
| 3171 || 3.86096184361817 || 2014-10-21 16:22:59 |
| 3172 || -10.3401042087821 || 2013-12-12 08:29:40 |
| 3173 || 89.0460399131699 || 2013-09-21 03:49:13 |
| 3174 || -19.0197422219241 || 2014-06-15 20:49:05 |
| 3175 || -2.63440282119427 || 2018-12-14 17:54:32 |
| 3176 || 8.35894491879651 || 2014-07-08 12:57:39 |
| 3177 || 57.2818196576134 || 2014-03-25 10:16:15 |
| 3178 || -21.4112612864469 || 2015-11-19 01:59:51 |
| 3179 || -15.5350800669447 || 2010-05-10 10:53:36 |
| 3180 || 11.2242982217191 || 2014-09-13 10:53:04 |
| 3181 || 5.47197172822497 || 2017-01-01 06:08:02 |
| 3182 || 36.526627132248 || 2017-10-01 01:08:59 |
| 3183 || -22.5959245862935 || 2016-08-23 10:27:55 |
| 3184 || 66.5614451446669 || 2011-09-02 08:32:36 |
| 3185 || -4.26557323650907 || 2017-02-14 14:57:46 |
| 3186 || -0.50480528544506 || 2019-08-24 15:58:10 |
| 3187 || 6.55129963557609 || 2017-03-11 03:59:37 |
| 3188 || -21.5858641627284 || 2019-06-13 09:16:44 |
| 3189 || 27.592912074117 || 2017-04-02 07:20:07 |
| 3190 || -5.85426496477894 || 2013-02-24 17:39:53 |
| 3191 || -0.27158347755509 || 2019-09-14 03:44:25 |
| 3192 || 25.0626289578349 || 2015-08-17 09:24:06 |
| 3193 || 11.9463415699716 || 2019-01-01 00:41:01 |
| 3194 || -13.2825824727326 || 2019-11-19 03:45:08 |
| 3195 || 0.657870759997427 || 2016-12-05 19:16:31 |
| 3196 || 0.380514114390975 || 2019-02-04 08:03:24 |
| 3197 || -11.3925228776831 || 2011-07-24 22:09:22 |
| 3198 || 64.3141684335561 || 2017-05-24 07:44:19 |
| 3199 || 79.6472872564489 || 2012-03-03 10:49:30 |
| 3200 || -8.7609948550117 || 2017-05-05 11:45:15 |
| 3201 || 0.00457620688776548 || 2017-03-25 17:46:45 |
| 3202 || 30.0395914700368 || 2012-03-21 03:50:17 |
| 3203 || -24.4312661589507 || 2019-08-02 01:39:19 |
| 3204 || 53.6931624696543 || 2019-02-17 05:31:23 |
| 3205 || 33.5818922592354 || 2013-10-25 23:56:42 |
| 3206 || 0.110495976634058 || 2017-12-08 10:18:40 |
| 3207 || 1.05547135680493 || 2015-01-09 00:20:18 |
| 3208 || 61.3898439923253 || 2012-11-07 02:22:17 |
| 3209 || 21.13618706735 || 2019-10-10 09:24:01 |
| 3210 || -12.1754978208079 || 2015-10-27 14:33:19 |
| 3211 || 1.09494899602487 || 2017-07-12 20:54:05 |
| 3212 || 19.5155732945539 || 2016-03-25 15:43:38 |
| 3213 || 68.8861318336099 || 2011-07-08 06:23:02 |
| 3214 || 26.6424499420359 || 2017-08-10 00:46:36 |
| 3215 || -11.741245517893 || 2011-03-03 00:52:18 |
| 3216 || 0.0420677581735832 || 2012-12-07 20:09:11 |
| 3217 || 8.10175572448962 || 2016-07-08 16:53:36 |
| 3218 || 42.3033829063415 || 2018-12-25 12:50:48 |
| 3219 || -1.86134847431983 || 2013-07-14 11:55:18 |
| 3220 || 22.189228373265 || 2015-04-02 02:30:03 |
| 3221 || 4.55450031048452 || 2018-02-11 17:20:23 |
| 3222 || -3.97593358961997 || 2014-09-19 15:18:36 |
| 3223 || -13.6010236771433 || 2019-01-14 10:28:15 |
| 3224 || 86.7092229401251 || 2010-07-23 04:39:44 |
| 3225 || -17.80249765287 || 2018-09-04 07:25:17 |
| 3226 || -0.352754561380089 || 2019-03-10 10:32:17 |
| 3227 || 6.56938214849048 || 2012-07-20 10:42:31 |
| 3228 || 43.7563648430688 || 2017-08-27 01:25:24 |
| 3229 || -28.4239457894127 || 2014-11-21 23:38:23 |
| 3230 || 8.6069020175039 || 2018-11-02 16:20:55 |
| 3231 || 9.30271729387785 || 2017-01-09 09:12:54 |
| 3232 || 4.79622559835251 || 2012-06-26 04:45:39 |
| 3233 || 49.5693478323657 || 2018-08-18 11:02:25 |
| 3234 || -26.704546269503 || 2018-05-04 02:20:01 |
| 3235 || 54.9693973319184 || 2016-07-17 18:55:30 |
| 3236 || 3.98877563251319 || 2014-03-27 04:47:07 |
| 3237 || 1.15914033170071 || 2015-10-15 08:29:33 |
| 3238 || 24.5518139980265 || 2012-01-16 09:30:50 |
| 3239 || 77.0898665734652 || 2011-01-06 07:05:01 |
| 3240 || -23.4379620210453 || 2015-06-01 11:31:43 |
| 3241 || -3.8324989138556 || 2013-11-18 19:50:43 |
| 3242 || 0.300355356804157 || 2014-02-07 09:45:58 |
| 3243 || 33.9774453354025 || 2013-08-17 04:41:56 |
| 3244 || 6.01155408418066 || 2015-03-27 20:58:22 |
| 3245 || -25.0520456332559 || 2019-05-14 00:46:59 |
| 3246 || 23.5436771521963 || 2011-07-24 20:58:59 |
| 3247 || -0.166452252085487 || 2011-08-10 19:10:47 |
| 3248 || -2.46812819480585 || 2016-03-15 15:38:52 |
| 3249 || 65.8745281226097 || 2014-11-14 10:15:49 |
| 3250 || 9.0112154421739 || 2012-06-23 11:09:48 |
| 3251 || 27.1244048535054 || 2014-10-18 18:35:16 |
| 3252 || 0.0043198657995119 || 2015-09-06 12:48:59 |
| 3253 || -3.06108107960915 || 2013-03-16 10:50:26 |
| 3254 || 37.2482447925422 || 2019-02-11 04:24:48 |
| 3255 || -22.3857198512416 || 2019-08-19 13:48:27 |
| 3256 || -10.914313378459 || 2018-11-21 14:35:00 |
| 3257 || -0.00691416298289469 || 2018-02-11 14:14:44 |
| 3258 || 4.72763777529617 || 2019-07-07 08:59:39 |
| 3259 || 40.8832819841996 || 2019-04-14 22:48:41 |
| 3260 || 56.4516381371142 || 2012-11-17 08:32:10 |
| 3261 || 33.507664115633 || 2016-07-15 11:56:43 |
| 3262 || 0.930785806876731 || 2012-10-09 04:30:14 |
| 3263 || 14.9553543488358 || 2010-06-03 17:09:03 |
| 3264 || -15.1411093122034 || 2011-05-13 01:27:39 |
| 3265 || -22.7758257563592 || 2018-02-03 06:30:06 |
| 3266 || -5.73265860423101 || 2010-12-02 20:54:53 |
| 3267 || 1.86390611592374 || 2012-06-22 12:18:10 |
| 3268 || 12.2344743752299 || 2015-03-25 12:47:35 |
| 3269 || 8.92606644778653 || 2010-05-13 12:31:48 |
| 3270 || 26.4928915263558 || 2018-12-25 02:54:42 |
| 3271 || 16.7411023326589 || 2011-04-04 00:35:27 |
| 3272 || 4.26951594762823 || 2018-03-24 04:50:10 |
| 3273 || 10.1099594703819 || 2012-02-26 06:31:01 |
| 3274 || -12.8731498367975 || 2017-12-17 16:15:12 |
| 3275 || -23.1791557152401 || 2016-06-03 05:05:56 |
| 3276 || -8.88416178752185 || 2015-01-18 08:18:00 |
| 3277 || 0.211024778491644 || 2017-05-07 06:12:50 |
| 3278 || 3.83847364884254 || 2019-03-08 14:32:13 |
| 3279 || 55.9692969847928 || 2015-05-05 16:09:06 |
| 3280 || 29.7881647328225 || 2010-06-03 06:26:50 |
| 3281 || -19.1062495293229 || 2013-02-13 09:06:44 |
| 3282 || 10.1867824464491 || 2011-12-10 02:28:17 |
| 3283 || 6.26439219028911 || 2019-09-10 15:23:26 |
| 3284 || 40.8021725089331 || 2012-01-10 11:18:00 |
| 3285 || 66.4167941053482 || 2018-02-02 09:05:44 |
| 3286 || -4.62596945251335 || 2017-02-17 14:09:50 |
| 3287 || 0.972938719310694 || 2011-01-24 15:30:34 |
| 3288 || 0.544579993869846 || 2011-10-03 23:28:36 |
| 3289 || 6.36467700286117 || 2014-11-15 16:38:08 |
| 3290 || 81.7414559858447 || 2016-06-05 03:19:56 |
| 3291 || -0.458915011749304 || 2013-08-21 13:31:43 |
| 3292 || 3.32370035671674 || 2018-08-20 07:45:22 |
| 3293 || 0.17261044623185 || 2016-01-03 05:56:56 |
| 3294 || 4.98276701641419 || 2015-04-10 16:07:38 |
| 3295 || -28.3220557514012 || 2017-05-23 21:07:14 |
| 3296 || 60.7735188572062 || 2014-02-24 12:03:03 |
| 3297 || 3.31454261341446 || 2018-12-23 03:51:17 |
| 3298 || -0.240542202529764 || 2016-03-15 06:47:16 |
| 3299 || 37.6171306297307 || 2017-04-12 04:23:15 |
| 3300 || 33.0897982589569 || 2012-08-25 00:19:50 |
| 3301 || 36.3661135274271 || 2016-04-26 17:53:12 |
| 3302 || 24.5397804562994 || 2017-05-12 02:47:40 |
| 3303 || -0.00959228589418851 || 2011-05-26 21:23:35 |
| 3304 || 21.7281161206859 || 2013-10-12 06:07:00 |
| 3305 || 59.8468156029408 || 2018-09-05 16:03:31 |
| 3306 || 75.8864800621295 || 2011-01-18 21:41:38 |
| 3307 || 28.8709861736037 || 2019-11-14 07:17:37 |
| 3308 || 0.0782971976173924 || 2019-06-17 16:02:17 |
| 3309 || 17.2611778677567 || 2010-01-20 22:06:08 |
| 3310 || 77.6952789131349 || 2017-09-24 05:43:50 |
| 3311 || 81.0608276999242 || 2018-10-22 16:48:44 |
| 3312 || 34.2372757333952 || 2018-01-18 11:28:16 |
| 3313 || 0.692676154637764 || 2017-04-19 08:56:09 |
| 3314 || 0.869249461049176 || 2010-12-21 01:01:12 |
| 3315 || 49.823793803828 || 2013-08-05 05:00:37 |
| 3316 || 44.0457754927481 || 2010-09-27 07:43:59 |
| 3317 || -13.1822085703059 || 2018-09-25 19:06:42 |
| 3318 || 1.79458511159921 || 2012-02-08 07:06:31 |
| 3319 || -6.02925486606486 || 2016-11-20 16:19:15 |
| 3320 || 63.9818601749627 || 2016-08-24 21:55:31 |
| 3321 || 86.542464227307 || 2017-11-01 10:28:12 |
| 3322 || 29.0095919493662 || 2013-07-14 18:52:50 |
| 3323 || -0.215485739886977 || 2012-03-14 10:11:48 |
| 3324 || 13.9112156790685 || 2016-01-01 04:20:42 |
| 3325 || 63.8405784691692 || 2017-06-27 00:37:14 |
| 3326 || -28.9016481041166 || 2013-01-08 10:24:43 |
| 3327 || -12.4222435350099 || 2010-01-19 02:09:00 |
| 3328 || 5.76850357502581 || 2018-03-22 03:05:58 |
| 3329 || 4.91998043396838 || 2014-11-17 07:40:18 |
| 3330 || 7.8075619345352 || 2011-07-17 19:19:26 |
| 3331 || -19.5080640169335 || 2014-04-27 06:57:01 |
| 3332 || -8.07159063809789 || 2013-07-09 10:56:34 |
| 3333 || 9.59809241119988 || 2013-07-06 02:10:45 |
| 3334 || 6.14188011642163 || 2010-11-25 09:20:53 |
| 3335 || 0.0248022041761224 || 2014-04-21 20:13:57 |
| 3336 || 89.1964101457498 || 2012-09-09 08:40:22 |
| 3337 || -21.3363199427781 || 2012-06-10 09:27:48 |
| 3338 || 4.85075688604313 || 2012-04-07 08:50:37 |
| 3339 || -1.30959873696714 || 2016-05-05 20:32:34 |
| 3340 || -9.44835356907365 || 2012-02-14 13:49:12 |
| 3341 || 83.5112319663022 || 2012-08-08 21:34:32 |
| 3342 || -9.0546570335605 || 2010-07-26 03:40:16 |
| 3343 || 0.152399055192335 || 2018-07-02 18:01:09 |
| 3344 || 0.14842303543566 || 2011-08-07 05:11:33 |
| 3345 || 31.653958199879 || 2019-04-07 18:42:05 |
| 3346 || 73.9879426998255 || 2013-01-03 08:11:20 |
| 3347 || -24.4934284647531 || 2011-02-06 16:56:48 |
| 3348 || -5.83219868313259 || 2016-06-03 06:29:20 |
| 3349 || -0.229643768885445 || 2018-05-12 16:35:24 |
| 3350 || -11.8596054489904 || 2016-11-24 08:14:23 |
| 3351 || 37.3610037034071 || 2013-05-26 21:43:56 |
| 3352 || -18.6341067677207 || 2012-06-12 04:34:10 |
| 3353 || 11.3780980705018 || 2010-03-22 06:04:29 |
| 3354 || -0.0266529014056805 || 2017-05-27 06:36:01 |
| 3355 || 4.70412735553081 || 2019-02-20 11:07:24 |
| 3356 || 77.8688145144915 || 2011-04-21 03:33:04 |
| 3357 || -2.98262077075089 || 2017-08-24 10:19:44 |
| 3358 || 13.9084812067643 || 2019-11-04 23:45:23 |
| 3359 || -0.00551889461268278 || 2010-04-27 18:32:38 |
| 3360 || -3.19000528379752 || 2018-01-25 07:00:52 |
| 3361 || -25.7515327475574 || 2014-12-21 03:57:55 |
| 3362 || 57.3633078193921 || 2016-02-20 10:06:29 |
| 3363 || 3.94480154065682 || 2012-03-22 11:55:02 |
| 3364 || -0.113492264696629 || 2010-11-09 17:39:09 |
| 3365 || 15.512173567941 || 2013-12-10 11:17:37 |
| 3366 || 47.0907457671931 || 2016-11-04 01:25:10 |
| 3367 || 14.4057299588347 || 2013-04-02 07:39:50 |
| 3368 || -10.2489574487035 || 2013-11-06 03:09:07 |
| 3369 || -0.439927141861257 || 2013-07-18 15:26:12 |
| 3370 || 15.7196290132538 || 2015-03-06 11:43:27 |
| 3371 || 4.29622355780357 || 2016-08-23 15:37:30 |
| 3372 || -18.8205962487505 || 2019-01-27 05:49:58 |
| 3373 || 4.14692118135096 || 2012-12-26 18:54:06 |
| 3374 || 2.49160400583806 || 2013-10-19 03:28:05 |
| 3375 || 9.64996099396104 || 2012-03-11 10:58:00 |
| 3376 || 30.106559007122 || 2017-06-24 09:32:53 |
| 3377 || -12.6295780109275 || 2014-02-27 08:26:41 |
| 3378 || 7.06487724273185 || 2013-08-02 14:15:43 |
| 3379 || 4.50792272644969 || 2014-07-04 18:16:53 |
| 3380 || 2.75899234172968 || 2011-10-20 17:57:54 |
| 3381 || 59.2862488281419 || 2018-11-10 06:32:07 |
| 3382 || 69.6036479817497 || 2013-10-01 05:15:16 |
| 3383 || 33.7948044474698 || 2012-12-10 23:21:55 |
| 3384 || 8.82531915531809 || 2015-11-18 02:38:52 |
| 3385 || 4.3393062400433 || 2011-12-26 01:28:25 |
| 3386 || -2.04335140702948 || 2014-02-15 20:04:17 |
| 3387 || -1.75591533103589 || 2015-11-08 13:28:24 |
| 3388 || 63.5515687874177 || 2015-11-14 08:52:31 |
| 3389 || 5.83888524107539 || 2013-08-02 11:07:56 |
| 3390 || -1.55941013855013 || 2014-07-21 15:32:51 |
| 3391 || 39.6831087070654 || 2016-12-20 23:19:42 |
| 3392 || 44.1529855691607 || 2015-09-20 15:58:36 |
| 3393 || -17.6385786674373 || 2013-08-19 14:48:45 |
| 3394 || 5.27772639483202 || 2015-10-10 04:35:16 |
| 3395 || 1.31145514655646 || 2016-01-17 06:45:19 |
| 3396 || -7.59842937411714 || 2017-11-18 18:17:34 |
| 3397 || -0.173503238376227 || 2019-08-23 05:29:11 |
| 3398 || -23.7396385688893 || 2011-01-06 09:46:30 |
| 3399 || 20.7770153762948 || 2014-08-10 21:35:27 |
| 3400 || -0.241302685190292 || 2016-03-19 13:37:24 |
| 3401 || -9.50958094980645 || 2013-02-10 13:23:10 |
| 3402 || 82.7517608842518 || 2010-10-02 03:45:43 |
| 3403 || 7.96540964298988 || 2015-01-21 12:21:18 |
| 3404 || 0.847838824342828 || 2017-11-08 09:44:23 |
| 3405 || -0.0474591312785262 || 2016-03-16 02:49:12 |
| 3406 || -7.5984046111369 || 2013-03-05 16:23:33 |
| 3407 || -3.43417133852258 || 2016-08-23 19:43:00 |
| 3408 || 51.5858969078832 || 2017-12-16 19:53:22 |
| 3409 || 5.03778042203673 || 2015-03-03 05:23:49 |
| 3410 || 0.00279786189234068 || 2013-10-13 23:24:35 |
| 3411 || 1.15301996605006 || 2014-06-20 14:28:27 |
| 3412 || -26.0644972220284 || 2014-12-19 01:28:28 |
| 3413 || 49.5901434667492 || 2010-03-25 14:06:35 |
| 3414 || -2.0477052625141 || 2015-06-17 16:02:50 |
| 3415 || 0.146411287751869 || 2013-12-27 01:07:16 |
| 3416 || 23.9751353746735 || 2014-10-13 03:19:39 |
| 3417 || 46.3521469713411 || 2016-12-02 17:35:11 |
| 3418 || -21.6755307911601 || 2019-06-11 10:53:23 |
| 3419 || -11.2909702377032 || 2012-02-17 08:12:55 |
| 3420 || 1.0117998082046 || 2014-07-06 00:37:24 |
| 3421 || 7.25317586441711 || 2012-07-12 21:07:01 |
| 3422 || -23.7674470214498 || 2013-02-22 11:23:19 |
| 3423 || 51.3307338744394 || 2011-12-25 14:24:02 |
| 3424 || -10.0113274998718 || 2013-06-05 01:33:55 |
| 3425 || 2.25866785642599 || 2012-03-21 02:45:32 |
| 3426 || 6.44664263234694 || 2018-06-23 13:58:01 |
| 3427 || -5.73963084666637 || 2013-02-25 01:12:37 |
| 3428 || 82.208694345632 || 2017-12-22 08:24:46 |
| 3429 || 49.5187688652203 || 2011-06-11 08:43:48 |
| 3430 || 3.84292557625774 || 2014-08-25 08:57:15 |
| 3431 || 1.6779467120165 || 2015-03-09 22:26:35 |
| 3432 || 0.690011486219045 || 2013-12-15 01:46:32 |
| 3433 || 86.2651249795462 || 2012-12-20 07:45:15 |
| 3434 || -8.34066454683036 || 2014-02-02 10:41:54 |
| 3435 || 4.36765601225663 || 2012-09-04 17:32:04 |
| 3436 || 7.99831995327513 || 2012-03-19 09:28:07 |
| 3437 || -9.3516589547592 || 2016-12-04 17:21:13 |
| 3438 || -5.56386249751103 || 2015-09-07 08:45:33 |
| 3439 || -16.8156989640618 || 2010-12-09 11:24:14 |
| 3440 || 1.66614838158017 || 2010-07-17 13:27:32 |
| 3441 || -1.76181960829366 || 2018-12-04 01:41:43 |
| 3442 || 22.1213334620567 || 2017-05-12 05:43:41 |
| 3443 || 65.4736224943928 || 2012-03-14 15:27:13 |
| 3444 || 64.210566262405 || 2013-03-22 14:19:51 |
| 3445 || 1.12786046824642 || 2010-08-10 03:50:46 |
| 3446 || 0.80389356683448 || 2017-08-18 09:47:23 |
| 3447 || 31.4944062986011 || 2011-01-27 14:27:53 |
| 3448 || 60.6531783782482 || 2014-05-07 20:08:25 |
| 3449 || -18.2663159079255 || 2018-12-22 18:07:35 |
| 3450 || 10.6025114429722 || 2019-07-04 10:05:04 |
| 3451 || 1.39673985137814 || 2012-08-26 21:11:23 |
| 3452 || -12.4086869846973 || 2017-05-02 14:40:48 |
| 3453 || -8.37997532351126 || 2012-09-04 00:05:41 |
| 3454 || 46.8316919381185 || 2018-06-06 10:50:58 |
| 3455 || -2.46601208152808 || 2019-10-25 02:25:38 |
| 3456 || -0.114162767679124 || 2019-08-26 12:17:08 |
| 3457 || -1.14201905562025 || 2018-11-20 08:54:52 |
| 3458 || 4.88475082698252 || 2019-06-07 02:14:28 |
| 3459 || 24.5315736753302 || 2019-05-03 14:19:35 |
| 3460 || 18.5547236465051 || 2019-03-24 02:07:30 |
| 3461 || 0.00138427277852418 || 2011-10-25 05:02:45 |
| 3462 || 28.2255373178181 || 2019-04-15 01:49:45 |
| 3463 || 50.217325254575 || 2014-07-27 03:47:30 |
| 3464 || 32.9277428577029 || 2015-12-06 05:01:55 |
| 3465 || 9.79313814998032 || 2012-09-06 20:14:38 |
| 3466 || 0.22757082314765 || 2016-08-25 06:32:38 |
| 3467 || -7.63167040559794 || 2012-05-02 08:26:24 |
| 3468 || 51.9442090090276 || 2019-01-11 01:04:16 |
| 3469 || -23.2006317861378 || 2015-11-23 01:33:12 |
| 3470 || 1.86138012775697 || 2011-04-15 11:11:18 |
| 3471 || 0.616566982317156 || 2018-11-02 02:36:58 |
| 3472 || 10.0974024364904 || 2013-01-27 18:25:21 |
| 3473 || 19.0444380638574 || 2011-04-11 02:20:44 |
| 3474 || 72.4915183540838 || 2013-08-25 19:10:44 |
| 3475 || -0.0816376056258909 || 2012-10-08 06:00:29 |
| 3476 || 2.55425736823917 || 2015-07-01 13:27:35 |
| 3477 || 10.5596437483268 || 2011-06-22 23:11:14 |
| 3478 || -5.9954121807071 || 2014-01-12 14:35:22 |
| 3479 || -0.903507183361362 || 2015-09-23 07:20:17 |
| 3480 || 25.8656076434874 || 2016-11-11 16:23:24 |
| 3481 || -1.47276697943551 || 2015-02-06 20:10:14 |
| 3482 || 3.16660909523742 || 2013-06-08 12:42:23 |
| 3483 || -1.94948463959484 || 2015-03-27 00:21:33 |
| 3484 || 56.8908900633358 || 2019-06-23 04:24:41 |
| 3485 || 55.7794536991071 || 2017-03-06 18:51:56 |
| 3486 || -1.99925823302977 || 2013-10-12 00:12:45 |
| 3487 || 2.42786123561 || 2012-05-27 21:09:58 |
| 3488 || 57.1269316255155 || 2013-12-05 17:30:58 |
| 3489 || 79.0594428328753 || 2018-12-22 05:39:46 |
| 3490 || 4.60137042497269 || 2016-06-05 07:35:15 |
| 3491 || 9.60754074257835 || 2012-11-16 15:40:27 |
| 3492 || -0.0620204676704853 || 2016-02-25 03:11:58 |
| 3493 || 33.2705573272564 || 2012-09-05 07:32:49 |
| 3494 || -27.6944416525249 || 2017-06-18 18:35:16 |
| 3495 || -10.7103746528643 || 2015-11-19 02:17:07 |
| 3496 || -1.79347199267127 || 2019-05-07 18:11:13 |
| 3497 || 2.0980393705681 || 2014-12-02 20:21:13 |
| 3498 || 26.9790857513516 || 2018-06-14 11:50:25 |
| 3499 || 53.8931570669726 || 2014-10-26 17:50:43 |
| 3500 || 29.4813371566597 || 2010-02-01 00:40:27 |
| 3501 || 19.1612582249663 || 2014-07-08 05:52:18 |
| 3502 || 1.08278139972911 || 2012-02-17 22:59:13 |
| 3503 || 41.9513944324599 || 2013-10-11 14:42:34 |
| 3504 || 84.5532653855588 || 2013-01-03 13:03:52 |
| 3505 || 59.987002414637 || 2017-07-11 20:18:30 |
| 3506 || -3.98544433784435 || 2010-03-25 06:41:57 |
| 3507 || 0.18328082191891 || 2014-02-17 05:24:52 |
| 3508 || 35.524578129093 || 2013-06-09 02:55:05 |
| 3509 || -24.5362244460028 || 2017-07-19 06:44:44 |
| 3510 || -24.8285508606075 || 2017-06-16 09:43:54 |
| 3511 || 2.78894540725217 || 2015-08-10 02:26:35 |
| 3512 || 0.0113265613370244 || 2016-06-18 19:48:08 |
| 3513 || -9.62611953787076 || 2018-03-10 14:38:59 |
| 3514 || -13.6290998393536 || 2018-07-09 10:55:45 |
| 3515 || 81.6113922257203 || 2011-12-12 01:04:31 |
| 3516 || -6.41265123265464 || 2012-02-26 20:20:52 |
| 3517 || 0.177550010247851 || 2010-01-14 23:20:17 |
| 3518 || 12.4160819798649 || 2015-03-10 13:56:28 |
| 3519 || 7.2283479726661 || 2010-08-19 08:46:41 |
| 3520 || 83.9373930547472 || 2019-01-19 10:00:51 |
| 3521 || 35.3207072358913 || 2017-12-17 21:28:54 |
| 3522 || 0.80798820517184 || 2010-05-20 01:10:37 |
| 3523 || -7.15999908433978 || 2013-05-01 05:39:49 |
| 3524 || -24.2704459206132 || 2015-06-18 19:23:40 |
| 3525 || 87.0097880198406 || 2013-11-14 14:07:19 |
| 3526 || 18.9276912267212 || 2011-10-08 17:36:53 |
| 3527 || 0.0490769082806336 || 2012-01-05 14:15:36 |
| 3528 || -4.68816900686881 || 2010-07-12 10:13:50 |
| 3529 || 52.7123646264138 || 2013-10-23 12:48:19 |
| 3530 || -15.0843981357816 || 2017-01-09 18:24:48 |
| 3531 || -16.5066942921931 || 2017-07-22 00:45:35 |
| 3532 || -0.493023066074618 || 2012-01-21 23:30:11 |
| 3533 || 0.419565920486527 || 2018-03-01 20:16:31 |
| 3534 || -17.7576017592184 || 2013-08-16 04:46:51 |
| 3535 || 83.5324634726154 || 2019-08-20 02:14:32 |
| 3536 || 10.9310444952066 || 2010-06-27 07:22:47 |
| 3537 || -1.38798920209144 || 2019-09-11 14:35:44 |
| 3538 || 7.66576670364224 || 2016-08-22 07:31:13 |
| 3539 || -15.0799302978126 || 2017-03-23 17:43:24 |
| 3540 || 12.7071054097349 || 2011-09-06 19:21:57 |
| 3541 || -11.5914338099543 || 2011-01-02 02:39:58 |
| 3542 || -3.38640833082926 || 2015-01-02 09:33:21 |
| 3543 || 3.65668146442454 || 2014-03-07 22:50:22 |
| 3544 || 36.0092495698617 || 2011-05-23 21:23:28 |
| 3545 || 2.78456001376206 || 2017-03-03 18:49:35 |
| 3546 || 47.4547838383197 || 2019-10-22 13:48:19 |
| 3547 || -4.71461306742522 || 2016-02-19 03:56:46 |
| 3548 || 3.56964773326209 || 2014-03-15 23:00:45 |
| 3549 || -2.73515616518288 || 2010-10-17 01:08:52 |
| 3550 || 15.2416794723167 || 2016-06-11 23:33:17 |
| 3551 || 48.1753555256343 || 2015-04-18 00:43:44 |
| 3552 || 4.55298265148735 || 2015-05-22 18:48:10 |
| 3553 || -0.56307419693322 || 2019-11-15 05:48:33 |
| 3554 || -14.2810927685362 || 2014-11-02 19:34:43 |
| 3555 || 42.9160898474756 || 2019-08-20 13:51:32 |
| 3556 || 27.4072110731962 || 2012-02-06 01:40:27 |
| 3557 || -6.57129700358504 || 2015-05-12 14:53:15 |
| 3558 || 0.628869610830352 || 2017-03-18 15:15:02 |
| 3559 || 5.02185274895599 || 2012-12-17 21:22:07 |
| 3560 || 49.9080776410376 || 2015-04-26 03:09:38 |
| 3561 || 21.8410256967541 || 2013-05-08 21:43:20 |
| 3562 || -2.95445858323333 || 2016-03-18 10:01:39 |
| 3563 || 0.00361391399480719 || 2012-08-04 18:14:48 |
| 3564 || 3.90651777692192 || 2013-09-03 13:26:37 |
| 3565 || 21.8539527541781 || 2017-05-11 13:43:30 |
| 3566 || -7.91933570518516 || 2011-06-25 00:36:51 |
| 3567 || -10.7412761187208 || 2012-10-18 04:35:40 |
| 3568 || 0.101626789089876 || 2019-05-11 05:13:40 |
| 3569 || 22.8004757393759 || 2018-08-07 17:09:45 |
| 3570 || 9.79375723409115 || 2011-12-08 06:09:36 |
| 3571 || 84.3003168954472 || 2014-09-06 23:57:50 |
| 3572 || 38.1382795017659 || 2011-06-04 20:08:06 |
| 3573 || 0.409187966532922 || 2016-08-23 01:44:48 |
| 3574 || 19.7351757334222 || 2019-03-23 22:08:28 |
| 3575 || -24.2532341345678 || 2015-01-25 01:20:24 |
| 3576 || -28.9763997413 || 2010-08-24 18:31:14 |
| 3577 || -11.581889760344 || 2013-10-11 13:29:20 |
| 3578 || 0.198005047645604 || 2010-08-17 19:25:39 |
| 3579 || 4.09732540571241 || 2011-01-01 08:53:56 |
| 3580 || 62.3993794442252 || 2013-08-02 07:10:35 |
| 3581 || -28.2109881308304 || 2010-01-13 14:05:04 |
| 3582 || -5.20568291745091 || 2013-10-15 19:11:26 |
| 3583 || 2.21495523810132 || 2018-05-13 21:33:57 |
| 3584 || 13.3503732987831 || 2012-05-05 07:21:45 |
| 3585 || 17.6491777157481 || 2010-10-26 17:43:57 |
| 3586 || 70.1834929113976 || 2019-07-25 08:20:34 |
| 3587 || -4.95359558171703 || 2017-04-21 15:11:28 |
| 3588 || 3.79105744165871 || 2017-11-08 12:35:24 |
| 3589 || 7.64435806237149 || 2017-02-07 13:14:01 |
| 3590 || 43.4022777239717 || 2015-11-10 21:16:21 |
| 3591 || 14.4896246735193 || 2013-01-25 23:47:53 |
| 3592 || 56.2686780661864 || 2014-07-20 12:31:27 |
| 3593 || 4.36480768284285 || 2015-09-01 05:49:41 |
| 3594 || -1.76203951811521 || 2015-04-24 21:10:37 |
| 3595 || 17.8896828032372 || 2010-09-09 09:08:13 |
| 3596 || -26.1849352036987 || 2016-12-14 01:58:11 |
| 3597 || 55.0932448670474 || 2018-05-27 04:44:03 |
| 3598 || 0.816014382510609 || 2014-10-15 21:20:04 |
| 3599 || -1.15681722638221 || 2019-01-16 10:35:49 |
| 3600 || 49.4775455489349 || 2018-05-17 03:32:34 |
| 3601 || 53.1560862439961 || 2019-11-15 01:01:41 |
| 3602 || -22.1966000291455 || 2017-11-19 13:13:28 |
| 3603 || 2.24291626413307 || 2012-03-01 19:52:20 |
| 3604 || 2.26291617887566 || 2013-06-06 07:47:21 |
| 3605 || -10.0185918624469 || 2017-09-02 03:10:15 |
| 3606 || 77.7693638490314 || 2017-07-21 11:06:23 |
| 3607 || 21.8748151201746 || 2013-04-14 14:05:51 |
| 3608 || -3.85361406731248 || 2016-12-02 23:48:36 |
| 3609 || 0.12809085702759 || 2019-08-18 05:59:51 |
| 3610 || 13.4155948697209 || 2019-05-12 11:50:11 |
| 3611 || 84.8471272849426 || 2015-07-03 19:42:45 |
| 3612 || -25.4441777230082 || 2010-05-20 00:53:15 |
| 3613 || -1.85112111218361 || 2017-01-12 16:51:38 |
| 3614 || 0.114140772005271 || 2019-11-07 01:52:57 |
| 3615 || 15.3227878388643 || 2018-02-12 11:25:18 |
| 3616 || 66.4167120176407 || 2014-07-01 08:54:27 |
| 3617 || 69.9559338578402 || 2019-04-11 21:43:22 |
| 3618 || 23.9210706152913 || 2018-07-09 15:03:50 |
| 3619 || 0.00811342241721592 || 2013-09-14 13:40:58 |
| 3620 || 15.5738726263372 || 2016-12-15 01:00:47 |
| 3621 || 1.56781263441966 || 2015-06-27 05:22:49 |
| 3622 || 10.902215213473 || 2013-11-09 07:59:18 |
| 3623 || -8.16987093923964 || 2013-04-25 23:12:34 |
| 3624 || 0.488455027888991 || 2013-11-14 04:30:18 |
| 3625 || 22.6847437664455 || 2011-01-01 18:25:40 |
| 3626 || 69.8864657618916 || 2014-09-13 11:55:20 |
| 3627 || 86.5691790106083 || 2016-03-18 23:56:37 |
| 3628 || 38.7171578315687 || 2010-06-08 13:46:28 |
| 3629 || 0.9741531066213 || 2016-11-12 20:11:22 |
| 3630 || 12.5220231379074 || 2019-09-17 00:02:25 |
| 3631 || -8.94540953812774 || 2010-01-25 07:51:25 |
| 3632 || 24.0011288224397 || 2019-02-14 11:00:20 |
| 3633 || 41.7132812957941 || 2016-11-26 04:19:38 |
| 3634 || 2.71377026032991 || 2014-10-24 07:06:31 |
| 3635 || -4.48178551983167 || 2015-11-16 03:26:32 |
| 3636 || 20.4605510537816 || 2014-03-04 06:53:48 |
| 3637 || 87.30737726415 || 2011-10-07 01:34:11 |
| 3638 || -17.407518363378 || 2017-12-22 03:08:11 |
| 3639 || -0.363112833718322 || 2015-09-15 19:36:24 |
| 3640 || 10.6181992768097 || 2013-11-09 21:23:08 |
| 3641 || 32.9651206152933 || 2017-01-20 13:53:35 |
| 3642 || -25.5147341465504 || 2015-03-17 00:02:57 |
| 3643 || -19.3344030075588 || 2015-11-04 18:05:40 |
| 3644 || -2.91764152214442 || 2011-12-05 05:09:20 |
| 3645 || 7.12624220288412 || 2014-08-09 21:21:42 |
| 3646 || -7.57604970682665 || 2018-10-17 07:15:17 |
| 3647 || 13.2436257872673 || 2015-08-13 13:27:50 |
| 3648 || 51.5846925425119 || 2018-06-23 12:52:55 |
| 3649 || 4.61660804238347 || 2015-07-24 05:15:37 |
| 3650 || -1.31585180389489 || 2012-04-14 15:15:30 |
| 3651 || -4.1350227154927 || 2015-12-13 18:33:01 |
| 3652 || 88.0175176234027 || 2011-06-26 08:46:35 |
| 3653 || 41.9659468709645 || 2015-03-19 08:14:57 |
| 3654 || 12.8676348947079 || 2011-04-10 05:14:54 |
| 3655 || 0.0468074939158611 || 2017-11-05 06:00:18 |
| 3656 || 44.0064539058452 || 2016-02-11 14:34:03 |
| 3657 || 85.8039951626101 || 2014-12-22 23:11:25 |
| 3658 || -14.3431782219198 || 2014-02-12 16:06:41 |
| 3659 || 21.1394739296174 || 2014-02-23 07:08:52 |
| 3660 || 1.06866190011703 || 2014-06-05 20:06:12 |
| 3661 || 13.781167955459 || 2010-01-23 02:50:05 |
| 3662 || -15.3439743438831 || 2011-11-26 21:14:04 |
| 3663 || 49.6174162447783 || 2013-05-05 22:27:03 |
| 3664 || 18.8029359112949 || 2015-04-22 05:12:24 |
| 3665 || 0.0161237319740375 || 2014-08-07 18:57:40 |
| 3666 || 14.0985690949991 || 2013-10-13 01:25:44 |
| 3667 || 77.7528509858611 || 2016-01-07 11:49:48 |
| 3668 || -26.3755684160896 || 2018-09-11 12:08:41 |
| 3669 || -10.0253827255585 || 2013-02-14 23:24:23 |
| 3670 || 0.00399572654803649 || 2012-05-08 11:38:14 |
| 3671 || -1.59225833030348 || 2016-09-11 22:15:32 |
| 3672 || 8.57916955203942 || 2019-08-14 04:28:03 |
| 3673 || 25.7650460671891 || 2018-08-09 12:28:59 |
| 3674 || -11.6897434440398 || 2017-11-10 11:32:40 |
| 3675 || -0.148156633211942 || 2018-10-20 04:44:14 |
| 3676 || 5.71526501211551 || 2012-03-23 01:50:46 |
| 3677 || 18.6842131104386 || 2011-01-01 15:51:04 |
| 3678 || 79.3652738569343 || 2017-08-17 18:57:04 |
| 3679 || 38.1988896512272 || 2010-05-02 05:03:14 |
| 3680 || 1.46567267642122 || 2015-10-16 16:12:30 |
| 3681 || -5.96617834486356 || 2012-07-19 07:45:51 |
| 3682 || -22.8346548900767 || 2013-12-12 22:42:37 |
| 3683 || -14.9408175728618 || 2016-12-02 13:23:06 |
| 3684 || -6.23913767919977 || 2011-12-12 00:27:23 |
| 3685 || -0.668833791754707 || 2019-09-17 17:26:05 |
| 3686 || 0.653510936098702 || 2010-10-26 05:29:56 |
| 3687 || -17.1389765595033 || 2014-03-04 12:33:00 |
| 3688 || 88.8846010674643 || 2017-04-10 18:54:08 |
| 3689 || 46.3506468821794 || 2013-07-08 13:08:34 |
| 3690 || 2.15423345880476 || 2015-02-11 21:16:52 |
| 3691 || 9.86192420668838 || 2018-02-08 22:29:51 |
| 3692 || 31.1116999842805 || 2013-07-05 21:38:00 |
| 3693 || 71.3090946951259 || 2016-07-14 16:42:16 |
| 3694 || 4.84574123101632 || 2012-05-12 12:27:23 |
| 3695 || -2.30484706958936 || 2014-03-19 05:28:06 |
| 3696 || -2.39857224998142 || 2011-12-05 11:31:19 |
| 3697 || -17.9059903181437 || 2014-01-25 10:05:44 |
| 3698 || 89.7250159456377 || 2014-11-26 17:55:01 |
| 3699 || 4.89498975270512 || 2012-07-25 18:08:10 |
| 3700 || 10.3083946755512 || 2016-01-20 06:20:50 |
| 3701 || 4.34088410648919 || 2011-11-19 11:29:34 |
| 3702 || 11.3071186213004 || 2013-02-02 05:11:27 |
| 3703 || -23.1006966077287 || 2011-04-25 09:06:38 |
| 3704 || -18.526146926271 || 2014-04-07 20:10:15 |
| 3705 || -4.45707104707842 || 2019-06-20 21:32:41 |
| 3706 || 0.662708097722815 || 2017-01-24 23:32:21 |
| 3707 || 37.7964773206889 || 2017-11-09 06:33:32 |
| 3708 || 86.6521818218329 || 2019-11-02 09:28:55 |
| 3709 || 66.1138382448527 || 2015-12-19 12:23:57 |
| 3710 || -5.35036551862606 || 2011-04-17 19:06:40 |
| 3711 || -0.223282440147733 || 2011-06-07 01:09:50 |
| 3712 || 12.4888016779274 || 2010-09-13 19:47:08 |
| 3713 || 2.39763142340389 || 2010-11-11 18:43:46 |
| 3714 || -5.02328299810518 || 2010-04-07 13:11:50 |
| 3715 || 3.55685936378669 || 2010-10-09 13:46:59 |
| 3716 || 0.33615151705184 || 2019-02-22 02:13:06 |
| 3717 || 6.27219041093902 || 2019-09-02 22:39:09 |
| 3718 || -24.830368060045 || 2018-10-10 01:48:29 |
| 3719 || -22.403611422784 || 2017-08-24 07:56:59 |
| 3720 || 15.3903533545824 || 2016-06-24 10:57:15 |
| 3721 || 2.09517287487422e-06 || 2018-03-18 05:44:56 |
| 3722 || -9.4938628511606 || 2017-10-10 10:14:56 |
| 3723 || 68.1226906633654 || 2013-09-26 20:03:10 |
| 3724 || 78.6081883311026 || 2019-05-16 01:32:37 |
| 3725 || 15.4732517711432 || 2014-08-06 22:48:27 |
| 3726 || 0.10546286420738 || 2015-01-12 00:08:43 |
| 3727 || -7.101928661525 || 2012-07-13 02:27:43 |
| 3728 || -8.98487086771222 || 2014-08-05 05:30:09 |
| 3729 || 34.3602052155206 || 2012-02-24 14:07:59 |
| 3730 || 37.9420162997148 || 2011-05-19 12:36:52 |
| 3731 || -0.141254456569083 || 2012-03-13 12:32:43 |
| 3732 || -2.86042772794775 || 2019-03-14 19:59:54 |
| 3733 || 34.8674897361959 || 2010-09-09 03:51:21 |
| 3734 || 87.7039707921659 || 2011-10-20 00:21:49 |
| 3735 || 41.0631137320715 || 2019-07-02 05:51:35 |
| 3736 || 2.76324112695847 || 2019-03-10 04:54:14 |
| 3737 || 0.0792280729617064 || 2014-11-02 04:38:33 |
| 3738 || 29.8263658103779 || 2011-10-16 04:21:48 |
| 3739 || 84.5699634641946 || 2011-05-01 07:10:44 |
| 3740 || 49.0834837904962 || 2014-05-20 00:01:06 |
| 3741 || 4.24443514859145 || 2016-11-13 21:34:18 |
| 3742 || 7.99562068336393 || 2011-12-13 19:06:49 |
| 3743 || 47.0627007722341 || 2014-09-05 22:02:08 |
| 3744 || 15.5443387922996 || 2011-01-13 16:20:27 |
| 3745 || 29.5048052435902 || 2011-02-12 21:19:58 |
| 3746 || 7.89772408864158 || 2019-11-13 05:05:24 |
| 3747 || 3.06724761691916 || 2016-11-25 23:34:41 |
| 3748 || 13.5712399498542 || 2017-09-01 01:28:06 |
| 3749 || 32.4598734472152 || 2017-06-12 10:08:43 |
| 3750 || -5.60605887867895 || 2014-11-15 13:32:44 |
| 3751 || 10.9276947411603 || 2014-05-22 12:28:58 |
| 3752 || -1.82459198173823 || 2012-04-24 13:06:23 |
| 3753 || 52.4538728603693 || 2019-03-20 16:30:40 |
| 3754 || 22.9583235303957 || 2017-02-13 07:23:49 |
| 3755 || 66.244462485339 || 2016-12-13 15:30:35 |
| 3756 || 11.8376157754803 || 2011-07-20 15:43:36 |
| 3757 || 3.12310700304242 || 2013-09-26 19:32:25 |
| 3758 || -14.3300668899255 || 2015-02-11 18:28:19 |
| 3759 || -6.49157091968889 || 2018-09-19 10:10:06 |
| 3760 || 61.1134285275519 || 2015-01-21 02:14:12 |
| 3761 || -6.454073328889 || 2016-03-16 22:03:14 |
| 3762 || 1.56476911932057 || 2017-10-27 01:23:35 |
| 3763 || 10.1005323136149 || 2018-04-18 09:52:55 |
| 3764 || 86.256349179968 || 2019-12-14 20:03:07 |
| 3765 || 10.3312166637287 || 2015-01-05 11:14:38 |
| 3766 || 21.9561978409482 || 2015-02-15 03:54:46 |
| 3767 || 0.199754223775447 || 2012-08-05 15:32:08 |
| 3768 || -11.9710113726001 || 2011-07-25 23:48:58 |
| 3769 || 83.3164325655507 || 2013-08-09 19:18:50 |
| 3770 || -26.048786900626 || 2016-09-03 13:17:40 |
| 3771 || -7.08228157216823 || 2016-01-16 08:49:15 |
| 3772 || 0.0121253917384312 || 2015-02-01 17:32:51 |
| 3773 || 30.3002237951485 || 2014-08-01 17:38:46 |
| 3774 || -26.0352943565666 || 2014-04-26 21:16:04 |
| 3775 || 35.141376638653 || 2013-02-13 17:06:01 |
| 3776 || 22.087657407021 || 2019-05-26 17:08:23 |
| 3777 || 0.105599507420497 || 2019-03-09 19:18:28 |
| 3778 || -5.68717355921745 || 2018-07-27 17:21:18 |
| 3779 || -12.2104261110599 || 2016-01-07 03:43:20 |
| 3780 || 58.9646627606605 || 2012-07-24 02:08:25 |
| 3781 || 38.9734379369905 || 2014-01-04 09:37:18 |
| 3782 || -0.3440583411154 || 2015-02-21 18:14:44 |
| 3783 || -5.90536312688868 || 2017-03-03 21:51:34 |
| 3784 || 43.2855329263376 || 2012-03-25 12:35:16 |
| 3785 || -22.7416902741253 || 2014-01-25 13:54:04 |
| 3786 || 44.4445027457333 || 2011-09-02 05:32:25 |
| 3787 || 1.55930033143077 || 2011-07-21 07:37:52 |
| 3788 || 13.0485470828093 || 2013-10-12 13:56:19 |
| 3789 || 46.4872142030087 || 2010-10-22 22:02:52 |
| 3790 || 18.776255755285 || 2013-04-11 16:01:44 |
| 3791 || 37.9662080047071 || 2011-03-07 09:48:22 |
| 3792 || 4.07814809174272 || 2019-08-19 05:10:14 |
| 3793 || 12.4907105723971 || 2011-06-13 03:30:32 |
| 3794 || 31.1838258433888 || 2018-11-25 18:36:30 |
| 3795 || 20.9779798094231 || 2014-12-12 00:58:24 |
| 3796 || -16.0169185444989 || 2014-01-20 20:15:14 |
| 3797 || 6.9523511839107 || 2014-07-27 21:03:31 |
| 3798 || 9.06042491260883 || 2018-09-20 04:50:18 |
| 3799 || -6.71679190364779 || 2010-05-09 05:21:57 |
| 3800 || 69.9756382181878 || 2016-03-22 01:13:17 |
| 3801 || 60.6485659365667 || 2015-10-19 17:33:41 |
| 3802 || 1.42972330285948 || 2015-04-15 10:28:27 |
| 3803 || 1.89561376877269 || 2017-06-12 06:58:37 |
| 3804 || -16.936451727287 || 2017-09-27 08:08:49 |
| 3805 || 13.1892182928694 || 2019-02-20 10:24:14 |
| 3806 || -16.9664100033058 || 2012-08-03 12:32:03 |
| 3807 || 10.3074330388229 || 2016-08-03 15:14:35 |
| 3808 || 2.39942212191241 || 2019-11-25 01:32:01 |
| 3809 || 4.06413917404127 || 2015-08-12 20:52:58 |
| 3810 || 11.7824461449997 || 2016-04-12 03:15:59 |
| 3811 || 67.4926941363693 || 2015-08-10 23:12:32 |
| 3812 || 17.1247430276291 || 2017-06-01 16:57:43 |
| 3813 || 0.703930728271082 || 2017-04-12 09:21:49 |
| 3814 || 12.9032971378275 || 2014-07-15 00:40:58 |
| 3815 || -23.257926238557 || 2017-02-27 08:23:48 |
| 3816 || 65.5931365893248 || 2012-10-01 19:32:20 |
| 3817 || 1.02123885222892 || 2015-04-09 07:08:57 |
| 3818 || -0.208691806409104 || 2018-06-26 07:21:40 |
| 3819 || -12.0531372569843 || 2010-05-06 07:42:06 |
| 3820 || 81.7780147421713 || 2012-05-13 13:11:24 |
| 3821 || -12.5219988830742 || 2018-06-04 20:08:48 |
| 3822 || -1.47679501415433 || 2013-07-05 16:25:40 |
| 3823 || 0.0109587913074788 || 2018-12-02 01:56:47 |
| 3824 || -10.6400979331756 || 2012-09-23 13:20:24 |
| 3825 || -3.58663916148663 || 2011-05-14 09:09:31 |
| 3826 || 69.8565053620182 || 2017-09-20 07:26:01 |
| 3827 || 28.6816708784918 || 2011-05-12 06:23:13 |
| 3828 || 0.0616978030024441 || 2017-10-10 00:45:21 |
| 3829 || 11.4922852863747 || 2013-02-08 12:03:28 |
| 3830 || 29.9113990255316 || 2011-10-19 02:19:23 |
| 3831 || -28.0423820884774 || 2017-03-16 16:04:48 |
| 3832 || 11.7684940569125 || 2013-07-05 16:24:04 |
| 3833 || -0.152160532507755 || 2013-02-12 21:52:54 |
| 3834 || 0.72465151879948 || 2018-02-15 08:13:18 |
| 3835 || 24.9910788240014 || 2011-08-03 07:21:26 |
| 3836 || -21.8580142308278 || 2015-05-20 16:49:37 |
| 3837 || 43.8730471588063 || 2018-08-02 00:00:44 |
| 3838 || 1.56802802842822 || 2016-12-27 10:20:58 |
| 3839 || -3.60821454090312 || 2015-09-04 12:39:00 |
| 3840 || -19.0293547136568 || 2012-10-21 09:24:21 |
| 3841 || 23.7780439186875 || 2011-06-25 08:42:31 |
| 3842 || 38.2530016943286 || 2016-03-14 10:10:53 |
| 3843 || 3.98034767082277 || 2016-02-06 20:34:39 |
| 3844 || -0.510925770344599 || 2019-05-16 12:35:55 |
| 3845 || 55.7804546331635 || 2018-04-20 14:26:50 |
| 3846 || 12.5496261482039 || 2016-03-19 02:03:58 |
| 3847 || -11.2370188917438 || 2014-12-02 18:29:20 |
| 3848 || 3.51538291347963 || 2018-10-17 21:36:39 |
| 3849 || 7.74538014470671 || 2011-05-18 00:25:58 |
| 3850 || -11.0341518128506 || 2019-01-07 20:53:25 |
| 3851 || 59.6335161743508 || 2017-11-22 02:37:53 |
| 3852 || 59.9721988549425 || 2012-03-04 23:00:17 |
| 3853 || -2.90017906585455 || 2018-09-10 14:36:25 |
| 3854 || 1.75525915048299 || 2010-02-25 14:30:32 |
| 3855 || 26.3512252709194 || 2012-01-19 12:28:38 |
| 3856 || -25.8124919976991 || 2010-09-17 07:28:11 |
| 3857 || -9.63586766133894 || 2013-07-12 01:28:59 |
| 3858 || 13.0368699018561 || 2010-08-27 23:11:45 |
| 3859 || 2.8317736032085 || 2015-05-18 01:04:12 |
| 3860 || -15.0689762092122 || 2011-10-03 21:37:19 |
| 3861 || 74.3302371386723 || 2013-06-04 14:46:10 |
| 3862 || 66.3079797253329 || 2010-04-20 01:57:46 |
| 3863 || 9.08421222413063 || 2015-09-19 01:19:50 |
| 3864 || 1.68648180012175 || 2018-06-21 16:48:13 |
| 3865 || 12.8912247626767 || 2016-07-13 22:00:53 |
| 3866 || 63.8253490046306 || 2017-02-01 07:18:04 |
| 3867 || -15.4996576741359 || 2018-11-02 15:57:24 |
| 3868 || 22.255164448983 || 2012-04-21 07:00:08 |
| 3869 || 0.510716988012598 || 2019-08-17 04:04:02 |
| 3870 || 3.17442986235136 || 2016-03-25 08:41:08 |
| 3871 || -22.462675490401 || 2016-07-22 13:05:05 |
| 3872 || 32.1033340875629 || 2018-07-27 13:05:12 |
| 3873 || 22.3439213981238 || 2014-02-03 15:30:15 |
| 3874 || 0.10815961688935 || 2018-10-15 14:57:54 |
| 3875 || 30.0059247570439 || 2014-10-23 02:51:01 |
| 3876 || 54.5043159732744 || 2017-06-24 00:50:58 |
| 3877 || -4.67082035742373 || 2017-02-15 06:21:48 |
| 3878 || 28.6700550808801 || 2014-07-09 17:36:40 |
| 3879 || -0.0161155999107502 || 2019-11-01 21:35:58 |
| 3880 || 2.91874733706075 || 2012-08-02 03:22:50 |
| 3881 || 75.3388445115445 || 2012-11-04 09:54:51 |
| 3882 || 10.2529349568139 || 2017-03-20 18:19:28 |
| 3883 || 26.8199144691531 || 2010-06-16 15:50:43 |
| 3884 || 0.517894035241179 || 2011-05-24 15:21:31 |
| 3885 || -6.22899359801033 || 2017-11-05 20:29:28 |
| 3886 || 38.6503918415748 || 2010-11-13 11:57:07 |
| 3887 || 7.53723584661125 || 2013-07-13 22:08:21 |
| 3888 || -14.3079093699824 || 2017-08-04 14:37:07 |
| 3889 || 0.48617110048894 || 2010-03-09 23:11:31 |
| 3890 || -4.73228724065968 || 2012-11-06 05:02:38 |
| 3891 || 69.756975237258 || 2016-04-27 01:35:26 |
| 3892 || -29.3093992400988 || 2018-06-24 04:53:30 |
| 3893 || -9.64830143979586 || 2010-10-13 13:47:29 |
| 3894 || 2.38118977686819 || 2013-08-20 19:42:23 |
| 3895 || -0.942719248853009 || 2014-10-15 22:54:02 |
| 3896 || 10.9017973940428 || 2012-10-18 16:40:45 |
| 3897 || -29.8493665406595 || 2018-10-21 06:54:12 |
| 3898 || -16.7567622432965 || 2015-08-01 11:33:56 |
| 3899 || 4.64116664639842 || 2012-12-03 20:34:31 |
| 3900 || -1.66816205414473 || 2015-08-13 10:51:56 |
| 3901 || 12.6712667514882 || 2015-05-18 11:31:53 |
| 3902 || -18.0541241758367 || 2013-11-21 21:57:28 |
| 3903 || 3.68955049921721 || 2012-02-13 00:10:20 |
| 3904 || 8.22106463633463 || 2011-10-23 18:47:53 |
| 3905 || 0.135418208927379 || 2012-09-11 22:28:09 |
| 3906 || 40.6678116085649 || 2018-10-14 05:47:06 |
| 3907 || -12.5440691332611 || 2013-05-14 23:39:10 |
| 3908 || -6.58880441525355 || 2013-02-05 13:11:28 |
| 3909 || 9.36284047612245 || 2015-09-19 21:44:56 |
| 3910 || -1.31715079715845 || 2019-02-05 23:13:32 |
| 3911 || -15.8957641487048 || 2013-03-19 05:06:28 |
| 3912 || 44.2962594367834 || 2019-12-14 02:03:57 |
| 3913 || 3.8564847821355 || 2012-01-05 03:32:38 |
| 3914 || -0.376015915133625 || 2016-03-16 07:26:58 |
| 3915 || 2.29269493064584 || 2012-10-14 07:32:49 |
| 3916 || 29.9156868301941 || 2010-03-05 15:11:12 |
| 3917 || -13.6050743357215 || 2010-02-20 21:52:19 |
| 3918 || -16.575097973363 || 2018-04-05 07:19:59 |
| 3919 || 2.75079475289182 || 2016-07-07 11:03:55 |
| 3920 || -0.241828656189377 || 2017-11-13 22:14:49 |
| 3921 || -13.0106887085801 || 2010-04-24 03:47:34 |
| 3922 || 17.6856481890713 || 2016-12-27 03:15:38 |
| 3923 || 31.6085136442739 || 2010-04-06 07:22:52 |
| 3924 || -6.9740636597866 || 2019-06-20 03:10:01 |
| 3925 || -0.057061153261683 || 2016-07-25 17:30:57 |
| 3926 || -5.4742480545308 || 2010-10-08 17:25:57 |
| 3927 || 31.3371789293753 || 2019-05-17 18:52:32 |
| 3928 || -26.9532144635271 || 2016-02-05 22:56:19 |
| 3929 || -1.61548146537132 || 2016-12-22 01:32:57 |
| 3930 || 0.00273207216796268 || 2014-12-05 21:00:38 |
| 3931 || -3.84094642307652 || 2011-11-03 23:08:03 |
| 3932 || 18.7166716693649 || 2013-01-08 16:29:20 |
| 3933 || 82.4578643328779 || 2018-05-20 07:50:15 |
| 3934 || 10.2563341834008 || 2011-05-07 00:53:44 |
| 3935 || -0.166512532741477 || 2017-08-13 23:20:32 |
| 3936 || 12.7841285391932 || 2016-08-05 19:30:52 |
| 3937 || -21.9437394986462 || 2018-08-19 19:43:16 |
| 3938 || 14.2210501967461 || 2011-10-19 22:55:17 |
| 3939 || -10.5174763075121 || 2017-05-02 06:49:39 |
| 3940 || 1.15401983691808 || 2010-06-12 16:29:49 |
| 3941 || 1.74396449338049 || 2011-01-23 12:43:29 |
| 3942 || 20.7048690008945 || 2018-12-22 07:54:13 |
| 3943 || -29.3340120636393 || 2011-02-21 22:44:09 |
| 3944 || -11.4380678604332 || 2018-10-12 03:50:47 |
| 3945 || 0.397798499770385 || 2013-03-25 05:50:31 |
| 3946 || 14.5877424260047 || 2014-05-21 22:10:42 |
| 3947 || -9.75366676442509 || 2013-11-04 11:40:01 |
| 3948 || 89.0880639470319 || 2017-03-17 21:08:17 |
| 3949 || 35.0773505209578 || 2015-03-12 15:05:08 |
| 3950 || -1.86403936699899 || 2018-01-20 23:27:03 |
| 3951 || 8.98457067767605 || 2019-10-25 05:26:22 |
| 3952 || 35.5088873582303 || 2015-12-21 11:43:33 |
| 3953 || -24.2058566240105 || 2012-09-27 16:26:20 |
| 3954 || 29.5929180494461 || 2015-11-22 04:34:53 |
| 3955 || 3.30837724127036 || 2014-01-17 23:35:43 |
| 3956 || 0.374828677934712 || 2015-01-16 00:21:12 |
| 3957 || 45.1366021349077 || 2018-02-23 13:12:33 |
| 3958 || 43.8586025812808 || 2010-05-20 04:20:11 |
| 3959 || 18.9673868675609 || 2018-12-03 09:58:05 |
| 3960 || 6.77020463973339 || 2015-01-05 10:22:11 |
| 3961 || 4.4112486465541 || 2013-12-06 03:39:16 |
| 3962 || 49.4326286228353 || 2011-03-16 11:01:52 |
| 3963 || 88.1054882422985 || 2010-01-25 09:00:42 |
| 3964 || 61.1586346792766 || 2016-05-25 07:23:17 |
| 3965 || -0.858934169806579 || 2013-06-06 16:19:53 |
| 3966 || -0.894031253024497 || 2017-12-21 03:32:32 |
| 3967 || -10.5730697013992 || 2017-12-01 03:49:38 |
| 3968 || 87.5689408228236 || 2016-09-14 06:41:55 |
| 3969 || 33.0833993032908 || 2012-12-25 02:23:44 |
| 3970 || 19.3568995466096 || 2011-06-08 14:36:33 |
| 3971 || 0.843625118899634 || 2010-11-27 08:43:09 |
| 3972 || 4.81900833571787 || 2014-10-07 06:04:09 |
| 3973 || 55.0459614790226 || 2016-09-14 23:34:18 |
| 3974 || -25.2349270586944 || 2016-09-20 20:12:42 |
| 3975 || -8.15284639176366 || 2011-12-08 09:30:40 |
| 3976 || -0.0970902252548731 || 2011-11-15 02:30:34 |
| 3977 || 33.5902223973752 || 2016-08-10 14:28:11 |
| 3978 || -13.7680957894019 || 2013-03-18 01:52:00 |
| 3979 || 78.8340554805028 || 2015-04-25 06:41:57 |
| 3980 || 3.72085132753868 || 2016-10-22 04:23:07 |
| 3981 || 0.000618980889906691 || 2013-05-12 16:10:46 |
| 3982 || 16.3507800486427 || 2014-05-13 03:24:18 |
| 3983 || 77.8862168625066 || 2013-06-06 04:10:37 |
| 3984 || -12.8157696447834 || 2015-01-05 02:17:42 |
| 3985 || 18.9414079045334 || 2016-04-04 12:52:37 |
| 3986 || -0.0300737664942336 || 2014-03-07 19:16:50 |
| 3987 || 21.2049601232876 || 2011-11-09 03:41:35 |
| 3988 || -24.6533923210184 || 2016-10-24 15:46:12 |
| 3989 || 81.2272443448867 || 2010-11-05 17:03:15 |
| 3990 || 19.1111508938317 || 2013-02-03 08:45:29 |
| 3991 || -0.448397671759254 || 2011-01-12 02:22:08 |
| 3992 || 19.8671251894674 || 2019-04-12 12:55:55 |
| 3993 || -16.6272160543949 || 2010-12-11 00:08:21 |
| 3994 || 84.4672689446023 || 2011-02-13 11:05:12 |
| 3995 || -12.3183644188187 || 2019-11-10 11:11:38 |
| 3996 || 1.16369301528092 || 2018-09-09 15:45:38 |
| 3997 || 1.09011978973569 || 2015-05-27 01:44:20 |
| 3998 || -9.49665888639761 || 2011-10-10 19:38:13 |
| 3999 || -29.002355529508 || 2019-03-18 17:49:32 |
| 4000 || 12.7368794156009 || 2018-08-07 02:22:14 |
| 4001 || 5.19860536083088 || 2012-09-15 09:26:14 |
| 4002 || -3.2058187171045 || 2010-10-12 02:52:55 |
| 4003 || 48.9246973788354 || 2013-04-26 06:02:03 |
| 4004 || 89.3875270618972 || 2014-01-06 04:03:19 |
| 4005 || 54.5383904607299 || 2019-07-12 21:55:10 |
| 4006 || 3.30226780418133 || 2016-01-22 14:39:46 |
| 4007 || -1.82234560108803 || 2015-02-22 18:49:33 |
| 4008 || -19.0393368497361 || 2012-04-02 04:33:32 |
| 4009 || 19.3935688452183 || 2016-01-04 03:38:05 |
| 4010 || 6.54114043845381 || 2012-12-05 03:40:26 |
| 4011 || -3.56916253993907 || 2019-01-04 16:54:21 |
| 4012 || -0.263669106408418 || 2017-12-14 04:53:59 |
| 4013 || 8.07688298959935 || 2014-09-24 20:13:56 |
| 4014 || 9.08513608972082 || 2013-03-11 12:35:24 |
| 4015 || -11.8444226352762 || 2011-02-02 19:33:35 |
| 4016 || -0.99703006365433 || 2017-07-07 09:34:30 |
| 4017 || 3.2040776514231 || 2010-06-12 15:36:53 |
| 4018 || 10.5708900671005 || 2016-03-17 08:55:15 |
| 4019 || 23.5080188504187 || 2010-07-15 09:30:53 |
| 4020 || 71.6766979411433 || 2018-11-04 16:43:43 |
| 4021 || 17.8626955229556 || 2018-10-24 13:51:59 |
| 4022 || 1.26436784219727 || 2012-05-22 07:57:45 |
| 4023 || -13.1941324154737 || 2011-09-15 19:31:06 |
| 4024 || -27.0161094454737 || 2015-07-21 19:21:18 |
| 4025 || 75.243559713133 || 2010-11-02 11:18:48 |
| 4026 || 3.19513554732973 || 2014-11-18 03:58:51 |
| 4027 || -0.127089421544231 || 2018-03-21 12:18:36 |
| 4028 || -1.49236630087306 || 2018-03-23 14:03:07 |
| 4029 || 2.61525886652791 || 2018-09-06 06:47:24 |
| 4030 || -26.0879244086993 || 2017-11-08 03:10:24 |
| 4031 || 29.2367111220579 || 2016-10-19 19:22:08 |
| 4032 || 0.00651067052103607 || 2013-07-24 01:27:15 |
| 4033 || -2.13801244638225 || 2013-08-16 07:48:20 |
| 4034 || -24.1822965883315 || 2013-11-06 00:42:46 |
| 4035 || -23.8604661599552 || 2013-10-12 08:43:01 |
| 4036 || 12.3087638673137 || 2011-05-09 13:36:39 |
| 4037 || 0.00418086028395762 || 2015-09-25 18:37:36 |
| 4038 || 9.94054621043268 || 2017-01-16 23:17:21 |
| 4039 || -25.4812151788558 || 2015-06-12 18:42:58 |
| 4040 || -0.620437518036961 || 2016-03-14 22:35:09 |
| 4041 || 26.9150284276736 || 2010-06-15 09:38:48 |
| 4042 || 0.0362015806582705 || 2014-12-08 13:35:51 |
| 4043 || 0.0174696646360697 || 2018-03-05 01:31:42 |
| 4044 || 33.2725459026621 || 2017-05-25 18:33:08 |
| 4045 || 59.0558514449748 || 2014-11-01 09:08:17 |
| 4046 || 45.2938361963505 || 2010-03-19 10:08:07 |
| 4047 || -0.884887906145167 || 2015-01-02 07:10:06 |
| 4048 || -3.99382173424151 || 2012-03-27 02:30:16 |
| 4049 || 67.1933737714049 || 2012-12-26 20:15:57 |
| 4050 || 42.6282790732769 || 2015-05-27 11:16:08 |
| 4051 || 5.81215032186604 || 2016-08-21 17:24:46 |
| 4052 || 0.673026819162122 || 2014-04-14 05:23:25 |
| 4053 || -0.505619955415706 || 2015-03-11 06:59:36 |
| 4054 || 0.938401787594677 || 2015-05-19 13:49:22 |
| 4055 || -29.9041769376609 || 2018-09-08 13:23:46 |
| 4056 || -1.19464870697697 || 2016-08-25 11:36:45 |
| 4057 || 0.0556742459077199 || 2010-06-25 07:16:35 |
| 4058 || 3.8754414655788 || 2013-10-15 14:44:19 |
| 4059 || -18.6814954784046 || 2015-03-18 09:01:16 |
| 4060 || 18.4894190961423 || 2018-08-20 18:21:08 |
| 4061 || 60.9065944741453 || 2010-03-04 14:16:52 |
| 4062 || -2.9725323865554 || 2015-03-24 00:46:01 |
| 4063 || 6.01245575124073 || 2012-08-09 14:56:18 |
| 4064 || 33.974117245108 || 2013-01-25 14:31:25 |
| 4065 || -28.9882937305627 || 2013-06-19 23:12:17 |
| 4066 || 25.230562001574 || 2015-03-03 17:52:17 |
| 4067 || 10.2619287038836 || 2014-05-27 21:15:49 |
| 4068 || 1.96648869951994 || 2011-05-13 18:16:59 |
| 4069 || -9.39187944275444 || 2010-03-12 07:44:25 |
| 4070 || -9.15093008658791 || 2014-03-13 00:51:31 |
| 4071 || 1.87065234076638 || 2010-04-21 17:08:02 |
| 4072 || 7.43081146990874 || 2014-11-19 09:46:57 |
| 4073 || 1.10838060717955 || 2012-12-03 16:52:01 |
| 4074 || 25.4801216693632 || 2018-02-12 07:18:25 |
| 4075 || 1.90072427591879 || 2016-09-10 08:23:05 |
| 4076 || 50.9515364247115 || 2011-11-05 22:21:26 |
| 4077 || 2.91261387429443 || 2015-04-08 22:54:34 |
| 4078 || 0.479553527892807 || 2013-05-15 04:12:36 |
| 4079 || 33.930648922876 || 2014-08-02 17:50:07 |
| 4080 || 80.7141128205315 || 2014-01-16 21:22:03 |
| 4081 || -20.0872372108614 || 2011-12-04 05:47:50 |
| 4082 || -4.70443690073283 || 2018-09-01 23:54:46 |
| 4083 || 0.00148056962530104 || 2019-10-23 09:01:02 |
| 4084 || -10.2426388254279 || 2011-03-15 02:22:20 |
| 4085 || -3.86467308090421 || 2013-04-09 00:20:17 |
| 4086 || -24.7462960097079 || 2014-12-04 10:41:05 |
| 4087 || 3.5108404262474 || 2012-09-26 19:44:46 |
| 4088 || -0.0436638767701486 || 2013-11-17 08:21:48 |
| 4089 || -8.23096958796245 || 2012-12-03 12:00:04 |
| 4090 || 6.29601008421986 || 2019-03-07 21:52:08 |
| 4091 || 78.2201934459291 || 2014-06-21 17:36:11 |
| 4092 || -12.949042318869 || 2015-04-18 09:23:40 |
| 4093 || -0.0657892240058094 || 2011-02-13 21:53:21 |
| 4094 || 13.2304436906958 || 2015-05-17 10:37:33 |
| 4095 || -21.296416056043 || 2014-09-25 14:19:09 |
| 4096 || 74.6667132817447 || 2019-04-01 12:34:29 |
| 4097 || 36.7893964798615 || 2013-03-15 01:31:14 |
| 4098 || -0.1530115233886 || 2015-11-27 04:04:08 |
| 4099 || 5.18112396899521 || 2017-06-09 12:15:12 |
| 4100 || 51.9213034037997 || 2010-10-17 06:33:00 |
| 4101 || 69.215973159274 || 2011-05-12 08:22:55 |
| 4102 || 40.8064487382847 || 2013-09-13 17:27:59 |
| 4103 || 0.258881645146587 || 2012-12-13 10:03:13 |
| 4104 || 11.4577347305692 || 2017-06-22 04:56:02 |
| 4105 || 30.9879226536144 || 2011-06-21 06:46:22 |
| 4106 || 26.4297599316413 || 2016-04-10 12:12:14 |
| 4107 || -2.77707534038475 || 2018-02-05 13:04:28 |
| 4108 || -1.61109804842845 || 2013-09-26 04:59:10 |
| 4109 || 9.13969767492185 || 2011-07-25 21:59:28 |
| 4110 || 4.20968334651558 || 2017-09-02 14:31:47 |
| 4111 || -28.9459167627231 || 2010-04-24 02:26:23 |
| 4112 || -14.2352250342885 || 2015-07-15 20:45:17 |
| 4113 || 8.98401098016994 || 2013-09-09 03:41:11 |
| 4114 || 6.55413043595534 || 2015-03-18 01:40:53 |
| 4115 || 34.6920931549134 || 2015-11-01 08:44:27 |
| 4116 || 8.68787603384433 || 2017-11-14 06:13:07 |
| 4117 || 59.0387732923808 || 2017-05-06 06:12:15 |
| 4118 || -4.00094190160225 || 2015-06-10 22:16:41 |
| 4119 || 4.01212709487199 || 2019-04-20 07:01:13 |
| 4120 || 9.84435808897682 || 2019-03-09 08:02:16 |
| 4121 || 29.2125980905906 || 2011-11-25 08:20:31 |
| 4122 || 7.4057768524541 || 2017-02-21 23:49:54 |
| 4123 || -5.90521553189707 || 2011-12-17 01:42:22 |
| 4124 || 0.806067289081309 || 2016-05-11 22:24:29 |
| 4125 || 38.0031150652955 || 2012-04-11 19:06:34 |
| 4126 || 19.1604663498871 || 2010-11-10 09:55:11 |
| 4127 || 35.6608220592232 || 2019-05-12 22:15:18 |
| 4128 || -6.30158961454986 || 2014-10-04 07:06:51 |
| 4129 || 0.757047263603711 || 2015-05-20 23:53:14 |
| 4130 || 3.65366597116023 || 2011-04-21 19:38:46 |
| 4131 || 76.6772052870885 || 2016-12-17 18:48:51 |
| 4132 || -24.9331182146234 || 2012-08-24 01:32:33 |
| 4133 || 6.76330377397211 || 2010-10-05 01:27:22 |
| 4134 || 0.0899705919851466 || 2013-08-27 18:14:11 |
| 4135 || -7.1791850018884 || 2019-11-14 07:46:35 |
| 4136 || -19.3873554321065 || 2016-03-13 17:55:12 |
| 4137 || -13.9714532035664 || 2012-07-10 15:27:42 |
| 4138 || 30.1074453306873 || 2015-03-05 09:26:23 |
| 4139 || -0.0247946299049644 || 2014-09-25 10:31:29 |
| 4140 || -6.34261213623705 || 2019-02-15 14:41:52 |
| 4141 || 4.10158946409224 || 2013-01-20 09:07:01 |
| 4142 || -5.68342764229717 || 2014-09-14 01:51:18 |
| 4143 || 27.9986591167306 || 2015-06-22 13:46:52 |
| 4144 || -0.219510858559034 || 2016-07-19 03:14:32 |
| 4145 || -5.93174293116805 || 2017-11-27 20:11:54 |
| 4146 || 13.6844874178085 || 2017-06-19 02:42:53 |
| 4147 || 30.4134451673564 || 2011-07-07 00:10:58 |
| 4148 || 40.4042504403897 || 2018-03-27 10:49:30 |
| 4149 || 1.92269713742422 || 2015-03-25 17:02:42 |
| 4150 || 14.4944587570728 || 2013-01-15 09:24:58 |
| 4151 || 5.95998988589337 || 2015-11-21 02:51:51 |
| 4152 || 34.4065923480057 || 2015-12-11 21:50:46 |
| 4153 || 48.4379408548331 || 2012-06-15 09:55:25 |
| 4154 || 0.694716666210828 || 2010-07-11 16:41:41 |
| 4155 || 13.1971060418407 || 2019-07-01 14:52:37 |
| 4156 || 60.3560965850907 || 2012-02-04 16:47:34 |
| 4157 || 45.247107420134 || 2012-02-09 02:15:52 |
| 4158 || 23.3030363747011 || 2014-11-07 01:56:43 |
| 4159 || 1.29736589330468 || 2016-02-16 04:58:09 |
| 4160 || 4.27103902975888 || 2014-06-04 11:03:11 |
| 4161 || 51.8059379055143 || 2010-07-16 23:33:50 |
| 4162 || 78.5447846027391 || 2010-04-15 16:35:44 |
| 4163 || 22.4217270129471 || 2018-06-14 12:55:53 |
| 4164 || 6.32225061591076 || 2012-10-04 13:30:13 |
| 4165 || 6.84573119081442 || 2015-10-25 12:10:33 |
| 4166 || 54.6853451620491 || 2017-10-15 06:23:20 |
| 4167 || -17.5899879048156 || 2018-06-25 01:32:13 |
| 4168 || 18.2457697625767 || 2015-05-05 19:03:52 |
| 4169 || -3.90393209775553 || 2012-08-17 17:20:54 |
| 4170 || 2.47445759550204 || 2017-09-25 18:08:20 |
| 4171 || 49.7353794597408 || 2016-02-12 14:54:05 |
| 4172 || 72.7589411149036 || 2018-11-23 15:22:56 |
| 4173 || 68.7202155600707 || 2019-02-08 08:17:54 |
| 4174 || 17.1826437774124 || 2013-02-07 02:59:51 |
| 4175 || 1.84053980661532 || 2010-11-03 00:10:45 |
| 4176 || -14.0128273826316 || 2015-07-11 08:39:11 |
| 4177 || -7.6323220905291 || 2010-06-04 10:04:06 |
| 4178 || 34.9710391791239 || 2018-09-04 06:07:34 |
| 4179 || 1.29760102923141 || 2015-05-07 16:54:55 |
| 4180 || 0.627849964609105 || 2010-11-05 15:50:24 |
| 4181 || -6.94158659682678 || 2016-11-09 17:48:35 |
| 4182 || 48.869510683405 || 2018-04-01 08:38:35 |
| 4183 || 47.295310911249 || 2018-06-04 18:59:14 |
| 4184 || 9.00582017091464 || 2017-12-19 10:36:46 |
| 4185 || -0.0324418475266356 || 2014-08-03 05:57:32 |
| 4186 || 19.5973185685973 || 2013-04-23 13:52:43 |
| 4187 || 2.77528916865191 || 2010-08-24 02:01:17 |
| 4188 || 7.28898550469374 || 2015-04-16 18:12:27 |
| 4189 || -7.4007402401217 || 2015-04-11 00:15:41 |
| 4190 || 0.00763511679467413 || 2019-03-06 20:53:29 |
| 4191 || -9.52977385302404 || 2010-10-15 04:46:34 |
| 4192 || 30.0386479322368 || 2019-07-06 12:28:49 |
| 4193 || 3.58513436271885 || 2014-11-08 20:27:36 |
| 4194 || 0.96776281653998 || 2017-06-13 13:40:23 |
| 4195 || 0.447034455065272 || 2018-07-26 07:10:39 |
| 4196 || -2.18917574351409 || 2018-08-16 23:53:16 |
| 4197 || 42.2941639326784 || 2014-10-18 03:01:32 |
| 4198 || -18.0764448435005 || 2019-09-04 07:17:28 |
| 4199 || -9.87163370074884 || 2014-03-07 21:19:44 |
| 4200 || 0.790488665376238 || 2013-11-01 13:25:25 |
| 4201 || -4.24586161156199 || 2017-04-05 13:55:53 |
| 4202 || 8.74478709244622 || 2013-04-23 03:21:48 |
| 4203 || -21.7668448547843 || 2017-12-14 07:39:38 |
| 4204 || 1.13738053527896 || 2016-03-25 05:29:53 |
| 4205 || 1.9847639933027 || 2019-01-04 05:10:45 |
| 4206 || -2.95121520026261 || 2015-06-01 17:53:04 |
| 4207 || 24.7120420392614 || 2016-04-09 20:31:28 |
| 4208 || 0.351290028136713 || 2019-01-26 01:17:40 |
| 4209 || 52.6293011870801 || 2014-07-24 17:38:07 |
| 4210 || 5.60169276854974 || 2013-03-09 21:17:53 |
| 4211 || 10.9827131937133 || 2019-04-24 15:23:58 |
| 4212 || 44.8979509961215 || 2018-12-09 02:34:56 |
| 4213 || 37.055740931772 || 2010-05-18 23:22:12 |
| 4214 || 58.0420446594638 || 2016-04-03 21:24:08 |
| 4215 || -2.86374991743648 || 2019-06-10 05:08:36 |
| 4216 || 5.08598913705412 || 2015-11-10 18:31:23 |
| 4217 || 56.2167897476584 || 2010-03-15 15:04:11 |
| 4218 || -0.781375067454728 || 2015-04-13 12:52:03 |
| 4219 || 9.85740414010512 || 2015-10-06 02:40:23 |
| 4220 || 0.735601742666043 || 2013-10-14 23:43:03 |
| 4221 || 3.03748575275361 || 2013-06-11 11:41:51 |
| 4222 || 47.9219579067266 || 2016-12-16 18:54:38 |
| 4223 || -12.883054252839 || 2019-08-10 18:16:52 |
| 4224 || 22.0463040418387 || 2017-06-08 15:57:25 |
| 4225 || -5.40428592091478 || 2017-08-13 12:01:37 |
| 4226 || -0.41316182178333 || 2010-03-20 09:51:48 |
| 4227 || 24.9635544232425 || 2011-05-05 01:17:35 |
| 4228 || 27.2091012237024 || 2016-06-21 01:42:28 |
| 4229 || 64.9695570235457 || 2015-07-18 18:13:29 |
| 4230 || 12.9361742421209 || 2013-07-06 15:55:17 |
| 4231 || -0.387706346276927 || 2016-02-19 13:03:37 |
| 4232 || -10.3024297857404 || 2016-09-04 15:40:57 |
| 4233 || 9.90095101380089 || 2015-04-07 08:46:39 |
| 4234 || 52.9844796153409 || 2018-04-12 21:39:02 |
| 4235 || 20.2497000778685 || 2014-01-11 03:03:00 |
| 4236 || 0.0775083993671527 || 2012-11-25 22:52:13 |
| 4237 || 6.55427487748936 || 2016-08-07 19:50:33 |
| 4238 || 41.4828899958727 || 2010-11-01 00:10:59 |
| 4239 || -19.4131544551153 || 2016-12-16 18:13:06 |
| 4240 || 10.1193056085518 || 2011-07-27 17:05:21 |
| 4241 || 0.00311840504708229 || 2010-11-04 14:31:30 |
| 4242 || -2.58005618432856 || 2014-02-25 15:24:08 |
| 4243 || 67.3201783934027 || 2010-07-16 17:44:54 |
| 4244 || -27.8007842896279 || 2017-07-24 05:15:42 |
| 4245 || 7.572383938598 || 2013-04-16 16:20:35 |
| 4246 || -0.0278484612370444 || 2016-11-19 23:05:49 |
| 4247 || 20.9945959957972 || 2014-02-19 11:50:53 |
| 4248 || -12.4803507464502 || 2018-07-16 03:46:17 |
| 4249 || 81.5327739618152 || 2012-12-24 03:52:11 |
| 4250 || 41.0156477867059 || 2013-10-07 11:11:29 |
| 4251 || -0.434202408409663 || 2014-03-20 07:30:00 |
| 4252 || 19.0786219883442 || 2017-09-23 10:23:04 |
| 4253 || 50.4939985944569 || 2012-10-10 08:36:20 |
| 4254 || -28.6142616520943 || 2012-03-23 22:06:19 |
| 4255 || 0.367793266807415 || 2011-11-20 10:26:31 |
| 4256 || -0.924967886427256 || 2013-04-24 04:19:48 |
| 4257 || 5.59000079961363 || 2013-03-07 11:30:35 |
| 4258 || -15.3315405823644 || 2011-12-25 02:14:39 |
| 4259 || -18.3006471030021 || 2013-03-03 14:42:43 |
| 4260 || -17.3185763723335 || 2015-03-20 09:49:13 |
| 4261 || 2.82170175822261 || 2019-10-25 07:24:25 |
| 4262 || 1.25304621800081 || 2011-09-18 08:52:47 |
| 4263 || 50.6576742416789 || 2016-12-24 03:45:05 |
| 4264 || 13.0836737120442 || 2010-08-11 13:49:07 |
| 4265 || -15.1383111132826 || 2013-01-27 21:53:00 |
| 4266 || 0.176761392392527 || 2012-06-08 02:06:33 |
| 4267 || 5.25294552115355 || 2017-08-26 04:21:37 |
| 4268 || 51.3423315528926 || 2017-03-19 05:11:32 |
| 4269 || -0.940106179025859 || 2016-01-13 12:44:02 |
| 4270 || 55.5635652792588 || 2013-06-08 09:29:01 |
| 4271 || 11.053145827974 || 2013-08-06 15:37:20 |
| 4272 || 1.51759772922235 || 2015-01-25 02:00:23 |
| 4273 || -7.48490273154073 || 2014-03-23 03:17:33 |
| 4274 || 51.0213081280717 || 2015-07-05 06:20:04 |
| 4275 || -21.7644229967302 || 2010-11-27 18:57:53 |
| 4276 || -3.88922720644931 || 2014-07-05 18:42:25 |
| 4277 || 2.10685988156467 || 2015-06-03 13:22:50 |
| 4278 || -9.23549508249697 || 2019-10-03 07:04:02 |
| 4279 || 14.2685546259078 || 2013-11-02 10:32:03 |
| 4280 || 20.5825507276944 || 2013-12-01 18:35:42 |
| 4281 || -6.63004318555599 || 2016-06-23 08:17:18 |
| 4282 || 1.2513679262981 || 2018-03-27 22:58:29 |
| 4283 || 31.2433837084699 || 2015-04-04 21:08:30 |
| 4284 || 16.4760105817234 || 2010-10-07 22:14:01 |
| 4285 || -8.70197363282522 || 2019-04-27 17:36:08 |
| 4286 || -7.90005489962075 || 2016-06-15 02:42:07 |
| 4287 || -0.105805312849825 || 2015-07-24 22:01:30 |
| 4288 || 11.1899843349717 || 2012-07-15 13:35:05 |
| 4289 || -13.238897141735 || 2015-04-24 06:04:26 |
| 4290 || 2.59313729885102 || 2016-04-08 17:50:11 |
| 4291 || 25.3172024044978 || 2011-04-08 08:19:23 |
| 4292 || 0.000299742837796355 || 2010-05-27 12:23:45 |
| 4293 || 5.30985745433579 || 2014-11-20 05:10:09 |
| 4294 || 57.0497316230648 || 2018-07-03 14:36:24 |
| 4295 || 40.784355000662 || 2015-12-23 13:53:41 |
| 4296 || 5.91567633879182 || 2012-11-12 13:48:47 |
| 4297 || 0.254412718147321 || 2010-10-02 11:26:10 |
| 4298 || -1.73101954920313 || 2012-07-09 06:14:57 |
| 4299 || -23.4886373713738 || 2013-08-16 21:35:07 |
| 4300 || 22.4601878428571 || 2014-05-20 14:04:02 |
| 4301 || -1.7950604043912 || 2015-04-22 14:33:24 |
| 4302 || -0.142681654849841 || 2015-10-23 16:02:53 |
| 4303 || 20.5781377648 || 2018-03-19 07:46:03 |
| 4304 || -21.877979460803 || 2017-12-10 15:53:40 |
| 4305 || 87.634679997137 || 2019-01-25 15:06:24 |
| 4306 || 0.416946220994104 || 2012-01-09 21:10:41 |
| 4307 || 2.41975347977615 || 2018-08-19 14:24:08 |
| 4308 || -5.34688782240558 || 2018-02-17 15:40:46 |
| 4309 || -5.5480837966897 || 2017-12-07 23:11:02 |
| 4310 || 72.1470841837617 || 2014-02-19 16:54:58 |
| 4311 || 5.31739515812693 || 2011-11-14 18:04:59 |
| 4312 || -0.868702520586258 || 2012-02-03 20:15:17 |
| 4313 || 6.0178254872664 || 2013-02-23 20:32:01 |
| 4314 || -19.6040903227237 || 2014-08-26 12:43:07 |
| 4315 || 5.25852236451622 || 2019-08-22 12:33:15 |
| 4316 || -15.2002800873648 || 2013-04-24 14:33:58 |
| 4317 || -0.346581101970477 || 2011-01-09 16:56:43 |
| 4318 || 7.87579481348273 || 2016-05-27 08:54:32 |
| 4319 || 27.3258262815791 || 2019-07-04 08:09:13 |
| 4320 || 58.3610592268509 || 2015-10-21 05:04:01 |
| 4321 || -20.3562182206126 || 2011-02-24 15:48:39 |
| 4322 || 7.99832156942293 || 2017-05-02 02:34:05 |
| 4323 || 4.73863921559345 || 2016-11-08 19:21:03 |
| 4324 || -17.2049153520447 || 2019-12-22 17:53:48 |
| 4325 || 34.3818368395925 || 2012-12-09 23:21:04 |
| 4326 || -11.3975423167812 || 2018-10-15 02:13:57 |
| 4327 || 8.65393713005595 || 2019-09-09 05:46:55 |
| 4328 || 1.69231939196118 || 2019-09-07 22:35:17 |
| 4329 || -14.8996240467792 || 2010-06-15 00:02:29 |
| 4330 || -24.8694931030442 || 2017-07-20 01:36:58 |
| 4331 || 9.09009143195212 || 2013-09-20 07:13:32 |
| 4332 || -4.31618675200391 || 2016-09-13 17:26:19 |
| 4333 || 1.67067012316191 || 2015-03-14 15:32:02 |
| 4334 || -10.5805866170752 || 2019-09-24 01:25:36 |
| 4335 || -18.559619699341 || 2017-12-08 16:46:52 |
| 4336 || 30.119139182212 || 2017-04-15 11:34:44 |
| 4337 || 23.6302742823365 || 2010-06-06 06:03:09 |
| 4338 || 0.421594353169807 || 2016-07-12 20:21:03 |
| 4339 || 15.3698815815299 || 2010-02-22 09:43:52 |
| 4340 || -15.5405603351407 || 2013-06-02 21:10:43 |
| 4341 || 63.499269052564 || 2019-09-15 13:28:58 |
| 4342 || 21.4142099199957 || 2018-06-15 21:14:03 |
| 4343 || 0.025569633199282 || 2016-06-26 16:44:19 |
| 4344 || 3.82835845985947 || 2014-01-01 20:25:57 |
| 4345 || -23.9200065613398 || 2011-03-15 08:45:19 |
| 4346 || 6.64046509914017 || 2011-11-13 01:55:05 |
| 4347 || 25.7464130035824 || 2015-11-13 09:22:42 |
| 4348 || 0.00558255475902839 || 2015-08-06 12:04:55 |
| 4349 || -8.78355633322316 || 2018-10-04 16:20:03 |
| 4350 || 42.8400252999004 || 2015-09-07 21:53:19 |
| 4351 || 15.5208484763247 || 2010-10-24 16:19:47 |
| 4352 || 14.0804529436275 || 2012-05-15 08:53:00 |
| 4353 || -0.307214156872626 || 2014-01-22 02:53:14 |
| 4354 || 21.5126810451417 || 2018-07-10 13:46:13 |
| 4355 || 4.30523252457007 || 2019-08-06 05:42:50 |
| 4356 || 21.2377261767748 || 2017-04-08 23:44:05 |
| 4357 || 42.8540251002576 || 2016-03-20 12:36:27 |
| 4358 || 1.5705601009038 || 2019-10-17 10:22:51 |
| 4359 || -0.188987680824349 || 2018-04-18 03:25:00 |
| 4360 || 66.6657939684814 || 2013-09-18 09:53:51 |
| 4361 || -12.7155481911401 || 2014-07-18 19:35:18 |
| 4362 || 20.1786506326159 || 2016-10-16 10:07:31 |
| 4363 || -0.0609327697495573 || 2016-10-10 18:19:05 |
| 4364 || -3.76888465884991 || 2016-06-26 03:06:28 |
| 4365 || 45.3978338947174 || 2013-01-04 20:54:52 |
| 4366 || -29.8324016913648 || 2014-08-22 10:08:49 |
| 4367 || 21.9993841752114 || 2015-05-08 02:58:33 |
| 4368 || 7.08357704868371 || 2013-03-06 23:09:51 |
| 4369 || 4.57243003286843 || 2013-10-16 15:15:39 |
| 4370 || 19.9866893173545 || 2013-11-23 06:45:41 |
| 4371 || 79.4287910892784 || 2019-02-06 05:28:05 |
| 4372 || -20.1558256114286 || 2010-03-23 12:48:48 |
| 4373 || 2.75119752136139 || 2011-09-21 08:30:00 |
| 4374 || 2.64492561816037 || 2014-03-14 18:11:11 |
| 4375 || 44.8792187830714 || 2010-07-24 07:34:40 |
| 4376 || -28.8287414371801 || 2011-05-23 05:13:46 |
| 4377 || 52.5597531905044 || 2015-05-25 23:00:58 |
| 4378 || -4.17666082281806 || 2011-10-20 04:49:31 |
| 4379 || 3.75630188439341 || 2016-02-01 14:34:29 |
| 4380 || 10.7480834859893 || 2012-10-20 16:21:22 |
| 4381 || 2.44060554299796 || 2019-04-13 05:20:42 |
| 4382 || 41.0611534553882 || 2012-05-05 10:25:44 |
| 4383 || 17.3955974469912 || 2018-02-26 13:49:48 |
| 4384 || 1.06297086499323 || 2013-02-04 04:42:32 |
| 4385 || 23.1848040775114 || 2010-03-25 07:35:30 |
| 4386 || -28.9310572999905 || 2011-12-03 13:39:39 |
| 4387 || 3.45028882620578 || 2014-10-13 07:05:47 |
| 4388 || 18.8809391538163 || 2016-08-27 19:46:16 |
| 4389 || 0.507307562048817 || 2015-01-13 01:09:05 |
| 4390 || 37.2055896750122 || 2010-11-04 11:03:58 |
| 4391 || 84.3863487096252 || 2016-10-27 04:50:48 |
| 4392 || 27.2274753300696 || 2019-09-26 13:03:12 |
| 4393 || 24.133552979826 || 2014-06-25 13:01:52 |
| 4394 || 0.0175039210552356 || 2013-12-06 05:19:03 |
| 4395 || 24.5234593892254 || 2010-09-21 02:02:30 |
| 4396 || 48.2939425036848 || 2019-01-23 10:44:38 |
| 4397 || 77.3739489750479 || 2016-04-09 08:49:26 |
| 4398 || -1.77016129501905 || 2016-03-26 00:05:00 |
| 4399 || 0.0758949239703686 || 2019-12-06 07:20:44 |
| 4400 || 5.20892439748511 || 2015-08-07 13:33:03 |
| 4401 || 76.4756392498602 || 2019-01-19 19:02:21 |
| 4402 || 84.227901602386 || 2019-08-13 18:03:44 |
| 4403 || -9.43071989944591 || 2013-03-09 22:24:44 |
| 4404 || 0.28991347455091 || 2016-06-07 17:20:50 |
| 4405 || -6.77100024111828 || 2019-01-08 15:03:24 |
| 4406 || 60.3103803409088 || 2013-05-25 15:33:58 |
| 4407 || 69.6747535785431 || 2011-03-09 08:27:28 |
| 4408 || 17.8473193781186 || 2012-04-06 06:33:28 |
| 4409 || 1.50797419862436 || 2019-04-19 23:35:45 |
| 4410 || -5.37353396133494 || 2018-09-10 16:31:21 |
| 4411 || 65.0994640951428 || 2016-11-05 09:41:24 |
| 4412 || 86.6959011795496 || 2019-05-08 09:20:49 |
| 4413 || -16.0565931342121 || 2011-04-21 02:42:39 |
| 4414 || -1.17330572310605 || 2018-11-25 21:29:28 |
| 4415 || 13.0402222201059 || 2013-12-06 00:56:14 |
| 4416 || 60.3094581404224 || 2013-06-09 02:31:04 |
| 4417 || 76.7654599133689 || 2016-07-01 14:04:39 |
| 4418 || 50.3872709327228 || 2012-07-23 09:36:54 |
| 4419 || 1.24455062419563 || 2017-12-17 00:24:42 |
| 4420 || 9.26048430345304 || 2015-10-20 03:37:58 |
| 4421 || -18.558274057097 || 2013-06-13 10:23:52 |
| 4422 || 86.0967814075011 || 2019-08-10 21:54:01 |
| 4423 || 59.1083696589123 || 2012-05-13 08:08:55 |
| 4424 || -0.780758834497817 || 2012-06-15 07:13:02 |
| 4425 || -1.47933935938586 || 2012-10-02 12:00:53 |
| 4426 || 49.4867152858052 || 2011-11-10 19:03:15 |
| 4427 || 88.9139351097689 || 2015-07-20 15:30:20 |
| 4428 || -21.5444675444958 || 2012-02-20 17:50:36 |
| 4429 || 13.3294803920897 || 2017-02-23 02:38:37 |
| 4430 || 1.44583396581698 || 2016-03-06 18:54:10 |
| 4431 || 48.3132211026984 || 2018-07-03 19:13:16 |
| 4432 || -24.2369485779464 || 2015-12-14 23:11:56 |
| 4433 || 61.765911365757 || 2015-02-21 01:27:36 |
| 4434 || -4.05494661074578 || 2010-10-06 05:28:46 |
| 4435 || -0.00259379488907207 || 2010-02-04 06:16:03 |
| 4436 || 19.1506895057686 || 2010-01-09 05:06:18 |
| 4437 || 13.7972268099078 || 2018-01-23 15:51:15 |
| 4438 || 43.5246142876726 || 2013-02-10 09:04:28 |
| 4439 || 5.82166938614861 || 2013-03-01 06:16:30 |
| 4440 || 0.603248131371824 || 2013-08-19 17:36:41 |
| 4441 || 22.970916119042 || 2017-03-24 14:17:46 |
| 4442 || 83.5135261375772 || 2014-09-18 22:16:54 |
| 4443 || -25.9015334064838 || 2015-02-07 13:41:52 |
| 4444 || 26.2439654259223 || 2017-09-18 06:49:11 |
| 4445 || 0.139501386717008 || 2017-11-03 06:20:16 |
| 4446 || -3.14037431229294 || 2015-07-15 10:21:33 |
| 4447 || -2.9987504723691 || 2012-02-22 16:19:11 |
| 4448 || 62.9553204053995 || 2019-03-17 05:28:31 |
| 4449 || -0.950906166039579 || 2019-01-19 17:25:23 |
| 4450 || 0.0355384851616848 || 2018-02-08 05:12:27 |
| 4451 || -3.94269354580313 || 2012-12-11 20:00:26 |
| 4452 || 9.928852501066 || 2018-01-12 02:04:34 |
| 4453 || 26.5023487695768 || 2012-08-13 23:37:47 |
| 4454 || -11.9936551275104 || 2010-02-18 12:12:20 |
| 4455 || 0.271740157967645 || 2011-08-11 03:27:23 |
| 4456 || 16.7340693353045 || 2016-08-25 06:40:00 |
| 4457 || 64.713526706055 || 2010-12-24 21:35:49 |
| 4458 || -28.8412708899273 || 2015-05-26 07:45:07 |
| 4459 || -13.9496000839171 || 2019-12-21 14:03:02 |
| 4460 || 1.53247596884538 || 2010-09-19 03:45:21 |
| 4461 || 18.3626008572261 || 2018-12-07 17:45:24 |
| 4462 || -17.2695554020349 || 2013-05-22 19:47:56 |
| 4463 || 56.3240480096479 || 2010-10-05 20:57:12 |
| 4464 || -1.79655105647877 || 2015-03-05 15:35:12 |
| 4465 || 3.26463304455419 || 2017-11-14 23:19:16 |
| 4466 || -1.92405454537028 || 2013-02-03 18:44:26 |
| 4467 || 58.481691819754 || 2015-02-26 15:33:29 |
| 4468 || 56.6095237923335 || 2012-01-25 05:14:43 |
| 4469 || -15.9171332740802 || 2012-06-07 14:27:04 |
| 4470 || 1.20400490287654 || 2017-01-19 05:06:47 |
| 4471 || 5.33086546310583 || 2015-03-12 00:29:48 |
| 4472 || -6.96774819740315 || 2018-12-25 14:20:09 |
| 4473 || -26.348305071551 || 2012-03-08 10:07:39 |
| 4474 || 49.0634477646809 || 2014-10-18 09:41:17 |
| 4475 || -0.295182331618745 || 2014-04-03 14:42:16 |
| 4476 || 3.96326422630684 || 2019-06-02 14:44:30 |
| 4477 || 55.9977118648125 || 2011-02-01 06:15:25 |
| 4478 || -21.5651775408412 || 2012-04-04 17:21:51 |
| 4479 || 6.26750716546483 || 2017-02-10 20:49:21 |
| 4480 || 4.20624089590457 || 2011-10-07 17:02:11 |
| 4481 || -1.50976535138774 || 2016-04-19 14:14:46 |
| 4482 || -16.8546770799153 || 2019-08-02 13:31:15 |
| 4483 || 54.6767252021234 || 2012-04-07 17:18:40 |
| 4484 || -22.7153673338032 || 2012-07-18 01:52:54 |
| 4485 || 16.5282385633311 || 2019-12-02 17:39:23 |
| 4486 || 1.54486712683515 || 2017-12-02 03:38:44 |
| 4487 || 43.2488002088036 || 2014-05-18 03:10:40 |
| 4488 || 81.0933452692924 || 2016-10-15 23:35:05 |
| 4489 || 70.32747606826 || 2017-01-09 06:49:40 |
| 4490 || -6.7777821010493 || 2017-05-25 08:53:45 |
| 4491 || 1.02908251012876 || 2014-08-12 10:52:33 |
| 4492 || -12.8397560843114 || 2013-03-16 07:14:27 |
| 4493 || 6.27627347051556 || 2010-02-24 20:54:22 |
| 4494 || 42.2478754182802 || 2015-12-13 18:23:36 |
| 4495 || 22.2783701126328 || 2017-04-22 11:32:32 |
| 4496 || -0.0747922365469492 || 2017-06-12 11:30:21 |
| 4497 || 18.1877041027042 || 2018-12-03 16:48:57 |
| 4498 || -25.830622312805 || 2014-10-23 10:54:19 |
| 4499 || 2.22394734710261 || 2012-06-11 05:12:50 |
| 4500 || -5.91320565523686 || 2014-08-27 10:29:44 |
| 4501 || 0.000896398945658959 || 2010-11-05 08:24:19 |
| 4502 || 28.9270590067007 || 2019-10-20 12:30:03 |
| 4503 || 34.4608064099331 || 2012-06-13 13:49:32 |
| 4504 || -1.56618766730737 || 2012-01-27 16:35:55 |
| 4505 || 3.83970825072998 || 2010-08-16 13:58:03 |
| 4506 || 0.418290784837056 || 2015-08-15 16:31:15 |
| 4507 || 5.84124098943875 || 2017-02-01 06:54:05 |
| 4508 || 64.7536591554921 || 2018-12-19 23:37:39 |
| 4509 || 47.3265395644281 || 2013-05-11 00:59:18 |
| 4510 || 27.0134159365306 || 2016-03-22 23:14:59 |
| 4511 || 0.629936436102128 || 2010-09-22 17:58:16 |
| 4512 || -6.18271921773585 || 2014-02-14 05:14:38 |
| 4513 || 67.9339231288075 || 2019-04-18 23:18:49 |
| 4514 || -7.68628390674287 || 2013-08-19 03:38:58 |
| 4515 || -15.0532394596186 || 2017-12-05 09:38:53 |
| 4516 || 2.02495237878628 || 2012-09-02 08:06:15 |
| 4517 || 13.9507202658087 || 2017-06-21 12:48:26 |
| 4518 || 65.9284593444244 || 2011-05-22 22:33:38 |
| 4519 || 88.9576341325328 || 2019-07-16 22:30:47 |
| 4520 || -17.1055707224261 || 2012-01-23 12:34:53 |
| 4521 || 5.56176488345565 || 2015-04-14 04:22:12 |
| 4522 || 1.18433907248326 || 2019-09-18 18:57:05 |
| 4523 || 56.1938321031471 || 2013-07-07 03:46:32 |
| 4524 || 53.1187638277818 || 2011-01-01 11:47:40 |
| 4525 || 54.5506121376725 || 2018-01-11 21:37:01 |
| 4526 || 1.89528448504799 || 2011-12-10 07:37:09 |
| 4527 || 0.228961371417894 || 2015-01-14 10:32:30 |
| 4528 || -3.66303301432812 || 2017-06-25 19:01:04 |
| 4529 || 87.0712764062668 || 2010-01-08 16:01:40 |
| 4530 || 62.6020605194736 || 2017-09-12 17:32:18 |
| 4531 || 6.81762226805489 || 2016-07-24 21:18:24 |
| 4532 || 5.24114574004404 || 2012-08-10 15:53:40 |
| 4533 || -15.7643242367901 || 2015-04-15 09:03:43 |
| 4534 || 89.1184382243464 || 2011-12-09 10:55:27 |
| 4535 || 4.98387235408184 || 2010-03-13 01:11:45 |
| 4536 || 3.78377259104871 || 2011-07-13 09:14:39 |
| 4537 || -0.0391112711700114 || 2017-01-02 11:02:43 |
| 4538 || 44.5384769982051 || 2016-07-16 16:38:29 |
| 4539 || -28.9698092887569 || 2013-04-03 14:31:12 |
| 4540 || 2.78115194308166 || 2012-11-25 17:02:31 |
| 4541 || -2.36876782663493 || 2017-08-26 06:07:59 |
| 4542 || 1.05534393160693 || 2016-10-03 10:00:53 |
| 4543 || 13.6907119508969 || 2018-07-04 18:07:51 |
| 4544 || -11.1123477332273 || 2016-12-12 02:30:03 |
| 4545 || 75.8194042941823 || 2018-07-02 20:22:08 |
| 4546 || 19.0408762592827 || 2016-04-06 03:56:57 |
| 4547 || -0.106875081113667 || 2017-10-02 19:13:18 |
| 4548 || 35.1055192609644 || 2013-07-21 23:17:01 |
| 4549 || 79.376565401406 || 2018-09-24 00:19:20 |
| 4550 || 33.3621313814593 || 2010-06-13 04:09:36 |
| 4551 || 14.9418585545887 || 2016-07-08 17:17:10 |
| 4552 || 0.000370839297993891 || 2013-07-03 12:36:38 |
| 4553 || 28.913064313857 || 2014-07-20 23:59:56 |
| 4554 || 32.6530513977666 || 2018-02-18 00:05:01 |
| 4555 || 25.9801381276163 || 2016-07-20 19:50:55 |
| 4556 || 16.4723272688926 || 2017-10-26 05:14:48 |
| 4557 || 0.209966844490643 || 2015-02-08 21:43:52 |
| 4558 || -8.11560472434181 || 2013-12-23 05:51:53 |
| 4559 || -19.6448890679985 || 2019-10-18 01:29:52 |
| 4560 || -17.4788040542466 || 2011-12-19 00:11:08 |
| 4561 || -13.4607014889001 || 2018-09-22 22:07:13 |
| 4562 || 0.081449192223723 || 2016-08-17 11:11:21 |
| 4563 || 2.12241701203491 || 2018-07-22 04:36:11 |
| 4564 || -3.38713325576615 || 2012-07-08 14:40:08 |
| 4565 || -22.2773718970783 || 2017-06-09 19:57:18 |
| 4566 || 23.2290496938146 || 2011-05-24 06:28:28 |
| 4567 || 2.4773914637284 || 2017-12-16 15:50:22 |
| 4568 || 5.68471992388927 || 2015-10-08 04:17:38 |
| 4569 || 65.3237061185722 || 2018-08-04 07:56:14 |
| 4570 || 16.5104670046387 || 2010-09-27 13:48:19 |
| 4571 || 42.6214779633016 || 2013-03-06 18:59:02 |
| 4572 || -0.647779936018655 || 2016-05-09 11:08:11 |
| 4573 || 8.11210531292453 || 2017-04-24 02:33:45 |
| 4574 || 33.4424277513678 || 2016-04-01 22:25:10 |
| 4575 || 84.5585569042689 || 2019-02-14 18:09:26 |
| 4576 || -9.72691685388225 || 2019-07-06 14:57:45 |
| 4577 || 3.30755429035054 || 2012-03-13 19:14:35 |
| 4578 || 8.63590964213777 || 2017-07-23 00:55:15 |
| 4579 || 43.2122648807285 || 2015-04-23 15:45:23 |
| 4580 || 67.6476841753997 || 2018-01-02 04:11:28 |
| 4581 || 60.6401087146152 || 2015-05-17 07:40:24 |
| 4582 || 1.46661334821915 || 2017-05-13 15:07:18 |
| 4583 || -1.89134076642975 || 2012-02-23 08:15:27 |
| 4584 || 48.1764681511239 || 2012-06-07 23:38:28 |
| 4585 || 67.4804471968402 || 2011-11-27 15:02:49 |
| 4586 || 44.1526508877071 || 2012-12-02 17:01:08 |
| 4587 || 6.07747028521055 || 2015-12-23 16:23:30 |
| 4588 || 0.510185288949559 || 2015-06-22 08:07:11 |
| 4589 || -15.6721092770411 || 2016-05-24 22:13:33 |
| 4590 || -25.2078013601657 || 2012-09-03 12:17:07 |
| 4591 || -10.0863741048877 || 2019-07-24 03:40:52 |
| 4592 || 11.0536304714757 || 2010-07-23 22:16:43 |
| 4593 || -0.367639645182272 || 2016-04-24 00:18:58 |
| 4594 || -3.11488827637553 || 2016-03-17 02:44:58 |
| 4595 || 85.4669161432074 || 2019-02-23 10:48:32 |
| 4596 || 22.5661235838501 || 2019-10-16 21:26:16 |
| 4597 || 3.23906489924416 || 2017-09-08 15:09:23 |
| 4598 || -0.161616345036602 || 2015-12-27 17:39:54 |
| 4599 || -8.88079400694196 || 2012-04-16 19:54:22 |
| 4600 || -27.8781794275684 || 2014-03-27 11:00:12 |
| 4601 || 7.50111212971734 || 2010-01-09 11:48:13 |
| 4602 || 21.2747214000926 || 2012-04-17 10:00:55 |
| 4603 || 0.00661635730857936 || 2016-05-07 09:27:22 |
| 4604 || 23.6226211411422 || 2013-01-13 23:48:01 |
| 4605 || 80.6009592026415 || 2017-01-20 22:01:15 |
| 4606 || -27.0393537184086 || 2013-10-17 19:05:13 |
| 4607 || 27.1927841801346 || 2016-03-10 22:13:15 |
| 4608 || 0.042761768773106 || 2010-12-25 12:35:56 |
| 4609 || 26.0460467464865 || 2014-03-07 14:51:47 |
| 4610 || 17.6804935052542 || 2012-12-23 12:06:46 |
| 4611 || 16.0017048775519 || 2018-07-22 06:30:09 |
| 4612 || 25.4681491240065 || 2014-08-19 18:52:55 |
| 4613 || 0.951748017000237 || 2017-05-01 06:12:55 |
| 4614 || 21.3149660062472 || 2011-11-08 15:54:28 |
| 4615 || 72.8478945618457 || 2017-09-08 21:19:15 |
| 4616 || -7.65706109151435 || 2017-01-21 19:53:38 |
| 4617 || -2.19464010712271 || 2014-04-05 01:38:12 |
| 4618 || 2.14669251876476 || 2018-09-09 07:14:10 |
| 4619 || 12.4904928194997 || 2019-11-27 17:14:25 |
| 4620 || -14.5694874213591 || 2011-04-04 09:33:24 |
| 4621 || -29.1458756899927 || 2012-11-18 20:59:10 |
| 4622 || 39.4017641901036 || 2016-08-06 07:26:41 |
| 4623 || -1.17846983466175 || 2012-05-22 00:41:02 |
| 4624 || -4.09111088145053 || 2013-06-10 14:35:03 |
| 4625 || 48.5198054204591 || 2016-09-21 10:34:08 |
| 4626 || 53.5025817386868 || 2018-07-02 02:19:53 |
| 4627 || 54.4374986427208 || 2018-06-20 12:48:28 |
| 4628 || -0.654269787317358 || 2012-11-24 12:20:11 |
| 4629 || -1.95054058956655 || 2016-04-11 09:13:20 |
| 4630 || 38.7552994796353 || 2010-06-06 03:54:20 |
| 4631 || 10.1157994563247 || 2016-11-20 00:19:56 |
| 4632 || -14.7664207268428 || 2015-01-20 02:52:53 |
| 4633 || -3.17132028399478 || 2016-01-03 19:33:41 |
| 4634 || 5.81942114385219 || 2014-05-04 01:39:15 |
| 4635 || -6.7968502921289 || 2012-12-22 06:09:25 |
| 4636 || 78.5910247557582 || 2014-03-01 17:20:42 |
| 4637 || 41.9119135446118 || 2017-02-01 04:06:04 |
| 4638 || 2.06376137328174 || 2011-04-08 23:20:32 |
| 4639 || 3.39308591259378 || 2017-01-10 07:43:41 |
| 4640 || -13.8656333094181 || 2015-05-02 16:05:30 |
| 4641 || 45.3245113224466 || 2012-05-02 03:32:54 |
| 4642 || -14.8724912844053 || 2016-07-06 08:24:54 |
| 4643 || 15.9320999363878 || 2015-03-15 01:54:28 |
| 4644 || -0.467585621352675 || 2013-05-02 20:15:32 |
| 4645 || 18.1359920503335 || 2017-05-03 17:52:16 |
| 4646 || -15.5313110137856 || 2013-01-13 19:24:18 |
| 4647 || 26.5669880603109 || 2018-05-06 09:52:54 |
| 4648 || -4.10580684007933 || 2017-07-21 01:28:25 |
| 4649 || 0.592467918257078 || 2013-09-22 23:28:33 |
| 4650 || 35.524254576 || 2016-12-04 10:03:46 |
| 4651 || 5.83991526189201 || 2017-10-23 09:32:31 |
| 4652 || 75.8277728857608 || 2017-09-03 11:00:20 |
| 4653 || -8.54141107214155 || 2019-05-25 04:32:47 |
| 4654 || 0.0193687514428671 || 2011-05-19 08:44:22 |
| 4655 || -9.17774702496204 || 2013-01-20 22:06:17 |
| 4656 || 38.3960455483242 || 2017-06-24 13:54:03 |
| 4657 || 55.9668633641106 || 2014-02-16 01:45:47 |
| 4658 || 32.5284008782334 || 2016-05-17 19:16:34 |
| 4659 || 0.00421018111025839 || 2016-04-05 07:16:50 |
| 4660 || 22.2905112903771 || 2011-12-20 01:54:36 |
| 4661 || 16.7672983913801 || 2013-11-14 08:29:02 |
| 4662 || -10.8614422257615 || 2015-12-10 04:39:03 |
| 4663 || 33.588191971032 || 2017-04-05 23:45:36 |
| 4664 || 0.638230218913758 || 2014-03-16 01:08:30 |
| 4665 || 2.6894836592376 || 2018-04-22 01:18:56 |
| 4666 || -22.0193008181331 || 2018-07-27 22:56:31 |
| 4667 || 56.3881130353864 || 2012-07-20 17:24:24 |
| 4668 || 42.0531833317622 || 2011-11-26 21:15:09 |
| 4669 || -0.728589125309451 || 2018-11-26 13:02:01 |
| 4670 || -2.69547965198355 || 2012-11-22 07:37:35 |
| 4671 || -16.4397188702128 || 2015-07-23 12:41:57 |
| 4672 || 69.3811525620568 || 2018-05-19 05:49:25 |
| 4673 || -4.59797886872499 || 2011-05-07 00:28:37 |
| 4674 || 0.729477327067007 || 2011-07-07 08:02:43 |
| 4675 || -4.23677303528175 || 2010-04-08 19:21:26 |
| 4676 || -7.41750800912921 || 2014-10-04 10:14:31 |
| 4677 || 66.5450459494949 || 2012-07-20 07:31:41 |
| 4678 || 18.2651330464996 || 2017-01-19 15:18:42 |
| 4679 || 5.91420757698102 || 2014-11-25 12:03:18 |
| 4680 || 9.76797297218524 || 2019-03-19 09:27:03 |
| 4681 || 39.3793682734586 || 2014-08-26 02:43:23 |
| 4682 || -11.1600097911695 || 2017-08-17 01:38:00 |
| 4683 || 57.3725974178385 || 2010-10-08 20:56:30 |
| 4684 || -3.14745072181114 || 2017-08-25 17:55:06 |
| 4685 || -1.60154296305329 || 2011-06-21 15:57:44 |
| 4686 || 19.5857240039699 || 2014-12-27 08:28:20 |
| 4687 || 3.06898141685593 || 2017-05-02 09:17:34 |
| 4688 || 7.48419293794533 || 2015-09-09 12:55:32 |
| 4689 || -3.92969071988731 || 2016-12-25 06:13:53 |
| 4690 || -1.01245292651001 || 2017-04-07 06:05:51 |
| 4691 || 49.1830577074591 || 2014-10-23 15:53:08 |
| 4692 || -28.1539346111847 || 2018-05-07 02:54:34 |
| 4693 || -21.9986385012013 || 2013-05-14 19:59:39 |
| 4694 || -5.73250188260129 || 2010-11-09 04:31:43 |
| 4695 || 0.237850356151427 || 2017-08-05 04:31:09 |
| 4696 || 5.65941531629424 || 2017-01-05 11:06:50 |
| 4697 || 77.4997987720756 || 2017-07-26 14:39:23 |
| 4698 || -24.2003003599542 || 2019-03-27 03:09:12 |
| 4699 || 21.4145297096942 || 2013-07-13 20:46:08 |
| 4700 || -0.278416349222895 || 2019-05-02 06:53:32 |
| 4701 || 33.4206813822566 || 2019-06-21 14:23:35 |
| 4702 || 1.73931495379378 || 2016-03-13 02:42:06 |
| 4703 || 75.485704298318 || 2015-01-15 11:38:54 |
| 4704 || 24.4302136514047 || 2010-03-05 21:15:24 |
| 4705 || -0.032500120359406 || 2019-06-01 09:59:41 |
| 4706 || 19.5010655153275 || 2018-04-21 06:08:18 |
| 4707 || 25.0726905175953 || 2014-10-12 09:53:18 |
| 4708 || 79.5183874814263 || 2012-09-15 06:07:50 |
| 4709 || -1.15409890453453 || 2017-09-18 03:49:59 |
| 4710 || 0.0470054868929855 || 2019-11-22 04:53:32 |
| 4711 || 26.6052864175923 || 2012-11-01 15:32:27 |
| 4712 || 64.8281937575886 || 2018-11-03 19:42:24 |
| 4713 || 38.3183191241239 || 2018-05-15 04:29:58 |
| 4714 || -4.58613988785655 || 2015-01-19 02:37:18 |
| 4715 || -0.0475975334452073 || 2017-08-22 14:31:12 |
| 4716 || 23.1182192082389 || 2011-01-20 12:41:39 |
| 4717 || -24.1517940497246 || 2014-12-19 05:31:36 |
| 4718 || 56.7703657183739 || 2019-06-06 05:40:24 |
| 4719 || 21.9257178938553 || 2014-01-17 02:12:48 |
| 4720 || 1.6279197488551 || 2010-05-14 00:12:00 |
| 4721 || -2.53270796146252 || 2013-08-05 04:45:34 |
| 4722 || -17.6224832585346 || 2018-09-26 06:11:12 |
| 4723 || -29.4442194419972 || 2011-09-20 09:15:28 |
| 4724 || 33.9111848363811 || 2013-08-06 15:05:49 |
| 4725 || 3.00806587447066 || 2015-05-22 22:02:31 |
| 4726 || -4.7816895275736 || 2015-05-16 07:10:00 |
| 4727 || -13.1407586825176 || 2012-08-10 00:50:33 |
| 4728 || 1.77491978136132 || 2017-05-15 00:47:23 |
| 4729 || -17.8573434022354 || 2014-08-19 01:13:38 |
| 4730 || -2.00573295915542 || 2019-09-18 16:28:25 |
| 4731 || 3.08498352581593 || 2013-01-21 12:01:08 |
| 4732 || 31.4214240908988 || 2016-07-21 20:39:39 |
| 4733 || -11.5977189296899 || 2014-09-18 20:24:02 |
| 4734 || 50.1058211883049 || 2014-01-24 21:32:46 |
| 4735 || 2.06575325950052 || 2011-06-14 08:08:01 |
| 4736 || -2.0485298021872 || 2010-12-26 00:58:15 |
| 4737 || -18.2736506634201 || 2014-04-06 22:08:05 |
| 4738 || 30.4369685130607 || 2012-12-06 08:55:08 |
| 4739 || -12.3142693955075 || 2019-07-09 11:32:41 |
| 4740 || -1.61521593055833 || 2014-09-26 18:10:09 |
| 4741 || 2.62905610562116 || 2011-01-11 05:02:32 |
| 4742 || -7.55250015301317 || 2018-05-22 21:01:05 |
| 4743 || 88.5492651417618 || 2013-06-26 19:48:05 |
| 4744 || 12.7049971290781 || 2014-02-02 02:18:59 |
| 4745 || -2.64756891835003 || 2011-08-25 11:50:36 |
| 4746 || 1.44419434867413 || 2011-07-01 01:51:09 |
| 4747 || 22.3671728155948 || 2017-09-13 04:15:19 |
| 4748 || -22.8022315601909 || 2018-02-25 07:52:06 |
| 4749 || 64.4466915632205 || 2018-03-21 21:53:21 |
| 4750 || -4.14861866566504 || 2013-03-08 22:18:55 |
| 4751 || 0.0656753243273215 || 2015-02-26 23:23:49 |
| 4752 || 17.814390508206 || 2016-09-11 06:40:42 |
| 4753 || -14.5001775185761 || 2017-03-03 13:28:26 |
| 4754 || -14.0963698464259 || 2014-02-15 14:25:58 |
| 4755 || -4.54977548603065 || 2010-03-18 15:20:13 |
| 4756 || 0.110440483106793 || 2012-03-15 04:40:38 |
| 4757 || 15.9984399571699 || 2019-02-10 02:24:01 |
| 4758 || -24.6797611094374 || 2012-05-01 07:13:36 |
| 4759 || 80.0137679267605 || 2019-11-16 11:32:25 |
| 4760 || 25.8077765955783 || 2010-07-09 02:57:04 |
| 4761 || -0.000882915119709417 || 2012-07-08 02:30:07 |
| 4762 || 24.6718914301311 || 2019-02-02 11:56:11 |
| 4763 || -19.800449936079 || 2013-05-17 10:53:08 |
| 4764 || 77.7390171638659 || 2010-08-21 12:29:00 |
| 4765 || 36.2230443753153 || 2015-05-15 18:13:30 |
| 4766 || 0.360045322371264 || 2012-02-14 06:46:48 |
| 4767 || 22.9190627682778 || 2017-09-21 15:55:20 |
| 4768 || -2.54923892638128 || 2014-02-10 12:27:50 |
| 4769 || 86.1968037677805 || 2018-02-13 22:34:32 |
| 4770 || 31.8790021385675 || 2016-01-14 17:30:51 |
| 4771 || 1.27336404621596 || 2010-06-16 08:49:37 |
| 4772 || 18.0261837450023 || 2013-01-06 00:57:01 |
| 4773 || 42.7061106007702 || 2012-03-04 17:28:07 |
| 4774 || -29.3531867388174 || 2012-10-22 17:11:27 |
| 4775 || -15.7205868446436 || 2015-11-09 00:49:39 |
| 4776 || -0.784509232841518 || 2017-11-08 01:45:23 |
| 4777 || -1.71964872077486 || 2011-07-02 22:15:33 |
| 4778 || 49.8132322038316 || 2017-09-22 21:10:37 |
| 4779 || 88.3240758221006 || 2017-01-03 07:39:04 |
| 4780 || 51.7320691961301 || 2011-10-01 23:02:17 |
| 4781 || -1.09152297867583 || 2013-10-06 15:34:00 |
| 4782 || -3.0093646114671 || 2015-08-03 07:10:30 |
| 4783 || 40.4420486250432 || 2015-01-19 06:48:55 |
| 4784 || -28.0354839729088 || 2018-11-09 21:50:28 |
| 4785 || 54.711781080652 || 2010-10-23 14:54:16 |
| 4786 || 3.7276126075433 || 2018-11-08 07:49:13 |
| 4787 || 3.43915859314749 || 2017-05-01 16:39:40 |
| 4788 || -7.84316630849149 || 2015-07-04 04:53:00 |
| 4789 || 42.6345525170312 || 2010-07-10 08:14:16 |
| 4790 || 40.3286416101248 || 2015-05-15 10:24:42 |
| 4791 || -3.09190751442438 || 2010-04-18 20:00:51 |
| 4792 || -1.39303899868021 || 2015-04-10 09:24:06 |
| 4793 || -15.3599938452322 || 2019-05-21 08:57:11 |
| 4794 || 87.3720447899596 || 2019-05-02 09:02:13 |
| 4795 || 54.5935083521329 || 2019-11-26 03:56:19 |
| 4796 || -3.75964615509506 || 2010-01-18 03:14:44 |
| 4797 || 1.01675338608479 || 2015-08-09 02:52:21 |
| 4798 || -15.3041225513355 || 2013-10-11 21:50:51 |
| 4799 || -27.253074843321 || 2017-07-17 11:49:57 |
| 4800 || 72.2233506969287 || 2016-10-24 21:55:01 |
| 4801 || 14.9315748482758 || 2016-12-11 09:29:45 |
| 4802 || 1.1828519151163 || 2010-12-09 00:07:33 |
| 4803 || 30.7704584263941 || 2013-09-16 11:56:27 |
| 4804 || 78.703626659098 || 2013-02-22 11:06:24 |
| 4805 || -25.4111873117286 || 2018-11-07 22:03:04 |
| 4806 || 23.8742291147388 || 2019-10-25 03:11:37 |
| 4807 || 0.15348344541604 || 2012-05-08 12:53:56 |
| 4808 || 34.6351212200684 || 2018-09-06 18:21:30 |
| 4809 || -20.0401367267161 || 2019-11-10 01:55:18 |
| 4810 || -25.0647045837024 || 2010-07-20 19:37:31 |
| 4811 || 7.75828325546076 || 2015-05-27 03:37:07 |
| 4812 || 0.000112941140261486 || 2019-09-15 12:11:06 |
| 4813 || 12.7769058779455 || 2013-05-25 13:46:00 |
| 4814 || -0.418079999746757 || 2013-06-02 05:06:15 |
| 4815 || -27.7168895146189 || 2015-10-23 17:51:35 |
| 4816 || 19.7675550069402 || 2018-04-12 22:33:53 |
| 4817 || 0.257100105228365 || 2016-02-05 13:42:08 |
| 4818 || 4.78369591209565 || 2012-03-13 17:13:13 |
| 4819 || 67.9921383722718 || 2010-02-07 01:49:02 |
| 4820 || 63.1234338531957 || 2015-03-07 03:09:10 |
| 4821 || 15.2788489586162 || 2012-06-27 23:18:38 |
| 4822 || 1.30667701648324 || 2017-11-05 17:52:14 |
| 4823 || -0.0199366023501869 || 2011-09-03 14:12:06 |
| 4824 || -23.4413995604443 || 2012-05-23 09:56:35 |
| 4825 || 65.5147758345176 || 2014-06-18 15:51:14 |
| 4826 || -14.2528574643337 || 2012-03-27 04:15:57 |
| 4827 || -0.412257063026865 || 2013-05-04 10:17:06 |
| 4828 || 15.3442923050714 || 2013-12-05 09:45:50 |
| 4829 || 66.871443117241 || 2016-11-07 05:59:32 |
| 4830 || 16.4368213300674 || 2016-09-11 17:03:49 |
| 4831 || 10.3033706336337 || 2015-06-16 20:03:49 |
| 4832 || -1.73457349776889 || 2017-09-20 18:57:47 |
| 4833 || 7.09436741598324 || 2011-09-20 00:53:51 |
| 4834 || 56.0566447180422 || 2012-09-23 22:50:53 |
| 4835 || 89.7127705700088 || 2010-11-22 17:24:18 |
| 4836 || 55.8728443159415 || 2014-12-01 01:46:07 |
| 4837 || 6.51743684362916 || 2014-02-02 07:30:22 |
| 4838 || 8.01611163821121 || 2010-06-13 01:43:22 |
| 4839 || 51.5784328155227 || 2019-09-06 14:51:09 |
| 4840 || 40.7972517051468 || 2013-04-03 02:48:20 |
| 4841 || 61.2895742258413 || 2015-06-07 02:42:25 |
| 4842 || 9.04822857614428 || 2016-02-23 22:13:25 |
| 4843 || -1.71647774359102 || 2012-07-21 09:37:43 |
| 4844 || 48.6379060329065 || 2012-02-05 22:40:10 |
| 4845 || 89.1226108141696 || 2010-06-06 16:24:02 |
| 4846 || 25.2473746854525 || 2012-11-11 11:13:52 |
| 4847 || 8.72082345586004 || 2018-02-15 04:41:35 |
| 4848 || -1.01730063671176 || 2015-09-10 06:03:41 |
| 4849 || -15.4030187555288 || 2017-04-07 06:28:18 |
| 4850 || 33.6632318998263 || 2014-01-05 18:32:08 |
| 4851 || -23.804257194853 || 2010-10-21 16:39:31 |
| 4852 || 6.12733342952578 || 2013-08-04 19:50:01 |
| 4853 || 1.53629342850707 || 2017-10-11 23:42:14 |
| 4854 || 41.5742030327283 || 2016-07-16 15:46:37 |
| 4855 || 20.8754060053573 || 2013-06-10 05:38:47 |
| 4856 || -22.6751646200104 || 2014-06-24 09:59:54 |
| 4857 || 15.3084056741769 || 2013-01-17 08:21:57 |
| 4858 || -0.1272347634272 || 2011-06-14 03:01:03 |
| 4859 || 36.1906542418677 || 2016-02-17 03:39:48 |
| 4860 || 9.12656493420515 || 2010-12-03 20:39:27 |
| 4861 || 19.5744564493158 || 2013-03-20 05:46:10 |
| 4862 || 25.8026624678784 || 2012-06-25 21:03:55 |
| 4863 || -0.00195959105227311 || 2016-04-01 19:12:14 |
| 4864 || 0.223168121884629 || 2017-12-22 07:24:56 |
| 4865 || 78.5242782164124 || 2013-10-12 07:55:02 |
| 4866 || -20.0191947615665 || 2014-11-15 11:00:55 |
| 4867 || 33.6387001618045 || 2014-07-27 11:14:48 |
| 4868 || 0.00434241091459204 || 2016-11-06 03:51:05 |
| 4869 || -1.79979017132729 || 2014-02-22 21:44:39 |
| 4870 || 74.7214427745408 || 2017-12-16 03:34:14 |
| 4871 || -27.4428456682964 || 2011-04-04 21:17:56 |
| 4872 || -0.518511374206826 || 2011-06-08 02:40:44 |
| 4873 || 0.56660282619758 || 2015-12-22 16:24:45 |
| 4874 || -1.1003178361936 || 2019-08-06 08:18:31 |
| 4875 || 67.869258871154 || 2013-08-15 02:51:56 |
| 4876 || 39.8696886513383 || 2019-01-25 21:37:15 |
| 4877 || 43.3355231637248 || 2017-05-07 19:27:16 |
| 4878 || -0.492011909678192 || 2017-04-12 14:08:38 |
| 4879 || 3.7016579727227 || 2019-02-11 19:33:39 |
| 4880 || 67.5128971067747 || 2019-07-11 21:28:30 |
| 4881 || 79.6679614215621 || 2014-01-21 08:34:47 |
| 4882 || 26.2553091391203 || 2019-05-05 06:11:52 |
| 4883 || -1.43804808695466 || 2013-04-14 19:48:40 |
| 4884 || 0.404685517179086 || 2016-10-24 00:15:13 |
| 4885 || 43.6151115374871 || 2011-04-20 13:00:30 |
| 4886 || 74.866762416101 || 2013-10-09 01:57:21 |
| 4887 || -16.5724067570118 || 2013-05-04 21:23:57 |
| 4888 || 7.09765233281192 || 2018-05-10 05:48:14 |
| 4889 || 8.9055278759592 || 2017-02-18 16:13:53 |
| 4890 || 21.1581528592962 || 2018-12-16 02:20:24 |
| 4891 || 86.2707702589723 || 2013-10-08 01:26:58 |
| 4892 || 1.55881690485472 || 2019-07-23 18:36:05 |
| 4893 || 9.55713698628222 || 2010-11-05 09:31:17 |
| 4894 || -0.094975108498085 || 2015-01-15 03:00:12 |
| 4895 || -5.85458715582675 || 2010-02-14 05:25:54 |
| 4896 || 84.4867372849021 || 2013-03-09 10:21:34 |
| 4897 || -18.7157282051324 || 2019-02-24 07:07:43 |
| 4898 || 2.2433343987117 || 2019-05-26 21:14:19 |
| 4899 || 3.46120073294419 || 2017-10-16 04:44:49 |
| 4900 || -15.6015394363734 || 2015-01-15 23:47:53 |
| 4901 || 67.1034530287635 || 2019-01-08 14:04:50 |
| 4902 || -10.6367489440488 || 2019-03-07 19:12:09 |
| 4903 || 13.3662247868051 || 2013-09-25 11:28:52 |
| 4904 || -0.551757266669491 || 2012-10-01 06:12:58 |
| 4905 || -4.23519792177604 || 2019-12-04 23:08:05 |
| 4906 || 8.18110421994884 || 2015-02-03 06:37:58 |
| 4907 || 67.5729062199507 || 2011-11-12 21:56:18 |
| 4908 || 1.82714887026284 || 2012-05-20 11:49:57 |
| 4909 || 0.593386597864817 || 2014-06-11 15:17:58 |
| 4910 || 24.5332283291325 || 2015-06-08 12:35:22 |
| 4911 || 30.5850731350404 || 2016-12-15 09:47:34 |
| 4912 || -13.6902632268799 || 2019-12-05 20:49:08 |
| 4913 || -5.81222380443664 || 2016-02-09 05:28:59 |
| 4914 || 0.0157498638273728 || 2012-12-06 03:34:33 |
| 4915 || 8.13139645303978 || 2011-05-02 12:21:36 |
| 4916 || 20.2695410568123 || 2014-09-25 10:15:52 |
| 4917 || 82.1014116788058 || 2017-12-05 15:23:05 |
| 4918 || -3.25721595201307 || 2013-03-15 17:30:40 |
| 4919 || 0.0250802676662983 || 2014-04-12 01:46:32 |
| 4920 || 1.85783722650508 || 2018-09-13 02:10:45 |
| 4921 || 61.0511057841181 || 2014-03-05 22:51:16 |
| 4922 || -24.9550722658158 || 2011-06-23 21:26:29 |
| 4923 || 1.06267507175577 || 2016-05-23 03:14:19 |
| 4924 || 0.0922707583285876 || 2019-06-17 08:33:46 |
| 4925 || 13.9170824074499 || 2012-08-11 06:42:21 |
| 4926 || -14.9463188756058 || 2011-02-02 15:20:15 |
| 4927 || 82.9014195986735 || 2019-12-08 12:00:51 |
| 4928 || 43.959664271718 || 2018-10-21 19:25:26 |
| 4929 || -0.285712170189638 || 2015-03-15 11:36:55 |
| 4930 || -2.93345326208515 || 2013-11-24 15:45:23 |
| 4931 || -21.4494548345083 || 2012-07-25 03:36:43 |
| 4932 || -29.5802677350722 || 2015-04-11 18:23:18 |
| 4933 || -7.22369787586334 || 2015-07-10 02:14:01 |
| 4934 || 4.28997754181254 || 2014-07-24 15:56:49 |
| 4935 || -2.02899147679859 || 2013-06-07 14:20:56 |
| 4936 || -11.5844801133554 || 2015-03-26 14:32:24 |
| 4937 || 52.8388427834902 || 2011-01-24 03:33:06 |
| 4938 || -18.3179002427649 || 2013-12-03 23:56:22 |
| 4939 || 5.721612096188 || 2010-07-07 18:31:42 |
| 4940 || 6.55423325850468 || 2018-05-06 08:11:37 |
| 4941 || 6.72191196308955 || 2017-10-17 08:19:36 |
| 4942 || -15.8591803578858 || 2012-09-18 21:07:53 |
| 4943 || -19.9083239270616 || 2018-09-14 01:39:45 |
| 4944 || 3.33685790736245 || 2013-04-14 20:40:01 |
| 4945 || 6.22251679526396 || 2012-04-18 14:27:12 |
| 4946 || -2.45609136472428 || 2017-06-16 21:58:52 |
| 4947 || -27.2783741426948 || 2014-05-13 14:37:44 |
| 4948 || -3.26867925747338 || 2013-12-08 13:56:36 |
| 4949 || 2.68723829435629 || 2014-01-19 05:23:26 |
| 4950 || 2.10678019045342 || 2014-07-15 19:59:31 |
| 4951 || -13.441257357019 || 2010-01-15 13:30:44 |
| 4952 || 54.482117339004 || 2012-04-23 15:12:07 |
| 4953 || 69.5305340666514 || 2015-02-24 15:37:43 |
| 4954 || -4.24813910628952 || 2015-10-25 05:33:23 |
| 4955 || -0.102728767206354 || 2012-09-09 16:41:04 |
| 4956 || 16.8196924420636 || 2017-10-12 08:20:23 |
| 4957 || 32.0207653975359 || 2012-03-27 18:28:16 |
| 4958 || -24.0311989445274 || 2013-09-16 00:42:37 |
| 4959 || 6.00373830450967 || 2017-09-19 21:09:40 |
| 4960 || -0.238473699449454 || 2016-08-01 20:15:36 |
| 4961 || 37.8941813169149 || 2017-12-01 13:19:50 |
| 4962 || -0.334157824060132 || 2018-10-15 17:20:27 |
| 4963 || 74.5627796168458 || 2010-01-27 10:00:47 |
| 4964 || 24.9193213974041 || 2017-11-27 02:28:31 |
| 4965 || -0.0251056989213669 || 2013-04-21 15:12:32 |
| 4966 || 31.0742011485094 || 2018-02-09 09:13:39 |
| 4967 || 11.5597176059377 || 2016-02-24 05:14:53 |
| 4968 || -18.1121927525008 || 2018-06-12 10:42:42 |
| 4969 || -10.7509830504399 || 2018-12-01 17:30:49 |
| 4970 || 0.067672856929347 || 2014-09-01 14:13:23 |
| 4971 || 25.1724705023133 || 2015-01-16 02:42:10 |
| 4972 || 69.7677909109435 || 2019-10-05 21:30:33 |
| 4973 || 8.09338741730087 || 2012-04-25 19:37:58 |
| 4974 || 31.6669930188199 || 2017-11-11 08:23:10 |
| 4975 || -0.182701489962068 || 2016-12-16 15:35:23 |
| 4976 || 21.851317231261 || 2019-11-04 18:59:29 |
| 4977 || 72.1048426268183 || 2018-06-17 21:47:06 |
| 4978 || -20.8440215171956 || 2015-01-02 06:22:58 |
| 4979 || -10.1505286380966 || 2013-03-26 13:09:57 |
| 4980 || 1.8459273769671 || 2017-01-11 17:17:24 |
| 4981 || 8.003936703046 || 2013-07-24 05:56:36 |
| 4982 || 9.86949399243652 || 2017-07-05 15:42:46 |
| 4983 || -22.7985715770599 || 2011-07-24 06:00:51 |
| 4984 || 12.2045396493174 || 2012-04-03 05:49:46 |
| 4985 || -1.2198127097941 || 2012-04-12 23:41:48 |
| 4986 || 13.6722004295361 || 2018-05-04 07:06:30 |
| 4987 || 27.5253091938698 || 2016-03-27 07:19:38 |
| 4988 || 31.5423926917884 || 2019-04-05 02:50:22 |
| 4989 || 20.4581493867098 || 2019-01-15 05:52:37 |
| 4990 || 0.30590090759874 || 2013-11-27 04:16:45 |
| 4991 || 6.46337942162204 || 2019-11-16 18:01:08 |
| 4992 || 20.806234244574 || 2018-11-14 16:38:39 |
| 4993 || 2.94799169202146 || 2016-10-06 11:02:27 |
| 4994 || 40.4489625216137 || 2017-08-06 12:28:10 |
| 4995 || -3.03123986990209 || 2014-11-01 06:02:38 |
| 4996 || -2.343668009428 || 2014-09-10 00:53:16 |
| 4997 || -17.802937774346 || 2011-02-16 05:05:46 |
| 4998 || -18.9501693853772 || 2018-09-22 07:00:19 |
| 4999 || 64.0863005129627 || 2016-01-19 23:02:37 |
| 5000 || 0.460748995006341 || 2014-04-18 05:42:06 |
| 5001 || 2.78254576035785 || 2018-01-07 18:09:24 |
| 5002 || -1.7395479119594 || 2014-05-25 03:32:17 |
| 5003 || -12.8260501253081 || 2010-11-10 04:39:44 |
| 5004 || -11.5866696177886 || 2011-04-14 03:46:45 |
| 5005 || 13.080399931299 || 2018-08-09 21:37:18 |
| 5006 || 0.394806551864066 || 2018-09-18 23:26:56 |
| 5007 || 12.0324486106681 || 2012-11-20 17:13:11 |
| 5008 || -9.8244084599317 || 2012-11-26 00:19:15 |
| 5009 || -3.97594956812411 || 2011-02-26 03:39:05 |
| 5010 || 4.55367344751896 || 2016-03-07 08:56:12 |
| 5011 || 0.273471576503686 || 2012-10-27 08:59:51 |
| 5012 || 0.95677905055565 || 2012-01-08 06:39:31 |
| 5013 || 55.1775474917986 || 2011-05-10 13:32:33 |
| 5014 || -24.6857364257331 || 2014-10-03 09:44:45 |
| 5015 || 10.0452071207412 || 2014-04-14 02:43:54 |
| 5016 || -0.0581458526992636 || 2011-09-15 21:39:53 |
| 5017 || 32.1172828807808 || 2015-04-17 13:39:19 |
| 5018 || 19.6571540834811 || 2012-06-08 16:58:02 |
| 5019 || -22.2127198239932 || 2012-03-20 14:01:46 |
| 5020 || -9.67778498261375 || 2012-10-17 14:21:42 |
| 5021 || -0.00611690757291887 || 2016-06-19 06:16:34 |
| 5022 || 23.9124870196513 || 2013-07-23 00:34:12 |
| 5023 || 67.1451015510727 || 2019-09-01 19:37:16 |
| 5024 || -21.1511331619429 || 2010-02-25 06:36:02 |
| 5025 || 14.2858838412183 || 2014-11-17 17:43:11 |
| 5026 || -0.161736645863344 || 2019-10-05 17:46:12 |
| 5027 || -6.18464742250191 || 2015-12-15 00:56:13 |
| 5028 || -14.5418075608987 || 2010-08-06 22:03:27 |
| 5029 || 80.5273846332589 || 2018-02-21 17:35:44 |
| 5030 || 8.70330608553288 || 2018-01-06 21:26:06 |
| 5031 || 0.263135905697462 || 2018-04-13 06:51:39 |
| 5032 || 2.65795672943856 || 2017-05-25 07:55:01 |
| 5033 || 4.71692737389656 || 2011-08-11 05:41:15 |
| 5034 || 34.3552476846874 || 2015-05-23 06:17:59 |
| 5035 || -13.8846737540376 || 2017-10-24 05:58:12 |
| 5036 || 3.32194362319897 || 2010-08-07 18:51:29 |
| 5037 || 13.2331450745796 || 2017-02-16 05:33:01 |
| 5038 || 36.1492802513688 || 2012-11-13 20:10:40 |
| 5039 || 41.0744270770318 || 2013-07-01 05:23:42 |
| 5040 || 11.5373539120272 || 2017-11-06 20:47:03 |
| 5041 || -1.18671926040868 || 2018-07-23 10:51:28 |
| 5042 || 7.77589268297428 || 2015-10-19 16:59:45 |
| 5043 || 26.6332533375971 || 2019-10-01 18:28:28 |
| 5044 || 20.6390992020565 || 2015-09-22 13:53:52 |
| 5045 || -18.3792128815343 || 2019-06-20 17:30:29 |
| 5046 || 3.15765698630198 || 2011-11-09 07:23:48 |
| 5047 || -1.41797161399472 || 2018-06-08 10:49:26 |
| 5048 || 42.5074569849955 || 2013-10-07 02:30:09 |
| 5049 || 89.1432448706946 || 2014-02-27 03:30:13 |
| 5050 || 63.0767646517346 || 2019-12-20 09:42:22 |
| 5051 || 4.01415707699857 || 2015-12-10 03:05:24 |
| 5052 || 4.82841758947594 || 2010-11-26 01:44:54 |
| 5053 || -7.64034395961827 || 2019-02-16 18:40:23 |
| 5054 || 14.137597343589 || 2014-10-24 13:13:08 |
| 5055 || -16.8638944121681 || 2012-06-09 17:08:10 |
| 5056 || 14.7524141067664 || 2019-09-23 04:07:04 |
| 5057 || 2.77581803598987 || 2019-09-21 23:50:43 |
| 5058 || -8.38111583633564 || 2013-01-16 10:53:21 |
| 5059 || 2.06885290168601 || 2014-06-08 02:11:08 |
| 5060 || 65.0293216017861 || 2017-10-11 09:21:06 |
| 5061 || 2.83465443949545 || 2014-01-23 18:20:19 |
| 5062 || 0.701698003647375 || 2013-01-10 20:37:18 |
| 5063 || 32.9330281754603 || 2011-10-22 02:10:43 |
| 5064 || 66.4368618823071 || 2017-06-19 12:25:36 |
| 5065 || -4.9308335207428 || 2016-02-04 13:43:04 |
| 5066 || 1.34733392219838 || 2014-08-24 03:48:20 |
| 5067 || 0.0467392356187017 || 2019-09-02 00:55:41 |
| 5068 || -11.5765383557322 || 2011-08-15 22:00:00 |
| 5069 || 39.0713026689798 || 2017-11-05 06:50:09 |
| 5070 || -26.5799700828715 || 2017-03-11 19:01:15 |
| 5071 || 28.7960907084865 || 2018-02-18 18:06:43 |
| 5072 || 0.0018679661631356 || 2012-09-13 08:44:43 |
| 5073 || -9.16209133076804 || 2015-09-10 00:51:05 |
| 5074 || -26.5336462489362 || 2013-10-24 17:56:36 |
| 5075 || 24.3723400138624 || 2019-10-20 03:44:44 |
| 5076 || 1.15510122077617 || 2019-10-06 06:21:26 |
| 5077 || 0.344093192092058 || 2011-05-06 07:14:33 |
| 5078 || -2.54193071474089 || 2017-08-25 20:19:50 |
| 5079 || 47.8224215937935 || 2019-02-19 09:51:23 |
| 5080 || 24.296873486066 || 2010-09-13 14:30:40 |
| 5081 || 14.1501375748676 || 2010-03-25 08:39:00 |
| 5082 || 0.82004941402308 || 2018-04-17 07:11:22 |
| 5083 || 19.671213261602 || 2010-09-16 05:50:51 |
| 5084 || 24.3227566485662 || 2013-08-04 04:42:52 |
| 5085 || 46.165697141665 || 2018-08-22 20:21:31 |
| 5086 || 16.8070465319745 || 2013-07-03 14:50:49 |
| 5087 || 1.22037263454762 || 2011-11-04 11:12:14 |
| 5088 || 6.1047728555929 || 2011-04-16 23:27:51 |
| 5089 || -21.199652978534 || 2017-03-08 05:49:27 |
| 5090 || -20.6500844736502 || 2016-07-17 08:26:03 |
| 5091 || 47.9095941615065 || 2012-11-27 07:50:36 |
| 5092 || 3.32050702256042 || 2016-12-07 06:13:44 |
| 5093 || 11.0086150790209 || 2019-10-13 03:50:06 |
| 5094 || -16.8310676660441 || 2014-10-13 19:02:08 |
| 5095 || -28.9812616230308 || 2013-06-19 06:47:24 |
| 5096 || 10.7588328820091 || 2016-11-09 17:03:25 |
| 5097 || -0.0531405961209426 || 2015-07-06 17:55:38 |
| 5098 || 7.59835595888617 || 2012-08-24 04:41:26 |
| 5099 || 56.8082500034418 || 2019-03-15 09:10:59 |
| 5100 || 38.7461589052113 || 2016-07-03 00:32:06 |
| 5101 || -20.307132070393 || 2013-11-22 18:01:19 |
| 5102 || -1.41630647993969 || 2019-03-19 02:13:29 |
| 5103 || 5.45468579757718 || 2018-11-27 20:49:26 |
| 5104 || 43.5642370937681 || 2016-01-10 23:42:52 |
| 5105 || 29.86307004243 || 2011-06-10 20:41:59 |
| 5106 || 27.6444967835355 || 2016-04-02 11:28:16 |
| 5107 || 6.72889718995335 || 2013-05-04 22:47:52 |
| 5108 || 2.97995489684626 || 2019-10-21 16:24:33 |
| 5109 || 13.0308925618382 || 2013-03-13 19:06:47 |
| 5110 || -27.6096565692983 || 2019-01-14 03:27:41 |
| 5111 || 21.8984912728434 || 2019-05-04 10:50:50 |
| 5112 || 0.336128163220556 || 2014-12-15 10:16:34 |
| 5113 || 0.867107070507777 || 2017-03-15 15:36:59 |
| 5114 || 41.2537390679226 || 2014-09-26 12:24:10 |
| 5115 || 78.6280519867061 || 2015-12-18 09:33:55 |
| 5116 || 22.9802057149371 || 2013-04-23 03:21:17 |
| 5117 || -8.03934686289016 || 2014-04-06 05:20:09 |
| 5118 || 0.380334425698147 || 2015-10-04 08:48:34 |
| 5119 || 14.7609782898309 || 2018-04-27 10:49:54 |
| 5120 || 12.7508281512374 || 2016-05-09 20:36:12 |
| 5121 || 25.389379155071 || 2012-04-08 10:34:22 |
| 5122 || -4.43696331173405 || 2010-04-02 04:03:52 |
| 5123 || 0.00420832903235889 || 2019-11-21 18:02:03 |
| 5124 || -9.79983501413861 || 2017-09-18 17:26:00 |
| 5125 || -19.3943245040127 || 2017-01-12 17:03:01 |
| 5126 || -27.617671864837 || 2012-07-21 12:11:04 |
| 5127 || -2.07914015539505 || 2016-07-10 18:15:56 |
| 5128 || 0.165950980199281 || 2014-06-21 18:07:50 |
| 5129 || 15.1523600903185 || 2013-12-05 18:22:19 |
| 5130 || 69.6204602806168 || 2012-06-14 06:28:11 |
| 5131 || 56.4127154170433 || 2015-07-08 03:59:37 |
| 5132 || -8.93636157518604 || 2017-09-03 08:12:38 |
| 5133 || 0.708561956224342 || 2011-11-15 00:26:45 |
| 5134 || -4.88274711753366 || 2015-10-06 15:26:43 |
| 5135 || -23.7684860828184 || 2013-11-17 21:21:56 |
| 5136 || -6.87026532355354 || 2018-11-25 04:57:36 |
| 5137 || 17.527730284391 || 2012-02-18 17:34:29 |
| 5138 || -0.840983999837574 || 2019-09-26 18:40:12 |
| 5139 || -5.40069094147965 || 2016-12-23 17:47:11 |
| 5140 || 61.5561759551748 || 2011-01-12 00:04:01 |
| 5141 || -13.7185805575607 || 2012-08-23 23:08:28 |
| 5142 || -4.62340520869018 || 2010-03-18 19:16:51 |
| 5143 || 1.86860282690761 || 2010-08-06 06:45:00 |
| 5144 || -3.7472045059109 || 2013-12-11 01:02:08 |
| 5145 || 63.5031980310549 || 2014-03-06 05:49:36 |
| 5146 || 78.1526001429229 || 2017-11-13 03:46:41 |
| 5147 || -1.14023427214953 || 2012-02-21 23:51:45 |
| 5148 || -1.19542334596757 || 2012-02-09 11:40:34 |
| 5149 || 6.67429445839505 || 2017-11-20 06:06:19 |
| 5150 || -9.46185304684892 || 2018-12-15 22:26:13 |
| 5151 || -14.3607151617327 || 2012-02-27 09:03:12 |
| 5152 || -20.4721323862964 || 2012-02-22 22:30:29 |
| 5153 || 2.37038922645615 || 2010-07-27 05:14:52 |
| 5154 || 1.89572464923535 || 2015-02-03 19:18:50 |
| 5155 || 29.26250408181 || 2015-10-11 02:27:23 |
| 5156 || 5.58102716530923 || 2011-05-03 07:36:19 |
| 5157 || 59.9456049419006 || 2014-01-02 15:35:43 |
| 5158 || 14.0320811325235 || 2018-09-08 05:25:33 |
| 5159 || 2.20334732661743 || 2016-09-15 19:25:11 |
| 5160 || -0.217811819385 || 2010-07-20 00:59:57 |
| 5161 || 88.2433055317719 || 2016-10-09 22:09:23 |
| 5162 || -1.79554871325292 || 2011-07-12 23:07:57 |
| 5163 || 18.6958307512482 || 2012-09-25 21:10:07 |
| 5164 || 1.70297923084527 || 2011-09-11 17:25:12 |
| 5165 || -11.0772996653053 || 2013-03-02 20:34:44 |
| 5166 || -27.967329964286 || 2010-01-14 21:58:34 |
| 5167 || 39.2127092064056 || 2014-05-19 16:29:42 |
| 5168 || 17.9093829843855 || 2015-07-04 16:15:10 |
| 5169 || -0.176044290590357 || 2011-07-18 19:05:39 |
| 5170 || 22.1990914818579 || 2015-04-20 09:17:05 |
| 5171 || 11.2889848587164 || 2012-03-25 14:28:32 |
| 5172 || 61.9342338253733 || 2011-06-19 08:45:55 |
| 5173 || -6.89516186812907 || 2013-02-19 13:06:51 |
| 5174 || 0.027714712940209 || 2013-05-17 15:56:33 |
| 5175 || -7.5922526825885 || 2013-10-05 06:55:38 |
| 5176 || 7.80279540317313 || 2010-04-04 22:40:15 |
| 5177 || 18.4424519883172 || 2016-04-04 01:49:09 |
| 5178 || 22.3871128442035 || 2018-12-03 13:08:06 |
| 5179 || 0.152728536230012 || 2012-08-18 22:02:49 |
| 5180 || 22.6794609347764 || 2018-05-15 05:11:44 |
| 5181 || 32.3328043892191 || 2019-10-20 19:28:20 |
| 5182 || 14.2863389228881 || 2010-10-15 12:42:40 |
| 5183 || 15.8008165259645 || 2018-06-27 05:38:18 |
| 5184 || 0.618465642060381 || 2017-09-26 23:22:25 |
| 5185 || -6.00674307924481 || 2014-07-17 06:48:53 |
| 5186 || -24.5228417544302 || 2014-05-18 00:19:18 |
| 5187 || 51.7177435653568 || 2015-01-10 12:01:34 |
| 5188 || 40.422478193262 || 2012-06-03 06:20:22 |
| 5189 || -0.43872184939321 || 2010-06-06 15:04:50 |
| 5190 || -5.26451443976155 || 2018-02-20 04:37:17 |
| 5191 || 64.9148315077316 || 2011-03-16 15:22:12 |
| 5192 || -7.53245167804602 || 2017-03-08 12:14:33 |
| 5193 || 32.5087189209913 || 2014-12-09 13:52:40 |
| 5194 || -1.17220362476001 || 2018-11-07 00:09:30 |
| 5195 || -4.31465609999948 || 2016-07-17 13:13:56 |
| 5196 || -15.2802736654236 || 2017-10-06 22:53:00 |
| 5197 || 75.8765513458952 || 2017-01-25 01:57:26 |
| 5198 || 31.4804540201247 || 2017-03-26 08:04:50 |
| 5199 || 2.76586972768509 || 2016-11-12 07:06:33 |
| 5200 || 7.90702350191853 || 2015-07-02 23:34:16 |
| 5201 || 53.5395741149543 || 2013-04-08 05:07:35 |
| 5202 || 26.4164683251849 || 2011-01-17 10:46:34 |
| 5203 || 0.802014050834754 || 2018-11-02 03:28:19 |
| 5204 || 9.01621815369198 || 2012-07-25 13:22:23 |
| 5205 || -1.08752639151129 || 2016-02-13 18:09:18 |
| 5206 || 42.4690645342822 || 2012-10-08 22:58:30 |
| 5207 || -3.18379012190363 || 2018-08-21 17:18:50 |
| 5208 || 62.4038127148046 || 2012-10-11 13:06:28 |
| 5209 || 13.2306698354427 || 2013-10-20 14:57:01 |
| 5210 || -0.509550920576395 || 2010-07-08 06:32:58 |
| 5211 || 48.7696108989683 || 2017-09-17 17:09:13 |
| 5212 || 49.1192720598447 || 2012-11-02 19:12:06 |
| 5213 || 41.2650335734261 || 2013-01-01 22:04:01 |
| 5214 || -6.02131183641702 || 2019-06-06 08:04:45 |
| 5215 || 0.462726860838088 || 2014-11-15 20:46:27 |
| 5216 || -12.2785825912752 || 2012-11-04 11:52:23 |
| 5217 || 10.9133794488912 || 2017-07-20 20:57:45 |
| 5218 || -14.8899909923883 || 2014-08-01 02:17:51 |
| 5219 || -5.65842168398199 || 2013-03-26 21:09:33 |
| 5220 || -0.105581612471981 || 2010-10-26 17:00:44 |
| 5221 || 37.7893704222863 || 2015-10-26 10:36:28 |
| 5222 || -20.1253601757957 || 2015-06-01 15:57:58 |
| 5223 || 13.436978819873 || 2019-04-11 08:30:01 |
| 5224 || -6.00277525648043 || 2018-04-18 16:44:53 |
| 5225 || -0.0136773830608542 || 2019-11-09 16:44:14 |
| 5226 || 13.5802267952818 || 2017-05-11 00:47:51 |
| 5227 || 46.7809385796023 || 2018-05-09 04:03:31 |
| 5228 || 32.4024640037733 || 2014-06-20 11:20:20 |
| 5229 || 26.1979148148332 || 2011-10-27 23:43:46 |
| 5230 || 0.063744127635424 || 2014-08-12 19:49:22 |
| 5231 || 20.5358173392296 || 2013-10-04 01:02:18 |
| 5232 || 64.6809590085544 || 2018-08-18 14:41:26 |
| 5233 || -22.6588723462202 || 2018-04-11 12:25:06 |
| 5234 || 3.30622338405546 || 2012-10-09 16:55:17 |
| 5235 || 0.746891692914069 || 2010-07-08 19:00:55 |
| 5236 || 21.5743934462606 || 2013-11-05 09:47:30 |
| 5237 || -8.87980466105092 || 2016-12-05 08:39:20 |
| 5238 || -27.7461330126269 || 2017-04-06 05:26:26 |
| 5239 || -13.2038827775956 || 2011-10-18 14:52:48 |
| 5240 || -0.406888185275914 || 2013-07-18 22:57:26 |
| 5241 || 9.16726391052305 || 2013-04-07 14:10:32 |
| 5242 || 9.22316003304034 || 2015-06-19 11:54:13 |
| 5243 || -0.550083880736985 || 2015-12-15 19:31:26 |
| 5244 || 22.0991642115123 || 2016-08-25 21:31:00 |
| 5245 || 3.88277391332006 || 2014-03-16 18:13:54 |
| 5246 || 4.98823976357778 || 2017-04-21 13:09:43 |
| 5247 || 24.0108197634434 || 2014-02-26 19:46:18 |
| 5248 || -15.726966035103 || 2012-07-26 00:18:10 |
| 5249 || -17.3549567569638 || 2011-08-20 02:44:49 |
| 5250 || 5.58188005901015 || 2011-05-10 12:21:12 |
| 5251 || -2.77251703112338 || 2019-01-23 22:49:08 |
| 5252 || 52.7398207213781 || 2019-07-10 07:29:10 |
| 5253 || 50.9496093440901 || 2019-10-07 00:55:12 |
| 5254 || -19.8032008203816 || 2019-04-17 04:23:09 |
| 5255 || 9.18476349882067 || 2011-04-14 19:46:30 |
| 5256 || 0.393805068935419 || 2014-10-23 23:35:31 |
| 5257 || -18.1781219767098 || 2015-12-17 14:18:19 |
| 5258 || -27.4687357376387 || 2018-03-05 02:15:41 |
| 5259 || -2.49545291914686 || 2015-06-21 00:49:57 |
| 5260 || 12.5795023701484 || 2010-07-06 02:44:51 |
| 5261 || 4.2106873405789 || 2018-01-03 11:45:30 |
| 5262 || 0.628854250984047 || 2014-12-24 12:50:16 |
| 5263 || -29.4198412067863 || 2015-01-24 20:09:35 |
| 5264 || 54.448264325633 || 2015-02-11 12:11:29 |
| 5265 || 10.7064376095035 || 2016-07-24 20:07:37 |
| 5266 || -0.276758211715915 || 2015-02-23 02:34:52 |
| 5267 || -14.3148167875578 || 2016-03-26 12:02:15 |
| 5268 || -27.6784800112577 || 2018-06-16 21:40:09 |
| 5269 || 46.298784490882 || 2014-05-24 07:43:51 |
| 5270 || -1.26494702505413 || 2014-06-24 13:33:03 |
| 5271 || -0.257360944484651 || 2012-05-10 20:01:45 |
| 5272 || 37.7613030498026 || 2016-05-12 01:56:51 |
| 5273 || 57.6222490787006 || 2012-02-20 23:34:46 |
| 5274 || -19.0108805658 || 2019-01-06 17:09:52 |
| 5275 || 18.4298717878628 || 2019-12-11 13:33:33 |
| 5276 || 0.121424362391475 || 2015-02-02 18:57:34 |
| 5277 || -10.7841385305174 || 2015-08-03 19:40:30 |
| 5278 || -15.9238959618863 || 2013-12-11 21:47:57 |
| 5279 || 67.6515582782216 || 2011-03-10 01:28:13 |
| 5280 || 31.4530087105106 || 2011-06-24 00:21:41 |
| 5281 || 0.0123502148739529 || 2011-02-12 08:06:03 |
| 5282 || -4.47518874808566 || 2016-08-27 11:11:36 |
| 5283 || 51.5149986188689 || 2012-12-03 06:13:14 |
| 5284 || -5.85696288682717 || 2011-03-27 21:51:13 |
| 5285 || -12.0560094466904 || 2012-05-08 01:29:22 |
| 5286 || 0.246579745241246 || 2013-03-11 17:24:51 |
| 5287 || 11.1302098818533 || 2016-03-01 10:44:01 |
| 5288 || 64.0931799066756 || 2017-06-05 17:31:34 |
| 5289 || 73.711779134143 || 2019-08-23 18:55:50 |
| 5290 || 7.75594666142247 || 2011-07-25 08:13:38 |
| 5291 || -0.285217792189024 || 2015-12-01 00:40:41 |
| 5292 || 12.454811009464 || 2015-03-19 04:06:54 |
| 5293 || 20.1028539880023 || 2013-05-22 03:43:33 |
| 5294 || 78.6212752630811 || 2019-09-18 03:00:40 |
| 5295 || 28.5714592331834 || 2019-02-14 17:05:10 |
| 5296 || 3.53243807230144 || 2016-06-07 14:34:58 |
| 5297 || 13.3715098885456 || 2019-10-04 11:24:51 |
| 5298 || 23.1522786866091 || 2016-06-24 00:07:23 |
| 5299 || -16.9471880269901 || 2014-11-14 16:48:57 |
| 5300 || 26.1312666936191 || 2013-06-09 10:43:15 |
| 5301 || 5.84087526356576 || 2018-09-26 07:24:09 |
| 5302 || 9.14275805537249 || 2015-11-14 06:17:47 |
| 5303 || -19.9848733824757 || 2012-12-21 10:09:54 |
| 5304 || 86.4545812091422 || 2011-07-27 04:02:28 |
| 5305 || 53.4133812801986 || 2011-07-07 08:01:24 |
| 5306 || 2.7207538096099 || 2011-03-22 06:49:10 |
| 5307 || 4.65709301678324 || 2013-09-26 18:20:37 |
| 5308 || -4.68311848176193 || 2013-03-21 03:20:18 |
| 5309 || 2.49778590690119 || 2015-06-15 22:08:59 |
| 5310 || 17.6754222008502 || 2010-12-18 20:25:20 |
| 5311 || -0.531626602903613 || 2011-09-04 01:45:43 |
| 5312 || -0.150825428683166 || 2019-07-26 04:39:38 |
| 5313 || 21.8813924362911 || 2018-08-12 11:56:54 |
| 5314 || 88.1304776593451 || 2010-09-19 18:53:47 |
| 5315 || 3.54557599897954 || 2010-08-15 18:12:43 |
| 5316 || 15.6218594420376 || 2017-04-02 01:12:06 |
| 5317 || 2.51439147604253 || 2019-01-08 09:48:49 |
| 5318 || 42.816773052434 || 2016-08-25 01:44:03 |
| 5319 || 54.0696845232129 || 2018-03-03 19:27:54 |
| 5320 || 66.989220605722 || 2014-11-12 05:12:15 |
| 5321 || -2.70665468058931 || 2018-06-08 01:53:43 |
| 5322 || 0.996825755776201 || 2018-05-24 18:20:33 |
| 5323 || -13.2063233409187 || 2016-02-04 02:05:11 |
| 5324 || -19.4205683022641 || 2015-08-12 01:56:24 |
| 5325 || 70.4150269000329 || 2017-01-17 11:02:44 |
| 5326 || 2.31115992159734 || 2014-07-12 18:32:38 |
| 5327 || -0.0182263173249611 || 2014-05-23 08:34:42 |
| 5328 || 14.2226252356052 || 2012-10-23 23:18:08 |
| 5329 || -26.5689424494582 || 2014-06-18 23:44:06 |
| 5330 || 43.9329287942433 || 2018-04-06 14:41:25 |
| 5331 || 26.2569245451971 || 2017-09-08 15:14:15 |
| 5332 || 0.00563097617929674 || 2014-05-19 18:13:53 |
| 5333 || -7.34788343546838 || 2014-08-06 14:55:55 |
| 5334 || 9.48137526262384 || 2014-01-20 03:15:33 |
| 5335 || -7.18548113869871 || 2018-07-10 09:23:22 |
| 5336 || 22.7358982485001 || 2016-09-22 20:54:21 |
| 5337 || -0.140097096338534 || 2012-10-03 03:40:01 |
| 5338 || 16.7213315109929 || 2017-01-04 06:18:08 |
| 5339 || 12.9453166642572 || 2017-12-06 12:49:29 |
| 5340 || -12.865355827903 || 2019-08-27 02:54:50 |
| 5341 || 6.21770293060434 || 2012-12-27 07:04:21 |
| 5342 || 0.569978788799325 || 2014-10-01 10:50:52 |
| 5343 || 12.8650465759496 || 2016-10-23 05:40:47 |
| 5344 || 49.6773357339284 || 2015-09-19 00:40:07 |
| 5345 || 27.9093429356552 || 2017-12-08 16:26:25 |
| 5346 || -15.5729624925529 || 2012-09-02 22:48:14 |
| 5347 || -0.675397082769918 || 2015-05-19 10:02:55 |
| 5348 || 13.4424758917347 || 2017-06-25 22:16:01 |
| 5349 || -21.2449424290095 || 2015-07-03 01:26:16 |
| 5350 || 43.5625898120684 || 2017-05-05 15:04:58 |
| 5351 || 28.7492025320881 || 2015-08-20 14:08:08 |
| 5352 || 5.37158200035529 || 2014-05-24 07:02:33 |
| 5353 || 7.88906826775224 || 2018-08-24 16:44:07 |
| 5354 || 58.8351386588044 || 2011-03-02 03:23:36 |
| 5355 || -3.46522375439716 || 2010-07-25 11:06:00 |
| 5356 || -7.5782525974852 || 2014-11-08 09:19:36 |
| 5357 || 8.381903921254 || 2015-03-04 05:36:57 |
| 5358 || 6.67347723167117 || 2011-02-23 20:52:10 |
| 5359 || 30.1942543759479 || 2013-11-20 02:54:14 |
| 5360 || -26.4092440922545 || 2017-06-05 11:21:19 |
| 5361 || -20.8210638988409 || 2017-09-11 05:07:40 |
| 5362 || 1.177567307113 || 2012-02-04 05:58:16 |
| 5363 || 4.19589904100982 || 2016-07-10 00:31:23 |
| 5364 || -15.3642873346234 || 2014-10-11 06:28:31 |
| 5365 || 33.0705182708631 || 2019-05-16 21:09:36 |
| 5366 || 60.5952556759128 || 2014-04-19 08:40:50 |
| 5367 || 15.025191173879 || 2017-09-01 03:27:56 |
| 5368 || -0.471823720520489 || 2014-10-07 07:28:34 |
| 5369 || 45.6495097238219 || 2012-01-24 20:49:33 |
| 5370 || 46.8009418838898 || 2015-11-25 01:23:09 |
| 5371 || 4.69311117173211 || 2012-06-11 07:07:02 |
| 5372 || 17.7118584612207 || 2010-07-10 00:33:14 |
| 5373 || 1.37647736283456 || 2010-10-01 11:59:19 |
| 5374 || -13.514186753242 || 2015-06-14 13:11:33 |
| 5375 || -2.41965509010712 || 2014-11-02 14:46:50 |
| 5376 || -24.8428033305313 || 2011-02-07 05:02:42 |
| 5377 || -8.25471550813678 || 2010-12-03 05:19:44 |
| 5378 || -0.0398059737572455 || 2018-11-11 23:53:33 |
| 5379 || -9.93830481604056 || 2019-11-13 16:54:42 |
| 5380 || -15.1351941684392 || 2012-02-22 20:51:02 |
| 5381 || 10.2567361524185 || 2015-10-05 12:23:48 |
| 5382 || -9.61467366047052 || 2017-08-14 23:36:46 |
| 5383 || 7.9559187706905e-05 || 2015-11-20 23:17:04 |
| 5384 || 24.4755980520324 || 2010-05-03 02:01:20 |
| 5385 || 35.5543888155353 || 2012-12-06 22:23:41 |
| 5386 || 69.0955857963802 || 2019-07-23 17:30:51 |
| 5387 || -11.5115733656568 || 2011-01-03 15:08:35 |
| 5388 || 0.04013065531838 || 2014-01-27 16:34:13 |
| 5389 || 6.40000268311523 || 2016-04-23 06:32:42 |
| 5390 || 61.6144221103304 || 2011-03-05 07:26:01 |
| 5391 || -21.316223580192 || 2016-03-14 10:33:35 |
| 5392 || 11.9294934366109 || 2011-10-14 17:00:41 |
| 5393 || 0.983800168182925 || 2011-03-01 13:03:32 |
| 5394 || 17.1712798055425 || 2012-04-27 21:43:40 |
| 5395 || 52.7061656609672 || 2017-10-23 01:47:27 |
| 5396 || -18.6409712441403 || 2012-09-17 03:50:47 |
| 5397 || 2.82685701088143 || 2010-11-15 01:19:44 |
| 5398 || -0.620552555423758 || 2014-08-20 02:39:45 |
| 5399 || -2.23509462372576 || 2019-11-05 02:53:48 |
| 5400 || 32.2451745984844 || 2013-05-14 21:35:01 |
| 5401 || -29.6047825026194 || 2018-08-08 23:15:41 |
| 5402 || 20.9236818463614 || 2017-09-16 03:04:42 |
| 5403 || 1.01637614061547 || 2012-08-04 11:45:52 |
| 5404 || 6.10121923282463 || 2015-01-16 12:21:02 |
| 5405 || -2.74018489566294 || 2019-09-15 04:32:42 |
| 5406 || 89.3800189681535 || 2015-11-14 15:46:57 |
| 5407 || 48.1432547252845 || 2012-07-15 02:10:54 |
| 5408 || 2.61749263787141 || 2010-06-20 05:41:43 |
| 5409 || 5.72847648520346 || 2012-03-23 16:16:19 |
| 5410 || 5.81890508508671 || 2013-01-11 04:39:06 |
| 5411 || 89.9509429873398 || 2019-04-26 22:43:22 |
| 5412 || -14.9188899524295 || 2019-09-01 06:23:35 |
| 5413 || -0.322164506731766 || 2010-01-08 14:34:16 |
| 5414 || 5.71969792130837 || 2017-09-26 21:19:26 |
| 5415 || 48.7006299677706 || 2012-07-22 19:57:45 |
| 5416 || 76.4680675048121 || 2017-06-03 03:21:33 |
| 5417 || -15.3950554398359 || 2017-02-20 10:56:50 |
| 5418 || 12.4217177827031 || 2017-01-26 07:17:04 |
| 5419 || -0.840501606555726 || 2012-09-20 16:59:44 |
| 5420 || -15.4791778502587 || 2012-10-12 04:27:51 |
| 5421 || 54.1396536448779 || 2016-12-24 18:06:39 |
| 5422 || 41.5669273426485 || 2016-06-01 18:30:57 |
| 5423 || 8.18381688023945 || 2019-04-08 19:53:54 |
| 5424 || 0.567084874467407 || 2016-04-23 18:00:37 |
| 5425 || 41.977391190263 || 2015-12-03 00:46:58 |
| 5426 || 45.8908415601795 || 2010-04-10 20:22:20 |
| 5427 || 65.5046436070343 || 2017-07-03 17:28:25 |
| 5428 || 9.62225307768405 || 2012-12-09 17:45:26 |
| 5429 || 0.503944150452368 || 2018-03-10 21:43:28 |
| 5430 || -10.1521263931151 || 2010-08-05 23:21:04 |
| 5431 || 82.6801743989286 || 2012-05-17 16:02:23 |
| 5432 || 54.719981530974 || 2019-05-25 15:30:04 |
| 5433 || -9.59926496658152 || 2015-04-15 03:49:22 |
| 5434 || 0.0132376131628435 || 2014-04-15 10:17:28 |
| 5435 || 0.96841943208589 || 2016-03-21 07:26:08 |
| 5436 || 49.7076151955877 || 2012-03-06 21:47:53 |
| 5437 || 14.2013049476252 || 2016-04-15 09:18:14 |
| 5438 || 1.32830430547539 || 2011-03-18 04:41:21 |
| 5439 || 0.0741030075882434 || 2016-07-10 17:55:36 |
| 5440 || -5.32466045516898 || 2018-02-27 17:14:14 |
| 5441 || 32.596962865819 || 2018-02-09 19:45:19 |
| 5442 || 82.2264561654435 || 2010-04-19 02:36:49 |
| 5443 || 32.9801134548325 || 2012-07-06 14:35:41 |
| 5444 || 0.00180695835423279 || 2010-03-16 16:43:05 |
| 5445 || 19.4096852499559 || 2019-10-13 07:23:58 |
| 5446 || 37.0364942040591 || 2014-01-14 17:43:05 |
| 5447 || -27.8964150185077 || 2017-06-21 18:29:39 |
| 5448 || -14.0375728979791 || 2011-12-25 01:17:42 |
| 5449 || -0.649488504828639 || 2018-10-14 19:27:10 |
| 5450 || -1.30645719003944 || 2013-04-15 00:57:02 |
| 5451 || 48.517604822704 || 2011-07-12 19:01:34 |
| 5452 || -27.661238645503 || 2013-04-05 05:22:14 |
| 5453 || -4.15209230612223 || 2011-05-03 00:53:03 |
| 5454 || -0.563768152000209 || 2017-07-11 20:26:53 |
| 5455 || 12.8952687689958 || 2012-01-22 03:34:59 |
| 5456 || -16.5046376606883 || 2019-05-19 09:37:14 |
| 5457 || 8.6758086686661 || 2016-11-13 06:57:16 |
| 5458 || 18.687276502009 || 2017-04-01 21:17:32 |
| 5459 || -1.7010771679236 || 2013-10-18 03:05:33 |
| 5460 || 6.37557171476638 || 2019-12-13 06:41:02 |
| 5461 || 21.0365147382476 || 2016-07-05 11:36:47 |
| 5462 || 53.7073942572848 || 2014-12-13 17:59:16 |
| 5463 || 42.1976396190318 || 2019-10-03 04:50:44 |
| 5464 || -2.72951836356844 || 2016-06-19 16:39:15 |
| 5465 || 2.9476759850667 || 2013-08-02 00:52:07 |
| 5466 || 14.6962192181001 || 2013-02-02 18:55:58 |
| 5467 || 3.71413554501162 || 2011-11-18 17:00:53 |
| 5468 || 56.1726248529104 || 2014-08-14 21:47:00 |
| 5469 || 14.1956528150457 || 2018-03-05 13:27:40 |
| 5470 || 2.8513523854875 || 2019-01-15 12:36:53 |
| 5471 || 22.6905218882411 || 2019-06-09 17:25:10 |
| 5472 || 9.22208038283882 || 2014-01-24 08:50:14 |
| 5473 || -23.4379341963988 || 2019-01-05 18:43:31 |
| 5474 || -1.68182552792429 || 2013-09-21 02:36:17 |
| 5475 || 0.69120818711066 || 2011-11-15 07:06:13 |
| 5476 || 38.7331657287538 || 2014-12-16 16:29:10 |
| 5477 || 86.7132991340055 || 2014-01-20 11:39:39 |
| 5478 || 72.0841593459055 || 2012-11-17 15:21:55 |
| 5479 || 7.47278142963025 || 2018-10-07 03:46:00 |
| 5480 || -0.173876821681624 || 2014-08-07 16:24:28 |
| 5481 || 13.3808283370008 || 2012-02-15 07:04:27 |
| 5482 || 62.5966676098863 || 2016-01-01 14:01:56 |
| 5483 || 75.8901124282822 || 2010-07-15 21:23:53 |
| 5484 || 24.5775066217504 || 2011-01-12 01:31:47 |
| 5485 || -0.0115085666886837 || 2017-05-24 02:42:38 |
| 5486 || -9.59294515172377 || 2015-09-18 07:10:13 |
| 5487 || 36.5178878599588 || 2012-11-21 21:05:10 |
| 5488 || 81.2945355143354 || 2014-05-05 10:20:46 |
| 5489 || 32.1540845194161 || 2017-04-23 12:53:06 |
| 5490 || 0.000862338403124759 || 2010-12-07 14:03:01 |
| 5491 || -8.98596594633601 || 2019-10-12 06:22:31 |
| 5492 || -14.2173401729672 || 2015-09-26 03:46:32 |
| 5493 || 80.1948411031756 || 2017-09-15 16:07:10 |
| 5494 || 16.3942771368084 || 2017-08-04 15:20:00 |
| 5495 || 0.622308644030838 || 2019-06-13 11:58:38 |
| 5496 || 9.83144437179871 || 2012-07-13 15:01:45 |
| 5497 || 38.2862560382205 || 2017-10-09 03:19:27 |
| 5498 || 33.5517608422573 || 2019-02-05 15:57:18 |
| 5499 || 41.1869908800651 || 2013-07-11 12:48:43 |
| 5500 || 2.14477314696534 || 2019-10-23 02:57:34 |
| 5501 || 13.9547907635541 || 2011-03-16 23:15:56 |
| 5502 || -14.8516505757589 || 2013-02-04 17:58:18 |
| 5503 || 38.3053825115445 || 2010-06-04 21:58:38 |
| 5504 || 43.8278029318681 || 2017-10-12 00:42:02 |
| 5505 || -0.710343958813437 || 2018-09-18 08:26:18 |
| 5506 || 11.4030431610555 || 2010-11-26 21:10:54 |
| 5507 || 54.7488124095769 || 2010-05-13 14:31:59 |
| 5508 || -20.519517624359 || 2018-08-14 12:15:34 |
| 5509 || -17.7971310866729 || 2014-07-06 17:46:55 |
| 5510 || 0.142382346785811 || 2018-11-19 06:25:56 |
| 5511 || 8.43494016397169 || 2011-04-16 02:31:09 |
| 5512 || -14.224231644709 || 2014-09-26 20:25:14 |
| 5513 || -10.1161951407146 || 2019-12-08 03:06:41 |
| 5514 || -13.1851234822036 || 2011-01-27 16:03:56 |
| 5515 || 9.62747714180482 || 2012-01-02 11:23:55 |
| 5516 || -0.672025835506703 || 2019-10-26 00:03:23 |
| 5517 || 19.7062702427132 || 2015-12-23 00:36:02 |
| 5518 || 66.2184109995852 || 2016-12-13 01:49:24 |
| 5519 || 61.7087144595643 || 2014-04-21 08:32:46 |
| 5520 || -4.24583845828596 || 2016-11-01 15:46:28 |
| 5521 || 3.21803774655059 || 2012-03-09 15:59:15 |
| 5522 || -3.51292602384776 || 2019-02-19 13:52:33 |
| 5523 || 68.8487476667468 || 2015-08-04 00:15:28 |
| 5524 || 23.599330431207 || 2013-11-08 20:20:58 |
| 5525 || 17.5342543833328 || 2016-10-04 19:32:51 |
| 5526 || 2.17657303896285 || 2010-04-17 20:39:40 |
| 5527 || 12.3006041790187 || 2012-03-05 19:27:13 |
| 5528 || 74.0349164683112 || 2010-11-22 10:22:48 |
| 5529 || -7.4754165448462 || 2014-12-09 13:51:56 |
| 5530 || -6.74973015777426 || 2017-03-17 17:04:07 |
| 5531 || -0.109298205079804 || 2011-09-15 23:15:28 |
| 5532 || 1.18051996258796 || 2014-02-27 15:53:27 |
| 5533 || 13.0941647640628 || 2014-07-11 00:54:08 |
| 5534 || -18.1470921012886 || 2011-10-03 18:26:14 |
| 5535 || 0.307973140378966 || 2017-01-06 01:47:08 |
| 5536 || 0.124096611768302 || 2014-03-25 04:49:07 |
| 5537 || 21.9059126433992 || 2015-03-15 06:30:21 |
| 5538 || 78.9366953071709 || 2012-11-04 10:23:05 |
| 5539 || 19.7674417656523 || 2015-09-02 20:41:53 |
| 5540 || 17.2829047677218 || 2018-04-14 19:04:01 |
| 5541 || 0.00629456211744237 || 2019-07-02 11:52:28 |
| 5542 || 12.2901236260167 || 2014-04-03 13:45:52 |
| 5543 || 57.7439602171306 || 2010-04-05 09:12:29 |
| 5544 || -12.090023732039 || 2010-09-14 01:13:59 |
| 5545 || 37.0955612701684 || 2017-09-09 02:05:14 |
| 5546 || 0.440208002579317 || 2012-08-08 03:52:34 |
| 5547 || 9.89954257767058 || 2016-05-12 01:07:29 |
| 5548 || 74.0692148819037 || 2013-02-27 09:46:02 |
| 5549 || -27.509704777293 || 2012-12-04 18:27:27 |
| 5550 || 13.0623676007614 || 2015-08-04 05:14:05 |
| 5551 || 1.8388257673811 || 2019-12-07 05:50:45 |
| 5552 || 16.4648672536765 || 2017-06-19 20:38:40 |
| 5553 || 65.0908667759263 || 2012-11-03 01:30:47 |
| 5554 || 75.0687013497394 || 2011-12-05 11:40:00 |
| 5555 || 18.3357209932108 || 2013-02-26 13:25:31 |
| 5556 || -0.965280372608163 || 2018-11-13 10:19:42 |
| 5557 || 7.25150598658946 || 2010-07-19 11:59:20 |
| 5558 || -17.2665804076787 || 2015-01-21 09:04:01 |
| 5559 || -29.4170220222443 || 2011-06-09 03:54:58 |
| 5560 || 1.00260155267029 || 2013-08-16 00:51:35 |
| 5561 || 2.04140504603811 || 2016-01-11 06:57:53 |
| 5562 || 10.4202634168654 || 2017-07-24 15:04:41 |
| 5563 || -18.9444096557892 || 2010-01-01 04:25:53 |
| 5564 || -29.5718975081696 || 2013-09-12 20:53:28 |
| 5565 || 10.63985719743 || 2019-02-20 08:16:44 |
| 5566 || 2.24529451253836 || 2015-05-15 09:53:28 |
| 5567 || 0.405614419822872 || 2014-04-23 08:28:02 |
| 5568 || -3.57065293869325 || 2016-08-11 21:20:10 |
| 5569 || 89.7994303658335 || 2014-07-15 23:17:20 |
| 5570 || 59.9635367719906 || 2013-10-06 00:59:20 |
| 5571 || -1.53010178286861 || 2014-11-03 08:20:06 |
| 5572 || 0.987823216111975 || 2011-10-05 02:02:05 |
| 5573 || -10.8405670972294 || 2019-10-19 03:23:16 |
| 5574 || 0.990556388141165 || 2014-06-02 03:36:38 |
| 5575 || 1.48125742025914 || 2011-10-16 15:28:33 |
| 5576 || 12.9688292527988 || 2011-05-07 11:25:28 |
| 5577 || 2.57495047803217 || 2011-07-01 19:04:12 |
| 5578 || -14.4604233746506 || 2016-11-17 00:28:19 |
| 5579 || 85.3805033541314 || 2019-06-08 16:12:51 |
| 5580 || -6.91646259952134 || 2012-04-23 11:54:06 |
| 5581 || -3.45295010334392 || 2014-02-27 12:03:23 |
| 5582 || 0.401398945232429 || 2016-05-09 18:08:24 |
| 5583 || 38.7171022380987 || 2013-09-23 08:35:38 |
| 5584 || 84.0281532337644 || 2011-11-07 22:48:38 |
| 5585 || 21.3428378513145 || 2014-08-21 07:50:23 |
| 5586 || 5.35141739568166 || 2014-12-02 11:10:20 |
| 5587 || 0.181843803065452 || 2016-07-06 09:21:00 |
| 5588 || -6.48639315063665 || 2010-05-26 09:48:05 |
| 5589 || 70.9928475551609 || 2018-10-27 19:33:59 |
| 5590 || -6.62112838271223 || 2013-07-11 13:38:47 |
| 5591 || -5.54296750998912 || 2012-04-21 06:41:27 |
| 5592 || 0.0112772695708127 || 2013-07-23 12:52:43 |
| 5593 || -0.735853987023742 || 2014-08-20 18:56:55 |
| 5594 || 4.25952343735559 || 2013-03-19 17:57:35 |
| 5595 || 11.2135282090595 || 2016-01-02 02:44:19 |
| 5596 || 12.7779059920687 || 2018-10-11 17:07:26 |
| 5597 || 0.0790728911748232 || 2018-02-01 00:18:08 |
| 5598 || 13.9793258692945 || 2013-09-09 10:59:37 |
| 5599 || 2.06353500553236 || 2012-11-06 03:09:28 |
| 5600 || -28.5977631087388 || 2012-12-04 05:16:22 |
| 5601 || -8.06244098609646 || 2017-11-10 14:45:43 |
| 5602 || 1.56402221543729 || 2011-09-12 16:13:58 |
| 5603 || 5.71785098870254 || 2010-03-07 22:50:50 |
| 5604 || 61.2180535890068 || 2014-02-14 10:09:07 |
| 5605 || 70.9432055124042 || 2019-06-15 21:03:57 |
| 5606 || -14.3846792597498 || 2010-05-23 02:15:41 |
| 5607 || 1.60485786597238 || 2010-03-25 04:18:05 |
| 5608 || 3.84326800768156 || 2013-02-06 03:10:56 |
| 5609 || 66.8817771921558 || 2013-10-25 18:15:59 |
| 5610 || -7.54399074478385 || 2011-06-14 03:02:04 |
| 5611 || -16.8371725307465 || 2019-12-25 15:21:06 |
| 5612 || -0.729346637822375 || 2013-05-16 17:41:49 |
| 5613 || 9.03604078864888 || 2015-05-01 18:16:00 |
| 5614 || 8.85204054297052 || 2011-03-06 22:43:46 |
| 5615 || 75.5397941370721 || 2012-09-06 15:15:06 |
| 5616 || -10.1549584669761 || 2019-07-03 17:36:22 |
| 5617 || 8.53863118388714 || 2017-02-24 04:51:32 |
| 5618 || -2.40050671985943 || 2013-11-06 16:24:52 |
| 5619 || -7.70650624701289 || 2015-04-06 09:55:53 |
| 5620 || -29.9524194493939 || 2012-01-14 17:34:05 |
| 5621 || -20.5322523841138 || 2019-01-03 21:56:21 |
| 5622 || -3.97455431547048 || 2018-09-20 21:33:05 |
| 5623 || 3.46471582137213 || 2013-01-21 05:50:41 |
| 5624 || 4.96924522854645 || 2016-08-12 06:21:00 |
| 5625 || 19.2177672034028 || 2010-12-08 23:41:46 |
| 5626 || -21.3921234256888 || 2011-02-18 16:09:51 |
| 5627 || 6.21111753430227 || 2015-02-05 16:02:46 |
| 5628 || 2.21455390670083 || 2018-01-13 20:53:47 |
| 5629 || 16.2304348618949 || 2018-12-27 01:09:39 |
| 5630 || 20.3591979598776 || 2018-04-10 19:16:07 |
| 5631 || 9.61157883647555 || 2017-10-27 06:53:22 |
| 5632 || -4.39268248878455 || 2011-04-26 14:21:26 |
| 5633 || 0.308187196745198 || 2018-01-12 18:38:46 |
| 5634 || 38.9444661795157 || 2013-04-27 03:50:07 |
| 5635 || 25.9965735237164 || 2017-03-01 07:21:12 |
| 5636 || -12.1604252155812 || 2015-09-25 09:27:21 |
| 5637 || 22.2074210464423 || 2010-12-22 22:44:48 |
| 5638 || 0.126125160232968 || 2014-10-16 18:34:56 |
| 5639 || 28.9550441537409 || 2011-06-23 11:07:30 |
| 5640 || 72.829898690679 || 2010-10-13 14:59:11 |
| 5641 || 44.9369350262455 || 2014-12-12 08:54:07 |
| 5642 || 28.3080070026111 || 2016-01-15 21:40:44 |
| 5643 || 2.6139368477347e-06 || 2014-09-21 09:29:44 |
| 5644 || 28.5449994234572 || 2015-04-12 00:03:41 |
| 5645 || -17.5363082876681 || 2013-11-27 08:17:04 |
| 5646 || 7.07063937908119 || 2010-02-23 14:41:15 |
| 5647 || 35.1750955749121 || 2018-09-24 07:24:21 |
| 5648 || -0.0788246023498827 || 2016-05-09 11:03:19 |
| 5649 || 2.6597078893576 || 2018-05-22 12:39:04 |
| 5650 || -19.650533155727 || 2017-09-15 22:50:12 |
| 5651 || 27.0324241478782 || 2019-07-27 07:05:33 |
| 5652 || 40.620756560058 || 2012-11-07 23:04:21 |
| 5653 || 0.117636268638374 || 2015-05-22 03:53:03 |
| 5654 || 16.3174885771053 || 2016-01-13 19:42:07 |
| 5655 || 53.7664057907273 || 2017-07-07 03:17:34 |
| 5656 || 85.8798599982606 || 2017-09-01 16:21:15 |
| 5657 || 44.9315013580438 || 2013-09-02 09:58:43 |
| 5658 || -0.873642981430726 || 2012-12-21 10:10:10 |
| 5659 || 15.4180757261644 || 2019-10-16 01:25:41 |
| 5660 || 57.1259650318944 || 2012-10-04 20:24:41 |
| 5661 || -29.4750428019188 || 2012-08-17 06:09:09 |
| 5662 || 41.2894983358033 || 2015-05-27 02:33:11 |
| 5663 || -0.0413279666683265 || 2015-12-06 21:52:49 |
| 5664 || -3.72824829323185 || 2016-06-13 21:41:42 |
| 5665 || 59.5328146033881 || 2014-07-14 08:58:56 |
| 5666 || -17.0766723120901 || 2010-09-23 06:07:39 |
| 5667 || 19.8996370171742 || 2013-10-27 02:11:18 |
| 5668 || 5.81529804154268 || 2012-02-21 15:57:53 |
| 5669 || -1.48478596666269 || 2014-12-03 01:25:42 |
| 5670 || -6.97221372334348 || 2010-06-01 04:31:20 |
| 5671 || 83.1349370794608 || 2016-12-12 04:24:23 |
| 5672 || 56.5346751821939 || 2013-02-14 13:58:03 |
| 5673 || 6.47456233747229 || 2012-08-10 23:54:20 |
| 5674 || 0.69264010715389 || 2016-05-16 12:47:57 |
| 5675 || -16.8404754359994 || 2016-11-13 07:18:09 |
| 5676 || -24.9876487789697 || 2010-09-06 20:01:33 |
| 5677 || -22.2196016564305 || 2014-07-17 23:46:19 |
| 5678 || 11.4898793502085 || 2010-01-25 10:10:05 |
| 5679 || -1.09113163497567 || 2013-08-02 04:02:13 |
| 5680 || -3.33525143825531 || 2010-05-16 17:49:48 |
| 5681 || -9.00706565994781 || 2014-06-03 22:52:49 |
| 5682 || -18.35891137914 || 2016-09-05 07:46:52 |
| 5683 || -0.076497152307547 || 2010-05-19 19:24:20 |
| 5684 || 1.30342218480301 || 2016-09-17 12:49:21 |
| 5685 || -13.7185670071063 || 2014-07-07 15:38:59 |
| 5686 || 1.56042960914824 || 2014-10-16 02:35:55 |
| 5687 || 1.78370569603997 || 2015-05-27 08:43:57 |
| 5688 || -3.75231330594752 || 2018-01-23 18:12:59 |
| 5689 || -0.07531474182104 || 2014-12-11 14:23:20 |
| 5690 || 28.1237119440962 || 2019-01-10 00:32:30 |
| 5691 || 13.8159757151266 || 2010-10-21 10:47:19 |
| 5692 || 73.8073647699262 || 2019-07-15 11:47:54 |
| 5693 || -5.02052691116232 || 2016-08-16 05:42:00 |
| 5694 || 0.0108453697696416 || 2014-01-26 03:34:47 |
| 5695 || -9.23294666417411 || 2013-10-07 22:19:56 |
| 5696 || -26.7212963857722 || 2016-07-27 21:16:05 |
| 5697 || 78.5052109269094 || 2018-08-24 15:57:40 |
| 5698 || -4.63674023145796 || 2014-01-11 06:23:29 |
| 5699 || -0.0693729134264184 || 2012-09-13 20:20:02 |
| 5700 || 10.9288386665001 || 2014-05-23 23:18:41 |
| 5701 || 23.6563596889702 || 2017-10-20 07:35:14 |
| 5702 || 82.2650238971554 || 2013-08-16 11:26:38 |
| 5703 || 4.16858651713144 || 2017-05-14 08:32:52 |
| 5704 || 0.234064174351964 || 2011-10-26 00:03:38 |
| 5705 || -3.03757625449215 || 2012-06-01 14:34:47 |
| 5706 || -19.1046798586539 || 2015-07-17 05:34:20 |
| 5707 || 45.0575571055298 || 2018-01-24 05:33:15 |
| 5708 || 37.1877367443327 || 2017-03-19 18:13:16 |
| 5709 || 2.56350756892056 || 2013-12-10 15:18:24 |
| 5710 || 12.6770320099058 || 2011-06-25 16:40:51 |
| 5711 || -7.27435666512104 || 2012-10-19 09:20:32 |
| 5712 || 3.36543582158408 || 2019-04-07 06:41:57 |
| 5713 || 19.0643268954882 || 2018-07-04 14:53:53 |
| 5714 || 2.76736411292886 || 2017-03-16 19:21:02 |
| 5715 || -4.03473908961978 || 2014-07-18 21:55:45 |
| 5716 || -14.1132962763109 || 2019-08-05 05:52:07 |
| 5717 || -24.3310738161536 || 2019-03-22 07:12:20 |
| 5718 || 54.9519756765955 || 2014-04-04 15:28:09 |
| 5719 || 1.23965632695586 || 2011-12-08 06:09:11 |
| 5720 || 1.39299370265272 || 2016-01-17 00:31:28 |
| 5721 || 57.4122360080687 || 2010-09-16 09:49:20 |
| 5722 || 69.6825289583017 || 2014-09-07 16:30:35 |
| 5723 || 59.6261239019548 || 2011-01-04 14:19:26 |
| 5724 || 4.93732093442718 || 2015-02-07 11:10:47 |
| 5725 || -1.09284991713253 || 2016-03-14 01:51:10 |
| 5726 || 53.1236355804426 || 2010-04-15 05:54:49 |
| 5727 || -27.9628323046503 || 2011-12-12 18:45:37 |
| 5728 || -5.67340263617193 || 2013-06-12 22:50:21 |
| 5729 || 14.1957033211048 || 2015-06-04 02:27:01 |
| 5730 || 2.28234249416731 || 2013-09-19 23:16:29 |
| 5731 || -13.2054141587424 || 2019-05-03 20:13:08 |
| 5732 || 85.9886509424703 || 2014-11-13 14:59:45 |
| 5733 || 12.7651465708803 || 2012-01-24 08:49:16 |
| 5734 || -3.41474957688887 || 2014-11-05 14:38:17 |
| 5735 || 1.51595711933222 || 2013-04-01 19:50:14 |
| 5736 || 42.070571402602 || 2017-02-21 14:03:12 |
| 5737 || -24.0676629785334 || 2017-12-13 14:55:04 |
| 5738 || -24.1044337471843 || 2010-07-22 21:25:07 |
| 5739 || 14.9966139732292 || 2015-10-17 18:39:24 |
| 5740 || 0.407172769106725 || 2013-03-18 16:52:54 |
| 5741 || 34.9881219382353 || 2012-10-08 19:42:24 |
| 5742 || -14.9949448190701 || 2017-12-22 08:16:32 |
| 5743 || -9.58971162644628 || 2017-09-07 05:52:50 |
| 5744 || 23.5003749538285 || 2017-12-15 11:03:39 |
| 5745 || 0.00601629719894474 || 2018-12-07 10:56:26 |
| 5746 || 22.2100633729302 || 2014-02-13 23:02:48 |
| 5747 || 81.0123788979337 || 2018-08-23 22:20:45 |
| 5748 || 10.549111583311 || 2019-11-15 16:45:08 |
| 5749 || 22.6668815102807 || 2012-09-14 20:04:33 |
| 5750 || 0.0608412879661625 || 2016-09-12 00:46:59 |
| 5751 || -8.85995574502351 || 2010-04-12 13:07:58 |
| 5752 || 70.5607107129493 || 2016-03-14 08:55:22 |
| 5753 || -25.2599351138257 || 2019-09-04 15:18:21 |
| 5754 || -2.89216049196397 || 2019-11-22 00:14:43 |
| 5755 || -0.0427160143896296 || 2017-03-19 03:32:17 |
| 5756 || 20.8477003987418 || 2017-02-02 21:49:02 |
| 5757 || 63.3595329030767 || 2012-09-04 15:44:42 |
| 5758 || -19.1065266720571 || 2010-03-09 07:25:55 |
| 5759 || 43.7420755762698 || 2010-12-10 08:22:56 |
| 5760 || 2.12479409688487 || 2012-01-27 12:06:47 |
| 5761 || -5.85105983699489 || 2019-08-22 23:01:50 |
| 5762 || -12.7556452714007 || 2015-10-13 06:34:39 |
| 5763 || 14.8593429595583 || 2010-02-25 22:29:23 |
| 5764 || 32.1534925419658 || 2013-07-19 11:40:32 |
| 5765 || 0.963351426875425 || 2011-11-18 02:17:19 |
| 5766 || 5.54700807621299 || 2017-11-05 13:56:49 |
| 5767 || -14.0503330568479 || 2016-04-01 15:15:20 |
| 5768 || 11.696540605671 || 2016-02-19 03:30:19 |
| 5769 || 36.8325655172584 || 2014-11-20 11:27:22 |
| 5770 || 4.89951715853758 || 2012-07-03 10:28:39 |
| 5771 || -1.36503636810312 || 2010-05-06 23:52:59 |
| 5772 || -8.46523036538737 || 2014-01-07 23:08:25 |
| 5773 || -24.9397503311954 || 2010-06-26 18:12:15 |
| 5774 || -16.0865398082258 || 2018-04-18 21:19:41 |
| 5775 || 5.54240711780155 || 2010-02-01 02:09:16 |
| 5776 || 3.7531854086633 || 2010-10-23 13:48:31 |
| 5777 || 9.31738630912868 || 2016-12-17 11:12:52 |
| 5778 || -20.8560539958149 || 2019-05-10 16:37:54 |
| 5779 || 15.5466873610517 || 2017-06-17 02:47:13 |
| 5780 || 13.0497190622522 || 2015-03-15 01:50:44 |
| 5781 || 2.8006046865772 || 2013-09-21 02:20:04 |
| 5782 || -14.9467035396672 || 2014-04-24 15:58:42 |
| 5783 || -29.5372353206102 || 2015-04-24 02:21:38 |
| 5784 || 69.4424000051482 || 2016-10-02 06:53:55 |
| 5785 || 0.0383367686049777 || 2011-06-17 10:04:29 |
| 5786 || -0.703109525380628 || 2016-05-11 10:31:40 |
| 5787 || 42.0748137007572 || 2013-11-09 17:36:33 |
| 5788 || -22.6461132839005 || 2018-07-17 15:48:56 |
| 5789 || -18.2019972664034 || 2018-12-13 02:43:46 |
| 5790 || -7.28225156190902 || 2011-03-23 11:06:46 |
| 5791 || -0.153953706188494 || 2017-09-11 17:33:07 |
| 5792 || 17.2878395271772 || 2011-12-03 17:33:48 |
| 5793 || 70.2547940541118 || 2014-01-12 08:48:12 |
| 5794 || -16.3544548950598 || 2017-07-19 01:46:08 |
| 5795 || 17.2148218808563 || 2018-12-15 18:46:28 |
| 5796 || 0.102813784778871 || 2012-06-07 16:43:35 |
| 5797 || 27.6759596999847 || 2015-04-03 03:11:15 |
| 5798 || 65.204569441566 || 2017-08-27 23:08:02 |
| 5799 || -9.33248920103349 || 2016-01-08 17:25:37 |
| 5800 || 29.0138942584925 || 2012-10-13 12:00:28 |
| 5801 || -0.00248582907097922 || 2014-12-27 08:48:51 |
| 5802 || 27.6278935913164 || 2019-07-08 23:33:27 |
| 5803 || 78.3178788927235 || 2018-12-06 17:46:15 |
| 5804 || -21.2304343206046 || 2010-11-22 05:39:06 |
| 5805 || 36.6568070377095 || 2012-07-19 18:36:40 |
| 5806 || -0.154491564762088 || 2014-03-21 18:08:35 |
| 5807 || -7.11208972694132 || 2010-04-26 23:30:45 |
| 5808 || 69.1258179634301 || 2012-12-27 09:10:01 |
| 5809 || 75.7229318275389 || 2011-06-17 21:52:33 |
| 5810 || 35.5543536128752 || 2013-04-10 08:02:19 |
| 5811 || -0.547960850306339 || 2015-03-25 05:22:17 |
| 5812 || 9.48354964833706 || 2019-12-07 00:11:06 |
| 5813 || -23.389154039803 || 2016-12-12 00:32:43 |
| 5814 || -29.4144470913111 || 2013-09-24 22:42:57 |
| 5815 || -11.7249449687621 || 2017-08-11 03:51:40 |
| 5816 || 3.79751857008915 || 2010-08-08 02:29:18 |
| 5817 || 13.6310900618097 || 2012-02-10 15:39:21 |
| 5818 || 21.61984639463 || 2011-10-20 01:41:57 |
| 5819 || 25.105832812019 || 2011-11-27 08:49:48 |
| 5820 || 9.1173002159951 || 2019-08-21 19:51:00 |
| 5821 || -2.07897150864563 || 2018-02-24 06:47:02 |
| 5822 || 9.9919878814098 || 2015-06-13 02:57:08 |
| 5823 || 37.0467310006268 || 2017-03-21 20:19:22 |
| 5824 || 69.7215691138972 || 2011-05-13 05:09:45 |
| 5825 || -10.7528981452494 || 2012-10-21 00:24:11 |
| 5826 || 1.0889792216107 || 2019-10-10 14:52:59 |
| 5827 || -1.42830253817263 || 2019-05-15 12:31:17 |
| 5828 || -16.4428700960868 || 2014-04-11 04:01:17 |
| 5829 || -28.7105368982379 || 2010-07-08 15:08:40 |
| 5830 || 19.5212908937491 || 2016-03-24 02:13:16 |
| 5831 || -2.9339381513242 || 2010-08-23 05:15:12 |
| 5832 || 4.57000558700736 || 2017-04-19 14:59:34 |
| 5833 || 21.5569402975237 || 2010-08-15 10:57:02 |
| 5834 || 2.23356487233897 || 2016-06-22 06:44:48 |
| 5835 || 5.09984776315215 || 2011-04-01 16:41:59 |
| 5836 || -5.50853453825212 || 2015-12-17 04:04:26 |
| 5837 || 1.89443781970904 || 2013-11-03 10:35:53 |
| 5838 || 41.3594124790011 || 2018-03-08 22:08:55 |
| 5839 || 71.6607941065727 || 2012-09-19 12:36:24 |
| 5840 || 72.6600099751324 || 2019-06-03 09:51:36 |
| 5841 || 17.6283005738486 || 2014-09-09 12:05:12 |
| 5842 || 0.848440825989525 || 2015-06-10 21:05:20 |
| 5843 || 18.2995170092573 || 2011-08-05 11:38:37 |
| 5844 || 14.5702888173963 || 2012-09-07 23:06:24 |
| 5845 || 5.28924869608364 || 2010-10-12 03:35:38 |
| 5846 || 20.6660562016488 || 2019-05-06 14:25:12 |
| 5847 || -0.0417115068664819 || 2019-04-12 09:49:56 |
| 5848 || -1.93348593316658 || 2012-09-04 20:13:54 |
| 5849 || 37.6649849529751 || 2018-11-02 18:55:48 |
| 5850 || -23.2433176884125 || 2017-03-16 01:12:16 |
| 5851 || 19.6098916165953 || 2014-03-23 00:18:07 |
| 5852 || 0.0171695291307164 || 2016-11-24 01:39:01 |
| 5853 || 22.9015320651404 || 2012-10-03 01:37:46 |
| 5854 || -20.1077173075679 || 2018-02-12 15:54:35 |
| 5855 || 77.2745078327319 || 2015-08-09 23:24:50 |
| 5856 || 2.24535384572914 || 2016-11-05 01:49:03 |
| 5857 || 0.310909107847251 || 2014-05-06 23:58:08 |
| 5858 || 19.2777639838325 || 2017-02-07 15:44:04 |
| 5859 || -23.5534058800751 || 2016-11-11 04:49:08 |
| 5860 || -28.7821401189064 || 2013-01-26 19:29:43 |
| 5861 || 4.71439447944645 || 2013-07-09 01:18:24 |
| 5862 || 1.0288692643024 || 2017-04-13 20:50:30 |
| 5863 || -2.14130401595343 || 2019-12-04 09:43:19 |
| 5864 || 10.158761069188 || 2012-09-27 04:20:55 |
| 5865 || 79.3939521282999 || 2016-04-01 00:59:05 |
| 5866 || -9.1278179945639 || 2010-09-01 04:42:37 |
| 5867 || 2.50517695831624 || 2012-11-08 16:09:34 |
| 5868 || -0.0895307643305871 || 2019-06-10 02:42:45 |
| 5869 || -20.5045793164637 || 2013-05-15 21:27:04 |
| 5870 || 81.0720108498373 || 2010-01-07 05:22:14 |
| 5871 || 25.5390849854805 || 2016-11-12 17:49:53 |
| 5872 || -1.90266564918739 || 2014-05-03 12:59:25 |
| 5873 || -2.97283150765828 || 2017-10-23 01:44:54 |
| 5874 || -19.9553110381168 || 2013-08-14 07:11:34 |
| 5875 || -15.1290851697171 || 2015-03-18 12:31:20 |
| 5876 || 45.3457632224183 || 2010-12-09 14:46:15 |
| 5877 || 3.2279174949956 || 2015-10-09 12:35:37 |
| 5878 || -2.58362618991107 || 2018-12-08 06:13:09 |
| 5879 || -7.102005500752 || 2017-03-19 19:39:02 |
| 5880 || 70.6694261212321 || 2018-11-22 06:49:56 |
| 5881 || 39.3659657672811 || 2018-05-09 06:49:36 |
| 5882 || 7.94143342251889 || 2014-10-14 18:21:39 |
| 5883 || 1.22775722706242 || 2016-04-05 03:41:32 |
| 5884 || 27.4186992341871 || 2010-06-03 09:16:35 |
| 5885 || -13.0396031020139 || 2010-01-24 08:42:21 |
| 5886 || 1.65847644312562 || 2019-08-23 22:42:45 |
| 5887 || 8.96180069054986 || 2018-08-02 19:34:32 |
| 5888 || -0.346274050108241 || 2017-12-03 09:23:38 |
| 5889 || 44.9293434051724 || 2015-11-20 12:01:22 |
| 5890 || 81.077181609785 || 2018-12-04 06:52:20 |
| 5891 || 67.6460374167733 || 2010-10-15 13:46:03 |
| 5892 || 18.666174094344 || 2018-08-10 14:30:55 |
| 5893 || -0.352523688836404 || 2015-01-17 09:55:09 |
| 5894 || -2.01206672924553 || 2010-04-24 10:54:53 |
| 5895 || -27.0178195637232 || 2014-09-15 09:26:31 |
| 5896 || 6.84772898753384 || 2011-11-15 07:45:16 |
| 5897 || 21.5037265758561 || 2015-05-27 16:41:46 |
| 5898 || 0.284839162378773 || 2019-01-20 22:39:45 |
| 5899 || -11.6719135121945 || 2012-08-08 18:17:55 |
| 5900 || -27.6648755731109 || 2014-12-27 05:38:45 |
| 5901 || 80.2117045950396 || 2013-04-13 02:08:21 |
| 5902 || -3.24719115321944 || 2010-02-01 01:14:56 |
| 5903 || 0.000666752091431398 || 2012-01-10 22:53:17 |
| 5904 || -3.20391195317241 || 2011-08-02 04:25:37 |
| 5905 || 75.3700939288748 || 2010-01-14 01:26:35 |
| 5906 || -26.484210596956 || 2018-01-19 00:13:19 |
| 5907 || -10.4192021504679 || 2013-04-11 02:47:17 |
| 5908 || -0.1103570057846 || 2010-04-23 22:26:54 |
| 5909 || -6.5426601666252 || 2012-12-07 09:30:07 |
| 5910 || 25.2181163360103 || 2015-10-06 16:56:49 |
| 5911 || -24.5262768666575 || 2010-06-04 16:04:04 |
| 5912 || -13.1242122933841 || 2011-11-12 13:27:57 |
| 5913 || 1.06899370802375 || 2014-12-20 01:19:15 |
| 5914 || 18.7103406870138 || 2015-01-02 20:14:35 |
| 5915 || 17.1550865886749 || 2019-02-10 07:52:02 |
| 5916 || 76.6949533533028 || 2010-12-12 21:48:02 |
| 5917 || -4.87951377461668 || 2011-12-26 14:12:18 |
| 5918 || 2.03652863363074 || 2010-07-12 20:31:03 |
| 5919 || 11.4776756557181 || 2014-05-06 00:50:02 |
| 5920 || -15.5722578230343 || 2019-01-06 18:23:05 |
| 5921 || -29.4344970981575 || 2014-09-09 09:34:11 |
| 5922 || 11.1509254342363 || 2019-05-03 16:08:37 |
| 5923 || 5.28309974915809 || 2010-12-14 04:52:27 |
| 5924 || 0.396689432573223 || 2017-01-22 06:58:42 |
| 5925 || 50.680411293293 || 2010-04-13 19:46:46 |
| 5926 || -9.52627541084122 || 2015-09-02 13:39:39 |
| 5927 || 45.4660949389742 || 2013-02-06 19:04:24 |
| 5928 || 1.85490254726183 || 2010-09-11 05:43:12 |
| 5929 || -1.89978515094396 || 2012-11-04 10:32:05 |
| 5930 || 56.8616102255273 || 2019-04-06 09:14:02 |
| 5931 || 89.8815790926156 || 2019-04-06 06:13:34 |
| 5932 || 56.6927840197189 || 2013-05-11 00:12:08 |
| 5933 || 3.18181768186215 || 2014-08-14 19:33:40 |
| 5934 || -0.862422099828734 || 2019-02-19 05:27:21 |
| 5935 || 4.02314849790492 || 2011-07-06 14:22:09 |
| 5936 || 72.6849513368042 || 2011-10-13 05:03:47 |
| 5937 || 18.698773417926 || 2017-08-07 03:26:37 |
| 5938 || 6.31512607128943 || 2011-03-13 18:55:12 |
| 5939 || 2.48219938625127 || 2014-02-04 12:24:17 |
| 5940 || 12.7492029073933 || 2011-12-13 16:12:52 |
| 5941 || 66.3852428457165 || 2014-06-25 10:49:24 |
| 5942 || 12.3582616508458 || 2016-02-11 15:28:43 |
| 5943 || -6.28598822312439 || 2012-08-27 16:44:38 |
| 5944 || 0.737162539635038 || 2014-09-08 06:39:45 |
| 5945 || -13.7588576200283 || 2010-09-14 17:45:12 |
| 5946 || 83.0945806629908 || 2010-08-04 20:55:35 |
| 5947 || -16.2740045747273 || 2018-11-18 18:41:04 |
| 5948 || -6.09602819108136 || 2015-11-12 16:06:13 |
| 5949 || -0.136471338882451 || 2019-08-24 16:55:53 |
| 5950 || 14.2031724839151 || 2019-05-06 03:49:32 |
| 5951 || 44.8496230913839 || 2011-03-15 15:22:42 |
| 5952 || -1.55328069018775 || 2019-03-11 15:09:10 |
| 5953 || -2.31665269360645 || 2010-04-16 14:52:31 |
| 5954 || 0.00157856298972807 || 2013-02-27 05:02:07 |
| 5955 || 6.45337432246847 || 2016-01-23 04:49:11 |
| 5956 || 53.3080490996074 || 2018-11-17 03:00:12 |
| 5957 || 9.86438997982252 || 2018-09-18 16:49:28 |
| 5958 || 33.2739107110739 || 2014-03-05 06:38:38 |
| 5959 || 0.245088461368742 || 2013-10-25 20:47:57 |
| 5960 || 20.6816279515784 || 2019-04-22 09:45:43 |
| 5961 || 26.3308268733687 || 2014-09-05 06:57:38 |
| 5962 || 61.6538515304333 || 2018-11-23 13:24:52 |
| 5963 || 23.6920750529649 || 2018-12-02 11:13:31 |
| 5964 || 0.0481952313326994 || 2016-07-07 00:32:07 |
| 5965 || 20.5130217725997 || 2014-10-19 02:16:46 |
| 5966 || 54.4107848513568 || 2017-11-23 12:55:25 |
| 5967 || 85.4729795823352 || 2017-04-19 13:11:37 |
| 5968 || 40.4058828835121 || 2017-04-25 05:41:37 |
| 5969 || -0.798794407617687 || 2012-06-10 09:52:30 |
| 5970 || 3.41542960313361 || 2011-03-26 00:27:11 |
| 5971 || -17.0215038488733 || 2017-09-10 04:19:04 |
| 5972 || -27.9692298004589 || 2019-10-02 19:44:33 |
| 5973 || -3.03463535211014 || 2014-12-13 15:40:26 |
| 5974 || -0.198963128500003 || 2016-09-13 04:16:21 |
| 5975 || -2.80945551355549 || 2012-10-01 11:29:47 |
| 5976 || -11.3042905498262 || 2014-10-10 02:55:47 |
| 5977 || -9.15604147994943 || 2017-08-08 15:42:21 |
| 5978 || 20.1592509664131 || 2012-04-25 02:05:56 |
| 5979 || 4.55222367003517 || 2016-09-13 00:26:28 |
| 5980 || 8.84536452117899 || 2013-06-01 03:19:57 |
| 5981 || 47.3232428713903 || 2010-07-09 01:07:54 |
| 5982 || -9.94510288363181 || 2013-06-24 23:19:31 |
| 5983 || 20.4161824446116 || 2011-11-06 21:06:32 |
| 5984 || -2.66641118755068 || 2016-11-04 04:45:09 |
| 5985 || -1.16383545335775 || 2017-03-21 19:27:00 |
| 5986 || -7.36812597579442 || 2011-12-20 12:24:46 |
| 5987 || 11.5370329487637 || 2012-07-17 12:00:06 |
| 5988 || 43.4273096247316 || 2010-04-18 12:34:06 |
| 5989 || 13.5773424472434 || 2010-01-23 14:59:16 |
| 5990 || -1.19030034871244 || 2019-10-21 11:26:04 |
| 5991 || 46.5594200263272 || 2017-12-05 21:40:46 |
| 5992 || 58.1297322230768 || 2017-03-13 13:24:36 |
| 5993 || -16.0011498477064 || 2019-05-13 04:05:43 |
| 5994 || 5.56147291131544 || 2013-03-04 05:52:00 |
| 5995 || 0.786534996277281 || 2012-02-17 02:05:13 |
| 5996 || -14.0921946432391 || 2010-04-12 15:25:58 |
| 5997 || 15.2810455498668 || 2014-01-08 14:40:06 |
| 5998 || -15.4224120400663 || 2010-11-24 05:19:54 |
| 5999 || 22.6116709958043 || 2011-07-19 19:25:34 |
| 6000 || 0.571464467588086 || 2017-07-27 15:23:05 |
| 6001 || 5.98851786282245 || 2012-07-26 09:02:04 |
| 6002 || 81.1037288446858 || 2013-09-15 13:29:07 |
| 6003 || -11.4527357496232 || 2013-02-16 05:47:50 |
| 6004 || 26.1980992909109 || 2016-05-18 10:07:54 |
| 6005 || 0.0306422412155533 || 2010-05-21 07:04:09 |
| 6006 || 21.5029268825498 || 2017-07-25 12:52:37 |
| 6007 || 41.0471412873916 || 2019-02-23 06:05:42 |
| 6008 || 22.3713944155337 || 2012-09-12 14:27:32 |
| 6009 || 33.5537961815841 || 2013-03-06 16:23:45 |
| 6010 || 0.145019308883526 || 2010-08-03 06:12:40 |
| 6011 || 2.46352661360838 || 2010-01-07 13:08:35 |
| 6012 || -25.2137578133625 || 2017-05-21 02:59:13 |
| 6013 || 51.1473498303262 || 2011-07-17 17:17:20 |
| 6014 || 38.5505075580101 || 2015-07-05 13:18:34 |
| 6015 || 0.834157405983895 || 2013-01-08 07:35:02 |
| 6016 || -5.0961633786017 || 2019-08-27 20:05:00 |
| 6017 || -9.10458791171699 || 2011-07-24 05:43:32 |
| 6018 || 79.2799840621621 || 2013-05-13 10:16:25 |
| 6019 || 21.5295614262891 || 2011-03-12 15:44:53 |
| 6020 || 2.33316493903388 || 2019-08-18 08:36:02 |
| 6021 || -5.72076630652329 || 2010-01-01 06:26:08 |
| 6022 || -13.5367327680563 || 2011-04-01 03:15:48 |
| 6023 || -6.89945995823442 || 2019-09-16 09:17:02 |
| 6024 || 42.4470650255896 || 2014-11-02 11:26:49 |
| 6025 || 4.25372387993853 || 2016-02-05 21:26:18 |
| 6026 || -0.28777936788348 || 2017-01-27 10:29:47 |
| 6027 || -13.1865394522458 || 2017-12-03 16:08:51 |
| 6028 || -29.186097475368 || 2017-09-23 03:17:12 |
| 6029 || 26.7087512904745 || 2012-08-13 15:27:20 |
| 6030 || 1.78382078189415 || 2011-01-17 18:35:28 |
| 6031 || 3.71719789737332 || 2014-10-23 20:11:38 |
| 6032 || 11.4913802417232 || 2013-03-21 09:42:43 |
| 6033 || -29.912986054758 || 2012-07-08 15:52:19 |
| 6034 || 21.0137141440631 || 2017-07-09 01:30:08 |
| 6035 || 6.60737976637455 || 2016-01-20 07:18:46 |
| 6036 || 6.41844995735623 || 2011-02-16 23:08:04 |
| 6037 || 16.1706290494183 || 2018-08-21 04:35:03 |
| 6038 || -29.4480035199046 || 2017-06-02 10:56:14 |
| 6039 || 62.1821980613383 || 2013-02-25 06:18:11 |
| 6040 || -4.16160553707389 || 2015-09-21 04:10:20 |
| 6041 || -1.17457520945714 || 2019-09-06 04:17:06 |
| 6042 || 44.3976103417993 || 2017-08-24 08:04:52 |
| 6043 || 88.5609256745297 || 2015-04-10 04:44:02 |
| 6044 || -22.2827242365643 || 2017-08-16 16:19:45 |
| 6045 || 18.0307031564908 || 2015-04-01 21:51:26 |
| 6046 || 1.57932377449391 || 2017-11-04 07:15:26 |
| 6047 || 34.1480926487879 || 2014-05-13 19:27:08 |
| 6048 || 35.3657095332035 || 2010-07-25 13:22:35 |
| 6049 || 59.9810001289267 || 2017-09-03 01:50:57 |
| 6050 || 18.3692756622679 || 2013-04-16 11:23:18 |
| 6051 || 0.294844244357693 || 2018-06-27 01:17:18 |
| 6052 || -6.50051438653103 || 2013-07-21 12:06:53 |
| 6053 || 28.0186414686454 || 2015-10-16 05:31:27 |
| 6054 || 53.2912017942412 || 2013-06-02 04:26:22 |
| 6055 || 11.7796789716105 || 2010-06-07 23:16:28 |
| 6056 || 0.0688800168873542 || 2011-09-26 16:10:32 |
| 6057 || 18.1058889753421 || 2010-06-24 00:36:40 |
| 6058 || 23.9414534431435 || 2011-05-02 14:52:31 |
| 6059 || -26.1923521310137 || 2016-01-26 09:49:33 |
| 6060 || 31.9529509958632 || 2012-06-04 18:22:53 |
| 6061 || -0.0194413589983086 || 2017-10-09 23:38:06 |
| 6062 || -3.88995392859822 || 2016-03-25 06:38:09 |
| 6063 || 9.01819169753462 || 2017-01-08 01:01:20 |
| 6064 || 73.3719059578999 || 2012-02-06 05:50:53 |
| 6065 || 23.0979846119949 || 2011-10-05 09:03:48 |
| 6066 || 0.36117398191029 || 2010-10-05 03:10:04 |
| 6067 || 18.6946392592308 || 2015-02-08 18:39:13 |
| 6068 || 71.2907596622763 || 2012-07-02 04:28:43 |
| 6069 || 17.685682303302 || 2016-02-01 12:40:26 |
| 6070 || 40.5074554350034 || 2018-03-07 14:18:27 |
| 6071 || -0.583456176914673 || 2011-07-26 13:38:39 |
| 6072 || 12.6088326297698 || 2011-07-04 04:14:10 |
| 6073 || 2.85820921669214 || 2019-11-14 21:18:23 |
| 6074 || 10.6090844393016 || 2016-03-09 12:20:38 |
| 6075 || 46.7722321782064 || 2019-09-19 23:46:16 |
| 6076 || 0.999262354530143 || 2011-02-09 23:16:28 |
| 6077 || 1.31971775447317 || 2018-05-27 15:18:26 |
| 6078 || 52.9774183674435 || 2012-11-04 16:21:50 |
| 6079 || 66.2832450458007 || 2015-01-01 17:30:24 |
| 6080 || -16.5661930402097 || 2018-08-16 03:22:39 |
| 6081 || -2.15368978349721 || 2015-12-19 07:31:50 |
| 6082 || 5.07305043373301 || 2018-06-16 10:20:12 |
| 6083 || -19.5065242168231 || 2016-08-05 22:43:56 |
| 6084 || -25.8238857428216 || 2016-01-19 01:59:44 |
| 6085 || 29.5861356098827 || 2012-03-15 08:44:01 |
| 6086 || 1.69198610192814 || 2014-03-07 08:45:35 |
| 6087 || 1.93299499503005 || 2011-10-13 01:17:25 |
| 6088 || -0.344064600818301 || 2011-08-14 06:58:20 |
| 6089 || -20.0218784701998 || 2011-01-03 23:44:12 |
| 6090 || 63.6931980166453 || 2015-04-01 08:08:33 |
| 6091 || -1.25344032796808 || 2014-12-03 04:29:48 |
| 6092 || -0.0373576974594962 || 2014-01-02 06:27:58 |
| 6093 || 23.4573639937591 || 2013-06-08 22:32:46 |
| 6094 || 76.2503615401951 || 2012-08-26 14:37:52 |
| 6095 || -21.2830794146566 || 2016-06-03 22:11:19 |
| 6096 || -0.379241144329285 || 2011-02-03 06:31:02 |
| 6097 || 2.34236943899709 || 2018-07-11 20:40:16 |
| 6098 || 3.78303325437075 || 2011-02-26 07:35:30 |
| 6099 || -23.7261239865743 || 2013-01-14 00:08:12 |
| 6100 || -21.5611106540487 || 2017-09-01 19:06:05 |
| 6101 || 21.6935116737238 || 2013-03-05 04:33:39 |
| 6102 || -0.280972744138347 || 2017-06-08 21:19:32 |
| 6103 || -9.27842989645376 || 2017-06-10 15:03:16 |
| 6104 || 56.2402973821163 || 2012-11-16 04:34:20 |
| 6105 || -25.8285504806037 || 2010-10-02 14:02:59 |
| 6106 || 17.1880251286977 || 2011-01-24 17:03:49 |
| 6107 || 0.0104403246161112 || 2016-09-17 01:56:18 |
| 6108 || 33.0423136353641 || 2016-05-20 01:57:50 |
| 6109 || 42.4402326061762 || 2014-09-03 17:48:48 |
| 6110 || -20.6796170880148 || 2014-05-09 16:41:24 |
| 6111 || 15.1039889267053 || 2018-08-15 04:55:56 |
| 6112 || -0.00859907614177473 || 2015-01-20 08:53:24 |
| 6113 || 11.8781314828486 || 2018-10-12 03:56:32 |
| 6114 || 17.0184084582181 || 2012-12-14 06:08:48 |
| 6115 || -7.70905947856036 || 2019-03-07 21:27:19 |
| 6116 || 5.09468060708723 || 2018-02-14 07:15:39 |
| 6117 || 0.469117414443824 || 2016-01-19 15:32:53 |
| 6118 || 18.7883528198093 || 2013-04-08 13:03:17 |
| 6119 || 67.3444722143894 || 2018-02-09 18:30:28 |
| 6120 || 84.4034214971171 || 2019-10-24 14:55:12 |
| 6121 || 28.9145786866486 || 2010-06-04 23:36:48 |
| 6122 || -0.19669789945877 || 2018-04-07 01:47:10 |
| 6123 || -3.21222501447399 || 2014-11-14 13:58:49 |
| 6124 || 56.6056298850791 || 2016-05-09 18:58:15 |
| 6125 || 78.1478921087339 || 2012-01-05 08:34:49 |
| 6126 || -12.3980228689081 || 2018-10-09 00:11:24 |
| 6127 || 0.913900722800057 || 2018-03-24 23:10:28 |
| 6128 || 14.7536802318434 || 2014-03-25 12:59:05 |
| 6129 || -13.2879314886805 || 2010-05-02 06:55:52 |
| 6130 || 0.753546563259858 || 2019-03-14 23:36:02 |
| 6131 || 12.9752909169859 || 2016-01-04 17:38:58 |
| 6132 || -0.841253047564127 || 2013-05-02 10:17:41 |
| 6133 || 9.75372829268449 || 2017-10-02 11:48:14 |
| 6134 || 55.2245166138761 || 2010-02-10 12:09:53 |
| 6135 || 8.16315431080938 || 2010-01-15 01:31:26 |
| 6136 || 6.95938420873966 || 2018-11-08 05:18:35 |
| 6137 || -1.52292040207567 || 2016-02-01 04:01:14 |
| 6138 || -1.44344432121468 || 2015-12-25 01:05:28 |
| 6139 || 44.479454895671 || 2012-03-08 19:16:30 |
| 6140 || -7.92481096323033 || 2016-05-11 07:12:04 |
| 6141 || 45.4255609692457 || 2012-01-17 22:54:08 |
| 6142 || 6.85893073571516 || 2017-04-27 18:40:36 |
| 6143 || 0.655519197223552 || 2018-01-26 13:22:06 |
| 6144 || 41.7251109976603 || 2019-09-01 20:37:32 |
| 6145 || 10.13244178816 || 2017-08-03 23:55:45 |
| 6146 || -3.17626116359293 || 2012-09-18 00:11:07 |
| 6147 || -4.68028831562529 || 2012-03-07 19:34:39 |
| 6148 || 2.00619100734067 || 2012-11-24 07:13:43 |
| 6149 || 32.5981024161645 || 2017-12-12 20:51:41 |
| 6150 || 10.2979762772778 || 2017-05-27 10:35:13 |
| 6151 || -19.4478527069661 || 2014-12-27 19:36:41 |
| 6152 || 6.61880566524901 || 2014-09-21 01:49:37 |
| 6153 || -0.190069953834392 || 2013-08-06 00:03:45 |
| 6154 || 3.75801947422052 || 2019-02-07 23:05:19 |
| 6155 || 41.3396771718656 || 2018-11-09 22:45:44 |
| 6156 || 75.8902935408046 || 2016-05-23 16:16:08 |
| 6157 || -8.38777891420682 || 2012-07-14 07:43:01 |
| 6158 || 0.25879102329753 || 2012-03-24 23:15:57 |
| 6159 || 28.1420821676423 || 2014-10-09 12:04:27 |
| 6160 || 1.05966202591423 || 2014-08-19 23:52:32 |
| 6161 || -25.7201321570431 || 2015-04-27 03:09:23 |
| 6162 || -9.37543799106575 || 2014-02-16 18:23:30 |
| 6163 || 0.00338801930976919 || 2011-02-14 10:47:16 |
| 6164 || 13.5794104666475 || 2017-08-05 16:42:46 |
| 6165 || 2.10468160293001 || 2017-02-26 17:01:51 |
| 6166 || -16.0464399423274 || 2017-02-26 00:38:16 |
| 6167 || -0.428975222534254 || 2013-02-09 17:37:36 |
| 6168 || 0.0737449949202197 || 2015-04-11 04:57:58 |
| 6169 || 20.3944451684897 || 2017-05-04 16:14:43 |
| 6170 || -20.7853407503695 || 2017-07-24 17:44:08 |
| 6171 || 58.6713329190073 || 2014-07-02 11:36:27 |
| 6172 || 33.2928097131878 || 2012-07-27 22:16:09 |
| 6173 || 0.900118052667393 || 2015-03-12 11:27:36 |
| 6174 || 6.28356209629779 || 2016-06-19 17:10:33 |
| 6175 || 71.8090104406302 || 2011-11-25 01:28:35 |
| 6176 || -27.5907896080858 || 2010-03-17 14:17:20 |
| 6177 || 46.6865103595544 || 2010-01-12 21:27:10 |
| 6178 || -0.258705958931583 || 2015-08-21 11:46:17 |
| 6179 || 14.0079185650961 || 2017-07-02 05:33:04 |
| 6180 || -17.5224176185502 || 2013-11-20 02:13:59 |
| 6181 || 57.8198111377543 || 2017-01-11 05:27:29 |
| 6182 || 51.2643343343815 || 2011-08-06 15:59:07 |
| 6183 || 5.26122043928454 || 2017-12-01 00:01:26 |
| 6184 || 10.8720156362363 || 2018-01-21 01:22:40 |
| 6185 || 51.2724129249856 || 2014-03-25 20:05:49 |
| 6186 || 87.9196218610883 || 2014-03-22 21:10:12 |
| 6187 || -18.4267173315126 || 2019-07-06 07:03:40 |
| 6188 || 3.1377798784257 || 2010-08-21 04:48:57 |
| 6189 || -2.66209978640848 || 2013-06-01 16:17:43 |
| 6190 || 6.20986802375704 || 2015-03-24 10:02:20 |
| 6191 || 89.8767922288599 || 2012-05-23 01:46:55 |
| 6192 || 61.147947043267 || 2014-08-05 12:28:41 |
| 6193 || 1.35746543337398 || 2010-05-18 15:39:13 |
| 6194 || 3.26227131527005 || 2010-04-25 18:17:05 |
| 6195 || -5.99716024566079 || 2014-12-13 12:33:15 |
| 6196 || 65.0684814640352 || 2011-09-02 00:25:30 |
| 6197 || -15.3428550060407 || 2015-01-12 23:33:55 |
| 6198 || -1.0476170172501 || 2018-08-13 05:21:14 |
| 6199 || -0.782591299702458 || 2019-09-16 11:12:37 |
| 6200 || -9.75670230404996 || 2016-02-16 04:22:23 |
| 6201 || 86.2674959519202 || 2015-08-20 14:30:12 |
| 6202 || -16.0406964876342 || 2019-01-04 03:11:01 |
| 6203 || -1.88501321694822 || 2018-01-17 04:26:29 |
| 6204 || 1.30672505965566 || 2016-02-14 05:49:48 |
| 6205 || 21.8714321564877 || 2015-03-21 19:43:37 |
| 6206 || 40.2191993240968 || 2013-08-08 07:45:25 |
| 6207 || -6.28430379458418 || 2010-10-14 00:58:30 |
| 6208 || 24.4251271947931 || 2015-10-05 03:08:00 |
| 6209 || 0.125433558672982 || 2017-01-18 17:45:12 |
| 6210 || 12.9725400076924 || 2015-07-10 22:01:32 |
| 6211 || -22.7146263811454 || 2017-09-12 18:05:47 |
| 6212 || 61.6234810683467 || 2018-02-10 01:10:11 |
| 6213 || 29.3413316378122 || 2011-05-24 17:19:54 |
| 6214 || -0.000437848157084278 || 2015-10-22 06:49:05 |
| 6215 || 17.7107578184217 || 2010-11-02 11:41:15 |
| 6216 || 16.2168831960704 || 2017-11-20 16:29:39 |
| 6217 || 28.5683832859626 || 2018-09-07 13:38:35 |
| 6218 || -3.23196792670043 || 2018-01-08 23:35:11 |
| 6219 || 0.162316122391896 || 2019-08-25 20:32:17 |
| 6220 || 8.31879143810769 || 2016-06-16 12:39:48 |
| 6221 || 0.470094124110365 || 2015-01-26 23:30:09 |
| 6222 || 40.0918195930985 || 2018-11-10 08:20:06 |
| 6223 || 15.2388833712118 || 2010-06-15 09:54:50 |
| 6224 || 1.20544665285536 || 2014-02-25 17:19:56 |
| 6225 || 20.6950965007598 || 2015-04-07 00:05:42 |
| 6226 || 9.61802976538121 || 2018-07-11 20:13:58 |
| 6227 || 50.7693091205483 || 2016-07-19 18:25:52 |
| 6228 || 39.6264491998199 || 2015-12-16 06:20:36 |
| 6229 || 2.4228052487183 || 2016-04-16 00:59:16 |
| 6230 || -4.67888303729618 || 2019-02-04 00:25:30 |
| 6231 || -21.5241474613385 || 2016-12-15 19:53:02 |
| 6232 || 86.6420595705901 || 2019-10-25 11:27:16 |
| 6233 || 48.7199179746954 || 2011-04-06 15:54:14 |
| 6234 || 2.35798753775572 || 2012-01-06 17:32:53 |
| 6235 || 11.3529267482724 || 2015-10-09 21:08:12 |
| 6236 || 59.2788680845849 || 2014-07-07 21:11:44 |
| 6237 || 79.9501342193514 || 2011-02-09 03:54:12 |
| 6238 || -15.0658834457289 || 2018-08-21 03:45:24 |
| 6239 || 0.218076788060447 || 2015-01-07 23:23:11 |
| 6240 || -2.60783294739131 || 2017-12-16 09:16:00 |
| 6241 || -17.002313852673 || 2011-02-27 04:00:49 |
| 6242 || 88.0349734004649 || 2011-06-25 23:03:04 |
| 6243 || -15.4021184900841 || 2015-06-19 11:16:44 |
| 6244 || 10.8775482899642 || 2016-01-27 08:38:01 |
| 6245 || -0.12214731111862 || 2017-07-16 17:24:42 |
| 6246 || 43.277273254069 || 2014-01-27 10:46:17 |
| 6247 || 75.6212585258656 || 2017-05-06 11:10:14 |
| 6248 || -20.2342044451687 || 2014-12-17 13:06:36 |
| 6249 || 10.6346169440017 || 2014-10-20 09:04:11 |
| 6250 || 0.0602364902212624 || 2016-03-01 20:11:10 |
| 6251 || 47.5725390728515 || 2014-08-27 08:17:27 |
| 6252 || 88.2080092556786 || 2010-09-24 20:22:39 |
| 6253 || 5.69632930875513 || 2014-04-21 09:28:46 |
| 6254 || 18.7861285784802 || 2014-03-22 21:52:16 |
| 6255 || -0.480984592378073 || 2014-07-08 01:42:03 |
| 6256 || 23.0081215549346 || 2017-07-20 06:09:25 |
| 6257 || 56.9012700283235 || 2010-11-23 19:35:17 |
| 6258 || 12.1801262705623 || 2010-07-12 20:16:36 |
| 6259 || 7.010741744918 || 2017-04-11 05:48:59 |
| 6260 || -0.1315790059931 || 2011-05-24 08:12:11 |
| 6261 || 1.75706654141976 || 2011-01-09 23:34:24 |
| 6262 || 57.9723637110522 || 2011-06-05 16:14:01 |
| 6263 || 79.1170889747831 || 2016-03-14 17:34:27 |
| 6264 || -7.32895632757696 || 2014-09-04 04:08:25 |
| 6265 || -0.00729914902395631 || 2014-12-03 21:23:24 |
| 6266 || -2.47954062325869 || 2013-09-16 07:36:08 |
| 6267 || 72.1902531308535 || 2010-01-13 15:10:02 |
| 6268 || 52.1863385713335 || 2012-01-24 16:16:58 |
| 6269 || 26.4244129634308 || 2016-01-23 09:03:55 |
| 6270 || -0.0265852312501469 || 2015-05-27 11:39:20 |
| 6271 || 26.1496005674817 || 2014-06-23 04:21:37 |
| 6272 || 2.46298090663123 || 2012-08-19 03:57:23 |
| 6273 || 49.60578528128 || 2012-03-25 18:51:02 |
| 6274 || -12.9870543790489 || 2016-08-13 14:19:35 |
| 6275 || 0.940258789682827 || 2011-07-25 01:33:16 |
| 6276 || -1.1105775278013 || 2010-03-14 22:15:32 |
| 6277 || 68.7341772437696 || 2014-01-26 13:44:57 |
| 6278 || 66.5116080799237 || 2016-05-20 03:28:27 |
| 6279 || -14.1439747320893 || 2010-02-01 06:54:48 |
| 6280 || 0.248741009213427 || 2016-10-11 07:06:56 |
| 6281 || 6.84332966412209 || 2014-10-17 05:49:59 |
| 6282 || 16.0748576898222 || 2018-08-13 15:14:59 |
| 6283 || 27.6266835700504 || 2019-02-27 00:19:55 |
| 6284 || 36.9725132388748 || 2012-02-12 19:48:54 |
| 6285 || 4.28222627403259 || 2012-02-25 18:02:51 |
| 6286 || -0.793405620514451 || 2010-04-04 18:38:37 |
| 6287 || 37.9609447636757 || 2012-04-08 12:12:22 |
| 6288 || 54.6069614285101 || 2016-04-21 02:35:28 |
| 6289 || 38.2433293592911 || 2015-08-19 21:31:14 |
| 6290 || 5.18820540973508 || 2015-11-24 15:27:52 |
| 6291 || 9.45396213673126 || 2019-04-12 08:19:21 |
| 6292 || -6.08672032738415 || 2010-07-17 04:58:21 |
| 6293 || 50.579017748369 || 2013-02-20 10:22:32 |
| 6294 || 11.4562049819187 || 2015-01-27 13:54:24 |
| 6295 || 10.3599564640783 || 2016-05-10 08:10:07 |
| 6296 || -0.779765685594877 || 2016-08-09 06:50:45 |
| 6297 || -10.4020119537829 || 2013-09-04 09:45:20 |
| 6298 || 67.0361061499981 || 2014-07-18 10:46:38 |
| 6299 || -0.348941435316706 || 2017-06-11 07:07:31 |
| 6300 || 12.2036469068552 || 2011-06-13 12:52:54 |
| 6301 || 2.55029377341043 || 2012-12-05 05:05:46 |
| 6302 || 3.32061446223496 || 2011-04-05 16:34:57 |
| 6303 || 13.8205989231032 || 2010-02-24 17:01:43 |
| 6304 || 10.402021083112 || 2017-05-05 23:37:23 |
| 6305 || 1.26292560898607 || 2011-06-27 06:37:32 |
| 6306 || -0.0340547698479289 || 2019-01-06 16:50:36 |
| 6307 || 30.4266345773714 || 2013-08-26 10:24:37 |
| 6308 || 17.4796910204926 || 2010-04-14 15:13:04 |
| 6309 || 73.8936930041397 || 2010-06-15 04:56:30 |
| 6310 || 7.7766326665891 || 2014-09-12 02:36:50 |
| 6311 || -0.159344732191418 || 2019-02-12 14:12:08 |
| 6312 || 30.8073554093887 || 2017-07-19 03:16:22 |
| 6313 || -20.7677464749126 || 2017-04-01 03:04:06 |
| 6314 || -21.8461943353136 || 2013-07-04 02:48:28 |
| 6315 || 14.6746041779711 || 2014-10-07 00:43:55 |
| 6316 || -0.021723459000347 || 2017-09-18 22:00:50 |
| 6317 || 6.72233609574239 || 2011-09-27 04:31:02 |
| 6318 || -26.9109320009819 || 2011-03-02 05:05:17 |
| 6319 || 30.7460959380302 || 2010-03-19 01:05:11 |
| 6320 || 32.1334650316358 || 2017-12-10 04:55:27 |
| 6321 || 0.00918244455330165 || 2013-03-23 16:04:45 |
| 6322 || 27.3174477652586 || 2019-07-27 01:33:06 |
| 6323 || -18.1038337046435 || 2017-12-18 12:21:48 |
| 6324 || 9.60216566524136 || 2012-06-18 09:18:14 |
| 6325 || 18.102494625961 || 2017-04-22 01:10:42 |
| 6326 || 0.695208995539547 || 2016-11-05 09:20:35 |
| 6327 || -5.49671092941098 || 2016-06-02 09:47:56 |
| 6328 || -1.22158129610743 || 2017-07-02 12:33:59 |
| 6329 || 3.05469970724096 || 2015-08-06 01:01:46 |
| 6330 || 30.5014381712075 || 2017-08-19 16:40:50 |
| 6331 || 1.96541935570928 || 2015-10-25 22:01:59 |
| 6332 || -1.16058512807684 || 2010-08-04 18:30:58 |
| 6333 || -8.68459840482542 || 2019-11-03 01:07:52 |
| 6334 || 2.86966896490578 || 2012-01-02 23:01:57 |
| 6335 || 11.150453627666 || 2016-03-08 05:14:43 |
| 6336 || 2.47574681029509 || 2013-02-21 23:41:16 |
| 6337 || -2.69600409512677 || 2014-11-14 19:29:12 |
| 6338 || 37.6921320781464 || 2015-03-02 11:43:41 |
| 6339 || -29.8015165164703 || 2013-12-12 07:45:21 |
| 6340 || -18.0768141058341 || 2010-07-10 10:51:47 |
| 6341 || -2.17230259940168 || 2010-10-21 22:58:47 |
| 6342 || 4.61094026537337 || 2015-01-06 03:37:52 |
| 6343 || -2.04633259127654 || 2012-12-09 01:12:27 |
| 6344 || 15.4047129330119 || 2016-02-17 11:10:48 |
| 6345 || 8.60653799500017 || 2011-09-15 07:12:27 |
| 6346 || -3.13408159738414 || 2011-01-27 02:04:19 |
| 6347 || 6.86582599024696 || 2013-02-18 21:59:20 |
| 6348 || -18.1536981659489 || 2013-08-05 13:57:05 |
| 6349 || -17.9004355936842 || 2017-11-03 08:02:40 |
| 6350 || -17.0446260836633 || 2010-11-27 22:56:53 |
| 6351 || 13.1257651589721 || 2018-09-19 06:59:24 |
| 6352 || 3.96290080227727 || 2013-06-17 10:15:24 |
| 6353 || -6.00698894218982 || 2011-11-16 02:43:34 |
| 6354 || -10.2222625410439 || 2012-02-04 18:21:01 |
| 6355 || 69.3124816564371 || 2017-11-12 02:49:21 |
| 6356 || 17.4156846698014 || 2012-10-15 20:28:03 |
| 6357 || -0.622302194866547 || 2010-02-10 06:41:35 |
| 6358 || -11.0655191245093 || 2018-05-19 03:29:47 |
| 6359 || -27.6562590492354 || 2016-08-21 23:53:38 |
| 6360 || 48.8357342958992 || 2011-05-20 15:54:35 |
| 6361 || -7.00472152978001 || 2011-05-07 06:44:26 |
| 6362 || -0.293036889291608 || 2013-04-19 06:17:19 |
| 6363 || 17.5622308824193 || 2017-03-17 21:45:47 |
| 6364 || 15.0535591798471 || 2017-04-05 13:20:47 |
| 6365 || 5.18036984460754 || 2011-06-05 11:41:05 |
| 6366 || -0.000863033601461568 || 2014-07-22 12:15:37 |
| 6367 || 0.0662121694754779 || 2018-09-07 16:19:01 |
| 6368 || -9.59361064078913 || 2019-04-07 02:44:27 |
| 6369 || -10.4549363627646 || 2012-02-11 15:24:53 |
| 6370 || 36.5359170663735 || 2015-10-21 19:00:50 |
| 6371 || 31.8684437524479 || 2016-01-14 02:33:52 |
| 6372 || 0.0254455255951049 || 2019-03-04 21:00:01 |
| 6373 || 27.8019906290271 || 2016-05-21 08:23:26 |
| 6374 || -20.9082489797236 || 2010-01-07 14:53:12 |
| 6375 || 84.1108319833488 || 2018-08-02 14:51:12 |
| 6376 || 33.6505801621114 || 2019-02-05 19:16:05 |
| 6377 || 0.143570216069187 || 2015-05-10 03:15:40 |
| 6378 || 5.83294533824249 || 2017-04-20 13:06:02 |
| 6379 || -24.8492274352887 || 2014-12-12 23:59:18 |
| 6380 || 4.30817061584833 || 2011-09-25 11:48:30 |
| 6381 || -7.35854969052882 || 2012-04-01 12:16:32 |
| 6382 || 0.28155393475636 || 2019-08-06 04:44:27 |
| 6383 || -5.21080554746025 || 2010-11-10 12:23:36 |
| 6384 || -9.61456113660671 || 2015-10-23 20:01:49 |
| 6385 || 62.8333082491105 || 2015-10-23 16:04:00 |
| 6386 || 35.9374943745046 || 2013-10-10 23:52:03 |
| 6387 || 1.18736184004567 || 2016-11-21 14:22:10 |
| 6388 || 13.3651891580241 || 2013-01-12 01:05:05 |
| 6389 || 44.2138545049449 || 2011-01-16 09:19:16 |
| 6390 || 83.2216548588009 || 2010-09-01 14:15:55 |
| 6391 || 2.39834644047776 || 2011-03-04 10:22:46 |
| 6392 || 4.22738775499495 || 2015-02-27 07:49:06 |
| 6393 || 10.6585699563038 || 2011-05-11 00:29:40 |
| 6394 || 9.17960916769964 || 2019-10-04 15:35:22 |
| 6395 || 67.675869239669 || 2019-04-06 02:03:34 |
| 6396 || 33.3944710338014 || 2014-05-02 14:47:29 |
| 6397 || 6.88229386675925 || 2016-02-11 16:03:24 |
| 6398 || 4.27608262118985 || 2016-06-14 16:16:53 |
| 6399 || -6.21261945527413 || 2010-11-14 14:18:48 |
| 6400 || -28.0055668648363 || 2011-01-22 23:30:40 |
| 6401 || 8.92425403541614 || 2019-12-03 18:26:42 |
| 6402 || -4.18603385699174 || 2012-03-22 15:25:59 |
| 6403 || 0.937324759134017 || 2013-09-18 21:53:15 |
| 6404 || 26.3071736095366 || 2017-09-14 02:14:32 |
| 6405 || -16.9424337705119 || 2015-03-01 16:24:24 |
| 6406 || 24.1847497547453 || 2012-07-07 04:38:43 |
| 6407 || -4.89395017101767 || 2018-01-01 00:36:43 |
| 6408 || -0.870368047172437 || 2018-11-13 14:12:35 |
| 6409 || 7.69729495894104 || 2019-04-21 04:44:58 |
| 6410 || -28.6491007506668 || 2017-01-17 00:59:34 |
| 6411 || 0.73237408913232 || 2015-11-21 23:37:45 |
| 6412 || 17.2756997525182 || 2011-01-05 21:05:22 |
| 6413 || 0.307375014523065 || 2018-10-10 19:26:35 |
| 6414 || 37.2899032720372 || 2010-03-05 10:59:48 |
| 6415 || -12.8073961517798 || 2014-08-09 01:20:33 |
| 6416 || 4.277948811355 || 2012-08-03 05:23:22 |
| 6417 || 1.50749224493251 || 2010-08-18 21:48:52 |
| 6418 || 0.129591210790858 || 2014-04-25 05:33:14 |
| 6419 || 8.08165219167671 || 2017-07-06 22:54:33 |
| 6420 || -3.1522348082879 || 2015-11-20 13:15:15 |
| 6421 || 50.7403687382824 || 2011-04-13 18:38:19 |
| 6422 || 19.6922734484474 || 2019-03-14 15:08:45 |
| 6423 || 0.00245745694781641 || 2012-09-05 08:51:02 |
| 6424 || 24.2077527431266 || 2012-10-05 12:13:51 |
| 6425 || -21.5232680902317 || 2018-05-05 10:50:39 |
| 6426 || -3.50565213352435 || 2011-12-10 13:31:22 |
| 6427 || 35.7902545205177 || 2014-04-02 06:54:42 |
| 6428 || 0.169505481713457 || 2018-03-01 08:27:36 |
| 6429 || 11.6501288905602 || 2015-06-08 07:41:56 |
| 6430 || 58.7008151714335 || 2016-09-27 10:13:11 |
| 6431 || -0.095553933210205 || 2013-10-03 02:03:58 |
| 6432 || -8.42160749232591 || 2010-03-22 07:50:42 |
| 6433 || 0.844600787659694 || 2019-04-14 04:52:52 |
| 6434 || -5.87646834260121 || 2014-05-06 03:14:29 |
| 6435 || -23.3306869910647 || 2014-10-17 14:17:04 |
| 6436 || 88.0233975184352 || 2012-01-18 02:32:09 |
| 6437 || 37.7104701677089 || 2010-02-24 12:08:07 |
| 6438 || 3.25121069725974 || 2016-11-11 13:20:52 |
| 6439 || -4.22539856047211 || 2011-07-15 13:33:41 |
| 6440 || 3.08682830685624 || 2013-02-04 16:37:51 |
| 6441 || -5.01131413726612 || 2014-06-10 22:14:03 |
| 6442 || -9.1360809115126 || 2014-05-02 11:51:48 |
| 6443 || 1.63553641679331 || 2010-12-25 21:01:48 |
| 6444 || 0.330279084422109 || 2015-03-12 20:00:51 |
| 6445 || -16.1024537902668 || 2016-06-25 22:35:13 |
| 6446 || 11.410871646048 || 2016-02-20 19:00:14 |
| 6447 || 57.5912092758809 || 2017-08-19 23:17:18 |
| 6448 || 2.80596278566475 || 2010-02-09 05:24:12 |
| 6449 || 7.24064108454552 || 2015-02-15 22:56:54 |
| 6450 || -17.1342894978307 || 2014-04-15 08:09:34 |
| 6451 || 65.7259928758918 || 2018-09-14 07:18:35 |
| 6452 || 1.2964893241365 || 2015-10-19 13:26:12 |
| 6453 || 9.21756763818319 || 2019-08-25 01:59:29 |
| 6454 || 2.83321234456838 || 2017-02-23 16:59:48 |
| 6455 || 4.88926702712542 || 2015-01-13 22:10:32 |
| 6456 || 86.4403623205993 || 2011-02-14 00:11:59 |
| 6457 || -22.1312800446116 || 2010-03-11 16:12:49 |
| 6458 || 9.90233057352196 || 2015-05-14 03:01:21 |
| 6459 || 0.822896526011124 || 2018-11-11 03:57:39 |
| 6460 || 38.6488098452743 || 2016-09-06 14:45:40 |
| 6461 || 62.033949971256 || 2011-11-16 11:47:17 |
| 6462 || -23.0401894784069 || 2018-11-07 15:55:03 |
| 6463 || 17.8340436415959 || 2015-02-14 05:57:03 |
| 6464 || 1.13071960355116 || 2018-06-05 13:47:42 |
| 6465 || 22.2994617383288 || 2017-12-18 22:07:42 |
| 6466 || -28.585333147555 || 2017-10-16 13:19:26 |
| 6467 || 33.3291946522825 || 2015-02-23 22:02:15 |
| 6468 || 22.4704094023288 || 2015-02-16 10:06:17 |
| 6469 || 0.201127296302493 || 2016-04-23 16:41:34 |
| 6470 || -11.810594767392 || 2017-04-16 03:10:54 |
| 6471 || 82.3715289936945 || 2019-11-02 19:20:19 |
| 6472 || -24.2020482822491 || 2015-10-18 22:26:34 |
| 6473 || -5.43850692838157 || 2018-04-11 10:38:09 |
| 6474 || 0.00020045552337841 || 2015-08-10 15:29:41 |
| 6475 || 3.18679732910935 || 2015-07-08 02:45:30 |
| 6476 || -14.7514199499087 || 2013-02-03 18:25:59 |
| 6477 || 34.0548251131778 || 2018-04-03 08:40:47 |
| 6478 || -3.02936681685299 || 2012-02-20 07:09:49 |
| 6479 || 0.178593040081914 || 2014-05-12 11:40:32 |
| 6480 || 22.6579607287093 || 2016-12-03 21:53:16 |
| 6481 || 72.4497295084175 || 2018-06-08 18:30:44 |
| 6482 || 1.75354212848784 || 2011-07-01 18:08:29 |
| 6483 || -12.4988172614127 || 2012-06-01 23:34:46 |
| 6484 || -0.395566781941919 || 2017-11-18 22:59:27 |
| 6485 || 11.6615289765718 || 2013-01-10 16:46:37 |
| 6486 || -15.9628886277425 || 2012-10-26 09:18:48 |
| 6487 || 64.3940140063364 || 2015-07-06 19:50:46 |
| 6488 || 2.02410457998464 || 2011-10-12 20:47:10 |
| 6489 || 2.86227324539597 || 2015-01-24 11:51:26 |
| 6490 || 8.85762812134237 || 2010-06-23 03:58:56 |
| 6491 || 62.8460326334179 || 2015-04-27 13:32:08 |
| 6492 || 86.5512390988168 || 2012-02-04 10:47:09 |
| 6493 || 44.3541872459358 || 2015-06-01 20:07:06 |
| 6494 || 4.58311021285018 || 2014-05-13 18:19:04 |
| 6495 || 10.4880107468143 || 2012-02-14 05:51:34 |
| 6496 || -19.0983598459285 || 2013-06-22 04:09:08 |
| 6497 || 53.3312323754992 || 2018-02-23 09:14:44 |
| 6498 || -11.1836526846806 || 2015-09-11 11:55:03 |
| 6499 || 7.1841626978748 || 2019-06-27 23:14:20 |
| 6500 || 2.23110290419713 || 2018-08-11 11:32:58 |
| 6501 || -19.1981421237996 || 2019-10-27 06:19:54 |
| 6502 || 89.8665351241156 || 2016-02-25 09:06:59 |
| 6503 || 59.4590600764655 || 2017-11-06 19:36:54 |
| 6504 || -3.67211478743218 || 2011-09-05 21:19:34 |
| 6505 || 2.31878881071392 || 2019-06-03 13:43:45 |
| 6506 || -7.06933977459302 || 2012-12-07 13:11:57 |
| 6507 || 9.66455185754752 || 2011-10-03 15:40:19 |
| 6508 || 33.4794243413804 || 2013-11-02 01:54:30 |
| 6509 || 12.4172000439499 || 2011-02-22 18:04:03 |
| 6510 || 2.91313164212188 || 2010-03-15 02:04:38 |
| 6511 || -8.21821551822251 || 2013-02-26 12:12:57 |
| 6512 || -4.52601361385755 || 2015-11-26 10:50:57 |
| 6513 || 50.6226495931528 || 2012-12-16 21:33:44 |
| 6514 || 10.1147276246371 || 2014-10-02 12:36:35 |
| 6515 || 0.17114583930986 || 2016-10-18 10:10:33 |
| 6516 || 33.1432738116785 || 2012-02-10 01:55:07 |
| 6517 || 79.7090556479837 || 2014-02-06 07:14:46 |
| 6518 || -24.2496008757681 || 2019-01-08 15:42:12 |
| 6519 || 9.28052865438218 || 2018-11-19 21:07:09 |
| 6520 || 0.471354441666898 || 2016-10-13 03:03:07 |
| 6521 || 23.9487417779574 || 2011-10-09 17:24:27 |
| 6522 || 15.4015490161455 || 2014-01-01 15:50:24 |
| 6523 || 78.7585907433249 || 2017-10-22 19:39:01 |
| 6524 || -9.6406143995579 || 2018-04-16 23:40:05 |
| 6525 || -0.004620741570392 || 2019-04-14 00:05:36 |
| 6526 || -0.00730680452312948 || 2019-06-24 04:27:13 |
| 6527 || 54.0128475801011 || 2018-09-24 02:36:07 |
| 6528 || 82.4684105721748 || 2017-02-11 07:11:01 |
| 6529 || -0.975286598549636 || 2010-06-21 09:24:03 |
| 6530 || 0.0703533939784601 || 2012-12-08 18:19:36 |
| 6531 || 20.9453568943928 || 2019-12-09 09:42:51 |
| 6532 || -21.8411030664397 || 2015-03-08 04:42:42 |
| 6533 || 41.7215904854148 || 2019-09-18 10:18:10 |
| 6534 || 35.2849495874321 || 2014-02-11 19:05:00 |
| 6535 || -0.348110618121573 || 2018-10-13 02:17:09 |
| 6536 || -3.37076337461023 || 2010-05-07 06:51:40 |
| 6537 || 71.6937770439017 || 2015-10-22 16:54:00 |
| 6538 || 22.2596636964886 || 2010-08-07 15:03:46 |
| 6539 || 23.4380958688435 || 2017-03-12 07:58:14 |
| 6540 || -0.792937575513084 || 2015-07-07 13:32:48 |
| 6541 || -2.09849166179529 || 2017-03-04 23:47:27 |
| 6542 || 7.24878214885417 || 2019-02-08 18:46:08 |
| 6543 || 66.9237076538527 || 2011-02-10 16:39:21 |
| 6544 || 38.699718100267 || 2018-08-04 14:43:45 |
| 6545 || 2.33748593876415 || 2011-10-20 07:21:38 |
| 6546 || 3.56006269464782 || 2012-08-10 00:27:39 |
| 6547 || -21.2789330801272 || 2011-12-15 04:43:33 |
| 6548 || 28.6777965127289 || 2019-02-01 00:34:39 |
| 6549 || 51.417314992262 || 2018-10-24 11:58:00 |
| 6550 || 6.05091134989651 || 2016-05-04 06:23:03 |
| 6551 || 8.75107838545051 || 2013-06-27 18:45:08 |
| 6552 || 16.0732183541182 || 2016-08-27 13:48:20 |
| 6553 || 5.97854486279448 || 2015-12-04 01:47:09 |
| 6554 || 47.0707069978882 || 2018-01-11 20:05:09 |
| 6555 || -1.834187967627 || 2011-05-24 18:22:08 |
| 6556 || 5.58243449503614 || 2013-01-08 01:43:42 |
| 6557 || 3.96842731792939 || 2012-03-23 10:17:45 |
| 6558 || 76.8956093996571 || 2019-07-20 18:26:52 |
| 6559 || -20.9374120293128 || 2014-01-12 16:25:07 |
| 6560 || -3.50997208965633 || 2010-12-01 17:59:12 |
| 6561 || -0.0502466590138363 || 2014-06-05 14:51:22 |
| 6562 || 45.3611309000654 || 2010-03-14 16:58:48 |
| 6563 || -12.6049440371478 || 2010-11-01 08:10:54 |
| 6564 || 6.20207033864842 || 2012-04-22 13:37:41 |
| 6565 || 15.8038338186995 || 2018-01-27 20:15:26 |
| 6566 || -0.350646173506459 || 2015-10-01 13:30:57 |
| 6567 || -13.6199575685736 || 2013-09-08 20:51:17 |
| 6568 || 47.8356104979745 || 2010-05-08 17:02:03 |
| 6569 || -23.6669412391154 || 2010-04-14 07:32:10 |
| 6570 || 18.7725048440574 || 2012-09-17 05:51:32 |
| 6571 || 0.168982086725184 || 2019-11-12 04:34:46 |
| 6572 || 11.2921794769013 || 2015-01-24 14:15:06 |
| 6573 || 22.3032779480599 || 2013-01-10 10:02:30 |
| 6574 || -6.73753352493899 || 2014-11-04 23:39:04 |
| 6575 || 26.6258176851296 || 2013-12-02 18:49:52 |
| 6576 || -0.0150264105112912 || 2010-08-21 23:40:25 |
| 6577 || -10.6059743139212 || 2018-02-24 18:10:52 |
| 6578 || -2.42130021817518 || 2010-08-21 22:10:59 |
| 6579 || 78.9162999338502 || 2011-10-23 09:45:47 |
| 6580 || -1.64481549137204 || 2015-07-17 09:53:33 |
| 6581 || 0.115281454961876 || 2019-04-21 08:47:57 |
| 6582 || 25.2211483885232 || 2011-03-24 16:53:20 |
| 6583 || 9.18525889481701 || 2019-11-06 06:12:32 |
| 6584 || 57.1939358001686 || 2019-08-15 16:50:32 |
| 6585 || 37.6197395862899 || 2013-05-20 12:44:33 |
| 6586 || 0.0314384138857753 || 2019-06-25 12:11:09 |
| 6587 || 20.829234783953 || 2016-08-16 14:24:07 |
| 6588 || 43.4379282270196 || 2015-05-16 12:47:47 |
| 6589 || 19.7783052357687 || 2019-10-01 02:08:22 |
| 6590 || -9.88515451559746 || 2016-03-02 10:22:49 |
| 6591 || 0.754930129658868 || 2016-02-27 09:48:59 |
| 6592 || 8.40346187544424 || 2010-10-23 19:02:14 |
| 6593 || 17.7318531233189 || 2014-05-17 18:06:19 |
| 6594 || 7.26708029052497 || 2012-09-01 15:09:19 |
| 6595 || 37.043476634066 || 2012-07-24 23:30:31 |
| 6596 || -1.34753956464493 || 2017-06-27 07:58:18 |
| 6597 || 5.38244256382099 || 2015-10-16 08:02:11 |
| 6598 || -19.9694049739397 || 2013-01-08 00:24:34 |
| 6599 || 89.6660476596608 || 2018-02-23 23:52:29 |
| 6600 || 0.801786967275806 || 2013-09-19 07:50:33 |
| 6601 || 1.12459209464963 || 2019-04-04 13:38:21 |
| 6602 || 3.12743994055716 || 2018-07-19 14:23:28 |
| 6603 || -19.4991555323197 || 2012-08-24 13:05:22 |
| 6604 || 58.3290228528034 || 2019-07-06 22:29:24 |
| 6605 || -14.15639948103 || 2010-09-16 06:10:47 |
| 6606 || -2.96271990668838 || 2018-08-21 12:26:58 |
| 6607 || 5.95916414758817 || 2016-03-24 06:31:52 |
| 6608 || 13.924255851187 || 2010-02-19 05:44:37 |
| 6609 || 7.39122412478802 || 2015-04-22 08:52:30 |
| 6610 || 56.967267477485 || 2016-05-18 03:26:34 |
| 6611 || -4.46872197849829 || 2014-06-27 06:28:46 |
| 6612 || 4.09344332947475 || 2019-09-16 20:43:28 |
| 6613 || 45.8380485871741 || 2012-06-21 17:01:45 |
| 6614 || 13.033448978592 || 2014-02-03 23:44:22 |
| 6615 || 60.2184863412226 || 2010-06-11 16:44:26 |
| 6616 || -1.8691416594276 || 2017-10-26 22:36:09 |
| 6617 || -0.708614755663044 || 2015-06-18 04:36:45 |
| 6618 || -10.2436150272443 || 2016-12-20 00:01:23 |
| 6619 || 12.7986885594018 || 2017-07-06 01:30:48 |
| 6620 || 56.032064328939 || 2017-03-19 22:40:01 |
| 6621 || 4.15922742625606 || 2013-12-13 21:41:44 |
| 6622 || -0.276116176600113 || 2018-07-01 14:33:09 |
| 6623 || 16.7278418418983 || 2019-01-02 12:19:01 |
| 6624 || -9.72242683261403 || 2017-01-12 11:22:27 |
| 6625 || 44.4699049553495 || 2018-01-22 02:18:30 |
| 6626 || 0.834355644110082 || 2015-12-26 16:15:46 |
| 6627 || -0.0314100692127621 || 2013-07-24 09:30:13 |
| 6628 || -10.9941162511912 || 2019-10-24 23:08:32 |
| 6629 || -24.9372536460242 || 2012-12-18 12:50:45 |
| 6630 || 3.19543223454232 || 2012-12-10 11:52:48 |
| 6631 || -4.75298028804112 || 2010-09-24 05:31:47 |
| 6632 || 0.00736675794476766 || 2015-01-18 12:38:02 |
| 6633 || 7.31927882268073 || 2016-09-16 23:25:25 |
| 6634 || 74.3281995595976 || 2019-05-12 01:18:42 |
| 6635 || 1.64215962715489 || 2016-01-25 12:32:44 |
| 6636 || -12.0145989762183 || 2018-07-01 08:26:09 |
| 6637 || 0.646541606532952 || 2013-05-05 21:10:25 |
| 6638 || 3.34865284496703 || 2018-11-20 05:17:58 |
| 6639 || 21.0943829128206 || 2011-07-15 15:23:30 |
| 6640 || -4.18763850341339 || 2012-01-05 20:32:21 |
| 6641 || -11.7378997481378 || 2018-03-17 17:47:05 |
| 6642 || 0.502636361404398 || 2014-09-26 11:25:16 |
| 6643 || 1.66349127540017 || 2013-03-10 07:02:02 |
| 6644 || 63.8495546812964 || 2015-11-06 19:41:48 |
| 6645 || 88.4040584055676 || 2015-09-10 08:13:50 |
| 6646 || -11.2607796760698 || 2014-06-23 15:59:28 |
| 6647 || 1.02443482191595 || 2018-11-03 03:01:48 |
| 6648 || -0.639333719007289 || 2012-03-17 09:26:47 |
| 6649 || 1.43788331354942 || 2011-03-13 04:16:46 |
| 6650 || -23.1383144080477 || 2014-08-07 14:47:19 |
| 6651 || 53.0827920557684 || 2019-01-15 15:43:50 |
| 6652 || 5.54835939693979 || 2017-10-01 10:08:52 |
| 6653 || 6.59252064396815 || 2011-10-26 00:31:19 |
| 6654 || 45.5604629105787 || 2016-01-05 22:34:15 |
| 6655 || 74.4511703842897 || 2012-09-09 02:12:29 |
| 6656 || -19.3958461519218 || 2015-06-05 17:02:46 |
| 6657 || -1.92350284220655 || 2010-12-21 17:33:14 |
| 6658 || 1.66958787793891 || 2015-08-22 19:31:47 |
| 6659 || 19.5889375162736 || 2012-05-09 10:59:51 |
| 6660 || 80.2606797375898 || 2017-05-14 18:30:15 |
| 6661 || 63.4546997913366 || 2011-08-16 09:59:40 |
| 6662 || 8.57863050577823 || 2011-09-17 06:16:42 |
| 6663 || 3.09239457023463 || 2017-04-12 00:08:17 |
| 6664 || -4.7112805209627 || 2010-05-21 13:50:16 |
| 6665 || 71.5905254267342 || 2016-09-26 05:58:30 |
| 6666 || 66.2092095787407 || 2015-05-07 05:06:48 |
| 6667 || 9.55342000363158 || 2018-01-14 13:56:16 |
| 6668 || 1.10562484408439 || 2019-04-07 10:08:37 |
| 6669 || 25.8693747295326 || 2015-09-16 11:55:22 |
| 6670 || 11.1837097697925 || 2012-02-13 00:43:26 |
| 6671 || -24.4142591517507 || 2013-06-09 04:30:49 |
| 6672 || -5.43739473225187 || 2013-02-13 06:45:09 |
| 6673 || -0.269074578075564 || 2014-07-27 18:13:27 |
| 6674 || -5.74439362953804 || 2015-07-24 09:40:19 |
| 6675 || 0.150271006319462 || 2012-06-27 13:21:49 |
| 6676 || 71.9697481138526 || 2017-03-08 06:34:06 |
| 6677 || -6.5038278325721 || 2018-07-07 03:04:03 |
| 6678 || -0.0608350198900417 || 2019-07-19 17:31:04 |
| 6679 || -8.20862480312644 || 2010-09-07 08:29:53 |
| 6680 || 79.1672500186021 || 2017-12-23 01:39:55 |
| 6681 || 63.641132529748 || 2014-04-02 07:29:02 |
| 6682 || 15.2011008136621 || 2018-02-01 15:08:02 |
| 6683 || 0.0122282570072129 || 2018-12-13 10:23:29 |
| 6684 || -8.80028912744946 || 2019-10-11 02:22:47 |
| 6685 || 77.2307104725721 || 2016-02-19 18:48:15 |
| 6686 || -25.5235970240947 || 2019-05-12 00:06:34 |
| 6687 || 20.3343912848797 || 2017-06-25 07:08:00 |
| 6688 || -0.0768919287443254 || 2012-01-16 18:25:02 |
| 6689 || -7.43461944141282 || 2018-07-22 22:06:19 |
| 6690 || -12.046613244213 || 2014-02-10 16:55:09 |
| 6691 || 33.6404523043992 || 2017-08-14 14:52:04 |
| 6692 || 40.7201927029512 || 2014-09-18 09:18:24 |
| 6693 || -0.465909925423672 || 2010-09-22 04:09:08 |
| 6694 || -2.87929704191179 || 2017-07-03 06:41:18 |
| 6695 || 70.1996234933181 || 2013-08-23 11:54:05 |
| 6696 || 87.9604779032809 || 2014-02-27 02:23:54 |
| 6697 || -14.5706109876035 || 2012-10-26 16:01:27 |
| 6698 || -0.342768214515602 || 2017-01-26 20:21:20 |
| 6699 || 11.4930533360218 || 2018-03-12 11:09:12 |
| 6700 || 66.7132390894796 || 2012-09-09 18:10:11 |
| 6701 || -29.7667375318071 || 2012-04-27 06:27:02 |
| 6702 || 13.4379491043247 || 2012-03-20 06:49:19 |
| 6703 || 2.9377187590814 || 2012-01-14 03:46:01 |
| 6704 || -3.74404888198977 || 2014-11-06 01:24:44 |
| 6705 || 9.81707914290014 || 2010-09-15 08:00:21 |
| 6706 || -26.2951513263182 || 2017-01-06 01:19:51 |
| 6707 || 57.6378801673678 || 2018-09-05 12:47:13 |
| 6708 || -2.88238886027078 || 2010-10-22 05:00:11 |
| 6709 || 6.1409058287734 || 2011-03-07 20:36:22 |
| 6710 || -12.2249726050502 || 2017-12-21 08:56:12 |
| 6711 || 80.4095362325135 || 2018-07-08 07:41:58 |
| 6712 || -15.5142580471401 || 2015-03-17 05:56:45 |
| 6713 || 11.660459109834 || 2010-03-03 02:12:57 |
| 6714 || -1.32599269521984 || 2012-10-25 02:23:21 |
| 6715 || 39.8995414407207 || 2017-08-06 23:18:40 |
| 6716 || 59.1880692813693 || 2010-03-27 22:36:23 |
| 6717 || 52.5793632326704 || 2018-11-19 19:58:09 |
| 6718 || 4.87195471041383 || 2014-03-07 13:57:57 |
| 6719 || 2.82811980234251 || 2018-06-21 14:47:24 |
| 6720 || 42.6502021649056 || 2018-11-27 22:56:40 |
| 6721 || 42.7350382848194 || 2015-12-01 22:26:57 |
| 6722 || 54.2573570651006 || 2015-01-16 19:30:34 |
| 6723 || 0.885292882878086 || 2017-03-09 15:33:23 |
| 6724 || -0.0585611828306892 || 2014-03-09 18:47:11 |
| 6725 || -12.6921420252824 || 2013-11-22 00:14:41 |
| 6726 || 29.010169244019 || 2018-11-05 02:59:33 |
| 6727 || 74.6635766185695 || 2013-07-24 07:38:14 |
| 6728 || 14.0784251996928 || 2017-05-02 06:42:36 |
| 6729 || 0.299556067598523 || 2016-08-23 18:32:38 |
| 6730 || -7.51584711205038 || 2015-10-18 03:21:11 |
| 6731 || -24.0143867711271 || 2018-05-19 11:03:16 |
| 6732 || 76.2901754130921 || 2016-11-14 17:00:29 |
| 6733 || 29.8782012654766 || 2018-09-10 04:23:33 |
| 6734 || 0.000147398592464811 || 2016-02-21 07:40:26 |
| 6735 || -5.79067793369109 || 2010-12-16 22:41:19 |
| 6736 || -26.0000511371393 || 2019-08-14 13:27:48 |
| 6737 || 42.5134321174803 || 2019-05-15 19:55:55 |
| 6738 || -3.9390058481588 || 2018-04-10 20:58:18 |
| 6739 || 0.246120313587527 || 2016-04-15 16:36:29 |
| 6740 || 15.2209325710478 || 2019-10-26 20:03:40 |
| 6741 || 62.3406096141843 || 2010-02-23 21:15:24 |
| 6742 || 8.32131976705035 || 2016-05-21 08:40:35 |
| 6743 || -6.31039165712677 || 2014-03-03 05:26:40 |
| 6744 || 1.19415458250247 || 2018-04-16 11:44:38 |
| 6745 || -1.37083242035347 || 2011-07-25 21:38:26 |
| 6746 || -23.261896183402 || 2013-01-10 04:08:33 |
| 6747 || 74.4287108103955 || 2014-08-18 13:40:36 |
| 6748 || 5.98243110313971 || 2010-02-13 19:39:13 |
| 6749 || 0.192259277596711 || 2012-06-02 17:08:42 |
| 6750 || 15.5029375125174 || 2011-07-16 20:41:27 |
| 6751 || 62.2335276783427 || 2017-12-16 07:04:33 |
| 6752 || 85.7617010011849 || 2012-04-23 13:33:47 |
| 6753 || -9.28755559752707 || 2019-09-15 08:39:55 |
| 6754 || 1.26820290403043 || 2014-09-18 06:32:50 |
| 6755 || 6.55460232074037 || 2010-08-11 04:16:24 |
| 6756 || 28.5558194009399 || 2019-12-16 11:24:08 |
| 6757 || 45.0963829650263 || 2012-04-09 07:52:10 |
| 6758 || 43.6171702360396 || 2017-12-12 21:27:26 |
| 6759 || -2.12954593260704 || 2011-06-17 13:17:58 |
| 6760 || 6.50255847813433 || 2010-02-26 08:16:23 |
| 6761 || 38.653499100266 || 2015-01-19 09:16:17 |
| 6762 || -24.4139072103985 || 2011-04-19 22:30:33 |
| 6763 || 62.1271971518711 || 2015-02-12 22:19:37 |
| 6764 || 7.16791871525224 || 2017-05-12 22:35:54 |
| 6765 || -0.734292068575355 || 2010-04-10 12:07:03 |
| 6766 || 52.1251599793714 || 2019-01-12 04:18:25 |
| 6767 || 54.1341090864028 || 2016-05-01 03:05:16 |
| 6768 || -10.8529696309295 || 2011-03-16 10:00:07 |
| 6769 || 15.2976698645008 || 2011-01-09 17:49:06 |
| 6770 || 0.984193129173982 || 2017-08-23 19:59:33 |
| 6771 || 29.1264083987331 || 2018-01-13 17:01:42 |
| 6772 || 56.3981857108564 || 2010-04-25 00:41:54 |
| 6773 || 56.3815213771562 || 2013-02-04 18:11:45 |
| 6774 || 11.1229569740454 || 2011-02-22 08:58:18 |
| 6775 || 0.792985170098618 || 2016-07-22 21:28:38 |
| 6776 || 36.3706822402048 || 2010-06-10 23:51:57 |
| 6777 || -18.8878206118583 || 2013-01-24 08:27:01 |
| 6778 || 26.8391997002348 || 2016-04-07 04:50:26 |
| 6779 || 7.07638295597104 || 2018-09-25 04:51:16 |
| 6780 || 0.0439465924595533 || 2012-12-07 21:27:49 |
| 6781 || 12.7354108105997 || 2012-08-03 15:44:26 |
| 6782 || 77.8696595056355 || 2015-01-05 09:14:14 |
| 6783 || -22.7516758253341 || 2018-11-16 03:07:02 |
| 6784 || 14.7728345867715 || 2015-04-02 14:39:34 |
| 6785 || 0.00728322958102554 || 2019-09-16 10:36:36 |
| 6786 || -7.46466752990399 || 2014-02-01 01:31:53 |
| 6787 || 38.4319984082644 || 2016-04-13 04:14:46 |
| 6788 || 72.5681683054535 || 2017-02-07 20:16:49 |
| 6789 || -0.381120493473803 || 2012-11-17 17:18:39 |
| 6790 || -0.0643840143874766 || 2011-11-01 04:08:31 |
| 6791 || 24.9696803265968 || 2011-09-27 00:34:45 |
| 6792 || -23.5326403902359 || 2013-12-12 15:22:20 |
| 6793 || 85.289251882343 || 2014-06-26 05:41:29 |
| 6794 || 36.891034404231 || 2019-08-09 23:06:08 |
| 6795 || -0.368406112796585 || 2018-06-25 08:50:47 |
| 6796 || 20.8728632605875 || 2013-08-05 17:57:05 |
| 6797 || 69.1731265727615 || 2017-11-22 23:05:27 |
| 6798 || 86.9595226376913 || 2010-06-15 08:09:52 |
| 6799 || 42.166021153372 || 2011-01-06 10:24:16 |
| 6800 || -0.614945194048763 || 2010-07-27 20:47:05 |
| 6801 || 13.6961769169233 || 2017-04-03 21:27:14 |
| 6802 || -9.56212005012397 || 2010-12-08 15:54:23 |
| 6803 || 50.6773730381215 || 2012-06-16 13:32:34 |
| 6804 || -15.8888279069756 || 2012-08-21 15:30:51 |
| 6805 || -1.58562415264797 || 2018-05-24 03:07:02 |
| 6806 || 9.48325585782583 || 2019-07-06 01:42:07 |
| 6807 || -13.91365761734 || 2019-09-14 15:11:58 |
| 6808 || 0.737006530778836 || 2018-09-21 19:20:23 |
| 6809 || -18.3314580153505 || 2012-01-19 14:49:25 |
| 6810 || -2.14262169536131 || 2012-09-02 06:30:15 |
| 6811 || 0.28422166974278 || 2013-09-08 22:28:29 |
| 6812 || -10.4364249695384 || 2018-02-27 06:30:07 |
| 6813 || -17.5206063682793 || 2014-08-06 18:05:18 |
| 6814 || -10.8406098629554 || 2010-12-19 19:14:18 |
| 6815 || -3.32700821639497 || 2014-12-02 08:36:41 |
| 6816 || 2.0130731726454 || 2014-09-16 03:26:24 |
| 6817 || 51.2801895077051 || 2017-09-23 23:58:33 |
| 6818 || -26.1778932807047 || 2016-06-21 09:00:24 |
| 6819 || -21.9173611783445 || 2018-08-22 12:36:39 |
| 6820 || 1.99774454912435 || 2019-04-24 18:28:31 |
| 6821 || -0.440965698954831 || 2014-04-10 07:56:45 |
| 6822 || 42.784818570261 || 2014-01-22 22:22:47 |
| 6823 || -21.4654947830893 || 2019-09-16 01:39:07 |
| 6824 || -6.31482432946317 || 2014-03-21 12:55:04 |
| 6825 || 0.0951716476723239 || 2017-02-16 14:20:18 |
| 6826 || 1.70424242912301 || 2010-05-01 07:04:52 |
| 6827 || 40.6250188564345 || 2010-08-19 06:07:57 |
| 6828 || 82.369672001444 || 2012-05-03 01:23:01 |
| 6829 || 22.6265470527164 || 2011-09-07 14:32:38 |
| 6830 || 9.33870661459972 || 2014-03-26 18:16:20 |
| 6831 || 9.99210835035791e-05 || 2012-09-27 07:05:43 |
| 6832 || 27.1351422692737 || 2010-01-23 05:14:09 |
| 6833 || -24.0316756187802 || 2018-04-22 23:41:18 |
| 6834 || 76.0455301981517 || 2013-11-19 05:58:04 |
| 6835 || 3.10764476243717 || 2017-01-22 20:59:22 |
| 6836 || -0.00101750997120384 || 2012-09-02 20:58:01 |
| 6837 || 19.2776987147966 || 2011-10-26 13:17:16 |
| 6838 || -4.67813139407775 || 2010-03-13 10:06:08 |
| 6839 || -20.68627747752 || 2011-10-26 23:58:12 |
| 6840 || 18.408341928109 || 2017-07-14 02:08:19 |
| 6841 || 0.00236743090136713 || 2019-09-04 00:07:24 |
| 6842 || -3.61499231940399 || 2018-04-17 16:02:40 |
| 6843 || -2.31078326782314 || 2018-06-20 05:16:16 |
| 6844 || -10.0365453291975 || 2017-05-01 03:52:07 |
| 6845 || -7.5502464692764 || 2015-05-06 19:30:46 |
| 6846 || 0.0204417244450235 || 2010-09-08 22:16:50 |
| 6847 || 21.596621578201 || 2011-09-05 00:39:44 |
| 6848 || 72.0567157778895 || 2010-05-05 11:29:20 |
| 6849 || 26.7430994410575 || 2016-06-02 19:56:25 |
| 6850 || 42.8427207061072 || 2011-12-05 01:48:09 |
| 6851 || 1.95097480706123 || 2014-04-04 09:00:00 |
| 6852 || 1.00108823459114 || 2017-08-27 15:35:36 |
| 6853 || 52.2695476237805 || 2014-09-15 08:46:03 |
| 6854 || -12.4980741973206 || 2012-10-04 01:06:54 |
| 6855 || 12.1643811231954 || 2019-05-22 20:24:30 |
| 6856 || 4.17179197395843 || 2011-03-05 09:59:56 |
| 6857 || 4.38064730208218 || 2010-05-14 01:51:56 |
| 6858 || 21.0113532568133 || 2015-12-18 11:47:47 |
| 6859 || 86.4370106997063 || 2015-11-15 15:03:48 |
| 6860 || 52.2796937113307 || 2017-07-15 14:24:22 |
| 6861 || 6.7834539919079 || 2014-01-21 13:57:00 |
| 6862 || 9.42492401458452 || 2014-03-17 00:49:46 |
| 6863 || 35.3042131222973 || 2011-04-05 14:15:23 |
| 6864 || 72.9150451955171 || 2015-08-22 07:53:45 |
| 6865 || 19.9749451047223 || 2010-01-20 13:04:14 |
| 6866 || -3.12071268959845 || 2010-11-27 01:30:59 |
| 6867 || 5.93134768399439 || 2013-10-09 16:52:01 |
| 6868 || 8.02048351144545 || 2018-12-13 02:33:24 |
| 6869 || 79.8665121924456 || 2010-10-07 16:23:24 |
| 6870 || 13.1489932455082 || 2011-04-10 04:50:19 |
| 6871 || -3.89835369370013 || 2018-07-11 18:51:29 |
| 6872 || -0.304581212363074 || 2011-08-08 15:33:00 |
| 6873 || 24.9121016401491 || 2019-12-04 01:15:24 |
| 6874 || 55.3546628857392 || 2011-12-07 19:13:06 |
| 6875 || 69.1176929689669 || 2015-12-01 14:25:44 |
| 6876 || 7.10537390518445 || 2012-02-18 17:52:48 |
| 6877 || -0.204592811216396 || 2011-12-27 01:33:28 |
| 6878 || 1.54368790591591 || 2011-01-14 15:59:30 |
| 6879 || 2.96053662058495 || 2011-05-04 11:59:23 |
| 6880 || 1.85666355817596 || 2010-10-06 22:59:07 |
| 6881 || -4.02344538103111 || 2015-07-01 17:11:40 |
| 6882 || -0.194749662907276 || 2019-11-20 18:19:51 |
| 6883 || -7.48119612576473 || 2014-02-21 03:13:43 |
| 6884 || 80.1551544027024 || 2019-01-14 20:18:19 |
| 6885 || 40.2087030052267 || 2016-09-13 18:48:35 |
| 6886 || 17.9516171587801 || 2016-01-25 09:35:10 |
| 6887 || 0.00862740012280367 || 2018-10-18 03:18:52 |
| 6888 || 27.5338413984587 || 2015-01-26 20:51:06 |
| 6889 || -13.6627024812841 || 2010-08-26 02:29:05 |
| 6890 || 18.364198509819 || 2015-03-22 12:27:34 |
| 6891 || 6.50388987269082 || 2012-07-03 23:43:01 |
| 6892 || 0.028052154232057 || 2011-07-24 18:32:35 |
| 6893 || 20.1875438155782 || 2015-09-06 06:32:23 |
| 6894 || -25.9265575564056 || 2019-10-15 17:11:49 |
| 6895 || 81.2053198788788 || 2010-10-24 15:17:58 |
| 6896 || -12.0398755810105 || 2010-11-22 17:38:31 |
| 6897 || -0.127524650103758 || 2017-04-14 14:05:08 |
| 6898 || 19.8208930601104 || 2016-07-23 01:58:18 |
| 6899 || 65.1907673239211 || 2015-01-18 03:36:31 |
| 6900 || -21.5106627409468 || 2015-09-24 23:39:32 |
| 6901 || 19.2510956393121 || 2013-06-06 00:25:03 |
| 6902 || 1.52802820809745 || 2017-08-20 19:22:01 |
| 6903 || 1.98148736313943 || 2013-08-14 19:17:46 |
| 6904 || -22.7041772032912 || 2012-02-20 13:57:25 |
| 6905 || 40.6611824426819 || 2018-08-21 10:03:17 |
| 6906 || 6.85316195473772 || 2019-10-04 21:27:17 |
| 6907 || 2.86942810077659 || 2010-12-22 22:46:07 |
| 6908 || 3.05387030321543 || 2018-04-05 00:48:17 |
| 6909 || -21.8508845709596 || 2011-08-24 00:09:34 |
| 6910 || 66.375023197279 || 2015-05-03 16:41:42 |
| 6911 || -17.45367662463 || 2010-08-18 07:31:28 |
| 6912 || -0.893414957208854 || 2014-11-06 19:20:29 |
| 6913 || -0.705471274227723 || 2016-03-09 20:39:53 |
| 6914 || -17.1039130687167 || 2010-08-24 13:48:17 |
| 6915 || 25.0133626231422 || 2013-02-08 11:40:50 |
| 6916 || 8.05438584133866 || 2017-01-13 18:29:14 |
| 6917 || 9.45568090351572 || 2018-11-04 20:52:26 |
| 6918 || 6.87498237382675 || 2019-02-01 06:26:53 |
| 6919 || -15.4132831504667 || 2016-07-27 15:16:58 |
| 6920 || 16.4935313253252 || 2016-07-17 21:55:25 |
| 6921 || 36.3274747785794 || 2016-09-01 16:06:23 |
| 6922 || 11.5886078852372 || 2019-07-11 17:41:18 |
| 6923 || 4.4565128623689 || 2017-11-25 14:42:28 |
| 6924 || 33.3593743960201 || 2012-11-08 20:55:29 |
| 6925 || -19.9369594100148 || 2018-03-11 12:20:19 |
| 6926 || 36.326176045169 || 2018-01-06 05:23:54 |
| 6927 || 17.0294526532398 || 2017-02-03 06:56:22 |
| 6928 || -0.695945059906947 || 2013-12-19 03:05:15 |
| 6929 || 31.9607974561337 || 2012-03-12 22:37:16 |
| 6930 || 47.2077282348254 || 2011-09-07 05:08:43 |
| 6931 || 30.8166652478019 || 2019-12-09 23:00:00 |
| 6932 || -2.71640638812402 || 2016-08-27 10:50:52 |
| 6933 || 0.530023193918226 || 2015-03-12 11:18:21 |
| 6934 || -0.973118928065274 || 2018-05-02 09:52:16 |
| 6935 || 85.1135641188916 || 2019-12-23 11:53:53 |
| 6936 || 65.0870344551124 || 2012-12-19 14:53:27 |
| 6937 || 26.1996523867899 || 2010-11-06 10:37:10 |
| 6938 || 0.0848821957549939 || 2019-07-12 19:50:42 |
| 6939 || 17.2710616628223 || 2015-02-26 00:18:58 |
| 6940 || 81.1217017737745 || 2018-10-10 23:23:10 |
| 6941 || 66.2726023178816 || 2016-01-15 03:11:02 |
| 6942 || 13.3636270330864 || 2017-03-04 09:05:12 |
| 6943 || 0.0243851301049721 || 2010-06-22 01:46:57 |
| 6944 || 27.3571045586567 || 2011-01-25 15:28:01 |
| 6945 || 10.1321195033883 || 2013-11-10 22:28:39 |
| 6946 || 69.1792115005144 || 2012-12-01 21:25:48 |
| 6947 || -11.4107521212719 || 2010-11-21 11:22:34 |
| 6948 || 0.386970243014545 || 2013-06-08 10:09:10 |
| 6949 || 22.0228399501817 || 2015-04-26 23:33:45 |
| 6950 || -19.3241602116705 || 2010-03-24 22:24:20 |
| 6951 || 73.5957869082758 || 2016-07-12 04:21:24 |
| 6952 || -11.5095843486034 || 2015-07-27 13:52:21 |
| 6953 || 1.67153932710629 || 2018-01-06 21:25:01 |
| 6954 || -5.61694033928523 || 2019-04-03 17:30:43 |
| 6955 || 15.0036041871754 || 2015-04-10 05:58:51 |
| 6956 || -26.6207547482192 || 2014-07-11 15:09:53 |
| 6957 || 32.3481387441059 || 2010-11-05 03:05:20 |
| 6958 || -1.09097858254331 || 2015-08-26 04:38:18 |
| 6959 || -4.17057453110484 || 2017-06-21 11:43:38 |
| 6960 || -6.79074099614553 || 2013-03-20 02:04:52 |
| 6961 || 50.1223931018066 || 2014-03-18 07:06:27 |
| 6962 || 28.1981581014054 || 2016-01-27 16:48:35 |
| 6963 || 1.90689269858985 || 2017-04-10 19:33:33 |
| 6964 || -3.6127686542294 || 2013-10-12 21:37:31 |
| 6965 || -17.4906270500249 || 2013-04-11 22:38:03 |
| 6966 || -29.4790049328685 || 2011-12-27 00:04:05 |
| 6967 || 52.0225206167076 || 2015-02-25 23:27:55 |
| 6968 || 0.530912422677512 || 2018-08-13 19:17:15 |
| 6969 || -2.06488693746008 || 2015-06-08 12:19:02 |
| 6970 || 14.4210583943524 || 2019-05-08 03:25:26 |
| 6971 || -25.6281773291223 || 2017-04-05 21:24:58 |
| 6972 || 53.3874595800068 || 2017-02-19 00:57:33 |
| 6973 || -3.81837140895086 || 2018-01-23 11:11:39 |
| 6974 || 2.07380248487067 || 2013-11-01 00:17:22 |
| 6975 || 37.1373527723041 || 2010-09-11 04:30:56 |
| 6976 || 11.689162867991 || 2017-09-16 01:47:41 |
| 6977 || 47.3241190342512 || 2019-11-06 02:07:25 |
| 6978 || 4.838070851785 || 2016-07-01 06:55:40 |
| 6979 || 1.67470517325519 || 2014-06-22 11:27:11 |
| 6980 || -8.54027505251698 || 2013-12-16 01:33:30 |
| 6981 || -20.6771096180436 || 2014-11-07 06:25:33 |
| 6982 || 50.3358601659417 || 2014-07-15 01:23:13 |
| 6983 || 18.7004797815319 || 2019-05-06 02:02:00 |
| 6984 || -0.00122302999178575 || 2016-11-21 00:25:34 |
| 6985 || -0.170628427704998 || 2012-10-25 23:03:31 |
| 6986 || -4.85327021884031 || 2011-12-26 17:07:57 |
| 6987 || -12.0218163267373 || 2013-04-21 20:04:28 |
| 6988 || -2.94280314719667 || 2017-08-25 22:42:41 |
| 6989 || -0.0696823418311966 || 2012-12-05 08:15:20 |
| 6990 || -11.5156585734931 || 2019-05-10 00:13:03 |
| 6991 || 36.2868942254635 || 2013-06-09 03:29:43 |
| 6992 || -26.5930914316271 || 2015-04-12 02:44:12 |
| 6993 || 0.323392735462249 || 2018-10-08 15:53:20 |
| 6994 || 0.00073854032947379 || 2017-08-20 22:19:01 |
| 6995 || 27.3092089469594 || 2018-11-17 16:39:42 |
| 6996 || -7.49362987162213 || 2011-10-03 08:30:36 |
| 6997 || 82.2364909243529 || 2012-07-14 10:40:13 |
| 6998 || -11.8246180625504 || 2015-05-17 11:41:01 |
| 6999 || 0.0234042828960535 || 2019-01-08 17:38:09 |
| 7000 || 2.25094143194935 || 2019-03-07 03:35:52 |
| 7001 || 76.0721916682253 || 2016-04-20 19:58:30 |
| 7002 || -18.6841823379041 || 2019-07-19 14:58:20 |
| 7003 || 40.9324933861759 || 2014-09-23 06:52:22 |
| 7004 || -0.473617719593451 || 2012-11-05 06:50:47 |
| 7005 || 18.9763660764306 || 2013-04-06 04:05:26 |
| 7006 || -6.57626172933489 || 2017-12-01 05:19:32 |
| 7007 || -8.17616406343734 || 2012-07-27 15:13:00 |
| 7008 || 12.7581457546163 || 2013-04-11 06:10:06 |
| 7009 || 0.689441575128281 || 2018-03-04 16:54:29 |
| 7010 || -5.16019242083228 || 2010-11-05 19:54:54 |
| 7011 || 10.5197554045855 || 2016-12-20 17:33:53 |
| 7012 || -28.9924084424405 || 2018-12-15 21:52:22 |
| 7013 || -14.6756290458839 || 2019-06-09 12:54:00 |
| 7014 || -0.647115862284632 || 2010-10-06 11:39:17 |
| 7015 || 0.75312960099851 || 2017-09-06 14:16:47 |
| 7016 || 16.9888967532532 || 2016-02-11 14:01:18 |
| 7017 || 36.1108682128677 || 2011-10-15 07:10:32 |
| 7018 || 12.6637568993518 || 2019-02-13 05:52:05 |
| 7019 || -0.102860338660384 || 2011-08-19 00:25:38 |
| 7020 || -2.22885267140578 || 2010-11-01 05:11:08 |
| 7021 || 39.9868935424047 || 2011-05-08 19:41:31 |
| 7022 || 89.6845474057607 || 2013-01-09 03:49:42 |
| 7023 || -18.4911702884091 || 2014-02-24 13:02:11 |
| 7024 || 3.17592930777147 || 2014-05-16 06:34:01 |
| 7025 || 1.29144311346342 || 2013-06-22 00:24:00 |
| 7026 || -1.62860798594773 || 2013-07-07 04:31:44 |
| 7027 || -29.7233419075483 || 2015-05-02 09:53:02 |
| 7028 || 58.8840557552042 || 2011-10-10 21:38:38 |
| 7029 || 3.06380277385319 || 2018-03-19 12:56:55 |
| 7030 || -0.80092671272544 || 2019-07-18 08:53:01 |
| 7031 || 46.5640837607272 || 2017-05-03 07:57:08 |
| 7032 || -21.101619618112 || 2017-02-02 03:55:24 |
| 7033 || -23.9475770463567 || 2010-08-06 21:46:56 |
| 7034 || 4.18195734785068 || 2016-03-04 07:17:39 |
| 7035 || 0.105038015059522 || 2014-06-05 02:56:23 |
| 7036 || -3.72872367553157 || 2016-08-14 22:38:58 |
| 7037 || 86.0507542611334 || 2012-03-15 17:29:05 |
| 7038 || 71.7259033737026 || 2011-05-22 08:58:47 |
| 7039 || 8.24213482141387 || 2011-02-25 05:03:18 |
| 7040 || 0.373106317802067 || 2015-09-27 20:09:54 |
| 7041 || -10.4445404216834 || 2019-01-10 04:48:20 |
| 7042 || 81.1378723069934 || 2011-08-03 10:53:21 |
| 7043 || 78.9831204510965 || 2010-01-05 23:38:57 |
| 7044 || 28.2127766938915 || 2019-08-27 18:41:27 |
| 7045 || 0.00231289629082014 || 2011-12-14 20:48:25 |
| 7046 || 17.0849454258162 || 2018-01-22 09:33:29 |
| 7047 || -18.1962783862457 || 2017-05-01 05:18:30 |
| 7048 || 54.5342614594841 || 2017-10-21 23:03:23 |
| 7049 || 0.434099184888108 || 2015-02-17 08:48:46 |
| 7050 || 0.076247792947703 || 2012-12-21 00:52:16 |
| 7051 || 16.0752427896906 || 2012-12-24 21:12:42 |
| 7052 || -20.4096731020551 || 2015-05-01 21:24:40 |
| 7053 || 36.1387705400695 || 2018-01-11 15:12:00 |
| 7054 || 37.3368059167229 || 2010-07-27 02:40:00 |
| 7055 || 1.07569611906723 || 2012-03-13 23:02:20 |
| 7056 || 20.5581302626926 || 2015-05-25 10:19:20 |
| 7057 || 68.5480134596066 || 2016-01-11 02:51:28 |
| 7058 || 73.7308758733408 || 2011-02-26 20:43:56 |
| 7059 || -10.098396725175 || 2016-06-17 15:31:24 |
| 7060 || 0.278105147714864 || 2016-03-11 09:39:40 |
| 7061 || -5.13916887610912 || 2014-01-19 01:58:26 |
| 7062 || 25.243836991758 || 2018-11-13 22:48:03 |
| 7063 || -5.37301904468307 || 2012-06-21 15:29:26 |
| 7064 || -7.71576975189139 || 2015-08-23 23:48:26 |
| 7065 || -1.21391252527507 || 2018-07-04 11:47:37 |
| 7066 || 2.64438425878458 || 2018-07-22 11:00:39 |
| 7067 || 25.5848151796088 || 2016-02-02 06:28:04 |
| 7068 || 85.845055998647 || 2017-12-06 08:53:19 |
| 7069 || 25.3786885259116 || 2012-05-04 02:23:17 |
| 7070 || 1.0478129938451 || 2014-08-05 01:30:22 |
| 7071 || -1.47087549950952 || 2012-02-22 23:44:44 |
| 7072 || -15.341578210218 || 2015-12-09 21:26:07 |
| 7073 || 86.9430288666227 || 2013-02-19 04:52:44 |
| 7074 || 54.8692271018285 || 2016-09-12 18:29:24 |
| 7075 || 10.9251823704228 || 2016-03-06 07:20:01 |
| 7076 || -1.7536548382518 || 2018-03-19 15:05:57 |
| 7077 || -2.46731869274804 || 2014-10-09 23:18:19 |
| 7078 || 88.3894211706495 || 2016-05-23 02:20:41 |
| 7079 || 30.7874350191478 || 2012-02-25 23:25:57 |
| 7080 || 11.4623932069292 || 2016-11-19 06:28:37 |
| 7081 || 3.11656256368734 || 2014-08-12 01:10:25 |
| 7082 || 7.81805275482722 || 2014-09-23 10:07:11 |
| 7083 || 84.0424954368853 || 2019-10-27 12:20:09 |
| 7084 || -4.63791270606562 || 2017-06-14 03:48:12 |
| 7085 || 5.0690296851044 || 2011-07-27 18:49:03 |
| 7086 || 0.718818638189304 || 2017-02-03 18:23:07 |
| 7087 || 37.331060458551 || 2013-06-18 21:27:59 |
| 7088 || 25.9160105832899 || 2011-03-11 20:02:58 |
| 7089 || 12.3765987480921 || 2016-09-25 10:06:11 |
| 7090 || 2.25709628671583 || 2018-06-02 05:33:33 |
| 7091 || -0.182558046947586 || 2013-09-22 22:18:49 |
| 7092 || -7.33492351212965 || 2018-04-17 01:29:21 |
| 7093 || -26.7446619373793 || 2013-08-13 11:42:19 |
| 7094 || 75.2686552822304 || 2013-07-11 01:26:01 |
| 7095 || -2.45552137391894 || 2010-04-08 15:31:13 |
| 7096 || 0.00181524599274703 || 2019-11-18 13:29:00 |
| 7097 || 31.4345247875465 || 2019-12-20 09:32:18 |
| 7098 || 39.6462486796298 || 2011-02-24 06:46:05 |
| 7099 || -25.9123263556934 || 2012-07-20 19:50:03 |
| 7100 || -8.22347607826356 || 2014-07-19 21:33:24 |
| 7101 || -0.0433081396288978 || 2010-07-10 04:07:54 |
| 7102 || 21.768191454537 || 2018-08-05 09:10:04 |
| 7103 || 13.8350636237425 || 2010-01-15 17:32:08 |
| 7104 || 84.6255930284521 || 2015-01-10 18:29:54 |
| 7105 || 11.9684152149123 || 2014-01-16 14:58:39 |
| 7106 || -0.193928837541357 || 2010-04-21 03:06:00 |
| 7107 || -4.05083949996557 || 2013-04-19 07:20:46 |
| 7108 || -6.71535935819169 || 2010-03-16 04:04:10 |
| 7109 || 19.9046817141126 || 2016-11-20 13:22:50 |
| 7110 || 38.2838415519142 || 2012-04-24 09:56:45 |
| 7111 || -0.575410893629557 || 2013-09-10 18:25:45 |
| 7112 || 15.2306845670553 || 2012-02-15 16:00:53 |
| 7113 || 64.8390276839442 || 2010-07-20 02:52:45 |
| 7114 || 88.7019149172535 || 2011-05-10 09:28:26 |
| 7115 || 12.8952125142272 || 2018-08-26 21:49:46 |
| 7116 || 1.73992809367753 || 2019-10-17 18:39:32 |
| 7117 || 6.33006988277072 || 2015-11-01 16:50:09 |
| 7118 || 14.4017424106948 || 2012-05-09 18:04:55 |
| 7119 || 0.386732639950903 || 2014-11-04 16:57:18 |
| 7120 || 25.4991817923412 || 2015-06-26 03:57:40 |
| 7121 || 6.1321027407787 || 2011-06-18 17:17:54 |
| 7122 || 6.83234522583982 || 2012-06-11 22:42:06 |
| 7123 || -1.49157053797186 || 2019-04-11 18:10:09 |
| 7124 || -27.2594377643569 || 2010-11-21 22:56:36 |
| 7125 || 55.1400518450855 || 2019-12-04 00:24:29 |
| 7126 || -3.43044531092682 || 2018-12-18 19:42:00 |
| 7127 || 1.45367543387589 || 2016-03-12 05:49:43 |
| 7128 || 28.8662371279615 || 2016-01-03 11:53:32 |
| 7129 || 48.0986113120724 || 2018-07-12 15:55:41 |
| 7130 || 26.5370440152432 || 2011-10-03 05:43:30 |
| 7131 || -3.61948802663518 || 2015-11-25 14:44:18 |
| 7132 || 0.161619724601806 || 2015-06-15 06:25:24 |
| 7133 || 48.0908807495801 || 2011-08-07 19:55:59 |
| 7134 || -27.5868658458528 || 2015-06-12 09:31:45 |
| 7135 || 61.7480798478243 || 2010-08-01 19:43:33 |
| 7136 || -5.53937642328474 || 2012-11-21 11:01:43 |
| 7137 || -0.417929634391351 || 2017-02-08 22:22:31 |
| 7138 || -1.28518364658527 || 2013-06-27 07:54:40 |
| 7139 || 10.6540546510309 || 2017-12-13 02:52:05 |
| 7140 || -23.2744709954426 || 2015-07-25 02:41:58 |
| 7141 || -4.12395477979925 || 2013-01-21 00:18:20 |
| 7142 || 0.566571469452911 || 2010-02-24 15:54:55 |
| 7143 || 30.2370076307337 || 2012-01-08 23:59:52 |
| 7144 || -10.8607130320336 || 2016-12-11 21:08:45 |
| 7145 || -22.2333433084948 || 2011-01-07 02:19:36 |
| 7146 || -7.36017375772857 || 2014-10-04 22:41:18 |
| 7147 || 0.00732703656726701 || 2017-07-07 01:29:55 |
| 7148 || -1.94503491255379 || 2014-10-25 10:35:18 |
| 7149 || 39.6784516629655 || 2013-06-16 05:02:19 |
| 7150 || -1.52779568417029 || 2014-05-11 09:36:08 |
| 7151 || 3.35355028920644 || 2011-11-05 10:02:13 |
| 7152 || 0.0608192490901553 || 2015-06-08 15:24:07 |
| 7153 || 25.2494974135765 || 2017-08-20 16:05:29 |
| 7154 || 0.853241283578637 || 2015-04-16 00:10:19 |
| 7155 || 11.3661083046618 || 2015-09-24 04:46:08 |
| 7156 || -8.99304008120739 || 2017-10-18 13:25:17 |
| 7157 || -0.0212585909681339 || 2012-03-24 19:07:13 |
| 7158 || 11.3496084240777 || 2019-11-19 06:31:29 |
| 7159 || -14.715593269092 || 2017-12-22 19:12:29 |
| 7160 || 79.7727346567936 || 2014-02-01 05:53:35 |
| 7161 || 21.8340443398413 || 2011-04-16 19:17:18 |
| 7162 || 1.63715169317805 || 2010-12-02 02:53:17 |
| 7163 || -1.42421917900707 || 2011-03-03 10:12:14 |
| 7164 || -23.309035529838 || 2016-04-02 23:44:25 |
| 7165 || 85.8308722848405 || 2016-08-13 04:27:34 |
| 7166 || -1.55975891972982 || 2013-09-08 23:50:07 |
| 7167 || -0.733996907437303 || 2013-09-22 04:25:47 |
| 7168 || 0.485819982463887 || 2014-08-06 22:14:49 |
| 7169 || -19.33829927849 || 2012-12-21 03:11:02 |
| 7170 || 26.4463481853546 || 2010-01-19 08:44:34 |
| 7171 || 40.8623545664357 || 2019-01-06 03:51:49 |
| 7172 || 2.4741950325957 || 2012-05-05 15:32:29 |
| 7173 || 4.43412043772216 || 2010-10-08 14:25:05 |
| 7174 || 36.8324450148916 || 2011-09-11 06:33:10 |
| 7175 || 21.9569005805093 || 2010-07-06 17:24:43 |
| 7176 || 45.5830257980074 || 2013-07-27 10:09:13 |
| 7177 || 8.77665720537152 || 2010-04-27 18:14:52 |
| 7178 || 5.70404006696885 || 2011-04-22 03:24:17 |
| 7179 || -18.0926653587567 || 2017-10-21 02:21:49 |
| 7180 || 22.3187640514123 || 2019-08-09 09:35:21 |
| 7181 || 63.0229351620812 || 2019-10-17 18:26:25 |
| 7182 || 11.5968943069924 || 2013-05-13 17:23:06 |
| 7183 || -1.44446225577062 || 2017-05-03 20:28:05 |
| 7184 || -11.531715996791 || 2012-10-26 18:35:35 |
| 7185 || -16.2455909908324 || 2012-11-26 22:28:45 |
| 7186 || 11.8356877121918 || 2017-05-14 04:44:27 |
| 7187 || -0.16389554587573 || 2011-08-11 04:43:45 |
| 7188 || 0.477472927834233 || 2018-03-17 06:25:31 |
| 7189 || -9.08482397504991 || 2018-03-14 06:07:41 |
| 7190 || 41.9844527813961 || 2012-03-03 09:50:13 |
| 7191 || 73.2465360753376 || 2019-01-22 09:37:12 |
| 7192 || -2.97723033361137 || 2015-10-27 20:00:37 |
| 7193 || 0.60418198080241 || 2018-01-04 22:25:03 |
| 7194 || 35.5744469567717 || 2012-01-26 11:45:16 |
| 7195 || 24.110594875509 || 2010-07-11 04:33:16 |
| 7196 || 66.5946179895748 || 2010-07-12 17:55:24 |
| 7197 || 5.98460388596433 || 2019-02-09 02:55:33 |
| 7198 || -0.0210436572722666 || 2014-06-23 23:51:52 |
| 7199 || 31.6049717590449 || 2016-10-13 04:42:07 |
| 7200 || 49.218190892632 || 2019-08-16 22:50:18 |
| 7201 || 11.8840750705079 || 2010-06-07 19:00:04 |
| 7202 || 0.109723418110946 || 2011-10-01 07:03:57 |
| 7203 || 0.0118505812917031 || 2015-05-16 17:40:58 |
| 7204 || -8.94146416507795 || 2013-05-08 17:04:13 |
| 7205 || 78.248203265421 || 2012-06-13 10:40:05 |
| 7206 || -27.978636290222 || 2018-04-24 20:57:38 |
| 7207 || 22.299874947585 || 2018-06-10 15:09:13 |
| 7208 || -0.103987985458803 || 2015-03-20 18:06:56 |
| 7209 || 5.44979137136861 || 2014-08-26 01:43:34 |
| 7210 || -24.4403152563434 || 2017-03-11 03:18:43 |
| 7211 || 27.0313512560125 || 2018-12-01 01:41:05 |
| 7212 || 0.756048017671123 || 2019-09-27 14:44:25 |
| 7213 || -0.246972898106956 || 2012-03-24 03:51:23 |
| 7214 || -3.43899880863169 || 2011-09-23 05:10:35 |
| 7215 || -17.3174496598083 || 2017-04-07 06:46:06 |
| 7216 || 78.2322602549074 || 2017-10-20 02:24:50 |
| 7217 || 41.0960601582458 || 2018-12-11 23:16:43 |
| 7218 || -1.19190024419717 || 2012-04-13 23:54:44 |
| 7219 || 13.8634045481322 || 2013-06-07 14:07:02 |
| 7220 || 63.4272896929979 || 2011-07-15 14:29:40 |
| 7221 || -14.8487918258416 || 2014-04-22 13:06:40 |
| 7222 || 52.0485647707364 || 2016-05-16 22:23:34 |
| 7223 || 0.735535905341135 || 2017-01-01 16:17:44 |
| 7224 || 10.7453713774424 || 2016-01-23 19:16:21 |
| 7225 || 60.5813885945499 || 2014-11-10 18:32:36 |
| 7226 || -14.9472702189654 || 2018-12-24 20:17:55 |
| 7227 || 41.8136400154748 || 2016-05-12 23:03:00 |
| 7228 || 4.41168726733272 || 2018-12-22 09:35:32 |
| 7229 || -2.20564888911753 || 2018-08-24 06:18:44 |
| 7230 || 42.7085626816626 || 2015-08-10 05:52:29 |
| 7231 || 33.6641315364095 || 2012-02-06 05:43:35 |
| 7232 || 63.5661873972846 || 2012-09-26 05:16:26 |
| 7233 || -2.06246238958853 || 2010-12-25 02:11:54 |
| 7234 || 4.38507335650231 || 2017-08-09 23:24:00 |
| 7235 || -2.94606472249932 || 2016-04-05 13:39:08 |
| 7236 || 85.3339134783836 || 2014-08-03 08:46:44 |
| 7237 || -21.945577096988 || 2014-10-24 23:35:13 |
| 7238 || -1.77704061925403 || 2012-04-17 16:55:48 |
| 7239 || -0.733475508608265 || 2019-09-10 02:18:59 |
| 7240 || 11.534544673536 || 2010-04-02 14:44:24 |
| 7241 || -12.8995200890741 || 2010-06-18 06:56:52 |
| 7242 || -23.6277518160584 || 2010-05-16 02:02:49 |
| 7243 || -0.812337629256561 || 2010-06-23 16:49:30 |
| 7244 || -0.106608005826663 || 2014-10-15 00:26:51 |
| 7245 || 1.84928326491117 || 2019-01-09 19:32:40 |
| 7246 || 3.32227924631599 || 2010-11-15 07:08:30 |
| 7247 || -25.6539229808887 || 2010-01-14 06:21:00 |
| 7248 || -8.55374552845782 || 2015-03-17 07:49:26 |
| 7249 || 0.0352737386765268 || 2011-11-09 17:03:47 |
| 7250 || 32.0041498039832 || 2018-01-21 08:24:00 |
| 7251 || 48.6614943426298 || 2015-12-25 11:54:19 |
| 7252 || 76.8133328607114 || 2014-02-11 18:06:39 |
| 7253 || 0.725615851584385 || 2019-10-19 19:42:04 |
| 7254 || 0.00478007634428319 || 2016-07-07 22:37:03 |
| 7255 || -9.45946533080811 || 2010-07-16 11:06:57 |
| 7256 || 42.3385552503234 || 2019-08-07 21:25:17 |
| 7257 || 82.1998746602067 || 2014-12-19 20:29:19 |
| 7258 || 17.9582257480078 || 2016-09-05 09:58:23 |
| 7259 || 0.353041954730088 || 2013-11-09 10:15:00 |
| 7260 || -6.81189561713216 || 2012-02-01 21:21:45 |
| 7261 || 72.7872291053843 || 2014-07-21 00:12:53 |
| 7262 || 76.9200693707048 || 2016-08-26 15:08:35 |
| 7263 || 36.3907445239697 || 2012-11-03 18:31:59 |
| 7264 || -0.234354245643254 || 2017-10-21 20:45:05 |
| 7265 || 17.3425744795405 || 2015-07-11 14:11:50 |
| 7266 || 5.47566168221463 || 2018-10-06 18:11:12 |
| 7267 || 33.9043671860362 || 2011-10-06 21:17:42 |
| 7268 || -8.31959674656807 || 2016-06-02 09:21:02 |
| 7269 || -1.06709353126093 || 2017-01-09 22:15:19 |
| 7270 || 3.3866914050378 || 2014-10-14 14:14:22 |
| 7271 || -6.90229077684682 || 2012-05-25 06:02:37 |
| 7272 || 87.0117693193725 || 2012-11-21 10:08:56 |
| 7273 || 39.6312349536266 || 2014-05-19 10:51:40 |
| 7274 || 0.0991797563917429 || 2015-08-23 16:03:17 |
| 7275 || 9.52916378414809 || 2017-04-23 01:51:33 |
| 7276 || 0.954433418161807 || 2012-07-02 02:52:39 |
| 7277 || 1.58151707825406 || 2019-10-12 09:33:15 |
| 7278 || 19.9083546155368 || 2019-12-08 14:53:59 |
| 7279 || 5.93020945193909 || 2012-08-26 10:59:27 |
| 7280 || -1.7573653766818 || 2014-04-04 15:34:00 |
| 7281 || 56.7151521621678 || 2012-06-23 10:53:27 |
| 7282 || -22.9821020826921 || 2019-01-23 19:44:42 |
| 7283 || 51.8496257030952 || 2016-06-08 04:05:04 |
| 7284 || 6.40520508331862 || 2011-10-21 12:01:36 |
| 7285 || 2.40751801509941 || 2014-06-25 05:41:49 |
| 7286 || -17.1358476818684 || 2016-06-21 20:43:13 |
| 7287 || 87.050877705571 || 2010-09-02 05:23:46 |
| 7288 || 1.86618102457751 || 2019-02-05 18:34:41 |
| 7289 || -3.05212203206993 || 2011-07-25 00:16:26 |
| 7290 || -0.763099982373995 || 2019-11-08 11:10:56 |
| 7291 || 20.4457815353412 || 2013-05-15 00:29:39 |
| 7292 || -28.8943744147556 || 2010-04-04 18:14:01 |
| 7293 || 61.2754344550321 || 2010-04-19 12:57:39 |
| 7294 || -6.58401992345544 || 2017-10-09 21:50:52 |
| 7295 || 0.863364089786873 || 2010-12-19 07:48:02 |
| 7296 || 21.6722645675491 || 2010-01-12 00:49:10 |
| 7297 || 49.5373044694162 || 2013-06-19 09:28:29 |
| 7298 || -24.6129620120615 || 2015-09-09 08:58:25 |
| 7299 || 14.0700659323553 || 2019-01-18 15:55:42 |
| 7300 || 0.103219093848777 || 2018-12-06 01:49:31 |
| 7301 || -10.7259480727955 || 2018-07-17 15:21:55 |
| 7302 || 21.3985971708387 || 2019-11-04 00:32:31 |
| 7303 || 77.0655818051328 || 2015-12-19 10:34:08 |
| 7304 || -7.75863748921172 || 2017-07-02 20:47:51 |
| 7305 || 0.000806652439738384 || 2010-09-09 21:47:51 |
| 7306 || 26.3987708546834 || 2011-04-18 15:03:40 |
| 7307 || -25.9298857135282 || 2010-11-02 23:25:21 |
| 7308 || -12.3786481850048 || 2012-11-12 00:44:08 |
| 7309 || 19.7380482532659 || 2015-03-05 05:14:09 |
| 7310 || 0.281771433455063 || 2010-03-26 01:16:29 |
| 7311 || 16.1241679430506 || 2013-01-06 01:42:48 |
| 7312 || 73.1388524170546 || 2016-05-21 09:34:28 |
| 7313 || 54.7247193087113 || 2015-11-08 05:17:29 |
| 7314 || 16.7629233253804 || 2010-04-03 14:54:03 |
| 7315 || 1.08335551595466 || 2018-02-20 06:39:07 |
| 7316 || -5.89802449515324 || 2011-05-27 14:08:45 |
| 7317 || 60.7135674524671 || 2018-01-19 15:59:49 |
| 7318 || 51.7207328197273 || 2015-03-07 21:04:29 |
| 7319 || -0.790443141801544 || 2015-08-27 07:14:54 |
| 7320 || -0.0102461062399047 || 2012-03-26 10:18:34 |
| 7321 || 15.6824259971585 || 2016-08-05 08:35:17 |
| 7322 || 33.7237887715439 || 2011-11-14 00:37:02 |
| 7323 || 88.6052630569563 || 2015-03-25 23:35:27 |
| 7324 || -4.47311946414504 || 2011-08-19 20:50:58 |
| 7325 || 4.93470092395505 || 2010-02-21 12:18:16 |
| 7326 || -3.7710395702124 || 2017-02-26 03:15:35 |
| 7327 || 10.9300014970364 || 2019-10-12 16:17:41 |
| 7328 || 51.7613598056428 || 2019-06-09 04:16:32 |
| 7329 || -7.69951470232957 || 2016-02-20 19:57:17 |
| 7330 || 6.16475377928842 || 2011-04-27 23:52:52 |
| 7331 || 1.99279796525057 || 2018-05-27 10:33:37 |
| 7332 || -15.242952253314 || 2017-12-17 02:20:46 |
| 7333 || 31.9017646686469 || 2012-11-22 11:52:47 |
| 7334 || 4.36132841279677 || 2018-06-16 05:44:00 |
| 7335 || 10.0874685660856 || 2012-10-20 03:00:19 |
| 7336 || 4.81145839258179 || 2016-11-21 08:08:42 |
| 7337 || 52.7976083327348 || 2010-01-01 21:58:10 |
| 7338 || 19.9019356940109 || 2013-08-12 08:58:25 |
| 7339 || 20.6662205082673 || 2015-03-24 18:15:45 |
| 7340 || 10.2099057571084 || 2014-09-11 13:14:15 |
| 7341 || -0.145068127229864 || 2014-01-25 09:22:25 |
| 7342 || -13.2438278363424 || 2017-04-22 23:42:45 |
| 7343 || 60.7098701319477 || 2014-04-21 19:46:22 |
| 7344 || 56.6482501363885 || 2010-07-16 22:36:00 |
| 7345 || 18.732214200285 || 2015-07-02 04:35:22 |
| 7346 || 1.63876007456849 || 2012-07-08 22:34:59 |
| 7347 || 22.0652315839729 || 2019-06-17 04:05:19 |
| 7348 || -27.367436660889 || 2017-05-08 20:33:57 |
| 7349 || 31.1777492167557 || 2012-10-27 23:26:57 |
| 7350 || 8.84326263434063 || 2015-04-13 00:04:46 |
| 7351 || 0.101949655549773 || 2011-06-19 11:13:33 |
| 7352 || -4.99700161061822 || 2012-06-14 16:53:51 |
| 7353 || -25.9863166744801 || 2017-06-17 07:35:35 |
| 7354 || -3.22808865540813 || 2010-01-06 04:22:03 |
| 7355 || -8.8080152775674 || 2012-11-11 01:01:48 |
| 7356 || 0.0065197725584444 || 2018-11-18 09:25:47 |
| 7357 || 1.63982965815873 || 2019-05-14 05:04:49 |
| 7358 || -8.2146346516044 || 2012-03-03 00:28:19 |
| 7359 || 79.1528172982513 || 2018-11-10 17:28:34 |
| 7360 || 6.77926073431681 || 2015-04-04 14:18:15 |
| 7361 || 0.125778565480302 || 2013-06-16 02:29:43 |
| 7362 || 17.0720948170375 || 2015-04-04 17:18:22 |
| 7363 || 72.9451226762362 || 2015-02-19 17:21:09 |
| 7364 || -9.40309677195771 || 2010-09-09 14:43:15 |
| 7365 || 30.3522063066394 || 2012-09-07 14:51:00 |
| 7366 || 0.446164493135219 || 2013-12-16 15:40:22 |
| 7367 || 7.22315339365057 || 2011-09-03 07:37:22 |
| 7368 || 0.761721958704065 || 2010-12-23 07:25:28 |
| 7369 || 15.3547049300136 || 2018-05-25 12:26:26 |
| 7370 || 28.7018722089147 || 2010-08-08 02:27:50 |
| 7371 || 1.38124464418102 || 2019-03-04 06:10:43 |
| 7372 || 10.6525082546379 || 2013-05-09 13:29:55 |
| 7373 || 24.2073029103182 || 2013-05-04 11:22:53 |
| 7374 || -29.6240725827344 || 2018-08-26 01:39:56 |
| 7375 || -7.46972140665338 || 2018-11-24 15:32:38 |
| 7376 || -0.791439743196372 || 2010-10-21 02:06:39 |
| 7377 || 5.15218070618284 || 2015-12-11 22:14:48 |
| 7378 || 38.3424569798776 || 2013-08-02 17:46:36 |
| 7379 || 79.7591665006423 || 2019-10-03 23:54:26 |
| 7380 || -17.7266886724792 || 2012-04-13 03:07:22 |
| 7381 || 2.37600704113015 || 2019-05-10 06:31:38 |
| 7382 || -1.7729632803808 || 2017-03-23 17:11:55 |
| 7383 || 55.8379298925191 || 2018-08-22 18:19:02 |
| 7384 || -10.4037298763091 || 2016-02-24 09:04:54 |
| 7385 || 60.0279693843099 || 2017-10-22 05:01:00 |
| 7386 || 8.9424519412815 || 2012-04-23 19:35:18 |
| 7387 || -1.96064019112768 || 2019-02-20 09:58:40 |
| 7388 || 50.9256269497832 || 2019-07-15 10:07:37 |
| 7389 || -26.0279041087737 || 2018-09-27 20:02:25 |
| 7390 || -21.6615899398744 || 2018-03-27 20:19:39 |
| 7391 || 3.46529647086512 || 2012-05-03 10:27:10 |
| 7392 || 0.109554888991805 || 2011-05-26 04:41:25 |
| 7393 || -5.46338605478975 || 2017-09-14 04:14:28 |
| 7394 || 51.095403839457 || 2018-02-07 22:13:17 |
| 7395 || -11.2389406450048 || 2018-06-12 01:37:00 |
| 7396 || 17.2379037272237 || 2017-02-20 17:52:47 |
| 7397 || 0.0264585909281292 || 2014-08-12 10:47:00 |
| 7398 || 21.0409268249968 || 2011-08-21 21:23:45 |
| 7399 || 58.8176732053601 || 2018-04-25 02:49:05 |
| 7400 || 39.3519833879134 || 2017-08-13 00:30:28 |
| 7401 || 11.9408540966568 || 2017-01-20 11:43:41 |
| 7402 || 0.166855657095701 || 2015-05-08 04:26:38 |
| 7403 || -12.2321302920076 || 2011-04-21 20:41:28 |
| 7404 || -28.1124436120529 || 2012-02-13 18:43:11 |
| 7405 || 8.45245240305645 || 2018-07-04 06:50:18 |
| 7406 || 3.37435342512701 || 2018-02-20 05:14:49 |
| 7407 || 0.0602020219237885 || 2010-05-08 02:58:16 |
| 7408 || -2.20675185780025 || 2010-03-19 00:27:53 |
| 7409 || 14.846409847965 || 2010-03-08 21:17:30 |
| 7410 || 79.8878913944751 || 2017-08-15 21:22:23 |
| 7411 || 22.3793249129751 || 2016-03-03 18:01:27 |
| 7412 || -0.0358214177798154 || 2012-09-04 21:59:33 |
| 7413 || 1.43819372268719 || 2017-12-23 17:05:46 |
| 7414 || 74.0027480995094 || 2018-11-22 13:25:02 |
| 7415 || -9.70367445504032 || 2019-10-23 07:21:24 |
| 7416 || -6.87918450587125 || 2019-10-06 05:46:54 |
| 7417 || 0.786661740238196 || 2019-10-24 23:54:18 |
| 7418 || -0.825050546278845 || 2018-10-27 18:41:02 |
| 7419 || 26.6503143434575 || 2011-06-21 09:07:20 |
| 7420 || -1.88694159448895 || 2011-02-13 01:36:36 |
| 7421 || 27.4595837454808 || 2017-01-16 08:54:29 |
| 7422 || -0.506967995276685 || 2016-03-20 07:17:49 |
| 7423 || 4.44953323356546 || 2015-04-13 19:50:28 |
| 7424 || -23.2078175539701 || 2015-03-06 13:13:07 |
| 7425 || 21.9945913079489 || 2012-03-21 15:36:20 |
| 7426 || 17.4092150348212 || 2015-04-26 21:47:31 |
| 7427 || 1.49388858152356 || 2016-08-15 18:13:43 |
| 7428 || 1.86794558735193 || 2014-12-18 23:53:53 |
| 7429 || 31.1333945794867 || 2018-07-11 19:28:16 |
| 7430 || -17.0252036781451 || 2019-04-14 08:40:56 |
| 7431 || 54.5743502897309 || 2013-03-03 14:41:21 |
| 7432 || -1.62514887596242 || 2010-10-08 17:20:42 |
| 7433 || 9.95457981866829 || 2010-10-02 14:54:48 |
| 7434 || -0.713837927332583 || 2012-06-03 06:29:49 |
| 7435 || 80.6253209076905 || 2018-10-02 17:18:56 |
| 7436 || 30.3798876961661 || 2011-07-25 08:46:25 |
| 7437 || -2.9446033174327 || 2019-11-13 08:22:45 |
| 7438 || 0.913923456709031 || 2018-09-01 01:30:14 |
| 7439 || -18.2730149379084 || 2016-01-16 14:25:21 |
| 7440 || 67.0281401016484 || 2015-07-06 12:30:52 |
| 7441 || 63.816845807844 || 2010-11-25 01:59:46 |
| 7442 || 3.44836363591974 || 2016-03-25 17:37:29 |
| 7443 || 3.47057298418025 || 2013-08-16 06:24:27 |
| 7444 || -3.11034956900308 || 2018-08-06 21:00:55 |
| 7445 || -28.6526912057795 || 2018-06-27 08:26:28 |
| 7446 || 44.9548000742283 || 2014-11-02 01:46:08 |
| 7447 || 10.9837183456983 || 2013-01-24 10:02:41 |
| 7448 || 0.25691578737372 || 2012-09-06 11:31:17 |
| 7449 || 20.8263494807065 || 2016-05-02 14:55:36 |
| 7450 || -18.1117141212017 || 2013-05-15 10:01:28 |
| 7451 || -10.1919025943555 || 2011-01-26 14:04:27 |
| 7452 || -2.81477523359007 || 2017-06-19 07:05:46 |
| 7453 || 0.0161404742873088 || 2016-01-23 12:35:58 |
| 7454 || 20.4928666123414 || 2015-01-13 21:11:19 |
| 7455 || 84.7915655362502 || 2018-03-10 20:41:33 |
| 7456 || 65.0710215900718 || 2017-09-02 03:12:19 |
| 7457 || -3.9066887001607 || 2016-02-01 04:31:11 |
| 7458 || 0.0508869306914048 || 2015-05-17 21:28:08 |
| 7459 || 28.8645424844561 || 2015-10-09 20:47:02 |
| 7460 || 43.7003544125167 || 2010-04-14 08:22:17 |
| 7461 || 45.9442460593127 || 2011-01-20 19:15:57 |
| 7462 || 14.0632077086776 || 2016-07-16 12:42:46 |
| 7463 || 0.0474139136653536 || 2010-02-25 12:10:28 |
| 7464 || -5.59860977680861 || 2010-05-01 10:36:55 |
| 7465 || 7.05227754779861 || 2018-05-07 09:29:11 |
| 7466 || -27.196037886359 || 2018-08-22 10:37:39 |
| 7467 || 27.0440754583337 || 2017-08-22 07:38:18 |
| 7468 || -0.121342350080509 || 2010-02-08 06:27:49 |
| 7469 || 13.7335273006446 || 2017-10-14 16:06:33 |
| 7470 || 74.900916735016 || 2014-08-21 02:04:37 |
| 7471 || 70.174702843545 || 2015-01-08 06:02:31 |
| 7472 || -5.09167394039843 || 2017-10-22 21:33:30 |
| 7473 || 1.75914630480507 || 2015-04-17 13:12:21 |
| 7474 || 17.0198803893003 || 2010-01-22 23:04:53 |
| 7475 || -22.116806024454 || 2011-03-22 22:33:06 |
| 7476 || -15.2308943474167 || 2016-10-03 03:28:29 |
| 7477 || 28.7118828475212 || 2015-10-14 04:37:09 |
| 7478 || 3.66763933842741 || 2017-04-12 00:01:58 |
| 7479 || 6.90353516139045 || 2017-08-06 05:53:03 |
| 7480 || 18.1643648176597 || 2017-09-19 11:52:10 |
| 7481 || 49.0449309029114 || 2016-07-04 17:36:26 |
| 7482 || 43.1214596068005 || 2019-04-06 13:51:42 |
| 7483 || 3.08958161125294 || 2019-10-05 09:25:14 |
| 7484 || 10.4247825660401 || 2013-01-11 06:07:12 |
| 7485 || -17.426016816901 || 2013-07-07 12:28:46 |
| 7486 || -29.7990306654899 || 2011-09-07 07:09:20 |
| 7487 || -3.83620165174509 || 2014-04-07 18:31:52 |
| 7488 || 9.05676908011616 || 2015-10-03 06:46:11 |
| 7489 || -1.53350270611353 || 2011-08-07 23:39:45 |
| 7490 || 16.2228568449388 || 2015-10-05 00:05:42 |
| 7491 || 66.9439294983522 || 2010-07-04 00:15:23 |
| 7492 || 63.7153923237143 || 2015-03-21 23:04:46 |
| 7493 || -3.58834778952996 || 2016-11-10 21:21:27 |
| 7494 || 4.61963699400008 || 2018-09-26 13:37:38 |
| 7495 || 20.6565732010721 || 2014-03-13 03:50:40 |
| 7496 || -27.6502524904721 || 2019-04-24 10:20:09 |
| 7497 || -22.8725304030418 || 2018-12-06 17:00:26 |
| 7498 || 16.4455311413198 || 2019-03-12 09:53:11 |
| 7499 || 1.2590412203229 || 2013-09-10 23:29:47 |
| 7500 || 41.5165482693374 || 2019-08-17 19:49:47 |
| 7501 || 4.71205775380073 || 2015-05-19 20:41:32 |
| 7502 || 42.115114085239 || 2011-01-18 14:01:20 |
| 7503 || 13.7581415942873 || 2016-10-10 17:41:33 |
| 7504 || 0.992027016458156 || 2010-03-16 00:11:37 |
| 7505 || -0.797661332381984 || 2015-03-18 12:36:01 |
| 7506 || -22.2600659437479 || 2014-12-08 14:55:27 |
| 7507 || -9.95283652246783 || 2012-03-12 07:35:37 |
| 7508 || 21.4048034595458 || 2013-12-14 18:16:08 |
| 7509 || 0.0956619948901659 || 2019-05-15 18:05:44 |
| 7510 || 18.177295909443 || 2017-02-12 13:42:24 |
| 7511 || -25.3557611363815 || 2013-11-26 18:20:41 |
| 7512 || -19.9169210056786 || 2014-08-16 18:30:06 |
| 7513 || -9.71667019053062 || 2019-01-22 15:15:44 |
| 7514 || 0.0014363373729597 || 2015-03-19 18:02:49 |
| 7515 || 1.57956750254263 || 2015-07-26 11:35:22 |
| 7516 || 48.5298102412327 || 2015-01-04 20:24:23 |
| 7517 || 62.3580731216813 || 2015-08-23 11:44:05 |
| 7518 || 36.13660911712 || 2011-12-27 02:13:35 |
| 7519 || 0.224213117064005 || 2017-02-23 18:39:22 |
| 7520 || 17.2036779305526 || 2016-03-09 23:36:48 |
| 7521 || 53.8291801367564 || 2017-04-10 00:55:07 |
| 7522 || -27.1466492951884 || 2012-04-26 13:17:57 |
| 7523 || -7.4749452846579 || 2018-06-19 01:04:49 |
| 7524 || 0.269646128079774 || 2019-12-15 13:34:19 |
| 7525 || 7.0248553111937 || 2010-04-07 01:40:41 |
| 7526 || 66.0942041141838 || 2013-01-02 01:05:31 |
| 7527 || 7.63887107396145 || 2019-07-02 07:56:54 |
| 7528 || 37.5495962625626 || 2017-03-11 07:36:14 |
| 7529 || -0.829344310808443 || 2019-03-13 20:32:13 |
| 7530 || -4.27388930385108 || 2017-08-16 01:17:53 |
| 7531 || -4.73924179009643 || 2016-06-22 05:27:05 |
| 7532 || -16.7480425763787 || 2014-11-05 00:59:34 |
| 7533 || 36.0052808266677 || 2010-03-16 20:02:55 |
| 7534 || -0.412279691484701 || 2010-01-27 00:02:46 |
| 7535 || -1.09040150340189 || 2016-10-23 21:02:23 |
| 7536 || 56.3196608657312 || 2013-10-15 09:16:22 |
| 7537 || -27.6889026300918 || 2013-12-27 06:20:02 |
| 7538 || -10.3448377078831 || 2017-09-27 02:52:25 |
| 7539 || 8.59350008039617 || 2015-08-19 04:10:12 |
| 7540 || -2.5492048422271 || 2012-12-24 12:43:03 |
| 7541 || 43.6323301492942 || 2015-04-08 23:23:39 |
| 7542 || 38.2405580397126 || 2015-05-18 14:10:06 |
| 7543 || 17.1349885829847 || 2015-04-18 09:17:16 |
| 7544 || -1.10180441656049 || 2018-09-14 09:24:15 |
| 7545 || 3.99287020883665 || 2013-05-24 06:50:21 |
| 7546 || 19.7553539011628 || 2015-12-15 01:35:37 |
| 7547 || 82.9135796926771 || 2012-01-15 14:34:36 |
| 7548 || 24.4299495875122 || 2018-02-21 10:16:16 |
| 7549 || -5.07570610936876 || 2012-09-25 21:20:34 |
| 7550 || 0.422774549990603 || 2015-08-25 21:45:31 |
| 7551 || 40.080487367099 || 2014-03-09 20:19:50 |
| 7552 || 86.6015178076888 || 2018-03-08 07:36:39 |
| 7553 || -16.3272433381913 || 2016-03-26 08:22:14 |
| 7554 || -6.05694566267687 || 2017-10-18 08:03:38 |
| 7555 || 0.655691619561877 || 2019-09-05 23:37:25 |
| 7556 || 12.5182486640731 || 2018-10-08 14:45:15 |
| 7557 || 54.8521331287657 || 2012-09-01 09:56:50 |
| 7558 || 74.2664530870877 || 2017-02-17 00:39:17 |
| 7559 || 9.71402287765638 || 2015-03-09 08:16:48 |
| 7560 || 0.0394008028201741 || 2018-04-08 11:46:16 |
| 7561 || 20.3600170609143 || 2011-07-08 18:01:12 |
| 7562 || 54.8335542432417 || 2014-03-24 15:19:06 |
| 7563 || 70.2795408538663 || 2019-03-17 11:04:59 |
| 7564 || -3.76607852161354 || 2012-07-14 21:25:21 |
| 7565 || -2.91369545449004e-06 || 2011-04-04 07:00:32 |
| 7566 || -9.84039789923675 || 2018-01-03 08:56:44 |
| 7567 || 79.6119219145844 || 2018-03-12 18:45:10 |
| 7568 || -10.4809773534128 || 2014-09-19 00:11:05 |
| 7569 || 25.85547069079 || 2016-09-22 15:43:11 |
| 7570 || 0.0440010227058922 || 2015-12-15 05:56:25 |
| 7571 || 24.807694122377 || 2010-03-10 23:32:02 |
| 7572 || 69.4928654642972 || 2015-08-21 22:48:21 |
| 7573 || -12.8518715580996 || 2011-01-23 16:01:20 |
| 7574 || -0.0313574302637984 || 2014-03-16 01:48:33 |
| 7575 || 0.245117139551813 || 2011-06-05 04:27:20 |
| 7576 || -4.04847332566914 || 2011-08-11 19:04:50 |
| 7577 || 72.1423267801802 || 2019-11-01 20:13:14 |
| 7578 || 55.412113309663 || 2016-08-23 09:57:26 |
| 7579 || 44.5752001471804 || 2010-06-08 09:08:36 |
| 7580 || -0.909477584185474 || 2015-01-22 14:32:50 |
| 7581 || -5.29698755906454 || 2015-07-13 22:29:58 |
| 7582 || -10.1255376156467 || 2012-03-14 19:54:06 |
| 7583 || -16.2846232331154 || 2015-01-16 05:15:56 |
| 7584 || -3.65677037655651 || 2017-02-26 05:10:34 |
| 7585 || -1.47385792758111 || 2015-12-23 08:16:24 |
| 7586 || 11.1970377886405 || 2018-11-13 09:51:58 |
| 7587 || 24.0790942411595 || 2015-10-06 14:45:52 |
| 7588 || 44.0645526028311 || 2019-08-11 23:48:53 |
| 7589 || 18.5235578578712 || 2013-08-14 00:52:19 |
| 7590 || -1.15126982324187 || 2018-01-20 19:12:57 |
| 7591 || 4.37159473892403 || 2010-05-17 06:05:05 |
| 7592 || 55.8316515299075 || 2012-05-22 01:59:30 |
| 7593 || 86.9604546080711 || 2018-01-16 12:13:39 |
| 7594 || 56.5054955929811 || 2018-01-21 11:35:51 |
| 7595 || 10.7254625741644 || 2011-09-07 03:49:13 |
| 7596 || -1.05221408290665 || 2017-11-17 04:22:13 |
| 7597 || 51.4775638525407 || 2014-07-05 04:31:59 |
| 7598 || -20.6338755709252 || 2012-03-12 07:05:47 |
| 7599 || -22.308176025561 || 2014-12-10 09:14:49 |
| 7600 || 3.87656619783019 || 2016-02-19 07:16:37 |
| 7601 || 2.37658141305308 || 2010-11-19 16:01:30 |
| 7602 || 46.5401157943092 || 2011-12-27 18:06:55 |
| 7603 || 22.6895554594772 || 2010-07-25 17:20:20 |
| 7604 || 69.8449360453148 || 2018-12-02 02:01:39 |
| 7605 || 1.15856122089782 || 2017-11-24 07:18:25 |
| 7606 || 0.297206622868003 || 2018-10-16 04:06:13 |
| 7607 || -8.58332918223721 || 2011-11-16 19:47:04 |
| 7608 || 19.5724582224184 || 2013-03-08 06:46:42 |
| 7609 || 67.0394301838054 || 2010-06-23 20:25:54 |
| 7610 || 0.661067216458748 || 2017-12-20 23:32:45 |
| 7611 || -0.14553035913947 || 2012-05-12 08:34:45 |
| 7612 || -8.27882310899786 || 2019-08-20 13:52:38 |
| 7613 || 16.0580269421578 || 2012-04-25 12:41:28 |
| 7614 || 79.1927690059509 || 2015-05-04 23:06:49 |
| 7615 || 1.36695362379395 || 2017-05-09 23:00:22 |
| 7616 || -0.000612712295039182 || 2013-08-12 20:20:22 |
| 7617 || 5.50621959128932 || 2019-02-22 18:19:12 |
| 7618 || -24.9213710357082 || 2010-09-06 11:21:24 |
| 7619 || 24.5101829824181 || 2016-12-23 16:09:48 |
| 7620 || 16.2701724963404 || 2019-06-25 17:16:45 |
| 7621 || -0.0696823467297007 || 2017-08-21 11:12:32 |
| 7622 || 20.3458471522936 || 2010-07-17 16:41:53 |
| 7623 || 72.3166406700842 || 2019-02-13 21:15:41 |
| 7624 || -25.1339910279592 || 2014-10-18 17:41:05 |
| 7625 || 38.902642559958 || 2019-11-09 02:01:29 |
| 7626 || 0.837519521365584 || 2010-12-24 02:50:42 |
| 7627 || 10.2934109596903 || 2014-05-03 23:40:48 |
| 7628 || -23.9100529479984 || 2011-08-02 16:53:31 |
| 7629 || -1.3756756865748 || 2012-07-18 21:29:20 |
| 7630 || 44.8715134850669 || 2017-07-18 16:06:55 |
| 7631 || 2.39372156705624 || 2018-01-11 06:11:38 |
| 7632 || -5.53969591912251 || 2012-09-03 18:50:21 |
| 7633 || 25.0459296139705 || 2014-03-27 20:47:09 |
| 7634 || 33.1876667263417 || 2010-07-11 06:38:20 |
| 7635 || 15.8678243467469 || 2018-10-13 08:58:00 |
| 7636 || 4.05023932332546 || 2013-11-15 00:06:56 |
| 7637 || 12.4407858910846 || 2015-07-26 09:28:43 |
| 7638 || -12.9817026217657 || 2019-10-20 02:04:00 |
| 7639 || 57.0338630167357 || 2018-10-22 14:20:10 |
| 7640 || 6.43611557084035 || 2017-06-23 16:46:56 |
| 7641 || 7.40003179744396 || 2011-12-03 23:52:56 |
| 7642 || 3.11015959156529 || 2013-09-19 22:32:47 |
| 7643 || 49.8468929108055 || 2016-02-08 19:49:13 |
| 7644 || -22.8581262479268 || 2014-12-15 18:14:03 |
| 7645 || 53.0981424666562 || 2013-12-01 18:53:10 |
| 7646 || -0.363488352007063 || 2019-02-21 03:37:25 |
| 7647 || 3.86734009038234 || 2015-06-19 10:41:17 |
| 7648 || 46.9890659994778 || 2012-03-20 16:56:08 |
| 7649 || 66.7553652899735 || 2013-07-08 02:07:50 |
| 7650 || 24.329272306638 || 2013-01-19 03:42:19 |
| 7651 || -2.11818532605602 || 2012-09-19 06:57:22 |
| 7652 || -0.862116321464182 || 2015-07-02 02:09:18 |
| 7653 || -12.8343207122868 || 2013-06-18 20:38:18 |
| 7654 || 15.3158382106038 || 2014-02-16 11:06:00 |
| 7655 || 56.0883194810931 || 2019-04-03 16:01:57 |
| 7656 || 3.05136322945749 || 2015-11-24 08:58:18 |
| 7657 || -0.529897486927963 || 2018-03-18 15:09:18 |
| 7658 || 12.6743963287081 || 2019-04-05 19:18:06 |
| 7659 || 83.4812616292414 || 2011-06-23 07:13:26 |
| 7660 || -17.0852105010201 || 2018-10-05 04:06:24 |
| 7661 || 6.67237826922281 || 2014-06-01 23:25:25 |
| 7662 || -0.115865781758488 || 2010-12-26 16:44:46 |
| 7663 || 34.0056059552751 || 2012-01-03 21:47:44 |
| 7664 || 43.7413882559319 || 2017-10-21 15:42:30 |
| 7665 || 78.3808083357059 || 2015-05-26 18:19:05 |
| 7666 || 27.6692407047788 || 2016-05-10 10:20:41 |
| 7667 || 0.0457045196971546 || 2011-03-12 09:52:44 |
| 7668 || -10.2501591609337 || 2018-04-16 17:53:22 |
| 7669 || 59.0993681408285 || 2011-12-12 07:41:27 |
| 7670 || 6.21093242011014 || 2010-02-06 03:17:51 |
| 7671 || 18.1867792806087 || 2011-02-09 23:16:51 |
| 7672 || 0.0128577041988545 || 2019-08-27 17:36:04 |
| 7673 || 17.1758487731292 || 2012-08-07 23:08:07 |
| 7674 || 63.5880595680587 || 2019-12-27 12:56:22 |
| 7675 || -21.6985574427725 || 2012-10-01 22:08:05 |
| 7676 || 10.9482228526603 || 2010-11-23 16:40:13 |
| 7677 || 0.444901176386526 || 2010-07-20 08:03:23 |
| 7678 || 15.0880354385513 || 2016-03-26 02:51:17 |
| 7679 || 64.3080025942581 || 2012-02-09 08:52:37 |
| 7680 || 52.4712325255401 || 2011-11-19 09:05:12 |
| 7681 || -10.3661521459264 || 2014-02-10 01:33:17 |
| 7682 || 1.96135361594066 || 2011-02-10 22:01:01 |
| 7683 || 12.3561453788346 || 2010-07-12 02:09:26 |
| 7684 || -10.5451926161889 || 2017-03-10 12:30:32 |
| 7685 || 1.18404473997276 || 2012-02-26 02:06:54 |
| 7686 || 45.0004969429526 || 2010-11-25 12:32:18 |
| 7687 || 1.49807601821872 || 2016-11-27 03:22:43 |
| 7688 || 2.62061672312853 || 2011-10-23 03:50:44 |
| 7689 || 61.8828440561204 || 2010-02-18 07:07:21 |
| 7690 || 29.0938816456845 || 2016-06-13 04:19:42 |
| 7691 || 29.5063468077118 || 2016-07-25 18:03:32 |
| 7692 || -0.559883947740079 || 2011-12-09 20:32:08 |
| 7693 || -2.91270501364878 || 2017-08-15 11:56:00 |
| 7694 || 48.0570175343006 || 2018-06-09 00:38:40 |
| 7695 || 80.0897081378175 || 2015-03-19 15:11:38 |
| 7696 || 52.7825746077842 || 2019-02-20 07:29:48 |
| 7697 || 9.84832385210092 || 2014-12-08 21:02:13 |
| 7698 || 5.05860446706961 || 2018-09-10 11:55:25 |
| 7699 || 13.4093874469633 || 2011-01-10 01:37:29 |
| 7700 || 87.2753427111429 || 2018-09-03 02:28:48 |
| 7701 || 41.8887981026979 || 2015-04-24 22:43:21 |
| 7702 || -0.0976887842556554 || 2016-09-09 23:33:07 |
| 7703 || 2.47221594350342 || 2018-12-19 18:36:26 |
| 7704 || 17.6567393842331 || 2017-03-20 01:23:08 |
| 7705 || -13.5397301426539 || 2017-06-09 03:44:38 |
| 7706 || 23.2127456157035 || 2010-02-21 12:07:25 |
| 7707 || 3.30451267352851 || 2010-08-14 15:58:53 |
| 7708 || 1.96851999971603 || 2013-01-16 03:28:26 |
| 7709 || 42.9592775557726 || 2017-01-14 00:28:58 |
| 7710 || -28.7517699513657 || 2014-12-26 08:05:43 |
| 7711 || -16.3070874351745 || 2012-01-22 08:42:39 |
| 7712 || -7.4293645703777 || 2017-01-02 01:22:14 |
| 7713 || 0.0575621080996775 || 2019-11-05 03:15:44 |
| 7714 || 33.3018776701573 || 2013-09-05 01:28:56 |
| 7715 || -26.4576563470493 || 2011-12-14 12:03:05 |
| 7716 || -25.5457408647232 || 2014-12-17 04:16:42 |
| 7717 || 25.7643184672729 || 2016-02-05 04:04:08 |
| 7718 || 0.103562110531818 || 2018-05-10 21:00:29 |
| 7719 || 17.0851767841591 || 2015-09-03 04:37:44 |
| 7720 || 30.1331983364109 || 2011-10-09 20:20:14 |
| 7721 || 65.2647155082552 || 2012-06-22 15:58:56 |
| 7722 || 24.7222495504244 || 2013-06-23 13:09:50 |
| 7723 || 0.0239833644399609 || 2015-01-20 04:19:43 |
| 7724 || 18.7478027798675 || 2017-10-07 06:58:17 |
| 7725 || 34.3759271440464 || 2013-11-05 04:40:57 |
| 7726 || 70.3173826937406 || 2016-05-20 22:14:22 |
| 7727 || 12.4401756988342 || 2012-02-05 03:51:13 |
| 7728 || 0.606343921836689 || 2016-07-12 01:30:30 |
| 7729 || 16.5671808143194 || 2015-06-12 19:24:16 |
| 7730 || 5.31716752406085 || 2010-05-23 15:19:29 |
| 7731 || 39.4506361158009 || 2013-10-11 11:05:21 |
| 7732 || 13.9941725147582 || 2016-04-20 10:35:59 |
| 7733 || -0.0683247280282125 || 2015-06-16 00:19:01 |
| 7734 || 10.7918045606611 || 2012-12-03 17:18:55 |
| 7735 || -22.69975126668 || 2019-12-06 17:33:35 |
| 7736 || 88.3468190448319 || 2015-01-25 20:15:10 |
| 7737 || -11.6165624505698 || 2017-11-21 06:36:05 |
| 7738 || 1.70049198564819 || 2012-08-19 21:22:21 |
| 7739 || 9.30498731254398 || 2016-06-20 19:20:17 |
| 7740 || 62.2260343534826 || 2010-03-18 21:49:40 |
| 7741 || -21.7994960530283 || 2018-07-02 22:55:05 |
| 7742 || 6.74275101914358 || 2015-12-05 09:33:38 |
| 7743 || 5.25433425604574 || 2018-03-14 06:15:41 |
| 7744 || -1.12240439665003 || 2018-05-14 23:28:09 |
| 7745 || 46.8096284439052 || 2014-01-07 17:40:53 |
| 7746 || 12.2397189181562 || 2013-08-17 04:10:34 |
| 7747 || 48.4650816678957 || 2011-03-14 10:24:14 |
| 7748 || 9.23047835747669 || 2016-04-11 22:48:44 |
| 7749 || 6.68781755754312 || 2010-04-22 06:29:01 |
| 7750 || 46.9005912555034 || 2010-11-24 10:40:10 |
| 7751 || -6.8913285308432 || 2017-12-19 06:42:39 |
| 7752 || 51.3170573882452 || 2017-02-17 08:13:16 |
| 7753 || -4.10349025223334 || 2013-10-25 17:56:02 |
| 7754 || 3.59197245694137 || 2016-07-19 01:00:26 |
| 7755 || -15.9497031259934 || 2013-07-07 09:07:45 |
| 7756 || 88.0561155564958 || 2016-05-08 23:31:45 |
| 7757 || -12.2619493519036 || 2017-06-26 10:49:45 |
| 7758 || 16.2197239634634 || 2017-01-20 04:32:37 |
| 7759 || 2.46769950999308 || 2013-09-11 15:28:36 |
| 7760 || -14.841474252575 || 2017-02-01 13:07:39 |
| 7761 || -25.7705639173282 || 2019-04-10 05:32:44 |
| 7762 || 72.787902348739 || 2012-03-19 15:00:38 |
| 7763 || 14.7098499079172 || 2017-05-12 12:06:11 |
| 7764 || 0.0986179371839034 || 2017-04-25 04:02:28 |
| 7765 || 29.9184073544268 || 2014-12-17 06:28:19 |
| 7766 || 52.4122731889473 || 2015-07-19 02:32:17 |
| 7767 || -25.3245680477067 || 2014-09-27 00:01:38 |
| 7768 || 9.80141039480657 || 2016-04-08 00:35:58 |
| 7769 || -0.037357903854102 || 2018-04-05 16:18:31 |
| 7770 || -2.94841591012267 || 2017-02-27 13:42:00 |
| 7771 || 69.350696099825 || 2017-04-07 16:31:24 |
| 7772 || 29.0942828634728 || 2012-02-10 20:25:20 |
| 7773 || -5.77916431128337 || 2018-12-24 19:24:12 |
| 7774 || -0.00154022207849051 || 2018-08-17 06:53:22 |
| 7775 || -2.45112039419763 || 2014-08-16 09:02:55 |
| 7776 || -26.3213488139208 || 2014-03-27 12:00:24 |
| 7777 || 67.5763324484729 || 2013-12-19 00:03:26 |
| 7778 || 4.1283783429892 || 2018-05-10 23:48:37 |
| 7779 || -0.0642520944967112 || 2010-01-21 06:43:03 |
| 7780 || 6.5856411955974 || 2013-05-11 03:49:55 |
| 7781 || 11.6546469608968 || 2019-03-19 04:49:41 |
| 7782 || 85.2705614343315 || 2019-02-06 11:27:43 |
| 7783 || 9.35209408965777 || 2012-04-22 01:22:45 |
| 7784 || 1.28841077228021 || 2010-06-22 17:59:26 |
| 7785 || 5.99423145262308 || 2015-07-10 06:35:05 |
| 7786 || 15.3465206862342 || 2010-06-11 05:55:14 |
| 7787 || -27.5888485870753 || 2011-09-20 16:53:13 |
| 7788 || 34.2456341745375 || 2013-03-25 18:12:40 |
| 7789 || -1.14372475609019 || 2019-06-25 00:09:33 |
| 7790 || -1.48221047214819 || 2011-06-15 13:45:01 |
| 7791 || 50.8576152540593 || 2017-08-04 19:10:44 |
| 7792 || 86.8352675814736 || 2016-05-03 15:52:46 |
| 7793 || 18.6850124289151 || 2010-10-03 19:11:34 |
| 7794 || 4.98109189558551 || 2018-04-26 20:32:29 |
| 7795 || -1.4919764616898 || 2015-08-03 08:38:35 |
| 7796 || 61.6190402222687 || 2014-08-04 18:14:20 |
| 7797 || 52.792910308462 || 2012-09-20 22:48:48 |
| 7798 || 57.7072064432349 || 2016-01-14 16:17:11 |
| 7799 || 5.75782746401118 || 2014-06-19 13:29:18 |
| 7800 || 7.02581193698035 || 2014-02-18 06:15:57 |
| 7801 || 19.8186860215049 || 2011-05-03 17:19:35 |
| 7802 || -26.7535684867622 || 2015-06-23 15:23:26 |
| 7803 || 48.9949132419532 || 2017-07-02 18:20:28 |
| 7804 || 10.8200809821398 || 2019-10-16 00:04:34 |
| 7805 || 2.39171957840878 || 2017-10-07 15:23:17 |
| 7806 || 31.6380942267049 || 2010-01-05 14:03:15 |
| 7807 || 43.1067020256449 || 2018-01-18 23:54:27 |
| 7808 || -22.2462769751441 || 2019-11-05 23:29:19 |
| 7809 || 15.495101813116 || 2010-06-19 10:24:43 |
| 7810 || -0.200026887172634 || 2013-11-23 04:58:37 |
| 7811 || -14.6774789419045 || 2013-06-14 05:14:33 |
| 7812 || -10.3690078073455 || 2018-12-20 04:03:05 |
| 7813 || 14.2845929968808 || 2012-12-10 02:58:04 |
| 7814 || 17.2202510724873 || 2017-02-17 17:59:45 |
| 7815 || 0.160462637948953 || 2017-12-13 21:33:02 |
| 7816 || 22.6115830339528 || 2018-05-26 18:09:34 |
| 7817 || -2.21821898707566 || 2017-12-15 09:37:55 |
| 7818 || 75.7841784983623 || 2013-08-20 11:11:59 |
| 7819 || 4.72501993989302 || 2018-05-27 14:13:18 |
| 7820 || -0.0632589046843644 || 2014-02-23 22:23:39 |
| 7821 || -11.6086207779205 || 2011-09-26 19:42:28 |
| 7822 || -16.2826080568324 || 2018-08-05 15:55:01 |
| 7823 || 45.4895794442096 || 2019-10-11 01:48:58 |
| 7824 || 11.5623428553703 || 2018-10-08 10:29:13 |
| 7825 || 0.00113065680784494 || 2016-01-21 10:59:53 |
| 7826 || 29.2979642424662 || 2014-10-21 18:28:56 |
| 7827 || -26.2517543616878 || 2016-04-06 17:06:05 |
| 7828 || 5.77593626661363 || 2012-12-10 13:59:02 |
| 7829 || -2.48934111461868 || 2010-02-11 02:35:46 |
| 7830 || -0.0667680421090239 || 2013-11-14 15:26:10 |
| 7831 || 19.606994908729 || 2013-10-13 11:48:31 |
| 7832 || 33.2916944388699 || 2017-04-21 05:05:21 |
| 7833 || 56.1194584916202 || 2010-09-25 19:51:32 |
| 7834 || 14.5403915907627 || 2014-01-15 19:28:58 |
| 7835 || 0.983153560131591 || 2017-11-27 17:30:05 |
| 7836 || 16.7635942973375 || 2012-09-18 11:54:36 |
| 7837 || 45.0040137360138 || 2017-06-16 01:19:02 |
| 7838 || 65.2326800420269 || 2016-02-20 09:06:24 |
| 7839 || 45.243997838867 || 2013-01-20 07:36:03 |
| 7840 || -1.01046352423007 || 2014-02-27 15:48:28 |
| 7841 || -4.97978379562413 || 2014-01-27 23:10:20 |
| 7842 || -9.61246258650293 || 2014-10-06 09:23:39 |
| 7843 || 15.7281045199848 || 2010-09-06 02:16:14 |
| 7844 || 50.2970185869624 || 2016-06-13 16:56:34 |
| 7845 || -1.72104881280019 || 2018-12-11 17:15:37 |
| 7846 || -3.93544330428798 || 2014-03-10 17:47:06 |
| 7847 || -6.85856915657749 || 2011-10-18 22:55:59 |
| 7848 || 18.0119487036561 || 2018-09-02 12:53:48 |
| 7849 || -17.531332573383 || 2012-05-15 07:27:49 |
| 7850 || -1.08946288107395 || 2014-04-22 03:18:41 |
| 7851 || 6.65010976122452 || 2014-12-16 21:07:25 |
| 7852 || -17.7207544779605 || 2012-03-01 22:30:06 |
| 7853 || 84.3964067700542 || 2016-01-20 12:58:44 |
| 7854 || -9.63353914451566 || 2016-11-14 21:53:05 |
| 7855 || 2.55024994466696 || 2010-12-06 18:36:41 |
| 7856 || -1.83126804570823 || 2019-08-04 11:26:13 |
| 7857 || 31.2595252919411 || 2016-03-07 11:25:03 |
| 7858 || -20.9406331732036 || 2014-02-18 00:47:24 |
| 7859 || 67.1060391803017 || 2015-02-13 20:47:03 |
| 7860 || 3.45185641312833 || 2012-08-26 06:18:47 |
| 7861 || -0.806260119265396 || 2017-09-20 00:58:50 |
| 7862 || 46.200156575476 || 2011-02-02 21:18:21 |
| 7863 || 58.8988819170359 || 2015-03-20 17:52:37 |
| 7864 || 13.2339718562445 || 2016-11-22 20:14:47 |
| 7865 || 15.2206229004817 || 2014-05-13 11:25:50 |
| 7866 || 1.398780249328 || 2010-09-08 11:28:15 |
| 7867 || 3.29948881737187 || 2014-01-07 06:28:07 |
| 7868 || 71.9915610119765 || 2016-03-22 01:07:25 |
| 7869 || -25.3030841602556 || 2019-04-22 03:10:14 |
| 7870 || 24.4186652328667 || 2013-01-17 02:07:20 |
| 7871 || 0.099862699503509 || 2010-08-20 16:23:26 |
| 7872 || 30.828539034198 || 2017-11-12 22:51:06 |
| 7873 || 82.7576852347208 || 2018-05-20 03:27:02 |
| 7874 || 13.5380717606224 || 2014-03-04 10:48:44 |
| 7875 || -4.51741651735545 || 2010-02-20 19:03:58 |
| 7876 || -5.77295819151022e-05 || 2017-03-19 04:12:58 |
| 7877 || 8.48810889959918 || 2016-02-15 07:41:26 |
| 7878 || 13.9640406993764 || 2017-01-24 11:02:04 |
| 7879 || 82.8512747131235 || 2012-04-12 04:02:32 |
| 7880 || -11.0671399931506 || 2017-02-10 08:55:30 |
| 7881 || 0.0365110489254092 || 2017-07-09 04:23:09 |
| 7882 || -6.10505300045789 || 2011-07-20 02:55:48 |
| 7883 || 76.2997845922889 || 2014-07-21 09:46:29 |
| 7884 || 70.7260861491507 || 2019-05-03 22:42:56 |
| 7885 || 19.7572755518886 || 2014-07-14 19:29:32 |
| 7886 || 0.923556571317145 || 2012-05-18 18:16:29 |
| 7887 || -6.36940709021841 || 2017-03-09 00:45:48 |
| 7888 || -18.9682023284349 || 2015-05-27 12:35:12 |
| 7889 || 76.5923516428016 || 2010-05-04 17:40:16 |
| 7890 || -5.69238816263459 || 2010-08-18 19:33:22 |
| 7891 || -0.602905107095335 || 2017-01-06 23:12:54 |
| 7892 || -1.97338461451667 || 2012-04-11 17:04:09 |
| 7893 || -21.0204473528605 || 2013-05-06 19:48:45 |
| 7894 || 45.1309528597383 || 2014-10-13 12:53:39 |
| 7895 || 5.50508438220482 || 2013-03-03 16:04:41 |
| 7896 || 2.81151414913326 || 2012-05-11 04:58:11 |
| 7897 || -4.09634441134645 || 2012-03-06 22:42:39 |
| 7898 || -19.0327905898945 || 2017-01-25 22:45:10 |
| 7899 || -1.21793422252734 || 2012-12-15 05:36:41 |
| 7900 || 55.7485954817008 || 2012-09-16 09:15:43 |
| 7901 || -2.29920831968949 || 2013-06-23 20:07:20 |
| 7902 || -0.990392524087122 || 2015-09-03 10:54:13 |
| 7903 || -18.2455876802722 || 2018-02-08 06:02:10 |
| 7904 || 72.9600182468683 || 2010-07-19 10:01:10 |
| 7905 || 9.97981655802628 || 2012-05-13 17:32:13 |
| 7906 || -1.71166751059725 || 2012-09-16 17:10:18 |
| 7907 || 5.30751577693842 || 2019-07-14 22:12:33 |
| 7908 || 0.385984924464119 || 2012-12-06 22:22:20 |
| 7909 || 70.2201126625251 || 2012-05-12 12:22:14 |
| 7910 || -7.4280907308825 || 2010-07-19 10:07:38 |
| 7911 || 2.17900976061418 || 2016-01-19 22:13:19 |
| 7912 || 3.46518772388438 || 2017-12-10 18:34:20 |
| 7913 || 42.1172336739877 || 2014-12-11 16:13:45 |
| 7914 || 76.1445232066448 || 2010-04-17 09:26:26 |
| 7915 || -15.8629563290378 || 2017-03-09 15:19:18 |
| 7916 || -6.08426417911573 || 2010-01-02 01:37:29 |
| 7917 || 1.7506596485792 || 2019-02-02 18:18:56 |
| 7918 || -2.87606442113605 || 2017-06-26 01:29:19 |
| 7919 || 6.88782144867509 || 2012-10-07 17:38:32 |
| 7920 || -24.1896364875053 || 2018-10-20 16:35:58 |
| 7921 || -0.825833149084514 || 2012-08-14 16:43:23 |
| 7922 || -0.114483520500747 || 2013-12-11 11:53:58 |
| 7923 || 3.30284117327362 || 2017-05-15 11:40:07 |
| 7924 || 32.023526149007 || 2012-04-16 04:31:00 |
| 7925 || -26.2088596188375 || 2017-09-12 12:15:39 |
| 7926 || 5.97110097878505 || 2016-07-26 19:15:56 |
| 7927 || -0.0107941734583624 || 2015-01-21 16:42:15 |
| 7928 || 1.34570257679359 || 2012-09-08 13:31:49 |
| 7929 || 47.7850138999199 || 2018-02-15 14:13:32 |
| 7930 || 13.9878888720113 || 2017-08-27 18:38:03 |
| 7931 || -10.6097254290072 || 2012-04-16 20:33:02 |
| 7932 || 0.0886453631366272 || 2011-02-21 20:56:54 |
| 7933 || 23.3925751450125 || 2013-08-24 22:08:40 |
| 7934 || 72.8214801849161 || 2017-04-25 04:27:25 |
| 7935 || -12.8303634900056 || 2016-11-26 05:00:41 |
| 7936 || 4.62328742909276 || 2017-01-25 06:22:30 |
| 7937 || 0.779026010144074 || 2010-07-21 23:20:17 |
| 7938 || -6.06066854721383 || 2010-06-05 23:39:42 |
| 7939 || 71.4566486968738 || 2019-11-12 00:51:43 |
| 7940 || -28.660128664027 || 2011-11-08 00:28:01 |
| 7941 || -8.4089149731497 || 2010-06-15 11:22:34 |
| 7942 || 1.66427836959889 || 2016-04-09 22:30:13 |
| 7943 || 16.8122135984822 || 2018-11-23 04:31:42 |
| 7944 || -12.238481160999 || 2014-10-08 14:35:52 |
| 7945 || 85.6215928183226 || 2016-05-25 05:33:40 |
| 7946 || -13.8963984385335 || 2016-10-08 07:36:04 |
| 7947 || 1.51908320480733 || 2016-03-22 00:15:14 |
| 7948 || -4.19893531078271 || 2019-05-24 17:06:27 |
| 7949 || 54.9584031169004 || 2010-08-21 15:16:51 |
| 7950 || 88.8105246937889 || 2013-06-14 02:04:25 |
| 7951 || 42.680967900221 || 2011-12-22 10:14:02 |
| 7952 || -1.76877656211071 || 2017-01-21 11:10:21 |
| 7953 || 2.30312740903572 || 2016-12-10 13:51:46 |
| 7954 || -6.2429446833414 || 2016-07-07 19:27:53 |
| 7955 || -28.6860601463237 || 2014-02-12 10:02:26 |
| 7956 || 17.7370643047697 || 2010-09-07 16:10:26 |
| 7957 || 9.99131017370498 || 2012-12-06 12:13:24 |
| 7958 || -0.578342066913538 || 2011-01-24 05:57:31 |
| 7959 || 20.7784546636569 || 2011-12-18 23:45:46 |
| 7960 || -1.18183665463585 || 2018-12-19 04:44:48 |
| 7961 || -21.7545780002127 || 2010-01-05 11:47:45 |
| 7962 || 2.94144289414309 || 2016-09-22 07:56:43 |
| 7963 || 3.27020603467765 || 2019-07-12 14:13:07 |
| 7964 || 45.8005264395012 || 2014-03-08 22:08:37 |
| 7965 || -29.3614221356049 || 2019-01-26 17:26:29 |
| 7966 || 47.08227768243 || 2013-12-14 00:22:09 |
| 7967 || 11.1892300599607 || 2011-07-06 03:47:37 |
| 7968 || 0.834105064721222 || 2017-07-15 08:44:39 |
| 7969 || 35.4621324184086 || 2012-12-13 10:02:25 |
| 7970 || -4.19489956084219 || 2013-02-20 22:06:36 |
| 7971 || 39.0657591956817 || 2013-05-14 01:56:25 |
| 7972 || 6.38017378894813 || 2016-08-26 15:20:42 |
| 7973 || 0.0605987304445177 || 2014-01-10 21:47:32 |
| 7974 || 29.2433475574496 || 2015-05-03 19:42:21 |
| 7975 || -22.2217104647223 || 2019-08-19 04:23:28 |
| 7976 || -15.9013415911931 || 2018-05-21 15:32:44 |
| 7977 || 22.8492762844808 || 2011-03-13 13:44:54 |
| 7978 || 0.0176261377687267 || 2019-09-06 09:20:29 |
| 7979 || 11.4087094881843 || 2011-06-22 23:59:37 |
| 7980 || -26.6746656623157 || 2012-07-07 20:27:32 |
| 7981 || -27.2316932340458 || 2018-11-08 19:15:32 |
| 7982 || 30.7414963542137 || 2017-09-18 18:25:19 |
| 7983 || -0.0193407970120442 || 2011-09-07 16:39:36 |
| 7984 || -6.26473504273684 || 2014-11-10 13:39:13 |
| 7985 || 61.7151021945438 || 2012-10-22 20:34:59 |
| 7986 || 49.2517057859184 || 2016-09-26 17:50:31 |
| 7987 || 5.23773675187418 || 2018-12-19 21:32:24 |
| 7988 || 0.339387249183032 || 2017-12-03 01:05:58 |
| 7989 || -1.47131697720963 || 2011-10-01 16:53:53 |
| 7990 || -3.20328291943822 || 2015-09-05 21:02:41 |
| 7991 || 74.1306955552298 || 2013-04-17 14:29:45 |
| 7992 || -7.34297849060737 || 2014-02-23 22:02:39 |
| 7993 || -0.578732953126966 || 2011-03-12 17:57:38 |
| 7994 || 12.2036992486851 || 2016-08-05 08:06:19 |
| 7995 || 49.5078001237498 || 2018-12-16 14:17:51 |
| 7996 || 83.3668128354491 || 2011-04-26 03:33:33 |
| 7997 || 2.67507282228593 || 2011-09-04 09:41:06 |
| 7998 || 3.4861368504282 || 2019-01-25 03:48:25 |
| 7999 || 9.11484801518606 || 2018-12-11 20:39:06 |
| 8000 || -15.4227017855101 || 2012-01-14 14:13:15 |
| 8001 || 72.967747421249 || 2010-06-11 17:32:40 |
| 8002 || -8.44805481032416 || 2017-06-01 16:18:46 |
| 8003 || 2.04552986073781 || 2010-04-20 17:46:22 |
| 8004 || 10.1719178118234 || 2016-09-26 11:49:55 |
| 8005 || 8.96104720548658 || 2019-05-24 07:20:41 |
| 8006 || 83.8912956437446 || 2019-03-22 19:21:22 |
| 8007 || 39.9066562621113 || 2017-07-10 19:51:31 |
| 8008 || 8.38487919648598 || 2015-09-19 08:34:56 |
| 8009 || 2.57066802781279 || 2013-02-19 17:52:14 |
| 8010 || 8.11100745985565 || 2012-07-24 05:34:12 |
| 8011 || -29.1061133110867 || 2011-02-13 09:25:35 |
| 8012 || -17.4748238316462 || 2015-06-25 08:14:27 |
| 8013 || -1.48512710147853 || 2012-04-24 13:15:16 |
| 8014 || 0.467636882673234 || 2010-09-02 14:26:47 |
| 8015 || 42.3418120125384 || 2014-01-22 18:50:17 |
| 8016 || 4.04478462012887 || 2017-04-05 06:20:44 |
| 8017 || 5.81952347972034 || 2013-08-24 23:29:54 |
| 8018 || -1.8490346157728 || 2015-02-07 08:27:30 |
| 8019 || 0.734621432464797 || 2014-12-16 19:29:00 |
| 8020 || -14.7869593703644 || 2011-03-02 15:42:36 |
| 8021 || -2.38843446376392 || 2017-03-23 11:22:00 |
| 8022 || 7.58283652502971 || 2016-08-12 04:43:19 |
| 8023 || 20.2312278275289 || 2010-07-25 19:00:56 |
| 8024 || -0.276446464110388 || 2019-11-01 16:18:05 |
| 8025 || 2.62750993714911 || 2018-01-08 23:09:24 |
| 8026 || -9.36291507011793 || 2013-09-27 06:30:44 |
| 8027 || 74.2003246733926 || 2016-03-23 16:56:22 |
| 8028 || -3.73784863025225 || 2015-02-23 17:00:16 |
| 8029 || 0.060583223545491 || 2018-12-12 23:47:41 |
| 8030 || 9.08239577962375 || 2011-09-02 13:22:39 |
| 8031 || 81.15392256811 || 2011-05-12 09:44:18 |
| 8032 || 71.9136527924158 || 2016-12-23 17:56:55 |
| 8033 || 18.1466099415619 || 2012-04-15 15:52:19 |
| 8034 || 0.0304341026166623 || 2017-05-16 08:01:38 |
| 8035 || 16.0334664368675 || 2012-02-06 21:59:14 |
| 8036 || 19.4148909215656 || 2016-06-13 17:23:06 |
| 8037 || 40.0768958933639 || 2015-07-11 14:43:12 |
| 8038 || 23.664855564354 || 2010-04-24 19:08:15 |
| 8039 || 0.548068812776269 || 2013-09-26 06:35:16 |
| 8040 || -6.72416229562622 || 2015-07-25 08:36:08 |
| 8041 || 6.43563241453459 || 2016-03-24 21:04:52 |
| 8042 || 34.0067324025639 || 2010-11-08 12:30:45 |
| 8043 || 38.3900705377968 || 2018-04-02 14:24:16 |
| 8044 || 1.65659485091213 || 2015-07-22 13:03:23 |
| 8045 || 18.7930215584795 || 2015-07-16 13:51:05 |
| 8046 || -18.5256718031027 || 2013-03-05 05:45:46 |
| 8047 || -29.1459854551975 || 2016-02-15 18:41:55 |
| 8048 || -13.2571248216757 || 2018-09-23 05:48:18 |
| 8049 || 3.53404945254543 || 2019-07-27 23:33:02 |
| 8050 || 13.7413130935776 || 2014-01-27 04:04:39 |
| 8051 || 15.5120803042603 || 2016-08-22 08:21:18 |
| 8052 || 89.4533769465885 || 2017-04-19 02:11:30 |
| 8053 || 49.5056850913942 || 2013-12-25 20:14:37 |
| 8054 || 5.96129126711218 || 2013-06-12 06:43:05 |
| 8055 || -2.8305844804978 || 2017-09-25 17:28:56 |
| 8056 || 22.4499895450153 || 2018-11-10 03:48:53 |
| 8057 || 89.007165455525 || 2010-10-10 08:10:27 |
| 8058 || 56.7930305489409 || 2013-12-17 23:11:31 |
| 8059 || -1.32230988729276 || 2012-06-12 13:16:21 |
| 8060 || 7.42612974355633 || 2014-09-18 07:08:23 |
| 8061 || 39.4989054564821 || 2018-05-07 09:46:02 |
| 8062 || -29.8299621922382 || 2010-11-12 03:32:51 |
| 8063 || -20.7953734747481 || 2019-11-20 08:08:42 |
| 8064 || 12.3829760228047 || 2012-07-09 09:33:11 |
| 8065 || 0.46382569557436 || 2018-09-05 14:06:16 |
| 8066 || -15.8950728578629 || 2019-12-20 11:35:52 |
| 8067 || -24.0592470096358 || 2014-06-08 05:31:10 |
| 8068 || 65.8189864101928 || 2011-01-02 15:51:46 |
| 8069 || 13.9588713111 || 2017-10-20 03:23:37 |
| 8070 || -0.388070401289336 || 2016-01-06 12:57:14 |
| 8071 || 44.2270365434121 || 2016-02-27 15:03:54 |
| 8072 || -26.7192164496225 || 2013-04-01 23:05:10 |
| 8073 || 50.0003702359996 || 2015-03-02 12:19:40 |
| 8074 || 5.23150724831315 || 2017-02-20 20:18:38 |
| 8075 || 1.11341404529709 || 2011-02-11 09:27:41 |
| 8076 || 6.27461716013867 || 2011-10-21 11:56:48 |
| 8077 || 82.8901916092889 || 2015-02-21 05:44:52 |
| 8078 || -24.8308960565577 || 2018-09-23 20:56:14 |
| 8079 || 12.232396334678 || 2017-02-23 00:38:15 |
| 8080 || -0.0528273492441262 || 2015-02-14 08:57:03 |
| 8081 || -10.135985204367 || 2017-11-14 23:07:03 |
| 8082 || 26.9629507237721 || 2010-01-21 09:35:46 |
| 8083 || -4.19509388017185 || 2018-04-13 16:18:37 |
| 8084 || 20.6268217755368 || 2013-03-10 17:51:29 |
| 8085 || 0.00440099766892464 || 2018-11-17 20:51:11 |
| 8086 || 21.9142526204163 || 2010-04-22 06:01:21 |
| 8087 || 79.3982023178281 || 2015-12-13 09:45:34 |
| 8088 || 18.1613587567693 || 2015-10-18 02:11:54 |
| 8089 || 31.1286800962438 || 2010-05-15 17:49:09 |
| 8090 || -0.061922967309557 || 2019-08-04 21:19:33 |
| 8091 || 18.7493552214459 || 2010-05-24 07:31:38 |
| 8092 || 50.2603142393405 || 2017-10-26 02:23:40 |
| 8093 || -10.5730975698122 || 2012-02-24 11:28:54 |
| 8094 || -13.4220703543127 || 2019-05-16 07:56:58 |
| 8095 || -0.476431333845977 || 2019-05-15 11:39:07 |
| 8096 || 9.39925080694177 || 2019-03-19 18:44:17 |
| 8097 || 9.25705730472393 || 2018-06-26 16:34:55 |
| 8098 || -23.0331291008137 || 2016-10-18 12:01:15 |
| 8099 || 20.8181080314089 || 2017-02-27 11:11:26 |
| 8100 || 2.51445054520812 || 2012-11-14 19:59:01 |
| 8101 || -2.64220668037819 || 2015-06-22 08:08:21 |
| 8102 || -22.4168733089771 || 2017-04-20 20:15:06 |
| 8103 || -1.9375408569451 || 2018-01-25 15:35:43 |
| 8104 || 50.4391808320227 || 2016-05-23 02:26:59 |
| 8105 || 1.31544528860483 || 2011-08-09 20:37:53 |
| 8106 || 9.14425187495451 || 2014-02-22 02:25:32 |
| 8107 || 18.5574252301672 || 2017-08-19 05:19:26 |
| 8108 || 87.1189419799557 || 2017-09-20 12:14:47 |
| 8109 || -9.37258881086923 || 2015-11-04 06:24:41 |
| 8110 || 7.88473581904991 || 2017-12-27 02:26:42 |
| 8111 || 2.37714489719511 || 2010-02-10 00:40:27 |
| 8112 || 37.3158017681867 || 2013-01-04 22:11:04 |
| 8113 || 2.77756736820372 || 2012-05-13 09:32:35 |
| 8114 || -20.7295076626524 || 2016-06-08 10:04:54 |
| 8115 || -3.7794566117807 || 2016-10-27 10:41:16 |
| 8116 || -0.432270935658627 || 2010-08-19 04:23:13 |
| 8117 || -1.80982730307995 || 2019-05-17 22:53:42 |
| 8118 || 33.3587097373349 || 2019-01-16 04:13:27 |
| 8119 || -3.50545694592375 || 2019-04-02 15:35:52 |
| 8120 || 2.69982326729428 || 2016-09-22 02:48:07 |
| 8121 || -0.643645826723927 || 2018-07-07 22:58:02 |
| 8122 || 12.5527479957408 || 2013-06-04 01:42:26 |
| 8123 || -24.0948557440413 || 2017-01-18 04:49:09 |
| 8124 || -12.4717231258651 || 2017-07-17 09:31:45 |
| 8125 || -5.25590818158132 || 2012-03-27 21:47:12 |
| 8126 || 1.21986244938681 || 2018-11-26 00:19:06 |
| 8127 || 1.05434573337636 || 2019-06-25 14:19:10 |
| 8128 || -18.8152082174986 || 2010-08-06 10:05:14 |
| 8129 || 75.5228591163049 || 2017-01-13 07:31:18 |
| 8130 || -7.88584583002255 || 2016-01-17 04:37:12 |
| 8131 || 0.378723147009464 || 2017-12-01 09:00:02 |
| 8132 || 18.2534670172756 || 2016-12-24 15:28:29 |
| 8133 || 56.9777049201584 || 2017-01-06 12:36:23 |
| 8134 || 20.0085175921634 || 2017-09-10 14:42:57 |
| 8135 || -4.76614632975685 || 2010-10-03 12:58:52 |
| 8136 || 0.0016342345962756 || 2016-04-21 14:08:39 |
| 8137 || 28.3175226003607 || 2015-06-15 17:40:15 |
| 8138 || 12.7659171767084 || 2016-08-06 02:46:53 |
| 8139 || 30.7247798666029 || 2010-03-22 00:35:20 |
| 8140 || 34.9047563875312 || 2010-03-14 17:22:49 |
| 8141 || -0.08841284178946 || 2010-03-10 01:14:47 |
| 8142 || 23.6790801844533 || 2013-04-06 18:42:33 |
| 8143 || 58.8010716626832 || 2017-11-09 12:35:04 |
| 8144 || -23.9643361448948 || 2016-05-07 02:39:36 |
| 8145 || 34.7629446081476 || 2013-02-15 02:10:30 |
| 8146 || 0.709695700987231 || 2019-11-05 21:56:26 |
| 8147 || -1.49676824376611 || 2016-08-08 09:28:14 |
| 8148 || 22.7518347563716 || 2019-09-09 13:47:19 |
| 8149 || 80.1914474184502 || 2015-02-15 13:48:03 |
| 8150 || 36.4999263209781 || 2014-10-08 18:13:25 |
| 8151 || 1.6754214865387 || 2012-08-01 04:32:58 |
| 8152 || -4.09985246148201 || 2019-11-16 10:58:41 |
| 8153 || 67.8355595863784 || 2019-05-12 10:28:19 |
| 8154 || 87.9183760542778 || 2013-05-27 01:07:03 |
| 8155 || -9.91818053673801 || 2016-08-25 04:59:34 |
| 8156 || 1.83153752657266 || 2018-01-02 22:51:52 |
| 8157 || 9.51829044109451 || 2019-03-16 03:24:57 |
| 8158 || 38.1711556145278 || 2016-12-18 04:35:46 |
| 8159 || -7.36894273510151 || 2015-01-10 05:11:42 |
| 8160 || 21.0541013274515 || 2014-07-17 05:57:33 |
| 8161 || 6.16897112872266 || 2012-10-10 11:43:51 |
| 8162 || 7.21980220616251 || 2012-10-12 18:43:28 |
| 8163 || 51.1939134191987 || 2014-05-10 00:16:34 |
| 8164 || -17.5749644803269 || 2018-08-13 02:45:55 |
| 8165 || 3.98098652552696 || 2012-10-07 15:36:04 |
| 8166 || 10.5941286620775 || 2019-02-25 21:25:28 |
| 8167 || 3.19028319428504 || 2010-11-17 06:58:42 |
| 8168 || 28.2101758502631 || 2012-06-14 02:41:00 |
| 8169 || 84.6864527171852 || 2014-06-04 19:08:46 |
| 8170 || 65.5410679324247 || 2018-10-11 17:14:17 |
| 8171 || -2.54348152211024 || 2011-12-22 15:11:43 |
| 8172 || 3.27507205619097 || 2011-12-21 06:06:09 |
| 8173 || -15.7799744322586 || 2011-03-01 22:09:39 |
| 8174 || -1.29567110190613 || 2013-07-01 17:03:53 |
| 8175 || -23.6309253959293 || 2012-03-08 06:19:21 |
| 8176 || 14.538183412198 || 2017-06-18 03:26:44 |
| 8177 || 1.54378138202821 || 2012-10-04 20:06:42 |
| 8178 || -11.7822357969274 || 2015-07-20 09:29:18 |
| 8179 || 86.2611096820439 || 2016-02-24 21:22:24 |
| 8180 || -2.69585101643875 || 2015-03-16 17:45:43 |
| 8181 || 14.4007099791413 || 2014-09-16 15:09:31 |
| 8182 || 0.210244242880617 || 2012-06-01 12:24:15 |
| 8183 || 3.62449646543916 || 2011-11-18 09:15:11 |
| 8184 || 12.4103537356486 || 2018-09-24 00:09:44 |
| 8185 || 28.5577168668372 || 2011-07-19 21:01:53 |
| 8186 || 27.8407346153507 || 2016-01-20 22:01:00 |
| 8187 || -0.00748744918472235 || 2011-01-02 18:58:22 |
| 8188 || 25.2270383768917 || 2012-10-26 08:33:30 |
| 8189 || 17.0957571782788 || 2011-08-24 01:51:42 |
| 8190 || 72.1956728939915 || 2012-07-11 03:12:31 |
| 8191 || 27.6221829935431 || 2015-04-11 11:04:29 |
| 8192 || -0.0196859861267606 || 2019-12-02 04:45:38 |
| 8193 || 2.00151608785159 || 2010-02-19 21:53:00 |
| 8194 || 75.7280968783182 || 2011-03-09 16:26:38 |
| 8195 || 25.2008141834923 || 2012-04-24 05:28:27 |
| 8196 || 6.48009140997969 || 2011-02-16 16:09:52 |
| 8197 || -0.300322211606388 || 2013-07-25 16:25:23 |
| 8198 || 12.050235323052 || 2016-06-02 22:47:04 |
| 8199 || 22.1902498557161 || 2015-03-04 01:37:59 |
| 8200 || 34.3199679739579 || 2012-12-22 19:36:31 |
| 8201 || 5.06931932145864 || 2010-01-21 09:16:30 |
| 8202 || -0.227576280051181 || 2012-07-16 22:05:23 |
| 8203 || 3.75494653635847 || 2019-12-26 00:49:13 |
| 8204 || -19.9739169294575 || 2011-09-02 13:46:51 |
| 8205 || 81.4554858639614 || 2015-04-15 22:38:17 |
| 8206 || 50.106521016078 || 2017-03-26 22:07:22 |
| 8207 || -1.50329168415091 || 2015-03-22 19:07:15 |
| 8208 || -3.20227390107851 || 2013-09-13 06:15:15 |
| 8209 || -18.5537079180504 || 2015-02-10 01:47:19 |
| 8210 || -29.35297055987 || 2014-12-02 10:30:56 |
| 8211 || -9.83626017579912 || 2016-09-15 06:00:22 |
| 8212 || 0.151842197822628 || 2012-01-13 05:45:37 |
| 8213 || 2.19202918333976 || 2016-03-08 14:59:40 |
| 8214 || -18.3616656116781 || 2014-02-12 02:08:13 |
| 8215 || 82.4227154305829 || 2016-03-22 15:59:06 |
| 8216 || 29.301100922362 || 2012-04-12 22:45:49 |
| 8217 || 8.23864825979007 || 2014-06-24 13:03:01 |
| 8218 || 0.000360518685137246 || 2018-09-12 09:09:41 |
| 8219 || 3.74051950257596 || 2013-09-05 08:48:21 |
| 8220 || -22.2743310838408 || 2018-05-12 02:41:03 |
| 8221 || -11.9480394030065 || 2016-04-23 13:11:21 |
| 8222 || 10.3769797713227 || 2012-04-09 09:02:42 |
| 8223 || -0.918814261999991 || 2012-02-06 05:34:59 |
| 8224 || 48.1741948600134 || 2017-06-08 13:01:46 |
| 8225 || -3.23323738470457 || 2017-12-18 09:57:54 |
| 8226 || 66.1251611452568 || 2016-06-03 09:06:24 |
| 8227 || 17.3894601926535 || 2011-12-22 03:36:58 |
| 8228 || -0.129739313267709 || 2018-11-06 12:19:05 |
| 8229 || -4.33247687938116 || 2014-12-11 15:29:09 |
| 8230 || 86.7865929126796 || 2012-05-17 13:48:05 |
| 8231 || -6.98647345284259 || 2012-03-27 14:40:26 |
| 8232 || -0.281063082437803 || 2015-01-08 00:08:07 |
| 8233 || -0.00795871085000982 || 2013-07-09 20:00:03 |
| 8234 || 36.2558626243134 || 2013-10-15 05:44:48 |
| 8235 || -1.11899623972554 || 2012-06-08 22:32:22 |
| 8236 || -4.20320641579034 || 2019-10-25 10:50:25 |
| 8237 || 1.25128626202436 || 2018-07-08 23:53:04 |
| 8238 || -0.0209801255424352 || 2011-08-11 05:31:39 |
| 8239 || 2.23381644112774 || 2012-08-16 03:37:37 |
| 8240 || -11.3773386145596 || 2012-05-03 13:35:28 |
| 8241 || 81.090000288273 || 2018-05-07 17:52:41 |
| 8242 || 30.1288439001624 || 2012-08-05 13:41:31 |
| 8243 || 0.0282258737746837 || 2011-11-03 16:25:33 |
| 8244 || 13.4612989227569 || 2018-05-26 12:10:55 |
| 8245 || -17.8727522452744 || 2014-01-12 08:53:23 |
| 8246 || 73.0653639933211 || 2016-08-13 06:32:00 |
| 8247 || -11.7905361522681 || 2013-09-16 05:17:44 |
| 8248 || 0.0753933258406826 || 2019-10-20 20:25:24 |
| 8249 || 9.29417536593465 || 2017-06-02 12:27:28 |
| 8250 || -10.1628842958657 || 2016-04-12 14:38:23 |
| 8251 || 25.0881934480556 || 2012-04-13 00:46:29 |
| 8252 || 36.0620657490595 || 2013-07-22 14:15:21 |
| 8253 || 2.09345725074089 || 2011-07-04 13:02:01 |
| 8254 || -3.22744916228743 || 2010-11-10 09:32:22 |
| 8255 || -20.2145563331332 || 2011-03-03 22:59:36 |
| 8256 || 84.3762180309078 || 2013-03-17 18:30:31 |
| 8257 || 26.1889633815727 || 2012-06-26 04:03:18 |
| 8258 || 0.526746185369908 || 2015-05-18 13:39:19 |
| 8259 || 11.2959324680234 || 2015-02-18 10:07:19 |
| 8260 || 43.7191790004716 || 2016-11-01 15:12:15 |
| 8261 || 89.3109509156236 || 2013-04-09 01:43:01 |
| 8262 || 6.30160753710094 || 2019-03-25 07:05:53 |
| 8263 || 4.18341917619735 || 2012-12-22 18:06:02 |
| 8264 || 0.459380753015239 || 2017-06-24 08:20:18 |
| 8265 || 60.0951720766976 || 2012-06-17 14:02:36 |
| 8266 || 31.0215144799073 || 2017-11-22 15:44:15 |
| 8267 || 16.9591228705478 || 2012-03-09 19:56:07 |
| 8268 || 7.26699935521423 || 2010-07-09 06:55:59 |
| 8269 || 2.87502775145762 || 2012-03-21 06:29:11 |
| 8270 || -17.2228027143089 || 2012-10-10 05:28:06 |
| 8271 || 89.5377631137284 || 2013-08-27 21:46:52 |
| 8272 || -10.2097977109472 || 2017-03-13 12:22:13 |
| 8273 || 12.2871085001586 || 2011-12-17 05:03:58 |
| 8274 || 4.29176936044416 || 2011-02-11 14:48:46 |
| 8275 || 1.56226818192288 || 2015-08-01 04:45:37 |
| 8276 || 51.3733284733857 || 2012-03-23 22:04:00 |
| 8277 || 12.9658026068895 || 2013-10-05 17:03:45 |
| 8278 || 6.69055435825179 || 2013-09-15 13:31:37 |
| 8279 || 1.9870582757954 || 2018-04-20 05:03:59 |
| 8280 || 1.15589680845459 || 2016-07-21 09:20:14 |
| 8281 || 16.3650715362024 || 2016-09-03 16:48:57 |
| 8282 || 59.7693029792557 || 2015-09-12 13:55:52 |
| 8283 || 2.4679543479325 || 2013-05-15 14:03:14 |
| 8284 || -0.231755138090164 || 2018-10-05 08:47:31 |
| 8285 || 25.0148111479905 || 2012-03-07 20:27:32 |
| 8286 || 84.602187615125 || 2015-10-01 19:22:53 |
| 8287 || 76.9598516556901 || 2016-03-10 22:00:55 |
| 8288 || 23.2292286910064 || 2010-07-19 19:53:31 |
| 8289 || 0.0651198822701263 || 2014-02-18 10:08:30 |
| 8290 || -7.83533060392135 || 2015-12-26 16:13:13 |
| 8291 || -24.8503365935427 || 2011-08-23 01:58:35 |
| 8292 || -24.0106634118722 || 2012-08-23 10:23:52 |
| 8293 || 16.0350406667939 || 2015-10-25 04:40:53 |
| 8294 || 0.026670637804892 || 2013-11-21 16:36:49 |
| 8295 || 24.5484321806933 || 2018-07-08 21:06:39 |
| 8296 || -25.7907348723044 || 2013-04-21 12:44:54 |
| 8297 || 56.1657019034232 || 2010-06-22 16:13:11 |
| 8298 || 10.6588131999099 || 2016-11-05 05:52:39 |
| 8299 || 0.600112521389027 || 2014-10-19 06:48:57 |
| 8300 || 22.5627381086803 || 2011-04-17 00:44:50 |
| 8301 || 74.3947186350473 || 2018-08-17 12:10:22 |
| 8302 || -27.4427504091377 || 2013-09-06 20:31:33 |
| 8303 || 39.2761652868127 || 2017-06-26 10:59:33 |
| 8304 || -0.574438087582999 || 2019-03-25 17:45:50 |
| 8305 || 11.354493239771 || 2010-06-17 03:42:16 |
| 8306 || 40.7752195172502 || 2014-11-26 22:06:50 |
| 8307 || 19.6158065492211 || 2011-06-03 19:23:00 |
| 8308 || -14.3259346392591 || 2013-06-01 05:39:44 |
| 8309 || -0.755967748133033 || 2010-07-12 22:58:25 |
| 8310 || -3.70138760798622 || 2012-09-04 01:50:34 |
| 8311 || -7.81737345322777 || 2015-01-17 11:43:17 |
| 8312 || 20.0304021713671 || 2017-11-11 17:05:59 |
| 8313 || -6.37800598887447 || 2010-04-02 06:50:57 |
| 8314 || 1.16732846734944 || 2016-11-11 20:59:19 |
| 8315 || -1.63828169015686 || 2014-03-26 18:38:29 |
| 8316 || -20.345199385754 || 2016-02-16 09:57:23 |
| 8317 || 67.4604957368278 || 2016-04-01 18:47:52 |
| 8318 || 48.8648944039969 || 2011-02-24 10:56:41 |
| 8319 || 8.62789690831089 || 2014-07-05 05:23:06 |
| 8320 || 4.85791639839761 || 2018-08-09 18:20:53 |
| 8321 || 47.0557892737717 || 2011-09-12 14:02:50 |
| 8322 || 31.5752764168252 || 2018-08-22 14:49:06 |
| 8323 || -12.8016053083935 || 2015-09-21 20:28:35 |
| 8324 || -3.12700820111786 || 2019-09-20 05:40:18 |
| 8325 || 3.38398489190023 || 2017-07-15 11:09:30 |
| 8326 || -7.59640274219856 || 2011-01-03 06:44:04 |
| 8327 || -29.4522345441001 || 2010-03-16 08:38:25 |
| 8328 || -16.053241240051 || 2011-12-17 23:17:22 |
| 8329 || -4.47037785390283 || 2019-07-01 08:00:46 |
| 8330 || 1.45295021968018 || 2016-04-07 15:36:53 |
| 8331 || 15.8455014895439 || 2016-09-04 08:56:39 |
| 8332 || 48.6117445835874 || 2017-11-26 05:55:10 |
| 8333 || 21.9065117099253 || 2014-09-12 09:10:03 |
| 8334 || -4.17453159978265 || 2012-12-26 02:12:18 |
| 8335 || -0.360994009283214 || 2018-07-17 04:08:29 |
| 8336 || 27.3830642155911 || 2010-11-21 23:02:58 |
| 8337 || 44.4408538479088 || 2011-05-26 15:07:16 |
| 8338 || 60.716701525384 || 2016-01-23 17:13:49 |
| 8339 || 25.620154532625 || 2010-04-02 23:41:01 |
| 8340 || -0.00595506961746807 || 2017-12-14 17:00:15 |
| 8341 || 33.927538484492 || 2010-04-16 14:57:04 |
| 8342 || 32.154585363228 || 2011-05-13 04:58:21 |
| 8343 || 54.3797160441322 || 2011-07-26 00:12:18 |
| 8344 || 10.2526509057147 || 2015-10-18 13:55:54 |
| 8345 || 0.00549327714423252 || 2018-10-08 21:38:56 |
| 8346 || 20.68653021353 || 2010-07-10 05:20:01 |
| 8347 || -7.7020809544819 || 2012-08-01 13:14:13 |
| 8348 || 55.329083459034 || 2013-09-25 01:29:49 |
| 8349 || 32.1536837826077 || 2019-12-03 13:01:23 |
| 8350 || 0.40338557656174 || 2011-05-13 05:16:03 |
| 8351 || 22.5640206125427 || 2014-12-21 20:41:34 |
| 8352 || -14.759169948443 || 2018-08-09 02:45:11 |
| 8353 || 57.0412789000971 || 2018-06-20 12:38:17 |
| 8354 || 37.984552782545 || 2013-05-25 18:12:48 |
| 8355 || 1.06155329385801 || 2016-01-11 13:38:14 |
| 8356 || 4.73183287620393 || 2016-11-06 16:44:28 |
| 8357 || 49.6371657915982 || 2016-09-03 16:58:49 |
| 8358 || -27.9817821914093 || 2017-07-26 08:25:59 |
| 8359 || -1.07449244878522 || 2012-08-20 11:06:00 |
| 8360 || 0.898951230151634 || 2011-03-17 18:02:33 |
| 8361 || 11.2910030463537 || 2016-09-15 19:41:11 |
| 8362 || -0.232355982774962 || 2019-03-14 04:48:23 |
| 8363 || 89.272767636285 || 2012-10-07 07:40:44 |
| 8364 || 44.4037998064696 || 2018-03-05 13:27:00 |
| 8365 || 4.95747674783181 || 2012-11-22 09:52:43 |
| 8366 || 10.516335856568 || 2012-09-13 17:12:28 |
| 8367 || 24.2609767490209 || 2018-02-04 09:44:50 |
| 8368 || 51.2036132567405 || 2014-12-27 13:47:56 |
| 8369 || 8.84999404402424 || 2016-07-11 16:42:44 |
| 8370 || -2.47573824175353 || 2013-05-16 19:44:36 |
| 8371 || -2.5012965460504 || 2011-04-20 00:46:52 |
| 8372 || 22.6273475704437 || 2013-12-25 08:50:22 |
| 8373 || 84.1258160596897 || 2018-05-26 07:59:58 |
| 8374 || 61.0575316684221 || 2017-01-21 19:24:34 |
| 8375 || -3.98800731107925 || 2018-05-09 09:31:05 |
| 8376 || 3.1479812362809 || 2014-08-05 22:38:21 |
| 8377 || 41.5754027289905 || 2012-06-24 09:19:53 |
| 8378 || -25.0282662907419 || 2014-05-02 23:17:54 |
| 8379 || -11.4653194366475 || 2016-07-21 14:40:35 |
| 8380 || 5.46469950755124 || 2011-11-22 01:49:21 |
| 8381 || 1.11724876383515 || 2014-11-07 22:53:12 |
| 8382 || -14.0461038595612 || 2012-12-27 01:38:26 |
| 8383 || 49.974257573196 || 2015-11-12 13:57:43 |
| 8384 || -24.0747223549052 || 2018-09-23 03:13:56 |
| 8385 || 19.6442382418802 || 2019-02-11 07:41:48 |
| 8386 || 0.619139163429848 || 2011-12-09 00:01:50 |
| 8387 || 14.6645220571837 || 2018-04-03 02:06:35 |
| 8388 || -6.65788551539506 || 2011-04-21 09:57:58 |
| 8389 || -2.23142039752367 || 2014-06-19 21:53:44 |
| 8390 || -7.09484346043526 || 2017-02-17 21:14:43 |
| 8391 || -0.067546299193259 || 2010-07-02 14:51:03 |
| 8392 || 7.73826019474238 || 2012-08-03 20:23:02 |
| 8393 || 14.5735099490477 || 2010-11-23 15:38:39 |
| 8394 || -25.186548933165 || 2011-10-13 01:53:35 |
| 8395 || 26.9785529035051 || 2017-08-08 13:51:03 |
| 8396 || 1.1415370467037e-05 || 2010-02-15 00:09:14 |
| 8397 || 5.95574426094674 || 2010-11-07 07:40:49 |
| 8398 || 27.0039531343316 || 2010-03-21 21:18:39 |
| 8399 || 82.8110033053536 || 2010-02-05 18:05:37 |
| 8400 || 11.8406498116178 || 2012-02-17 08:03:44 |
| 8401 || 0.316570027378581 || 2014-04-20 10:16:41 |
| 8402 || 8.4163300490339 || 2011-05-09 05:30:46 |
| 8403 || 65.8341885662376 || 2011-06-05 16:13:48 |
| 8404 || 19.6240326415648 || 2014-07-09 23:51:08 |
| 8405 || -8.69905390242178 || 2014-02-23 17:45:26 |
| 8406 || 1.28298630514147 || 2018-07-05 20:33:32 |
| 8407 || 20.398288576986 || 2015-01-20 07:02:56 |
| 8408 || -18.1215778560336 || 2018-02-16 20:36:00 |
| 8409 || -18.3480947845397 || 2015-08-14 06:43:04 |
| 8410 || 44.0780636258973 || 2012-01-14 14:07:40 |
| 8411 || -0.926082284471481 || 2017-06-24 08:00:07 |
| 8412 || 5.99181592401324 || 2017-08-04 18:11:29 |
| 8413 || 60.5516332315644 || 2014-05-04 09:50:22 |
| 8414 || 4.88653102257806 || 2013-03-15 06:50:57 |
| 8415 || 51.3310490057147 || 2015-05-01 07:13:16 |
| 8416 || -1.08482155555184 || 2013-11-21 19:14:47 |
| 8417 || 10.9668368473705 || 2010-08-08 03:20:01 |
| 8418 || -20.8957875380316 || 2015-06-02 10:19:18 |
| 8419 || 63.2775784164148 || 2013-03-03 14:20:27 |
| 8420 || -13.8128786629764 || 2018-06-05 06:36:50 |
| 8421 || 5.25137798166513 || 2018-05-06 03:12:46 |
| 8422 || 4.4222229285329 || 2013-08-13 05:39:36 |
| 8423 || 46.9402530506709 || 2019-05-04 22:05:50 |
| 8424 || -20.4828940326561 || 2012-07-09 04:30:36 |
| 8425 || 59.6309550420064 || 2013-02-16 16:28:28 |
| 8426 || 1.64494787018083 || 2019-10-18 19:45:38 |
| 8427 || 5.70185899606638 || 2014-08-03 09:56:03 |
| 8428 || 14.7957116147223 || 2017-07-24 07:52:59 |
| 8429 || 59.6909481855809 || 2015-06-13 01:20:27 |
| 8430 || 21.285043740587 || 2012-01-19 06:27:27 |
| 8431 || 6.53616637178064 || 2019-06-15 16:12:46 |
| 8432 || 0.00691165914818698 || 2014-08-25 01:14:45 |
| 8433 || 35.2448237176339 || 2014-06-03 11:24:17 |
| 8434 || -29.3007625015646 || 2011-04-23 13:43:50 |
| 8435 || 69.7159124574707 || 2012-03-16 09:37:22 |
| 8436 || 4.85421140613556 || 2015-11-26 13:40:37 |
| 8437 || 1.13716049965737 || 2018-11-16 09:59:30 |
| 8438 || 3.17279596279323 || 2019-03-10 10:35:03 |
| 8439 || -28.504057854335 || 2010-09-27 23:52:14 |
| 8440 || 10.5365038016497 || 2016-03-20 00:16:27 |
| 8441 || 17.0159010546458 || 2010-06-08 21:10:44 |
| 8442 || -0.157639996602108 || 2013-02-14 20:51:04 |
| 8443 || 19.2787551037753 || 2013-09-11 11:41:45 |
| 8444 || 10.0511367295375 || 2014-09-11 07:08:31 |
| 8445 || -26.2591234554334 || 2016-05-27 10:30:49 |
| 8446 || -2.22878234209637 || 2010-12-19 00:55:17 |
| 8447 || 0.0105768852826555 || 2013-06-04 15:45:23 |
| 8448 || 14.7654551188575 || 2019-07-01 10:44:20 |
| 8449 || 10.2283391330219 || 2012-12-12 05:11:12 |
| 8450 || -27.4207188965381 || 2019-06-18 09:36:00 |
| 8451 || 20.2590414464732 || 2011-02-21 22:50:23 |
| 8452 || 0.0912545674677541 || 2010-02-27 23:53:27 |
| 8453 || -1.95984142054416 || 2014-08-25 18:08:02 |
| 8454 || -25.6808385181998 || 2016-02-03 10:22:48 |
| 8455 || -27.6340676097993 || 2015-09-09 10:23:25 |
| 8456 || 24.0222722457405 || 2016-05-16 05:16:07 |
| 8457 || 1.04331124713889 || 2016-04-27 14:47:38 |
| 8458 || -5.53961187683695 || 2015-12-24 15:04:28 |
| 8459 || 2.14288083646694 || 2012-03-05 09:21:47 |
| 8460 || -26.1377111714287 || 2014-11-07 11:57:04 |
| 8461 || 40.3857083379668 || 2010-08-25 09:32:04 |
| 8462 || 2.52264098924121 || 2016-06-17 23:35:00 |
| 8463 || 16.8376590449657 || 2018-09-05 19:57:33 |
| 8464 || -20.3884035566025 || 2017-08-13 23:06:58 |
| 8465 || -28.7882241615446 || 2010-03-26 06:08:06 |
| 8466 || -9.87116815704813 || 2018-03-14 08:59:03 |
| 8467 || 3.30241584269574 || 2016-12-18 00:36:09 |
| 8468 || 11.0607721554165 || 2016-11-13 16:38:28 |
| 8469 || -21.1089281943918 || 2017-08-06 22:00:28 |
| 8470 || 32.7314066714262 || 2012-03-17 00:06:02 |
| 8471 || 0.843244083796017 || 2011-02-21 22:42:59 |
| 8472 || 0.709611144168584 || 2017-06-04 11:56:42 |
| 8473 || 0.704911515399034 || 2017-10-06 12:53:48 |
| 8474 || 30.6342915479433 || 2012-02-15 21:53:40 |
| 8475 || 70.4289941151093 || 2017-07-26 22:24:02 |
| 8476 || 60.7607507636659 || 2017-09-11 00:47:06 |
| 8477 || -3.06104034071822 || 2012-01-05 07:46:39 |
| 8478 || 3.13986881574447 || 2018-02-10 23:09:34 |
| 8479 || 33.5336324181574 || 2014-03-23 20:05:36 |
| 8480 || -2.53863579031509 || 2014-10-24 13:18:42 |
| 8481 || -6.15534637437197 || 2011-02-23 23:37:12 |
| 8482 || 6.00869636824234 || 2015-12-15 07:01:27 |
| 8483 || -0.823686197553999 || 2011-04-09 01:50:31 |
| 8484 || 20.0595813662228 || 2011-06-14 05:35:17 |
| 8485 || 87.666261320181 || 2018-08-15 14:54:01 |
| 8486 || -17.0352487969764 || 2014-07-27 13:42:44 |
| 8487 || 10.6408576244981 || 2014-03-27 05:45:18 |
| 8488 || 0.542725559076928 || 2015-05-12 05:50:16 |
| 8489 || 14.7313940988231 || 2010-04-19 11:48:36 |
| 8490 || -14.8263425610479 || 2010-03-23 10:56:57 |
| 8491 || 13.2521910307308 || 2012-11-25 15:10:04 |
| 8492 || 8.31913176001508 || 2015-12-21 19:13:24 |
| 8493 || -0.213000390300879 || 2018-04-10 21:47:44 |
| 8494 || 3.06621290677844 || 2012-10-06 10:16:39 |
| 8495 || 79.1440527295361 || 2014-01-19 05:15:35 |
| 8496 || 0.094370482829515 || 2017-03-14 11:26:44 |
| 8497 || 18.4724651600372 || 2016-12-05 01:58:40 |
| 8498 || 0.0210493167027555 || 2019-10-01 04:05:04 |
| 8499 || -9.05002293841724 || 2016-05-19 05:12:33 |
| 8500 || -14.6753530168173 || 2012-03-03 17:11:49 |
| 8501 || 79.0595874552351 || 2015-09-12 06:51:19 |
| 8502 || 30.73751718524 || 2012-08-12 08:08:25 |
| 8503 || 0.10060356078668 || 2018-03-03 12:12:43 |
| 8504 || 27.0018988585566 || 2010-04-14 17:11:33 |
| 8505 || 25.1784813483398 || 2015-07-10 11:12:12 |
| 8506 || 83.8342233125454 || 2017-05-18 07:34:05 |
| 8507 || 13.883548355854 || 2011-10-02 14:52:16 |
| 8508 || -0.0321976701126485 || 2010-04-17 16:44:15 |
| 8509 || -6.07938993420407 || 2010-11-11 03:23:47 |
| 8510 || -24.4532199054584 || 2016-08-10 23:47:06 |
| 8511 || 79.5287584623976 || 2013-09-14 20:09:59 |
| 8512 || 14.2540968934808 || 2018-01-17 08:25:37 |
| 8513 || -0.275565358501178 || 2011-11-26 16:00:00 |
| 8514 || -5.21985614824888 || 2014-01-14 01:16:59 |
| 8515 || -22.9640138113527 || 2010-06-01 02:47:56 |
| 8516 || -22.7636264333805 || 2014-01-02 03:20:03 |
| 8517 || 40.5811442570181 || 2018-08-23 10:08:14 |
| 8518 || -0.17602839037166 || 2010-06-22 07:25:37 |
| 8519 || 5.37249366437559 || 2017-09-06 21:32:41 |
| 8520 || -17.482175653869 || 2012-04-06 16:30:02 |
| 8521 || -14.8534783359056 || 2018-08-06 15:33:31 |
| 8522 || 1.1010494321883 || 2011-06-12 06:34:45 |
| 8523 || 1.29666819094711 || 2019-09-03 16:33:10 |
| 8524 || 5.19873335588407 || 2012-11-17 18:53:54 |
| 8525 || -19.9626062239199 || 2019-08-20 17:04:00 |
| 8526 || -26.6873208284154 || 2018-05-04 16:57:37 |
| 8527 || 59.7879376189737 || 2011-08-12 10:27:29 |
| 8528 || 2.15712683975619 || 2010-07-11 10:23:47 |
| 8529 || -2.24112978914711 || 2016-11-16 14:28:31 |
| 8530 || -11.6258652557959 || 2019-07-12 22:57:21 |
| 8531 || 88.298856658378 || 2015-02-17 10:21:51 |
| 8532 || -13.6360045982939 || 2014-06-22 11:05:13 |
| 8533 || 13.2097090347643 || 2019-03-18 15:01:28 |
| 8534 || -1.09696373996294 || 2011-08-16 01:57:12 |
| 8535 || 48.7564583200599 || 2011-04-16 16:18:39 |
| 8536 || 1.67499473643612 || 2018-11-04 14:44:15 |
| 8537 || -22.6046170582542 || 2018-09-06 09:39:50 |
| 8538 || 17.5345428569534 || 2019-10-04 23:02:49 |
| 8539 || -0.642803644915804 || 2013-10-20 21:14:00 |
| 8540 || 42.0512510986474 || 2018-02-22 00:03:12 |
| 8541 || -5.79613353192692 || 2013-03-24 05:21:13 |
| 8542 || -22.3522165710189 || 2010-10-27 09:17:48 |
| 8543 || -5.05061581253293 || 2018-03-07 13:18:42 |
| 8544 || 0.808449842471021 || 2010-01-02 10:45:28 |
| 8545 || 16.1803930305173 || 2016-01-17 09:46:28 |
| 8546 || 2.0837370854938 || 2011-02-16 05:10:07 |
| 8547 || 18.5122748366512 || 2014-08-12 17:58:33 |
| 8548 || -3.54674309757268 || 2010-05-20 09:10:50 |
| 8549 || -0.0217965684682435 || 2010-05-09 06:02:07 |
| 8550 || -10.3743472546231 || 2019-03-09 11:45:38 |
| 8551 || 39.8604785816627 || 2014-05-02 11:52:43 |
| 8552 || -17.8874672243072 || 2017-08-22 21:01:45 |
| 8553 || -9.35299242567068 || 2015-05-09 13:51:59 |
| 8554 || 0.038462228231405 || 2014-08-21 18:27:45 |
| 8555 || 25.2097076769565 || 2010-08-20 15:01:49 |
| 8556 || 60.0671195412574 || 2015-02-23 00:23:23 |
| 8557 || -25.8596717517402 || 2015-02-18 23:39:12 |
| 8558 || 24.2811231882595 || 2018-11-21 14:13:51 |
| 8559 || 0.494464792210218 || 2018-07-19 00:24:21 |
| 8560 || -5.18123716251918 || 2013-12-12 08:59:44 |
| 8561 || 18.4908810753335 || 2017-12-05 21:04:59 |
| 8562 || 84.34894692354 || 2018-05-26 09:40:27 |
| 8563 || 4.47374256595212 || 2018-01-24 10:13:53 |
| 8564 || 1.68540329203495 || 2014-03-03 20:22:01 |
| 8565 || 13.7072614511642 || 2011-07-03 04:07:26 |
| 8566 || -14.6244128447898 || 2019-10-22 15:35:21 |
| 8567 || -17.9681589456604 || 2014-05-12 14:33:48 |
| 8568 || 47.8130472756848 || 2019-02-19 13:46:16 |
| 8569 || 3.76422443700889 || 2019-08-18 14:19:54 |
| 8570 || 1.26281534332788 || 2012-04-06 13:55:21 |
| 8571 || 38.2351751846331 || 2017-09-11 13:55:33 |
| 8572 || -20.4341645680536 || 2017-09-05 17:41:24 |
| 8573 || 36.9915793575831 || 2015-05-21 04:29:21 |
| 8574 || 5.50046364020205 || 2012-09-03 17:41:41 |
| 8575 || -0.286266696595016 || 2018-07-11 14:25:49 |
| 8576 || -17.2370932005575 || 2019-08-25 21:02:20 |
| 8577 || -29.4787883182964 || 2014-08-14 20:27:22 |
| 8578 || 0.418352449207963 || 2012-10-21 02:57:03 |
| 8579 || 8.2420255276796 || 2017-12-22 21:22:24 |
| 8580 || 1.85738878636665 || 2014-06-10 05:23:13 |
| 8581 || 8.49009650092956 || 2017-01-21 14:35:39 |
| 8582 || 89.1557643596291 || 2017-08-11 13:01:50 |
| 8583 || -5.82229090715746 || 2016-12-01 16:10:38 |
| 8584 || 2.58890020441631 || 2016-07-19 22:21:05 |
| 8585 || 2.45420885492346 || 2016-06-11 08:25:46 |
| 8586 || 41.847735346214 || 2014-05-09 21:04:19 |
| 8587 || 48.704276294662 || 2017-10-12 17:49:51 |
| 8588 || 68.0506598579015 || 2013-02-23 09:39:37 |
| 8589 || -3.42246906408794 || 2015-10-27 15:33:43 |
| 8590 || 0.445960470926925 || 2019-05-11 05:58:05 |
| 8591 || 31.4635685173133 || 2012-05-10 08:16:28 |
| 8592 || -28.6008143281061 || 2012-08-06 21:02:28 |
| 8593 || 20.9229849912125 || 2015-09-05 15:17:18 |
| 8594 || 7.90854677932219 || 2011-03-17 21:27:47 |
| 8595 || 0.694908123206178 || 2019-07-23 04:37:32 |
| 8596 || -8.07542145480566 || 2018-07-15 00:42:19 |
| 8597 || 74.0091649464103 || 2015-01-07 06:26:34 |
| 8598 || 2.79317371921366 || 2013-07-14 04:04:05 |
| 8599 || -0.0466672031840867 || 2011-04-08 14:03:56 |
| 8600 || -0.0191204440528865 || 2017-12-13 10:08:54 |
| 8601 || 8.27368505814945 || 2014-07-07 22:35:44 |
| 8602 || 40.2501499787597 || 2015-06-26 06:49:00 |
| 8603 || -26.9469002024711 || 2018-07-20 23:09:32 |
| 8604 || -2.19438934988577 || 2017-07-10 09:24:58 |
| 8605 || -0.0020384866498397 || 2011-10-12 02:26:47 |
| 8606 || 20.0554492575175 || 2015-05-25 22:19:26 |
| 8607 || -17.2374286350551 || 2013-03-08 12:42:01 |
| 8608 || 79.0202184542605 || 2016-10-05 13:21:26 |
| 8609 || 21.2678519149824 || 2013-05-07 04:06:07 |
| 8610 || 0.482593848453661 || 2017-08-09 06:24:25 |
| 8611 || 2.13238239905144 || 2011-07-11 13:47:03 |
| 8612 || -14.4663150861313 || 2017-12-09 14:45:47 |
| 8613 || 81.3545439918313 || 2017-03-07 17:29:45 |
| 8614 || 17.1806555410452 || 2018-06-05 14:45:50 |
| 8615 || -0.0791260385830144 || 2018-03-26 13:58:41 |
| 8616 || 18.9617376846352 || 2013-08-21 00:01:23 |
| 8617 || 67.80781569893 || 2017-03-04 16:39:08 |
| 8618 || 87.4930085334619 || 2017-08-02 00:45:42 |
| 8619 || 16.5376634826742 || 2015-11-07 05:57:32 |
| 8620 || -0.883516894782461 || 2013-03-21 10:58:05 |
| 8621 || 15.0317389041116 || 2016-08-05 03:11:58 |
| 8622 || 33.4591600774325 || 2017-08-13 19:30:15 |
| 8623 || -26.9327050354919 || 2018-03-14 05:17:10 |
| 8624 || 15.8903053337935 || 2015-07-08 07:22:11 |
| 8625 || -1.19618267819999 || 2012-11-03 16:02:27 |
| 8626 || -2.62966805920325 || 2017-04-17 00:49:47 |
| 8627 || 21.0247219457749 || 2015-07-27 19:16:04 |
| 8628 || -25.7620714457442 || 2015-07-06 15:20:28 |
| 8629 || 33.4295813865999 || 2010-10-15 08:19:15 |
| 8630 || 2.27376976388546 || 2013-08-03 12:47:27 |
| 8631 || 7.76884771223683 || 2012-01-12 13:55:11 |
| 8632 || -7.78071604419932 || 2010-07-13 15:48:43 |
| 8633 || 87.0650902179816 || 2016-01-26 20:47:27 |
| 8634 || -21.0226435908574 || 2014-08-16 05:51:52 |
| 8635 || -3.83094830945242 || 2018-08-20 05:03:12 |
| 8636 || -0.99368633457089 || 2011-10-07 05:22:52 |
| 8637 || 13.3073053202286 || 2015-03-18 23:09:34 |
| 8638 || -7.17837590786731 || 2013-05-11 05:33:10 |
| 8639 || 64.9817732262865 || 2017-09-14 21:48:29 |
| 8640 || 0.194828080781816 || 2017-12-16 08:55:03 |
| 8641 || 2.84172934018406 || 2018-09-25 03:48:43 |
| 8642 || -12.4206805528969 || 2013-02-21 00:23:50 |
| 8643 || 66.2377897365052 || 2013-12-01 04:47:22 |
| 8644 || -19.6568106197533 || 2010-11-07 19:17:36 |
| 8645 || -4.30580267928157 || 2014-03-24 18:23:56 |
| 8646 || -0.366952067695353 || 2017-04-02 22:20:53 |
| 8647 || 38.0386435590317 || 2016-04-27 08:18:11 |
| 8648 || 13.7410261339105 || 2010-10-12 04:30:04 |
| 8649 || 70.2124168590546 || 2014-10-24 21:24:37 |
| 8650 || 23.7550840543684 || 2019-05-14 23:57:33 |
| 8651 || -0.0995434422065685 || 2016-08-06 12:17:43 |
| 8652 || 27.9998551842668 || 2015-09-15 18:00:51 |
| 8653 || -18.4573630397735 || 2016-09-19 17:26:12 |
| 8654 || 32.6936173057753 || 2013-06-06 05:14:26 |
| 8655 || -8.68009779916105 || 2010-05-27 01:32:21 |
| 8656 || 0.000449906245709815 || 2010-11-24 01:50:37 |
| 8657 || 23.3413917588787 || 2015-12-06 15:11:05 |
| 8658 || -8.59655009608238 || 2015-05-06 22:53:39 |
| 8659 || 50.852989671257 || 2017-01-23 05:35:52 |
| 8660 || 5.89217177150739 || 2014-05-07 01:28:50 |
| 8661 || 0.178829467925016 || 2018-04-21 08:09:57 |
| 8662 || -5.559375552165 || 2013-10-19 21:13:32 |
| 8663 || 73.0887016838352 || 2013-02-23 01:56:49 |
| 8664 || 85.641391909792 || 2017-02-09 04:57:25 |
| 8665 || -12.7842499239653 || 2017-03-27 00:30:50 |
| 8666 || -0.433852161792687 || 2012-01-20 00:19:27 |
| 8667 || -6.59362620676776 || 2015-12-12 05:12:55 |
| 8668 || 72.1465943390831 || 2015-09-06 05:24:11 |
| 8669 || 4.65052844219053 || 2011-02-18 00:01:31 |
| 8670 || 46.1137714573582 || 2018-10-27 01:45:39 |
| 8671 || 0.194351834545731 || 2017-11-19 17:00:55 |
| 8672 || 11.2216135330018 || 2019-11-09 17:30:47 |
| 8673 || 0.27262121301475 || 2018-06-20 08:34:11 |
| 8674 || 85.6046722502945 || 2016-07-18 05:58:43 |
| 8675 || 7.74140950095941 || 2011-07-16 05:51:58 |
| 8676 || -0.683482470211945 || 2013-05-07 22:30:06 |
| 8677 || 1.9920950575887 || 2015-10-22 16:52:11 |
| 8678 || 25.6420340547159 || 2013-04-22 00:46:55 |
| 8679 || 17.0218607571266 || 2010-02-01 09:23:26 |
| 8680 || 4.51835070860158 || 2018-05-17 20:26:35 |
| 8681 || 0.607707446769604 || 2010-01-01 10:56:10 |
| 8682 || 7.6629666621182 || 2018-09-21 19:33:55 |
| 8683 || -12.8408607257322 || 2013-02-13 01:28:18 |
| 8684 || 85.2756543714638 || 2016-06-07 20:18:50 |
| 8685 || 34.0001733747128 || 2016-10-02 19:09:07 |
| 8686 || -0.517573876787582 || 2016-04-23 16:09:38 |
| 8687 || -1.3653961843911 || 2018-04-05 11:06:48 |
| 8688 || 10.7011760832074 || 2019-08-19 17:28:41 |
| 8689 || 62.811256054466 || 2016-12-22 20:37:22 |
| 8690 || -21.513726720766 || 2012-10-23 18:18:35 |
| 8691 || 8.60390790843796 || 2015-08-27 08:15:23 |
| 8692 || 2.737567250111 || 2016-11-19 14:54:32 |
| 8693 || -5.36245506751166 || 2011-12-22 18:29:08 |
| 8694 || 81.1047383840028 || 2018-08-21 17:36:17 |
| 8695 || 70.0784222203252 || 2017-09-09 18:51:44 |
| 8696 || 19.6392113634571 || 2010-09-14 15:20:57 |
| 8697 || 0.730120145596511 || 2012-09-20 20:44:00 |
| 8698 || -13.8302816210168 || 2016-08-10 11:23:08 |
| 8699 || 20.7469422244096 || 2013-03-12 10:14:30 |
| 8700 || -16.9798969398562 || 2017-08-12 19:50:28 |
| 8701 || -3.84529245426551 || 2012-02-10 00:06:42 |
| 8702 || 0.125267797697181 || 2013-01-21 11:38:49 |
| 8703 || 1.97315568470581 || 2014-01-08 11:29:56 |
| 8704 || -25.7909908707494 || 2016-11-26 20:01:05 |
| 8705 || 78.7686348221678 || 2010-06-07 05:40:07 |
| 8706 || 2.63512810802589 || 2013-12-27 14:33:45 |
| 8707 || 0.00234954901910889 || 2015-03-15 08:14:25 |
| 8708 || 2.79384638550552 || 2010-06-08 10:49:46 |
| 8709 || 44.0600459452476 || 2015-07-13 09:44:21 |
| 8710 || 63.1749225988655 || 2018-10-05 19:49:32 |
| 8711 || 15.7483286428038 || 2019-05-22 20:41:49 |
| 8712 || 0.164171287306589 || 2017-08-08 15:06:14 |
| 8713 || -3.49552163979754 || 2012-02-01 12:17:43 |
| 8714 || 29.2490605809612 || 2018-01-06 17:54:42 |
| 8715 || 59.8636802278265 || 2012-03-06 05:34:58 |
| 8716 || 39.4602590815919 || 2016-09-26 16:55:49 |
| 8717 || 0.693144916996125 || 2010-08-25 16:10:46 |
| 8718 || -6.79239376994798 || 2019-07-25 01:41:37 |
| 8719 || -11.8703317658422 || 2019-11-02 00:22:33 |
| 8720 || 75.1606614655568 || 2018-10-16 01:42:57 |
| 8721 || 39.994022278764 || 2017-07-10 04:10:26 |
| 8722 || 1.56711650119255 || 2010-07-03 08:00:36 |
| 8723 || 7.93409424093982 || 2016-05-03 15:51:06 |
| 8724 || 23.4668890305729 || 2017-03-02 14:05:05 |
| 8725 || -13.2898022865529 || 2017-04-16 11:45:24 |
| 8726 || -3.03646381398617 || 2014-05-23 07:07:16 |
| 8727 || 1.99246595467187 || 2010-03-23 14:55:19 |
| 8728 || 11.8132722879672 || 2019-12-22 20:10:13 |
| 8729 || -18.2790602471525 || 2018-04-05 03:21:44 |
| 8730 || 4.61806334620575 || 2014-09-07 20:29:52 |
| 8731 || -12.4160887230617 || 2010-10-15 09:44:37 |
| 8732 || 7.32396317538804 || 2011-12-23 15:37:14 |
| 8733 || 8.13076022443732 || 2015-12-02 23:54:59 |
| 8734 || 11.4971921497393 || 2018-02-22 11:12:27 |
| 8735 || 80.1128128604956 || 2019-10-20 11:21:40 |
| 8736 || 17.4997056799751 || 2017-09-13 18:28:14 |
| 8737 || -1.43237631362137 || 2014-06-17 13:11:05 |
| 8738 || 0.541192020464199 || 2012-09-08 03:28:10 |
| 8739 || 27.696566335272 || 2014-06-03 02:56:13 |
| 8740 || 85.0083770559052 || 2012-05-05 17:40:28 |
| 8741 || 64.7212905101485 || 2019-08-04 04:26:51 |
| 8742 || 10.3189445871902 || 2014-11-16 16:33:31 |
| 8743 || 1.08245911569607 || 2012-06-22 04:20:22 |
| 8744 || 42.6499911038541 || 2017-04-01 05:13:20 |
| 8745 || 86.0948161400784 || 2013-11-17 06:02:31 |
| 8746 || 67.9593763907775 || 2010-01-25 23:25:11 |
| 8747 || 13.35655686289 || 2013-03-19 14:55:21 |
| 8748 || 1.25437280113463 || 2010-05-16 23:51:12 |
| 8749 || 20.961671080759 || 2018-09-22 05:17:23 |
| 8750 || -27.7188736670617 || 2018-08-12 23:37:44 |
| 8751 || -19.4261180144953 || 2018-05-20 18:09:27 |
| 8752 || -7.64049858765599 || 2013-12-04 01:11:20 |
| 8753 || -0.0749036222463961 || 2015-04-24 23:13:46 |
| 8754 || 12.7086962657755 || 2016-07-09 19:15:28 |
| 8755 || 33.5695914793501 || 2011-07-08 04:01:35 |
| 8756 || -24.7612319164974 || 2013-06-17 01:15:40 |
| 8757 || 25.572136859473 || 2015-04-03 17:58:42 |
| 8758 || -0.00807140112232371 || 2015-03-15 22:54:47 |
| 8759 || 0.589380049294668 || 2017-12-23 04:05:01 |
| 8760 || 36.8421447233293 || 2012-12-19 23:35:44 |
| 8761 || 6.00835016169574 || 2011-06-13 19:49:54 |
| 8762 || -9.97193518793889 || 2017-04-13 19:41:39 |
| 8763 || -0.0394553835169991 || 2012-06-05 10:49:51 |
| 8764 || 22.213003582685 || 2015-07-22 12:52:58 |
| 8765 || 65.8311093880627 || 2019-03-07 08:04:18 |
| 8766 || -23.3813069904023 || 2015-03-10 09:21:15 |
| 8767 || -8.1779416402425 || 2018-08-14 13:55:31 |
| 8768 || 0.177439669809036 || 2018-10-23 23:46:08 |
| 8769 || 19.2635634404085 || 2019-04-25 09:59:23 |
| 8770 || -14.5332518560749 || 2018-03-06 15:13:40 |
| 8771 || 86.2784103435395 || 2015-05-07 01:26:54 |
| 8772 || 12.781672260067 || 2012-03-12 18:44:10 |
| 8773 || 2.02520549787598 || 2018-06-21 03:01:00 |
| 8774 || 16.929914520779 || 2013-04-10 14:56:28 |
| 8775 || 20.3934479093104 || 2013-05-21 21:51:34 |
| 8776 || -7.99105546166178 || 2015-10-13 19:20:03 |
| 8777 || 35.9403180784782 || 2016-04-20 16:28:53 |
| 8778 || -0.243051901485048 || 2015-09-12 01:39:43 |
| 8779 || 0.751145726620041 || 2010-01-13 23:57:37 |
| 8780 || -21.5344494409721 || 2010-10-03 09:41:13 |
| 8781 || -4.01911670867797 || 2017-11-10 23:37:31 |
| 8782 || 52.4521566860762 || 2010-06-24 21:48:23 |
| 8783 || -2.26133983646162 || 2019-12-01 14:23:27 |
| 8784 || 5.10461945078267 || 2015-05-16 02:16:54 |
| 8785 || -14.3158037619247 || 2019-05-04 23:45:32 |
| 8786 || 9.17053510427906 || 2011-05-05 01:15:59 |
| 8787 || 20.6532630486744 || 2013-04-25 16:22:32 |
| 8788 || 4.7855131772833 || 2019-10-08 08:36:49 |
| 8789 || 2.60276165452289 || 2018-05-10 08:18:57 |
| 8790 || 5.98519576546519 || 2016-04-05 15:48:49 |
| 8791 || 89.5339512662529 || 2013-08-10 08:36:18 |
| 8792 || -4.74845267972038 || 2016-12-13 21:58:34 |
| 8793 || 6.97336301245109 || 2014-04-20 08:09:16 |
| 8794 || -1.32762403444423 || 2015-03-01 11:33:18 |
| 8795 || 48.8481925163591 || 2010-07-26 06:55:31 |
| 8796 || 65.1614051912558 || 2019-01-16 12:50:43 |
| 8797 || 26.1271720579119 || 2012-07-07 17:43:48 |
| 8798 || 17.2532451266955 || 2014-09-14 10:52:29 |
| 8799 || -0.634300738032886 || 2012-02-14 15:03:40 |
| 8800 || 40.2883762654017 || 2013-09-13 11:09:30 |
| 8801 || 25.6645806334293 || 2010-12-02 02:34:48 |
| 8802 || -24.5908679662424 || 2018-09-04 13:18:38 |
| 8803 || 21.2655815706698 || 2015-06-22 02:54:39 |
| 8804 || 0.329838959454899 || 2016-12-11 10:05:26 |
| 8805 || 5.95789710502726 || 2011-10-13 17:34:57 |
| 8806 || 26.1003942897523 || 2010-12-04 04:34:08 |
| 8807 || -21.5563110749636 || 2016-12-16 13:18:25 |
| 8808 || 27.1193859726393 || 2018-06-05 22:14:10 |
| 8809 || 0.0676615296903324 || 2013-05-17 14:19:49 |
| 8810 || 17.862553262589 || 2015-07-14 18:36:37 |
| 8811 || 30.6238366311972 || 2011-07-27 10:00:25 |
| 8812 || 57.9258499387433 || 2016-08-23 08:52:46 |
| 8813 || 31.9497662759211 || 2012-05-22 08:12:18 |
| 8814 || 0.0207204689497334 || 2018-09-17 19:41:27 |
| 8815 || -7.27261621455407 || 2014-02-18 23:09:51 |
| 8816 || -23.0505123876082 || 2014-09-21 19:10:14 |
| 8817 || 73.0681889829154 || 2017-08-14 05:46:05 |
| 8818 || 27.0046541563984 || 2010-07-25 22:36:58 |
| 8819 || -0.149696047802164 || 2018-04-04 10:16:42 |
| 8820 || 21.0968291534969 || 2012-07-02 19:21:59 |
| 8821 || 4.78296544267377 || 2012-07-23 06:53:50 |
| 8822 || -25.8488736039624 || 2015-05-18 00:33:26 |
| 8823 || 39.7288354037145 || 2012-02-21 08:11:56 |
| 8824 || -0.111851286042038 || 2018-07-18 09:48:11 |
| 8825 || -0.906446810444126 || 2011-06-11 12:19:49 |
| 8826 || 29.4210293711195 || 2014-01-17 20:19:35 |
| 8827 || 85.6931441307224 || 2016-03-21 01:42:34 |
| 8828 || 25.1179296956793 || 2010-08-01 20:38:37 |
| 8829 || 0.979475111331163 || 2011-05-26 13:05:52 |
| 8830 || -3.9253118251438 || 2014-06-27 04:14:17 |
| 8831 || -3.68401209119408 || 2014-09-23 23:44:40 |
| 8832 || 86.4042512026225 || 2014-01-27 15:26:41 |
| 8833 || 21.8553209550326 || 2010-06-01 15:50:14 |
| 8834 || 6.34322748863593 || 2013-08-06 10:32:32 |
| 8835 || 10.3361776976483 || 2014-03-02 17:12:56 |
| 8836 || 31.6210805638437 || 2010-12-18 08:12:47 |
| 8837 || 78.4273907336425 || 2019-01-06 15:29:48 |
| 8838 || 46.4936729514492 || 2012-02-16 16:16:13 |
| 8839 || 9.37040881453585 || 2018-10-16 23:41:09 |
| 8840 || -0.788537697990465 || 2013-12-09 01:16:19 |
| 8841 || -10.102043372804 || 2014-06-20 13:44:48 |
| 8842 || -15.6568389740055 || 2017-07-12 17:28:25 |
| 8843 || 9.83404641451086 || 2018-02-21 14:14:41 |
| 8844 || -3.10182468034483 || 2016-10-17 03:07:32 |
| 8845 || 1.13360101925156 || 2015-02-17 18:29:18 |
| 8846 || 30.6026487449852 || 2011-03-24 19:53:30 |
| 8847 || 14.8537328221355 || 2013-11-03 21:22:31 |
| 8848 || 39.4099007767816 || 2019-06-03 06:10:19 |
| 8849 || -0.178950345059483 || 2016-04-09 02:22:30 |
| 8850 || 1.90264295231704 || 2013-12-22 15:05:44 |
| 8851 || 11.3610446864273 || 2014-08-15 12:29:18 |
| 8852 || 44.6406734680533 || 2016-07-08 20:30:08 |
| 8853 || 39.168607493523 || 2011-09-25 14:02:17 |
| 8854 || 6.31097183218345 || 2019-09-05 11:06:29 |
| 8855 || 0.93851643008376 || 2010-08-20 19:20:08 |
| 8856 || 26.7584745897239 || 2012-10-23 04:24:52 |
| 8857 || 71.1958493036024 || 2014-01-10 03:04:53 |
| 8858 || -25.5240558235911 || 2010-04-04 17:05:51 |
| 8859 || 0.284783835577484 || 2012-10-21 17:48:07 |
| 8860 || -0.05388450281346 || 2019-07-18 19:22:00 |
| 8861 || 18.4846422078984 || 2013-03-05 05:30:57 |
| 8862 || 45.56412992907 || 2014-09-25 18:24:27 |
| 8863 || -1.09595023405654 || 2018-08-02 20:24:44 |
| 8864 || -9.6570915484489 || 2014-02-15 14:28:37 |
| 8865 || 0.00218680641435269 || 2013-06-23 11:58:27 |
| 8866 || -4.56647226361169 || 2017-04-07 06:14:05 |
| 8867 || -26.1001590056369 || 2014-03-18 12:56:29 |
| 8868 || 37.1034969563372 || 2019-03-12 01:00:42 |
| 8869 || -11.9270312670441 || 2016-08-02 13:07:27 |
| 8870 || 0.524991237600163 || 2019-03-08 10:39:25 |
| 8871 || 7.26343106661147 || 2012-12-20 07:18:43 |
| 8872 || 64.4419864474122 || 2018-03-05 00:29:32 |
| 8873 || 83.203952434125 || 2010-06-07 10:59:45 |
| 8874 || -6.91689900256875 || 2013-05-09 14:06:32 |
| 8875 || -0.20361505451603 || 2011-06-20 06:43:49 |
| 8876 || -5.36552423230864 || 2010-05-23 18:49:12 |
| 8877 || -9.93939534646108 || 2013-06-09 20:14:06 |
| 8878 || -25.8766215031194 || 2019-02-07 08:33:59 |
| 8879 || 33.7971593255593 || 2013-08-20 00:59:41 |
| 8880 || 1.04909417758968 || 2016-06-01 03:42:54 |
| 8881 || -4.69270131232716 || 2015-09-25 15:43:05 |
| 8882 || 57.4595812556375 || 2018-01-02 03:26:07 |
| 8883 || 24.484352899479 || 2010-01-18 06:19:51 |
| 8884 || -12.7478385497905 || 2010-12-09 21:35:40 |
| 8885 || -1.95233591471615 || 2011-10-02 05:24:24 |
| 8886 || -0.310463836107828 || 2012-12-24 07:00:23 |
| 8887 || 7.89823952420796 || 2018-12-12 23:05:05 |
| 8888 || -9.99171796241863 || 2015-01-09 15:30:37 |
| 8889 || 40.1354520134298 || 2010-11-20 01:59:21 |
| 8890 || -1.01169765423082 || 2011-11-06 07:15:05 |
| 8891 || -2.37444222325441 || 2019-06-12 03:06:17 |
| 8892 || 19.4898247772407 || 2017-01-02 07:37:25 |
| 8893 || -22.9643586531488 || 2019-01-16 07:44:04 |
| 8894 || -8.05173986194319 || 2010-08-14 06:22:45 |
| 8895 || 11.9492439661442 || 2019-10-11 05:56:47 |
| 8896 || 2.56470284749298 || 2018-08-18 11:55:09 |
| 8897 || 48.4374754647155 || 2010-07-14 16:43:19 |
| 8898 || 26.1186148641035 || 2018-03-22 07:31:15 |
| 8899 || -10.4376923287386 || 2014-12-03 08:56:48 |
| 8900 || 15.6278362364963 || 2012-12-14 05:14:20 |
| 8901 || 2.39199655099332 || 2014-08-02 08:22:56 |
| 8902 || 45.1658390758884 || 2010-05-15 19:23:35 |
| 8903 || 87.0633520628425 || 2012-09-09 13:52:13 |
| 8904 || 6.92257246844611 || 2012-12-11 19:58:07 |
| 8905 || 17.1359228820543 || 2015-09-05 11:34:31 |
| 8906 || -0.182408956881192 || 2017-06-10 14:23:58 |
| 8907 || 3.40899246941359 || 2015-06-13 16:36:24 |
| 8908 || -19.5563034575535 || 2018-11-03 22:55:02 |
| 8909 || 57.0403252370782 || 2015-04-25 20:09:00 |
| 8910 || 18.1636957126581 || 2016-05-10 05:00:26 |
| 8911 || -0.0116649130565377 || 2011-08-13 17:44:00 |
| 8912 || 34.7382225429824 || 2014-08-01 20:29:47 |
| 8913 || 77.1862139719561 || 2012-08-19 16:46:40 |
| 8914 || 60.6219383409708 || 2014-05-10 10:33:23 |
| 8915 || 8.24013021815163 || 2015-11-16 10:30:45 |
| 8916 || -0.000349311945132413 || 2019-11-26 18:14:49 |
| 8917 || -5.00588527852691 || 2016-04-26 18:03:33 |
| 8918 || -23.2940680002696 || 2010-05-20 12:47:52 |
| 8919 || 50.4528906874536 || 2013-10-10 20:24:22 |
| 8920 || 34.9994701699798 || 2011-05-09 08:10:07 |
| 8921 || 0.0176863630154357 || 2012-08-16 07:58:03 |
| 8922 || 13.9683893106555 || 2013-01-04 19:18:05 |
| 8923 || -0.327629837215317 || 2019-12-24 10:10:05 |
| 8924 || 30.803817245167 || 2016-06-07 06:38:59 |
| 8925 || -1.79407070262204 || 2016-08-22 13:15:40 |
| 8926 || 0.747027234971895 || 2014-09-20 00:34:55 |
| 8927 || 18.5238629437168 || 2019-06-04 14:53:12 |
| 8928 || -17.7220558752849 || 2010-10-07 12:51:39 |
| 8929 || 40.0968048623135 || 2019-02-06 14:53:16 |
| 8930 || 18.5853346573228 || 2019-04-04 23:25:24 |
| 8931 || -0.0379219448925505 || 2013-10-18 03:01:17 |
| 8932 || 5.72647574214025 || 2016-04-18 12:47:37 |
| 8933 || 21.1315627700596 || 2010-04-15 14:28:18 |
| 8934 || -7.71621558386974 || 2018-05-13 07:10:09 |
| 8935 || 17.6247348270837 || 2012-12-03 06:32:31 |
| 8936 || 5.07753938075317 || 2018-10-18 00:41:09 |
| 8937 || 11.1695116919022 || 2015-02-20 22:15:52 |
| 8938 || 48.994535390503 || 2019-07-08 18:46:36 |
| 8939 || 89.7459250599833 || 2013-03-12 23:00:52 |
| 8940 || 56.7349370350274 || 2017-11-01 04:52:50 |
| 8941 || 3.93815932296345 || 2012-07-02 01:16:18 |
| 8942 || 4.77681679131544 || 2018-09-07 22:37:39 |
| 8943 || 40.9870132671786 || 2011-06-18 17:51:53 |
| 8944 || 78.5125691836532 || 2013-03-17 01:19:38 |
| 8945 || -20.7256951707314 || 2010-06-09 15:15:15 |
| 8946 || 6.4629238419685 || 2010-05-20 19:59:26 |
| 8947 || 1.30457099654704 || 2015-11-06 04:35:41 |
| 8948 || -17.3441552202731 || 2018-01-12 12:38:57 |
| 8949 || 69.0263968742565 || 2010-07-07 07:08:53 |
| 8950 || 35.9702036938064 || 2019-12-11 19:06:51 |
| 8951 || -2.65683344194496 || 2019-08-03 21:31:41 |
| 8952 || 0.770341944336566 || 2016-02-11 23:10:16 |
| 8953 || -5.42803405600649 || 2014-01-17 20:16:54 |
| 8954 || 58.7461925018041 || 2011-09-16 18:34:22 |
| 8955 || 67.4642791029872 || 2016-07-24 00:43:15 |
| 8956 || -2.88573035914558 || 2014-11-23 22:03:45 |
| 8957 || 0.424239755385935 || 2011-12-12 23:25:13 |
| 8958 || 35.3967817344528 || 2014-08-11 15:30:35 |
| 8959 || 59.5095381143979 || 2016-02-25 11:17:42 |
| 8960 || 38.5594427990174 || 2011-05-02 10:40:39 |
| 8961 || 24.3175951906024 || 2018-09-06 12:33:54 |
| 8962 || 0.0237305317301827 || 2010-12-13 18:13:33 |
| 8963 || 34.9777408028256 || 2014-10-05 02:13:54 |
| 8964 || 35.4311452469245 || 2016-01-13 10:29:52 |
| 8965 || -24.7463377708588 || 2010-11-16 21:43:19 |
| 8966 || 2.97214833221999 || 2016-02-18 13:36:27 |
| 8967 || 0.00164591993167413 || 2019-09-06 20:59:17 |
| 8968 || -8.98421987703374 || 2015-11-18 21:06:32 |
| 8969 || 47.3865046031787 || 2010-11-16 04:34:18 |
| 8970 || 29.7156207933438 || 2019-10-18 19:39:16 |
| 8971 || 19.457148503747 || 2013-03-02 21:37:45 |
| 8972 || -0.0309940792978562 || 2017-12-15 16:05:12 |
| 8973 || 0.0589479432511791 || 2016-07-24 16:46:37 |
| 8974 || 54.5163580682994 || 2011-06-25 07:15:03 |
| 8975 || 19.5394175941823 || 2010-01-09 23:56:37 |
| 8976 || -7.38912814736898 || 2013-05-22 20:45:22 |
| 8977 || -0.284801462927982 || 2015-11-15 06:18:34 |
| 8978 || 17.9614100023528 || 2015-10-19 09:20:52 |
| 8979 || 35.6231683563962 || 2015-06-27 05:35:47 |
| 8980 || 37.4517056549935 || 2018-10-15 04:15:04 |
| 8981 || 39.948652074926 || 2013-01-10 05:36:06 |
| 8982 || 0.391105604256435 || 2013-04-02 07:24:43 |
| 8983 || 0.0320734289271793 || 2017-02-14 16:22:13 |
| 8984 || -15.0457745395329 || 2019-01-02 05:12:26 |
| 8985 || -29.6858907614717 || 2010-07-05 12:00:56 |
| 8986 || -15.1251495436358 || 2014-11-25 08:23:30 |
| 8987 || 4.91859181643125 || 2016-02-27 08:42:00 |
| 8988 || 0.484295965124939 || 2010-10-01 06:09:38 |
| 8989 || 12.0260980710578 || 2011-01-09 14:02:52 |
| 8990 || 88.9996177555529 || 2019-11-12 19:00:58 |
| 8991 || -16.8755154853184 || 2012-10-23 01:52:47 |
| 8992 || -2.4597207675496 || 2010-11-06 18:04:50 |
| 8993 || 7.28914489272417 || 2012-07-22 19:54:05 |
| 8994 || 31.018431925775 || 2012-08-01 13:32:26 |
| 8995 || 77.3524233200911 || 2012-10-11 16:52:15 |
| 8996 || -17.0427432010872 || 2014-01-09 07:42:43 |
| 8997 || 10.2986551327261 || 2016-04-10 03:18:06 |
| 8998 || -0.545572688303745 || 2011-03-23 15:41:58 |
| 8999 || 39.5388695534347 || 2011-02-06 20:58:45 |
| 9000 || -3.14216433285327 || 2017-01-21 00:50:29 |
| 9001 || 13.529042557191 || 2011-04-01 03:48:01 |
| 9002 || 8.56266030434726 || 2010-01-12 12:05:07 |
| 9003 || -0.502667507071258 || 2015-09-24 17:52:56 |
| 9004 || 2.53984609995359 || 2015-11-09 06:58:43 |
| 9005 || 17.4208661929131 || 2016-07-04 15:58:40 |
| 9006 || 2.06483663079879 || 2016-03-27 08:18:57 |
| 9007 || -3.82060439829506 || 2019-07-02 15:44:34 |
| 9008 || 1.70693549024243 || 2010-03-09 01:37:15 |
| 9009 || 5.8342499078082 || 2011-03-20 23:27:26 |
| 9010 || 24.5766681093177 || 2010-09-11 09:51:22 |
| 9011 || -24.3749916181056 || 2011-06-07 16:22:52 |
| 9012 || 6.20445836173457 || 2014-05-13 10:54:15 |
| 9013 || 0.200312165888421 || 2011-08-10 20:59:07 |
| 9014 || 20.4373077317107 || 2014-10-07 22:59:09 |
| 9015 || -25.3481095079934 || 2016-12-12 07:02:24 |
| 9016 || -19.3362428685749 || 2019-08-11 20:38:14 |
| 9017 || 11.1021140522403 || 2012-03-05 10:53:31 |
| 9018 || 0.0148692190858454 || 2015-07-18 06:02:49 |
| 9019 || -10.127425898402 || 2018-09-23 02:07:23 |
| 9020 || -25.1005333155514 || 2014-06-11 03:54:38 |
| 9021 || -3.69735859033434 || 2016-11-13 17:40:59 |
| 9022 || -10.3565761123061 || 2019-08-21 18:56:42 |
| 9023 || 0.117681914947182 || 2016-02-09 02:12:04 |
| 9024 || 18.5740594844139 || 2014-05-10 13:36:16 |
| 9025 || -6.83544818088611 || 2017-03-11 00:06:50 |
| 9026 || 10.477564316527 || 2017-02-19 05:24:09 |
| 9027 || 38.7364244383287 || 2017-08-10 08:24:39 |
| 9028 || 0.914353872824519 || 2011-02-22 03:33:06 |
| 9029 || -6.77450341241313 || 2018-02-05 10:10:24 |
| 9030 || -9.6795534588691 || 2010-09-26 22:59:32 |
| 9031 || -11.2076185679304 || 2010-06-11 18:12:45 |
| 9032 || 35.1680870834486 || 2011-06-09 20:57:02 |
| 9033 || 1.04494092042671 || 2012-07-01 07:16:00 |
| 9034 || 12.9195024417958 || 2016-05-04 19:06:57 |
| 9035 || 57.5512898697096 || 2017-09-25 02:09:41 |
| 9036 || 57.5726708932603 || 2013-07-19 15:51:56 |
| 9037 || -10.8846676013067 || 2014-10-07 15:35:59 |
| 9038 || 1.46569394497524 || 2010-07-25 21:14:41 |
| 9039 || -2.87973325171317 || 2019-02-22 18:09:58 |
| 9040 || -20.9944353069548 || 2017-09-22 05:57:33 |
| 9041 || -26.0830336722096 || 2011-08-20 14:28:20 |
| 9042 || 21.4916232505243 || 2013-09-18 12:56:00 |
| 9043 || 3.82360550690334 || 2013-11-02 09:03:32 |
| 9044 || 1.93212917387925 || 2018-08-03 12:06:03 |
| 9045 || 7.24828795032914 || 2018-07-23 08:21:36 |
| 9046 || 15.5551022940557 || 2011-10-18 06:03:10 |
| 9047 || 51.3213900640566 || 2015-01-09 01:37:10 |
| 9048 || 7.76220802289474 || 2012-03-02 19:57:31 |
| 9049 || -0.621413278927924 || 2017-01-13 17:12:54 |
| 9050 || 17.4143085942998 || 2012-06-08 18:19:56 |
| 9051 || -13.8692655308073 || 2013-03-24 01:10:25 |
| 9052 || 56.5914580673913 || 2010-11-23 14:29:29 |
| 9053 || 1.00570218596672 || 2017-04-05 20:22:13 |
| 9054 || 0.0369980910863865 || 2011-05-04 17:23:08 |
| 9055 || 42.2458146794332 || 2012-03-27 18:06:13 |
| 9056 || 67.2102986966587 || 2012-05-23 09:50:25 |
| 9057 || 66.4014663359433 || 2018-03-25 19:22:10 |
| 9058 || -3.64967912105911 || 2012-07-16 13:09:45 |
| 9059 || -0.331756655317635 || 2011-04-26 09:19:21 |
| 9060 || -11.6990516631119 || 2017-12-19 15:23:55 |
| 9061 || -10.4373286793575 || 2012-07-12 00:25:48 |
| 9062 || 8.68483032998445 || 2016-04-22 16:01:34 |
| 9063 || 21.3493352777237 || 2015-04-21 22:51:05 |
| 9064 || 0.704201037013843 || 2016-07-27 19:51:36 |
| 9065 || 32.1958424425667 || 2014-04-20 20:01:29 |
| 9066 || 51.9187058343274 || 2014-09-19 13:10:34 |
| 9067 || 4.51032504031917 || 2016-12-13 12:19:45 |
| 9068 || 0.504293821265898 || 2019-07-19 19:23:15 |
| 9069 || 0.0737915981001664 || 2016-05-09 20:42:28 |
| 9070 || 12.6499099530774 || 2011-07-18 18:14:07 |
| 9071 || 15.1396597050485 || 2013-06-07 18:53:40 |
| 9072 || -6.53384133819851 || 2019-07-22 03:41:20 |
| 9073 || 7.31904457768927 || 2018-06-12 03:23:51 |
| 9074 || -0.00103792935611474 || 2010-10-08 02:17:54 |
| 9075 || 1.11515349076272 || 2016-06-25 02:03:44 |
| 9076 || 63.0635090065718 || 2014-07-12 17:49:00 |
| 9077 || 15.3001459593994 || 2015-09-06 14:25:40 |
| 9078 || -5.37009901513405 || 2011-01-13 19:22:06 |
| 9079 || -0.0114173488971387 || 2015-10-08 21:37:45 |
| 9080 || 22.0875754744845 || 2018-01-26 18:51:27 |
| 9081 || 39.727589964286 || 2018-01-25 17:38:50 |
| 9082 || 7.4201417135631 || 2015-12-13 09:39:40 |
| 9083 || -13.0311608398236 || 2010-01-22 08:19:57 |
| 9084 || 0.912363044437812 || 2018-12-10 22:13:30 |
| 9085 || -5.0068791344939 || 2017-10-23 03:29:35 |
| 9086 || 13.7918172246781 || 2019-12-06 01:54:33 |
| 9087 || -21.6862208271234 || 2015-11-07 15:42:55 |
| 9088 || 48.1313091647334 || 2016-05-27 11:11:12 |
| 9089 || -1.25299162689148 || 2018-05-25 04:00:54 |
| 9090 || -3.44776538301106 || 2016-12-04 03:55:20 |
| 9091 || 60.4691412555723 || 2011-07-11 23:16:10 |
| 9092 || 89.0726849066884 || 2014-04-04 15:04:56 |
| 9093 || 24.1256653770605 || 2014-03-25 19:01:00 |
| 9094 || -0.00302468937214279 || 2019-03-21 12:31:52 |
| 9095 || -1.97124690021233 || 2017-01-18 04:55:30 |
| 9096 || 57.9029724463506 || 2019-06-18 09:23:52 |
| 9097 || -27.5008647696292 || 2019-05-23 10:58:28 |
| 9098 || 47.7395676858991 || 2016-05-11 03:55:21 |
| 9099 || -2.91041045587307 || 2012-07-17 04:47:08 |
| 9100 || 4.79669214342468 || 2018-09-09 23:21:44 |
| 9101 || 50.0938517156633 || 2017-05-20 11:38:39 |
| 9102 || 67.2376973753509 || 2011-11-21 07:28:23 |
| 9103 || 47.2750316520097 || 2015-03-20 22:14:22 |
| 9104 || 5.90654492876838 || 2010-04-22 01:46:35 |
| 9105 || -0.906425553174419 || 2014-07-20 17:31:16 |
| 9106 || 49.0075931172674 || 2013-01-03 11:24:33 |
| 9107 || -24.4355905614802 || 2014-01-09 11:48:58 |
| 9108 || 63.1237792865391 || 2012-04-13 11:43:03 |
| 9109 || 4.74416811796232 || 2012-05-10 12:27:14 |
| 9110 || 2.09184997526719 || 2016-02-16 17:05:11 |
| 9111 || 42.7620178365207 || 2012-05-17 13:53:46 |
| 9112 || 68.5880663189236 || 2019-10-27 04:37:50 |
| 9113 || 47.6086363804891 || 2018-08-27 18:37:40 |
| 9114 || -4.19207148088576 || 2012-04-09 08:50:53 |
| 9115 || 0.889620639273129 || 2016-01-05 16:18:15 |
| 9116 || 30.2259487801001 || 2015-06-26 17:43:49 |
| 9117 || -28.316134357277 || 2015-08-27 05:15:15 |
| 9118 || 16.6147638984589 || 2015-07-08 23:28:16 |
| 9119 || 2.97013480581113 || 2015-02-25 16:19:18 |
| 9120 || 0.109782696524929 || 2011-11-27 23:48:01 |
| 9121 || 26.3923392591839 || 2013-02-22 17:29:11 |
| 9122 || -27.3062996539036 || 2011-02-18 01:50:32 |
| 9123 || 7.71624935560845 || 2011-03-25 17:39:21 |
| 9124 || -10.5928834649685 || 2016-05-12 08:34:32 |
| 9125 || -0.00668501370927403 || 2013-01-14 02:48:19 |
| 9126 || 21.4854054707237 || 2011-10-09 10:29:35 |
| 9127 || 78.7618929075303 || 2017-09-13 17:45:05 |
| 9128 || 24.7212088271599 || 2019-08-21 03:39:24 |
| 9129 || -11.9510111447147 || 2010-08-17 19:13:35 |
| 9130 || 0.161926146625177 || 2010-05-03 06:57:04 |
| 9131 || 5.16821803302961 || 2015-02-08 20:48:32 |
| 9132 || 19.7327911448723 || 2017-07-15 02:35:32 |
| 9133 || 32.3842435130835 || 2015-09-02 05:53:24 |
| 9134 || 38.892854308301 || 2015-08-07 22:52:40 |
| 9135 || 1.17023654505793 || 2014-07-27 20:32:17 |
| 9136 || 18.8179978987642 || 2018-03-10 04:56:59 |
| 9137 || -10.7522721222771 || 2018-04-07 20:07:12 |
| 9138 || 59.9807016193111 || 2019-04-21 21:02:08 |
| 9139 || -9.97649671851505 || 2010-05-23 10:53:19 |
| 9140 || 2.14781387064176 || 2010-08-16 08:51:34 |
| 9141 || -4.82158630656596 || 2014-07-27 11:46:49 |
| 9142 || 60.7688363274737 || 2012-12-18 23:10:00 |
| 9143 || 87.9515851191839 || 2015-03-13 23:53:01 |
| 9144 || -12.2086695993098 || 2018-11-27 08:41:29 |
| 9145 || 6.04812191925583 || 2013-09-22 04:28:00 |
| 9146 || 4.17730113011957 || 2013-04-13 02:57:14 |
| 9147 || 13.5133759073407 || 2013-02-22 09:42:43 |
| 9148 || 35.4121785621459 || 2019-07-20 22:38:13 |
| 9149 || 51.6239739491724 || 2019-09-13 03:21:55 |
| 9150 || 3.86525467398553 || 2019-03-24 14:59:39 |
| 9151 || 4.44048165326736 || 2017-05-26 00:19:16 |
| 9152 || 50.3223932082615 || 2010-12-21 15:35:19 |
| 9153 || 72.3022956959787 || 2017-11-17 06:17:15 |
| 9154 || 27.3148730521476 || 2014-11-26 06:56:14 |
| 9155 || 2.77302317500749 || 2017-05-04 06:25:39 |
| 9156 || 1.46205388679576 || 2019-03-26 08:11:45 |
| 9157 || 22.3561907220405 || 2012-01-19 23:55:32 |
| 9158 || 72.8773028622411 || 2018-01-21 02:47:08 |
| 9159 || 59.755095044315 || 2013-04-04 21:09:44 |
| 9160 || 1.63053806059735 || 2014-04-07 21:40:32 |
| 9161 || -0.863850358522446 || 2014-05-15 07:08:08 |
| 9162 || -10.5443638045269 || 2010-02-05 21:16:32 |
| 9163 || 38.7677068500389 || 2016-01-04 07:55:19 |
| 9164 || 71.4834209961798 || 2010-08-12 19:41:59 |
| 9165 || 19.7281272691234 || 2014-08-12 11:59:51 |
| 9166 || 1.12519463947125 || 2017-06-21 14:06:52 |
| 9167 || 36.7161548764936 || 2019-06-16 11:00:50 |
| 9168 || 4.67582281346113 || 2017-03-13 20:36:52 |
| 9169 || -23.0206396869509 || 2013-02-18 01:33:02 |
| 9170 || 1.13474138099164 || 2017-01-14 15:54:37 |
| 9171 || 0.0359043419974684 || 2011-01-27 04:35:06 |
| 9172 || -9.45371376989801 || 2010-09-14 23:46:22 |
| 9173 || 10.8214040614773 || 2019-12-03 17:00:21 |
| 9174 || 79.0336113037512 || 2011-12-12 02:33:38 |
| 9175 || 0.0189219685187382 || 2014-06-20 22:44:28 |
| 9176 || 0.00231965051181995 || 2019-05-19 11:33:21 |
| 9177 || -2.37737255573105 || 2019-12-06 05:45:25 |
| 9178 || -23.8884659002145 || 2015-11-04 22:07:14 |
| 9179 || 2.91243786777892 || 2010-09-14 00:47:49 |
| 9180 || 11.9766261312611 || 2017-11-23 17:51:37 |
| 9181 || -0.135676556900979 || 2019-10-26 04:35:01 |
| 9182 || 24.1329970593161 || 2014-04-13 21:42:14 |
| 9183 || -8.25925238985084 || 2019-01-15 08:51:13 |
| 9184 || -28.3855068050791 || 2012-05-19 06:01:50 |
| 9185 || -9.47958196485868 || 2016-04-12 06:21:02 |
| 9186 || 0.22817442533067 || 2017-12-09 00:24:16 |
| 9187 || 17.9748720908769 || 2015-06-12 05:30:16 |
| 9188 || -19.0765895150894 || 2017-11-25 03:41:34 |
| 9189 || -27.0050669981442 || 2014-05-18 11:46:59 |
| 9190 || -10.4133809702655 || 2014-03-26 13:38:53 |
| 9191 || -1.06304438701958 || 2015-12-12 15:47:00 |
| 9192 || 14.8602566234225 || 2013-04-20 15:33:17 |
| 9193 || -22.3099858800756 || 2017-11-08 18:51:39 |
| 9194 || 86.5296053660161 || 2017-12-05 21:12:15 |
| 9195 || 49.5621805517286 || 2015-06-05 23:37:28 |
| 9196 || 4.77384322076957 || 2012-03-16 19:06:48 |
| 9197 || 7.35986228482647 || 2013-01-10 06:23:15 |
| 9198 || 10.4468611323981 || 2015-11-01 23:52:09 |
| 9199 || 73.6394949273776 || 2017-09-04 01:10:05 |
| 9200 || 57.4072548603729 || 2015-04-03 03:19:58 |
| 9201 || 3.60353878312139 || 2015-11-13 12:33:18 |
| 9202 || 3.64086167625199 || 2017-07-26 19:29:16 |
| 9203 || 53.2424508666163 || 2014-07-24 02:00:27 |
| 9204 || -27.3875093951675 || 2017-07-12 18:35:21 |
| 9205 || 52.5322285421381 || 2017-02-21 02:15:17 |
| 9206 || 0.259414376820499 || 2013-02-06 19:58:24 |
| 9207 || -1.18656183090835 || 2015-01-16 14:56:28 |
| 9208 || -5.09217413429417 || 2017-09-08 03:12:57 |
| 9209 || 57.4611030339002 || 2015-02-23 18:55:13 |
| 9210 || -22.093706290749 || 2012-07-14 19:03:52 |
| 9211 || -0.172392130855334 || 2017-11-24 21:24:08 |
| 9212 || -0.819783206328726 || 2013-06-23 14:42:21 |
| 9213 || 22.2898905004602 || 2013-02-21 22:25:11 |
| 9214 || 86.490202614639 || 2018-11-02 18:56:17 |
| 9215 || 56.7825750291901 || 2018-04-06 02:11:10 |
| 9216 || 17.5967007171567 || 2011-02-16 11:41:58 |
| 9217 || -0.0664175524850271 || 2012-08-27 14:15:13 |
| 9218 || 28.8328585319464 || 2014-09-25 00:26:38 |
| 9219 || -27.9065635444406 || 2015-05-13 01:02:11 |
| 9220 || 32.4435633857509 || 2010-03-19 16:19:23 |
| 9221 || 0.0407088792212119 || 2013-06-14 05:54:37 |
| 9222 || -0.105802317476625 || 2018-08-12 02:35:33 |
| 9223 || 9.60036772941972 || 2012-11-22 05:14:36 |
| 9224 || 5.22655224009166 || 2011-10-07 14:58:27 |
| 9225 || 76.0564820788814 || 2017-03-18 13:35:40 |
| 9226 || 8.73110159765822 || 2011-06-13 16:17:59 |
| 9227 || -0.000158349388333389 || 2016-01-24 12:59:18 |
| 9228 || 4.59156105356111 || 2018-04-09 22:04:29 |
| 9229 || 10.2992894831214 || 2015-06-12 20:44:25 |
| 9230 || 46.2708838001145 || 2018-01-16 19:43:48 |
| 9231 || 5.12795501680211 || 2019-03-21 22:13:58 |
| 9232 || 0.00670222876756037 || 2015-07-04 10:54:09 |
| 9233 || -3.70113808959501 || 2018-03-19 19:58:30 |
| 9234 || 11.0375203813013 || 2017-07-20 18:12:14 |
| 9235 || 27.6433971194244 || 2014-08-15 19:59:17 |
| 9236 || 21.9284446519685 || 2013-01-19 05:42:14 |
| 9237 || 1.08802866122676 || 2017-04-22 20:26:00 |
| 9238 || -6.82617417837851 || 2019-11-22 09:12:27 |
| 9239 || 21.1090336443872 || 2018-02-21 19:50:49 |
| 9240 || 80.071475520244 || 2018-04-21 14:18:15 |
| 9241 || -12.9506184939848 || 2012-04-14 02:48:18 |
| 9242 || 2.7759939398046 || 2018-12-05 18:41:07 |
| 9243 || 15.8550741208397 || 2013-06-15 08:01:05 |
| 9244 || 67.0939330352097 || 2010-10-14 21:55:30 |
| 9245 || -18.8791609325082 || 2018-01-25 00:00:20 |
| 9246 || -16.5631819829554 || 2018-07-26 19:11:18 |
| 9247 || -0.983759300193622 || 2015-01-08 02:39:13 |
| 9248 || 7.37491608683338 || 2010-09-01 10:56:39 |
| 9249 || 33.3415402381475 || 2012-05-16 06:10:30 |
| 9250 || -5.20026798432838 || 2017-03-06 00:09:26 |
| 9251 || -18.6733968468677 || 2010-11-11 02:17:36 |
| 9252 || 7.63629156018207 || 2013-10-25 12:15:44 |
| 9253 || 0.832619632675037 || 2010-07-22 17:58:08 |
| 9254 || 27.1156782257091 || 2016-09-06 19:34:54 |
| 9255 || 45.7065344628608 || 2018-03-18 23:30:51 |
| 9256 || -18.3010569572026 || 2011-11-14 09:57:55 |
| 9257 || -1.70024524452872 || 2015-10-12 18:18:11 |
| 9258 || 2.68757397217572 || 2018-07-07 08:57:25 |
| 9259 || 10.18330017808 || 2010-02-27 19:19:32 |
| 9260 || -29.7384230878176 || 2012-06-27 05:52:47 |
| 9261 || -14.3646804318654 || 2015-12-09 05:13:36 |
| 9262 || 14.9849292269766 || 2019-09-06 13:03:42 |
| 9263 || 1.84096130219549 || 2014-03-02 12:15:13 |
| 9264 || -15.7462459923004 || 2019-12-21 08:06:58 |
| 9265 || 84.9634384776919 || 2017-07-20 12:02:46 |
| 9266 || -6.40629546491354 || 2015-05-04 09:07:37 |
| 9267 || 18.9643549234103 || 2013-11-26 18:50:01 |
| 9268 || 1.29300044194278 || 2011-10-10 06:33:12 |
| 9269 || 1.0609085175618 || 2014-08-20 18:32:44 |
| 9270 || -24.8802351129654 || 2010-10-10 11:31:48 |
| 9271 || 73.5600350199002 || 2019-07-16 07:20:12 |
| 9272 || 19.1467933224794 || 2012-06-04 07:12:10 |
| 9273 || 0.0823987219111652 || 2016-10-13 20:32:33 |
| 9274 || 26.6146537547639 || 2013-04-17 16:01:18 |
| 9275 || 78.2664860366197 || 2011-04-03 10:17:32 |
| 9276 || 72.4888230479787 || 2011-12-16 02:04:45 |
| 9277 || 15.7563253600955 || 2015-02-16 01:05:45 |
| 9278 || 0.0175070561465621 || 2013-12-13 15:49:17 |
| 9279 || 0.176219812235329 || 2011-10-18 09:54:55 |
| 9280 || 68.3283522602595 || 2014-03-12 12:03:48 |
| 9281 || 25.8235285946802 || 2016-02-27 10:08:54 |
| 9282 || 31.0500361345646 || 2010-03-04 05:24:00 |
| 9283 || -0.0646510004946336 || 2015-03-06 23:55:18 |
| 9284 || 7.19481833328705 || 2014-08-06 21:57:36 |
| 9285 || 76.8415436686063 || 2017-01-26 02:08:02 |
| 9286 || 44.0492435855851 || 2016-01-02 12:02:30 |
| 9287 || 15.6663042877577 || 2017-02-14 01:29:43 |
| 9288 || 0.683744062178709 || 2019-05-27 15:03:56 |
| 9289 || -6.39348677221116 || 2013-10-09 18:16:19 |
| 9290 || -21.3251772463953 || 2010-05-19 23:28:07 |
| 9291 || 50.7909760648014 || 2019-01-12 02:24:56 |
| 9292 || 40.0258476858293 || 2016-06-09 23:31:29 |
| 9293 || -0.793094097869734 || 2011-09-05 15:32:06 |
| 9294 || 4.87629886683412 || 2016-01-19 22:24:54 |
| 9295 || -11.2713933636013 || 2010-01-22 17:09:17 |
| 9296 || -28.764188991277 || 2018-08-23 06:10:33 |
| 9297 || 40.817948966782 || 2015-04-21 07:18:22 |
| 9298 || -0.728116748905082 || 2019-11-02 19:47:28 |
| 9299 || 10.7622200978469 || 2013-11-04 21:10:17 |
| 9300 || 40.6251853418111 || 2019-11-24 16:27:36 |
| 9301 || 86.4156320841909 || 2011-03-25 08:06:48 |
| 9302 || 23.4026741403821 || 2018-11-03 13:20:35 |
| 9303 || -1.22665029836473 || 2013-09-21 13:44:16 |
| 9304 || 4.27683969528468 || 2015-02-20 05:25:46 |
| 9305 || 43.275223827534 || 2018-09-21 03:07:58 |
| 9306 || 77.6246616973215 || 2012-04-02 23:23:56 |
| 9307 || 21.8767096275394 || 2019-09-08 21:10:47 |
| 9308 || 4.45452213028656 || 2019-02-15 18:21:14 |
| 9309 || -1.06031751043586 || 2018-11-04 16:50:13 |
| 9310 || 26.0870855788392 || 2016-09-25 04:43:36 |
| 9311 || 19.6332932977673 || 2010-06-18 22:08:49 |
| 9312 || 18.6720785843823 || 2019-04-06 13:44:53 |
| 9313 || 5.16935573438007 || 2011-09-10 11:45:11 |
| 9314 || 2.97838758261918 || 2012-11-26 11:33:08 |
| 9315 || 19.3157228188854 || 2016-07-08 03:31:18 |
| 9316 || 64.5450282809518 || 2015-05-26 03:05:58 |
| 9317 || -0.753135966876511 || 2019-03-19 14:40:52 |
| 9318 || -6.12959087744517 || 2012-03-14 05:00:48 |
| 9319 || 1.34143241797376 || 2010-01-13 15:10:29 |
| 9320 || 14.6084329103164 || 2019-12-05 23:55:01 |
| 9321 || 29.5798189968135 || 2015-06-22 23:29:58 |
| 9322 || 17.1227852218648 || 2015-11-03 06:23:02 |
| 9323 || 17.5613218736882 || 2010-06-13 13:28:50 |
| 9324 || 0.335052350248223 || 2014-09-14 03:46:14 |
| 9325 || 15.9329132242168 || 2013-06-16 05:36:12 |
| 9326 || 1.78932755722856 || 2014-11-19 20:22:53 |
| 9327 || -25.9309755067802 || 2010-12-24 01:38:56 |
| 9328 || -4.01779699056401 || 2011-08-15 12:04:42 |
| 9329 || 0.0479597141921867 || 2019-06-25 09:09:29 |
| 9330 || -2.14470825673007 || 2014-04-04 18:43:08 |
| 9331 || 47.0112383705547 || 2015-06-25 21:16:11 |
| 9332 || -26.0173718180032 || 2010-10-03 03:47:04 |
| 9333 || 27.8270105426669 || 2012-12-03 02:58:49 |
| 9334 || -0.0284614436552801 || 2015-07-22 00:12:07 |
| 9335 || 19.9122103055148 || 2014-01-09 22:06:16 |
| 9336 || 60.854071043074 || 2017-05-27 14:43:13 |
| 9337 || 77.1214992006533 || 2013-06-21 22:20:58 |
| 9338 || -4.48879854433129 || 2012-12-22 19:49:40 |
| 9339 || 0.785785582117777 || 2010-01-23 16:19:54 |
| 9340 || 8.36087074687961 || 2010-03-01 15:34:31 |
| 9341 || 71.6960809623952 || 2010-02-10 20:55:22 |
| 9342 || 65.7159448171087 || 2015-01-08 06:40:44 |
| 9343 || -6.73978975217863 || 2013-04-26 18:42:49 |
| 9344 || -0.679454715583719 || 2010-02-07 18:06:54 |
| 9345 || -4.09588817096982 || 2013-09-07 02:54:57 |
| 9346 || 55.6820295985833 || 2016-11-23 10:08:16 |
| 9347 || -2.47150350782466 || 2018-02-23 08:42:28 |
| 9348 || 13.8409579941336 || 2017-02-14 18:26:04 |
| 9349 || 0.275170687779503 || 2014-09-24 02:38:21 |
| 9350 || 6.38616234174054 || 2015-07-24 23:40:02 |
| 9351 || -13.0752640953513 || 2015-03-05 13:30:40 |
| 9352 || 68.6448103712917 || 2012-05-02 02:07:52 |
| 9353 || -16.2931994492501 || 2015-05-12 08:04:50 |
| 9354 || 2.7705569544943 || 2017-01-17 08:57:48 |
| 9355 || 2.16425887285945 || 2016-04-21 19:11:42 |
| 9356 || 0.957420593810714 || 2010-03-04 18:01:27 |
| 9357 || 44.1782337374751 || 2013-05-08 17:32:17 |
| 9358 || -18.5868496219519 || 2013-05-27 23:16:35 |
| 9359 || 7.97066713851016 || 2013-07-10 11:10:24 |
| 9360 || 0.515543434789764 || 2017-07-21 02:24:38 |
| 9361 || 16.8271290929499 || 2017-09-03 07:26:34 |
| 9362 || 67.3977221882349 || 2018-10-18 13:33:28 |
| 9363 || 54.9580262449397 || 2018-02-06 08:56:07 |
| 9364 || -3.82939396419231 || 2013-06-18 08:26:47 |
| 9365 || 2.81010739578178 || 2017-06-15 05:13:03 |
| 9366 || 14.3350235016761 || 2013-09-21 09:26:03 |
| 9367 || 15.0972893367756 || 2019-05-19 19:30:57 |
| 9368 || -20.2752110058982 || 2017-03-27 07:19:26 |
| 9369 || 1.65989453300239 || 2017-10-07 23:49:00 |
| 9370 || -0.033111397988106 || 2016-05-23 06:46:02 |
| 9371 || -6.11469929726248 || 2013-03-26 21:22:46 |
| 9372 || -28.6029143619835 || 2011-01-12 20:51:59 |
| 9373 || 52.1714035944773 || 2017-01-14 03:38:11 |
| 9374 || -1.72003387284405 || 2011-07-01 14:47:23 |
| 9375 || -0.258629976783244 || 2011-11-25 11:07:34 |
| 9376 || 9.49126493886927 || 2014-05-12 02:47:56 |
| 9377 || -27.6768221476259 || 2013-08-10 00:51:41 |
| 9378 || 77.8166871498916 || 2019-09-07 00:57:17 |
| 9379 || 24.8583456348643 || 2012-12-01 19:55:29 |
| 9380 || 0.12164318900707 || 2010-05-09 14:19:23 |
| 9381 || -6.34238517523607 || 2015-01-03 08:08:02 |
| 9382 || 21.2709119129476 || 2011-12-20 17:01:57 |
| 9383 || 4.59860549388158 || 2010-12-06 12:43:45 |
| 9384 || 19.5988322167967 || 2014-09-10 05:04:06 |
| 9385 || 0.0498497684747072 || 2017-02-19 06:22:21 |
| 9386 || 16.5878999915982 || 2011-01-08 06:56:49 |
| 9387 || 29.5366097220068 || 2018-01-06 08:30:27 |
| 9388 || 71.7093108979921 || 2015-06-01 07:55:58 |
| 9389 || -12.1056083189611 || 2013-12-22 03:29:00 |
| 9390 || 0.452405377628619 || 2015-11-12 20:08:54 |
| 9391 || 21.2139148751652 || 2015-04-17 17:57:43 |
| 9392 || 63.4529587718719 || 2014-05-06 14:50:06 |
| 9393 || 58.3825682727488 || 2018-06-02 16:05:48 |
| 9394 || 12.8504526062473 || 2016-11-05 14:39:03 |
| 9395 || 0.203553665832553 || 2015-04-21 06:03:52 |
| 9396 || -5.59762986356609 || 2010-05-01 08:58:27 |
| 9397 || 26.1554395981179 || 2019-11-15 08:04:35 |
| 9398 || 48.5879997572866 || 2014-02-12 09:29:07 |
| 9399 || 48.1187797860492 || 2011-01-26 00:21:55 |
| 9400 || 1.59459536506437 || 2014-12-18 20:21:26 |
| 9401 || -3.42972561079799 || 2012-08-22 21:22:11 |
| 9402 || 62.3066007224964 || 2017-03-14 02:51:20 |
| 9403 || 9.48252044430023 || 2018-03-22 04:01:54 |
| 9404 || 26.0108041661666 || 2016-05-12 05:38:20 |
| 9405 || 0.137830046126539 || 2011-09-13 13:43:32 |
| 9406 || 5.58824512551369 || 2017-06-12 14:55:26 |
| 9407 || -7.30416691962705 || 2019-10-27 15:52:42 |
| 9408 || -24.2794251545832 || 2018-02-15 01:19:37 |
| 9409 || 7.33854228699441 || 2014-06-21 23:32:18 |
| 9410 || 4.99140516182319 || 2011-01-05 05:06:44 |
| 9411 || 1.76972320077278 || 2015-12-07 11:07:50 |
| 9412 || 15.4248158305673 || 2016-04-14 14:38:02 |
| 9413 || -29.0048935131817 || 2010-10-07 07:32:00 |
| 9414 || 63.5905650437516 || 2012-12-23 19:43:41 |
| 9415 || 9.08851256266504 || 2018-11-12 19:37:16 |
| 9416 || 1.08293779081202 || 2012-03-26 08:04:31 |
| 9417 || 50.3975660532176 || 2015-01-06 19:45:13 |
| 9418 || 68.5389585502997 || 2013-11-01 21:15:18 |
| 9419 || -19.9598716235284 || 2019-06-17 08:48:23 |
| 9420 || 2.73944443153272 || 2017-02-20 04:08:58 |
| 9421 || -0.324767010195638 || 2015-02-10 08:52:45 |
| 9422 || 37.5348082531935 || 2015-04-10 03:37:05 |
| 9423 || 85.529213550484 || 2019-02-12 11:18:02 |
| 9424 || 44.8214960453675 || 2015-10-23 11:33:18 |
| 9425 || 15.1114795629916 || 2016-12-01 03:30:50 |
| 9426 || 0.985216853445463 || 2018-09-24 11:41:53 |
| 9427 || 15.7241706554545 || 2015-09-12 11:30:50 |
| 9428 || -27.7894079711299 || 2014-01-22 01:41:01 |
| 9429 || 77.0408000349182 || 2014-02-09 08:20:51 |
| 9430 || 24.2323771296135 || 2012-03-11 21:49:51 |
| 9431 || 0.197334653803096 || 2019-06-21 20:44:56 |
| 9432 || 30.2953543540681 || 2015-08-21 04:48:30 |
| 9433 || 61.1302197340344 || 2014-10-21 18:35:52 |
| 9434 || 47.272495220968 || 2018-07-02 02:33:26 |
| 9435 || 29.5331201402152 || 2018-11-18 18:14:08 |
| 9436 || -0.00164138929782518 || 2016-07-08 01:15:12 |
| 9437 || 16.5370429628832 || 2016-02-27 04:55:13 |
| 9438 || 32.0964124080707 || 2014-01-22 16:14:36 |
| 9439 || 40.5339986922907 || 2011-12-19 12:43:56 |
| 9440 || 26.3017995950395 || 2015-04-21 00:04:49 |
| 9441 || 0.195138007541394 || 2017-07-06 13:38:32 |
| 9442 || -7.05958480939787 || 2018-09-13 13:49:03 |
| 9443 || 62.7277893834309 || 2014-09-03 04:47:20 |
| 9444 || -15.3071513338977 || 2011-02-11 15:46:14 |
| 9445 || -6.65415129327929 || 2011-02-20 05:11:59 |
| 9446 || 1.56516875161509 || 2011-05-01 15:10:38 |
| 9447 || 7.82206774743564 || 2012-11-18 19:01:42 |
| 9448 || 64.5100270073469 || 2018-06-04 23:43:42 |
| 9449 || -12.7066781870439 || 2017-11-19 23:04:34 |
| 9450 || 22.3211822149485 || 2012-08-04 11:39:10 |
| 9451 || 0.804204158544064 || 2015-03-19 03:39:52 |
| 9452 || 7.78466964555786 || 2011-06-19 04:35:49 |
| 9453 || 9.96903235972882 || 2011-12-22 00:20:02 |
| 9454 || 85.4332226036542 || 2011-08-16 14:43:57 |
| 9455 || -17.5367507594629 || 2017-06-05 02:42:48 |
| 9456 || 3.63515083511386 || 2011-11-27 06:56:14 |
| 9457 || -3.74362529935148 || 2010-09-25 06:28:16 |
| 9458 || 34.3788263850335 || 2015-01-11 23:44:50 |
| 9459 || -29.9240437054768 || 2015-08-03 20:09:10 |
| 9460 || 21.5865219524532 || 2019-12-14 16:08:02 |
| 9461 || 5.50573836668784 || 2012-10-14 21:25:19 |
| 9462 || -1.47672178899318 || 2015-11-11 19:36:19 |
| 9463 || 55.9194849961737 || 2017-09-08 14:25:38 |
| 9464 || 70.2432131257685 || 2013-04-25 08:49:00 |
| 9465 || -12.9659592873613 || 2010-10-07 04:07:12 |
| 9466 || 12.0407112926278 || 2017-10-19 04:59:33 |
| 9467 || -0.777412464573636 || 2018-09-07 08:57:20 |
| 9468 || -5.76947864263181 || 2018-09-19 20:36:25 |
| 9469 || 40.0658671589937 || 2016-06-16 19:16:47 |
| 9470 || -22.5459364939967 || 2012-07-04 17:39:59 |
| 9471 || 15.9880903691998 || 2013-01-23 03:12:31 |
| 9472 || 2.73880640245207 || 2017-05-13 21:10:13 |
| 9473 || 10.7710959846467 || 2015-11-27 12:40:45 |
| 9474 || -28.8533111716924 || 2011-05-26 13:44:47 |
| 9475 || -23.6542273166038 || 2018-07-13 08:42:08 |
| 9476 || 17.8804993797583 || 2013-01-07 07:45:06 |
| 9477 || 0.493603182272336 || 2019-07-02 01:14:26 |
| 9478 || 23.1682020043947 || 2014-03-15 23:01:53 |
| 9479 || 66.1181091907822 || 2018-08-09 13:29:11 |
| 9480 || 4.73931557653264 || 2017-12-19 02:18:02 |
| 9481 || 24.7651940274192 || 2015-04-18 05:58:09 |
| 9482 || 0.142417799912859 || 2015-11-17 05:46:32 |
| 9483 || -11.3359461193166 || 2010-11-16 00:17:33 |
| 9484 || 83.1768695948141 || 2016-12-02 19:28:31 |
| 9485 || 59.0882119968164 || 2017-11-19 21:45:10 |
| 9486 || 20.2491457564428 || 2019-04-01 00:05:56 |
| 9487 || 7.92687742485331e-06 || 2015-02-26 18:39:53 |
| 9488 || 29.3090793389993 || 2019-07-27 16:08:12 |
| 9489 || 0.0400704506035446 || 2013-08-12 18:49:40 |
| 9490 || -18.0226315679216 || 2016-05-07 16:21:28 |
| 9491 || 10.7895844783998 || 2014-09-07 10:15:56 |
| 9492 || 0.249428675268703 || 2017-05-27 03:04:27 |
| 9493 || 24.0692938542281 || 2018-04-25 17:52:35 |
| 9494 || -24.0292359641285 || 2014-08-03 03:07:44 |
| 9495 || -28.0928265997331 || 2019-03-13 00:15:03 |
| 9496 || 40.3430992343115 || 2012-06-05 18:11:57 |
| 9497 || 1.10788185060272 || 2011-05-15 10:49:34 |
| 9498 || 12.711233293747 || 2019-06-17 12:38:58 |
| 9499 || 22.2287024747145 || 2010-09-08 18:17:31 |
| 9500 || -22.0125816042792 || 2013-01-18 18:12:09 |
| 9501 || 38.9086970353696 || 2014-04-22 08:56:24 |
| 9502 || 2.89377705358467 || 2010-04-02 11:47:09 |
| 9503 || 6.79997087103405 || 2018-04-04 03:24:56 |
| 9504 || -4.8721268349579 || 2012-09-13 06:02:21 |
| 9505 || 83.6334385415909 || 2018-05-25 09:02:01 |
| 9506 || 45.0873689063549 || 2016-03-11 20:50:30 |
| 9507 || 2.92587819037576 || 2015-10-15 19:10:00 |
| 9508 || 11.1630120577733 || 2010-10-21 07:35:03 |
| 9509 || -18.2305828560162 || 2012-03-07 00:52:06 |
| 9510 || 58.9783790648265 || 2014-11-20 20:40:02 |
| 9511 || 7.47677183248898 || 2011-08-11 13:55:52 |
| 9512 || 0.0408863188651463 || 2010-07-07 01:42:32 |
| 9513 || -2.0113280596737 || 2018-08-24 21:16:10 |
| 9514 || 41.7274293196528 || 2014-10-10 23:32:45 |
| 9515 || 74.690437669123 || 2014-09-09 22:12:17 |
| 9516 || -19.1306751001225 || 2016-02-10 11:37:06 |
| 9517 || 4.53879291724919 || 2013-05-21 12:00:21 |
| 9518 || 5.61062837590191 || 2012-03-13 20:28:10 |
| 9519 || 52.1686536630424 || 2010-12-01 03:08:27 |
| 9520 || 5.60182940206558 || 2018-12-07 20:52:20 |
| 9521 || 42.9185150032867 || 2011-06-25 10:17:46 |
| 9522 || 15.2336888982215 || 2019-02-23 13:50:43 |
| 9523 || 1.07078447233059 || 2013-01-07 02:12:46 |
| 9524 || 41.5248329295962 || 2014-04-15 10:21:06 |
| 9525 || 31.6956928693992 || 2016-01-07 14:27:09 |
| 9526 || -0.697800034423553 || 2011-04-01 16:24:49 |
| 9527 || 3.98243298613689 || 2017-01-01 15:40:22 |
| 9528 || 1.14870159033395 || 2019-03-24 06:46:09 |
| 9529 || 14.1021865417991 || 2017-09-24 16:40:17 |
| 9530 || 60.7402539437412 || 2012-11-19 20:51:49 |
| 9531 || 44.6255515875962 || 2019-10-09 08:49:39 |
| 9532 || 20.0169226784859 || 2018-01-16 09:57:17 |
| 9533 || 0.055713254681637 || 2018-02-08 07:08:25 |
| 9534 || 36.1866266253371 || 2019-05-16 00:55:43 |
| 9535 || 83.3276089593888 || 2019-12-07 17:58:36 |
| 9536 || 13.3571924810332 || 2016-04-06 05:31:49 |
| 9537 || 17.8211143294289 || 2012-10-14 03:11:40 |
| 9538 || -0.00298908174994136 || 2019-12-26 08:42:48 |
| 9539 || -6.80199130781385 || 2014-10-22 11:31:26 |
| 9540 || 75.6588968106785 || 2018-08-10 00:26:27 |
| 9541 || 54.3190818277757 || 2013-07-04 20:07:25 |
| 9542 || -0.350826294644191 || 2013-05-18 13:53:55 |
| 9543 || 0.20613806497274 || 2019-07-27 08:36:17 |
| 9544 || 3.68033460069722 || 2010-08-26 03:05:52 |
| 9545 || 75.1335845075813 || 2017-01-08 19:06:46 |
| 9546 || 19.895016342122 || 2013-10-23 21:24:43 |
| 9547 || 2.63656791054203 || 2011-12-09 22:37:20 |
| 9548 || -0.309439361914379 || 2014-03-05 06:10:57 |
| 9549 || 1.19443630759625 || 2011-07-12 14:31:43 |
| 9550 || -6.85231462572486 || 2017-10-02 13:20:05 |
| 9551 || -15.4248348318004 || 2017-05-11 10:12:58 |
| 9552 || 2.80730627547996 || 2017-02-13 04:14:13 |
| 9553 || 0.525137791120303 || 2018-05-22 05:06:20 |
| 9554 || -4.12934601577594 || 2019-08-17 05:23:53 |
| 9555 || -22.5739351757599 || 2014-03-23 10:02:17 |
| 9556 || 54.1992042203384 || 2010-11-03 19:24:25 |
| 9557 || 24.0028647565307 || 2014-07-03 14:17:27 |
| 9558 || -0.660754828102771 || 2011-03-08 16:23:21 |
| 9559 || 12.6643704373658 || 2017-07-26 22:38:46 |
| 9560 || 12.805999664978 || 2018-01-18 10:11:35 |
| 9561 || 77.0405634941989 || 2018-09-21 05:41:33 |
| 9562 || -13.5383817245901 || 2019-07-04 02:46:05 |
| 9563 || 7.44396984293382 || 2018-10-09 14:45:56 |
| 9564 || 8.96044271388075 || 2010-06-27 17:57:47 |
| 9565 || 32.5338743270415 || 2011-10-09 08:07:02 |
| 9566 || 41.855192431513 || 2019-07-08 12:39:55 |
| 9567 || -8.34766578298576 || 2018-09-07 09:20:10 |
| 9568 || 3.2408175761031 || 2012-08-27 14:00:33 |
| 9569 || 5.33461053448003 || 2010-02-16 13:55:23 |
| 9570 || -3.20455543956858 || 2018-03-27 21:07:16 |
| 9571 || 7.48539420212365 || 2018-05-13 19:31:03 |
| 9572 || 12.2296833404852 || 2019-03-20 10:45:48 |
| 9573 || 4.45039197095494 || 2010-12-13 12:58:46 |
| 9574 || -1.20886033463914 || 2012-01-26 04:50:03 |
| 9575 || 44.4688658010433 || 2018-08-26 13:58:17 |
| 9576 || -1.13951719790114 || 2016-04-02 23:00:36 |
| 9577 || 46.0648444425773 || 2010-09-27 14:43:31 |
| 9578 || 17.2720506089286 || 2016-10-25 05:37:44 |
| 9579 || 1.41523759435694 || 2014-03-04 02:52:05 |
| 9580 || 38.1174717140564 || 2019-07-09 00:11:39 |
| 9581 || -24.2443627673462 || 2011-09-19 01:07:27 |
| 9582 || 23.8335485507556 || 2012-08-14 07:07:19 |
| 9583 || -6.01311171242041 || 2016-08-04 03:59:17 |
| 9584 || -0.162320353606774 || 2016-02-17 16:16:57 |
| 9585 || -4.71093796047104 || 2016-03-16 01:07:10 |
| 9586 || 38.9672547156456 || 2015-10-19 07:46:48 |
| 9587 || 78.6225868706398 || 2016-08-09 14:42:11 |
| 9588 || -8.29789742142575 || 2019-12-10 20:45:51 |
| 9589 || -0.0129812391602901 || 2013-01-09 12:03:49 |
| 9590 || -6.86291575671868 || 2010-08-12 04:33:41 |
| 9591 || -26.3545580815948 || 2012-07-19 21:21:54 |
| 9592 || -17.5502819250107 || 2016-04-02 10:39:27 |
| 9593 || 28.5337803964436 || 2013-02-05 01:13:36 |
| 9594 || -0.0299685528900704 || 2013-01-15 05:31:36 |
| 9595 || 22.6317247675459 || 2010-02-19 20:01:57 |
| 9596 || -19.8431975646034 || 2019-09-12 02:51:37 |
| 9597 || 84.0482543783674 || 2011-03-26 20:32:37 |
| 9598 || 38.4925065128252 || 2010-04-20 14:21:14 |
| 9599 || 0.752251928047914 || 2010-05-16 23:19:30 |
| 9600 || 16.1608904888396 || 2016-01-23 13:12:38 |
| 9601 || -24.3259930181206 || 2015-09-10 03:05:58 |
| 9602 || -17.8130959008657 || 2016-10-13 01:56:02 |
| 9603 || 43.6906239854003 || 2019-01-14 06:42:41 |
| 9604 || -0.419662879578782 || 2010-03-11 02:05:42 |
| 9605 || -2.25245087128157 || 2015-08-18 19:26:54 |
| 9606 || 60.0476494556193 || 2010-02-11 13:36:54 |
| 9607 || 87.9935530262292 || 2019-10-02 22:29:15 |
| 9608 || 7.26136389218391 || 2014-04-09 05:07:02 |
| 9609 || -1.26086061201835 || 2018-11-10 20:51:15 |
| 9610 || 3.63260290040514 || 2017-02-11 16:03:31 |
| 9611 || -21.5619017909984 || 2010-10-10 04:12:34 |
| 9612 || 71.4437859355028 || 2012-01-22 01:51:39 |
| 9613 || 52.3600475910638 || 2014-06-11 18:42:55 |
| 9614 || 3.42788145798916 || 2012-12-04 11:04:17 |
| 9615 || -3.2571902641981 || 2013-09-14 06:03:20 |
| 9616 || 45.3213711711833 || 2015-12-08 14:04:56 |
| 9617 || -28.0896395982816 || 2015-05-01 18:28:05 |
| 9618 || 29.9341068238316 || 2014-04-19 13:58:12 |
| 9619 || 9.36097879374543 || 2014-04-23 05:53:05 |
| 9620 || -2.15452952056134 || 2019-12-25 06:48:59 |
| 9621 || 53.5157627417632 || 2019-07-01 01:09:16 |
| 9622 || 41.4003980396133 || 2012-08-13 02:26:51 |
| 9623 || -12.4036483117987 || 2017-11-09 22:50:03 |
| 9624 || -2.64328215444435 || 2016-10-23 10:24:03 |
| 9625 || 3.60049698564775 || 2015-08-14 00:12:37 |
| 9626 || -14.4641868829245 || 2013-04-27 00:10:31 |
| 9627 || 47.1810352710234 || 2016-05-12 13:14:56 |
| 9628 || -22.8570967543475 || 2011-03-12 10:58:21 |
| 9629 || 5.4786758332815 || 2018-04-24 21:12:02 |
| 9630 || -0.217194331833983 || 2017-04-19 04:26:05 |
| 9631 || 29.90204929563 || 2012-11-20 00:01:48 |
| 9632 || 64.3277358783654 || 2012-06-12 11:10:38 |
| 9633 || 73.7944687138037 || 2015-03-22 23:56:10 |
| 9634 || -6.4699745940261 || 2015-08-01 19:46:42 |
| 9635 || 0.178028668160689 || 2011-11-24 07:49:46 |
| 9636 || 36.4093576984044 || 2017-06-23 04:36:17 |
| 9637 || -18.1719045401001 || 2010-09-12 16:12:34 |
| 9638 || -25.0592961427399 || 2011-05-15 04:53:45 |
| 9639 || 20.2420658505607 || 2016-04-16 05:22:32 |
| 9640 || 0.0587775930929975 || 2017-05-22 02:42:56 |
| 9641 || 18.1741905759931 || 2016-11-21 21:38:24 |
| 9642 || 19.9324435376818 || 2013-08-27 21:36:52 |
| 9643 || 24.8398859160276 || 2015-07-03 17:07:43 |
| 9644 || 5.68483042391677 || 2019-05-15 07:42:14 |
| 9645 || 0.0231929923319971 || 2013-08-11 12:37:26 |
| 9646 || -4.46512140814035 || 2010-05-12 09:17:42 |
| 9647 || 25.6071970759642 || 2017-03-25 14:27:45 |
| 9648 || -28.1126469298561 || 2016-04-22 20:02:51 |
| 9649 || 14.9044475020848 || 2014-08-27 21:59:30 |
| 9650 || 0.547497533446092 || 2012-11-12 09:30:14 |
| 9651 || -3.0068295636111 || 2012-11-19 16:44:00 |
| 9652 || 65.0228231526487 || 2011-05-07 02:24:57 |
| 9653 || -12.2931366269822 || 2018-06-23 21:19:30 |
| 9654 || 21.4413426730256 || 2015-11-17 05:04:11 |
| 9655 || -0.505911810176962 || 2010-11-17 22:53:20 |
| 9656 || -5.97799795723603 || 2011-06-13 01:34:18 |
| 9657 || 67.2912677227371 || 2013-09-04 21:04:04 |
| 9658 || 83.945276404101 || 2014-11-09 17:46:21 |
| 9659 || 32.1104070518971 || 2018-10-15 07:51:28 |
| 9660 || 0.577082639706347 || 2015-09-09 00:26:09 |
| 9661 || 0.618565666704494 || 2013-01-05 02:01:51 |
| 9662 || 0.28419598564348 || 2014-01-26 11:02:11 |
| 9663 || 89.5610798076034 || 2010-11-07 08:55:15 |
| 9664 || -15.6017812894724 || 2013-01-05 05:34:38 |
| 9665 || -2.03574456144191 || 2018-12-26 01:01:11 |
| 9666 || 10.3457198762372 || 2014-06-02 01:37:29 |
| 9667 || 25.056133707686 || 2018-11-20 00:27:06 |
| 9668 || 68.2005697738437 || 2017-02-02 16:57:45 |
| 9669 || 5.9186020989499 || 2018-01-07 19:56:08 |
| 9670 || -3.13770332808301 || 2013-05-14 02:01:46 |
| 9671 || -1.34791270172387 || 2019-12-04 10:21:03 |
| 9672 || 41.9348735539857 || 2018-07-06 19:41:53 |
| 9673 || -19.7195874111691 || 2010-09-09 04:12:55 |
| 9674 || 55.1561943752789 || 2010-02-24 07:56:01 |
| 9675 || 10.9045008804259 || 2012-04-20 02:19:52 |
| 9676 || -0.76310601369033 || 2015-02-14 21:16:19 |
| 9677 || 15.6819072542212 || 2011-07-02 05:19:21 |
| 9678 || 78.0088790488799 || 2017-12-18 19:39:25 |
| 9679 || 9.73526962132586 || 2010-06-13 21:55:15 |
| 9680 || -2.94816294431682 || 2012-09-26 18:47:57 |
| 9681 || -0.793268775761757 || 2019-07-07 03:09:57 |
| 9682 || 41.696378888439 || 2011-02-21 00:06:43 |
| 9683 || 40.5244391463937 || 2010-05-17 22:13:34 |
| 9684 || -4.05333021588121 || 2016-06-21 12:18:36 |
| 9685 || -7.0136875030805 || 2019-11-16 19:51:28 |
| 9686 || -0.023376036112853 || 2016-06-04 16:41:09 |
| 9687 || 22.5210131577621 || 2013-07-15 06:48:10 |
| 9688 || 21.1866159354424 || 2019-02-14 13:03:45 |
| 9689 || -19.0358129699619 || 2018-08-09 13:22:57 |
| 9690 || 8.04129608924838 || 2012-01-04 20:59:28 |
| 9691 || -0.00763061028665736 || 2018-04-07 00:47:06 |
| 9692 || -10.8979327005569 || 2013-01-09 16:06:57 |
| 9693 || -23.2466144798635 || 2014-02-10 07:54:15 |
| 9694 || -19.5275222610116 || 2019-07-12 16:00:26 |
| 9695 || 29.6653845831945 || 2012-01-20 14:50:48 |
| 9696 || -8.86219361429162e-05 || 2011-09-11 19:30:19 |
| 9697 || 8.44656148771852 || 2012-11-11 16:24:48 |
| 9698 || -11.482412093984 || 2011-10-01 22:49:31 |
| 9699 || 53.8482388100097 || 2015-01-16 09:52:52 |
| 9700 || 36.6663433593649 || 2019-05-22 18:36:28 |
| 9701 || -0.119932278688106 || 2013-03-02 23:52:31 |
| 9702 || -6.30315535198259 || 2011-06-16 05:27:58 |
| 9703 || -19.7151965057385 || 2011-08-13 06:21:40 |
| 9704 || -24.0585984528064 || 2018-09-22 14:43:17 |
| 9705 || -14.0115575314749 || 2019-12-09 05:06:37 |
| 9706 || 0.798149393436952 || 2012-09-12 10:47:04 |
| 9707 || -2.26632043459694 || 2018-01-24 13:04:36 |
| 9708 || 51.3016139875685 || 2016-12-18 19:42:57 |
| 9709 || 39.1903770792768 || 2010-12-18 01:53:26 |
| 9710 || 45.5643648091336 || 2019-04-15 22:17:17 |
| 9711 || 2.84483729662756 || 2016-02-03 04:46:27 |
| 9712 || 8.58500877215968 || 2013-11-11 15:05:05 |
| 9713 || 10.6902902642682 || 2010-07-20 22:19:04 |
| 9714 || -22.8109215735211 || 2013-10-18 14:48:26 |
| 9715 || -1.60015778435857 || 2018-12-21 06:59:00 |
| 9716 || 2.11619274492901 || 2017-11-17 11:08:27 |
| 9717 || 5.23802873267919 || 2017-10-12 08:27:05 |
| 9718 || -20.5478376145651 || 2017-08-06 10:56:41 |
| 9719 || 89.4112224455178 || 2013-02-15 06:04:39 |
| 9720 || 57.6501156673808 || 2015-02-09 16:28:47 |
| 9721 || -1.66811891718319 || 2019-11-27 05:07:48 |
| 9722 || 2.93259246863637 || 2018-07-03 13:47:49 |
| 9723 || 47.8808079540709 || 2011-07-06 16:39:31 |
| 9724 || 82.1379921127954 || 2016-04-19 16:35:15 |
| 9725 || 13.7961456005793 || 2019-06-23 22:18:50 |
| 9726 || 12.0674789643715 || 2014-10-15 03:08:09 |
| 9727 || 4.02448863078425 || 2012-02-19 07:29:19 |
| 9728 || -14.9713243609963 || 2010-05-27 14:28:28 |
| 9729 || 49.7206259423724 || 2018-06-20 03:23:44 |
| 9730 || -7.06093940639336 || 2016-09-10 00:39:03 |
| 9731 || 11.2512485829526 || 2010-08-11 14:30:47 |
| 9732 || 2.22993723241122 || 2017-11-22 08:20:50 |
| 9733 || 31.0938631649048 || 2014-11-08 06:49:00 |
| 9734 || 69.7358586595637 || 2015-02-06 23:29:35 |
| 9735 || 18.1576283188274 || 2013-09-27 19:22:42 |
| 9736 || 20.3859874189758 || 2015-08-04 19:45:09 |
| 9737 || 0.714840598320931 || 2016-01-17 19:27:04 |
| 9738 || 40.0049157954563 || 2010-07-18 10:56:31 |
| 9739 || -11.6463547050971 || 2012-09-15 15:21:24 |
| 9740 || 75.1980649286076 || 2013-05-10 02:13:23 |
| 9741 || 4.66056244624517 || 2018-03-21 19:18:35 |
| 9742 || -0.0763924036204158 || 2015-11-26 05:28:13 |
| 9743 || 12.3858296973494 || 2013-07-07 18:34:33 |
| 9744 || 80.1136669978289 || 2013-02-01 04:22:58 |
| 9745 || -1.62471575272891 || 2010-10-03 09:21:32 |
| 9746 || 24.4320845775121 || 2018-12-27 22:21:15 |
| 9747 || -0.000445518016273395 || 2015-02-11 20:43:01 |
| 9748 || 15.7197940719218 || 2015-08-25 07:28:21 |
| 9749 || -26.45481449521 || 2010-05-15 14:24:58 |
| 9750 || -10.7792380440855 || 2013-10-05 19:44:07 |
| 9751 || -7.63704289279534 || 2014-11-16 13:49:08 |
| 9752 || 0.00208424823967069 || 2018-07-16 14:38:13 |
| 9753 || 15.4647404227091 || 2017-07-24 04:39:31 |
| 9754 || 63.5196175148798 || 2013-11-02 10:56:32 |
| 9755 || -19.5696472546804 || 2015-05-07 02:43:33 |
| 9756 || 33.1220522133759 || 2014-03-20 22:56:11 |
| 9757 || -0.218786450053757 || 2012-10-26 22:18:21 |
| 9758 || 20.0163200658014 || 2016-10-09 04:30:48 |
| 9759 || 41.3441848732614 || 2015-10-24 17:07:00 |
| 9760 || 61.6988676018251 || 2016-05-22 06:16:58 |
| 9761 || -12.4873557532083 || 2016-11-16 22:03:40 |
| 9762 || 1.13599408477447 || 2017-09-26 19:21:19 |
| 9763 || 6.032851833143 || 2016-03-16 00:55:13 |
| 9764 || 56.2823776828306 || 2010-10-11 13:09:59 |
| 9765 || -9.5472702697394 || 2014-12-16 19:02:50 |
| 9766 || -2.40278029425894 || 2019-12-10 16:33:35 |
| 9767 || -0.84292373602556 || 2011-07-20 05:48:10 |
| 9768 || 8.05882450797629 || 2010-06-11 21:56:50 |
| 9769 || 3.38847487123437 || 2014-07-21 22:10:07 |
| 9770 || -3.75201864069097 || 2010-01-08 19:45:16 |
| 9771 || 44.2258055821622 || 2014-11-09 09:34:31 |
| 9772 || 5.06906293089162 || 2014-11-11 23:57:34 |
| 9773 || 3.8144840298193 || 2013-08-25 19:01:47 |
| 9774 || -0.639997428397794 || 2012-01-14 23:30:13 |
| 9775 || 13.5686134452233 || 2016-01-20 23:15:06 |
| 9776 || 55.5953214008127 || 2011-09-14 21:13:34 |
| 9777 || 9.05520925522323 || 2017-03-09 09:33:54 |
| 9778 || -1.67722252769187 || 2016-03-03 19:47:06 |
| 9779 || 21.8794134317412 || 2015-03-04 09:50:57 |
| 9780 || 82.1746380475304 || 2017-08-17 19:41:31 |
| 9781 || 34.8087274311311 || 2011-01-01 08:26:06 |
| 9782 || -2.33769886381661 || 2013-12-22 06:43:55 |
| 9783 || -1.05505493492015 || 2010-05-20 16:13:39 |
| 9784 || 34.1745829594308 || 2015-03-27 09:27:47 |
| 9785 || -4.44108208545569 || 2017-11-12 13:27:58 |
| 9786 || 26.928308817031 || 2015-10-09 15:14:30 |
| 9787 || -0.121245716158544 || 2019-02-14 19:05:09 |
| 9788 || -0.178702682407893 || 2013-09-01 14:45:46 |
| 9789 || 40.2375723766703 || 2016-07-16 19:21:00 |
| 9790 || -28.1795966346458 || 2011-07-16 08:15:52 |
| 9791 || 75.1048053758804 || 2014-08-12 16:23:39 |
| 9792 || 15.8136695652442 || 2015-03-19 09:04:51 |
| 9793 || 0.410018756820165 || 2019-07-11 07:12:23 |
| 9794 || -7.72520221292201 || 2014-05-19 09:47:18 |
| 9795 || -19.65197017039 || 2013-10-23 09:58:26 |
| 9796 || 74.3702174840202 || 2012-05-13 17:51:39 |
| 9797 || 25.3827938518787 || 2017-05-25 03:26:54 |
| 9798 || 0.000763107930253764 || 2016-06-27 19:54:37 |
| 9799 || 2.12044126179328 || 2014-07-13 21:58:43 |
| 9800 || 63.1001742397339 || 2017-11-16 12:08:38 |
| 9801 || 72.7253975997994 || 2018-03-05 19:53:39 |
| 9802 || 31.6173816882748 || 2013-11-04 16:33:34 |
| 9803 || 0.186799206850979 || 2017-10-02 16:49:05 |
| 9804 || 22.4013760835053 || 2011-04-19 19:55:51 |
| 9805 || -23.0784982423032 || 2012-06-05 09:08:32 |
| 9806 || 14.8202599697007 || 2015-10-11 22:11:40 |
| 9807 || 39.9399286697606 || 2018-09-05 23:47:26 |
| 9808 || 0.433369331928749 || 2018-12-25 00:20:14 |
| 9809 || 5.04874176736677 || 2010-07-24 15:47:11 |
| 9810 || 67.4865391823052 || 2015-01-15 08:11:18 |
| 9811 || 71.6126342412125 || 2012-05-08 09:19:14 |
| 9812 || -5.59265870526439 || 2015-04-13 17:58:40 |
| 9813 || 0.458444921504423 || 2014-10-19 21:11:10 |
| 9814 || 9.79502093374117 || 2015-06-22 20:13:41 |
| 9815 || -11.0785097328845 || 2018-10-23 03:59:06 |
| 9816 || -22.5535836161438 || 2015-10-04 10:00:12 |
| 9817 || -16.6262657368992 || 2019-06-24 19:55:51 |
| 9818 || 4.77128271598399 || 2010-06-04 06:23:58 |
| 9819 || -2.56180532357533 || 2010-08-09 23:08:52 |
| 9820 || -20.7409472259544 || 2015-04-16 00:05:16 |
| 9821 || 43.0951301575515 || 2012-01-01 18:16:15 |
| 9822 || 51.5602105665979 || 2019-08-27 04:04:34 |
| 9823 || 7.2646671014407 || 2014-04-26 21:07:33 |
| 9824 || 6.81046522529561 || 2011-05-17 05:22:48 |
| 9825 || 14.2487609520976 || 2014-06-20 00:28:01 |
| 9826 || -29.8722367970725 || 2010-03-23 12:54:40 |
| 9827 || -10.8102485434868 || 2019-06-10 08:05:46 |
| 9828 || 6.41928443022943 || 2014-02-26 07:38:30 |
| 9829 || -1.64966110934384 || 2013-12-15 20:12:27 |
| 9830 || 25.3997398989097 || 2016-11-14 03:59:05 |
| 9831 || 88.7744916168878 || 2018-10-02 02:42:42 |
| 9832 || -21.7491002291177 || 2012-10-21 10:03:19 |
| 9833 || 8.25843693439623 || 2019-12-22 00:18:36 |
| 9834 || 1.12322504977101 || 2019-01-21 16:07:21 |
| 9835 || 16.9189724717823 || 2013-03-12 13:46:34 |
| 9836 || 77.3952690685576 || 2013-12-05 10:13:07 |
| 9837 || -21.4303399962897 || 2011-06-03 22:23:15 |
| 9838 || 14.5538751146746 || 2013-05-22 15:06:45 |
| 9839 || 0.430516555070545 || 2010-12-14 08:19:28 |
| 9840 || 21.9995516892512 || 2017-10-27 10:14:05 |
| 9841 || 78.7547083898818 || 2017-08-25 18:47:24 |
| 9842 || 31.9370886942068 || 2010-07-14 14:02:54 |
| 9843 || -0.304420160751883 || 2018-10-18 03:54:33 |
| 9844 || 0.563096716954805 || 2012-02-03 08:52:58 |
| 9845 || -0.755282057279037 || 2018-08-09 07:52:14 |
| 9846 || 63.3928697658958 || 2019-01-13 19:33:43 |
| 9847 || 1.70422725822502 || 2017-10-03 17:09:40 |
| 9848 || 9.94282154585872 || 2015-03-02 17:03:46 |
| 9849 || 0.0279532766133183 || 2010-01-08 08:13:16 |
| 9850 || 0.823561364433701 || 2016-09-22 09:33:38 |
| 9851 || -12.4082209803245 || 2014-11-02 18:44:38 |
| 9852 || 35.373151304471 || 2014-08-06 00:05:07 |
| 9853 || -10.4549355136268 || 2010-01-01 18:21:45 |
| 9854 || 0.135916035127397 || 2016-01-26 10:39:23 |
| 9855 || 19.5253162524378 || 2017-07-21 14:19:02 |
| 9856 || 74.9502003323994 || 2010-04-19 00:32:48 |
| 9857 || -24.029861307261 || 2016-01-13 13:57:20 |
| 9858 || 31.5333794904045 || 2013-09-25 07:03:10 |
| 9859 || -0.0846567389917811 || 2013-08-24 17:48:37 |
| 9860 || 0.88224275889573 || 2014-12-13 23:34:35 |
| 9861 || 68.893547856184 || 2014-07-13 01:42:19 |
| 9862 || -24.6415339374901 || 2010-08-14 10:13:00 |
| 9863 || -0.0601341057236969 || 2010-08-12 21:17:41 |
| 9864 || 1.55676469369572 || 2017-03-17 21:56:46 |
| 9865 || 7.60506668927511 || 2014-04-14 10:52:12 |
| 9866 || 29.8135354795293 || 2019-12-26 20:14:53 |
| 9867 || -16.7333007246299 || 2015-07-21 05:39:33 |
| 9868 || 2.02076573485249 || 2013-12-04 17:17:48 |
| 9869 || 2.12719057092276 || 2012-05-17 06:50:44 |
| 9870 || -3.98958690644262 || 2015-09-16 14:59:33 |
| 9871 || 45.5345927330434 || 2017-03-19 17:25:40 |
| 9872 || -18.8809645600999 || 2012-01-03 02:02:11 |
| 9873 || 41.5941033632943 || 2019-10-18 10:21:09 |
| 9874 || 6.20954671711483 || 2016-04-09 02:12:13 |
| 9875 || 9.58920477375673 || 2012-05-05 07:04:23 |
| 9876 || -13.5306362280452 || 2016-11-04 19:56:15 |
| 9877 || 63.4190765603174 || 2015-02-10 17:36:38 |
| 9878 || 16.0751085468868 || 2018-12-03 21:13:36 |
| 9879 || 6.7299431301438 || 2010-06-18 15:55:51 |
| 9880 || -0.827180411740603 || 2010-05-17 10:28:09 |
| 9881 || 1.29980638514216 || 2017-01-01 19:03:54 |
| 9882 || -22.8051340297769 || 2016-01-14 13:07:38 |
| 9883 || -18.847521302661 || 2017-10-14 03:12:25 |
| 9884 || -4.63073561834354 || 2014-02-02 02:04:50 |
| 9885 || 3.66926292587571 || 2017-03-07 17:33:27 |
| 9886 || -6.53947685733661 || 2013-11-13 09:00:43 |
| 9887 || 9.51152056016121 || 2011-06-05 21:18:43 |
| 9888 || 63.1578259288583 || 2014-03-05 06:36:11 |
| 9889 || 9.66751646282127 || 2015-03-21 00:53:13 |
| 9890 || 1.60799953303375 || 2011-10-09 11:41:01 |
| 9891 || 32.8356326701235 || 2011-03-15 06:11:35 |
| 9892 || 13.0835502212423 || 2012-10-11 12:19:53 |
| 9893 || -21.6283468222987 || 2012-09-24 13:44:57 |
| 9894 || 20.4956559703928 || 2012-11-03 11:15:50 |
| 9895 || 0.535036939803743 || 2018-03-14 20:38:02 |
| 9896 || 26.1598344394731 || 2012-07-08 14:32:39 |
| 9897 || -12.1889823904207 || 2013-03-01 08:16:20 |
| 9898 || 69.2765865100049 || 2014-07-27 08:52:21 |
| 9899 || 18.7793792069185 || 2015-04-03 19:33:30 |
| 9900 || -0.0121405387211828 || 2011-10-14 07:47:19 |
| 9901 || 18.4791228806576 || 2018-01-04 11:55:55 |
| 9902 || -24.4001503295526 || 2017-11-04 16:29:58 |
| 9903 || 39.2386335586629 || 2012-06-11 01:59:23 |
| 9904 || -7.10907398452446 || 2016-01-18 08:41:21 |
| 9905 || 0.0640396728167612 || 2013-03-26 11:18:09 |
| 9906 || -8.85833863659 || 2017-11-22 05:39:41 |
| 9907 || -24.860606421224 || 2012-12-25 14:03:20 |
| 9908 || -20.1645834370671 || 2017-04-03 22:56:20 |
| 9909 || 34.4672217251278 || 2017-11-19 05:38:36 |
| 9910 || 0.465459610921448 || 2017-12-04 02:01:21 |
| 9911 || -1.7743627758673 || 2014-05-08 19:22:00 |
| 9912 || 65.2355047856069 || 2014-06-08 08:33:07 |
| 9913 || 44.7590776939405 || 2010-10-20 05:51:36 |
| 9914 || 23.9355139805369 || 2010-06-08 22:40:37 |
| 9915 || 1.61225870713282 || 2010-10-16 14:39:12 |
| 9916 || -1.34031808739499 || 2019-08-21 04:12:28 |
| 9917 || -6.53109437797487 || 2016-10-03 11:53:04 |
| 9918 || -7.52058877494218 || 2010-10-06 18:05:06 |
| 9919 || 22.6314248858016 || 2010-12-11 17:33:45 |
| 9920 || 0.615315650643059 || 2011-03-06 11:47:56 |
| 9921 || 2.81678530921621 || 2012-08-23 03:59:44 |
| 9922 || -18.7205526501425 || 2011-01-19 09:42:59 |
| 9923 || 26.2686474105036 || 2012-12-25 20:54:16 |
| 9924 || -18.0658108240612 || 2015-05-04 16:01:25 |
| 9925 || 0.99252572230973 || 2012-01-10 03:14:24 |
| 9926 || 7.96802505099978 || 2013-04-02 10:32:01 |
| 9927 || -20.0795787975716 || 2014-06-23 22:24:14 |
| 9928 || 5.43438573636392 || 2015-03-09 06:43:20 |
| 9929 || -17.7484846512559 || 2011-07-24 11:48:40 |
| 9930 || 8.32482122047867 || 2010-06-14 15:00:09 |
| 9931 || -0.242627321760294 || 2016-10-13 06:14:22 |
| 9932 || -17.8425003312468 || 2011-12-15 09:29:44 |
| 9933 || -25.2219688831432 || 2015-10-04 07:30:44 |
| 9934 || -11.223048152012 || 2014-11-05 20:55:52 |
| 9935 || 13.1304003922626 || 2011-05-24 10:45:09 |
| 9936 || 1.242199180679 || 2018-05-02 05:31:47 |
| 9937 || 37.9072343771114 || 2016-04-23 09:36:38 |
| 9938 || -8.72446542293087 || 2016-02-14 14:36:33 |
| 9939 || -22.452230215486 || 2013-10-12 09:01:54 |
| 9940 || 10.6913675490114 || 2011-02-25 08:36:23 |
| 9941 || 1.03145582160557 || 2010-11-17 01:57:13 |
| 9942 || 39.516587763648 || 2010-07-18 01:33:45 |
| 9943 || 54.4673885855167 || 2018-12-15 14:13:21 |
| 9944 || 12.1013026798693 || 2019-12-22 01:57:21 |
| 9945 || 0.781699729611417 || 2010-02-09 02:22:24 |
| 9946 || 0.93315527172155 || 2010-05-24 03:14:27 |
| 9947 || -12.4166064452901 || 2016-08-11 23:37:48 |
| 9948 || 71.617199205545 || 2019-06-12 11:41:46 |
| 9949 || 53.5731457264563 || 2012-05-22 01:22:30 |
| 9950 || 26.2222385600834 || 2013-05-25 10:57:05 |
| 9951 || -0.0312610658419147 || 2011-04-26 10:55:57 |
| 9952 || 30.1101470496138 || 2016-03-12 12:46:10 |
| 9953 || 14.6277619792333 || 2019-02-02 07:18:37 |
| 9954 || 47.0880405165928 || 2012-03-20 02:37:45 |
| 9955 || 25.0397722173052 || 2018-02-06 17:32:04 |
| 9956 || 0.000917307979642784 || 2013-12-27 02:52:42 |
| 9957 || 19.4901664948756 || 2011-01-08 11:08:46 |
| 9958 || -14.9827066268892 || 2011-06-18 01:20:32 |
| 9959 || -20.6016057092569 || 2014-03-02 02:38:54 |
| 9960 || 34.8852010083257 || 2018-09-23 08:09:05 |
| 9961 || 0.344428547847771 || 2015-06-25 03:25:16 |
| 9962 || -3.9685078501922 || 2011-07-16 11:58:24 |
| 9963 || 71.7858637854816 || 2017-04-09 01:27:07 |
| 9964 || 86.4891693241012 || 2016-04-08 07:40:48 |
| 9965 || -0.641237123925962 || 2010-05-20 11:36:30 |
| 9966 || 1.59777856974895 || 2015-11-18 12:45:08 |
| 9967 || 16.1451172781559 || 2018-02-16 16:15:10 |
| 9968 || 70.9290416830682 || 2011-03-23 13:24:27 |
| 9969 || 44.9830270341493 || 2016-10-09 03:26:33 |
| 9970 || -3.72100163244468 || 2012-04-26 00:28:00 |
| 9971 || 3.28519107633217 || 2016-02-17 00:27:26 |
| 9972 || 11.7915476180648 || 2011-10-04 03:11:42 |
| 9973 || 8.27214203664501 || 2014-03-23 02:53:39 |
| 9974 || 81.245113275016 || 2013-01-18 16:59:50 |
| 9975 || 9.28014252288996 || 2010-10-18 21:19:51 |
| 9976 || 2.24588346460574 || 2015-11-10 23:54:29 |
| 9977 || 3.54336749328952 || 2017-10-02 19:10:53 |
| 9978 || 54.885744316526 || 2018-03-19 21:32:15 |
| 9979 || 87.2827288727597 || 2019-04-26 12:15:32 |
| 9980 || 47.6780719245919 || 2010-03-17 12:02:55 |
| 9981 || 3.04066486307897 || 2010-12-05 07:46:29 |
| 9982 || 6.96051319163343 || 2013-03-17 00:52:16 |
| 9983 || 13.633513015335 || 2016-07-18 07:43:42 |
| 9984 || 13.7430170771573 || 2014-12-27 19:35:56 |
| 9985 || 63.5239485879981 || 2018-03-12 14:45:39 |
| 9986 || 11.4327534579004 || 2018-11-25 23:33:44 |
| 9987 || -1.45734935500335 || 2013-06-01 02:57:28 |
| 9988 || 7.12920550729541 || 2010-04-17 02:13:11 |
| 9989 || -27.2896177406513 || 2013-12-07 22:57:29 |
| 9990 || -20.1776073305963 || 2015-12-23 13:23:28 |
| 9991 || 14.2672390500565 || 2017-10-07 01:17:53 |
| 9992 || 2.17864011284542 || 2014-10-04 07:13:47 |
| 9993 || 30.4085850785612 || 2014-12-06 04:00:10 |
| 9994 || 66.8595408059226 || 2017-04-15 08:03:14 |
| 9995 || -11.4571369323397 || 2015-11-06 08:15:19 |
| 9996 || 6.13975849381854 || 2014-07-17 10:45:31 |
| 9997 || 0.129601335201705 || 2010-01-26 10:46:50 |
| 9998 || -13.1966810649171 || 2017-10-04 05:36:47 |
| 9999 || -5.23719245761396 || 2012-09-13 15:31:05 |
| 10000 || 74.3447311652853 || 2013-04-10 06:57:45 |
| 10001 || -5.71293843704007 || 2010-12-23 01:54:10 |
| 10002 || 0.172522864513169 || 2014-11-24 06:38:27 |
| 10003 || 24.560956681639 || 2019-10-01 22:52:04 |
| 10004 || 1.13851337518603 || 2015-07-07 03:55:01 |
| 10005 || -26.7354145210595 || 2012-07-08 05:50:34 |
| 10006 || 16.5557217200366 || 2019-03-03 22:04:56 |
| 10007 || 3.33279879117682e-05 || 2014-08-03 23:16:16 |
| 10008 || 16.7793625801835 || 2017-07-13 11:25:22 |
| 10009 || -22.1598796655354 || 2010-06-24 03:06:07 |
| 10010 || 40.2352905570641 || 2015-09-07 14:26:30 |
| 10011 || 28.7215997559324 || 2019-03-22 14:12:29 |
| 10012 || -0.0658332228451875 || 2014-05-01 06:55:32 |
| 10013 || 15.2698473445063 || 2015-02-21 02:48:28 |
| 10014 || 36.7626768408659 || 2012-04-24 10:03:24 |
| 10015 || 14.3629356323284 || 2018-01-26 18:27:13 |
| 10016 || 40.9263378995187 || 2016-09-05 14:29:41 |
| 10017 || -0.4633149152886 || 2017-03-20 23:28:40 |
| 10018 || 16.1019967958307 || 2019-11-19 04:16:10 |
| 10019 || 6.18591126964424 || 2013-02-09 20:53:35 |
| 10020 || -29.3307854599868 || 2014-05-18 01:53:53 |
| 10021 || 26.4388538574471 || 2010-11-13 04:03:33 |
| 10022 || 3.03962156523926 || 2017-08-23 14:35:30 |
| 10023 || 8.88315385380724 || 2017-08-19 06:33:16 |
| 10024 || 59.9572105115368 || 2017-09-01 03:48:08 |
| 10025 || 78.2091328339857 || 2018-12-12 07:28:22 |
| 10026 || 25.476877114785 || 2011-01-14 03:27:12 |
| 10027 || 4.9054854745721 || 2018-10-06 19:32:12 |
| 10028 || 10.5155415130395 || 2012-07-20 08:19:26 |
| 10029 || -20.4673763882788 || 2019-07-04 09:44:26 |
| 10030 || 88.6937599839356 || 2015-08-19 16:28:01 |
| 10031 || 17.834421053148 || 2016-10-20 17:37:50 |
| 10032 || 6.99477896295296 || 2019-12-09 11:20:24 |
| 10033 || -2.72803709288062 || 2018-05-25 16:48:31 |
| 10034 || 54.2123344907902 || 2018-05-17 20:36:05 |
| 10035 || 66.7486077919875 || 2019-10-13 06:17:24 |
| 10036 || -12.2795441844516 || 2018-06-06 00:17:47 |
| 10037 || -0.981290737674586 || 2016-10-08 19:42:15 |
| 10038 || 3.06298211590085 || 2011-12-16 02:34:40 |
| 10039 || 31.9060927764215 || 2019-01-06 11:45:37 |
| 10040 || 70.6487865277384 || 2017-05-14 10:47:13 |
| 10041 || 59.4957340745219 || 2019-01-07 03:36:13 |
| 10042 || -4.51848656695695 || 2019-10-10 21:56:49 |
| 10043 || -0.755632846816399 || 2012-10-07 23:49:32 |
| 10044 || -5.411046930635 || 2017-06-24 10:52:47 |
| 10045 || 75.2271015042933 || 2019-08-16 07:46:20 |
| 10046 || 70.494608940185 || 2017-12-11 13:33:22 |
| 10047 || 17.3246080211504 || 2016-08-14 08:14:44 |
| 10048 || 1.28995867284243 || 2010-12-13 07:13:09 |
| 10049 || 31.1561439082867 || 2015-09-15 00:23:37 |
| 10050 || 58.4235114747106 || 2016-08-10 04:03:56 |
| 10051 || 39.591349163213 || 2014-09-22 08:45:01 |
| 10052 || 14.8553483285912 || 2010-08-24 01:26:43 |
| 10053 || -0.124026125581784 || 2010-06-24 03:59:29 |
| 10054 || -11.0579514709768 || 2019-08-12 07:26:30 |
| 10055 || 34.0649721768589 || 2016-10-16 00:33:48 |
| 10056 || 32.4415821771542 || 2017-12-23 22:51:42 |
| 10057 || 24.6020421407963 || 2018-01-02 12:11:19 |
| 10058 || -0.000293671355400301 || 2015-11-13 09:33:41 |
| 10059 || 4.40140813657859 || 2019-05-06 14:10:58 |
| 10060 || -26.2840658171414 || 2011-12-05 17:55:52 |
| 10061 || 60.8897888936206 || 2014-03-12 02:41:32 |
| 10062 || 27.1213513441403 || 2010-07-16 19:42:54 |
| 10063 || 0.139123968888067 || 2014-08-27 20:56:02 |
| 10064 || -4.0752042991731 || 2010-12-12 20:50:18 |
| 10065 || -24.0269297236064 || 2010-08-11 11:59:27 |
| 10066 || 28.1844901182398 || 2019-06-03 04:16:31 |
| 10067 || 4.56079731117828 || 2013-08-18 10:46:41 |
| 10068 || 1.20540719100784 || 2018-07-19 02:50:53 |
| 10069 || 15.0499005297131 || 2013-08-14 13:42:03 |
| 10070 || -13.8824486240341 || 2014-09-14 19:27:04 |
| 10071 || 64.0850051405549 || 2015-06-27 17:58:13 |
| 10072 || -1.60431601902131 || 2013-07-06 00:46:42 |
| 10073 || 1.88594689661912 || 2012-02-03 02:11:43 |
| 10074 || 12.8341886141927 || 2016-06-25 16:26:33 |
| 10075 || 3.02095592297044 || 2014-06-13 11:30:54 |
| 10076 || -10.0001214646591 || 2014-12-17 17:49:34 |
| 10077 || 24.7744823670503 || 2013-10-26 21:46:57 |
| 10078 || 2.71863580422788 || 2011-04-23 05:10:01 |
| 10079 || 2.14394960717189 || 2013-02-02 05:59:18 |
| 10080 || -11.5641530886914 || 2019-01-27 06:37:06 |
| 10081 || 79.1675369785189 || 2010-08-21 16:15:14 |
| 10082 || -5.10167509221732 || 2012-10-27 15:32:27 |
| 10083 || 2.43521470170603 || 2013-08-09 16:33:55 |
| 10084 || 6.63365190946957 || 2013-10-27 09:31:15 |
| 10085 || -17.7255700692483 || 2013-11-07 10:34:10 |
| 10086 || -25.3155178644768 || 2017-08-03 06:06:46 |
| 10087 || 50.0224043703421 || 2010-07-09 09:24:42 |
| 10088 || 2.51172204807517 || 2012-09-04 11:38:58 |
| 10089 || 3.05147964919242 || 2012-10-10 20:46:43 |
| 10090 || 49.8921805097657 || 2013-06-24 05:56:54 |
| 10091 || -26.5606425028429 || 2011-07-27 02:47:02 |
| 10092 || 11.982539427522 || 2019-07-08 22:22:21 |
| 10093 || -4.72214188355428 || 2010-10-15 05:35:48 |
| 10094 || 2.24613264579011 || 2018-12-17 00:57:16 |
| 10095 || 22.7457055893461 || 2016-12-12 21:47:34 |
| 10096 || 73.3967730440371 || 2017-10-20 07:04:46 |
| 10097 || 32.4406686595249 || 2011-04-11 04:02:06 |
| 10098 || 17.9400550154971 || 2018-08-14 19:48:02 |
| 10099 || -0.4142223140055 || 2015-02-19 10:44:38 |
| 10100 || 27.5700448299426 || 2017-09-20 06:21:57 |
| 10101 || 84.9556886210888 || 2015-10-26 07:17:45 |
| 10102 || 74.4806173634333 || 2013-11-06 00:11:16 |
| 10103 || 2.09381907534686 || 2012-06-18 05:55:14 |
| 10104 || 0.147438770660311 || 2016-11-14 17:05:00 |
| 10105 || -6.59278704987272 || 2013-06-18 08:49:38 |
| 10106 || -27.7604412319415 || 2012-07-14 04:28:23 |
| 10107 || -14.7645267688544 || 2015-08-01 19:42:07 |
| 10108 || -6.95436760434863 || 2014-08-26 05:48:02 |
| 10109 || 0.00604504506388551 || 2012-04-08 05:55:04 |
| 10110 || 1.9463398978793 || 2017-10-05 05:34:09 |
| 10111 || 61.9020772247956 || 2011-03-07 12:39:22 |
| 10112 || 17.9814309560034 || 2015-01-27 08:51:45 |
| 10113 || 26.6592635576454 || 2018-04-05 16:09:07 |
| 10114 || 0.102854102739295 || 2010-01-17 08:09:27 |
| 10115 || 14.8005675260258 || 2015-09-10 18:23:37 |
| 10116 || 58.1919418194071 || 2016-08-21 13:58:30 |
| 10117 || -28.2504172817083 || 2017-05-21 02:38:57 |
| 10118 || -2.44001472781195 || 2011-10-27 10:03:43 |
| 10119 || 0.999437075711102 || 2016-10-11 23:48:34 |
| 10120 || -6.99066184732539 || 2013-06-14 17:44:49 |
| 10121 || 6.90404206716132 || 2014-01-09 05:10:02 |
| 10122 || -16.7509976282373 || 2019-07-14 18:58:19 |
| 10123 || 42.5579976486525 || 2016-02-02 12:58:55 |
| 10124 || -0.498079603092578 || 2017-10-24 09:16:16 |
| 10125 || 3.31062022247347 || 2013-10-13 16:07:07 |
| 10126 || -5.08875701523415 || 2014-03-27 15:36:29 |
| 10127 || 87.8111771334702 || 2015-05-27 00:14:23 |
| 10128 || 5.03000229706611 || 2019-02-04 00:37:14 |
| 10129 || -1.31880185913421 || 2010-02-11 14:47:46 |
| 10130 || 5.63959866985895 || 2012-02-08 16:42:11 |
| 10131 || 51.824884687933 || 2016-07-08 04:13:23 |
| 10132 || 28.7769681273142 || 2013-10-27 12:46:24 |
| 10133 || -15.3207473526991 || 2014-11-13 04:40:46 |
| 10134 || 0.766742251979638 || 2013-01-19 12:49:31 |
| 10135 || 0.862776201480053 || 2010-10-22 16:12:29 |
| 10136 || 16.6376748869136 || 2015-04-16 01:06:11 |
| 10137 || -16.1708874216172 || 2019-07-05 09:52:40 |
| 10138 || 5.44375838855154 || 2017-10-09 10:05:08 |
| 10139 || -2.47560311401548 || 2016-06-02 02:56:33 |
| 10140 || -0.466587195112776 || 2014-07-17 10:20:49 |
| 10141 || 53.2953574196237 || 2012-05-05 11:06:29 |
| 10142 || 65.6177514535004 || 2014-02-07 09:49:55 |
| 10143 || 0.14899376199596 || 2019-03-22 02:56:38 |
| 10144 || 12.9382029969843 || 2011-04-17 23:03:36 |
| 10145 || 3.67910852524194 || 2010-11-03 23:57:38 |
| 10146 || 29.3386912566535 || 2016-04-06 07:05:29 |
| 10147 || -28.7316604799554 || 2012-06-14 14:52:42 |
| 10148 || 42.3538251207757 || 2014-05-25 08:25:42 |
| 10149 || -5.54652190556613 || 2012-10-16 18:48:41 |
| 10150 || -0.578545330514699 || 2016-09-26 22:53:07 |
| 10151 || 18.484545587339 || 2013-02-27 18:49:10 |
| 10152 || 86.461351102973 || 2015-05-09 18:39:33 |
| 10153 || 2.64734800314909 || 2013-09-26 04:02:32 |
| 10154 || 22.9169621410068 || 2018-12-16 09:48:05 |
| 10155 || 0.581390242241411 || 2018-08-09 02:38:25 |
| 10156 || 13.6786255435503 || 2016-10-25 12:33:24 |
| 10157 || 41.0162817305889 || 2012-06-24 14:00:42 |
| 10158 || 74.9773739695363 || 2012-03-01 09:17:55 |
| 10159 || -8.56514820925869 || 2017-04-03 13:46:48 |
| 10160 || 0.0618311283725953 || 2013-01-18 05:08:15 |
| 10161 || 31.9100335592925 || 2019-05-20 23:11:48 |
| 10162 || 41.0290842924392 || 2012-11-18 12:42:04 |
| 10163 || 81.2294079218439 || 2018-12-04 05:30:54 |
| 10164 || 0.703408848088599 || 2017-08-20 18:50:20 |
| 10165 || -0.00585246020452523 || 2018-04-02 07:12:38 |
| 10166 || 3.4075482375009 || 2011-11-20 19:47:06 |
| 10167 || 78.0764421072773 || 2016-05-08 21:43:26 |
| 10168 || 32.0060222738395 || 2014-08-23 15:44:47 |
| 10169 || 28.9978961156822 || 2019-09-09 07:36:35 |
| 10170 || 0.754049106345469 || 2019-04-25 19:15:11 |
| 10171 || 18.7620272988975 || 2017-06-08 13:02:37 |
| 10172 || -24.2045233131343 || 2015-11-07 08:37:26 |
| 10173 || -21.7693837283131 || 2015-01-01 13:22:53 |
| 10174 || -14.0632970817851 || 2015-12-15 01:33:17 |
| 10175 || -0.0775701259386508 || 2015-03-17 07:48:23 |
| 10176 || -5.54236849982437 || 2014-03-12 06:14:00 |
| 10177 || 9.16174691214712 || 2011-08-26 08:31:33 |
| 10178 || -11.0745871945683 || 2016-07-22 02:30:08 |
| 10179 || -14.6998719664105 || 2011-12-17 00:02:36 |
| 10180 || -1.24969608156884 || 2010-08-13 00:46:42 |
| 10181 || 5.28520196129845 || 2015-10-20 22:45:46 |
| 10182 || -20.8217541004337 || 2016-10-14 12:39:14 |
| 10183 || 77.8325812016187 || 2019-02-12 02:32:36 |
| 10184 || 22.2578474336277 || 2018-06-19 10:49:20 |
| 10185 || 6.61730877134182 || 2014-08-03 09:04:06 |
| 10186 || 7.4782161789991 || 2017-09-17 10:35:39 |
| 10187 || -19.1397031414412 || 2014-02-22 07:50:13 |
| 10188 || 64.4024501131195 || 2011-10-04 13:56:45 |
| 10189 || 5.78995478113726 || 2018-01-19 16:21:30 |
| 10190 || 9.76389630163115 || 2019-10-19 13:41:34 |
| 10191 || -0.871427745755215 || 2018-10-21 23:08:01 |
| 10192 || 51.4534122241726 || 2012-09-07 16:06:43 |
| 10193 || 42.97420117174 || 2010-08-08 12:30:31 |
| 10194 || -21.4974497978663 || 2019-04-10 22:55:05 |
| 10195 || -2.55880843123292 || 2011-07-07 22:53:58 |
| 10196 || 1.91885157522107 || 2012-03-23 07:00:27 |
| 10197 || 26.573823890902 || 2016-03-07 21:03:00 |
| 10198 || -28.6673606051848 || 2019-01-19 08:51:39 |
| 10199 || -19.0042183626919 || 2012-02-14 00:01:14 |
| 10200 || 8.20645965808532 || 2012-08-17 22:34:08 |
| 10201 || -0.0554598609850608 || 2011-03-15 00:17:51 |
| 10202 || 19.9706430483414 || 2012-09-03 01:07:22 |
| 10203 || -29.0423547464731 || 2011-02-17 21:13:19 |
| 10204 || -21.0994763297801 || 2013-10-22 18:07:35 |
| 10205 || 16.365051321569 || 2013-12-06 06:06:46 |
| 10206 || 0.122221024106134 || 2015-12-25 18:28:50 |
| 10207 || 35.2536545553123 || 2015-09-13 17:53:16 |
| 10208 || 61.5491436367995 || 2012-01-03 04:37:18 |
| 10209 || -13.7389168256139 || 2016-05-22 00:40:04 |
| 10210 || 14.5341455660815 || 2019-05-26 08:54:23 |
| 10211 || -0.0404712401635498 || 2019-10-27 01:51:38 |
| 10212 || 17.4924274978136 || 2018-06-09 20:11:32 |
| 10213 || 36.5768353232256 || 2019-07-15 13:29:57 |
| 10214 || -26.0610622600322 || 2012-04-25 20:17:24 |
| 10215 || -10.3068758567905 || 2014-12-21 11:41:06 |
| 10216 || 0.00256932849320387 || 2018-01-22 08:58:57 |
| 10217 || 28.0058792248529 || 2015-09-08 18:18:54 |
| 10218 || 3.97242431924874 || 2019-02-03 06:03:47 |
| 10219 || 80.5410012899048 || 2013-09-11 03:29:22 |
| 10220 || 34.7892107611642 || 2019-04-24 15:08:30 |
| 10221 || 0.523163596734523 || 2011-09-25 04:06:15 |
| 10222 || -5.2071925402357 || 2010-09-16 07:03:29 |
| 10223 || 64.7970879108818 || 2019-06-07 08:10:56 |
| 10224 || 50.8042613949638 || 2019-02-22 07:05:38 |
| 10225 || -13.8685345875951 || 2015-11-02 13:05:21 |
| 10226 || 0.315709797685631 || 2015-06-25 16:14:46 |
| 10227 || -0.0381627728125757 || 2015-06-22 17:18:18 |
| 10228 || 22.9590797433866 || 2013-06-20 16:01:10 |
| 10229 || -16.4605314250599 || 2011-11-02 00:12:18 |
| 10230 || 4.44113234998958 || 2018-07-18 19:23:34 |
| 10231 || -0.476591566270915 || 2018-08-13 01:07:30 |
| 10232 || -3.99243840632319 || 2016-04-06 18:51:06 |
| 10233 || 32.2226731329997 || 2019-04-01 21:57:40 |
| 10234 || 46.5405176821625 || 2012-02-16 08:15:06 |
| 10235 || 44.9159618136929 || 2012-02-06 07:33:35 |
| 10236 || -1.88339715035227 || 2014-09-09 06:07:01 |
| 10237 || -2.5393488585407 || 2019-03-07 13:17:36 |
| 10238 || 26.1167125654526 || 2011-02-19 10:01:28 |
| 10239 || 84.2039965208648 || 2010-06-17 09:17:38 |
| 10240 || 40.8673707234766 || 2012-05-04 23:21:48 |
| 10241 || 0.545713759056622 || 2017-09-21 15:50:25 |
| 10242 || 6.45040904482457 || 2012-02-08 04:01:06 |
| 10243 || 44.789026979581 || 2018-01-13 23:29:45 |
| 10244 || 72.1106638571301 || 2019-09-24 01:37:09 |
| 10245 || -10.7045766267735 || 2013-08-08 00:46:31 |
| 10246 || -4.18618592314869 || 2016-08-03 22:51:38 |
| 10247 || 1.43167234388565 || 2010-05-18 04:59:51 |
| 10248 || 40.8157386455393 || 2018-06-09 15:23:54 |
| 10249 || 86.8068181854636 || 2017-03-09 05:32:45 |
| 10250 || -19.347131710183 || 2015-07-01 07:14:31 |
| 10251 || -4.91531325675037 || 2014-04-27 18:47:47 |
| 10252 || -0.0307836919151902 || 2013-02-21 05:07:45 |
| 10253 || 10.284324838254 || 2017-01-01 03:56:50 |
| 10254 || 54.0263181938417 || 2019-01-24 18:50:13 |
| 10255 || -1.16823319732187 || 2018-03-15 01:51:16 |
| 10256 || 21.1179500686921 || 2014-12-15 09:31:14 |
| 10257 || 0.92422926357115 || 2011-06-24 22:34:46 |
| 10258 || -0.853655927428453 || 2013-08-24 22:33:56 |
| 10259 || -24.5399580299644 || 2016-09-15 17:57:59 |
| 10260 || -20.4550662812925 || 2019-06-13 05:00:20 |
| 10261 || 17.010899816361 || 2015-11-24 19:04:10 |
| 10262 || -0.0735326769454028 || 2019-04-16 04:19:51 |
| 10263 || 28.6603388182652 || 2012-03-07 13:51:49 |
| 10264 || -18.2609689269736 || 2018-04-26 02:39:00 |
| 10265 || 71.8700105363445 || 2016-10-25 00:49:55 |
| 10266 || 12.8468858985416 || 2015-06-22 09:28:50 |
| 10267 || -0.0027108137760985 || 2019-08-02 15:27:34 |
| 10268 || 26.5103574700124 || 2014-05-19 15:48:31 |
| 10269 || 66.810441340766 || 2010-01-21 20:34:16 |
| 10270 || 33.7349081145758 || 2018-11-20 11:16:41 |
| 10271 || 33.0621878861486 || 2019-12-09 13:06:51 |
| 10272 || 0.432368402092569 || 2014-08-27 02:57:12 |
| 10273 || 22.9678696794767 || 2016-11-03 00:09:52 |
| 10274 || 25.3146334780117 || 2015-02-09 04:02:48 |
| 10275 || -28.6745089726603 || 2017-07-27 23:54:21 |
| 10276 || -13.3162295595836 || 2016-04-14 00:53:13 |
| 10277 || 0.146200826167787 || 2015-04-06 11:03:02 |
| 10278 || 6.73537967065697 || 2013-09-20 20:35:28 |
| 10279 || -17.9421346031787 || 2012-08-23 06:51:26 |
| 10280 || 86.8328553789035 || 2016-09-11 00:58:58 |
| 10281 || 30.9254904945969 || 2014-08-14 14:41:03 |
| 10282 || -0.785845448352587 || 2013-01-09 18:25:01 |
| 10283 || 15.2196151318668 || 2013-04-20 02:36:41 |
| 10284 || 36.7888103624436 || 2015-10-22 18:01:09 |
| 10285 || -25.2864275768743 || 2017-03-03 09:07:10 |
| 10286 || 51.0327146850024 || 2019-12-02 00:37:29 |
| 10287 || 5.50499651177957 || 2016-05-04 18:11:49 |
| 10288 || 2.24757990494445 || 2014-04-04 20:06:08 |
| 10289 || 59.1293431076067 || 2017-09-16 12:20:50 |
| 10290 || -9.02933914103296 || 2018-11-06 14:42:20 |
| 10291 || 37.3797988200383 || 2019-01-09 14:43:16 |
| 10292 || -1.26285932254953 || 2014-05-04 10:34:21 |
| 10293 || 1.25268117983853 || 2019-08-01 12:31:44 |
| 10294 || 2.11247269483243 || 2018-07-05 12:01:25 |
| 10295 || -29.666253399133 || 2014-10-02 23:45:57 |
| 10296 || 7.58439445489658 || 2011-06-15 09:05:46 |
| 10297 || -2.20061111640437 || 2019-08-21 16:35:12 |
| 10298 || 1.68299346677132 || 2011-05-04 03:34:46 |
| 10299 || 50.5208094832419 || 2016-09-17 17:15:10 |
| 10300 || 52.49130427824 || 2016-08-10 09:47:46 |
| 10301 || 20.2237577593572 || 2015-02-01 04:48:53 |
| 10302 || -3.03845874535802 || 2012-08-25 23:21:43 |
| 10303 || -0.568069685467928 || 2018-07-10 03:30:23 |
| 10304 || -13.0004493942213 || 2015-10-02 17:32:13 |
| 10305 || 86.0707901146479 || 2014-05-24 16:18:10 |
| 10306 || 31.9986699973674 || 2013-12-03 23:43:54 |
| 10307 || 19.2121055925072 || 2014-03-01 02:57:27 |
| 10308 || 1.32064550330233 || 2012-09-23 07:25:54 |
| 10309 || 27.0462527041154 || 2013-07-17 05:16:21 |
| 10310 || 10.7656903229889 || 2013-09-03 10:28:56 |
| 10311 || 61.5993671862884 || 2017-10-10 21:39:42 |
| 10312 || 9.95871050339141 || 2011-10-22 11:18:27 |
| 10313 || 0.309237186159745 || 2015-07-16 11:06:27 |
| 10314 || -10.6702309034629 || 2016-04-19 12:08:58 |
| 10315 || -27.7341617085038 || 2018-02-15 01:21:39 |
| 10316 || -8.52053284502406 || 2017-10-04 06:50:24 |
| 10317 || 24.6589378200586 || 2013-11-15 02:40:28 |
| 10318 || 2.20697595780599e-06 || 2015-08-07 01:31:00 |
| 10319 || 23.682499812552 || 2014-06-12 15:41:33 |
| 10320 || 19.1325253461843 || 2018-09-26 01:52:35 |
| 10321 || 8.66714113088647 || 2011-08-20 10:03:36 |
| 10322 || 34.0607745605363 || 2019-09-15 19:19:03 |
| 10323 || 0.230622398658505 || 2010-01-25 20:25:57 |
| 10324 || 16.1518782634228 || 2010-04-21 10:01:50 |
| 10325 || 0.451653487294027 || 2014-05-12 21:16:50 |
| 10326 || -11.3206464111834 || 2013-04-22 17:50:19 |
| 10327 || 31.0011414105975 || 2019-05-14 09:03:04 |
| 10328 || -0.18264920703297 || 2010-09-24 13:40:35 |
| 10329 || 3.34471114100579 || 2011-12-16 22:01:43 |
| 10330 || -11.369685236108 || 2018-07-17 18:56:29 |
| 10331 || -19.7404263798669 || 2017-02-21 15:47:57 |
| 10332 || 45.48672541938 || 2010-07-09 08:55:40 |
| 10333 || -0.542819695679964 || 2015-09-02 10:35:02 |
| 10334 || 8.81648075589449 || 2010-06-04 07:15:00 |
| 10335 || -1.51689898941421 || 2012-04-21 15:52:21 |
| 10336 || 42.090967575657 || 2017-03-26 11:18:00 |
| 10337 || 6.63742406910417 || 2019-07-24 15:08:47 |
| 10338 || 4.68192497348654 || 2011-04-09 15:40:52 |
| 10339 || -1.24313118440686 || 2011-04-17 01:15:49 |
| 10340 || 50.3943262097414 || 2019-08-14 12:11:13 |
| 10341 || -15.0014683978708 || 2015-03-04 02:23:34 |
| 10342 || 1.33997211846884 || 2015-01-04 13:53:22 |
| 10343 || 4.27208350917185 || 2016-09-07 23:19:30 |
| 10344 || -0.131264956119114 || 2010-08-07 13:19:03 |
| 10345 || 39.5935722807937 || 2017-09-23 20:58:29 |
| 10346 || 36.4557206667298 || 2016-07-24 16:27:27 |
| 10347 || 47.9081184943178 || 2010-05-11 07:01:18 |
| 10348 || -3.50191653137279 || 2015-02-04 06:33:08 |
| 10349 || 5.28982337154921 || 2018-05-13 01:58:22 |
| 10350 || 11.0508770628535 || 2015-02-13 21:00:26 |
| 10351 || -15.2404628317583 || 2011-07-20 23:43:16 |
| 10352 || -21.003008135359 || 2016-08-15 23:50:07 |
| 10353 || 2.18732941134648 || 2010-12-11 08:21:03 |
| 10354 || 3.3105809868467 || 2018-03-07 22:37:45 |
| 10355 || 30.8245769565067 || 2010-05-19 07:19:11 |
| 10356 || 15.8198872003321 || 2019-09-13 13:45:24 |
| 10357 || -23.2321904736975 || 2014-04-27 19:20:46 |
| 10358 || -3.2690395542973 || 2014-10-08 18:36:24 |
| 10359 || 0.726328459840041 || 2011-09-03 20:31:57 |
| 10360 || -8.12058850806385 || 2012-10-05 03:18:12 |
| 10361 || 71.6125763738707 || 2013-09-03 06:12:47 |
| 10362 || -10.996924608102 || 2017-03-07 16:30:25 |
| 10363 || -1.43868067245331 || 2016-07-13 05:37:53 |
| 10364 || -0.0956102160173776 || 2012-08-13 19:49:39 |
| 10365 || 33.8099640051688 || 2015-07-21 02:56:46 |
| 10366 || 83.4928939418875 || 2011-06-04 07:07:10 |
| 10367 || 31.0381856866178 || 2017-10-15 17:33:35 |
| 10368 || 2.17647103482862 || 2011-04-18 22:54:47 |
| 10369 || -0.00433032827772196 || 2015-07-11 18:41:28 |
| 10370 || 19.9671259898867 || 2017-02-15 05:39:16 |
| 10371 || -22.2474519331596 || 2011-01-13 14:35:45 |
| 10372 || 9.81367062982828 || 2013-07-17 02:35:07 |
| 10373 || 33.8442896387809 || 2013-10-16 16:14:27 |
| 10374 || -0.0418811229698782 || 2014-07-15 15:35:57 |
| 10375 || 20.296698013449 || 2014-03-01 20:34:18 |
| 10376 || 69.4154018787278 || 2016-06-15 14:13:47 |
| 10377 || -8.84964802020879 || 2014-01-19 11:49:10 |
| 10378 || 35.6495499152383 || 2013-11-21 11:48:41 |
| 10379 || 0.349221534106701 || 2016-09-20 01:33:44 |
| 10380 || -7.0705921034051 || 2012-04-06 19:11:06 |
| 10381 || -16.5786102757526 || 2011-10-15 07:45:51 |
| 10382 || 75.4515905926774 || 2011-06-04 06:41:21 |
| 10383 || -9.97160389513205 || 2014-11-25 08:37:10 |
| 10384 || -0.440435377928063 || 2010-06-10 06:03:27 |
| 10385 || 7.42196572648664 || 2015-04-20 12:54:37 |
| 10386 || 51.0459814858007 || 2015-03-20 17:22:05 |
| 10387 || 43.7584233331643 || 2018-12-06 22:01:16 |
| 10388 || -2.07237098439428 || 2012-07-16 00:10:44 |
| 10389 || -0.586116591440371 || 2014-04-10 14:17:23 |
| 10390 || 12.6491983648914 || 2012-03-07 12:31:45 |
| 10391 || 46.7342488859226 || 2019-09-25 15:26:56 |
| 10392 || 78.5969830156838 || 2014-12-26 16:56:00 |
| 10393 || -4.07629288194425 || 2019-02-18 07:20:30 |
| 10394 || 4.70648267433769 || 2017-11-20 09:47:32 |
| 10395 || 7.1705366809334 || 2019-12-24 00:16:47 |
| 10396 || -11.0387842146359 || 2019-03-27 11:38:15 |
| 10397 || 68.7947972332299 || 2011-06-06 04:59:07 |
| 10398 || 59.9402765392337 || 2014-07-23 13:31:46 |
| 10399 || -2.95507465859954 || 2019-12-24 23:29:44 |
| 10400 || -0.673228941574045 || 2010-06-26 19:06:55 |
| 10401 || -3.60837093313215 || 2018-11-04 15:50:06 |
| 10402 || -6.16606178360946 || 2017-07-11 20:32:50 |
| 10403 || 54.5704792236319 || 2014-05-22 14:40:58 |
| 10404 || -3.03547874891748 || 2015-08-22 08:51:20 |
| 10405 || 3.69248444844793 || 2016-04-22 02:30:57 |
| 10406 || 20.5919365209975 || 2011-09-13 14:06:37 |
| 10407 || 68.6770295112751 || 2010-08-22 02:56:48 |
| 10408 || 68.6558680244884 || 2013-05-14 09:24:53 |
| 10409 || 17.8835084040817 || 2017-06-16 02:07:44 |
| 10410 || 0.952105001794906 || 2014-09-14 06:31:36 |
| 10411 || 42.772251576675 || 2011-11-26 03:26:54 |
| 10412 || 85.4287800396206 || 2019-09-01 13:01:04 |
| 10413 || 64.1581879306309 || 2015-02-03 14:29:13 |
| 10414 || 20.7815978127962 || 2011-01-27 11:00:09 |
| 10415 || 0.571422589975517 || 2010-07-10 07:42:30 |
| 10416 || 18.9002886805223 || 2014-04-04 09:33:29 |
| 10417 || 47.601301949248 || 2010-05-05 22:47:12 |
| 10418 || 0.718916446402081 || 2017-10-10 05:39:27 |
| 10419 || -8.49129578444258 || 2012-07-06 16:05:06 |
| 10420 || -0.0158715817106717 || 2017-08-17 14:55:18 |
| 10421 || 24.2156764704324 || 2010-11-19 21:28:32 |
| 10422 || -27.1213306152367 || 2014-09-26 16:06:56 |
| 10423 || -14.1758395477241 || 2014-02-02 09:23:54 |
| 10424 || -11.0807762854051 || 2017-09-01 20:02:37 |
| 10425 || 0.0234424773828434 || 2012-12-12 00:23:24 |
| 10426 || 26.5790568296511 || 2017-07-18 11:10:09 |
| 10427 || -25.4079629273336 || 2011-03-10 21:01:43 |
| 10428 || 0.368252584588633 || 2014-07-02 03:24:30 |
| 10429 || 5.67270575609872 || 2013-08-10 02:50:36 |
| 10430 || -0.189324132600145 || 2015-11-04 19:34:53 |
| 10431 || -6.61069410981271 || 2018-03-01 15:08:30 |
| 10432 || -24.3536799409481 || 2010-04-05 07:26:09 |
| 10433 || 73.1725722599229 || 2014-07-16 10:18:40 |
| 10434 || 25.6349608559594 || 2015-01-07 11:10:34 |
| 10435 || -0.214436896077327 || 2015-10-01 02:42:41 |
| 10436 || 16.774320239778 || 2014-01-01 13:15:36 |
| 10437 || 50.6285953324941 || 2019-04-25 19:44:07 |
| 10438 || 24.2840300601262 || 2012-01-16 01:57:11 |
| 10439 || -16.4704621028203 || 2010-01-23 23:23:05 |
| 10440 || -0.863670298716151 || 2014-04-16 22:55:08 |
| 10441 || 10.1064209619863 || 2014-10-04 05:41:19 |
| 10442 || 52.4087561388509 || 2018-08-20 22:50:57 |
| 10443 || 15.5010428618508 || 2019-09-07 14:53:21 |
| 10444 || 51.5155646389391 || 2018-10-14 02:30:48 |
| 10445 || 6.51152642061336 || 2016-02-18 16:01:47 |
| 10446 || 9.85583469200245 || 2017-06-10 14:02:27 |
| 10447 || -17.7902876795582 || 2011-12-03 04:33:14 |
| 10448 || 89.8677484775232 || 2015-01-01 07:23:04 |
| 10449 || -16.9178328261123 || 2010-09-25 10:22:26 |
| 10450 || 9.74278569573912 || 2018-04-06 15:26:24 |
| 10451 || 0.669507771977338 || 2011-08-27 01:14:06 |
| 10452 || -18.1653215411499 || 2013-08-01 11:31:48 |
| 10453 || -25.1224504625747 || 2017-10-18 08:18:35 |
| 10454 || 17.5696513723038 || 2013-11-20 07:22:28 |
| 10455 || 8.80100451475514 || 2013-11-09 16:49:06 |
| 10456 || 4.01875823934251 || 2010-06-17 04:16:25 |
| 10457 || -9.15210125323077 || 2015-06-08 20:49:53 |
| 10458 || 70.1881159330617 || 2016-08-12 00:07:43 |
| 10459 || -15.0659510616597 || 2017-07-27 02:18:31 |
| 10460 || 17.7569055020763 || 2014-04-24 04:13:19 |
| 10461 || 1.37644866664276 || 2017-07-03 14:52:28 |
| 10462 || 40.2599960171747 || 2014-04-22 19:26:41 |
| 10463 || 80.2019718687486 || 2019-03-19 12:44:06 |
| 10464 || 71.7923451444348 || 2012-12-26 10:40:25 |
| 10465 || 19.6871839174286 || 2018-12-24 07:06:44 |
| 10466 || 0.28843122045773 || 2019-08-22 02:00:05 |
| 10467 || 31.1005800879159 || 2019-01-07 18:06:43 |
| 10468 || -25.8498016479468 || 2017-10-20 14:55:05 |
| 10469 || -25.5834121695042 || 2018-01-10 10:34:55 |
| 10470 || 26.7535938490278 || 2017-12-09 16:16:49 |
| 10471 || -0.0279753142727113 || 2014-07-03 11:45:09 |
| 10472 || 30.0894471664126 || 2019-05-20 06:13:47 |
| 10473 || -24.0089002022092 || 2019-10-12 00:00:10 |
| 10474 || -26.4513581715675 || 2012-08-12 23:49:47 |
| 10475 || 1.83015308059252 || 2014-04-26 03:55:33 |
| 10476 || -0.00445959973673851 || 2018-04-18 23:45:46 |
| 10477 || 7.2243689965176 || 2013-04-11 09:54:25 |
| 10478 || 48.4235353899064 || 2016-10-01 19:27:46 |
| 10479 || -9.83623731922294 || 2018-09-04 15:58:15 |
| 10480 || -9.17686740764476 || 2018-02-12 10:13:36 |
| 10481 || 0.128384249711507 || 2012-07-17 04:27:56 |
| 10482 || 13.6627131485625 || 2018-03-09 13:42:42 |
| 10483 || -3.81928711287373 || 2018-08-12 03:59:20 |
| 10484 || 21.7289623854308 || 2014-01-24 02:23:43 |
| 10485 || 11.8961617044244 || 2015-03-24 11:38:07 |
| 10486 || 0.459202699179448 || 2015-04-23 03:07:59 |
| 10487 || 4.31346352091442 || 2016-01-09 08:11:34 |
| 10488 || 5.51160457341296 || 2013-04-11 16:19:52 |
| 10489 || -4.52093509964965 || 2014-08-17 03:47:19 |
| 10490 || 5.86976852231639 || 2012-01-12 03:09:10 |
| 10491 || 3.78307312658412 || 2011-01-20 06:28:48 |
| 10492 || 12.2259363130614 || 2014-09-20 09:25:03 |
| 10493 || 65.7281066078378 || 2016-10-11 11:06:38 |
| 10494 || -28.6062968570625 || 2014-11-12 09:06:18 |
| 10495 || 46.1684570243357 || 2019-05-05 02:13:14 |
| 10496 || 4.79560018460591 || 2017-02-25 14:44:42 |
| 10497 || -2.46656632688338 || 2015-02-05 14:38:44 |
| 10498 || -9.36224745582282 || 2016-12-01 10:51:43 |
| 10499 || 72.3534409901059 || 2014-09-06 19:36:23 |
| 10500 || 46.551242582425 || 2016-07-26 20:17:45 |
| 10501 || -0.05608742434658 || 2010-04-16 07:26:22 |
| 10502 || 6.58719693992397 || 2016-02-06 13:44:30 |
| 10503 || 50.6429297023286 || 2016-12-27 10:16:47 |
| 10504 || 89.6181354219025 || 2013-04-03 10:53:35 |
| 10505 || -0.0370742952840217 || 2012-08-16 11:46:53 |
| 10506 || -2.81435545604474 || 2019-09-13 01:00:09 |
| 10507 || 4.06726153220197 || 2011-08-27 20:00:49 |
| 10508 || 50.2078810273789 || 2017-11-15 09:20:06 |
| 10509 || -27.9920605826436 || 2017-10-04 08:32:19 |
| 10510 || -20.6688767215582 || 2017-04-04 20:23:37 |
| 10511 || 0.594939300124887 || 2018-05-10 00:42:48 |
| 10512 || -0.788647267411285 || 2015-02-24 01:19:37 |
| 10513 || 44.5928792082455 || 2010-10-11 01:32:05 |
| 10514 || 16.1793305604357 || 2018-02-05 07:33:23 |
| 10515 || -13.5862619978076 || 2013-06-18 02:27:41 |
| 10516 || 14.5053924060018 || 2014-10-19 19:22:49 |
| 10517 || 0.519292271671701 || 2014-03-03 14:12:43 |
| 10518 || -6.93584235804325 || 2012-03-22 01:55:34 |
| 10519 || 71.3114144889858 || 2016-07-07 01:12:04 |
| 10520 || 70.6856229932224 || 2014-07-06 16:13:35 |
| 10521 || 23.9652790902652 || 2019-07-13 14:22:09 |
| 10522 || -0.0413390116091609 || 2019-03-20 22:20:32 |
| 10523 || -11.3403245510939 || 2014-07-11 16:10:32 |
| 10524 || 82.2372991255009 || 2016-02-10 22:43:19 |
| 10525 || -14.7257746422133 || 2016-03-15 01:09:10 |
| 10526 || 23.1411563400394 || 2018-02-02 08:46:34 |
| 10527 || 0.00224622381059504 || 2011-06-12 06:59:57 |
| 10528 || -2.1845860399165 || 2011-04-03 11:11:35 |
| 10529 || 18.9248211596237 || 2014-02-03 07:59:22 |
| 10530 || -1.34048095256397 || 2017-10-16 17:42:47 |
| 10531 || -1.24281618075318 || 2016-02-23 16:47:30 |
| 10532 || 0.400267995611977 || 2018-12-03 12:32:14 |
| 10533 || 8.15450987457617 || 2019-09-22 05:44:18 |
| 10534 || 3.15485747681419 || 2015-09-26 01:10:23 |
| 10535 || 76.0416090682749 || 2016-09-25 20:25:13 |
| 10536 || -10.182779253848 || 2019-10-04 15:01:52 |
| 10537 || 0.744526644697985 || 2018-02-17 15:18:59 |
| 10538 || -5.7296126214667 || 2017-08-20 22:17:16 |
| 10539 || 10.9984427248591 || 2014-01-02 22:25:59 |
| 10540 || -23.8433687977155 || 2014-01-15 16:27:56 |
| 10541 || 31.3200033886922 || 2010-11-16 15:02:19 |
| 10542 || -0.865987003006379 || 2017-05-02 01:51:49 |
| 10543 || -2.85980722013083 || 2014-07-14 23:19:55 |
| 10544 || -0.0610175413562194 || 2019-04-01 19:41:08 |
| 10545 || -29.7951133486238 || 2016-03-22 04:48:36 |
| 10546 || 11.3365456082992 || 2011-06-12 11:39:37 |
| 10547 || 2.27631016412644 || 2017-01-17 20:07:46 |
| 10548 || -2.149738454827 || 2012-01-15 13:14:04 |
| 10549 || -2.11529486916265 || 2010-05-18 01:14:31 |
| 10550 || 77.8576898794408 || 2011-06-07 18:56:25 |
| 10551 || -11.2778289475431 || 2014-10-18 16:56:53 |
| 10552 || 0.168336695015074 || 2019-06-27 11:05:37 |
| 10553 || -1.15638840231031 || 2018-11-16 03:57:19 |
| 10554 || 21.8147210107856 || 2010-03-26 04:02:02 |
| 10555 || 79.0913562858945 || 2012-01-10 18:56:12 |
| 10556 || 19.3463150125349 || 2010-07-22 12:24:34 |
| 10557 || 6.16507166727885 || 2016-05-02 04:33:12 |
| 10558 || -0.103065181147394 || 2018-02-18 23:55:47 |
| 10559 || 51.2171696540641 || 2014-08-24 10:25:28 |
| 10560 || 38.6687533558498 || 2012-01-21 18:54:20 |
| 10561 || -2.38291481594499 || 2015-03-25 10:40:08 |
| 10562 || 0.293524484430195 || 2018-04-02 23:14:30 |
| 10563 || -0.0037202919136441 || 2011-04-11 00:56:41 |
| 10564 || 11.412124480279 || 2010-04-22 22:22:38 |
| 10565 || 86.1373597846982 || 2011-02-19 08:40:50 |
| 10566 || -4.01578053116053 || 2018-02-12 08:37:53 |
| 10567 || -3.0432130795694 || 2018-09-22 06:31:28 |
| 10568 || 1.24529973751849 || 2014-02-16 21:24:28 |
| 10569 || -11.6727147372213 || 2014-09-11 18:27:35 |
| 10570 || 57.5492545562465 || 2013-01-24 10:20:52 |
| 10571 || -22.8024434655392 || 2011-07-13 20:37:33 |
| 10572 || 19.2963544805236 || 2011-09-26 12:12:02 |
| 10573 || 0.180342008711074 || 2011-12-27 00:28:26 |
| 10574 || 19.363433473551 || 2015-02-23 01:36:48 |
| 10575 || -26.7364983964758 || 2010-11-18 03:36:09 |
| 10576 || 29.9560986843728 || 2018-11-19 02:59:14 |
| 10577 || -10.0564731139083 || 2017-08-09 10:24:39 |
| 10578 || -0.000223094893295823 || 2017-01-15 00:45:19 |
| 10579 || 19.7583135503968 || 2012-02-09 13:09:40 |
| 10580 || -25.964465404753 || 2017-04-12 13:29:23 |
| 10581 || 64.556269809242 || 2012-01-05 18:29:43 |
| 10582 || 4.33440775827527 || 2015-07-13 23:19:45 |
| 10583 || -0.112114602740448 || 2013-07-05 22:03:57 |
| 10584 || -5.46507215851717 || 2018-01-19 07:18:50 |
| 10585 || 17.2899639210491 || 2019-01-10 04:50:08 |
| 10586 || -25.5487446073085 || 2019-09-22 02:51:19 |
| 10587 || 13.9203518971505 || 2016-03-22 04:07:11 |
| 10588 || 0.840148033003897 || 2010-11-20 16:50:19 |
| 10589 || 20.004664845979 || 2010-12-07 13:41:15 |
| 10590 || 12.9784714756273 || 2010-11-07 02:01:56 |
| 10591 || 18.767971583039 || 2011-11-14 12:20:29 |
| 10592 || 17.9527713125812 || 2012-11-10 05:55:01 |
| 10593 || -0.0396163830072505 || 2010-02-13 06:54:20 |
| 10594 || -0.992379926462043 || 2011-08-21 03:05:28 |
| 10595 || 34.7465657105106 || 2014-12-12 03:25:04 |
| 10596 || 38.7810007877303 || 2016-01-03 20:56:01 |
| 10597 || -5.04758172237884 || 2014-07-11 22:52:38 |
| 10598 || 5.2757967060839 || 2010-06-24 20:09:31 |
| 10599 || -2.92597119980946 || 2018-01-11 22:38:19 |
| 10600 || -20.7648132589299 || 2010-01-06 04:30:12 |
| 10601 || 17.5426973763284 || 2010-10-14 09:21:47 |
| 10602 || 53.9079982054545 || 2015-10-27 06:15:09 |
| 10603 || 7.33314567932799 || 2011-08-20 06:36:01 |
| 10604 || -2.16344803827026 || 2012-07-08 12:34:20 |
| 10605 || 55.1098643349514 || 2013-10-01 06:20:29 |
| 10606 || 87.1811202833033 || 2013-06-19 04:20:21 |
| 10607 || 11.6457557938539 || 2014-10-25 13:52:12 |
| 10608 || 11.0932934124565 || 2012-03-22 14:18:02 |
| 10609 || 5.1479006512719 || 2011-12-01 13:57:45 |
| 10610 || -10.3308018784339 || 2011-07-01 02:25:11 |
| 10611 || 18.17630099215 || 2015-10-03 17:01:14 |
| 10612 || 54.3458845724143 || 2015-11-16 08:12:52 |
| 10613 || 6.20039043738025 || 2010-12-09 13:45:56 |
| 10614 || 1.13694804672145 || 2019-07-05 11:13:55 |
| 10615 || 13.2011158213787 || 2018-08-04 14:13:14 |
| 10616 || 8.63609140075165 || 2013-05-23 14:46:53 |
| 10617 || 68.9385740473699 || 2012-12-25 10:59:02 |
| 10618 || 13.6976162253819 || 2013-02-24 12:54:03 |
| 10619 || -0.500739701194263 || 2015-02-11 11:51:30 |
| 10620 || 22.8852881703326 || 2019-04-02 19:23:59 |
| 10621 || -8.41694433083068 || 2010-02-01 23:39:13 |
| 10622 || -20.4037096083428 || 2016-04-26 03:04:28 |
| 10623 || 24.3408491509855 || 2011-11-08 07:17:06 |
| 10624 || 0.295342683777232 || 2010-03-26 04:02:30 |
| 10625 || 5.17489877928312 || 2019-11-26 06:30:09 |
| 10626 || 82.8995530940762 || 2011-08-12 17:44:53 |
| 10627 || -26.49324238908 || 2016-11-12 15:34:16 |
| 10628 || 22.8586577729255 || 2010-06-04 05:49:10 |
| 10629 || -0.00226722274282243 || 2017-12-17 23:19:46 |
| 10630 || 7.74674584527786 || 2014-04-05 00:15:04 |
| 10631 || -14.4267594918389 || 2011-07-10 14:33:50 |
| 10632 || 80.8819652058263 || 2012-06-26 19:17:47 |
| 10633 || 24.2454337640624 || 2012-03-17 19:50:35 |
| 10634 || 0.203921241430598 || 2010-08-12 19:48:17 |
| 10635 || 3.13142180641279 || 2019-07-19 22:04:35 |
| 10636 || 5.91686919157264 || 2014-07-02 03:50:03 |
| 10637 || 23.43 || 2020-01-08 20:20:22 |
| 10638 || 11.251 || 2020-01-08 20:20:22 |
| 10639 || 32.1 || 2020-01-08 20:20:22 |
| 10640 || -5.334 || 2020-01-08 20:20:22 |
| 10641 || 14.8372 || 2020-01-08 20:20:22 |
| 10642 || 16.0509 || 2014-01-01 03:10:54 |
| 10643 || 1.47326711971824 || 2012-07-22 13:51:08 |
| 10644 || -0.782488439917299 || 2012-01-02 14:26:39 |
| 10645 || -2.87805758828135 || 2015-11-01 03:10:48 |
| 10646 || 65.1637607696924 || 2018-08-08 17:27:24 |
| 10647 || -29.6539412786042 || 2019-12-18 06:29:06 |
| 10648 || -11.4578406514735 || 2010-01-27 17:24:33 |
| 10649 || -0.103135761252819 || 2015-09-21 09:27:55 |
| 10650 || 2.11330191321244 || 2014-03-08 00:12:11 |
| 10651 || -17.7431072307778 || 2011-03-23 20:24:53 |
| 10652 || 19.4134048254395 || 2011-06-02 16:25:46 |
| 10653 || -13.0165861120017 || 2013-02-05 00:09:37 |
| 10654 || -1.94690739400664 || 2015-12-05 22:21:11 |
| 10655 || 2.49161027562707 || 2016-01-16 20:10:06 |
| 10656 || -1.05710021255831 || 2018-10-04 19:44:22 |
| 10657 || 53.7911454615206 || 2016-02-06 19:56:51 |
| 10658 || -20.0995470705674 || 2011-07-01 02:27:38 |
| 10659 || 3.0654058218405 || 2017-07-19 13:45:18 |
| 10660 || 4.76725882135241 || 2017-06-08 07:02:04 |
| 10661 || 26.0102336004843 || 2010-04-19 06:03:31 |
| 10662 || -20.2725893000055 || 2018-09-20 18:00:20 |
| 10663 || 52.8484484781917 || 2019-07-17 13:25:39 |
| 10664 || 9.38424418199826 || 2015-12-02 16:59:32 |
| 10665 || 2.22071931144109 || 2014-12-20 12:01:40 |
| 10666 || -15.0486215948557 || 2014-08-22 15:28:50 |
| 10667 || 29.1741373816578 || 2014-09-18 10:27:16 |
| 10668 || 43.4433725086381 || 2019-12-25 13:54:22 |
| 10669 || 4.13861841372177 || 2011-07-10 05:25:13 |
| 10670 || -0.414160840750817 || 2011-01-01 23:39:01 |
| 10671 || 41.2032811485433 || 2015-05-01 19:29:29 |
| 10672 || -2.0859806097143 || 2017-04-17 02:18:22 |
| 10673 || 74.4421195312511 || 2019-09-18 04:50:14 |
| 10674 || -5.86662893188106 || 2012-10-11 03:56:16 |
| 10675 || -0.171115005526337 || 2013-02-07 07:25:23 |
| 10676 || 26.7277184427033 || 2017-01-12 06:17:11 |
| 10677 || -26.7121193106452 || 2014-10-23 00:19:53 |
| 10678 || 5.26545835550078 || 2015-04-09 05:56:36 |
| 10679 || 3.71797763690406 || 2011-04-10 13:07:09 |
| 10680 || -0.00572758698639687 || 2019-11-18 23:48:02 |
| 10681 || 31.7759786034191 || 2018-06-05 01:53:20 |
| 10682 || 71.2438891330501 || 2018-04-17 09:56:25 |
| 10683 || 60.9093498788496 || 2010-03-22 07:58:56 |
| 10684 || 27.1338462507416 || 2010-02-26 19:46:59 |
| 10685 || -0.0280559310053087 || 2019-11-06 08:56:37 |
| 10686 || 24.9921873142874 || 2010-02-03 08:54:04 |
| 10687 || -4.8209169350057 || 2012-12-07 17:35:08 |
| 10688 || -22.8156794421462 || 2015-03-15 00:07:27 |
| 10689 || -12.9509639960568 || 2012-05-01 10:39:57 |
| 10690 || -0.251621641020246 || 2019-07-22 00:11:45 |
| 10691 || -3.67758479197842 || 2010-01-24 11:45:43 |
| 10692 || 4.69616357518341 || 2012-11-13 06:51:48 |
| 10693 || -28.3030851198421 || 2012-01-27 06:07:51 |
| 10694 || 2.24995051233924 || 2010-07-26 01:32:38 |
| 10695 || -0.283369338920733 || 2010-10-04 12:24:07 |
| 10696 || 6.86594311087339 || 2010-02-26 11:22:56 |
| 10697 || 23.1722847021951 || 2010-09-26 03:04:06 |
| 10698 || -6.56209198522557 || 2014-08-05 18:43:25 |
| 10699 || 41.3181593169865 || 2014-08-26 19:47:20 |
| 10700 || 0.097286481195154 || 2016-09-20 04:10:48 |
| 10701 || -3.41017619851631 || 2018-10-17 05:16:50 |
| 10702 || 44.6886797428936 || 2016-02-01 21:13:20 |
| 10703 || 80.0393411292826 || 2011-04-12 04:45:25 |
| 10704 || 24.5870493294526 || 2019-01-15 08:58:44 |
| 10705 || 6.65306306427968 || 2012-05-01 13:23:10 |
| 10706 || 7.86813129502626 || 2010-03-15 14:03:50 |
| 10707 || -6.56694961450657 || 2014-01-13 16:45:13 |
| 10708 || -28.7228958167298 || 2017-06-22 19:21:15 |
| 10709 || 59.9273355628622 || 2019-06-21 04:25:14 |
| 10710 || 0.993776554282614 || 2016-02-12 14:58:37 |
| 10711 || 3.76049124467786 || 2014-11-16 02:43:52 |
| 10712 || 21.5168325736946 || 2011-08-21 23:21:18 |
| 10713 || 36.729110294165 || 2019-09-14 18:58:34 |
| 10714 || 33.0598571061825 || 2011-07-12 23:54:49 |
| 10715 || 12.9127182487194 || 2016-09-24 14:00:57 |
| 10716 || 2.72181154540456 || 2013-06-03 02:13:10 |
| 10717 || 9.0249206240782 || 2014-05-01 16:06:15 |
| 10718 || -15.4991311076923 || 2016-11-25 16:55:19 |
| 10719 || 24.6698628427411 || 2019-10-18 12:24:54 |
| 10720 || 3.72973962282073 || 2018-02-13 19:48:09 |
| 10721 || -0.600868347996372 || 2019-12-05 11:29:44 |
| 10722 || -5.25093946598451 || 2018-08-04 11:57:44 |
| 10723 || 36.8962351998145 || 2016-01-16 11:27:27 |
| 10724 || 73.679511090184 || 2011-08-03 10:39:19 |
| 10725 || 22.0838965753031 || 2010-11-08 09:58:39 |
| 10726 || 0.069595888388824 || 2013-05-25 15:10:15 |
| 10727 || -9.30416365888974 || 2018-05-22 16:28:43 |
| 10728 || 73.427472233494 || 2013-02-15 10:41:20 |
| 10729 || 60.6536972063538 || 2018-10-17 08:16:18 |
| 10730 || 25.6038849724312 || 2012-09-19 22:50:15 |
| 10731 || 0.0122491206663676 || 2019-09-02 12:01:31 |
| 10732 || -3.60810109230995 || 2012-01-03 16:12:56 |
| 10733 || 81.7441636082604 || 2017-08-25 10:58:05 |
| 10734 || 28.9687998091367 || 2018-08-23 10:25:09 |
| 10735 || -7.42423875842724 || 2010-12-17 20:09:52 |
| 10736 || 0.0207486164773288 || 2011-06-12 20:46:23 |
| 10737 || 17.4944342459349 || 2010-02-24 12:49:09 |
| 10738 || 51.3994767048256 || 2017-04-13 13:56:19 |
| 10739 || 31.7557331018591 || 2012-06-10 13:08:48 |
| 10740 || 27.3584122017801 || 2018-01-04 16:33:59 |
| 10741 || 0.660097749878735 || 2016-07-13 14:19:46 |
| 10742 || 6.32419944458596 || 2018-01-16 16:27:59 |
| 10743 || -15.4844088378041 || 2011-07-25 16:42:49 |
| 10744 || -11.043075741537 || 2014-01-25 06:47:56 |
| 10745 || 21.9521831370998 || 2012-01-26 05:23:24 |
| 10746 || 0.703257554801582 || 2016-10-05 04:18:56 |
| 10747 || 17.5841076051756 || 2014-06-13 08:52:12 |
| 10748 || -15.5651330090908 || 2010-06-05 15:12:38 |
| 10749 || 85.3078332511567 || 2018-04-09 23:07:17 |
| 10750 || -15.5580142824968 || 2019-08-24 15:59:27 |
| 10751 || 3.72238191308492 || 2011-04-01 09:01:32 |
| 10752 || 0.0684589208858233 || 2017-10-12 15:20:17 |
| 10753 || -11.2633648802431 || 2019-01-11 13:26:05 |
| 10754 || 11.5662770138843 || 2010-07-10 01:10:15 |
| 10755 || -14.952886404236 || 2018-04-15 08:52:44 |
| 10756 || 6.23034408660693 || 2010-09-08 12:01:41 |
| 10757 || 1.28153955330232 || 2013-03-12 03:50:39 |
| 10758 || 5.46340050234271 || 2012-01-26 21:59:02 |
| 10759 || -28.5421780301533 || 2019-12-15 01:55:21 |
| 10760 || 53.4011294430374 || 2016-12-01 17:12:24 |
| 10761 || -1.4604788530201 || 2017-10-12 01:30:44 |
| 10762 || 23.43 || 2020-01-08 20:51:22 |
| 10763 || 11.251 || 2020-01-08 20:51:22 |
| 10764 || 32.1 || 2020-01-08 20:51:22 |
| 10765 || -5.334 || 2020-01-08 20:51:22 |
| 10766 || 14.8372 || 2020-01-08 20:51:22 |
| 10767 || 16.0509 || 2014-01-01 03:10:54 |
| 10768 || -8.4355479915103 || 2011-05-13 04:48:13 |
| 10769 || -22.2614343048498 || 2019-04-27 09:19:45 |
| 10770 || -22.9561989990308 || 2010-03-23 01:54:20 |
| 10771 || 14.2642316746411 || 2016-03-18 10:57:51 |
| 10772 || -0.446683519777963 || 2013-06-21 07:07:22 |
| 10773 || 16.6929085218726 || 2010-05-13 00:12:27 |
| 10774 || -3.54698216691179 || 2014-08-19 18:59:03 |
| 10775 || 31.8518132276093 || 2018-08-05 21:19:35 |
| 10776 || 20.4088158765664 || 2019-01-17 02:49:40 |
| 10777 || 0.929353669564622 || 2014-01-16 05:50:25 |
| 10778 || 36.717715949144 || 2010-06-07 09:57:52 |
| 10779 || 82.0426472801572 || 2013-03-23 07:34:10 |
| 10780 || 73.7220390084645 || 2013-09-04 10:43:46 |
| 10781 || 1.07066184790614 || 2016-09-18 10:41:26 |
| 10782 || 0.0899844159519122 || 2018-12-22 21:54:35 |
| 10783 || 32.9773500303507 || 2018-07-07 21:34:54 |
| 10784 || -26.1675471923657 || 2016-05-03 22:16:06 |
| 10785 || 15.5646870465968 || 2013-11-01 22:51:29 |
| 10786 || 5.96505182259483 || 2013-06-20 21:13:45 |
| 10787 || -0.00237540716420477 || 2015-03-07 04:50:37 |
| 10788 || 9.29470202752637 || 2016-12-22 00:23:55 |
| 10789 || 63.4394252992642 || 2015-04-26 16:51:04 |
| 10790 || 76.7511355661878 || 2015-01-23 18:52:52 |
| 10791 || -11.7342242239278 || 2016-09-09 02:06:48 |
| 10792 || 0.546002702002396 || 2011-09-02 12:53:26 |
| 10793 || 9.54129666931285 || 2014-10-03 16:40:44 |
| 10794 || 57.9908661535958 || 2017-02-21 16:12:41 |
| 10795 || 73.3185384991716 || 2017-12-04 19:05:21 |
| 10796 || 27.734156349558 || 2013-05-11 03:24:51 |
| 10797 || 0.984380916243222 || 2017-03-19 03:20:52 |
| 10798 || 19.025535169892 || 2019-10-13 12:06:10 |
| 10799 || -10.06055035496 || 2013-07-25 18:50:36 |
| 10800 || 74.1745629684389 || 2010-04-27 00:59:58 |
| 10801 || -7.16814071413671 || 2018-02-01 05:19:08 |
| 10802 || -1.13523434955005 || 2019-04-09 01:00:31 |
| 10803 || 7.29231673412289 || 2010-06-23 20:59:48 |
| 10804 || 66.0087789289099 || 2019-01-24 14:15:01 |
| 10805 || 26.618742419199 || 2019-11-09 10:31:23 |
| 10806 || -12.4483729208339 || 2017-01-26 19:40:02 |
| 10807 || 5.33188596917641 || 2019-05-12 19:04:51 |
| 10808 || 3.37949352184785 || 2018-12-13 07:30:21 |
| 10809 || -4.92138698458451 || 2016-06-08 19:12:04 |
| 10810 || 26.3578852965359 || 2015-03-11 08:04:28 |
| 10811 || 57.6557731792583 || 2011-09-27 22:44:21 |
| 10812 || -2.01880900901805 || 2012-09-06 07:45:18 |
| 10813 || -1.73651389830105 || 2018-02-10 19:31:33 |
| 10814 || 32.1091992805296 || 2016-09-27 12:21:15 |
| 10815 || 55.7039155152607 || 2018-06-11 13:20:48 |
| 10816 || -0.501716728109968 || 2017-01-07 19:34:10 |
| 10817 || 12.2765635939799 || 2019-12-06 04:58:05 |
| 10818 || 1.32670612144739 || 2019-01-26 16:24:45 |
| 10819 || 26.9287496126395 || 2019-07-02 14:52:36 |
| 10820 || -17.4525526184108 || 2010-07-12 14:22:07 |
| 10821 || 40.8120242961636 || 2015-04-11 20:27:34 |
| 10822 || 1.51423661263712 || 2014-05-10 12:24:36 |
| 10823 || -0.912945543977533 || 2012-11-21 10:29:44 |
| 10824 || 45.5093924417339 || 2012-02-10 18:43:37 |
| 10825 || -4.31613742011162 || 2014-06-13 14:50:27 |
| 10826 || -1.7698095207 || 2010-01-17 05:02:00 |
| 10827 || 20.7413035484577 || 2013-03-26 04:45:56 |
| 10828 || 0.370666713838361 || 2011-03-26 02:04:17 |
| 10829 || -12.9471389764599 || 2018-02-20 18:09:57 |
| 10830 || 58.7701400516354 || 2011-10-07 11:26:23 |
| 10831 || -23.6398585357174 || 2014-11-12 11:10:56 |
| 10832 || -2.0620859468282 || 2016-06-25 20:07:01 |
| 10833 || -0.0858913307926383 || 2014-10-02 21:34:55 |
| 10834 || 32.3013776101196 || 2017-12-04 13:53:30 |
| 10835 || 69.9374600798682 || 2012-01-14 20:40:55 |
| 10836 || 73.2455880664418 || 2015-06-05 07:04:47 |
| 10837 || 17.1313599161886 || 2018-09-24 08:32:00 |
| 10838 || 0.00318605773004506 || 2014-02-11 15:05:09 |
| 10839 || -5.16271775262509 || 2017-09-06 05:59:56 |
| 10840 || 54.4759270335615 || 2016-05-23 19:12:20 |
| 10841 || 75.4198122416223 || 2016-11-04 04:22:01 |
| 10842 || 35.7713725535022 || 2015-01-06 10:00:51 |
| 10843 || 0.395150160660935 || 2016-06-18 12:03:08 |
| 10844 || -6.26128211989777 || 2019-03-03 04:49:04 |
| 10845 || 0.933731622306085 || 2014-04-20 19:14:36 |
| 10846 || -22.3042723475663 || 2019-01-14 13:22:02 |
| 10847 || -6.66501701480838 || 2011-03-05 23:38:11 |
| 10848 || -0.399078170977968 || 2014-10-16 08:59:07 |
| 10849 || -6.19359504126984 || 2019-08-02 11:12:31 |
| 10850 || 23.3324836904503 || 2011-05-11 11:33:39 |
| 10851 || -28.9976112711871 || 2019-07-22 06:17:57 |
| 10852 || -11.1565474896835 || 2012-04-25 05:32:32 |
| 10853 || 2.36214161740183 || 2016-06-16 06:53:04 |
| 10854 || 11.6002424638905 || 2014-01-08 11:15:38 |
| 10855 || 39.6531207614378 || 2011-08-27 11:31:32 |
| 10856 || 33.979913295389 || 2010-11-13 04:24:41 |
| 10857 || 46.8849979676408 || 2015-10-15 11:25:53 |
| 10858 || -0.460794951019908 || 2016-04-14 00:12:10 |
| 10859 || 9.88673140116478 || 2013-02-25 18:55:26 |
| 10860 || 8.47638019040299 || 2017-02-25 20:15:09 |
| 10861 || 58.3792737104002 || 2013-10-19 00:23:10 |
| 10862 || 48.7385003317306 || 2010-12-13 14:17:59 |
| 10863 || -2.05888647543541 || 2018-03-27 05:49:56 |
| 10864 || -2.73930172982301 || 2012-02-07 08:08:48 |
| 10865 || 32.2299268166467 || 2012-11-15 13:34:21 |
| 10866 || 78.3814831667784 || 2019-02-07 20:44:01 |
| 10867 || 59.6482321663527 || 2018-04-04 15:50:28 |
| 10868 || 6.68835704456881 || 2016-03-09 17:26:47 |
| 10869 || -0.364246216522633 || 2010-05-11 17:46:30 |
| 10870 || 16.5177383855789 || 2017-09-05 12:23:02 |
| 10871 || 89.2267256398556 || 2010-05-12 20:33:56 |
| 10872 || -7.58435056732671 || 2013-05-26 23:37:26 |
| 10873 || -1.68786419240156 || 2015-07-21 10:45:44 |
| 10874 || 1.39187277176093 || 2011-08-06 03:46:46 |
| 10875 || -4.70625359502867 || 2010-02-14 19:17:39 |
| 10876 || 19.4989170902295 || 2018-03-26 06:52:19 |
| 10877 || -17.0331792545762 || 2012-07-16 10:29:57 |
| 10878 || 0.924831112937091 || 2011-04-26 11:25:31 |
| 10879 || 1.31428041086249 || 2014-11-05 23:55:51 |
| 10880 || -0.494892513903891 || 2016-02-17 00:58:15 |
| 10881 || 56.4410010003468 || 2011-02-21 00:17:03 |
| 10882 || 43.1008455196072 || 2018-09-01 08:00:56 |
| 10883 || 23.9907475328354 || 2013-09-22 12:04:47 |
| 10884 || -0.109648706944906 || 2012-07-07 16:50:46 |
| 10885 || -10.211941580448 || 2010-01-13 12:50:59 |
| 10886 || 44.4351223670181 || 2012-05-10 12:57:12 |
| 10887 || 36.680271370496 || 2019-05-07 15:27:06 |
| 10888 || 22.127443813394 || 2012-01-23 23:20:17 |
| 10889 || 0.000674217828054387 || 2017-02-19 20:46:27 |
| 10890 || 19.0979068341101 || 2017-11-20 23:05:35 |
| 10891 || 24.9628636396742 || 2019-11-06 07:56:17 |
| 10892 || -19.5764368871533 || 2013-03-02 01:34:41 |
| 10893 || 34.1523379540773 || 2010-07-11 03:29:38 |
| 10894 || 0.273154856984312 || 2014-10-25 15:21:24 |
| 10895 || 10.4856572135457 || 2017-08-19 23:42:47 |
| 10896 || 57.3576000262912 || 2011-08-17 04:56:55 |
| 10897 || 74.7880201141429 || 2019-03-19 00:19:35 |
| 10898 || 0.200295379851717 || 2010-10-24 11:14:30 |
| 10899 || -0.210072553653565 || 2013-02-05 17:40:38 |
| 10900 || 4.50716442883346 || 2018-05-11 12:59:44 |
| 10901 || 49.3655544634948 || 2017-06-14 12:09:49 |
| 10902 || -25.9053524090249 || 2016-02-20 05:35:37 |
| 10903 || 14.0437206597547 || 2010-11-20 10:23:47 |
| 10904 || -0.918098268277635 || 2014-03-23 06:10:19 |
| 10905 || 14.3083634034112 || 2018-03-26 10:30:01 |
| 10906 || 9.25935067574717 || 2019-07-09 16:18:04 |
| 10907 || -28.8897178666238 || 2016-05-12 19:09:28 |
| 10908 || -17.0151868236525 || 2018-12-27 15:52:19 |
| 10909 || 4.81482950460705 || 2019-12-13 12:29:22 |
| 10910 || 12.0159239866122 || 2017-02-22 14:46:29 |
| 10911 || 3.73086010950642 || 2011-02-08 02:31:10 |
| 10912 || 89.7997746970096 || 2019-09-19 23:46:27 |
| 10913 || 53.8357060824072 || 2011-11-17 10:35:32 |
| 10914 || 4.24295419771456 || 2015-06-18 04:36:22 |
| 10915 || -2.63893354591939 || 2016-02-27 00:40:26 |
| 10916 || 45.0436101825497 || 2018-04-03 19:33:22 |
| 10917 || -24.1463368315665 || 2014-08-03 21:10:31 |
| 10918 || -20.5175666834588 || 2011-09-14 16:26:46 |
| 10919 || -0.567812845066144 || 2012-12-14 23:57:21 |
| 10920 || 3.59833781090668 || 2016-01-06 11:49:48 |
| 10921 || 51.3119446119616 || 2011-07-04 15:47:45 |
| 10922 || 72.8355780395468 || 2013-06-15 15:21:22 |
| 10923 || 36.5370813170818 || 2010-03-15 13:19:57 |
| 10924 || 4.28446464310507 || 2013-06-07 18:30:15 |
| 10925 || -0.475423966166584 || 2018-05-16 00:44:15 |
| 10926 || 10.9317202028996 || 2017-01-08 19:08:07 |
| 10927 || -16.6551830804632 || 2017-06-18 09:08:30 |
| 10928 || 60.4071280494232 || 2019-02-23 23:00:06 |
| 10929 || 17.2443584379651 || 2011-05-24 10:47:47 |
| 10930 || 1.09651672978441 || 2012-11-22 20:11:34 |
| 10931 || -6.94109033665188 || 2012-03-26 16:01:22 |
| 10932 || 85.6463350617861 || 2016-05-13 19:42:35 |
| 10933 || 35.9173410897299 || 2011-06-04 01:06:47 |
| 10934 || -3.97658549787444 || 2012-07-18 20:48:15 |
| 10935 || -0.1593080193019 || 2013-04-06 07:07:22 |
| 10936 || -11.096488871414 || 2011-12-19 08:31:09 |
| 10937 || 54.1498706396004 || 2015-11-26 08:02:44 |
| 10938 || 74.0674165853919 || 2017-08-23 17:23:17 |
| 10939 || -8.35857100542439 || 2010-05-17 05:23:34 |
| 10940 || -0.00741824610355262 || 2017-06-14 06:43:40 |
| 10941 || 28.2443954986936 || 2013-03-19 01:51:31 |
| 10942 || 8.63125538387544 || 2010-11-06 16:17:49 |
| 10943 || 45.2113636873893 || 2011-09-15 04:03:16 |
| 10944 || 31.8707813864323 || 2019-05-17 17:58:41 |
| 10945 || -0.0524532802937408 || 2015-07-23 10:52:30 |
| 10946 || 9.59338460776215 || 2019-09-02 09:06:37 |
| 10947 || -9.1599278319105 || 2016-11-09 10:09:58 |
| 10948 || -18.2450247851169 || 2018-01-21 05:04:45 |
| 10949 || -11.2028030990194 || 2012-12-27 20:18:29 |
| 10950 || -0.267725483716467 || 2011-06-22 15:17:10 |
| 10951 || 7.88969557100872 || 2017-03-06 05:33:20 |
| 10952 || -12.5795475285899 || 2012-11-05 21:45:15 |
| 10953 || -23.3794849589366 || 2018-06-22 23:10:28 |
| 10954 || 41.3325593574876 || 2017-07-22 17:59:08 |
| 10955 || 1.76692938191077 || 2010-05-08 17:35:44 |
| 10956 || -5.11540589045108 || 2017-07-26 10:04:51 |
| 10957 || 44.836831573609 || 2013-11-16 13:25:07 |
| 10958 || -29.5485426540586 || 2019-11-07 09:46:27 |
| 10959 || -15.7389140539973 || 2018-07-01 21:26:44 |
| 10960 || 1.06194119674055 || 2012-01-18 01:41:39 |
| 10961 || 13.0177611927805 || 2018-11-24 14:43:40 |
| 10962 || 64.1161950078059 || 2019-07-26 15:14:37 |
| 10963 || -6.06027834711114 || 2016-03-16 04:14:40 |
| 10964 || -16.8440876107345 || 2015-04-05 15:00:44 |
| 10965 || 2.89363561868448 || 2011-12-04 03:30:58 |
| 10966 || 6.81528844895917 || 2010-09-17 08:06:24 |
| 10967 || 38.9833018010642 || 2013-09-22 13:57:01 |
| 10968 || 89.8866511077427 || 2014-07-07 02:05:25 |
| 10969 || -14.8203893611699 || 2019-05-15 23:37:52 |
| 10970 || -3.29480790494159 || 2017-07-17 16:01:08 |
| 10971 || 0.0652870514394368 || 2018-09-21 18:45:19 |
| 10972 || -15.9976578161468 || 2016-03-13 14:30:49 |
| 10973 || 73.7633217111752 || 2012-06-15 23:54:56 |
| 10974 || 27.1818826546343 || 2017-03-10 17:25:53 |
| 10975 || 7.25369551691117 || 2016-12-11 18:36:43 |
| 10976 || 2.61181799815977 || 2016-01-18 15:15:43 |
| 10977 || 46.8398896734157 || 2011-01-23 17:10:58 |
| 10978 || 52.4903617390775 || 2010-12-04 16:24:06 |
| 10979 || 68.1182365453586 || 2012-03-13 01:11:49 |
| 10980 || 16.7101880027079 || 2016-05-20 21:31:34 |
| 10981 || 1.95694256054968 || 2019-05-21 22:57:29 |
| 10982 || 12.4857193235999 || 2017-01-27 16:28:59 |
| 10983 || -9.77667205246421 || 2016-09-22 05:18:18 |
| 10984 || 71.1733140608592 || 2015-03-18 06:35:06 |
| 10985 || -4.83626558207363 || 2010-09-14 18:41:24 |
| 10986 || -0.132735295965989 || 2015-06-01 05:57:42 |
| 10987 || 33.6755993127267 || 2017-07-03 01:30:26 |
| 10988 || 84.5028311420086 || 2015-01-22 17:59:24 |
| 10989 || 22.8379344172196 || 2017-10-08 08:27:47 |
| 10990 || 9.23666956700678 || 2015-12-15 04:44:37 |
| 10991 || 0.00951471324982341 || 2016-08-21 11:29:32 |
| 10992 || 24.4115934568744 || 2010-01-06 21:58:24 |
| 10993 || 70.327343900935 || 2013-09-05 13:33:49 |
| 10994 || 53.7273429920059 || 2017-01-10 18:17:17 |
| 10995 || 12.0141527507524 || 2016-02-18 09:05:07 |
| 10996 || 0.0893877859678614 || 2019-09-03 05:37:36 |
| 10997 || -8.94479653872781 || 2010-12-26 03:48:40 |
| 10998 || 71.911766741536 || 2017-06-17 12:43:19 |
| 10999 || 46.5197198339927 || 2016-11-10 11:41:49 |
| 11000 || 8.71290857237954 || 2019-07-20 15:28:55 |
| 11001 || 0.363940780260758 || 2013-06-10 17:18:03 |
| 11002 || 22.4887761564066 || 2012-10-13 14:16:14 |
| 11003 || -16.9916802926196 || 2013-12-14 02:47:06 |
| 11004 || 7.60253371503821 || 2017-10-26 19:11:32 |
| 11005 || 35.9885651741626 || 2012-09-06 14:20:30 |
| 11006 || 2.09626073029492 || 2010-12-17 14:41:41 |
| 11007 || 11.416615765705 || 2018-02-03 12:07:13 |
| 11008 || 66.9231493777813 || 2018-07-09 14:04:31 |
| 11009 || 71.0779608013406 || 2014-11-24 04:41:10 |
| 11010 || 34.6328085935328 || 2014-04-19 16:44:11 |
| 11011 || 0.464311989686651 || 2013-09-26 21:25:09 |
| 11012 || 0.24609037576306 || 2011-06-15 08:42:38 |
| 11013 || 63.7335901302784 || 2010-11-21 19:58:14 |
| 11014 || -13.9622266491218 || 2010-12-23 06:54:09 |
| 11015 || -18.054362759276 || 2016-01-24 02:47:30 |
| 11016 || 5.00518771481964 || 2018-07-23 01:35:13 |
| 11017 || 5.77091943000196 || 2011-04-09 17:43:04 |
| 11018 || 15.7863873431416 || 2017-05-20 18:54:45 |
| 11019 || -15.6636171936715 || 2010-05-01 17:51:00 |
| 11020 || 29.2291609029368 || 2011-02-13 13:45:22 |
| 11021 || 7.93851271285822 || 2018-08-17 16:27:56 |
| 11022 || 6.92523139707908 || 2013-11-21 10:46:42 |
| 11023 || -18.0837039424663 || 2018-06-20 21:04:18 |
| 11024 || 79.8719618164809 || 2015-11-25 02:27:35 |
| 11025 || 63.9333786878015 || 2011-02-06 10:27:04 |
| 11026 || 4.23573192310095 || 2012-02-23 11:48:48 |
| 11027 || -0.858315280392444 || 2019-03-24 15:33:53 |
| 11028 || 28.1850485298115 || 2014-06-10 06:13:57 |
| 11029 || 60.2163847911974 || 2013-10-15 16:17:35 |
| 11030 || 64.1716422690089 || 2019-02-09 01:55:34 |
| 11031 || 12.376483041495 || 2014-02-06 11:08:21 |
| 11032 || 2.26587652512633 || 2017-02-04 16:12:19 |
| 11033 || 40.2713188155289 || 2018-05-10 16:57:02 |
| 11034 || 6.77004288263932 || 2018-09-16 21:26:17 |
| 11035 || -10.6248549489147 || 2012-04-17 10:54:13 |
| 11036 || 21.3362304609867 || 2012-12-01 12:39:58 |
| 11037 || 0.5627304152933 || 2017-02-20 02:42:56 |
| 11038 || -8.31510229236546 || 2012-05-06 11:47:44 |
| 11039 || -21.7849650720831 || 2018-03-08 02:21:56 |
| 11040 || 61.8686573414811 || 2018-12-09 20:46:21 |
| 11041 || 13.1126709887892 || 2011-07-01 18:59:51 |
| 11042 || 0.0447049686510829 || 2017-01-10 01:41:11 |
| 11043 || -5.84700685052343 || 2017-10-14 22:27:07 |
| 11044 || 15.2710682500147 || 2017-04-04 15:33:32 |
| 11045 || 20.9989002667478 || 2017-09-02 08:35:02 |
| 11046 || -9.42471207031404 || 2010-05-25 19:30:23 |
| 11047 || 0.0216935387763444 || 2014-04-07 22:57:49 |
| 11048 || 3.40573088757607 || 2015-04-17 14:07:52 |
| 11049 || 77.5785888246662 || 2013-04-11 22:18:59 |
| 11050 || -25.6797354491615 || 2011-04-20 14:31:26 |
| 11051 || 36.5966745483406 || 2017-09-23 04:39:45 |
| 11052 || -0.125267972510127 || 2016-03-26 14:12:38 |
| 11053 || 8.21422954676185 || 2019-02-14 16:16:04 |
| 11054 || -16.728505469793 || 2011-12-05 11:12:02 |
| 11055 || 85.717638468308 || 2018-09-14 00:19:59 |
| 11056 || 39.5176028262351 || 2016-08-17 02:44:54 |
| 11057 || -0.566737693355537 || 2014-12-27 06:05:15 |
| 11058 || 14.5597062897349 || 2019-08-17 11:04:54 |
| 11059 || -20.9573811921696 || 2015-06-05 08:50:18 |
| 11060 || 71.1759826659488 || 2013-10-09 18:20:10 |
| 11061 || -12.9916265257406 || 2011-12-03 13:54:18 |
| 11062 || 3.60137490513013 || 2017-09-13 21:23:43 |
| 11063 || -0.465243948834648 || 2018-03-22 05:29:46 |
| 11064 || 40.6687827345753 || 2011-10-19 00:05:10 |
| 11065 || 11.0574861005955 || 2011-11-10 02:36:38 |
| 11066 || 21.3420897514077 || 2012-01-16 11:31:26 |
| 11067 || 5.85555095011501 || 2016-05-12 08:14:30 |
| 11068 || 3.67044793746266 || 2018-06-20 15:34:23 |
| 11069 || 7.46009283391222 || 2019-11-01 10:36:45 |
| 11070 || 17.1496519201453 || 2016-04-18 07:50:13 |
| 11071 || -19.4542484683865 || 2017-09-10 00:18:51 |
| 11072 || -0.909772597875886 || 2010-12-19 21:17:59 |
| 11073 || 5.54993980136663 || 2018-07-09 11:51:16 |
| 11074 || 38.3424007767157 || 2017-05-04 04:29:09 |
| 11075 || -4.00723670252112 || 2010-09-25 05:17:24 |
| 11076 || 42.6641033132621 || 2013-08-15 14:20:27 |
| 11077 || 5.76843904105964 || 2018-11-24 04:32:54 |
| 11078 || -0.790392120539441 || 2016-08-17 06:44:34 |
| 11079 || 20.1100640787256 || 2016-09-05 17:34:52 |
| 11080 || 72.2687739142388 || 2010-12-20 20:01:47 |
| 11081 || -22.5767869945585 || 2019-11-24 03:47:45 |
| 11082 || -2.76430179778145 || 2010-09-22 17:57:36 |
| 11083 || -0.272651672353793 || 2010-12-04 15:48:09 |
| 11084 || 17.1166642871173 || 2012-11-15 15:53:59 |
| 11085 || 12.8903605964231 || 2019-11-11 13:00:33 |
| 11086 || -12.8952149658544 || 2018-09-19 18:18:25 |
| 11087 || 18.7315395739704 || 2017-09-04 23:09:28 |
| 11088 || 0.960523059803708 || 2016-12-14 15:38:05 |
| 11089 || 37.3760685894093 || 2017-06-24 05:04:31 |
| 11090 || -25.5122873562493 || 2010-01-13 04:13:54 |
| 11091 || -18.3550188303327 || 2016-05-25 13:23:04 |
| 11092 || -3.89772867931577 || 2015-09-04 09:14:42 |
| 11093 || 0.227888263922424 || 2018-01-12 02:47:31 |
| 11094 || 34.0558218837302 || 2015-12-18 05:03:12 |
| 11095 || -0.908596317193932 || 2014-01-20 12:55:56 |
| 11096 || -26.8634960922532 || 2011-10-23 16:54:06 |
| 11097 || -9.80063588004624 || 2018-11-04 06:58:26 |
| 11098 || 0.00672628508756939 || 2016-03-03 10:41:45 |
| 11099 || 4.54011594834033 || 2010-07-21 08:25:24 |
| 11100 || -22.9779324153292 || 2011-06-22 00:20:06 |
| 11101 || 58.2931701808194 || 2011-05-10 16:55:27 |
| 11102 || 3.35809227928494 || 2012-08-04 20:01:21 |
| 11103 || -0.141852342495539 || 2014-03-13 17:23:40 |
| 11104 || -0.839266032856012 || 2016-04-26 00:15:32 |
| 11105 || -25.016323539543 || 2017-08-05 13:16:01 |
| 11106 || 62.1131179099416 || 2015-09-13 12:56:43 |
| 11107 || 37.5986038728581 || 2018-04-18 11:09:19 |
| 11108 || 0.66234477475861 || 2011-08-26 02:08:48 |
| 11109 || 1.08318792256041 || 2016-02-04 09:58:34 |
| 11110 || 52.6381754058193 || 2019-12-21 21:04:41 |
| 11111 || 6.8161940931145 || 2019-02-19 16:38:52 |
| 11112 || 5.46030614078865 || 2011-04-02 03:01:22 |
| 11113 || 1.94315164148725 || 2010-06-12 13:03:47 |
| 11114 || -4.79919468818408 || 2015-11-10 08:32:19 |
| 11115 || 55.1107893651791 || 2015-12-16 00:50:07 |
| 11116 || 34.0566961900748 || 2011-11-10 09:19:53 |
| 11117 || 33.549048016297 || 2010-09-14 09:36:25 |
| 11118 || -0.00521350843146129 || 2014-08-02 14:21:12 |
| 11119 || -3.74623335425937 || 2016-12-22 04:31:52 |
| 11120 || 31.224938226208 || 2011-06-25 10:40:13 |
| 11121 || 78.62852175973 || 2019-09-08 04:53:36 |
| 11122 || -12.8314610988792 || 2018-10-11 16:15:24 |
| 11123 || -2.77495720701432 || 2011-02-25 22:34:54 |
| 11124 || -2.36513432035674 || 2019-03-15 19:08:48 |
| 11125 || -18.7435185322764 || 2016-08-08 13:12:43 |
| 11126 || 3.35747013203385 || 2019-12-10 21:03:10 |
| 11127 || 58.0621096549638 || 2011-09-02 15:22:07 |
| 11128 || -3.17930736593017 || 2017-06-27 04:24:03 |
| 11129 || 2.06981662798428 || 2018-05-21 03:00:23 |
| 11130 || 5.20874331207448 || 2016-03-08 04:56:21 |
| 11131 || 21.6480373210226 || 2010-01-12 12:12:52 |
| 11132 || 61.9393428811427 || 2010-05-02 08:04:10 |
| 11133 || -1.38496005194296 || 2011-04-17 10:16:43 |
| 11134 || -0.962798530873408 || 2011-03-20 15:22:26 |
| 11135 || 16.4952436682032 || 2014-01-26 16:55:03 |
| 11136 || -18.9421346725454 || 2010-08-01 08:24:24 |
| 11137 || 70.7809247652166 || 2010-12-27 05:22:53 |
| 11138 || 13.5896668908488 || 2019-08-12 14:03:55 |
| 11139 || 1.09020094527719 || 2018-10-01 14:08:11 |
| 11140 || -8.26895929053147 || 2019-05-07 08:35:00 |
| 11141 || -25.0477892540625 || 2013-08-20 20:18:19 |
| 11142 || 52.9750833253056 || 2016-09-16 11:10:31 |
| 11143 || -0.767472509682548 || 2016-07-20 17:39:18 |
| 11144 || 0.33946382436795 || 2010-11-09 04:58:15 |
| 11145 || 34.6997593833019 || 2015-09-21 22:11:40 |
| 11146 || 83.2741439491084 || 2014-10-18 09:35:51 |
| 11147 || -20.859683782206 || 2017-04-17 12:52:17 |
| 11148 || 22.4989081192856 || 2013-07-07 17:03:12 |
| 11149 || -0.000103257363973874 || 2018-09-14 04:29:55 |
| 11150 || 30.0168752303419 || 2012-06-05 04:16:57 |
| 11151 || 35.8749775188895 || 2011-02-03 04:23:49 |
| 11152 || -11.0809869789432 || 2014-07-21 14:01:46 |
| 11153 || -8.37078083960133 || 2011-04-24 14:54:48 |
| 11154 || 0.159207663289995 || 2012-07-03 19:35:00 |
| 11155 || -1.34014171517366 || 2015-01-02 06:30:51 |
| 11156 || 23.3878847229348 || 2011-05-12 00:38:53 |
| 11157 || -25.0639621122419 || 2010-04-20 02:37:03 |
| 11158 || -11.3113033992601 || 2013-10-09 19:46:23 |
| 11159 || 0.19136351116676 || 2011-09-02 04:20:56 |
| 11160 || 3.56051748707072 || 2017-06-05 02:36:14 |
| 11161 || 15.9613929764178 || 2017-09-19 01:05:05 |
| 11162 || -24.3406722177322 || 2012-09-23 01:38:16 |
| 11163 || 17.6400537440763 || 2012-04-10 12:23:09 |
| 11164 || 0.638846525223384 || 2014-10-21 06:45:04 |
| 11165 || -4.14095612469602 || 2018-07-21 16:16:31 |
| 11166 || 45.162178945102 || 2015-07-01 15:35:17 |
| 11167 || 89.1295888424315 || 2010-05-06 19:00:08 |
| 11168 || -16.9007013910023 || 2019-11-01 04:56:02 |
| 11169 || 4.20482793370576 || 2016-04-01 18:46:46 |
| 11170 || -2.80123027808562 || 2012-05-12 07:46:53 |
| 11171 || 13.97053515633 || 2019-07-01 22:34:25 |
| 11172 || 68.1487584172616 || 2015-07-14 01:42:47 |
| 11173 || 56.586692813244 || 2010-01-12 22:09:59 |
| 11174 || 4.36533646770357 || 2018-12-05 04:09:05 |
| 11175 || 23.43 || 2020-01-08 20:58:13 |
| 11176 || 11.251 || 2020-01-08 20:58:13 |
| 11177 || 32.1 || 2020-01-08 20:58:13 |
| 11178 || -5.334 || 2020-01-08 20:58:13 |
| 11179 || 14.8372 || 2020-01-08 20:58:13 |
| 11180 || 16.0509 || 2014-01-01 03:10:54 |
| 11181 || -12.5834104978178 || 2013-09-17 07:40:43 |
| 11182 || 88.5296271301228 || 2013-09-06 18:29:13 |
| 11183 || -8.51516354442556 || 2018-11-07 20:21:03 |
| 11184 || -3.81625731963748 || 2012-12-17 23:49:46 |
| 11185 || -0.637098275771023 || 2013-06-05 16:50:10 |
| 11186 || 45.2371960184769 || 2016-05-11 21:51:05 |
| 11187 || 83.8020601694237 || 2018-05-23 22:38:37 |
| 11188 || 56.3199846049375 || 2011-10-15 18:03:16 |
| 11189 || 15.4498743499151 || 2015-11-18 14:01:26 |
| 11190 || -0.0229780806709058 || 2017-10-26 07:07:41 |
| 11191 || 26.1500900680316 || 2010-07-07 22:45:13 |
| 11192 || 27.9097163985298 || 2019-07-07 18:50:50 |
| 11193 || -12.3178663090957 || 2017-08-20 06:47:55 |
| 11194 || 7.09042433417545 || 2014-03-17 13:26:51 |
| 11195 || 0.241428365153711 || 2012-10-09 12:20:07 |
| 11196 || -10.8504592373929 || 2010-09-25 16:16:47 |
| 11197 || 83.3635521149363 || 2018-04-15 23:03:42 |
| 11198 || 30.2632256974181 || 2010-12-27 21:26:43 |
| 11199 || -9.01581811337832 || 2018-06-15 04:15:42 |
| 11200 || 0.0119762930329742 || 2018-12-25 20:08:18 |
| 11201 || 0.72903829632885 || 2016-06-27 10:41:18 |
| 11202 || 67.7394681349022 || 2012-07-14 18:36:54 |
| 11203 || 80.5257594151419 || 2011-05-03 12:37:51 |
| 11204 || -0.146996108895563 || 2017-06-27 19:09:20 |
| 11205 || 0.17406599330914 || 2016-05-11 13:53:11 |
| 11206 || 2.81364466138188 || 2010-08-17 23:16:23 |
| 11207 || 34.538146447388 || 2010-07-18 00:11:27 |
| 11208 || -22.3978708335699 || 2013-03-10 23:49:03 |
| 11209 || 35.2398400981637 || 2011-05-15 01:44:36 |
| 11210 || 1.00034382873831 || 2019-06-16 07:35:00 |
| 11211 || -4.84940744896314 || 2012-08-05 15:38:18 |
| 11212 || 41.7724692308898 || 2018-05-15 13:57:03 |
| 11213 || -16.907711505039 || 2012-10-20 00:39:38 |
| 11214 || -12.3608119085086 || 2013-04-25 23:40:19 |
| 11215 || 2.27533562116469 || 2011-05-09 04:49:57 |
| 11216 || 5.0648094582508 || 2011-09-10 18:54:47 |
| 11217 || 44.0871004938934 || 2015-07-16 09:41:00 |
| 11218 || -27.4251177778913 || 2016-12-04 18:21:09 |
| 11219 || -16.7414777891058 || 2010-04-22 09:56:34 |
| 11220 || -1.52535502312822 || 2017-08-04 22:34:51 |
| 11221 || -3.26264804003356 || 2012-05-15 06:17:02 |
| 11222 || -8.99781706436261 || 2018-09-13 19:50:44 |
| 11223 || -18.9185729429212 || 2014-12-23 00:01:47 |
| 11224 || 52.9879041645866 || 2019-12-15 16:41:40 |
| 11225 || 2.80641262370319 || 2011-09-06 09:20:29 |
| 11226 || 1.27071511799314 || 2016-03-20 09:27:37 |
| 11227 || -14.2151360146651 || 2014-08-21 17:26:14 |
| 11228 || 89.4105744187012 || 2013-01-11 21:46:09 |
| 11229 || 9.0190221365799 || 2015-10-14 10:19:10 |
| 11230 || -3.27864247116838 || 2018-11-11 08:06:41 |
| 11231 || 0.751347502547354 || 2010-07-06 03:37:10 |
| 11232 || -0.649164059972833 || 2019-04-19 06:53:04 |
| 11233 || 89.1818523718418 || 2019-09-05 07:26:15 |
| 11234 || 62.3230501949656 || 2011-02-23 14:49:18 |
| 11235 || 5.97830102360072 || 2011-08-05 21:08:41 |
| 11236 || 3.12277883400993 || 2017-03-22 21:38:10 |
| 11237 || 29.8151585874103 || 2013-09-02 00:29:51 |
| 11238 || 84.0111324056557 || 2011-01-22 13:43:35 |
| 11239 || 46.7169636339293 || 2010-03-03 01:37:09 |
| 11240 || -0.308933633604476 || 2012-04-02 15:09:00 |
| 11241 || 0.550468622253391 || 2016-07-13 10:46:47 |
| 11242 || 40.6354952312412 || 2014-10-04 15:17:02 |
| 11243 || -3.54179312134825 || 2011-08-05 18:40:55 |
| 11244 || 6.6487217373742 || 2014-11-09 22:09:24 |
| 11245 || -0.0313288414390923 || 2013-01-11 13:34:38 |
| 11246 || -0.215332663088791 || 2011-06-19 18:44:57 |
| 11247 || 33.6366632437835 || 2019-11-15 02:50:00 |
| 11248 || 73.4620913441727 || 2011-10-05 15:36:28 |
| 11249 || 76.4164614263714 || 2012-04-27 01:47:44 |
| 11250 || 27.9682532872402 || 2019-08-01 10:11:36 |
| 11251 || 0.00821692954434888 || 2013-09-12 16:34:58 |
| 11252 || -8.82268721212428 || 2011-11-16 23:04:10 |
| 11253 || -17.27590768533 || 2017-06-22 01:48:56 |
| 11254 || 66.3163890555817 || 2013-11-02 00:55:12 |
| 11255 || -10.9603472778868 || 2016-06-12 14:00:19 |
| 11256 || -0.0187493787125845 || 2011-01-07 08:29:18 |
| 11257 || 24.9828915592801 || 2010-01-24 16:59:27 |
| 11258 || 0.648129788811472 || 2017-01-16 13:23:09 |
| 11259 || 81.383717685471 || 2013-06-06 17:23:55 |
| 11260 || 6.96669763142349 || 2017-02-13 19:20:23 |
| 11261 || -0.179657566819041 || 2013-06-16 17:32:06 |
| 11262 || -0.391196173676003 || 2017-11-01 05:32:07 |
| 11263 || 73.9937056694077 || 2017-09-26 20:48:00 |
| 11264 || -28.094456395789 || 2013-09-05 20:13:57 |
| 11265 || 27.4292429859871 || 2016-09-09 21:36:23 |
| 11266 || -0.485968405368492 || 2019-12-12 02:00:39 |
| 11267 || 2.44252011571554 || 2015-09-06 16:26:12 |
| 11268 || -23.0109781945074 || 2018-11-05 17:19:24 |
| 11269 || 27.8352283947749 || 2014-10-15 10:04:10 |
| 11270 || -11.7735413621765 || 2016-10-10 22:13:23 |
| 11271 || 3.87425222888106 || 2010-07-06 17:45:20 |
| 11272 || 6.12072084378518 || 2017-05-19 07:10:19 |
| 11273 || 50.0974263989763 || 2019-04-20 22:30:25 |
| 11274 || 89.4025857587583 || 2015-10-05 09:08:01 |
| 11275 || 22.1154917024485 || 2016-05-15 01:35:02 |
| 11276 || -1.23567748567987 || 2015-07-25 09:47:47 |
| 11277 || 7.89982113255486 || 2019-11-26 01:22:06 |
| 11278 || 59.2168415031141 || 2018-10-10 19:26:23 |
| 11279 || -25.8436818669808 || 2012-11-02 01:10:32 |
| 11280 || 46.2717556338024 || 2013-02-18 00:13:50 |
| 11281 || -2.64325520179437 || 2012-01-18 07:35:49 |
| 11282 || 6.00590620524328 || 2015-07-27 14:02:28 |
| 11283 || -6.14627162120086 || 2017-10-27 01:16:52 |
| 11284 || 74.9284398640849 || 2016-02-06 10:29:28 |
| 11285 || 48.1387457527228 || 2019-11-06 01:58:12 |
| 11286 || 9.24763230202955 || 2017-09-03 22:30:15 |
| 11287 || 1.02333830697354 || 2015-08-22 14:12:42 |
| 11288 || 17.00329165875 || 2010-01-18 02:06:01 |
| 11289 || 19.3389433542716 || 2018-10-08 22:46:55 |
| 11290 || 50.8193921208103 || 2012-10-11 19:18:41 |
| 11291 || 2.47481736949651 || 2013-07-16 00:58:52 |
| 11292 || 1.92548035858815 || 2016-07-21 22:01:18 |
| 11293 || -5.27406978580096 || 2012-02-10 09:15:33 |
| 11294 || 69.5637538637687 || 2016-04-14 14:46:28 |
| 11295 || 73.304834604175 || 2013-01-21 06:31:30 |
| 11296 || 21.4059061255533 || 2014-11-19 09:25:08 |
| 11297 || -0.0404163867338427 || 2012-09-12 06:04:51 |
| 11298 || 8.2129912715891 || 2014-11-15 01:19:19 |
| 11299 || -19.239380927678 || 2016-09-06 19:28:25 |
| 11300 || -5.5193389525313 || 2018-08-01 01:03:19 |
| 11301 || 25.8601640451653 || 2013-10-17 22:55:45 |
| 11302 || 0.0612117957205094 || 2017-07-01 20:02:42 |
| 11303 || 18.8065121339188 || 2016-05-06 16:28:14 |
| 11304 || 12.4046574295859 || 2015-03-02 09:02:49 |
| 11305 || 13.3616930486384 || 2017-06-07 21:34:26 |
| 11306 || 23.0072688372164 || 2014-09-27 03:17:26 |
| 11307 || 0.00557595430132236 || 2011-12-12 20:34:41 |
| 11308 || 25.2512218895676 || 2013-06-12 02:08:39 |
| 11309 || -16.463372111613 || 2015-06-12 06:37:59 |
| 11310 || 6.47791725745566 || 2017-06-02 00:58:57 |
| 11311 || 17.5481510825326 || 2019-03-04 22:21:17 |
| 11312 || -0.0433958158085233 || 2011-10-03 03:18:24 |
| 11313 || 4.67455601173116 || 2013-05-14 10:33:27 |
| 11314 || -24.8407691072918 || 2017-10-23 02:08:31 |
| 11315 || -28.297840134334 || 2014-03-15 16:33:13 |
| 11316 || 13.2713308178744 || 2011-07-17 12:06:02 |
| 11317 || 0.527429861871498 || 2015-04-15 04:15:59 |
| 11318 || 10.0782803043333 || 2013-03-01 02:38:50 |
| 11319 || 67.8229566244647 || 2013-06-09 20:14:36 |
| 11320 || 87.9368535246496 || 2011-10-23 21:46:48 |
| 11321 || 20.7938957609835 || 2015-12-12 06:09:54 |
| 11322 || 1.37840706885333 || 2018-12-14 06:01:41 |
| 11323 || -3.16559966382061 || 2016-03-06 19:33:57 |
| 11324 || 16.8791577347571 || 2013-10-10 08:05:55 |
| 11325 || 14.1964094246106 || 2014-06-05 20:51:29 |
| 11326 || -5.64408506724009 || 2019-12-10 18:20:42 |
| 11327 || -1.29867301869957 || 2018-05-13 00:07:26 |
| 11328 || 10.0120202905029 || 2017-11-21 10:33:02 |
| 11329 || -15.3295826146459 || 2014-04-27 17:51:23 |
| 11330 || 37.7025069804889 || 2014-07-13 20:25:09 |
| 11331 || 47.6425408159011 || 2019-02-25 01:46:07 |
| 11332 || -2.31647305666938 || 2012-11-14 10:31:30 |
| 11333 || 7.33737735642802 || 2011-01-16 21:18:35 |
| 11334 || 13.5142448159418 || 2017-09-26 01:40:57 |
| 11335 || 49.7707913479706 || 2012-01-09 16:31:20 |
| 11336 || -20.6076642184984 || 2012-10-03 23:25:29 |
| 11337 || 8.8356293774547 || 2018-01-14 19:04:29 |
| 11338 || 0.0486778756359267 || 2017-08-14 02:02:08 |
| 11339 || 39.8810968061067 || 2015-04-14 16:31:33 |
| 11340 || 5.61541854448928 || 2015-05-16 12:44:05 |
| 11341 || -19.8821469747702 || 2012-06-10 03:17:03 |
| 11342 || 8.60938202946802 || 2018-08-16 13:24:05 |
| 11343 || -0.214860607943334 || 2011-03-09 00:29:53 |
| 11344 || -12.9351265555818 || 2014-08-16 02:57:05 |
| 11345 || 34.978852606383 || 2014-10-15 10:23:12 |
| 11346 || 9.52389716690818 || 2019-04-24 22:20:30 |
| 11347 || 20.028329604749 || 2014-09-09 17:36:49 |
| 11348 || -0.348860153904212 || 2012-12-25 07:21:31 |
| 11349 || 31.2910224157596 || 2013-04-23 15:50:16 |
| 11350 || 76.0611743504145 || 2019-06-13 16:47:12 |
| 11351 || 75.8544978045237 || 2017-03-27 05:27:37 |
| 11352 || -5.16575738264791 || 2019-07-05 21:15:06 |
| 11353 || 0.191203467216213 || 2019-12-01 08:54:45 |
| 11354 || 34.1772567380266 || 2010-12-23 20:13:37 |
| 11355 || 16.3661708074915 || 2011-02-16 21:15:34 |
| 11356 || 74.9483630664438 || 2011-05-13 00:39:42 |
| 11357 || -3.25971755945069 || 2016-07-23 15:15:19 |
| 11358 || -0.00468970139847918 || 2014-01-07 21:10:07 |
| 11359 || 15.2530340559961 || 2011-03-22 20:32:21 |
| 11360 || 55.4596099499996 || 2019-12-19 20:27:39 |
| 11361 || -27.3445134729258 || 2019-09-02 19:40:12 |
| 11362 || 23.8021347297812 || 2016-11-10 13:08:22 |
| 11363 || 0.456507365862754 || 2018-09-26 03:55:53 |
| 11364 || 21.960326735533 || 2010-11-03 23:15:59 |
| 11365 || -1.46343525838772 || 2012-01-12 12:30:43 |
| 11366 || 50.8927748499159 || 2012-07-18 22:31:53 |
| 11367 || -10.0128805150521 || 2015-03-06 00:54:15 |
| 11368 || -0.419804338635719 || 2018-03-13 19:15:52 |
| 11369 || 8.87398013995412 || 2019-08-22 06:25:50 |
| 11370 || -23.4271338874615 || 2012-09-02 07:45:19 |
| 11371 || 43.1470007120358 || 2017-10-08 04:28:27 |
| 11372 || -15.6761385219523 || 2012-03-02 04:02:19 |
| 11373 || -1.07443744835256 || 2010-10-14 03:30:10 |
| 11374 || -1.76065876101393 || 2010-12-04 14:47:04 |
| 11375 || 25.0908674864722 || 2016-10-08 05:26:05 |
| 11376 || 63.562866534245 || 2018-06-02 04:10:43 |
| 11377 || 47.5565884479593 || 2010-05-18 14:53:51 |
| 11378 || 5.51738781749058 || 2010-11-16 04:00:45 |
| 11379 || -3.50566442709856 || 2019-05-12 17:24:07 |
| 11380 || 30.503946767056 || 2015-05-15 18:41:22 |
| 11381 || -28.9263072752594 || 2011-06-04 04:58:30 |
| 11382 || -17.0376702078084 || 2019-08-15 06:44:18 |
| 11383 || -2.41236270876292 || 2015-06-22 22:06:09 |
| 11384 || 1.45813294601867 || 2017-02-07 02:33:42 |
| 11385 || -18.5481400681102 || 2018-01-24 02:16:14 |
| 11386 || -8.85845663098809 || 2019-12-01 08:35:32 |
| 11387 || -12.8385427567911 || 2018-04-03 13:26:54 |
| 11388 || 11.3494775416181 || 2014-10-05 00:37:03 |
| 11389 || -1.35974938754926 || 2016-08-01 12:53:48 |
| 11390 || 31.6650822200222 || 2013-02-05 04:27:27 |
| 11391 || 35.8562800166308 || 2019-07-26 12:54:10 |
| 11392 || -10.2582580682059 || 2018-08-01 00:27:49 |
| 11393 || -4.64882555094534 || 2017-03-01 18:50:04 |
| 11394 || 0.210142203114488 || 2011-11-06 02:55:48 |
| 11395 || 45.9496515505865 || 2016-06-25 01:31:30 |
| 11396 || -23.7048824758594 || 2015-01-09 20:34:41 |
| 11397 || -23.2830491047513 || 2015-07-09 08:58:57 |
| 11398 || 8.81597842898601 || 2011-12-20 17:35:56 |
| 11399 || -0.416271345549149 || 2017-02-12 15:55:16 |
| 11400 || -11.671732377027 || 2018-07-15 01:57:04 |
| 11401 || 64.5485121119144 || 2014-06-27 01:53:11 |
| 11402 || -25.503394136025 || 2015-03-15 10:46:08 |
| 11403 || 5.37350724223988 || 2011-11-06 19:27:12 |
| 11404 || 0.0431757689056163 || 2012-06-04 00:26:55 |
| 11405 || -8.68646040664847 || 2019-09-04 13:58:01 |
| 11406 || 66.1128818344659 || 2014-04-01 05:57:12 |
| 11407 || 77.5803242619298 || 2017-06-01 11:03:03 |
| 11408 || -4.13841350772814 || 2014-10-18 08:50:36 |
| 11409 || 8.40930445320774e-05 || 2019-12-16 07:29:25 |
| 11410 || 7.710252757498 || 2011-03-18 23:10:30 |
| 11411 || 61.0163331642977 || 2010-09-24 10:01:34 |
| 11412 || 61.6615990701999 || 2012-08-08 16:15:33 |
| 11413 || 34.1040440678238 || 2016-02-16 06:43:31 |
| 11414 || -0.106108675948186 || 2016-11-08 23:00:25 |
| 11415 || -0.401711954822269 || 2010-05-12 23:21:30 |
| 11416 || -8.32113524674958 || 2010-02-02 05:40:29 |
| 11417 || 73.9944234239502 || 2017-12-04 10:16:17 |
| 11418 || 32.2702593562929 || 2010-06-19 09:18:57 |
| 11419 || -0.436179871808904 || 2015-02-10 11:46:54 |
| 11420 || 8.36640197751214 || 2017-06-04 05:32:37 |
| 11421 || 53.7672912318176 || 2013-09-19 16:08:11 |
| 11422 || 57.5407752273338 || 2015-06-21 02:01:40 |
| 11423 || 42.9403756526542 || 2016-10-08 18:59:21 |
| 11424 || -0.0406019075289045 || 2016-05-12 20:57:19 |
| 11425 || -0.856051472471649 || 2011-07-08 18:07:28 |
| 11426 || 2.58451108270835 || 2017-06-24 19:11:00 |
| 11427 || -25.3750233777076 || 2019-09-02 18:12:34 |
| 11428 || 32.9429809851044 || 2011-03-08 14:00:29 |
| 11429 || 4.96241449188906 || 2010-06-18 09:59:24 |
| 11430 || -2.49024199320289 || 2017-10-19 03:51:46 |
| 11431 || 45.1607989618211 || 2014-06-16 11:42:27 |
| 11432 || 2.26406559316064 || 2017-05-12 14:18:12 |
| 11433 || 3.61478890153101 || 2016-01-25 18:07:07 |
| 11434 || 3.24383295155625 || 2013-07-21 02:01:55 |
| 11435 || -2.7841410250578 || 2014-07-23 07:08:44 |
| 11436 || -0.261075648806007 || 2019-02-24 17:03:27 |
| 11437 || 35.9434966166866 || 2015-12-26 23:53:25 |
| 11438 || -15.4361481167474 || 2016-04-07 20:17:45 |
| 11439 || 9.59068789668657 || 2014-04-22 22:46:44 |
| 11440 || -0.385934890754887 || 2019-09-27 21:52:22 |
| 11441 || 42.806256291261 || 2016-06-16 23:35:50 |
| 11442 || -14.1275942609119 || 2011-05-17 19:29:03 |
| 11443 || 34.3995388096132 || 2016-04-15 23:31:27 |
| 11444 || 14.1878809581442 || 2015-10-10 20:16:29 |
| 11445 || -0.717864716935106 || 2013-12-13 05:10:48 |
| 11446 || -15.4286997648378 || 2017-09-21 01:54:06 |
| 11447 || 5.17438026528553 || 2013-04-03 12:25:08 |
| 11448 || 1.16222889264676 || 2016-02-15 14:05:55 |
| 11449 || -6.3042693926236 || 2010-06-25 05:15:47 |
| 11450 || -0.442451495891778 || 2014-01-26 08:35:20 |
| 11451 || -13.7467895821885 || 2012-02-10 03:59:59 |
| 11452 || 38.4416756081685 || 2014-09-09 18:30:32 |
| 11453 || -18.8658002010393 || 2015-08-19 21:02:39 |
| 11454 || 23.2627247109694 || 2017-07-09 19:25:49 |
| 11455 || 0.163294513671994 || 2011-07-25 22:38:35 |
| 11456 || -5.9596535304875 || 2018-07-01 14:23:29 |
| 11457 || 79.647624864147 || 2015-02-09 12:00:41 |
| 11458 || 60.0543507025394 || 2014-10-01 22:39:27 |
| 11459 || 8.20272079696862 || 2011-12-07 00:51:25 |
| 11460 || 0.00843918405823169 || 2018-11-06 00:47:11 |
| 11461 || 3.90342531075698 || 2015-06-26 06:07:20 |
| 11462 || 68.3314847877533 || 2010-04-10 22:04:56 |
| 11463 || 43.0633937634679 || 2019-06-25 07:40:26 |
| 11464 || -9.50575181385625 || 2019-10-17 15:09:03 |
| 11465 || 0.213999679041578 || 2016-09-26 23:35:01 |
| 11466 || 6.20925809166474 || 2011-08-19 21:58:33 |
| 11467 || -19.4127088164664 || 2019-06-17 07:18:36 |
| 11468 || -13.0295049369754 || 2010-04-08 03:02:06 |
| 11469 || 36.9146729910666 || 2015-12-27 20:54:14 |
| 11470 || -0.0960250611115074 || 2016-06-12 17:30:51 |
| 11471 || 2.18622258554324 || 2016-02-06 18:07:53 |
| 11472 || 57.5179008965971 || 2011-08-25 01:29:10 |
| 11473 || -8.16378772283281 || 2012-06-12 10:34:46 |
| 11474 || -9.27537737503745 || 2016-06-27 22:22:01 |
| 11475 || -0.218831529544648 || 2014-08-22 23:53:11 |
| 11476 || 12.8416810591694 || 2018-06-11 21:18:04 |
| 11477 || -7.34785600556574 || 2016-08-02 08:36:07 |
| 11478 || 42.5426320289433 || 2011-07-16 14:35:44 |
| 11479 || -13.1370733810164 || 2010-10-18 13:42:50 |
| 11480 || 4.07124119723523 || 2017-12-08 17:05:23 |
| 11481 || 1.97891479050712 || 2018-03-05 23:26:48 |
| 11482 || 16.6629132745994 || 2017-11-17 00:02:58 |
| 11483 || -26.0427107133701 || 2017-01-21 20:57:37 |
| 11484 || 12.0353893500604 || 2018-11-05 09:04:00 |
| 11485 || -1.88965809766375 || 2019-12-05 04:10:25 |
| 11486 || 8.81853812748427 || 2019-09-17 19:50:34 |
| 11487 || 52.040093573517 || 2011-10-15 16:31:19 |
| 11488 || 68.0557487097003 || 2014-01-20 20:24:07 |
| 11489 || 49.4450957658359 || 2013-02-10 07:50:36 |
| 11490 || 9.86546519804973 || 2011-07-14 09:39:58 |
| 11491 || 3.55817508023709 || 2018-10-15 05:14:26 |
| 11492 || 33.2778653648843 || 2019-10-16 21:00:27 |
| 11493 || 82.3373165623333 || 2017-01-08 12:14:36 |
| 11494 || 51.0566921601312 || 2010-07-25 17:30:12 |
| 11495 || 14.3007755376965 || 2010-07-03 21:41:33 |
| 11496 || 3.6160067806148 || 2013-07-27 02:56:20 |
| 11497 || 29.5240886760013 || 2017-04-23 02:19:18 |
| 11498 || 23.7053252794926 || 2013-06-27 08:58:59 |
| 11499 || 8.05173986758956 || 2014-01-06 00:44:20 |
| 11500 || 18.7053215966295 || 2012-01-19 03:15:50 |
| 11501 || -0.441629553139041 || 2016-11-03 03:10:54 |
| 11502 || 40.5761809523694 || 2010-07-18 03:06:39 |
| 11503 || -1.27169588105834 || 2017-07-26 19:04:35 |
| 11504 || -24.8302576633948 || 2010-05-01 21:18:08 |
| 11505 || 5.40807024351403 || 2016-03-03 16:49:40 |
| 11506 || 0.603188007762425 || 2016-11-27 07:04:13 |
| 11507 || 8.65437412248631 || 2013-01-03 14:29:10 |
| 11508 || -27.0433660008102 || 2018-06-03 21:06:12 |
| 11509 || 66.8610254716824 || 2013-09-14 08:27:12 |
| 11510 || -6.27617406561892 || 2012-04-03 08:19:22 |
| 11511 || -0.0137966024197861 || 2013-02-04 07:17:57 |
| 11512 || 0.859501584102842 || 2011-01-05 22:54:35 |
| 11513 || 48.8748967556709 || 2018-06-07 22:04:35 |
| 11514 || 82.0027051601452 || 2012-01-06 21:12:21 |
| 11515 || 19.0999975730743 || 2015-03-16 12:55:50 |
| 11516 || 0.125456751992013 || 2013-10-03 23:29:43 |
| 11517 || -2.00720488670658 || 2011-01-17 23:52:21 |
| 11518 || -19.9230877450997 || 2018-01-27 18:27:44 |
| 11519 || 51.7098804114781 || 2018-11-03 15:05:16 |
| 11520 || 10.287251701347 || 2014-03-22 23:08:19 |
| 11521 || -0.280796178564193 || 2016-10-20 14:40:43 |
| 11522 || 15.5170721128443 || 2010-10-09 21:23:32 |
| 11523 || 68.7475006362675 || 2016-04-01 03:45:21 |
| 11524 || -21.9725963688195 || 2016-05-13 12:56:49 |
| 11525 || -4.56175210761914 || 2016-11-18 21:06:13 |
| 11526 || -0.535412474766405 || 2016-11-03 05:56:45 |
| 11527 || -0.232102525969644 || 2013-03-14 09:57:17 |
| 11528 || 13.2555429370469 || 2013-10-15 16:32:43 |
| 11529 || 63.491788247411 || 2014-09-16 19:54:20 |
| 11530 || 46.8885405600467 || 2011-10-21 22:59:26 |
| 11531 || 1.46568841618872 || 2014-06-11 16:47:44 |
| 11532 || 11.6519156916325 || 2018-03-06 03:11:35 |
| 11533 || 40.5616987553883 || 2019-10-11 22:27:12 |
| 11534 || 12.0706560708588 || 2011-10-05 10:18:00 |
| 11535 || 22.9986555133993 || 2011-08-25 20:03:33 |
| 11536 || 5.58037668393551 || 2012-05-19 20:43:46 |
| 11537 || 3.10286636782664 || 2019-10-01 08:43:57 |
| 11538 || 44.4166108510667 || 2018-09-27 23:09:47 |
| 11539 || 53.3636694547961 || 2017-11-25 17:46:18 |
| 11540 || 48.1881345236117 || 2019-11-03 23:58:00 |
| 11541 || -3.33652541200919 || 2011-03-12 02:16:34 |
| 11542 || 2.34199311340482 || 2010-04-07 21:27:29 |
| 11543 || -13.4114088113799 || 2017-03-05 05:10:21 |
| 11544 || 53.2733875103812 || 2010-01-02 04:11:19 |
| 11545 || -21.6368655907393 || 2016-02-02 13:30:18 |
| 11546 || 12.8708360657496 || 2010-08-25 11:12:43 |
| 11547 || 3.21805187886306 || 2019-06-02 13:56:16 |
| 11548 || 16.8306712777816 || 2013-02-14 21:24:01 |
| 11549 || -28.3583260309554 || 2019-05-26 14:04:37 |
| 11550 || 69.6802145682181 || 2014-08-27 00:52:03 |
| 11551 || 7.99719251932993 || 2013-11-14 21:24:19 |
| 11552 || 2.09749591056285 || 2010-03-01 02:41:20 |
| 11553 || 43.6225072231954 || 2014-02-12 02:24:38 |
| 11554 || -25.385491707407 || 2015-02-07 12:19:55 |
| 11555 || 45.0914432402446 || 2018-06-14 02:26:03 |
| 11556 || 20.6827601065818 || 2013-05-22 12:29:34 |
| 11557 || 0.744521066220129 || 2012-01-20 07:34:11 |
| 11558 || 19.9182021238842 || 2015-10-22 19:11:09 |
| 11559 || -25.3774612329706 || 2018-08-02 10:59:14 |
| 11560 || 54.1174485520975 || 2014-07-23 20:23:37 |
| 11561 || 11.021910553768 || 2015-01-16 07:29:49 |
| 11562 || -0.0296898360008388 || 2018-07-26 06:09:24 |
| 11563 || 31.3289022860868 || 2013-08-06 08:36:59 |
| 11564 || 19.7835800000217 || 2019-04-17 12:29:55 |
| 11565 || -24.4332511632068 || 2019-10-07 10:37:56 |
| 11566 || 32.4088913686599 || 2018-10-11 05:46:31 |
| 11567 || -0.0104617467249599 || 2016-12-06 06:40:26 |
| 11568 || -4.39461663103767 || 2012-09-27 20:26:42 |
| 11569 || 23.301853232717 || 2010-10-07 03:16:10 |
| 11570 || 12.0144135183888 || 2010-08-25 21:45:23 |
| 11571 || 28.8669051062109 || 2015-09-02 06:57:58 |
| 11572 || 0.693968485818152 || 2010-05-09 14:55:32 |
| 11573 || 18.2455803060895 || 2013-11-06 04:36:25 |
| 11574 || 54.5793976360416 || 2010-05-08 19:14:47 |
| 11575 || 84.598738426743 || 2015-11-18 08:06:34 |
| 11576 || 6.1260284171947 || 2017-04-08 03:39:34 |
| 11577 || 1.67471806977824 || 2018-12-26 07:19:43 |
| 11578 || -3.92132164768182 || 2013-05-02 07:38:06 |
| 11579 || 8.54642119487674 || 2015-08-21 17:03:38 |
| 11580 || -22.8317882312058 || 2014-01-25 10:41:06 |
| 11581 || 2.70088443701685 || 2010-12-04 19:07:28 |
| 11582 || -0.575446066228255 || 2014-02-24 09:17:36 |
| 11583 || -2.51598586843402 || 2019-04-24 17:39:34 |
| 11584 || 3.62178908041187 || 2014-05-05 04:31:28 |
| 11585 || 71.0122173119865 || 2011-07-08 15:32:24 |
| 11586 || 53.9430658866896 || 2016-11-06 09:18:51 |
| 11587 || 5.45225844509385 || 2012-11-17 09:32:22 |
| 11588 || 5.31549395640952 || 2012-08-08 18:55:19 |
| 11589 || -2.89004066579287 || 2014-07-01 15:01:27 |
| 11590 || -27.4901852821203 || 2012-07-10 19:11:01 |
| 11591 || -13.4633250050685 || 2015-07-04 11:10:24 |
| 11592 || -2.43484917810818 || 2017-04-13 23:24:46 |
| 11593 || 5.3594246439224 || 2011-11-18 10:43:29 |
| 11594 || -17.7011465652375 || 2016-12-13 11:11:06 |
| 11595 || 20.225942501918 || 2014-01-13 16:00:04 |
| 11596 || 56.4380803998624 || 2010-07-18 07:55:48 |
| 11597 || -4.05901562121344 || 2013-09-09 22:51:05 |
| 11598 || 1.99361179101277 || 2012-01-18 12:08:42 |
| 11599 || 1.30243849129207 || 2011-05-25 20:50:50 |
| 11600 || 24.6991993797631 || 2012-06-13 16:34:09 |
| 11601 || 36.5487467347155 || 2014-01-10 00:13:11 |
| 11602 || 9.77590969353766 || 2016-08-03 12:14:33 |
| 11603 || 2.33656442488402 || 2010-11-25 00:02:16 |
| 11604 || -3.7724055642768 || 2013-10-18 20:26:23 |
| 11605 || -26.9482453036683 || 2015-04-11 15:17:55 |
| 11606 || 58.4814162102462 || 2015-03-24 01:20:30 |
| 11607 || -6.16462792071056 || 2014-05-03 22:52:04 |
| 11608 || -0.290613567847416 || 2013-07-18 21:47:08 |
| 11609 || 17.8678327068956 || 2016-06-23 10:28:10 |
| 11610 || 34.9474051920226 || 2010-08-02 04:50:48 |
| 11611 || -22.6906019032029 || 2016-12-19 21:30:43 |
| 11612 || 4.79388556125918 || 2014-02-13 20:16:45 |
| 11613 || -0.0241500289528524 || 2012-10-23 11:03:28 |
| 11614 || 4.37096648548784 || 2010-02-23 12:48:54 |
| 11615 || 49.0893244020672 || 2014-12-15 04:24:13 |
| 11616 || -5.5306104596163 || 2014-08-20 06:45:29 |
| 11617 || -9.02175509118391 || 2012-01-09 10:28:57 |
| 11618 || -0.00566446710125863 || 2013-03-04 08:06:57 |
| 11619 || -7.05120256629623 || 2010-07-22 16:17:19 |
| 11620 || 43.4151760961253 || 2018-06-13 20:08:22 |
| 11621 || 75.3332659708063 || 2012-05-21 19:10:33 |
| 11622 || -12.0569365786563 || 2017-11-26 17:27:45 |
| 11623 || -0.071108235280931 || 2011-06-16 16:38:41 |
| 11624 || 23.3735437922235 || 2019-11-09 04:16:07 |
| 11625 || 46.5923386759518 || 2014-09-14 02:20:54 |
| 11626 || -18.3762769745415 || 2016-03-05 06:58:53 |
| 11627 || 24.7781735743523 || 2015-12-15 02:15:23 |
| 11628 || 1.02929994742583 || 2018-11-16 21:11:38 |
| 11629 || 18.7115310659236 || 2015-05-27 10:46:34 |
| 11630 || 38.103130031755 || 2019-03-07 17:42:23 |
| 11631 || -22.5677870401238 || 2010-01-05 18:06:37 |
| 11632 || -15.4867680504034 || 2017-08-22 19:43:24 |
| 11633 || 2.53911601220394 || 2012-02-21 03:16:10 |
| 11634 || 11.298063250619 || 2017-01-10 02:12:42 |
| 11635 || -21.6523824337469 || 2016-07-24 03:43:52 |
| 11636 || -27.8995297547885 || 2014-02-22 14:23:58 |
| 11637 || 2.61115339471138 || 2013-12-26 14:52:14 |
| 11638 || 2.96702065081532 || 2013-07-23 18:16:39 |
| 11639 || 7.68790142869237 || 2010-04-05 10:26:56 |
| 11640 || -17.3694922994067 || 2013-12-11 23:44:06 |
| 11641 || -14.3795419441782 || 2010-07-22 07:31:40 |
| 11642 || -4.90413120182096 || 2015-10-15 10:15:45 |
| 11643 || 3.29774705032077 || 2016-10-17 07:24:16 |
| 11644 || -0.263089830554862 || 2018-01-21 08:46:06 |
| 11645 || 0.0662482693572481 || 2010-05-10 16:10:05 |
| 11646 || 75.14161814974 || 2013-02-13 10:35:07 |
| 11647 || -21.1095849189479 || 2012-04-01 08:45:32 |
| 11648 || 6.33194937984209 || 2013-11-04 18:16:50 |
| 11649 || 2.71719262312075 || 2011-11-06 11:32:51 |
| 11650 || -16.2392191351466 || 2013-11-05 08:49:14 |
| 11651 || -12.9606938365653 || 2013-02-13 12:28:50 |
| 11652 || -22.6870252505266 || 2011-01-14 20:57:04 |
| 11653 || 1.55008171381659 || 2012-04-21 19:06:56 |
| 11654 || 2.67514848780429 || 2016-12-04 16:56:58 |
| 11655 || 7.61547234231836 || 2015-01-10 17:42:37 |
| 11656 || -29.223636475619 || 2013-01-17 19:20:23 |
| 11657 || 34.3131919733382 || 2018-04-11 04:31:52 |
| 11658 || -6.48377041294378 || 2014-12-26 22:26:48 |
| 11659 || 0.601957065067304 || 2013-11-04 03:46:27 |
| 11660 || 33.3420394695035 || 2016-05-19 05:02:06 |
| 11661 || 72.7433693268309 || 2016-03-15 22:06:03 |
| 11662 || -16.1975985370516 || 2019-04-03 14:27:43 |
| 11663 || 7.06607486387341 || 2011-01-12 07:49:21 |
| 11664 || 0.215590064870553 || 2016-12-06 22:05:11 |
| 11665 || -2.8243824170078 || 2019-04-22 18:51:34 |
| 11666 || 82.8196965302325 || 2013-02-07 06:02:31 |
| 11667 || 75.4735085632251 || 2012-12-26 00:47:13 |
| 11668 || -2.65676065470851 || 2011-07-14 02:25:24 |
| 11669 || 0.00055684693584747 || 2013-01-05 02:15:42 |
| 11670 || 6.33457620521144 || 2019-01-22 20:19:51 |
| 11671 || -21.5718247204953 || 2018-08-10 14:38:45 |
| 11672 || 82.8860890951009 || 2013-02-23 02:47:22 |
| 11673 || 20.2143088456614 || 2012-09-24 00:45:11 |
| 11674 || -0.0968116413301308 || 2018-03-17 03:48:55 |
| 11675 || -5.77025325752754 || 2015-10-21 23:56:49 |
| 11676 || 69.9555950722063 || 2010-04-15 22:04:45 |
| 11677 || 5.48109886221559 || 2014-09-21 20:17:23 |
| 11678 || 17.1105006284697 || 2013-11-09 04:58:42 |
| 11679 || 0.0536582433295999 || 2015-10-04 10:18:11 |
| 11680 || 17.3805289837428 || 2017-12-15 10:14:57 |
| 11681 || 61.8449139516578 || 2012-01-10 00:49:51 |
| 11682 || -23.5540272697543 || 2018-03-15 23:49:34 |
| 11683 || 41.3148813329617 || 2015-10-23 05:21:45 |
| 11684 || -0.795313527524201 || 2019-06-04 04:00:13 |
| 11685 || -4.95847537607481 || 2015-04-25 09:50:23 |
| 11686 || -8.13127484263173 || 2018-07-26 09:33:39 |
| 11687 || 48.3452653759889 || 2013-10-20 10:05:38 |
| 11688 || 49.5038169271295 || 2017-01-19 01:59:39 |
| 11689 || 4.82646517289721 || 2018-02-18 15:09:15 |
| 11690 || 4.3782145088732 || 2019-02-16 12:32:04 |
| 11691 || -18.5534805708658 || 2015-05-22 02:36:45 |
| 11692 || 77.548255578714 || 2011-06-21 16:49:50 |
| 11693 || 46.2923111767564 || 2018-07-22 19:23:18 |
| 11694 || 6.74038648377854 || 2011-11-27 10:46:39 |
| 11695 || -2.42780200898409 || 2010-04-18 18:57:23 |
| 11696 || -17.7993094825243 || 2018-06-15 22:27:16 |
| 11697 || 13.573767187475 || 2018-09-14 07:02:52 |
| 11698 || 34.6545804189546 || 2013-11-20 01:04:39 |
| 11699 || 7.02066961345022 || 2013-08-26 23:12:40 |
| 11700 || -0.573068956170114 || 2019-01-11 07:32:54 |
| 11701 || -12.9678878443012 || 2017-05-23 19:56:12 |
| 11702 || -8.73883726191711 || 2015-02-24 17:47:58 |
| 11703 || -19.5776490472244 || 2017-08-24 17:18:52 |
| 11704 || -4.95428382323763 || 2014-11-20 18:02:29 |
| 11705 || 2.52109674587043 || 2015-12-24 05:43:31 |
| 11706 || -14.2295294805197 || 2012-09-14 14:48:39 |
| 11707 || -8.51006609512092 || 2017-12-23 09:14:43 |
| 11708 || 21.9243173688992 || 2014-06-06 13:19:30 |
| 11709 || 12.7505705400595 || 2018-09-24 10:12:09 |
| 11710 || -0.0931700994950922 || 2012-05-16 20:35:44 |
| 11711 || -9.06842899837765 || 2011-12-19 22:12:58 |
| 11712 || 76.5557717556693 || 2010-07-14 04:29:08 |
| 11713 || 35.0349478225643 || 2017-02-22 07:01:09 |
| 11714 || -7.92571190254512 || 2015-04-04 15:39:35 |
| 11715 || 0.379353960334657 || 2015-11-13 18:29:35 |
| 11716 || 31.8524321837474 || 2018-01-19 21:29:09 |
| 11717 || 73.6309863620251 || 2011-05-02 23:39:40 |
| 11718 || 75.0239750452353 || 2013-07-07 12:13:31 |
| 11719 || -3.12947054705295 || 2011-12-07 21:19:32 |
| 11720 || 0.00412874391625881 || 2018-07-25 03:13:21 |
| 11721 || -7.24299307366449 || 2014-01-13 15:24:35 |
| 11722 || 4.03080309667213 || 2018-05-11 11:43:59 |
| 11723 || 44.198395085023 || 2015-09-24 08:26:12 |
| 11724 || 14.2065807473015 || 2017-01-22 05:07:46 |
| 11725 || 0.229517381212225 || 2017-10-01 15:46:08 |
| 11726 || -8.5263069491771 || 2018-04-12 14:13:39 |
| 11727 || 50.984074707406 || 2015-09-19 05:46:49 |
| 11728 || 72.3165499058604 || 2010-01-21 08:06:38 |
| 11729 || 31.1179097227679 || 2019-09-04 23:49:25 |
| 11730 || -0.291965599994365 || 2016-09-20 21:05:27 |
| 11731 || 20.0502599344346 || 2013-11-01 12:27:49 |
| 11732 || -23.7937395622126 || 2012-09-15 03:39:36 |
| 11733 || -18.5900862701577 || 2010-03-12 21:26:33 |
| 11734 || 6.56985434966839 || 2014-01-16 11:47:59 |
| 11735 || 2.27813283619348 || 2013-10-05 08:32:10 |
| 11736 || -5.42627498902661 || 2014-09-12 21:52:23 |
| 11737 || 23.7300881205907 || 2016-02-07 13:55:33 |
| 11738 || 89.0381625284251 || 2015-10-21 15:19:29 |
| 11739 || -6.88185870049337 || 2017-10-09 05:56:54 |
| 11740 || 0.0229682660471409 || 2010-03-10 16:10:11 |
| 11741 || 10.2393893085411 || 2010-07-03 17:18:19 |
| 11742 || 56.5905840288271 || 2017-10-08 09:06:13 |
| 11743 || -28.261306920612 || 2012-04-19 13:26:08 |
| 11744 || 5.54441275596289 || 2014-11-15 18:42:37 |
| 11745 || -2.53134594458765 || 2013-08-26 02:25:41 |
| 11746 || 8.87291499864753 || 2017-07-04 07:24:09 |
| 11747 || 55.5462537497378 || 2012-09-19 08:53:50 |
| 11748 || -28.8713965306367 || 2015-06-11 01:17:12 |
| 11749 || 24.8457425876722 || 2015-09-05 16:10:42 |
| 11750 || -0.612826077727827 || 2015-06-22 12:48:50 |
| 11751 || -1.26554451673661 || 2015-04-06 13:45:04 |
| 11752 || 29.6576434598504 || 2019-07-19 23:04:33 |
| 11753 || 26.99872291934 || 2016-07-15 23:44:03 |
| 11754 || 43.4095028942536 || 2016-02-26 06:26:18 |
| 11755 || 5.96761720197788 || 2019-01-24 00:51:32 |
| 11756 || 0.194487406356788 || 2010-04-20 12:02:44 |
| 11757 || 24.5045658003528 || 2018-11-03 08:42:08 |
| 11758 || 73.8371224846731 || 2014-01-14 06:56:45 |
| 11759 || -14.8441615566927 || 2010-03-24 16:33:10 |
| 11760 || 5.36955078622329 || 2017-07-22 20:13:41 |
| 11761 || 1.43973138430371 || 2012-12-12 03:18:02 |
| 11762 || 39.169160738976 || 2012-12-14 05:23:23 |
| 11763 || 84.6636679106662 || 2015-06-01 17:41:01 |
| 11764 || 3.34783578082803 || 2017-07-17 17:53:40 |
| 11765 || 18.7049742315612 || 2016-03-26 11:09:35 |
| 11766 || 0.368924112671324 || 2011-12-27 02:27:42 |
| 11767 || -11.5543734741355 || 2014-12-08 00:45:31 |
| 11768 || 1.84928842238864 || 2012-01-17 00:26:49 |
| 11769 || 16.8582691510595 || 2019-07-08 07:21:32 |
| 11770 || 20.6248101801377 || 2011-04-05 02:16:36 |
| 11771 || -5.69887478554061e-05 || 2017-01-19 06:56:58 |
| 11772 || -8.54410881295163 || 2014-11-06 20:58:04 |
| 11773 || -18.1344280894327 || 2015-03-04 13:43:37 |
| 11774 || 66.5113756851024 || 2010-01-06 00:14:42 |
| 11775 || 21.7273667487897 || 2016-07-03 14:47:01 |
| 11776 || 0.0203068176227747 || 2018-01-23 12:48:15 |
| 11777 || 8.93473059959068 || 2010-03-14 07:39:29 |
| 11778 || 49.5122836473234 || 2011-01-16 15:56:43 |
| 11779 || 2.37279000041702 || 2016-06-16 20:38:16 |
| 11780 || 26.4560813048535 || 2019-01-11 01:09:44 |
| 11781 || -0.24478600584526 || 2015-01-02 01:43:47 |
| 11782 || -4.05111386746223 || 2019-02-03 11:38:35 |
| 11783 || 16.3196774787289 || 2019-08-09 03:56:35 |
| 11784 || 87.2462181714197 || 2019-10-12 00:21:03 |
| 11785 || 3.06408581089873 || 2019-01-25 12:49:04 |
| 11786 || 0.294949756599551 || 2017-03-04 19:32:57 |
| 11787 || 1.83781060655735 || 2017-09-16 12:27:35 |
| 11788 || -0.144549301414265 || 2015-06-04 02:56:07 |
| 11789 || -24.0916726015867 || 2013-12-09 20:38:37 |
| 11790 || -16.6204623516963 || 2018-04-04 04:20:13 |
| 11791 || -0.957249983875153 || 2012-06-17 20:56:34 |
| 11792 || 9.76580092638099 || 2016-06-05 08:25:30 |
| 11793 || 42.9896883316832 || 2016-01-02 17:03:57 |
| 11794 || 83.4812874702423 || 2017-05-22 02:52:38 |
| 11795 || 28.2495142211742 || 2011-02-26 03:24:06 |
| 11796 || 6.97770631894167 || 2012-05-19 22:27:48 |
| 11797 || 7.08234986441277 || 2016-01-02 11:58:19 |
| 11798 || 58.3177249268319 || 2018-08-04 05:02:28 |
| 11799 || -13.1426591506883 || 2011-06-17 20:38:47 |
| 11800 || -19.8878354366814 || 2017-11-03 20:32:01 |
| 11801 || 8.11000997982817 || 2011-01-12 22:30:54 |
| 11802 || 0.792896760667539 || 2011-04-26 15:42:51 |
| 11803 || 10.4472888262956 || 2014-07-17 10:32:26 |
| 11804 || -8.73584582444686 || 2011-12-14 16:45:19 |
| 11805 || 40.0790467272489 || 2011-02-03 19:09:29 |
| 11806 || 13.8800958647194 || 2017-11-20 11:08:42 |
| 11807 || 1.98295726723714 || 2014-10-15 00:33:09 |
| 11808 || -2.01600680385614 || 2014-04-08 07:52:44 |
| 11809 || 60.9504757328159 || 2017-10-15 16:27:17 |
| 11810 || 62.5817517797839 || 2018-05-01 20:02:31 |
| 11811 || -5.44601034323262 || 2011-11-21 10:50:09 |
| 11812 || 0.231377629877984 || 2017-05-20 07:00:35 |
| 11813 || 35.5682465282379 || 2019-12-12 05:32:21 |
| 11814 || 81.1180124481975 || 2010-06-11 16:46:10 |
| 11815 || -21.7406713822262 || 2011-04-02 16:49:27 |
| 11816 || 20.686941201586 || 2010-10-27 11:14:24 |
| 11817 || -0.181007800805371 || 2015-01-10 11:13:31 |
| 11818 || -12.6254303544949 || 2010-08-01 18:44:06 |
| 11819 || -7.55902050945158 || 2015-11-24 18:37:59 |
| 11820 || 40.36273519775 || 2018-07-19 14:25:44 |
| 11821 || 0.572883457340573 || 2016-06-24 11:53:09 |
| 11822 || -0.00981782049318222 || 2018-07-25 11:11:05 |
| 11823 || -4.74451294392799 || 2019-08-01 02:49:21 |
| 11824 || 28.8821885134691 || 2012-12-23 10:33:39 |
| 11825 || 81.0774013732638 || 2019-02-27 02:30:51 |
| 11826 || 17.5712718938001 || 2015-10-19 18:13:32 |
| 11827 || 0.0855925610672008 || 2019-10-10 04:08:04 |
| 11828 || 10.0509998752959 || 2010-04-05 13:35:33 |
| 11829 || -25.2824719891908 || 2018-03-02 15:28:16 |
| 11830 || 11.7603680562468 || 2011-06-26 12:01:59 |
| 11831 || 19.3161180959176 || 2010-04-24 13:09:15 |
| 11832 || -0.0915648662862914 || 2019-11-25 09:08:40 |
| 11833 || 4.47123120937996 || 2013-08-27 00:51:17 |
| 11834 || -20.1069342977116 || 2018-11-24 16:50:32 |
| 11835 || -28.3045898121073 || 2018-12-15 08:32:33 |
| 11836 || 36.869555943682 || 2018-06-06 07:11:58 |
| 11837 || -0.684393287634364 || 2010-02-09 01:25:04 |
| 11838 || 16.1900133075239 || 2010-07-14 11:01:53 |
| 11839 || 25.6986938644202 || 2015-02-23 06:38:54 |
| 11840 || -18.0853053562765 || 2015-11-26 14:02:18 |
| 11841 || 47.9822921169167 || 2016-01-01 00:11:31 |
| 11842 || 3.75601871746946 || 2011-10-22 20:40:07 |
| 11843 || 10.4613140980116 || 2014-08-09 04:02:21 |
| 11844 || 16.9159606279567 || 2016-10-01 11:17:10 |
| 11845 || 77.4324924756363 || 2016-05-26 01:26:55 |
| 11846 || -6.64207336827262 || 2011-04-12 22:05:33 |
| 11847 || 1.87029492648946 || 2010-02-01 01:10:45 |
| 11848 || -0.184405428487872 || 2012-04-16 13:38:01 |
| 11849 || -15.455653459385 || 2015-02-13 04:22:26 |
| 11850 || 34.6864162883392 || 2010-02-08 02:04:18 |
| 11851 || 26.7299823729885 || 2010-08-22 22:22:58 |
| 11852 || -3.14541794505089 || 2014-11-10 02:17:46 |
| 11853 || 1.14405230063702 || 2018-09-26 07:44:29 |
| 11854 || 4.759921885845 || 2012-01-05 09:03:27 |
| 11855 || 80.7328436184605 || 2012-08-07 01:27:43 |
| 11856 || -20.7613442282818 || 2015-11-12 22:26:35 |
| 11857 || -2.01802972776399 || 2019-04-05 10:06:05 |
| 11858 || 4.03047324067298 || 2013-06-24 19:49:50 |
| 11859 || 30.5443915603613 || 2017-10-26 18:29:28 |
| 11860 || 79.913440530098 || 2018-11-18 11:00:06 |
| 11861 || -17.3299564089905 || 2019-06-09 23:54:52 |
| 11862 || -0.483815215850292 || 2015-05-18 11:03:44 |
| 11863 || 2.32213775626858 || 2012-11-12 00:01:57 |
| 11864 || 30.2033960096142 || 2018-07-26 02:01:02 |
| 11865 || 75.3962496129489 || 2010-01-22 07:41:41 |
| 11866 || -22.1291848068111 || 2019-08-18 19:35:18 |
| 11867 || 8.00656190486678 || 2019-01-20 13:02:14 |
| 11868 || 0.552477010594981 || 2015-10-27 19:36:30 |
| 11869 || 19.0108947247829 || 2019-05-02 01:40:45 |
| 11870 || 25.7391608411019 || 2010-07-26 12:51:37 |
| 11871 || 60.6307676745028 || 2012-07-16 20:22:30 |
| 11872 || 21.0660653344798 || 2017-06-21 12:08:40 |
| 11873 || 0.122901226278594 || 2013-06-12 12:32:27 |
| 11874 || 25.8252215307796 || 2015-05-16 15:27:43 |
| 11875 || 81.977466715924 || 2013-12-12 14:45:13 |
| 11876 || 0.840214336383788 || 2016-12-03 16:37:36 |
| 11877 || 23.0870331266855 || 2019-05-25 18:21:28 |
| 11878 || 0.033792380305601 || 2011-04-02 10:22:24 |
| 11879 || 17.5117229199606 || 2013-04-16 10:00:10 |
| 11880 || -16.8636108089501 || 2017-10-25 14:06:39 |
| 11881 || -0.351815910746496 || 2018-09-25 13:28:40 |
| 11882 || -1.65251345676745 || 2017-02-13 00:24:29 |
| 11883 || 0.329522959410918 || 2013-06-14 09:35:22 |
| 11884 || 6.45017919575317 || 2013-08-26 18:35:10 |
| 11885 || 57.6487214835229 || 2017-05-09 04:06:30 |
| 11886 || -26.9211105247349 || 2017-06-11 09:47:39 |
| 11887 || 41.4017100255858 || 2010-03-20 06:11:36 |
| 11888 || 1.73405772021442 || 2014-10-25 12:18:51 |
| 11889 || 3.25448785957227 || 2014-12-05 10:15:43 |
| 11890 || 27.2052089369512 || 2011-12-04 21:31:07 |
| 11891 || 85.0919973309898 || 2013-10-24 05:17:26 |
| 11892 || 21.2727705149606 || 2018-08-23 08:16:53 |
| 11893 || 2.42656174352469 || 2011-07-02 04:31:36 |
| 11894 || -2.1248493278127 || 2018-08-19 04:02:24 |
| 11895 || -21.3866570548925 || 2018-06-18 23:56:47 |
| 11896 || 81.0387517073178 || 2015-07-06 14:25:57 |
| 11897 || -17.3789699993541 || 2013-04-15 20:17:22 |
| 11898 || 4.5971882075919 || 2012-05-18 22:53:34 |
| 11899 || 10.3653628696131 || 2018-09-07 17:48:52 |
| 11900 || -20.443727936939 || 2012-08-04 05:36:03 |
| 11901 || 56.0914366719345 || 2018-07-05 11:33:33 |
| 11902 || 42.875356170194 || 2010-08-27 04:19:05 |
| 11903 || 1.37211568668791 || 2010-06-15 23:27:54 |
| 11904 || 3.79049855938202 || 2014-02-03 20:11:35 |
| 11905 || -16.9014158393439 || 2018-02-23 01:06:17 |
| 11906 || 86.0673213906758 || 2015-12-27 05:35:33 |
| 11907 || -13.0363181290455 || 2013-11-17 00:35:10 |
| 11908 || -4.04009898508229 || 2017-12-01 15:29:41 |
| 11909 || 3.10782300615317 || 2019-10-21 16:02:08 |
| 11910 || 34.0028375766072 || 2011-07-01 07:19:07 |
| 11911 || -27.1386863738609 || 2015-12-22 02:52:18 |
| 11912 || -22.5079742757739 || 2016-10-27 08:16:37 |
| 11913 || 1.5172035052821 || 2018-07-25 02:55:22 |
| 11914 || 0.0202021363812055 || 2013-10-20 09:40:58 |
| 11915 || 10.4504086032571 || 2016-06-04 23:14:23 |
| 11916 || 63.0336359863701 || 2019-03-17 05:10:09 |
| 11917 || -18.0251607978083 || 2016-11-26 15:00:10 |
| 11918 || -6.8187837870946 || 2010-05-10 23:07:52 |
| 11919 || 0.123863686448667 || 2017-01-15 11:31:05 |
| 11920 || -0.71926405803765 || 2012-10-06 08:01:50 |
| 11921 || -27.4100139203374 || 2011-03-19 10:36:47 |
| 11922 || 69.6768872325892 || 2019-03-02 13:29:39 |
| 11923 || -8.10543127112185 || 2013-01-04 12:08:38 |
| 11924 || 0.0580590282294648 || 2010-07-01 17:09:49 |
| 11925 || -6.19123046437885 || 2010-12-03 17:53:17 |
| 11926 || 27.9379639803999 || 2015-05-20 06:12:20 |
| 11927 || 44.1298160009847 || 2015-03-04 04:10:03 |
| 11928 || 15.644271103269 || 2016-04-01 08:57:32 |
| 11929 || 0.00284898125014242 || 2014-02-09 01:41:49 |
| 11930 || 0.698307979469488 || 2017-06-11 08:45:22 |
| 11931 || -11.6197115507294 || 2015-01-03 19:16:02 |
| 11932 || 83.3744228377536 || 2018-07-07 13:40:48 |
| 11933 || 32.2877567640971 || 2018-01-09 17:04:04 |
| 11934 || 0.219119320935864 || 2016-05-07 22:40:48 |
| 11935 || -7.66204427056649 || 2013-10-19 15:34:46 |
| 11936 || 22.4069613595424 || 2014-12-13 04:27:23 |
| 11937 || 22.5263603743054 || 2019-01-16 17:03:30 |
| 11938 || -0.693536247183238 || 2010-05-15 13:45:01 |
| 11939 || 1.48653678731063 || 2011-05-15 20:32:03 |
| 11940 || 18.097216276055 || 2019-04-25 08:15:50 |
| 11941 || 34.1881522982878 || 2019-08-19 14:27:40 |
| 11942 || -16.1771108421159 || 2010-06-23 00:13:47 |
| 11943 || 46.8031145333663 || 2019-03-01 23:09:04 |
| 11944 || 3.19014822916078 || 2013-01-16 08:27:38 |
| 11945 || 15.1037990321667 || 2013-10-14 15:03:37 |
| 11946 || -22.1771811953635 || 2011-10-06 03:55:04 |
| 11947 || -19.8902549194728 || 2013-12-10 17:55:48 |
| 11948 || 51.7228488666224 || 2010-06-04 21:09:19 |
| 11949 || -0.688988344522891 || 2017-01-01 21:36:31 |
| 11950 || 7.68376763918691 || 2012-12-05 03:47:39 |
| 11951 || 15.1395774110463 || 2019-03-14 04:41:25 |
| 11952 || 4.9310026563213 || 2011-10-15 01:35:38 |
| 11953 || 45.176947171401 || 2013-12-18 10:48:29 |
| 11954 || 8.24560017749428 || 2019-02-04 19:29:05 |
| 11955 || -2.6249704848364 || 2017-07-24 03:35:04 |
| 11956 || -15.2372507753259 || 2010-05-25 08:46:13 |
| 11957 || 44.754142484004 || 2011-06-12 22:42:34 |
| 11958 || 21.7225475600443 || 2011-09-02 21:55:41 |
| 11959 || 1.78252060695083 || 2014-05-19 00:20:39 |
| 11960 || 5.00718956238316 || 2011-09-09 13:56:40 |
| 11961 || -17.1327872227606 || 2014-09-07 07:28:55 |
| 11962 || -29.3060528773506 || 2016-04-23 06:52:25 |
| 11963 || -22.3814416612353 || 2011-09-13 13:50:46 |
| 11964 || 13.3741340543441 || 2013-02-15 23:00:35 |
| 11965 || -0.393692252160159 || 2011-07-05 23:44:34 |
| 11966 || 40.2495099406324 || 2010-11-23 11:46:17 |
| 11967 || -24.7614467674544 || 2011-07-15 17:36:31 |
| 11968 || 41.5234980934351 || 2013-05-04 03:08:12 |
| 11969 || 6.10344679751299 || 2016-08-10 07:57:48 |
| 11970 || 1.37755067729876 || 2013-08-06 23:12:29 |
| 11971 || 18.8875940857074 || 2010-04-02 00:34:11 |
| 11972 || -27.4400061768761 || 2011-02-01 22:24:40 |
| 11973 || 70.4325680493551 || 2017-10-10 22:41:41 |
| 11974 || 9.25334600761038 || 2015-08-26 23:23:46 |
| 11975 || 0.233403208583648 || 2014-10-22 22:02:23 |
| 11976 || -10.5495066006099 || 2014-10-05 09:37:00 |
| 11977 || 6.80469229125934 || 2019-04-10 15:40:01 |
| 11978 || -8.08342401534062 || 2015-05-23 03:46:42 |
| 11979 || 15.3390234418675 || 2017-06-16 01:57:12 |
| 11980 || 0.000206946416148817 || 2013-06-08 04:03:40 |
| 11981 || 14.0431985721456 || 2010-03-27 07:35:14 |
| 11982 || 31.019518033076 || 2011-11-04 15:34:37 |
| 11983 || 38.9757623794427 || 2018-02-20 13:02:54 |
| 11984 || -3.28311593414177 || 2015-12-04 16:28:17 |
| 11985 || -0.0974423310651051 || 2013-11-25 05:40:02 |
| 11986 || 19.7324168751789 || 2018-01-18 00:10:33 |
| 11987 || 11.4674795849777 || 2010-02-16 19:11:26 |
| 11988 || 59.9309687371315 || 2012-11-04 00:08:27 |
| 11989 || -7.68542345938806 || 2016-03-11 14:48:00 |
| 11990 || -0.207117443031629 || 2012-04-20 07:55:20 |
| 11991 || 19.4468836210801 || 2010-03-15 23:31:17 |
| 11992 || -20.9324345446217 || 2010-03-24 16:24:07 |
| 11993 || 13.7677567171819 || 2012-12-18 23:14:54 |
| 11994 || 19.8696861049976 || 2012-11-13 04:34:55 |
| 11995 || -0.103566758448745 || 2014-04-08 09:55:10 |
| 11996 || -0.195361927792769 || 2012-09-17 13:25:03 |
| 11997 || -7.99484320281069 || 2010-01-12 14:51:32 |
| 11998 || 86.4863556974645 || 2014-08-17 19:09:06 |
| 11999 || 32.0632915498183 || 2015-03-15 15:54:28 |
| 12000 || -0.494727208417576 || 2013-06-15 03:06:10 |
| 12001 || 2.07591229846785 || 2016-11-07 19:44:58 |
| 12002 || 15.2866626744093 || 2011-10-11 03:23:57 |
| 12003 || 23.43 || 2020-01-08 21:21:45 |
| 12004 || 11.251 || 2020-01-08 21:21:45 |
| 12005 || 32.1 || 2020-01-08 21:21:45 |
| 12006 || -5.334 || 2020-01-08 21:21:45 |
| 12007 || 14.8372 || 2020-01-08 21:21:45 |
| 12008 || 16.0509 || 2014-01-01 03:10:54 |
| 12009 || 19.333714973013 || 2012-09-10 15:57:38 |
| 12010 || 9.00536528828926 || 2017-08-12 18:42:34 |
| 12011 || -0.0338351934482962 || 2010-11-24 21:45:14 |
| 12012 || 38.6043654874825 || 2019-04-20 13:47:19 |
| 12013 || 71.5211065272267 || 2016-10-13 02:25:29 |
| 12014 || -21.9122558468299 || 2013-12-06 08:11:39 |
| 12015 || -1.27062275288997 || 2010-07-26 05:20:11 |
| 12016 || -0.123987108884446 || 2019-02-01 20:40:52 |
| 12017 || 47.0194453665044 || 2018-01-19 07:44:06 |
| 12018 || -22.7200795256545 || 2016-03-15 22:44:03 |
| 12019 || -13.5266169226403 || 2016-03-23 20:10:12 |
| 12020 || -5.94023005891797 || 2019-08-08 17:09:38 |
| 12021 || 1.53079783124544 || 2013-06-09 07:13:26 |
| 12022 || 24.6736202161061 || 2011-05-06 05:21:19 |
| 12023 || 81.2123524613974 || 2016-08-11 05:27:58 |
| 12024 || 73.4658749751542 || 2019-04-13 09:04:43 |
| 12025 || 18.5735511500027 || 2015-10-05 07:47:27 |
| 12026 || 0.244250223370956 || 2017-12-20 17:23:44 |
| 12027 || 1.7687584143239 || 2017-06-22 08:32:16 |
| 12028 || -15.1135790576982 || 2015-07-22 09:10:58 |
| 12029 || 68.4426549765684 || 2017-01-22 05:15:44 |
| 12030 || 18.7040048179242 || 2016-02-08 03:05:01 |
| 12031 || -0.00332941034693465 || 2010-06-19 03:44:44 |
| 12032 || 12.0776521093631 || 2015-04-03 09:25:19 |
| 12033 || 15.8032113963359 || 2010-06-22 22:43:02 |
| 12034 || 67.3144144496736 || 2018-09-19 05:14:06 |
| 12035 || -6.33020571978301 || 2012-06-03 19:36:52 |
| 12036 || 0.00208536900594656 || 2017-12-01 22:53:00 |
| 12037 || -5.53000493847174 || 2015-09-10 22:22:15 |
| 12038 || -23.5748269586126 || 2018-09-04 00:37:58 |
| 12039 || 61.2851434570961 || 2016-01-14 18:16:57 |
| 12040 || -8.59511672813397 || 2010-10-18 17:21:18 |
| 12041 || -0.151086181248881 || 2015-03-20 23:07:38 |
| 12042 || 15.9402677231069 || 2017-01-03 00:56:14 |
| 12043 || 16.6987802346709 || 2017-10-27 03:04:47 |
| 12044 || 79.3937294161225 || 2016-11-25 08:46:25 |
| 12045 || 33.247826255229 || 2012-10-14 00:44:19 |
| 12046 || 2.05332464354573 || 2010-09-19 20:04:57 |
| 12047 || 3.01599554078052 || 2013-04-09 21:48:50 |
| 12048 || 12.6554640765564 || 2014-03-19 01:43:45 |
| 12049 || 46.0783846338821 || 2011-06-08 09:32:30 |
| 12050 || 18.0100454759777 || 2013-01-13 23:18:14 |
| 12051 || 1.62790874585278 || 2012-02-18 00:19:48 |
| 12052 || 6.3701129851523 || 2019-12-19 00:12:35 |
| 12053 || -15.935118865446 || 2016-05-18 17:02:10 |
| 12054 || 0.375011058493199 || 2010-05-18 21:40:00 |
| 12055 || 55.4257095715517 || 2015-06-10 19:28:35 |
| 12056 || 4.40965348598518 || 2012-02-19 12:34:29 |
| 12057 || -2.40997268253298 || 2013-04-22 06:46:17 |
| 12058 || -17.7877879702985 || 2016-08-20 01:54:00 |
| 12059 || -29.0480328018023 || 2010-12-10 11:39:53 |
| 12060 || -10.0165953750849 || 2014-12-27 05:40:58 |
| 12061 || 8.12160781213126 || 2011-02-03 04:59:55 |
| 12062 || 6.05971656433962 || 2014-06-26 12:58:01 |
| 12063 || 42.876707734287 || 2019-10-27 17:27:27 |
| 12064 || 30.1304857345233 || 2014-08-06 13:26:13 |
| 12065 || 12.2489843315638 || 2011-08-08 21:03:03 |
| 12066 || -3.70247808845059 || 2014-02-21 00:38:37 |
| 12067 || -0.285902814962789 || 2018-04-08 23:56:56 |
| 12068 || -11.5018184226547 || 2011-07-25 05:13:36 |
| 12069 || 88.2016952987438 || 2012-04-15 00:57:44 |
| 12070 || 23.43 || 2020-01-08 21:23:54 |
| 12071 || 11.251 || 2020-01-08 21:23:54 |
| 12072 || 32.1 || 2020-01-08 21:23:54 |
| 12073 || -5.334 || 2020-01-08 21:23:54 |
| 12074 || 14.8372 || 2020-01-08 21:23:54 |
| 12075 || 16.0509 || 2014-01-01 03:10:54 |
| 12076 || 19.9933399991998 || 2015-05-13 19:49:44 |
| 12077 || 0.141180543204244 || 2010-03-02 05:25:30 |
| 12078 || 36.7332782040436 || 2016-04-10 05:16:01 |
| 12079 || 33.4278260883361 || 2013-01-24 03:34:11 |
| 12080 || 19.4119621332562 || 2012-07-19 00:12:31 |
| 12081 || 27.4590693937606 || 2012-04-07 22:54:16 |
| 12082 || -0.00884373413463285 || 2016-10-03 15:36:38 |
| 12083 || 27.7498465135312 || 2011-10-23 06:11:57 |
| 12084 || -19.8437770950609 || 2015-09-08 20:29:33 |
| 12085 || 3.372746205537 || 2015-09-23 11:05:24 |
| 12086 || 14.9123294479295 || 2016-07-07 04:41:36 |
| 12087 || -0.021591863525374 || 2011-12-27 18:17:33 |
| 12088 || 2.55807754638241 || 2014-05-23 10:14:59 |
| 12089 || 67.2713467022916 || 2011-11-22 18:57:52 |
| 12090 || 70.9934857361418 || 2015-02-14 07:07:56 |
| 12091 || 31.2298975985366 || 2012-08-14 01:46:56 |
| 12092 || 0.798994742982934 || 2011-10-21 03:44:20 |
| 12093 || -6.550304879882 || 2010-10-14 02:31:51 |
| 12094 || 18.0324585341262 || 2011-01-25 00:02:39 |
| 12095 || 72.7574939185894 || 2015-08-15 03:55:40 |
| 12096 || -8.32398764355304 || 2014-02-05 15:05:58 |
| 12097 || 1.83075003105707 || 2012-09-18 07:04:35 |
| 12098 || 16.697653926361 || 2018-09-17 06:16:46 |
| 12099 || 44.6854583065252 || 2017-09-07 05:38:34 |
| 12100 || 83.2837162751587 || 2014-11-03 22:23:22 |
| 12101 || 49.1365890347241 || 2014-03-19 20:51:43 |
| 12102 || 3.94371686640746 || 2019-10-23 00:16:30 |
| 12103 || -3.99280443053513 || 2010-10-11 23:50:08 |
| 12104 || 57.4151406270697 || 2012-06-06 10:46:54 |
| 12105 || 2.93129126021679 || 2017-12-23 06:29:52 |
| 12106 || -3.38626376678369 || 2010-01-03 02:58:39 |
| 12107 || 6.67624764297352 || 2015-07-01 09:28:51 |
| 12108 || 8.1927441645758 || 2013-06-09 02:33:03 |
| 12109 || 52.461539959718 || 2011-02-11 11:11:25 |
| 12110 || 76.1316285383909 || 2015-01-11 16:40:18 |
| 12111 || 59.7416752663953 || 2016-06-10 11:41:48 |
| 12112 || -3.23360783994454 || 2017-01-03 17:16:47 |
| 12113 || 4.10202479754466 || 2014-03-01 11:51:42 |
| 12114 || 31.8395659689125 || 2018-11-20 15:42:11 |
| 12115 || 86.8373431049184 || 2012-08-06 08:54:31 |
| 12116 || 56.3624451637343 || 2016-09-17 07:31:22 |
| 12117 || -4.04866183653877 || 2012-10-18 03:52:59 |
| 12118 || 4.24549708342859 || 2017-11-12 01:45:22 |
| 12119 || 37.0641755666898 || 2017-01-05 00:02:20 |
| 12120 || 26.0226460217992 || 2019-11-15 04:43:10 |
| 12121 || 69.5298952978874 || 2018-02-16 15:16:42 |
| 12122 || 4.5130565492075 || 2019-02-15 06:46:38 |
| 12123 || -0.749110112280647 || 2014-02-09 21:17:54 |
| 12124 || 42.5360297951306 || 2010-11-24 19:00:40 |
| 12125 || 85.9678285735071 || 2019-02-16 04:39:48 |
| 12126 || 21.4302642403478 || 2016-03-22 14:17:05 |
| 12127 || 15.5031213105217 || 2018-07-09 22:23:27 |
| 12128 || -0.282468600217265 || 2013-09-11 04:49:13 |
| 12129 || 5.73654330846648 || 2017-04-12 05:48:10 |
| 12130 || 23.4612821297182 || 2016-09-12 18:29:08 |
| 12131 || 67.189021251221 || 2017-11-20 01:51:34 |
| 12132 || -7.30646540970632 || 2010-09-05 02:19:46 |
| 12133 || 0.114922489595399 || 2015-08-14 01:59:53 |
| 12134 || -6.29080375695748 || 2014-08-12 18:40:08 |
| 12135 || -4.53353521686531 || 2016-01-27 00:27:04 |
| 12136 || 70.7351521985254 || 2014-12-17 19:30:32 |
| 12137 || 24.2384873640152 || 2013-11-07 21:30:15 |
| 12138 || 0.0335847853984224 || 2019-12-12 05:06:52 |
| 12139 || 27.6743495897958 || 2017-01-06 21:14:32 |
| 12140 || 77.8682882068433 || 2016-06-22 02:18:02 |
| 12141 || -28.0051673052943 || 2013-10-20 22:53:46 |
| 12142 || 7.25724031151897 || 2017-04-24 18:18:21 |
| 12143 || 0.476670875591047 || 2016-02-17 13:46:52 |
| 12144 || 13.8371371488975 || 2010-02-21 05:19:13 |
| 12145 || 61.3531835704739 || 2017-11-26 06:46:19 |
| 12146 || 81.1122293059442 || 2018-11-09 00:24:10 |
| 12147 || 14.5794982760647 || 2018-02-17 18:19:10 |
| 12148 || 1.28512272650762 || 2016-05-03 19:51:59 |
| 12149 || -6.20577247312693 || 2014-05-05 04:32:49 |
| 12150 || -14.023175570524 || 2012-04-13 23:15:18 |
| 12151 || 42.3752458200162 || 2011-10-05 21:42:44 |
| 12152 || 19.2552626182478 || 2015-07-18 22:43:09 |
| 12153 || -0.869955969750135 || 2012-05-26 20:59:02 |
| 12154 || 14.3611131162864 || 2019-02-01 09:44:37 |
| 12155 || -21.1638715097456 || 2010-05-12 22:38:34 |
| 12156 || -26.6575879670363 || 2016-03-12 22:07:47 |
| 12157 || -17.6006529424305 || 2018-09-12 17:20:12 |
| 12158 || 6.08896440488097 || 2011-09-16 07:11:23 |
| 12159 || -0.374603696254648 || 2013-02-04 19:21:18 |
| 12160 || 42.0571727949345 || 2015-05-05 16:49:04 |
| 12161 || 88.5921343173007 || 2015-08-07 13:19:37 |
| 12162 || 50.5408625304128 || 2010-01-25 23:32:18 |
| 12163 || 8.43429730873543 || 2015-02-13 12:52:35 |
| 12164 || 6.02871638167409 || 2016-06-20 22:16:08 |
| 12165 || 34.2530559893977 || 2019-02-15 05:12:34 |
| 12166 || -25.1042391872574 || 2014-11-09 09:02:43 |
| 12167 || 42.6270583878925 || 2011-05-13 10:37:43 |
| 12168 || 1.30072336673536 || 2015-05-12 20:43:18 |
| 12169 || 1.45414860486801 || 2015-02-27 01:28:47 |
| 12170 || 44.5781344962774 || 2016-05-09 13:26:08 |
| 12171 || -19.3080241517713 || 2017-05-25 15:41:52 |
| 12172 || 68.513873418504 || 2017-05-19 12:03:06 |
| 12173 || -3.72582437464208 || 2012-02-03 19:51:23 |
| 12174 || -0.713651014749873 || 2019-10-05 09:16:36 |
| 12175 || -11.5526111953907 || 2013-06-02 12:53:06 |
| 12176 || 82.3979045004579 || 2017-11-03 03:56:14 |
| 12177 || 46.260476197024 || 2011-10-22 11:07:47 |
| 12178 || -2.10663301336383 || 2017-10-03 07:15:27 |
| 12179 || 0.369759668504371 || 2016-05-10 06:09:33 |
| 12180 || 22.5041941856582 || 2019-09-15 14:19:48 |
| 12181 || 85.0611098867494 || 2017-10-03 18:54:18 |
| 12182 || -20.5238288709098 || 2018-02-07 01:52:20 |
| 12183 || -7.28997031450928 || 2018-09-26 09:40:02 |
| 12184 || -0.0595690820258409 || 2015-07-10 04:33:20 |
| 12185 || 31.3860702302047 || 2017-05-14 12:55:06 |
| 12186 || 82.6323219868968 || 2011-04-22 10:03:09 |
| 12187 || 53.400006067119 || 2010-01-22 13:11:20 |
| 12188 || -8.52806310149574 || 2017-12-05 20:39:36 |
| 12189 || 0.00491711285489264 || 2011-12-19 21:13:54 |
| 12190 || 3.10057553852629 || 2013-02-23 22:32:02 |
| 12191 || -21.5065699065663 || 2017-03-23 08:28:01 |
| 12192 || 74.232958415972 || 2010-06-25 08:19:22 |
| 12193 || -12.086417844476 || 2013-05-09 05:27:10 |
| 12194 || -0.145191994236745 || 2013-12-01 16:59:50 |
| 12195 || 19.0073010468868 || 2015-01-03 18:26:43 |
| 12196 || 70.7755929843647 || 2019-12-18 15:38:02 |
| 12197 || 80.7727083553186 || 2011-12-27 21:46:29 |
| 12198 || -6.0062771058642 || 2013-12-16 22:28:19 |
| 12199 || 1.36930340616582 || 2017-04-02 02:24:34 |
| 12200 || 5.05036861908912 || 2011-09-26 11:47:03 |
| 12201 || 64.1007447607836 || 2017-05-07 02:58:35 |
| 12202 || 77.7894523813929 || 2017-06-12 12:18:19 |
| 12203 || 37.2423149909729 || 2014-07-23 13:53:19 |
| 12204 || 0.0453047093520826 || 2018-05-20 22:08:39 |
| 12205 || 14.0365741777596 || 2013-03-13 22:04:50 |
| 12206 || 1.73706207613692 || 2014-03-13 21:32:02 |
| 12207 || 7.61435634811908 || 2013-06-16 10:31:27 |
| 12208 || -13.8616895892094 || 2015-12-22 16:25:22 |
| 12209 || 2.01406541678464 || 2018-05-10 17:07:19 |
| 12210 || 4.02871964974064 || 2013-09-02 12:00:33 |
| 12211 || -4.73140972165279 || 2015-05-03 00:09:37 |
| 12212 || 81.887535515211 || 2014-03-21 08:27:48 |
| 12213 || 57.5514053498026 || 2015-04-05 01:56:16 |
| 12214 || 7.42998404145889 || 2014-02-02 21:03:03 |
| 12215 || -2.63120602137518 || 2011-03-08 07:12:44 |
| 12216 || -9.81214940649416 || 2015-10-19 09:46:29 |
| 12217 || 4.8803358843369 || 2014-10-14 12:16:22 |
| 12218 || 60.7555717673031 || 2011-08-09 13:46:18 |
| 12219 || 10.7591178778674 || 2019-05-07 23:52:48 |
| 12220 || 5.08451137907244 || 2019-01-18 19:29:38 |
| 12221 || 50.6138113524885 || 2010-10-20 13:06:03 |
| 12222 || 7.2397643467943 || 2011-10-24 00:59:24 |
| 12223 || -22.4271413810123 || 2016-06-13 16:36:33 |
| 12224 || 15.4187788426364 || 2019-08-09 19:24:04 |
| 12225 || 0.262972067245621 || 2017-10-01 01:36:27 |
| 12226 || 43.2948951193534 || 2014-01-02 18:25:52 |
| 12227 || 73.1888794595653 || 2010-11-10 09:43:02 |
| 12228 || 70.511539551009 || 2013-05-18 16:41:27 |
| 12229 || -6.35758684538032 || 2016-03-08 00:05:44 |
| 12230 || 0.484941094657948 || 2014-11-18 15:37:22 |
| 12231 || 12.2268537444319 || 2018-10-10 14:28:04 |
| 12232 || 78.8739778987831 || 2012-07-01 10:45:07 |
| 12233 || 60.345445330963 || 2013-01-25 04:27:13 |
| 12234 || -5.5694398540689 || 2019-03-20 22:55:29 |
| 12235 || 0.322766926539344 || 2014-02-19 15:48:33 |
| 12236 || 23.43 || 2020-01-09 07:18:06 |
| 12237 || 11.251 || 2020-01-09 07:18:06 |
| 12238 || 32.1 || 2020-01-09 07:18:06 |
| 12239 || -5.334 || 2020-01-09 07:18:06 |
| 12240 || 14.8372 || 2020-01-09 07:18:06 |
| 12241 || 16.0509 || 2014-01-01 03:10:54 |
| 12242 || -4.05186225831559 || 2016-09-26 08:33:20 |
| 12243 || 75.8987320684771 || 2015-04-27 02:16:48 |
| 12244 || -11.6251311808122 || 2015-09-20 17:08:52 |
| 12245 || -0.0490157321301292 || 2016-03-05 08:47:59 |
| 12246 || 17.507964723656 || 2011-03-08 21:52:35 |
| 12247 || 57.1817104430775 || 2014-12-01 22:42:41 |
| 12248 || -4.6901745098633 || 2012-10-27 12:51:40 |
| 12249 || -13.3842520661307 || 2012-03-22 07:48:18 |
| 12250 || 0.886850858582 || 2019-08-18 22:26:32 |
| 12251 || -3.97512469828507 || 2019-06-04 19:57:21 |
| 12252 || 37.350031366935 || 2014-12-01 16:38:22 |
| 12253 || -24.7757537776462 || 2011-05-19 17:11:52 |
| 12254 || 2.51494022619031 || 2017-09-25 07:55:08 |
| 12255 || -0.306226761396036 || 2015-01-03 20:58:37 |
| 12256 || -5.13105980864322 || 2019-11-24 08:39:01 |
| 12257 || 66.8056068275929 || 2015-08-20 19:24:37 |
| 12258 || -4.62837515841405 || 2014-06-02 19:07:03 |
| 12259 || 50.2626565401348 || 2015-10-10 06:44:24 |
| 12260 || 23.43 || 2020-01-09 07:37:32 |
| 12261 || 11.251 || 2020-01-09 07:37:32 |
| 12262 || 32.1 || 2020-01-09 07:37:32 |
| 12263 || -5.334 || 2020-01-09 07:37:32 |
| 12264 || 14.8372 || 2020-01-09 07:37:32 |
| 12265 || 16.0509 || 2014-01-01 03:10:54 |
| 12266 || 8.45308185333789 || 2019-09-09 13:13:35 |
| 12267 || 39.5109373590522 || 2011-10-15 04:58:31 |
| 12268 || 36.9273841104313 || 2015-05-03 21:33:55 |
| 12269 || 38.8914110905252 || 2016-04-25 03:48:10 |
| 12270 || -2.43241791269199 || 2018-05-23 15:17:31 |
| 12271 || 5.38811963930007 || 2014-07-26 21:07:13 |
| 12272 || 23.43 || 2020-01-09 07:37:52 |
| 12273 || 11.251 || 2020-01-09 07:37:52 |
| 12274 || 32.1 || 2020-01-09 07:37:52 |
| 12275 || -5.334 || 2020-01-09 07:37:52 |
| 12276 || 14.8372 || 2020-01-09 07:37:52 |
| 12277 || 16.0509 || 2014-01-01 03:10:54 |
| 12278 || 58.351007615515 || 2012-06-16 13:31:57 |
| 12279 || 49.7440313420762 || 2017-02-26 15:14:20 |
| 12280 || -6.36285581260607 || 2012-04-06 22:07:18 |
| 12281 || 23.43 || 2020-01-09 07:38:00 |
| 12282 || 11.251 || 2020-01-09 07:38:00 |
| 12283 || 32.1 || 2020-01-09 07:38:00 |
| 12284 || -5.334 || 2020-01-09 07:38:00 |
| 12285 || 14.8372 || 2020-01-09 07:38:00 |
| 12286 || 16.0509 || 2014-01-01 03:10:54 |
| 12287 || 23.43 || 2020-01-09 07:38:00 |
| 12288 || 11.251 || 2020-01-09 07:38:00 |
| 12289 || 32.1 || 2020-01-09 07:38:00 |
| 12290 || -5.334 || 2020-01-09 07:38:00 |
| 12291 || 14.8372 || 2020-01-09 07:38:00 |
| 12292 || 16.0509 || 2014-01-01 03:10:54 |
| 12293 || 23.43 || 2020-01-09 07:38:01 |
| 12294 || 11.251 || 2020-01-09 07:38:01 |
| 12295 || 32.1 || 2020-01-09 07:38:01 |
| 12296 || -5.334 || 2020-01-09 07:38:01 |
| 12297 || 14.8372 || 2020-01-09 07:38:01 |
| 12298 || 16.0509 || 2014-01-01 03:10:54 |
| 12299 || 23.43 || 2020-01-09 07:38:01 |
| 12300 || 11.251 || 2020-01-09 07:38:01 |
| 12301 || 32.1 || 2020-01-09 07:38:01 |
| 12302 || -5.334 || 2020-01-09 07:38:01 |
| 12303 || 14.8372 || 2020-01-09 07:38:01 |
| 12304 || 16.0509 || 2014-01-01 03:10:54 |
| 12305 || -0.328885167181838 || 2019-01-14 11:21:49 |
| 12306 || 23.43 || 2020-01-09 07:38:01 |
| 12307 || 11.251 || 2020-01-09 07:38:01 |
| 12308 || 32.1 || 2020-01-09 07:38:01 |
| 12309 || -5.334 || 2020-01-09 07:38:01 |
| 12310 || 14.8372 || 2020-01-09 07:38:01 |
| 12311 || 16.0509 || 2014-01-01 03:10:54 |Temp table exists? : [{"count(*)":1}]

temperatures
| id || value || created |
| 1 || 23.43 || 2020-01-08 19:49:47 |
| 2 || 11.251 || 2020-01-08 19:49:47 |
| 3 || 32.1 || 2020-01-08 19:49:47 |
| 4 || -5.334 || 2020-01-08 19:49:47 |
| 5 || 14.8372 || 2020-01-08 19:49:47 |
| 6 || 16.0509 || 2014-01-01 03:10:54 |
| 7 || 90.0 || 2018-08-16 21:40:05 |
| 8 || 26.3475821511529 || 2014-12-22 16:33:45 |
| 9 || 5.41559776809304 || 2012-10-20 00:37:09 |
| 10 || 5.04667665037385 || 2013-01-13 17:02:23 |
| 11 || 29.5836009895362 || 2016-01-08 14:55:27 |
| 12 || -16.3326570734174 || 2019-04-14 17:23:28 |
| 13 || -20.8928809863844 || 2012-03-11 03:15:49 |
| 14 || 13.1140540305462 || 2010-03-08 13:34:33 |
| 15 || 2.95596509190209 || 2012-11-08 13:13:08 |
| 16 || 8.61435014814574 || 2014-02-21 05:09:54 |
| 17 || -23.1631532378121 || 2018-09-23 08:23:24 |
| 18 || -15.6092407479275 || 2017-09-07 07:08:13 |
| 19 || -3.02838508428494 || 2012-10-12 04:51:25 |
| 20 || 1.52915170541489 || 2014-09-15 03:24:16 |
| 21 || -5.48285984600599 || 2015-07-20 15:42:56 |
| 22 || 73.9404120972861 || 2012-06-15 07:59:17 |
| 23 || 74.0226593597323 || 2015-09-17 04:24:40 |
| 24 || 10.4708078946264 || 2018-10-25 04:36:10 |
| 25 || 0.826059605024549 || 2013-01-11 20:22:12 |
| 26 || 20.0319925112373 || 2016-09-14 13:07:09 |
| 27 || 11.6353093147127 || 2017-11-19 21:53:38 |
| 28 || -22.3795412375825 || 2018-09-14 09:11:35 |
| 29 || -9.01571481466325 || 2014-07-26 13:34:25 |
| 30 || -0.0322790573020066 || 2010-09-13 03:09:32 |
| 31 || 28.7659470573424 || 2017-12-01 21:49:31 |
| 32 || 80.2225386674248 || 2018-09-16 04:03:25 |
| 33 || 81.3892285555105 || 2010-01-04 11:16:16 |
| 34 || 31.2436311883607 || 2013-01-02 14:28:43 |
| 35 || 0.00218799742462504 || 2018-11-19 03:29:22 |
| 36 || -7.97312849344578 || 2011-06-12 12:13:31 |
| 37 || 57.4290040636494 || 2015-10-09 10:08:39 |
| 38 || 8.14185159420474 || 2018-03-20 18:32:47 |
| 39 || 1.39675954315455 || 2019-10-20 05:09:30 |
| 40 || -0.215391119409126 || 2010-02-06 12:50:10 |
| 41 || -7.4205400599628 || 2016-06-10 05:56:25 |
| 42 || -14.9975857982467 || 2013-05-04 14:55:23 |
| 43 || 35.1737892194543 || 2010-11-06 07:07:28 |
| 44 || 10.4412565207356 || 2016-10-27 04:50:30 |
| 45 || 1.43048273311141 || 2019-06-19 03:57:54 |
| 46 || 2.44614844075834 || 2016-01-14 16:53:23 |
| 47 || 41.3354347897741 || 2016-07-14 03:54:39 |
| 48 || -23.0697809854784 || 2014-06-06 08:58:44 |
| 49 || -12.0957689273772 || 2010-01-01 15:01:25 |
| 50 || -1.23655492649088 || 2017-09-27 03:10:34 |
| 51 || -0.427813301539598 || 2016-05-11 20:57:04 |
| 52 || -13.171679825645 || 2017-02-23 09:36:39 |
| 53 || -3.16496950782612 || 2015-07-06 12:53:22 |
| 54 || 4.74612256867315 || 2011-11-27 21:57:03 |
| 55 || 2.04946121048178 || 2014-11-06 05:40:45 |
| 56 || 9.42380689339158 || 2010-09-12 04:30:06 |
| 57 || 60.7666743919545 || 2018-01-12 06:39:14 |
| 58 || 68.2851219256246 || 2016-06-13 13:57:17 |
| 59 || 54.716720962571 || 2012-04-01 10:10:31 |
| 60 || -0.710255298217403 || 2018-06-06 15:37:54 |
| 61 || -1.95863947920474 || 2013-06-15 04:20:54 |
| 62 || -1.94861396767653 || 2019-06-02 02:34:24 |
| 63 || 77.2969324337471 || 2012-12-06 18:51:24 |
| 64 || -11.5969625499873 || 2013-08-02 23:08:46 |
| 65 || 9.78666421192362 || 2011-11-17 03:45:58 |
| 66 || -0.162058499684968 || 2014-08-23 22:37:18 |
| 67 || 38.6824216166835 || 2011-06-07 12:31:05 |
| 68 || 11.6987232494005 || 2017-12-08 12:17:20 |
| 69 || 57.3705633094057 || 2014-01-27 18:24:05 |
| 70 || 12.1694202216849 || 2019-01-15 07:10:59 |
| 71 || 1.97661894431714 || 2017-01-07 21:11:11 |
| 72 || -14.9627845744961 || 2011-11-21 08:29:58 |
| 73 || -1.66995514263304 || 2010-11-21 12:33:46 |
| 74 || 67.6762921561769 || 2019-01-20 19:29:39 |
| 75 || -1.01703082684277 || 2012-05-23 16:42:01 |
| 76 || 0.612393817304894 || 2010-11-20 08:01:31 |
| 77 || 26.3816933325459 || 2017-01-05 08:45:36 |
| 78 || -24.470562577644 || 2013-03-25 03:07:30 |
| 79 || 77.0860710125406 || 2013-11-05 03:01:44 |
| 80 || 23.3727924326258 || 2010-07-04 05:18:52 |
| 81 || -0.0579591349156031 || 2017-04-05 14:58:27 |
| 82 || 7.11272560582901 || 2016-05-05 10:41:08 |
| 83 || 77.0867711868875 || 2011-11-14 07:48:34 |
| 84 || 73.3593058462233 || 2013-07-23 08:26:39 |
| 85 || -4.51740147722733 || 2010-05-13 21:55:20 |
| 86 || 0.0150838923601377 || 2017-05-06 15:05:39 |
| 87 || 15.9354785752851 || 2013-12-16 17:16:41 |
| 88 || 73.0529640210646 || 2014-04-14 14:05:06 |
| 89 || 41.511129053538 || 2014-12-09 04:47:55 |
| 90 || 10.6002850731298 || 2012-03-15 02:02:21 |
| 91 || 0.365123677677897 || 2012-01-04 07:52:14 |
| 92 || 17.4037215891557 || 2010-02-05 06:28:04 |
| 93 || -24.4090952013623 || 2012-11-14 12:20:13 |
| 94 || -28.4911053960165 || 2010-02-25 03:04:12 |
| 95 || 38.5141699564055 || 2014-03-05 20:46:11 |
| 96 || 0.359696975869354 || 2010-07-26 05:38:18 |
| 97 || 16.5433887765138 || 2011-05-25 20:09:11 |
| 98 || 71.2833979521131 || 2014-03-12 10:14:25 |
| 99 || 56.9769926850222 || 2013-12-06 07:21:34 |
| 100 || -4.66796273198898 || 2017-10-25 01:47:19 |
| 101 || 3.16386805771283 || 2017-03-11 18:52:44 |
| 102 || 15.0395548955183 || 2016-06-10 23:09:04 |
| 103 || 31.5893164432262 || 2013-09-11 16:31:25 |
| 104 || 82.8408127669622 || 2016-06-20 20:46:30 |
| 105 || 52.6151152698744 || 2014-11-17 02:07:46 |
| 106 || 0.383562064803415 || 2013-06-15 10:54:04 |
| 107 || 1.28064851748394 || 2011-12-08 16:49:13 |
| 108 || 19.8836085503022 || 2014-03-17 06:53:36 |
| 109 || 10.2893054954041 || 2019-04-27 06:44:38 |
| 110 || 55.0330857324637 || 2017-12-24 09:11:03 |
| 111 || 8.45561019250228 || 2015-11-21 08:19:58 |
| 112 || -0.809991268609812 || 2019-11-04 03:22:57 |
| 113 || 16.9591483479759 || 2019-11-02 14:33:20 |
| 114 || 69.6959680162617 || 2014-02-01 20:41:02 |
| 115 || -20.5714927574677 || 2019-04-06 22:13:53 |
| 116 || 6.61597290212506 || 2017-09-27 21:40:52 |
| 117 || -0.928328504817113 || 2012-07-23 00:53:05 |
| 118 || 28.4995830799754 || 2018-01-03 08:55:47 |
| 119 || -22.0689154265669 || 2014-10-05 23:21:11 |
| 120 || -6.77662373828449 || 2010-03-22 17:08:47 |
| 121 || -3.8628140899322 || 2019-05-14 04:18:40 |
| 122 || 2.12630307045677 || 2013-06-24 06:43:08 |
| 123 || -0.0918429421248577 || 2017-05-01 23:10:11 |
| 124 || -29.2119009639649 || 2012-06-02 02:39:07 |
| 125 || 29.3476697142508 || 2016-04-15 10:52:45 |
| 126 || 0.940784495694757 || 2019-06-11 08:04:19 |
| 127 || 0.853693745481105 || 2010-03-15 17:08:26 |
| 128 || 23.8525710931514 || 2016-10-23 01:19:17 |
| 129 || 85.7364300038848 || 2012-04-23 16:21:51 |
| 130 || 58.2375853884649 || 2012-06-13 05:04:16 |
| 131 || 22.3301343249684 || 2015-11-12 02:44:42 |
| 132 || 0.30795005718798 || 2014-11-02 09:08:17 |
| 133 || 22.5834562632262 || 2011-12-19 09:27:51 |
| 134 || 30.8134300380624 || 2014-04-11 13:58:48 |
| 135 || 66.413310304508 || 2014-08-26 11:45:49 |
| 136 || -7.36512107811327 || 2011-10-09 08:55:48 |
| 137 || 6.827532250014e-05 || 2015-10-08 21:33:15 |
| 138 || -9.22744361962866 || 2011-02-04 14:11:43 |
| 139 || 71.357928965685 || 2016-06-11 13:30:51 |
| 140 || 78.025730388081 || 2016-10-08 08:56:46 |
| 141 || 34.4429570600116 || 2012-11-21 21:31:22 |
| 142 || 0.305907637752122 || 2016-11-02 03:56:50 |
| 143 || 7.34135577520603 || 2017-04-11 10:49:48 |
| 144 || 22.8497954740137 || 2018-07-07 14:30:47 |
| 145 || 85.5109500354974 || 2014-04-12 12:53:43 |
| 146 || -12.393087249732 || 2017-09-13 13:05:27 |
| 147 || -0.346681573999582 || 2010-05-24 19:19:23 |
| 148 || 6.83596325711021 || 2015-05-15 08:02:00 |
| 149 || -23.9381570547783 || 2017-10-21 13:10:57 |
| 150 || -17.887651998911 || 2017-06-01 12:39:01 |
| 151 || 34.004617649876 || 2010-04-15 05:02:02 |
| 152 || 1.55093420652041 || 2016-11-19 00:56:55 |
| 153 || 15.5817762124891 || 2019-01-02 04:31:31 |
| 154 || 56.5525990191926 || 2010-02-17 15:08:56 |
| 155 || 44.2102499076024 || 2012-03-26 00:00:25 |
| 156 || 50.7309427508135 || 2019-12-27 11:22:25 |
| 157 || 2.92723721039379 || 2010-09-18 21:13:26 |
| 158 || -2.60868454380066 || 2018-05-17 21:21:32 |
| 159 || -20.6515911065438 || 2019-10-27 22:52:13 |
| 160 || 23.43 || 2020-01-08 19:52:34 |
| 161 || 11.251 || 2020-01-08 19:52:34 |
| 162 || 32.1 || 2020-01-08 19:52:34 |
| 163 || -5.334 || 2020-01-08 19:52:34 |
| 164 || 14.8372 || 2020-01-08 19:52:34 |
| 165 || 16.0509 || 2014-01-01 03:10:54 |
| 166 || 90.0 || 2019-09-08 16:55:19 |
| 167 || -11.6086689069355 || 2014-04-09 23:53:35 |
| 168 || 9.86954810283145 || 2010-01-07 05:25:15 |
| 169 || -1.77471211215742 || 2015-07-01 05:18:41 |
| 170 || 39.982605258182 || 2018-10-16 18:06:56 |
| 171 || -11.8328587567298 || 2017-01-02 01:06:04 |
| 172 || -13.1466237242471 || 2015-05-05 09:31:19 |
| 173 || 8.59695189651067 || 2011-10-16 10:07:07 |
| 174 || -1.19397179333372 || 2013-02-02 01:02:19 |
| 175 || 42.3574551452579 || 2015-05-21 01:01:15 |
| 176 || 50.1675691410411 || 2018-05-20 17:11:21 |
| 177 || 68.9225279028387 || 2019-02-20 12:55:45 |
| 178 || 1.0083513010678 || 2015-04-11 08:35:48 |
| 179 || 0.364311918266225 || 2011-08-03 06:07:12 |
| 180 || 31.06444977514 || 2013-04-01 20:03:02 |
| 181 || 57.7852811302508 || 2011-01-15 16:48:55 |
| 182 || 71.3169967048488 || 2010-12-17 15:30:11 |
| 183 || 0.974303308050872 || 2015-07-05 02:24:07 |
| 184 || 0.269051996174643 || 2014-10-17 06:14:50 |
| 185 || 12.5105636329252 || 2018-06-02 03:36:07 |
| 186 || 51.883942870714 || 2019-10-01 10:03:41 |
| 187 || -21.0044173056309 || 2019-10-23 20:35:17 |
| 188 || 8.37879236264292 || 2012-01-23 17:52:04 |
| 189 || 0.0897087944134358 || 2014-05-07 13:15:21 |
| 190 || 0.0162337264943223 || 2017-08-18 17:39:02 |
| 191 || 14.8557544106505 || 2011-03-19 19:54:01 |
| 192 || 14.815820691842 || 2018-05-15 21:11:21 |
| 193 || 30.6590811046154 || 2017-06-12 05:10:51 |
| 194 || 0.0190142044063192 || 2013-11-16 09:37:37 |
| 195 || 10.037099183599 || 2015-07-13 12:14:30 |
| 196 || -13.6354650305788 || 2015-09-07 05:49:18 |
| 197 || 60.8241392885743 || 2019-09-16 20:34:43 |
| 198 || 24.2130505860347 || 2010-05-13 18:15:54 |
| 199 || 0.563539470900761 || 2016-12-14 22:21:45 |
| 200 || -7.22060558965597 || 2011-05-09 21:52:07 |
| 201 || 34.1265581091396 || 2014-09-09 03:36:32 |
| 202 || -20.2978725704966 || 2014-08-10 15:21:17 |
| 203 || -14.0854618863091 || 2019-07-13 21:36:28 |
| 204 || 0.171211248563485 || 2012-12-04 21:01:34 |
| 205 || 2.3492752327613 || 2011-12-27 00:33:13 |
| 206 || -4.96260072654502 || 2011-02-24 05:50:15 |
| 207 || -27.7729869616414 || 2013-01-03 12:08:30 |
| 208 || -1.45726291234126 || 2014-07-14 06:51:27 |
| 209 || 2.28319817041134 || 2011-02-06 01:38:11 |
| 210 || -4.09923760187469 || 2012-02-22 15:20:48 |
| 211 || -2.91098432617839 || 2018-03-09 00:19:52 |
| 212 || 60.0448324402565 || 2014-05-16 08:32:15 |
| 213 || 39.6648664559312 || 2010-11-04 20:09:18 |
| 214 || 6.167249522456 || 2014-07-07 03:40:39 |
| 215 || 1.83604851075998 || 2011-10-12 04:14:36 |
| 216 || 41.6418314184948 || 2018-04-20 03:52:16 |
| 217 || 5.28356733363865 || 2014-07-26 03:48:40 |
| 218 || 45.1951554632809 || 2010-04-05 22:20:55 |
| 219 || 8.98163555296408 || 2011-01-03 04:26:19 |
| 220 || 6.94340857407959 || 2015-09-24 00:13:39 |
| 221 || -18.5678418670397 || 2018-04-05 13:57:21 |
| 222 || 81.0736735050903 || 2017-12-07 06:42:49 |
| 223 || 7.84311535121185 || 2017-07-23 19:29:23 |
| 224 || -1.79269373919911 || 2018-12-08 18:59:44 |
| 225 || -0.673801267506161 || 2013-08-23 23:48:57 |
| 226 || 43.6156926153903 || 2016-05-22 17:26:37 |
| 227 || 72.6290303312679 || 2017-11-17 19:08:20 |
| 228 || 21.4517906881025 || 2010-02-01 23:45:07 |
| 229 || 3.77648876537831 || 2016-05-19 08:49:30 |
| 230 || -0.350095194203613 || 2010-03-12 15:03:50 |
| 231 || -13.565337664074 || 2019-04-07 01:05:23 |
| 232 || 27.6035829278251 || 2014-02-27 10:25:35 |
| 233 || -23.5214356055009 || 2015-04-14 16:10:29 |
| 234 || 18.6247554728743 || 2014-06-02 15:55:44 |
| 235 || -0.319394340825914 || 2013-05-18 10:54:24 |
| 236 || 20.7190755926195 || 2017-07-24 18:46:51 |
| 237 || 21.3974165976664 || 2017-10-13 12:05:47 |
| 238 || 11.6269719298456 || 2019-05-20 15:10:25 |
| 239 || 23.7904789672257 || 2013-12-22 07:13:11 |
| 240 || -0.065952421727497 || 2011-09-19 03:18:20 |
| 241 || 11.6996152114141 || 2010-08-25 17:40:58 |
| 242 || -0.277200961345157 || 2016-11-18 02:56:38 |
| 243 || 42.4146959392802 || 2018-10-08 00:55:14 |
| 244 || 30.8843057038411 || 2010-02-27 12:44:08 |
| 245 || -0.00481345911924978 || 2018-12-17 12:57:59 |
| 246 || -9.6518354001294 || 2017-09-14 10:39:56 |
| 247 || -16.9214922664902 || 2017-09-15 07:04:30 |
| 248 || 67.2810712581887 || 2018-10-13 02:51:45 |
| 249 || 11.688694358736 || 2019-05-18 05:11:28 |
| 250 || 0.44248377105093 || 2016-10-25 15:26:00 |
| 251 || 21.0825570502646 || 2019-08-10 00:24:12 |
| 252 || -25.1909013539935 || 2012-05-26 03:50:09 |
| 253 || 13.2052421169843 || 2012-05-14 12:56:06 |
| 254 || -13.446944788942 || 2017-05-01 21:48:59 |
| 255 || 1.57287868681389 || 2018-07-06 06:57:49 |
| 256 || 0.0673195920452809 || 2011-07-09 13:18:00 |
| 257 || -2.62885562584888 || 2015-06-04 17:11:11 |
| 258 || -28.8066367467784 || 2018-04-05 14:56:39 |
| 259 || 39.222734693115 || 2012-12-27 22:15:32 |
| 260 || 3.2962620041413 || 2011-08-08 05:16:47 |
| 261 || 15.0565669415347 || 2012-05-03 01:48:01 |
| 262 || 33.0886691855053 || 2011-12-07 02:51:13 |
| 263 || -29.7576586902883 || 2019-06-01 11:45:23 |
| 264 || 32.6516951046802 || 2013-03-03 18:38:01 |
| 265 || 3.87478738847651 || 2019-05-18 22:52:50 |
| 266 || 10.0985696307519 || 2016-05-11 00:50:56 |
| 267 || 61.7108342554366 || 2012-10-18 22:10:31 |
| 268 || -4.63282244585354 || 2018-01-14 12:47:03 |
| 269 || 21.9871598511395 || 2018-04-26 19:45:17 |
| 270 || 8.25030252832509 || 2018-03-02 01:04:46 |
| 271 || 3.39888682047455 || 2011-10-18 00:04:23 |
| 272 || 45.050297292039 || 2011-01-12 01:50:45 |
| 273 || 83.802966468752 || 2011-03-27 18:45:07 |
| 274 || 0.378244661219729 || 2016-02-24 13:29:35 |
| 275 || -1.68731754270646 || 2018-04-02 17:05:52 |
| 276 || 3.13180930769059 || 2016-08-18 10:57:24 |
| 277 || 51.2505251413836 || 2019-06-09 01:03:45 |
| 278 || 20.0851532701741 || 2013-11-16 19:15:46 |
| 279 || 27.4524371827903 || 2012-04-09 20:23:52 |
| 280 || 1.07296652972812 || 2013-09-17 15:39:04 |
| 281 || 0.714121911903098 || 2018-04-20 01:44:12 |
| 282 || 43.7675081937389 || 2015-05-20 18:41:19 |
| 283 || 82.5387576680631 || 2013-03-04 13:15:20 |
| 284 || 72.41524154765 || 2012-01-16 13:05:18 |
| 285 || -5.49987054265413 || 2016-11-10 05:51:39 |
| 286 || 0.347028195748966 || 2016-03-06 14:00:56 |
| 287 || 24.9378432292597 || 2014-02-26 11:43:31 |
| 288 || 34.337867819687 || 2017-09-07 08:27:04 |
| 289 || -21.2432462760496 || 2016-03-20 01:23:09 |
| 290 || -3.86784183408242 || 2015-03-19 01:00:41 |
| 291 || 0.272675343408622 || 2018-02-01 12:08:23 |
| 292 || -4.66084964622502 || 2013-07-25 21:11:35 |
| 293 || -5.38927997160125 || 2014-07-07 09:48:36 |
| 294 || 4.215141622681 || 2016-10-09 05:58:01 |
| 295 || -6.77881271806722 || 2019-06-11 06:43:06 |
| 296 || 0.000216061479161576 || 2018-06-08 16:34:28 |
| 297 || 29.8370111951823 || 2015-06-11 21:22:05 |
| 298 || 10.0307885647352 || 2015-03-10 18:54:57 |
| 299 || -9.78947125580375 || 2019-03-21 09:36:56 |
| 300 || 3.31593266054482 || 2010-02-11 16:52:50 |
| 301 || -0.113814520941328 || 2012-08-18 04:16:38 |
| 302 || 13.9470225935885 || 2014-07-10 04:22:52 |
| 303 || 19.3804682426774 || 2011-04-16 01:31:50 |
| 304 || 81.7679577505411 || 2015-03-07 16:33:02 |
| 305 || -10.0942665041946 || 2014-05-12 11:54:27 |
| 306 || 1.34650756963804 || 2011-12-22 12:17:49 |
| 307 || 7.54915523520484 || 2015-08-14 14:14:02 |
| 308 || 68.1387798556456 || 2018-02-27 10:20:01 |
| 309 || 62.7159972260054 || 2017-11-11 04:25:48 |
| 310 || -4.87138734600513 || 2014-10-07 14:53:42 |
| 311 || -0.226937756125151 || 2010-01-10 03:26:39 |
| 312 || 8.74826701922113 || 2012-10-13 02:27:22 |
| 313 || -7.75821310224913 || 2013-09-26 22:46:27 |
| 314 || 88.9984091542135 || 2015-02-19 21:50:55 |
| 315 || 46.4299302353173 || 2013-07-04 01:47:41 |
| 316 || -0.845115541427234 || 2016-03-15 19:39:12 |
| 317 || 0.822137565128209 || 2019-04-13 19:47:48 |
| 318 || -15.194920358209 || 2016-01-05 13:55:30 |
| 319 || 13.0962326194261 || 2017-06-22 12:11:52 |
| 320 || 5.67226902758628 || 2012-05-14 11:12:50 |
| 321 || -1.78213851326924 || 2015-11-18 07:26:46 |
| 322 || -2.01481163956336 || 2014-04-18 08:42:42 |
| 323 || 20.8488161168992 || 2017-03-02 17:53:14 |
| 324 || 86.6525870019484 || 2017-04-10 18:16:46 |
| 325 || 31.508957824287 || 2011-05-13 20:49:00 |
| 326 || -3.45678795857635 || 2016-11-16 15:25:30 |
| 327 || -1.02257556526625 || 2012-01-05 16:23:58 |
| 328 || 10.4537928021636 || 2019-11-27 23:41:32 |
| 329 || -26.7302983572115 || 2016-04-12 12:06:07 |
| 330 || 0.556207916517987 || 2017-10-15 22:06:14 |
| 331 || -4.98715786481535 || 2016-04-01 05:11:10 |
| 332 || 2.12764648707518 || 2015-06-11 04:44:46 |
| 333 || 40.221783105551 || 2010-08-01 03:17:54 |
| 334 || 18.4218119060881 || 2010-07-22 14:10:07 |
| 335 || 46.8805100973752 || 2019-03-17 00:59:19 |
| 336 || -1.81655937656004 || 2018-01-04 08:59:18 |
| 337 || -0.3372192234226 || 2013-07-14 20:01:16 |
| 338 || 20.5229573927065 || 2010-06-16 10:18:53 |
| 339 || 30.7789850140519 || 2015-12-18 10:07:05 |
| 340 || -6.51647042416632 || 2019-01-23 04:49:12 |
| 341 || 8.95006660796696 || 2012-11-23 16:50:18 |
| 342 || 0.421174105744166 || 2011-03-15 08:22:19 |
| 343 || 35.0206719896324 || 2012-04-08 01:13:51 |
| 344 || 46.9512696732201 || 2016-09-11 13:11:02 |
| 345 || 51.5019016612064 || 2013-12-22 09:13:01 |
| 346 || 3.11745495161803 || 2013-07-01 18:12:09 |
| 347 || 0.000798587187576868 || 2014-01-21 03:56:03 |
| 348 || 30.7518279672867 || 2011-12-10 01:46:27 |
| 349 || 14.6199011731191 || 2015-03-15 02:59:09 |
| 350 || 77.1318534826616 || 2016-06-25 13:10:52 |
| 351 || -9.25354619889303 || 2011-07-22 02:53:35 |
| 352 || -0.0504138799565431 || 2012-02-10 00:44:55 |
| 353 || -8.44435003302306 || 2015-06-12 08:55:27 |
| 354 || 75.5753338385161 || 2014-12-23 03:18:41 |
| 355 || -27.9501577385206 || 2013-12-08 21:06:57 |
| 356 || 39.3524919942996 || 2015-08-03 22:18:57 |
| 357 || -0.367342923522685 || 2014-12-14 03:35:59 |
| 358 || 17.2657067530598 || 2018-05-17 08:11:21 |
| 359 || 31.1615698438296 || 2011-06-09 19:11:43 |
| 360 || 74.8039478396915 || 2013-12-22 04:43:15 |
| 361 || 35.5454533709824 || 2013-02-06 09:59:21 |
| 362 || 1.12679986420118 || 2014-02-22 00:37:00 |
| 363 || 9.22498247022 || 2019-09-20 23:51:09 |
| 364 || 62.8969635305278 || 2013-03-02 10:33:07 |
| 365 || 78.3593503378499 || 2010-05-24 20:18:26 |
| 366 || 21.0070518022462 || 2014-03-18 23:54:41 |
| 367 || -1.01570655237793 || 2013-08-06 15:45:56 |
| 368 || -3.43960082618496 || 2018-06-17 20:47:21 |
| 369 || 35.5139592976844 || 2018-05-03 17:18:00 |
| 370 || -17.2166923717149 || 2015-01-17 14:40:41 |
| 371 || 47.6593374016226 || 2018-06-13 11:07:34 |
| 372 || 23.43 || 2020-01-08 19:53:02 |
| 373 || 11.251 || 2020-01-08 19:53:02 |
| 374 || 32.1 || 2020-01-08 19:53:02 |
| 375 || -5.334 || 2020-01-08 19:53:02 |
| 376 || 14.8372 || 2020-01-08 19:53:02 |
| 377 || 16.0509 || 2014-01-01 03:10:54 |
| 378 || 90.0 || 2017-02-22 19:10:50 |
| 379 || 14.4687759635503 || 2015-09-15 07:50:52 |
| 380 || 9.54320364171608 || 2018-06-07 22:24:40 |
| 381 || 2.75107555325905 || 2018-09-25 11:58:35 |
| 382 || -6.26940626222634 || 2018-07-22 21:44:25 |
| 383 || -29.045363760491 || 2019-03-15 22:44:33 |
| 384 || 34.7810775441687 || 2012-04-23 09:20:24 |
| 385 || 12.3595505560551 || 2013-05-20 13:49:52 |
| 386 || 1.01691765373867 || 2012-04-09 02:35:58 |
| 387 || -7.59787532100747 || 2018-12-16 16:33:27 |
| 388 || 43.0344720425401 || 2014-08-21 05:10:24 |
| 389 || -4.451479165233 || 2016-02-06 09:44:12 |
| 390 || -4.58190098799921 || 2014-05-08 08:02:03 |
| 391 || -0.398033394882253 || 2019-10-10 22:19:32 |
| 392 || 38.2512032154426 || 2014-11-10 18:55:32 |
| 393 || 86.2442175000987 || 2016-11-01 05:00:23 |
| 394 || 18.7238867972742 || 2015-08-18 14:58:36 |
| 395 || 18.1721045488084 || 2018-01-17 16:30:18 |
| 396 || 0.809118584613218 || 2018-06-03 08:01:41 |
| 397 || -8.49342408935866 || 2013-12-10 00:04:55 |
| 398 || -10.9513033382322 || 2015-10-23 08:25:10 |
| 399 || 67.6608261448849 || 2017-12-15 12:41:25 |
| 400 || 25.0950034886396 || 2013-04-09 04:06:12 |
| 401 || 0.116049022780712 || 2019-06-14 09:55:49 |
| 402 || -10.1184958361092 || 2013-09-26 14:57:02 |
| 403 || 82.0162373499901 || 2016-02-24 19:43:01 |
| 404 || 70.940836649811 || 2017-05-06 20:30:01 |
| 405 || 31.4259717475011 || 2016-10-23 00:02:28 |
| 406 || -0.0147260616994201 || 2018-12-06 21:09:56 |
| 407 || 14.8775575670316 || 2012-01-04 11:46:33 |
| 408 || -21.658842071969 || 2014-08-13 12:58:11 |
| 409 || -8.48562332725947 || 2017-11-22 02:36:45 |
| 410 || -11.565741069971 || 2010-08-19 01:15:46 |
| 411 || -0.0267214855819512 || 2016-04-17 08:00:34 |
| 412 || 22.2320677915214 || 2013-08-13 14:25:02 |
| 413 || 33.9354317107135 || 2010-02-15 00:03:07 |
| 414 || 76.9264472536425 || 2015-08-20 14:42:38 |
| 415 || 40.5730652378013 || 2019-02-16 08:15:23 |
| 416 || -0.231680280067465 || 2011-05-16 00:00:43 |
| 417 || 16.128543656656 || 2018-02-27 23:38:23 |
| 418 || 66.7041732783775 || 2010-11-03 04:38:30 |
| 419 || 77.1977411259523 || 2013-12-10 03:59:10 |
| 420 || -15.9152819233416 || 2012-06-25 13:56:23 |
| 421 || 3.26919720869745 || 2019-12-15 18:00:09 |
| 422 || -4.51602991969902 || 2011-04-05 09:24:27 |
| 423 || -19.7613258380667 || 2013-05-20 05:10:45 |
| 424 || 87.724640467425 || 2013-11-18 11:10:26 |
| 425 || -12.4163908799128 || 2015-11-09 01:48:53 |
| 426 || 6.1095229560679 || 2012-03-23 19:00:15 |
| 427 || 10.4328151978445 || 2010-07-01 11:37:56 |
| 428 || -19.8808457505778 || 2014-08-11 04:08:32 |
| 429 || -29.8576574013998 || 2016-09-25 16:50:25 |
| 430 || 58.9610746785116 || 2011-01-07 22:44:40 |
| 431 || 4.86789234722175 || 2017-09-26 08:22:18 |
| 432 || 7.26095624757857 || 2012-07-08 19:10:06 |
| 433 || -2.70104004660789 || 2012-03-18 12:43:37 |
| 434 || 82.071888585573 || 2013-06-16 07:42:05 |
| 435 || 32.4093637741209 || 2019-05-13 06:47:01 |
| 436 || 11.7549648776219 || 2011-06-20 12:46:32 |
| 437 || 4.57807187233011 || 2016-07-10 09:36:36 |
| 438 || 30.5055354601666 || 2014-11-13 18:33:37 |
| 439 || 64.0513735056706 || 2015-10-04 05:44:26 |
| 440 || 39.5986849572656 || 2018-06-08 15:22:05 |
| 441 || -2.90181964324345 || 2016-07-07 04:02:22 |
| 442 || -0.231038491038553 || 2018-10-23 23:19:04 |
| 443 || -11.0767080246902 || 2016-02-07 11:38:52 |
| 444 || -23.2062859601244 || 2016-04-15 01:00:51 |
| 445 || 52.0030639526649 || 2015-11-14 22:43:27 |
| 446 || -2.33920236157952 || 2014-09-01 06:37:23 |
| 447 || -0.0900113509575816 || 2017-04-19 03:26:17 |
| 448 || 27.8879615809955 || 2012-05-04 10:34:48 |
| 449 || -26.9674822289438 || 2012-12-09 09:45:24 |
| 450 || 77.2197553882463 || 2019-03-15 06:58:56 |
| 451 || 19.00528153554 || 2010-11-26 13:16:02 |
| 452 || 0.137738075455035 || 2015-11-04 08:07:21 |
| 453 || -9.21866417722511 || 2017-08-08 02:05:32 |
| 454 || 52.9552787972114 || 2015-11-10 17:54:19 |
| 455 || 59.7727890022678 || 2017-04-24 04:39:33 |
| 456 || -9.83046702258301 || 2014-03-05 06:10:04 |
| 457 || 0.0087793438566509 || 2019-06-23 04:48:50 |
| 458 || -9.55549928092637 || 2013-09-07 20:01:32 |
| 459 || 31.2015772567633 || 2013-11-07 13:58:32 |
| 460 || 63.0266360898369 || 2017-04-02 16:42:25 |
| 461 || 36.2287941746102 || 2016-04-22 00:32:31 |
| 462 || 0.369731215926241 || 2012-08-27 05:10:48 |
| 463 || 21.119299400411 || 2013-09-18 18:59:39 |
| 464 || 0.489466364439765 || 2015-11-24 20:29:49 |
| 465 || -12.0656401236611 || 2015-01-15 03:13:16 |
| 466 || 38.079446590574 || 2010-11-11 22:08:01 |
| 467 || 0.336385912547267 || 2018-05-19 07:13:04 |
| 468 || 19.2553576029196 || 2016-10-20 20:06:03 |
| 469 || 25.4117136915015 || 2014-01-01 23:18:40 |
| 470 || -8.25659057948579 || 2017-04-19 06:13:59 |
| 471 || 9.93123204112534 || 2010-03-13 05:51:47 |
| 472 || -1.04221774178457 || 2012-04-17 06:09:30 |
| 473 || 0.772335571135102 || 2012-02-06 09:42:18 |
| 474 || 49.2951382454096 || 2012-09-11 13:33:32 |
| 475 || 4.58733983237319 || 2010-11-23 14:19:41 |
| 476 || 52.4732812555092 || 2016-02-22 08:43:03 |
| 477 || 2.74839553844908 || 2015-05-24 05:04:56 |
| 478 || 3.0327280626979 || 2013-07-04 02:32:34 |
| 479 || -14.366553632477 || 2017-01-16 04:12:33 |
| 480 || -25.6420758717193 || 2014-09-26 06:36:59 |
| 481 || 57.8458019574719 || 2010-09-15 06:08:25 |
| 482 || -2.55066435886266 || 2017-09-27 23:01:10 |
| 483 || 7.88639204888998 || 2014-09-03 13:07:41 |
| 484 || -17.8422059269763 || 2012-12-05 20:07:41 |
| 485 || -6.05828544553119 || 2014-03-12 11:09:09 |
| 486 || 48.3516544298262 || 2012-02-03 05:10:02 |
| 487 || 3.16878986741856 || 2014-06-17 13:57:37 |
| 488 || -1.49450403076426 || 2018-02-19 19:11:34 |
| 489 || -1.57920078153882 || 2013-07-03 20:04:20 |
| 490 || 86.3453510119614 || 2012-06-08 04:06:45 |
| 491 || 63.3462801878501 || 2012-01-21 03:25:37 |
| 492 || 9.56882034937998 || 2019-02-07 15:18:46 |
| 493 || 1.17791893559638 || 2018-11-14 13:39:04 |
| 494 || -14.3922002900837 || 2017-03-01 18:00:10 |
| 495 || -3.57091103245646 || 2013-02-18 19:43:52 |
| 496 || 63.123065445759 || 2014-12-18 04:36:29 |
| 497 || 3.24367801594198 || 2018-01-04 16:56:24 |
| 498 || 0.310368892290315 || 2015-02-06 00:09:36 |
| 499 || -11.010696418919 || 2015-03-14 00:44:42 |
| 500 || 12.6032683094605 || 2019-01-26 06:10:59 |
| 501 || 11.2099065651165 || 2018-09-24 18:42:23 |
| 502 || 20.6980514251266 || 2011-01-07 00:15:17 |
| 503 || 0.265665502700536 || 2018-12-06 22:53:44 |
| 504 || 6.12003034199112 || 2013-12-24 23:42:06 |
| 505 || -0.793660019751195 || 2017-03-12 22:14:36 |
| 506 || 55.5289650947312 || 2010-12-21 04:42:09 |
| 507 || 5.50679930802975 || 2019-06-09 15:17:24 |
| 508 || 0.000238854581293963 || 2011-06-05 02:08:49 |
| 509 || -9.14120917143698 || 2012-02-20 18:32:25 |
| 510 || 78.844236125422 || 2011-10-07 13:00:23 |
| 511 || -19.6243206114586 || 2018-10-05 22:09:58 |
| 512 || 35.4079252182127 || 2019-01-25 06:56:58 |
| 513 || 0.306082093027414 || 2017-08-10 21:24:13 |
| 514 || -7.43363780199392 || 2010-10-09 03:06:58 |
| 515 || 1.93273577898168 || 2010-09-03 13:34:53 |
| 516 || 85.5279758634484 || 2013-03-08 10:27:21 |
| 517 || 33.3996219887838 || 2012-07-06 22:16:59 |
| 518 || 0.156052465500871 || 2017-08-16 14:44:01 |
| 519 || 14.2319663869668 || 2014-06-19 02:48:42 |
| 520 || -14.2327501643233 || 2019-09-01 14:01:24 |
| 521 || 81.091620779558 || 2010-02-14 15:33:39 |
| 522 || -12.0337150104159 || 2018-07-22 19:24:05 |
| 523 || 2.40536538313562 || 2015-11-18 14:40:06 |
| 524 || 6.04555904860117 || 2012-05-22 01:05:01 |
| 525 || -3.92991718639818 || 2019-12-21 15:57:14 |
| 526 || -8.7964791960096 || 2017-11-19 15:24:55 |
| 527 || 48.2307941469069 || 2017-11-02 14:19:55 |
| 528 || 2.66951228175176 || 2014-02-04 05:24:05 |
| 529 || 8.12117893164624 || 2014-06-09 15:02:30 |
| 530 || 34.0235592694292 || 2018-05-03 22:51:54 |
| 531 || 58.0175229435968 || 2016-12-16 05:06:48 |
| 532 || -12.461990569943 || 2016-03-17 00:33:56 |
| 533 || 5.19962275928136 || 2010-12-26 13:50:32 |
| 534 || 0.0847424731537127 || 2011-11-08 16:17:56 |
| 535 || 21.1686150105918 || 2011-04-25 10:51:49 |
| 536 || 78.3396738766937 || 2017-03-17 04:58:32 |
| 537 || -15.9355446001731 || 2011-02-21 01:32:52 |
| 538 || -2.99619588565015 || 2016-10-16 22:02:27 |
| 539 || -1.55719206432179 || 2010-11-10 02:45:16 |
| 540 || 43.7335330948998 || 2015-01-14 00:22:00 |
| 541 || -29.3173987546705 || 2017-01-08 20:52:06 |
| 542 || 60.2644074095104 || 2018-12-24 01:59:49 |
| 543 || 8.64418683703494 || 2014-06-04 04:27:23 |
| 544 || 0.0809657652849717 || 2017-06-17 21:25:02 |
| 545 || 45.5436207959258 || 2018-11-06 19:08:55 |
| 546 || 50.0395822755728 || 2012-02-20 23:27:56 |
| 547 || 68.8160253828228 || 2015-12-22 03:43:40 |
| 548 || 10.7388216759797 || 2018-03-23 19:03:06 |
| 549 || 1.00339866609537 || 2011-06-07 20:08:53 |
| 550 || 6.70450813272394 || 2017-01-21 17:28:32 |
| 551 || -5.52795471539744 || 2016-09-04 13:17:37 |
| 552 || -25.0840925907056 || 2017-09-23 23:43:13 |
| 553 || 13.0769275399876 || 2012-02-19 06:08:19 |
| 554 || 0.385803779991159 || 2014-01-02 04:16:34 |
| 555 || 9.38653624795636 || 2016-03-20 09:56:58 |
| 556 || -23.5647407439494 || 2010-08-07 18:30:15 |
| 557 || -6.63178284622733 || 2013-05-19 13:55:17 |
| 558 || 27.0723005952442 || 2017-11-18 16:02:56 |
| 559 || 0.00319163096771833 || 2011-03-24 10:52:54 |
| 560 || 14.8866179023553 || 2013-03-10 07:39:37 |
| 561 || -22.9594745199591 || 2013-09-15 13:26:00 |
| 562 || -23.8111850871604 || 2017-10-12 21:07:42 |
| 563 || 32.1236604644821 || 2019-11-07 10:47:27 |
| 564 || 0.211700679596517 || 2010-02-14 04:12:44 |
| 565 || 22.6263157549854 || 2012-04-10 02:05:38 |
| 566 || -19.3179685414211 || 2010-10-15 12:41:47 |
| 567 || 40.2483403777019 || 2018-03-09 04:46:43 |
| 568 || 29.3840526746468 || 2013-10-02 05:15:37 |
| 569 || 0.786271600458921 || 2019-11-27 04:53:52 |
| 570 || 18.8717664762236 || 2015-09-03 10:58:39 |
| 571 || 71.8490713662145 || 2011-08-04 21:10:19 |
| 572 || 27.8110211368916 || 2010-10-06 13:31:26 |
| 573 || 18.7824345925459 || 2016-11-26 14:19:00 |
| 574 || 0.0503352553738299 || 2012-04-03 04:23:12 |
| 575 || 0.868327259048382 || 2012-11-18 00:27:48 |
| 576 || 53.5087678161578 || 2015-09-26 20:51:18 |
| 577 || 87.9167733864866 || 2016-05-10 23:18:30 |
| 578 || 33.4047976154066 || 2011-01-05 22:30:44 |
| 579 || 1.23512800304169 || 2019-04-22 02:53:01 |
| 580 || -3.43171386891614 || 2019-07-13 21:22:35 |
| 581 || 27.8337481754373 || 2014-04-01 17:38:38 |
| 582 || -6.27814422025705 || 2019-08-02 18:21:39 |
| 583 || 49.9124777767609 || 2019-07-14 23:04:59 |
| 584 || -1.01276428029339 || 2011-09-08 10:23:09 |
| 585 || 5.63935955991322 || 2013-01-20 09:40:56 |
| 586 || 31.6472578455789 || 2011-01-16 13:26:36 |
| 587 || 89.5346658740667 || 2016-09-05 00:33:25 |
| 588 || 2.35723042844174 || 2018-12-25 08:40:45 |
| 589 || 9.22761419551091 || 2014-02-07 21:13:14 |
| 590 || 5.10523496734306 || 2012-08-17 07:37:03 |
| 591 || 52.4297644391521 || 2018-11-18 07:16:12 |
| 592 || 77.4407817041079 || 2019-04-11 11:34:19 |
| 593 || -4.93238717457695 || 2019-10-15 11:40:29 |
| 594 || -3.63903692680591 || 2019-06-02 08:05:20 |
| 595 || -0.100796963210937 || 2010-04-03 19:07:49 |
| 596 || -12.6554956024438 || 2010-06-14 03:01:29 |
| 597 || 71.6054751556854 || 2012-02-16 01:40:45 |
| 598 || 54.1388483706065 || 2012-03-14 21:30:34 |
| 599 || -1.40327958180981 || 2011-06-15 03:31:07 |
| 600 || -0.5283034404104 || 2016-05-11 16:59:07 |
| 601 || 41.1788470806344 || 2016-10-06 08:25:55 |
| 602 || 85.2158850819648 || 2015-10-05 12:17:06 |
| 603 || -24.7154638735233 || 2013-10-06 00:34:23 |
| 604 || 15.495808757315 || 2016-10-21 20:22:45 |
| 605 || 0.0152983664330599 || 2019-11-12 01:29:29 |
| 606 || -12.2005314859416 || 2011-09-04 07:04:34 |
| 607 || -27.8881100481893 || 2017-07-20 16:17:15 |
| 608 || 47.3854535583392 || 2018-12-27 17:13:11 |
| 609 || -3.18166546544814 || 2019-05-18 09:29:47 |
| 610 || -0.00527779992331374 || 2014-10-04 20:18:35 |
| 611 || -3.494337386846 || 2017-02-05 06:03:23 |
| 612 || -17.7803831544325 || 2012-03-16 22:10:17 |
| 613 || 4.77003564015504 || 2011-12-11 13:30:38 |
| 614 || -11.1355455968038 || 2017-02-06 03:01:46 |
| 615 || 0.0910124530625073 || 2011-04-25 11:07:30 |
| 616 || 26.3007811009517 || 2015-01-03 17:33:49 |
| 617 || 77.3750877944062 || 2010-08-08 12:35:35 |
| 618 || 43.3271392067488 || 2012-12-11 03:25:49 |
| 619 || -11.0508227458043 || 2014-06-20 19:08:14 |
| 620 || 0.281068546989998 || 2010-07-06 15:22:46 |
| 621 || -6.68491790632147 || 2012-04-09 15:01:02 |
| 622 || -5.89484666364411 || 2017-01-03 09:55:11 |
| 623 || 76.0674445333738 || 2018-04-07 17:35:06 |
| 624 || -0.412219442247735 || 2019-09-21 10:53:16 |
| 625 || 1.84605173224765 || 2016-02-21 13:59:39 |
| 626 || 16.2626004242737 || 2013-10-10 08:43:49 |
| 627 || 61.1443064637503 || 2012-02-11 22:58:44 |
| 628 || -29.2492685202606 || 2014-09-22 12:33:57 |
| 629 || 24.2835009184824 || 2015-04-12 02:49:57 |
| 630 || 2.5894659256199 || 2010-10-07 18:25:59 |
| 631 || 8.74430558796442 || 2013-05-06 01:14:12 |
| 632 || 63.5137370262515 || 2011-03-23 06:54:19 |
| 633 || 25.7397953522478 || 2015-12-08 07:27:51 |
| 634 || 41.6491193831333 || 2014-08-17 10:44:58 |
| 635 || 6.90432847316594 || 2019-07-22 23:22:51 |
| 636 || -3.236267921729 || 2014-03-09 14:56:19 |
| 637 || 47.01088081901 || 2012-07-17 09:24:42 |
| 638 || -25.630407024165 || 2012-11-24 22:29:18 |
| 639 || 59.2423985223635 || 2016-04-11 15:58:24 |
| 640 || 2.15460178556655 || 2019-08-07 12:21:23 |
| 641 || 3.48347690618206 || 2015-12-24 00:45:43 |
| 642 || 45.5271890591218 || 2013-02-12 00:57:23 |
| 643 || -24.1382965481163 || 2015-09-14 00:13:05 |
| 644 || 49.734057215827 || 2011-01-12 03:56:05 |
| 645 || 1.80983203565202 || 2013-01-03 15:27:44 |
| 646 || 3.62842952912084 || 2019-02-06 08:14:22 |
| 647 || -13.6409754408684 || 2015-02-13 22:47:57 |
| 648 || 87.1261992945339 || 2011-09-20 00:03:24 |
| 649 || -4.79945220727505 || 2011-03-08 18:47:50 |
| 650 || 14.5139909184926 || 2018-06-11 18:38:28 |
| 651 || 23.43 || 2020-01-08 19:59:11 |
| 652 || 11.251 || 2020-01-08 19:59:11 |
| 653 || 32.1 || 2020-01-08 19:59:11 |
| 654 || -5.334 || 2020-01-08 19:59:11 |
| 655 || 14.8372 || 2020-01-08 19:59:11 |
| 656 || 16.0509 || 2014-01-01 03:10:54 |
| 657 || 90.0 || 2014-03-10 23:30:42 |
| 658 || -0.316959188348112 || 2010-11-04 09:45:37 |
| 659 || -0.218496800032385 || 2018-10-23 16:30:09 |
| 660 || 1.19157729001005 || 2013-06-25 23:49:29 |
| 661 || 26.166967044023 || 2012-07-20 04:01:47 |
| 662 || -15.476928845528 || 2012-01-25 11:50:44 |
| 663 || 20.5189370100593 || 2017-08-11 04:38:34 |
| 664 || 2.52964466891914 || 2019-05-27 15:25:08 |
| 665 || -1.36835527004994 || 2015-05-17 03:45:07 |
| 666 || -15.4351336802768 || 2010-01-20 05:19:34 |
| 667 || 87.7159936565799 || 2013-12-18 09:37:01 |
| 668 || -20.3712143607806 || 2012-02-06 19:04:22 |
| 669 || 16.7236893264191 || 2014-10-25 17:41:35 |
| 670 || 1.59420207008034 || 2016-08-14 02:25:09 |
| 671 || 29.5573676600938 || 2018-06-09 11:47:36 |
| 672 || 61.8307470404488 || 2012-12-15 20:51:43 |
| 673 || -17.245823265103 || 2018-12-04 19:28:52 |
| 674 || 3.79270203807345 || 2015-12-23 10:43:35 |
| 675 || 0.169750612351423 || 2012-03-22 18:14:21 |
| 676 || -0.62739558208225 || 2019-10-09 10:08:12 |
| 677 || 16.1330920536718 || 2019-12-04 05:55:32 |
| 678 || 77.3040291648518 || 2018-10-08 04:19:43 |
| 679 || 5.90455098808919 || 2017-06-27 18:48:59 |
| 680 || -0.0386383782354075 || 2012-05-10 01:41:41 |
| 681 || -1.16830333126258 || 2019-02-27 14:43:13 |
| 682 || -15.2682147882149 || 2019-03-03 21:23:53 |
| 683 || -10.3885986671482 || 2015-03-23 11:32:22 |
| 684 || 9.59784525831707 || 2016-07-02 21:58:51 |
| 685 || 0.0435425008484208 || 2017-12-02 22:30:52 |
| 686 || -5.39295337308856 || 2018-02-03 21:48:13 |
| 687 || 64.9416431572776 || 2015-04-26 05:14:51 |
| 688 || 57.2387141463164 || 2017-04-11 03:02:18 |
| 689 || 37.3035809671725 || 2015-03-17 07:08:48 |
| 690 || 0.181966414248357 || 2012-04-23 11:53:56 |
| 691 || 23.0521122217172 || 2012-02-06 08:01:00 |
| 692 || -22.3147466920667 || 2017-06-03 09:38:43 |
| 693 || 34.687712116343 || 2017-08-01 14:31:15 |
| 694 || 41.3918790391814 || 2012-07-12 13:53:49 |
| 695 || 0.185591524652267 || 2011-08-21 00:39:36 |
| 696 || 9.74892150793906 || 2017-09-19 08:16:24 |
| 697 || 26.5077995640843 || 2013-05-24 17:25:37 |
| 698 || 37.2429336099855 || 2015-02-15 22:24:21 |
| 699 || 38.7825602636998 || 2019-12-24 21:53:55 |
| 700 || 0.990939806269325 || 2019-03-19 01:34:35 |
| 701 || 14.3111959632167 || 2017-11-09 07:19:28 |
| 702 || 48.0918502360998 || 2017-06-03 22:30:14 |
| 703 || -27.169551085622 || 2014-05-27 21:48:09 |
| 704 || -6.39959586969684 || 2018-02-02 17:19:46 |
| 705 || 5.01611299139169 || 2019-09-23 22:36:58 |
| 706 || 1.98428301082353 || 2013-01-11 07:57:13 |
| 707 || 60.9007183843774 || 2019-10-20 12:02:56 |
| 708 || -29.0443362509436 || 2012-10-17 12:17:58 |
| 709 || 26.0908156521589 || 2018-08-16 22:16:36 |
| 710 || 1.38407848603867 || 2014-12-24 17:30:30 |
| 711 || 3.05046773093933 || 2016-07-20 05:34:46 |
| 712 || 49.8413920428364 || 2015-08-14 14:58:44 |
| 713 || -10.4059102949475 || 2016-07-03 07:59:32 |
| 714 || -0.655264517284994 || 2010-11-26 14:47:11 |
| 715 || 9.82355312639196 || 2014-12-04 18:34:50 |
| 716 || -0.742032063367093 || 2011-06-17 06:01:45 |
| 717 || -3.11123212706787 || 2011-10-16 15:37:34 |
| 718 || 62.0989533847905 || 2015-03-21 14:24:18 |
| 719 || 11.2760840632983 || 2015-10-06 23:32:47 |
| 720 || 3.25134077185203 || 2011-04-05 14:10:13 |
| 721 || -0.0241114817820837 || 2019-06-13 03:32:57 |
| 722 || 44.7926804070645 || 2014-06-19 03:01:07 |
| 723 || -7.99634374777741 || 2015-10-25 15:45:30 |
| 724 || 69.0990101570392 || 2014-02-21 03:56:32 |
| 725 || 13.7219471620768 || 2015-07-27 17:11:04 |
| 726 || 0.814350017348837 || 2012-07-07 19:11:09 |
| 727 || 16.0050594919847 || 2011-08-03 10:11:14 |
| 728 || -3.37345289075611 || 2010-11-01 12:25:56 |
| 729 || -20.3046680399143 || 2012-04-19 03:54:32 |
| 730 || 25.6549123566149 || 2011-09-22 18:14:14 |
| 731 || 0.160822627579817 || 2017-05-09 15:31:18 |
| 732 || -10.4963072637346 || 2010-06-23 10:19:12 |
| 733 || -22.6225741313196 || 2013-05-04 19:48:33 |
| 734 || 73.8644341981264 || 2019-03-02 16:01:19 |
| 735 || -10.3930764684203 || 2014-04-16 11:57:22 |
| 736 || 0.00965368033820684 || 2018-04-21 08:26:34 |
| 737 || 5.34476124938482 || 2018-01-02 12:29:26 |
| 738 || 47.0509123251903 || 2013-09-02 11:23:00 |
| 739 || 72.4502615515327 || 2015-09-02 01:10:39 |
| 740 || 33.3539829617035 || 2010-02-16 05:40:24 |
| 741 || 0.486203707101605 || 2017-08-22 19:41:14 |
| 742 || 21.193270463897 || 2013-07-23 19:49:12 |
| 743 || -12.4586458851953 || 2019-05-10 19:34:16 |
| 744 || -13.7908241443007 || 2010-01-09 21:12:57 |
| 745 || -0.467437901353048 || 2010-10-06 18:29:25 |
| 746 || 0.555153156392366 || 2014-01-09 18:58:17 |
| 747 || 23.43 || 2020-01-08 19:59:46 |
| 748 || 11.251 || 2020-01-08 19:59:46 |
| 749 || 32.1 || 2020-01-08 19:59:46 |
| 750 || -5.334 || 2020-01-08 19:59:46 |
| 751 || 14.8372 || 2020-01-08 19:59:46 |
| 752 || 16.0509 || 2014-01-01 03:10:54 |
| 753 || 23.43 || 2020-01-08 20:03:02 |
| 754 || 11.251 || 2020-01-08 20:03:02 |
| 755 || 32.1 || 2020-01-08 20:03:02 |
| 756 || -5.334 || 2020-01-08 20:03:02 |
| 757 || 14.8372 || 2020-01-08 20:03:02 |
| 758 || 16.0509 || 2014-01-01 03:10:54 |
| 759 || 23.43 || 2020-01-08 20:03:19 |
| 760 || 11.251 || 2020-01-08 20:03:20 |
| 761 || 32.1 || 2020-01-08 20:03:21 |
| 762 || -5.334 || 2020-01-08 20:03:26 |
| 763 || 14.8372 || 2020-01-08 20:03:28 |
| 764 || 16.0509 || 2014-01-01 03:10:54 |
| 765 || 90.0 || 2019-04-20 04:59:51 |
| 766 || 15.6373453087447 || 2015-01-26 10:21:37 |
| 767 || -2.91182716369764 || 2019-01-10 22:40:11 |
| 768 || 4.39991955649496 || 2017-07-04 20:26:00 |
| 769 || 49.1728851787981 || 2014-04-06 10:24:00 |
| 770 || 87.3668334696606 || 2018-11-03 23:59:12 |
| 771 || 40.6167452200247 || 2014-05-12 17:33:07 |
| 772 || 13.39940208569 || 2017-06-10 16:33:48 |
| 773 || 4.13493802031304 || 2013-04-25 07:37:59 |
| 774 || 26.2900655102218 || 2010-10-05 21:06:53 |
| 775 || 10.6351208279272 || 2015-06-15 21:29:37 |
| 776 || -23.0301844182713 || 2016-04-09 15:08:26 |
| 777 || 11.8174676991127 || 2018-09-10 10:13:35 |
| 778 || 0.0104702388946067 || 2010-11-17 10:54:38 |
| 779 || -12.194965798633 || 2015-11-25 02:26:32 |
| 780 || 18.7342289835262 || 2011-01-06 09:05:57 |
| 781 || 51.2024916120525 || 2012-12-18 02:56:26 |
| 782 || 15.177164748886 || 2017-01-15 02:13:23 |
| 783 || -0.221249446365389 || 2014-10-23 14:34:56 |
| 784 || 37.5964714350288 || 2013-11-16 04:47:50 |
| 785 || 84.2335587315585 || 2017-01-03 04:03:46 |
| 786 || 74.7230041844185 || 2013-09-08 20:04:48 |
| 787 || 23.5335538389113 || 2014-06-12 16:23:36 |
| 788 || 0.0508494014384787 || 2018-01-17 03:38:14 |
| 789 || 3.63831578121836 || 2017-03-24 05:32:54 |
| 790 || 57.5444528569171 || 2017-10-03 15:46:25 |
| 791 || 18.6562651397082 || 2018-04-07 06:05:24 |
| 792 || 30.8141277732724 || 2014-12-18 01:33:32 |
| 793 || 0.0152137612494387 || 2012-06-18 09:27:15 |
| 794 || 2.43910225857674 || 2019-08-24 05:25:51 |
| 795 || 4.26317868407543 || 2010-12-10 11:01:44 |
| 796 || 59.729891192658 || 2015-04-11 17:53:19 |
| 797 || 13.0818154470487 || 2016-12-15 17:49:25 |
| 798 || 0.0266867827323923 || 2019-01-16 15:36:33 |
| 799 || 16.9182814416574 || 2013-05-27 01:18:12 |
| 800 || 32.3252706834626 || 2013-05-18 18:16:34 |
| 801 || 84.8438876678899 || 2014-07-08 05:30:10 |
| 802 || -8.18619777470821 || 2017-05-13 18:21:30 |
| 803 || -0.182153256043215 || 2016-05-07 15:43:05 |
| 804 || -5.37091916335257 || 2013-03-15 22:16:03 |
| 805 || -8.644952003848 || 2014-04-05 12:59:57 |
| 806 || 5.89890111676522 || 2017-09-05 21:24:02 |
| 807 || 32.0909473671102 || 2014-05-21 22:04:59 |
| 808 || 1.3354452261514 || 2013-11-04 06:07:59 |
| 809 || -1.68233015436966 || 2012-03-26 03:44:46 |
| 810 || -15.3971286870684 || 2013-11-10 02:59:17 |
| 811 || -16.2152025138472 || 2015-04-27 10:27:11 |
| 812 || 41.8423752918571 || 2015-04-20 08:08:19 |
| 813 || -1.69206290713064 || 2018-10-11 13:59:12 |
| 814 || 5.38845561504592 || 2012-12-16 22:32:11 |
| 815 || 8.50630976941995 || 2013-03-17 23:44:02 |
| 816 || 28.3524469206683 || 2011-11-20 00:58:12 |
| 817 || 58.3337943706199 || 2018-06-16 19:40:05 |
| 818 || -2.69509337659177 || 2019-12-05 10:06:35 |
| 819 || 7.06159933459328 || 2017-02-18 10:40:31 |
| 820 || -3.48491689199875 || 2019-05-18 23:45:09 |
| 821 || -27.8809384667121 || 2019-07-05 11:12:33 |
| 822 || -9.23179281542065 || 2012-01-17 20:08:32 |
| 823 || -1.02083126432026 || 2014-12-11 10:04:50 |
| 824 || 0.489083682987674 || 2010-02-12 04:26:32 |
| 825 || -12.2648739654367 || 2018-04-27 19:23:29 |
| 826 || 30.3516048300777 || 2017-05-26 21:30:07 |
| 827 || -22.6815282453869 || 2016-01-08 05:50:05 |
| 828 || 8.92613898951578 || 2013-10-21 19:40:12 |
| 829 || 1.84617759873669 || 2018-04-22 13:29:39 |
| 830 || -8.82142610692004 || 2015-10-27 03:49:04 |
| 831 || 16.8645458917919 || 2011-11-23 13:44:25 |
| 832 || 18.1911267222272 || 2019-12-12 04:13:51 |
| 833 || 1.05886599947078 || 2010-04-24 12:42:59 |
| 834 || 0.714103756936568 || 2016-05-22 00:47:40 |
| 835 || 2.36531735470443 || 2018-06-23 01:12:00 |
| 836 || 67.2442524390736 || 2019-03-24 00:50:11 |
| 837 || 74.9153023725462 || 2019-10-26 03:38:05 |
| 838 || 25.8899815726057 || 2017-09-17 03:54:00 |
| 839 || 0.200888533310255 || 2010-04-12 06:33:09 |
| 840 || 31.1329804078565 || 2010-03-15 15:31:36 |
| 841 || -7.14610692166575 || 2010-05-05 04:06:30 |
| 842 || -9.33554649463415 || 2011-11-11 16:06:49 |
| 843 || 11.461793514056 || 2014-06-03 09:28:46 |
| 844 || -0.00351917514024829 || 2019-05-10 15:00:36 |
| 845 || -4.41769070270515 || 2018-07-19 03:18:09 |
| 846 || -26.0015427355476 || 2018-09-27 18:19:08 |
| 847 || 80.0333931431267 || 2011-08-22 08:23:14 |
| 848 || 3.70631210402259 || 2012-12-26 16:35:16 |
| 849 || 0.48610253035642 || 2015-08-06 00:51:14 |
| 850 || 5.87559183809573 || 2018-09-12 00:54:45 |
| 851 || 36.3509951405101 || 2013-07-05 11:09:15 |
| 852 || 1.17882219513538 || 2012-06-24 22:54:23 |
| 853 || 41.2648299267326 || 2019-05-09 08:45:53 |
| 854 || 1.10879424684858 || 2018-11-13 16:47:47 |
| 855 || 13.6263108949495 || 2018-06-16 05:34:29 |
| 856 || -12.1673919512597 || 2013-11-08 04:42:01 |
| 857 || 39.0249094775081 || 2018-09-04 06:58:08 |
| 858 || 37.8066971176596 || 2018-01-21 08:36:42 |
| 859 || -0.323526923591566 || 2012-06-02 00:45:36 |
| 860 || 14.3558000918724 || 2015-05-12 13:49:17 |
| 861 || 56.5094706959729 || 2013-04-04 22:40:29 |
| 862 || -29.7871605812781 || 2012-05-25 18:19:33 |
| 863 || 46.4024720080162 || 2018-07-06 15:35:53 |
| 864 || 5.34195414354468 || 2014-01-12 18:13:22 |
| 865 || 1.91444819200416 || 2015-08-11 14:49:29 |
| 866 || -19.6774307317687 || 2016-09-07 11:09:38 |
| 867 || 22.6820059724668 || 2019-08-26 13:49:44 |
| 868 || 31.0628331127981 || 2012-03-19 00:30:17 |
| 869 || -2.04059699703362 || 2010-08-12 01:21:27 |
| 870 || -2.16556484211375 || 2016-07-15 20:44:13 |
| 871 || 27.6243619612745 || 2011-01-03 18:39:45 |
| 872 || 87.9112792212459 || 2013-10-09 17:14:27 |
| 873 || 21.1335914400183 || 2019-11-27 05:48:26 |
| 874 || -0.479168837960219 || 2013-05-13 00:51:31 |
| 875 || -1.68337674927539 || 2016-01-20 20:51:32 |
| 876 || -6.10244647996401 || 2015-02-07 22:40:02 |
| 877 || 70.5250903997127 || 2010-09-05 04:44:23 |
| 878 || -7.26960585683329 || 2011-03-09 18:23:08 |
| 879 || -1.68143547680456 || 2010-09-06 10:42:21 |
| 880 || 2.61396281527743 || 2012-11-13 21:55:06 |
| 881 || 45.6286845936167 || 2018-06-27 00:21:51 |
| 882 || -26.7761906812134 || 2015-07-09 23:01:58 |
| 883 || -14.5627408220428 || 2014-08-16 06:43:06 |
| 884 || 19.0952077173946 || 2019-01-17 08:41:23 |
| 885 || 0.79557580832962 || 2013-03-13 01:02:08 |
| 886 || 34.6623361688662 || 2014-12-17 10:17:23 |
| 887 || -13.3898977398713 || 2012-07-08 07:30:11 |
| 888 || -10.5159253732749 || 2018-04-07 17:25:29 |
| 889 || 0.814154052227519 || 2014-08-12 10:35:34 |
| 890 || 0.14979618560954 || 2018-11-25 08:48:05 |
| 891 || -9.95949226895094 || 2013-05-16 12:03:32 |
| 892 || 37.2577053520216 || 2010-09-01 17:05:42 |
| 893 || 59.6138120969751 || 2018-10-19 07:47:21 |
| 894 || 13.7951288330451 || 2011-04-09 20:51:53 |
| 895 || 0.00022175060790722 || 2019-10-10 00:49:41 |
| 896 || 25.5008391023247 || 2014-09-16 09:59:32 |
| 897 || -26.6632157664409 || 2016-09-04 18:56:57 |
| 898 || 83.3056192937936 || 2011-05-08 03:05:57 |
| 899 || -10.1413810621585 || 2011-01-24 06:51:28 |
| 900 || 0.34445001642168 || 2011-08-25 14:14:35 |
| 901 || 5.42494115510219 || 2016-06-07 01:31:06 |
| 902 || 60.8546571655905 || 2018-06-18 10:40:18 |
| 903 || 42.9311405715307 || 2018-01-02 08:03:21 |
| 904 || 19.2342415111298 || 2013-02-15 21:32:12 |
| 905 || 0.66136412003895 || 2015-11-09 20:36:14 |
| 906 || 6.09428032754288 || 2017-09-21 09:02:42 |
| 907 || 70.2505321696398 || 2013-05-14 22:07:09 |
| 908 || 62.6935286429199 || 2017-03-09 21:22:21 |
| 909 || 44.8589781329579 || 2010-09-11 21:37:52 |
| 910 || 1.63478274056955 || 2010-08-25 17:22:28 |
| 911 || 3.36171303372004 || 2017-10-02 00:15:54 |
| 912 || 53.0078834451571 || 2016-04-08 19:05:12 |
| 913 || 87.6892675601383 || 2013-02-01 14:36:34 |
| 914 || -2.78078964692835 || 2019-10-27 22:26:48 |
| 915 || 4.76976130313048 || 2015-04-15 07:48:36 |
| 916 || 4.49397501124615 || 2013-04-22 17:49:46 |
| 917 || 43.6052416643718 || 2016-07-19 11:40:31 |
| 918 || 66.658627752212 || 2010-11-21 15:02:43 |
| 919 || 50.6941836289212 || 2016-07-12 14:24:09 |
| 920 || 1.4924603853755 || 2016-04-06 21:34:38 |
| 921 || -2.68481865339815 || 2012-03-11 02:58:35 |
| 922 || 18.209287101769 || 2018-02-14 03:43:22 |
| 923 || 29.485003571017 || 2013-10-20 07:28:34 |
| 924 || -16.599451947035 || 2011-03-03 21:06:20 |
| 925 || 9.35612532617278 || 2016-08-25 22:39:52 |
| 926 || -1.33298622563027 || 2011-06-13 03:18:17 |
| 927 || -3.35139273403529 || 2016-03-11 04:21:52 |
| 928 || 20.4900757115245 || 2015-03-27 13:33:54 |
| 929 || -14.7990512893634 || 2011-11-18 17:09:27 |
| 930 || 0.532657537957368 || 2019-07-24 15:15:49 |
| 931 || 0.297241878685868 || 2010-05-14 13:26:06 |
| 932 || -14.2797479500735 || 2017-12-23 04:22:26 |
| 933 || 35.2307302172295 || 2017-05-01 21:53:06 |
| 934 || -23.661255510357 || 2016-12-18 19:38:49 |
| 935 || 19.5953249326539 || 2018-10-21 08:56:19 |
| 936 || -0.292443244664749 || 2013-09-22 12:15:47 |
| 937 || 40.3678017572342 || 2011-02-25 17:51:33 |
| 938 || 78.3011823242964 || 2015-01-23 03:09:21 |
| 939 || 58.2518900403464 || 2018-12-26 19:39:49 |
| 940 || -8.08806900339725 || 2015-12-25 03:40:44 |
| 941 || 0.149277182139983 || 2010-08-27 02:21:26 |
| 942 || 8.04836657928345 || 2019-07-23 22:51:27 |
| 943 || -27.5480106452299 || 2018-05-06 13:43:54 |
| 944 || 51.8187004893632 || 2010-06-15 15:31:44 |
| 945 || 24.5727275450914 || 2015-12-05 14:31:35 |
| 946 || -0.00157691302163715 || 2017-08-02 12:35:08 |
| 947 || 4.35031779268592 || 2017-05-04 16:27:26 |
| 948 || -1.37327329721621 || 2015-10-06 21:29:34 |
| 949 || 42.308770988647 || 2013-08-12 21:26:07 |
| 950 || 23.43 || 2020-01-08 20:06:47 |
| 951 || 11.251 || 2020-01-08 20:06:47 |
| 952 || 32.1 || 2020-01-08 20:06:47 |
| 953 || -5.334 || 2020-01-08 20:06:47 |
| 954 || 14.8372 || 2020-01-08 20:06:47 |
| 955 || 16.0509 || 2014-01-01 03:10:54 |
| 956 || 90.0 || 2018-08-18 12:02:14 |
| 957 || 23.9868417013172 || 2013-07-05 08:54:54 |
| 958 || 9.32681603354226 || 2010-08-15 21:26:26 |
| 959 || 3.55372801391716 || 2014-12-10 07:30:14 |
| 960 || -7.43504591236813 || 2017-01-21 12:00:35 |
| 961 || 13.2058066071031 || 2016-03-01 01:35:05 |
| 962 || -15.2694277393449 || 2018-01-11 06:09:11 |
| 963 || -3.41577348903195 || 2013-02-26 18:39:19 |
| 964 || 3.09186358378693 || 2014-03-11 21:26:39 |
| 965 || 47.8853697441261 || 2014-02-12 03:20:14 |
| 966 || 60.9190837099516 || 2012-12-24 22:45:59 |
| 967 || 57.679143554694 || 2018-04-17 16:41:48 |
| 968 || -3.73104291295376 || 2019-09-12 13:42:37 |
| 969 || 1.8022818600868 || 2019-08-08 16:29:21 |
| 970 || -0.953698119999239 || 2015-12-01 00:21:59 |
| 971 || 25.7831062038519 || 2013-04-09 14:02:05 |
| 972 || 3.26623487174478 || 2016-11-27 13:39:46 |
| 973 || 22.1776480282783 || 2018-12-06 18:50:42 |
| 974 || 0.403275211742039 || 2015-12-26 17:02:06 |
| 975 || 38.15283194867 || 2018-03-18 17:56:07 |
| 976 || 54.6896879227964 || 2019-03-23 03:40:29 |
| 977 || -23.4823631480166 || 2011-10-08 04:03:25 |
| 978 || 13.7198770120832 || 2013-04-24 10:53:14 |
| 979 || -0.00639479260117446 || 2010-08-11 01:08:05 |
| 980 || 1.45503454313521 || 2011-02-10 01:40:17 |
| 981 || -27.3252477285059 || 2011-09-07 20:01:36 |
| 982 || -5.64641555659795 || 2016-02-22 23:44:10 |
| 983 || -10.5732548651235 || 2011-07-09 16:17:55 |
| 984 || 0.0164030427355422 || 2019-11-11 03:52:06 |
| 985 || 10.3993747797128 || 2013-12-22 10:14:21 |
| 986 || -8.48190549292504 || 2017-05-01 03:30:29 |
| 987 || -13.4165439732995 || 2018-03-22 02:33:08 |
| 988 || -11.4113187469293 || 2010-04-09 21:11:44 |
| 989 || 0.00580255637977509 || 2017-12-17 19:30:35 |
| 990 || 4.89703986756259 || 2017-02-25 07:09:22 |
| 991 || 23.0868498282588 || 2010-10-14 10:22:27 |
| 992 || 83.8927950747169 || 2016-06-09 00:54:11 |
| 993 || 28.2940666815418 || 2018-08-08 04:41:37 |
| 994 || 0.750031641962892 || 2011-02-07 03:55:51 |
| 995 || 17.3356297762086 || 2014-01-10 14:26:45 |
| 996 || 14.4340446469366 || 2014-10-04 00:30:39 |
| 997 || 49.3690817580674 || 2019-01-14 14:04:06 |
| 998 || 32.459011962969 || 2013-12-25 16:33:42 |
| 999 || -0.377018902315613 || 2015-12-02 19:11:00 |
| 1000 || 14.2443674526844 || 2015-10-24 18:32:28 |
| 1001 || 23.43 || 2020-01-08 20:07:09 |
| 1002 || 11.251 || 2020-01-08 20:07:09 |
| 1003 || 32.1 || 2020-01-08 20:07:09 |
| 1004 || -5.334 || 2020-01-08 20:07:09 |
| 1005 || 14.8372 || 2020-01-08 20:07:09 |
| 1006 || 16.0509 || 2014-01-01 03:10:54 |
| 1007 || 23.43 || 2020-01-08 20:07:28 |
| 1008 || 11.251 || 2020-01-08 20:07:28 |
| 1009 || 32.1 || 2020-01-08 20:07:28 |
| 1010 || -5.334 || 2020-01-08 20:07:28 |
| 1011 || 14.8372 || 2020-01-08 20:07:28 |
| 1012 || 16.0509 || 2014-01-01 03:10:54 |
| 1013 || 23.43 || 2020-01-08 20:07:56 |
| 1014 || 11.251 || 2020-01-08 20:07:56 |
| 1015 || 32.1 || 2020-01-08 20:07:56 |
| 1016 || -5.334 || 2020-01-08 20:07:56 |
| 1017 || 14.8372 || 2020-01-08 20:07:56 |
| 1018 || 16.0509 || 2014-01-01 03:10:54 |
| 1019 || 23.43 || 2020-01-08 20:12:25 |
| 1020 || 11.251 || 2020-01-08 20:12:25 |
| 1021 || 32.1 || 2020-01-08 20:12:25 |
| 1022 || -5.334 || 2020-01-08 20:12:25 |
| 1023 || 14.8372 || 2020-01-08 20:12:25 |
| 1024 || 16.0509 || 2014-01-01 03:10:54 |
| 1025 || 2.02092203591079 || 2014-01-14 06:22:00 |
| 1026 || -17.228168721755 || 2010-02-11 15:44:11 |
| 1027 || 42.9163694484145 || 2019-08-23 16:35:02 |
| 1028 || -11.22655895302 || 2017-08-24 23:39:24 |
| 1029 || -0.289972416388217 || 2011-04-05 04:47:28 |
| 1030 || -6.36639662231136 || 2010-06-24 06:30:29 |
| 1031 || -18.511250310381 || 2014-11-05 13:55:51 |
| 1032 || 62.0510569539195 || 2015-04-19 12:37:59 |
| 1033 || -8.85343184185411 || 2015-01-11 01:29:20 |
| 1034 || 0.627437898185958 || 2016-04-15 08:08:18 |
| 1035 || 15.3950548806376 || 2011-06-20 22:40:30 |
| 1036 || 33.7138114898295 || 2010-04-06 20:11:52 |
| 1037 || -9.99786040079983 || 2017-07-16 23:42:06 |
| 1038 || 5.69036440441989 || 2011-08-21 19:44:05 |
| 1039 || -0.701234411424234 || 2012-10-21 23:54:32 |
| 1040 || -4.2330174690939 || 2015-07-15 18:45:17 |
| 1041 || 34.441773040967 || 2019-03-14 12:10:01 |
| 1042 || -20.0938888395197 || 2010-09-27 16:38:23 |
| 1043 || 4.16432097848455 || 2018-08-26 01:39:44 |
| 1044 || 5.82495097248099 || 2010-11-25 20:22:41 |
| 1045 || 4.1381462754544 || 2019-08-15 05:49:51 |
| 1046 || -19.4349406975098 || 2015-08-22 18:47:04 |
| 1047 || 81.7370114220687 || 2013-08-21 22:11:43 |
| 1048 || 29.2738943858396 || 2010-03-22 18:07:41 |
| 1049 || 0.262708141619587 || 2019-09-09 03:23:25 |
| 1050 || 5.28309580617163 || 2012-03-10 03:59:29 |
| 1051 || 27.72085589998 || 2018-06-13 17:36:05 |
| 1052 || -22.8146233337555 || 2011-09-24 10:13:41 |
| 1053 || 24.699825253034 || 2013-04-13 15:11:46 |
| 1054 || -1.03074210019718 || 2016-06-09 09:17:21 |
| 1055 || -1.06395236538226 || 2018-04-01 07:16:44 |
| 1056 || -5.25333915612999 || 2012-07-06 13:48:41 |
| 1057 || -13.1138770553128 || 2010-02-05 07:04:17 |
| 1058 || 33.6267991837035 || 2017-02-10 22:43:24 |
| 1059 || 7.62831003160073 || 2012-10-05 13:49:05 |
| 1060 || 1.26008569713372 || 2014-06-21 10:43:24 |
| 1061 || -3.18756069382217 || 2016-03-07 01:06:17 |
| 1062 || 74.362352223817 || 2011-11-01 18:01:11 |
| 1063 || 4.28136708766826 || 2016-08-03 02:10:28 |
| 1064 || 22.8239410805543 || 2018-10-01 07:41:19 |
| 1065 || -0.139302455599559 || 2017-11-25 16:56:36 |
| 1066 || 19.1206718513357 || 2012-08-11 11:32:59 |
| 1067 || 82.2320818777803 || 2014-08-01 17:44:46 |
| 1068 || 76.0290424536257 || 2017-09-11 23:19:59 |
| 1069 || 8.79175355683061 || 2011-01-11 01:26:58 |
| 1070 || 0.0446918170106771 || 2019-05-06 11:48:36 |
| 1071 || -0.240526432803077 || 2018-07-05 05:06:52 |
| 1072 || -26.9603018313656 || 2010-05-18 16:17:58 |
| 1073 || 80.4003478827011 || 2010-06-09 06:39:11 |
| 1074 || 20.6746135514207 || 2016-10-05 10:30:31 |
| 1075 || -0.0365022507895503 || 2013-08-19 13:52:11 |
| 1076 || -8.85788734981464 || 2018-04-19 21:58:47 |
| 1077 || -24.738941955778 || 2010-09-22 13:58:20 |
| 1078 || 18.7206290430831 || 2012-09-17 03:30:17 |
| 1079 || 0.561131189035724 || 2011-05-24 21:27:08 |
| 1080 || 0.866606321397228 || 2010-07-21 12:26:15 |
| 1081 || 14.0005060979201 || 2011-06-19 21:45:34 |
| 1082 || -19.7595590048452 || 2013-03-24 06:34:05 |
| 1083 || -11.7151822671533 || 2016-11-11 08:31:08 |
| 1084 || 6.50960531148893 || 2019-12-18 22:49:26 |
| 1085 || 2.25126727280242 || 2012-08-01 12:53:20 |
| 1086 || 14.7401599371259 || 2015-03-07 17:02:38 |
| 1087 || -7.83359965734288 || 2019-09-02 05:27:23 |
| 1088 || 79.8951779833466 || 2010-10-11 04:20:21 |
| 1089 || -1.65563583069429 || 2016-02-08 12:27:29 |
| 1090 || -1.20218465155141 || 2018-08-03 04:53:59 |
| 1091 || 6.4588923805797 || 2019-04-22 05:28:03 |
| 1092 || 0.259638862955949 || 2012-11-06 08:11:13 |
| 1093 || 40.090343759451 || 2018-10-25 10:19:04 |
| 1094 || 48.4683806188711 || 2014-01-11 05:50:15 |
| 1095 || -1.47067053196324 || 2019-11-06 05:49:22 |
| 1096 || 7.94921184312288 || 2016-03-13 23:04:46 |
| 1097 || 32.2687279146205 || 2016-04-03 06:40:03 |
| 1098 || 82.9403772677854 || 2015-11-25 22:49:25 |
| 1099 || 32.053303364634 || 2010-06-27 13:32:39 |
| 1100 || 0.329485678703456 || 2015-12-02 10:26:57 |
| 1101 || -1.7683217103313 || 2014-05-24 09:03:54 |
| 1102 || 54.2809329845459 || 2014-01-11 01:16:04 |
| 1103 || 20.3416743365953 || 2018-09-05 23:46:37 |
| 1104 || 36.3826589524819 || 2014-12-08 17:57:44 |
| 1105 || -3.24668634876265 || 2010-06-25 12:38:41 |
| 1106 || 1.24570086851909 || 2018-06-26 08:33:38 |
| 1107 || -14.3026582642306 || 2014-01-02 04:18:58 |
| 1108 || 72.8337906534171 || 2015-12-19 09:09:39 |
| 1109 || 60.7980024520866 || 2016-01-24 18:21:03 |
| 1110 || -2.66475497927889 || 2019-12-27 02:50:04 |
| 1111 || 0.139213455162463 || 2019-07-22 16:51:02 |
| 1112 || -10.8576736720117 || 2012-07-25 20:51:57 |
| 1113 || -13.7822856351464 || 2016-11-03 19:51:38 |
| 1114 || -19.7776212617345 || 2011-04-19 14:47:37 |
| 1115 || 10.394859868254 || 2013-05-03 20:04:24 |
| 1116 || 0.792506533240383 || 2017-05-07 19:01:26 |
| 1117 || -1.32242146957175 || 2017-11-22 04:30:50 |
| 1118 || 31.0468110987199 || 2014-08-09 05:02:11 |
| 1119 || 0.801992472586996 || 2010-09-15 17:21:50 |
| 1120 || -4.20202090162708 || 2015-04-21 21:47:14 |
| 1121 || -0.0229593101457492 || 2015-04-13 16:58:36 |
| 1122 || 24.7811001320608 || 2011-11-19 11:55:21 |
| 1123 || 0.44251503750425 || 2017-06-17 00:56:06 |
| 1124 || 20.1149469020096 || 2013-01-27 04:33:14 |
| 1125 || -7.21140922260685 || 2012-08-20 18:09:12 |
| 1126 || 0.0211277323198513 || 2010-04-11 04:44:49 |
| 1127 || 19.6996372571968 || 2014-06-13 04:42:55 |
| 1128 || -24.6881755906054 || 2018-02-12 15:18:27 |
| 1129 || -25.6666489588234 || 2019-05-23 18:36:29 |
| 1130 || 25.0494606599059 || 2012-11-26 06:55:05 |
| 1131 || 0.474498974301696 || 2011-05-12 03:13:06 |
| 1132 || 16.8392730154753 || 2019-04-06 08:23:30 |
| 1133 || 69.5138394222155 || 2016-12-02 02:28:05 |
| 1134 || 6.60063439383623 || 2014-12-21 13:08:57 |
| 1135 || 35.3317051019914 || 2011-03-18 20:30:55 |
| 1136 || 0.538268855992666 || 2019-01-15 18:00:19 |
| 1137 || 18.0916842172036 || 2011-02-18 17:47:14 |
| 1138 || -14.0687978661185 || 2014-09-27 04:45:07 |
| 1139 || -21.0752413022698 || 2013-01-14 11:14:13 |
| 1140 || 5.36671257379669 || 2014-07-01 20:40:34 |
| 1141 || -1.27751775305546 || 2015-08-08 17:17:05 |
| 1142 || -3.56679270602243 || 2015-06-27 23:38:19 |
| 1143 || -21.5325156995367 || 2016-10-07 08:30:20 |
| 1144 || -24.4636928491614 || 2019-10-07 17:56:52 |
| 1145 || -17.9306083194814 || 2016-12-09 20:58:24 |
| 1146 || 2.77861381141609 || 2015-01-03 01:05:19 |
| 1147 || 10.0771507242875 || 2012-10-04 12:43:58 |
| 1148 || -12.9478129547689 || 2016-05-23 13:00:01 |
| 1149 || 38.5062877531087 || 2016-12-12 19:06:32 |
| 1150 || 51.9243631683949 || 2014-01-20 03:15:16 |
| 1151 || -2.17588295175665 || 2010-10-15 09:26:43 |
| 1152 || -1.30782920834955 || 2019-11-02 02:16:38 |
| 1153 || -10.0967199891909 || 2016-11-17 23:04:42 |
| 1154 || 85.593544288083 || 2019-11-11 01:53:42 |
| 1155 || -15.0139508944492 || 2017-09-01 04:03:24 |
| 1156 || 3.46826260054555 || 2014-12-06 12:49:41 |
| 1157 || -0.679883032294425 || 2012-06-25 10:28:27 |
| 1158 || -15.476942927298 || 2014-02-26 18:47:24 |
| 1159 || 87.2208640767606 || 2019-03-06 10:24:15 |
| 1160 || 37.3993464325315 || 2017-07-25 19:25:38 |
| 1161 || 16.8438767180801 || 2010-05-24 03:34:24 |
| 1162 || -0.810940494248704 || 2011-02-06 13:11:44 |
| 1163 || 12.1507962441511 || 2011-09-08 07:11:02 |
| 1164 || 5.95506057095898 || 2016-04-25 12:46:43 |
| 1165 || 69.0499192964122 || 2016-08-02 15:23:00 |
| 1166 || 21.3908236476423 || 2019-10-23 15:53:48 |
| 1167 || 0.974058417983249 || 2019-07-11 14:10:09 |
| 1168 || 18.926659294012 || 2012-11-20 17:34:12 |
| 1169 || -23.3178604754573 || 2015-05-15 12:03:25 |
| 1170 || 71.6307574772614 || 2012-10-18 20:49:08 |
| 1171 || 16.4663004494029 || 2010-02-27 02:00:29 |
| 1172 || 0.185581878290521 || 2019-03-09 19:16:38 |
| 1173 || 8.64324567254722 || 2015-04-06 20:39:56 |
| 1174 || -25.8122653469761 || 2015-05-18 04:05:14 |
| 1175 || -21.9630032413924 || 2011-01-09 05:38:37 |
| 1176 || 15.037358222704 || 2011-11-05 10:45:46 |
| 1177 || -0.00411301938524325 || 2013-03-25 22:12:12 |
| 1178 || -0.528648503166824 || 2017-04-10 01:37:19 |
| 1179 || 57.4008787191427 || 2014-12-02 05:18:31 |
| 1180 || -23.4101545849531 || 2017-08-13 23:46:28 |
| 1181 || 14.0867383584334 || 2014-04-23 09:44:18 |
| 1182 || -0.0281822281936876 || 2016-02-04 14:09:14 |
| 1183 || 23.7025205671983 || 2017-03-19 07:17:26 |
| 1184 || 17.2455164663336 || 2017-10-14 12:17:54 |
| 1185 || 85.5680532810521 || 2019-03-07 23:11:58 |
| 1186 || 41.8874511398892 || 2011-02-14 06:41:54 |
| 1187 || -0.433259792033977 || 2016-03-14 02:27:07 |
| 1188 || 7.89042266005326 || 2018-03-23 11:39:49 |
| 1189 || 70.9209734236972 || 2018-09-26 15:09:32 |
| 1190 || 58.1249632977652 || 2018-02-14 03:15:34 |
| 1191 || -15.783265910495 || 2019-04-20 18:36:14 |
| 1192 || 3.08098558542298 || 2018-11-27 06:21:16 |
| 1193 || 5.94393141456886 || 2014-09-23 01:06:08 |
| 1194 || 12.6808514988724 || 2019-12-15 09:03:39 |
| 1195 || -8.27086308641347 || 2016-06-17 09:10:10 |
| 1196 || 6.43046247605897 || 2018-01-16 17:41:03 |
| 1197 || 2.59812124617844 || 2012-12-06 06:15:29 |
| 1198 || 2.39988067016262 || 2019-02-03 20:50:52 |
| 1199 || 61.6406633906892 || 2015-04-22 18:19:21 |
| 1200 || 28.0486451081943 || 2012-11-07 04:04:22 |
| 1201 || -19.3156135663881 || 2018-08-18 10:31:16 |
| 1202 || 8.33042302046713 || 2014-10-17 21:55:37 |
| 1203 || 6.58144534508792 || 2013-12-18 22:52:28 |
| 1204 || 56.2865864305774 || 2012-07-22 10:44:52 |
| 1205 || 29.4643063374261 || 2011-09-01 09:42:21 |
| 1206 || 62.7304199714883 || 2013-06-18 07:47:02 |
| 1207 || 10.0946738417985 || 2019-10-08 08:39:52 |
| 1208 || 4.15841376668887 || 2012-01-23 13:26:54 |
| 1209 || 51.1558360745258 || 2013-12-27 03:10:13 |
| 1210 || 34.2431458890123 || 2018-03-22 06:04:45 |
| 1211 || -1.19468633691622 || 2015-11-12 19:22:37 |
| 1212 || 8.40195969896593 || 2014-05-10 14:43:23 |
| 1213 || 0.0955809888001333 || 2014-04-27 21:34:51 |
| 1214 || 29.5893148086477 || 2011-09-14 02:14:02 |
| 1215 || 77.7532248283989 || 2016-01-22 01:16:04 |
| 1216 || 64.9467896015993 || 2016-03-13 06:53:46 |
| 1217 || 18.3739793043932 || 2017-04-27 12:20:23 |
| 1218 || 1.08765513108258 || 2010-09-16 22:41:46 |
| 1219 || 20.3771153061706 || 2015-12-06 10:52:31 |
| 1220 || 63.9925162857547 || 2019-06-07 12:39:52 |
| 1221 || 22.7341455092902 || 2013-06-06 23:07:30 |
| 1222 || 11.4111429748624 || 2013-06-23 08:07:17 |
| 1223 || 0.191471391888285 || 2017-01-19 07:22:02 |
| 1224 || -9.92802407247798 || 2011-11-02 21:23:07 |
| 1225 || 43.3512345988427 || 2017-04-16 13:25:57 |
| 1226 || -22.3510565396695 || 2015-06-22 07:10:49 |
| 1227 || 0.83798989758611 || 2016-03-17 09:29:23 |
| 1228 || 0.000957695754989023 || 2011-07-22 06:08:35 |
| 1229 || 4.63509658755414 || 2018-09-12 03:59:50 |
| 1230 || -7.26923051725051 || 2013-01-10 09:58:54 |
| 1231 || 70.2660408991684 || 2015-05-04 01:50:23 |
| 1232 || 8.3851165728962 || 2011-06-08 17:44:15 |
| 1233 || 0.325841899427353 || 2012-09-21 21:41:54 |
| 1234 || 16.8436439661511 || 2010-02-20 19:30:37 |
| 1235 || 25.9855576304542 || 2013-06-10 21:44:50 |
| 1236 || 17.2290507409097 || 2013-06-02 10:02:17 |
| 1237 || -11.8668726117009 || 2013-01-15 23:19:40 |
| 1238 || -0.458337205321106 || 2012-12-05 05:16:36 |
| 1239 || 15.2291686485853 || 2016-04-15 03:49:20 |
| 1240 || 70.6968543899524 || 2012-07-03 17:30:35 |
| 1241 || 77.1073650718185 || 2010-07-07 13:12:16 |
| 1242 || 19.3241215961951 || 2010-04-04 18:43:57 |
| 1243 || 0.54047990461838 || 2019-05-09 11:17:18 |
| 1244 || -0.683706416346554 || 2015-07-09 03:16:08 |
| 1245 || 17.4205634122113 || 2015-12-09 12:57:44 |
| 1246 || 84.4446247069457 || 2013-12-10 07:53:46 |
| 1247 || 14.3752335288413 || 2011-09-23 02:13:49 |
| 1248 || -1.34378604847377 || 2013-06-20 08:56:59 |
| 1249 || 11.0594159794021 || 2018-08-23 08:25:06 |
| 1250 || -20.5963893982755 || 2016-08-19 06:02:33 |
| 1251 || -19.0440673836671 || 2015-04-08 21:11:59 |
| 1252 || 56.7302403993131 || 2011-09-24 05:55:36 |
| 1253 || 8.05180784634376 || 2016-02-10 22:38:38 |
| 1254 || -2.19982584182493 || 2019-07-12 00:06:08 |
| 1255 || 32.80327088811 || 2015-11-12 11:07:40 |
| 1256 || 20.9242759546028 || 2014-10-02 10:17:31 |
| 1257 || 58.2479334804591 || 2014-07-27 07:09:00 |
| 1258 || -1.88038563354683 || 2013-04-12 10:44:24 |
| 1259 || 0.995786111930919 || 2013-12-16 18:16:40 |
| 1260 || 46.5859322987452 || 2013-06-09 16:22:42 |
| 1261 || 71.0437416778443 || 2012-12-03 08:14:55 |
| 1262 || 54.4883294267721 || 2018-01-22 21:40:53 |
| 1263 || 7.40742676643298 || 2012-03-19 00:15:26 |
| 1264 || -0.881666998136818 || 2016-03-12 14:20:17 |
| 1265 || 13.0674456588295 || 2019-03-16 00:12:47 |
| 1266 || 83.2429137867082 || 2010-10-06 03:02:22 |
| 1267 || 41.2073490503655 || 2010-06-16 05:08:06 |
| 1268 || 7.22418617152643 || 2018-06-16 05:12:26 |
| 1269 || 0.0388495174724195 || 2018-01-14 09:47:01 |
| 1270 || -4.32810232919703 || 2019-08-26 19:02:48 |
| 1271 || 5.56762684649728 || 2016-01-10 13:10:09 |
| 1272 || 49.899172707716 || 2019-10-13 01:00:36 |
| 1273 || -7.99381824285322 || 2018-04-26 11:14:56 |
| 1274 || 0.309968238098986 || 2013-01-15 17:16:23 |
| 1275 || 29.2702514357842 || 2011-02-05 02:05:21 |
| 1276 || -22.6682934158626 || 2015-12-23 19:55:52 |
| 1277 || 72.001378027431 || 2010-05-26 22:55:12 |
| 1278 || 9.80488484352706 || 2016-01-18 13:02:55 |
| 1279 || -0.00121430894091086 || 2015-10-27 00:10:01 |
| 1280 || -10.2373335202526 || 2016-10-10 14:01:43 |
| 1281 || 33.8926476569937 || 2018-12-05 00:41:06 |
| 1282 || -9.77901486434435 || 2017-04-26 11:25:47 |
| 1283 || -2.19777671220964 || 2011-06-05 19:46:36 |
| 1284 || 0.246423668831794 || 2015-10-15 14:26:52 |
| 1285 || 25.4789768839674 || 2012-09-27 14:27:41 |
| 1286 || 62.2445584798683 || 2019-07-02 12:34:36 |
| 1287 || 31.2838552029547 || 2010-02-11 03:55:05 |
| 1288 || 9.62706108756894 || 2010-02-02 15:27:09 |
| 1289 || -0.360846477332537 || 2014-06-12 00:06:20 |
| 1290 || 19.4711237516861 || 2016-05-11 19:30:35 |
| 1291 || 68.6499565201037 || 2010-09-23 13:58:53 |
| 1292 || 87.3621023750334 || 2015-11-04 07:52:08 |
| 1293 || 45.3975384283091 || 2015-07-24 03:02:56 |
| 1294 || -0.609373989996809 || 2010-09-09 02:38:10 |
| 1295 || 14.8245167676951 || 2017-09-02 15:13:23 |
| 1296 || 38.5187825679103 || 2015-03-11 04:50:30 |
| 1297 || 18.8789932205122 || 2016-12-22 23:52:51 |
| 1298 || 44.8934044256395 || 2019-07-27 19:01:46 |
| 1299 || 0.00208581247114776 || 2015-07-15 19:39:19 |
| 1300 || 7.82831898717885 || 2014-12-05 04:42:10 |
| 1301 || 4.97582198107439 || 2011-09-26 21:59:13 |
| 1302 || 56.7509911520353 || 2011-02-11 06:28:29 |
| 1303 || -18.0833088092011 || 2012-11-12 01:18:32 |
| 1304 || 2.60511634015689 || 2015-01-22 20:35:52 |
| 1305 || -2.00242678418374 || 2011-03-06 07:54:16 |
| 1306 || -8.8277287644766 || 2015-07-17 04:02:18 |
| 1307 || -11.5377911384318 || 2012-04-24 07:16:10 |
| 1308 || 0.797466205023153 || 2017-11-13 10:12:43 |
| 1309 || 5.44899486343838 || 2017-06-04 16:55:22 |
| 1310 || 5.379261869622 || 2014-12-15 20:45:16 |
| 1311 || 11.0693198813993 || 2015-11-03 15:03:53 |
| 1312 || 0.0852279910017319 || 2013-03-18 20:25:27 |
| 1313 || 62.8226761736398 || 2015-09-16 18:37:25 |
| 1314 || 0.285698003528952 || 2015-01-05 10:31:56 |
| 1315 || -0.963570467736895 || 2010-11-06 04:02:05 |
| 1316 || -9.98169186432104 || 2019-07-12 23:49:41 |
| 1317 || 32.7257763370376 || 2015-07-25 07:37:39 |
| 1318 || 0.201245642709192 || 2017-05-14 05:31:01 |
| 1319 || -4.09956101370966 || 2012-11-10 17:33:24 |
| 1320 || 1.47648289562254 || 2017-02-24 05:04:28 |
| 1321 || 42.3932988848881 || 2014-07-17 06:33:34 |
| 1322 || -3.27499466624989 || 2017-02-16 14:59:17 |
| 1323 || 37.3416951342558 || 2015-06-26 00:44:04 |
| 1324 || -4.54528267080979 || 2013-09-27 18:08:17 |
| 1325 || -0.119075210816946 || 2016-12-18 13:57:40 |
| 1326 || 8.02046009817627 || 2010-07-21 07:25:08 |
| 1327 || 54.6600278266192 || 2011-09-07 21:02:05 |
| 1328 || 57.9038938305558 || 2013-12-03 17:11:29 |
| 1329 || -9.22363913954598 || 2012-10-18 15:44:12 |
| 1330 || 0.0295390938009262 || 2017-05-12 01:26:15 |
| 1331 || 31.6759704250603 || 2018-01-08 10:52:01 |
| 1332 || 17.3306535362479 || 2015-05-09 04:51:52 |
| 1333 || 75.2133997026096 || 2019-06-03 00:33:53 |
| 1334 || 0.200595955180024 || 2013-02-01 20:14:47 |
| 1335 || -0.0170286359629338 || 2016-09-09 03:27:51 |
| 1336 || 17.438753767399 || 2015-07-04 04:19:17 |
| 1337 || 8.50031946743235 || 2012-11-05 05:00:36 |
| 1338 || 84.3026526746493 || 2013-03-19 23:18:16 |
| 1339 || 15.8367091792071 || 2018-01-11 06:50:51 |
| 1340 || 0.576432797362488 || 2015-03-10 15:40:43 |
| 1341 || -3.82820600167006 || 2011-12-25 14:09:22 |
| 1342 || 63.4328006057737 || 2017-01-13 23:32:39 |
| 1343 || 77.4362440802634 || 2013-04-18 08:39:00 |
| 1344 || 40.6714623578037 || 2015-08-20 11:11:25 |
| 1345 || 1.05287814794827 || 2019-02-01 09:55:38 |
| 1346 || 6.08194839809638 || 2018-06-18 01:50:03 |
| 1347 || 43.3238238456307 || 2015-09-17 20:18:34 |
| 1348 || 19.9838100951079 || 2019-05-20 17:54:19 |
| 1349 || 11.8668344545983 || 2018-09-16 01:03:53 |
| 1350 || 4.22358626479455 || 2016-03-20 10:26:02 |
| 1351 || 4.06627142004567 || 2018-03-14 09:07:53 |
| 1352 || -18.4584568117118 || 2016-10-11 04:26:55 |
| 1353 || -24.5859869579897 || 2010-12-07 00:26:14 |
| 1354 || -17.7964198133992 || 2015-04-14 05:24:55 |
| 1355 || -1.1997023905808 || 2018-02-25 03:18:13 |
| 1356 || -1.10722852125054 || 2019-07-03 07:34:11 |
| 1357 || 41.8881235036523 || 2013-05-12 02:18:40 |
| 1358 || 83.8939285914529 || 2013-11-14 20:07:45 |
| 1359 || 3.98941629555041 || 2010-03-23 14:04:46 |
| 1360 || -3.27482442408293 || 2016-02-01 07:07:36 |
| 1361 || 5.74349694755106 || 2014-06-19 10:39:14 |
| 1362 || 19.7889739625062 || 2014-08-20 08:08:18 |
| 1363 || 63.9967022636612 || 2013-12-24 15:38:46 |
| 1364 || 20.0054474711414 || 2014-10-16 06:02:28 |
| 1365 || 13.8565724966525 || 2013-10-17 22:24:12 |
| 1366 || 3.69250002373413 || 2018-11-12 16:59:53 |
| 1367 || -6.11737370821111 || 2012-07-15 11:24:20 |
| 1368 || -29.5218895060466 || 2015-09-04 04:39:25 |
| 1369 || -5.02593011451497 || 2012-08-16 00:47:03 |
| 1370 || 3.19094356912508 || 2015-12-23 11:05:58 |
| 1371 || 2.05108352727604 || 2011-07-27 13:48:35 |
| 1372 || 36.0621123331964 || 2010-06-01 01:55:27 |
| 1373 || 73.2282408434529 || 2013-07-25 20:15:33 |
| 1374 || 16.4136818253939 || 2017-06-11 07:35:01 |
| 1375 || -6.69583386836604 || 2016-01-23 07:44:31 |
| 1376 || -0.149038206606485 || 2017-08-24 22:46:20 |
| 1377 || 13.3667515743816 || 2014-09-27 22:56:44 |
| 1378 || -25.2915983061219 || 2013-08-21 06:07:17 |
| 1379 || -22.4506508691942 || 2012-03-21 17:37:55 |
| 1380 || -8.17656315169986 || 2016-07-16 12:13:43 |
| 1381 || 0.0847977733652335 || 2010-06-02 00:47:49 |
| 1382 || 20.1519851736428 || 2014-12-27 11:09:26 |
| 1383 || 20.9979914348045 || 2016-02-03 11:42:24 |
| 1384 || -16.7793867760598 || 2015-06-25 17:01:54 |
| 1385 || 31.2528992724818 || 2011-06-27 12:06:33 |
| 1386 || 0.0797798692822016 || 2015-03-02 14:29:14 |
| 1387 || 6.3910883410744 || 2014-10-07 09:29:24 |
| 1388 || 60.2814316814823 || 2018-02-11 11:21:29 |
| 1389 || -27.4931409610305 || 2016-02-07 03:55:49 |
| 1390 || 2.31704644591239 || 2011-10-15 07:57:08 |
| 1391 || 0.711652499363548 || 2018-03-18 03:13:33 |
| 1392 || 21.2210537190928 || 2012-06-15 13:35:06 |
| 1393 || -7.0866519288827 || 2010-11-06 12:20:08 |
| 1394 || 73.8640157652816 || 2016-05-26 18:25:13 |
| 1395 || 20.6819468779342 || 2012-06-11 03:05:34 |
| 1396 || 1.02738787892432 || 2017-03-09 23:19:03 |
| 1397 || 17.2507475064401 || 2019-03-27 22:44:42 |
| 1398 || -21.4203496794009 || 2011-02-21 22:43:21 |
| 1399 || -29.5004327043148 || 2016-08-02 19:48:38 |
| 1400 || 46.7924858613251 || 2011-02-22 19:11:29 |
| 1401 || 3.59139362251593 || 2017-03-23 11:11:05 |
| 1402 || 4.70200151837737 || 2018-09-18 13:40:01 |
| 1403 || 49.2410604404093 || 2017-03-26 11:32:17 |
| 1404 || 31.9352172304202 || 2011-05-16 23:15:31 |
| 1405 || 37.9297703405954 || 2012-03-13 01:46:08 |
| 1406 || 5.43497345587422 || 2012-07-15 12:10:53 |
| 1407 || 4.45214656235705 || 2018-11-14 03:11:54 |
| 1408 || -14.1840795463036 || 2013-03-11 11:02:16 |
| 1409 || 9.0599461301548 || 2014-05-12 17:45:24 |
| 1410 || 58.0850678913185 || 2017-06-01 13:48:06 |
| 1411 || 0.0563007061358841 || 2010-05-07 21:22:28 |
| 1412 || 6.43799822155138 || 2018-04-16 00:53:23 |
| 1413 || 25.9924905829194 || 2011-03-15 02:21:55 |
| 1414 || 53.4147652684525 || 2011-01-14 16:59:25 |
| 1415 || 23.8834504081005 || 2012-06-05 08:56:48 |
| 1416 || -4.22901738266884 || 2012-04-02 01:28:01 |
| 1417 || 4.40254374102568 || 2018-03-16 20:43:47 |
| 1418 || -5.80247196694354 || 2010-06-27 18:53:00 |
| 1419 || 71.5589952985129 || 2016-10-22 20:20:56 |
| 1420 || -18.3276897207712 || 2013-11-10 11:48:28 |
| 1421 || -5.74627743445316 || 2014-04-13 22:45:43 |
| 1422 || 0.642114114614955 || 2013-03-01 09:41:41 |
| 1423 || -13.2756228012661 || 2010-02-10 02:40:55 |
| 1424 || -13.9545686298556 || 2013-12-17 15:42:49 |
| 1425 || 16.7566057899089 || 2011-09-13 14:52:34 |
| 1426 || 20.4626689790671 || 2013-10-26 21:14:57 |
| 1427 || -0.302271084415871 || 2019-09-18 16:26:46 |
| 1428 || -11.9324173369286 || 2015-12-05 17:59:48 |
| 1429 || 44.4179326166146 || 2018-03-06 07:48:58 |
| 1430 || 12.8327420367754 || 2011-07-17 06:37:38 |
| 1431 || 7.71371450022637 || 2017-05-02 21:01:56 |
| 1432 || -0.05310312523373 || 2010-05-01 06:03:36 |
| 1433 || 33.1296649677404 || 2015-04-15 11:15:42 |
| 1434 || -21.3176228340942 || 2011-10-27 22:32:22 |
| 1435 || 26.8800835634911 || 2018-12-10 17:07:39 |
| 1436 || 8.41218925448051 || 2014-12-04 07:27:47 |
| 1437 || 0.0276693609205973 || 2014-11-14 03:06:07 |
| 1438 || 27.5942231479622 || 2016-05-08 17:34:36 |
| 1439 || -25.9476422792044 || 2015-01-02 01:52:56 |
| 1440 || 49.5430887244288 || 2014-08-25 03:52:56 |
| 1441 || 21.8542978303147 || 2019-07-22 12:07:29 |
| 1442 || -0.0549153578669872 || 2016-03-12 04:32:17 |
| 1443 || -6.88201303867739 || 2011-02-22 05:04:29 |
| 1444 || 73.4771049986395 || 2013-10-09 15:50:09 |
| 1445 || -2.08684905766888 || 2017-03-04 16:14:15 |
| 1446 || 34.9701599312929 || 2014-11-19 15:23:56 |
| 1447 || -0.516909427123697 || 2011-05-10 04:06:20 |
| 1448 || -5.398348874435 || 2015-05-04 16:58:33 |
| 1449 || 52.8363430065382 || 2017-10-25 01:29:07 |
| 1450 || 50.8994389666375 || 2014-04-14 02:26:14 |
| 1451 || 9.51298624904862 || 2016-04-07 17:14:43 |
| 1452 || 3.50970473037683 || 2015-03-27 11:40:54 |
| 1453 || -0.05199369755679 || 2017-10-19 10:11:13 |
| 1454 || 25.6878048866834 || 2013-11-11 08:46:09 |
| 1455 || 89.2560187492894 || 2012-01-17 04:13:35 |
| 1456 || 5.51171337707209 || 2015-05-01 21:07:45 |
| 1457 || -1.80592757746006 || 2014-10-11 06:22:00 |
| 1458 || 9.06191733096186 || 2010-08-21 17:34:28 |
| 1459 || -19.3832994628133 || 2011-04-23 17:21:27 |
| 1460 || 77.0114161724502 || 2015-02-01 11:43:11 |
| 1461 || -1.2968829294145 || 2019-01-24 14:09:22 |
| 1462 || -0.434868449265113 || 2012-03-11 06:28:35 |
| 1463 || 0.366913197108538 || 2010-09-05 18:50:41 |
| 1464 || -17.1293753984375 || 2014-08-12 15:24:35 |
| 1465 || 86.6765084087514 || 2012-05-10 22:18:59 |
| 1466 || 46.5815579074672 || 2010-06-07 00:55:35 |
| 1467 || 9.19805225409052 || 2016-03-02 17:36:34 |
| 1468 || 0.529394821198215 || 2014-07-14 13:09:49 |
| 1469 || 50.1918040335797 || 2019-09-20 18:10:32 |
| 1470 || 34.5505501173745 || 2010-10-12 11:36:12 |
| 1471 || 64.6686583858882 || 2010-06-23 11:50:12 |
| 1472 || 4.21481322176873 || 2011-06-12 01:47:25 |
| 1473 || 2.01863355893908 || 2012-08-24 12:16:38 |
| 1474 || 34.1716958072693 || 2019-11-26 17:51:14 |
| 1475 || -14.0682334195097 || 2018-12-13 20:50:37 |
| 1476 || -17.3509613469585 || 2016-06-07 21:23:03 |
| 1477 || 17.7136186390844 || 2010-02-26 04:48:30 |
| 1478 || 0.919841147044415 || 2018-07-01 08:30:30 |
| 1479 || -6.86834166991637 || 2013-05-20 03:50:31 |
| 1480 || 85.5092250347212 || 2015-04-04 21:18:18 |
| 1481 || -7.75543593494513 || 2012-06-19 19:36:34 |
| 1482 || 24.426677999608 || 2016-12-04 18:06:15 |
| 1483 || 0.0498954120918139 || 2015-12-21 15:54:35 |
| 1484 || -8.39992342238203 || 2010-04-26 05:51:40 |
| 1485 || 48.1214524042742 || 2019-12-13 07:10:05 |
| 1486 || 78.3921013948865 || 2011-12-17 10:50:42 |
| 1487 || -7.2066213966514 || 2012-10-19 20:32:01 |
| 1488 || -0.00125088286251229 || 2014-05-06 19:02:46 |
| 1489 || -1.68855543445201 || 2011-08-11 07:53:30 |
| 1490 || -10.3369353467055 || 2014-11-21 06:50:53 |
| 1491 || 74.0972841879523 || 2010-04-21 21:56:19 |
| 1492 || 2.83575483748738 || 2010-01-08 19:34:56 |
| 1493 || -0.0572876666859249 || 2013-02-20 06:51:46 |
| 1494 || 22.2133918878605 || 2012-06-20 01:01:11 |
| 1495 || 38.7507696250166 || 2015-06-16 07:22:50 |
| 1496 || 83.3946469806991 || 2018-11-22 17:44:58 |
| 1497 || 32.1918856454284 || 2014-01-10 10:47:51 |
| 1498 || 0.196411075811515 || 2010-12-05 15:43:17 |
| 1499 || 13.4307598836893 || 2019-12-08 13:20:39 |
| 1500 || 68.4990243771015 || 2018-12-16 15:04:13 |
| 1501 || 86.6507530962924 || 2016-10-06 09:26:12 |
| 1502 || 33.4394514599571 || 2018-02-21 13:55:17 |
| 1503 || 0.434111404626342 || 2012-12-12 15:58:31 |
| 1504 || 15.3759352995831 || 2014-08-16 19:27:19 |
| 1505 || 66.712044285022 || 2010-04-25 00:29:30 |
| 1506 || -15.2356455466156 || 2018-10-27 10:47:35 |
| 1507 || 14.970956360997 || 2012-09-15 00:04:13 |
| 1508 || -1.68979854755527 || 2010-10-08 03:32:13 |
| 1509 || 5.63952230209571 || 2014-10-13 16:25:17 |
| 1510 || 22.0398287100695 || 2010-04-23 00:24:30 |
| 1511 || -1.80840272589006 || 2019-07-23 02:04:58 |
| 1512 || 27.7304116971905 || 2015-07-23 04:48:12 |
| 1513 || 3.14734586395474 || 2015-12-05 17:00:55 |
| 1514 || -2.14195571925778 || 2017-08-11 05:01:58 |
| 1515 || -18.7471184357691 || 2018-08-19 18:00:41 |
| 1516 || 88.3336817020188 || 2018-04-11 09:54:34 |
| 1517 || -18.6119196437198 || 2017-12-18 03:14:36 |
| 1518 || -3.07079795782805 || 2018-10-13 10:27:17 |
| 1519 || -0.555053353633735 || 2010-05-03 05:53:06 |
| 1520 || 10.6081997056843 || 2014-10-18 08:46:56 |
| 1521 || 87.1520149941216 || 2019-02-08 22:53:49 |
| 1522 || 50.3809023409507 || 2016-06-26 04:26:55 |
| 1523 || 15.2103910381439 || 2015-03-04 13:05:34 |
| 1524 || -0.240011627864742 || 2014-06-10 22:42:02 |
| 1525 || -15.4462827766866 || 2017-12-23 15:49:59 |
| 1526 || -25.9047153288299 || 2018-12-16 17:37:58 |
| 1527 || 55.4639008106877 || 2014-10-09 01:47:50 |
| 1528 || 5.93093554129264 || 2013-08-23 16:40:13 |
| 1529 || -0.244793556987361 || 2019-01-02 16:16:07 |
| 1530 || -11.5472308846726 || 2011-11-02 17:26:38 |
| 1531 || 65.2217715380972 || 2016-02-14 19:05:59 |
| 1532 || 75.3512985432997 || 2019-11-08 17:04:36 |
| 1533 || -6.81559657214616 || 2011-05-25 19:12:45 |
| 1534 || 0.175069189016788 || 2014-10-06 13:39:48 |
| 1535 || 31.4203807380824 || 2014-07-09 14:23:06 |
| 1536 || 75.6012962598496 || 2014-10-10 23:09:16 |
| 1537 || -22.6938032807495 || 2017-01-01 04:44:35 |
| 1538 || 13.3303946125151 || 2018-12-19 22:29:09 |
| 1539 || 0.000122010297736713 || 2011-01-22 20:03:50 |
| 1540 || 25.0176264790932 || 2018-06-20 12:40:39 |
| 1541 || 57.5618793590636 || 2013-12-12 11:20:32 |
| 1542 || -15.2527605681964 || 2011-09-15 07:18:27 |
| 1543 || -7.3523458928413 || 2019-05-05 03:33:18 |
| 1544 || -0.0911859338099012 || 2014-10-01 14:23:49 |
| 1545 || 12.3246169035746 || 2011-10-18 14:02:24 |
| 1546 || -6.61165465637698 || 2015-09-13 12:15:08 |
| 1547 || 82.9231295998818 || 2015-01-15 01:31:57 |
| 1548 || 35.9407610444524 || 2016-11-04 12:38:50 |
| 1549 || 0.0791605961858469 || 2015-08-06 00:45:28 |
| 1550 || 13.7803052893227 || 2019-10-10 12:13:05 |
| 1551 || 30.8026904472066 || 2014-01-18 05:16:47 |
| 1552 || 73.2559389375618 || 2016-02-23 10:30:19 |
| 1553 || 31.0629011925169 || 2013-07-23 00:32:45 |
| 1554 || 1.3312606664734 || 2017-09-09 04:30:19 |
| 1555 || -5.42636670600736 || 2015-07-21 18:15:25 |
| 1556 || 48.6275111233178 || 2018-08-03 23:51:51 |
| 1557 || 87.2494015576979 || 2018-07-22 06:46:43 |
| 1558 || 25.4829122046843 || 2019-07-27 16:45:25 |
| 1559 || -1.48183788655452 || 2012-02-09 18:25:37 |
| 1560 || -4.09120124784053 || 2018-08-16 11:02:45 |
| 1561 || 7.98894671824995 || 2013-10-14 21:05:28 |
| 1562 || -24.1653047984255 || 2018-03-12 06:54:07 |
| 1563 || -9.63439561655455 || 2014-05-26 14:25:59 |
| 1564 || 6.23953920061131 || 2015-03-05 03:09:14 |
| 1565 || 2.97404057848413 || 2012-03-01 11:07:17 |
| 1566 || 42.0622655094553 || 2015-04-26 09:50:31 |
| 1567 || 25.2318785915041 || 2010-02-23 05:26:42 |
| 1568 || -19.7574533015717 || 2011-07-13 02:42:44 |
| 1569 || 9.08021965093626 || 2011-05-03 21:59:10 |
| 1570 || 3.40085078031165 || 2011-06-03 14:02:43 |
| 1571 || -17.2955850868994 || 2010-08-04 09:04:50 |
| 1572 || 10.5140871602775 || 2013-04-15 00:38:50 |
| 1573 || -16.1843330103702 || 2015-05-26 15:26:00 |
| 1574 || 1.01327162100768 || 2012-02-03 11:04:44 |
| 1575 || -1.14980164984267 || 2016-08-16 19:31:30 |
| 1576 || -13.7384555713644 || 2010-10-06 09:42:07 |
| 1577 || 44.4635204036968 || 2013-09-27 05:22:03 |
| 1578 || -14.1693132404505 || 2014-05-01 20:51:31 |
| 1579 || -0.790570444646862 || 2018-01-25 03:21:09 |
| 1580 || 1.10182830436745 || 2012-12-27 01:30:54 |
| 1581 || 27.2286369699918 || 2018-08-23 21:43:13 |
| 1582 || 80.457549501072 || 2018-08-16 13:25:03 |
| 1583 || 20.0915182116018 || 2018-08-23 17:52:07 |
| 1584 || 1.32383654921154 || 2010-08-10 05:27:33 |
| 1585 || 0.380997354328923 || 2019-07-27 05:55:02 |
| 1586 || 23.655683854131 || 2017-02-17 18:39:24 |
| 1587 || 50.0402074264403 || 2014-06-22 13:58:30 |
| 1588 || 37.9763232051104 || 2017-08-24 05:55:13 |
| 1589 || -1.20688778528096 || 2015-09-02 06:15:33 |
| 1590 || -0.00578176277186987 || 2015-10-08 21:57:32 |
| 1591 || 2.15191258776817 || 2017-10-06 13:13:21 |
| 1592 || 73.3407971473454 || 2016-12-18 17:23:04 |
| 1593 || 35.7542974903491 || 2015-12-01 13:25:12 |
| 1594 || 25.2892777659307 || 2016-04-22 22:02:42 |
| 1595 || -0.0378848449941308 || 2019-07-08 18:51:01 |
| 1596 || 2.90256029216726 || 2016-07-01 23:55:52 |
| 1597 || 36.248793302213 || 2010-06-17 07:02:07 |
| 1598 || -2.48558470179982 || 2011-06-09 19:16:28 |
| 1599 || 9.03860998274115 || 2012-08-16 18:28:00 |
| 1600 || 0.596270839693785 || 2014-12-12 11:05:44 |
| 1601 || 21.4690364248951 || 2017-03-17 22:46:14 |
| 1602 || -20.4764045246109 || 2016-05-04 15:48:39 |
| 1603 || 85.7725399807505 || 2016-02-08 02:19:39 |
| 1604 || -5.30144286233012 || 2019-07-22 04:02:35 |
| 1605 || 2.40568377109183 || 2013-08-22 21:30:09 |
| 1606 || 17.0221682759147 || 2019-02-10 16:52:37 |
| 1607 || -8.60083198638201 || 2019-09-03 21:46:09 |
| 1608 || 65.2991481037985 || 2012-12-07 23:13:58 |
| 1609 || 49.4087903828519 || 2018-10-19 02:24:57 |
| 1610 || 4.49377143010626 || 2017-05-17 20:13:36 |
| 1611 || 11.409606036861 || 2012-02-07 06:29:41 |
| 1612 || 47.7344382790764 || 2015-06-22 19:23:42 |
| 1613 || -22.0773951176622 || 2017-06-22 15:47:50 |
| 1614 || 52.2365160531625 || 2016-10-04 19:34:44 |
| 1615 || 3.20270789193542 || 2017-01-14 13:02:47 |
| 1616 || 5.84896291474234 || 2019-11-24 07:19:10 |
| 1617 || -1.26242604107957 || 2017-03-12 23:51:16 |
| 1618 || -4.3408741198511 || 2010-11-05 01:15:02 |
| 1619 || -4.24254931848422 || 2011-02-11 20:39:04 |
| 1620 || -2.08752550226451 || 2011-11-16 01:19:28 |
| 1621 || -0.441093633828936 || 2018-01-09 11:04:37 |
| 1622 || 45.6291871251917 || 2017-10-12 17:40:21 |
| 1623 || 89.4588369166285 || 2013-05-08 20:09:43 |
| 1624 || -21.6225917466906 || 2019-10-18 20:07:24 |
| 1625 || 11.7561632100439 || 2012-08-12 15:03:46 |
| 1626 || 3.83263233706751 || 2010-07-20 17:39:55 |
| 1627 || 30.9970260928988 || 2015-11-01 21:26:33 |
| 1628 || 52.1127090660863 || 2015-02-16 12:14:59 |
| 1629 || 49.4378998437179 || 2017-04-03 20:59:05 |
| 1630 || 16.8584983289931 || 2018-11-17 13:57:39 |
| 1631 || 1.82816309732342 || 2014-12-05 14:12:21 |
| 1632 || 6.76615805126228 || 2010-05-20 14:04:37 |
| 1633 || 57.1044042510695 || 2011-12-27 12:16:29 |
| 1634 || 59.7346104185594 || 2011-10-12 06:30:25 |
| 1635 || 22.5512431800367 || 2019-07-18 20:18:27 |
| 1636 || -0.139284375577809 || 2011-02-19 11:04:09 |
| 1637 || 37.2549663662565 || 2010-08-20 09:47:16 |
| 1638 || 20.081098937758 || 2013-08-12 10:40:31 |
| 1639 || -11.8260755155728 || 2015-10-21 16:15:23 |
| 1640 || 7.67624727464865 || 2016-03-13 02:40:30 |
| 1641 || 0.0461902682296987 || 2015-02-18 22:10:31 |
| 1642 || -4.93976432742275 || 2012-08-13 12:26:09 |
| 1643 || 13.4793390490793 || 2015-01-14 01:40:08 |
| 1644 || 12.5154103269966 || 2017-03-21 06:24:34 |
| 1645 || 31.4362833075046 || 2018-07-16 06:30:07 |
| 1646 || 0.0960107872274982 || 2010-06-02 07:08:59 |
| 1647 || 16.6279595852167 || 2019-08-04 16:43:05 |
| 1648 || 41.1039127750501 || 2018-04-04 18:42:46 |
| 1649 || 43.5625660635701 || 2017-02-23 10:22:52 |
| 1650 || 28.8421064947457 || 2014-10-17 05:46:43 |
| 1651 || -0.244409174376824 || 2010-08-26 10:58:42 |
| 1652 || -3.23432198835104 || 2016-05-06 08:42:02 |
| 1653 || 72.7612009862207 || 2013-09-20 04:50:32 |
| 1654 || 20.1169857906469 || 2012-07-18 04:05:18 |
| 1655 || 43.5872047224567 || 2011-12-22 12:37:26 |
| 1656 || -0.396787157483549 || 2017-06-09 16:12:55 |
| 1657 || 12.0806543661005 || 2014-10-23 22:45:02 |
| 1658 || 44.5350440242596 || 2014-06-02 18:41:07 |
| 1659 || 21.6576682579963 || 2019-08-02 07:01:27 |
| 1660 || 37.9915277676364 || 2016-03-19 23:50:53 |
| 1661 || -0.00978749684190066 || 2017-01-09 09:35:14 |
| 1662 || -1.94015321270365 || 2018-02-13 10:59:20 |
| 1663 || 64.7902673701623 || 2015-11-26 21:03:59 |
| 1664 || 32.7453926583509 || 2016-10-26 16:52:49 |
| 1665 || 51.3479970437137 || 2014-07-15 21:48:33 |
| 1666 || -1.28817419475378 || 2012-06-25 07:57:30 |
| 1667 || 9.92086428515775 || 2011-07-19 07:05:53 |
| 1668 || 1.31623050542304 || 2019-10-01 16:41:49 |
| 1669 || 89.9517335086763 || 2017-03-14 06:40:00 |
| 1670 || 57.090872964614 || 2019-05-20 08:31:06 |
| 1671 || 1.71463278201309 || 2010-10-15 02:08:01 |
| 1672 || 5.80111354720725 || 2014-03-04 03:41:59 |
| 1673 || 47.763704428093 || 2010-03-07 02:34:54 |
| 1674 || -29.580594927211 || 2017-02-26 18:02:44 |
| 1675 || 42.4466408619385 || 2016-04-18 05:58:33 |
| 1676 || -0.764259244941854 || 2010-03-18 20:05:08 |
| 1677 || -0.964254750170819 || 2010-06-15 17:14:07 |
| 1678 || 0.539453189440405 || 2013-02-18 20:15:48 |
| 1679 || 12.8232656966218 || 2017-03-09 08:07:47 |
| 1680 || -12.5389587315285 || 2017-02-06 07:41:39 |
| 1681 || -3.24401575371922 || 2011-03-01 02:31:27 |
| 1682 || -0.758011811264165 || 2014-11-20 14:32:17 |
| 1683 || 18.0471736778969 || 2011-02-10 15:38:48 |
| 1684 || 77.2907992388365 || 2016-12-03 06:56:53 |
| 1685 || 41.0767372583656 || 2012-12-20 04:42:53 |
| 1686 || 12.2029191684774 || 2014-12-24 04:59:54 |
| 1687 || 0.747372596612331 || 2014-11-01 18:59:35 |
| 1688 || 24.0788720918047 || 2016-11-13 17:23:55 |
| 1689 || 74.2436463325606 || 2010-12-10 17:59:15 |
| 1690 || 43.141550612932 || 2017-05-02 08:12:07 |
| 1691 || 24.3472949835367 || 2016-10-23 10:48:08 |
| 1692 || 0.134735277717937 || 2017-01-03 00:09:43 |
| 1693 || 20.6293274053124 || 2010-10-06 17:00:48 |
| 1694 || 73.7915255292148 || 2011-04-03 17:45:11 |
| 1695 || -10.2944066608408 || 2017-01-27 13:58:38 |
| 1696 || 21.2452343206257 || 2015-02-25 09:57:52 |
| 1697 || 0.0268657563717344 || 2018-07-06 10:57:43 |
| 1698 || 14.2317900478832 || 2019-05-16 19:05:22 |
| 1699 || -0.355243508237746 || 2015-03-15 01:23:15 |
| 1700 || -17.786404944216 || 2016-03-11 17:24:21 |
| 1701 || 25.0209433490391 || 2017-04-08 13:50:22 |
| 1702 || 0.584243643959533 || 2012-02-27 06:39:52 |
| 1703 || 23.2387121218928 || 2016-03-21 05:57:08 |
| 1704 || -21.2531129279149 || 2010-12-20 10:30:58 |
| 1705 || -4.27685467539797 || 2011-03-21 08:03:59 |
| 1706 || 29.8011144887345 || 2012-11-07 12:44:41 |
| 1707 || 1.34141962149982 || 2016-05-09 17:53:37 |
| 1708 || -0.472767226021065 || 2016-03-23 11:31:07 |
| 1709 || 70.5795919514745 || 2012-08-09 12:15:35 |
| 1710 || 31.0222412251679 || 2017-12-21 19:34:32 |
| 1711 || -16.0045709346 || 2011-05-18 13:43:34 |
| 1712 || 3.58537458025251 || 2015-11-23 06:25:18 |
| 1713 || -4.72981700040741 || 2015-09-02 12:53:32 |
| 1714 || -0.960130036287652 || 2014-11-15 08:30:24 |
| 1715 || -26.1717252412413 || 2019-08-02 01:21:48 |
| 1716 || 52.97179258233 || 2013-07-02 04:20:04 |
| 1717 || 6.10642989893234 || 2011-11-25 15:57:36 |
| 1718 || 3.73948299622123 || 2016-04-16 19:43:32 |
| 1719 || 24.3259214580435 || 2018-01-11 12:34:45 |
| 1720 || 1.97484994090384 || 2018-03-07 16:09:31 |
| 1721 || 45.1703212491156 || 2019-08-08 18:11:12 |
| 1722 || -2.05039210619973 || 2010-03-09 16:26:55 |
| 1723 || 0.46258455315599 || 2018-04-05 02:20:05 |
| 1724 || 7.32492861728265 || 2012-01-06 22:32:31 |
| 1725 || 71.8654947440739 || 2017-01-10 14:03:01 |
| 1726 || 56.471439099723 || 2019-11-09 00:42:45 |
| 1727 || 3.8660470806836 || 2014-06-13 05:18:27 |
| 1728 || 3.40217703999927 || 2013-04-01 00:11:10 |
| 1729 || 27.9613604127224 || 2018-03-06 17:39:07 |
| 1730 || 25.3057555187334 || 2015-10-24 03:55:26 |
| 1731 || -2.80121407738828 || 2015-07-04 13:35:31 |
| 1732 || -4.76543382097492 || 2018-04-08 13:45:04 |
| 1733 || 2.41199173227573 || 2015-07-21 13:49:56 |
| 1734 || 0.707670687696862 || 2012-07-21 00:03:51 |
| 1735 || -27.8026458938293 || 2018-12-24 11:56:33 |
| 1736 || 31.4096754472292 || 2019-05-23 01:59:46 |
| 1737 || 12.4052210173734 || 2018-12-26 00:02:35 |
| 1738 || 0.83096727261282 || 2018-05-20 06:13:29 |
| 1739 || 31.865649526235 || 2019-04-05 00:03:40 |
| 1740 || -19.6416758920669 || 2012-08-08 21:15:24 |
| 1741 || -19.0770260105997 || 2011-11-05 21:25:28 |
| 1742 || 20.0838500516568 || 2017-06-05 21:27:12 |
| 1743 || -0.0025014764132159 || 2011-08-08 02:27:51 |
| 1744 || -2.67920085567435 || 2018-12-17 04:59:22 |
| 1745 || -27.5715275322715 || 2017-05-06 07:55:10 |
| 1746 || 71.9648704507643 || 2011-06-21 08:57:37 |
| 1747 || 14.3296743072837 || 2010-07-09 09:45:11 |
| 1748 || 0.00304866260662411 || 2015-02-10 16:54:36 |
| 1749 || -3.09298138891512 || 2015-07-23 11:24:59 |
| 1750 || 49.8074128724577 || 2018-10-16 09:00:20 |
| 1751 || 62.5576012217817 || 2012-05-10 23:32:33 |
| 1752 || -12.0598856932207 || 2012-02-23 04:28:54 |
| 1753 || -0.120310612204561 || 2012-10-17 03:04:01 |
| 1754 || 23.5514045745903 || 2010-01-14 17:09:38 |
| 1755 || -11.1541182474201 || 2017-04-05 11:38:11 |
| 1756 || 85.3930397540605 || 2015-12-12 00:24:14 |
| 1757 || -11.7750791696615 || 2010-10-04 14:40:51 |
| 1758 || -0.00275856009310134 || 2019-05-16 20:10:25 |
| 1759 || 19.4427418963053 || 2014-11-18 23:42:46 |
| 1760 || 48.214901497686 || 2015-08-04 18:58:09 |
| 1761 || 87.7234877613683 || 2015-06-15 14:12:58 |
| 1762 || -10.6526718799735 || 2013-04-21 14:07:07 |
| 1763 || 0.944713888713718 || 2015-07-09 22:37:02 |
| 1764 || 0.849278885136637 || 2011-10-26 22:39:27 |
| 1765 || 63.5445834653 || 2019-12-25 04:50:32 |
| 1766 || -6.50234797088929 || 2015-03-24 13:45:37 |
| 1767 || 50.9848787410001 || 2018-08-15 10:49:05 |
| 1768 || -1.13475084212542 || 2017-01-13 10:11:25 |
| 1769 || -3.53380049866729 || 2016-05-23 00:14:59 |
| 1770 || -6.26705870270165 || 2016-04-16 19:43:02 |
| 1771 || -2.57851312631569 || 2010-12-05 15:27:48 |
| 1772 || 53.5900273617518 || 2019-02-26 04:34:47 |
| 1773 || 8.43377038422517 || 2012-02-17 08:39:20 |
| 1774 || 5.79534280727843 || 2017-12-15 11:51:15 |
| 1775 || 0.840070244882826 || 2018-01-16 16:50:40 |
| 1776 || -18.8587898444701 || 2013-10-24 19:50:16 |
| 1777 || 18.9721560263236 || 2017-11-07 18:10:31 |
| 1778 || 2.34184184618828 || 2012-11-18 12:11:04 |
| 1779 || 5.1061989253785 || 2016-05-17 03:00:10 |
| 1780 || -17.0680254191789 || 2012-08-16 20:05:57 |
| 1781 || 50.7047176613561 || 2014-01-06 08:29:15 |
| 1782 || 66.9984459915659 || 2010-08-08 13:05:55 |
| 1783 || 0.308621453822163 || 2010-01-07 23:52:18 |
| 1784 || 2.61959646464671 || 2017-06-17 21:06:23 |
| 1785 || 43.5337475935746 || 2011-03-10 09:09:04 |
| 1786 || 20.6908748308471 || 2015-09-05 05:48:32 |
| 1787 || 71.9408238767513 || 2017-10-22 20:06:01 |
| 1788 || 4.28434929940011 || 2010-11-06 00:22:32 |
| 1789 || 0.218301459201993 || 2012-01-15 10:29:11 |
| 1790 || 38.3263861153447 || 2011-10-10 15:16:45 |
| 1791 || 85.4544006345303 || 2012-11-27 23:34:40 |
| 1792 || -11.4687313239647 || 2013-07-20 18:54:30 |
| 1793 || 7.92611279763022 || 2014-08-19 11:02:28 |
| 1794 || -0.108834067200643 || 2013-11-08 18:32:38 |
| 1795 || 22.2405157064611 || 2013-04-26 09:52:51 |
| 1796 || 73.5474399077039 || 2019-08-08 01:31:56 |
| 1797 || 36.8927829890735 || 2013-03-01 19:56:08 |
| 1798 || 22.4339318925225 || 2018-11-20 11:31:15 |
| 1799 || 0.000113563055216988 || 2010-10-17 23:12:36 |
| 1800 || -1.53749064363096 || 2013-11-14 23:07:27 |
| 1801 || 8.1328276179433 || 2018-12-01 03:55:41 |
| 1802 || 74.9496247961515 || 2013-09-21 17:53:03 |
| 1803 || -11.5122170376463 || 2017-12-19 01:30:13 |
| 1804 || 0.0245018419583194 || 2012-12-10 06:08:28 |
| 1805 || -6.37500731657648 || 2017-06-07 19:08:04 |
| 1806 || -24.1211051593079 || 2014-07-01 01:23:01 |
| 1807 || 85.3663439508155 || 2019-08-21 14:34:10 |
| 1808 || -11.9626483104115 || 2019-02-18 06:18:13 |
| 1809 || -0.125468000793636 || 2017-02-27 02:28:08 |
| 1810 || 15.4241949634964 || 2010-05-22 17:58:44 |
| 1811 || 23.9407009195523 || 2015-05-04 08:47:02 |
| 1812 || 8.91804381778332 || 2015-06-26 10:23:13 |
| 1813 || -15.061014725847 || 2012-10-23 12:22:57 |
| 1814 || 2.62799620943015 || 2015-05-01 16:13:14 |
| 1815 || -1.89537520099582 || 2014-05-10 13:54:30 |
| 1816 || -22.3768776914028 || 2012-04-04 00:37:39 |
| 1817 || 88.8768827556237 || 2019-04-05 03:26:59 |
| 1818 || -14.3851942536108 || 2012-03-08 05:09:50 |
| 1819 || 5.09198836038274 || 2013-03-10 18:53:43 |
| 1820 || 6.68072326834843 || 2013-08-15 14:05:07 |
| 1821 || -5.05462056618025 || 2014-04-19 22:23:44 |
| 1822 || -27.3560917388962 || 2019-05-01 23:33:26 |
| 1823 || 10.2302912801754 || 2010-06-08 16:47:39 |
| 1824 || -2.5106743142811 || 2016-07-18 13:33:18 |
| 1825 || -2.52442146880975 || 2012-12-12 03:27:08 |
| 1826 || 31.9205792013664 || 2011-08-08 06:23:21 |
| 1827 || 5.43050122347641 || 2019-06-16 20:17:56 |
| 1828 || 54.1657187900156 || 2015-01-25 14:19:46 |
| 1829 || -3.5140246139126 || 2018-09-18 15:48:06 |
| 1830 || 2.14922770675737 || 2012-06-06 11:52:10 |
| 1831 || 39.7541936646472 || 2013-12-27 19:06:39 |
| 1832 || -16.8816023701677 || 2019-12-23 10:53:27 |
| 1833 || 37.6355763272992 || 2014-01-19 14:07:30 |
| 1834 || 15.0606679085152 || 2016-05-24 02:25:23 |
| 1835 || -1.11419780295768 || 2012-03-10 04:44:54 |
| 1836 || 9.09520150985898 || 2014-09-07 12:32:07 |
| 1837 || 87.8750189711787 || 2012-03-22 02:04:21 |
| 1838 || 61.1404052204271 || 2015-02-22 06:25:26 |
| 1839 || 12.2837410138869 || 2019-01-26 15:57:19 |
| 1840 || 1.34578009259098 || 2013-04-15 01:38:48 |
| 1841 || -2.25489519325828 || 2016-01-24 23:29:43 |
| 1842 || 14.2957161693568 || 2012-06-09 16:04:14 |
| 1843 || 67.1666661676736 || 2011-02-06 19:35:18 |
| 1844 || -7.79612930942945 || 2018-10-16 11:08:47 |
| 1845 || 0.0320261190265375 || 2012-06-27 03:29:38 |
| 1846 || -5.75099411788036 || 2016-08-23 13:08:01 |
| 1847 || 6.16318717307412 || 2012-02-04 18:14:01 |
| 1848 || 5.23179259301353 || 2018-06-01 16:45:51 |
| 1849 || 4.22715180932643 || 2019-07-25 11:24:35 |
| 1850 || -0.00421365620098717 || 2017-07-27 20:56:37 |
| 1851 || -6.4200495813081 || 2019-10-14 07:02:58 |
| 1852 || -8.35830309058675 || 2012-09-14 09:11:42 |
| 1853 || 78.0880704562613 || 2013-01-01 08:00:10 |
| 1854 || 33.4163241880358 || 2017-10-23 15:50:22 |
| 1855 || 0.0284448402011848 || 2013-07-25 16:34:11 |
| 1856 || 11.733596776282 || 2010-10-10 13:33:13 |
| 1857 || 34.6034439579517 || 2018-01-07 21:31:20 |
| 1858 || -13.47934634062 || 2018-10-19 06:34:28 |
| 1859 || 16.4181876636621 || 2011-12-10 10:28:45 |
| 1860 || 0.918691665067563 || 2012-03-18 20:18:21 |
| 1861 || 19.2488618089338 || 2011-06-18 02:38:25 |
| 1862 || 0.561593761275007 || 2014-09-06 00:54:11 |
| 1863 || 43.4879809591053 || 2019-12-08 04:00:42 |
| 1864 || 8.71669968440497 || 2011-01-05 20:06:35 |
| 1865 || 0.584786880414239 || 2011-11-14 00:38:33 |
| 1866 || 6.65988030841946 || 2012-04-12 03:20:19 |
| 1867 || 68.7654299840443 || 2018-07-18 20:41:58 |
| 1868 || 13.0253315351074 || 2018-07-13 10:50:03 |
| 1869 || 37.9191746025817 || 2018-10-14 08:09:26 |
| 1870 || 4.62649665525319 || 2019-01-10 14:01:33 |
| 1871 || 5.85150315268277 || 2011-07-08 04:37:58 |
| 1872 || 0.885494037294558 || 2011-02-15 06:17:49 |
| 1873 || 4.46023496562085 || 2014-01-12 04:23:57 |
| 1874 || -9.24543160632164 || 2012-05-03 23:27:32 |
| 1875 || -2.20695523253787 || 2017-05-27 00:31:58 |
| 1876 || 9.25057997565518 || 2017-12-03 01:21:18 |
| 1877 || 9.20515590817007 || 2019-02-01 23:41:30 |
| 1878 || -17.522224994455 || 2019-12-25 12:00:06 |
| 1879 || -18.1726626683393 || 2015-09-24 02:59:08 |
| 1880 || 10.5944785301181 || 2012-09-10 00:01:10 |
| 1881 || 5.68776382007677 || 2019-05-08 16:29:20 |
| 1882 || 21.1126258361854 || 2016-05-27 10:40:15 |
| 1883 || -29.5802606798808 || 2010-08-12 17:09:12 |
| 1884 || 45.6197693616094 || 2019-09-07 03:55:24 |
| 1885 || -4.77242314212914 || 2018-04-10 10:27:08 |
| 1886 || -0.0184575049591575 || 2013-01-01 09:52:34 |
| 1887 || 28.9537659212586 || 2014-11-11 02:08:41 |
| 1888 || 74.1021601594587 || 2010-10-27 15:59:08 |
| 1889 || 12.8377098273223 || 2019-01-17 17:30:59 |
| 1890 || 12.4126349595435 || 2019-06-03 13:47:43 |
| 1891 || -0.251992301016785 || 2013-02-04 20:28:04 |
| 1892 || 16.3647078900997 || 2010-08-13 13:32:27 |
| 1893 || 71.5343944899332 || 2016-06-01 00:46:57 |
| 1894 || 39.0364573619153 || 2016-09-18 21:29:09 |
| 1895 || 9.0650752059155 || 2018-07-16 18:29:36 |
| 1896 || -0.0940383046374306 || 2017-04-18 20:40:44 |
| 1897 || 24.4643392569264 || 2017-09-19 09:28:30 |
| 1898 || 80.4620041898783 || 2013-09-26 15:44:38 |
| 1899 || 45.2488057144175 || 2017-09-23 11:24:19 |
| 1900 || -6.56082594113546 || 2018-12-05 23:32:15 |
| 1901 || 0.0286526286990586 || 2018-02-09 10:20:58 |
| 1902 || 16.4701542388576 || 2019-12-15 11:37:42 |
| 1903 || -25.0602759885172 || 2015-07-01 08:49:12 |
| 1904 || 62.3280425733386 || 2019-10-10 12:08:47 |
| 1905 || 21.8364787301931 || 2016-01-25 06:21:38 |
| 1906 || -0.0163220622651015 || 2010-05-18 06:27:51 |
| 1907 || -8.45792914136485 || 2017-09-19 17:20:24 |
| 1908 || 68.4218005744696 || 2010-02-01 04:58:15 |
| 1909 || 82.4269969018459 || 2012-07-20 03:44:23 |
| 1910 || -7.71028001030752 || 2017-09-07 06:34:23 |
| 1911 || -0.219905514205851 || 2018-01-20 08:56:06 |
| 1912 || 10.6284356957431 || 2012-05-08 13:46:36 |
| 1913 || 46.4964859518032 || 2013-04-24 10:55:37 |
| 1914 || 47.4528838414483 || 2010-08-17 02:12:48 |
| 1915 || 10.8084766726758 || 2017-04-25 08:12:44 |
| 1916 || 2.21124264464563 || 2019-01-10 00:21:15 |
| 1917 || -3.05110750266891 || 2017-04-08 15:41:08 |
| 1918 || 59.4484586868669 || 2015-01-10 18:58:13 |
| 1919 || 25.4898948909963 || 2018-08-16 07:40:22 |
| 1920 || -12.2551170266667 || 2010-05-10 20:17:27 |
| 1921 || 4.20490286769075 || 2011-11-10 17:23:27 |
| 1922 || -3.28645487594511 || 2010-08-16 15:03:36 |
| 1923 || -13.4138182762413 || 2016-06-18 09:53:06 |
| 1924 || 42.6115225070586 || 2010-09-18 02:42:33 |
| 1925 || -17.3442891988334 || 2012-07-08 21:40:44 |
| 1926 || 1.89435669891576 || 2019-01-26 19:41:20 |
| 1927 || -0.847283974489107 || 2010-02-20 15:41:37 |
| 1928 || 34.9492653270027 || 2012-03-07 12:05:03 |
| 1929 || -29.209446948873 || 2013-06-22 21:49:40 |
| 1930 || 49.6343667833751 || 2014-12-16 06:01:15 |
| 1931 || -2.88707491822654 || 2012-12-02 03:20:21 |
| 1932 || 6.67013583630379 || 2016-04-25 03:28:19 |
| 1933 || 46.8269785128502 || 2018-08-11 17:08:35 |
| 1934 || -28.3206529697928 || 2015-07-22 07:15:22 |
| 1935 || 14.2809356614232 || 2013-07-09 17:33:57 |
| 1936 || -4.51958805706378 || 2017-05-07 14:48:33 |
| 1937 || 3.96728026081426 || 2014-09-10 14:49:31 |
| 1938 || 10.5016941655951 || 2012-08-03 17:11:57 |
| 1939 || 40.3346724370567 || 2013-08-04 08:15:24 |
| 1940 || 68.6397620728464 || 2010-11-13 14:43:49 |
| 1941 || 2.2350148707411 || 2016-06-25 05:28:38 |
| 1942 || 2.172121085851 || 2014-12-03 11:38:35 |
| 1943 || 43.7883132390751 || 2017-06-09 04:54:17 |
| 1944 || -1.07929725197803 || 2019-02-21 22:28:52 |
| 1945 || 73.9153797850669 || 2010-04-08 21:24:36 |
| 1946 || 18.2807682019268 || 2017-03-22 11:44:44 |
| 1947 || -0.271821658149481 || 2010-05-07 05:32:13 |
| 1948 || 20.6364026015469 || 2017-01-19 17:47:17 |
| 1949 || 84.3275467160382 || 2018-11-17 16:32:36 |
| 1950 || -22.4866955076023 || 2012-07-10 05:05:27 |
| 1951 || 23.211533504678 || 2018-08-25 08:11:18 |
| 1952 || -0.0304327071786558 || 2016-05-22 13:20:46 |
| 1953 || -10.7536386493389 || 2018-04-11 22:42:21 |
| 1954 || 81.8452512158631 || 2013-12-23 10:56:02 |
| 1955 || 63.322238099594 || 2012-09-22 06:49:56 |
| 1956 || 17.0600067889128 || 2011-04-09 15:13:11 |
| 1957 || 0.0110440895166419 || 2011-02-27 22:48:40 |
| 1958 || 11.1168807375766 || 2013-06-23 12:26:46 |
| 1959 || 3.78494764839315 || 2013-07-18 04:49:48 |
| 1960 || -23.693661686017 || 2015-04-23 04:55:05 |
| 1961 || 36.1640168324703 || 2012-12-19 19:49:48 |
| 1962 || 0.0391614466009046 || 2012-01-07 09:52:42 |
| 1963 || -7.53121844621511 || 2016-10-26 01:43:48 |
| 1964 || -22.409377871102 || 2017-11-15 08:38:08 |
| 1965 || 42.0542695908716 || 2019-12-12 11:02:23 |
| 1966 || -14.1960616182666 || 2010-09-23 07:23:20 |
| 1967 || 1.89033578954511 || 2018-08-05 08:26:10 |
| 1968 || 14.6490709161655 || 2018-05-03 19:14:14 |
| 1969 || 57.9211706591828 || 2015-06-03 06:59:11 |
| 1970 || -29.4504789041223 || 2014-07-18 15:03:32 |
| 1971 || 27.0839281218699 || 2015-10-04 08:39:37 |
| 1972 || -0.291543178529705 || 2016-12-24 16:19:56 |
| 1973 || 10.2474942620144 || 2012-11-27 23:53:57 |
| 1974 || 65.4218690351869 || 2013-07-05 04:08:50 |
| 1975 || 56.4356904606556 || 2014-06-11 17:42:48 |
| 1976 || 2.78304856386326 || 2017-02-18 07:30:08 |
| 1977 || 6.0617175940419 || 2018-03-04 15:40:31 |
| 1978 || 2.3458563418509 || 2010-03-14 15:55:59 |
| 1979 || -16.2984007084706 || 2012-04-09 15:01:58 |
| 1980 || 88.2936941160825 || 2013-03-02 17:00:17 |
| 1981 || 1.91621986323358 || 2013-03-16 14:10:29 |
| 1982 || 9.06531254666177 || 2010-02-07 12:21:32 |
| 1983 || 2.11264723554115 || 2010-09-13 14:10:59 |
| 1984 || 41.3693312804402 || 2013-06-02 17:46:07 |
| 1985 || -3.92003926688988 || 2013-09-20 23:28:31 |
| 1986 || 54.4046080504647 || 2012-11-11 00:30:14 |
| 1987 || 10.1575472383757 || 2011-04-03 21:08:48 |
| 1988 || 4.32812419796545 || 2018-04-18 01:57:35 |
| 1989 || 4.62615206162641 || 2014-01-18 09:46:39 |
| 1990 || 69.6780131634309 || 2013-03-21 07:37:59 |
| 1991 || 66.3294568024847 || 2017-07-01 08:59:31 |
| 1992 || -5.61599541923096 || 2014-10-15 01:32:55 |
| 1993 || 2.24089885169835 || 2011-10-17 18:42:07 |
| 1994 || -8.42781599843747 || 2013-05-13 15:06:49 |
| 1995 || 49.3841184310079 || 2015-08-20 09:03:06 |
| 1996 || 61.1829270744818 || 2013-03-27 15:02:38 |
| 1997 || -6.91925897244583 || 2017-10-07 06:07:25 |
| 1998 || 0.531096166515135 || 2016-04-19 08:02:23 |
| 1999 || 2.91295414944354 || 2011-10-13 01:13:06 |
| 2000 || -10.8967555606773 || 2010-01-22 05:25:43 |
| 2001 || -20.199232823829 || 2018-11-12 19:39:33 |
| 2002 || 3.07400476880497 || 2013-04-25 01:07:23 |
| 2003 || 0.00524799259306269 || 2014-02-19 06:05:31 |
| 2004 || 11.8049769700582 || 2012-10-14 06:33:55 |
| 2005 || -19.5868605421259 || 2013-03-13 15:24:56 |
| 2006 || 55.0967443199783 || 2010-09-21 18:18:49 |
| 2007 || -2.34349799104915 || 2017-04-19 21:12:25 |
| 2008 || 0.0124999303487855 || 2019-11-03 03:59:55 |
| 2009 || -9.49696024167336 || 2019-11-18 12:39:49 |
| 2010 || -26.3187879559664 || 2017-07-03 06:36:49 |
| 2011 || 51.9849070433128 || 2011-04-07 21:15:58 |
| 2012 || -11.0746335293295 || 2011-01-17 19:51:34 |
| 2013 || 0.0532672207784799 || 2017-01-05 03:55:48 |
| 2014 || 15.0499357643267 || 2013-06-18 23:30:54 |
| 2015 || 52.1582087774016 || 2015-11-15 21:09:16 |
| 2016 || 86.2692880265354 || 2015-06-02 18:54:04 |
| 2017 || 6.2686426849787 || 2012-08-19 22:05:59 |
| 2018 || 0.263119567221158 || 2013-06-14 12:39:44 |
| 2019 || 18.4628945999584 || 2019-02-25 12:25:09 |
| 2020 || 70.2549920443617 || 2016-11-22 00:05:56 |
| 2021 || 44.4029322830832 || 2010-09-04 17:57:23 |
| 2022 || 47.3259826834676 || 2015-02-07 05:34:29 |
| 2023 || -0.882877521718431 || 2017-06-04 19:02:08 |
| 2024 || 11.2350852955255 || 2011-05-08 11:02:59 |
| 2025 || 64.9741158687737 || 2017-12-23 08:39:54 |
| 2026 || 3.24942892815465 || 2016-05-26 03:43:39 |
| 2027 || -17.5028770430737 || 2019-08-26 20:18:25 |
| 2028 || -0.792036862301089 || 2017-03-19 02:52:02 |
| 2029 || -3.13980068100924 || 2011-12-17 07:50:35 |
| 2030 || 10.4780239288184 || 2017-04-12 11:04:35 |
| 2031 || 51.9593985849769 || 2010-07-19 22:51:24 |
| 2032 || 9.4209813079196 || 2019-07-12 21:36:13 |
| 2033 || -2.68968861806555 || 2014-09-19 23:53:27 |
| 2034 || 7.79998124218137 || 2014-10-11 07:51:48 |
| 2035 || -9.07361840658933 || 2017-05-15 21:43:04 |
| 2036 || -28.9700922457725 || 2012-01-16 17:18:19 |
| 2037 || 57.5146317284323 || 2018-07-25 19:37:45 |
| 2038 || 10.050091970609 || 2016-02-10 14:47:36 |
| 2039 || 2.60410901729794 || 2017-11-03 06:08:53 |
| 2040 || 7.69742701763094 || 2015-09-14 23:01:06 |
| 2041 || 45.704038735706 || 2010-08-07 14:49:31 |
| 2042 || -17.2592964407632 || 2015-03-01 19:50:01 |
| 2043 || -4.66341934459207 || 2019-09-22 11:26:12 |
| 2044 || 2.85755257963803 || 2012-08-06 05:15:13 |
| 2045 || -2.31034917245615 || 2016-03-01 15:36:18 |
| 2046 || 43.9175729735968 || 2013-06-05 15:25:23 |
| 2047 || 61.2309382491448 || 2015-11-22 02:52:00 |
| 2048 || 18.4300782595329 || 2011-02-07 16:49:10 |
| 2049 || 1.00531064975356 || 2013-08-19 19:00:04 |
| 2050 || -13.4860075149127 || 2017-02-12 17:18:59 |
| 2051 || 79.4845698956549 || 2016-04-09 00:59:00 |
| 2052 || 45.1920042391172 || 2017-11-14 03:39:02 |
| 2053 || 4.28252696036273 || 2011-04-22 14:20:56 |
| 2054 || -0.0626125436240843 || 2018-09-22 15:15:33 |
| 2055 || 33.9650499765296 || 2019-04-11 07:14:35 |
| 2056 || 71.3374399406432 || 2011-10-22 19:41:03 |
| 2057 || 62.5132674531295 || 2019-01-25 22:46:27 |
| 2058 || -8.02445159237275 || 2011-04-17 23:09:17 |
| 2059 || 0.000417441454268129 || 2018-11-16 22:13:43 |
| 2060 || 28.4719001572368 || 2011-06-02 12:23:04 |
| 2061 || 50.8685110281571 || 2019-04-05 04:08:36 |
| 2062 || -14.0691464803229 || 2013-06-20 09:28:31 |
| 2063 || 0.75438038901471 || 2017-04-23 16:10:14 |
| 2064 || 0.157240064639114 || 2012-07-25 03:42:40 |
| 2065 || -7.37509073651051 || 2011-11-27 10:25:22 |
| 2066 || 44.0456041240063 || 2017-01-17 04:20:07 |
| 2067 || 81.1486750590177 || 2018-02-21 00:48:16 |
| 2068 || 16.4250505832378 || 2013-07-02 04:43:58 |
| 2069 || -0.423138284657436 || 2017-11-18 22:51:09 |
| 2070 || -6.00655116493202 || 2017-01-18 14:49:58 |
| 2071 || 72.0597802403324 || 2019-01-03 20:31:04 |
| 2072 || 87.228401097721 || 2014-10-10 04:24:06 |
| 2073 || -2.74799559874718 || 2014-02-24 17:09:51 |
| 2074 || 2.5040887095871 || 2016-10-26 11:57:58 |
| 2075 || 4.10073135389104 || 2011-07-08 14:05:13 |
| 2076 || 24.571084853125 || 2011-10-18 17:20:42 |
| 2077 || 88.1011528581278 || 2013-10-04 06:49:15 |
| 2078 || -14.6954998865178 || 2012-02-16 03:41:19 |
| 2079 || 4.12589782075234 || 2013-03-19 04:35:05 |
| 2080 || 10.787794523163 || 2018-07-25 14:05:30 |
| 2081 || 58.3715987201531 || 2011-01-08 03:30:28 |
| 2082 || 87.316067979246 || 2013-06-27 00:11:06 |
| 2083 || 32.3092456947222 || 2011-09-15 03:47:31 |
| 2084 || 1.75436363910618 || 2017-04-04 18:25:15 |
| 2085 || 7.00486936925527 || 2011-06-04 04:08:21 |
| 2086 || -12.7211995007963 || 2014-06-14 22:47:22 |
| 2087 || 72.0830610164341 || 2017-08-22 09:51:15 |
| 2088 || -8.48743986187124 || 2016-07-25 20:34:41 |
| 2089 || -0.16642257361896 || 2014-02-11 22:41:38 |
| 2090 || 4.6820558746351 || 2010-04-15 00:37:59 |
| 2091 || 5.57989571831265 || 2019-12-26 22:03:01 |
| 2092 || -22.851321036582 || 2019-01-06 06:47:28 |
| 2093 || 59.9165422062978 || 2017-03-02 06:42:27 |
| 2094 || 10.0801391452016 || 2015-12-09 09:41:05 |
| 2095 || 2.49411957631661 || 2019-01-21 14:31:43 |
| 2096 || 46.1520724130561 || 2016-11-24 00:27:17 |
| 2097 || -8.30274269073345 || 2019-05-14 16:32:52 |
| 2098 || 68.8843348792464 || 2014-05-07 02:25:11 |
| 2099 || 8.19529243079696 || 2014-06-06 23:02:54 |
| 2100 || 0.0729122410273003 || 2013-04-21 11:50:42 |
| 2101 || -1.8766682994013 || 2017-05-21 12:17:02 |
| 2102 || 79.0718535848153 || 2010-09-01 17:42:21 |
| 2103 || -20.4888828661027 || 2018-08-02 14:51:30 |
| 2104 || -7.01953033759556 || 2011-07-08 21:56:08 |
| 2105 || -0.0270924609953531 || 2011-03-08 19:05:09 |
| 2106 || 35.0040315174201 || 2012-09-16 11:18:49 |
| 2107 || -5.05033829315955 || 2013-03-09 06:50:36 |
| 2108 || -17.5097916458755 || 2015-03-07 11:09:57 |
| 2109 || -9.00751815196999 || 2017-04-07 09:29:16 |
| 2110 || 0.00213508214964231 || 2019-01-07 17:58:57 |
| 2111 || -1.39927848091446 || 2010-05-21 09:32:18 |
| 2112 || 7.42841506817354 || 2013-10-06 08:42:10 |
| 2113 || 27.952837661425 || 2018-02-11 21:38:33 |
| 2114 || 12.31442710648 || 2011-06-07 03:21:16 |
| 2115 || 0.229914900127126 || 2012-04-22 05:58:24 |
| 2116 || -8.22932081043093 || 2017-04-05 12:04:16 |
| 2117 || 23.3283451027311 || 2014-04-12 17:47:54 |
| 2118 || -27.623934393889 || 2017-11-03 13:24:16 |
| 2119 || 37.1469365593297 || 2015-08-02 07:49:50 |
| 2120 || -0.283439412743772 || 2017-11-12 10:09:30 |
| 2121 || -0.0325942008016571 || 2012-11-17 23:47:59 |
| 2122 || 52.9133254974846 || 2011-08-26 16:04:02 |
| 2123 || -26.4880141460258 || 2018-10-20 14:19:13 |
| 2124 || -8.80379118085811 || 2016-10-27 01:27:17 |
| 2125 || -0.778921467879104 || 2018-10-07 12:45:59 |
| 2126 || 6.66148302063918 || 2016-10-10 00:27:39 |
| 2127 || -13.7753965523938 || 2014-11-19 16:06:24 |
| 2128 || 32.4242475086744 || 2011-04-02 14:57:15 |
| 2129 || 47.9696863630515 || 2017-06-07 14:54:46 |
| 2130 || 4.70187057083532 || 2011-01-20 20:10:11 |
| 2131 || 8.60557133160896 || 2016-06-10 20:58:35 |
| 2132 || -20.7483877956376 || 2010-01-22 07:34:10 |
| 2133 || -21.7022598217852 || 2014-08-17 13:13:06 |
| 2134 || 32.8103555623661 || 2017-07-14 04:23:15 |
| 2135 || 6.38743125330588 || 2018-07-20 01:03:12 |
| 2136 || 8.84922508921629 || 2014-10-25 03:59:06 |
| 2137 || -19.2452376029868 || 2010-12-12 20:44:51 |
| 2138 || 89.8628312386125 || 2013-12-21 04:54:54 |
| 2139 || 58.7011468414221 || 2011-03-09 15:10:28 |
| 2140 || 10.7889614537689 || 2017-09-10 15:20:53 |
| 2141 || 3.94494858369581 || 2018-01-06 17:16:10 |
| 2142 || -13.4757797046622 || 2012-09-04 07:42:30 |
| 2143 || 31.7244452756018 || 2010-09-17 03:17:00 |
| 2144 || 55.3861499975996 || 2012-01-26 09:23:24 |
| 2145 || 14.176684674002 || 2014-08-03 03:09:46 |
| 2146 || 3.41367485377404 || 2018-08-19 03:56:56 |
| 2147 || 29.0980621008706 || 2010-04-11 20:06:31 |
| 2148 || 70.5228696303422 || 2011-11-05 09:31:22 |
| 2149 || 11.7019869807969 || 2010-12-11 21:24:47 |
| 2150 || -5.93676584796968 || 2017-03-22 13:05:29 |
| 2151 || -0.34058381892353 || 2013-12-08 17:59:07 |
| 2152 || 30.2194817535149 || 2012-07-21 02:19:26 |
| 2153 || 75.6353788038368 || 2010-04-09 20:16:39 |
| 2154 || -21.7809304101409 || 2012-07-03 06:04:11 |
| 2155 || -7.00240649334757 || 2015-08-26 17:38:34 |
| 2156 || -0.166102785420384 || 2013-10-22 05:46:48 |
| 2157 || 26.2390310192504 || 2014-08-23 19:53:11 |
| 2158 || 83.9602057557294 || 2019-07-03 00:50:15 |
| 2159 || 18.5216639735725 || 2014-08-26 10:10:51 |
| 2160 || 27.0901027474182 || 2016-07-10 10:30:26 |
| 2161 || -0.00329861852390972 || 2016-03-22 00:03:07 |
| 2162 || 10.1579632283971 || 2014-08-16 13:24:45 |
| 2163 || -17.9432007606399 || 2016-09-09 13:01:16 |
| 2164 || 62.9239540533839 || 2012-11-24 22:52:56 |
| 2165 || 18.3819646072272 || 2016-12-27 20:16:02 |
| 2166 || 0.0640702596851369 || 2014-12-14 14:38:22 |
| 2167 || 6.98101080857398 || 2013-04-14 23:34:18 |
| 2168 || 55.49783463993 || 2010-04-25 14:20:51 |
| 2169 || 39.8746543762722 || 2012-09-11 04:27:07 |
| 2170 || 27.3535498595563 || 2019-09-07 17:41:22 |
| 2171 || 0.206942215048917 || 2010-04-12 08:03:21 |
| 2172 || 21.7036894376301 || 2017-11-03 00:16:06 |
| 2173 || 73.5476656135656 || 2016-03-24 05:15:04 |
| 2174 || 84.0220566814273 || 2012-06-13 08:24:39 |
| 2175 || 43.2649535020329 || 2011-07-02 07:45:26 |
| 2176 || -0.101542301956983 || 2010-11-09 05:33:32 |
| 2177 || -5.73819544948527 || 2015-02-02 04:54:17 |
| 2178 || 20.8743745558215 || 2010-10-18 12:06:59 |
| 2179 || 88.7702642175836 || 2019-01-23 21:04:18 |
| 2180 || 5.69402832529115 || 2017-08-20 02:39:20 |
| 2181 || -1.06609621375895 || 2016-08-05 22:52:28 |
| 2182 || 9.69329847420533 || 2011-12-08 18:15:04 |
| 2183 || 24.6774192537057 || 2012-08-25 18:32:05 |
| 2184 || 43.4518681451325 || 2013-07-17 18:04:20 |
| 2185 || -17.3941070812987 || 2016-02-21 19:40:20 |
| 2186 || 0.9214479151921 || 2015-07-18 12:07:58 |
| 2187 || 5.17323138942175 || 2015-11-27 01:26:53 |
| 2188 || -0.366966903177912 || 2016-04-08 13:38:40 |
| 2189 || -29.9398086956829 || 2010-10-12 05:05:32 |
| 2190 || -14.1395441721429 || 2013-08-15 06:47:06 |
| 2191 || -0.901301798571166 || 2017-05-27 19:37:22 |
| 2192 || -1.92171488008011 || 2014-06-27 23:12:32 |
| 2193 || 10.7054793839537 || 2012-10-12 04:41:56 |
| 2194 || 88.508882970998 || 2018-06-01 11:30:16 |
| 2195 || 65.0957899228939 || 2010-10-24 06:36:27 |
| 2196 || 12.1215749591572 || 2012-05-18 06:34:38 |
| 2197 || 3.18690356247861 || 2010-08-25 02:31:17 |
| 2198 || -15.9788367021829 || 2016-12-18 00:36:20 |
| 2199 || 37.8081158623825 || 2016-08-25 02:57:02 |
| 2200 || -17.2401961072736 || 2017-12-08 23:02:26 |
| 2201 || 17.2817763674601 || 2016-03-04 19:33:56 |
| 2202 || 0.461971833259659 || 2014-04-04 07:18:34 |
| 2203 || -7.48926746105221 || 2018-11-03 05:31:49 |
| 2204 || 17.3552455123633 || 2015-08-07 16:32:20 |
| 2205 || 60.3769230383981 || 2010-07-10 17:02:40 |
| 2206 || 16.1568221848934 || 2015-09-22 12:06:46 |
| 2207 || 0.615189158783105 || 2014-10-07 01:48:28 |
| 2208 || -12.4403786620446 || 2015-05-26 16:04:17 |
| 2209 || -27.4431001859461 || 2018-11-21 13:17:47 |
| 2210 || 51.738342437229 || 2011-10-15 01:29:38 |
| 2211 || 3.45457247758217 || 2017-05-01 16:58:31 |
| 2212 || 0.00205710771055813 || 2017-10-06 18:02:09 |
| 2213 || 1.19511726961934 || 2019-12-23 20:38:07 |
| 2214 || -10.5114867562702 || 2013-05-10 01:38:53 |
| 2215 || 39.6031197290358 || 2019-01-20 18:03:15 |
| 2216 || 11.1819807571346 || 2012-09-05 09:53:11 |
| 2217 || 0.0260660130094361 || 2016-12-27 02:09:12 |
| 2218 || -3.15162043338756 || 2018-06-15 16:51:22 |
| 2219 || 27.3286386431525 || 2011-05-22 00:21:32 |
| 2220 || 81.8790187172094 || 2016-04-17 15:35:35 |
| 2221 || 17.3627013098423 || 2013-02-16 13:11:58 |
| 2222 || 0.0184951107094259 || 2014-08-20 03:32:21 |
| 2223 || -7.56123424486924 || 2012-12-13 05:40:00 |
| 2224 || 34.0533403307717 || 2013-12-09 09:05:44 |
| 2225 || -19.8413488060959 || 2011-06-12 10:06:49 |
| 2226 || 42.3633048922741 || 2014-05-10 14:35:17 |
| 2227 || 0.409035588353576 || 2016-09-03 14:29:30 |
| 2228 || -2.1514248945184 || 2012-12-09 17:22:04 |
| 2229 || -23.3814478229178 || 2019-06-22 15:50:14 |
| 2230 || -25.5318725418108 || 2018-12-26 22:35:19 |
| 2231 || -11.5875466204091 || 2014-07-15 04:35:44 |
| 2232 || -1.24701421663521 || 2015-08-24 01:53:50 |
| 2233 || -3.96177102383265 || 2011-12-05 04:39:39 |
| 2234 || 63.0160398401405 || 2014-04-16 18:24:23 |
| 2235 || -27.1858237122222 || 2015-02-04 13:48:26 |
| 2236 || -14.2941731437751 || 2016-02-04 03:51:09 |
| 2237 || 1.123228324747 || 2012-07-04 07:49:39 |
| 2238 || 3.2703515795607 || 2018-07-21 07:30:09 |
| 2239 || 60.4544189464359 || 2014-09-11 04:38:20 |
| 2240 || 72.9477853195476 || 2013-09-19 09:19:43 |
| 2241 || 51.7348257815743 || 2013-06-18 17:19:18 |
| 2242 || 5.67273750832345 || 2011-04-06 10:13:37 |
| 2243 || -1.85288444461527 || 2013-10-21 19:22:28 |
| 2244 || 54.0817830801923 || 2014-09-03 04:02:47 |
| 2245 || -14.5359213887537 || 2013-11-18 16:10:24 |
| 2246 || -8.13256849210195 || 2013-07-01 03:46:04 |
| 2247 || -0.364841061027654 || 2015-06-17 19:20:24 |
| 2248 || -0.279455915901457 || 2016-03-03 13:26:30 |
| 2249 || 33.7811906838078 || 2014-05-02 19:37:14 |
| 2250 || 86.7118216719649 || 2010-09-03 12:26:24 |
| 2251 || 61.6347448801846 || 2019-06-04 06:36:11 |
| 2252 || -5.34800789712958 || 2010-11-04 20:38:04 |
| 2253 || 1.90763308568157 || 2012-06-07 09:25:20 |
| 2254 || -8.98179605306233 || 2010-11-05 21:20:30 |
| 2255 || 0.361759551864136 || 2013-09-03 00:38:57 |
| 2256 || -24.2546682603755 || 2016-12-05 07:18:02 |
| 2257 || 19.2819362857517 || 2019-04-13 00:10:37 |
| 2258 || -0.321455466403764 || 2014-02-07 16:57:51 |
| 2259 || -1.30321719660346 || 2010-02-08 00:47:56 |
| 2260 || 48.2680436502953 || 2016-06-26 02:40:52 |
| 2261 || -21.8888769150971 || 2017-12-06 14:12:11 |
| 2262 || 6.42686671875744 || 2014-01-14 05:43:05 |
| 2263 || -0.0379299286253628 || 2018-08-25 07:21:23 |
| 2264 || 33.8020590902732 || 2018-10-23 06:01:08 |
| 2265 || 80.6805791118498 || 2015-08-23 02:19:35 |
| 2266 || 76.7869217682795 || 2016-09-20 12:52:58 |
| 2267 || 31.5086025037563 || 2010-12-01 09:16:17 |
| 2268 || -0.00708554716534507 || 2010-01-13 08:43:05 |
| 2269 || -9.47426307151242 || 2010-09-09 11:15:59 |
| 2270 || 44.9934713414181 || 2011-09-21 20:26:00 |
| 2271 || 42.7286598561648 || 2017-05-05 09:46:26 |
| 2272 || 7.97446956877179 || 2014-12-26 15:57:31 |
| 2273 || 0.426693153950336 || 2018-05-12 00:12:50 |
| 2274 || -5.10140969297406 || 2015-03-06 17:09:56 |
| 2275 || 42.5228260978271 || 2016-02-15 16:26:45 |
| 2276 || 62.4914446732139 || 2015-08-07 15:30:44 |
| 2277 || -5.83573937679642 || 2011-06-03 20:45:17 |
| 2278 || -0.51651740965675 || 2015-03-18 16:51:36 |
| 2279 || 2.85364219356353 || 2019-07-21 13:11:01 |
| 2280 || 59.5487743969521 || 2015-03-20 08:47:38 |
| 2281 || 40.0149858722646 || 2014-12-12 17:15:46 |
| 2282 || 7.79483225481412 || 2011-06-25 06:30:09 |
| 2283 || 2.97469141921255 || 2014-06-10 19:33:03 |
| 2284 || 10.6000802867854 || 2011-10-11 16:14:28 |
| 2285 || 10.0936012995264 || 2019-06-03 14:00:05 |
| 2286 || 64.9803374033693 || 2018-09-11 15:02:26 |
| 2287 || 50.1972770343505 || 2018-11-08 09:24:55 |
| 2288 || 3.37838097331043 || 2012-08-23 12:36:33 |
| 2289 || 0.424740480966825 || 2017-11-16 17:57:50 |
| 2290 || 48.3491431410644 || 2017-06-26 11:23:47 |
| 2291 || 89.2632013427111 || 2013-04-03 05:18:27 |
| 2292 || -7.93268779914129 || 2016-01-26 08:58:56 |
| 2293 || 0.78430693270143 || 2010-03-17 06:16:54 |
| 2294 || 7.4611649626799 || 2014-03-18 04:47:30 |
| 2295 || 35.4029518136699 || 2019-05-03 15:32:00 |
| 2296 || -2.99412086988066 || 2014-05-18 09:32:25 |
| 2297 || -21.0927256464855 || 2016-03-19 13:13:50 |
| 2298 || 12.2512719271909 || 2012-01-01 17:38:06 |
| 2299 || -0.735446783060328 || 2019-03-05 20:11:58 |
| 2300 || -13.841956061358 || 2012-02-26 21:59:26 |
| 2301 || 73.8577232031831 || 2013-08-26 07:02:58 |
| 2302 || 48.0060442114493 || 2017-10-25 01:40:17 |
| 2303 || -5.29056475491447 || 2017-02-20 03:03:33 |
| 2304 || 0.78071420853846 || 2014-10-04 02:02:35 |
| 2305 || 19.8062988919808 || 2017-10-13 20:46:07 |
| 2306 || 35.1091122853948 || 2016-08-23 12:00:19 |
| 2307 || -21.793546636108 || 2016-07-08 05:56:03 |
| 2308 || 6.03214903762418 || 2011-05-18 21:58:24 |
| 2309 || -0.385798610430878 || 2014-08-17 12:48:32 |
| 2310 || -12.1789452292886 || 2012-10-17 00:08:59 |
| 2311 || 85.1643581309805 || 2011-01-21 19:48:09 |
| 2312 || -20.3263838777825 || 2018-07-01 05:08:32 |
| 2313 || 13.8490155938203 || 2012-03-15 10:42:43 |
| 2314 || 0.199890090228651 || 2018-05-07 21:54:17 |
| 2315 || 2.29121856921609 || 2011-11-26 02:35:01 |
| 2316 || 75.0805108830582 || 2010-05-18 17:53:39 |
| 2317 || 45.1130649581831 || 2014-09-24 16:11:04 |
| 2318 || 14.6138914692545 || 2015-12-13 11:00:10 |
| 2319 || 0.00108080450144626 || 2018-04-01 15:42:04 |
| 2320 || 29.2961766678441 || 2013-02-15 22:42:20 |
| 2321 || 77.7929372253419 || 2016-05-27 05:44:04 |
| 2322 || 53.4098311800099 || 2018-08-14 18:27:52 |
| 2323 || 9.13467264063548 || 2014-08-09 12:10:30 |
| 2324 || 0.134976297765833 || 2016-10-08 11:58:12 |
| 2325 || 12.6220965438732 || 2019-02-17 14:03:47 |
| 2326 || 62.6645901689304 || 2011-09-26 18:26:13 |
| 2327 || 31.0732737121345 || 2012-03-11 22:16:08 |
| 2328 || 39.1463641377042 || 2016-03-22 14:21:53 |
| 2329 || 0.118595070899835 || 2015-04-12 23:36:34 |
| 2330 || 10.9130464888177 || 2019-09-19 17:25:31 |
| 2331 || 56.9520338982762 || 2017-04-14 08:29:31 |
| 2332 || -28.8471267219762 || 2011-06-24 13:57:56 |
| 2333 || -3.71431796274783 || 2014-08-04 14:29:56 |
| 2334 || 0.0746337996215935 || 2012-07-03 09:00:27 |
| 2335 || -5.17116425577762 || 2012-06-09 07:57:50 |
| 2336 || -10.0489375603979 || 2015-02-06 12:43:56 |
| 2337 || 86.6239561579186 || 2013-02-24 10:53:55 |
| 2338 || 39.4305027969432 || 2019-05-09 06:49:46 |
| 2339 || -0.453597602033933 || 2012-08-26 18:05:38 |
| 2340 || 4.96187928423558 || 2019-12-08 18:11:08 |
| 2341 || -19.0696186669309 || 2014-09-05 05:30:15 |
| 2342 || -14.1321249276293 || 2010-08-06 12:14:26 |
| 2343 || -17.0077078250837 || 2012-04-25 00:32:55 |
| 2344 || 3.79339239236764 || 2010-10-12 09:19:23 |
| 2345 || 3.29280346903246 || 2017-01-06 00:23:19 |
| 2346 || 32.5979831200749 || 2011-06-16 19:24:25 |
| 2347 || 54.1091174938618 || 2012-09-02 20:52:34 |
| 2348 || -20.1038790058588 || 2013-11-10 05:39:35 |
| 2349 || -3.47694074385176 || 2011-08-19 14:51:31 |
| 2350 || -1.12678540287552 || 2017-07-04 12:45:32 |
| 2351 || 35.6211038559304 || 2016-07-07 01:40:21 |
| 2352 || 33.5913535241755 || 2012-10-09 20:42:49 |
| 2353 || 18.2566902848424 || 2017-07-05 05:55:44 |
| 2354 || 15.2816960102919 || 2017-05-20 12:37:46 |
| 2355 || 0.0697149146527658 || 2014-05-02 01:04:59 |
| 2356 || -15.4570355005806 || 2010-04-06 09:45:49 |
| 2357 || -26.6530401868831 || 2011-11-24 22:41:23 |
| 2358 || -20.0432674044629 || 2015-11-09 19:09:01 |
| 2359 || 16.8052118178844 || 2016-02-22 18:44:18 |
| 2360 || -0.470817819423896 || 2015-12-09 11:52:27 |
| 2361 || -1.59968213661072 || 2013-05-10 04:17:19 |
| 2362 || 6.42788374732437 || 2019-01-13 08:12:31 |
| 2363 || 3.11225829133278 || 2016-08-03 01:24:41 |
| 2364 || -7.20532762596954 || 2015-04-20 08:13:40 |
| 2365 || 0.304280591927741 || 2015-07-07 18:38:42 |
| 2366 || 25.6151033802184 || 2014-08-02 06:55:03 |
| 2367 || 37.562491090875 || 2017-06-21 08:18:52 |
| 2368 || 34.6759031890303 || 2011-07-16 15:29:46 |
| 2369 || -1.62080985260847 || 2012-07-16 07:58:19 |
| 2370 || 0.00287140914497687 || 2010-01-24 00:21:22 |
| 2371 || 30.5641179101999 || 2016-07-20 16:36:04 |
| 2372 || 1.73067419722814 || 2014-02-24 23:02:13 |
| 2373 || 25.0605843251925 || 2011-08-25 22:05:37 |
| 2374 || 20.1768418645111 || 2010-04-07 13:33:36 |
| 2375 || -0.0885034915290767 || 2012-01-08 14:38:19 |
| 2376 || 19.2945104485677 || 2014-10-02 01:22:38 |
| 2377 || 45.8035819903516 || 2018-05-25 06:34:24 |
| 2378 || 67.2081481882045 || 2016-11-17 13:13:27 |
| 2379 || -0.945182987401318 || 2011-06-22 01:37:59 |
| 2380 || 1.17993126994414 || 2013-07-05 21:14:58 |
| 2381 || 0.755007472138044 || 2019-11-02 07:02:48 |
| 2382 || 28.9322204233959 || 2014-03-17 00:11:56 |
| 2383 || -1.7794468355498 || 2016-01-25 23:48:29 |
| 2384 || 22.7786883297748 || 2016-07-13 04:55:50 |
| 2385 || 1.42114480500523 || 2014-12-01 17:57:16 |
| 2386 || -5.41937403614908 || 2014-03-10 15:34:19 |
| 2387 || 26.4391475768233 || 2016-08-03 15:43:54 |
| 2388 || 17.0753453225777 || 2019-01-04 20:12:13 |
| 2389 || 3.95227053319461 || 2012-02-09 19:55:07 |
| 2390 || -1.2106598507471 || 2014-01-08 00:53:53 |
| 2391 || -2.95741697317431 || 2012-12-27 18:10:35 |
| 2392 || -4.75167684141286 || 2019-05-18 15:11:15 |
| 2393 || 10.9823730411936 || 2012-04-19 13:12:54 |
| 2394 || -15.7068530491334 || 2011-09-08 20:29:44 |
| 2395 || 4.96137695483495 || 2010-06-14 21:16:47 |
| 2396 || 8.42488469058899 || 2015-12-27 01:40:11 |
| 2397 || -19.105695570719 || 2011-07-15 23:38:50 |
| 2398 || 11.4304264508268 || 2012-05-26 16:52:28 |
| 2399 || 38.3559264403971 || 2018-03-03 04:56:02 |
| 2400 || 0.890538142211612 || 2011-04-21 10:35:03 |
| 2401 || -1.48702512940542 || 2016-06-23 05:58:06 |
| 2402 || 33.1905507868292 || 2019-12-01 17:30:41 |
| 2403 || 46.7563067740027 || 2018-08-12 16:18:31 |
| 2404 || 8.10431673973982 || 2018-06-06 22:48:43 |
| 2405 || -4.90259053760104 || 2014-07-03 08:09:48 |
| 2406 || 0.116168749014234 || 2013-08-23 18:40:10 |
| 2407 || -6.99106948874021 || 2014-08-15 02:34:52 |
| 2408 || -24.3576196214538 || 2018-11-25 00:49:51 |
| 2409 || 26.9994825626244 || 2014-02-07 12:30:22 |
| 2410 || -5.30954519369022 || 2017-02-10 08:33:47 |
| 2411 || 1.47911169156256 || 2012-10-16 07:47:56 |
| 2412 || 37.0831298017628 || 2015-01-02 23:48:25 |
| 2413 || 85.4932612033143 || 2016-01-19 15:22:34 |
| 2414 || 74.9544151029086 || 2018-04-27 04:32:33 |
| 2415 || 23.4885607566112 || 2016-12-17 11:48:52 |
| 2416 || 0.385464770296794 || 2018-01-08 09:17:51 |
| 2417 || -12.0094070406816 || 2012-12-05 11:26:09 |
| 2418 || -27.2982801106145 || 2019-06-27 04:01:25 |
| 2419 || -23.7016073665533 || 2011-11-04 07:25:04 |
| 2420 || 26.1680271389432 || 2011-05-22 13:09:40 |
| 2421 || 0.0244760846945642 || 2011-12-05 11:37:38 |
| 2422 || -9.68801583790166 || 2019-09-17 23:07:18 |
| 2423 || 7.40139478683386 || 2013-04-10 04:37:24 |
| 2424 || 12.6559042603775 || 2012-11-27 22:41:12 |
| 2425 || 12.1298014458454 || 2010-08-05 22:59:51 |
| 2426 || 0.167256689804112 || 2013-07-07 05:45:40 |
| 2427 || -6.00271538916999 || 2013-02-02 06:16:46 |
| 2428 || 60.1606670285321 || 2019-11-03 17:15:45 |
| 2429 || 65.6724576265775 || 2015-07-12 07:46:28 |
| 2430 || 19.822154115325 || 2019-10-13 22:31:35 |
| 2431 || 0.163469512722199 || 2015-12-20 10:55:50 |
| 2432 || 13.247633894777 || 2018-06-20 15:36:37 |
| 2433 || 73.4527159368269 || 2011-04-23 02:55:29 |
| 2434 || 25.2939021486134 || 2010-05-02 07:23:20 |
| 2435 || -9.95355735464223 || 2013-09-08 07:30:08 |
| 2436 || 0.955898981688145 || 2010-03-13 19:28:53 |
| 2437 || 0.371373445147267 || 2017-09-03 00:22:36 |
| 2438 || 63.421645497377 || 2018-11-10 12:05:14 |
| 2439 || 44.9847417249695 || 2019-09-19 08:38:35 |
| 2440 || 48.2093196227164 || 2018-07-04 01:09:58 |
| 2441 || 3.74348769481699 || 2016-10-25 15:27:37 |
| 2442 || -0.413932476301702 || 2013-07-25 20:58:46 |
| 2443 || -13.5758156724281 || 2019-04-15 22:32:29 |
| 2444 || 89.2036545350555 || 2011-07-19 13:59:33 |
| 2445 || 11.1505041654755 || 2010-01-24 15:07:12 |
| 2446 || 6.47617687150135 || 2012-02-13 17:14:57 |
| 2447 || -3.08708234212322 || 2013-11-06 17:44:57 |
| 2448 || 57.3825247388931 || 2014-12-20 00:01:17 |
| 2449 || 4.71656990117932 || 2014-10-17 20:16:29 |
| 2450 || -13.4034116252975 || 2011-10-10 22:35:12 |
| 2451 || -3.43617029412893 || 2013-01-26 22:27:48 |
| 2452 || -2.13404011225612 || 2011-12-05 06:23:58 |
| 2453 || -14.6421072533056 || 2014-11-09 05:32:03 |
| 2454 || 72.3064894806872 || 2017-05-16 04:01:59 |
| 2455 || -3.09118636100596 || 2017-12-20 21:23:00 |
| 2456 || 1.82767104947778 || 2011-01-25 06:48:17 |
| 2457 || -1.18043194215868 || 2019-06-21 22:08:45 |
| 2458 || -3.55977345383224 || 2017-08-25 21:04:58 |
| 2459 || 11.6479990073579 || 2011-10-13 17:14:51 |
| 2460 || 43.7517120266407 || 2015-08-23 06:23:30 |
| 2461 || 17.3982930207701 || 2015-05-11 06:08:08 |
| 2462 || 0.0645240225900415 || 2016-09-04 08:41:06 |
| 2463 || 43.1046545583042 || 2018-06-03 01:34:50 |
| 2464 || 80.3974841279282 || 2015-05-26 04:09:19 |
| 2465 || 25.1025352429439 || 2018-01-20 05:44:12 |
| 2466 || 9.99978056863949 || 2013-07-09 03:42:27 |
| 2467 || 0.23667133313091 || 2017-05-07 14:21:31 |
| 2468 || 7.56654412264673 || 2011-12-03 21:22:21 |
| 2469 || 37.9788268748901 || 2013-09-25 20:06:19 |
| 2470 || -25.5037518897387 || 2015-10-01 20:40:51 |
| 2471 || -8.26068579943639 || 2019-09-22 01:50:35 |
| 2472 || 0.000637842191568888 || 2011-09-20 08:40:45 |
| 2473 || 31.1353491877222 || 2016-11-22 06:38:56 |
| 2474 || 41.2155512782159 || 2010-02-16 05:03:51 |
| 2475 || -13.2930871010291 || 2016-04-07 16:43:09 |
| 2476 || 31.3844321165627 || 2015-02-10 16:00:05 |
| 2477 || 0.0493267458316879 || 2016-08-02 01:04:58 |
| 2478 || 3.659183614903 || 2015-01-10 09:40:07 |
| 2479 || -20.2726178763296 || 2019-07-18 15:32:58 |
| 2480 || 46.8122235910052 || 2012-02-04 22:53:05 |
| 2481 || -12.4899586146942 || 2016-06-16 09:17:43 |
| 2482 || -0.244989167713021 || 2015-10-18 04:07:08 |
| 2483 || 9.06695832482352 || 2013-05-06 16:15:07 |
| 2484 || 54.1491700587778 || 2013-09-22 01:37:30 |
| 2485 || -23.6185149619883 || 2013-07-22 16:33:13 |
| 2486 || 42.2027332642932 || 2019-01-21 18:24:49 |
| 2487 || 2.07793169054258 || 2017-01-15 20:55:55 |
| 2488 || -2.0845010813244 || 2015-12-07 02:51:25 |
| 2489 || 64.4534041829423 || 2013-04-27 10:41:52 |
| 2490 || 86.5840424424305 || 2018-12-24 01:52:21 |
| 2491 || -15.8292983770899 || 2012-02-08 12:54:04 |
| 2492 || -1.24919644776751 || 2013-09-25 08:11:48 |
| 2493 || -0.583075809027523 || 2010-05-19 18:58:19 |
| 2494 || -6.54440071183988 || 2011-05-24 14:31:59 |
| 2495 || 69.2502972390398 || 2015-10-17 23:50:05 |
| 2496 || 49.0417349481834 || 2013-05-20 16:05:21 |
| 2497 || -1.37306522738129 || 2019-10-10 11:44:45 |
| 2498 || 4.716411710921 || 2017-01-21 03:10:18 |
| 2499 || 33.9855944322089 || 2012-06-16 08:09:31 |
| 2500 || 59.9616073584582 || 2010-12-09 21:22:36 |
| 2501 || -19.606990223727 || 2014-10-12 22:07:09 |
| 2502 || -2.33689761276426 || 2013-10-15 09:00:05 |
| 2503 || -2.29884067491244 || 2015-10-14 10:09:46 |
| 2504 || 22.5068699376531 || 2019-04-01 03:00:48 |
| 2505 || 82.3347772816302 || 2010-03-15 12:58:53 |
| 2506 || 59.1680342923189 || 2013-05-04 17:18:04 |
| 2507 || 12.5710095067648 || 2016-07-25 07:59:11 |
| 2508 || -1.43665457515469 || 2010-08-04 20:36:36 |
| 2509 || -8.94769168887361 || 2013-12-08 02:08:12 |
| 2510 || 70.0982176952228 || 2018-10-23 02:41:44 |
| 2511 || -23.109379502285 || 2013-07-11 10:59:52 |
| 2512 || 11.4199620262449 || 2019-01-08 09:30:51 |
| 2513 || 1.49253262260478 || 2015-12-21 16:58:15 |
| 2514 || 39.3331457131549 || 2010-09-06 13:38:58 |
| 2515 || -27.0167473286876 || 2010-10-01 01:59:39 |
| 2516 || 24.6473360639137 || 2016-04-20 14:06:29 |
| 2517 || 13.3856925235954 || 2017-01-18 20:43:05 |
| 2518 || 0.0525383553630108 || 2011-11-03 10:40:48 |
| 2519 || -12.731493007289 || 2013-01-11 15:49:31 |
| 2520 || 83.0758199409237 || 2012-10-01 15:26:33 |
| 2521 || 46.7875508315569 || 2011-03-18 11:59:22 |
| 2522 || -1.55002747086724 || 2018-11-01 21:03:47 |
| 2523 || 0.0805781574747392 || 2013-06-07 12:35:07 |
| 2524 || 18.1633970171576 || 2012-10-02 19:43:08 |
| 2525 || 67.731077958023 || 2018-06-08 17:01:15 |
| 2526 || 18.5024298290704 || 2013-08-15 14:23:07 |
| 2527 || 1.31977301135743 || 2019-02-24 09:59:28 |
| 2528 || 0.0253248258158757 || 2013-01-04 09:34:01 |
| 2529 || 9.07835245020882 || 2015-12-06 05:47:01 |
| 2530 || 63.4068291647828 || 2015-11-08 06:54:43 |
| 2531 || 61.1471978144132 || 2012-10-18 08:24:52 |
| 2532 || 26.9221134236901 || 2016-03-14 10:59:13 |
| 2533 || 0.244893337079082 || 2013-10-01 18:32:21 |
| 2534 || 13.984946811654 || 2014-06-26 19:04:23 |
| 2535 || 6.31163788762843 || 2012-02-06 18:43:07 |
| 2536 || 36.1400775671824 || 2010-10-17 02:34:57 |
| 2537 || -12.1905137526355 || 2010-03-15 17:34:28 |
| 2538 || -0.491941932796119 || 2010-05-06 01:03:52 |
| 2539 || 6.32063480417517 || 2017-06-24 08:08:13 |
| 2540 || -20.1190525072128 || 2013-01-25 12:31:15 |
| 2541 || -15.6566827938929 || 2011-05-11 00:32:37 |
| 2542 || -0.251843016728295 || 2014-07-09 04:00:06 |
| 2543 || 3.44506498242944 || 2016-06-06 07:32:47 |
| 2544 || 13.7413582198137 || 2012-06-24 08:02:04 |
| 2545 || 5.56799368255844 || 2015-10-02 02:47:37 |
| 2546 || -29.2612719991469 || 2013-05-25 20:02:06 |
| 2547 || -7.17084946079486 || 2017-03-10 06:23:35 |
| 2548 || -1.91812591268965 || 2010-04-02 17:38:05 |
| 2549 || 1.37511280100112 || 2012-03-27 03:32:28 |
| 2550 || 55.6073532707812 || 2019-01-12 13:39:07 |
| 2551 || 44.5335399603941 || 2014-02-03 14:26:39 |
| 2552 || -18.9109409209287 || 2013-07-09 00:51:28 |
| 2553 || 8.53295301498703 || 2017-09-07 23:25:57 |
| 2554 || 5.61972250810307 || 2019-01-02 01:15:33 |
| 2555 || 47.7923322858138 || 2018-11-17 00:30:58 |
| 2556 || 85.7998180766134 || 2016-11-20 11:52:04 |
| 2557 || -14.1593841742351 || 2017-11-10 16:43:02 |
| 2558 || -3.5497593393308 || 2015-10-17 16:03:01 |
| 2559 || 1.72850150008991 || 2017-02-22 06:34:25 |
| 2560 || -16.7934143484883 || 2018-12-07 14:51:13 |
| 2561 || 78.5419429685147 || 2015-02-22 16:33:49 |
| 2562 || 67.1033406482772 || 2014-07-12 11:16:51 |
| 2563 || 3.12052623182267 || 2016-01-01 01:39:38 |
| 2564 || 0.691674096455883 || 2011-08-07 00:05:04 |
| 2565 || 35.3162726742329 || 2016-11-20 05:24:19 |
| 2566 || 47.8925213272241 || 2012-12-23 12:30:20 |
| 2567 || 43.6677633277819 || 2011-03-13 03:00:31 |
| 2568 || 19.4853965658199 || 2015-05-27 19:30:28 |
| 2569 || 0.0367603132363182 || 2010-02-17 00:07:14 |
| 2570 || -4.79125192144577 || 2011-08-02 07:39:27 |
| 2571 || 43.1443348315949 || 2012-10-11 22:29:58 |
| 2572 || 62.4807979735118 || 2013-08-27 04:24:34 |
| 2573 || -6.41377295536241 || 2017-02-21 19:50:34 |
| 2574 || 0.184238285456064 || 2017-01-17 05:02:49 |
| 2575 || 10.1867110731114 || 2019-07-02 01:44:50 |
| 2576 || 51.6193153990866 || 2012-07-05 21:30:17 |
| 2577 || -5.19237937153654 || 2019-09-22 18:31:49 |
| 2578 || -6.7407785847018 || 2013-03-08 20:18:29 |
| 2579 || 0.00646773348252039 || 2015-11-10 11:36:57 |
| 2580 || 21.1594594872349 || 2018-10-09 04:30:49 |
| 2581 || 50.0981889887393 || 2013-03-11 05:55:57 |
| 2582 || 28.9055862710908 || 2013-10-21 13:24:22 |
| 2583 || 31.9549329070012 || 2018-01-01 18:04:11 |
| 2584 || 0.431374149735445 || 2018-06-27 04:31:00 |
| 2585 || 23.1429264109974 || 2018-06-25 20:25:45 |
| 2586 || -13.0318794597829 || 2014-01-22 17:07:47 |
| 2587 || 9.01751159068499 || 2013-04-21 14:06:11 |
| 2588 || 31.8424346041147 || 2013-03-11 05:07:50 |
| 2589 || 0.966094019994877 || 2017-04-02 21:54:41 |
| 2590 || -4.22277451285496 || 2018-08-12 00:15:10 |
| 2591 || 19.4701965996896 || 2012-01-01 01:35:51 |
| 2592 || 24.6752909505247 || 2012-07-24 17:55:30 |
| 2593 || 34.9900441544609 || 2015-08-16 20:30:51 |
| 2594 || 1.97393284700354 || 2011-01-24 20:44:40 |
| 2595 || 12.8719432647608 || 2011-07-12 21:53:36 |
| 2596 || -16.5143859752004 || 2018-01-12 21:45:05 |
| 2597 || 8.42654025414824 || 2011-04-20 08:58:22 |
| 2598 || -8.20889688349019 || 2019-08-24 05:49:22 |
| 2599 || 4.86340230863193 || 2019-03-15 09:58:09 |
| 2600 || 6.82646328669781 || 2019-10-20 10:57:53 |
| 2601 || -17.7228110335273 || 2015-02-25 01:13:24 |
| 2602 || 76.8429452311702 || 2015-04-11 01:06:07 |
| 2603 || 25.9943787605231 || 2013-01-10 14:19:44 |
| 2604 || 8.43505425396113 || 2016-07-04 08:07:43 |
| 2605 || 2.88064092420461 || 2015-07-20 16:00:33 |
| 2606 || -18.7188691555665 || 2011-11-19 12:43:29 |
| 2607 || 55.1821854425582 || 2016-01-02 11:26:49 |
| 2608 || -8.80878188469836 || 2019-05-06 21:50:26 |
| 2609 || -3.92029579497103 || 2019-01-07 03:16:29 |
| 2610 || 3.62508219587715 || 2013-08-19 17:27:19 |
| 2611 || 39.8720220503477 || 2014-06-24 10:18:52 |
| 2612 || -26.7350473687033 || 2013-02-10 09:15:29 |
| 2613 || 34.9923488923775 || 2015-07-23 14:25:52 |
| 2614 || 11.9812721345558 || 2014-06-05 13:11:49 |
| 2615 || -0.329361957955305 || 2011-12-18 05:56:46 |
| 2616 || 43.4830776430805 || 2012-09-18 03:54:21 |
| 2617 || 72.2793454555641 || 2018-04-25 20:31:16 |
| 2618 || 66.6047498134708 || 2016-10-12 19:35:29 |
| 2619 || 19.3056473278622 || 2013-05-09 15:48:05 |
| 2620 || 1.36616175595532 || 2014-03-14 05:01:08 |
| 2621 || 32.6055208109017 || 2012-02-05 10:09:01 |
| 2622 || 50.0121364972329 || 2010-10-07 19:26:06 |
| 2623 || 6.17047200786693 || 2014-04-22 07:54:31 |
| 2624 || 11.1059016212274 || 2010-05-12 21:19:51 |
| 2625 || 7.86363996256895e-05 || 2012-08-23 22:56:58 |
| 2626 || -7.828630278926 || 2019-06-02 13:16:52 |
| 2627 || -26.5591341603518 || 2012-03-10 06:22:31 |
| 2628 || 42.0720248676962 || 2011-09-01 13:28:29 |
| 2629 || 5.06146807120598 || 2011-08-25 06:40:41 |
| 2630 || 0.000159588726347815 || 2012-07-01 02:57:40 |
| 2631 || -6.51154522613874 || 2011-03-24 17:12:42 |
| 2632 || -17.5262847150134 || 2019-04-25 13:45:53 |
| 2633 || 9.89102371809266 || 2010-08-25 13:40:53 |
| 2634 || 35.0406638053294 || 2013-03-05 11:57:22 |
| 2635 || -0.0847629450303944 || 2016-01-04 05:07:39 |
| 2636 || 7.39897892526614 || 2012-07-16 20:58:27 |
| 2637 || 32.9090337839197 || 2012-09-06 00:30:17 |
| 2638 || 72.8545910222941 || 2016-01-14 09:31:13 |
| 2639 || -13.4623658057284 || 2010-11-23 05:46:08 |
| 2640 || 0.0508309372390513 || 2010-07-10 17:11:21 |
| 2641 || 19.3629136351535 || 2015-04-09 23:27:24 |
| 2642 || 68.2034390263391 || 2013-10-23 04:58:12 |
| 2643 || 7.73095168567404 || 2018-08-16 10:37:46 |
| 2644 || 18.4332696568997 || 2010-11-21 22:23:08 |
| 2645 || -0.945613512094789 || 2012-01-03 12:51:21 |
| 2646 || 0.182639987981346 || 2019-09-20 02:58:27 |
| 2647 || 32.9011924998301 || 2012-05-19 17:55:34 |
| 2648 || 88.935232380216 || 2014-12-27 02:58:40 |
| 2649 || 9.00993873725065 || 2013-01-24 19:03:54 |
| 2650 || 1.10113508802077 || 2013-02-22 21:34:35 |
| 2651 || -3.9572047727282 || 2019-01-27 17:01:24 |
| 2652 || 15.5645802767694 || 2016-07-08 05:43:54 |
| 2653 || 23.7955296460019 || 2015-02-01 10:37:47 |
| 2654 || -17.5487507056836 || 2012-03-22 10:40:28 |
| 2655 || 3.00755492856463 || 2014-04-02 16:04:39 |
| 2656 || 7.74540243192726 || 2015-02-18 08:20:33 |
| 2657 || 3.06290852117456 || 2012-12-15 03:48:15 |
| 2658 || 67.9830776676056 || 2014-08-10 03:36:58 |
| 2659 || 1.54437972681811 || 2016-04-16 01:58:40 |
| 2660 || 11.169213516831 || 2010-02-02 02:29:00 |
| 2661 || 5.677246844429 || 2011-09-08 23:45:49 |
| 2662 || 39.294814176285 || 2018-04-22 17:51:21 |
| 2663 || 88.5089841576696 || 2014-05-16 15:50:30 |
| 2664 || 22.4113839846017 || 2013-08-23 04:52:37 |
| 2665 || 15.0092789407912 || 2015-03-15 06:23:46 |
| 2666 || 2.23832631922877 || 2010-09-02 06:17:24 |
| 2667 || -15.4185302908921 || 2013-04-16 06:49:29 |
| 2668 || -12.6426010559601 || 2018-05-24 16:43:30 |
| 2669 || -20.0022394319923 || 2013-10-08 13:56:03 |
| 2670 || -5.54039621479713 || 2013-10-06 13:41:21 |
| 2671 || -0.262306208314567 || 2012-03-22 02:50:58 |
| 2672 || 41.4219237388189 || 2017-03-26 07:54:31 |
| 2673 || -18.5350500917508 || 2017-01-19 13:51:19 |
| 2674 || 1.43291312175395 || 2016-01-24 06:18:11 |
| 2675 || 16.4401811634978 || 2015-10-14 05:57:01 |
| 2676 || 0.491569277889828 || 2016-04-23 08:46:31 |
| 2677 || 34.4967310949446 || 2019-02-13 06:48:52 |
| 2678 || -27.8092153439318 || 2012-09-19 20:32:51 |
| 2679 || 22.4106677233894 || 2014-08-18 20:08:03 |
| 2680 || -4.55025045899591 || 2019-01-06 06:43:13 |
| 2681 || 0.0167606894034341 || 2018-11-21 06:01:43 |
| 2682 || 20.2538997457888 || 2012-09-23 10:37:36 |
| 2683 || 47.4094471039946 || 2018-07-21 22:06:23 |
| 2684 || -18.1082694189053 || 2010-10-19 13:38:56 |
| 2685 || 34.0472719647686 || 2018-07-04 07:11:14 |
| 2686 || -0.0354917568620027 || 2014-12-11 19:27:33 |
| 2687 || -4.59940387961043 || 2011-07-13 23:06:33 |
| 2688 || -15.7876106584047 || 2010-11-07 19:43:28 |
| 2689 || 60.9732056483564 || 2016-02-02 15:47:31 |
| 2690 || -13.0781898307923 || 2011-12-20 18:58:10 |
| 2691 || 0.225011156639131 || 2019-11-05 00:32:03 |
| 2692 || 17.0248698894439 || 2015-09-06 23:51:57 |
| 2693 || 72.9052182525295 || 2018-05-17 16:43:28 |
| 2694 || 86.0508201617178 || 2019-01-17 18:24:53 |
| 2695 || 36.2467565675121 || 2010-07-20 13:33:20 |
| 2696 || 2.18127164587435 || 2017-09-13 00:32:58 |
| 2697 || 2.12328175475432 || 2015-03-15 03:52:39 |
| 2698 || 62.7557051991925 || 2011-10-19 02:48:50 |
| 2699 || 46.798879093027 || 2018-09-05 16:47:11 |
| 2700 || -9.55460848906005 || 2010-04-03 08:46:26 |
| 2701 || 4.20289727242113 || 2019-10-05 05:46:34 |
| 2702 || 12.8813170828608 || 2018-05-13 05:07:27 |
| 2703 || 64.0415475147027 || 2014-01-26 04:15:09 |
| 2704 || 5.16779065003391 || 2016-10-10 18:42:22 |
| 2705 || 41.0729733208198 || 2019-04-11 03:12:58 |
| 2706 || 1.92466644558078 || 2012-03-22 14:44:59 |
| 2707 || 8.0259686511698 || 2019-09-26 07:49:03 |
| 2708 || 53.9970266492438 || 2014-04-18 09:36:23 |
| 2709 || -16.9267432321231 || 2013-12-11 23:08:54 |
| 2710 || -16.367875120153 || 2010-09-13 07:56:13 |
| 2711 || 5.0277544344914 || 2013-08-22 17:58:59 |
| 2712 || 6.22485434420526 || 2016-12-16 14:30:20 |
| 2713 || 27.2391635610272 || 2014-02-10 21:44:03 |
| 2714 || -8.50338272124426 || 2018-07-12 13:48:26 |
| 2715 || 62.5284169528158 || 2013-02-16 16:52:51 |
| 2716 || 11.9896849127607 || 2012-10-19 17:00:38 |
| 2717 || 2.57496882537978 || 2017-03-12 05:00:54 |
| 2718 || -16.1170667027579 || 2012-03-08 00:24:23 |
| 2719 || 64.9429745718161 || 2010-03-27 11:30:19 |
| 2720 || 68.9858429440491 || 2014-01-22 02:37:14 |
| 2721 || -4.95664590784185 || 2013-10-14 23:38:15 |
| 2722 || 1.76447378623675 || 2012-09-03 22:59:09 |
| 2723 || 33.6252327674327 || 2015-07-18 08:03:51 |
| 2724 || 53.8780651907716 || 2018-05-24 01:02:59 |
| 2725 || 45.0232859010354 || 2012-11-24 14:23:27 |
| 2726 || 20.7798620533395 || 2012-09-02 09:56:01 |
| 2727 || 0.399794775478245 || 2019-07-14 15:26:38 |
| 2728 || -12.2128757471618 || 2010-03-02 08:58:00 |
| 2729 || 77.1822999383423 || 2016-02-14 16:27:14 |
| 2730 || 61.5117839441 || 2012-01-03 17:18:20 |
| 2731 || -8.09031470649382 || 2015-04-21 20:55:03 |
| 2732 || 0.0569976596675017 || 2011-08-04 12:07:26 |
| 2733 || 2.91550096990044 || 2011-07-01 22:16:46 |
| 2734 || 18.2075012207652 || 2019-02-15 03:55:16 |
| 2735 || 45.0955330885359 || 2012-05-21 16:23:26 |
| 2736 || -9.66520913860763 || 2010-04-22 08:25:21 |
| 2737 || -0.0270609735979295 || 2011-01-05 05:47:28 |
| 2738 || 26.7428804841896 || 2013-11-06 14:08:46 |
| 2739 || -5.61928043690198 || 2016-11-05 21:56:19 |
| 2740 || -21.7871817697142 || 2011-04-19 06:30:59 |
| 2741 || -4.8854071510786 || 2018-06-08 02:41:42 |
| 2742 || 0.759996029290473 || 2017-02-19 03:58:12 |
| 2743 || 6.88588600269195 || 2013-04-22 06:33:25 |
| 2744 || 74.0950526674061 || 2016-05-27 05:55:15 |
| 2745 || 65.1032143514515 || 2019-05-12 14:40:17 |
| 2746 || -8.21314237966744 || 2017-08-02 21:35:44 |
| 2747 || 1.36609079523965 || 2017-03-04 03:30:19 |
| 2748 || -1.30773490956068 || 2017-10-08 23:09:00 |
| 2749 || 69.6907139617282 || 2013-04-14 10:32:58 |
| 2750 || 73.569229949558 || 2019-07-11 04:42:05 |
| 2751 || 30.2758978344934 || 2010-03-13 18:37:49 |
| 2752 || 3.3643435573863 || 2012-08-20 15:02:31 |
| 2753 || 6.69327586991461 || 2017-04-03 16:31:27 |
| 2754 || 63.6168901337252 || 2017-07-19 20:05:12 |
| 2755 || 74.0994081350484 || 2018-10-25 23:19:28 |
| 2756 || 49.4092764328865 || 2013-02-09 19:48:35 |
| 2757 || 3.0601495647336 || 2010-06-21 18:39:36 |
| 2758 || 9.92785002135068 || 2014-06-06 06:15:40 |
| 2759 || 37.0295691069127 || 2016-01-10 04:30:07 |
| 2760 || 79.4115503093998 || 2011-03-03 07:33:11 |
| 2761 || -14.7407270854287 || 2018-04-13 13:49:39 |
| 2762 || 9.25749831278456 || 2016-03-02 17:32:23 |
| 2763 || -2.12361611960271 || 2013-10-11 18:25:20 |
| 2764 || 1.45666640919077 || 2015-06-19 03:17:33 |
| 2765 || -9.02219517085331 || 2018-06-03 00:43:45 |
| 2766 || 3.87666985629654 || 2014-11-18 04:32:57 |
| 2767 || 2.81566654122103 || 2016-07-22 00:59:15 |
| 2768 || 3.72962202135935 || 2014-05-20 00:29:35 |
| 2769 || 43.249363767952 || 2015-07-06 15:38:19 |
| 2770 || -29.1148749989331 || 2017-10-17 12:37:46 |
| 2771 || 56.0142319208197 || 2019-10-04 08:41:35 |
| 2772 || 16.1592497384503 || 2012-08-09 04:39:29 |
| 2773 || 1.3066532779166 || 2013-12-24 11:19:35 |
| 2774 || 19.3693169467718 || 2014-04-14 03:17:44 |
| 2775 || -24.3196218943524 || 2014-03-08 12:17:47 |
| 2776 || 71.0017026919457 || 2015-07-08 03:31:13 |
| 2777 || 4.84769132055695 || 2017-01-20 15:10:54 |
| 2778 || 0.235530912198019 || 2019-02-08 18:14:10 |
| 2779 || 36.0457396222808 || 2015-08-23 22:34:34 |
| 2780 || -0.502245735790963 || 2015-08-12 02:40:39 |
| 2781 || 55.7832176998354 || 2013-04-16 15:20:15 |
| 2782 || -4.12070045838059 || 2013-07-24 19:45:23 |
| 2783 || 0.0516238858543401 || 2018-11-12 17:40:43 |
| 2784 || 28.8547832392877 || 2010-05-03 16:14:58 |
| 2785 || 67.0404893607977 || 2013-01-21 02:31:01 |
| 2786 || -7.1619096514955 || 2011-12-13 22:47:30 |
| 2787 || -4.93402997302527 || 2011-10-14 19:26:00 |
| 2788 || -0.0146371751920618 || 2012-08-13 19:40:18 |
| 2789 || 28.0300033503602 || 2012-01-27 04:59:04 |
| 2790 || -14.9583684565604 || 2019-05-26 18:37:18 |
| 2791 || 56.7721435818417 || 2012-06-08 12:12:45 |
| 2792 || 36.882335112533 || 2011-04-25 11:41:18 |
| 2793 || -0.15856840250255 || 2012-04-27 11:12:50 |
| 2794 || -5.22626641096117 || 2010-11-22 12:51:26 |
| 2795 || 57.9185542267383 || 2015-03-13 22:48:32 |
| 2796 || 86.2492421227043 || 2017-02-07 08:56:47 |
| 2797 || 42.6165154867702 || 2012-04-03 02:13:25 |
| 2798 || 1.37755014812013 || 2014-04-05 16:47:38 |
| 2799 || 18.5284697938544 || 2016-10-25 02:19:52 |
| 2800 || 62.9772199065226 || 2014-11-07 05:17:11 |
| 2801 || 65.0907450453599 || 2017-01-08 14:47:24 |
| 2802 || -3.26923598392911 || 2010-05-01 07:49:58 |
| 2803 || 2.48857710534678 || 2018-11-05 14:47:01 |
| 2804 || 5.00857323710116 || 2019-11-22 20:13:04 |
| 2805 || 47.7062789611025 || 2011-06-25 06:17:30 |
| 2806 || 72.0152333622396 || 2010-10-14 23:42:12 |
| 2807 || -17.7424928965229 || 2014-04-25 06:39:38 |
| 2808 || -1.0812235492372 || 2012-05-21 01:40:20 |
| 2809 || -1.66795131811157 || 2012-06-12 07:18:40 |
| 2810 || 57.8033955616684 || 2013-06-25 05:24:03 |
| 2811 || -29.0385487396335 || 2018-11-27 20:00:51 |
| 2812 || 58.7731661694913 || 2016-11-09 12:40:02 |
| 2813 || 8.77378217151885 || 2013-05-07 09:07:15 |
| 2814 || 4.56066352476216 || 2019-10-22 19:19:18 |
| 2815 || -10.2815751098337 || 2012-07-12 23:15:08 |
| 2816 || 28.488684440298 || 2016-03-10 08:20:26 |
| 2817 || 12.3981344893204 || 2017-03-23 00:10:29 |
| 2818 || 12.5518562504432 || 2010-10-12 08:30:37 |
| 2819 || 2.32771696962456 || 2010-05-04 03:47:01 |
| 2820 || 20.3261651181584 || 2011-01-16 18:37:42 |
| 2821 || -20.9701581015519 || 2019-10-22 06:13:20 |
| 2822 || 66.1639951752966 || 2010-03-27 21:18:05 |
| 2823 || 13.8411887620303 || 2015-01-25 08:12:39 |
| 2824 || 2.36260373200972 || 2010-07-27 13:23:49 |
| 2825 || 19.5595785371653 || 2012-09-21 19:51:27 |
| 2826 || 52.2904234684111 || 2019-12-13 05:56:46 |
| 2827 || 72.8583636099677 || 2014-01-23 03:46:17 |
| 2828 || 14.8701705162011 || 2019-09-07 16:12:26 |
| 2829 || -0.352209674198096 || 2019-11-25 09:57:10 |
| 2830 || 8.81038319067363 || 2012-08-04 18:28:05 |
| 2831 || -11.9028370834429 || 2019-09-27 22:24:22 |
| 2832 || -24.8968911610366 || 2019-09-02 14:29:58 |
| 2833 || 25.6307585236217 || 2010-03-10 06:51:52 |
| 2834 || 0.0500535965136295 || 2018-03-18 10:46:07 |
| 2835 || 25.5177285270186 || 2011-03-11 17:51:05 |
| 2836 || 7.54512673453992 || 2015-08-11 17:43:15 |
| 2837 || -11.0565509953953 || 2018-02-15 19:48:46 |
| 2838 || 20.5894352297273 || 2010-04-11 01:05:12 |
| 2839 || -0.0012784640678255 || 2019-10-27 16:09:41 |
| 2840 || 14.0513090489062 || 2018-11-07 23:09:03 |
| 2841 || -4.52060370590092 || 2010-02-02 03:17:11 |
| 2842 || 79.040165174354 || 2016-02-19 19:54:49 |
| 2843 || -12.1204430674782 || 2015-10-19 07:10:46 |
| 2844 || -0.122695612647673 || 2010-03-04 09:26:32 |
| 2845 || 23.0097038521482 || 2017-11-25 22:26:26 |
| 2846 || 26.0779850339958 || 2011-11-26 04:07:03 |
| 2847 || 61.8282732665026 || 2010-03-21 00:14:40 |
| 2848 || -12.6685466974469 || 2016-06-24 21:49:41 |
| 2849 || -0.28106090278976 || 2016-10-05 17:04:05 |
| 2850 || 14.8449566140696 || 2010-04-07 17:03:37 |
| 2851 || -7.1290305841626 || 2013-06-10 14:29:32 |
| 2852 || 55.9193532505148 || 2010-01-01 15:39:14 |
| 2853 || 21.0818415559193 || 2016-03-18 12:37:51 |
| 2854 || 3.05434035979708 || 2016-08-08 11:05:20 |
| 2855 || -4.09829592962061 || 2015-09-26 05:31:16 |
| 2856 || -22.1644307397392 || 2014-05-21 19:44:44 |
| 2857 || -8.01370753986749 || 2019-04-18 06:39:39 |
| 2858 || 50.6315813662121 || 2011-12-05 10:42:42 |
| 2859 || 0.716922625152046 || 2011-10-11 19:35:43 |
| 2860 || -2.43355026799938 || 2011-12-09 13:28:00 |
| 2861 || 30.1677652313506 || 2010-08-12 03:30:18 |
| 2862 || 89.6676910380902 || 2012-01-17 00:01:59 |
| 2863 || 24.035659378159 || 2018-05-14 07:47:20 |
| 2864 || -2.80704988355546 || 2019-04-25 18:46:06 |
| 2865 || 3.81577232941631 || 2010-09-03 19:53:12 |
| 2866 || 49.3354120390353 || 2017-12-02 16:32:26 |
| 2867 || 79.30073919953 || 2017-09-02 04:12:50 |
| 2868 || -5.65283248960127 || 2015-08-01 22:56:13 |
| 2869 || -4.02569882024721 || 2018-02-20 09:04:02 |
| 2870 || 3.74105923705807 || 2012-03-25 11:01:03 |
| 2871 || 1.02667034007899 || 2015-08-04 06:14:03 |
| 2872 || -13.1274761858221 || 2018-10-07 02:18:23 |
| 2873 || -1.00134081631128 || 2012-12-01 11:56:12 |
| 2874 || -5.33915568679398 || 2016-11-20 19:59:12 |
| 2875 || 1.71423968597146 || 2014-07-12 01:27:43 |
| 2876 || 32.5552629151864 || 2012-11-19 04:23:44 |
| 2877 || 87.5825917693797 || 2018-04-05 19:18:33 |
| 2878 || 70.0968866561987 || 2016-06-18 15:33:18 |
| 2879 || 16.3314180713314 || 2019-05-25 11:16:02 |
| 2880 || -0.315126763544456 || 2018-01-07 20:31:02 |
| 2881 || 33.6080264745262 || 2011-07-11 03:59:10 |
| 2882 || 60.8120179011074 || 2010-02-27 11:22:44 |
| 2883 || 75.3466870098723 || 2012-09-08 00:39:38 |
| 2884 || 2.13579415905075 || 2012-08-21 02:01:34 |
| 2885 || 0.0316370755337182 || 2018-04-02 00:03:05 |
| 2886 || -11.270897425605 || 2019-08-09 06:59:21 |
| 2887 || -15.3821537437368 || 2017-03-10 18:28:27 |
| 2888 || -12.6060824412589 || 2014-01-14 03:23:35 |
| 2889 || 4.34513526449219 || 2012-04-06 22:44:50 |
| 2890 || -1.64994410183988e-05 || 2011-07-02 07:15:24 |
| 2891 || -0.0688397139514103 || 2017-04-13 18:21:22 |
| 2892 || 79.11108528438 || 2012-03-05 17:49:52 |
| 2893 || 56.4449262299755 || 2011-10-27 20:06:40 |
| 2894 || 18.6017085974803 || 2018-09-12 14:50:59 |
| 2895 || 0.146661551289996 || 2017-10-19 19:08:23 |
| 2896 || -1.48873402118379 || 2015-04-23 20:51:22 |
| 2897 || 68.6492794024907 || 2012-04-26 03:36:02 |
| 2898 || 71.0665324232583 || 2010-10-01 20:17:19 |
| 2899 || 33.6940115014972 || 2013-01-15 03:36:45 |
| 2900 || 0.984830889849782 || 2016-01-22 16:28:23 |
| 2901 || -6.75757044304083 || 2011-08-04 04:51:10 |
| 2902 || -8.1297930867725 || 2014-08-13 13:43:57 |
| 2903 || 61.2491572954246 || 2019-11-22 03:41:09 |
| 2904 || 40.6691936257491 || 2010-02-12 18:54:31 |
| 2905 || -0.543510749508124 || 2018-05-12 20:37:03 |
| 2906 || 9.35529075986852 || 2016-09-08 13:35:56 |
| 2907 || 46.620130120512 || 2019-09-04 00:58:50 |
| 2908 || -1.16073937467427 || 2014-08-21 17:28:52 |
| 2909 || -4.47439554848376 || 2010-04-01 15:25:06 |
| 2910 || 4.22023944191841 || 2010-03-02 11:42:22 |
| 2911 || -1.7350971226445 || 2015-04-21 03:42:13 |
| 2912 || 47.5787266930435 || 2010-08-08 16:16:18 |
| 2913 || 26.2857590156986 || 2014-02-02 03:59:34 |
| 2914 || 11.5970716985398 || 2012-11-12 18:21:36 |
| 2915 || 4.92416675792632 || 2011-02-10 22:59:17 |
| 2916 || -0.638462654989524 || 2019-06-17 12:57:57 |
| 2917 || -9.40422711543728 || 2014-12-11 20:55:16 |
| 2918 || -18.3238667712748 || 2018-12-06 19:33:22 |
| 2919 || 62.0445086261431 || 2017-03-19 14:11:33 |
| 2920 || -0.333070535167637 || 2012-03-21 01:19:15 |
| 2921 || 3.58273890188366 || 2018-07-11 15:07:35 |
| 2922 || 49.9093019449671 || 2019-10-04 20:38:12 |
| 2923 || 66.7773013582633 || 2019-05-05 04:02:40 |
| 2924 || 19.7940475178466 || 2015-11-14 18:35:48 |
| 2925 || 8.79981008665631 || 2012-06-02 16:56:59 |
| 2926 || 2.50137218300245 || 2010-12-11 13:00:39 |
| 2927 || 12.0571564689854 || 2012-04-24 21:14:49 |
| 2928 || 2.78655227230943 || 2012-06-26 10:30:41 |
| 2929 || 51.5325409041293 || 2011-05-27 19:29:18 |
| 2930 || 16.3978932944146 || 2019-08-23 09:36:17 |
| 2931 || 0.0132085847707443 || 2015-11-07 05:42:21 |
| 2932 || 41.3871792992764 || 2013-02-06 11:08:15 |
| 2933 || 73.3494553898633 || 2012-09-03 19:08:13 |
| 2934 || 22.2681710180382 || 2015-06-07 03:39:42 |
| 2935 || 24.1089710247479 || 2010-12-14 08:29:41 |
| 2936 || 0.393452707555975 || 2018-02-06 06:14:42 |
| 2937 || 23.9754592016979 || 2015-08-11 20:25:04 |
| 2938 || 53.8901666717739 || 2013-06-23 03:07:36 |
| 2939 || 12.9543659024643 || 2018-06-05 14:38:45 |
| 2940 || 11.5702897584329 || 2016-05-24 08:40:19 |
| 2941 || -0.00325140385557929 || 2011-12-25 14:27:40 |
| 2942 || 30.8430964959742 || 2013-03-01 10:57:16 |
| 2943 || -17.0639526782945 || 2016-01-01 22:56:03 |
| 2944 || 43.0528887533478 || 2014-01-18 13:47:37 |
| 2945 || 18.1125214871034 || 2019-06-21 13:28:22 |
| 2946 || 0.0581701860201501 || 2017-04-18 11:10:37 |
| 2947 || 4.27277094891949 || 2018-01-26 14:50:47 |
| 2948 || -25.3383108861923 || 2012-01-18 02:21:55 |
| 2949 || 85.2569302045688 || 2010-10-19 22:58:50 |
| 2950 || -9.71289630299886 || 2012-01-18 18:00:07 |
| 2951 || 1.06864988042276 || 2016-09-13 02:48:28 |
| 2952 || -1.43419700554181 || 2011-01-23 14:45:26 |
| 2953 || 49.1120151453261 || 2017-02-23 16:21:51 |
| 2954 || -14.0114969179446 || 2012-01-25 13:23:27 |
| 2955 || 20.3499996319544 || 2016-09-16 09:51:17 |
| 2956 || -0.824211662167504 || 2015-11-05 15:20:45 |
| 2957 || -4.23676847069154 || 2015-01-24 13:02:46 |
| 2958 || 68.2377986355009 || 2014-09-13 08:09:00 |
| 2959 || 87.4192180440769 || 2017-02-26 15:31:33 |
| 2960 || -1.35556638201135 || 2014-03-01 18:31:26 |
| 2961 || 0.977240927166705 || 2016-04-21 04:16:35 |
| 2962 || -4.19051618887074 || 2017-07-01 10:03:14 |
| 2963 || 11.9896033357399 || 2015-01-05 11:32:31 |
| 2964 || -9.98632480917344 || 2013-03-22 23:06:24 |
| 2965 || 55.9116841781319 || 2015-05-16 09:27:37 |
| 2966 || -2.25121427370264 || 2012-12-14 09:42:07 |
| 2967 || 8.52004393904092 || 2017-06-20 13:11:33 |
| 2968 || 1.33448142003466 || 2018-03-14 16:28:20 |
| 2969 || 27.0504474592338 || 2017-10-14 10:35:30 |
| 2970 || 37.5577332170159 || 2017-03-11 02:36:10 |
| 2971 || -2.34664684617237 || 2016-09-20 10:20:07 |
| 2972 || -1.28749107121113 || 2013-07-10 23:16:29 |
| 2973 || 40.9484554150905 || 2018-10-02 11:05:50 |
| 2974 || -5.10271642130159 || 2011-05-16 02:42:41 |
| 2975 || -12.5307078048491 || 2012-02-14 00:17:41 |
| 2976 || 13.8600978480008 || 2012-11-25 02:33:33 |
| 2977 || 1.09261900068604 || 2012-01-22 19:04:52 |
| 2978 || -16.0038170715308 || 2019-07-08 13:42:24 |
| 2979 || 65.1147510838377 || 2019-11-08 20:44:36 |
| 2980 || -22.7718788114041 || 2011-10-02 03:36:38 |
| 2981 || 9.2633481344636 || 2017-02-27 02:16:53 |
| 2982 || -0.557784273745957 || 2014-05-02 17:53:27 |
| 2983 || -12.1147521446233 || 2019-08-05 15:32:41 |
| 2984 || 71.9073382108657 || 2012-03-18 23:26:00 |
| 2985 || 72.5272236486449 || 2017-09-08 23:51:34 |
| 2986 || 21.5594406901454 || 2012-01-24 13:06:06 |
| 2987 || 0.608936334413472 || 2013-04-22 01:31:22 |
| 2988 || -9.63573238523023 || 2012-02-14 17:09:32 |
| 2989 || 36.7813884763606 || 2019-08-25 12:30:14 |
| 2990 || 73.1238335078057 || 2017-06-07 22:37:12 |
| 2991 || 23.2565903421425 || 2010-04-24 03:57:22 |
| 2992 || 0.0241454629951916 || 2015-08-21 10:16:28 |
| 2993 || -8.85939723246896 || 2015-06-23 00:21:26 |
| 2994 || -22.5751911788338 || 2017-08-07 23:19:28 |
| 2995 || 9.53036821507127 || 2018-10-16 18:33:07 |
| 2996 || 4.58060227480357 || 2013-09-16 08:52:28 |
| 2997 || 0.0560055891511352 || 2019-09-06 02:12:40 |
| 2998 || 20.9083649657365 || 2010-10-14 11:44:24 |
| 2999 || -17.8118039918032 || 2015-01-03 11:51:13 |
| 3000 || 21.0140896173763 || 2015-09-12 03:12:31 |
| 3001 || 37.8030153356323 || 2016-03-05 21:46:22 |
| 3002 || 0.557863590287141 || 2011-10-14 01:19:18 |
| 3003 || 6.75020423755398 || 2014-11-01 13:23:08 |
| 3004 || 73.1069357346471 || 2018-04-19 06:05:38 |
| 3005 || 53.9464801624979 || 2011-08-13 19:34:34 |
| 3006 || 32.7930879773421 || 2014-05-19 06:32:31 |
| 3007 || 1.63847733088481 || 2013-12-11 09:09:44 |
| 3008 || 3.42808282056828 || 2013-02-23 15:36:55 |
| 3009 || 61.2155953812889 || 2019-02-22 11:25:48 |
| 3010 || 40.666179033409 || 2014-10-21 05:33:59 |
| 3011 || -11.5240724372076 || 2015-08-20 16:47:13 |
| 3012 || -0.317946780815133 || 2012-11-01 10:40:19 |
| 3013 || -4.02671301957242 || 2013-10-25 01:42:47 |
| 3014 || 64.450407415319 || 2018-02-06 01:36:42 |
| 3015 || -5.86616819683429 || 2011-01-26 23:14:42 |
| 3016 || 3.53617895510131 || 2018-01-05 05:22:13 |
| 3017 || 6.36550187134062 || 2013-02-26 13:35:18 |
| 3018 || 9.7720068443562 || 2011-05-02 09:40:01 |
| 3019 || 59.2455777272483 || 2011-06-12 22:38:53 |
| 3020 || -11.4896087074634 || 2010-04-17 14:40:03 |
| 3021 || 8.96133622385252 || 2016-07-10 05:31:13 |
| 3022 || 9.23076890823642 || 2018-10-18 19:57:05 |
| 3023 || 0.541615793268979 || 2014-06-10 21:20:48 |
| 3024 || 54.1326755057116 || 2019-05-07 15:25:54 |
| 3025 || 49.1303394457599 || 2018-07-16 18:31:43 |
| 3026 || -21.6237369599216 || 2015-02-21 20:18:41 |
| 3027 || 13.4215935635366 || 2017-06-06 22:38:53 |
| 3028 || -1.2872229022646 || 2012-09-14 13:25:50 |
| 3029 || -4.44336420404842 || 2012-05-17 07:25:06 |
| 3030 || 88.6059677472064 || 2011-06-12 23:54:56 |
| 3031 || -19.2797846316467 || 2015-12-15 15:38:35 |
| 3032 || 10.4243512005353 || 2013-07-20 06:59:40 |
| 3033 || -0.56197038867288 || 2010-04-06 03:30:18 |
| 3034 || 18.0410143254033 || 2017-08-20 13:34:16 |
| 3035 || -28.981241752278 || 2016-02-07 13:20:02 |
| 3036 || 73.2766129724393 || 2012-05-03 13:45:57 |
| 3037 || 3.06745894878794 || 2011-11-22 15:03:25 |
| 3038 || 0.176271014580902 || 2014-03-22 11:21:15 |
| 3039 || -10.2976312928306 || 2014-09-22 06:06:28 |
| 3040 || 47.1574933730788 || 2019-01-02 20:02:06 |
| 3041 || 73.1260702566144 || 2012-01-27 18:03:47 |
| 3042 || 2.87612503121324 || 2015-01-27 06:49:19 |
| 3043 || 0.0736630379649641 || 2016-05-05 09:25:57 |
| 3044 || -10.7468431605294 || 2019-06-20 23:52:41 |
| 3045 || 79.89298987842 || 2017-10-22 23:38:52 |
| 3046 || 57.5144843032301 || 2019-06-21 09:04:06 |
| 3047 || 28.5266862155715 || 2011-02-01 13:54:15 |
| 3048 || 0.0485645504287616 || 2012-09-20 19:53:40 |
| 3049 || -7.32579020154885 || 2016-05-15 11:18:12 |
| 3050 || -24.4235879430149 || 2010-08-01 04:47:20 |
| 3051 || -28.1108609032778 || 2017-06-26 01:33:52 |
| 3052 || 25.3600371937493 || 2015-08-12 16:12:26 |
| 3053 || -0.126549850772617 || 2019-07-04 16:40:52 |
| 3054 || -3.90879193268384 || 2016-12-20 23:43:42 |
| 3055 || 64.3968632145141 || 2013-08-05 23:39:58 |
| 3056 || 83.7127585946334 || 2015-04-11 00:22:25 |
| 3057 || 38.6488250429847 || 2018-06-23 13:45:25 |
| 3058 || 1.75331558801035 || 2019-08-14 04:05:58 |
| 3059 || 5.11219619844151 || 2012-11-25 01:15:42 |
| 3060 || 49.9051307525466 || 2014-06-02 02:28:23 |
| 3061 || 57.4177396425784 || 2015-04-25 22:49:49 |
| 3062 || -1.95956990490709 || 2010-09-02 04:39:57 |
| 3063 || 2.64523953355452 || 2017-03-14 04:44:37 |
| 3064 || 1.02066324328304 || 2017-06-16 07:11:52 |
| 3065 || 65.6541669631334 || 2019-10-09 14:16:06 |
| 3066 || 12.7105008186616 || 2010-07-23 12:53:45 |
| 3067 || 19.4472709734932 || 2014-05-19 16:30:13 |
| 3068 || -1.38743715610445 || 2014-10-23 02:17:02 |
| 3069 || 6.88219725933639 || 2011-03-20 11:16:32 |
| 3070 || 21.6881147486335 || 2013-10-17 11:29:00 |
| 3071 || 88.2634020065526 || 2014-03-01 18:55:26 |
| 3072 || 51.5910752260245 || 2013-11-08 17:14:09 |
| 3073 || 3.03618198741579 || 2010-10-08 07:30:40 |
| 3074 || 6.54456202034344 || 2017-04-25 17:40:54 |
| 3075 || 47.8076130348515 || 2018-01-12 14:34:32 |
| 3076 || -17.9599651735166 || 2014-12-21 03:07:29 |
| 3077 || 25.6832313759753 || 2019-08-03 00:31:19 |
| 3078 || 12.8829305949023 || 2017-08-02 10:10:12 |
| 3079 || 2.50167211265075 || 2018-09-05 19:51:12 |
| 3080 || 25.7374214417878 || 2015-07-12 07:54:07 |
| 3081 || 40.0552110485161 || 2015-02-12 06:07:37 |
| 3082 || -6.56862246310569 || 2011-02-07 23:47:07 |
| 3083 || 15.4727379981392 || 2018-11-16 09:51:16 |
| 3084 || 0.941575802476314 || 2019-01-25 12:43:07 |
| 3085 || 7.16086196972781 || 2013-02-11 20:19:30 |
| 3086 || 36.0331612100301 || 2018-04-15 23:20:29 |
| 3087 || -14.1462843918639 || 2016-01-20 20:48:02 |
| 3088 || 17.3737752512762 || 2013-11-22 13:09:15 |
| 3089 || -0.243224781012655 || 2011-02-17 21:15:42 |
| 3090 || 21.6563807058491 || 2018-01-19 16:07:56 |
| 3091 || 18.3500259446015 || 2016-09-04 19:50:09 |
| 3092 || 52.3697061993374 || 2015-07-10 23:03:17 |
| 3093 || -0.0455217997904633 || 2012-09-11 18:12:56 |
| 3094 || -0.0275014874425715 || 2017-06-12 07:01:28 |
| 3095 || 3.1659690964888 || 2013-01-13 06:51:25 |
| 3096 || 20.0341439583473 || 2013-08-12 19:21:44 |
| 3097 || -13.0493395575441 || 2014-12-16 07:12:34 |
| 3098 || -9.84015312390023 || 2015-02-13 15:02:41 |
| 3099 || 0.019804607776247 || 2016-12-06 04:10:55 |
| 3100 || 19.8195117455498 || 2010-08-07 17:52:14 |
| 3101 || -11.3438951045571 || 2016-11-23 19:25:14 |
| 3102 || 13.0922156178186 || 2018-08-08 23:40:02 |
| 3103 || 34.1013342695849 || 2019-04-12 13:47:57 |
| 3104 || -0.0259621585925671 || 2011-12-08 08:17:11 |
| 3105 || -3.35083850739638 || 2015-11-01 00:31:51 |
| 3106 || 1.93123293045956 || 2010-04-20 13:26:45 |
| 3107 || 86.0795902038455 || 2012-08-23 23:10:25 |
| 3108 || 13.1278163227401 || 2011-09-01 06:58:17 |
| 3109 || 0.918927460494854 || 2013-03-21 05:09:39 |
| 3110 || -4.32002715490647 || 2017-01-06 02:15:39 |
| 3111 || 20.379273204081 || 2019-05-25 12:59:36 |
| 3112 || 12.3758390128821 || 2011-08-22 03:52:29 |
| 3113 || 4.51341368576953 || 2013-02-22 02:45:48 |
| 3114 || -0.672231588101227 || 2010-03-07 04:37:57 |
| 3115 || 14.888230802696 || 2010-01-12 21:11:46 |
| 3116 || 32.1183520628644 || 2011-11-06 08:37:49 |
| 3117 || 69.9672233770168 || 2017-07-15 20:28:33 |
| 3118 || 45.8955748301082 || 2018-06-21 04:33:25 |
| 3119 || 0.525570813428715 || 2012-09-21 11:45:43 |
| 3120 || 10.1412059690378 || 2017-02-27 08:16:26 |
| 3121 || 54.9787623414873 || 2016-07-15 01:41:01 |
| 3122 || 5.83710321320923 || 2018-11-21 06:36:11 |
| 3123 || 16.9880512115107 || 2018-03-21 15:19:02 |
| 3124 || 1.10568795767495 || 2014-07-04 21:29:11 |
| 3125 || -2.58882850059676 || 2019-09-13 22:12:51 |
| 3126 || 48.7738671933407 || 2013-08-07 12:21:10 |
| 3127 || -29.9430758969065 || 2016-08-13 12:18:40 |
| 3128 || 48.5859157475496 || 2012-06-22 22:57:45 |
| 3129 || 9.5439473807454 || 2014-01-09 22:31:29 |
| 3130 || -0.107702336988746 || 2014-11-02 19:24:58 |
| 3131 || -7.65784371421857 || 2011-07-06 23:26:08 |
| 3132 || 88.8343055432757 || 2010-06-21 09:08:16 |
| 3133 || 64.337334476067 || 2011-09-14 17:01:30 |
| 3134 || 14.9495345911985 || 2012-07-23 04:13:47 |
| 3135 || 2.75555252250528 || 2010-10-02 13:05:20 |
| 3136 || -14.0801992477153 || 2012-05-17 04:48:19 |
| 3137 || 87.3806555025138 || 2010-10-08 15:22:33 |
| 3138 || 0.311265386540717 || 2018-04-10 21:39:05 |
| 3139 || 13.8918968881816 || 2011-03-06 08:09:46 |
| 3140 || -0.298700077709224 || 2019-06-17 00:04:25 |
| 3141 || -7.5002390536715 || 2015-04-19 18:46:00 |
| 3142 || -24.2101911869816 || 2015-11-16 10:16:55 |
| 3143 || 13.8548104557814 || 2018-11-05 09:11:30 |
| 3144 || 5.25335529142404 || 2014-10-04 16:42:14 |
| 3145 || 0.259223206437654 || 2014-09-12 09:49:22 |
| 3146 || 24.624637729183 || 2012-04-25 12:47:46 |
| 3147 || -5.18465224887593 || 2014-05-08 06:27:02 |
| 3148 || -13.4771098533699 || 2017-05-13 11:38:36 |
| 3149 || -9.18772772962779 || 2012-04-10 19:06:39 |
| 3150 || 0.00149743409808759 || 2010-08-12 12:45:58 |
| 3151 || 21.8569200687324 || 2016-04-07 00:58:26 |
| 3152 || 5.45994472131147 || 2012-10-18 15:56:49 |
| 3153 || -18.5240934706796 || 2018-01-24 17:12:49 |
| 3154 || 31.7226402738296 || 2019-11-10 20:01:56 |
| 3155 || 0.373440180085254 || 2015-10-12 23:47:22 |
| 3156 || 21.7772605859495 || 2014-06-22 00:25:29 |
| 3157 || 25.1096650373138 || 2013-03-02 01:53:52 |
| 3158 || -23.4472554532158 || 2016-09-07 19:18:12 |
| 3159 || -2.54382224246089 || 2018-04-17 19:25:20 |
| 3160 || 0.616319556530824 || 2013-02-19 08:35:43 |
| 3161 || 5.64808038914698 || 2011-04-01 18:48:12 |
| 3162 || -13.676922102183 || 2015-10-22 02:28:03 |
| 3163 || 60.7917963625095 || 2019-03-26 11:22:02 |
| 3164 || -12.6552897097599 || 2015-08-11 19:07:02 |
| 3165 || -0.3819581029965 || 2011-03-20 05:39:18 |
| 3166 || 3.76923417681429 || 2018-06-15 18:10:16 |
| 3167 || 33.2583046767907 || 2010-10-11 00:17:57 |
| 3168 || 68.5695371085281 || 2011-03-23 08:07:42 |
| 3169 || 48.5598133945196 || 2017-05-18 21:28:08 |
| 3170 || 2.72174427264257 || 2018-08-19 04:59:30 |
| 3171 || 3.86096184361817 || 2014-10-21 16:22:59 |
| 3172 || -10.3401042087821 || 2013-12-12 08:29:40 |
| 3173 || 89.0460399131699 || 2013-09-21 03:49:13 |
| 3174 || -19.0197422219241 || 2014-06-15 20:49:05 |
| 3175 || -2.63440282119427 || 2018-12-14 17:54:32 |
| 3176 || 8.35894491879651 || 2014-07-08 12:57:39 |
| 3177 || 57.2818196576134 || 2014-03-25 10:16:15 |
| 3178 || -21.4112612864469 || 2015-11-19 01:59:51 |
| 3179 || -15.5350800669447 || 2010-05-10 10:53:36 |
| 3180 || 11.2242982217191 || 2014-09-13 10:53:04 |
| 3181 || 5.47197172822497 || 2017-01-01 06:08:02 |
| 3182 || 36.526627132248 || 2017-10-01 01:08:59 |
| 3183 || -22.5959245862935 || 2016-08-23 10:27:55 |
| 3184 || 66.5614451446669 || 2011-09-02 08:32:36 |
| 3185 || -4.26557323650907 || 2017-02-14 14:57:46 |
| 3186 || -0.50480528544506 || 2019-08-24 15:58:10 |
| 3187 || 6.55129963557609 || 2017-03-11 03:59:37 |
| 3188 || -21.5858641627284 || 2019-06-13 09:16:44 |
| 3189 || 27.592912074117 || 2017-04-02 07:20:07 |
| 3190 || -5.85426496477894 || 2013-02-24 17:39:53 |
| 3191 || -0.27158347755509 || 2019-09-14 03:44:25 |
| 3192 || 25.0626289578349 || 2015-08-17 09:24:06 |
| 3193 || 11.9463415699716 || 2019-01-01 00:41:01 |
| 3194 || -13.2825824727326 || 2019-11-19 03:45:08 |
| 3195 || 0.657870759997427 || 2016-12-05 19:16:31 |
| 3196 || 0.380514114390975 || 2019-02-04 08:03:24 |
| 3197 || -11.3925228776831 || 2011-07-24 22:09:22 |
| 3198 || 64.3141684335561 || 2017-05-24 07:44:19 |
| 3199 || 79.6472872564489 || 2012-03-03 10:49:30 |
| 3200 || -8.7609948550117 || 2017-05-05 11:45:15 |
| 3201 || 0.00457620688776548 || 2017-03-25 17:46:45 |
| 3202 || 30.0395914700368 || 2012-03-21 03:50:17 |
| 3203 || -24.4312661589507 || 2019-08-02 01:39:19 |
| 3204 || 53.6931624696543 || 2019-02-17 05:31:23 |
| 3205 || 33.5818922592354 || 2013-10-25 23:56:42 |
| 3206 || 0.110495976634058 || 2017-12-08 10:18:40 |
| 3207 || 1.05547135680493 || 2015-01-09 00:20:18 |
| 3208 || 61.3898439923253 || 2012-11-07 02:22:17 |
| 3209 || 21.13618706735 || 2019-10-10 09:24:01 |
| 3210 || -12.1754978208079 || 2015-10-27 14:33:19 |
| 3211 || 1.09494899602487 || 2017-07-12 20:54:05 |
| 3212 || 19.5155732945539 || 2016-03-25 15:43:38 |
| 3213 || 68.8861318336099 || 2011-07-08 06:23:02 |
| 3214 || 26.6424499420359 || 2017-08-10 00:46:36 |
| 3215 || -11.741245517893 || 2011-03-03 00:52:18 |
| 3216 || 0.0420677581735832 || 2012-12-07 20:09:11 |
| 3217 || 8.10175572448962 || 2016-07-08 16:53:36 |
| 3218 || 42.3033829063415 || 2018-12-25 12:50:48 |
| 3219 || -1.86134847431983 || 2013-07-14 11:55:18 |
| 3220 || 22.189228373265 || 2015-04-02 02:30:03 |
| 3221 || 4.55450031048452 || 2018-02-11 17:20:23 |
| 3222 || -3.97593358961997 || 2014-09-19 15:18:36 |
| 3223 || -13.6010236771433 || 2019-01-14 10:28:15 |
| 3224 || 86.7092229401251 || 2010-07-23 04:39:44 |
| 3225 || -17.80249765287 || 2018-09-04 07:25:17 |
| 3226 || -0.352754561380089 || 2019-03-10 10:32:17 |
| 3227 || 6.56938214849048 || 2012-07-20 10:42:31 |
| 3228 || 43.7563648430688 || 2017-08-27 01:25:24 |
| 3229 || -28.4239457894127 || 2014-11-21 23:38:23 |
| 3230 || 8.6069020175039 || 2018-11-02 16:20:55 |
| 3231 || 9.30271729387785 || 2017-01-09 09:12:54 |
| 3232 || 4.79622559835251 || 2012-06-26 04:45:39 |
| 3233 || 49.5693478323657 || 2018-08-18 11:02:25 |
| 3234 || -26.704546269503 || 2018-05-04 02:20:01 |
| 3235 || 54.9693973319184 || 2016-07-17 18:55:30 |
| 3236 || 3.98877563251319 || 2014-03-27 04:47:07 |
| 3237 || 1.15914033170071 || 2015-10-15 08:29:33 |
| 3238 || 24.5518139980265 || 2012-01-16 09:30:50 |
| 3239 || 77.0898665734652 || 2011-01-06 07:05:01 |
| 3240 || -23.4379620210453 || 2015-06-01 11:31:43 |
| 3241 || -3.8324989138556 || 2013-11-18 19:50:43 |
| 3242 || 0.300355356804157 || 2014-02-07 09:45:58 |
| 3243 || 33.9774453354025 || 2013-08-17 04:41:56 |
| 3244 || 6.01155408418066 || 2015-03-27 20:58:22 |
| 3245 || -25.0520456332559 || 2019-05-14 00:46:59 |
| 3246 || 23.5436771521963 || 2011-07-24 20:58:59 |
| 3247 || -0.166452252085487 || 2011-08-10 19:10:47 |
| 3248 || -2.46812819480585 || 2016-03-15 15:38:52 |
| 3249 || 65.8745281226097 || 2014-11-14 10:15:49 |
| 3250 || 9.0112154421739 || 2012-06-23 11:09:48 |
| 3251 || 27.1244048535054 || 2014-10-18 18:35:16 |
| 3252 || 0.0043198657995119 || 2015-09-06 12:48:59 |
| 3253 || -3.06108107960915 || 2013-03-16 10:50:26 |
| 3254 || 37.2482447925422 || 2019-02-11 04:24:48 |
| 3255 || -22.3857198512416 || 2019-08-19 13:48:27 |
| 3256 || -10.914313378459 || 2018-11-21 14:35:00 |
| 3257 || -0.00691416298289469 || 2018-02-11 14:14:44 |
| 3258 || 4.72763777529617 || 2019-07-07 08:59:39 |
| 3259 || 40.8832819841996 || 2019-04-14 22:48:41 |
| 3260 || 56.4516381371142 || 2012-11-17 08:32:10 |
| 3261 || 33.507664115633 || 2016-07-15 11:56:43 |
| 3262 || 0.930785806876731 || 2012-10-09 04:30:14 |
| 3263 || 14.9553543488358 || 2010-06-03 17:09:03 |
| 3264 || -15.1411093122034 || 2011-05-13 01:27:39 |
| 3265 || -22.7758257563592 || 2018-02-03 06:30:06 |
| 3266 || -5.73265860423101 || 2010-12-02 20:54:53 |
| 3267 || 1.86390611592374 || 2012-06-22 12:18:10 |
| 3268 || 12.2344743752299 || 2015-03-25 12:47:35 |
| 3269 || 8.92606644778653 || 2010-05-13 12:31:48 |
| 3270 || 26.4928915263558 || 2018-12-25 02:54:42 |
| 3271 || 16.7411023326589 || 2011-04-04 00:35:27 |
| 3272 || 4.26951594762823 || 2018-03-24 04:50:10 |
| 3273 || 10.1099594703819 || 2012-02-26 06:31:01 |
| 3274 || -12.8731498367975 || 2017-12-17 16:15:12 |
| 3275 || -23.1791557152401 || 2016-06-03 05:05:56 |
| 3276 || -8.88416178752185 || 2015-01-18 08:18:00 |
| 3277 || 0.211024778491644 || 2017-05-07 06:12:50 |
| 3278 || 3.83847364884254 || 2019-03-08 14:32:13 |
| 3279 || 55.9692969847928 || 2015-05-05 16:09:06 |
| 3280 || 29.7881647328225 || 2010-06-03 06:26:50 |
| 3281 || -19.1062495293229 || 2013-02-13 09:06:44 |
| 3282 || 10.1867824464491 || 2011-12-10 02:28:17 |
| 3283 || 6.26439219028911 || 2019-09-10 15:23:26 |
| 3284 || 40.8021725089331 || 2012-01-10 11:18:00 |
| 3285 || 66.4167941053482 || 2018-02-02 09:05:44 |
| 3286 || -4.62596945251335 || 2017-02-17 14:09:50 |
| 3287 || 0.972938719310694 || 2011-01-24 15:30:34 |
| 3288 || 0.544579993869846 || 2011-10-03 23:28:36 |
| 3289 || 6.36467700286117 || 2014-11-15 16:38:08 |
| 3290 || 81.7414559858447 || 2016-06-05 03:19:56 |
| 3291 || -0.458915011749304 || 2013-08-21 13:31:43 |
| 3292 || 3.32370035671674 || 2018-08-20 07:45:22 |
| 3293 || 0.17261044623185 || 2016-01-03 05:56:56 |
| 3294 || 4.98276701641419 || 2015-04-10 16:07:38 |
| 3295 || -28.3220557514012 || 2017-05-23 21:07:14 |
| 3296 || 60.7735188572062 || 2014-02-24 12:03:03 |
| 3297 || 3.31454261341446 || 2018-12-23 03:51:17 |
| 3298 || -0.240542202529764 || 2016-03-15 06:47:16 |
| 3299 || 37.6171306297307 || 2017-04-12 04:23:15 |
| 3300 || 33.0897982589569 || 2012-08-25 00:19:50 |
| 3301 || 36.3661135274271 || 2016-04-26 17:53:12 |
| 3302 || 24.5397804562994 || 2017-05-12 02:47:40 |
| 3303 || -0.00959228589418851 || 2011-05-26 21:23:35 |
| 3304 || 21.7281161206859 || 2013-10-12 06:07:00 |
| 3305 || 59.8468156029408 || 2018-09-05 16:03:31 |
| 3306 || 75.8864800621295 || 2011-01-18 21:41:38 |
| 3307 || 28.8709861736037 || 2019-11-14 07:17:37 |
| 3308 || 0.0782971976173924 || 2019-06-17 16:02:17 |
| 3309 || 17.2611778677567 || 2010-01-20 22:06:08 |
| 3310 || 77.6952789131349 || 2017-09-24 05:43:50 |
| 3311 || 81.0608276999242 || 2018-10-22 16:48:44 |
| 3312 || 34.2372757333952 || 2018-01-18 11:28:16 |
| 3313 || 0.692676154637764 || 2017-04-19 08:56:09 |
| 3314 || 0.869249461049176 || 2010-12-21 01:01:12 |
| 3315 || 49.823793803828 || 2013-08-05 05:00:37 |
| 3316 || 44.0457754927481 || 2010-09-27 07:43:59 |
| 3317 || -13.1822085703059 || 2018-09-25 19:06:42 |
| 3318 || 1.79458511159921 || 2012-02-08 07:06:31 |
| 3319 || -6.02925486606486 || 2016-11-20 16:19:15 |
| 3320 || 63.9818601749627 || 2016-08-24 21:55:31 |
| 3321 || 86.542464227307 || 2017-11-01 10:28:12 |
| 3322 || 29.0095919493662 || 2013-07-14 18:52:50 |
| 3323 || -0.215485739886977 || 2012-03-14 10:11:48 |
| 3324 || 13.9112156790685 || 2016-01-01 04:20:42 |
| 3325 || 63.8405784691692 || 2017-06-27 00:37:14 |
| 3326 || -28.9016481041166 || 2013-01-08 10:24:43 |
| 3327 || -12.4222435350099 || 2010-01-19 02:09:00 |
| 3328 || 5.76850357502581 || 2018-03-22 03:05:58 |
| 3329 || 4.91998043396838 || 2014-11-17 07:40:18 |
| 3330 || 7.8075619345352 || 2011-07-17 19:19:26 |
| 3331 || -19.5080640169335 || 2014-04-27 06:57:01 |
| 3332 || -8.07159063809789 || 2013-07-09 10:56:34 |
| 3333 || 9.59809241119988 || 2013-07-06 02:10:45 |
| 3334 || 6.14188011642163 || 2010-11-25 09:20:53 |
| 3335 || 0.0248022041761224 || 2014-04-21 20:13:57 |
| 3336 || 89.1964101457498 || 2012-09-09 08:40:22 |
| 3337 || -21.3363199427781 || 2012-06-10 09:27:48 |
| 3338 || 4.85075688604313 || 2012-04-07 08:50:37 |
| 3339 || -1.30959873696714 || 2016-05-05 20:32:34 |
| 3340 || -9.44835356907365 || 2012-02-14 13:49:12 |
| 3341 || 83.5112319663022 || 2012-08-08 21:34:32 |
| 3342 || -9.0546570335605 || 2010-07-26 03:40:16 |
| 3343 || 0.152399055192335 || 2018-07-02 18:01:09 |
| 3344 || 0.14842303543566 || 2011-08-07 05:11:33 |
| 3345 || 31.653958199879 || 2019-04-07 18:42:05 |
| 3346 || 73.9879426998255 || 2013-01-03 08:11:20 |
| 3347 || -24.4934284647531 || 2011-02-06 16:56:48 |
| 3348 || -5.83219868313259 || 2016-06-03 06:29:20 |
| 3349 || -0.229643768885445 || 2018-05-12 16:35:24 |
| 3350 || -11.8596054489904 || 2016-11-24 08:14:23 |
| 3351 || 37.3610037034071 || 2013-05-26 21:43:56 |
| 3352 || -18.6341067677207 || 2012-06-12 04:34:10 |
| 3353 || 11.3780980705018 || 2010-03-22 06:04:29 |
| 3354 || -0.0266529014056805 || 2017-05-27 06:36:01 |
| 3355 || 4.70412735553081 || 2019-02-20 11:07:24 |
| 3356 || 77.8688145144915 || 2011-04-21 03:33:04 |
| 3357 || -2.98262077075089 || 2017-08-24 10:19:44 |
| 3358 || 13.9084812067643 || 2019-11-04 23:45:23 |
| 3359 || -0.00551889461268278 || 2010-04-27 18:32:38 |
| 3360 || -3.19000528379752 || 2018-01-25 07:00:52 |
| 3361 || -25.7515327475574 || 2014-12-21 03:57:55 |
| 3362 || 57.3633078193921 || 2016-02-20 10:06:29 |
| 3363 || 3.94480154065682 || 2012-03-22 11:55:02 |
| 3364 || -0.113492264696629 || 2010-11-09 17:39:09 |
| 3365 || 15.512173567941 || 2013-12-10 11:17:37 |
| 3366 || 47.0907457671931 || 2016-11-04 01:25:10 |
| 3367 || 14.4057299588347 || 2013-04-02 07:39:50 |
| 3368 || -10.2489574487035 || 2013-11-06 03:09:07 |
| 3369 || -0.439927141861257 || 2013-07-18 15:26:12 |
| 3370 || 15.7196290132538 || 2015-03-06 11:43:27 |
| 3371 || 4.29622355780357 || 2016-08-23 15:37:30 |
| 3372 || -18.8205962487505 || 2019-01-27 05:49:58 |
| 3373 || 4.14692118135096 || 2012-12-26 18:54:06 |
| 3374 || 2.49160400583806 || 2013-10-19 03:28:05 |
| 3375 || 9.64996099396104 || 2012-03-11 10:58:00 |
| 3376 || 30.106559007122 || 2017-06-24 09:32:53 |
| 3377 || -12.6295780109275 || 2014-02-27 08:26:41 |
| 3378 || 7.06487724273185 || 2013-08-02 14:15:43 |
| 3379 || 4.50792272644969 || 2014-07-04 18:16:53 |
| 3380 || 2.75899234172968 || 2011-10-20 17:57:54 |
| 3381 || 59.2862488281419 || 2018-11-10 06:32:07 |
| 3382 || 69.6036479817497 || 2013-10-01 05:15:16 |
| 3383 || 33.7948044474698 || 2012-12-10 23:21:55 |
| 3384 || 8.82531915531809 || 2015-11-18 02:38:52 |
| 3385 || 4.3393062400433 || 2011-12-26 01:28:25 |
| 3386 || -2.04335140702948 || 2014-02-15 20:04:17 |
| 3387 || -1.75591533103589 || 2015-11-08 13:28:24 |
| 3388 || 63.5515687874177 || 2015-11-14 08:52:31 |
| 3389 || 5.83888524107539 || 2013-08-02 11:07:56 |
| 3390 || -1.55941013855013 || 2014-07-21 15:32:51 |
| 3391 || 39.6831087070654 || 2016-12-20 23:19:42 |
| 3392 || 44.1529855691607 || 2015-09-20 15:58:36 |
| 3393 || -17.6385786674373 || 2013-08-19 14:48:45 |
| 3394 || 5.27772639483202 || 2015-10-10 04:35:16 |
| 3395 || 1.31145514655646 || 2016-01-17 06:45:19 |
| 3396 || -7.59842937411714 || 2017-11-18 18:17:34 |
| 3397 || -0.173503238376227 || 2019-08-23 05:29:11 |
| 3398 || -23.7396385688893 || 2011-01-06 09:46:30 |
| 3399 || 20.7770153762948 || 2014-08-10 21:35:27 |
| 3400 || -0.241302685190292 || 2016-03-19 13:37:24 |
| 3401 || -9.50958094980645 || 2013-02-10 13:23:10 |
| 3402 || 82.7517608842518 || 2010-10-02 03:45:43 |
| 3403 || 7.96540964298988 || 2015-01-21 12:21:18 |
| 3404 || 0.847838824342828 || 2017-11-08 09:44:23 |
| 3405 || -0.0474591312785262 || 2016-03-16 02:49:12 |
| 3406 || -7.5984046111369 || 2013-03-05 16:23:33 |
| 3407 || -3.43417133852258 || 2016-08-23 19:43:00 |
| 3408 || 51.5858969078832 || 2017-12-16 19:53:22 |
| 3409 || 5.03778042203673 || 2015-03-03 05:23:49 |
| 3410 || 0.00279786189234068 || 2013-10-13 23:24:35 |
| 3411 || 1.15301996605006 || 2014-06-20 14:28:27 |
| 3412 || -26.0644972220284 || 2014-12-19 01:28:28 |
| 3413 || 49.5901434667492 || 2010-03-25 14:06:35 |
| 3414 || -2.0477052625141 || 2015-06-17 16:02:50 |
| 3415 || 0.146411287751869 || 2013-12-27 01:07:16 |
| 3416 || 23.9751353746735 || 2014-10-13 03:19:39 |
| 3417 || 46.3521469713411 || 2016-12-02 17:35:11 |
| 3418 || -21.6755307911601 || 2019-06-11 10:53:23 |
| 3419 || -11.2909702377032 || 2012-02-17 08:12:55 |
| 3420 || 1.0117998082046 || 2014-07-06 00:37:24 |
| 3421 || 7.25317586441711 || 2012-07-12 21:07:01 |
| 3422 || -23.7674470214498 || 2013-02-22 11:23:19 |
| 3423 || 51.3307338744394 || 2011-12-25 14:24:02 |
| 3424 || -10.0113274998718 || 2013-06-05 01:33:55 |
| 3425 || 2.25866785642599 || 2012-03-21 02:45:32 |
| 3426 || 6.44664263234694 || 2018-06-23 13:58:01 |
| 3427 || -5.73963084666637 || 2013-02-25 01:12:37 |
| 3428 || 82.208694345632 || 2017-12-22 08:24:46 |
| 3429 || 49.5187688652203 || 2011-06-11 08:43:48 |
| 3430 || 3.84292557625774 || 2014-08-25 08:57:15 |
| 3431 || 1.6779467120165 || 2015-03-09 22:26:35 |
| 3432 || 0.690011486219045 || 2013-12-15 01:46:32 |
| 3433 || 86.2651249795462 || 2012-12-20 07:45:15 |
| 3434 || -8.34066454683036 || 2014-02-02 10:41:54 |
| 3435 || 4.36765601225663 || 2012-09-04 17:32:04 |
| 3436 || 7.99831995327513 || 2012-03-19 09:28:07 |
| 3437 || -9.3516589547592 || 2016-12-04 17:21:13 |
| 3438 || -5.56386249751103 || 2015-09-07 08:45:33 |
| 3439 || -16.8156989640618 || 2010-12-09 11:24:14 |
| 3440 || 1.66614838158017 || 2010-07-17 13:27:32 |
| 3441 || -1.76181960829366 || 2018-12-04 01:41:43 |
| 3442 || 22.1213334620567 || 2017-05-12 05:43:41 |
| 3443 || 65.4736224943928 || 2012-03-14 15:27:13 |
| 3444 || 64.210566262405 || 2013-03-22 14:19:51 |
| 3445 || 1.12786046824642 || 2010-08-10 03:50:46 |
| 3446 || 0.80389356683448 || 2017-08-18 09:47:23 |
| 3447 || 31.4944062986011 || 2011-01-27 14:27:53 |
| 3448 || 60.6531783782482 || 2014-05-07 20:08:25 |
| 3449 || -18.2663159079255 || 2018-12-22 18:07:35 |
| 3450 || 10.6025114429722 || 2019-07-04 10:05:04 |
| 3451 || 1.39673985137814 || 2012-08-26 21:11:23 |
| 3452 || -12.4086869846973 || 2017-05-02 14:40:48 |
| 3453 || -8.37997532351126 || 2012-09-04 00:05:41 |
| 3454 || 46.8316919381185 || 2018-06-06 10:50:58 |
| 3455 || -2.46601208152808 || 2019-10-25 02:25:38 |
| 3456 || -0.114162767679124 || 2019-08-26 12:17:08 |
| 3457 || -1.14201905562025 || 2018-11-20 08:54:52 |
| 3458 || 4.88475082698252 || 2019-06-07 02:14:28 |
| 3459 || 24.5315736753302 || 2019-05-03 14:19:35 |
| 3460 || 18.5547236465051 || 2019-03-24 02:07:30 |
| 3461 || 0.00138427277852418 || 2011-10-25 05:02:45 |
| 3462 || 28.2255373178181 || 2019-04-15 01:49:45 |
| 3463 || 50.217325254575 || 2014-07-27 03:47:30 |
| 3464 || 32.9277428577029 || 2015-12-06 05:01:55 |
| 3465 || 9.79313814998032 || 2012-09-06 20:14:38 |
| 3466 || 0.22757082314765 || 2016-08-25 06:32:38 |
| 3467 || -7.63167040559794 || 2012-05-02 08:26:24 |
| 3468 || 51.9442090090276 || 2019-01-11 01:04:16 |
| 3469 || -23.2006317861378 || 2015-11-23 01:33:12 |
| 3470 || 1.86138012775697 || 2011-04-15 11:11:18 |
| 3471 || 0.616566982317156 || 2018-11-02 02:36:58 |
| 3472 || 10.0974024364904 || 2013-01-27 18:25:21 |
| 3473 || 19.0444380638574 || 2011-04-11 02:20:44 |
| 3474 || 72.4915183540838 || 2013-08-25 19:10:44 |
| 3475 || -0.0816376056258909 || 2012-10-08 06:00:29 |
| 3476 || 2.55425736823917 || 2015-07-01 13:27:35 |
| 3477 || 10.5596437483268 || 2011-06-22 23:11:14 |
| 3478 || -5.9954121807071 || 2014-01-12 14:35:22 |
| 3479 || -0.903507183361362 || 2015-09-23 07:20:17 |
| 3480 || 25.8656076434874 || 2016-11-11 16:23:24 |
| 3481 || -1.47276697943551 || 2015-02-06 20:10:14 |
| 3482 || 3.16660909523742 || 2013-06-08 12:42:23 |
| 3483 || -1.94948463959484 || 2015-03-27 00:21:33 |
| 3484 || 56.8908900633358 || 2019-06-23 04:24:41 |
| 3485 || 55.7794536991071 || 2017-03-06 18:51:56 |
| 3486 || -1.99925823302977 || 2013-10-12 00:12:45 |
| 3487 || 2.42786123561 || 2012-05-27 21:09:58 |
| 3488 || 57.1269316255155 || 2013-12-05 17:30:58 |
| 3489 || 79.0594428328753 || 2018-12-22 05:39:46 |
| 3490 || 4.60137042497269 || 2016-06-05 07:35:15 |
| 3491 || 9.60754074257835 || 2012-11-16 15:40:27 |
| 3492 || -0.0620204676704853 || 2016-02-25 03:11:58 |
| 3493 || 33.2705573272564 || 2012-09-05 07:32:49 |
| 3494 || -27.6944416525249 || 2017-06-18 18:35:16 |
| 3495 || -10.7103746528643 || 2015-11-19 02:17:07 |
| 3496 || -1.79347199267127 || 2019-05-07 18:11:13 |
| 3497 || 2.0980393705681 || 2014-12-02 20:21:13 |
| 3498 || 26.9790857513516 || 2018-06-14 11:50:25 |
| 3499 || 53.8931570669726 || 2014-10-26 17:50:43 |
| 3500 || 29.4813371566597 || 2010-02-01 00:40:27 |
| 3501 || 19.1612582249663 || 2014-07-08 05:52:18 |
| 3502 || 1.08278139972911 || 2012-02-17 22:59:13 |
| 3503 || 41.9513944324599 || 2013-10-11 14:42:34 |
| 3504 || 84.5532653855588 || 2013-01-03 13:03:52 |
| 3505 || 59.987002414637 || 2017-07-11 20:18:30 |
| 3506 || -3.98544433784435 || 2010-03-25 06:41:57 |
| 3507 || 0.18328082191891 || 2014-02-17 05:24:52 |
| 3508 || 35.524578129093 || 2013-06-09 02:55:05 |
| 3509 || -24.5362244460028 || 2017-07-19 06:44:44 |
| 3510 || -24.8285508606075 || 2017-06-16 09:43:54 |
| 3511 || 2.78894540725217 || 2015-08-10 02:26:35 |
| 3512 || 0.0113265613370244 || 2016-06-18 19:48:08 |
| 3513 || -9.62611953787076 || 2018-03-10 14:38:59 |
| 3514 || -13.6290998393536 || 2018-07-09 10:55:45 |
| 3515 || 81.6113922257203 || 2011-12-12 01:04:31 |
| 3516 || -6.41265123265464 || 2012-02-26 20:20:52 |
| 3517 || 0.177550010247851 || 2010-01-14 23:20:17 |
| 3518 || 12.4160819798649 || 2015-03-10 13:56:28 |
| 3519 || 7.2283479726661 || 2010-08-19 08:46:41 |
| 3520 || 83.9373930547472 || 2019-01-19 10:00:51 |
| 3521 || 35.3207072358913 || 2017-12-17 21:28:54 |
| 3522 || 0.80798820517184 || 2010-05-20 01:10:37 |
| 3523 || -7.15999908433978 || 2013-05-01 05:39:49 |
| 3524 || -24.2704459206132 || 2015-06-18 19:23:40 |
| 3525 || 87.0097880198406 || 2013-11-14 14:07:19 |
| 3526 || 18.9276912267212 || 2011-10-08 17:36:53 |
| 3527 || 0.0490769082806336 || 2012-01-05 14:15:36 |
| 3528 || -4.68816900686881 || 2010-07-12 10:13:50 |
| 3529 || 52.7123646264138 || 2013-10-23 12:48:19 |
| 3530 || -15.0843981357816 || 2017-01-09 18:24:48 |
| 3531 || -16.5066942921931 || 2017-07-22 00:45:35 |
| 3532 || -0.493023066074618 || 2012-01-21 23:30:11 |
| 3533 || 0.419565920486527 || 2018-03-01 20:16:31 |
| 3534 || -17.7576017592184 || 2013-08-16 04:46:51 |
| 3535 || 83.5324634726154 || 2019-08-20 02:14:32 |
| 3536 || 10.9310444952066 || 2010-06-27 07:22:47 |
| 3537 || -1.38798920209144 || 2019-09-11 14:35:44 |
| 3538 || 7.66576670364224 || 2016-08-22 07:31:13 |
| 3539 || -15.0799302978126 || 2017-03-23 17:43:24 |
| 3540 || 12.7071054097349 || 2011-09-06 19:21:57 |
| 3541 || -11.5914338099543 || 2011-01-02 02:39:58 |
| 3542 || -3.38640833082926 || 2015-01-02 09:33:21 |
| 3543 || 3.65668146442454 || 2014-03-07 22:50:22 |
| 3544 || 36.0092495698617 || 2011-05-23 21:23:28 |
| 3545 || 2.78456001376206 || 2017-03-03 18:49:35 |
| 3546 || 47.4547838383197 || 2019-10-22 13:48:19 |
| 3547 || -4.71461306742522 || 2016-02-19 03:56:46 |
| 3548 || 3.56964773326209 || 2014-03-15 23:00:45 |
| 3549 || -2.73515616518288 || 2010-10-17 01:08:52 |
| 3550 || 15.2416794723167 || 2016-06-11 23:33:17 |
| 3551 || 48.1753555256343 || 2015-04-18 00:43:44 |
| 3552 || 4.55298265148735 || 2015-05-22 18:48:10 |
| 3553 || -0.56307419693322 || 2019-11-15 05:48:33 |
| 3554 || -14.2810927685362 || 2014-11-02 19:34:43 |
| 3555 || 42.9160898474756 || 2019-08-20 13:51:32 |
| 3556 || 27.4072110731962 || 2012-02-06 01:40:27 |
| 3557 || -6.57129700358504 || 2015-05-12 14:53:15 |
| 3558 || 0.628869610830352 || 2017-03-18 15:15:02 |
| 3559 || 5.02185274895599 || 2012-12-17 21:22:07 |
| 3560 || 49.9080776410376 || 2015-04-26 03:09:38 |
| 3561 || 21.8410256967541 || 2013-05-08 21:43:20 |
| 3562 || -2.95445858323333 || 2016-03-18 10:01:39 |
| 3563 || 0.00361391399480719 || 2012-08-04 18:14:48 |
| 3564 || 3.90651777692192 || 2013-09-03 13:26:37 |
| 3565 || 21.8539527541781 || 2017-05-11 13:43:30 |
| 3566 || -7.91933570518516 || 2011-06-25 00:36:51 |
| 3567 || -10.7412761187208 || 2012-10-18 04:35:40 |
| 3568 || 0.101626789089876 || 2019-05-11 05:13:40 |
| 3569 || 22.8004757393759 || 2018-08-07 17:09:45 |
| 3570 || 9.79375723409115 || 2011-12-08 06:09:36 |
| 3571 || 84.3003168954472 || 2014-09-06 23:57:50 |
| 3572 || 38.1382795017659 || 2011-06-04 20:08:06 |
| 3573 || 0.409187966532922 || 2016-08-23 01:44:48 |
| 3574 || 19.7351757334222 || 2019-03-23 22:08:28 |
| 3575 || -24.2532341345678 || 2015-01-25 01:20:24 |
| 3576 || -28.9763997413 || 2010-08-24 18:31:14 |
| 3577 || -11.581889760344 || 2013-10-11 13:29:20 |
| 3578 || 0.198005047645604 || 2010-08-17 19:25:39 |
| 3579 || 4.09732540571241 || 2011-01-01 08:53:56 |
| 3580 || 62.3993794442252 || 2013-08-02 07:10:35 |
| 3581 || -28.2109881308304 || 2010-01-13 14:05:04 |
| 3582 || -5.20568291745091 || 2013-10-15 19:11:26 |
| 3583 || 2.21495523810132 || 2018-05-13 21:33:57 |
| 3584 || 13.3503732987831 || 2012-05-05 07:21:45 |
| 3585 || 17.6491777157481 || 2010-10-26 17:43:57 |
| 3586 || 70.1834929113976 || 2019-07-25 08:20:34 |
| 3587 || -4.95359558171703 || 2017-04-21 15:11:28 |
| 3588 || 3.79105744165871 || 2017-11-08 12:35:24 |
| 3589 || 7.64435806237149 || 2017-02-07 13:14:01 |
| 3590 || 43.4022777239717 || 2015-11-10 21:16:21 |
| 3591 || 14.4896246735193 || 2013-01-25 23:47:53 |
| 3592 || 56.2686780661864 || 2014-07-20 12:31:27 |
| 3593 || 4.36480768284285 || 2015-09-01 05:49:41 |
| 3594 || -1.76203951811521 || 2015-04-24 21:10:37 |
| 3595 || 17.8896828032372 || 2010-09-09 09:08:13 |
| 3596 || -26.1849352036987 || 2016-12-14 01:58:11 |
| 3597 || 55.0932448670474 || 2018-05-27 04:44:03 |
| 3598 || 0.816014382510609 || 2014-10-15 21:20:04 |
| 3599 || -1.15681722638221 || 2019-01-16 10:35:49 |
| 3600 || 49.4775455489349 || 2018-05-17 03:32:34 |
| 3601 || 53.1560862439961 || 2019-11-15 01:01:41 |
| 3602 || -22.1966000291455 || 2017-11-19 13:13:28 |
| 3603 || 2.24291626413307 || 2012-03-01 19:52:20 |
| 3604 || 2.26291617887566 || 2013-06-06 07:47:21 |
| 3605 || -10.0185918624469 || 2017-09-02 03:10:15 |
| 3606 || 77.7693638490314 || 2017-07-21 11:06:23 |
| 3607 || 21.8748151201746 || 2013-04-14 14:05:51 |
| 3608 || -3.85361406731248 || 2016-12-02 23:48:36 |
| 3609 || 0.12809085702759 || 2019-08-18 05:59:51 |
| 3610 || 13.4155948697209 || 2019-05-12 11:50:11 |
| 3611 || 84.8471272849426 || 2015-07-03 19:42:45 |
| 3612 || -25.4441777230082 || 2010-05-20 00:53:15 |
| 3613 || -1.85112111218361 || 2017-01-12 16:51:38 |
| 3614 || 0.114140772005271 || 2019-11-07 01:52:57 |
| 3615 || 15.3227878388643 || 2018-02-12 11:25:18 |
| 3616 || 66.4167120176407 || 2014-07-01 08:54:27 |
| 3617 || 69.9559338578402 || 2019-04-11 21:43:22 |
| 3618 || 23.9210706152913 || 2018-07-09 15:03:50 |
| 3619 || 0.00811342241721592 || 2013-09-14 13:40:58 |
| 3620 || 15.5738726263372 || 2016-12-15 01:00:47 |
| 3621 || 1.56781263441966 || 2015-06-27 05:22:49 |
| 3622 || 10.902215213473 || 2013-11-09 07:59:18 |
| 3623 || -8.16987093923964 || 2013-04-25 23:12:34 |
| 3624 || 0.488455027888991 || 2013-11-14 04:30:18 |
| 3625 || 22.6847437664455 || 2011-01-01 18:25:40 |
| 3626 || 69.8864657618916 || 2014-09-13 11:55:20 |
| 3627 || 86.5691790106083 || 2016-03-18 23:56:37 |
| 3628 || 38.7171578315687 || 2010-06-08 13:46:28 |
| 3629 || 0.9741531066213 || 2016-11-12 20:11:22 |
| 3630 || 12.5220231379074 || 2019-09-17 00:02:25 |
| 3631 || -8.94540953812774 || 2010-01-25 07:51:25 |
| 3632 || 24.0011288224397 || 2019-02-14 11:00:20 |
| 3633 || 41.7132812957941 || 2016-11-26 04:19:38 |
| 3634 || 2.71377026032991 || 2014-10-24 07:06:31 |
| 3635 || -4.48178551983167 || 2015-11-16 03:26:32 |
| 3636 || 20.4605510537816 || 2014-03-04 06:53:48 |
| 3637 || 87.30737726415 || 2011-10-07 01:34:11 |
| 3638 || -17.407518363378 || 2017-12-22 03:08:11 |
| 3639 || -0.363112833718322 || 2015-09-15 19:36:24 |
| 3640 || 10.6181992768097 || 2013-11-09 21:23:08 |
| 3641 || 32.9651206152933 || 2017-01-20 13:53:35 |
| 3642 || -25.5147341465504 || 2015-03-17 00:02:57 |
| 3643 || -19.3344030075588 || 2015-11-04 18:05:40 |
| 3644 || -2.91764152214442 || 2011-12-05 05:09:20 |
| 3645 || 7.12624220288412 || 2014-08-09 21:21:42 |
| 3646 || -7.57604970682665 || 2018-10-17 07:15:17 |
| 3647 || 13.2436257872673 || 2015-08-13 13:27:50 |
| 3648 || 51.5846925425119 || 2018-06-23 12:52:55 |
| 3649 || 4.61660804238347 || 2015-07-24 05:15:37 |
| 3650 || -1.31585180389489 || 2012-04-14 15:15:30 |
| 3651 || -4.1350227154927 || 2015-12-13 18:33:01 |
| 3652 || 88.0175176234027 || 2011-06-26 08:46:35 |
| 3653 || 41.9659468709645 || 2015-03-19 08:14:57 |
| 3654 || 12.8676348947079 || 2011-04-10 05:14:54 |
| 3655 || 0.0468074939158611 || 2017-11-05 06:00:18 |
| 3656 || 44.0064539058452 || 2016-02-11 14:34:03 |
| 3657 || 85.8039951626101 || 2014-12-22 23:11:25 |
| 3658 || -14.3431782219198 || 2014-02-12 16:06:41 |
| 3659 || 21.1394739296174 || 2014-02-23 07:08:52 |
| 3660 || 1.06866190011703 || 2014-06-05 20:06:12 |
| 3661 || 13.781167955459 || 2010-01-23 02:50:05 |
| 3662 || -15.3439743438831 || 2011-11-26 21:14:04 |
| 3663 || 49.6174162447783 || 2013-05-05 22:27:03 |
| 3664 || 18.8029359112949 || 2015-04-22 05:12:24 |
| 3665 || 0.0161237319740375 || 2014-08-07 18:57:40 |
| 3666 || 14.0985690949991 || 2013-10-13 01:25:44 |
| 3667 || 77.7528509858611 || 2016-01-07 11:49:48 |
| 3668 || -26.3755684160896 || 2018-09-11 12:08:41 |
| 3669 || -10.0253827255585 || 2013-02-14 23:24:23 |
| 3670 || 0.00399572654803649 || 2012-05-08 11:38:14 |
| 3671 || -1.59225833030348 || 2016-09-11 22:15:32 |
| 3672 || 8.57916955203942 || 2019-08-14 04:28:03 |
| 3673 || 25.7650460671891 || 2018-08-09 12:28:59 |
| 3674 || -11.6897434440398 || 2017-11-10 11:32:40 |
| 3675 || -0.148156633211942 || 2018-10-20 04:44:14 |
| 3676 || 5.71526501211551 || 2012-03-23 01:50:46 |
| 3677 || 18.6842131104386 || 2011-01-01 15:51:04 |
| 3678 || 79.3652738569343 || 2017-08-17 18:57:04 |
| 3679 || 38.1988896512272 || 2010-05-02 05:03:14 |
| 3680 || 1.46567267642122 || 2015-10-16 16:12:30 |
| 3681 || -5.96617834486356 || 2012-07-19 07:45:51 |
| 3682 || -22.8346548900767 || 2013-12-12 22:42:37 |
| 3683 || -14.9408175728618 || 2016-12-02 13:23:06 |
| 3684 || -6.23913767919977 || 2011-12-12 00:27:23 |
| 3685 || -0.668833791754707 || 2019-09-17 17:26:05 |
| 3686 || 0.653510936098702 || 2010-10-26 05:29:56 |
| 3687 || -17.1389765595033 || 2014-03-04 12:33:00 |
| 3688 || 88.8846010674643 || 2017-04-10 18:54:08 |
| 3689 || 46.3506468821794 || 2013-07-08 13:08:34 |
| 3690 || 2.15423345880476 || 2015-02-11 21:16:52 |
| 3691 || 9.86192420668838 || 2018-02-08 22:29:51 |
| 3692 || 31.1116999842805 || 2013-07-05 21:38:00 |
| 3693 || 71.3090946951259 || 2016-07-14 16:42:16 |
| 3694 || 4.84574123101632 || 2012-05-12 12:27:23 |
| 3695 || -2.30484706958936 || 2014-03-19 05:28:06 |
| 3696 || -2.39857224998142 || 2011-12-05 11:31:19 |
| 3697 || -17.9059903181437 || 2014-01-25 10:05:44 |
| 3698 || 89.7250159456377 || 2014-11-26 17:55:01 |
| 3699 || 4.89498975270512 || 2012-07-25 18:08:10 |
| 3700 || 10.3083946755512 || 2016-01-20 06:20:50 |
| 3701 || 4.34088410648919 || 2011-11-19 11:29:34 |
| 3702 || 11.3071186213004 || 2013-02-02 05:11:27 |
| 3703 || -23.1006966077287 || 2011-04-25 09:06:38 |
| 3704 || -18.526146926271 || 2014-04-07 20:10:15 |
| 3705 || -4.45707104707842 || 2019-06-20 21:32:41 |
| 3706 || 0.662708097722815 || 2017-01-24 23:32:21 |
| 3707 || 37.7964773206889 || 2017-11-09 06:33:32 |
| 3708 || 86.6521818218329 || 2019-11-02 09:28:55 |
| 3709 || 66.1138382448527 || 2015-12-19 12:23:57 |
| 3710 || -5.35036551862606 || 2011-04-17 19:06:40 |
| 3711 || -0.223282440147733 || 2011-06-07 01:09:50 |
| 3712 || 12.4888016779274 || 2010-09-13 19:47:08 |
| 3713 || 2.39763142340389 || 2010-11-11 18:43:46 |
| 3714 || -5.02328299810518 || 2010-04-07 13:11:50 |
| 3715 || 3.55685936378669 || 2010-10-09 13:46:59 |
| 3716 || 0.33615151705184 || 2019-02-22 02:13:06 |
| 3717 || 6.27219041093902 || 2019-09-02 22:39:09 |
| 3718 || -24.830368060045 || 2018-10-10 01:48:29 |
| 3719 || -22.403611422784 || 2017-08-24 07:56:59 |
| 3720 || 15.3903533545824 || 2016-06-24 10:57:15 |
| 3721 || 2.09517287487422e-06 || 2018-03-18 05:44:56 |
| 3722 || -9.4938628511606 || 2017-10-10 10:14:56 |
| 3723 || 68.1226906633654 || 2013-09-26 20:03:10 |
| 3724 || 78.6081883311026 || 2019-05-16 01:32:37 |
| 3725 || 15.4732517711432 || 2014-08-06 22:48:27 |
| 3726 || 0.10546286420738 || 2015-01-12 00:08:43 |
| 3727 || -7.101928661525 || 2012-07-13 02:27:43 |
| 3728 || -8.98487086771222 || 2014-08-05 05:30:09 |
| 3729 || 34.3602052155206 || 2012-02-24 14:07:59 |
| 3730 || 37.9420162997148 || 2011-05-19 12:36:52 |
| 3731 || -0.141254456569083 || 2012-03-13 12:32:43 |
| 3732 || -2.86042772794775 || 2019-03-14 19:59:54 |
| 3733 || 34.8674897361959 || 2010-09-09 03:51:21 |
| 3734 || 87.7039707921659 || 2011-10-20 00:21:49 |
| 3735 || 41.0631137320715 || 2019-07-02 05:51:35 |
| 3736 || 2.76324112695847 || 2019-03-10 04:54:14 |
| 3737 || 0.0792280729617064 || 2014-11-02 04:38:33 |
| 3738 || 29.8263658103779 || 2011-10-16 04:21:48 |
| 3739 || 84.5699634641946 || 2011-05-01 07:10:44 |
| 3740 || 49.0834837904962 || 2014-05-20 00:01:06 |
| 3741 || 4.24443514859145 || 2016-11-13 21:34:18 |
| 3742 || 7.99562068336393 || 2011-12-13 19:06:49 |
| 3743 || 47.0627007722341 || 2014-09-05 22:02:08 |
| 3744 || 15.5443387922996 || 2011-01-13 16:20:27 |
| 3745 || 29.5048052435902 || 2011-02-12 21:19:58 |
| 3746 || 7.89772408864158 || 2019-11-13 05:05:24 |
| 3747 || 3.06724761691916 || 2016-11-25 23:34:41 |
| 3748 || 13.5712399498542 || 2017-09-01 01:28:06 |
| 3749 || 32.4598734472152 || 2017-06-12 10:08:43 |
| 3750 || -5.60605887867895 || 2014-11-15 13:32:44 |
| 3751 || 10.9276947411603 || 2014-05-22 12:28:58 |
| 3752 || -1.82459198173823 || 2012-04-24 13:06:23 |
| 3753 || 52.4538728603693 || 2019-03-20 16:30:40 |
| 3754 || 22.9583235303957 || 2017-02-13 07:23:49 |
| 3755 || 66.244462485339 || 2016-12-13 15:30:35 |
| 3756 || 11.8376157754803 || 2011-07-20 15:43:36 |
| 3757 || 3.12310700304242 || 2013-09-26 19:32:25 |
| 3758 || -14.3300668899255 || 2015-02-11 18:28:19 |
| 3759 || -6.49157091968889 || 2018-09-19 10:10:06 |
| 3760 || 61.1134285275519 || 2015-01-21 02:14:12 |
| 3761 || -6.454073328889 || 2016-03-16 22:03:14 |
| 3762 || 1.56476911932057 || 2017-10-27 01:23:35 |
| 3763 || 10.1005323136149 || 2018-04-18 09:52:55 |
| 3764 || 86.256349179968 || 2019-12-14 20:03:07 |
| 3765 || 10.3312166637287 || 2015-01-05 11:14:38 |
| 3766 || 21.9561978409482 || 2015-02-15 03:54:46 |
| 3767 || 0.199754223775447 || 2012-08-05 15:32:08 |
| 3768 || -11.9710113726001 || 2011-07-25 23:48:58 |
| 3769 || 83.3164325655507 || 2013-08-09 19:18:50 |
| 3770 || -26.048786900626 || 2016-09-03 13:17:40 |
| 3771 || -7.08228157216823 || 2016-01-16 08:49:15 |
| 3772 || 0.0121253917384312 || 2015-02-01 17:32:51 |
| 3773 || 30.3002237951485 || 2014-08-01 17:38:46 |
| 3774 || -26.0352943565666 || 2014-04-26 21:16:04 |
| 3775 || 35.141376638653 || 2013-02-13 17:06:01 |
| 3776 || 22.087657407021 || 2019-05-26 17:08:23 |
| 3777 || 0.105599507420497 || 2019-03-09 19:18:28 |
| 3778 || -5.68717355921745 || 2018-07-27 17:21:18 |
| 3779 || -12.2104261110599 || 2016-01-07 03:43:20 |
| 3780 || 58.9646627606605 || 2012-07-24 02:08:25 |
| 3781 || 38.9734379369905 || 2014-01-04 09:37:18 |
| 3782 || -0.3440583411154 || 2015-02-21 18:14:44 |
| 3783 || -5.90536312688868 || 2017-03-03 21:51:34 |
| 3784 || 43.2855329263376 || 2012-03-25 12:35:16 |
| 3785 || -22.7416902741253 || 2014-01-25 13:54:04 |
| 3786 || 44.4445027457333 || 2011-09-02 05:32:25 |
| 3787 || 1.55930033143077 || 2011-07-21 07:37:52 |
| 3788 || 13.0485470828093 || 2013-10-12 13:56:19 |
| 3789 || 46.4872142030087 || 2010-10-22 22:02:52 |
| 3790 || 18.776255755285 || 2013-04-11 16:01:44 |
| 3791 || 37.9662080047071 || 2011-03-07 09:48:22 |
| 3792 || 4.07814809174272 || 2019-08-19 05:10:14 |
| 3793 || 12.4907105723971 || 2011-06-13 03:30:32 |
| 3794 || 31.1838258433888 || 2018-11-25 18:36:30 |
| 3795 || 20.9779798094231 || 2014-12-12 00:58:24 |
| 3796 || -16.0169185444989 || 2014-01-20 20:15:14 |
| 3797 || 6.9523511839107 || 2014-07-27 21:03:31 |
| 3798 || 9.06042491260883 || 2018-09-20 04:50:18 |
| 3799 || -6.71679190364779 || 2010-05-09 05:21:57 |
| 3800 || 69.9756382181878 || 2016-03-22 01:13:17 |
| 3801 || 60.6485659365667 || 2015-10-19 17:33:41 |
| 3802 || 1.42972330285948 || 2015-04-15 10:28:27 |
| 3803 || 1.89561376877269 || 2017-06-12 06:58:37 |
| 3804 || -16.936451727287 || 2017-09-27 08:08:49 |
| 3805 || 13.1892182928694 || 2019-02-20 10:24:14 |
| 3806 || -16.9664100033058 || 2012-08-03 12:32:03 |
| 3807 || 10.3074330388229 || 2016-08-03 15:14:35 |
| 3808 || 2.39942212191241 || 2019-11-25 01:32:01 |
| 3809 || 4.06413917404127 || 2015-08-12 20:52:58 |
| 3810 || 11.7824461449997 || 2016-04-12 03:15:59 |
| 3811 || 67.4926941363693 || 2015-08-10 23:12:32 |
| 3812 || 17.1247430276291 || 2017-06-01 16:57:43 |
| 3813 || 0.703930728271082 || 2017-04-12 09:21:49 |
| 3814 || 12.9032971378275 || 2014-07-15 00:40:58 |
| 3815 || -23.257926238557 || 2017-02-27 08:23:48 |
| 3816 || 65.5931365893248 || 2012-10-01 19:32:20 |
| 3817 || 1.02123885222892 || 2015-04-09 07:08:57 |
| 3818 || -0.208691806409104 || 2018-06-26 07:21:40 |
| 3819 || -12.0531372569843 || 2010-05-06 07:42:06 |
| 3820 || 81.7780147421713 || 2012-05-13 13:11:24 |
| 3821 || -12.5219988830742 || 2018-06-04 20:08:48 |
| 3822 || -1.47679501415433 || 2013-07-05 16:25:40 |
| 3823 || 0.0109587913074788 || 2018-12-02 01:56:47 |
| 3824 || -10.6400979331756 || 2012-09-23 13:20:24 |
| 3825 || -3.58663916148663 || 2011-05-14 09:09:31 |
| 3826 || 69.8565053620182 || 2017-09-20 07:26:01 |
| 3827 || 28.6816708784918 || 2011-05-12 06:23:13 |
| 3828 || 0.0616978030024441 || 2017-10-10 00:45:21 |
| 3829 || 11.4922852863747 || 2013-02-08 12:03:28 |
| 3830 || 29.9113990255316 || 2011-10-19 02:19:23 |
| 3831 || -28.0423820884774 || 2017-03-16 16:04:48 |
| 3832 || 11.7684940569125 || 2013-07-05 16:24:04 |
| 3833 || -0.152160532507755 || 2013-02-12 21:52:54 |
| 3834 || 0.72465151879948 || 2018-02-15 08:13:18 |
| 3835 || 24.9910788240014 || 2011-08-03 07:21:26 |
| 3836 || -21.8580142308278 || 2015-05-20 16:49:37 |
| 3837 || 43.8730471588063 || 2018-08-02 00:00:44 |
| 3838 || 1.56802802842822 || 2016-12-27 10:20:58 |
| 3839 || -3.60821454090312 || 2015-09-04 12:39:00 |
| 3840 || -19.0293547136568 || 2012-10-21 09:24:21 |
| 3841 || 23.7780439186875 || 2011-06-25 08:42:31 |
| 3842 || 38.2530016943286 || 2016-03-14 10:10:53 |
| 3843 || 3.98034767082277 || 2016-02-06 20:34:39 |
| 3844 || -0.510925770344599 || 2019-05-16 12:35:55 |
| 3845 || 55.7804546331635 || 2018-04-20 14:26:50 |
| 3846 || 12.5496261482039 || 2016-03-19 02:03:58 |
| 3847 || -11.2370188917438 || 2014-12-02 18:29:20 |
| 3848 || 3.51538291347963 || 2018-10-17 21:36:39 |
| 3849 || 7.74538014470671 || 2011-05-18 00:25:58 |
| 3850 || -11.0341518128506 || 2019-01-07 20:53:25 |
| 3851 || 59.6335161743508 || 2017-11-22 02:37:53 |
| 3852 || 59.9721988549425 || 2012-03-04 23:00:17 |
| 3853 || -2.90017906585455 || 2018-09-10 14:36:25 |
| 3854 || 1.75525915048299 || 2010-02-25 14:30:32 |
| 3855 || 26.3512252709194 || 2012-01-19 12:28:38 |
| 3856 || -25.8124919976991 || 2010-09-17 07:28:11 |
| 3857 || -9.63586766133894 || 2013-07-12 01:28:59 |
| 3858 || 13.0368699018561 || 2010-08-27 23:11:45 |
| 3859 || 2.8317736032085 || 2015-05-18 01:04:12 |
| 3860 || -15.0689762092122 || 2011-10-03 21:37:19 |
| 3861 || 74.3302371386723 || 2013-06-04 14:46:10 |
| 3862 || 66.3079797253329 || 2010-04-20 01:57:46 |
| 3863 || 9.08421222413063 || 2015-09-19 01:19:50 |
| 3864 || 1.68648180012175 || 2018-06-21 16:48:13 |
| 3865 || 12.8912247626767 || 2016-07-13 22:00:53 |
| 3866 || 63.8253490046306 || 2017-02-01 07:18:04 |
| 3867 || -15.4996576741359 || 2018-11-02 15:57:24 |
| 3868 || 22.255164448983 || 2012-04-21 07:00:08 |
| 3869 || 0.510716988012598 || 2019-08-17 04:04:02 |
| 3870 || 3.17442986235136 || 2016-03-25 08:41:08 |
| 3871 || -22.462675490401 || 2016-07-22 13:05:05 |
| 3872 || 32.1033340875629 || 2018-07-27 13:05:12 |
| 3873 || 22.3439213981238 || 2014-02-03 15:30:15 |
| 3874 || 0.10815961688935 || 2018-10-15 14:57:54 |
| 3875 || 30.0059247570439 || 2014-10-23 02:51:01 |
| 3876 || 54.5043159732744 || 2017-06-24 00:50:58 |
| 3877 || -4.67082035742373 || 2017-02-15 06:21:48 |
| 3878 || 28.6700550808801 || 2014-07-09 17:36:40 |
| 3879 || -0.0161155999107502 || 2019-11-01 21:35:58 |
| 3880 || 2.91874733706075 || 2012-08-02 03:22:50 |
| 3881 || 75.3388445115445 || 2012-11-04 09:54:51 |
| 3882 || 10.2529349568139 || 2017-03-20 18:19:28 |
| 3883 || 26.8199144691531 || 2010-06-16 15:50:43 |
| 3884 || 0.517894035241179 || 2011-05-24 15:21:31 |
| 3885 || -6.22899359801033 || 2017-11-05 20:29:28 |
| 3886 || 38.6503918415748 || 2010-11-13 11:57:07 |
| 3887 || 7.53723584661125 || 2013-07-13 22:08:21 |
| 3888 || -14.3079093699824 || 2017-08-04 14:37:07 |
| 3889 || 0.48617110048894 || 2010-03-09 23:11:31 |
| 3890 || -4.73228724065968 || 2012-11-06 05:02:38 |
| 3891 || 69.756975237258 || 2016-04-27 01:35:26 |
| 3892 || -29.3093992400988 || 2018-06-24 04:53:30 |
| 3893 || -9.64830143979586 || 2010-10-13 13:47:29 |
| 3894 || 2.38118977686819 || 2013-08-20 19:42:23 |
| 3895 || -0.942719248853009 || 2014-10-15 22:54:02 |
| 3896 || 10.9017973940428 || 2012-10-18 16:40:45 |
| 3897 || -29.8493665406595 || 2018-10-21 06:54:12 |
| 3898 || -16.7567622432965 || 2015-08-01 11:33:56 |
| 3899 || 4.64116664639842 || 2012-12-03 20:34:31 |
| 3900 || -1.66816205414473 || 2015-08-13 10:51:56 |
| 3901 || 12.6712667514882 || 2015-05-18 11:31:53 |
| 3902 || -18.0541241758367 || 2013-11-21 21:57:28 |
| 3903 || 3.68955049921721 || 2012-02-13 00:10:20 |
| 3904 || 8.22106463633463 || 2011-10-23 18:47:53 |
| 3905 || 0.135418208927379 || 2012-09-11 22:28:09 |
| 3906 || 40.6678116085649 || 2018-10-14 05:47:06 |
| 3907 || -12.5440691332611 || 2013-05-14 23:39:10 |
| 3908 || -6.58880441525355 || 2013-02-05 13:11:28 |
| 3909 || 9.36284047612245 || 2015-09-19 21:44:56 |
| 3910 || -1.31715079715845 || 2019-02-05 23:13:32 |
| 3911 || -15.8957641487048 || 2013-03-19 05:06:28 |
| 3912 || 44.2962594367834 || 2019-12-14 02:03:57 |
| 3913 || 3.8564847821355 || 2012-01-05 03:32:38 |
| 3914 || -0.376015915133625 || 2016-03-16 07:26:58 |
| 3915 || 2.29269493064584 || 2012-10-14 07:32:49 |
| 3916 || 29.9156868301941 || 2010-03-05 15:11:12 |
| 3917 || -13.6050743357215 || 2010-02-20 21:52:19 |
| 3918 || -16.575097973363 || 2018-04-05 07:19:59 |
| 3919 || 2.75079475289182 || 2016-07-07 11:03:55 |
| 3920 || -0.241828656189377 || 2017-11-13 22:14:49 |
| 3921 || -13.0106887085801 || 2010-04-24 03:47:34 |
| 3922 || 17.6856481890713 || 2016-12-27 03:15:38 |
| 3923 || 31.6085136442739 || 2010-04-06 07:22:52 |
| 3924 || -6.9740636597866 || 2019-06-20 03:10:01 |
| 3925 || -0.057061153261683 || 2016-07-25 17:30:57 |
| 3926 || -5.4742480545308 || 2010-10-08 17:25:57 |
| 3927 || 31.3371789293753 || 2019-05-17 18:52:32 |
| 3928 || -26.9532144635271 || 2016-02-05 22:56:19 |
| 3929 || -1.61548146537132 || 2016-12-22 01:32:57 |
| 3930 || 0.00273207216796268 || 2014-12-05 21:00:38 |
| 3931 || -3.84094642307652 || 2011-11-03 23:08:03 |
| 3932 || 18.7166716693649 || 2013-01-08 16:29:20 |
| 3933 || 82.4578643328779 || 2018-05-20 07:50:15 |
| 3934 || 10.2563341834008 || 2011-05-07 00:53:44 |
| 3935 || -0.166512532741477 || 2017-08-13 23:20:32 |
| 3936 || 12.7841285391932 || 2016-08-05 19:30:52 |
| 3937 || -21.9437394986462 || 2018-08-19 19:43:16 |
| 3938 || 14.2210501967461 || 2011-10-19 22:55:17 |
| 3939 || -10.5174763075121 || 2017-05-02 06:49:39 |
| 3940 || 1.15401983691808 || 2010-06-12 16:29:49 |
| 3941 || 1.74396449338049 || 2011-01-23 12:43:29 |
| 3942 || 20.7048690008945 || 2018-12-22 07:54:13 |
| 3943 || -29.3340120636393 || 2011-02-21 22:44:09 |
| 3944 || -11.4380678604332 || 2018-10-12 03:50:47 |
| 3945 || 0.397798499770385 || 2013-03-25 05:50:31 |
| 3946 || 14.5877424260047 || 2014-05-21 22:10:42 |
| 3947 || -9.75366676442509 || 2013-11-04 11:40:01 |
| 3948 || 89.0880639470319 || 2017-03-17 21:08:17 |
| 3949 || 35.0773505209578 || 2015-03-12 15:05:08 |
| 3950 || -1.86403936699899 || 2018-01-20 23:27:03 |
| 3951 || 8.98457067767605 || 2019-10-25 05:26:22 |
| 3952 || 35.5088873582303 || 2015-12-21 11:43:33 |
| 3953 || -24.2058566240105 || 2012-09-27 16:26:20 |
| 3954 || 29.5929180494461 || 2015-11-22 04:34:53 |
| 3955 || 3.30837724127036 || 2014-01-17 23:35:43 |
| 3956 || 0.374828677934712 || 2015-01-16 00:21:12 |
| 3957 || 45.1366021349077 || 2018-02-23 13:12:33 |
| 3958 || 43.8586025812808 || 2010-05-20 04:20:11 |
| 3959 || 18.9673868675609 || 2018-12-03 09:58:05 |
| 3960 || 6.77020463973339 || 2015-01-05 10:22:11 |
| 3961 || 4.4112486465541 || 2013-12-06 03:39:16 |
| 3962 || 49.4326286228353 || 2011-03-16 11:01:52 |
| 3963 || 88.1054882422985 || 2010-01-25 09:00:42 |
| 3964 || 61.1586346792766 || 2016-05-25 07:23:17 |
| 3965 || -0.858934169806579 || 2013-06-06 16:19:53 |
| 3966 || -0.894031253024497 || 2017-12-21 03:32:32 |
| 3967 || -10.5730697013992 || 2017-12-01 03:49:38 |
| 3968 || 87.5689408228236 || 2016-09-14 06:41:55 |
| 3969 || 33.0833993032908 || 2012-12-25 02:23:44 |
| 3970 || 19.3568995466096 || 2011-06-08 14:36:33 |
| 3971 || 0.843625118899634 || 2010-11-27 08:43:09 |
| 3972 || 4.81900833571787 || 2014-10-07 06:04:09 |
| 3973 || 55.0459614790226 || 2016-09-14 23:34:18 |
| 3974 || -25.2349270586944 || 2016-09-20 20:12:42 |
| 3975 || -8.15284639176366 || 2011-12-08 09:30:40 |
| 3976 || -0.0970902252548731 || 2011-11-15 02:30:34 |
| 3977 || 33.5902223973752 || 2016-08-10 14:28:11 |
| 3978 || -13.7680957894019 || 2013-03-18 01:52:00 |
| 3979 || 78.8340554805028 || 2015-04-25 06:41:57 |
| 3980 || 3.72085132753868 || 2016-10-22 04:23:07 |
| 3981 || 0.000618980889906691 || 2013-05-12 16:10:46 |
| 3982 || 16.3507800486427 || 2014-05-13 03:24:18 |
| 3983 || 77.8862168625066 || 2013-06-06 04:10:37 |
| 3984 || -12.8157696447834 || 2015-01-05 02:17:42 |
| 3985 || 18.9414079045334 || 2016-04-04 12:52:37 |
| 3986 || -0.0300737664942336 || 2014-03-07 19:16:50 |
| 3987 || 21.2049601232876 || 2011-11-09 03:41:35 |
| 3988 || -24.6533923210184 || 2016-10-24 15:46:12 |
| 3989 || 81.2272443448867 || 2010-11-05 17:03:15 |
| 3990 || 19.1111508938317 || 2013-02-03 08:45:29 |
| 3991 || -0.448397671759254 || 2011-01-12 02:22:08 |
| 3992 || 19.8671251894674 || 2019-04-12 12:55:55 |
| 3993 || -16.6272160543949 || 2010-12-11 00:08:21 |
| 3994 || 84.4672689446023 || 2011-02-13 11:05:12 |
| 3995 || -12.3183644188187 || 2019-11-10 11:11:38 |
| 3996 || 1.16369301528092 || 2018-09-09 15:45:38 |
| 3997 || 1.09011978973569 || 2015-05-27 01:44:20 |
| 3998 || -9.49665888639761 || 2011-10-10 19:38:13 |
| 3999 || -29.002355529508 || 2019-03-18 17:49:32 |
| 4000 || 12.7368794156009 || 2018-08-07 02:22:14 |
| 4001 || 5.19860536083088 || 2012-09-15 09:26:14 |
| 4002 || -3.2058187171045 || 2010-10-12 02:52:55 |
| 4003 || 48.9246973788354 || 2013-04-26 06:02:03 |
| 4004 || 89.3875270618972 || 2014-01-06 04:03:19 |
| 4005 || 54.5383904607299 || 2019-07-12 21:55:10 |
| 4006 || 3.30226780418133 || 2016-01-22 14:39:46 |
| 4007 || -1.82234560108803 || 2015-02-22 18:49:33 |
| 4008 || -19.0393368497361 || 2012-04-02 04:33:32 |
| 4009 || 19.3935688452183 || 2016-01-04 03:38:05 |
| 4010 || 6.54114043845381 || 2012-12-05 03:40:26 |
| 4011 || -3.56916253993907 || 2019-01-04 16:54:21 |
| 4012 || -0.263669106408418 || 2017-12-14 04:53:59 |
| 4013 || 8.07688298959935 || 2014-09-24 20:13:56 |
| 4014 || 9.08513608972082 || 2013-03-11 12:35:24 |
| 4015 || -11.8444226352762 || 2011-02-02 19:33:35 |
| 4016 || -0.99703006365433 || 2017-07-07 09:34:30 |
| 4017 || 3.2040776514231 || 2010-06-12 15:36:53 |
| 4018 || 10.5708900671005 || 2016-03-17 08:55:15 |
| 4019 || 23.5080188504187 || 2010-07-15 09:30:53 |
| 4020 || 71.6766979411433 || 2018-11-04 16:43:43 |
| 4021 || 17.8626955229556 || 2018-10-24 13:51:59 |
| 4022 || 1.26436784219727 || 2012-05-22 07:57:45 |
| 4023 || -13.1941324154737 || 2011-09-15 19:31:06 |
| 4024 || -27.0161094454737 || 2015-07-21 19:21:18 |
| 4025 || 75.243559713133 || 2010-11-02 11:18:48 |
| 4026 || 3.19513554732973 || 2014-11-18 03:58:51 |
| 4027 || -0.127089421544231 || 2018-03-21 12:18:36 |
| 4028 || -1.49236630087306 || 2018-03-23 14:03:07 |
| 4029 || 2.61525886652791 || 2018-09-06 06:47:24 |
| 4030 || -26.0879244086993 || 2017-11-08 03:10:24 |
| 4031 || 29.2367111220579 || 2016-10-19 19:22:08 |
| 4032 || 0.00651067052103607 || 2013-07-24 01:27:15 |
| 4033 || -2.13801244638225 || 2013-08-16 07:48:20 |
| 4034 || -24.1822965883315 || 2013-11-06 00:42:46 |
| 4035 || -23.8604661599552 || 2013-10-12 08:43:01 |
| 4036 || 12.3087638673137 || 2011-05-09 13:36:39 |
| 4037 || 0.00418086028395762 || 2015-09-25 18:37:36 |
| 4038 || 9.94054621043268 || 2017-01-16 23:17:21 |
| 4039 || -25.4812151788558 || 2015-06-12 18:42:58 |
| 4040 || -0.620437518036961 || 2016-03-14 22:35:09 |
| 4041 || 26.9150284276736 || 2010-06-15 09:38:48 |
| 4042 || 0.0362015806582705 || 2014-12-08 13:35:51 |
| 4043 || 0.0174696646360697 || 2018-03-05 01:31:42 |
| 4044 || 33.2725459026621 || 2017-05-25 18:33:08 |
| 4045 || 59.0558514449748 || 2014-11-01 09:08:17 |
| 4046 || 45.2938361963505 || 2010-03-19 10:08:07 |
| 4047 || -0.884887906145167 || 2015-01-02 07:10:06 |
| 4048 || -3.99382173424151 || 2012-03-27 02:30:16 |
| 4049 || 67.1933737714049 || 2012-12-26 20:15:57 |
| 4050 || 42.6282790732769 || 2015-05-27 11:16:08 |
| 4051 || 5.81215032186604 || 2016-08-21 17:24:46 |
| 4052 || 0.673026819162122 || 2014-04-14 05:23:25 |
| 4053 || -0.505619955415706 || 2015-03-11 06:59:36 |
| 4054 || 0.938401787594677 || 2015-05-19 13:49:22 |
| 4055 || -29.9041769376609 || 2018-09-08 13:23:46 |
| 4056 || -1.19464870697697 || 2016-08-25 11:36:45 |
| 4057 || 0.0556742459077199 || 2010-06-25 07:16:35 |
| 4058 || 3.8754414655788 || 2013-10-15 14:44:19 |
| 4059 || -18.6814954784046 || 2015-03-18 09:01:16 |
| 4060 || 18.4894190961423 || 2018-08-20 18:21:08 |
| 4061 || 60.9065944741453 || 2010-03-04 14:16:52 |
| 4062 || -2.9725323865554 || 2015-03-24 00:46:01 |
| 4063 || 6.01245575124073 || 2012-08-09 14:56:18 |
| 4064 || 33.974117245108 || 2013-01-25 14:31:25 |
| 4065 || -28.9882937305627 || 2013-06-19 23:12:17 |
| 4066 || 25.230562001574 || 2015-03-03 17:52:17 |
| 4067 || 10.2619287038836 || 2014-05-27 21:15:49 |
| 4068 || 1.96648869951994 || 2011-05-13 18:16:59 |
| 4069 || -9.39187944275444 || 2010-03-12 07:44:25 |
| 4070 || -9.15093008658791 || 2014-03-13 00:51:31 |
| 4071 || 1.87065234076638 || 2010-04-21 17:08:02 |
| 4072 || 7.43081146990874 || 2014-11-19 09:46:57 |
| 4073 || 1.10838060717955 || 2012-12-03 16:52:01 |
| 4074 || 25.4801216693632 || 2018-02-12 07:18:25 |
| 4075 || 1.90072427591879 || 2016-09-10 08:23:05 |
| 4076 || 50.9515364247115 || 2011-11-05 22:21:26 |
| 4077 || 2.91261387429443 || 2015-04-08 22:54:34 |
| 4078 || 0.479553527892807 || 2013-05-15 04:12:36 |
| 4079 || 33.930648922876 || 2014-08-02 17:50:07 |
| 4080 || 80.7141128205315 || 2014-01-16 21:22:03 |
| 4081 || -20.0872372108614 || 2011-12-04 05:47:50 |
| 4082 || -4.70443690073283 || 2018-09-01 23:54:46 |
| 4083 || 0.00148056962530104 || 2019-10-23 09:01:02 |
| 4084 || -10.2426388254279 || 2011-03-15 02:22:20 |
| 4085 || -3.86467308090421 || 2013-04-09 00:20:17 |
| 4086 || -24.7462960097079 || 2014-12-04 10:41:05 |
| 4087 || 3.5108404262474 || 2012-09-26 19:44:46 |
| 4088 || -0.0436638767701486 || 2013-11-17 08:21:48 |
| 4089 || -8.23096958796245 || 2012-12-03 12:00:04 |
| 4090 || 6.29601008421986 || 2019-03-07 21:52:08 |
| 4091 || 78.2201934459291 || 2014-06-21 17:36:11 |
| 4092 || -12.949042318869 || 2015-04-18 09:23:40 |
| 4093 || -0.0657892240058094 || 2011-02-13 21:53:21 |
| 4094 || 13.2304436906958 || 2015-05-17 10:37:33 |
| 4095 || -21.296416056043 || 2014-09-25 14:19:09 |
| 4096 || 74.6667132817447 || 2019-04-01 12:34:29 |
| 4097 || 36.7893964798615 || 2013-03-15 01:31:14 |
| 4098 || -0.1530115233886 || 2015-11-27 04:04:08 |
| 4099 || 5.18112396899521 || 2017-06-09 12:15:12 |
| 4100 || 51.9213034037997 || 2010-10-17 06:33:00 |
| 4101 || 69.215973159274 || 2011-05-12 08:22:55 |
| 4102 || 40.8064487382847 || 2013-09-13 17:27:59 |
| 4103 || 0.258881645146587 || 2012-12-13 10:03:13 |
| 4104 || 11.4577347305692 || 2017-06-22 04:56:02 |
| 4105 || 30.9879226536144 || 2011-06-21 06:46:22 |
| 4106 || 26.4297599316413 || 2016-04-10 12:12:14 |
| 4107 || -2.77707534038475 || 2018-02-05 13:04:28 |
| 4108 || -1.61109804842845 || 2013-09-26 04:59:10 |
| 4109 || 9.13969767492185 || 2011-07-25 21:59:28 |
| 4110 || 4.20968334651558 || 2017-09-02 14:31:47 |
| 4111 || -28.9459167627231 || 2010-04-24 02:26:23 |
| 4112 || -14.2352250342885 || 2015-07-15 20:45:17 |
| 4113 || 8.98401098016994 || 2013-09-09 03:41:11 |
| 4114 || 6.55413043595534 || 2015-03-18 01:40:53 |
| 4115 || 34.6920931549134 || 2015-11-01 08:44:27 |
| 4116 || 8.68787603384433 || 2017-11-14 06:13:07 |
| 4117 || 59.0387732923808 || 2017-05-06 06:12:15 |
| 4118 || -4.00094190160225 || 2015-06-10 22:16:41 |
| 4119 || 4.01212709487199 || 2019-04-20 07:01:13 |
| 4120 || 9.84435808897682 || 2019-03-09 08:02:16 |
| 4121 || 29.2125980905906 || 2011-11-25 08:20:31 |
| 4122 || 7.4057768524541 || 2017-02-21 23:49:54 |
| 4123 || -5.90521553189707 || 2011-12-17 01:42:22 |
| 4124 || 0.806067289081309 || 2016-05-11 22:24:29 |
| 4125 || 38.0031150652955 || 2012-04-11 19:06:34 |
| 4126 || 19.1604663498871 || 2010-11-10 09:55:11 |
| 4127 || 35.6608220592232 || 2019-05-12 22:15:18 |
| 4128 || -6.30158961454986 || 2014-10-04 07:06:51 |
| 4129 || 0.757047263603711 || 2015-05-20 23:53:14 |
| 4130 || 3.65366597116023 || 2011-04-21 19:38:46 |
| 4131 || 76.6772052870885 || 2016-12-17 18:48:51 |
| 4132 || -24.9331182146234 || 2012-08-24 01:32:33 |
| 4133 || 6.76330377397211 || 2010-10-05 01:27:22 |
| 4134 || 0.0899705919851466 || 2013-08-27 18:14:11 |
| 4135 || -7.1791850018884 || 2019-11-14 07:46:35 |
| 4136 || -19.3873554321065 || 2016-03-13 17:55:12 |
| 4137 || -13.9714532035664 || 2012-07-10 15:27:42 |
| 4138 || 30.1074453306873 || 2015-03-05 09:26:23 |
| 4139 || -0.0247946299049644 || 2014-09-25 10:31:29 |
| 4140 || -6.34261213623705 || 2019-02-15 14:41:52 |
| 4141 || 4.10158946409224 || 2013-01-20 09:07:01 |
| 4142 || -5.68342764229717 || 2014-09-14 01:51:18 |
| 4143 || 27.9986591167306 || 2015-06-22 13:46:52 |
| 4144 || -0.219510858559034 || 2016-07-19 03:14:32 |
| 4145 || -5.93174293116805 || 2017-11-27 20:11:54 |
| 4146 || 13.6844874178085 || 2017-06-19 02:42:53 |
| 4147 || 30.4134451673564 || 2011-07-07 00:10:58 |
| 4148 || 40.4042504403897 || 2018-03-27 10:49:30 |
| 4149 || 1.92269713742422 || 2015-03-25 17:02:42 |
| 4150 || 14.4944587570728 || 2013-01-15 09:24:58 |
| 4151 || 5.95998988589337 || 2015-11-21 02:51:51 |
| 4152 || 34.4065923480057 || 2015-12-11 21:50:46 |
| 4153 || 48.4379408548331 || 2012-06-15 09:55:25 |
| 4154 || 0.694716666210828 || 2010-07-11 16:41:41 |
| 4155 || 13.1971060418407 || 2019-07-01 14:52:37 |
| 4156 || 60.3560965850907 || 2012-02-04 16:47:34 |
| 4157 || 45.247107420134 || 2012-02-09 02:15:52 |
| 4158 || 23.3030363747011 || 2014-11-07 01:56:43 |
| 4159 || 1.29736589330468 || 2016-02-16 04:58:09 |
| 4160 || 4.27103902975888 || 2014-06-04 11:03:11 |
| 4161 || 51.8059379055143 || 2010-07-16 23:33:50 |
| 4162 || 78.5447846027391 || 2010-04-15 16:35:44 |
| 4163 || 22.4217270129471 || 2018-06-14 12:55:53 |
| 4164 || 6.32225061591076 || 2012-10-04 13:30:13 |
| 4165 || 6.84573119081442 || 2015-10-25 12:10:33 |
| 4166 || 54.6853451620491 || 2017-10-15 06:23:20 |
| 4167 || -17.5899879048156 || 2018-06-25 01:32:13 |
| 4168 || 18.2457697625767 || 2015-05-05 19:03:52 |
| 4169 || -3.90393209775553 || 2012-08-17 17:20:54 |
| 4170 || 2.47445759550204 || 2017-09-25 18:08:20 |
| 4171 || 49.7353794597408 || 2016-02-12 14:54:05 |
| 4172 || 72.7589411149036 || 2018-11-23 15:22:56 |
| 4173 || 68.7202155600707 || 2019-02-08 08:17:54 |
| 4174 || 17.1826437774124 || 2013-02-07 02:59:51 |
| 4175 || 1.84053980661532 || 2010-11-03 00:10:45 |
| 4176 || -14.0128273826316 || 2015-07-11 08:39:11 |
| 4177 || -7.6323220905291 || 2010-06-04 10:04:06 |
| 4178 || 34.9710391791239 || 2018-09-04 06:07:34 |
| 4179 || 1.29760102923141 || 2015-05-07 16:54:55 |
| 4180 || 0.627849964609105 || 2010-11-05 15:50:24 |
| 4181 || -6.94158659682678 || 2016-11-09 17:48:35 |
| 4182 || 48.869510683405 || 2018-04-01 08:38:35 |
| 4183 || 47.295310911249 || 2018-06-04 18:59:14 |
| 4184 || 9.00582017091464 || 2017-12-19 10:36:46 |
| 4185 || -0.0324418475266356 || 2014-08-03 05:57:32 |
| 4186 || 19.5973185685973 || 2013-04-23 13:52:43 |
| 4187 || 2.77528916865191 || 2010-08-24 02:01:17 |
| 4188 || 7.28898550469374 || 2015-04-16 18:12:27 |
| 4189 || -7.4007402401217 || 2015-04-11 00:15:41 |
| 4190 || 0.00763511679467413 || 2019-03-06 20:53:29 |
| 4191 || -9.52977385302404 || 2010-10-15 04:46:34 |
| 4192 || 30.0386479322368 || 2019-07-06 12:28:49 |
| 4193 || 3.58513436271885 || 2014-11-08 20:27:36 |
| 4194 || 0.96776281653998 || 2017-06-13 13:40:23 |
| 4195 || 0.447034455065272 || 2018-07-26 07:10:39 |
| 4196 || -2.18917574351409 || 2018-08-16 23:53:16 |
| 4197 || 42.2941639326784 || 2014-10-18 03:01:32 |
| 4198 || -18.0764448435005 || 2019-09-04 07:17:28 |
| 4199 || -9.87163370074884 || 2014-03-07 21:19:44 |
| 4200 || 0.790488665376238 || 2013-11-01 13:25:25 |
| 4201 || -4.24586161156199 || 2017-04-05 13:55:53 |
| 4202 || 8.74478709244622 || 2013-04-23 03:21:48 |
| 4203 || -21.7668448547843 || 2017-12-14 07:39:38 |
| 4204 || 1.13738053527896 || 2016-03-25 05:29:53 |
| 4205 || 1.9847639933027 || 2019-01-04 05:10:45 |
| 4206 || -2.95121520026261 || 2015-06-01 17:53:04 |
| 4207 || 24.7120420392614 || 2016-04-09 20:31:28 |
| 4208 || 0.351290028136713 || 2019-01-26 01:17:40 |
| 4209 || 52.6293011870801 || 2014-07-24 17:38:07 |
| 4210 || 5.60169276854974 || 2013-03-09 21:17:53 |
| 4211 || 10.9827131937133 || 2019-04-24 15:23:58 |
| 4212 || 44.8979509961215 || 2018-12-09 02:34:56 |
| 4213 || 37.055740931772 || 2010-05-18 23:22:12 |
| 4214 || 58.0420446594638 || 2016-04-03 21:24:08 |
| 4215 || -2.86374991743648 || 2019-06-10 05:08:36 |
| 4216 || 5.08598913705412 || 2015-11-10 18:31:23 |
| 4217 || 56.2167897476584 || 2010-03-15 15:04:11 |
| 4218 || -0.781375067454728 || 2015-04-13 12:52:03 |
| 4219 || 9.85740414010512 || 2015-10-06 02:40:23 |
| 4220 || 0.735601742666043 || 2013-10-14 23:43:03 |
| 4221 || 3.03748575275361 || 2013-06-11 11:41:51 |
| 4222 || 47.9219579067266 || 2016-12-16 18:54:38 |
| 4223 || -12.883054252839 || 2019-08-10 18:16:52 |
| 4224 || 22.0463040418387 || 2017-06-08 15:57:25 |
| 4225 || -5.40428592091478 || 2017-08-13 12:01:37 |
| 4226 || -0.41316182178333 || 2010-03-20 09:51:48 |
| 4227 || 24.9635544232425 || 2011-05-05 01:17:35 |
| 4228 || 27.2091012237024 || 2016-06-21 01:42:28 |
| 4229 || 64.9695570235457 || 2015-07-18 18:13:29 |
| 4230 || 12.9361742421209 || 2013-07-06 15:55:17 |
| 4231 || -0.387706346276927 || 2016-02-19 13:03:37 |
| 4232 || -10.3024297857404 || 2016-09-04 15:40:57 |
| 4233 || 9.90095101380089 || 2015-04-07 08:46:39 |
| 4234 || 52.9844796153409 || 2018-04-12 21:39:02 |
| 4235 || 20.2497000778685 || 2014-01-11 03:03:00 |
| 4236 || 0.0775083993671527 || 2012-11-25 22:52:13 |
| 4237 || 6.55427487748936 || 2016-08-07 19:50:33 |
| 4238 || 41.4828899958727 || 2010-11-01 00:10:59 |
| 4239 || -19.4131544551153 || 2016-12-16 18:13:06 |
| 4240 || 10.1193056085518 || 2011-07-27 17:05:21 |
| 4241 || 0.00311840504708229 || 2010-11-04 14:31:30 |
| 4242 || -2.58005618432856 || 2014-02-25 15:24:08 |
| 4243 || 67.3201783934027 || 2010-07-16 17:44:54 |
| 4244 || -27.8007842896279 || 2017-07-24 05:15:42 |
| 4245 || 7.572383938598 || 2013-04-16 16:20:35 |
| 4246 || -0.0278484612370444 || 2016-11-19 23:05:49 |
| 4247 || 20.9945959957972 || 2014-02-19 11:50:53 |
| 4248 || -12.4803507464502 || 2018-07-16 03:46:17 |
| 4249 || 81.5327739618152 || 2012-12-24 03:52:11 |
| 4250 || 41.0156477867059 || 2013-10-07 11:11:29 |
| 4251 || -0.434202408409663 || 2014-03-20 07:30:00 |
| 4252 || 19.0786219883442 || 2017-09-23 10:23:04 |
| 4253 || 50.4939985944569 || 2012-10-10 08:36:20 |
| 4254 || -28.6142616520943 || 2012-03-23 22:06:19 |
| 4255 || 0.367793266807415 || 2011-11-20 10:26:31 |
| 4256 || -0.924967886427256 || 2013-04-24 04:19:48 |
| 4257 || 5.59000079961363 || 2013-03-07 11:30:35 |
| 4258 || -15.3315405823644 || 2011-12-25 02:14:39 |
| 4259 || -18.3006471030021 || 2013-03-03 14:42:43 |
| 4260 || -17.3185763723335 || 2015-03-20 09:49:13 |
| 4261 || 2.82170175822261 || 2019-10-25 07:24:25 |
| 4262 || 1.25304621800081 || 2011-09-18 08:52:47 |
| 4263 || 50.6576742416789 || 2016-12-24 03:45:05 |
| 4264 || 13.0836737120442 || 2010-08-11 13:49:07 |
| 4265 || -15.1383111132826 || 2013-01-27 21:53:00 |
| 4266 || 0.176761392392527 || 2012-06-08 02:06:33 |
| 4267 || 5.25294552115355 || 2017-08-26 04:21:37 |
| 4268 || 51.3423315528926 || 2017-03-19 05:11:32 |
| 4269 || -0.940106179025859 || 2016-01-13 12:44:02 |
| 4270 || 55.5635652792588 || 2013-06-08 09:29:01 |
| 4271 || 11.053145827974 || 2013-08-06 15:37:20 |
| 4272 || 1.51759772922235 || 2015-01-25 02:00:23 |
| 4273 || -7.48490273154073 || 2014-03-23 03:17:33 |
| 4274 || 51.0213081280717 || 2015-07-05 06:20:04 |
| 4275 || -21.7644229967302 || 2010-11-27 18:57:53 |
| 4276 || -3.88922720644931 || 2014-07-05 18:42:25 |
| 4277 || 2.10685988156467 || 2015-06-03 13:22:50 |
| 4278 || -9.23549508249697 || 2019-10-03 07:04:02 |
| 4279 || 14.2685546259078 || 2013-11-02 10:32:03 |
| 4280 || 20.5825507276944 || 2013-12-01 18:35:42 |
| 4281 || -6.63004318555599 || 2016-06-23 08:17:18 |
| 4282 || 1.2513679262981 || 2018-03-27 22:58:29 |
| 4283 || 31.2433837084699 || 2015-04-04 21:08:30 |
| 4284 || 16.4760105817234 || 2010-10-07 22:14:01 |
| 4285 || -8.70197363282522 || 2019-04-27 17:36:08 |
| 4286 || -7.90005489962075 || 2016-06-15 02:42:07 |
| 4287 || -0.105805312849825 || 2015-07-24 22:01:30 |
| 4288 || 11.1899843349717 || 2012-07-15 13:35:05 |
| 4289 || -13.238897141735 || 2015-04-24 06:04:26 |
| 4290 || 2.59313729885102 || 2016-04-08 17:50:11 |
| 4291 || 25.3172024044978 || 2011-04-08 08:19:23 |
| 4292 || 0.000299742837796355 || 2010-05-27 12:23:45 |
| 4293 || 5.30985745433579 || 2014-11-20 05:10:09 |
| 4294 || 57.0497316230648 || 2018-07-03 14:36:24 |
| 4295 || 40.784355000662 || 2015-12-23 13:53:41 |
| 4296 || 5.91567633879182 || 2012-11-12 13:48:47 |
| 4297 || 0.254412718147321 || 2010-10-02 11:26:10 |
| 4298 || -1.73101954920313 || 2012-07-09 06:14:57 |
| 4299 || -23.4886373713738 || 2013-08-16 21:35:07 |
| 4300 || 22.4601878428571 || 2014-05-20 14:04:02 |
| 4301 || -1.7950604043912 || 2015-04-22 14:33:24 |
| 4302 || -0.142681654849841 || 2015-10-23 16:02:53 |
| 4303 || 20.5781377648 || 2018-03-19 07:46:03 |
| 4304 || -21.877979460803 || 2017-12-10 15:53:40 |
| 4305 || 87.634679997137 || 2019-01-25 15:06:24 |
| 4306 || 0.416946220994104 || 2012-01-09 21:10:41 |
| 4307 || 2.41975347977615 || 2018-08-19 14:24:08 |
| 4308 || -5.34688782240558 || 2018-02-17 15:40:46 |
| 4309 || -5.5480837966897 || 2017-12-07 23:11:02 |
| 4310 || 72.1470841837617 || 2014-02-19 16:54:58 |
| 4311 || 5.31739515812693 || 2011-11-14 18:04:59 |
| 4312 || -0.868702520586258 || 2012-02-03 20:15:17 |
| 4313 || 6.0178254872664 || 2013-02-23 20:32:01 |
| 4314 || -19.6040903227237 || 2014-08-26 12:43:07 |
| 4315 || 5.25852236451622 || 2019-08-22 12:33:15 |
| 4316 || -15.2002800873648 || 2013-04-24 14:33:58 |
| 4317 || -0.346581101970477 || 2011-01-09 16:56:43 |
| 4318 || 7.87579481348273 || 2016-05-27 08:54:32 |
| 4319 || 27.3258262815791 || 2019-07-04 08:09:13 |
| 4320 || 58.3610592268509 || 2015-10-21 05:04:01 |
| 4321 || -20.3562182206126 || 2011-02-24 15:48:39 |
| 4322 || 7.99832156942293 || 2017-05-02 02:34:05 |
| 4323 || 4.73863921559345 || 2016-11-08 19:21:03 |
| 4324 || -17.2049153520447 || 2019-12-22 17:53:48 |
| 4325 || 34.3818368395925 || 2012-12-09 23:21:04 |
| 4326 || -11.3975423167812 || 2018-10-15 02:13:57 |
| 4327 || 8.65393713005595 || 2019-09-09 05:46:55 |
| 4328 || 1.69231939196118 || 2019-09-07 22:35:17 |
| 4329 || -14.8996240467792 || 2010-06-15 00:02:29 |
| 4330 || -24.8694931030442 || 2017-07-20 01:36:58 |
| 4331 || 9.09009143195212 || 2013-09-20 07:13:32 |
| 4332 || -4.31618675200391 || 2016-09-13 17:26:19 |
| 4333 || 1.67067012316191 || 2015-03-14 15:32:02 |
| 4334 || -10.5805866170752 || 2019-09-24 01:25:36 |
| 4335 || -18.559619699341 || 2017-12-08 16:46:52 |
| 4336 || 30.119139182212 || 2017-04-15 11:34:44 |
| 4337 || 23.6302742823365 || 2010-06-06 06:03:09 |
| 4338 || 0.421594353169807 || 2016-07-12 20:21:03 |
| 4339 || 15.3698815815299 || 2010-02-22 09:43:52 |
| 4340 || -15.5405603351407 || 2013-06-02 21:10:43 |
| 4341 || 63.499269052564 || 2019-09-15 13:28:58 |
| 4342 || 21.4142099199957 || 2018-06-15 21:14:03 |
| 4343 || 0.025569633199282 || 2016-06-26 16:44:19 |
| 4344 || 3.82835845985947 || 2014-01-01 20:25:57 |
| 4345 || -23.9200065613398 || 2011-03-15 08:45:19 |
| 4346 || 6.64046509914017 || 2011-11-13 01:55:05 |
| 4347 || 25.7464130035824 || 2015-11-13 09:22:42 |
| 4348 || 0.00558255475902839 || 2015-08-06 12:04:55 |
| 4349 || -8.78355633322316 || 2018-10-04 16:20:03 |
| 4350 || 42.8400252999004 || 2015-09-07 21:53:19 |
| 4351 || 15.5208484763247 || 2010-10-24 16:19:47 |
| 4352 || 14.0804529436275 || 2012-05-15 08:53:00 |
| 4353 || -0.307214156872626 || 2014-01-22 02:53:14 |
| 4354 || 21.5126810451417 || 2018-07-10 13:46:13 |
| 4355 || 4.30523252457007 || 2019-08-06 05:42:50 |
| 4356 || 21.2377261767748 || 2017-04-08 23:44:05 |
| 4357 || 42.8540251002576 || 2016-03-20 12:36:27 |
| 4358 || 1.5705601009038 || 2019-10-17 10:22:51 |
| 4359 || -0.188987680824349 || 2018-04-18 03:25:00 |
| 4360 || 66.6657939684814 || 2013-09-18 09:53:51 |
| 4361 || -12.7155481911401 || 2014-07-18 19:35:18 |
| 4362 || 20.1786506326159 || 2016-10-16 10:07:31 |
| 4363 || -0.0609327697495573 || 2016-10-10 18:19:05 |
| 4364 || -3.76888465884991 || 2016-06-26 03:06:28 |
| 4365 || 45.3978338947174 || 2013-01-04 20:54:52 |
| 4366 || -29.8324016913648 || 2014-08-22 10:08:49 |
| 4367 || 21.9993841752114 || 2015-05-08 02:58:33 |
| 4368 || 7.08357704868371 || 2013-03-06 23:09:51 |
| 4369 || 4.57243003286843 || 2013-10-16 15:15:39 |
| 4370 || 19.9866893173545 || 2013-11-23 06:45:41 |
| 4371 || 79.4287910892784 || 2019-02-06 05:28:05 |
| 4372 || -20.1558256114286 || 2010-03-23 12:48:48 |
| 4373 || 2.75119752136139 || 2011-09-21 08:30:00 |
| 4374 || 2.64492561816037 || 2014-03-14 18:11:11 |
| 4375 || 44.8792187830714 || 2010-07-24 07:34:40 |
| 4376 || -28.8287414371801 || 2011-05-23 05:13:46 |
| 4377 || 52.5597531905044 || 2015-05-25 23:00:58 |
| 4378 || -4.17666082281806 || 2011-10-20 04:49:31 |
| 4379 || 3.75630188439341 || 2016-02-01 14:34:29 |
| 4380 || 10.7480834859893 || 2012-10-20 16:21:22 |
| 4381 || 2.44060554299796 || 2019-04-13 05:20:42 |
| 4382 || 41.0611534553882 || 2012-05-05 10:25:44 |
| 4383 || 17.3955974469912 || 2018-02-26 13:49:48 |
| 4384 || 1.06297086499323 || 2013-02-04 04:42:32 |
| 4385 || 23.1848040775114 || 2010-03-25 07:35:30 |
| 4386 || -28.9310572999905 || 2011-12-03 13:39:39 |
| 4387 || 3.45028882620578 || 2014-10-13 07:05:47 |
| 4388 || 18.8809391538163 || 2016-08-27 19:46:16 |
| 4389 || 0.507307562048817 || 2015-01-13 01:09:05 |
| 4390 || 37.2055896750122 || 2010-11-04 11:03:58 |
| 4391 || 84.3863487096252 || 2016-10-27 04:50:48 |
| 4392 || 27.2274753300696 || 2019-09-26 13:03:12 |
| 4393 || 24.133552979826 || 2014-06-25 13:01:52 |
| 4394 || 0.0175039210552356 || 2013-12-06 05:19:03 |
| 4395 || 24.5234593892254 || 2010-09-21 02:02:30 |
| 4396 || 48.2939425036848 || 2019-01-23 10:44:38 |
| 4397 || 77.3739489750479 || 2016-04-09 08:49:26 |
| 4398 || -1.77016129501905 || 2016-03-26 00:05:00 |
| 4399 || 0.0758949239703686 || 2019-12-06 07:20:44 |
| 4400 || 5.20892439748511 || 2015-08-07 13:33:03 |
| 4401 || 76.4756392498602 || 2019-01-19 19:02:21 |
| 4402 || 84.227901602386 || 2019-08-13 18:03:44 |
| 4403 || -9.43071989944591 || 2013-03-09 22:24:44 |
| 4404 || 0.28991347455091 || 2016-06-07 17:20:50 |
| 4405 || -6.77100024111828 || 2019-01-08 15:03:24 |
| 4406 || 60.3103803409088 || 2013-05-25 15:33:58 |
| 4407 || 69.6747535785431 || 2011-03-09 08:27:28 |
| 4408 || 17.8473193781186 || 2012-04-06 06:33:28 |
| 4409 || 1.50797419862436 || 2019-04-19 23:35:45 |
| 4410 || -5.37353396133494 || 2018-09-10 16:31:21 |
| 4411 || 65.0994640951428 || 2016-11-05 09:41:24 |
| 4412 || 86.6959011795496 || 2019-05-08 09:20:49 |
| 4413 || -16.0565931342121 || 2011-04-21 02:42:39 |
| 4414 || -1.17330572310605 || 2018-11-25 21:29:28 |
| 4415 || 13.0402222201059 || 2013-12-06 00:56:14 |
| 4416 || 60.3094581404224 || 2013-06-09 02:31:04 |
| 4417 || 76.7654599133689 || 2016-07-01 14:04:39 |
| 4418 || 50.3872709327228 || 2012-07-23 09:36:54 |
| 4419 || 1.24455062419563 || 2017-12-17 00:24:42 |
| 4420 || 9.26048430345304 || 2015-10-20 03:37:58 |
| 4421 || -18.558274057097 || 2013-06-13 10:23:52 |
| 4422 || 86.0967814075011 || 2019-08-10 21:54:01 |
| 4423 || 59.1083696589123 || 2012-05-13 08:08:55 |
| 4424 || -0.780758834497817 || 2012-06-15 07:13:02 |
| 4425 || -1.47933935938586 || 2012-10-02 12:00:53 |
| 4426 || 49.4867152858052 || 2011-11-10 19:03:15 |
| 4427 || 88.9139351097689 || 2015-07-20 15:30:20 |
| 4428 || -21.5444675444958 || 2012-02-20 17:50:36 |
| 4429 || 13.3294803920897 || 2017-02-23 02:38:37 |
| 4430 || 1.44583396581698 || 2016-03-06 18:54:10 |
| 4431 || 48.3132211026984 || 2018-07-03 19:13:16 |
| 4432 || -24.2369485779464 || 2015-12-14 23:11:56 |
| 4433 || 61.765911365757 || 2015-02-21 01:27:36 |
| 4434 || -4.05494661074578 || 2010-10-06 05:28:46 |
| 4435 || -0.00259379488907207 || 2010-02-04 06:16:03 |
| 4436 || 19.1506895057686 || 2010-01-09 05:06:18 |
| 4437 || 13.7972268099078 || 2018-01-23 15:51:15 |
| 4438 || 43.5246142876726 || 2013-02-10 09:04:28 |
| 4439 || 5.82166938614861 || 2013-03-01 06:16:30 |
| 4440 || 0.603248131371824 || 2013-08-19 17:36:41 |
| 4441 || 22.970916119042 || 2017-03-24 14:17:46 |
| 4442 || 83.5135261375772 || 2014-09-18 22:16:54 |
| 4443 || -25.9015334064838 || 2015-02-07 13:41:52 |
| 4444 || 26.2439654259223 || 2017-09-18 06:49:11 |
| 4445 || 0.139501386717008 || 2017-11-03 06:20:16 |
| 4446 || -3.14037431229294 || 2015-07-15 10:21:33 |
| 4447 || -2.9987504723691 || 2012-02-22 16:19:11 |
| 4448 || 62.9553204053995 || 2019-03-17 05:28:31 |
| 4449 || -0.950906166039579 || 2019-01-19 17:25:23 |
| 4450 || 0.0355384851616848 || 2018-02-08 05:12:27 |
| 4451 || -3.94269354580313 || 2012-12-11 20:00:26 |
| 4452 || 9.928852501066 || 2018-01-12 02:04:34 |
| 4453 || 26.5023487695768 || 2012-08-13 23:37:47 |
| 4454 || -11.9936551275104 || 2010-02-18 12:12:20 |
| 4455 || 0.271740157967645 || 2011-08-11 03:27:23 |
| 4456 || 16.7340693353045 || 2016-08-25 06:40:00 |
| 4457 || 64.713526706055 || 2010-12-24 21:35:49 |
| 4458 || -28.8412708899273 || 2015-05-26 07:45:07 |
| 4459 || -13.9496000839171 || 2019-12-21 14:03:02 |
| 4460 || 1.53247596884538 || 2010-09-19 03:45:21 |
| 4461 || 18.3626008572261 || 2018-12-07 17:45:24 |
| 4462 || -17.2695554020349 || 2013-05-22 19:47:56 |
| 4463 || 56.3240480096479 || 2010-10-05 20:57:12 |
| 4464 || -1.79655105647877 || 2015-03-05 15:35:12 |
| 4465 || 3.26463304455419 || 2017-11-14 23:19:16 |
| 4466 || -1.92405454537028 || 2013-02-03 18:44:26 |
| 4467 || 58.481691819754 || 2015-02-26 15:33:29 |
| 4468 || 56.6095237923335 || 2012-01-25 05:14:43 |
| 4469 || -15.9171332740802 || 2012-06-07 14:27:04 |
| 4470 || 1.20400490287654 || 2017-01-19 05:06:47 |
| 4471 || 5.33086546310583 || 2015-03-12 00:29:48 |
| 4472 || -6.96774819740315 || 2018-12-25 14:20:09 |
| 4473 || -26.348305071551 || 2012-03-08 10:07:39 |
| 4474 || 49.0634477646809 || 2014-10-18 09:41:17 |
| 4475 || -0.295182331618745 || 2014-04-03 14:42:16 |
| 4476 || 3.96326422630684 || 2019-06-02 14:44:30 |
| 4477 || 55.9977118648125 || 2011-02-01 06:15:25 |
| 4478 || -21.5651775408412 || 2012-04-04 17:21:51 |
| 4479 || 6.26750716546483 || 2017-02-10 20:49:21 |
| 4480 || 4.20624089590457 || 2011-10-07 17:02:11 |
| 4481 || -1.50976535138774 || 2016-04-19 14:14:46 |
| 4482 || -16.8546770799153 || 2019-08-02 13:31:15 |
| 4483 || 54.6767252021234 || 2012-04-07 17:18:40 |
| 4484 || -22.7153673338032 || 2012-07-18 01:52:54 |
| 4485 || 16.5282385633311 || 2019-12-02 17:39:23 |
| 4486 || 1.54486712683515 || 2017-12-02 03:38:44 |
| 4487 || 43.2488002088036 || 2014-05-18 03:10:40 |
| 4488 || 81.0933452692924 || 2016-10-15 23:35:05 |
| 4489 || 70.32747606826 || 2017-01-09 06:49:40 |
| 4490 || -6.7777821010493 || 2017-05-25 08:53:45 |
| 4491 || 1.02908251012876 || 2014-08-12 10:52:33 |
| 4492 || -12.8397560843114 || 2013-03-16 07:14:27 |
| 4493 || 6.27627347051556 || 2010-02-24 20:54:22 |
| 4494 || 42.2478754182802 || 2015-12-13 18:23:36 |
| 4495 || 22.2783701126328 || 2017-04-22 11:32:32 |
| 4496 || -0.0747922365469492 || 2017-06-12 11:30:21 |
| 4497 || 18.1877041027042 || 2018-12-03 16:48:57 |
| 4498 || -25.830622312805 || 2014-10-23 10:54:19 |
| 4499 || 2.22394734710261 || 2012-06-11 05:12:50 |
| 4500 || -5.91320565523686 || 2014-08-27 10:29:44 |
| 4501 || 0.000896398945658959 || 2010-11-05 08:24:19 |
| 4502 || 28.9270590067007 || 2019-10-20 12:30:03 |
| 4503 || 34.4608064099331 || 2012-06-13 13:49:32 |
| 4504 || -1.56618766730737 || 2012-01-27 16:35:55 |
| 4505 || 3.83970825072998 || 2010-08-16 13:58:03 |
| 4506 || 0.418290784837056 || 2015-08-15 16:31:15 |
| 4507 || 5.84124098943875 || 2017-02-01 06:54:05 |
| 4508 || 64.7536591554921 || 2018-12-19 23:37:39 |
| 4509 || 47.3265395644281 || 2013-05-11 00:59:18 |
| 4510 || 27.0134159365306 || 2016-03-22 23:14:59 |
| 4511 || 0.629936436102128 || 2010-09-22 17:58:16 |
| 4512 || -6.18271921773585 || 2014-02-14 05:14:38 |
| 4513 || 67.9339231288075 || 2019-04-18 23:18:49 |
| 4514 || -7.68628390674287 || 2013-08-19 03:38:58 |
| 4515 || -15.0532394596186 || 2017-12-05 09:38:53 |
| 4516 || 2.02495237878628 || 2012-09-02 08:06:15 |
| 4517 || 13.9507202658087 || 2017-06-21 12:48:26 |
| 4518 || 65.9284593444244 || 2011-05-22 22:33:38 |
| 4519 || 88.9576341325328 || 2019-07-16 22:30:47 |
| 4520 || -17.1055707224261 || 2012-01-23 12:34:53 |
| 4521 || 5.56176488345565 || 2015-04-14 04:22:12 |
| 4522 || 1.18433907248326 || 2019-09-18 18:57:05 |
| 4523 || 56.1938321031471 || 2013-07-07 03:46:32 |
| 4524 || 53.1187638277818 || 2011-01-01 11:47:40 |
| 4525 || 54.5506121376725 || 2018-01-11 21:37:01 |
| 4526 || 1.89528448504799 || 2011-12-10 07:37:09 |
| 4527 || 0.228961371417894 || 2015-01-14 10:32:30 |
| 4528 || -3.66303301432812 || 2017-06-25 19:01:04 |
| 4529 || 87.0712764062668 || 2010-01-08 16:01:40 |
| 4530 || 62.6020605194736 || 2017-09-12 17:32:18 |
| 4531 || 6.81762226805489 || 2016-07-24 21:18:24 |
| 4532 || 5.24114574004404 || 2012-08-10 15:53:40 |
| 4533 || -15.7643242367901 || 2015-04-15 09:03:43 |
| 4534 || 89.1184382243464 || 2011-12-09 10:55:27 |
| 4535 || 4.98387235408184 || 2010-03-13 01:11:45 |
| 4536 || 3.78377259104871 || 2011-07-13 09:14:39 |
| 4537 || -0.0391112711700114 || 2017-01-02 11:02:43 |
| 4538 || 44.5384769982051 || 2016-07-16 16:38:29 |
| 4539 || -28.9698092887569 || 2013-04-03 14:31:12 |
| 4540 || 2.78115194308166 || 2012-11-25 17:02:31 |
| 4541 || -2.36876782663493 || 2017-08-26 06:07:59 |
| 4542 || 1.05534393160693 || 2016-10-03 10:00:53 |
| 4543 || 13.6907119508969 || 2018-07-04 18:07:51 |
| 4544 || -11.1123477332273 || 2016-12-12 02:30:03 |
| 4545 || 75.8194042941823 || 2018-07-02 20:22:08 |
| 4546 || 19.0408762592827 || 2016-04-06 03:56:57 |
| 4547 || -0.106875081113667 || 2017-10-02 19:13:18 |
| 4548 || 35.1055192609644 || 2013-07-21 23:17:01 |
| 4549 || 79.376565401406 || 2018-09-24 00:19:20 |
| 4550 || 33.3621313814593 || 2010-06-13 04:09:36 |
| 4551 || 14.9418585545887 || 2016-07-08 17:17:10 |
| 4552 || 0.000370839297993891 || 2013-07-03 12:36:38 |
| 4553 || 28.913064313857 || 2014-07-20 23:59:56 |
| 4554 || 32.6530513977666 || 2018-02-18 00:05:01 |
| 4555 || 25.9801381276163 || 2016-07-20 19:50:55 |
| 4556 || 16.4723272688926 || 2017-10-26 05:14:48 |
| 4557 || 0.209966844490643 || 2015-02-08 21:43:52 |
| 4558 || -8.11560472434181 || 2013-12-23 05:51:53 |
| 4559 || -19.6448890679985 || 2019-10-18 01:29:52 |
| 4560 || -17.4788040542466 || 2011-12-19 00:11:08 |
| 4561 || -13.4607014889001 || 2018-09-22 22:07:13 |
| 4562 || 0.081449192223723 || 2016-08-17 11:11:21 |
| 4563 || 2.12241701203491 || 2018-07-22 04:36:11 |
| 4564 || -3.38713325576615 || 2012-07-08 14:40:08 |
| 4565 || -22.2773718970783 || 2017-06-09 19:57:18 |
| 4566 || 23.2290496938146 || 2011-05-24 06:28:28 |
| 4567 || 2.4773914637284 || 2017-12-16 15:50:22 |
| 4568 || 5.68471992388927 || 2015-10-08 04:17:38 |
| 4569 || 65.3237061185722 || 2018-08-04 07:56:14 |
| 4570 || 16.5104670046387 || 2010-09-27 13:48:19 |
| 4571 || 42.6214779633016 || 2013-03-06 18:59:02 |
| 4572 || -0.647779936018655 || 2016-05-09 11:08:11 |
| 4573 || 8.11210531292453 || 2017-04-24 02:33:45 |
| 4574 || 33.4424277513678 || 2016-04-01 22:25:10 |
| 4575 || 84.5585569042689 || 2019-02-14 18:09:26 |
| 4576 || -9.72691685388225 || 2019-07-06 14:57:45 |
| 4577 || 3.30755429035054 || 2012-03-13 19:14:35 |
| 4578 || 8.63590964213777 || 2017-07-23 00:55:15 |
| 4579 || 43.2122648807285 || 2015-04-23 15:45:23 |
| 4580 || 67.6476841753997 || 2018-01-02 04:11:28 |
| 4581 || 60.6401087146152 || 2015-05-17 07:40:24 |
| 4582 || 1.46661334821915 || 2017-05-13 15:07:18 |
| 4583 || -1.89134076642975 || 2012-02-23 08:15:27 |
| 4584 || 48.1764681511239 || 2012-06-07 23:38:28 |
| 4585 || 67.4804471968402 || 2011-11-27 15:02:49 |
| 4586 || 44.1526508877071 || 2012-12-02 17:01:08 |
| 4587 || 6.07747028521055 || 2015-12-23 16:23:30 |
| 4588 || 0.510185288949559 || 2015-06-22 08:07:11 |
| 4589 || -15.6721092770411 || 2016-05-24 22:13:33 |
| 4590 || -25.2078013601657 || 2012-09-03 12:17:07 |
| 4591 || -10.0863741048877 || 2019-07-24 03:40:52 |
| 4592 || 11.0536304714757 || 2010-07-23 22:16:43 |
| 4593 || -0.367639645182272 || 2016-04-24 00:18:58 |
| 4594 || -3.11488827637553 || 2016-03-17 02:44:58 |
| 4595 || 85.4669161432074 || 2019-02-23 10:48:32 |
| 4596 || 22.5661235838501 || 2019-10-16 21:26:16 |
| 4597 || 3.23906489924416 || 2017-09-08 15:09:23 |
| 4598 || -0.161616345036602 || 2015-12-27 17:39:54 |
| 4599 || -8.88079400694196 || 2012-04-16 19:54:22 |
| 4600 || -27.8781794275684 || 2014-03-27 11:00:12 |
| 4601 || 7.50111212971734 || 2010-01-09 11:48:13 |
| 4602 || 21.2747214000926 || 2012-04-17 10:00:55 |
| 4603 || 0.00661635730857936 || 2016-05-07 09:27:22 |
| 4604 || 23.6226211411422 || 2013-01-13 23:48:01 |
| 4605 || 80.6009592026415 || 2017-01-20 22:01:15 |
| 4606 || -27.0393537184086 || 2013-10-17 19:05:13 |
| 4607 || 27.1927841801346 || 2016-03-10 22:13:15 |
| 4608 || 0.042761768773106 || 2010-12-25 12:35:56 |
| 4609 || 26.0460467464865 || 2014-03-07 14:51:47 |
| 4610 || 17.6804935052542 || 2012-12-23 12:06:46 |
| 4611 || 16.0017048775519 || 2018-07-22 06:30:09 |
| 4612 || 25.4681491240065 || 2014-08-19 18:52:55 |
| 4613 || 0.951748017000237 || 2017-05-01 06:12:55 |
| 4614 || 21.3149660062472 || 2011-11-08 15:54:28 |
| 4615 || 72.8478945618457 || 2017-09-08 21:19:15 |
| 4616 || -7.65706109151435 || 2017-01-21 19:53:38 |
| 4617 || -2.19464010712271 || 2014-04-05 01:38:12 |
| 4618 || 2.14669251876476 || 2018-09-09 07:14:10 |
| 4619 || 12.4904928194997 || 2019-11-27 17:14:25 |
| 4620 || -14.5694874213591 || 2011-04-04 09:33:24 |
| 4621 || -29.1458756899927 || 2012-11-18 20:59:10 |
| 4622 || 39.4017641901036 || 2016-08-06 07:26:41 |
| 4623 || -1.17846983466175 || 2012-05-22 00:41:02 |
| 4624 || -4.09111088145053 || 2013-06-10 14:35:03 |
| 4625 || 48.5198054204591 || 2016-09-21 10:34:08 |
| 4626 || 53.5025817386868 || 2018-07-02 02:19:53 |
| 4627 || 54.4374986427208 || 2018-06-20 12:48:28 |
| 4628 || -0.654269787317358 || 2012-11-24 12:20:11 |
| 4629 || -1.95054058956655 || 2016-04-11 09:13:20 |
| 4630 || 38.7552994796353 || 2010-06-06 03:54:20 |
| 4631 || 10.1157994563247 || 2016-11-20 00:19:56 |
| 4632 || -14.7664207268428 || 2015-01-20 02:52:53 |
| 4633 || -3.17132028399478 || 2016-01-03 19:33:41 |
| 4634 || 5.81942114385219 || 2014-05-04 01:39:15 |
| 4635 || -6.7968502921289 || 2012-12-22 06:09:25 |
| 4636 || 78.5910247557582 || 2014-03-01 17:20:42 |
| 4637 || 41.9119135446118 || 2017-02-01 04:06:04 |
| 4638 || 2.06376137328174 || 2011-04-08 23:20:32 |
| 4639 || 3.39308591259378 || 2017-01-10 07:43:41 |
| 4640 || -13.8656333094181 || 2015-05-02 16:05:30 |
| 4641 || 45.3245113224466 || 2012-05-02 03:32:54 |
| 4642 || -14.8724912844053 || 2016-07-06 08:24:54 |
| 4643 || 15.9320999363878 || 2015-03-15 01:54:28 |
| 4644 || -0.467585621352675 || 2013-05-02 20:15:32 |
| 4645 || 18.1359920503335 || 2017-05-03 17:52:16 |
| 4646 || -15.5313110137856 || 2013-01-13 19:24:18 |
| 4647 || 26.5669880603109 || 2018-05-06 09:52:54 |
| 4648 || -4.10580684007933 || 2017-07-21 01:28:25 |
| 4649 || 0.592467918257078 || 2013-09-22 23:28:33 |
| 4650 || 35.524254576 || 2016-12-04 10:03:46 |
| 4651 || 5.83991526189201 || 2017-10-23 09:32:31 |
| 4652 || 75.8277728857608 || 2017-09-03 11:00:20 |
| 4653 || -8.54141107214155 || 2019-05-25 04:32:47 |
| 4654 || 0.0193687514428671 || 2011-05-19 08:44:22 |
| 4655 || -9.17774702496204 || 2013-01-20 22:06:17 |
| 4656 || 38.3960455483242 || 2017-06-24 13:54:03 |
| 4657 || 55.9668633641106 || 2014-02-16 01:45:47 |
| 4658 || 32.5284008782334 || 2016-05-17 19:16:34 |
| 4659 || 0.00421018111025839 || 2016-04-05 07:16:50 |
| 4660 || 22.2905112903771 || 2011-12-20 01:54:36 |
| 4661 || 16.7672983913801 || 2013-11-14 08:29:02 |
| 4662 || -10.8614422257615 || 2015-12-10 04:39:03 |
| 4663 || 33.588191971032 || 2017-04-05 23:45:36 |
| 4664 || 0.638230218913758 || 2014-03-16 01:08:30 |
| 4665 || 2.6894836592376 || 2018-04-22 01:18:56 |
| 4666 || -22.0193008181331 || 2018-07-27 22:56:31 |
| 4667 || 56.3881130353864 || 2012-07-20 17:24:24 |
| 4668 || 42.0531833317622 || 2011-11-26 21:15:09 |
| 4669 || -0.728589125309451 || 2018-11-26 13:02:01 |
| 4670 || -2.69547965198355 || 2012-11-22 07:37:35 |
| 4671 || -16.4397188702128 || 2015-07-23 12:41:57 |
| 4672 || 69.3811525620568 || 2018-05-19 05:49:25 |
| 4673 || -4.59797886872499 || 2011-05-07 00:28:37 |
| 4674 || 0.729477327067007 || 2011-07-07 08:02:43 |
| 4675 || -4.23677303528175 || 2010-04-08 19:21:26 |
| 4676 || -7.41750800912921 || 2014-10-04 10:14:31 |
| 4677 || 66.5450459494949 || 2012-07-20 07:31:41 |
| 4678 || 18.2651330464996 || 2017-01-19 15:18:42 |
| 4679 || 5.91420757698102 || 2014-11-25 12:03:18 |
| 4680 || 9.76797297218524 || 2019-03-19 09:27:03 |
| 4681 || 39.3793682734586 || 2014-08-26 02:43:23 |
| 4682 || -11.1600097911695 || 2017-08-17 01:38:00 |
| 4683 || 57.3725974178385 || 2010-10-08 20:56:30 |
| 4684 || -3.14745072181114 || 2017-08-25 17:55:06 |
| 4685 || -1.60154296305329 || 2011-06-21 15:57:44 |
| 4686 || 19.5857240039699 || 2014-12-27 08:28:20 |
| 4687 || 3.06898141685593 || 2017-05-02 09:17:34 |
| 4688 || 7.48419293794533 || 2015-09-09 12:55:32 |
| 4689 || -3.92969071988731 || 2016-12-25 06:13:53 |
| 4690 || -1.01245292651001 || 2017-04-07 06:05:51 |
| 4691 || 49.1830577074591 || 2014-10-23 15:53:08 |
| 4692 || -28.1539346111847 || 2018-05-07 02:54:34 |
| 4693 || -21.9986385012013 || 2013-05-14 19:59:39 |
| 4694 || -5.73250188260129 || 2010-11-09 04:31:43 |
| 4695 || 0.237850356151427 || 2017-08-05 04:31:09 |
| 4696 || 5.65941531629424 || 2017-01-05 11:06:50 |
| 4697 || 77.4997987720756 || 2017-07-26 14:39:23 |
| 4698 || -24.2003003599542 || 2019-03-27 03:09:12 |
| 4699 || 21.4145297096942 || 2013-07-13 20:46:08 |
| 4700 || -0.278416349222895 || 2019-05-02 06:53:32 |
| 4701 || 33.4206813822566 || 2019-06-21 14:23:35 |
| 4702 || 1.73931495379378 || 2016-03-13 02:42:06 |
| 4703 || 75.485704298318 || 2015-01-15 11:38:54 |
| 4704 || 24.4302136514047 || 2010-03-05 21:15:24 |
| 4705 || -0.032500120359406 || 2019-06-01 09:59:41 |
| 4706 || 19.5010655153275 || 2018-04-21 06:08:18 |
| 4707 || 25.0726905175953 || 2014-10-12 09:53:18 |
| 4708 || 79.5183874814263 || 2012-09-15 06:07:50 |
| 4709 || -1.15409890453453 || 2017-09-18 03:49:59 |
| 4710 || 0.0470054868929855 || 2019-11-22 04:53:32 |
| 4711 || 26.6052864175923 || 2012-11-01 15:32:27 |
| 4712 || 64.8281937575886 || 2018-11-03 19:42:24 |
| 4713 || 38.3183191241239 || 2018-05-15 04:29:58 |
| 4714 || -4.58613988785655 || 2015-01-19 02:37:18 |
| 4715 || -0.0475975334452073 || 2017-08-22 14:31:12 |
| 4716 || 23.1182192082389 || 2011-01-20 12:41:39 |
| 4717 || -24.1517940497246 || 2014-12-19 05:31:36 |
| 4718 || 56.7703657183739 || 2019-06-06 05:40:24 |
| 4719 || 21.9257178938553 || 2014-01-17 02:12:48 |
| 4720 || 1.6279197488551 || 2010-05-14 00:12:00 |
| 4721 || -2.53270796146252 || 2013-08-05 04:45:34 |
| 4722 || -17.6224832585346 || 2018-09-26 06:11:12 |
| 4723 || -29.4442194419972 || 2011-09-20 09:15:28 |
| 4724 || 33.9111848363811 || 2013-08-06 15:05:49 |
| 4725 || 3.00806587447066 || 2015-05-22 22:02:31 |
| 4726 || -4.7816895275736 || 2015-05-16 07:10:00 |
| 4727 || -13.1407586825176 || 2012-08-10 00:50:33 |
| 4728 || 1.77491978136132 || 2017-05-15 00:47:23 |
| 4729 || -17.8573434022354 || 2014-08-19 01:13:38 |
| 4730 || -2.00573295915542 || 2019-09-18 16:28:25 |
| 4731 || 3.08498352581593 || 2013-01-21 12:01:08 |
| 4732 || 31.4214240908988 || 2016-07-21 20:39:39 |
| 4733 || -11.5977189296899 || 2014-09-18 20:24:02 |
| 4734 || 50.1058211883049 || 2014-01-24 21:32:46 |
| 4735 || 2.06575325950052 || 2011-06-14 08:08:01 |
| 4736 || -2.0485298021872 || 2010-12-26 00:58:15 |
| 4737 || -18.2736506634201 || 2014-04-06 22:08:05 |
| 4738 || 30.4369685130607 || 2012-12-06 08:55:08 |
| 4739 || -12.3142693955075 || 2019-07-09 11:32:41 |
| 4740 || -1.61521593055833 || 2014-09-26 18:10:09 |
| 4741 || 2.62905610562116 || 2011-01-11 05:02:32 |
| 4742 || -7.55250015301317 || 2018-05-22 21:01:05 |
| 4743 || 88.5492651417618 || 2013-06-26 19:48:05 |
| 4744 || 12.7049971290781 || 2014-02-02 02:18:59 |
| 4745 || -2.64756891835003 || 2011-08-25 11:50:36 |
| 4746 || 1.44419434867413 || 2011-07-01 01:51:09 |
| 4747 || 22.3671728155948 || 2017-09-13 04:15:19 |
| 4748 || -22.8022315601909 || 2018-02-25 07:52:06 |
| 4749 || 64.4466915632205 || 2018-03-21 21:53:21 |
| 4750 || -4.14861866566504 || 2013-03-08 22:18:55 |
| 4751 || 0.0656753243273215 || 2015-02-26 23:23:49 |
| 4752 || 17.814390508206 || 2016-09-11 06:40:42 |
| 4753 || -14.5001775185761 || 2017-03-03 13:28:26 |
| 4754 || -14.0963698464259 || 2014-02-15 14:25:58 |
| 4755 || -4.54977548603065 || 2010-03-18 15:20:13 |
| 4756 || 0.110440483106793 || 2012-03-15 04:40:38 |
| 4757 || 15.9984399571699 || 2019-02-10 02:24:01 |
| 4758 || -24.6797611094374 || 2012-05-01 07:13:36 |
| 4759 || 80.0137679267605 || 2019-11-16 11:32:25 |
| 4760 || 25.8077765955783 || 2010-07-09 02:57:04 |
| 4761 || -0.000882915119709417 || 2012-07-08 02:30:07 |
| 4762 || 24.6718914301311 || 2019-02-02 11:56:11 |
| 4763 || -19.800449936079 || 2013-05-17 10:53:08 |
| 4764 || 77.7390171638659 || 2010-08-21 12:29:00 |
| 4765 || 36.2230443753153 || 2015-05-15 18:13:30 |
| 4766 || 0.360045322371264 || 2012-02-14 06:46:48 |
| 4767 || 22.9190627682778 || 2017-09-21 15:55:20 |
| 4768 || -2.54923892638128 || 2014-02-10 12:27:50 |
| 4769 || 86.1968037677805 || 2018-02-13 22:34:32 |
| 4770 || 31.8790021385675 || 2016-01-14 17:30:51 |
| 4771 || 1.27336404621596 || 2010-06-16 08:49:37 |
| 4772 || 18.0261837450023 || 2013-01-06 00:57:01 |
| 4773 || 42.7061106007702 || 2012-03-04 17:28:07 |
| 4774 || -29.3531867388174 || 2012-10-22 17:11:27 |
| 4775 || -15.7205868446436 || 2015-11-09 00:49:39 |
| 4776 || -0.784509232841518 || 2017-11-08 01:45:23 |
| 4777 || -1.71964872077486 || 2011-07-02 22:15:33 |
| 4778 || 49.8132322038316 || 2017-09-22 21:10:37 |
| 4779 || 88.3240758221006 || 2017-01-03 07:39:04 |
| 4780 || 51.7320691961301 || 2011-10-01 23:02:17 |
| 4781 || -1.09152297867583 || 2013-10-06 15:34:00 |
| 4782 || -3.0093646114671 || 2015-08-03 07:10:30 |
| 4783 || 40.4420486250432 || 2015-01-19 06:48:55 |
| 4784 || -28.0354839729088 || 2018-11-09 21:50:28 |
| 4785 || 54.711781080652 || 2010-10-23 14:54:16 |
| 4786 || 3.7276126075433 || 2018-11-08 07:49:13 |
| 4787 || 3.43915859314749 || 2017-05-01 16:39:40 |
| 4788 || -7.84316630849149 || 2015-07-04 04:53:00 |
| 4789 || 42.6345525170312 || 2010-07-10 08:14:16 |
| 4790 || 40.3286416101248 || 2015-05-15 10:24:42 |
| 4791 || -3.09190751442438 || 2010-04-18 20:00:51 |
| 4792 || -1.39303899868021 || 2015-04-10 09:24:06 |
| 4793 || -15.3599938452322 || 2019-05-21 08:57:11 |
| 4794 || 87.3720447899596 || 2019-05-02 09:02:13 |
| 4795 || 54.5935083521329 || 2019-11-26 03:56:19 |
| 4796 || -3.75964615509506 || 2010-01-18 03:14:44 |
| 4797 || 1.01675338608479 || 2015-08-09 02:52:21 |
| 4798 || -15.3041225513355 || 2013-10-11 21:50:51 |
| 4799 || -27.253074843321 || 2017-07-17 11:49:57 |
| 4800 || 72.2233506969287 || 2016-10-24 21:55:01 |
| 4801 || 14.9315748482758 || 2016-12-11 09:29:45 |
| 4802 || 1.1828519151163 || 2010-12-09 00:07:33 |
| 4803 || 30.7704584263941 || 2013-09-16 11:56:27 |
| 4804 || 78.703626659098 || 2013-02-22 11:06:24 |
| 4805 || -25.4111873117286 || 2018-11-07 22:03:04 |
| 4806 || 23.8742291147388 || 2019-10-25 03:11:37 |
| 4807 || 0.15348344541604 || 2012-05-08 12:53:56 |
| 4808 || 34.6351212200684 || 2018-09-06 18:21:30 |
| 4809 || -20.0401367267161 || 2019-11-10 01:55:18 |
| 4810 || -25.0647045837024 || 2010-07-20 19:37:31 |
| 4811 || 7.75828325546076 || 2015-05-27 03:37:07 |
| 4812 || 0.000112941140261486 || 2019-09-15 12:11:06 |
| 4813 || 12.7769058779455 || 2013-05-25 13:46:00 |
| 4814 || -0.418079999746757 || 2013-06-02 05:06:15 |
| 4815 || -27.7168895146189 || 2015-10-23 17:51:35 |
| 4816 || 19.7675550069402 || 2018-04-12 22:33:53 |
| 4817 || 0.257100105228365 || 2016-02-05 13:42:08 |
| 4818 || 4.78369591209565 || 2012-03-13 17:13:13 |
| 4819 || 67.9921383722718 || 2010-02-07 01:49:02 |
| 4820 || 63.1234338531957 || 2015-03-07 03:09:10 |
| 4821 || 15.2788489586162 || 2012-06-27 23:18:38 |
| 4822 || 1.30667701648324 || 2017-11-05 17:52:14 |
| 4823 || -0.0199366023501869 || 2011-09-03 14:12:06 |
| 4824 || -23.4413995604443 || 2012-05-23 09:56:35 |
| 4825 || 65.5147758345176 || 2014-06-18 15:51:14 |
| 4826 || -14.2528574643337 || 2012-03-27 04:15:57 |
| 4827 || -0.412257063026865 || 2013-05-04 10:17:06 |
| 4828 || 15.3442923050714 || 2013-12-05 09:45:50 |
| 4829 || 66.871443117241 || 2016-11-07 05:59:32 |
| 4830 || 16.4368213300674 || 2016-09-11 17:03:49 |
| 4831 || 10.3033706336337 || 2015-06-16 20:03:49 |
| 4832 || -1.73457349776889 || 2017-09-20 18:57:47 |
| 4833 || 7.09436741598324 || 2011-09-20 00:53:51 |
| 4834 || 56.0566447180422 || 2012-09-23 22:50:53 |
| 4835 || 89.7127705700088 || 2010-11-22 17:24:18 |
| 4836 || 55.8728443159415 || 2014-12-01 01:46:07 |
| 4837 || 6.51743684362916 || 2014-02-02 07:30:22 |
| 4838 || 8.01611163821121 || 2010-06-13 01:43:22 |
| 4839 || 51.5784328155227 || 2019-09-06 14:51:09 |
| 4840 || 40.7972517051468 || 2013-04-03 02:48:20 |
| 4841 || 61.2895742258413 || 2015-06-07 02:42:25 |
| 4842 || 9.04822857614428 || 2016-02-23 22:13:25 |
| 4843 || -1.71647774359102 || 2012-07-21 09:37:43 |
| 4844 || 48.6379060329065 || 2012-02-05 22:40:10 |
| 4845 || 89.1226108141696 || 2010-06-06 16:24:02 |
| 4846 || 25.2473746854525 || 2012-11-11 11:13:52 |
| 4847 || 8.72082345586004 || 2018-02-15 04:41:35 |
| 4848 || -1.01730063671176 || 2015-09-10 06:03:41 |
| 4849 || -15.4030187555288 || 2017-04-07 06:28:18 |
| 4850 || 33.6632318998263 || 2014-01-05 18:32:08 |
| 4851 || -23.804257194853 || 2010-10-21 16:39:31 |
| 4852 || 6.12733342952578 || 2013-08-04 19:50:01 |
| 4853 || 1.53629342850707 || 2017-10-11 23:42:14 |
| 4854 || 41.5742030327283 || 2016-07-16 15:46:37 |
| 4855 || 20.8754060053573 || 2013-06-10 05:38:47 |
| 4856 || -22.6751646200104 || 2014-06-24 09:59:54 |
| 4857 || 15.3084056741769 || 2013-01-17 08:21:57 |
| 4858 || -0.1272347634272 || 2011-06-14 03:01:03 |
| 4859 || 36.1906542418677 || 2016-02-17 03:39:48 |
| 4860 || 9.12656493420515 || 2010-12-03 20:39:27 |
| 4861 || 19.5744564493158 || 2013-03-20 05:46:10 |
| 4862 || 25.8026624678784 || 2012-06-25 21:03:55 |
| 4863 || -0.00195959105227311 || 2016-04-01 19:12:14 |
| 4864 || 0.223168121884629 || 2017-12-22 07:24:56 |
| 4865 || 78.5242782164124 || 2013-10-12 07:55:02 |
| 4866 || -20.0191947615665 || 2014-11-15 11:00:55 |
| 4867 || 33.6387001618045 || 2014-07-27 11:14:48 |
| 4868 || 0.00434241091459204 || 2016-11-06 03:51:05 |
| 4869 || -1.79979017132729 || 2014-02-22 21:44:39 |
| 4870 || 74.7214427745408 || 2017-12-16 03:34:14 |
| 4871 || -27.4428456682964 || 2011-04-04 21:17:56 |
| 4872 || -0.518511374206826 || 2011-06-08 02:40:44 |
| 4873 || 0.56660282619758 || 2015-12-22 16:24:45 |
| 4874 || -1.1003178361936 || 2019-08-06 08:18:31 |
| 4875 || 67.869258871154 || 2013-08-15 02:51:56 |
| 4876 || 39.8696886513383 || 2019-01-25 21:37:15 |
| 4877 || 43.3355231637248 || 2017-05-07 19:27:16 |
| 4878 || -0.492011909678192 || 2017-04-12 14:08:38 |
| 4879 || 3.7016579727227 || 2019-02-11 19:33:39 |
| 4880 || 67.5128971067747 || 2019-07-11 21:28:30 |
| 4881 || 79.6679614215621 || 2014-01-21 08:34:47 |
| 4882 || 26.2553091391203 || 2019-05-05 06:11:52 |
| 4883 || -1.43804808695466 || 2013-04-14 19:48:40 |
| 4884 || 0.404685517179086 || 2016-10-24 00:15:13 |
| 4885 || 43.6151115374871 || 2011-04-20 13:00:30 |
| 4886 || 74.866762416101 || 2013-10-09 01:57:21 |
| 4887 || -16.5724067570118 || 2013-05-04 21:23:57 |
| 4888 || 7.09765233281192 || 2018-05-10 05:48:14 |
| 4889 || 8.9055278759592 || 2017-02-18 16:13:53 |
| 4890 || 21.1581528592962 || 2018-12-16 02:20:24 |
| 4891 || 86.2707702589723 || 2013-10-08 01:26:58 |
| 4892 || 1.55881690485472 || 2019-07-23 18:36:05 |
| 4893 || 9.55713698628222 || 2010-11-05 09:31:17 |
| 4894 || -0.094975108498085 || 2015-01-15 03:00:12 |
| 4895 || -5.85458715582675 || 2010-02-14 05:25:54 |
| 4896 || 84.4867372849021 || 2013-03-09 10:21:34 |
| 4897 || -18.7157282051324 || 2019-02-24 07:07:43 |
| 4898 || 2.2433343987117 || 2019-05-26 21:14:19 |
| 4899 || 3.46120073294419 || 2017-10-16 04:44:49 |
| 4900 || -15.6015394363734 || 2015-01-15 23:47:53 |
| 4901 || 67.1034530287635 || 2019-01-08 14:04:50 |
| 4902 || -10.6367489440488 || 2019-03-07 19:12:09 |
| 4903 || 13.3662247868051 || 2013-09-25 11:28:52 |
| 4904 || -0.551757266669491 || 2012-10-01 06:12:58 |
| 4905 || -4.23519792177604 || 2019-12-04 23:08:05 |
| 4906 || 8.18110421994884 || 2015-02-03 06:37:58 |
| 4907 || 67.5729062199507 || 2011-11-12 21:56:18 |
| 4908 || 1.82714887026284 || 2012-05-20 11:49:57 |
| 4909 || 0.593386597864817 || 2014-06-11 15:17:58 |
| 4910 || 24.5332283291325 || 2015-06-08 12:35:22 |
| 4911 || 30.5850731350404 || 2016-12-15 09:47:34 |
| 4912 || -13.6902632268799 || 2019-12-05 20:49:08 |
| 4913 || -5.81222380443664 || 2016-02-09 05:28:59 |
| 4914 || 0.0157498638273728 || 2012-12-06 03:34:33 |
| 4915 || 8.13139645303978 || 2011-05-02 12:21:36 |
| 4916 || 20.2695410568123 || 2014-09-25 10:15:52 |
| 4917 || 82.1014116788058 || 2017-12-05 15:23:05 |
| 4918 || -3.25721595201307 || 2013-03-15 17:30:40 |
| 4919 || 0.0250802676662983 || 2014-04-12 01:46:32 |
| 4920 || 1.85783722650508 || 2018-09-13 02:10:45 |
| 4921 || 61.0511057841181 || 2014-03-05 22:51:16 |
| 4922 || -24.9550722658158 || 2011-06-23 21:26:29 |
| 4923 || 1.06267507175577 || 2016-05-23 03:14:19 |
| 4924 || 0.0922707583285876 || 2019-06-17 08:33:46 |
| 4925 || 13.9170824074499 || 2012-08-11 06:42:21 |
| 4926 || -14.9463188756058 || 2011-02-02 15:20:15 |
| 4927 || 82.9014195986735 || 2019-12-08 12:00:51 |
| 4928 || 43.959664271718 || 2018-10-21 19:25:26 |
| 4929 || -0.285712170189638 || 2015-03-15 11:36:55 |
| 4930 || -2.93345326208515 || 2013-11-24 15:45:23 |
| 4931 || -21.4494548345083 || 2012-07-25 03:36:43 |
| 4932 || -29.5802677350722 || 2015-04-11 18:23:18 |
| 4933 || -7.22369787586334 || 2015-07-10 02:14:01 |
| 4934 || 4.28997754181254 || 2014-07-24 15:56:49 |
| 4935 || -2.02899147679859 || 2013-06-07 14:20:56 |
| 4936 || -11.5844801133554 || 2015-03-26 14:32:24 |
| 4937 || 52.8388427834902 || 2011-01-24 03:33:06 |
| 4938 || -18.3179002427649 || 2013-12-03 23:56:22 |
| 4939 || 5.721612096188 || 2010-07-07 18:31:42 |
| 4940 || 6.55423325850468 || 2018-05-06 08:11:37 |
| 4941 || 6.72191196308955 || 2017-10-17 08:19:36 |
| 4942 || -15.8591803578858 || 2012-09-18 21:07:53 |
| 4943 || -19.9083239270616 || 2018-09-14 01:39:45 |
| 4944 || 3.33685790736245 || 2013-04-14 20:40:01 |
| 4945 || 6.22251679526396 || 2012-04-18 14:27:12 |
| 4946 || -2.45609136472428 || 2017-06-16 21:58:52 |
| 4947 || -27.2783741426948 || 2014-05-13 14:37:44 |
| 4948 || -3.26867925747338 || 2013-12-08 13:56:36 |
| 4949 || 2.68723829435629 || 2014-01-19 05:23:26 |
| 4950 || 2.10678019045342 || 2014-07-15 19:59:31 |
| 4951 || -13.441257357019 || 2010-01-15 13:30:44 |
| 4952 || 54.482117339004 || 2012-04-23 15:12:07 |
| 4953 || 69.5305340666514 || 2015-02-24 15:37:43 |
| 4954 || -4.24813910628952 || 2015-10-25 05:33:23 |
| 4955 || -0.102728767206354 || 2012-09-09 16:41:04 |
| 4956 || 16.8196924420636 || 2017-10-12 08:20:23 |
| 4957 || 32.0207653975359 || 2012-03-27 18:28:16 |
| 4958 || -24.0311989445274 || 2013-09-16 00:42:37 |
| 4959 || 6.00373830450967 || 2017-09-19 21:09:40 |
| 4960 || -0.238473699449454 || 2016-08-01 20:15:36 |
| 4961 || 37.8941813169149 || 2017-12-01 13:19:50 |
| 4962 || -0.334157824060132 || 2018-10-15 17:20:27 |
| 4963 || 74.5627796168458 || 2010-01-27 10:00:47 |
| 4964 || 24.9193213974041 || 2017-11-27 02:28:31 |
| 4965 || -0.0251056989213669 || 2013-04-21 15:12:32 |
| 4966 || 31.0742011485094 || 2018-02-09 09:13:39 |
| 4967 || 11.5597176059377 || 2016-02-24 05:14:53 |
| 4968 || -18.1121927525008 || 2018-06-12 10:42:42 |
| 4969 || -10.7509830504399 || 2018-12-01 17:30:49 |
| 4970 || 0.067672856929347 || 2014-09-01 14:13:23 |
| 4971 || 25.1724705023133 || 2015-01-16 02:42:10 |
| 4972 || 69.7677909109435 || 2019-10-05 21:30:33 |
| 4973 || 8.09338741730087 || 2012-04-25 19:37:58 |
| 4974 || 31.6669930188199 || 2017-11-11 08:23:10 |
| 4975 || -0.182701489962068 || 2016-12-16 15:35:23 |
| 4976 || 21.851317231261 || 2019-11-04 18:59:29 |
| 4977 || 72.1048426268183 || 2018-06-17 21:47:06 |
| 4978 || -20.8440215171956 || 2015-01-02 06:22:58 |
| 4979 || -10.1505286380966 || 2013-03-26 13:09:57 |
| 4980 || 1.8459273769671 || 2017-01-11 17:17:24 |
| 4981 || 8.003936703046 || 2013-07-24 05:56:36 |
| 4982 || 9.86949399243652 || 2017-07-05 15:42:46 |
| 4983 || -22.7985715770599 || 2011-07-24 06:00:51 |
| 4984 || 12.2045396493174 || 2012-04-03 05:49:46 |
| 4985 || -1.2198127097941 || 2012-04-12 23:41:48 |
| 4986 || 13.6722004295361 || 2018-05-04 07:06:30 |
| 4987 || 27.5253091938698 || 2016-03-27 07:19:38 |
| 4988 || 31.5423926917884 || 2019-04-05 02:50:22 |
| 4989 || 20.4581493867098 || 2019-01-15 05:52:37 |
| 4990 || 0.30590090759874 || 2013-11-27 04:16:45 |
| 4991 || 6.46337942162204 || 2019-11-16 18:01:08 |
| 4992 || 20.806234244574 || 2018-11-14 16:38:39 |
| 4993 || 2.94799169202146 || 2016-10-06 11:02:27 |
| 4994 || 40.4489625216137 || 2017-08-06 12:28:10 |
| 4995 || -3.03123986990209 || 2014-11-01 06:02:38 |
| 4996 || -2.343668009428 || 2014-09-10 00:53:16 |
| 4997 || -17.802937774346 || 2011-02-16 05:05:46 |
| 4998 || -18.9501693853772 || 2018-09-22 07:00:19 |
| 4999 || 64.0863005129627 || 2016-01-19 23:02:37 |
| 5000 || 0.460748995006341 || 2014-04-18 05:42:06 |
| 5001 || 2.78254576035785 || 2018-01-07 18:09:24 |
| 5002 || -1.7395479119594 || 2014-05-25 03:32:17 |
| 5003 || -12.8260501253081 || 2010-11-10 04:39:44 |
| 5004 || -11.5866696177886 || 2011-04-14 03:46:45 |
| 5005 || 13.080399931299 || 2018-08-09 21:37:18 |
| 5006 || 0.394806551864066 || 2018-09-18 23:26:56 |
| 5007 || 12.0324486106681 || 2012-11-20 17:13:11 |
| 5008 || -9.8244084599317 || 2012-11-26 00:19:15 |
| 5009 || -3.97594956812411 || 2011-02-26 03:39:05 |
| 5010 || 4.55367344751896 || 2016-03-07 08:56:12 |
| 5011 || 0.273471576503686 || 2012-10-27 08:59:51 |
| 5012 || 0.95677905055565 || 2012-01-08 06:39:31 |
| 5013 || 55.1775474917986 || 2011-05-10 13:32:33 |
| 5014 || -24.6857364257331 || 2014-10-03 09:44:45 |
| 5015 || 10.0452071207412 || 2014-04-14 02:43:54 |
| 5016 || -0.0581458526992636 || 2011-09-15 21:39:53 |
| 5017 || 32.1172828807808 || 2015-04-17 13:39:19 |
| 5018 || 19.6571540834811 || 2012-06-08 16:58:02 |
| 5019 || -22.2127198239932 || 2012-03-20 14:01:46 |
| 5020 || -9.67778498261375 || 2012-10-17 14:21:42 |
| 5021 || -0.00611690757291887 || 2016-06-19 06:16:34 |
| 5022 || 23.9124870196513 || 2013-07-23 00:34:12 |
| 5023 || 67.1451015510727 || 2019-09-01 19:37:16 |
| 5024 || -21.1511331619429 || 2010-02-25 06:36:02 |
| 5025 || 14.2858838412183 || 2014-11-17 17:43:11 |
| 5026 || -0.161736645863344 || 2019-10-05 17:46:12 |
| 5027 || -6.18464742250191 || 2015-12-15 00:56:13 |
| 5028 || -14.5418075608987 || 2010-08-06 22:03:27 |
| 5029 || 80.5273846332589 || 2018-02-21 17:35:44 |
| 5030 || 8.70330608553288 || 2018-01-06 21:26:06 |
| 5031 || 0.263135905697462 || 2018-04-13 06:51:39 |
| 5032 || 2.65795672943856 || 2017-05-25 07:55:01 |
| 5033 || 4.71692737389656 || 2011-08-11 05:41:15 |
| 5034 || 34.3552476846874 || 2015-05-23 06:17:59 |
| 5035 || -13.8846737540376 || 2017-10-24 05:58:12 |
| 5036 || 3.32194362319897 || 2010-08-07 18:51:29 |
| 5037 || 13.2331450745796 || 2017-02-16 05:33:01 |
| 5038 || 36.1492802513688 || 2012-11-13 20:10:40 |
| 5039 || 41.0744270770318 || 2013-07-01 05:23:42 |
| 5040 || 11.5373539120272 || 2017-11-06 20:47:03 |
| 5041 || -1.18671926040868 || 2018-07-23 10:51:28 |
| 5042 || 7.77589268297428 || 2015-10-19 16:59:45 |
| 5043 || 26.6332533375971 || 2019-10-01 18:28:28 |
| 5044 || 20.6390992020565 || 2015-09-22 13:53:52 |
| 5045 || -18.3792128815343 || 2019-06-20 17:30:29 |
| 5046 || 3.15765698630198 || 2011-11-09 07:23:48 |
| 5047 || -1.41797161399472 || 2018-06-08 10:49:26 |
| 5048 || 42.5074569849955 || 2013-10-07 02:30:09 |
| 5049 || 89.1432448706946 || 2014-02-27 03:30:13 |
| 5050 || 63.0767646517346 || 2019-12-20 09:42:22 |
| 5051 || 4.01415707699857 || 2015-12-10 03:05:24 |
| 5052 || 4.82841758947594 || 2010-11-26 01:44:54 |
| 5053 || -7.64034395961827 || 2019-02-16 18:40:23 |
| 5054 || 14.137597343589 || 2014-10-24 13:13:08 |
| 5055 || -16.8638944121681 || 2012-06-09 17:08:10 |
| 5056 || 14.7524141067664 || 2019-09-23 04:07:04 |
| 5057 || 2.77581803598987 || 2019-09-21 23:50:43 |
| 5058 || -8.38111583633564 || 2013-01-16 10:53:21 |
| 5059 || 2.06885290168601 || 2014-06-08 02:11:08 |
| 5060 || 65.0293216017861 || 2017-10-11 09:21:06 |
| 5061 || 2.83465443949545 || 2014-01-23 18:20:19 |
| 5062 || 0.701698003647375 || 2013-01-10 20:37:18 |
| 5063 || 32.9330281754603 || 2011-10-22 02:10:43 |
| 5064 || 66.4368618823071 || 2017-06-19 12:25:36 |
| 5065 || -4.9308335207428 || 2016-02-04 13:43:04 |
| 5066 || 1.34733392219838 || 2014-08-24 03:48:20 |
| 5067 || 0.0467392356187017 || 2019-09-02 00:55:41 |
| 5068 || -11.5765383557322 || 2011-08-15 22:00:00 |
| 5069 || 39.0713026689798 || 2017-11-05 06:50:09 |
| 5070 || -26.5799700828715 || 2017-03-11 19:01:15 |
| 5071 || 28.7960907084865 || 2018-02-18 18:06:43 |
| 5072 || 0.0018679661631356 || 2012-09-13 08:44:43 |
| 5073 || -9.16209133076804 || 2015-09-10 00:51:05 |
| 5074 || -26.5336462489362 || 2013-10-24 17:56:36 |
| 5075 || 24.3723400138624 || 2019-10-20 03:44:44 |
| 5076 || 1.15510122077617 || 2019-10-06 06:21:26 |
| 5077 || 0.344093192092058 || 2011-05-06 07:14:33 |
| 5078 || -2.54193071474089 || 2017-08-25 20:19:50 |
| 5079 || 47.8224215937935 || 2019-02-19 09:51:23 |
| 5080 || 24.296873486066 || 2010-09-13 14:30:40 |
| 5081 || 14.1501375748676 || 2010-03-25 08:39:00 |
| 5082 || 0.82004941402308 || 2018-04-17 07:11:22 |
| 5083 || 19.671213261602 || 2010-09-16 05:50:51 |
| 5084 || 24.3227566485662 || 2013-08-04 04:42:52 |
| 5085 || 46.165697141665 || 2018-08-22 20:21:31 |
| 5086 || 16.8070465319745 || 2013-07-03 14:50:49 |
| 5087 || 1.22037263454762 || 2011-11-04 11:12:14 |
| 5088 || 6.1047728555929 || 2011-04-16 23:27:51 |
| 5089 || -21.199652978534 || 2017-03-08 05:49:27 |
| 5090 || -20.6500844736502 || 2016-07-17 08:26:03 |
| 5091 || 47.9095941615065 || 2012-11-27 07:50:36 |
| 5092 || 3.32050702256042 || 2016-12-07 06:13:44 |
| 5093 || 11.0086150790209 || 2019-10-13 03:50:06 |
| 5094 || -16.8310676660441 || 2014-10-13 19:02:08 |
| 5095 || -28.9812616230308 || 2013-06-19 06:47:24 |
| 5096 || 10.7588328820091 || 2016-11-09 17:03:25 |
| 5097 || -0.0531405961209426 || 2015-07-06 17:55:38 |
| 5098 || 7.59835595888617 || 2012-08-24 04:41:26 |
| 5099 || 56.8082500034418 || 2019-03-15 09:10:59 |
| 5100 || 38.7461589052113 || 2016-07-03 00:32:06 |
| 5101 || -20.307132070393 || 2013-11-22 18:01:19 |
| 5102 || -1.41630647993969 || 2019-03-19 02:13:29 |
| 5103 || 5.45468579757718 || 2018-11-27 20:49:26 |
| 5104 || 43.5642370937681 || 2016-01-10 23:42:52 |
| 5105 || 29.86307004243 || 2011-06-10 20:41:59 |
| 5106 || 27.6444967835355 || 2016-04-02 11:28:16 |
| 5107 || 6.72889718995335 || 2013-05-04 22:47:52 |
| 5108 || 2.97995489684626 || 2019-10-21 16:24:33 |
| 5109 || 13.0308925618382 || 2013-03-13 19:06:47 |
| 5110 || -27.6096565692983 || 2019-01-14 03:27:41 |
| 5111 || 21.8984912728434 || 2019-05-04 10:50:50 |
| 5112 || 0.336128163220556 || 2014-12-15 10:16:34 |
| 5113 || 0.867107070507777 || 2017-03-15 15:36:59 |
| 5114 || 41.2537390679226 || 2014-09-26 12:24:10 |
| 5115 || 78.6280519867061 || 2015-12-18 09:33:55 |
| 5116 || 22.9802057149371 || 2013-04-23 03:21:17 |
| 5117 || -8.03934686289016 || 2014-04-06 05:20:09 |
| 5118 || 0.380334425698147 || 2015-10-04 08:48:34 |
| 5119 || 14.7609782898309 || 2018-04-27 10:49:54 |
| 5120 || 12.7508281512374 || 2016-05-09 20:36:12 |
| 5121 || 25.389379155071 || 2012-04-08 10:34:22 |
| 5122 || -4.43696331173405 || 2010-04-02 04:03:52 |
| 5123 || 0.00420832903235889 || 2019-11-21 18:02:03 |
| 5124 || -9.79983501413861 || 2017-09-18 17:26:00 |
| 5125 || -19.3943245040127 || 2017-01-12 17:03:01 |
| 5126 || -27.617671864837 || 2012-07-21 12:11:04 |
| 5127 || -2.07914015539505 || 2016-07-10 18:15:56 |
| 5128 || 0.165950980199281 || 2014-06-21 18:07:50 |
| 5129 || 15.1523600903185 || 2013-12-05 18:22:19 |
| 5130 || 69.6204602806168 || 2012-06-14 06:28:11 |
| 5131 || 56.4127154170433 || 2015-07-08 03:59:37 |
| 5132 || -8.93636157518604 || 2017-09-03 08:12:38 |
| 5133 || 0.708561956224342 || 2011-11-15 00:26:45 |
| 5134 || -4.88274711753366 || 2015-10-06 15:26:43 |
| 5135 || -23.7684860828184 || 2013-11-17 21:21:56 |
| 5136 || -6.87026532355354 || 2018-11-25 04:57:36 |
| 5137 || 17.527730284391 || 2012-02-18 17:34:29 |
| 5138 || -0.840983999837574 || 2019-09-26 18:40:12 |
| 5139 || -5.40069094147965 || 2016-12-23 17:47:11 |
| 5140 || 61.5561759551748 || 2011-01-12 00:04:01 |
| 5141 || -13.7185805575607 || 2012-08-23 23:08:28 |
| 5142 || -4.62340520869018 || 2010-03-18 19:16:51 |
| 5143 || 1.86860282690761 || 2010-08-06 06:45:00 |
| 5144 || -3.7472045059109 || 2013-12-11 01:02:08 |
| 5145 || 63.5031980310549 || 2014-03-06 05:49:36 |
| 5146 || 78.1526001429229 || 2017-11-13 03:46:41 |
| 5147 || -1.14023427214953 || 2012-02-21 23:51:45 |
| 5148 || -1.19542334596757 || 2012-02-09 11:40:34 |
| 5149 || 6.67429445839505 || 2017-11-20 06:06:19 |
| 5150 || -9.46185304684892 || 2018-12-15 22:26:13 |
| 5151 || -14.3607151617327 || 2012-02-27 09:03:12 |
| 5152 || -20.4721323862964 || 2012-02-22 22:30:29 |
| 5153 || 2.37038922645615 || 2010-07-27 05:14:52 |
| 5154 || 1.89572464923535 || 2015-02-03 19:18:50 |
| 5155 || 29.26250408181 || 2015-10-11 02:27:23 |
| 5156 || 5.58102716530923 || 2011-05-03 07:36:19 |
| 5157 || 59.9456049419006 || 2014-01-02 15:35:43 |
| 5158 || 14.0320811325235 || 2018-09-08 05:25:33 |
| 5159 || 2.20334732661743 || 2016-09-15 19:25:11 |
| 5160 || -0.217811819385 || 2010-07-20 00:59:57 |
| 5161 || 88.2433055317719 || 2016-10-09 22:09:23 |
| 5162 || -1.79554871325292 || 2011-07-12 23:07:57 |
| 5163 || 18.6958307512482 || 2012-09-25 21:10:07 |
| 5164 || 1.70297923084527 || 2011-09-11 17:25:12 |
| 5165 || -11.0772996653053 || 2013-03-02 20:34:44 |
| 5166 || -27.967329964286 || 2010-01-14 21:58:34 |
| 5167 || 39.2127092064056 || 2014-05-19 16:29:42 |
| 5168 || 17.9093829843855 || 2015-07-04 16:15:10 |
| 5169 || -0.176044290590357 || 2011-07-18 19:05:39 |
| 5170 || 22.1990914818579 || 2015-04-20 09:17:05 |
| 5171 || 11.2889848587164 || 2012-03-25 14:28:32 |
| 5172 || 61.9342338253733 || 2011-06-19 08:45:55 |
| 5173 || -6.89516186812907 || 2013-02-19 13:06:51 |
| 5174 || 0.027714712940209 || 2013-05-17 15:56:33 |
| 5175 || -7.5922526825885 || 2013-10-05 06:55:38 |
| 5176 || 7.80279540317313 || 2010-04-04 22:40:15 |
| 5177 || 18.4424519883172 || 2016-04-04 01:49:09 |
| 5178 || 22.3871128442035 || 2018-12-03 13:08:06 |
| 5179 || 0.152728536230012 || 2012-08-18 22:02:49 |
| 5180 || 22.6794609347764 || 2018-05-15 05:11:44 |
| 5181 || 32.3328043892191 || 2019-10-20 19:28:20 |
| 5182 || 14.2863389228881 || 2010-10-15 12:42:40 |
| 5183 || 15.8008165259645 || 2018-06-27 05:38:18 |
| 5184 || 0.618465642060381 || 2017-09-26 23:22:25 |
| 5185 || -6.00674307924481 || 2014-07-17 06:48:53 |
| 5186 || -24.5228417544302 || 2014-05-18 00:19:18 |
| 5187 || 51.7177435653568 || 2015-01-10 12:01:34 |
| 5188 || 40.422478193262 || 2012-06-03 06:20:22 |
| 5189 || -0.43872184939321 || 2010-06-06 15:04:50 |
| 5190 || -5.26451443976155 || 2018-02-20 04:37:17 |
| 5191 || 64.9148315077316 || 2011-03-16 15:22:12 |
| 5192 || -7.53245167804602 || 2017-03-08 12:14:33 |
| 5193 || 32.5087189209913 || 2014-12-09 13:52:40 |
| 5194 || -1.17220362476001 || 2018-11-07 00:09:30 |
| 5195 || -4.31465609999948 || 2016-07-17 13:13:56 |
| 5196 || -15.2802736654236 || 2017-10-06 22:53:00 |
| 5197 || 75.8765513458952 || 2017-01-25 01:57:26 |
| 5198 || 31.4804540201247 || 2017-03-26 08:04:50 |
| 5199 || 2.76586972768509 || 2016-11-12 07:06:33 |
| 5200 || 7.90702350191853 || 2015-07-02 23:34:16 |
| 5201 || 53.5395741149543 || 2013-04-08 05:07:35 |
| 5202 || 26.4164683251849 || 2011-01-17 10:46:34 |
| 5203 || 0.802014050834754 || 2018-11-02 03:28:19 |
| 5204 || 9.01621815369198 || 2012-07-25 13:22:23 |
| 5205 || -1.08752639151129 || 2016-02-13 18:09:18 |
| 5206 || 42.4690645342822 || 2012-10-08 22:58:30 |
| 5207 || -3.18379012190363 || 2018-08-21 17:18:50 |
| 5208 || 62.4038127148046 || 2012-10-11 13:06:28 |
| 5209 || 13.2306698354427 || 2013-10-20 14:57:01 |
| 5210 || -0.509550920576395 || 2010-07-08 06:32:58 |
| 5211 || 48.7696108989683 || 2017-09-17 17:09:13 |
| 5212 || 49.1192720598447 || 2012-11-02 19:12:06 |
| 5213 || 41.2650335734261 || 2013-01-01 22:04:01 |
| 5214 || -6.02131183641702 || 2019-06-06 08:04:45 |
| 5215 || 0.462726860838088 || 2014-11-15 20:46:27 |
| 5216 || -12.2785825912752 || 2012-11-04 11:52:23 |
| 5217 || 10.9133794488912 || 2017-07-20 20:57:45 |
| 5218 || -14.8899909923883 || 2014-08-01 02:17:51 |
| 5219 || -5.65842168398199 || 2013-03-26 21:09:33 |
| 5220 || -0.105581612471981 || 2010-10-26 17:00:44 |
| 5221 || 37.7893704222863 || 2015-10-26 10:36:28 |
| 5222 || -20.1253601757957 || 2015-06-01 15:57:58 |
| 5223 || 13.436978819873 || 2019-04-11 08:30:01 |
| 5224 || -6.00277525648043 || 2018-04-18 16:44:53 |
| 5225 || -0.0136773830608542 || 2019-11-09 16:44:14 |
| 5226 || 13.5802267952818 || 2017-05-11 00:47:51 |
| 5227 || 46.7809385796023 || 2018-05-09 04:03:31 |
| 5228 || 32.4024640037733 || 2014-06-20 11:20:20 |
| 5229 || 26.1979148148332 || 2011-10-27 23:43:46 |
| 5230 || 0.063744127635424 || 2014-08-12 19:49:22 |
| 5231 || 20.5358173392296 || 2013-10-04 01:02:18 |
| 5232 || 64.6809590085544 || 2018-08-18 14:41:26 |
| 5233 || -22.6588723462202 || 2018-04-11 12:25:06 |
| 5234 || 3.30622338405546 || 2012-10-09 16:55:17 |
| 5235 || 0.746891692914069 || 2010-07-08 19:00:55 |
| 5236 || 21.5743934462606 || 2013-11-05 09:47:30 |
| 5237 || -8.87980466105092 || 2016-12-05 08:39:20 |
| 5238 || -27.7461330126269 || 2017-04-06 05:26:26 |
| 5239 || -13.2038827775956 || 2011-10-18 14:52:48 |
| 5240 || -0.406888185275914 || 2013-07-18 22:57:26 |
| 5241 || 9.16726391052305 || 2013-04-07 14:10:32 |
| 5242 || 9.22316003304034 || 2015-06-19 11:54:13 |
| 5243 || -0.550083880736985 || 2015-12-15 19:31:26 |
| 5244 || 22.0991642115123 || 2016-08-25 21:31:00 |
| 5245 || 3.88277391332006 || 2014-03-16 18:13:54 |
| 5246 || 4.98823976357778 || 2017-04-21 13:09:43 |
| 5247 || 24.0108197634434 || 2014-02-26 19:46:18 |
| 5248 || -15.726966035103 || 2012-07-26 00:18:10 |
| 5249 || -17.3549567569638 || 2011-08-20 02:44:49 |
| 5250 || 5.58188005901015 || 2011-05-10 12:21:12 |
| 5251 || -2.77251703112338 || 2019-01-23 22:49:08 |
| 5252 || 52.7398207213781 || 2019-07-10 07:29:10 |
| 5253 || 50.9496093440901 || 2019-10-07 00:55:12 |
| 5254 || -19.8032008203816 || 2019-04-17 04:23:09 |
| 5255 || 9.18476349882067 || 2011-04-14 19:46:30 |
| 5256 || 0.393805068935419 || 2014-10-23 23:35:31 |
| 5257 || -18.1781219767098 || 2015-12-17 14:18:19 |
| 5258 || -27.4687357376387 || 2018-03-05 02:15:41 |
| 5259 || -2.49545291914686 || 2015-06-21 00:49:57 |
| 5260 || 12.5795023701484 || 2010-07-06 02:44:51 |
| 5261 || 4.2106873405789 || 2018-01-03 11:45:30 |
| 5262 || 0.628854250984047 || 2014-12-24 12:50:16 |
| 5263 || -29.4198412067863 || 2015-01-24 20:09:35 |
| 5264 || 54.448264325633 || 2015-02-11 12:11:29 |
| 5265 || 10.7064376095035 || 2016-07-24 20:07:37 |
| 5266 || -0.276758211715915 || 2015-02-23 02:34:52 |
| 5267 || -14.3148167875578 || 2016-03-26 12:02:15 |
| 5268 || -27.6784800112577 || 2018-06-16 21:40:09 |
| 5269 || 46.298784490882 || 2014-05-24 07:43:51 |
| 5270 || -1.26494702505413 || 2014-06-24 13:33:03 |
| 5271 || -0.257360944484651 || 2012-05-10 20:01:45 |
| 5272 || 37.7613030498026 || 2016-05-12 01:56:51 |
| 5273 || 57.6222490787006 || 2012-02-20 23:34:46 |
| 5274 || -19.0108805658 || 2019-01-06 17:09:52 |
| 5275 || 18.4298717878628 || 2019-12-11 13:33:33 |
| 5276 || 0.121424362391475 || 2015-02-02 18:57:34 |
| 5277 || -10.7841385305174 || 2015-08-03 19:40:30 |
| 5278 || -15.9238959618863 || 2013-12-11 21:47:57 |
| 5279 || 67.6515582782216 || 2011-03-10 01:28:13 |
| 5280 || 31.4530087105106 || 2011-06-24 00:21:41 |
| 5281 || 0.0123502148739529 || 2011-02-12 08:06:03 |
| 5282 || -4.47518874808566 || 2016-08-27 11:11:36 |
| 5283 || 51.5149986188689 || 2012-12-03 06:13:14 |
| 5284 || -5.85696288682717 || 2011-03-27 21:51:13 |
| 5285 || -12.0560094466904 || 2012-05-08 01:29:22 |
| 5286 || 0.246579745241246 || 2013-03-11 17:24:51 |
| 5287 || 11.1302098818533 || 2016-03-01 10:44:01 |
| 5288 || 64.0931799066756 || 2017-06-05 17:31:34 |
| 5289 || 73.711779134143 || 2019-08-23 18:55:50 |
| 5290 || 7.75594666142247 || 2011-07-25 08:13:38 |
| 5291 || -0.285217792189024 || 2015-12-01 00:40:41 |
| 5292 || 12.454811009464 || 2015-03-19 04:06:54 |
| 5293 || 20.1028539880023 || 2013-05-22 03:43:33 |
| 5294 || 78.6212752630811 || 2019-09-18 03:00:40 |
| 5295 || 28.5714592331834 || 2019-02-14 17:05:10 |
| 5296 || 3.53243807230144 || 2016-06-07 14:34:58 |
| 5297 || 13.3715098885456 || 2019-10-04 11:24:51 |
| 5298 || 23.1522786866091 || 2016-06-24 00:07:23 |
| 5299 || -16.9471880269901 || 2014-11-14 16:48:57 |
| 5300 || 26.1312666936191 || 2013-06-09 10:43:15 |
| 5301 || 5.84087526356576 || 2018-09-26 07:24:09 |
| 5302 || 9.14275805537249 || 2015-11-14 06:17:47 |
| 5303 || -19.9848733824757 || 2012-12-21 10:09:54 |
| 5304 || 86.4545812091422 || 2011-07-27 04:02:28 |
| 5305 || 53.4133812801986 || 2011-07-07 08:01:24 |
| 5306 || 2.7207538096099 || 2011-03-22 06:49:10 |
| 5307 || 4.65709301678324 || 2013-09-26 18:20:37 |
| 5308 || -4.68311848176193 || 2013-03-21 03:20:18 |
| 5309 || 2.49778590690119 || 2015-06-15 22:08:59 |
| 5310 || 17.6754222008502 || 2010-12-18 20:25:20 |
| 5311 || -0.531626602903613 || 2011-09-04 01:45:43 |
| 5312 || -0.150825428683166 || 2019-07-26 04:39:38 |
| 5313 || 21.8813924362911 || 2018-08-12 11:56:54 |
| 5314 || 88.1304776593451 || 2010-09-19 18:53:47 |
| 5315 || 3.54557599897954 || 2010-08-15 18:12:43 |
| 5316 || 15.6218594420376 || 2017-04-02 01:12:06 |
| 5317 || 2.51439147604253 || 2019-01-08 09:48:49 |
| 5318 || 42.816773052434 || 2016-08-25 01:44:03 |
| 5319 || 54.0696845232129 || 2018-03-03 19:27:54 |
| 5320 || 66.989220605722 || 2014-11-12 05:12:15 |
| 5321 || -2.70665468058931 || 2018-06-08 01:53:43 |
| 5322 || 0.996825755776201 || 2018-05-24 18:20:33 |
| 5323 || -13.2063233409187 || 2016-02-04 02:05:11 |
| 5324 || -19.4205683022641 || 2015-08-12 01:56:24 |
| 5325 || 70.4150269000329 || 2017-01-17 11:02:44 |
| 5326 || 2.31115992159734 || 2014-07-12 18:32:38 |
| 5327 || -0.0182263173249611 || 2014-05-23 08:34:42 |
| 5328 || 14.2226252356052 || 2012-10-23 23:18:08 |
| 5329 || -26.5689424494582 || 2014-06-18 23:44:06 |
| 5330 || 43.9329287942433 || 2018-04-06 14:41:25 |
| 5331 || 26.2569245451971 || 2017-09-08 15:14:15 |
| 5332 || 0.00563097617929674 || 2014-05-19 18:13:53 |
| 5333 || -7.34788343546838 || 2014-08-06 14:55:55 |
| 5334 || 9.48137526262384 || 2014-01-20 03:15:33 |
| 5335 || -7.18548113869871 || 2018-07-10 09:23:22 |
| 5336 || 22.7358982485001 || 2016-09-22 20:54:21 |
| 5337 || -0.140097096338534 || 2012-10-03 03:40:01 |
| 5338 || 16.7213315109929 || 2017-01-04 06:18:08 |
| 5339 || 12.9453166642572 || 2017-12-06 12:49:29 |
| 5340 || -12.865355827903 || 2019-08-27 02:54:50 |
| 5341 || 6.21770293060434 || 2012-12-27 07:04:21 |
| 5342 || 0.569978788799325 || 2014-10-01 10:50:52 |
| 5343 || 12.8650465759496 || 2016-10-23 05:40:47 |
| 5344 || 49.6773357339284 || 2015-09-19 00:40:07 |
| 5345 || 27.9093429356552 || 2017-12-08 16:26:25 |
| 5346 || -15.5729624925529 || 2012-09-02 22:48:14 |
| 5347 || -0.675397082769918 || 2015-05-19 10:02:55 |
| 5348 || 13.4424758917347 || 2017-06-25 22:16:01 |
| 5349 || -21.2449424290095 || 2015-07-03 01:26:16 |
| 5350 || 43.5625898120684 || 2017-05-05 15:04:58 |
| 5351 || 28.7492025320881 || 2015-08-20 14:08:08 |
| 5352 || 5.37158200035529 || 2014-05-24 07:02:33 |
| 5353 || 7.88906826775224 || 2018-08-24 16:44:07 |
| 5354 || 58.8351386588044 || 2011-03-02 03:23:36 |
| 5355 || -3.46522375439716 || 2010-07-25 11:06:00 |
| 5356 || -7.5782525974852 || 2014-11-08 09:19:36 |
| 5357 || 8.381903921254 || 2015-03-04 05:36:57 |
| 5358 || 6.67347723167117 || 2011-02-23 20:52:10 |
| 5359 || 30.1942543759479 || 2013-11-20 02:54:14 |
| 5360 || -26.4092440922545 || 2017-06-05 11:21:19 |
| 5361 || -20.8210638988409 || 2017-09-11 05:07:40 |
| 5362 || 1.177567307113 || 2012-02-04 05:58:16 |
| 5363 || 4.19589904100982 || 2016-07-10 00:31:23 |
| 5364 || -15.3642873346234 || 2014-10-11 06:28:31 |
| 5365 || 33.0705182708631 || 2019-05-16 21:09:36 |
| 5366 || 60.5952556759128 || 2014-04-19 08:40:50 |
| 5367 || 15.025191173879 || 2017-09-01 03:27:56 |
| 5368 || -0.471823720520489 || 2014-10-07 07:28:34 |
| 5369 || 45.6495097238219 || 2012-01-24 20:49:33 |
| 5370 || 46.8009418838898 || 2015-11-25 01:23:09 |
| 5371 || 4.69311117173211 || 2012-06-11 07:07:02 |
| 5372 || 17.7118584612207 || 2010-07-10 00:33:14 |
| 5373 || 1.37647736283456 || 2010-10-01 11:59:19 |
| 5374 || -13.514186753242 || 2015-06-14 13:11:33 |
| 5375 || -2.41965509010712 || 2014-11-02 14:46:50 |
| 5376 || -24.8428033305313 || 2011-02-07 05:02:42 |
| 5377 || -8.25471550813678 || 2010-12-03 05:19:44 |
| 5378 || -0.0398059737572455 || 2018-11-11 23:53:33 |
| 5379 || -9.93830481604056 || 2019-11-13 16:54:42 |
| 5380 || -15.1351941684392 || 2012-02-22 20:51:02 |
| 5381 || 10.2567361524185 || 2015-10-05 12:23:48 |
| 5382 || -9.61467366047052 || 2017-08-14 23:36:46 |
| 5383 || 7.9559187706905e-05 || 2015-11-20 23:17:04 |
| 5384 || 24.4755980520324 || 2010-05-03 02:01:20 |
| 5385 || 35.5543888155353 || 2012-12-06 22:23:41 |
| 5386 || 69.0955857963802 || 2019-07-23 17:30:51 |
| 5387 || -11.5115733656568 || 2011-01-03 15:08:35 |
| 5388 || 0.04013065531838 || 2014-01-27 16:34:13 |
| 5389 || 6.40000268311523 || 2016-04-23 06:32:42 |
| 5390 || 61.6144221103304 || 2011-03-05 07:26:01 |
| 5391 || -21.316223580192 || 2016-03-14 10:33:35 |
| 5392 || 11.9294934366109 || 2011-10-14 17:00:41 |
| 5393 || 0.983800168182925 || 2011-03-01 13:03:32 |
| 5394 || 17.1712798055425 || 2012-04-27 21:43:40 |
| 5395 || 52.7061656609672 || 2017-10-23 01:47:27 |
| 5396 || -18.6409712441403 || 2012-09-17 03:50:47 |
| 5397 || 2.82685701088143 || 2010-11-15 01:19:44 |
| 5398 || -0.620552555423758 || 2014-08-20 02:39:45 |
| 5399 || -2.23509462372576 || 2019-11-05 02:53:48 |
| 5400 || 32.2451745984844 || 2013-05-14 21:35:01 |
| 5401 || -29.6047825026194 || 2018-08-08 23:15:41 |
| 5402 || 20.9236818463614 || 2017-09-16 03:04:42 |
| 5403 || 1.01637614061547 || 2012-08-04 11:45:52 |
| 5404 || 6.10121923282463 || 2015-01-16 12:21:02 |
| 5405 || -2.74018489566294 || 2019-09-15 04:32:42 |
| 5406 || 89.3800189681535 || 2015-11-14 15:46:57 |
| 5407 || 48.1432547252845 || 2012-07-15 02:10:54 |
| 5408 || 2.61749263787141 || 2010-06-20 05:41:43 |
| 5409 || 5.72847648520346 || 2012-03-23 16:16:19 |
| 5410 || 5.81890508508671 || 2013-01-11 04:39:06 |
| 5411 || 89.9509429873398 || 2019-04-26 22:43:22 |
| 5412 || -14.9188899524295 || 2019-09-01 06:23:35 |
| 5413 || -0.322164506731766 || 2010-01-08 14:34:16 |
| 5414 || 5.71969792130837 || 2017-09-26 21:19:26 |
| 5415 || 48.7006299677706 || 2012-07-22 19:57:45 |
| 5416 || 76.4680675048121 || 2017-06-03 03:21:33 |
| 5417 || -15.3950554398359 || 2017-02-20 10:56:50 |
| 5418 || 12.4217177827031 || 2017-01-26 07:17:04 |
| 5419 || -0.840501606555726 || 2012-09-20 16:59:44 |
| 5420 || -15.4791778502587 || 2012-10-12 04:27:51 |
| 5421 || 54.1396536448779 || 2016-12-24 18:06:39 |
| 5422 || 41.5669273426485 || 2016-06-01 18:30:57 |
| 5423 || 8.18381688023945 || 2019-04-08 19:53:54 |
| 5424 || 0.567084874467407 || 2016-04-23 18:00:37 |
| 5425 || 41.977391190263 || 2015-12-03 00:46:58 |
| 5426 || 45.8908415601795 || 2010-04-10 20:22:20 |
| 5427 || 65.5046436070343 || 2017-07-03 17:28:25 |
| 5428 || 9.62225307768405 || 2012-12-09 17:45:26 |
| 5429 || 0.503944150452368 || 2018-03-10 21:43:28 |
| 5430 || -10.1521263931151 || 2010-08-05 23:21:04 |
| 5431 || 82.6801743989286 || 2012-05-17 16:02:23 |
| 5432 || 54.719981530974 || 2019-05-25 15:30:04 |
| 5433 || -9.59926496658152 || 2015-04-15 03:49:22 |
| 5434 || 0.0132376131628435 || 2014-04-15 10:17:28 |
| 5435 || 0.96841943208589 || 2016-03-21 07:26:08 |
| 5436 || 49.7076151955877 || 2012-03-06 21:47:53 |
| 5437 || 14.2013049476252 || 2016-04-15 09:18:14 |
| 5438 || 1.32830430547539 || 2011-03-18 04:41:21 |
| 5439 || 0.0741030075882434 || 2016-07-10 17:55:36 |
| 5440 || -5.32466045516898 || 2018-02-27 17:14:14 |
| 5441 || 32.596962865819 || 2018-02-09 19:45:19 |
| 5442 || 82.2264561654435 || 2010-04-19 02:36:49 |
| 5443 || 32.9801134548325 || 2012-07-06 14:35:41 |
| 5444 || 0.00180695835423279 || 2010-03-16 16:43:05 |
| 5445 || 19.4096852499559 || 2019-10-13 07:23:58 |
| 5446 || 37.0364942040591 || 2014-01-14 17:43:05 |
| 5447 || -27.8964150185077 || 2017-06-21 18:29:39 |
| 5448 || -14.0375728979791 || 2011-12-25 01:17:42 |
| 5449 || -0.649488504828639 || 2018-10-14 19:27:10 |
| 5450 || -1.30645719003944 || 2013-04-15 00:57:02 |
| 5451 || 48.517604822704 || 2011-07-12 19:01:34 |
| 5452 || -27.661238645503 || 2013-04-05 05:22:14 |
| 5453 || -4.15209230612223 || 2011-05-03 00:53:03 |
| 5454 || -0.563768152000209 || 2017-07-11 20:26:53 |
| 5455 || 12.8952687689958 || 2012-01-22 03:34:59 |
| 5456 || -16.5046376606883 || 2019-05-19 09:37:14 |
| 5457 || 8.6758086686661 || 2016-11-13 06:57:16 |
| 5458 || 18.687276502009 || 2017-04-01 21:17:32 |
| 5459 || -1.7010771679236 || 2013-10-18 03:05:33 |
| 5460 || 6.37557171476638 || 2019-12-13 06:41:02 |
| 5461 || 21.0365147382476 || 2016-07-05 11:36:47 |
| 5462 || 53.7073942572848 || 2014-12-13 17:59:16 |
| 5463 || 42.1976396190318 || 2019-10-03 04:50:44 |
| 5464 || -2.72951836356844 || 2016-06-19 16:39:15 |
| 5465 || 2.9476759850667 || 2013-08-02 00:52:07 |
| 5466 || 14.6962192181001 || 2013-02-02 18:55:58 |
| 5467 || 3.71413554501162 || 2011-11-18 17:00:53 |
| 5468 || 56.1726248529104 || 2014-08-14 21:47:00 |
| 5469 || 14.1956528150457 || 2018-03-05 13:27:40 |
| 5470 || 2.8513523854875 || 2019-01-15 12:36:53 |
| 5471 || 22.6905218882411 || 2019-06-09 17:25:10 |
| 5472 || 9.22208038283882 || 2014-01-24 08:50:14 |
| 5473 || -23.4379341963988 || 2019-01-05 18:43:31 |
| 5474 || -1.68182552792429 || 2013-09-21 02:36:17 |
| 5475 || 0.69120818711066 || 2011-11-15 07:06:13 |
| 5476 || 38.7331657287538 || 2014-12-16 16:29:10 |
| 5477 || 86.7132991340055 || 2014-01-20 11:39:39 |
| 5478 || 72.0841593459055 || 2012-11-17 15:21:55 |
| 5479 || 7.47278142963025 || 2018-10-07 03:46:00 |
| 5480 || -0.173876821681624 || 2014-08-07 16:24:28 |
| 5481 || 13.3808283370008 || 2012-02-15 07:04:27 |
| 5482 || 62.5966676098863 || 2016-01-01 14:01:56 |
| 5483 || 75.8901124282822 || 2010-07-15 21:23:53 |
| 5484 || 24.5775066217504 || 2011-01-12 01:31:47 |
| 5485 || -0.0115085666886837 || 2017-05-24 02:42:38 |
| 5486 || -9.59294515172377 || 2015-09-18 07:10:13 |
| 5487 || 36.5178878599588 || 2012-11-21 21:05:10 |
| 5488 || 81.2945355143354 || 2014-05-05 10:20:46 |
| 5489 || 32.1540845194161 || 2017-04-23 12:53:06 |
| 5490 || 0.000862338403124759 || 2010-12-07 14:03:01 |
| 5491 || -8.98596594633601 || 2019-10-12 06:22:31 |
| 5492 || -14.2173401729672 || 2015-09-26 03:46:32 |
| 5493 || 80.1948411031756 || 2017-09-15 16:07:10 |
| 5494 || 16.3942771368084 || 2017-08-04 15:20:00 |
| 5495 || 0.622308644030838 || 2019-06-13 11:58:38 |
| 5496 || 9.83144437179871 || 2012-07-13 15:01:45 |
| 5497 || 38.2862560382205 || 2017-10-09 03:19:27 |
| 5498 || 33.5517608422573 || 2019-02-05 15:57:18 |
| 5499 || 41.1869908800651 || 2013-07-11 12:48:43 |
| 5500 || 2.14477314696534 || 2019-10-23 02:57:34 |
| 5501 || 13.9547907635541 || 2011-03-16 23:15:56 |
| 5502 || -14.8516505757589 || 2013-02-04 17:58:18 |
| 5503 || 38.3053825115445 || 2010-06-04 21:58:38 |
| 5504 || 43.8278029318681 || 2017-10-12 00:42:02 |
| 5505 || -0.710343958813437 || 2018-09-18 08:26:18 |
| 5506 || 11.4030431610555 || 2010-11-26 21:10:54 |
| 5507 || 54.7488124095769 || 2010-05-13 14:31:59 |
| 5508 || -20.519517624359 || 2018-08-14 12:15:34 |
| 5509 || -17.7971310866729 || 2014-07-06 17:46:55 |
| 5510 || 0.142382346785811 || 2018-11-19 06:25:56 |
| 5511 || 8.43494016397169 || 2011-04-16 02:31:09 |
| 5512 || -14.224231644709 || 2014-09-26 20:25:14 |
| 5513 || -10.1161951407146 || 2019-12-08 03:06:41 |
| 5514 || -13.1851234822036 || 2011-01-27 16:03:56 |
| 5515 || 9.62747714180482 || 2012-01-02 11:23:55 |
| 5516 || -0.672025835506703 || 2019-10-26 00:03:23 |
| 5517 || 19.7062702427132 || 2015-12-23 00:36:02 |
| 5518 || 66.2184109995852 || 2016-12-13 01:49:24 |
| 5519 || 61.7087144595643 || 2014-04-21 08:32:46 |
| 5520 || -4.24583845828596 || 2016-11-01 15:46:28 |
| 5521 || 3.21803774655059 || 2012-03-09 15:59:15 |
| 5522 || -3.51292602384776 || 2019-02-19 13:52:33 |
| 5523 || 68.8487476667468 || 2015-08-04 00:15:28 |
| 5524 || 23.599330431207 || 2013-11-08 20:20:58 |
| 5525 || 17.5342543833328 || 2016-10-04 19:32:51 |
| 5526 || 2.17657303896285 || 2010-04-17 20:39:40 |
| 5527 || 12.3006041790187 || 2012-03-05 19:27:13 |
| 5528 || 74.0349164683112 || 2010-11-22 10:22:48 |
| 5529 || -7.4754165448462 || 2014-12-09 13:51:56 |
| 5530 || -6.74973015777426 || 2017-03-17 17:04:07 |
| 5531 || -0.109298205079804 || 2011-09-15 23:15:28 |
| 5532 || 1.18051996258796 || 2014-02-27 15:53:27 |
| 5533 || 13.0941647640628 || 2014-07-11 00:54:08 |
| 5534 || -18.1470921012886 || 2011-10-03 18:26:14 |
| 5535 || 0.307973140378966 || 2017-01-06 01:47:08 |
| 5536 || 0.124096611768302 || 2014-03-25 04:49:07 |
| 5537 || 21.9059126433992 || 2015-03-15 06:30:21 |
| 5538 || 78.9366953071709 || 2012-11-04 10:23:05 |
| 5539 || 19.7674417656523 || 2015-09-02 20:41:53 |
| 5540 || 17.2829047677218 || 2018-04-14 19:04:01 |
| 5541 || 0.00629456211744237 || 2019-07-02 11:52:28 |
| 5542 || 12.2901236260167 || 2014-04-03 13:45:52 |
| 5543 || 57.7439602171306 || 2010-04-05 09:12:29 |
| 5544 || -12.090023732039 || 2010-09-14 01:13:59 |
| 5545 || 37.0955612701684 || 2017-09-09 02:05:14 |
| 5546 || 0.440208002579317 || 2012-08-08 03:52:34 |
| 5547 || 9.89954257767058 || 2016-05-12 01:07:29 |
| 5548 || 74.0692148819037 || 2013-02-27 09:46:02 |
| 5549 || -27.509704777293 || 2012-12-04 18:27:27 |
| 5550 || 13.0623676007614 || 2015-08-04 05:14:05 |
| 5551 || 1.8388257673811 || 2019-12-07 05:50:45 |
| 5552 || 16.4648672536765 || 2017-06-19 20:38:40 |
| 5553 || 65.0908667759263 || 2012-11-03 01:30:47 |
| 5554 || 75.0687013497394 || 2011-12-05 11:40:00 |
| 5555 || 18.3357209932108 || 2013-02-26 13:25:31 |
| 5556 || -0.965280372608163 || 2018-11-13 10:19:42 |
| 5557 || 7.25150598658946 || 2010-07-19 11:59:20 |
| 5558 || -17.2665804076787 || 2015-01-21 09:04:01 |
| 5559 || -29.4170220222443 || 2011-06-09 03:54:58 |
| 5560 || 1.00260155267029 || 2013-08-16 00:51:35 |
| 5561 || 2.04140504603811 || 2016-01-11 06:57:53 |
| 5562 || 10.4202634168654 || 2017-07-24 15:04:41 |
| 5563 || -18.9444096557892 || 2010-01-01 04:25:53 |
| 5564 || -29.5718975081696 || 2013-09-12 20:53:28 |
| 5565 || 10.63985719743 || 2019-02-20 08:16:44 |
| 5566 || 2.24529451253836 || 2015-05-15 09:53:28 |
| 5567 || 0.405614419822872 || 2014-04-23 08:28:02 |
| 5568 || -3.57065293869325 || 2016-08-11 21:20:10 |
| 5569 || 89.7994303658335 || 2014-07-15 23:17:20 |
| 5570 || 59.9635367719906 || 2013-10-06 00:59:20 |
| 5571 || -1.53010178286861 || 2014-11-03 08:20:06 |
| 5572 || 0.987823216111975 || 2011-10-05 02:02:05 |
| 5573 || -10.8405670972294 || 2019-10-19 03:23:16 |
| 5574 || 0.990556388141165 || 2014-06-02 03:36:38 |
| 5575 || 1.48125742025914 || 2011-10-16 15:28:33 |
| 5576 || 12.9688292527988 || 2011-05-07 11:25:28 |
| 5577 || 2.57495047803217 || 2011-07-01 19:04:12 |
| 5578 || -14.4604233746506 || 2016-11-17 00:28:19 |
| 5579 || 85.3805033541314 || 2019-06-08 16:12:51 |
| 5580 || -6.91646259952134 || 2012-04-23 11:54:06 |
| 5581 || -3.45295010334392 || 2014-02-27 12:03:23 |
| 5582 || 0.401398945232429 || 2016-05-09 18:08:24 |
| 5583 || 38.7171022380987 || 2013-09-23 08:35:38 |
| 5584 || 84.0281532337644 || 2011-11-07 22:48:38 |
| 5585 || 21.3428378513145 || 2014-08-21 07:50:23 |
| 5586 || 5.35141739568166 || 2014-12-02 11:10:20 |
| 5587 || 0.181843803065452 || 2016-07-06 09:21:00 |
| 5588 || -6.48639315063665 || 2010-05-26 09:48:05 |
| 5589 || 70.9928475551609 || 2018-10-27 19:33:59 |
| 5590 || -6.62112838271223 || 2013-07-11 13:38:47 |
| 5591 || -5.54296750998912 || 2012-04-21 06:41:27 |
| 5592 || 0.0112772695708127 || 2013-07-23 12:52:43 |
| 5593 || -0.735853987023742 || 2014-08-20 18:56:55 |
| 5594 || 4.25952343735559 || 2013-03-19 17:57:35 |
| 5595 || 11.2135282090595 || 2016-01-02 02:44:19 |
| 5596 || 12.7779059920687 || 2018-10-11 17:07:26 |
| 5597 || 0.0790728911748232 || 2018-02-01 00:18:08 |
| 5598 || 13.9793258692945 || 2013-09-09 10:59:37 |
| 5599 || 2.06353500553236 || 2012-11-06 03:09:28 |
| 5600 || -28.5977631087388 || 2012-12-04 05:16:22 |
| 5601 || -8.06244098609646 || 2017-11-10 14:45:43 |
| 5602 || 1.56402221543729 || 2011-09-12 16:13:58 |
| 5603 || 5.71785098870254 || 2010-03-07 22:50:50 |
| 5604 || 61.2180535890068 || 2014-02-14 10:09:07 |
| 5605 || 70.9432055124042 || 2019-06-15 21:03:57 |
| 5606 || -14.3846792597498 || 2010-05-23 02:15:41 |
| 5607 || 1.60485786597238 || 2010-03-25 04:18:05 |
| 5608 || 3.84326800768156 || 2013-02-06 03:10:56 |
| 5609 || 66.8817771921558 || 2013-10-25 18:15:59 |
| 5610 || -7.54399074478385 || 2011-06-14 03:02:04 |
| 5611 || -16.8371725307465 || 2019-12-25 15:21:06 |
| 5612 || -0.729346637822375 || 2013-05-16 17:41:49 |
| 5613 || 9.03604078864888 || 2015-05-01 18:16:00 |
| 5614 || 8.85204054297052 || 2011-03-06 22:43:46 |
| 5615 || 75.5397941370721 || 2012-09-06 15:15:06 |
| 5616 || -10.1549584669761 || 2019-07-03 17:36:22 |
| 5617 || 8.53863118388714 || 2017-02-24 04:51:32 |
| 5618 || -2.40050671985943 || 2013-11-06 16:24:52 |
| 5619 || -7.70650624701289 || 2015-04-06 09:55:53 |
| 5620 || -29.9524194493939 || 2012-01-14 17:34:05 |
| 5621 || -20.5322523841138 || 2019-01-03 21:56:21 |
| 5622 || -3.97455431547048 || 2018-09-20 21:33:05 |
| 5623 || 3.46471582137213 || 2013-01-21 05:50:41 |
| 5624 || 4.96924522854645 || 2016-08-12 06:21:00 |
| 5625 || 19.2177672034028 || 2010-12-08 23:41:46 |
| 5626 || -21.3921234256888 || 2011-02-18 16:09:51 |
| 5627 || 6.21111753430227 || 2015-02-05 16:02:46 |
| 5628 || 2.21455390670083 || 2018-01-13 20:53:47 |
| 5629 || 16.2304348618949 || 2018-12-27 01:09:39 |
| 5630 || 20.3591979598776 || 2018-04-10 19:16:07 |
| 5631 || 9.61157883647555 || 2017-10-27 06:53:22 |
| 5632 || -4.39268248878455 || 2011-04-26 14:21:26 |
| 5633 || 0.308187196745198 || 2018-01-12 18:38:46 |
| 5634 || 38.9444661795157 || 2013-04-27 03:50:07 |
| 5635 || 25.9965735237164 || 2017-03-01 07:21:12 |
| 5636 || -12.1604252155812 || 2015-09-25 09:27:21 |
| 5637 || 22.2074210464423 || 2010-12-22 22:44:48 |
| 5638 || 0.126125160232968 || 2014-10-16 18:34:56 |
| 5639 || 28.9550441537409 || 2011-06-23 11:07:30 |
| 5640 || 72.829898690679 || 2010-10-13 14:59:11 |
| 5641 || 44.9369350262455 || 2014-12-12 08:54:07 |
| 5642 || 28.3080070026111 || 2016-01-15 21:40:44 |
| 5643 || 2.6139368477347e-06 || 2014-09-21 09:29:44 |
| 5644 || 28.5449994234572 || 2015-04-12 00:03:41 |
| 5645 || -17.5363082876681 || 2013-11-27 08:17:04 |
| 5646 || 7.07063937908119 || 2010-02-23 14:41:15 |
| 5647 || 35.1750955749121 || 2018-09-24 07:24:21 |
| 5648 || -0.0788246023498827 || 2016-05-09 11:03:19 |
| 5649 || 2.6597078893576 || 2018-05-22 12:39:04 |
| 5650 || -19.650533155727 || 2017-09-15 22:50:12 |
| 5651 || 27.0324241478782 || 2019-07-27 07:05:33 |
| 5652 || 40.620756560058 || 2012-11-07 23:04:21 |
| 5653 || 0.117636268638374 || 2015-05-22 03:53:03 |
| 5654 || 16.3174885771053 || 2016-01-13 19:42:07 |
| 5655 || 53.7664057907273 || 2017-07-07 03:17:34 |
| 5656 || 85.8798599982606 || 2017-09-01 16:21:15 |
| 5657 || 44.9315013580438 || 2013-09-02 09:58:43 |
| 5658 || -0.873642981430726 || 2012-12-21 10:10:10 |
| 5659 || 15.4180757261644 || 2019-10-16 01:25:41 |
| 5660 || 57.1259650318944 || 2012-10-04 20:24:41 |
| 5661 || -29.4750428019188 || 2012-08-17 06:09:09 |
| 5662 || 41.2894983358033 || 2015-05-27 02:33:11 |
| 5663 || -0.0413279666683265 || 2015-12-06 21:52:49 |
| 5664 || -3.72824829323185 || 2016-06-13 21:41:42 |
| 5665 || 59.5328146033881 || 2014-07-14 08:58:56 |
| 5666 || -17.0766723120901 || 2010-09-23 06:07:39 |
| 5667 || 19.8996370171742 || 2013-10-27 02:11:18 |
| 5668 || 5.81529804154268 || 2012-02-21 15:57:53 |
| 5669 || -1.48478596666269 || 2014-12-03 01:25:42 |
| 5670 || -6.97221372334348 || 2010-06-01 04:31:20 |
| 5671 || 83.1349370794608 || 2016-12-12 04:24:23 |
| 5672 || 56.5346751821939 || 2013-02-14 13:58:03 |
| 5673 || 6.47456233747229 || 2012-08-10 23:54:20 |
| 5674 || 0.69264010715389 || 2016-05-16 12:47:57 |
| 5675 || -16.8404754359994 || 2016-11-13 07:18:09 |
| 5676 || -24.9876487789697 || 2010-09-06 20:01:33 |
| 5677 || -22.2196016564305 || 2014-07-17 23:46:19 |
| 5678 || 11.4898793502085 || 2010-01-25 10:10:05 |
| 5679 || -1.09113163497567 || 2013-08-02 04:02:13 |
| 5680 || -3.33525143825531 || 2010-05-16 17:49:48 |
| 5681 || -9.00706565994781 || 2014-06-03 22:52:49 |
| 5682 || -18.35891137914 || 2016-09-05 07:46:52 |
| 5683 || -0.076497152307547 || 2010-05-19 19:24:20 |
| 5684 || 1.30342218480301 || 2016-09-17 12:49:21 |
| 5685 || -13.7185670071063 || 2014-07-07 15:38:59 |
| 5686 || 1.56042960914824 || 2014-10-16 02:35:55 |
| 5687 || 1.78370569603997 || 2015-05-27 08:43:57 |
| 5688 || -3.75231330594752 || 2018-01-23 18:12:59 |
| 5689 || -0.07531474182104 || 2014-12-11 14:23:20 |
| 5690 || 28.1237119440962 || 2019-01-10 00:32:30 |
| 5691 || 13.8159757151266 || 2010-10-21 10:47:19 |
| 5692 || 73.8073647699262 || 2019-07-15 11:47:54 |
| 5693 || -5.02052691116232 || 2016-08-16 05:42:00 |
| 5694 || 0.0108453697696416 || 2014-01-26 03:34:47 |
| 5695 || -9.23294666417411 || 2013-10-07 22:19:56 |
| 5696 || -26.7212963857722 || 2016-07-27 21:16:05 |
| 5697 || 78.5052109269094 || 2018-08-24 15:57:40 |
| 5698 || -4.63674023145796 || 2014-01-11 06:23:29 |
| 5699 || -0.0693729134264184 || 2012-09-13 20:20:02 |
| 5700 || 10.9288386665001 || 2014-05-23 23:18:41 |
| 5701 || 23.6563596889702 || 2017-10-20 07:35:14 |
| 5702 || 82.2650238971554 || 2013-08-16 11:26:38 |
| 5703 || 4.16858651713144 || 2017-05-14 08:32:52 |
| 5704 || 0.234064174351964 || 2011-10-26 00:03:38 |
| 5705 || -3.03757625449215 || 2012-06-01 14:34:47 |
| 5706 || -19.1046798586539 || 2015-07-17 05:34:20 |
| 5707 || 45.0575571055298 || 2018-01-24 05:33:15 |
| 5708 || 37.1877367443327 || 2017-03-19 18:13:16 |
| 5709 || 2.56350756892056 || 2013-12-10 15:18:24 |
| 5710 || 12.6770320099058 || 2011-06-25 16:40:51 |
| 5711 || -7.27435666512104 || 2012-10-19 09:20:32 |
| 5712 || 3.36543582158408 || 2019-04-07 06:41:57 |
| 5713 || 19.0643268954882 || 2018-07-04 14:53:53 |
| 5714 || 2.76736411292886 || 2017-03-16 19:21:02 |
| 5715 || -4.03473908961978 || 2014-07-18 21:55:45 |
| 5716 || -14.1132962763109 || 2019-08-05 05:52:07 |
| 5717 || -24.3310738161536 || 2019-03-22 07:12:20 |
| 5718 || 54.9519756765955 || 2014-04-04 15:28:09 |
| 5719 || 1.23965632695586 || 2011-12-08 06:09:11 |
| 5720 || 1.39299370265272 || 2016-01-17 00:31:28 |
| 5721 || 57.4122360080687 || 2010-09-16 09:49:20 |
| 5722 || 69.6825289583017 || 2014-09-07 16:30:35 |
| 5723 || 59.6261239019548 || 2011-01-04 14:19:26 |
| 5724 || 4.93732093442718 || 2015-02-07 11:10:47 |
| 5725 || -1.09284991713253 || 2016-03-14 01:51:10 |
| 5726 || 53.1236355804426 || 2010-04-15 05:54:49 |
| 5727 || -27.9628323046503 || 2011-12-12 18:45:37 |
| 5728 || -5.67340263617193 || 2013-06-12 22:50:21 |
| 5729 || 14.1957033211048 || 2015-06-04 02:27:01 |
| 5730 || 2.28234249416731 || 2013-09-19 23:16:29 |
| 5731 || -13.2054141587424 || 2019-05-03 20:13:08 |
| 5732 || 85.9886509424703 || 2014-11-13 14:59:45 |
| 5733 || 12.7651465708803 || 2012-01-24 08:49:16 |
| 5734 || -3.41474957688887 || 2014-11-05 14:38:17 |
| 5735 || 1.51595711933222 || 2013-04-01 19:50:14 |
| 5736 || 42.070571402602 || 2017-02-21 14:03:12 |
| 5737 || -24.0676629785334 || 2017-12-13 14:55:04 |
| 5738 || -24.1044337471843 || 2010-07-22 21:25:07 |
| 5739 || 14.9966139732292 || 2015-10-17 18:39:24 |
| 5740 || 0.407172769106725 || 2013-03-18 16:52:54 |
| 5741 || 34.9881219382353 || 2012-10-08 19:42:24 |
| 5742 || -14.9949448190701 || 2017-12-22 08:16:32 |
| 5743 || -9.58971162644628 || 2017-09-07 05:52:50 |
| 5744 || 23.5003749538285 || 2017-12-15 11:03:39 |
| 5745 || 0.00601629719894474 || 2018-12-07 10:56:26 |
| 5746 || 22.2100633729302 || 2014-02-13 23:02:48 |
| 5747 || 81.0123788979337 || 2018-08-23 22:20:45 |
| 5748 || 10.549111583311 || 2019-11-15 16:45:08 |
| 5749 || 22.6668815102807 || 2012-09-14 20:04:33 |
| 5750 || 0.0608412879661625 || 2016-09-12 00:46:59 |
| 5751 || -8.85995574502351 || 2010-04-12 13:07:58 |
| 5752 || 70.5607107129493 || 2016-03-14 08:55:22 |
| 5753 || -25.2599351138257 || 2019-09-04 15:18:21 |
| 5754 || -2.89216049196397 || 2019-11-22 00:14:43 |
| 5755 || -0.0427160143896296 || 2017-03-19 03:32:17 |
| 5756 || 20.8477003987418 || 2017-02-02 21:49:02 |
| 5757 || 63.3595329030767 || 2012-09-04 15:44:42 |
| 5758 || -19.1065266720571 || 2010-03-09 07:25:55 |
| 5759 || 43.7420755762698 || 2010-12-10 08:22:56 |
| 5760 || 2.12479409688487 || 2012-01-27 12:06:47 |
| 5761 || -5.85105983699489 || 2019-08-22 23:01:50 |
| 5762 || -12.7556452714007 || 2015-10-13 06:34:39 |
| 5763 || 14.8593429595583 || 2010-02-25 22:29:23 |
| 5764 || 32.1534925419658 || 2013-07-19 11:40:32 |
| 5765 || 0.963351426875425 || 2011-11-18 02:17:19 |
| 5766 || 5.54700807621299 || 2017-11-05 13:56:49 |
| 5767 || -14.0503330568479 || 2016-04-01 15:15:20 |
| 5768 || 11.696540605671 || 2016-02-19 03:30:19 |
| 5769 || 36.8325655172584 || 2014-11-20 11:27:22 |
| 5770 || 4.89951715853758 || 2012-07-03 10:28:39 |
| 5771 || -1.36503636810312 || 2010-05-06 23:52:59 |
| 5772 || -8.46523036538737 || 2014-01-07 23:08:25 |
| 5773 || -24.9397503311954 || 2010-06-26 18:12:15 |
| 5774 || -16.0865398082258 || 2018-04-18 21:19:41 |
| 5775 || 5.54240711780155 || 2010-02-01 02:09:16 |
| 5776 || 3.7531854086633 || 2010-10-23 13:48:31 |
| 5777 || 9.31738630912868 || 2016-12-17 11:12:52 |
| 5778 || -20.8560539958149 || 2019-05-10 16:37:54 |
| 5779 || 15.5466873610517 || 2017-06-17 02:47:13 |
| 5780 || 13.0497190622522 || 2015-03-15 01:50:44 |
| 5781 || 2.8006046865772 || 2013-09-21 02:20:04 |
| 5782 || -14.9467035396672 || 2014-04-24 15:58:42 |
| 5783 || -29.5372353206102 || 2015-04-24 02:21:38 |
| 5784 || 69.4424000051482 || 2016-10-02 06:53:55 |
| 5785 || 0.0383367686049777 || 2011-06-17 10:04:29 |
| 5786 || -0.703109525380628 || 2016-05-11 10:31:40 |
| 5787 || 42.0748137007572 || 2013-11-09 17:36:33 |
| 5788 || -22.6461132839005 || 2018-07-17 15:48:56 |
| 5789 || -18.2019972664034 || 2018-12-13 02:43:46 |
| 5790 || -7.28225156190902 || 2011-03-23 11:06:46 |
| 5791 || -0.153953706188494 || 2017-09-11 17:33:07 |
| 5792 || 17.2878395271772 || 2011-12-03 17:33:48 |
| 5793 || 70.2547940541118 || 2014-01-12 08:48:12 |
| 5794 || -16.3544548950598 || 2017-07-19 01:46:08 |
| 5795 || 17.2148218808563 || 2018-12-15 18:46:28 |
| 5796 || 0.102813784778871 || 2012-06-07 16:43:35 |
| 5797 || 27.6759596999847 || 2015-04-03 03:11:15 |
| 5798 || 65.204569441566 || 2017-08-27 23:08:02 |
| 5799 || -9.33248920103349 || 2016-01-08 17:25:37 |
| 5800 || 29.0138942584925 || 2012-10-13 12:00:28 |
| 5801 || -0.00248582907097922 || 2014-12-27 08:48:51 |
| 5802 || 27.6278935913164 || 2019-07-08 23:33:27 |
| 5803 || 78.3178788927235 || 2018-12-06 17:46:15 |
| 5804 || -21.2304343206046 || 2010-11-22 05:39:06 |
| 5805 || 36.6568070377095 || 2012-07-19 18:36:40 |
| 5806 || -0.154491564762088 || 2014-03-21 18:08:35 |
| 5807 || -7.11208972694132 || 2010-04-26 23:30:45 |
| 5808 || 69.1258179634301 || 2012-12-27 09:10:01 |
| 5809 || 75.7229318275389 || 2011-06-17 21:52:33 |
| 5810 || 35.5543536128752 || 2013-04-10 08:02:19 |
| 5811 || -0.547960850306339 || 2015-03-25 05:22:17 |
| 5812 || 9.48354964833706 || 2019-12-07 00:11:06 |
| 5813 || -23.389154039803 || 2016-12-12 00:32:43 |
| 5814 || -29.4144470913111 || 2013-09-24 22:42:57 |
| 5815 || -11.7249449687621 || 2017-08-11 03:51:40 |
| 5816 || 3.79751857008915 || 2010-08-08 02:29:18 |
| 5817 || 13.6310900618097 || 2012-02-10 15:39:21 |
| 5818 || 21.61984639463 || 2011-10-20 01:41:57 |
| 5819 || 25.105832812019 || 2011-11-27 08:49:48 |
| 5820 || 9.1173002159951 || 2019-08-21 19:51:00 |
| 5821 || -2.07897150864563 || 2018-02-24 06:47:02 |
| 5822 || 9.9919878814098 || 2015-06-13 02:57:08 |
| 5823 || 37.0467310006268 || 2017-03-21 20:19:22 |
| 5824 || 69.7215691138972 || 2011-05-13 05:09:45 |
| 5825 || -10.7528981452494 || 2012-10-21 00:24:11 |
| 5826 || 1.0889792216107 || 2019-10-10 14:52:59 |
| 5827 || -1.42830253817263 || 2019-05-15 12:31:17 |
| 5828 || -16.4428700960868 || 2014-04-11 04:01:17 |
| 5829 || -28.7105368982379 || 2010-07-08 15:08:40 |
| 5830 || 19.5212908937491 || 2016-03-24 02:13:16 |
| 5831 || -2.9339381513242 || 2010-08-23 05:15:12 |
| 5832 || 4.57000558700736 || 2017-04-19 14:59:34 |
| 5833 || 21.5569402975237 || 2010-08-15 10:57:02 |
| 5834 || 2.23356487233897 || 2016-06-22 06:44:48 |
| 5835 || 5.09984776315215 || 2011-04-01 16:41:59 |
| 5836 || -5.50853453825212 || 2015-12-17 04:04:26 |
| 5837 || 1.89443781970904 || 2013-11-03 10:35:53 |
| 5838 || 41.3594124790011 || 2018-03-08 22:08:55 |
| 5839 || 71.6607941065727 || 2012-09-19 12:36:24 |
| 5840 || 72.6600099751324 || 2019-06-03 09:51:36 |
| 5841 || 17.6283005738486 || 2014-09-09 12:05:12 |
| 5842 || 0.848440825989525 || 2015-06-10 21:05:20 |
| 5843 || 18.2995170092573 || 2011-08-05 11:38:37 |
| 5844 || 14.5702888173963 || 2012-09-07 23:06:24 |
| 5845 || 5.28924869608364 || 2010-10-12 03:35:38 |
| 5846 || 20.6660562016488 || 2019-05-06 14:25:12 |
| 5847 || -0.0417115068664819 || 2019-04-12 09:49:56 |
| 5848 || -1.93348593316658 || 2012-09-04 20:13:54 |
| 5849 || 37.6649849529751 || 2018-11-02 18:55:48 |
| 5850 || -23.2433176884125 || 2017-03-16 01:12:16 |
| 5851 || 19.6098916165953 || 2014-03-23 00:18:07 |
| 5852 || 0.0171695291307164 || 2016-11-24 01:39:01 |
| 5853 || 22.9015320651404 || 2012-10-03 01:37:46 |
| 5854 || -20.1077173075679 || 2018-02-12 15:54:35 |
| 5855 || 77.2745078327319 || 2015-08-09 23:24:50 |
| 5856 || 2.24535384572914 || 2016-11-05 01:49:03 |
| 5857 || 0.310909107847251 || 2014-05-06 23:58:08 |
| 5858 || 19.2777639838325 || 2017-02-07 15:44:04 |
| 5859 || -23.5534058800751 || 2016-11-11 04:49:08 |
| 5860 || -28.7821401189064 || 2013-01-26 19:29:43 |
| 5861 || 4.71439447944645 || 2013-07-09 01:18:24 |
| 5862 || 1.0288692643024 || 2017-04-13 20:50:30 |
| 5863 || -2.14130401595343 || 2019-12-04 09:43:19 |
| 5864 || 10.158761069188 || 2012-09-27 04:20:55 |
| 5865 || 79.3939521282999 || 2016-04-01 00:59:05 |
| 5866 || -9.1278179945639 || 2010-09-01 04:42:37 |
| 5867 || 2.50517695831624 || 2012-11-08 16:09:34 |
| 5868 || -0.0895307643305871 || 2019-06-10 02:42:45 |
| 5869 || -20.5045793164637 || 2013-05-15 21:27:04 |
| 5870 || 81.0720108498373 || 2010-01-07 05:22:14 |
| 5871 || 25.5390849854805 || 2016-11-12 17:49:53 |
| 5872 || -1.90266564918739 || 2014-05-03 12:59:25 |
| 5873 || -2.97283150765828 || 2017-10-23 01:44:54 |
| 5874 || -19.9553110381168 || 2013-08-14 07:11:34 |
| 5875 || -15.1290851697171 || 2015-03-18 12:31:20 |
| 5876 || 45.3457632224183 || 2010-12-09 14:46:15 |
| 5877 || 3.2279174949956 || 2015-10-09 12:35:37 |
| 5878 || -2.58362618991107 || 2018-12-08 06:13:09 |
| 5879 || -7.102005500752 || 2017-03-19 19:39:02 |
| 5880 || 70.6694261212321 || 2018-11-22 06:49:56 |
| 5881 || 39.3659657672811 || 2018-05-09 06:49:36 |
| 5882 || 7.94143342251889 || 2014-10-14 18:21:39 |
| 5883 || 1.22775722706242 || 2016-04-05 03:41:32 |
| 5884 || 27.4186992341871 || 2010-06-03 09:16:35 |
| 5885 || -13.0396031020139 || 2010-01-24 08:42:21 |
| 5886 || 1.65847644312562 || 2019-08-23 22:42:45 |
| 5887 || 8.96180069054986 || 2018-08-02 19:34:32 |
| 5888 || -0.346274050108241 || 2017-12-03 09:23:38 |
| 5889 || 44.9293434051724 || 2015-11-20 12:01:22 |
| 5890 || 81.077181609785 || 2018-12-04 06:52:20 |
| 5891 || 67.6460374167733 || 2010-10-15 13:46:03 |
| 5892 || 18.666174094344 || 2018-08-10 14:30:55 |
| 5893 || -0.352523688836404 || 2015-01-17 09:55:09 |
| 5894 || -2.01206672924553 || 2010-04-24 10:54:53 |
| 5895 || -27.0178195637232 || 2014-09-15 09:26:31 |
| 5896 || 6.84772898753384 || 2011-11-15 07:45:16 |
| 5897 || 21.5037265758561 || 2015-05-27 16:41:46 |
| 5898 || 0.284839162378773 || 2019-01-20 22:39:45 |
| 5899 || -11.6719135121945 || 2012-08-08 18:17:55 |
| 5900 || -27.6648755731109 || 2014-12-27 05:38:45 |
| 5901 || 80.2117045950396 || 2013-04-13 02:08:21 |
| 5902 || -3.24719115321944 || 2010-02-01 01:14:56 |
| 5903 || 0.000666752091431398 || 2012-01-10 22:53:17 |
| 5904 || -3.20391195317241 || 2011-08-02 04:25:37 |
| 5905 || 75.3700939288748 || 2010-01-14 01:26:35 |
| 5906 || -26.484210596956 || 2018-01-19 00:13:19 |
| 5907 || -10.4192021504679 || 2013-04-11 02:47:17 |
| 5908 || -0.1103570057846 || 2010-04-23 22:26:54 |
| 5909 || -6.5426601666252 || 2012-12-07 09:30:07 |
| 5910 || 25.2181163360103 || 2015-10-06 16:56:49 |
| 5911 || -24.5262768666575 || 2010-06-04 16:04:04 |
| 5912 || -13.1242122933841 || 2011-11-12 13:27:57 |
| 5913 || 1.06899370802375 || 2014-12-20 01:19:15 |
| 5914 || 18.7103406870138 || 2015-01-02 20:14:35 |
| 5915 || 17.1550865886749 || 2019-02-10 07:52:02 |
| 5916 || 76.6949533533028 || 2010-12-12 21:48:02 |
| 5917 || -4.87951377461668 || 2011-12-26 14:12:18 |
| 5918 || 2.03652863363074 || 2010-07-12 20:31:03 |
| 5919 || 11.4776756557181 || 2014-05-06 00:50:02 |
| 5920 || -15.5722578230343 || 2019-01-06 18:23:05 |
| 5921 || -29.4344970981575 || 2014-09-09 09:34:11 |
| 5922 || 11.1509254342363 || 2019-05-03 16:08:37 |
| 5923 || 5.28309974915809 || 2010-12-14 04:52:27 |
| 5924 || 0.396689432573223 || 2017-01-22 06:58:42 |
| 5925 || 50.680411293293 || 2010-04-13 19:46:46 |
| 5926 || -9.52627541084122 || 2015-09-02 13:39:39 |
| 5927 || 45.4660949389742 || 2013-02-06 19:04:24 |
| 5928 || 1.85490254726183 || 2010-09-11 05:43:12 |
| 5929 || -1.89978515094396 || 2012-11-04 10:32:05 |
| 5930 || 56.8616102255273 || 2019-04-06 09:14:02 |
| 5931 || 89.8815790926156 || 2019-04-06 06:13:34 |
| 5932 || 56.6927840197189 || 2013-05-11 00:12:08 |
| 5933 || 3.18181768186215 || 2014-08-14 19:33:40 |
| 5934 || -0.862422099828734 || 2019-02-19 05:27:21 |
| 5935 || 4.02314849790492 || 2011-07-06 14:22:09 |
| 5936 || 72.6849513368042 || 2011-10-13 05:03:47 |
| 5937 || 18.698773417926 || 2017-08-07 03:26:37 |
| 5938 || 6.31512607128943 || 2011-03-13 18:55:12 |
| 5939 || 2.48219938625127 || 2014-02-04 12:24:17 |
| 5940 || 12.7492029073933 || 2011-12-13 16:12:52 |
| 5941 || 66.3852428457165 || 2014-06-25 10:49:24 |
| 5942 || 12.3582616508458 || 2016-02-11 15:28:43 |
| 5943 || -6.28598822312439 || 2012-08-27 16:44:38 |
| 5944 || 0.737162539635038 || 2014-09-08 06:39:45 |
| 5945 || -13.7588576200283 || 2010-09-14 17:45:12 |
| 5946 || 83.0945806629908 || 2010-08-04 20:55:35 |
| 5947 || -16.2740045747273 || 2018-11-18 18:41:04 |
| 5948 || -6.09602819108136 || 2015-11-12 16:06:13 |
| 5949 || -0.136471338882451 || 2019-08-24 16:55:53 |
| 5950 || 14.2031724839151 || 2019-05-06 03:49:32 |
| 5951 || 44.8496230913839 || 2011-03-15 15:22:42 |
| 5952 || -1.55328069018775 || 2019-03-11 15:09:10 |
| 5953 || -2.31665269360645 || 2010-04-16 14:52:31 |
| 5954 || 0.00157856298972807 || 2013-02-27 05:02:07 |
| 5955 || 6.45337432246847 || 2016-01-23 04:49:11 |
| 5956 || 53.3080490996074 || 2018-11-17 03:00:12 |
| 5957 || 9.86438997982252 || 2018-09-18 16:49:28 |
| 5958 || 33.2739107110739 || 2014-03-05 06:38:38 |
| 5959 || 0.245088461368742 || 2013-10-25 20:47:57 |
| 5960 || 20.6816279515784 || 2019-04-22 09:45:43 |
| 5961 || 26.3308268733687 || 2014-09-05 06:57:38 |
| 5962 || 61.6538515304333 || 2018-11-23 13:24:52 |
| 5963 || 23.6920750529649 || 2018-12-02 11:13:31 |
| 5964 || 0.0481952313326994 || 2016-07-07 00:32:07 |
| 5965 || 20.5130217725997 || 2014-10-19 02:16:46 |
| 5966 || 54.4107848513568 || 2017-11-23 12:55:25 |
| 5967 || 85.4729795823352 || 2017-04-19 13:11:37 |
| 5968 || 40.4058828835121 || 2017-04-25 05:41:37 |
| 5969 || -0.798794407617687 || 2012-06-10 09:52:30 |
| 5970 || 3.41542960313361 || 2011-03-26 00:27:11 |
| 5971 || -17.0215038488733 || 2017-09-10 04:19:04 |
| 5972 || -27.9692298004589 || 2019-10-02 19:44:33 |
| 5973 || -3.03463535211014 || 2014-12-13 15:40:26 |
| 5974 || -0.198963128500003 || 2016-09-13 04:16:21 |
| 5975 || -2.80945551355549 || 2012-10-01 11:29:47 |
| 5976 || -11.3042905498262 || 2014-10-10 02:55:47 |
| 5977 || -9.15604147994943 || 2017-08-08 15:42:21 |
| 5978 || 20.1592509664131 || 2012-04-25 02:05:56 |
| 5979 || 4.55222367003517 || 2016-09-13 00:26:28 |
| 5980 || 8.84536452117899 || 2013-06-01 03:19:57 |
| 5981 || 47.3232428713903 || 2010-07-09 01:07:54 |
| 5982 || -9.94510288363181 || 2013-06-24 23:19:31 |
| 5983 || 20.4161824446116 || 2011-11-06 21:06:32 |
| 5984 || -2.66641118755068 || 2016-11-04 04:45:09 |
| 5985 || -1.16383545335775 || 2017-03-21 19:27:00 |
| 5986 || -7.36812597579442 || 2011-12-20 12:24:46 |
| 5987 || 11.5370329487637 || 2012-07-17 12:00:06 |
| 5988 || 43.4273096247316 || 2010-04-18 12:34:06 |
| 5989 || 13.5773424472434 || 2010-01-23 14:59:16 |
| 5990 || -1.19030034871244 || 2019-10-21 11:26:04 |
| 5991 || 46.5594200263272 || 2017-12-05 21:40:46 |
| 5992 || 58.1297322230768 || 2017-03-13 13:24:36 |
| 5993 || -16.0011498477064 || 2019-05-13 04:05:43 |
| 5994 || 5.56147291131544 || 2013-03-04 05:52:00 |
| 5995 || 0.786534996277281 || 2012-02-17 02:05:13 |
| 5996 || -14.0921946432391 || 2010-04-12 15:25:58 |
| 5997 || 15.2810455498668 || 2014-01-08 14:40:06 |
| 5998 || -15.4224120400663 || 2010-11-24 05:19:54 |
| 5999 || 22.6116709958043 || 2011-07-19 19:25:34 |
| 6000 || 0.571464467588086 || 2017-07-27 15:23:05 |
| 6001 || 5.98851786282245 || 2012-07-26 09:02:04 |
| 6002 || 81.1037288446858 || 2013-09-15 13:29:07 |
| 6003 || -11.4527357496232 || 2013-02-16 05:47:50 |
| 6004 || 26.1980992909109 || 2016-05-18 10:07:54 |
| 6005 || 0.0306422412155533 || 2010-05-21 07:04:09 |
| 6006 || 21.5029268825498 || 2017-07-25 12:52:37 |
| 6007 || 41.0471412873916 || 2019-02-23 06:05:42 |
| 6008 || 22.3713944155337 || 2012-09-12 14:27:32 |
| 6009 || 33.5537961815841 || 2013-03-06 16:23:45 |
| 6010 || 0.145019308883526 || 2010-08-03 06:12:40 |
| 6011 || 2.46352661360838 || 2010-01-07 13:08:35 |
| 6012 || -25.2137578133625 || 2017-05-21 02:59:13 |
| 6013 || 51.1473498303262 || 2011-07-17 17:17:20 |
| 6014 || 38.5505075580101 || 2015-07-05 13:18:34 |
| 6015 || 0.834157405983895 || 2013-01-08 07:35:02 |
| 6016 || -5.0961633786017 || 2019-08-27 20:05:00 |
| 6017 || -9.10458791171699 || 2011-07-24 05:43:32 |
| 6018 || 79.2799840621621 || 2013-05-13 10:16:25 |
| 6019 || 21.5295614262891 || 2011-03-12 15:44:53 |
| 6020 || 2.33316493903388 || 2019-08-18 08:36:02 |
| 6021 || -5.72076630652329 || 2010-01-01 06:26:08 |
| 6022 || -13.5367327680563 || 2011-04-01 03:15:48 |
| 6023 || -6.89945995823442 || 2019-09-16 09:17:02 |
| 6024 || 42.4470650255896 || 2014-11-02 11:26:49 |
| 6025 || 4.25372387993853 || 2016-02-05 21:26:18 |
| 6026 || -0.28777936788348 || 2017-01-27 10:29:47 |
| 6027 || -13.1865394522458 || 2017-12-03 16:08:51 |
| 6028 || -29.186097475368 || 2017-09-23 03:17:12 |
| 6029 || 26.7087512904745 || 2012-08-13 15:27:20 |
| 6030 || 1.78382078189415 || 2011-01-17 18:35:28 |
| 6031 || 3.71719789737332 || 2014-10-23 20:11:38 |
| 6032 || 11.4913802417232 || 2013-03-21 09:42:43 |
| 6033 || -29.912986054758 || 2012-07-08 15:52:19 |
| 6034 || 21.0137141440631 || 2017-07-09 01:30:08 |
| 6035 || 6.60737976637455 || 2016-01-20 07:18:46 |
| 6036 || 6.41844995735623 || 2011-02-16 23:08:04 |
| 6037 || 16.1706290494183 || 2018-08-21 04:35:03 |
| 6038 || -29.4480035199046 || 2017-06-02 10:56:14 |
| 6039 || 62.1821980613383 || 2013-02-25 06:18:11 |
| 6040 || -4.16160553707389 || 2015-09-21 04:10:20 |
| 6041 || -1.17457520945714 || 2019-09-06 04:17:06 |
| 6042 || 44.3976103417993 || 2017-08-24 08:04:52 |
| 6043 || 88.5609256745297 || 2015-04-10 04:44:02 |
| 6044 || -22.2827242365643 || 2017-08-16 16:19:45 |
| 6045 || 18.0307031564908 || 2015-04-01 21:51:26 |
| 6046 || 1.57932377449391 || 2017-11-04 07:15:26 |
| 6047 || 34.1480926487879 || 2014-05-13 19:27:08 |
| 6048 || 35.3657095332035 || 2010-07-25 13:22:35 |
| 6049 || 59.9810001289267 || 2017-09-03 01:50:57 |
| 6050 || 18.3692756622679 || 2013-04-16 11:23:18 |
| 6051 || 0.294844244357693 || 2018-06-27 01:17:18 |
| 6052 || -6.50051438653103 || 2013-07-21 12:06:53 |
| 6053 || 28.0186414686454 || 2015-10-16 05:31:27 |
| 6054 || 53.2912017942412 || 2013-06-02 04:26:22 |
| 6055 || 11.7796789716105 || 2010-06-07 23:16:28 |
| 6056 || 0.0688800168873542 || 2011-09-26 16:10:32 |
| 6057 || 18.1058889753421 || 2010-06-24 00:36:40 |
| 6058 || 23.9414534431435 || 2011-05-02 14:52:31 |
| 6059 || -26.1923521310137 || 2016-01-26 09:49:33 |
| 6060 || 31.9529509958632 || 2012-06-04 18:22:53 |
| 6061 || -0.0194413589983086 || 2017-10-09 23:38:06 |
| 6062 || -3.88995392859822 || 2016-03-25 06:38:09 |
| 6063 || 9.01819169753462 || 2017-01-08 01:01:20 |
| 6064 || 73.3719059578999 || 2012-02-06 05:50:53 |
| 6065 || 23.0979846119949 || 2011-10-05 09:03:48 |
| 6066 || 0.36117398191029 || 2010-10-05 03:10:04 |
| 6067 || 18.6946392592308 || 2015-02-08 18:39:13 |
| 6068 || 71.2907596622763 || 2012-07-02 04:28:43 |
| 6069 || 17.685682303302 || 2016-02-01 12:40:26 |
| 6070 || 40.5074554350034 || 2018-03-07 14:18:27 |
| 6071 || -0.583456176914673 || 2011-07-26 13:38:39 |
| 6072 || 12.6088326297698 || 2011-07-04 04:14:10 |
| 6073 || 2.85820921669214 || 2019-11-14 21:18:23 |
| 6074 || 10.6090844393016 || 2016-03-09 12:20:38 |
| 6075 || 46.7722321782064 || 2019-09-19 23:46:16 |
| 6076 || 0.999262354530143 || 2011-02-09 23:16:28 |
| 6077 || 1.31971775447317 || 2018-05-27 15:18:26 |
| 6078 || 52.9774183674435 || 2012-11-04 16:21:50 |
| 6079 || 66.2832450458007 || 2015-01-01 17:30:24 |
| 6080 || -16.5661930402097 || 2018-08-16 03:22:39 |
| 6081 || -2.15368978349721 || 2015-12-19 07:31:50 |
| 6082 || 5.07305043373301 || 2018-06-16 10:20:12 |
| 6083 || -19.5065242168231 || 2016-08-05 22:43:56 |
| 6084 || -25.8238857428216 || 2016-01-19 01:59:44 |
| 6085 || 29.5861356098827 || 2012-03-15 08:44:01 |
| 6086 || 1.69198610192814 || 2014-03-07 08:45:35 |
| 6087 || 1.93299499503005 || 2011-10-13 01:17:25 |
| 6088 || -0.344064600818301 || 2011-08-14 06:58:20 |
| 6089 || -20.0218784701998 || 2011-01-03 23:44:12 |
| 6090 || 63.6931980166453 || 2015-04-01 08:08:33 |
| 6091 || -1.25344032796808 || 2014-12-03 04:29:48 |
| 6092 || -0.0373576974594962 || 2014-01-02 06:27:58 |
| 6093 || 23.4573639937591 || 2013-06-08 22:32:46 |
| 6094 || 76.2503615401951 || 2012-08-26 14:37:52 |
| 6095 || -21.2830794146566 || 2016-06-03 22:11:19 |
| 6096 || -0.379241144329285 || 2011-02-03 06:31:02 |
| 6097 || 2.34236943899709 || 2018-07-11 20:40:16 |
| 6098 || 3.78303325437075 || 2011-02-26 07:35:30 |
| 6099 || -23.7261239865743 || 2013-01-14 00:08:12 |
| 6100 || -21.5611106540487 || 2017-09-01 19:06:05 |
| 6101 || 21.6935116737238 || 2013-03-05 04:33:39 |
| 6102 || -0.280972744138347 || 2017-06-08 21:19:32 |
| 6103 || -9.27842989645376 || 2017-06-10 15:03:16 |
| 6104 || 56.2402973821163 || 2012-11-16 04:34:20 |
| 6105 || -25.8285504806037 || 2010-10-02 14:02:59 |
| 6106 || 17.1880251286977 || 2011-01-24 17:03:49 |
| 6107 || 0.0104403246161112 || 2016-09-17 01:56:18 |
| 6108 || 33.0423136353641 || 2016-05-20 01:57:50 |
| 6109 || 42.4402326061762 || 2014-09-03 17:48:48 |
| 6110 || -20.6796170880148 || 2014-05-09 16:41:24 |
| 6111 || 15.1039889267053 || 2018-08-15 04:55:56 |
| 6112 || -0.00859907614177473 || 2015-01-20 08:53:24 |
| 6113 || 11.8781314828486 || 2018-10-12 03:56:32 |
| 6114 || 17.0184084582181 || 2012-12-14 06:08:48 |
| 6115 || -7.70905947856036 || 2019-03-07 21:27:19 |
| 6116 || 5.09468060708723 || 2018-02-14 07:15:39 |
| 6117 || 0.469117414443824 || 2016-01-19 15:32:53 |
| 6118 || 18.7883528198093 || 2013-04-08 13:03:17 |
| 6119 || 67.3444722143894 || 2018-02-09 18:30:28 |
| 6120 || 84.4034214971171 || 2019-10-24 14:55:12 |
| 6121 || 28.9145786866486 || 2010-06-04 23:36:48 |
| 6122 || -0.19669789945877 || 2018-04-07 01:47:10 |
| 6123 || -3.21222501447399 || 2014-11-14 13:58:49 |
| 6124 || 56.6056298850791 || 2016-05-09 18:58:15 |
| 6125 || 78.1478921087339 || 2012-01-05 08:34:49 |
| 6126 || -12.3980228689081 || 2018-10-09 00:11:24 |
| 6127 || 0.913900722800057 || 2018-03-24 23:10:28 |
| 6128 || 14.7536802318434 || 2014-03-25 12:59:05 |
| 6129 || -13.2879314886805 || 2010-05-02 06:55:52 |
| 6130 || 0.753546563259858 || 2019-03-14 23:36:02 |
| 6131 || 12.9752909169859 || 2016-01-04 17:38:58 |
| 6132 || -0.841253047564127 || 2013-05-02 10:17:41 |
| 6133 || 9.75372829268449 || 2017-10-02 11:48:14 |
| 6134 || 55.2245166138761 || 2010-02-10 12:09:53 |
| 6135 || 8.16315431080938 || 2010-01-15 01:31:26 |
| 6136 || 6.95938420873966 || 2018-11-08 05:18:35 |
| 6137 || -1.52292040207567 || 2016-02-01 04:01:14 |
| 6138 || -1.44344432121468 || 2015-12-25 01:05:28 |
| 6139 || 44.479454895671 || 2012-03-08 19:16:30 |
| 6140 || -7.92481096323033 || 2016-05-11 07:12:04 |
| 6141 || 45.4255609692457 || 2012-01-17 22:54:08 |
| 6142 || 6.85893073571516 || 2017-04-27 18:40:36 |
| 6143 || 0.655519197223552 || 2018-01-26 13:22:06 |
| 6144 || 41.7251109976603 || 2019-09-01 20:37:32 |
| 6145 || 10.13244178816 || 2017-08-03 23:55:45 |
| 6146 || -3.17626116359293 || 2012-09-18 00:11:07 |
| 6147 || -4.68028831562529 || 2012-03-07 19:34:39 |
| 6148 || 2.00619100734067 || 2012-11-24 07:13:43 |
| 6149 || 32.5981024161645 || 2017-12-12 20:51:41 |
| 6150 || 10.2979762772778 || 2017-05-27 10:35:13 |
| 6151 || -19.4478527069661 || 2014-12-27 19:36:41 |
| 6152 || 6.61880566524901 || 2014-09-21 01:49:37 |
| 6153 || -0.190069953834392 || 2013-08-06 00:03:45 |
| 6154 || 3.75801947422052 || 2019-02-07 23:05:19 |
| 6155 || 41.3396771718656 || 2018-11-09 22:45:44 |
| 6156 || 75.8902935408046 || 2016-05-23 16:16:08 |
| 6157 || -8.38777891420682 || 2012-07-14 07:43:01 |
| 6158 || 0.25879102329753 || 2012-03-24 23:15:57 |
| 6159 || 28.1420821676423 || 2014-10-09 12:04:27 |
| 6160 || 1.05966202591423 || 2014-08-19 23:52:32 |
| 6161 || -25.7201321570431 || 2015-04-27 03:09:23 |
| 6162 || -9.37543799106575 || 2014-02-16 18:23:30 |
| 6163 || 0.00338801930976919 || 2011-02-14 10:47:16 |
| 6164 || 13.5794104666475 || 2017-08-05 16:42:46 |
| 6165 || 2.10468160293001 || 2017-02-26 17:01:51 |
| 6166 || -16.0464399423274 || 2017-02-26 00:38:16 |
| 6167 || -0.428975222534254 || 2013-02-09 17:37:36 |
| 6168 || 0.0737449949202197 || 2015-04-11 04:57:58 |
| 6169 || 20.3944451684897 || 2017-05-04 16:14:43 |
| 6170 || -20.7853407503695 || 2017-07-24 17:44:08 |
| 6171 || 58.6713329190073 || 2014-07-02 11:36:27 |
| 6172 || 33.2928097131878 || 2012-07-27 22:16:09 |
| 6173 || 0.900118052667393 || 2015-03-12 11:27:36 |
| 6174 || 6.28356209629779 || 2016-06-19 17:10:33 |
| 6175 || 71.8090104406302 || 2011-11-25 01:28:35 |
| 6176 || -27.5907896080858 || 2010-03-17 14:17:20 |
| 6177 || 46.6865103595544 || 2010-01-12 21:27:10 |
| 6178 || -0.258705958931583 || 2015-08-21 11:46:17 |
| 6179 || 14.0079185650961 || 2017-07-02 05:33:04 |
| 6180 || -17.5224176185502 || 2013-11-20 02:13:59 |
| 6181 || 57.8198111377543 || 2017-01-11 05:27:29 |
| 6182 || 51.2643343343815 || 2011-08-06 15:59:07 |
| 6183 || 5.26122043928454 || 2017-12-01 00:01:26 |
| 6184 || 10.8720156362363 || 2018-01-21 01:22:40 |
| 6185 || 51.2724129249856 || 2014-03-25 20:05:49 |
| 6186 || 87.9196218610883 || 2014-03-22 21:10:12 |
| 6187 || -18.4267173315126 || 2019-07-06 07:03:40 |
| 6188 || 3.1377798784257 || 2010-08-21 04:48:57 |
| 6189 || -2.66209978640848 || 2013-06-01 16:17:43 |
| 6190 || 6.20986802375704 || 2015-03-24 10:02:20 |
| 6191 || 89.8767922288599 || 2012-05-23 01:46:55 |
| 6192 || 61.147947043267 || 2014-08-05 12:28:41 |
| 6193 || 1.35746543337398 || 2010-05-18 15:39:13 |
| 6194 || 3.26227131527005 || 2010-04-25 18:17:05 |
| 6195 || -5.99716024566079 || 2014-12-13 12:33:15 |
| 6196 || 65.0684814640352 || 2011-09-02 00:25:30 |
| 6197 || -15.3428550060407 || 2015-01-12 23:33:55 |
| 6198 || -1.0476170172501 || 2018-08-13 05:21:14 |
| 6199 || -0.782591299702458 || 2019-09-16 11:12:37 |
| 6200 || -9.75670230404996 || 2016-02-16 04:22:23 |
| 6201 || 86.2674959519202 || 2015-08-20 14:30:12 |
| 6202 || -16.0406964876342 || 2019-01-04 03:11:01 |
| 6203 || -1.88501321694822 || 2018-01-17 04:26:29 |
| 6204 || 1.30672505965566 || 2016-02-14 05:49:48 |
| 6205 || 21.8714321564877 || 2015-03-21 19:43:37 |
| 6206 || 40.2191993240968 || 2013-08-08 07:45:25 |
| 6207 || -6.28430379458418 || 2010-10-14 00:58:30 |
| 6208 || 24.4251271947931 || 2015-10-05 03:08:00 |
| 6209 || 0.125433558672982 || 2017-01-18 17:45:12 |
| 6210 || 12.9725400076924 || 2015-07-10 22:01:32 |
| 6211 || -22.7146263811454 || 2017-09-12 18:05:47 |
| 6212 || 61.6234810683467 || 2018-02-10 01:10:11 |
| 6213 || 29.3413316378122 || 2011-05-24 17:19:54 |
| 6214 || -0.000437848157084278 || 2015-10-22 06:49:05 |
| 6215 || 17.7107578184217 || 2010-11-02 11:41:15 |
| 6216 || 16.2168831960704 || 2017-11-20 16:29:39 |
| 6217 || 28.5683832859626 || 2018-09-07 13:38:35 |
| 6218 || -3.23196792670043 || 2018-01-08 23:35:11 |
| 6219 || 0.162316122391896 || 2019-08-25 20:32:17 |
| 6220 || 8.31879143810769 || 2016-06-16 12:39:48 |
| 6221 || 0.470094124110365 || 2015-01-26 23:30:09 |
| 6222 || 40.0918195930985 || 2018-11-10 08:20:06 |
| 6223 || 15.2388833712118 || 2010-06-15 09:54:50 |
| 6224 || 1.20544665285536 || 2014-02-25 17:19:56 |
| 6225 || 20.6950965007598 || 2015-04-07 00:05:42 |
| 6226 || 9.61802976538121 || 2018-07-11 20:13:58 |
| 6227 || 50.7693091205483 || 2016-07-19 18:25:52 |
| 6228 || 39.6264491998199 || 2015-12-16 06:20:36 |
| 6229 || 2.4228052487183 || 2016-04-16 00:59:16 |
| 6230 || -4.67888303729618 || 2019-02-04 00:25:30 |
| 6231 || -21.5241474613385 || 2016-12-15 19:53:02 |
| 6232 || 86.6420595705901 || 2019-10-25 11:27:16 |
| 6233 || 48.7199179746954 || 2011-04-06 15:54:14 |
| 6234 || 2.35798753775572 || 2012-01-06 17:32:53 |
| 6235 || 11.3529267482724 || 2015-10-09 21:08:12 |
| 6236 || 59.2788680845849 || 2014-07-07 21:11:44 |
| 6237 || 79.9501342193514 || 2011-02-09 03:54:12 |
| 6238 || -15.0658834457289 || 2018-08-21 03:45:24 |
| 6239 || 0.218076788060447 || 2015-01-07 23:23:11 |
| 6240 || -2.60783294739131 || 2017-12-16 09:16:00 |
| 6241 || -17.002313852673 || 2011-02-27 04:00:49 |
| 6242 || 88.0349734004649 || 2011-06-25 23:03:04 |
| 6243 || -15.4021184900841 || 2015-06-19 11:16:44 |
| 6244 || 10.8775482899642 || 2016-01-27 08:38:01 |
| 6245 || -0.12214731111862 || 2017-07-16 17:24:42 |
| 6246 || 43.277273254069 || 2014-01-27 10:46:17 |
| 6247 || 75.6212585258656 || 2017-05-06 11:10:14 |
| 6248 || -20.2342044451687 || 2014-12-17 13:06:36 |
| 6249 || 10.6346169440017 || 2014-10-20 09:04:11 |
| 6250 || 0.0602364902212624 || 2016-03-01 20:11:10 |
| 6251 || 47.5725390728515 || 2014-08-27 08:17:27 |
| 6252 || 88.2080092556786 || 2010-09-24 20:22:39 |
| 6253 || 5.69632930875513 || 2014-04-21 09:28:46 |
| 6254 || 18.7861285784802 || 2014-03-22 21:52:16 |
| 6255 || -0.480984592378073 || 2014-07-08 01:42:03 |
| 6256 || 23.0081215549346 || 2017-07-20 06:09:25 |
| 6257 || 56.9012700283235 || 2010-11-23 19:35:17 |
| 6258 || 12.1801262705623 || 2010-07-12 20:16:36 |
| 6259 || 7.010741744918 || 2017-04-11 05:48:59 |
| 6260 || -0.1315790059931 || 2011-05-24 08:12:11 |
| 6261 || 1.75706654141976 || 2011-01-09 23:34:24 |
| 6262 || 57.9723637110522 || 2011-06-05 16:14:01 |
| 6263 || 79.1170889747831 || 2016-03-14 17:34:27 |
| 6264 || -7.32895632757696 || 2014-09-04 04:08:25 |
| 6265 || -0.00729914902395631 || 2014-12-03 21:23:24 |
| 6266 || -2.47954062325869 || 2013-09-16 07:36:08 |
| 6267 || 72.1902531308535 || 2010-01-13 15:10:02 |
| 6268 || 52.1863385713335 || 2012-01-24 16:16:58 |
| 6269 || 26.4244129634308 || 2016-01-23 09:03:55 |
| 6270 || -0.0265852312501469 || 2015-05-27 11:39:20 |
| 6271 || 26.1496005674817 || 2014-06-23 04:21:37 |
| 6272 || 2.46298090663123 || 2012-08-19 03:57:23 |
| 6273 || 49.60578528128 || 2012-03-25 18:51:02 |
| 6274 || -12.9870543790489 || 2016-08-13 14:19:35 |
| 6275 || 0.940258789682827 || 2011-07-25 01:33:16 |
| 6276 || -1.1105775278013 || 2010-03-14 22:15:32 |
| 6277 || 68.7341772437696 || 2014-01-26 13:44:57 |
| 6278 || 66.5116080799237 || 2016-05-20 03:28:27 |
| 6279 || -14.1439747320893 || 2010-02-01 06:54:48 |
| 6280 || 0.248741009213427 || 2016-10-11 07:06:56 |
| 6281 || 6.84332966412209 || 2014-10-17 05:49:59 |
| 6282 || 16.0748576898222 || 2018-08-13 15:14:59 |
| 6283 || 27.6266835700504 || 2019-02-27 00:19:55 |
| 6284 || 36.9725132388748 || 2012-02-12 19:48:54 |
| 6285 || 4.28222627403259 || 2012-02-25 18:02:51 |
| 6286 || -0.793405620514451 || 2010-04-04 18:38:37 |
| 6287 || 37.9609447636757 || 2012-04-08 12:12:22 |
| 6288 || 54.6069614285101 || 2016-04-21 02:35:28 |
| 6289 || 38.2433293592911 || 2015-08-19 21:31:14 |
| 6290 || 5.18820540973508 || 2015-11-24 15:27:52 |
| 6291 || 9.45396213673126 || 2019-04-12 08:19:21 |
| 6292 || -6.08672032738415 || 2010-07-17 04:58:21 |
| 6293 || 50.579017748369 || 2013-02-20 10:22:32 |
| 6294 || 11.4562049819187 || 2015-01-27 13:54:24 |
| 6295 || 10.3599564640783 || 2016-05-10 08:10:07 |
| 6296 || -0.779765685594877 || 2016-08-09 06:50:45 |
| 6297 || -10.4020119537829 || 2013-09-04 09:45:20 |
| 6298 || 67.0361061499981 || 2014-07-18 10:46:38 |
| 6299 || -0.348941435316706 || 2017-06-11 07:07:31 |
| 6300 || 12.2036469068552 || 2011-06-13 12:52:54 |
| 6301 || 2.55029377341043 || 2012-12-05 05:05:46 |
| 6302 || 3.32061446223496 || 2011-04-05 16:34:57 |
| 6303 || 13.8205989231032 || 2010-02-24 17:01:43 |
| 6304 || 10.402021083112 || 2017-05-05 23:37:23 |
| 6305 || 1.26292560898607 || 2011-06-27 06:37:32 |
| 6306 || -0.0340547698479289 || 2019-01-06 16:50:36 |
| 6307 || 30.4266345773714 || 2013-08-26 10:24:37 |
| 6308 || 17.4796910204926 || 2010-04-14 15:13:04 |
| 6309 || 73.8936930041397 || 2010-06-15 04:56:30 |
| 6310 || 7.7766326665891 || 2014-09-12 02:36:50 |
| 6311 || -0.159344732191418 || 2019-02-12 14:12:08 |
| 6312 || 30.8073554093887 || 2017-07-19 03:16:22 |
| 6313 || -20.7677464749126 || 2017-04-01 03:04:06 |
| 6314 || -21.8461943353136 || 2013-07-04 02:48:28 |
| 6315 || 14.6746041779711 || 2014-10-07 00:43:55 |
| 6316 || -0.021723459000347 || 2017-09-18 22:00:50 |
| 6317 || 6.72233609574239 || 2011-09-27 04:31:02 |
| 6318 || -26.9109320009819 || 2011-03-02 05:05:17 |
| 6319 || 30.7460959380302 || 2010-03-19 01:05:11 |
| 6320 || 32.1334650316358 || 2017-12-10 04:55:27 |
| 6321 || 0.00918244455330165 || 2013-03-23 16:04:45 |
| 6322 || 27.3174477652586 || 2019-07-27 01:33:06 |
| 6323 || -18.1038337046435 || 2017-12-18 12:21:48 |
| 6324 || 9.60216566524136 || 2012-06-18 09:18:14 |
| 6325 || 18.102494625961 || 2017-04-22 01:10:42 |
| 6326 || 0.695208995539547 || 2016-11-05 09:20:35 |
| 6327 || -5.49671092941098 || 2016-06-02 09:47:56 |
| 6328 || -1.22158129610743 || 2017-07-02 12:33:59 |
| 6329 || 3.05469970724096 || 2015-08-06 01:01:46 |
| 6330 || 30.5014381712075 || 2017-08-19 16:40:50 |
| 6331 || 1.96541935570928 || 2015-10-25 22:01:59 |
| 6332 || -1.16058512807684 || 2010-08-04 18:30:58 |
| 6333 || -8.68459840482542 || 2019-11-03 01:07:52 |
| 6334 || 2.86966896490578 || 2012-01-02 23:01:57 |
| 6335 || 11.150453627666 || 2016-03-08 05:14:43 |
| 6336 || 2.47574681029509 || 2013-02-21 23:41:16 |
| 6337 || -2.69600409512677 || 2014-11-14 19:29:12 |
| 6338 || 37.6921320781464 || 2015-03-02 11:43:41 |
| 6339 || -29.8015165164703 || 2013-12-12 07:45:21 |
| 6340 || -18.0768141058341 || 2010-07-10 10:51:47 |
| 6341 || -2.17230259940168 || 2010-10-21 22:58:47 |
| 6342 || 4.61094026537337 || 2015-01-06 03:37:52 |
| 6343 || -2.04633259127654 || 2012-12-09 01:12:27 |
| 6344 || 15.4047129330119 || 2016-02-17 11:10:48 |
| 6345 || 8.60653799500017 || 2011-09-15 07:12:27 |
| 6346 || -3.13408159738414 || 2011-01-27 02:04:19 |
| 6347 || 6.86582599024696 || 2013-02-18 21:59:20 |
| 6348 || -18.1536981659489 || 2013-08-05 13:57:05 |
| 6349 || -17.9004355936842 || 2017-11-03 08:02:40 |
| 6350 || -17.0446260836633 || 2010-11-27 22:56:53 |
| 6351 || 13.1257651589721 || 2018-09-19 06:59:24 |
| 6352 || 3.96290080227727 || 2013-06-17 10:15:24 |
| 6353 || -6.00698894218982 || 2011-11-16 02:43:34 |
| 6354 || -10.2222625410439 || 2012-02-04 18:21:01 |
| 6355 || 69.3124816564371 || 2017-11-12 02:49:21 |
| 6356 || 17.4156846698014 || 2012-10-15 20:28:03 |
| 6357 || -0.622302194866547 || 2010-02-10 06:41:35 |
| 6358 || -11.0655191245093 || 2018-05-19 03:29:47 |
| 6359 || -27.6562590492354 || 2016-08-21 23:53:38 |
| 6360 || 48.8357342958992 || 2011-05-20 15:54:35 |
| 6361 || -7.00472152978001 || 2011-05-07 06:44:26 |
| 6362 || -0.293036889291608 || 2013-04-19 06:17:19 |
| 6363 || 17.5622308824193 || 2017-03-17 21:45:47 |
| 6364 || 15.0535591798471 || 2017-04-05 13:20:47 |
| 6365 || 5.18036984460754 || 2011-06-05 11:41:05 |
| 6366 || -0.000863033601461568 || 2014-07-22 12:15:37 |
| 6367 || 0.0662121694754779 || 2018-09-07 16:19:01 |
| 6368 || -9.59361064078913 || 2019-04-07 02:44:27 |
| 6369 || -10.4549363627646 || 2012-02-11 15:24:53 |
| 6370 || 36.5359170663735 || 2015-10-21 19:00:50 |
| 6371 || 31.8684437524479 || 2016-01-14 02:33:52 |
| 6372 || 0.0254455255951049 || 2019-03-04 21:00:01 |
| 6373 || 27.8019906290271 || 2016-05-21 08:23:26 |
| 6374 || -20.9082489797236 || 2010-01-07 14:53:12 |
| 6375 || 84.1108319833488 || 2018-08-02 14:51:12 |
| 6376 || 33.6505801621114 || 2019-02-05 19:16:05 |
| 6377 || 0.143570216069187 || 2015-05-10 03:15:40 |
| 6378 || 5.83294533824249 || 2017-04-20 13:06:02 |
| 6379 || -24.8492274352887 || 2014-12-12 23:59:18 |
| 6380 || 4.30817061584833 || 2011-09-25 11:48:30 |
| 6381 || -7.35854969052882 || 2012-04-01 12:16:32 |
| 6382 || 0.28155393475636 || 2019-08-06 04:44:27 |
| 6383 || -5.21080554746025 || 2010-11-10 12:23:36 |
| 6384 || -9.61456113660671 || 2015-10-23 20:01:49 |
| 6385 || 62.8333082491105 || 2015-10-23 16:04:00 |
| 6386 || 35.9374943745046 || 2013-10-10 23:52:03 |
| 6387 || 1.18736184004567 || 2016-11-21 14:22:10 |
| 6388 || 13.3651891580241 || 2013-01-12 01:05:05 |
| 6389 || 44.2138545049449 || 2011-01-16 09:19:16 |
| 6390 || 83.2216548588009 || 2010-09-01 14:15:55 |
| 6391 || 2.39834644047776 || 2011-03-04 10:22:46 |
| 6392 || 4.22738775499495 || 2015-02-27 07:49:06 |
| 6393 || 10.6585699563038 || 2011-05-11 00:29:40 |
| 6394 || 9.17960916769964 || 2019-10-04 15:35:22 |
| 6395 || 67.675869239669 || 2019-04-06 02:03:34 |
| 6396 || 33.3944710338014 || 2014-05-02 14:47:29 |
| 6397 || 6.88229386675925 || 2016-02-11 16:03:24 |
| 6398 || 4.27608262118985 || 2016-06-14 16:16:53 |
| 6399 || -6.21261945527413 || 2010-11-14 14:18:48 |
| 6400 || -28.0055668648363 || 2011-01-22 23:30:40 |
| 6401 || 8.92425403541614 || 2019-12-03 18:26:42 |
| 6402 || -4.18603385699174 || 2012-03-22 15:25:59 |
| 6403 || 0.937324759134017 || 2013-09-18 21:53:15 |
| 6404 || 26.3071736095366 || 2017-09-14 02:14:32 |
| 6405 || -16.9424337705119 || 2015-03-01 16:24:24 |
| 6406 || 24.1847497547453 || 2012-07-07 04:38:43 |
| 6407 || -4.89395017101767 || 2018-01-01 00:36:43 |
| 6408 || -0.870368047172437 || 2018-11-13 14:12:35 |
| 6409 || 7.69729495894104 || 2019-04-21 04:44:58 |
| 6410 || -28.6491007506668 || 2017-01-17 00:59:34 |
| 6411 || 0.73237408913232 || 2015-11-21 23:37:45 |
| 6412 || 17.2756997525182 || 2011-01-05 21:05:22 |
| 6413 || 0.307375014523065 || 2018-10-10 19:26:35 |
| 6414 || 37.2899032720372 || 2010-03-05 10:59:48 |
| 6415 || -12.8073961517798 || 2014-08-09 01:20:33 |
| 6416 || 4.277948811355 || 2012-08-03 05:23:22 |
| 6417 || 1.50749224493251 || 2010-08-18 21:48:52 |
| 6418 || 0.129591210790858 || 2014-04-25 05:33:14 |
| 6419 || 8.08165219167671 || 2017-07-06 22:54:33 |
| 6420 || -3.1522348082879 || 2015-11-20 13:15:15 |
| 6421 || 50.7403687382824 || 2011-04-13 18:38:19 |
| 6422 || 19.6922734484474 || 2019-03-14 15:08:45 |
| 6423 || 0.00245745694781641 || 2012-09-05 08:51:02 |
| 6424 || 24.2077527431266 || 2012-10-05 12:13:51 |
| 6425 || -21.5232680902317 || 2018-05-05 10:50:39 |
| 6426 || -3.50565213352435 || 2011-12-10 13:31:22 |
| 6427 || 35.7902545205177 || 2014-04-02 06:54:42 |
| 6428 || 0.169505481713457 || 2018-03-01 08:27:36 |
| 6429 || 11.6501288905602 || 2015-06-08 07:41:56 |
| 6430 || 58.7008151714335 || 2016-09-27 10:13:11 |
| 6431 || -0.095553933210205 || 2013-10-03 02:03:58 |
| 6432 || -8.42160749232591 || 2010-03-22 07:50:42 |
| 6433 || 0.844600787659694 || 2019-04-14 04:52:52 |
| 6434 || -5.87646834260121 || 2014-05-06 03:14:29 |
| 6435 || -23.3306869910647 || 2014-10-17 14:17:04 |
| 6436 || 88.0233975184352 || 2012-01-18 02:32:09 |
| 6437 || 37.7104701677089 || 2010-02-24 12:08:07 |
| 6438 || 3.25121069725974 || 2016-11-11 13:20:52 |
| 6439 || -4.22539856047211 || 2011-07-15 13:33:41 |
| 6440 || 3.08682830685624 || 2013-02-04 16:37:51 |
| 6441 || -5.01131413726612 || 2014-06-10 22:14:03 |
| 6442 || -9.1360809115126 || 2014-05-02 11:51:48 |
| 6443 || 1.63553641679331 || 2010-12-25 21:01:48 |
| 6444 || 0.330279084422109 || 2015-03-12 20:00:51 |
| 6445 || -16.1024537902668 || 2016-06-25 22:35:13 |
| 6446 || 11.410871646048 || 2016-02-20 19:00:14 |
| 6447 || 57.5912092758809 || 2017-08-19 23:17:18 |
| 6448 || 2.80596278566475 || 2010-02-09 05:24:12 |
| 6449 || 7.24064108454552 || 2015-02-15 22:56:54 |
| 6450 || -17.1342894978307 || 2014-04-15 08:09:34 |
| 6451 || 65.7259928758918 || 2018-09-14 07:18:35 |
| 6452 || 1.2964893241365 || 2015-10-19 13:26:12 |
| 6453 || 9.21756763818319 || 2019-08-25 01:59:29 |
| 6454 || 2.83321234456838 || 2017-02-23 16:59:48 |
| 6455 || 4.88926702712542 || 2015-01-13 22:10:32 |
| 6456 || 86.4403623205993 || 2011-02-14 00:11:59 |
| 6457 || -22.1312800446116 || 2010-03-11 16:12:49 |
| 6458 || 9.90233057352196 || 2015-05-14 03:01:21 |
| 6459 || 0.822896526011124 || 2018-11-11 03:57:39 |
| 6460 || 38.6488098452743 || 2016-09-06 14:45:40 |
| 6461 || 62.033949971256 || 2011-11-16 11:47:17 |
| 6462 || -23.0401894784069 || 2018-11-07 15:55:03 |
| 6463 || 17.8340436415959 || 2015-02-14 05:57:03 |
| 6464 || 1.13071960355116 || 2018-06-05 13:47:42 |
| 6465 || 22.2994617383288 || 2017-12-18 22:07:42 |
| 6466 || -28.585333147555 || 2017-10-16 13:19:26 |
| 6467 || 33.3291946522825 || 2015-02-23 22:02:15 |
| 6468 || 22.4704094023288 || 2015-02-16 10:06:17 |
| 6469 || 0.201127296302493 || 2016-04-23 16:41:34 |
| 6470 || -11.810594767392 || 2017-04-16 03:10:54 |
| 6471 || 82.3715289936945 || 2019-11-02 19:20:19 |
| 6472 || -24.2020482822491 || 2015-10-18 22:26:34 |
| 6473 || -5.43850692838157 || 2018-04-11 10:38:09 |
| 6474 || 0.00020045552337841 || 2015-08-10 15:29:41 |
| 6475 || 3.18679732910935 || 2015-07-08 02:45:30 |
| 6476 || -14.7514199499087 || 2013-02-03 18:25:59 |
| 6477 || 34.0548251131778 || 2018-04-03 08:40:47 |
| 6478 || -3.02936681685299 || 2012-02-20 07:09:49 |
| 6479 || 0.178593040081914 || 2014-05-12 11:40:32 |
| 6480 || 22.6579607287093 || 2016-12-03 21:53:16 |
| 6481 || 72.4497295084175 || 2018-06-08 18:30:44 |
| 6482 || 1.75354212848784 || 2011-07-01 18:08:29 |
| 6483 || -12.4988172614127 || 2012-06-01 23:34:46 |
| 6484 || -0.395566781941919 || 2017-11-18 22:59:27 |
| 6485 || 11.6615289765718 || 2013-01-10 16:46:37 |
| 6486 || -15.9628886277425 || 2012-10-26 09:18:48 |
| 6487 || 64.3940140063364 || 2015-07-06 19:50:46 |
| 6488 || 2.02410457998464 || 2011-10-12 20:47:10 |
| 6489 || 2.86227324539597 || 2015-01-24 11:51:26 |
| 6490 || 8.85762812134237 || 2010-06-23 03:58:56 |
| 6491 || 62.8460326334179 || 2015-04-27 13:32:08 |
| 6492 || 86.5512390988168 || 2012-02-04 10:47:09 |
| 6493 || 44.3541872459358 || 2015-06-01 20:07:06 |
| 6494 || 4.58311021285018 || 2014-05-13 18:19:04 |
| 6495 || 10.4880107468143 || 2012-02-14 05:51:34 |
| 6496 || -19.0983598459285 || 2013-06-22 04:09:08 |
| 6497 || 53.3312323754992 || 2018-02-23 09:14:44 |
| 6498 || -11.1836526846806 || 2015-09-11 11:55:03 |
| 6499 || 7.1841626978748 || 2019-06-27 23:14:20 |
| 6500 || 2.23110290419713 || 2018-08-11 11:32:58 |
| 6501 || -19.1981421237996 || 2019-10-27 06:19:54 |
| 6502 || 89.8665351241156 || 2016-02-25 09:06:59 |
| 6503 || 59.4590600764655 || 2017-11-06 19:36:54 |
| 6504 || -3.67211478743218 || 2011-09-05 21:19:34 |
| 6505 || 2.31878881071392 || 2019-06-03 13:43:45 |
| 6506 || -7.06933977459302 || 2012-12-07 13:11:57 |
| 6507 || 9.66455185754752 || 2011-10-03 15:40:19 |
| 6508 || 33.4794243413804 || 2013-11-02 01:54:30 |
| 6509 || 12.4172000439499 || 2011-02-22 18:04:03 |
| 6510 || 2.91313164212188 || 2010-03-15 02:04:38 |
| 6511 || -8.21821551822251 || 2013-02-26 12:12:57 |
| 6512 || -4.52601361385755 || 2015-11-26 10:50:57 |
| 6513 || 50.6226495931528 || 2012-12-16 21:33:44 |
| 6514 || 10.1147276246371 || 2014-10-02 12:36:35 |
| 6515 || 0.17114583930986 || 2016-10-18 10:10:33 |
| 6516 || 33.1432738116785 || 2012-02-10 01:55:07 |
| 6517 || 79.7090556479837 || 2014-02-06 07:14:46 |
| 6518 || -24.2496008757681 || 2019-01-08 15:42:12 |
| 6519 || 9.28052865438218 || 2018-11-19 21:07:09 |
| 6520 || 0.471354441666898 || 2016-10-13 03:03:07 |
| 6521 || 23.9487417779574 || 2011-10-09 17:24:27 |
| 6522 || 15.4015490161455 || 2014-01-01 15:50:24 |
| 6523 || 78.7585907433249 || 2017-10-22 19:39:01 |
| 6524 || -9.6406143995579 || 2018-04-16 23:40:05 |
| 6525 || -0.004620741570392 || 2019-04-14 00:05:36 |
| 6526 || -0.00730680452312948 || 2019-06-24 04:27:13 |
| 6527 || 54.0128475801011 || 2018-09-24 02:36:07 |
| 6528 || 82.4684105721748 || 2017-02-11 07:11:01 |
| 6529 || -0.975286598549636 || 2010-06-21 09:24:03 |
| 6530 || 0.0703533939784601 || 2012-12-08 18:19:36 |
| 6531 || 20.9453568943928 || 2019-12-09 09:42:51 |
| 6532 || -21.8411030664397 || 2015-03-08 04:42:42 |
| 6533 || 41.7215904854148 || 2019-09-18 10:18:10 |
| 6534 || 35.2849495874321 || 2014-02-11 19:05:00 |
| 6535 || -0.348110618121573 || 2018-10-13 02:17:09 |
| 6536 || -3.37076337461023 || 2010-05-07 06:51:40 |
| 6537 || 71.6937770439017 || 2015-10-22 16:54:00 |
| 6538 || 22.2596636964886 || 2010-08-07 15:03:46 |
| 6539 || 23.4380958688435 || 2017-03-12 07:58:14 |
| 6540 || -0.792937575513084 || 2015-07-07 13:32:48 |
| 6541 || -2.09849166179529 || 2017-03-04 23:47:27 |
| 6542 || 7.24878214885417 || 2019-02-08 18:46:08 |
| 6543 || 66.9237076538527 || 2011-02-10 16:39:21 |
| 6544 || 38.699718100267 || 2018-08-04 14:43:45 |
| 6545 || 2.33748593876415 || 2011-10-20 07:21:38 |
| 6546 || 3.56006269464782 || 2012-08-10 00:27:39 |
| 6547 || -21.2789330801272 || 2011-12-15 04:43:33 |
| 6548 || 28.6777965127289 || 2019-02-01 00:34:39 |
| 6549 || 51.417314992262 || 2018-10-24 11:58:00 |
| 6550 || 6.05091134989651 || 2016-05-04 06:23:03 |
| 6551 || 8.75107838545051 || 2013-06-27 18:45:08 |
| 6552 || 16.0732183541182 || 2016-08-27 13:48:20 |
| 6553 || 5.97854486279448 || 2015-12-04 01:47:09 |
| 6554 || 47.0707069978882 || 2018-01-11 20:05:09 |
| 6555 || -1.834187967627 || 2011-05-24 18:22:08 |
| 6556 || 5.58243449503614 || 2013-01-08 01:43:42 |
| 6557 || 3.96842731792939 || 2012-03-23 10:17:45 |
| 6558 || 76.8956093996571 || 2019-07-20 18:26:52 |
| 6559 || -20.9374120293128 || 2014-01-12 16:25:07 |
| 6560 || -3.50997208965633 || 2010-12-01 17:59:12 |
| 6561 || -0.0502466590138363 || 2014-06-05 14:51:22 |
| 6562 || 45.3611309000654 || 2010-03-14 16:58:48 |
| 6563 || -12.6049440371478 || 2010-11-01 08:10:54 |
| 6564 || 6.20207033864842 || 2012-04-22 13:37:41 |
| 6565 || 15.8038338186995 || 2018-01-27 20:15:26 |
| 6566 || -0.350646173506459 || 2015-10-01 13:30:57 |
| 6567 || -13.6199575685736 || 2013-09-08 20:51:17 |
| 6568 || 47.8356104979745 || 2010-05-08 17:02:03 |
| 6569 || -23.6669412391154 || 2010-04-14 07:32:10 |
| 6570 || 18.7725048440574 || 2012-09-17 05:51:32 |
| 6571 || 0.168982086725184 || 2019-11-12 04:34:46 |
| 6572 || 11.2921794769013 || 2015-01-24 14:15:06 |
| 6573 || 22.3032779480599 || 2013-01-10 10:02:30 |
| 6574 || -6.73753352493899 || 2014-11-04 23:39:04 |
| 6575 || 26.6258176851296 || 2013-12-02 18:49:52 |
| 6576 || -0.0150264105112912 || 2010-08-21 23:40:25 |
| 6577 || -10.6059743139212 || 2018-02-24 18:10:52 |
| 6578 || -2.42130021817518 || 2010-08-21 22:10:59 |
| 6579 || 78.9162999338502 || 2011-10-23 09:45:47 |
| 6580 || -1.64481549137204 || 2015-07-17 09:53:33 |
| 6581 || 0.115281454961876 || 2019-04-21 08:47:57 |
| 6582 || 25.2211483885232 || 2011-03-24 16:53:20 |
| 6583 || 9.18525889481701 || 2019-11-06 06:12:32 |
| 6584 || 57.1939358001686 || 2019-08-15 16:50:32 |
| 6585 || 37.6197395862899 || 2013-05-20 12:44:33 |
| 6586 || 0.0314384138857753 || 2019-06-25 12:11:09 |
| 6587 || 20.829234783953 || 2016-08-16 14:24:07 |
| 6588 || 43.4379282270196 || 2015-05-16 12:47:47 |
| 6589 || 19.7783052357687 || 2019-10-01 02:08:22 |
| 6590 || -9.88515451559746 || 2016-03-02 10:22:49 |
| 6591 || 0.754930129658868 || 2016-02-27 09:48:59 |
| 6592 || 8.40346187544424 || 2010-10-23 19:02:14 |
| 6593 || 17.7318531233189 || 2014-05-17 18:06:19 |
| 6594 || 7.26708029052497 || 2012-09-01 15:09:19 |
| 6595 || 37.043476634066 || 2012-07-24 23:30:31 |
| 6596 || -1.34753956464493 || 2017-06-27 07:58:18 |
| 6597 || 5.38244256382099 || 2015-10-16 08:02:11 |
| 6598 || -19.9694049739397 || 2013-01-08 00:24:34 |
| 6599 || 89.6660476596608 || 2018-02-23 23:52:29 |
| 6600 || 0.801786967275806 || 2013-09-19 07:50:33 |
| 6601 || 1.12459209464963 || 2019-04-04 13:38:21 |
| 6602 || 3.12743994055716 || 2018-07-19 14:23:28 |
| 6603 || -19.4991555323197 || 2012-08-24 13:05:22 |
| 6604 || 58.3290228528034 || 2019-07-06 22:29:24 |
| 6605 || -14.15639948103 || 2010-09-16 06:10:47 |
| 6606 || -2.96271990668838 || 2018-08-21 12:26:58 |
| 6607 || 5.95916414758817 || 2016-03-24 06:31:52 |
| 6608 || 13.924255851187 || 2010-02-19 05:44:37 |
| 6609 || 7.39122412478802 || 2015-04-22 08:52:30 |
| 6610 || 56.967267477485 || 2016-05-18 03:26:34 |
| 6611 || -4.46872197849829 || 2014-06-27 06:28:46 |
| 6612 || 4.09344332947475 || 2019-09-16 20:43:28 |
| 6613 || 45.8380485871741 || 2012-06-21 17:01:45 |
| 6614 || 13.033448978592 || 2014-02-03 23:44:22 |
| 6615 || 60.2184863412226 || 2010-06-11 16:44:26 |
| 6616 || -1.8691416594276 || 2017-10-26 22:36:09 |
| 6617 || -0.708614755663044 || 2015-06-18 04:36:45 |
| 6618 || -10.2436150272443 || 2016-12-20 00:01:23 |
| 6619 || 12.7986885594018 || 2017-07-06 01:30:48 |
| 6620 || 56.032064328939 || 2017-03-19 22:40:01 |
| 6621 || 4.15922742625606 || 2013-12-13 21:41:44 |
| 6622 || -0.276116176600113 || 2018-07-01 14:33:09 |
| 6623 || 16.7278418418983 || 2019-01-02 12:19:01 |
| 6624 || -9.72242683261403 || 2017-01-12 11:22:27 |
| 6625 || 44.4699049553495 || 2018-01-22 02:18:30 |
| 6626 || 0.834355644110082 || 2015-12-26 16:15:46 |
| 6627 || -0.0314100692127621 || 2013-07-24 09:30:13 |
| 6628 || -10.9941162511912 || 2019-10-24 23:08:32 |
| 6629 || -24.9372536460242 || 2012-12-18 12:50:45 |
| 6630 || 3.19543223454232 || 2012-12-10 11:52:48 |
| 6631 || -4.75298028804112 || 2010-09-24 05:31:47 |
| 6632 || 0.00736675794476766 || 2015-01-18 12:38:02 |
| 6633 || 7.31927882268073 || 2016-09-16 23:25:25 |
| 6634 || 74.3281995595976 || 2019-05-12 01:18:42 |
| 6635 || 1.64215962715489 || 2016-01-25 12:32:44 |
| 6636 || -12.0145989762183 || 2018-07-01 08:26:09 |
| 6637 || 0.646541606532952 || 2013-05-05 21:10:25 |
| 6638 || 3.34865284496703 || 2018-11-20 05:17:58 |
| 6639 || 21.0943829128206 || 2011-07-15 15:23:30 |
| 6640 || -4.18763850341339 || 2012-01-05 20:32:21 |
| 6641 || -11.7378997481378 || 2018-03-17 17:47:05 |
| 6642 || 0.502636361404398 || 2014-09-26 11:25:16 |
| 6643 || 1.66349127540017 || 2013-03-10 07:02:02 |
| 6644 || 63.8495546812964 || 2015-11-06 19:41:48 |
| 6645 || 88.4040584055676 || 2015-09-10 08:13:50 |
| 6646 || -11.2607796760698 || 2014-06-23 15:59:28 |
| 6647 || 1.02443482191595 || 2018-11-03 03:01:48 |
| 6648 || -0.639333719007289 || 2012-03-17 09:26:47 |
| 6649 || 1.43788331354942 || 2011-03-13 04:16:46 |
| 6650 || -23.1383144080477 || 2014-08-07 14:47:19 |
| 6651 || 53.0827920557684 || 2019-01-15 15:43:50 |
| 6652 || 5.54835939693979 || 2017-10-01 10:08:52 |
| 6653 || 6.59252064396815 || 2011-10-26 00:31:19 |
| 6654 || 45.5604629105787 || 2016-01-05 22:34:15 |
| 6655 || 74.4511703842897 || 2012-09-09 02:12:29 |
| 6656 || -19.3958461519218 || 2015-06-05 17:02:46 |
| 6657 || -1.92350284220655 || 2010-12-21 17:33:14 |
| 6658 || 1.66958787793891 || 2015-08-22 19:31:47 |
| 6659 || 19.5889375162736 || 2012-05-09 10:59:51 |
| 6660 || 80.2606797375898 || 2017-05-14 18:30:15 |
| 6661 || 63.4546997913366 || 2011-08-16 09:59:40 |
| 6662 || 8.57863050577823 || 2011-09-17 06:16:42 |
| 6663 || 3.09239457023463 || 2017-04-12 00:08:17 |
| 6664 || -4.7112805209627 || 2010-05-21 13:50:16 |
| 6665 || 71.5905254267342 || 2016-09-26 05:58:30 |
| 6666 || 66.2092095787407 || 2015-05-07 05:06:48 |
| 6667 || 9.55342000363158 || 2018-01-14 13:56:16 |
| 6668 || 1.10562484408439 || 2019-04-07 10:08:37 |
| 6669 || 25.8693747295326 || 2015-09-16 11:55:22 |
| 6670 || 11.1837097697925 || 2012-02-13 00:43:26 |
| 6671 || -24.4142591517507 || 2013-06-09 04:30:49 |
| 6672 || -5.43739473225187 || 2013-02-13 06:45:09 |
| 6673 || -0.269074578075564 || 2014-07-27 18:13:27 |
| 6674 || -5.74439362953804 || 2015-07-24 09:40:19 |
| 6675 || 0.150271006319462 || 2012-06-27 13:21:49 |
| 6676 || 71.9697481138526 || 2017-03-08 06:34:06 |
| 6677 || -6.5038278325721 || 2018-07-07 03:04:03 |
| 6678 || -0.0608350198900417 || 2019-07-19 17:31:04 |
| 6679 || -8.20862480312644 || 2010-09-07 08:29:53 |
| 6680 || 79.1672500186021 || 2017-12-23 01:39:55 |
| 6681 || 63.641132529748 || 2014-04-02 07:29:02 |
| 6682 || 15.2011008136621 || 2018-02-01 15:08:02 |
| 6683 || 0.0122282570072129 || 2018-12-13 10:23:29 |
| 6684 || -8.80028912744946 || 2019-10-11 02:22:47 |
| 6685 || 77.2307104725721 || 2016-02-19 18:48:15 |
| 6686 || -25.5235970240947 || 2019-05-12 00:06:34 |
| 6687 || 20.3343912848797 || 2017-06-25 07:08:00 |
| 6688 || -0.0768919287443254 || 2012-01-16 18:25:02 |
| 6689 || -7.43461944141282 || 2018-07-22 22:06:19 |
| 6690 || -12.046613244213 || 2014-02-10 16:55:09 |
| 6691 || 33.6404523043992 || 2017-08-14 14:52:04 |
| 6692 || 40.7201927029512 || 2014-09-18 09:18:24 |
| 6693 || -0.465909925423672 || 2010-09-22 04:09:08 |
| 6694 || -2.87929704191179 || 2017-07-03 06:41:18 |
| 6695 || 70.1996234933181 || 2013-08-23 11:54:05 |
| 6696 || 87.9604779032809 || 2014-02-27 02:23:54 |
| 6697 || -14.5706109876035 || 2012-10-26 16:01:27 |
| 6698 || -0.342768214515602 || 2017-01-26 20:21:20 |
| 6699 || 11.4930533360218 || 2018-03-12 11:09:12 |
| 6700 || 66.7132390894796 || 2012-09-09 18:10:11 |
| 6701 || -29.7667375318071 || 2012-04-27 06:27:02 |
| 6702 || 13.4379491043247 || 2012-03-20 06:49:19 |
| 6703 || 2.9377187590814 || 2012-01-14 03:46:01 |
| 6704 || -3.74404888198977 || 2014-11-06 01:24:44 |
| 6705 || 9.81707914290014 || 2010-09-15 08:00:21 |
| 6706 || -26.2951513263182 || 2017-01-06 01:19:51 |
| 6707 || 57.6378801673678 || 2018-09-05 12:47:13 |
| 6708 || -2.88238886027078 || 2010-10-22 05:00:11 |
| 6709 || 6.1409058287734 || 2011-03-07 20:36:22 |
| 6710 || -12.2249726050502 || 2017-12-21 08:56:12 |
| 6711 || 80.4095362325135 || 2018-07-08 07:41:58 |
| 6712 || -15.5142580471401 || 2015-03-17 05:56:45 |
| 6713 || 11.660459109834 || 2010-03-03 02:12:57 |
| 6714 || -1.32599269521984 || 2012-10-25 02:23:21 |
| 6715 || 39.8995414407207 || 2017-08-06 23:18:40 |
| 6716 || 59.1880692813693 || 2010-03-27 22:36:23 |
| 6717 || 52.5793632326704 || 2018-11-19 19:58:09 |
| 6718 || 4.87195471041383 || 2014-03-07 13:57:57 |
| 6719 || 2.82811980234251 || 2018-06-21 14:47:24 |
| 6720 || 42.6502021649056 || 2018-11-27 22:56:40 |
| 6721 || 42.7350382848194 || 2015-12-01 22:26:57 |
| 6722 || 54.2573570651006 || 2015-01-16 19:30:34 |
| 6723 || 0.885292882878086 || 2017-03-09 15:33:23 |
| 6724 || -0.0585611828306892 || 2014-03-09 18:47:11 |
| 6725 || -12.6921420252824 || 2013-11-22 00:14:41 |
| 6726 || 29.010169244019 || 2018-11-05 02:59:33 |
| 6727 || 74.6635766185695 || 2013-07-24 07:38:14 |
| 6728 || 14.0784251996928 || 2017-05-02 06:42:36 |
| 6729 || 0.299556067598523 || 2016-08-23 18:32:38 |
| 6730 || -7.51584711205038 || 2015-10-18 03:21:11 |
| 6731 || -24.0143867711271 || 2018-05-19 11:03:16 |
| 6732 || 76.2901754130921 || 2016-11-14 17:00:29 |
| 6733 || 29.8782012654766 || 2018-09-10 04:23:33 |
| 6734 || 0.000147398592464811 || 2016-02-21 07:40:26 |
| 6735 || -5.79067793369109 || 2010-12-16 22:41:19 |
| 6736 || -26.0000511371393 || 2019-08-14 13:27:48 |
| 6737 || 42.5134321174803 || 2019-05-15 19:55:55 |
| 6738 || -3.9390058481588 || 2018-04-10 20:58:18 |
| 6739 || 0.246120313587527 || 2016-04-15 16:36:29 |
| 6740 || 15.2209325710478 || 2019-10-26 20:03:40 |
| 6741 || 62.3406096141843 || 2010-02-23 21:15:24 |
| 6742 || 8.32131976705035 || 2016-05-21 08:40:35 |
| 6743 || -6.31039165712677 || 2014-03-03 05:26:40 |
| 6744 || 1.19415458250247 || 2018-04-16 11:44:38 |
| 6745 || -1.37083242035347 || 2011-07-25 21:38:26 |
| 6746 || -23.261896183402 || 2013-01-10 04:08:33 |
| 6747 || 74.4287108103955 || 2014-08-18 13:40:36 |
| 6748 || 5.98243110313971 || 2010-02-13 19:39:13 |
| 6749 || 0.192259277596711 || 2012-06-02 17:08:42 |
| 6750 || 15.5029375125174 || 2011-07-16 20:41:27 |
| 6751 || 62.2335276783427 || 2017-12-16 07:04:33 |
| 6752 || 85.7617010011849 || 2012-04-23 13:33:47 |
| 6753 || -9.28755559752707 || 2019-09-15 08:39:55 |
| 6754 || 1.26820290403043 || 2014-09-18 06:32:50 |
| 6755 || 6.55460232074037 || 2010-08-11 04:16:24 |
| 6756 || 28.5558194009399 || 2019-12-16 11:24:08 |
| 6757 || 45.0963829650263 || 2012-04-09 07:52:10 |
| 6758 || 43.6171702360396 || 2017-12-12 21:27:26 |
| 6759 || -2.12954593260704 || 2011-06-17 13:17:58 |
| 6760 || 6.50255847813433 || 2010-02-26 08:16:23 |
| 6761 || 38.653499100266 || 2015-01-19 09:16:17 |
| 6762 || -24.4139072103985 || 2011-04-19 22:30:33 |
| 6763 || 62.1271971518711 || 2015-02-12 22:19:37 |
| 6764 || 7.16791871525224 || 2017-05-12 22:35:54 |
| 6765 || -0.734292068575355 || 2010-04-10 12:07:03 |
| 6766 || 52.1251599793714 || 2019-01-12 04:18:25 |
| 6767 || 54.1341090864028 || 2016-05-01 03:05:16 |
| 6768 || -10.8529696309295 || 2011-03-16 10:00:07 |
| 6769 || 15.2976698645008 || 2011-01-09 17:49:06 |
| 6770 || 0.984193129173982 || 2017-08-23 19:59:33 |
| 6771 || 29.1264083987331 || 2018-01-13 17:01:42 |
| 6772 || 56.3981857108564 || 2010-04-25 00:41:54 |
| 6773 || 56.3815213771562 || 2013-02-04 18:11:45 |
| 6774 || 11.1229569740454 || 2011-02-22 08:58:18 |
| 6775 || 0.792985170098618 || 2016-07-22 21:28:38 |
| 6776 || 36.3706822402048 || 2010-06-10 23:51:57 |
| 6777 || -18.8878206118583 || 2013-01-24 08:27:01 |
| 6778 || 26.8391997002348 || 2016-04-07 04:50:26 |
| 6779 || 7.07638295597104 || 2018-09-25 04:51:16 |
| 6780 || 0.0439465924595533 || 2012-12-07 21:27:49 |
| 6781 || 12.7354108105997 || 2012-08-03 15:44:26 |
| 6782 || 77.8696595056355 || 2015-01-05 09:14:14 |
| 6783 || -22.7516758253341 || 2018-11-16 03:07:02 |
| 6784 || 14.7728345867715 || 2015-04-02 14:39:34 |
| 6785 || 0.00728322958102554 || 2019-09-16 10:36:36 |
| 6786 || -7.46466752990399 || 2014-02-01 01:31:53 |
| 6787 || 38.4319984082644 || 2016-04-13 04:14:46 |
| 6788 || 72.5681683054535 || 2017-02-07 20:16:49 |
| 6789 || -0.381120493473803 || 2012-11-17 17:18:39 |
| 6790 || -0.0643840143874766 || 2011-11-01 04:08:31 |
| 6791 || 24.9696803265968 || 2011-09-27 00:34:45 |
| 6792 || -23.5326403902359 || 2013-12-12 15:22:20 |
| 6793 || 85.289251882343 || 2014-06-26 05:41:29 |
| 6794 || 36.891034404231 || 2019-08-09 23:06:08 |
| 6795 || -0.368406112796585 || 2018-06-25 08:50:47 |
| 6796 || 20.8728632605875 || 2013-08-05 17:57:05 |
| 6797 || 69.1731265727615 || 2017-11-22 23:05:27 |
| 6798 || 86.9595226376913 || 2010-06-15 08:09:52 |
| 6799 || 42.166021153372 || 2011-01-06 10:24:16 |
| 6800 || -0.614945194048763 || 2010-07-27 20:47:05 |
| 6801 || 13.6961769169233 || 2017-04-03 21:27:14 |
| 6802 || -9.56212005012397 || 2010-12-08 15:54:23 |
| 6803 || 50.6773730381215 || 2012-06-16 13:32:34 |
| 6804 || -15.8888279069756 || 2012-08-21 15:30:51 |
| 6805 || -1.58562415264797 || 2018-05-24 03:07:02 |
| 6806 || 9.48325585782583 || 2019-07-06 01:42:07 |
| 6807 || -13.91365761734 || 2019-09-14 15:11:58 |
| 6808 || 0.737006530778836 || 2018-09-21 19:20:23 |
| 6809 || -18.3314580153505 || 2012-01-19 14:49:25 |
| 6810 || -2.14262169536131 || 2012-09-02 06:30:15 |
| 6811 || 0.28422166974278 || 2013-09-08 22:28:29 |
| 6812 || -10.4364249695384 || 2018-02-27 06:30:07 |
| 6813 || -17.5206063682793 || 2014-08-06 18:05:18 |
| 6814 || -10.8406098629554 || 2010-12-19 19:14:18 |
| 6815 || -3.32700821639497 || 2014-12-02 08:36:41 |
| 6816 || 2.0130731726454 || 2014-09-16 03:26:24 |
| 6817 || 51.2801895077051 || 2017-09-23 23:58:33 |
| 6818 || -26.1778932807047 || 2016-06-21 09:00:24 |
| 6819 || -21.9173611783445 || 2018-08-22 12:36:39 |
| 6820 || 1.99774454912435 || 2019-04-24 18:28:31 |
| 6821 || -0.440965698954831 || 2014-04-10 07:56:45 |
| 6822 || 42.784818570261 || 2014-01-22 22:22:47 |
| 6823 || -21.4654947830893 || 2019-09-16 01:39:07 |
| 6824 || -6.31482432946317 || 2014-03-21 12:55:04 |
| 6825 || 0.0951716476723239 || 2017-02-16 14:20:18 |
| 6826 || 1.70424242912301 || 2010-05-01 07:04:52 |
| 6827 || 40.6250188564345 || 2010-08-19 06:07:57 |
| 6828 || 82.369672001444 || 2012-05-03 01:23:01 |
| 6829 || 22.6265470527164 || 2011-09-07 14:32:38 |
| 6830 || 9.33870661459972 || 2014-03-26 18:16:20 |
| 6831 || 9.99210835035791e-05 || 2012-09-27 07:05:43 |
| 6832 || 27.1351422692737 || 2010-01-23 05:14:09 |
| 6833 || -24.0316756187802 || 2018-04-22 23:41:18 |
| 6834 || 76.0455301981517 || 2013-11-19 05:58:04 |
| 6835 || 3.10764476243717 || 2017-01-22 20:59:22 |
| 6836 || -0.00101750997120384 || 2012-09-02 20:58:01 |
| 6837 || 19.2776987147966 || 2011-10-26 13:17:16 |
| 6838 || -4.67813139407775 || 2010-03-13 10:06:08 |
| 6839 || -20.68627747752 || 2011-10-26 23:58:12 |
| 6840 || 18.408341928109 || 2017-07-14 02:08:19 |
| 6841 || 0.00236743090136713 || 2019-09-04 00:07:24 |
| 6842 || -3.61499231940399 || 2018-04-17 16:02:40 |
| 6843 || -2.31078326782314 || 2018-06-20 05:16:16 |
| 6844 || -10.0365453291975 || 2017-05-01 03:52:07 |
| 6845 || -7.5502464692764 || 2015-05-06 19:30:46 |
| 6846 || 0.0204417244450235 || 2010-09-08 22:16:50 |
| 6847 || 21.596621578201 || 2011-09-05 00:39:44 |
| 6848 || 72.0567157778895 || 2010-05-05 11:29:20 |
| 6849 || 26.7430994410575 || 2016-06-02 19:56:25 |
| 6850 || 42.8427207061072 || 2011-12-05 01:48:09 |
| 6851 || 1.95097480706123 || 2014-04-04 09:00:00 |
| 6852 || 1.00108823459114 || 2017-08-27 15:35:36 |
| 6853 || 52.2695476237805 || 2014-09-15 08:46:03 |
| 6854 || -12.4980741973206 || 2012-10-04 01:06:54 |
| 6855 || 12.1643811231954 || 2019-05-22 20:24:30 |
| 6856 || 4.17179197395843 || 2011-03-05 09:59:56 |
| 6857 || 4.38064730208218 || 2010-05-14 01:51:56 |
| 6858 || 21.0113532568133 || 2015-12-18 11:47:47 |
| 6859 || 86.4370106997063 || 2015-11-15 15:03:48 |
| 6860 || 52.2796937113307 || 2017-07-15 14:24:22 |
| 6861 || 6.7834539919079 || 2014-01-21 13:57:00 |
| 6862 || 9.42492401458452 || 2014-03-17 00:49:46 |
| 6863 || 35.3042131222973 || 2011-04-05 14:15:23 |
| 6864 || 72.9150451955171 || 2015-08-22 07:53:45 |
| 6865 || 19.9749451047223 || 2010-01-20 13:04:14 |
| 6866 || -3.12071268959845 || 2010-11-27 01:30:59 |
| 6867 || 5.93134768399439 || 2013-10-09 16:52:01 |
| 6868 || 8.02048351144545 || 2018-12-13 02:33:24 |
| 6869 || 79.8665121924456 || 2010-10-07 16:23:24 |
| 6870 || 13.1489932455082 || 2011-04-10 04:50:19 |
| 6871 || -3.89835369370013 || 2018-07-11 18:51:29 |
| 6872 || -0.304581212363074 || 2011-08-08 15:33:00 |
| 6873 || 24.9121016401491 || 2019-12-04 01:15:24 |
| 6874 || 55.3546628857392 || 2011-12-07 19:13:06 |
| 6875 || 69.1176929689669 || 2015-12-01 14:25:44 |
| 6876 || 7.10537390518445 || 2012-02-18 17:52:48 |
| 6877 || -0.204592811216396 || 2011-12-27 01:33:28 |
| 6878 || 1.54368790591591 || 2011-01-14 15:59:30 |
| 6879 || 2.96053662058495 || 2011-05-04 11:59:23 |
| 6880 || 1.85666355817596 || 2010-10-06 22:59:07 |
| 6881 || -4.02344538103111 || 2015-07-01 17:11:40 |
| 6882 || -0.194749662907276 || 2019-11-20 18:19:51 |
| 6883 || -7.48119612576473 || 2014-02-21 03:13:43 |
| 6884 || 80.1551544027024 || 2019-01-14 20:18:19 |
| 6885 || 40.2087030052267 || 2016-09-13 18:48:35 |
| 6886 || 17.9516171587801 || 2016-01-25 09:35:10 |
| 6887 || 0.00862740012280367 || 2018-10-18 03:18:52 |
| 6888 || 27.5338413984587 || 2015-01-26 20:51:06 |
| 6889 || -13.6627024812841 || 2010-08-26 02:29:05 |
| 6890 || 18.364198509819 || 2015-03-22 12:27:34 |
| 6891 || 6.50388987269082 || 2012-07-03 23:43:01 |
| 6892 || 0.028052154232057 || 2011-07-24 18:32:35 |
| 6893 || 20.1875438155782 || 2015-09-06 06:32:23 |
| 6894 || -25.9265575564056 || 2019-10-15 17:11:49 |
| 6895 || 81.2053198788788 || 2010-10-24 15:17:58 |
| 6896 || -12.0398755810105 || 2010-11-22 17:38:31 |
| 6897 || -0.127524650103758 || 2017-04-14 14:05:08 |
| 6898 || 19.8208930601104 || 2016-07-23 01:58:18 |
| 6899 || 65.1907673239211 || 2015-01-18 03:36:31 |
| 6900 || -21.5106627409468 || 2015-09-24 23:39:32 |
| 6901 || 19.2510956393121 || 2013-06-06 00:25:03 |
| 6902 || 1.52802820809745 || 2017-08-20 19:22:01 |
| 6903 || 1.98148736313943 || 2013-08-14 19:17:46 |
| 6904 || -22.7041772032912 || 2012-02-20 13:57:25 |
| 6905 || 40.6611824426819 || 2018-08-21 10:03:17 |
| 6906 || 6.85316195473772 || 2019-10-04 21:27:17 |
| 6907 || 2.86942810077659 || 2010-12-22 22:46:07 |
| 6908 || 3.05387030321543 || 2018-04-05 00:48:17 |
| 6909 || -21.8508845709596 || 2011-08-24 00:09:34 |
| 6910 || 66.375023197279 || 2015-05-03 16:41:42 |
| 6911 || -17.45367662463 || 2010-08-18 07:31:28 |
| 6912 || -0.893414957208854 || 2014-11-06 19:20:29 |
| 6913 || -0.705471274227723 || 2016-03-09 20:39:53 |
| 6914 || -17.1039130687167 || 2010-08-24 13:48:17 |
| 6915 || 25.0133626231422 || 2013-02-08 11:40:50 |
| 6916 || 8.05438584133866 || 2017-01-13 18:29:14 |
| 6917 || 9.45568090351572 || 2018-11-04 20:52:26 |
| 6918 || 6.87498237382675 || 2019-02-01 06:26:53 |
| 6919 || -15.4132831504667 || 2016-07-27 15:16:58 |
| 6920 || 16.4935313253252 || 2016-07-17 21:55:25 |
| 6921 || 36.3274747785794 || 2016-09-01 16:06:23 |
| 6922 || 11.5886078852372 || 2019-07-11 17:41:18 |
| 6923 || 4.4565128623689 || 2017-11-25 14:42:28 |
| 6924 || 33.3593743960201 || 2012-11-08 20:55:29 |
| 6925 || -19.9369594100148 || 2018-03-11 12:20:19 |
| 6926 || 36.326176045169 || 2018-01-06 05:23:54 |
| 6927 || 17.0294526532398 || 2017-02-03 06:56:22 |
| 6928 || -0.695945059906947 || 2013-12-19 03:05:15 |
| 6929 || 31.9607974561337 || 2012-03-12 22:37:16 |
| 6930 || 47.2077282348254 || 2011-09-07 05:08:43 |
| 6931 || 30.8166652478019 || 2019-12-09 23:00:00 |
| 6932 || -2.71640638812402 || 2016-08-27 10:50:52 |
| 6933 || 0.530023193918226 || 2015-03-12 11:18:21 |
| 6934 || -0.973118928065274 || 2018-05-02 09:52:16 |
| 6935 || 85.1135641188916 || 2019-12-23 11:53:53 |
| 6936 || 65.0870344551124 || 2012-12-19 14:53:27 |
| 6937 || 26.1996523867899 || 2010-11-06 10:37:10 |
| 6938 || 0.0848821957549939 || 2019-07-12 19:50:42 |
| 6939 || 17.2710616628223 || 2015-02-26 00:18:58 |
| 6940 || 81.1217017737745 || 2018-10-10 23:23:10 |
| 6941 || 66.2726023178816 || 2016-01-15 03:11:02 |
| 6942 || 13.3636270330864 || 2017-03-04 09:05:12 |
| 6943 || 0.0243851301049721 || 2010-06-22 01:46:57 |
| 6944 || 27.3571045586567 || 2011-01-25 15:28:01 |
| 6945 || 10.1321195033883 || 2013-11-10 22:28:39 |
| 6946 || 69.1792115005144 || 2012-12-01 21:25:48 |
| 6947 || -11.4107521212719 || 2010-11-21 11:22:34 |
| 6948 || 0.386970243014545 || 2013-06-08 10:09:10 |
| 6949 || 22.0228399501817 || 2015-04-26 23:33:45 |
| 6950 || -19.3241602116705 || 2010-03-24 22:24:20 |
| 6951 || 73.5957869082758 || 2016-07-12 04:21:24 |
| 6952 || -11.5095843486034 || 2015-07-27 13:52:21 |
| 6953 || 1.67153932710629 || 2018-01-06 21:25:01 |
| 6954 || -5.61694033928523 || 2019-04-03 17:30:43 |
| 6955 || 15.0036041871754 || 2015-04-10 05:58:51 |
| 6956 || -26.6207547482192 || 2014-07-11 15:09:53 |
| 6957 || 32.3481387441059 || 2010-11-05 03:05:20 |
| 6958 || -1.09097858254331 || 2015-08-26 04:38:18 |
| 6959 || -4.17057453110484 || 2017-06-21 11:43:38 |
| 6960 || -6.79074099614553 || 2013-03-20 02:04:52 |
| 6961 || 50.1223931018066 || 2014-03-18 07:06:27 |
| 6962 || 28.1981581014054 || 2016-01-27 16:48:35 |
| 6963 || 1.90689269858985 || 2017-04-10 19:33:33 |
| 6964 || -3.6127686542294 || 2013-10-12 21:37:31 |
| 6965 || -17.4906270500249 || 2013-04-11 22:38:03 |
| 6966 || -29.4790049328685 || 2011-12-27 00:04:05 |
| 6967 || 52.0225206167076 || 2015-02-25 23:27:55 |
| 6968 || 0.530912422677512 || 2018-08-13 19:17:15 |
| 6969 || -2.06488693746008 || 2015-06-08 12:19:02 |
| 6970 || 14.4210583943524 || 2019-05-08 03:25:26 |
| 6971 || -25.6281773291223 || 2017-04-05 21:24:58 |
| 6972 || 53.3874595800068 || 2017-02-19 00:57:33 |
| 6973 || -3.81837140895086 || 2018-01-23 11:11:39 |
| 6974 || 2.07380248487067 || 2013-11-01 00:17:22 |
| 6975 || 37.1373527723041 || 2010-09-11 04:30:56 |
| 6976 || 11.689162867991 || 2017-09-16 01:47:41 |
| 6977 || 47.3241190342512 || 2019-11-06 02:07:25 |
| 6978 || 4.838070851785 || 2016-07-01 06:55:40 |
| 6979 || 1.67470517325519 || 2014-06-22 11:27:11 |
| 6980 || -8.54027505251698 || 2013-12-16 01:33:30 |
| 6981 || -20.6771096180436 || 2014-11-07 06:25:33 |
| 6982 || 50.3358601659417 || 2014-07-15 01:23:13 |
| 6983 || 18.7004797815319 || 2019-05-06 02:02:00 |
| 6984 || -0.00122302999178575 || 2016-11-21 00:25:34 |
| 6985 || -0.170628427704998 || 2012-10-25 23:03:31 |
| 6986 || -4.85327021884031 || 2011-12-26 17:07:57 |
| 6987 || -12.0218163267373 || 2013-04-21 20:04:28 |
| 6988 || -2.94280314719667 || 2017-08-25 22:42:41 |
| 6989 || -0.0696823418311966 || 2012-12-05 08:15:20 |
| 6990 || -11.5156585734931 || 2019-05-10 00:13:03 |
| 6991 || 36.2868942254635 || 2013-06-09 03:29:43 |
| 6992 || -26.5930914316271 || 2015-04-12 02:44:12 |
| 6993 || 0.323392735462249 || 2018-10-08 15:53:20 |
| 6994 || 0.00073854032947379 || 2017-08-20 22:19:01 |
| 6995 || 27.3092089469594 || 2018-11-17 16:39:42 |
| 6996 || -7.49362987162213 || 2011-10-03 08:30:36 |
| 6997 || 82.2364909243529 || 2012-07-14 10:40:13 |
| 6998 || -11.8246180625504 || 2015-05-17 11:41:01 |
| 6999 || 0.0234042828960535 || 2019-01-08 17:38:09 |
| 7000 || 2.25094143194935 || 2019-03-07 03:35:52 |
| 7001 || 76.0721916682253 || 2016-04-20 19:58:30 |
| 7002 || -18.6841823379041 || 2019-07-19 14:58:20 |
| 7003 || 40.9324933861759 || 2014-09-23 06:52:22 |
| 7004 || -0.473617719593451 || 2012-11-05 06:50:47 |
| 7005 || 18.9763660764306 || 2013-04-06 04:05:26 |
| 7006 || -6.57626172933489 || 2017-12-01 05:19:32 |
| 7007 || -8.17616406343734 || 2012-07-27 15:13:00 |
| 7008 || 12.7581457546163 || 2013-04-11 06:10:06 |
| 7009 || 0.689441575128281 || 2018-03-04 16:54:29 |
| 7010 || -5.16019242083228 || 2010-11-05 19:54:54 |
| 7011 || 10.5197554045855 || 2016-12-20 17:33:53 |
| 7012 || -28.9924084424405 || 2018-12-15 21:52:22 |
| 7013 || -14.6756290458839 || 2019-06-09 12:54:00 |
| 7014 || -0.647115862284632 || 2010-10-06 11:39:17 |
| 7015 || 0.75312960099851 || 2017-09-06 14:16:47 |
| 7016 || 16.9888967532532 || 2016-02-11 14:01:18 |
| 7017 || 36.1108682128677 || 2011-10-15 07:10:32 |
| 7018 || 12.6637568993518 || 2019-02-13 05:52:05 |
| 7019 || -0.102860338660384 || 2011-08-19 00:25:38 |
| 7020 || -2.22885267140578 || 2010-11-01 05:11:08 |
| 7021 || 39.9868935424047 || 2011-05-08 19:41:31 |
| 7022 || 89.6845474057607 || 2013-01-09 03:49:42 |
| 7023 || -18.4911702884091 || 2014-02-24 13:02:11 |
| 7024 || 3.17592930777147 || 2014-05-16 06:34:01 |
| 7025 || 1.29144311346342 || 2013-06-22 00:24:00 |
| 7026 || -1.62860798594773 || 2013-07-07 04:31:44 |
| 7027 || -29.7233419075483 || 2015-05-02 09:53:02 |
| 7028 || 58.8840557552042 || 2011-10-10 21:38:38 |
| 7029 || 3.06380277385319 || 2018-03-19 12:56:55 |
| 7030 || -0.80092671272544 || 2019-07-18 08:53:01 |
| 7031 || 46.5640837607272 || 2017-05-03 07:57:08 |
| 7032 || -21.101619618112 || 2017-02-02 03:55:24 |
| 7033 || -23.9475770463567 || 2010-08-06 21:46:56 |
| 7034 || 4.18195734785068 || 2016-03-04 07:17:39 |
| 7035 || 0.105038015059522 || 2014-06-05 02:56:23 |
| 7036 || -3.72872367553157 || 2016-08-14 22:38:58 |
| 7037 || 86.0507542611334 || 2012-03-15 17:29:05 |
| 7038 || 71.7259033737026 || 2011-05-22 08:58:47 |
| 7039 || 8.24213482141387 || 2011-02-25 05:03:18 |
| 7040 || 0.373106317802067 || 2015-09-27 20:09:54 |
| 7041 || -10.4445404216834 || 2019-01-10 04:48:20 |
| 7042 || 81.1378723069934 || 2011-08-03 10:53:21 |
| 7043 || 78.9831204510965 || 2010-01-05 23:38:57 |
| 7044 || 28.2127766938915 || 2019-08-27 18:41:27 |
| 7045 || 0.00231289629082014 || 2011-12-14 20:48:25 |
| 7046 || 17.0849454258162 || 2018-01-22 09:33:29 |
| 7047 || -18.1962783862457 || 2017-05-01 05:18:30 |
| 7048 || 54.5342614594841 || 2017-10-21 23:03:23 |
| 7049 || 0.434099184888108 || 2015-02-17 08:48:46 |
| 7050 || 0.076247792947703 || 2012-12-21 00:52:16 |
| 7051 || 16.0752427896906 || 2012-12-24 21:12:42 |
| 7052 || -20.4096731020551 || 2015-05-01 21:24:40 |
| 7053 || 36.1387705400695 || 2018-01-11 15:12:00 |
| 7054 || 37.3368059167229 || 2010-07-27 02:40:00 |
| 7055 || 1.07569611906723 || 2012-03-13 23:02:20 |
| 7056 || 20.5581302626926 || 2015-05-25 10:19:20 |
| 7057 || 68.5480134596066 || 2016-01-11 02:51:28 |
| 7058 || 73.7308758733408 || 2011-02-26 20:43:56 |
| 7059 || -10.098396725175 || 2016-06-17 15:31:24 |
| 7060 || 0.278105147714864 || 2016-03-11 09:39:40 |
| 7061 || -5.13916887610912 || 2014-01-19 01:58:26 |
| 7062 || 25.243836991758 || 2018-11-13 22:48:03 |
| 7063 || -5.37301904468307 || 2012-06-21 15:29:26 |
| 7064 || -7.71576975189139 || 2015-08-23 23:48:26 |
| 7065 || -1.21391252527507 || 2018-07-04 11:47:37 |
| 7066 || 2.64438425878458 || 2018-07-22 11:00:39 |
| 7067 || 25.5848151796088 || 2016-02-02 06:28:04 |
| 7068 || 85.845055998647 || 2017-12-06 08:53:19 |
| 7069 || 25.3786885259116 || 2012-05-04 02:23:17 |
| 7070 || 1.0478129938451 || 2014-08-05 01:30:22 |
| 7071 || -1.47087549950952 || 2012-02-22 23:44:44 |
| 7072 || -15.341578210218 || 2015-12-09 21:26:07 |
| 7073 || 86.9430288666227 || 2013-02-19 04:52:44 |
| 7074 || 54.8692271018285 || 2016-09-12 18:29:24 |
| 7075 || 10.9251823704228 || 2016-03-06 07:20:01 |
| 7076 || -1.7536548382518 || 2018-03-19 15:05:57 |
| 7077 || -2.46731869274804 || 2014-10-09 23:18:19 |
| 7078 || 88.3894211706495 || 2016-05-23 02:20:41 |
| 7079 || 30.7874350191478 || 2012-02-25 23:25:57 |
| 7080 || 11.4623932069292 || 2016-11-19 06:28:37 |
| 7081 || 3.11656256368734 || 2014-08-12 01:10:25 |
| 7082 || 7.81805275482722 || 2014-09-23 10:07:11 |
| 7083 || 84.0424954368853 || 2019-10-27 12:20:09 |
| 7084 || -4.63791270606562 || 2017-06-14 03:48:12 |
| 7085 || 5.0690296851044 || 2011-07-27 18:49:03 |
| 7086 || 0.718818638189304 || 2017-02-03 18:23:07 |
| 7087 || 37.331060458551 || 2013-06-18 21:27:59 |
| 7088 || 25.9160105832899 || 2011-03-11 20:02:58 |
| 7089 || 12.3765987480921 || 2016-09-25 10:06:11 |
| 7090 || 2.25709628671583 || 2018-06-02 05:33:33 |
| 7091 || -0.182558046947586 || 2013-09-22 22:18:49 |
| 7092 || -7.33492351212965 || 2018-04-17 01:29:21 |
| 7093 || -26.7446619373793 || 2013-08-13 11:42:19 |
| 7094 || 75.2686552822304 || 2013-07-11 01:26:01 |
| 7095 || -2.45552137391894 || 2010-04-08 15:31:13 |
| 7096 || 0.00181524599274703 || 2019-11-18 13:29:00 |
| 7097 || 31.4345247875465 || 2019-12-20 09:32:18 |
| 7098 || 39.6462486796298 || 2011-02-24 06:46:05 |
| 7099 || -25.9123263556934 || 2012-07-20 19:50:03 |
| 7100 || -8.22347607826356 || 2014-07-19 21:33:24 |
| 7101 || -0.0433081396288978 || 2010-07-10 04:07:54 |
| 7102 || 21.768191454537 || 2018-08-05 09:10:04 |
| 7103 || 13.8350636237425 || 2010-01-15 17:32:08 |
| 7104 || 84.6255930284521 || 2015-01-10 18:29:54 |
| 7105 || 11.9684152149123 || 2014-01-16 14:58:39 |
| 7106 || -0.193928837541357 || 2010-04-21 03:06:00 |
| 7107 || -4.05083949996557 || 2013-04-19 07:20:46 |
| 7108 || -6.71535935819169 || 2010-03-16 04:04:10 |
| 7109 || 19.9046817141126 || 2016-11-20 13:22:50 |
| 7110 || 38.2838415519142 || 2012-04-24 09:56:45 |
| 7111 || -0.575410893629557 || 2013-09-10 18:25:45 |
| 7112 || 15.2306845670553 || 2012-02-15 16:00:53 |
| 7113 || 64.8390276839442 || 2010-07-20 02:52:45 |
| 7114 || 88.7019149172535 || 2011-05-10 09:28:26 |
| 7115 || 12.8952125142272 || 2018-08-26 21:49:46 |
| 7116 || 1.73992809367753 || 2019-10-17 18:39:32 |
| 7117 || 6.33006988277072 || 2015-11-01 16:50:09 |
| 7118 || 14.4017424106948 || 2012-05-09 18:04:55 |
| 7119 || 0.386732639950903 || 2014-11-04 16:57:18 |
| 7120 || 25.4991817923412 || 2015-06-26 03:57:40 |
| 7121 || 6.1321027407787 || 2011-06-18 17:17:54 |
| 7122 || 6.83234522583982 || 2012-06-11 22:42:06 |
| 7123 || -1.49157053797186 || 2019-04-11 18:10:09 |
| 7124 || -27.2594377643569 || 2010-11-21 22:56:36 |
| 7125 || 55.1400518450855 || 2019-12-04 00:24:29 |
| 7126 || -3.43044531092682 || 2018-12-18 19:42:00 |
| 7127 || 1.45367543387589 || 2016-03-12 05:49:43 |
| 7128 || 28.8662371279615 || 2016-01-03 11:53:32 |
| 7129 || 48.0986113120724 || 2018-07-12 15:55:41 |
| 7130 || 26.5370440152432 || 2011-10-03 05:43:30 |
| 7131 || -3.61948802663518 || 2015-11-25 14:44:18 |
| 7132 || 0.161619724601806 || 2015-06-15 06:25:24 |
| 7133 || 48.0908807495801 || 2011-08-07 19:55:59 |
| 7134 || -27.5868658458528 || 2015-06-12 09:31:45 |
| 7135 || 61.7480798478243 || 2010-08-01 19:43:33 |
| 7136 || -5.53937642328474 || 2012-11-21 11:01:43 |
| 7137 || -0.417929634391351 || 2017-02-08 22:22:31 |
| 7138 || -1.28518364658527 || 2013-06-27 07:54:40 |
| 7139 || 10.6540546510309 || 2017-12-13 02:52:05 |
| 7140 || -23.2744709954426 || 2015-07-25 02:41:58 |
| 7141 || -4.12395477979925 || 2013-01-21 00:18:20 |
| 7142 || 0.566571469452911 || 2010-02-24 15:54:55 |
| 7143 || 30.2370076307337 || 2012-01-08 23:59:52 |
| 7144 || -10.8607130320336 || 2016-12-11 21:08:45 |
| 7145 || -22.2333433084948 || 2011-01-07 02:19:36 |
| 7146 || -7.36017375772857 || 2014-10-04 22:41:18 |
| 7147 || 0.00732703656726701 || 2017-07-07 01:29:55 |
| 7148 || -1.94503491255379 || 2014-10-25 10:35:18 |
| 7149 || 39.6784516629655 || 2013-06-16 05:02:19 |
| 7150 || -1.52779568417029 || 2014-05-11 09:36:08 |
| 7151 || 3.35355028920644 || 2011-11-05 10:02:13 |
| 7152 || 0.0608192490901553 || 2015-06-08 15:24:07 |
| 7153 || 25.2494974135765 || 2017-08-20 16:05:29 |
| 7154 || 0.853241283578637 || 2015-04-16 00:10:19 |
| 7155 || 11.3661083046618 || 2015-09-24 04:46:08 |
| 7156 || -8.99304008120739 || 2017-10-18 13:25:17 |
| 7157 || -0.0212585909681339 || 2012-03-24 19:07:13 |
| 7158 || 11.3496084240777 || 2019-11-19 06:31:29 |
| 7159 || -14.715593269092 || 2017-12-22 19:12:29 |
| 7160 || 79.7727346567936 || 2014-02-01 05:53:35 |
| 7161 || 21.8340443398413 || 2011-04-16 19:17:18 |
| 7162 || 1.63715169317805 || 2010-12-02 02:53:17 |
| 7163 || -1.42421917900707 || 2011-03-03 10:12:14 |
| 7164 || -23.309035529838 || 2016-04-02 23:44:25 |
| 7165 || 85.8308722848405 || 2016-08-13 04:27:34 |
| 7166 || -1.55975891972982 || 2013-09-08 23:50:07 |
| 7167 || -0.733996907437303 || 2013-09-22 04:25:47 |
| 7168 || 0.485819982463887 || 2014-08-06 22:14:49 |
| 7169 || -19.33829927849 || 2012-12-21 03:11:02 |
| 7170 || 26.4463481853546 || 2010-01-19 08:44:34 |
| 7171 || 40.8623545664357 || 2019-01-06 03:51:49 |
| 7172 || 2.4741950325957 || 2012-05-05 15:32:29 |
| 7173 || 4.43412043772216 || 2010-10-08 14:25:05 |
| 7174 || 36.8324450148916 || 2011-09-11 06:33:10 |
| 7175 || 21.9569005805093 || 2010-07-06 17:24:43 |
| 7176 || 45.5830257980074 || 2013-07-27 10:09:13 |
| 7177 || 8.77665720537152 || 2010-04-27 18:14:52 |
| 7178 || 5.70404006696885 || 2011-04-22 03:24:17 |
| 7179 || -18.0926653587567 || 2017-10-21 02:21:49 |
| 7180 || 22.3187640514123 || 2019-08-09 09:35:21 |
| 7181 || 63.0229351620812 || 2019-10-17 18:26:25 |
| 7182 || 11.5968943069924 || 2013-05-13 17:23:06 |
| 7183 || -1.44446225577062 || 2017-05-03 20:28:05 |
| 7184 || -11.531715996791 || 2012-10-26 18:35:35 |
| 7185 || -16.2455909908324 || 2012-11-26 22:28:45 |
| 7186 || 11.8356877121918 || 2017-05-14 04:44:27 |
| 7187 || -0.16389554587573 || 2011-08-11 04:43:45 |
| 7188 || 0.477472927834233 || 2018-03-17 06:25:31 |
| 7189 || -9.08482397504991 || 2018-03-14 06:07:41 |
| 7190 || 41.9844527813961 || 2012-03-03 09:50:13 |
| 7191 || 73.2465360753376 || 2019-01-22 09:37:12 |
| 7192 || -2.97723033361137 || 2015-10-27 20:00:37 |
| 7193 || 0.60418198080241 || 2018-01-04 22:25:03 |
| 7194 || 35.5744469567717 || 2012-01-26 11:45:16 |
| 7195 || 24.110594875509 || 2010-07-11 04:33:16 |
| 7196 || 66.5946179895748 || 2010-07-12 17:55:24 |
| 7197 || 5.98460388596433 || 2019-02-09 02:55:33 |
| 7198 || -0.0210436572722666 || 2014-06-23 23:51:52 |
| 7199 || 31.6049717590449 || 2016-10-13 04:42:07 |
| 7200 || 49.218190892632 || 2019-08-16 22:50:18 |
| 7201 || 11.8840750705079 || 2010-06-07 19:00:04 |
| 7202 || 0.109723418110946 || 2011-10-01 07:03:57 |
| 7203 || 0.0118505812917031 || 2015-05-16 17:40:58 |
| 7204 || -8.94146416507795 || 2013-05-08 17:04:13 |
| 7205 || 78.248203265421 || 2012-06-13 10:40:05 |
| 7206 || -27.978636290222 || 2018-04-24 20:57:38 |
| 7207 || 22.299874947585 || 2018-06-10 15:09:13 |
| 7208 || -0.103987985458803 || 2015-03-20 18:06:56 |
| 7209 || 5.44979137136861 || 2014-08-26 01:43:34 |
| 7210 || -24.4403152563434 || 2017-03-11 03:18:43 |
| 7211 || 27.0313512560125 || 2018-12-01 01:41:05 |
| 7212 || 0.756048017671123 || 2019-09-27 14:44:25 |
| 7213 || -0.246972898106956 || 2012-03-24 03:51:23 |
| 7214 || -3.43899880863169 || 2011-09-23 05:10:35 |
| 7215 || -17.3174496598083 || 2017-04-07 06:46:06 |
| 7216 || 78.2322602549074 || 2017-10-20 02:24:50 |
| 7217 || 41.0960601582458 || 2018-12-11 23:16:43 |
| 7218 || -1.19190024419717 || 2012-04-13 23:54:44 |
| 7219 || 13.8634045481322 || 2013-06-07 14:07:02 |
| 7220 || 63.4272896929979 || 2011-07-15 14:29:40 |
| 7221 || -14.8487918258416 || 2014-04-22 13:06:40 |
| 7222 || 52.0485647707364 || 2016-05-16 22:23:34 |
| 7223 || 0.735535905341135 || 2017-01-01 16:17:44 |
| 7224 || 10.7453713774424 || 2016-01-23 19:16:21 |
| 7225 || 60.5813885945499 || 2014-11-10 18:32:36 |
| 7226 || -14.9472702189654 || 2018-12-24 20:17:55 |
| 7227 || 41.8136400154748 || 2016-05-12 23:03:00 |
| 7228 || 4.41168726733272 || 2018-12-22 09:35:32 |
| 7229 || -2.20564888911753 || 2018-08-24 06:18:44 |
| 7230 || 42.7085626816626 || 2015-08-10 05:52:29 |
| 7231 || 33.6641315364095 || 2012-02-06 05:43:35 |
| 7232 || 63.5661873972846 || 2012-09-26 05:16:26 |
| 7233 || -2.06246238958853 || 2010-12-25 02:11:54 |
| 7234 || 4.38507335650231 || 2017-08-09 23:24:00 |
| 7235 || -2.94606472249932 || 2016-04-05 13:39:08 |
| 7236 || 85.3339134783836 || 2014-08-03 08:46:44 |
| 7237 || -21.945577096988 || 2014-10-24 23:35:13 |
| 7238 || -1.77704061925403 || 2012-04-17 16:55:48 |
| 7239 || -0.733475508608265 || 2019-09-10 02:18:59 |
| 7240 || 11.534544673536 || 2010-04-02 14:44:24 |
| 7241 || -12.8995200890741 || 2010-06-18 06:56:52 |
| 7242 || -23.6277518160584 || 2010-05-16 02:02:49 |
| 7243 || -0.812337629256561 || 2010-06-23 16:49:30 |
| 7244 || -0.106608005826663 || 2014-10-15 00:26:51 |
| 7245 || 1.84928326491117 || 2019-01-09 19:32:40 |
| 7246 || 3.32227924631599 || 2010-11-15 07:08:30 |
| 7247 || -25.6539229808887 || 2010-01-14 06:21:00 |
| 7248 || -8.55374552845782 || 2015-03-17 07:49:26 |
| 7249 || 0.0352737386765268 || 2011-11-09 17:03:47 |
| 7250 || 32.0041498039832 || 2018-01-21 08:24:00 |
| 7251 || 48.6614943426298 || 2015-12-25 11:54:19 |
| 7252 || 76.8133328607114 || 2014-02-11 18:06:39 |
| 7253 || 0.725615851584385 || 2019-10-19 19:42:04 |
| 7254 || 0.00478007634428319 || 2016-07-07 22:37:03 |
| 7255 || -9.45946533080811 || 2010-07-16 11:06:57 |
| 7256 || 42.3385552503234 || 2019-08-07 21:25:17 |
| 7257 || 82.1998746602067 || 2014-12-19 20:29:19 |
| 7258 || 17.9582257480078 || 2016-09-05 09:58:23 |
| 7259 || 0.353041954730088 || 2013-11-09 10:15:00 |
| 7260 || -6.81189561713216 || 2012-02-01 21:21:45 |
| 7261 || 72.7872291053843 || 2014-07-21 00:12:53 |
| 7262 || 76.9200693707048 || 2016-08-26 15:08:35 |
| 7263 || 36.3907445239697 || 2012-11-03 18:31:59 |
| 7264 || -0.234354245643254 || 2017-10-21 20:45:05 |
| 7265 || 17.3425744795405 || 2015-07-11 14:11:50 |
| 7266 || 5.47566168221463 || 2018-10-06 18:11:12 |
| 7267 || 33.9043671860362 || 2011-10-06 21:17:42 |
| 7268 || -8.31959674656807 || 2016-06-02 09:21:02 |
| 7269 || -1.06709353126093 || 2017-01-09 22:15:19 |
| 7270 || 3.3866914050378 || 2014-10-14 14:14:22 |
| 7271 || -6.90229077684682 || 2012-05-25 06:02:37 |
| 7272 || 87.0117693193725 || 2012-11-21 10:08:56 |
| 7273 || 39.6312349536266 || 2014-05-19 10:51:40 |
| 7274 || 0.0991797563917429 || 2015-08-23 16:03:17 |
| 7275 || 9.52916378414809 || 2017-04-23 01:51:33 |
| 7276 || 0.954433418161807 || 2012-07-02 02:52:39 |
| 7277 || 1.58151707825406 || 2019-10-12 09:33:15 |
| 7278 || 19.9083546155368 || 2019-12-08 14:53:59 |
| 7279 || 5.93020945193909 || 2012-08-26 10:59:27 |
| 7280 || -1.7573653766818 || 2014-04-04 15:34:00 |
| 7281 || 56.7151521621678 || 2012-06-23 10:53:27 |
| 7282 || -22.9821020826921 || 2019-01-23 19:44:42 |
| 7283 || 51.8496257030952 || 2016-06-08 04:05:04 |
| 7284 || 6.40520508331862 || 2011-10-21 12:01:36 |
| 7285 || 2.40751801509941 || 2014-06-25 05:41:49 |
| 7286 || -17.1358476818684 || 2016-06-21 20:43:13 |
| 7287 || 87.050877705571 || 2010-09-02 05:23:46 |
| 7288 || 1.86618102457751 || 2019-02-05 18:34:41 |
| 7289 || -3.05212203206993 || 2011-07-25 00:16:26 |
| 7290 || -0.763099982373995 || 2019-11-08 11:10:56 |
| 7291 || 20.4457815353412 || 2013-05-15 00:29:39 |
| 7292 || -28.8943744147556 || 2010-04-04 18:14:01 |
| 7293 || 61.2754344550321 || 2010-04-19 12:57:39 |
| 7294 || -6.58401992345544 || 2017-10-09 21:50:52 |
| 7295 || 0.863364089786873 || 2010-12-19 07:48:02 |
| 7296 || 21.6722645675491 || 2010-01-12 00:49:10 |
| 7297 || 49.5373044694162 || 2013-06-19 09:28:29 |
| 7298 || -24.6129620120615 || 2015-09-09 08:58:25 |
| 7299 || 14.0700659323553 || 2019-01-18 15:55:42 |
| 7300 || 0.103219093848777 || 2018-12-06 01:49:31 |
| 7301 || -10.7259480727955 || 2018-07-17 15:21:55 |
| 7302 || 21.3985971708387 || 2019-11-04 00:32:31 |
| 7303 || 77.0655818051328 || 2015-12-19 10:34:08 |
| 7304 || -7.75863748921172 || 2017-07-02 20:47:51 |
| 7305 || 0.000806652439738384 || 2010-09-09 21:47:51 |
| 7306 || 26.3987708546834 || 2011-04-18 15:03:40 |
| 7307 || -25.9298857135282 || 2010-11-02 23:25:21 |
| 7308 || -12.3786481850048 || 2012-11-12 00:44:08 |
| 7309 || 19.7380482532659 || 2015-03-05 05:14:09 |
| 7310 || 0.281771433455063 || 2010-03-26 01:16:29 |
| 7311 || 16.1241679430506 || 2013-01-06 01:42:48 |
| 7312 || 73.1388524170546 || 2016-05-21 09:34:28 |
| 7313 || 54.7247193087113 || 2015-11-08 05:17:29 |
| 7314 || 16.7629233253804 || 2010-04-03 14:54:03 |
| 7315 || 1.08335551595466 || 2018-02-20 06:39:07 |
| 7316 || -5.89802449515324 || 2011-05-27 14:08:45 |
| 7317 || 60.7135674524671 || 2018-01-19 15:59:49 |
| 7318 || 51.7207328197273 || 2015-03-07 21:04:29 |
| 7319 || -0.790443141801544 || 2015-08-27 07:14:54 |
| 7320 || -0.0102461062399047 || 2012-03-26 10:18:34 |
| 7321 || 15.6824259971585 || 2016-08-05 08:35:17 |
| 7322 || 33.7237887715439 || 2011-11-14 00:37:02 |
| 7323 || 88.6052630569563 || 2015-03-25 23:35:27 |
| 7324 || -4.47311946414504 || 2011-08-19 20:50:58 |
| 7325 || 4.93470092395505 || 2010-02-21 12:18:16 |
| 7326 || -3.7710395702124 || 2017-02-26 03:15:35 |
| 7327 || 10.9300014970364 || 2019-10-12 16:17:41 |
| 7328 || 51.7613598056428 || 2019-06-09 04:16:32 |
| 7329 || -7.69951470232957 || 2016-02-20 19:57:17 |
| 7330 || 6.16475377928842 || 2011-04-27 23:52:52 |
| 7331 || 1.99279796525057 || 2018-05-27 10:33:37 |
| 7332 || -15.242952253314 || 2017-12-17 02:20:46 |
| 7333 || 31.9017646686469 || 2012-11-22 11:52:47 |
| 7334 || 4.36132841279677 || 2018-06-16 05:44:00 |
| 7335 || 10.0874685660856 || 2012-10-20 03:00:19 |
| 7336 || 4.81145839258179 || 2016-11-21 08:08:42 |
| 7337 || 52.7976083327348 || 2010-01-01 21:58:10 |
| 7338 || 19.9019356940109 || 2013-08-12 08:58:25 |
| 7339 || 20.6662205082673 || 2015-03-24 18:15:45 |
| 7340 || 10.2099057571084 || 2014-09-11 13:14:15 |
| 7341 || -0.145068127229864 || 2014-01-25 09:22:25 |
| 7342 || -13.2438278363424 || 2017-04-22 23:42:45 |
| 7343 || 60.7098701319477 || 2014-04-21 19:46:22 |
| 7344 || 56.6482501363885 || 2010-07-16 22:36:00 |
| 7345 || 18.732214200285 || 2015-07-02 04:35:22 |
| 7346 || 1.63876007456849 || 2012-07-08 22:34:59 |
| 7347 || 22.0652315839729 || 2019-06-17 04:05:19 |
| 7348 || -27.367436660889 || 2017-05-08 20:33:57 |
| 7349 || 31.1777492167557 || 2012-10-27 23:26:57 |
| 7350 || 8.84326263434063 || 2015-04-13 00:04:46 |
| 7351 || 0.101949655549773 || 2011-06-19 11:13:33 |
| 7352 || -4.99700161061822 || 2012-06-14 16:53:51 |
| 7353 || -25.9863166744801 || 2017-06-17 07:35:35 |
| 7354 || -3.22808865540813 || 2010-01-06 04:22:03 |
| 7355 || -8.8080152775674 || 2012-11-11 01:01:48 |
| 7356 || 0.0065197725584444 || 2018-11-18 09:25:47 |
| 7357 || 1.63982965815873 || 2019-05-14 05:04:49 |
| 7358 || -8.2146346516044 || 2012-03-03 00:28:19 |
| 7359 || 79.1528172982513 || 2018-11-10 17:28:34 |
| 7360 || 6.77926073431681 || 2015-04-04 14:18:15 |
| 7361 || 0.125778565480302 || 2013-06-16 02:29:43 |
| 7362 || 17.0720948170375 || 2015-04-04 17:18:22 |
| 7363 || 72.9451226762362 || 2015-02-19 17:21:09 |
| 7364 || -9.40309677195771 || 2010-09-09 14:43:15 |
| 7365 || 30.3522063066394 || 2012-09-07 14:51:00 |
| 7366 || 0.446164493135219 || 2013-12-16 15:40:22 |
| 7367 || 7.22315339365057 || 2011-09-03 07:37:22 |
| 7368 || 0.761721958704065 || 2010-12-23 07:25:28 |
| 7369 || 15.3547049300136 || 2018-05-25 12:26:26 |
| 7370 || 28.7018722089147 || 2010-08-08 02:27:50 |
| 7371 || 1.38124464418102 || 2019-03-04 06:10:43 |
| 7372 || 10.6525082546379 || 2013-05-09 13:29:55 |
| 7373 || 24.2073029103182 || 2013-05-04 11:22:53 |
| 7374 || -29.6240725827344 || 2018-08-26 01:39:56 |
| 7375 || -7.46972140665338 || 2018-11-24 15:32:38 |
| 7376 || -0.791439743196372 || 2010-10-21 02:06:39 |
| 7377 || 5.15218070618284 || 2015-12-11 22:14:48 |
| 7378 || 38.3424569798776 || 2013-08-02 17:46:36 |
| 7379 || 79.7591665006423 || 2019-10-03 23:54:26 |
| 7380 || -17.7266886724792 || 2012-04-13 03:07:22 |
| 7381 || 2.37600704113015 || 2019-05-10 06:31:38 |
| 7382 || -1.7729632803808 || 2017-03-23 17:11:55 |
| 7383 || 55.8379298925191 || 2018-08-22 18:19:02 |
| 7384 || -10.4037298763091 || 2016-02-24 09:04:54 |
| 7385 || 60.0279693843099 || 2017-10-22 05:01:00 |
| 7386 || 8.9424519412815 || 2012-04-23 19:35:18 |
| 7387 || -1.96064019112768 || 2019-02-20 09:58:40 |
| 7388 || 50.9256269497832 || 2019-07-15 10:07:37 |
| 7389 || -26.0279041087737 || 2018-09-27 20:02:25 |
| 7390 || -21.6615899398744 || 2018-03-27 20:19:39 |
| 7391 || 3.46529647086512 || 2012-05-03 10:27:10 |
| 7392 || 0.109554888991805 || 2011-05-26 04:41:25 |
| 7393 || -5.46338605478975 || 2017-09-14 04:14:28 |
| 7394 || 51.095403839457 || 2018-02-07 22:13:17 |
| 7395 || -11.2389406450048 || 2018-06-12 01:37:00 |
| 7396 || 17.2379037272237 || 2017-02-20 17:52:47 |
| 7397 || 0.0264585909281292 || 2014-08-12 10:47:00 |
| 7398 || 21.0409268249968 || 2011-08-21 21:23:45 |
| 7399 || 58.8176732053601 || 2018-04-25 02:49:05 |
| 7400 || 39.3519833879134 || 2017-08-13 00:30:28 |
| 7401 || 11.9408540966568 || 2017-01-20 11:43:41 |
| 7402 || 0.166855657095701 || 2015-05-08 04:26:38 |
| 7403 || -12.2321302920076 || 2011-04-21 20:41:28 |
| 7404 || -28.1124436120529 || 2012-02-13 18:43:11 |
| 7405 || 8.45245240305645 || 2018-07-04 06:50:18 |
| 7406 || 3.37435342512701 || 2018-02-20 05:14:49 |
| 7407 || 0.0602020219237885 || 2010-05-08 02:58:16 |
| 7408 || -2.20675185780025 || 2010-03-19 00:27:53 |
| 7409 || 14.846409847965 || 2010-03-08 21:17:30 |
| 7410 || 79.8878913944751 || 2017-08-15 21:22:23 |
| 7411 || 22.3793249129751 || 2016-03-03 18:01:27 |
| 7412 || -0.0358214177798154 || 2012-09-04 21:59:33 |
| 7413 || 1.43819372268719 || 2017-12-23 17:05:46 |
| 7414 || 74.0027480995094 || 2018-11-22 13:25:02 |
| 7415 || -9.70367445504032 || 2019-10-23 07:21:24 |
| 7416 || -6.87918450587125 || 2019-10-06 05:46:54 |
| 7417 || 0.786661740238196 || 2019-10-24 23:54:18 |
| 7418 || -0.825050546278845 || 2018-10-27 18:41:02 |
| 7419 || 26.6503143434575 || 2011-06-21 09:07:20 |
| 7420 || -1.88694159448895 || 2011-02-13 01:36:36 |
| 7421 || 27.4595837454808 || 2017-01-16 08:54:29 |
| 7422 || -0.506967995276685 || 2016-03-20 07:17:49 |
| 7423 || 4.44953323356546 || 2015-04-13 19:50:28 |
| 7424 || -23.2078175539701 || 2015-03-06 13:13:07 |
| 7425 || 21.9945913079489 || 2012-03-21 15:36:20 |
| 7426 || 17.4092150348212 || 2015-04-26 21:47:31 |
| 7427 || 1.49388858152356 || 2016-08-15 18:13:43 |
| 7428 || 1.86794558735193 || 2014-12-18 23:53:53 |
| 7429 || 31.1333945794867 || 2018-07-11 19:28:16 |
| 7430 || -17.0252036781451 || 2019-04-14 08:40:56 |
| 7431 || 54.5743502897309 || 2013-03-03 14:41:21 |
| 7432 || -1.62514887596242 || 2010-10-08 17:20:42 |
| 7433 || 9.95457981866829 || 2010-10-02 14:54:48 |
| 7434 || -0.713837927332583 || 2012-06-03 06:29:49 |
| 7435 || 80.6253209076905 || 2018-10-02 17:18:56 |
| 7436 || 30.3798876961661 || 2011-07-25 08:46:25 |
| 7437 || -2.9446033174327 || 2019-11-13 08:22:45 |
| 7438 || 0.913923456709031 || 2018-09-01 01:30:14 |
| 7439 || -18.2730149379084 || 2016-01-16 14:25:21 |
| 7440 || 67.0281401016484 || 2015-07-06 12:30:52 |
| 7441 || 63.816845807844 || 2010-11-25 01:59:46 |
| 7442 || 3.44836363591974 || 2016-03-25 17:37:29 |
| 7443 || 3.47057298418025 || 2013-08-16 06:24:27 |
| 7444 || -3.11034956900308 || 2018-08-06 21:00:55 |
| 7445 || -28.6526912057795 || 2018-06-27 08:26:28 |
| 7446 || 44.9548000742283 || 2014-11-02 01:46:08 |
| 7447 || 10.9837183456983 || 2013-01-24 10:02:41 |
| 7448 || 0.25691578737372 || 2012-09-06 11:31:17 |
| 7449 || 20.8263494807065 || 2016-05-02 14:55:36 |
| 7450 || -18.1117141212017 || 2013-05-15 10:01:28 |
| 7451 || -10.1919025943555 || 2011-01-26 14:04:27 |
| 7452 || -2.81477523359007 || 2017-06-19 07:05:46 |
| 7453 || 0.0161404742873088 || 2016-01-23 12:35:58 |
| 7454 || 20.4928666123414 || 2015-01-13 21:11:19 |
| 7455 || 84.7915655362502 || 2018-03-10 20:41:33 |
| 7456 || 65.0710215900718 || 2017-09-02 03:12:19 |
| 7457 || -3.9066887001607 || 2016-02-01 04:31:11 |
| 7458 || 0.0508869306914048 || 2015-05-17 21:28:08 |
| 7459 || 28.8645424844561 || 2015-10-09 20:47:02 |
| 7460 || 43.7003544125167 || 2010-04-14 08:22:17 |
| 7461 || 45.9442460593127 || 2011-01-20 19:15:57 |
| 7462 || 14.0632077086776 || 2016-07-16 12:42:46 |
| 7463 || 0.0474139136653536 || 2010-02-25 12:10:28 |
| 7464 || -5.59860977680861 || 2010-05-01 10:36:55 |
| 7465 || 7.05227754779861 || 2018-05-07 09:29:11 |
| 7466 || -27.196037886359 || 2018-08-22 10:37:39 |
| 7467 || 27.0440754583337 || 2017-08-22 07:38:18 |
| 7468 || -0.121342350080509 || 2010-02-08 06:27:49 |
| 7469 || 13.7335273006446 || 2017-10-14 16:06:33 |
| 7470 || 74.900916735016 || 2014-08-21 02:04:37 |
| 7471 || 70.174702843545 || 2015-01-08 06:02:31 |
| 7472 || -5.09167394039843 || 2017-10-22 21:33:30 |
| 7473 || 1.75914630480507 || 2015-04-17 13:12:21 |
| 7474 || 17.0198803893003 || 2010-01-22 23:04:53 |
| 7475 || -22.116806024454 || 2011-03-22 22:33:06 |
| 7476 || -15.2308943474167 || 2016-10-03 03:28:29 |
| 7477 || 28.7118828475212 || 2015-10-14 04:37:09 |
| 7478 || 3.66763933842741 || 2017-04-12 00:01:58 |
| 7479 || 6.90353516139045 || 2017-08-06 05:53:03 |
| 7480 || 18.1643648176597 || 2017-09-19 11:52:10 |
| 7481 || 49.0449309029114 || 2016-07-04 17:36:26 |
| 7482 || 43.1214596068005 || 2019-04-06 13:51:42 |
| 7483 || 3.08958161125294 || 2019-10-05 09:25:14 |
| 7484 || 10.4247825660401 || 2013-01-11 06:07:12 |
| 7485 || -17.426016816901 || 2013-07-07 12:28:46 |
| 7486 || -29.7990306654899 || 2011-09-07 07:09:20 |
| 7487 || -3.83620165174509 || 2014-04-07 18:31:52 |
| 7488 || 9.05676908011616 || 2015-10-03 06:46:11 |
| 7489 || -1.53350270611353 || 2011-08-07 23:39:45 |
| 7490 || 16.2228568449388 || 2015-10-05 00:05:42 |
| 7491 || 66.9439294983522 || 2010-07-04 00:15:23 |
| 7492 || 63.7153923237143 || 2015-03-21 23:04:46 |
| 7493 || -3.58834778952996 || 2016-11-10 21:21:27 |
| 7494 || 4.61963699400008 || 2018-09-26 13:37:38 |
| 7495 || 20.6565732010721 || 2014-03-13 03:50:40 |
| 7496 || -27.6502524904721 || 2019-04-24 10:20:09 |
| 7497 || -22.8725304030418 || 2018-12-06 17:00:26 |
| 7498 || 16.4455311413198 || 2019-03-12 09:53:11 |
| 7499 || 1.2590412203229 || 2013-09-10 23:29:47 |
| 7500 || 41.5165482693374 || 2019-08-17 19:49:47 |
| 7501 || 4.71205775380073 || 2015-05-19 20:41:32 |
| 7502 || 42.115114085239 || 2011-01-18 14:01:20 |
| 7503 || 13.7581415942873 || 2016-10-10 17:41:33 |
| 7504 || 0.992027016458156 || 2010-03-16 00:11:37 |
| 7505 || -0.797661332381984 || 2015-03-18 12:36:01 |
| 7506 || -22.2600659437479 || 2014-12-08 14:55:27 |
| 7507 || -9.95283652246783 || 2012-03-12 07:35:37 |
| 7508 || 21.4048034595458 || 2013-12-14 18:16:08 |
| 7509 || 0.0956619948901659 || 2019-05-15 18:05:44 |
| 7510 || 18.177295909443 || 2017-02-12 13:42:24 |
| 7511 || -25.3557611363815 || 2013-11-26 18:20:41 |
| 7512 || -19.9169210056786 || 2014-08-16 18:30:06 |
| 7513 || -9.71667019053062 || 2019-01-22 15:15:44 |
| 7514 || 0.0014363373729597 || 2015-03-19 18:02:49 |
| 7515 || 1.57956750254263 || 2015-07-26 11:35:22 |
| 7516 || 48.5298102412327 || 2015-01-04 20:24:23 |
| 7517 || 62.3580731216813 || 2015-08-23 11:44:05 |
| 7518 || 36.13660911712 || 2011-12-27 02:13:35 |
| 7519 || 0.224213117064005 || 2017-02-23 18:39:22 |
| 7520 || 17.2036779305526 || 2016-03-09 23:36:48 |
| 7521 || 53.8291801367564 || 2017-04-10 00:55:07 |
| 7522 || -27.1466492951884 || 2012-04-26 13:17:57 |
| 7523 || -7.4749452846579 || 2018-06-19 01:04:49 |
| 7524 || 0.269646128079774 || 2019-12-15 13:34:19 |
| 7525 || 7.0248553111937 || 2010-04-07 01:40:41 |
| 7526 || 66.0942041141838 || 2013-01-02 01:05:31 |
| 7527 || 7.63887107396145 || 2019-07-02 07:56:54 |
| 7528 || 37.5495962625626 || 2017-03-11 07:36:14 |
| 7529 || -0.829344310808443 || 2019-03-13 20:32:13 |
| 7530 || -4.27388930385108 || 2017-08-16 01:17:53 |
| 7531 || -4.73924179009643 || 2016-06-22 05:27:05 |
| 7532 || -16.7480425763787 || 2014-11-05 00:59:34 |
| 7533 || 36.0052808266677 || 2010-03-16 20:02:55 |
| 7534 || -0.412279691484701 || 2010-01-27 00:02:46 |
| 7535 || -1.09040150340189 || 2016-10-23 21:02:23 |
| 7536 || 56.3196608657312 || 2013-10-15 09:16:22 |
| 7537 || -27.6889026300918 || 2013-12-27 06:20:02 |
| 7538 || -10.3448377078831 || 2017-09-27 02:52:25 |
| 7539 || 8.59350008039617 || 2015-08-19 04:10:12 |
| 7540 || -2.5492048422271 || 2012-12-24 12:43:03 |
| 7541 || 43.6323301492942 || 2015-04-08 23:23:39 |
| 7542 || 38.2405580397126 || 2015-05-18 14:10:06 |
| 7543 || 17.1349885829847 || 2015-04-18 09:17:16 |
| 7544 || -1.10180441656049 || 2018-09-14 09:24:15 |
| 7545 || 3.99287020883665 || 2013-05-24 06:50:21 |
| 7546 || 19.7553539011628 || 2015-12-15 01:35:37 |
| 7547 || 82.9135796926771 || 2012-01-15 14:34:36 |
| 7548 || 24.4299495875122 || 2018-02-21 10:16:16 |
| 7549 || -5.07570610936876 || 2012-09-25 21:20:34 |
| 7550 || 0.422774549990603 || 2015-08-25 21:45:31 |
| 7551 || 40.080487367099 || 2014-03-09 20:19:50 |
| 7552 || 86.6015178076888 || 2018-03-08 07:36:39 |
| 7553 || -16.3272433381913 || 2016-03-26 08:22:14 |
| 7554 || -6.05694566267687 || 2017-10-18 08:03:38 |
| 7555 || 0.655691619561877 || 2019-09-05 23:37:25 |
| 7556 || 12.5182486640731 || 2018-10-08 14:45:15 |
| 7557 || 54.8521331287657 || 2012-09-01 09:56:50 |
| 7558 || 74.2664530870877 || 2017-02-17 00:39:17 |
| 7559 || 9.71402287765638 || 2015-03-09 08:16:48 |
| 7560 || 0.0394008028201741 || 2018-04-08 11:46:16 |
| 7561 || 20.3600170609143 || 2011-07-08 18:01:12 |
| 7562 || 54.8335542432417 || 2014-03-24 15:19:06 |
| 7563 || 70.2795408538663 || 2019-03-17 11:04:59 |
| 7564 || -3.76607852161354 || 2012-07-14 21:25:21 |
| 7565 || -2.91369545449004e-06 || 2011-04-04 07:00:32 |
| 7566 || -9.84039789923675 || 2018-01-03 08:56:44 |
| 7567 || 79.6119219145844 || 2018-03-12 18:45:10 |
| 7568 || -10.4809773534128 || 2014-09-19 00:11:05 |
| 7569 || 25.85547069079 || 2016-09-22 15:43:11 |
| 7570 || 0.0440010227058922 || 2015-12-15 05:56:25 |
| 7571 || 24.807694122377 || 2010-03-10 23:32:02 |
| 7572 || 69.4928654642972 || 2015-08-21 22:48:21 |
| 7573 || -12.8518715580996 || 2011-01-23 16:01:20 |
| 7574 || -0.0313574302637984 || 2014-03-16 01:48:33 |
| 7575 || 0.245117139551813 || 2011-06-05 04:27:20 |
| 7576 || -4.04847332566914 || 2011-08-11 19:04:50 |
| 7577 || 72.1423267801802 || 2019-11-01 20:13:14 |
| 7578 || 55.412113309663 || 2016-08-23 09:57:26 |
| 7579 || 44.5752001471804 || 2010-06-08 09:08:36 |
| 7580 || -0.909477584185474 || 2015-01-22 14:32:50 |
| 7581 || -5.29698755906454 || 2015-07-13 22:29:58 |
| 7582 || -10.1255376156467 || 2012-03-14 19:54:06 |
| 7583 || -16.2846232331154 || 2015-01-16 05:15:56 |
| 7584 || -3.65677037655651 || 2017-02-26 05:10:34 |
| 7585 || -1.47385792758111 || 2015-12-23 08:16:24 |
| 7586 || 11.1970377886405 || 2018-11-13 09:51:58 |
| 7587 || 24.0790942411595 || 2015-10-06 14:45:52 |
| 7588 || 44.0645526028311 || 2019-08-11 23:48:53 |
| 7589 || 18.5235578578712 || 2013-08-14 00:52:19 |
| 7590 || -1.15126982324187 || 2018-01-20 19:12:57 |
| 7591 || 4.37159473892403 || 2010-05-17 06:05:05 |
| 7592 || 55.8316515299075 || 2012-05-22 01:59:30 |
| 7593 || 86.9604546080711 || 2018-01-16 12:13:39 |
| 7594 || 56.5054955929811 || 2018-01-21 11:35:51 |
| 7595 || 10.7254625741644 || 2011-09-07 03:49:13 |
| 7596 || -1.05221408290665 || 2017-11-17 04:22:13 |
| 7597 || 51.4775638525407 || 2014-07-05 04:31:59 |
| 7598 || -20.6338755709252 || 2012-03-12 07:05:47 |
| 7599 || -22.308176025561 || 2014-12-10 09:14:49 |
| 7600 || 3.87656619783019 || 2016-02-19 07:16:37 |
| 7601 || 2.37658141305308 || 2010-11-19 16:01:30 |
| 7602 || 46.5401157943092 || 2011-12-27 18:06:55 |
| 7603 || 22.6895554594772 || 2010-07-25 17:20:20 |
| 7604 || 69.8449360453148 || 2018-12-02 02:01:39 |
| 7605 || 1.15856122089782 || 2017-11-24 07:18:25 |
| 7606 || 0.297206622868003 || 2018-10-16 04:06:13 |
| 7607 || -8.58332918223721 || 2011-11-16 19:47:04 |
| 7608 || 19.5724582224184 || 2013-03-08 06:46:42 |
| 7609 || 67.0394301838054 || 2010-06-23 20:25:54 |
| 7610 || 0.661067216458748 || 2017-12-20 23:32:45 |
| 7611 || -0.14553035913947 || 2012-05-12 08:34:45 |
| 7612 || -8.27882310899786 || 2019-08-20 13:52:38 |
| 7613 || 16.0580269421578 || 2012-04-25 12:41:28 |
| 7614 || 79.1927690059509 || 2015-05-04 23:06:49 |
| 7615 || 1.36695362379395 || 2017-05-09 23:00:22 |
| 7616 || -0.000612712295039182 || 2013-08-12 20:20:22 |
| 7617 || 5.50621959128932 || 2019-02-22 18:19:12 |
| 7618 || -24.9213710357082 || 2010-09-06 11:21:24 |
| 7619 || 24.5101829824181 || 2016-12-23 16:09:48 |
| 7620 || 16.2701724963404 || 2019-06-25 17:16:45 |
| 7621 || -0.0696823467297007 || 2017-08-21 11:12:32 |
| 7622 || 20.3458471522936 || 2010-07-17 16:41:53 |
| 7623 || 72.3166406700842 || 2019-02-13 21:15:41 |
| 7624 || -25.1339910279592 || 2014-10-18 17:41:05 |
| 7625 || 38.902642559958 || 2019-11-09 02:01:29 |
| 7626 || 0.837519521365584 || 2010-12-24 02:50:42 |
| 7627 || 10.2934109596903 || 2014-05-03 23:40:48 |
| 7628 || -23.9100529479984 || 2011-08-02 16:53:31 |
| 7629 || -1.3756756865748 || 2012-07-18 21:29:20 |
| 7630 || 44.8715134850669 || 2017-07-18 16:06:55 |
| 7631 || 2.39372156705624 || 2018-01-11 06:11:38 |
| 7632 || -5.53969591912251 || 2012-09-03 18:50:21 |
| 7633 || 25.0459296139705 || 2014-03-27 20:47:09 |
| 7634 || 33.1876667263417 || 2010-07-11 06:38:20 |
| 7635 || 15.8678243467469 || 2018-10-13 08:58:00 |
| 7636 || 4.05023932332546 || 2013-11-15 00:06:56 |
| 7637 || 12.4407858910846 || 2015-07-26 09:28:43 |
| 7638 || -12.9817026217657 || 2019-10-20 02:04:00 |
| 7639 || 57.0338630167357 || 2018-10-22 14:20:10 |
| 7640 || 6.43611557084035 || 2017-06-23 16:46:56 |
| 7641 || 7.40003179744396 || 2011-12-03 23:52:56 |
| 7642 || 3.11015959156529 || 2013-09-19 22:32:47 |
| 7643 || 49.8468929108055 || 2016-02-08 19:49:13 |
| 7644 || -22.8581262479268 || 2014-12-15 18:14:03 |
| 7645 || 53.0981424666562 || 2013-12-01 18:53:10 |
| 7646 || -0.363488352007063 || 2019-02-21 03:37:25 |
| 7647 || 3.86734009038234 || 2015-06-19 10:41:17 |
| 7648 || 46.9890659994778 || 2012-03-20 16:56:08 |
| 7649 || 66.7553652899735 || 2013-07-08 02:07:50 |
| 7650 || 24.329272306638 || 2013-01-19 03:42:19 |
| 7651 || -2.11818532605602 || 2012-09-19 06:57:22 |
| 7652 || -0.862116321464182 || 2015-07-02 02:09:18 |
| 7653 || -12.8343207122868 || 2013-06-18 20:38:18 |
| 7654 || 15.3158382106038 || 2014-02-16 11:06:00 |
| 7655 || 56.0883194810931 || 2019-04-03 16:01:57 |
| 7656 || 3.05136322945749 || 2015-11-24 08:58:18 |
| 7657 || -0.529897486927963 || 2018-03-18 15:09:18 |
| 7658 || 12.6743963287081 || 2019-04-05 19:18:06 |
| 7659 || 83.4812616292414 || 2011-06-23 07:13:26 |
| 7660 || -17.0852105010201 || 2018-10-05 04:06:24 |
| 7661 || 6.67237826922281 || 2014-06-01 23:25:25 |
| 7662 || -0.115865781758488 || 2010-12-26 16:44:46 |
| 7663 || 34.0056059552751 || 2012-01-03 21:47:44 |
| 7664 || 43.7413882559319 || 2017-10-21 15:42:30 |
| 7665 || 78.3808083357059 || 2015-05-26 18:19:05 |
| 7666 || 27.6692407047788 || 2016-05-10 10:20:41 |
| 7667 || 0.0457045196971546 || 2011-03-12 09:52:44 |
| 7668 || -10.2501591609337 || 2018-04-16 17:53:22 |
| 7669 || 59.0993681408285 || 2011-12-12 07:41:27 |
| 7670 || 6.21093242011014 || 2010-02-06 03:17:51 |
| 7671 || 18.1867792806087 || 2011-02-09 23:16:51 |
| 7672 || 0.0128577041988545 || 2019-08-27 17:36:04 |
| 7673 || 17.1758487731292 || 2012-08-07 23:08:07 |
| 7674 || 63.5880595680587 || 2019-12-27 12:56:22 |
| 7675 || -21.6985574427725 || 2012-10-01 22:08:05 |
| 7676 || 10.9482228526603 || 2010-11-23 16:40:13 |
| 7677 || 0.444901176386526 || 2010-07-20 08:03:23 |
| 7678 || 15.0880354385513 || 2016-03-26 02:51:17 |
| 7679 || 64.3080025942581 || 2012-02-09 08:52:37 |
| 7680 || 52.4712325255401 || 2011-11-19 09:05:12 |
| 7681 || -10.3661521459264 || 2014-02-10 01:33:17 |
| 7682 || 1.96135361594066 || 2011-02-10 22:01:01 |
| 7683 || 12.3561453788346 || 2010-07-12 02:09:26 |
| 7684 || -10.5451926161889 || 2017-03-10 12:30:32 |
| 7685 || 1.18404473997276 || 2012-02-26 02:06:54 |
| 7686 || 45.0004969429526 || 2010-11-25 12:32:18 |
| 7687 || 1.49807601821872 || 2016-11-27 03:22:43 |
| 7688 || 2.62061672312853 || 2011-10-23 03:50:44 |
| 7689 || 61.8828440561204 || 2010-02-18 07:07:21 |
| 7690 || 29.0938816456845 || 2016-06-13 04:19:42 |
| 7691 || 29.5063468077118 || 2016-07-25 18:03:32 |
| 7692 || -0.559883947740079 || 2011-12-09 20:32:08 |
| 7693 || -2.91270501364878 || 2017-08-15 11:56:00 |
| 7694 || 48.0570175343006 || 2018-06-09 00:38:40 |
| 7695 || 80.0897081378175 || 2015-03-19 15:11:38 |
| 7696 || 52.7825746077842 || 2019-02-20 07:29:48 |
| 7697 || 9.84832385210092 || 2014-12-08 21:02:13 |
| 7698 || 5.05860446706961 || 2018-09-10 11:55:25 |
| 7699 || 13.4093874469633 || 2011-01-10 01:37:29 |
| 7700 || 87.2753427111429 || 2018-09-03 02:28:48 |
| 7701 || 41.8887981026979 || 2015-04-24 22:43:21 |
| 7702 || -0.0976887842556554 || 2016-09-09 23:33:07 |
| 7703 || 2.47221594350342 || 2018-12-19 18:36:26 |
| 7704 || 17.6567393842331 || 2017-03-20 01:23:08 |
| 7705 || -13.5397301426539 || 2017-06-09 03:44:38 |
| 7706 || 23.2127456157035 || 2010-02-21 12:07:25 |
| 7707 || 3.30451267352851 || 2010-08-14 15:58:53 |
| 7708 || 1.96851999971603 || 2013-01-16 03:28:26 |
| 7709 || 42.9592775557726 || 2017-01-14 00:28:58 |
| 7710 || -28.7517699513657 || 2014-12-26 08:05:43 |
| 7711 || -16.3070874351745 || 2012-01-22 08:42:39 |
| 7712 || -7.4293645703777 || 2017-01-02 01:22:14 |
| 7713 || 0.0575621080996775 || 2019-11-05 03:15:44 |
| 7714 || 33.3018776701573 || 2013-09-05 01:28:56 |
| 7715 || -26.4576563470493 || 2011-12-14 12:03:05 |
| 7716 || -25.5457408647232 || 2014-12-17 04:16:42 |
| 7717 || 25.7643184672729 || 2016-02-05 04:04:08 |
| 7718 || 0.103562110531818 || 2018-05-10 21:00:29 |
| 7719 || 17.0851767841591 || 2015-09-03 04:37:44 |
| 7720 || 30.1331983364109 || 2011-10-09 20:20:14 |
| 7721 || 65.2647155082552 || 2012-06-22 15:58:56 |
| 7722 || 24.7222495504244 || 2013-06-23 13:09:50 |
| 7723 || 0.0239833644399609 || 2015-01-20 04:19:43 |
| 7724 || 18.7478027798675 || 2017-10-07 06:58:17 |
| 7725 || 34.3759271440464 || 2013-11-05 04:40:57 |
| 7726 || 70.3173826937406 || 2016-05-20 22:14:22 |
| 7727 || 12.4401756988342 || 2012-02-05 03:51:13 |
| 7728 || 0.606343921836689 || 2016-07-12 01:30:30 |
| 7729 || 16.5671808143194 || 2015-06-12 19:24:16 |
| 7730 || 5.31716752406085 || 2010-05-23 15:19:29 |
| 7731 || 39.4506361158009 || 2013-10-11 11:05:21 |
| 7732 || 13.9941725147582 || 2016-04-20 10:35:59 |
| 7733 || -0.0683247280282125 || 2015-06-16 00:19:01 |
| 7734 || 10.7918045606611 || 2012-12-03 17:18:55 |
| 7735 || -22.69975126668 || 2019-12-06 17:33:35 |
| 7736 || 88.3468190448319 || 2015-01-25 20:15:10 |
| 7737 || -11.6165624505698 || 2017-11-21 06:36:05 |
| 7738 || 1.70049198564819 || 2012-08-19 21:22:21 |
| 7739 || 9.30498731254398 || 2016-06-20 19:20:17 |
| 7740 || 62.2260343534826 || 2010-03-18 21:49:40 |
| 7741 || -21.7994960530283 || 2018-07-02 22:55:05 |
| 7742 || 6.74275101914358 || 2015-12-05 09:33:38 |
| 7743 || 5.25433425604574 || 2018-03-14 06:15:41 |
| 7744 || -1.12240439665003 || 2018-05-14 23:28:09 |
| 7745 || 46.8096284439052 || 2014-01-07 17:40:53 |
| 7746 || 12.2397189181562 || 2013-08-17 04:10:34 |
| 7747 || 48.4650816678957 || 2011-03-14 10:24:14 |
| 7748 || 9.23047835747669 || 2016-04-11 22:48:44 |
| 7749 || 6.68781755754312 || 2010-04-22 06:29:01 |
| 7750 || 46.9005912555034 || 2010-11-24 10:40:10 |
| 7751 || -6.8913285308432 || 2017-12-19 06:42:39 |
| 7752 || 51.3170573882452 || 2017-02-17 08:13:16 |
| 7753 || -4.10349025223334 || 2013-10-25 17:56:02 |
| 7754 || 3.59197245694137 || 2016-07-19 01:00:26 |
| 7755 || -15.9497031259934 || 2013-07-07 09:07:45 |
| 7756 || 88.0561155564958 || 2016-05-08 23:31:45 |
| 7757 || -12.2619493519036 || 2017-06-26 10:49:45 |
| 7758 || 16.2197239634634 || 2017-01-20 04:32:37 |
| 7759 || 2.46769950999308 || 2013-09-11 15:28:36 |
| 7760 || -14.841474252575 || 2017-02-01 13:07:39 |
| 7761 || -25.7705639173282 || 2019-04-10 05:32:44 |
| 7762 || 72.787902348739 || 2012-03-19 15:00:38 |
| 7763 || 14.7098499079172 || 2017-05-12 12:06:11 |
| 7764 || 0.0986179371839034 || 2017-04-25 04:02:28 |
| 7765 || 29.9184073544268 || 2014-12-17 06:28:19 |
| 7766 || 52.4122731889473 || 2015-07-19 02:32:17 |
| 7767 || -25.3245680477067 || 2014-09-27 00:01:38 |
| 7768 || 9.80141039480657 || 2016-04-08 00:35:58 |
| 7769 || -0.037357903854102 || 2018-04-05 16:18:31 |
| 7770 || -2.94841591012267 || 2017-02-27 13:42:00 |
| 7771 || 69.350696099825 || 2017-04-07 16:31:24 |
| 7772 || 29.0942828634728 || 2012-02-10 20:25:20 |
| 7773 || -5.77916431128337 || 2018-12-24 19:24:12 |
| 7774 || -0.00154022207849051 || 2018-08-17 06:53:22 |
| 7775 || -2.45112039419763 || 2014-08-16 09:02:55 |
| 7776 || -26.3213488139208 || 2014-03-27 12:00:24 |
| 7777 || 67.5763324484729 || 2013-12-19 00:03:26 |
| 7778 || 4.1283783429892 || 2018-05-10 23:48:37 |
| 7779 || -0.0642520944967112 || 2010-01-21 06:43:03 |
| 7780 || 6.5856411955974 || 2013-05-11 03:49:55 |
| 7781 || 11.6546469608968 || 2019-03-19 04:49:41 |
| 7782 || 85.2705614343315 || 2019-02-06 11:27:43 |
| 7783 || 9.35209408965777 || 2012-04-22 01:22:45 |
| 7784 || 1.28841077228021 || 2010-06-22 17:59:26 |
| 7785 || 5.99423145262308 || 2015-07-10 06:35:05 |
| 7786 || 15.3465206862342 || 2010-06-11 05:55:14 |
| 7787 || -27.5888485870753 || 2011-09-20 16:53:13 |
| 7788 || 34.2456341745375 || 2013-03-25 18:12:40 |
| 7789 || -1.14372475609019 || 2019-06-25 00:09:33 |
| 7790 || -1.48221047214819 || 2011-06-15 13:45:01 |
| 7791 || 50.8576152540593 || 2017-08-04 19:10:44 |
| 7792 || 86.8352675814736 || 2016-05-03 15:52:46 |
| 7793 || 18.6850124289151 || 2010-10-03 19:11:34 |
| 7794 || 4.98109189558551 || 2018-04-26 20:32:29 |
| 7795 || -1.4919764616898 || 2015-08-03 08:38:35 |
| 7796 || 61.6190402222687 || 2014-08-04 18:14:20 |
| 7797 || 52.792910308462 || 2012-09-20 22:48:48 |
| 7798 || 57.7072064432349 || 2016-01-14 16:17:11 |
| 7799 || 5.75782746401118 || 2014-06-19 13:29:18 |
| 7800 || 7.02581193698035 || 2014-02-18 06:15:57 |
| 7801 || 19.8186860215049 || 2011-05-03 17:19:35 |
| 7802 || -26.7535684867622 || 2015-06-23 15:23:26 |
| 7803 || 48.9949132419532 || 2017-07-02 18:20:28 |
| 7804 || 10.8200809821398 || 2019-10-16 00:04:34 |
| 7805 || 2.39171957840878 || 2017-10-07 15:23:17 |
| 7806 || 31.6380942267049 || 2010-01-05 14:03:15 |
| 7807 || 43.1067020256449 || 2018-01-18 23:54:27 |
| 7808 || -22.2462769751441 || 2019-11-05 23:29:19 |
| 7809 || 15.495101813116 || 2010-06-19 10:24:43 |
| 7810 || -0.200026887172634 || 2013-11-23 04:58:37 |
| 7811 || -14.6774789419045 || 2013-06-14 05:14:33 |
| 7812 || -10.3690078073455 || 2018-12-20 04:03:05 |
| 7813 || 14.2845929968808 || 2012-12-10 02:58:04 |
| 7814 || 17.2202510724873 || 2017-02-17 17:59:45 |
| 7815 || 0.160462637948953 || 2017-12-13 21:33:02 |
| 7816 || 22.6115830339528 || 2018-05-26 18:09:34 |
| 7817 || -2.21821898707566 || 2017-12-15 09:37:55 |
| 7818 || 75.7841784983623 || 2013-08-20 11:11:59 |
| 7819 || 4.72501993989302 || 2018-05-27 14:13:18 |
| 7820 || -0.0632589046843644 || 2014-02-23 22:23:39 |
| 7821 || -11.6086207779205 || 2011-09-26 19:42:28 |
| 7822 || -16.2826080568324 || 2018-08-05 15:55:01 |
| 7823 || 45.4895794442096 || 2019-10-11 01:48:58 |
| 7824 || 11.5623428553703 || 2018-10-08 10:29:13 |
| 7825 || 0.00113065680784494 || 2016-01-21 10:59:53 |
| 7826 || 29.2979642424662 || 2014-10-21 18:28:56 |
| 7827 || -26.2517543616878 || 2016-04-06 17:06:05 |
| 7828 || 5.77593626661363 || 2012-12-10 13:59:02 |
| 7829 || -2.48934111461868 || 2010-02-11 02:35:46 |
| 7830 || -0.0667680421090239 || 2013-11-14 15:26:10 |
| 7831 || 19.606994908729 || 2013-10-13 11:48:31 |
| 7832 || 33.2916944388699 || 2017-04-21 05:05:21 |
| 7833 || 56.1194584916202 || 2010-09-25 19:51:32 |
| 7834 || 14.5403915907627 || 2014-01-15 19:28:58 |
| 7835 || 0.983153560131591 || 2017-11-27 17:30:05 |
| 7836 || 16.7635942973375 || 2012-09-18 11:54:36 |
| 7837 || 45.0040137360138 || 2017-06-16 01:19:02 |
| 7838 || 65.2326800420269 || 2016-02-20 09:06:24 |
| 7839 || 45.243997838867 || 2013-01-20 07:36:03 |
| 7840 || -1.01046352423007 || 2014-02-27 15:48:28 |
| 7841 || -4.97978379562413 || 2014-01-27 23:10:20 |
| 7842 || -9.61246258650293 || 2014-10-06 09:23:39 |
| 7843 || 15.7281045199848 || 2010-09-06 02:16:14 |
| 7844 || 50.2970185869624 || 2016-06-13 16:56:34 |
| 7845 || -1.72104881280019 || 2018-12-11 17:15:37 |
| 7846 || -3.93544330428798 || 2014-03-10 17:47:06 |
| 7847 || -6.85856915657749 || 2011-10-18 22:55:59 |
| 7848 || 18.0119487036561 || 2018-09-02 12:53:48 |
| 7849 || -17.531332573383 || 2012-05-15 07:27:49 |
| 7850 || -1.08946288107395 || 2014-04-22 03:18:41 |
| 7851 || 6.65010976122452 || 2014-12-16 21:07:25 |
| 7852 || -17.7207544779605 || 2012-03-01 22:30:06 |
| 7853 || 84.3964067700542 || 2016-01-20 12:58:44 |
| 7854 || -9.63353914451566 || 2016-11-14 21:53:05 |
| 7855 || 2.55024994466696 || 2010-12-06 18:36:41 |
| 7856 || -1.83126804570823 || 2019-08-04 11:26:13 |
| 7857 || 31.2595252919411 || 2016-03-07 11:25:03 |
| 7858 || -20.9406331732036 || 2014-02-18 00:47:24 |
| 7859 || 67.1060391803017 || 2015-02-13 20:47:03 |
| 7860 || 3.45185641312833 || 2012-08-26 06:18:47 |
| 7861 || -0.806260119265396 || 2017-09-20 00:58:50 |
| 7862 || 46.200156575476 || 2011-02-02 21:18:21 |
| 7863 || 58.8988819170359 || 2015-03-20 17:52:37 |
| 7864 || 13.2339718562445 || 2016-11-22 20:14:47 |
| 7865 || 15.2206229004817 || 2014-05-13 11:25:50 |
| 7866 || 1.398780249328 || 2010-09-08 11:28:15 |
| 7867 || 3.29948881737187 || 2014-01-07 06:28:07 |
| 7868 || 71.9915610119765 || 2016-03-22 01:07:25 |
| 7869 || -25.3030841602556 || 2019-04-22 03:10:14 |
| 7870 || 24.4186652328667 || 2013-01-17 02:07:20 |
| 7871 || 0.099862699503509 || 2010-08-20 16:23:26 |
| 7872 || 30.828539034198 || 2017-11-12 22:51:06 |
| 7873 || 82.7576852347208 || 2018-05-20 03:27:02 |
| 7874 || 13.5380717606224 || 2014-03-04 10:48:44 |
| 7875 || -4.51741651735545 || 2010-02-20 19:03:58 |
| 7876 || -5.77295819151022e-05 || 2017-03-19 04:12:58 |
| 7877 || 8.48810889959918 || 2016-02-15 07:41:26 |
| 7878 || 13.9640406993764 || 2017-01-24 11:02:04 |
| 7879 || 82.8512747131235 || 2012-04-12 04:02:32 |
| 7880 || -11.0671399931506 || 2017-02-10 08:55:30 |
| 7881 || 0.0365110489254092 || 2017-07-09 04:23:09 |
| 7882 || -6.10505300045789 || 2011-07-20 02:55:48 |
| 7883 || 76.2997845922889 || 2014-07-21 09:46:29 |
| 7884 || 70.7260861491507 || 2019-05-03 22:42:56 |
| 7885 || 19.7572755518886 || 2014-07-14 19:29:32 |
| 7886 || 0.923556571317145 || 2012-05-18 18:16:29 |
| 7887 || -6.36940709021841 || 2017-03-09 00:45:48 |
| 7888 || -18.9682023284349 || 2015-05-27 12:35:12 |
| 7889 || 76.5923516428016 || 2010-05-04 17:40:16 |
| 7890 || -5.69238816263459 || 2010-08-18 19:33:22 |
| 7891 || -0.602905107095335 || 2017-01-06 23:12:54 |
| 7892 || -1.97338461451667 || 2012-04-11 17:04:09 |
| 7893 || -21.0204473528605 || 2013-05-06 19:48:45 |
| 7894 || 45.1309528597383 || 2014-10-13 12:53:39 |
| 7895 || 5.50508438220482 || 2013-03-03 16:04:41 |
| 7896 || 2.81151414913326 || 2012-05-11 04:58:11 |
| 7897 || -4.09634441134645 || 2012-03-06 22:42:39 |
| 7898 || -19.0327905898945 || 2017-01-25 22:45:10 |
| 7899 || -1.21793422252734 || 2012-12-15 05:36:41 |
| 7900 || 55.7485954817008 || 2012-09-16 09:15:43 |
| 7901 || -2.29920831968949 || 2013-06-23 20:07:20 |
| 7902 || -0.990392524087122 || 2015-09-03 10:54:13 |
| 7903 || -18.2455876802722 || 2018-02-08 06:02:10 |
| 7904 || 72.9600182468683 || 2010-07-19 10:01:10 |
| 7905 || 9.97981655802628 || 2012-05-13 17:32:13 |
| 7906 || -1.71166751059725 || 2012-09-16 17:10:18 |
| 7907 || 5.30751577693842 || 2019-07-14 22:12:33 |
| 7908 || 0.385984924464119 || 2012-12-06 22:22:20 |
| 7909 || 70.2201126625251 || 2012-05-12 12:22:14 |
| 7910 || -7.4280907308825 || 2010-07-19 10:07:38 |
| 7911 || 2.17900976061418 || 2016-01-19 22:13:19 |
| 7912 || 3.46518772388438 || 2017-12-10 18:34:20 |
| 7913 || 42.1172336739877 || 2014-12-11 16:13:45 |
| 7914 || 76.1445232066448 || 2010-04-17 09:26:26 |
| 7915 || -15.8629563290378 || 2017-03-09 15:19:18 |
| 7916 || -6.08426417911573 || 2010-01-02 01:37:29 |
| 7917 || 1.7506596485792 || 2019-02-02 18:18:56 |
| 7918 || -2.87606442113605 || 2017-06-26 01:29:19 |
| 7919 || 6.88782144867509 || 2012-10-07 17:38:32 |
| 7920 || -24.1896364875053 || 2018-10-20 16:35:58 |
| 7921 || -0.825833149084514 || 2012-08-14 16:43:23 |
| 7922 || -0.114483520500747 || 2013-12-11 11:53:58 |
| 7923 || 3.30284117327362 || 2017-05-15 11:40:07 |
| 7924 || 32.023526149007 || 2012-04-16 04:31:00 |
| 7925 || -26.2088596188375 || 2017-09-12 12:15:39 |
| 7926 || 5.97110097878505 || 2016-07-26 19:15:56 |
| 7927 || -0.0107941734583624 || 2015-01-21 16:42:15 |
| 7928 || 1.34570257679359 || 2012-09-08 13:31:49 |
| 7929 || 47.7850138999199 || 2018-02-15 14:13:32 |
| 7930 || 13.9878888720113 || 2017-08-27 18:38:03 |
| 7931 || -10.6097254290072 || 2012-04-16 20:33:02 |
| 7932 || 0.0886453631366272 || 2011-02-21 20:56:54 |
| 7933 || 23.3925751450125 || 2013-08-24 22:08:40 |
| 7934 || 72.8214801849161 || 2017-04-25 04:27:25 |
| 7935 || -12.8303634900056 || 2016-11-26 05:00:41 |
| 7936 || 4.62328742909276 || 2017-01-25 06:22:30 |
| 7937 || 0.779026010144074 || 2010-07-21 23:20:17 |
| 7938 || -6.06066854721383 || 2010-06-05 23:39:42 |
| 7939 || 71.4566486968738 || 2019-11-12 00:51:43 |
| 7940 || -28.660128664027 || 2011-11-08 00:28:01 |
| 7941 || -8.4089149731497 || 2010-06-15 11:22:34 |
| 7942 || 1.66427836959889 || 2016-04-09 22:30:13 |
| 7943 || 16.8122135984822 || 2018-11-23 04:31:42 |
| 7944 || -12.238481160999 || 2014-10-08 14:35:52 |
| 7945 || 85.6215928183226 || 2016-05-25 05:33:40 |
| 7946 || -13.8963984385335 || 2016-10-08 07:36:04 |
| 7947 || 1.51908320480733 || 2016-03-22 00:15:14 |
| 7948 || -4.19893531078271 || 2019-05-24 17:06:27 |
| 7949 || 54.9584031169004 || 2010-08-21 15:16:51 |
| 7950 || 88.8105246937889 || 2013-06-14 02:04:25 |
| 7951 || 42.680967900221 || 2011-12-22 10:14:02 |
| 7952 || -1.76877656211071 || 2017-01-21 11:10:21 |
| 7953 || 2.30312740903572 || 2016-12-10 13:51:46 |
| 7954 || -6.2429446833414 || 2016-07-07 19:27:53 |
| 7955 || -28.6860601463237 || 2014-02-12 10:02:26 |
| 7956 || 17.7370643047697 || 2010-09-07 16:10:26 |
| 7957 || 9.99131017370498 || 2012-12-06 12:13:24 |
| 7958 || -0.578342066913538 || 2011-01-24 05:57:31 |
| 7959 || 20.7784546636569 || 2011-12-18 23:45:46 |
| 7960 || -1.18183665463585 || 2018-12-19 04:44:48 |
| 7961 || -21.7545780002127 || 2010-01-05 11:47:45 |
| 7962 || 2.94144289414309 || 2016-09-22 07:56:43 |
| 7963 || 3.27020603467765 || 2019-07-12 14:13:07 |
| 7964 || 45.8005264395012 || 2014-03-08 22:08:37 |
| 7965 || -29.3614221356049 || 2019-01-26 17:26:29 |
| 7966 || 47.08227768243 || 2013-12-14 00:22:09 |
| 7967 || 11.1892300599607 || 2011-07-06 03:47:37 |
| 7968 || 0.834105064721222 || 2017-07-15 08:44:39 |
| 7969 || 35.4621324184086 || 2012-12-13 10:02:25 |
| 7970 || -4.19489956084219 || 2013-02-20 22:06:36 |
| 7971 || 39.0657591956817 || 2013-05-14 01:56:25 |
| 7972 || 6.38017378894813 || 2016-08-26 15:20:42 |
| 7973 || 0.0605987304445177 || 2014-01-10 21:47:32 |
| 7974 || 29.2433475574496 || 2015-05-03 19:42:21 |
| 7975 || -22.2217104647223 || 2019-08-19 04:23:28 |
| 7976 || -15.9013415911931 || 2018-05-21 15:32:44 |
| 7977 || 22.8492762844808 || 2011-03-13 13:44:54 |
| 7978 || 0.0176261377687267 || 2019-09-06 09:20:29 |
| 7979 || 11.4087094881843 || 2011-06-22 23:59:37 |
| 7980 || -26.6746656623157 || 2012-07-07 20:27:32 |
| 7981 || -27.2316932340458 || 2018-11-08 19:15:32 |
| 7982 || 30.7414963542137 || 2017-09-18 18:25:19 |
| 7983 || -0.0193407970120442 || 2011-09-07 16:39:36 |
| 7984 || -6.26473504273684 || 2014-11-10 13:39:13 |
| 7985 || 61.7151021945438 || 2012-10-22 20:34:59 |
| 7986 || 49.2517057859184 || 2016-09-26 17:50:31 |
| 7987 || 5.23773675187418 || 2018-12-19 21:32:24 |
| 7988 || 0.339387249183032 || 2017-12-03 01:05:58 |
| 7989 || -1.47131697720963 || 2011-10-01 16:53:53 |
| 7990 || -3.20328291943822 || 2015-09-05 21:02:41 |
| 7991 || 74.1306955552298 || 2013-04-17 14:29:45 |
| 7992 || -7.34297849060737 || 2014-02-23 22:02:39 |
| 7993 || -0.578732953126966 || 2011-03-12 17:57:38 |
| 7994 || 12.2036992486851 || 2016-08-05 08:06:19 |
| 7995 || 49.5078001237498 || 2018-12-16 14:17:51 |
| 7996 || 83.3668128354491 || 2011-04-26 03:33:33 |
| 7997 || 2.67507282228593 || 2011-09-04 09:41:06 |
| 7998 || 3.4861368504282 || 2019-01-25 03:48:25 |
| 7999 || 9.11484801518606 || 2018-12-11 20:39:06 |
| 8000 || -15.4227017855101 || 2012-01-14 14:13:15 |
| 8001 || 72.967747421249 || 2010-06-11 17:32:40 |
| 8002 || -8.44805481032416 || 2017-06-01 16:18:46 |
| 8003 || 2.04552986073781 || 2010-04-20 17:46:22 |
| 8004 || 10.1719178118234 || 2016-09-26 11:49:55 |
| 8005 || 8.96104720548658 || 2019-05-24 07:20:41 |
| 8006 || 83.8912956437446 || 2019-03-22 19:21:22 |
| 8007 || 39.9066562621113 || 2017-07-10 19:51:31 |
| 8008 || 8.38487919648598 || 2015-09-19 08:34:56 |
| 8009 || 2.57066802781279 || 2013-02-19 17:52:14 |
| 8010 || 8.11100745985565 || 2012-07-24 05:34:12 |
| 8011 || -29.1061133110867 || 2011-02-13 09:25:35 |
| 8012 || -17.4748238316462 || 2015-06-25 08:14:27 |
| 8013 || -1.48512710147853 || 2012-04-24 13:15:16 |
| 8014 || 0.467636882673234 || 2010-09-02 14:26:47 |
| 8015 || 42.3418120125384 || 2014-01-22 18:50:17 |
| 8016 || 4.04478462012887 || 2017-04-05 06:20:44 |
| 8017 || 5.81952347972034 || 2013-08-24 23:29:54 |
| 8018 || -1.8490346157728 || 2015-02-07 08:27:30 |
| 8019 || 0.734621432464797 || 2014-12-16 19:29:00 |
| 8020 || -14.7869593703644 || 2011-03-02 15:42:36 |
| 8021 || -2.38843446376392 || 2017-03-23 11:22:00 |
| 8022 || 7.58283652502971 || 2016-08-12 04:43:19 |
| 8023 || 20.2312278275289 || 2010-07-25 19:00:56 |
| 8024 || -0.276446464110388 || 2019-11-01 16:18:05 |
| 8025 || 2.62750993714911 || 2018-01-08 23:09:24 |
| 8026 || -9.36291507011793 || 2013-09-27 06:30:44 |
| 8027 || 74.2003246733926 || 2016-03-23 16:56:22 |
| 8028 || -3.73784863025225 || 2015-02-23 17:00:16 |
| 8029 || 0.060583223545491 || 2018-12-12 23:47:41 |
| 8030 || 9.08239577962375 || 2011-09-02 13:22:39 |
| 8031 || 81.15392256811 || 2011-05-12 09:44:18 |
| 8032 || 71.9136527924158 || 2016-12-23 17:56:55 |
| 8033 || 18.1466099415619 || 2012-04-15 15:52:19 |
| 8034 || 0.0304341026166623 || 2017-05-16 08:01:38 |
| 8035 || 16.0334664368675 || 2012-02-06 21:59:14 |
| 8036 || 19.4148909215656 || 2016-06-13 17:23:06 |
| 8037 || 40.0768958933639 || 2015-07-11 14:43:12 |
| 8038 || 23.664855564354 || 2010-04-24 19:08:15 |
| 8039 || 0.548068812776269 || 2013-09-26 06:35:16 |
| 8040 || -6.72416229562622 || 2015-07-25 08:36:08 |
| 8041 || 6.43563241453459 || 2016-03-24 21:04:52 |
| 8042 || 34.0067324025639 || 2010-11-08 12:30:45 |
| 8043 || 38.3900705377968 || 2018-04-02 14:24:16 |
| 8044 || 1.65659485091213 || 2015-07-22 13:03:23 |
| 8045 || 18.7930215584795 || 2015-07-16 13:51:05 |
| 8046 || -18.5256718031027 || 2013-03-05 05:45:46 |
| 8047 || -29.1459854551975 || 2016-02-15 18:41:55 |
| 8048 || -13.2571248216757 || 2018-09-23 05:48:18 |
| 8049 || 3.53404945254543 || 2019-07-27 23:33:02 |
| 8050 || 13.7413130935776 || 2014-01-27 04:04:39 |
| 8051 || 15.5120803042603 || 2016-08-22 08:21:18 |
| 8052 || 89.4533769465885 || 2017-04-19 02:11:30 |
| 8053 || 49.5056850913942 || 2013-12-25 20:14:37 |
| 8054 || 5.96129126711218 || 2013-06-12 06:43:05 |
| 8055 || -2.8305844804978 || 2017-09-25 17:28:56 |
| 8056 || 22.4499895450153 || 2018-11-10 03:48:53 |
| 8057 || 89.007165455525 || 2010-10-10 08:10:27 |
| 8058 || 56.7930305489409 || 2013-12-17 23:11:31 |
| 8059 || -1.32230988729276 || 2012-06-12 13:16:21 |
| 8060 || 7.42612974355633 || 2014-09-18 07:08:23 |
| 8061 || 39.4989054564821 || 2018-05-07 09:46:02 |
| 8062 || -29.8299621922382 || 2010-11-12 03:32:51 |
| 8063 || -20.7953734747481 || 2019-11-20 08:08:42 |
| 8064 || 12.3829760228047 || 2012-07-09 09:33:11 |
| 8065 || 0.46382569557436 || 2018-09-05 14:06:16 |
| 8066 || -15.8950728578629 || 2019-12-20 11:35:52 |
| 8067 || -24.0592470096358 || 2014-06-08 05:31:10 |
| 8068 || 65.8189864101928 || 2011-01-02 15:51:46 |
| 8069 || 13.9588713111 || 2017-10-20 03:23:37 |
| 8070 || -0.388070401289336 || 2016-01-06 12:57:14 |
| 8071 || 44.2270365434121 || 2016-02-27 15:03:54 |
| 8072 || -26.7192164496225 || 2013-04-01 23:05:10 |
| 8073 || 50.0003702359996 || 2015-03-02 12:19:40 |
| 8074 || 5.23150724831315 || 2017-02-20 20:18:38 |
| 8075 || 1.11341404529709 || 2011-02-11 09:27:41 |
| 8076 || 6.27461716013867 || 2011-10-21 11:56:48 |
| 8077 || 82.8901916092889 || 2015-02-21 05:44:52 |
| 8078 || -24.8308960565577 || 2018-09-23 20:56:14 |
| 8079 || 12.232396334678 || 2017-02-23 00:38:15 |
| 8080 || -0.0528273492441262 || 2015-02-14 08:57:03 |
| 8081 || -10.135985204367 || 2017-11-14 23:07:03 |
| 8082 || 26.9629507237721 || 2010-01-21 09:35:46 |
| 8083 || -4.19509388017185 || 2018-04-13 16:18:37 |
| 8084 || 20.6268217755368 || 2013-03-10 17:51:29 |
| 8085 || 0.00440099766892464 || 2018-11-17 20:51:11 |
| 8086 || 21.9142526204163 || 2010-04-22 06:01:21 |
| 8087 || 79.3982023178281 || 2015-12-13 09:45:34 |
| 8088 || 18.1613587567693 || 2015-10-18 02:11:54 |
| 8089 || 31.1286800962438 || 2010-05-15 17:49:09 |
| 8090 || -0.061922967309557 || 2019-08-04 21:19:33 |
| 8091 || 18.7493552214459 || 2010-05-24 07:31:38 |
| 8092 || 50.2603142393405 || 2017-10-26 02:23:40 |
| 8093 || -10.5730975698122 || 2012-02-24 11:28:54 |
| 8094 || -13.4220703543127 || 2019-05-16 07:56:58 |
| 8095 || -0.476431333845977 || 2019-05-15 11:39:07 |
| 8096 || 9.39925080694177 || 2019-03-19 18:44:17 |
| 8097 || 9.25705730472393 || 2018-06-26 16:34:55 |
| 8098 || -23.0331291008137 || 2016-10-18 12:01:15 |
| 8099 || 20.8181080314089 || 2017-02-27 11:11:26 |
| 8100 || 2.51445054520812 || 2012-11-14 19:59:01 |
| 8101 || -2.64220668037819 || 2015-06-22 08:08:21 |
| 8102 || -22.4168733089771 || 2017-04-20 20:15:06 |
| 8103 || -1.9375408569451 || 2018-01-25 15:35:43 |
| 8104 || 50.4391808320227 || 2016-05-23 02:26:59 |
| 8105 || 1.31544528860483 || 2011-08-09 20:37:53 |
| 8106 || 9.14425187495451 || 2014-02-22 02:25:32 |
| 8107 || 18.5574252301672 || 2017-08-19 05:19:26 |
| 8108 || 87.1189419799557 || 2017-09-20 12:14:47 |
| 8109 || -9.37258881086923 || 2015-11-04 06:24:41 |
| 8110 || 7.88473581904991 || 2017-12-27 02:26:42 |
| 8111 || 2.37714489719511 || 2010-02-10 00:40:27 |
| 8112 || 37.3158017681867 || 2013-01-04 22:11:04 |
| 8113 || 2.77756736820372 || 2012-05-13 09:32:35 |
| 8114 || -20.7295076626524 || 2016-06-08 10:04:54 |
| 8115 || -3.7794566117807 || 2016-10-27 10:41:16 |
| 8116 || -0.432270935658627 || 2010-08-19 04:23:13 |
| 8117 || -1.80982730307995 || 2019-05-17 22:53:42 |
| 8118 || 33.3587097373349 || 2019-01-16 04:13:27 |
| 8119 || -3.50545694592375 || 2019-04-02 15:35:52 |
| 8120 || 2.69982326729428 || 2016-09-22 02:48:07 |
| 8121 || -0.643645826723927 || 2018-07-07 22:58:02 |
| 8122 || 12.5527479957408 || 2013-06-04 01:42:26 |
| 8123 || -24.0948557440413 || 2017-01-18 04:49:09 |
| 8124 || -12.4717231258651 || 2017-07-17 09:31:45 |
| 8125 || -5.25590818158132 || 2012-03-27 21:47:12 |
| 8126 || 1.21986244938681 || 2018-11-26 00:19:06 |
| 8127 || 1.05434573337636 || 2019-06-25 14:19:10 |
| 8128 || -18.8152082174986 || 2010-08-06 10:05:14 |
| 8129 || 75.5228591163049 || 2017-01-13 07:31:18 |
| 8130 || -7.88584583002255 || 2016-01-17 04:37:12 |
| 8131 || 0.378723147009464 || 2017-12-01 09:00:02 |
| 8132 || 18.2534670172756 || 2016-12-24 15:28:29 |
| 8133 || 56.9777049201584 || 2017-01-06 12:36:23 |
| 8134 || 20.0085175921634 || 2017-09-10 14:42:57 |
| 8135 || -4.76614632975685 || 2010-10-03 12:58:52 |
| 8136 || 0.0016342345962756 || 2016-04-21 14:08:39 |
| 8137 || 28.3175226003607 || 2015-06-15 17:40:15 |
| 8138 || 12.7659171767084 || 2016-08-06 02:46:53 |
| 8139 || 30.7247798666029 || 2010-03-22 00:35:20 |
| 8140 || 34.9047563875312 || 2010-03-14 17:22:49 |
| 8141 || -0.08841284178946 || 2010-03-10 01:14:47 |
| 8142 || 23.6790801844533 || 2013-04-06 18:42:33 |
| 8143 || 58.8010716626832 || 2017-11-09 12:35:04 |
| 8144 || -23.9643361448948 || 2016-05-07 02:39:36 |
| 8145 || 34.7629446081476 || 2013-02-15 02:10:30 |
| 8146 || 0.709695700987231 || 2019-11-05 21:56:26 |
| 8147 || -1.49676824376611 || 2016-08-08 09:28:14 |
| 8148 || 22.7518347563716 || 2019-09-09 13:47:19 |
| 8149 || 80.1914474184502 || 2015-02-15 13:48:03 |
| 8150 || 36.4999263209781 || 2014-10-08 18:13:25 |
| 8151 || 1.6754214865387 || 2012-08-01 04:32:58 |
| 8152 || -4.09985246148201 || 2019-11-16 10:58:41 |
| 8153 || 67.8355595863784 || 2019-05-12 10:28:19 |
| 8154 || 87.9183760542778 || 2013-05-27 01:07:03 |
| 8155 || -9.91818053673801 || 2016-08-25 04:59:34 |
| 8156 || 1.83153752657266 || 2018-01-02 22:51:52 |
| 8157 || 9.51829044109451 || 2019-03-16 03:24:57 |
| 8158 || 38.1711556145278 || 2016-12-18 04:35:46 |
| 8159 || -7.36894273510151 || 2015-01-10 05:11:42 |
| 8160 || 21.0541013274515 || 2014-07-17 05:57:33 |
| 8161 || 6.16897112872266 || 2012-10-10 11:43:51 |
| 8162 || 7.21980220616251 || 2012-10-12 18:43:28 |
| 8163 || 51.1939134191987 || 2014-05-10 00:16:34 |
| 8164 || -17.5749644803269 || 2018-08-13 02:45:55 |
| 8165 || 3.98098652552696 || 2012-10-07 15:36:04 |
| 8166 || 10.5941286620775 || 2019-02-25 21:25:28 |
| 8167 || 3.19028319428504 || 2010-11-17 06:58:42 |
| 8168 || 28.2101758502631 || 2012-06-14 02:41:00 |
| 8169 || 84.6864527171852 || 2014-06-04 19:08:46 |
| 8170 || 65.5410679324247 || 2018-10-11 17:14:17 |
| 8171 || -2.54348152211024 || 2011-12-22 15:11:43 |
| 8172 || 3.27507205619097 || 2011-12-21 06:06:09 |
| 8173 || -15.7799744322586 || 2011-03-01 22:09:39 |
| 8174 || -1.29567110190613 || 2013-07-01 17:03:53 |
| 8175 || -23.6309253959293 || 2012-03-08 06:19:21 |
| 8176 || 14.538183412198 || 2017-06-18 03:26:44 |
| 8177 || 1.54378138202821 || 2012-10-04 20:06:42 |
| 8178 || -11.7822357969274 || 2015-07-20 09:29:18 |
| 8179 || 86.2611096820439 || 2016-02-24 21:22:24 |
| 8180 || -2.69585101643875 || 2015-03-16 17:45:43 |
| 8181 || 14.4007099791413 || 2014-09-16 15:09:31 |
| 8182 || 0.210244242880617 || 2012-06-01 12:24:15 |
| 8183 || 3.62449646543916 || 2011-11-18 09:15:11 |
| 8184 || 12.4103537356486 || 2018-09-24 00:09:44 |
| 8185 || 28.5577168668372 || 2011-07-19 21:01:53 |
| 8186 || 27.8407346153507 || 2016-01-20 22:01:00 |
| 8187 || -0.00748744918472235 || 2011-01-02 18:58:22 |
| 8188 || 25.2270383768917 || 2012-10-26 08:33:30 |
| 8189 || 17.0957571782788 || 2011-08-24 01:51:42 |
| 8190 || 72.1956728939915 || 2012-07-11 03:12:31 |
| 8191 || 27.6221829935431 || 2015-04-11 11:04:29 |
| 8192 || -0.0196859861267606 || 2019-12-02 04:45:38 |
| 8193 || 2.00151608785159 || 2010-02-19 21:53:00 |
| 8194 || 75.7280968783182 || 2011-03-09 16:26:38 |
| 8195 || 25.2008141834923 || 2012-04-24 05:28:27 |
| 8196 || 6.48009140997969 || 2011-02-16 16:09:52 |
| 8197 || -0.300322211606388 || 2013-07-25 16:25:23 |
| 8198 || 12.050235323052 || 2016-06-02 22:47:04 |
| 8199 || 22.1902498557161 || 2015-03-04 01:37:59 |
| 8200 || 34.3199679739579 || 2012-12-22 19:36:31 |
| 8201 || 5.06931932145864 || 2010-01-21 09:16:30 |
| 8202 || -0.227576280051181 || 2012-07-16 22:05:23 |
| 8203 || 3.75494653635847 || 2019-12-26 00:49:13 |
| 8204 || -19.9739169294575 || 2011-09-02 13:46:51 |
| 8205 || 81.4554858639614 || 2015-04-15 22:38:17 |
| 8206 || 50.106521016078 || 2017-03-26 22:07:22 |
| 8207 || -1.50329168415091 || 2015-03-22 19:07:15 |
| 8208 || -3.20227390107851 || 2013-09-13 06:15:15 |
| 8209 || -18.5537079180504 || 2015-02-10 01:47:19 |
| 8210 || -29.35297055987 || 2014-12-02 10:30:56 |
| 8211 || -9.83626017579912 || 2016-09-15 06:00:22 |
| 8212 || 0.151842197822628 || 2012-01-13 05:45:37 |
| 8213 || 2.19202918333976 || 2016-03-08 14:59:40 |
| 8214 || -18.3616656116781 || 2014-02-12 02:08:13 |
| 8215 || 82.4227154305829 || 2016-03-22 15:59:06 |
| 8216 || 29.301100922362 || 2012-04-12 22:45:49 |
| 8217 || 8.23864825979007 || 2014-06-24 13:03:01 |
| 8218 || 0.000360518685137246 || 2018-09-12 09:09:41 |
| 8219 || 3.74051950257596 || 2013-09-05 08:48:21 |
| 8220 || -22.2743310838408 || 2018-05-12 02:41:03 |
| 8221 || -11.9480394030065 || 2016-04-23 13:11:21 |
| 8222 || 10.3769797713227 || 2012-04-09 09:02:42 |
| 8223 || -0.918814261999991 || 2012-02-06 05:34:59 |
| 8224 || 48.1741948600134 || 2017-06-08 13:01:46 |
| 8225 || -3.23323738470457 || 2017-12-18 09:57:54 |
| 8226 || 66.1251611452568 || 2016-06-03 09:06:24 |
| 8227 || 17.3894601926535 || 2011-12-22 03:36:58 |
| 8228 || -0.129739313267709 || 2018-11-06 12:19:05 |
| 8229 || -4.33247687938116 || 2014-12-11 15:29:09 |
| 8230 || 86.7865929126796 || 2012-05-17 13:48:05 |
| 8231 || -6.98647345284259 || 2012-03-27 14:40:26 |
| 8232 || -0.281063082437803 || 2015-01-08 00:08:07 |
| 8233 || -0.00795871085000982 || 2013-07-09 20:00:03 |
| 8234 || 36.2558626243134 || 2013-10-15 05:44:48 |
| 8235 || -1.11899623972554 || 2012-06-08 22:32:22 |
| 8236 || -4.20320641579034 || 2019-10-25 10:50:25 |
| 8237 || 1.25128626202436 || 2018-07-08 23:53:04 |
| 8238 || -0.0209801255424352 || 2011-08-11 05:31:39 |
| 8239 || 2.23381644112774 || 2012-08-16 03:37:37 |
| 8240 || -11.3773386145596 || 2012-05-03 13:35:28 |
| 8241 || 81.090000288273 || 2018-05-07 17:52:41 |
| 8242 || 30.1288439001624 || 2012-08-05 13:41:31 |
| 8243 || 0.0282258737746837 || 2011-11-03 16:25:33 |
| 8244 || 13.4612989227569 || 2018-05-26 12:10:55 |
| 8245 || -17.8727522452744 || 2014-01-12 08:53:23 |
| 8246 || 73.0653639933211 || 2016-08-13 06:32:00 |
| 8247 || -11.7905361522681 || 2013-09-16 05:17:44 |
| 8248 || 0.0753933258406826 || 2019-10-20 20:25:24 |
| 8249 || 9.29417536593465 || 2017-06-02 12:27:28 |
| 8250 || -10.1628842958657 || 2016-04-12 14:38:23 |
| 8251 || 25.0881934480556 || 2012-04-13 00:46:29 |
| 8252 || 36.0620657490595 || 2013-07-22 14:15:21 |
| 8253 || 2.09345725074089 || 2011-07-04 13:02:01 |
| 8254 || -3.22744916228743 || 2010-11-10 09:32:22 |
| 8255 || -20.2145563331332 || 2011-03-03 22:59:36 |
| 8256 || 84.3762180309078 || 2013-03-17 18:30:31 |
| 8257 || 26.1889633815727 || 2012-06-26 04:03:18 |
| 8258 || 0.526746185369908 || 2015-05-18 13:39:19 |
| 8259 || 11.2959324680234 || 2015-02-18 10:07:19 |
| 8260 || 43.7191790004716 || 2016-11-01 15:12:15 |
| 8261 || 89.3109509156236 || 2013-04-09 01:43:01 |
| 8262 || 6.30160753710094 || 2019-03-25 07:05:53 |
| 8263 || 4.18341917619735 || 2012-12-22 18:06:02 |
| 8264 || 0.459380753015239 || 2017-06-24 08:20:18 |
| 8265 || 60.0951720766976 || 2012-06-17 14:02:36 |
| 8266 || 31.0215144799073 || 2017-11-22 15:44:15 |
| 8267 || 16.9591228705478 || 2012-03-09 19:56:07 |
| 8268 || 7.26699935521423 || 2010-07-09 06:55:59 |
| 8269 || 2.87502775145762 || 2012-03-21 06:29:11 |
| 8270 || -17.2228027143089 || 2012-10-10 05:28:06 |
| 8271 || 89.5377631137284 || 2013-08-27 21:46:52 |
| 8272 || -10.2097977109472 || 2017-03-13 12:22:13 |
| 8273 || 12.2871085001586 || 2011-12-17 05:03:58 |
| 8274 || 4.29176936044416 || 2011-02-11 14:48:46 |
| 8275 || 1.56226818192288 || 2015-08-01 04:45:37 |
| 8276 || 51.3733284733857 || 2012-03-23 22:04:00 |
| 8277 || 12.9658026068895 || 2013-10-05 17:03:45 |
| 8278 || 6.69055435825179 || 2013-09-15 13:31:37 |
| 8279 || 1.9870582757954 || 2018-04-20 05:03:59 |
| 8280 || 1.15589680845459 || 2016-07-21 09:20:14 |
| 8281 || 16.3650715362024 || 2016-09-03 16:48:57 |
| 8282 || 59.7693029792557 || 2015-09-12 13:55:52 |
| 8283 || 2.4679543479325 || 2013-05-15 14:03:14 |
| 8284 || -0.231755138090164 || 2018-10-05 08:47:31 |
| 8285 || 25.0148111479905 || 2012-03-07 20:27:32 |
| 8286 || 84.602187615125 || 2015-10-01 19:22:53 |
| 8287 || 76.9598516556901 || 2016-03-10 22:00:55 |
| 8288 || 23.2292286910064 || 2010-07-19 19:53:31 |
| 8289 || 0.0651198822701263 || 2014-02-18 10:08:30 |
| 8290 || -7.83533060392135 || 2015-12-26 16:13:13 |
| 8291 || -24.8503365935427 || 2011-08-23 01:58:35 |
| 8292 || -24.0106634118722 || 2012-08-23 10:23:52 |
| 8293 || 16.0350406667939 || 2015-10-25 04:40:53 |
| 8294 || 0.026670637804892 || 2013-11-21 16:36:49 |
| 8295 || 24.5484321806933 || 2018-07-08 21:06:39 |
| 8296 || -25.7907348723044 || 2013-04-21 12:44:54 |
| 8297 || 56.1657019034232 || 2010-06-22 16:13:11 |
| 8298 || 10.6588131999099 || 2016-11-05 05:52:39 |
| 8299 || 0.600112521389027 || 2014-10-19 06:48:57 |
| 8300 || 22.5627381086803 || 2011-04-17 00:44:50 |
| 8301 || 74.3947186350473 || 2018-08-17 12:10:22 |
| 8302 || -27.4427504091377 || 2013-09-06 20:31:33 |
| 8303 || 39.2761652868127 || 2017-06-26 10:59:33 |
| 8304 || -0.574438087582999 || 2019-03-25 17:45:50 |
| 8305 || 11.354493239771 || 2010-06-17 03:42:16 |
| 8306 || 40.7752195172502 || 2014-11-26 22:06:50 |
| 8307 || 19.6158065492211 || 2011-06-03 19:23:00 |
| 8308 || -14.3259346392591 || 2013-06-01 05:39:44 |
| 8309 || -0.755967748133033 || 2010-07-12 22:58:25 |
| 8310 || -3.70138760798622 || 2012-09-04 01:50:34 |
| 8311 || -7.81737345322777 || 2015-01-17 11:43:17 |
| 8312 || 20.0304021713671 || 2017-11-11 17:05:59 |
| 8313 || -6.37800598887447 || 2010-04-02 06:50:57 |
| 8314 || 1.16732846734944 || 2016-11-11 20:59:19 |
| 8315 || -1.63828169015686 || 2014-03-26 18:38:29 |
| 8316 || -20.345199385754 || 2016-02-16 09:57:23 |
| 8317 || 67.4604957368278 || 2016-04-01 18:47:52 |
| 8318 || 48.8648944039969 || 2011-02-24 10:56:41 |
| 8319 || 8.62789690831089 || 2014-07-05 05:23:06 |
| 8320 || 4.85791639839761 || 2018-08-09 18:20:53 |
| 8321 || 47.0557892737717 || 2011-09-12 14:02:50 |
| 8322 || 31.5752764168252 || 2018-08-22 14:49:06 |
| 8323 || -12.8016053083935 || 2015-09-21 20:28:35 |
| 8324 || -3.12700820111786 || 2019-09-20 05:40:18 |
| 8325 || 3.38398489190023 || 2017-07-15 11:09:30 |
| 8326 || -7.59640274219856 || 2011-01-03 06:44:04 |
| 8327 || -29.4522345441001 || 2010-03-16 08:38:25 |
| 8328 || -16.053241240051 || 2011-12-17 23:17:22 |
| 8329 || -4.47037785390283 || 2019-07-01 08:00:46 |
| 8330 || 1.45295021968018 || 2016-04-07 15:36:53 |
| 8331 || 15.8455014895439 || 2016-09-04 08:56:39 |
| 8332 || 48.6117445835874 || 2017-11-26 05:55:10 |
| 8333 || 21.9065117099253 || 2014-09-12 09:10:03 |
| 8334 || -4.17453159978265 || 2012-12-26 02:12:18 |
| 8335 || -0.360994009283214 || 2018-07-17 04:08:29 |
| 8336 || 27.3830642155911 || 2010-11-21 23:02:58 |
| 8337 || 44.4408538479088 || 2011-05-26 15:07:16 |
| 8338 || 60.716701525384 || 2016-01-23 17:13:49 |
| 8339 || 25.620154532625 || 2010-04-02 23:41:01 |
| 8340 || -0.00595506961746807 || 2017-12-14 17:00:15 |
| 8341 || 33.927538484492 || 2010-04-16 14:57:04 |
| 8342 || 32.154585363228 || 2011-05-13 04:58:21 |
| 8343 || 54.3797160441322 || 2011-07-26 00:12:18 |
| 8344 || 10.2526509057147 || 2015-10-18 13:55:54 |
| 8345 || 0.00549327714423252 || 2018-10-08 21:38:56 |
| 8346 || 20.68653021353 || 2010-07-10 05:20:01 |
| 8347 || -7.7020809544819 || 2012-08-01 13:14:13 |
| 8348 || 55.329083459034 || 2013-09-25 01:29:49 |
| 8349 || 32.1536837826077 || 2019-12-03 13:01:23 |
| 8350 || 0.40338557656174 || 2011-05-13 05:16:03 |
| 8351 || 22.5640206125427 || 2014-12-21 20:41:34 |
| 8352 || -14.759169948443 || 2018-08-09 02:45:11 |
| 8353 || 57.0412789000971 || 2018-06-20 12:38:17 |
| 8354 || 37.984552782545 || 2013-05-25 18:12:48 |
| 8355 || 1.06155329385801 || 2016-01-11 13:38:14 |
| 8356 || 4.73183287620393 || 2016-11-06 16:44:28 |
| 8357 || 49.6371657915982 || 2016-09-03 16:58:49 |
| 8358 || -27.9817821914093 || 2017-07-26 08:25:59 |
| 8359 || -1.07449244878522 || 2012-08-20 11:06:00 |
| 8360 || 0.898951230151634 || 2011-03-17 18:02:33 |
| 8361 || 11.2910030463537 || 2016-09-15 19:41:11 |
| 8362 || -0.232355982774962 || 2019-03-14 04:48:23 |
| 8363 || 89.272767636285 || 2012-10-07 07:40:44 |
| 8364 || 44.4037998064696 || 2018-03-05 13:27:00 |
| 8365 || 4.95747674783181 || 2012-11-22 09:52:43 |
| 8366 || 10.516335856568 || 2012-09-13 17:12:28 |
| 8367 || 24.2609767490209 || 2018-02-04 09:44:50 |
| 8368 || 51.2036132567405 || 2014-12-27 13:47:56 |
| 8369 || 8.84999404402424 || 2016-07-11 16:42:44 |
| 8370 || -2.47573824175353 || 2013-05-16 19:44:36 |
| 8371 || -2.5012965460504 || 2011-04-20 00:46:52 |
| 8372 || 22.6273475704437 || 2013-12-25 08:50:22 |
| 8373 || 84.1258160596897 || 2018-05-26 07:59:58 |
| 8374 || 61.0575316684221 || 2017-01-21 19:24:34 |
| 8375 || -3.98800731107925 || 2018-05-09 09:31:05 |
| 8376 || 3.1479812362809 || 2014-08-05 22:38:21 |
| 8377 || 41.5754027289905 || 2012-06-24 09:19:53 |
| 8378 || -25.0282662907419 || 2014-05-02 23:17:54 |
| 8379 || -11.4653194366475 || 2016-07-21 14:40:35 |
| 8380 || 5.46469950755124 || 2011-11-22 01:49:21 |
| 8381 || 1.11724876383515 || 2014-11-07 22:53:12 |
| 8382 || -14.0461038595612 || 2012-12-27 01:38:26 |
| 8383 || 49.974257573196 || 2015-11-12 13:57:43 |
| 8384 || -24.0747223549052 || 2018-09-23 03:13:56 |
| 8385 || 19.6442382418802 || 2019-02-11 07:41:48 |
| 8386 || 0.619139163429848 || 2011-12-09 00:01:50 |
| 8387 || 14.6645220571837 || 2018-04-03 02:06:35 |
| 8388 || -6.65788551539506 || 2011-04-21 09:57:58 |
| 8389 || -2.23142039752367 || 2014-06-19 21:53:44 |
| 8390 || -7.09484346043526 || 2017-02-17 21:14:43 |
| 8391 || -0.067546299193259 || 2010-07-02 14:51:03 |
| 8392 || 7.73826019474238 || 2012-08-03 20:23:02 |
| 8393 || 14.5735099490477 || 2010-11-23 15:38:39 |
| 8394 || -25.186548933165 || 2011-10-13 01:53:35 |
| 8395 || 26.9785529035051 || 2017-08-08 13:51:03 |
| 8396 || 1.1415370467037e-05 || 2010-02-15 00:09:14 |
| 8397 || 5.95574426094674 || 2010-11-07 07:40:49 |
| 8398 || 27.0039531343316 || 2010-03-21 21:18:39 |
| 8399 || 82.8110033053536 || 2010-02-05 18:05:37 |
| 8400 || 11.8406498116178 || 2012-02-17 08:03:44 |
| 8401 || 0.316570027378581 || 2014-04-20 10:16:41 |
| 8402 || 8.4163300490339 || 2011-05-09 05:30:46 |
| 8403 || 65.8341885662376 || 2011-06-05 16:13:48 |
| 8404 || 19.6240326415648 || 2014-07-09 23:51:08 |
| 8405 || -8.69905390242178 || 2014-02-23 17:45:26 |
| 8406 || 1.28298630514147 || 2018-07-05 20:33:32 |
| 8407 || 20.398288576986 || 2015-01-20 07:02:56 |
| 8408 || -18.1215778560336 || 2018-02-16 20:36:00 |
| 8409 || -18.3480947845397 || 2015-08-14 06:43:04 |
| 8410 || 44.0780636258973 || 2012-01-14 14:07:40 |
| 8411 || -0.926082284471481 || 2017-06-24 08:00:07 |
| 8412 || 5.99181592401324 || 2017-08-04 18:11:29 |
| 8413 || 60.5516332315644 || 2014-05-04 09:50:22 |
| 8414 || 4.88653102257806 || 2013-03-15 06:50:57 |
| 8415 || 51.3310490057147 || 2015-05-01 07:13:16 |
| 8416 || -1.08482155555184 || 2013-11-21 19:14:47 |
| 8417 || 10.9668368473705 || 2010-08-08 03:20:01 |
| 8418 || -20.8957875380316 || 2015-06-02 10:19:18 |
| 8419 || 63.2775784164148 || 2013-03-03 14:20:27 |
| 8420 || -13.8128786629764 || 2018-06-05 06:36:50 |
| 8421 || 5.25137798166513 || 2018-05-06 03:12:46 |
| 8422 || 4.4222229285329 || 2013-08-13 05:39:36 |
| 8423 || 46.9402530506709 || 2019-05-04 22:05:50 |
| 8424 || -20.4828940326561 || 2012-07-09 04:30:36 |
| 8425 || 59.6309550420064 || 2013-02-16 16:28:28 |
| 8426 || 1.64494787018083 || 2019-10-18 19:45:38 |
| 8427 || 5.70185899606638 || 2014-08-03 09:56:03 |
| 8428 || 14.7957116147223 || 2017-07-24 07:52:59 |
| 8429 || 59.6909481855809 || 2015-06-13 01:20:27 |
| 8430 || 21.285043740587 || 2012-01-19 06:27:27 |
| 8431 || 6.53616637178064 || 2019-06-15 16:12:46 |
| 8432 || 0.00691165914818698 || 2014-08-25 01:14:45 |
| 8433 || 35.2448237176339 || 2014-06-03 11:24:17 |
| 8434 || -29.3007625015646 || 2011-04-23 13:43:50 |
| 8435 || 69.7159124574707 || 2012-03-16 09:37:22 |
| 8436 || 4.85421140613556 || 2015-11-26 13:40:37 |
| 8437 || 1.13716049965737 || 2018-11-16 09:59:30 |
| 8438 || 3.17279596279323 || 2019-03-10 10:35:03 |
| 8439 || -28.504057854335 || 2010-09-27 23:52:14 |
| 8440 || 10.5365038016497 || 2016-03-20 00:16:27 |
| 8441 || 17.0159010546458 || 2010-06-08 21:10:44 |
| 8442 || -0.157639996602108 || 2013-02-14 20:51:04 |
| 8443 || 19.2787551037753 || 2013-09-11 11:41:45 |
| 8444 || 10.0511367295375 || 2014-09-11 07:08:31 |
| 8445 || -26.2591234554334 || 2016-05-27 10:30:49 |
| 8446 || -2.22878234209637 || 2010-12-19 00:55:17 |
| 8447 || 0.0105768852826555 || 2013-06-04 15:45:23 |
| 8448 || 14.7654551188575 || 2019-07-01 10:44:20 |
| 8449 || 10.2283391330219 || 2012-12-12 05:11:12 |
| 8450 || -27.4207188965381 || 2019-06-18 09:36:00 |
| 8451 || 20.2590414464732 || 2011-02-21 22:50:23 |
| 8452 || 0.0912545674677541 || 2010-02-27 23:53:27 |
| 8453 || -1.95984142054416 || 2014-08-25 18:08:02 |
| 8454 || -25.6808385181998 || 2016-02-03 10:22:48 |
| 8455 || -27.6340676097993 || 2015-09-09 10:23:25 |
| 8456 || 24.0222722457405 || 2016-05-16 05:16:07 |
| 8457 || 1.04331124713889 || 2016-04-27 14:47:38 |
| 8458 || -5.53961187683695 || 2015-12-24 15:04:28 |
| 8459 || 2.14288083646694 || 2012-03-05 09:21:47 |
| 8460 || -26.1377111714287 || 2014-11-07 11:57:04 |
| 8461 || 40.3857083379668 || 2010-08-25 09:32:04 |
| 8462 || 2.52264098924121 || 2016-06-17 23:35:00 |
| 8463 || 16.8376590449657 || 2018-09-05 19:57:33 |
| 8464 || -20.3884035566025 || 2017-08-13 23:06:58 |
| 8465 || -28.7882241615446 || 2010-03-26 06:08:06 |
| 8466 || -9.87116815704813 || 2018-03-14 08:59:03 |
| 8467 || 3.30241584269574 || 2016-12-18 00:36:09 |
| 8468 || 11.0607721554165 || 2016-11-13 16:38:28 |
| 8469 || -21.1089281943918 || 2017-08-06 22:00:28 |
| 8470 || 32.7314066714262 || 2012-03-17 00:06:02 |
| 8471 || 0.843244083796017 || 2011-02-21 22:42:59 |
| 8472 || 0.709611144168584 || 2017-06-04 11:56:42 |
| 8473 || 0.704911515399034 || 2017-10-06 12:53:48 |
| 8474 || 30.6342915479433 || 2012-02-15 21:53:40 |
| 8475 || 70.4289941151093 || 2017-07-26 22:24:02 |
| 8476 || 60.7607507636659 || 2017-09-11 00:47:06 |
| 8477 || -3.06104034071822 || 2012-01-05 07:46:39 |
| 8478 || 3.13986881574447 || 2018-02-10 23:09:34 |
| 8479 || 33.5336324181574 || 2014-03-23 20:05:36 |
| 8480 || -2.53863579031509 || 2014-10-24 13:18:42 |
| 8481 || -6.15534637437197 || 2011-02-23 23:37:12 |
| 8482 || 6.00869636824234 || 2015-12-15 07:01:27 |
| 8483 || -0.823686197553999 || 2011-04-09 01:50:31 |
| 8484 || 20.0595813662228 || 2011-06-14 05:35:17 |
| 8485 || 87.666261320181 || 2018-08-15 14:54:01 |
| 8486 || -17.0352487969764 || 2014-07-27 13:42:44 |
| 8487 || 10.6408576244981 || 2014-03-27 05:45:18 |
| 8488 || 0.542725559076928 || 2015-05-12 05:50:16 |
| 8489 || 14.7313940988231 || 2010-04-19 11:48:36 |
| 8490 || -14.8263425610479 || 2010-03-23 10:56:57 |
| 8491 || 13.2521910307308 || 2012-11-25 15:10:04 |
| 8492 || 8.31913176001508 || 2015-12-21 19:13:24 |
| 8493 || -0.213000390300879 || 2018-04-10 21:47:44 |
| 8494 || 3.06621290677844 || 2012-10-06 10:16:39 |
| 8495 || 79.1440527295361 || 2014-01-19 05:15:35 |
| 8496 || 0.094370482829515 || 2017-03-14 11:26:44 |
| 8497 || 18.4724651600372 || 2016-12-05 01:58:40 |
| 8498 || 0.0210493167027555 || 2019-10-01 04:05:04 |
| 8499 || -9.05002293841724 || 2016-05-19 05:12:33 |
| 8500 || -14.6753530168173 || 2012-03-03 17:11:49 |
| 8501 || 79.0595874552351 || 2015-09-12 06:51:19 |
| 8502 || 30.73751718524 || 2012-08-12 08:08:25 |
| 8503 || 0.10060356078668 || 2018-03-03 12:12:43 |
| 8504 || 27.0018988585566 || 2010-04-14 17:11:33 |
| 8505 || 25.1784813483398 || 2015-07-10 11:12:12 |
| 8506 || 83.8342233125454 || 2017-05-18 07:34:05 |
| 8507 || 13.883548355854 || 2011-10-02 14:52:16 |
| 8508 || -0.0321976701126485 || 2010-04-17 16:44:15 |
| 8509 || -6.07938993420407 || 2010-11-11 03:23:47 |
| 8510 || -24.4532199054584 || 2016-08-10 23:47:06 |
| 8511 || 79.5287584623976 || 2013-09-14 20:09:59 |
| 8512 || 14.2540968934808 || 2018-01-17 08:25:37 |
| 8513 || -0.275565358501178 || 2011-11-26 16:00:00 |
| 8514 || -5.21985614824888 || 2014-01-14 01:16:59 |
| 8515 || -22.9640138113527 || 2010-06-01 02:47:56 |
| 8516 || -22.7636264333805 || 2014-01-02 03:20:03 |
| 8517 || 40.5811442570181 || 2018-08-23 10:08:14 |
| 8518 || -0.17602839037166 || 2010-06-22 07:25:37 |
| 8519 || 5.37249366437559 || 2017-09-06 21:32:41 |
| 8520 || -17.482175653869 || 2012-04-06 16:30:02 |
| 8521 || -14.8534783359056 || 2018-08-06 15:33:31 |
| 8522 || 1.1010494321883 || 2011-06-12 06:34:45 |
| 8523 || 1.29666819094711 || 2019-09-03 16:33:10 |
| 8524 || 5.19873335588407 || 2012-11-17 18:53:54 |
| 8525 || -19.9626062239199 || 2019-08-20 17:04:00 |
| 8526 || -26.6873208284154 || 2018-05-04 16:57:37 |
| 8527 || 59.7879376189737 || 2011-08-12 10:27:29 |
| 8528 || 2.15712683975619 || 2010-07-11 10:23:47 |
| 8529 || -2.24112978914711 || 2016-11-16 14:28:31 |
| 8530 || -11.6258652557959 || 2019-07-12 22:57:21 |
| 8531 || 88.298856658378 || 2015-02-17 10:21:51 |
| 8532 || -13.6360045982939 || 2014-06-22 11:05:13 |
| 8533 || 13.2097090347643 || 2019-03-18 15:01:28 |
| 8534 || -1.09696373996294 || 2011-08-16 01:57:12 |
| 8535 || 48.7564583200599 || 2011-04-16 16:18:39 |
| 8536 || 1.67499473643612 || 2018-11-04 14:44:15 |
| 8537 || -22.6046170582542 || 2018-09-06 09:39:50 |
| 8538 || 17.5345428569534 || 2019-10-04 23:02:49 |
| 8539 || -0.642803644915804 || 2013-10-20 21:14:00 |
| 8540 || 42.0512510986474 || 2018-02-22 00:03:12 |
| 8541 || -5.79613353192692 || 2013-03-24 05:21:13 |
| 8542 || -22.3522165710189 || 2010-10-27 09:17:48 |
| 8543 || -5.05061581253293 || 2018-03-07 13:18:42 |
| 8544 || 0.808449842471021 || 2010-01-02 10:45:28 |
| 8545 || 16.1803930305173 || 2016-01-17 09:46:28 |
| 8546 || 2.0837370854938 || 2011-02-16 05:10:07 |
| 8547 || 18.5122748366512 || 2014-08-12 17:58:33 |
| 8548 || -3.54674309757268 || 2010-05-20 09:10:50 |
| 8549 || -0.0217965684682435 || 2010-05-09 06:02:07 |
| 8550 || -10.3743472546231 || 2019-03-09 11:45:38 |
| 8551 || 39.8604785816627 || 2014-05-02 11:52:43 |
| 8552 || -17.8874672243072 || 2017-08-22 21:01:45 |
| 8553 || -9.35299242567068 || 2015-05-09 13:51:59 |
| 8554 || 0.038462228231405 || 2014-08-21 18:27:45 |
| 8555 || 25.2097076769565 || 2010-08-20 15:01:49 |
| 8556 || 60.0671195412574 || 2015-02-23 00:23:23 |
| 8557 || -25.8596717517402 || 2015-02-18 23:39:12 |
| 8558 || 24.2811231882595 || 2018-11-21 14:13:51 |
| 8559 || 0.494464792210218 || 2018-07-19 00:24:21 |
| 8560 || -5.18123716251918 || 2013-12-12 08:59:44 |
| 8561 || 18.4908810753335 || 2017-12-05 21:04:59 |
| 8562 || 84.34894692354 || 2018-05-26 09:40:27 |
| 8563 || 4.47374256595212 || 2018-01-24 10:13:53 |
| 8564 || 1.68540329203495 || 2014-03-03 20:22:01 |
| 8565 || 13.7072614511642 || 2011-07-03 04:07:26 |
| 8566 || -14.6244128447898 || 2019-10-22 15:35:21 |
| 8567 || -17.9681589456604 || 2014-05-12 14:33:48 |
| 8568 || 47.8130472756848 || 2019-02-19 13:46:16 |
| 8569 || 3.76422443700889 || 2019-08-18 14:19:54 |
| 8570 || 1.26281534332788 || 2012-04-06 13:55:21 |
| 8571 || 38.2351751846331 || 2017-09-11 13:55:33 |
| 8572 || -20.4341645680536 || 2017-09-05 17:41:24 |
| 8573 || 36.9915793575831 || 2015-05-21 04:29:21 |
| 8574 || 5.50046364020205 || 2012-09-03 17:41:41 |
| 8575 || -0.286266696595016 || 2018-07-11 14:25:49 |
| 8576 || -17.2370932005575 || 2019-08-25 21:02:20 |
| 8577 || -29.4787883182964 || 2014-08-14 20:27:22 |
| 8578 || 0.418352449207963 || 2012-10-21 02:57:03 |
| 8579 || 8.2420255276796 || 2017-12-22 21:22:24 |
| 8580 || 1.85738878636665 || 2014-06-10 05:23:13 |
| 8581 || 8.49009650092956 || 2017-01-21 14:35:39 |
| 8582 || 89.1557643596291 || 2017-08-11 13:01:50 |
| 8583 || -5.82229090715746 || 2016-12-01 16:10:38 |
| 8584 || 2.58890020441631 || 2016-07-19 22:21:05 |
| 8585 || 2.45420885492346 || 2016-06-11 08:25:46 |
| 8586 || 41.847735346214 || 2014-05-09 21:04:19 |
| 8587 || 48.704276294662 || 2017-10-12 17:49:51 |
| 8588 || 68.0506598579015 || 2013-02-23 09:39:37 |
| 8589 || -3.42246906408794 || 2015-10-27 15:33:43 |
| 8590 || 0.445960470926925 || 2019-05-11 05:58:05 |
| 8591 || 31.4635685173133 || 2012-05-10 08:16:28 |
| 8592 || -28.6008143281061 || 2012-08-06 21:02:28 |
| 8593 || 20.9229849912125 || 2015-09-05 15:17:18 |
| 8594 || 7.90854677932219 || 2011-03-17 21:27:47 |
| 8595 || 0.694908123206178 || 2019-07-23 04:37:32 |
| 8596 || -8.07542145480566 || 2018-07-15 00:42:19 |
| 8597 || 74.0091649464103 || 2015-01-07 06:26:34 |
| 8598 || 2.79317371921366 || 2013-07-14 04:04:05 |
| 8599 || -0.0466672031840867 || 2011-04-08 14:03:56 |
| 8600 || -0.0191204440528865 || 2017-12-13 10:08:54 |
| 8601 || 8.27368505814945 || 2014-07-07 22:35:44 |
| 8602 || 40.2501499787597 || 2015-06-26 06:49:00 |
| 8603 || -26.9469002024711 || 2018-07-20 23:09:32 |
| 8604 || -2.19438934988577 || 2017-07-10 09:24:58 |
| 8605 || -0.0020384866498397 || 2011-10-12 02:26:47 |
| 8606 || 20.0554492575175 || 2015-05-25 22:19:26 |
| 8607 || -17.2374286350551 || 2013-03-08 12:42:01 |
| 8608 || 79.0202184542605 || 2016-10-05 13:21:26 |
| 8609 || 21.2678519149824 || 2013-05-07 04:06:07 |
| 8610 || 0.482593848453661 || 2017-08-09 06:24:25 |
| 8611 || 2.13238239905144 || 2011-07-11 13:47:03 |
| 8612 || -14.4663150861313 || 2017-12-09 14:45:47 |
| 8613 || 81.3545439918313 || 2017-03-07 17:29:45 |
| 8614 || 17.1806555410452 || 2018-06-05 14:45:50 |
| 8615 || -0.0791260385830144 || 2018-03-26 13:58:41 |
| 8616 || 18.9617376846352 || 2013-08-21 00:01:23 |
| 8617 || 67.80781569893 || 2017-03-04 16:39:08 |
| 8618 || 87.4930085334619 || 2017-08-02 00:45:42 |
| 8619 || 16.5376634826742 || 2015-11-07 05:57:32 |
| 8620 || -0.883516894782461 || 2013-03-21 10:58:05 |
| 8621 || 15.0317389041116 || 2016-08-05 03:11:58 |
| 8622 || 33.4591600774325 || 2017-08-13 19:30:15 |
| 8623 || -26.9327050354919 || 2018-03-14 05:17:10 |
| 8624 || 15.8903053337935 || 2015-07-08 07:22:11 |
| 8625 || -1.19618267819999 || 2012-11-03 16:02:27 |
| 8626 || -2.62966805920325 || 2017-04-17 00:49:47 |
| 8627 || 21.0247219457749 || 2015-07-27 19:16:04 |
| 8628 || -25.7620714457442 || 2015-07-06 15:20:28 |
| 8629 || 33.4295813865999 || 2010-10-15 08:19:15 |
| 8630 || 2.27376976388546 || 2013-08-03 12:47:27 |
| 8631 || 7.76884771223683 || 2012-01-12 13:55:11 |
| 8632 || -7.78071604419932 || 2010-07-13 15:48:43 |
| 8633 || 87.0650902179816 || 2016-01-26 20:47:27 |
| 8634 || -21.0226435908574 || 2014-08-16 05:51:52 |
| 8635 || -3.83094830945242 || 2018-08-20 05:03:12 |
| 8636 || -0.99368633457089 || 2011-10-07 05:22:52 |
| 8637 || 13.3073053202286 || 2015-03-18 23:09:34 |
| 8638 || -7.17837590786731 || 2013-05-11 05:33:10 |
| 8639 || 64.9817732262865 || 2017-09-14 21:48:29 |
| 8640 || 0.194828080781816 || 2017-12-16 08:55:03 |
| 8641 || 2.84172934018406 || 2018-09-25 03:48:43 |
| 8642 || -12.4206805528969 || 2013-02-21 00:23:50 |
| 8643 || 66.2377897365052 || 2013-12-01 04:47:22 |
| 8644 || -19.6568106197533 || 2010-11-07 19:17:36 |
| 8645 || -4.30580267928157 || 2014-03-24 18:23:56 |
| 8646 || -0.366952067695353 || 2017-04-02 22:20:53 |
| 8647 || 38.0386435590317 || 2016-04-27 08:18:11 |
| 8648 || 13.7410261339105 || 2010-10-12 04:30:04 |
| 8649 || 70.2124168590546 || 2014-10-24 21:24:37 |
| 8650 || 23.7550840543684 || 2019-05-14 23:57:33 |
| 8651 || -0.0995434422065685 || 2016-08-06 12:17:43 |
| 8652 || 27.9998551842668 || 2015-09-15 18:00:51 |
| 8653 || -18.4573630397735 || 2016-09-19 17:26:12 |
| 8654 || 32.6936173057753 || 2013-06-06 05:14:26 |
| 8655 || -8.68009779916105 || 2010-05-27 01:32:21 |
| 8656 || 0.000449906245709815 || 2010-11-24 01:50:37 |
| 8657 || 23.3413917588787 || 2015-12-06 15:11:05 |
| 8658 || -8.59655009608238 || 2015-05-06 22:53:39 |
| 8659 || 50.852989671257 || 2017-01-23 05:35:52 |
| 8660 || 5.89217177150739 || 2014-05-07 01:28:50 |
| 8661 || 0.178829467925016 || 2018-04-21 08:09:57 |
| 8662 || -5.559375552165 || 2013-10-19 21:13:32 |
| 8663 || 73.0887016838352 || 2013-02-23 01:56:49 |
| 8664 || 85.641391909792 || 2017-02-09 04:57:25 |
| 8665 || -12.7842499239653 || 2017-03-27 00:30:50 |
| 8666 || -0.433852161792687 || 2012-01-20 00:19:27 |
| 8667 || -6.59362620676776 || 2015-12-12 05:12:55 |
| 8668 || 72.1465943390831 || 2015-09-06 05:24:11 |
| 8669 || 4.65052844219053 || 2011-02-18 00:01:31 |
| 8670 || 46.1137714573582 || 2018-10-27 01:45:39 |
| 8671 || 0.194351834545731 || 2017-11-19 17:00:55 |
| 8672 || 11.2216135330018 || 2019-11-09 17:30:47 |
| 8673 || 0.27262121301475 || 2018-06-20 08:34:11 |
| 8674 || 85.6046722502945 || 2016-07-18 05:58:43 |
| 8675 || 7.74140950095941 || 2011-07-16 05:51:58 |
| 8676 || -0.683482470211945 || 2013-05-07 22:30:06 |
| 8677 || 1.9920950575887 || 2015-10-22 16:52:11 |
| 8678 || 25.6420340547159 || 2013-04-22 00:46:55 |
| 8679 || 17.0218607571266 || 2010-02-01 09:23:26 |
| 8680 || 4.51835070860158 || 2018-05-17 20:26:35 |
| 8681 || 0.607707446769604 || 2010-01-01 10:56:10 |
| 8682 || 7.6629666621182 || 2018-09-21 19:33:55 |
| 8683 || -12.8408607257322 || 2013-02-13 01:28:18 |
| 8684 || 85.2756543714638 || 2016-06-07 20:18:50 |
| 8685 || 34.0001733747128 || 2016-10-02 19:09:07 |
| 8686 || -0.517573876787582 || 2016-04-23 16:09:38 |
| 8687 || -1.3653961843911 || 2018-04-05 11:06:48 |
| 8688 || 10.7011760832074 || 2019-08-19 17:28:41 |
| 8689 || 62.811256054466 || 2016-12-22 20:37:22 |
| 8690 || -21.513726720766 || 2012-10-23 18:18:35 |
| 8691 || 8.60390790843796 || 2015-08-27 08:15:23 |
| 8692 || 2.737567250111 || 2016-11-19 14:54:32 |
| 8693 || -5.36245506751166 || 2011-12-22 18:29:08 |
| 8694 || 81.1047383840028 || 2018-08-21 17:36:17 |
| 8695 || 70.0784222203252 || 2017-09-09 18:51:44 |
| 8696 || 19.6392113634571 || 2010-09-14 15:20:57 |
| 8697 || 0.730120145596511 || 2012-09-20 20:44:00 |
| 8698 || -13.8302816210168 || 2016-08-10 11:23:08 |
| 8699 || 20.7469422244096 || 2013-03-12 10:14:30 |
| 8700 || -16.9798969398562 || 2017-08-12 19:50:28 |
| 8701 || -3.84529245426551 || 2012-02-10 00:06:42 |
| 8702 || 0.125267797697181 || 2013-01-21 11:38:49 |
| 8703 || 1.97315568470581 || 2014-01-08 11:29:56 |
| 8704 || -25.7909908707494 || 2016-11-26 20:01:05 |
| 8705 || 78.7686348221678 || 2010-06-07 05:40:07 |
| 8706 || 2.63512810802589 || 2013-12-27 14:33:45 |
| 8707 || 0.00234954901910889 || 2015-03-15 08:14:25 |
| 8708 || 2.79384638550552 || 2010-06-08 10:49:46 |
| 8709 || 44.0600459452476 || 2015-07-13 09:44:21 |
| 8710 || 63.1749225988655 || 2018-10-05 19:49:32 |
| 8711 || 15.7483286428038 || 2019-05-22 20:41:49 |
| 8712 || 0.164171287306589 || 2017-08-08 15:06:14 |
| 8713 || -3.49552163979754 || 2012-02-01 12:17:43 |
| 8714 || 29.2490605809612 || 2018-01-06 17:54:42 |
| 8715 || 59.8636802278265 || 2012-03-06 05:34:58 |
| 8716 || 39.4602590815919 || 2016-09-26 16:55:49 |
| 8717 || 0.693144916996125 || 2010-08-25 16:10:46 |
| 8718 || -6.79239376994798 || 2019-07-25 01:41:37 |
| 8719 || -11.8703317658422 || 2019-11-02 00:22:33 |
| 8720 || 75.1606614655568 || 2018-10-16 01:42:57 |
| 8721 || 39.994022278764 || 2017-07-10 04:10:26 |
| 8722 || 1.56711650119255 || 2010-07-03 08:00:36 |
| 8723 || 7.93409424093982 || 2016-05-03 15:51:06 |
| 8724 || 23.4668890305729 || 2017-03-02 14:05:05 |
| 8725 || -13.2898022865529 || 2017-04-16 11:45:24 |
| 8726 || -3.03646381398617 || 2014-05-23 07:07:16 |
| 8727 || 1.99246595467187 || 2010-03-23 14:55:19 |
| 8728 || 11.8132722879672 || 2019-12-22 20:10:13 |
| 8729 || -18.2790602471525 || 2018-04-05 03:21:44 |
| 8730 || 4.61806334620575 || 2014-09-07 20:29:52 |
| 8731 || -12.4160887230617 || 2010-10-15 09:44:37 |
| 8732 || 7.32396317538804 || 2011-12-23 15:37:14 |
| 8733 || 8.13076022443732 || 2015-12-02 23:54:59 |
| 8734 || 11.4971921497393 || 2018-02-22 11:12:27 |
| 8735 || 80.1128128604956 || 2019-10-20 11:21:40 |
| 8736 || 17.4997056799751 || 2017-09-13 18:28:14 |
| 8737 || -1.43237631362137 || 2014-06-17 13:11:05 |
| 8738 || 0.541192020464199 || 2012-09-08 03:28:10 |
| 8739 || 27.696566335272 || 2014-06-03 02:56:13 |
| 8740 || 85.0083770559052 || 2012-05-05 17:40:28 |
| 8741 || 64.7212905101485 || 2019-08-04 04:26:51 |
| 8742 || 10.3189445871902 || 2014-11-16 16:33:31 |
| 8743 || 1.08245911569607 || 2012-06-22 04:20:22 |
| 8744 || 42.6499911038541 || 2017-04-01 05:13:20 |
| 8745 || 86.0948161400784 || 2013-11-17 06:02:31 |
| 8746 || 67.9593763907775 || 2010-01-25 23:25:11 |
| 8747 || 13.35655686289 || 2013-03-19 14:55:21 |
| 8748 || 1.25437280113463 || 2010-05-16 23:51:12 |
| 8749 || 20.961671080759 || 2018-09-22 05:17:23 |
| 8750 || -27.7188736670617 || 2018-08-12 23:37:44 |
| 8751 || -19.4261180144953 || 2018-05-20 18:09:27 |
| 8752 || -7.64049858765599 || 2013-12-04 01:11:20 |
| 8753 || -0.0749036222463961 || 2015-04-24 23:13:46 |
| 8754 || 12.7086962657755 || 2016-07-09 19:15:28 |
| 8755 || 33.5695914793501 || 2011-07-08 04:01:35 |
| 8756 || -24.7612319164974 || 2013-06-17 01:15:40 |
| 8757 || 25.572136859473 || 2015-04-03 17:58:42 |
| 8758 || -0.00807140112232371 || 2015-03-15 22:54:47 |
| 8759 || 0.589380049294668 || 2017-12-23 04:05:01 |
| 8760 || 36.8421447233293 || 2012-12-19 23:35:44 |
| 8761 || 6.00835016169574 || 2011-06-13 19:49:54 |
| 8762 || -9.97193518793889 || 2017-04-13 19:41:39 |
| 8763 || -0.0394553835169991 || 2012-06-05 10:49:51 |
| 8764 || 22.213003582685 || 2015-07-22 12:52:58 |
| 8765 || 65.8311093880627 || 2019-03-07 08:04:18 |
| 8766 || -23.3813069904023 || 2015-03-10 09:21:15 |
| 8767 || -8.1779416402425 || 2018-08-14 13:55:31 |
| 8768 || 0.177439669809036 || 2018-10-23 23:46:08 |
| 8769 || 19.2635634404085 || 2019-04-25 09:59:23 |
| 8770 || -14.5332518560749 || 2018-03-06 15:13:40 |
| 8771 || 86.2784103435395 || 2015-05-07 01:26:54 |
| 8772 || 12.781672260067 || 2012-03-12 18:44:10 |
| 8773 || 2.02520549787598 || 2018-06-21 03:01:00 |
| 8774 || 16.929914520779 || 2013-04-10 14:56:28 |
| 8775 || 20.3934479093104 || 2013-05-21 21:51:34 |
| 8776 || -7.99105546166178 || 2015-10-13 19:20:03 |
| 8777 || 35.9403180784782 || 2016-04-20 16:28:53 |
| 8778 || -0.243051901485048 || 2015-09-12 01:39:43 |
| 8779 || 0.751145726620041 || 2010-01-13 23:57:37 |
| 8780 || -21.5344494409721 || 2010-10-03 09:41:13 |
| 8781 || -4.01911670867797 || 2017-11-10 23:37:31 |
| 8782 || 52.4521566860762 || 2010-06-24 21:48:23 |
| 8783 || -2.26133983646162 || 2019-12-01 14:23:27 |
| 8784 || 5.10461945078267 || 2015-05-16 02:16:54 |
| 8785 || -14.3158037619247 || 2019-05-04 23:45:32 |
| 8786 || 9.17053510427906 || 2011-05-05 01:15:59 |
| 8787 || 20.6532630486744 || 2013-04-25 16:22:32 |
| 8788 || 4.7855131772833 || 2019-10-08 08:36:49 |
| 8789 || 2.60276165452289 || 2018-05-10 08:18:57 |
| 8790 || 5.98519576546519 || 2016-04-05 15:48:49 |
| 8791 || 89.5339512662529 || 2013-08-10 08:36:18 |
| 8792 || -4.74845267972038 || 2016-12-13 21:58:34 |
| 8793 || 6.97336301245109 || 2014-04-20 08:09:16 |
| 8794 || -1.32762403444423 || 2015-03-01 11:33:18 |
| 8795 || 48.8481925163591 || 2010-07-26 06:55:31 |
| 8796 || 65.1614051912558 || 2019-01-16 12:50:43 |
| 8797 || 26.1271720579119 || 2012-07-07 17:43:48 |
| 8798 || 17.2532451266955 || 2014-09-14 10:52:29 |
| 8799 || -0.634300738032886 || 2012-02-14 15:03:40 |
| 8800 || 40.2883762654017 || 2013-09-13 11:09:30 |
| 8801 || 25.6645806334293 || 2010-12-02 02:34:48 |
| 8802 || -24.5908679662424 || 2018-09-04 13:18:38 |
| 8803 || 21.2655815706698 || 2015-06-22 02:54:39 |
| 8804 || 0.329838959454899 || 2016-12-11 10:05:26 |
| 8805 || 5.95789710502726 || 2011-10-13 17:34:57 |
| 8806 || 26.1003942897523 || 2010-12-04 04:34:08 |
| 8807 || -21.5563110749636 || 2016-12-16 13:18:25 |
| 8808 || 27.1193859726393 || 2018-06-05 22:14:10 |
| 8809 || 0.0676615296903324 || 2013-05-17 14:19:49 |
| 8810 || 17.862553262589 || 2015-07-14 18:36:37 |
| 8811 || 30.6238366311972 || 2011-07-27 10:00:25 |
| 8812 || 57.9258499387433 || 2016-08-23 08:52:46 |
| 8813 || 31.9497662759211 || 2012-05-22 08:12:18 |
| 8814 || 0.0207204689497334 || 2018-09-17 19:41:27 |
| 8815 || -7.27261621455407 || 2014-02-18 23:09:51 |
| 8816 || -23.0505123876082 || 2014-09-21 19:10:14 |
| 8817 || 73.0681889829154 || 2017-08-14 05:46:05 |
| 8818 || 27.0046541563984 || 2010-07-25 22:36:58 |
| 8819 || -0.149696047802164 || 2018-04-04 10:16:42 |
| 8820 || 21.0968291534969 || 2012-07-02 19:21:59 |
| 8821 || 4.78296544267377 || 2012-07-23 06:53:50 |
| 8822 || -25.8488736039624 || 2015-05-18 00:33:26 |
| 8823 || 39.7288354037145 || 2012-02-21 08:11:56 |
| 8824 || -0.111851286042038 || 2018-07-18 09:48:11 |
| 8825 || -0.906446810444126 || 2011-06-11 12:19:49 |
| 8826 || 29.4210293711195 || 2014-01-17 20:19:35 |
| 8827 || 85.6931441307224 || 2016-03-21 01:42:34 |
| 8828 || 25.1179296956793 || 2010-08-01 20:38:37 |
| 8829 || 0.979475111331163 || 2011-05-26 13:05:52 |
| 8830 || -3.9253118251438 || 2014-06-27 04:14:17 |
| 8831 || -3.68401209119408 || 2014-09-23 23:44:40 |
| 8832 || 86.4042512026225 || 2014-01-27 15:26:41 |
| 8833 || 21.8553209550326 || 2010-06-01 15:50:14 |
| 8834 || 6.34322748863593 || 2013-08-06 10:32:32 |
| 8835 || 10.3361776976483 || 2014-03-02 17:12:56 |
| 8836 || 31.6210805638437 || 2010-12-18 08:12:47 |
| 8837 || 78.4273907336425 || 2019-01-06 15:29:48 |
| 8838 || 46.4936729514492 || 2012-02-16 16:16:13 |
| 8839 || 9.37040881453585 || 2018-10-16 23:41:09 |
| 8840 || -0.788537697990465 || 2013-12-09 01:16:19 |
| 8841 || -10.102043372804 || 2014-06-20 13:44:48 |
| 8842 || -15.6568389740055 || 2017-07-12 17:28:25 |
| 8843 || 9.83404641451086 || 2018-02-21 14:14:41 |
| 8844 || -3.10182468034483 || 2016-10-17 03:07:32 |
| 8845 || 1.13360101925156 || 2015-02-17 18:29:18 |
| 8846 || 30.6026487449852 || 2011-03-24 19:53:30 |
| 8847 || 14.8537328221355 || 2013-11-03 21:22:31 |
| 8848 || 39.4099007767816 || 2019-06-03 06:10:19 |
| 8849 || -0.178950345059483 || 2016-04-09 02:22:30 |
| 8850 || 1.90264295231704 || 2013-12-22 15:05:44 |
| 8851 || 11.3610446864273 || 2014-08-15 12:29:18 |
| 8852 || 44.6406734680533 || 2016-07-08 20:30:08 |
| 8853 || 39.168607493523 || 2011-09-25 14:02:17 |
| 8854 || 6.31097183218345 || 2019-09-05 11:06:29 |
| 8855 || 0.93851643008376 || 2010-08-20 19:20:08 |
| 8856 || 26.7584745897239 || 2012-10-23 04:24:52 |
| 8857 || 71.1958493036024 || 2014-01-10 03:04:53 |
| 8858 || -25.5240558235911 || 2010-04-04 17:05:51 |
| 8859 || 0.284783835577484 || 2012-10-21 17:48:07 |
| 8860 || -0.05388450281346 || 2019-07-18 19:22:00 |
| 8861 || 18.4846422078984 || 2013-03-05 05:30:57 |
| 8862 || 45.56412992907 || 2014-09-25 18:24:27 |
| 8863 || -1.09595023405654 || 2018-08-02 20:24:44 |
| 8864 || -9.6570915484489 || 2014-02-15 14:28:37 |
| 8865 || 0.00218680641435269 || 2013-06-23 11:58:27 |
| 8866 || -4.56647226361169 || 2017-04-07 06:14:05 |
| 8867 || -26.1001590056369 || 2014-03-18 12:56:29 |
| 8868 || 37.1034969563372 || 2019-03-12 01:00:42 |
| 8869 || -11.9270312670441 || 2016-08-02 13:07:27 |
| 8870 || 0.524991237600163 || 2019-03-08 10:39:25 |
| 8871 || 7.26343106661147 || 2012-12-20 07:18:43 |
| 8872 || 64.4419864474122 || 2018-03-05 00:29:32 |
| 8873 || 83.203952434125 || 2010-06-07 10:59:45 |
| 8874 || -6.91689900256875 || 2013-05-09 14:06:32 |
| 8875 || -0.20361505451603 || 2011-06-20 06:43:49 |
| 8876 || -5.36552423230864 || 2010-05-23 18:49:12 |
| 8877 || -9.93939534646108 || 2013-06-09 20:14:06 |
| 8878 || -25.8766215031194 || 2019-02-07 08:33:59 |
| 8879 || 33.7971593255593 || 2013-08-20 00:59:41 |
| 8880 || 1.04909417758968 || 2016-06-01 03:42:54 |
| 8881 || -4.69270131232716 || 2015-09-25 15:43:05 |
| 8882 || 57.4595812556375 || 2018-01-02 03:26:07 |
| 8883 || 24.484352899479 || 2010-01-18 06:19:51 |
| 8884 || -12.7478385497905 || 2010-12-09 21:35:40 |
| 8885 || -1.95233591471615 || 2011-10-02 05:24:24 |
| 8886 || -0.310463836107828 || 2012-12-24 07:00:23 |
| 8887 || 7.89823952420796 || 2018-12-12 23:05:05 |
| 8888 || -9.99171796241863 || 2015-01-09 15:30:37 |
| 8889 || 40.1354520134298 || 2010-11-20 01:59:21 |
| 8890 || -1.01169765423082 || 2011-11-06 07:15:05 |
| 8891 || -2.37444222325441 || 2019-06-12 03:06:17 |
| 8892 || 19.4898247772407 || 2017-01-02 07:37:25 |
| 8893 || -22.9643586531488 || 2019-01-16 07:44:04 |
| 8894 || -8.05173986194319 || 2010-08-14 06:22:45 |
| 8895 || 11.9492439661442 || 2019-10-11 05:56:47 |
| 8896 || 2.56470284749298 || 2018-08-18 11:55:09 |
| 8897 || 48.4374754647155 || 2010-07-14 16:43:19 |
| 8898 || 26.1186148641035 || 2018-03-22 07:31:15 |
| 8899 || -10.4376923287386 || 2014-12-03 08:56:48 |
| 8900 || 15.6278362364963 || 2012-12-14 05:14:20 |
| 8901 || 2.39199655099332 || 2014-08-02 08:22:56 |
| 8902 || 45.1658390758884 || 2010-05-15 19:23:35 |
| 8903 || 87.0633520628425 || 2012-09-09 13:52:13 |
| 8904 || 6.92257246844611 || 2012-12-11 19:58:07 |
| 8905 || 17.1359228820543 || 2015-09-05 11:34:31 |
| 8906 || -0.182408956881192 || 2017-06-10 14:23:58 |
| 8907 || 3.40899246941359 || 2015-06-13 16:36:24 |
| 8908 || -19.5563034575535 || 2018-11-03 22:55:02 |
| 8909 || 57.0403252370782 || 2015-04-25 20:09:00 |
| 8910 || 18.1636957126581 || 2016-05-10 05:00:26 |
| 8911 || -0.0116649130565377 || 2011-08-13 17:44:00 |
| 8912 || 34.7382225429824 || 2014-08-01 20:29:47 |
| 8913 || 77.1862139719561 || 2012-08-19 16:46:40 |
| 8914 || 60.6219383409708 || 2014-05-10 10:33:23 |
| 8915 || 8.24013021815163 || 2015-11-16 10:30:45 |
| 8916 || -0.000349311945132413 || 2019-11-26 18:14:49 |
| 8917 || -5.00588527852691 || 2016-04-26 18:03:33 |
| 8918 || -23.2940680002696 || 2010-05-20 12:47:52 |
| 8919 || 50.4528906874536 || 2013-10-10 20:24:22 |
| 8920 || 34.9994701699798 || 2011-05-09 08:10:07 |
| 8921 || 0.0176863630154357 || 2012-08-16 07:58:03 |
| 8922 || 13.9683893106555 || 2013-01-04 19:18:05 |
| 8923 || -0.327629837215317 || 2019-12-24 10:10:05 |
| 8924 || 30.803817245167 || 2016-06-07 06:38:59 |
| 8925 || -1.79407070262204 || 2016-08-22 13:15:40 |
| 8926 || 0.747027234971895 || 2014-09-20 00:34:55 |
| 8927 || 18.5238629437168 || 2019-06-04 14:53:12 |
| 8928 || -17.7220558752849 || 2010-10-07 12:51:39 |
| 8929 || 40.0968048623135 || 2019-02-06 14:53:16 |
| 8930 || 18.5853346573228 || 2019-04-04 23:25:24 |
| 8931 || -0.0379219448925505 || 2013-10-18 03:01:17 |
| 8932 || 5.72647574214025 || 2016-04-18 12:47:37 |
| 8933 || 21.1315627700596 || 2010-04-15 14:28:18 |
| 8934 || -7.71621558386974 || 2018-05-13 07:10:09 |
| 8935 || 17.6247348270837 || 2012-12-03 06:32:31 |
| 8936 || 5.07753938075317 || 2018-10-18 00:41:09 |
| 8937 || 11.1695116919022 || 2015-02-20 22:15:52 |
| 8938 || 48.994535390503 || 2019-07-08 18:46:36 |
| 8939 || 89.7459250599833 || 2013-03-12 23:00:52 |
| 8940 || 56.7349370350274 || 2017-11-01 04:52:50 |
| 8941 || 3.93815932296345 || 2012-07-02 01:16:18 |
| 8942 || 4.77681679131544 || 2018-09-07 22:37:39 |
| 8943 || 40.9870132671786 || 2011-06-18 17:51:53 |
| 8944 || 78.5125691836532 || 2013-03-17 01:19:38 |
| 8945 || -20.7256951707314 || 2010-06-09 15:15:15 |
| 8946 || 6.4629238419685 || 2010-05-20 19:59:26 |
| 8947 || 1.30457099654704 || 2015-11-06 04:35:41 |
| 8948 || -17.3441552202731 || 2018-01-12 12:38:57 |
| 8949 || 69.0263968742565 || 2010-07-07 07:08:53 |
| 8950 || 35.9702036938064 || 2019-12-11 19:06:51 |
| 8951 || -2.65683344194496 || 2019-08-03 21:31:41 |
| 8952 || 0.770341944336566 || 2016-02-11 23:10:16 |
| 8953 || -5.42803405600649 || 2014-01-17 20:16:54 |
| 8954 || 58.7461925018041 || 2011-09-16 18:34:22 |
| 8955 || 67.4642791029872 || 2016-07-24 00:43:15 |
| 8956 || -2.88573035914558 || 2014-11-23 22:03:45 |
| 8957 || 0.424239755385935 || 2011-12-12 23:25:13 |
| 8958 || 35.3967817344528 || 2014-08-11 15:30:35 |
| 8959 || 59.5095381143979 || 2016-02-25 11:17:42 |
| 8960 || 38.5594427990174 || 2011-05-02 10:40:39 |
| 8961 || 24.3175951906024 || 2018-09-06 12:33:54 |
| 8962 || 0.0237305317301827 || 2010-12-13 18:13:33 |
| 8963 || 34.9777408028256 || 2014-10-05 02:13:54 |
| 8964 || 35.4311452469245 || 2016-01-13 10:29:52 |
| 8965 || -24.7463377708588 || 2010-11-16 21:43:19 |
| 8966 || 2.97214833221999 || 2016-02-18 13:36:27 |
| 8967 || 0.00164591993167413 || 2019-09-06 20:59:17 |
| 8968 || -8.98421987703374 || 2015-11-18 21:06:32 |
| 8969 || 47.3865046031787 || 2010-11-16 04:34:18 |
| 8970 || 29.7156207933438 || 2019-10-18 19:39:16 |
| 8971 || 19.457148503747 || 2013-03-02 21:37:45 |
| 8972 || -0.0309940792978562 || 2017-12-15 16:05:12 |
| 8973 || 0.0589479432511791 || 2016-07-24 16:46:37 |
| 8974 || 54.5163580682994 || 2011-06-25 07:15:03 |
| 8975 || 19.5394175941823 || 2010-01-09 23:56:37 |
| 8976 || -7.38912814736898 || 2013-05-22 20:45:22 |
| 8977 || -0.284801462927982 || 2015-11-15 06:18:34 |
| 8978 || 17.9614100023528 || 2015-10-19 09:20:52 |
| 8979 || 35.6231683563962 || 2015-06-27 05:35:47 |
| 8980 || 37.4517056549935 || 2018-10-15 04:15:04 |
| 8981 || 39.948652074926 || 2013-01-10 05:36:06 |
| 8982 || 0.391105604256435 || 2013-04-02 07:24:43 |
| 8983 || 0.0320734289271793 || 2017-02-14 16:22:13 |
| 8984 || -15.0457745395329 || 2019-01-02 05:12:26 |
| 8985 || -29.6858907614717 || 2010-07-05 12:00:56 |
| 8986 || -15.1251495436358 || 2014-11-25 08:23:30 |
| 8987 || 4.91859181643125 || 2016-02-27 08:42:00 |
| 8988 || 0.484295965124939 || 2010-10-01 06:09:38 |
| 8989 || 12.0260980710578 || 2011-01-09 14:02:52 |
| 8990 || 88.9996177555529 || 2019-11-12 19:00:58 |
| 8991 || -16.8755154853184 || 2012-10-23 01:52:47 |
| 8992 || -2.4597207675496 || 2010-11-06 18:04:50 |
| 8993 || 7.28914489272417 || 2012-07-22 19:54:05 |
| 8994 || 31.018431925775 || 2012-08-01 13:32:26 |
| 8995 || 77.3524233200911 || 2012-10-11 16:52:15 |
| 8996 || -17.0427432010872 || 2014-01-09 07:42:43 |
| 8997 || 10.2986551327261 || 2016-04-10 03:18:06 |
| 8998 || -0.545572688303745 || 2011-03-23 15:41:58 |
| 8999 || 39.5388695534347 || 2011-02-06 20:58:45 |
| 9000 || -3.14216433285327 || 2017-01-21 00:50:29 |
| 9001 || 13.529042557191 || 2011-04-01 03:48:01 |
| 9002 || 8.56266030434726 || 2010-01-12 12:05:07 |
| 9003 || -0.502667507071258 || 2015-09-24 17:52:56 |
| 9004 || 2.53984609995359 || 2015-11-09 06:58:43 |
| 9005 || 17.4208661929131 || 2016-07-04 15:58:40 |
| 9006 || 2.06483663079879 || 2016-03-27 08:18:57 |
| 9007 || -3.82060439829506 || 2019-07-02 15:44:34 |
| 9008 || 1.70693549024243 || 2010-03-09 01:37:15 |
| 9009 || 5.8342499078082 || 2011-03-20 23:27:26 |
| 9010 || 24.5766681093177 || 2010-09-11 09:51:22 |
| 9011 || -24.3749916181056 || 2011-06-07 16:22:52 |
| 9012 || 6.20445836173457 || 2014-05-13 10:54:15 |
| 9013 || 0.200312165888421 || 2011-08-10 20:59:07 |
| 9014 || 20.4373077317107 || 2014-10-07 22:59:09 |
| 9015 || -25.3481095079934 || 2016-12-12 07:02:24 |
| 9016 || -19.3362428685749 || 2019-08-11 20:38:14 |
| 9017 || 11.1021140522403 || 2012-03-05 10:53:31 |
| 9018 || 0.0148692190858454 || 2015-07-18 06:02:49 |
| 9019 || -10.127425898402 || 2018-09-23 02:07:23 |
| 9020 || -25.1005333155514 || 2014-06-11 03:54:38 |
| 9021 || -3.69735859033434 || 2016-11-13 17:40:59 |
| 9022 || -10.3565761123061 || 2019-08-21 18:56:42 |
| 9023 || 0.117681914947182 || 2016-02-09 02:12:04 |
| 9024 || 18.5740594844139 || 2014-05-10 13:36:16 |
| 9025 || -6.83544818088611 || 2017-03-11 00:06:50 |
| 9026 || 10.477564316527 || 2017-02-19 05:24:09 |
| 9027 || 38.7364244383287 || 2017-08-10 08:24:39 |
| 9028 || 0.914353872824519 || 2011-02-22 03:33:06 |
| 9029 || -6.77450341241313 || 2018-02-05 10:10:24 |
| 9030 || -9.6795534588691 || 2010-09-26 22:59:32 |
| 9031 || -11.2076185679304 || 2010-06-11 18:12:45 |
| 9032 || 35.1680870834486 || 2011-06-09 20:57:02 |
| 9033 || 1.04494092042671 || 2012-07-01 07:16:00 |
| 9034 || 12.9195024417958 || 2016-05-04 19:06:57 |
| 9035 || 57.5512898697096 || 2017-09-25 02:09:41 |
| 9036 || 57.5726708932603 || 2013-07-19 15:51:56 |
| 9037 || -10.8846676013067 || 2014-10-07 15:35:59 |
| 9038 || 1.46569394497524 || 2010-07-25 21:14:41 |
| 9039 || -2.87973325171317 || 2019-02-22 18:09:58 |
| 9040 || -20.9944353069548 || 2017-09-22 05:57:33 |
| 9041 || -26.0830336722096 || 2011-08-20 14:28:20 |
| 9042 || 21.4916232505243 || 2013-09-18 12:56:00 |
| 9043 || 3.82360550690334 || 2013-11-02 09:03:32 |
| 9044 || 1.93212917387925 || 2018-08-03 12:06:03 |
| 9045 || 7.24828795032914 || 2018-07-23 08:21:36 |
| 9046 || 15.5551022940557 || 2011-10-18 06:03:10 |
| 9047 || 51.3213900640566 || 2015-01-09 01:37:10 |
| 9048 || 7.76220802289474 || 2012-03-02 19:57:31 |
| 9049 || -0.621413278927924 || 2017-01-13 17:12:54 |
| 9050 || 17.4143085942998 || 2012-06-08 18:19:56 |
| 9051 || -13.8692655308073 || 2013-03-24 01:10:25 |
| 9052 || 56.5914580673913 || 2010-11-23 14:29:29 |
| 9053 || 1.00570218596672 || 2017-04-05 20:22:13 |
| 9054 || 0.0369980910863865 || 2011-05-04 17:23:08 |
| 9055 || 42.2458146794332 || 2012-03-27 18:06:13 |
| 9056 || 67.2102986966587 || 2012-05-23 09:50:25 |
| 9057 || 66.4014663359433 || 2018-03-25 19:22:10 |
| 9058 || -3.64967912105911 || 2012-07-16 13:09:45 |
| 9059 || -0.331756655317635 || 2011-04-26 09:19:21 |
| 9060 || -11.6990516631119 || 2017-12-19 15:23:55 |
| 9061 || -10.4373286793575 || 2012-07-12 00:25:48 |
| 9062 || 8.68483032998445 || 2016-04-22 16:01:34 |
| 9063 || 21.3493352777237 || 2015-04-21 22:51:05 |
| 9064 || 0.704201037013843 || 2016-07-27 19:51:36 |
| 9065 || 32.1958424425667 || 2014-04-20 20:01:29 |
| 9066 || 51.9187058343274 || 2014-09-19 13:10:34 |
| 9067 || 4.51032504031917 || 2016-12-13 12:19:45 |
| 9068 || 0.504293821265898 || 2019-07-19 19:23:15 |
| 9069 || 0.0737915981001664 || 2016-05-09 20:42:28 |
| 9070 || 12.6499099530774 || 2011-07-18 18:14:07 |
| 9071 || 15.1396597050485 || 2013-06-07 18:53:40 |
| 9072 || -6.53384133819851 || 2019-07-22 03:41:20 |
| 9073 || 7.31904457768927 || 2018-06-12 03:23:51 |
| 9074 || -0.00103792935611474 || 2010-10-08 02:17:54 |
| 9075 || 1.11515349076272 || 2016-06-25 02:03:44 |
| 9076 || 63.0635090065718 || 2014-07-12 17:49:00 |
| 9077 || 15.3001459593994 || 2015-09-06 14:25:40 |
| 9078 || -5.37009901513405 || 2011-01-13 19:22:06 |
| 9079 || -0.0114173488971387 || 2015-10-08 21:37:45 |
| 9080 || 22.0875754744845 || 2018-01-26 18:51:27 |
| 9081 || 39.727589964286 || 2018-01-25 17:38:50 |
| 9082 || 7.4201417135631 || 2015-12-13 09:39:40 |
| 9083 || -13.0311608398236 || 2010-01-22 08:19:57 |
| 9084 || 0.912363044437812 || 2018-12-10 22:13:30 |
| 9085 || -5.0068791344939 || 2017-10-23 03:29:35 |
| 9086 || 13.7918172246781 || 2019-12-06 01:54:33 |
| 9087 || -21.6862208271234 || 2015-11-07 15:42:55 |
| 9088 || 48.1313091647334 || 2016-05-27 11:11:12 |
| 9089 || -1.25299162689148 || 2018-05-25 04:00:54 |
| 9090 || -3.44776538301106 || 2016-12-04 03:55:20 |
| 9091 || 60.4691412555723 || 2011-07-11 23:16:10 |
| 9092 || 89.0726849066884 || 2014-04-04 15:04:56 |
| 9093 || 24.1256653770605 || 2014-03-25 19:01:00 |
| 9094 || -0.00302468937214279 || 2019-03-21 12:31:52 |
| 9095 || -1.97124690021233 || 2017-01-18 04:55:30 |
| 9096 || 57.9029724463506 || 2019-06-18 09:23:52 |
| 9097 || -27.5008647696292 || 2019-05-23 10:58:28 |
| 9098 || 47.7395676858991 || 2016-05-11 03:55:21 |
| 9099 || -2.91041045587307 || 2012-07-17 04:47:08 |
| 9100 || 4.79669214342468 || 2018-09-09 23:21:44 |
| 9101 || 50.0938517156633 || 2017-05-20 11:38:39 |
| 9102 || 67.2376973753509 || 2011-11-21 07:28:23 |
| 9103 || 47.2750316520097 || 2015-03-20 22:14:22 |
| 9104 || 5.90654492876838 || 2010-04-22 01:46:35 |
| 9105 || -0.906425553174419 || 2014-07-20 17:31:16 |
| 9106 || 49.0075931172674 || 2013-01-03 11:24:33 |
| 9107 || -24.4355905614802 || 2014-01-09 11:48:58 |
| 9108 || 63.1237792865391 || 2012-04-13 11:43:03 |
| 9109 || 4.74416811796232 || 2012-05-10 12:27:14 |
| 9110 || 2.09184997526719 || 2016-02-16 17:05:11 |
| 9111 || 42.7620178365207 || 2012-05-17 13:53:46 |
| 9112 || 68.5880663189236 || 2019-10-27 04:37:50 |
| 9113 || 47.6086363804891 || 2018-08-27 18:37:40 |
| 9114 || -4.19207148088576 || 2012-04-09 08:50:53 |
| 9115 || 0.889620639273129 || 2016-01-05 16:18:15 |
| 9116 || 30.2259487801001 || 2015-06-26 17:43:49 |
| 9117 || -28.316134357277 || 2015-08-27 05:15:15 |
| 9118 || 16.6147638984589 || 2015-07-08 23:28:16 |
| 9119 || 2.97013480581113 || 2015-02-25 16:19:18 |
| 9120 || 0.109782696524929 || 2011-11-27 23:48:01 |
| 9121 || 26.3923392591839 || 2013-02-22 17:29:11 |
| 9122 || -27.3062996539036 || 2011-02-18 01:50:32 |
| 9123 || 7.71624935560845 || 2011-03-25 17:39:21 |
| 9124 || -10.5928834649685 || 2016-05-12 08:34:32 |
| 9125 || -0.00668501370927403 || 2013-01-14 02:48:19 |
| 9126 || 21.4854054707237 || 2011-10-09 10:29:35 |
| 9127 || 78.7618929075303 || 2017-09-13 17:45:05 |
| 9128 || 24.7212088271599 || 2019-08-21 03:39:24 |
| 9129 || -11.9510111447147 || 2010-08-17 19:13:35 |
| 9130 || 0.161926146625177 || 2010-05-03 06:57:04 |
| 9131 || 5.16821803302961 || 2015-02-08 20:48:32 |
| 9132 || 19.7327911448723 || 2017-07-15 02:35:32 |
| 9133 || 32.3842435130835 || 2015-09-02 05:53:24 |
| 9134 || 38.892854308301 || 2015-08-07 22:52:40 |
| 9135 || 1.17023654505793 || 2014-07-27 20:32:17 |
| 9136 || 18.8179978987642 || 2018-03-10 04:56:59 |
| 9137 || -10.7522721222771 || 2018-04-07 20:07:12 |
| 9138 || 59.9807016193111 || 2019-04-21 21:02:08 |
| 9139 || -9.97649671851505 || 2010-05-23 10:53:19 |
| 9140 || 2.14781387064176 || 2010-08-16 08:51:34 |
| 9141 || -4.82158630656596 || 2014-07-27 11:46:49 |
| 9142 || 60.7688363274737 || 2012-12-18 23:10:00 |
| 9143 || 87.9515851191839 || 2015-03-13 23:53:01 |
| 9144 || -12.2086695993098 || 2018-11-27 08:41:29 |
| 9145 || 6.04812191925583 || 2013-09-22 04:28:00 |
| 9146 || 4.17730113011957 || 2013-04-13 02:57:14 |
| 9147 || 13.5133759073407 || 2013-02-22 09:42:43 |
| 9148 || 35.4121785621459 || 2019-07-20 22:38:13 |
| 9149 || 51.6239739491724 || 2019-09-13 03:21:55 |
| 9150 || 3.86525467398553 || 2019-03-24 14:59:39 |
| 9151 || 4.44048165326736 || 2017-05-26 00:19:16 |
| 9152 || 50.3223932082615 || 2010-12-21 15:35:19 |
| 9153 || 72.3022956959787 || 2017-11-17 06:17:15 |
| 9154 || 27.3148730521476 || 2014-11-26 06:56:14 |
| 9155 || 2.77302317500749 || 2017-05-04 06:25:39 |
| 9156 || 1.46205388679576 || 2019-03-26 08:11:45 |
| 9157 || 22.3561907220405 || 2012-01-19 23:55:32 |
| 9158 || 72.8773028622411 || 2018-01-21 02:47:08 |
| 9159 || 59.755095044315 || 2013-04-04 21:09:44 |
| 9160 || 1.63053806059735 || 2014-04-07 21:40:32 |
| 9161 || -0.863850358522446 || 2014-05-15 07:08:08 |
| 9162 || -10.5443638045269 || 2010-02-05 21:16:32 |
| 9163 || 38.7677068500389 || 2016-01-04 07:55:19 |
| 9164 || 71.4834209961798 || 2010-08-12 19:41:59 |
| 9165 || 19.7281272691234 || 2014-08-12 11:59:51 |
| 9166 || 1.12519463947125 || 2017-06-21 14:06:52 |
| 9167 || 36.7161548764936 || 2019-06-16 11:00:50 |
| 9168 || 4.67582281346113 || 2017-03-13 20:36:52 |
| 9169 || -23.0206396869509 || 2013-02-18 01:33:02 |
| 9170 || 1.13474138099164 || 2017-01-14 15:54:37 |
| 9171 || 0.0359043419974684 || 2011-01-27 04:35:06 |
| 9172 || -9.45371376989801 || 2010-09-14 23:46:22 |
| 9173 || 10.8214040614773 || 2019-12-03 17:00:21 |
| 9174 || 79.0336113037512 || 2011-12-12 02:33:38 |
| 9175 || 0.0189219685187382 || 2014-06-20 22:44:28 |
| 9176 || 0.00231965051181995 || 2019-05-19 11:33:21 |
| 9177 || -2.37737255573105 || 2019-12-06 05:45:25 |
| 9178 || -23.8884659002145 || 2015-11-04 22:07:14 |
| 9179 || 2.91243786777892 || 2010-09-14 00:47:49 |
| 9180 || 11.9766261312611 || 2017-11-23 17:51:37 |
| 9181 || -0.135676556900979 || 2019-10-26 04:35:01 |
| 9182 || 24.1329970593161 || 2014-04-13 21:42:14 |
| 9183 || -8.25925238985084 || 2019-01-15 08:51:13 |
| 9184 || -28.3855068050791 || 2012-05-19 06:01:50 |
| 9185 || -9.47958196485868 || 2016-04-12 06:21:02 |
| 9186 || 0.22817442533067 || 2017-12-09 00:24:16 |
| 9187 || 17.9748720908769 || 2015-06-12 05:30:16 |
| 9188 || -19.0765895150894 || 2017-11-25 03:41:34 |
| 9189 || -27.0050669981442 || 2014-05-18 11:46:59 |
| 9190 || -10.4133809702655 || 2014-03-26 13:38:53 |
| 9191 || -1.06304438701958 || 2015-12-12 15:47:00 |
| 9192 || 14.8602566234225 || 2013-04-20 15:33:17 |
| 9193 || -22.3099858800756 || 2017-11-08 18:51:39 |
| 9194 || 86.5296053660161 || 2017-12-05 21:12:15 |
| 9195 || 49.5621805517286 || 2015-06-05 23:37:28 |
| 9196 || 4.77384322076957 || 2012-03-16 19:06:48 |
| 9197 || 7.35986228482647 || 2013-01-10 06:23:15 |
| 9198 || 10.4468611323981 || 2015-11-01 23:52:09 |
| 9199 || 73.6394949273776 || 2017-09-04 01:10:05 |
| 9200 || 57.4072548603729 || 2015-04-03 03:19:58 |
| 9201 || 3.60353878312139 || 2015-11-13 12:33:18 |
| 9202 || 3.64086167625199 || 2017-07-26 19:29:16 |
| 9203 || 53.2424508666163 || 2014-07-24 02:00:27 |
| 9204 || -27.3875093951675 || 2017-07-12 18:35:21 |
| 9205 || 52.5322285421381 || 2017-02-21 02:15:17 |
| 9206 || 0.259414376820499 || 2013-02-06 19:58:24 |
| 9207 || -1.18656183090835 || 2015-01-16 14:56:28 |
| 9208 || -5.09217413429417 || 2017-09-08 03:12:57 |
| 9209 || 57.4611030339002 || 2015-02-23 18:55:13 |
| 9210 || -22.093706290749 || 2012-07-14 19:03:52 |
| 9211 || -0.172392130855334 || 2017-11-24 21:24:08 |
| 9212 || -0.819783206328726 || 2013-06-23 14:42:21 |
| 9213 || 22.2898905004602 || 2013-02-21 22:25:11 |
| 9214 || 86.490202614639 || 2018-11-02 18:56:17 |
| 9215 || 56.7825750291901 || 2018-04-06 02:11:10 |
| 9216 || 17.5967007171567 || 2011-02-16 11:41:58 |
| 9217 || -0.0664175524850271 || 2012-08-27 14:15:13 |
| 9218 || 28.8328585319464 || 2014-09-25 00:26:38 |
| 9219 || -27.9065635444406 || 2015-05-13 01:02:11 |
| 9220 || 32.4435633857509 || 2010-03-19 16:19:23 |
| 9221 || 0.0407088792212119 || 2013-06-14 05:54:37 |
| 9222 || -0.105802317476625 || 2018-08-12 02:35:33 |
| 9223 || 9.60036772941972 || 2012-11-22 05:14:36 |
| 9224 || 5.22655224009166 || 2011-10-07 14:58:27 |
| 9225 || 76.0564820788814 || 2017-03-18 13:35:40 |
| 9226 || 8.73110159765822 || 2011-06-13 16:17:59 |
| 9227 || -0.000158349388333389 || 2016-01-24 12:59:18 |
| 9228 || 4.59156105356111 || 2018-04-09 22:04:29 |
| 9229 || 10.2992894831214 || 2015-06-12 20:44:25 |
| 9230 || 46.2708838001145 || 2018-01-16 19:43:48 |
| 9231 || 5.12795501680211 || 2019-03-21 22:13:58 |
| 9232 || 0.00670222876756037 || 2015-07-04 10:54:09 |
| 9233 || -3.70113808959501 || 2018-03-19 19:58:30 |
| 9234 || 11.0375203813013 || 2017-07-20 18:12:14 |
| 9235 || 27.6433971194244 || 2014-08-15 19:59:17 |
| 9236 || 21.9284446519685 || 2013-01-19 05:42:14 |
| 9237 || 1.08802866122676 || 2017-04-22 20:26:00 |
| 9238 || -6.82617417837851 || 2019-11-22 09:12:27 |
| 9239 || 21.1090336443872 || 2018-02-21 19:50:49 |
| 9240 || 80.071475520244 || 2018-04-21 14:18:15 |
| 9241 || -12.9506184939848 || 2012-04-14 02:48:18 |
| 9242 || 2.7759939398046 || 2018-12-05 18:41:07 |
| 9243 || 15.8550741208397 || 2013-06-15 08:01:05 |
| 9244 || 67.0939330352097 || 2010-10-14 21:55:30 |
| 9245 || -18.8791609325082 || 2018-01-25 00:00:20 |
| 9246 || -16.5631819829554 || 2018-07-26 19:11:18 |
| 9247 || -0.983759300193622 || 2015-01-08 02:39:13 |
| 9248 || 7.37491608683338 || 2010-09-01 10:56:39 |
| 9249 || 33.3415402381475 || 2012-05-16 06:10:30 |
| 9250 || -5.20026798432838 || 2017-03-06 00:09:26 |
| 9251 || -18.6733968468677 || 2010-11-11 02:17:36 |
| 9252 || 7.63629156018207 || 2013-10-25 12:15:44 |
| 9253 || 0.832619632675037 || 2010-07-22 17:58:08 |
| 9254 || 27.1156782257091 || 2016-09-06 19:34:54 |
| 9255 || 45.7065344628608 || 2018-03-18 23:30:51 |
| 9256 || -18.3010569572026 || 2011-11-14 09:57:55 |
| 9257 || -1.70024524452872 || 2015-10-12 18:18:11 |
| 9258 || 2.68757397217572 || 2018-07-07 08:57:25 |
| 9259 || 10.18330017808 || 2010-02-27 19:19:32 |
| 9260 || -29.7384230878176 || 2012-06-27 05:52:47 |
| 9261 || -14.3646804318654 || 2015-12-09 05:13:36 |
| 9262 || 14.9849292269766 || 2019-09-06 13:03:42 |
| 9263 || 1.84096130219549 || 2014-03-02 12:15:13 |
| 9264 || -15.7462459923004 || 2019-12-21 08:06:58 |
| 9265 || 84.9634384776919 || 2017-07-20 12:02:46 |
| 9266 || -6.40629546491354 || 2015-05-04 09:07:37 |
| 9267 || 18.9643549234103 || 2013-11-26 18:50:01 |
| 9268 || 1.29300044194278 || 2011-10-10 06:33:12 |
| 9269 || 1.0609085175618 || 2014-08-20 18:32:44 |
| 9270 || -24.8802351129654 || 2010-10-10 11:31:48 |
| 9271 || 73.5600350199002 || 2019-07-16 07:20:12 |
| 9272 || 19.1467933224794 || 2012-06-04 07:12:10 |
| 9273 || 0.0823987219111652 || 2016-10-13 20:32:33 |
| 9274 || 26.6146537547639 || 2013-04-17 16:01:18 |
| 9275 || 78.2664860366197 || 2011-04-03 10:17:32 |
| 9276 || 72.4888230479787 || 2011-12-16 02:04:45 |
| 9277 || 15.7563253600955 || 2015-02-16 01:05:45 |
| 9278 || 0.0175070561465621 || 2013-12-13 15:49:17 |
| 9279 || 0.176219812235329 || 2011-10-18 09:54:55 |
| 9280 || 68.3283522602595 || 2014-03-12 12:03:48 |
| 9281 || 25.8235285946802 || 2016-02-27 10:08:54 |
| 9282 || 31.0500361345646 || 2010-03-04 05:24:00 |
| 9283 || -0.0646510004946336 || 2015-03-06 23:55:18 |
| 9284 || 7.19481833328705 || 2014-08-06 21:57:36 |
| 9285 || 76.8415436686063 || 2017-01-26 02:08:02 |
| 9286 || 44.0492435855851 || 2016-01-02 12:02:30 |
| 9287 || 15.6663042877577 || 2017-02-14 01:29:43 |
| 9288 || 0.683744062178709 || 2019-05-27 15:03:56 |
| 9289 || -6.39348677221116 || 2013-10-09 18:16:19 |
| 9290 || -21.3251772463953 || 2010-05-19 23:28:07 |
| 9291 || 50.7909760648014 || 2019-01-12 02:24:56 |
| 9292 || 40.0258476858293 || 2016-06-09 23:31:29 |
| 9293 || -0.793094097869734 || 2011-09-05 15:32:06 |
| 9294 || 4.87629886683412 || 2016-01-19 22:24:54 |
| 9295 || -11.2713933636013 || 2010-01-22 17:09:17 |
| 9296 || -28.764188991277 || 2018-08-23 06:10:33 |
| 9297 || 40.817948966782 || 2015-04-21 07:18:22 |
| 9298 || -0.728116748905082 || 2019-11-02 19:47:28 |
| 9299 || 10.7622200978469 || 2013-11-04 21:10:17 |
| 9300 || 40.6251853418111 || 2019-11-24 16:27:36 |
| 9301 || 86.4156320841909 || 2011-03-25 08:06:48 |
| 9302 || 23.4026741403821 || 2018-11-03 13:20:35 |
| 9303 || -1.22665029836473 || 2013-09-21 13:44:16 |
| 9304 || 4.27683969528468 || 2015-02-20 05:25:46 |
| 9305 || 43.275223827534 || 2018-09-21 03:07:58 |
| 9306 || 77.6246616973215 || 2012-04-02 23:23:56 |
| 9307 || 21.8767096275394 || 2019-09-08 21:10:47 |
| 9308 || 4.45452213028656 || 2019-02-15 18:21:14 |
| 9309 || -1.06031751043586 || 2018-11-04 16:50:13 |
| 9310 || 26.0870855788392 || 2016-09-25 04:43:36 |
| 9311 || 19.6332932977673 || 2010-06-18 22:08:49 |
| 9312 || 18.6720785843823 || 2019-04-06 13:44:53 |
| 9313 || 5.16935573438007 || 2011-09-10 11:45:11 |
| 9314 || 2.97838758261918 || 2012-11-26 11:33:08 |
| 9315 || 19.3157228188854 || 2016-07-08 03:31:18 |
| 9316 || 64.5450282809518 || 2015-05-26 03:05:58 |
| 9317 || -0.753135966876511 || 2019-03-19 14:40:52 |
| 9318 || -6.12959087744517 || 2012-03-14 05:00:48 |
| 9319 || 1.34143241797376 || 2010-01-13 15:10:29 |
| 9320 || 14.6084329103164 || 2019-12-05 23:55:01 |
| 9321 || 29.5798189968135 || 2015-06-22 23:29:58 |
| 9322 || 17.1227852218648 || 2015-11-03 06:23:02 |
| 9323 || 17.5613218736882 || 2010-06-13 13:28:50 |
| 9324 || 0.335052350248223 || 2014-09-14 03:46:14 |
| 9325 || 15.9329132242168 || 2013-06-16 05:36:12 |
| 9326 || 1.78932755722856 || 2014-11-19 20:22:53 |
| 9327 || -25.9309755067802 || 2010-12-24 01:38:56 |
| 9328 || -4.01779699056401 || 2011-08-15 12:04:42 |
| 9329 || 0.0479597141921867 || 2019-06-25 09:09:29 |
| 9330 || -2.14470825673007 || 2014-04-04 18:43:08 |
| 9331 || 47.0112383705547 || 2015-06-25 21:16:11 |
| 9332 || -26.0173718180032 || 2010-10-03 03:47:04 |
| 9333 || 27.8270105426669 || 2012-12-03 02:58:49 |
| 9334 || -0.0284614436552801 || 2015-07-22 00:12:07 |
| 9335 || 19.9122103055148 || 2014-01-09 22:06:16 |
| 9336 || 60.854071043074 || 2017-05-27 14:43:13 |
| 9337 || 77.1214992006533 || 2013-06-21 22:20:58 |
| 9338 || -4.48879854433129 || 2012-12-22 19:49:40 |
| 9339 || 0.785785582117777 || 2010-01-23 16:19:54 |
| 9340 || 8.36087074687961 || 2010-03-01 15:34:31 |
| 9341 || 71.6960809623952 || 2010-02-10 20:55:22 |
| 9342 || 65.7159448171087 || 2015-01-08 06:40:44 |
| 9343 || -6.73978975217863 || 2013-04-26 18:42:49 |
| 9344 || -0.679454715583719 || 2010-02-07 18:06:54 |
| 9345 || -4.09588817096982 || 2013-09-07 02:54:57 |
| 9346 || 55.6820295985833 || 2016-11-23 10:08:16 |
| 9347 || -2.47150350782466 || 2018-02-23 08:42:28 |
| 9348 || 13.8409579941336 || 2017-02-14 18:26:04 |
| 9349 || 0.275170687779503 || 2014-09-24 02:38:21 |
| 9350 || 6.38616234174054 || 2015-07-24 23:40:02 |
| 9351 || -13.0752640953513 || 2015-03-05 13:30:40 |
| 9352 || 68.6448103712917 || 2012-05-02 02:07:52 |
| 9353 || -16.2931994492501 || 2015-05-12 08:04:50 |
| 9354 || 2.7705569544943 || 2017-01-17 08:57:48 |
| 9355 || 2.16425887285945 || 2016-04-21 19:11:42 |
| 9356 || 0.957420593810714 || 2010-03-04 18:01:27 |
| 9357 || 44.1782337374751 || 2013-05-08 17:32:17 |
| 9358 || -18.5868496219519 || 2013-05-27 23:16:35 |
| 9359 || 7.97066713851016 || 2013-07-10 11:10:24 |
| 9360 || 0.515543434789764 || 2017-07-21 02:24:38 |
| 9361 || 16.8271290929499 || 2017-09-03 07:26:34 |
| 9362 || 67.3977221882349 || 2018-10-18 13:33:28 |
| 9363 || 54.9580262449397 || 2018-02-06 08:56:07 |
| 9364 || -3.82939396419231 || 2013-06-18 08:26:47 |
| 9365 || 2.81010739578178 || 2017-06-15 05:13:03 |
| 9366 || 14.3350235016761 || 2013-09-21 09:26:03 |
| 9367 || 15.0972893367756 || 2019-05-19 19:30:57 |
| 9368 || -20.2752110058982 || 2017-03-27 07:19:26 |
| 9369 || 1.65989453300239 || 2017-10-07 23:49:00 |
| 9370 || -0.033111397988106 || 2016-05-23 06:46:02 |
| 9371 || -6.11469929726248 || 2013-03-26 21:22:46 |
| 9372 || -28.6029143619835 || 2011-01-12 20:51:59 |
| 9373 || 52.1714035944773 || 2017-01-14 03:38:11 |
| 9374 || -1.72003387284405 || 2011-07-01 14:47:23 |
| 9375 || -0.258629976783244 || 2011-11-25 11:07:34 |
| 9376 || 9.49126493886927 || 2014-05-12 02:47:56 |
| 9377 || -27.6768221476259 || 2013-08-10 00:51:41 |
| 9378 || 77.8166871498916 || 2019-09-07 00:57:17 |
| 9379 || 24.8583456348643 || 2012-12-01 19:55:29 |
| 9380 || 0.12164318900707 || 2010-05-09 14:19:23 |
| 9381 || -6.34238517523607 || 2015-01-03 08:08:02 |
| 9382 || 21.2709119129476 || 2011-12-20 17:01:57 |
| 9383 || 4.59860549388158 || 2010-12-06 12:43:45 |
| 9384 || 19.5988322167967 || 2014-09-10 05:04:06 |
| 9385 || 0.0498497684747072 || 2017-02-19 06:22:21 |
| 9386 || 16.5878999915982 || 2011-01-08 06:56:49 |
| 9387 || 29.5366097220068 || 2018-01-06 08:30:27 |
| 9388 || 71.7093108979921 || 2015-06-01 07:55:58 |
| 9389 || -12.1056083189611 || 2013-12-22 03:29:00 |
| 9390 || 0.452405377628619 || 2015-11-12 20:08:54 |
| 9391 || 21.2139148751652 || 2015-04-17 17:57:43 |
| 9392 || 63.4529587718719 || 2014-05-06 14:50:06 |
| 9393 || 58.3825682727488 || 2018-06-02 16:05:48 |
| 9394 || 12.8504526062473 || 2016-11-05 14:39:03 |
| 9395 || 0.203553665832553 || 2015-04-21 06:03:52 |
| 9396 || -5.59762986356609 || 2010-05-01 08:58:27 |
| 9397 || 26.1554395981179 || 2019-11-15 08:04:35 |
| 9398 || 48.5879997572866 || 2014-02-12 09:29:07 |
| 9399 || 48.1187797860492 || 2011-01-26 00:21:55 |
| 9400 || 1.59459536506437 || 2014-12-18 20:21:26 |
| 9401 || -3.42972561079799 || 2012-08-22 21:22:11 |
| 9402 || 62.3066007224964 || 2017-03-14 02:51:20 |
| 9403 || 9.48252044430023 || 2018-03-22 04:01:54 |
| 9404 || 26.0108041661666 || 2016-05-12 05:38:20 |
| 9405 || 0.137830046126539 || 2011-09-13 13:43:32 |
| 9406 || 5.58824512551369 || 2017-06-12 14:55:26 |
| 9407 || -7.30416691962705 || 2019-10-27 15:52:42 |
| 9408 || -24.2794251545832 || 2018-02-15 01:19:37 |
| 9409 || 7.33854228699441 || 2014-06-21 23:32:18 |
| 9410 || 4.99140516182319 || 2011-01-05 05:06:44 |
| 9411 || 1.76972320077278 || 2015-12-07 11:07:50 |
| 9412 || 15.4248158305673 || 2016-04-14 14:38:02 |
| 9413 || -29.0048935131817 || 2010-10-07 07:32:00 |
| 9414 || 63.5905650437516 || 2012-12-23 19:43:41 |
| 9415 || 9.08851256266504 || 2018-11-12 19:37:16 |
| 9416 || 1.08293779081202 || 2012-03-26 08:04:31 |
| 9417 || 50.3975660532176 || 2015-01-06 19:45:13 |
| 9418 || 68.5389585502997 || 2013-11-01 21:15:18 |
| 9419 || -19.9598716235284 || 2019-06-17 08:48:23 |
| 9420 || 2.73944443153272 || 2017-02-20 04:08:58 |
| 9421 || -0.324767010195638 || 2015-02-10 08:52:45 |
| 9422 || 37.5348082531935 || 2015-04-10 03:37:05 |
| 9423 || 85.529213550484 || 2019-02-12 11:18:02 |
| 9424 || 44.8214960453675 || 2015-10-23 11:33:18 |
| 9425 || 15.1114795629916 || 2016-12-01 03:30:50 |
| 9426 || 0.985216853445463 || 2018-09-24 11:41:53 |
| 9427 || 15.7241706554545 || 2015-09-12 11:30:50 |
| 9428 || -27.7894079711299 || 2014-01-22 01:41:01 |
| 9429 || 77.0408000349182 || 2014-02-09 08:20:51 |
| 9430 || 24.2323771296135 || 2012-03-11 21:49:51 |
| 9431 || 0.197334653803096 || 2019-06-21 20:44:56 |
| 9432 || 30.2953543540681 || 2015-08-21 04:48:30 |
| 9433 || 61.1302197340344 || 2014-10-21 18:35:52 |
| 9434 || 47.272495220968 || 2018-07-02 02:33:26 |
| 9435 || 29.5331201402152 || 2018-11-18 18:14:08 |
| 9436 || -0.00164138929782518 || 2016-07-08 01:15:12 |
| 9437 || 16.5370429628832 || 2016-02-27 04:55:13 |
| 9438 || 32.0964124080707 || 2014-01-22 16:14:36 |
| 9439 || 40.5339986922907 || 2011-12-19 12:43:56 |
| 9440 || 26.3017995950395 || 2015-04-21 00:04:49 |
| 9441 || 0.195138007541394 || 2017-07-06 13:38:32 |
| 9442 || -7.05958480939787 || 2018-09-13 13:49:03 |
| 9443 || 62.7277893834309 || 2014-09-03 04:47:20 |
| 9444 || -15.3071513338977 || 2011-02-11 15:46:14 |
| 9445 || -6.65415129327929 || 2011-02-20 05:11:59 |
| 9446 || 1.56516875161509 || 2011-05-01 15:10:38 |
| 9447 || 7.82206774743564 || 2012-11-18 19:01:42 |
| 9448 || 64.5100270073469 || 2018-06-04 23:43:42 |
| 9449 || -12.7066781870439 || 2017-11-19 23:04:34 |
| 9450 || 22.3211822149485 || 2012-08-04 11:39:10 |
| 9451 || 0.804204158544064 || 2015-03-19 03:39:52 |
| 9452 || 7.78466964555786 || 2011-06-19 04:35:49 |
| 9453 || 9.96903235972882 || 2011-12-22 00:20:02 |
| 9454 || 85.4332226036542 || 2011-08-16 14:43:57 |
| 9455 || -17.5367507594629 || 2017-06-05 02:42:48 |
| 9456 || 3.63515083511386 || 2011-11-27 06:56:14 |
| 9457 || -3.74362529935148 || 2010-09-25 06:28:16 |
| 9458 || 34.3788263850335 || 2015-01-11 23:44:50 |
| 9459 || -29.9240437054768 || 2015-08-03 20:09:10 |
| 9460 || 21.5865219524532 || 2019-12-14 16:08:02 |
| 9461 || 5.50573836668784 || 2012-10-14 21:25:19 |
| 9462 || -1.47672178899318 || 2015-11-11 19:36:19 |
| 9463 || 55.9194849961737 || 2017-09-08 14:25:38 |
| 9464 || 70.2432131257685 || 2013-04-25 08:49:00 |
| 9465 || -12.9659592873613 || 2010-10-07 04:07:12 |
| 9466 || 12.0407112926278 || 2017-10-19 04:59:33 |
| 9467 || -0.777412464573636 || 2018-09-07 08:57:20 |
| 9468 || -5.76947864263181 || 2018-09-19 20:36:25 |
| 9469 || 40.0658671589937 || 2016-06-16 19:16:47 |
| 9470 || -22.5459364939967 || 2012-07-04 17:39:59 |
| 9471 || 15.9880903691998 || 2013-01-23 03:12:31 |
| 9472 || 2.73880640245207 || 2017-05-13 21:10:13 |
| 9473 || 10.7710959846467 || 2015-11-27 12:40:45 |
| 9474 || -28.8533111716924 || 2011-05-26 13:44:47 |
| 9475 || -23.6542273166038 || 2018-07-13 08:42:08 |
| 9476 || 17.8804993797583 || 2013-01-07 07:45:06 |
| 9477 || 0.493603182272336 || 2019-07-02 01:14:26 |
| 9478 || 23.1682020043947 || 2014-03-15 23:01:53 |
| 9479 || 66.1181091907822 || 2018-08-09 13:29:11 |
| 9480 || 4.73931557653264 || 2017-12-19 02:18:02 |
| 9481 || 24.7651940274192 || 2015-04-18 05:58:09 |
| 9482 || 0.142417799912859 || 2015-11-17 05:46:32 |
| 9483 || -11.3359461193166 || 2010-11-16 00:17:33 |
| 9484 || 83.1768695948141 || 2016-12-02 19:28:31 |
| 9485 || 59.0882119968164 || 2017-11-19 21:45:10 |
| 9486 || 20.2491457564428 || 2019-04-01 00:05:56 |
| 9487 || 7.92687742485331e-06 || 2015-02-26 18:39:53 |
| 9488 || 29.3090793389993 || 2019-07-27 16:08:12 |
| 9489 || 0.0400704506035446 || 2013-08-12 18:49:40 |
| 9490 || -18.0226315679216 || 2016-05-07 16:21:28 |
| 9491 || 10.7895844783998 || 2014-09-07 10:15:56 |
| 9492 || 0.249428675268703 || 2017-05-27 03:04:27 |
| 9493 || 24.0692938542281 || 2018-04-25 17:52:35 |
| 9494 || -24.0292359641285 || 2014-08-03 03:07:44 |
| 9495 || -28.0928265997331 || 2019-03-13 00:15:03 |
| 9496 || 40.3430992343115 || 2012-06-05 18:11:57 |
| 9497 || 1.10788185060272 || 2011-05-15 10:49:34 |
| 9498 || 12.711233293747 || 2019-06-17 12:38:58 |
| 9499 || 22.2287024747145 || 2010-09-08 18:17:31 |
| 9500 || -22.0125816042792 || 2013-01-18 18:12:09 |
| 9501 || 38.9086970353696 || 2014-04-22 08:56:24 |
| 9502 || 2.89377705358467 || 2010-04-02 11:47:09 |
| 9503 || 6.79997087103405 || 2018-04-04 03:24:56 |
| 9504 || -4.8721268349579 || 2012-09-13 06:02:21 |
| 9505 || 83.6334385415909 || 2018-05-25 09:02:01 |
| 9506 || 45.0873689063549 || 2016-03-11 20:50:30 |
| 9507 || 2.92587819037576 || 2015-10-15 19:10:00 |
| 9508 || 11.1630120577733 || 2010-10-21 07:35:03 |
| 9509 || -18.2305828560162 || 2012-03-07 00:52:06 |
| 9510 || 58.9783790648265 || 2014-11-20 20:40:02 |
| 9511 || 7.47677183248898 || 2011-08-11 13:55:52 |
| 9512 || 0.0408863188651463 || 2010-07-07 01:42:32 |
| 9513 || -2.0113280596737 || 2018-08-24 21:16:10 |
| 9514 || 41.7274293196528 || 2014-10-10 23:32:45 |
| 9515 || 74.690437669123 || 2014-09-09 22:12:17 |
| 9516 || -19.1306751001225 || 2016-02-10 11:37:06 |
| 9517 || 4.53879291724919 || 2013-05-21 12:00:21 |
| 9518 || 5.61062837590191 || 2012-03-13 20:28:10 |
| 9519 || 52.1686536630424 || 2010-12-01 03:08:27 |
| 9520 || 5.60182940206558 || 2018-12-07 20:52:20 |
| 9521 || 42.9185150032867 || 2011-06-25 10:17:46 |
| 9522 || 15.2336888982215 || 2019-02-23 13:50:43 |
| 9523 || 1.07078447233059 || 2013-01-07 02:12:46 |
| 9524 || 41.5248329295962 || 2014-04-15 10:21:06 |
| 9525 || 31.6956928693992 || 2016-01-07 14:27:09 |
| 9526 || -0.697800034423553 || 2011-04-01 16:24:49 |
| 9527 || 3.98243298613689 || 2017-01-01 15:40:22 |
| 9528 || 1.14870159033395 || 2019-03-24 06:46:09 |
| 9529 || 14.1021865417991 || 2017-09-24 16:40:17 |
| 9530 || 60.7402539437412 || 2012-11-19 20:51:49 |
| 9531 || 44.6255515875962 || 2019-10-09 08:49:39 |
| 9532 || 20.0169226784859 || 2018-01-16 09:57:17 |
| 9533 || 0.055713254681637 || 2018-02-08 07:08:25 |
| 9534 || 36.1866266253371 || 2019-05-16 00:55:43 |
| 9535 || 83.3276089593888 || 2019-12-07 17:58:36 |
| 9536 || 13.3571924810332 || 2016-04-06 05:31:49 |
| 9537 || 17.8211143294289 || 2012-10-14 03:11:40 |
| 9538 || -0.00298908174994136 || 2019-12-26 08:42:48 |
| 9539 || -6.80199130781385 || 2014-10-22 11:31:26 |
| 9540 || 75.6588968106785 || 2018-08-10 00:26:27 |
| 9541 || 54.3190818277757 || 2013-07-04 20:07:25 |
| 9542 || -0.350826294644191 || 2013-05-18 13:53:55 |
| 9543 || 0.20613806497274 || 2019-07-27 08:36:17 |
| 9544 || 3.68033460069722 || 2010-08-26 03:05:52 |
| 9545 || 75.1335845075813 || 2017-01-08 19:06:46 |
| 9546 || 19.895016342122 || 2013-10-23 21:24:43 |
| 9547 || 2.63656791054203 || 2011-12-09 22:37:20 |
| 9548 || -0.309439361914379 || 2014-03-05 06:10:57 |
| 9549 || 1.19443630759625 || 2011-07-12 14:31:43 |
| 9550 || -6.85231462572486 || 2017-10-02 13:20:05 |
| 9551 || -15.4248348318004 || 2017-05-11 10:12:58 |
| 9552 || 2.80730627547996 || 2017-02-13 04:14:13 |
| 9553 || 0.525137791120303 || 2018-05-22 05:06:20 |
| 9554 || -4.12934601577594 || 2019-08-17 05:23:53 |
| 9555 || -22.5739351757599 || 2014-03-23 10:02:17 |
| 9556 || 54.1992042203384 || 2010-11-03 19:24:25 |
| 9557 || 24.0028647565307 || 2014-07-03 14:17:27 |
| 9558 || -0.660754828102771 || 2011-03-08 16:23:21 |
| 9559 || 12.6643704373658 || 2017-07-26 22:38:46 |
| 9560 || 12.805999664978 || 2018-01-18 10:11:35 |
| 9561 || 77.0405634941989 || 2018-09-21 05:41:33 |
| 9562 || -13.5383817245901 || 2019-07-04 02:46:05 |
| 9563 || 7.44396984293382 || 2018-10-09 14:45:56 |
| 9564 || 8.96044271388075 || 2010-06-27 17:57:47 |
| 9565 || 32.5338743270415 || 2011-10-09 08:07:02 |
| 9566 || 41.855192431513 || 2019-07-08 12:39:55 |
| 9567 || -8.34766578298576 || 2018-09-07 09:20:10 |
| 9568 || 3.2408175761031 || 2012-08-27 14:00:33 |
| 9569 || 5.33461053448003 || 2010-02-16 13:55:23 |
| 9570 || -3.20455543956858 || 2018-03-27 21:07:16 |
| 9571 || 7.48539420212365 || 2018-05-13 19:31:03 |
| 9572 || 12.2296833404852 || 2019-03-20 10:45:48 |
| 9573 || 4.45039197095494 || 2010-12-13 12:58:46 |
| 9574 || -1.20886033463914 || 2012-01-26 04:50:03 |
| 9575 || 44.4688658010433 || 2018-08-26 13:58:17 |
| 9576 || -1.13951719790114 || 2016-04-02 23:00:36 |
| 9577 || 46.0648444425773 || 2010-09-27 14:43:31 |
| 9578 || 17.2720506089286 || 2016-10-25 05:37:44 |
| 9579 || 1.41523759435694 || 2014-03-04 02:52:05 |
| 9580 || 38.1174717140564 || 2019-07-09 00:11:39 |
| 9581 || -24.2443627673462 || 2011-09-19 01:07:27 |
| 9582 || 23.8335485507556 || 2012-08-14 07:07:19 |
| 9583 || -6.01311171242041 || 2016-08-04 03:59:17 |
| 9584 || -0.162320353606774 || 2016-02-17 16:16:57 |
| 9585 || -4.71093796047104 || 2016-03-16 01:07:10 |
| 9586 || 38.9672547156456 || 2015-10-19 07:46:48 |
| 9587 || 78.6225868706398 || 2016-08-09 14:42:11 |
| 9588 || -8.29789742142575 || 2019-12-10 20:45:51 |
| 9589 || -0.0129812391602901 || 2013-01-09 12:03:49 |
| 9590 || -6.86291575671868 || 2010-08-12 04:33:41 |
| 9591 || -26.3545580815948 || 2012-07-19 21:21:54 |
| 9592 || -17.5502819250107 || 2016-04-02 10:39:27 |
| 9593 || 28.5337803964436 || 2013-02-05 01:13:36 |
| 9594 || -0.0299685528900704 || 2013-01-15 05:31:36 |
| 9595 || 22.6317247675459 || 2010-02-19 20:01:57 |
| 9596 || -19.8431975646034 || 2019-09-12 02:51:37 |
| 9597 || 84.0482543783674 || 2011-03-26 20:32:37 |
| 9598 || 38.4925065128252 || 2010-04-20 14:21:14 |
| 9599 || 0.752251928047914 || 2010-05-16 23:19:30 |
| 9600 || 16.1608904888396 || 2016-01-23 13:12:38 |
| 9601 || -24.3259930181206 || 2015-09-10 03:05:58 |
| 9602 || -17.8130959008657 || 2016-10-13 01:56:02 |
| 9603 || 43.6906239854003 || 2019-01-14 06:42:41 |
| 9604 || -0.419662879578782 || 2010-03-11 02:05:42 |
| 9605 || -2.25245087128157 || 2015-08-18 19:26:54 |
| 9606 || 60.0476494556193 || 2010-02-11 13:36:54 |
| 9607 || 87.9935530262292 || 2019-10-02 22:29:15 |
| 9608 || 7.26136389218391 || 2014-04-09 05:07:02 |
| 9609 || -1.26086061201835 || 2018-11-10 20:51:15 |
| 9610 || 3.63260290040514 || 2017-02-11 16:03:31 |
| 9611 || -21.5619017909984 || 2010-10-10 04:12:34 |
| 9612 || 71.4437859355028 || 2012-01-22 01:51:39 |
| 9613 || 52.3600475910638 || 2014-06-11 18:42:55 |
| 9614 || 3.42788145798916 || 2012-12-04 11:04:17 |
| 9615 || -3.2571902641981 || 2013-09-14 06:03:20 |
| 9616 || 45.3213711711833 || 2015-12-08 14:04:56 |
| 9617 || -28.0896395982816 || 2015-05-01 18:28:05 |
| 9618 || 29.9341068238316 || 2014-04-19 13:58:12 |
| 9619 || 9.36097879374543 || 2014-04-23 05:53:05 |
| 9620 || -2.15452952056134 || 2019-12-25 06:48:59 |
| 9621 || 53.5157627417632 || 2019-07-01 01:09:16 |
| 9622 || 41.4003980396133 || 2012-08-13 02:26:51 |
| 9623 || -12.4036483117987 || 2017-11-09 22:50:03 |
| 9624 || -2.64328215444435 || 2016-10-23 10:24:03 |
| 9625 || 3.60049698564775 || 2015-08-14 00:12:37 |
| 9626 || -14.4641868829245 || 2013-04-27 00:10:31 |
| 9627 || 47.1810352710234 || 2016-05-12 13:14:56 |
| 9628 || -22.8570967543475 || 2011-03-12 10:58:21 |
| 9629 || 5.4786758332815 || 2018-04-24 21:12:02 |
| 9630 || -0.217194331833983 || 2017-04-19 04:26:05 |
| 9631 || 29.90204929563 || 2012-11-20 00:01:48 |
| 9632 || 64.3277358783654 || 2012-06-12 11:10:38 |
| 9633 || 73.7944687138037 || 2015-03-22 23:56:10 |
| 9634 || -6.4699745940261 || 2015-08-01 19:46:42 |
| 9635 || 0.178028668160689 || 2011-11-24 07:49:46 |
| 9636 || 36.4093576984044 || 2017-06-23 04:36:17 |
| 9637 || -18.1719045401001 || 2010-09-12 16:12:34 |
| 9638 || -25.0592961427399 || 2011-05-15 04:53:45 |
| 9639 || 20.2420658505607 || 2016-04-16 05:22:32 |
| 9640 || 0.0587775930929975 || 2017-05-22 02:42:56 |
| 9641 || 18.1741905759931 || 2016-11-21 21:38:24 |
| 9642 || 19.9324435376818 || 2013-08-27 21:36:52 |
| 9643 || 24.8398859160276 || 2015-07-03 17:07:43 |
| 9644 || 5.68483042391677 || 2019-05-15 07:42:14 |
| 9645 || 0.0231929923319971 || 2013-08-11 12:37:26 |
| 9646 || -4.46512140814035 || 2010-05-12 09:17:42 |
| 9647 || 25.6071970759642 || 2017-03-25 14:27:45 |
| 9648 || -28.1126469298561 || 2016-04-22 20:02:51 |
| 9649 || 14.9044475020848 || 2014-08-27 21:59:30 |
| 9650 || 0.547497533446092 || 2012-11-12 09:30:14 |
| 9651 || -3.0068295636111 || 2012-11-19 16:44:00 |
| 9652 || 65.0228231526487 || 2011-05-07 02:24:57 |
| 9653 || -12.2931366269822 || 2018-06-23 21:19:30 |
| 9654 || 21.4413426730256 || 2015-11-17 05:04:11 |
| 9655 || -0.505911810176962 || 2010-11-17 22:53:20 |
| 9656 || -5.97799795723603 || 2011-06-13 01:34:18 |
| 9657 || 67.2912677227371 || 2013-09-04 21:04:04 |
| 9658 || 83.945276404101 || 2014-11-09 17:46:21 |
| 9659 || 32.1104070518971 || 2018-10-15 07:51:28 |
| 9660 || 0.577082639706347 || 2015-09-09 00:26:09 |
| 9661 || 0.618565666704494 || 2013-01-05 02:01:51 |
| 9662 || 0.28419598564348 || 2014-01-26 11:02:11 |
| 9663 || 89.5610798076034 || 2010-11-07 08:55:15 |
| 9664 || -15.6017812894724 || 2013-01-05 05:34:38 |
| 9665 || -2.03574456144191 || 2018-12-26 01:01:11 |
| 9666 || 10.3457198762372 || 2014-06-02 01:37:29 |
| 9667 || 25.056133707686 || 2018-11-20 00:27:06 |
| 9668 || 68.2005697738437 || 2017-02-02 16:57:45 |
| 9669 || 5.9186020989499 || 2018-01-07 19:56:08 |
| 9670 || -3.13770332808301 || 2013-05-14 02:01:46 |
| 9671 || -1.34791270172387 || 2019-12-04 10:21:03 |
| 9672 || 41.9348735539857 || 2018-07-06 19:41:53 |
| 9673 || -19.7195874111691 || 2010-09-09 04:12:55 |
| 9674 || 55.1561943752789 || 2010-02-24 07:56:01 |
| 9675 || 10.9045008804259 || 2012-04-20 02:19:52 |
| 9676 || -0.76310601369033 || 2015-02-14 21:16:19 |
| 9677 || 15.6819072542212 || 2011-07-02 05:19:21 |
| 9678 || 78.0088790488799 || 2017-12-18 19:39:25 |
| 9679 || 9.73526962132586 || 2010-06-13 21:55:15 |
| 9680 || -2.94816294431682 || 2012-09-26 18:47:57 |
| 9681 || -0.793268775761757 || 2019-07-07 03:09:57 |
| 9682 || 41.696378888439 || 2011-02-21 00:06:43 |
| 9683 || 40.5244391463937 || 2010-05-17 22:13:34 |
| 9684 || -4.05333021588121 || 2016-06-21 12:18:36 |
| 9685 || -7.0136875030805 || 2019-11-16 19:51:28 |
| 9686 || -0.023376036112853 || 2016-06-04 16:41:09 |
| 9687 || 22.5210131577621 || 2013-07-15 06:48:10 |
| 9688 || 21.1866159354424 || 2019-02-14 13:03:45 |
| 9689 || -19.0358129699619 || 2018-08-09 13:22:57 |
| 9690 || 8.04129608924838 || 2012-01-04 20:59:28 |
| 9691 || -0.00763061028665736 || 2018-04-07 00:47:06 |
| 9692 || -10.8979327005569 || 2013-01-09 16:06:57 |
| 9693 || -23.2466144798635 || 2014-02-10 07:54:15 |
| 9694 || -19.5275222610116 || 2019-07-12 16:00:26 |
| 9695 || 29.6653845831945 || 2012-01-20 14:50:48 |
| 9696 || -8.86219361429162e-05 || 2011-09-11 19:30:19 |
| 9697 || 8.44656148771852 || 2012-11-11 16:24:48 |
| 9698 || -11.482412093984 || 2011-10-01 22:49:31 |
| 9699 || 53.8482388100097 || 2015-01-16 09:52:52 |
| 9700 || 36.6663433593649 || 2019-05-22 18:36:28 |
| 9701 || -0.119932278688106 || 2013-03-02 23:52:31 |
| 9702 || -6.30315535198259 || 2011-06-16 05:27:58 |
| 9703 || -19.7151965057385 || 2011-08-13 06:21:40 |
| 9704 || -24.0585984528064 || 2018-09-22 14:43:17 |
| 9705 || -14.0115575314749 || 2019-12-09 05:06:37 |
| 9706 || 0.798149393436952 || 2012-09-12 10:47:04 |
| 9707 || -2.26632043459694 || 2018-01-24 13:04:36 |
| 9708 || 51.3016139875685 || 2016-12-18 19:42:57 |
| 9709 || 39.1903770792768 || 2010-12-18 01:53:26 |
| 9710 || 45.5643648091336 || 2019-04-15 22:17:17 |
| 9711 || 2.84483729662756 || 2016-02-03 04:46:27 |
| 9712 || 8.58500877215968 || 2013-11-11 15:05:05 |
| 9713 || 10.6902902642682 || 2010-07-20 22:19:04 |
| 9714 || -22.8109215735211 || 2013-10-18 14:48:26 |
| 9715 || -1.60015778435857 || 2018-12-21 06:59:00 |
| 9716 || 2.11619274492901 || 2017-11-17 11:08:27 |
| 9717 || 5.23802873267919 || 2017-10-12 08:27:05 |
| 9718 || -20.5478376145651 || 2017-08-06 10:56:41 |
| 9719 || 89.4112224455178 || 2013-02-15 06:04:39 |
| 9720 || 57.6501156673808 || 2015-02-09 16:28:47 |
| 9721 || -1.66811891718319 || 2019-11-27 05:07:48 |
| 9722 || 2.93259246863637 || 2018-07-03 13:47:49 |
| 9723 || 47.8808079540709 || 2011-07-06 16:39:31 |
| 9724 || 82.1379921127954 || 2016-04-19 16:35:15 |
| 9725 || 13.7961456005793 || 2019-06-23 22:18:50 |
| 9726 || 12.0674789643715 || 2014-10-15 03:08:09 |
| 9727 || 4.02448863078425 || 2012-02-19 07:29:19 |
| 9728 || -14.9713243609963 || 2010-05-27 14:28:28 |
| 9729 || 49.7206259423724 || 2018-06-20 03:23:44 |
| 9730 || -7.06093940639336 || 2016-09-10 00:39:03 |
| 9731 || 11.2512485829526 || 2010-08-11 14:30:47 |
| 9732 || 2.22993723241122 || 2017-11-22 08:20:50 |
| 9733 || 31.0938631649048 || 2014-11-08 06:49:00 |
| 9734 || 69.7358586595637 || 2015-02-06 23:29:35 |
| 9735 || 18.1576283188274 || 2013-09-27 19:22:42 |
| 9736 || 20.3859874189758 || 2015-08-04 19:45:09 |
| 9737 || 0.714840598320931 || 2016-01-17 19:27:04 |
| 9738 || 40.0049157954563 || 2010-07-18 10:56:31 |
| 9739 || -11.6463547050971 || 2012-09-15 15:21:24 |
| 9740 || 75.1980649286076 || 2013-05-10 02:13:23 |
| 9741 || 4.66056244624517 || 2018-03-21 19:18:35 |
| 9742 || -0.0763924036204158 || 2015-11-26 05:28:13 |
| 9743 || 12.3858296973494 || 2013-07-07 18:34:33 |
| 9744 || 80.1136669978289 || 2013-02-01 04:22:58 |
| 9745 || -1.62471575272891 || 2010-10-03 09:21:32 |
| 9746 || 24.4320845775121 || 2018-12-27 22:21:15 |
| 9747 || -0.000445518016273395 || 2015-02-11 20:43:01 |
| 9748 || 15.7197940719218 || 2015-08-25 07:28:21 |
| 9749 || -26.45481449521 || 2010-05-15 14:24:58 |
| 9750 || -10.7792380440855 || 2013-10-05 19:44:07 |
| 9751 || -7.63704289279534 || 2014-11-16 13:49:08 |
| 9752 || 0.00208424823967069 || 2018-07-16 14:38:13 |
| 9753 || 15.4647404227091 || 2017-07-24 04:39:31 |
| 9754 || 63.5196175148798 || 2013-11-02 10:56:32 |
| 9755 || -19.5696472546804 || 2015-05-07 02:43:33 |
| 9756 || 33.1220522133759 || 2014-03-20 22:56:11 |
| 9757 || -0.218786450053757 || 2012-10-26 22:18:21 |
| 9758 || 20.0163200658014 || 2016-10-09 04:30:48 |
| 9759 || 41.3441848732614 || 2015-10-24 17:07:00 |
| 9760 || 61.6988676018251 || 2016-05-22 06:16:58 |
| 9761 || -12.4873557532083 || 2016-11-16 22:03:40 |
| 9762 || 1.13599408477447 || 2017-09-26 19:21:19 |
| 9763 || 6.032851833143 || 2016-03-16 00:55:13 |
| 9764 || 56.2823776828306 || 2010-10-11 13:09:59 |
| 9765 || -9.5472702697394 || 2014-12-16 19:02:50 |
| 9766 || -2.40278029425894 || 2019-12-10 16:33:35 |
| 9767 || -0.84292373602556 || 2011-07-20 05:48:10 |
| 9768 || 8.05882450797629 || 2010-06-11 21:56:50 |
| 9769 || 3.38847487123437 || 2014-07-21 22:10:07 |
| 9770 || -3.75201864069097 || 2010-01-08 19:45:16 |
| 9771 || 44.2258055821622 || 2014-11-09 09:34:31 |
| 9772 || 5.06906293089162 || 2014-11-11 23:57:34 |
| 9773 || 3.8144840298193 || 2013-08-25 19:01:47 |
| 9774 || -0.639997428397794 || 2012-01-14 23:30:13 |
| 9775 || 13.5686134452233 || 2016-01-20 23:15:06 |
| 9776 || 55.5953214008127 || 2011-09-14 21:13:34 |
| 9777 || 9.05520925522323 || 2017-03-09 09:33:54 |
| 9778 || -1.67722252769187 || 2016-03-03 19:47:06 |
| 9779 || 21.8794134317412 || 2015-03-04 09:50:57 |
| 9780 || 82.1746380475304 || 2017-08-17 19:41:31 |
| 9781 || 34.8087274311311 || 2011-01-01 08:26:06 |
| 9782 || -2.33769886381661 || 2013-12-22 06:43:55 |
| 9783 || -1.05505493492015 || 2010-05-20 16:13:39 |
| 9784 || 34.1745829594308 || 2015-03-27 09:27:47 |
| 9785 || -4.44108208545569 || 2017-11-12 13:27:58 |
| 9786 || 26.928308817031 || 2015-10-09 15:14:30 |
| 9787 || -0.121245716158544 || 2019-02-14 19:05:09 |
| 9788 || -0.178702682407893 || 2013-09-01 14:45:46 |
| 9789 || 40.2375723766703 || 2016-07-16 19:21:00 |
| 9790 || -28.1795966346458 || 2011-07-16 08:15:52 |
| 9791 || 75.1048053758804 || 2014-08-12 16:23:39 |
| 9792 || 15.8136695652442 || 2015-03-19 09:04:51 |
| 9793 || 0.410018756820165 || 2019-07-11 07:12:23 |
| 9794 || -7.72520221292201 || 2014-05-19 09:47:18 |
| 9795 || -19.65197017039 || 2013-10-23 09:58:26 |
| 9796 || 74.3702174840202 || 2012-05-13 17:51:39 |
| 9797 || 25.3827938518787 || 2017-05-25 03:26:54 |
| 9798 || 0.000763107930253764 || 2016-06-27 19:54:37 |
| 9799 || 2.12044126179328 || 2014-07-13 21:58:43 |
| 9800 || 63.1001742397339 || 2017-11-16 12:08:38 |
| 9801 || 72.7253975997994 || 2018-03-05 19:53:39 |
| 9802 || 31.6173816882748 || 2013-11-04 16:33:34 |
| 9803 || 0.186799206850979 || 2017-10-02 16:49:05 |
| 9804 || 22.4013760835053 || 2011-04-19 19:55:51 |
| 9805 || -23.0784982423032 || 2012-06-05 09:08:32 |
| 9806 || 14.8202599697007 || 2015-10-11 22:11:40 |
| 9807 || 39.9399286697606 || 2018-09-05 23:47:26 |
| 9808 || 0.433369331928749 || 2018-12-25 00:20:14 |
| 9809 || 5.04874176736677 || 2010-07-24 15:47:11 |
| 9810 || 67.4865391823052 || 2015-01-15 08:11:18 |
| 9811 || 71.6126342412125 || 2012-05-08 09:19:14 |
| 9812 || -5.59265870526439 || 2015-04-13 17:58:40 |
| 9813 || 0.458444921504423 || 2014-10-19 21:11:10 |
| 9814 || 9.79502093374117 || 2015-06-22 20:13:41 |
| 9815 || -11.0785097328845 || 2018-10-23 03:59:06 |
| 9816 || -22.5535836161438 || 2015-10-04 10:00:12 |
| 9817 || -16.6262657368992 || 2019-06-24 19:55:51 |
| 9818 || 4.77128271598399 || 2010-06-04 06:23:58 |
| 9819 || -2.56180532357533 || 2010-08-09 23:08:52 |
| 9820 || -20.7409472259544 || 2015-04-16 00:05:16 |
| 9821 || 43.0951301575515 || 2012-01-01 18:16:15 |
| 9822 || 51.5602105665979 || 2019-08-27 04:04:34 |
| 9823 || 7.2646671014407 || 2014-04-26 21:07:33 |
| 9824 || 6.81046522529561 || 2011-05-17 05:22:48 |
| 9825 || 14.2487609520976 || 2014-06-20 00:28:01 |
| 9826 || -29.8722367970725 || 2010-03-23 12:54:40 |
| 9827 || -10.8102485434868 || 2019-06-10 08:05:46 |
| 9828 || 6.41928443022943 || 2014-02-26 07:38:30 |
| 9829 || -1.64966110934384 || 2013-12-15 20:12:27 |
| 9830 || 25.3997398989097 || 2016-11-14 03:59:05 |
| 9831 || 88.7744916168878 || 2018-10-02 02:42:42 |
| 9832 || -21.7491002291177 || 2012-10-21 10:03:19 |
| 9833 || 8.25843693439623 || 2019-12-22 00:18:36 |
| 9834 || 1.12322504977101 || 2019-01-21 16:07:21 |
| 9835 || 16.9189724717823 || 2013-03-12 13:46:34 |
| 9836 || 77.3952690685576 || 2013-12-05 10:13:07 |
| 9837 || -21.4303399962897 || 2011-06-03 22:23:15 |
| 9838 || 14.5538751146746 || 2013-05-22 15:06:45 |
| 9839 || 0.430516555070545 || 2010-12-14 08:19:28 |
| 9840 || 21.9995516892512 || 2017-10-27 10:14:05 |
| 9841 || 78.7547083898818 || 2017-08-25 18:47:24 |
| 9842 || 31.9370886942068 || 2010-07-14 14:02:54 |
| 9843 || -0.304420160751883 || 2018-10-18 03:54:33 |
| 9844 || 0.563096716954805 || 2012-02-03 08:52:58 |
| 9845 || -0.755282057279037 || 2018-08-09 07:52:14 |
| 9846 || 63.3928697658958 || 2019-01-13 19:33:43 |
| 9847 || 1.70422725822502 || 2017-10-03 17:09:40 |
| 9848 || 9.94282154585872 || 2015-03-02 17:03:46 |
| 9849 || 0.0279532766133183 || 2010-01-08 08:13:16 |
| 9850 || 0.823561364433701 || 2016-09-22 09:33:38 |
| 9851 || -12.4082209803245 || 2014-11-02 18:44:38 |
| 9852 || 35.373151304471 || 2014-08-06 00:05:07 |
| 9853 || -10.4549355136268 || 2010-01-01 18:21:45 |
| 9854 || 0.135916035127397 || 2016-01-26 10:39:23 |
| 9855 || 19.5253162524378 || 2017-07-21 14:19:02 |
| 9856 || 74.9502003323994 || 2010-04-19 00:32:48 |
| 9857 || -24.029861307261 || 2016-01-13 13:57:20 |
| 9858 || 31.5333794904045 || 2013-09-25 07:03:10 |
| 9859 || -0.0846567389917811 || 2013-08-24 17:48:37 |
| 9860 || 0.88224275889573 || 2014-12-13 23:34:35 |
| 9861 || 68.893547856184 || 2014-07-13 01:42:19 |
| 9862 || -24.6415339374901 || 2010-08-14 10:13:00 |
| 9863 || -0.0601341057236969 || 2010-08-12 21:17:41 |
| 9864 || 1.55676469369572 || 2017-03-17 21:56:46 |
| 9865 || 7.60506668927511 || 2014-04-14 10:52:12 |
| 9866 || 29.8135354795293 || 2019-12-26 20:14:53 |
| 9867 || -16.7333007246299 || 2015-07-21 05:39:33 |
| 9868 || 2.02076573485249 || 2013-12-04 17:17:48 |
| 9869 || 2.12719057092276 || 2012-05-17 06:50:44 |
| 9870 || -3.98958690644262 || 2015-09-16 14:59:33 |
| 9871 || 45.5345927330434 || 2017-03-19 17:25:40 |
| 9872 || -18.8809645600999 || 2012-01-03 02:02:11 |
| 9873 || 41.5941033632943 || 2019-10-18 10:21:09 |
| 9874 || 6.20954671711483 || 2016-04-09 02:12:13 |
| 9875 || 9.58920477375673 || 2012-05-05 07:04:23 |
| 9876 || -13.5306362280452 || 2016-11-04 19:56:15 |
| 9877 || 63.4190765603174 || 2015-02-10 17:36:38 |
| 9878 || 16.0751085468868 || 2018-12-03 21:13:36 |
| 9879 || 6.7299431301438 || 2010-06-18 15:55:51 |
| 9880 || -0.827180411740603 || 2010-05-17 10:28:09 |
| 9881 || 1.29980638514216 || 2017-01-01 19:03:54 |
| 9882 || -22.8051340297769 || 2016-01-14 13:07:38 |
| 9883 || -18.847521302661 || 2017-10-14 03:12:25 |
| 9884 || -4.63073561834354 || 2014-02-02 02:04:50 |
| 9885 || 3.66926292587571 || 2017-03-07 17:33:27 |
| 9886 || -6.53947685733661 || 2013-11-13 09:00:43 |
| 9887 || 9.51152056016121 || 2011-06-05 21:18:43 |
| 9888 || 63.1578259288583 || 2014-03-05 06:36:11 |
| 9889 || 9.66751646282127 || 2015-03-21 00:53:13 |
| 9890 || 1.60799953303375 || 2011-10-09 11:41:01 |
| 9891 || 32.8356326701235 || 2011-03-15 06:11:35 |
| 9892 || 13.0835502212423 || 2012-10-11 12:19:53 |
| 9893 || -21.6283468222987 || 2012-09-24 13:44:57 |
| 9894 || 20.4956559703928 || 2012-11-03 11:15:50 |
| 9895 || 0.535036939803743 || 2018-03-14 20:38:02 |
| 9896 || 26.1598344394731 || 2012-07-08 14:32:39 |
| 9897 || -12.1889823904207 || 2013-03-01 08:16:20 |
| 9898 || 69.2765865100049 || 2014-07-27 08:52:21 |
| 9899 || 18.7793792069185 || 2015-04-03 19:33:30 |
| 9900 || -0.0121405387211828 || 2011-10-14 07:47:19 |
| 9901 || 18.4791228806576 || 2018-01-04 11:55:55 |
| 9902 || -24.4001503295526 || 2017-11-04 16:29:58 |
| 9903 || 39.2386335586629 || 2012-06-11 01:59:23 |
| 9904 || -7.10907398452446 || 2016-01-18 08:41:21 |
| 9905 || 0.0640396728167612 || 2013-03-26 11:18:09 |
| 9906 || -8.85833863659 || 2017-11-22 05:39:41 |
| 9907 || -24.860606421224 || 2012-12-25 14:03:20 |
| 9908 || -20.1645834370671 || 2017-04-03 22:56:20 |
| 9909 || 34.4672217251278 || 2017-11-19 05:38:36 |
| 9910 || 0.465459610921448 || 2017-12-04 02:01:21 |
| 9911 || -1.7743627758673 || 2014-05-08 19:22:00 |
| 9912 || 65.2355047856069 || 2014-06-08 08:33:07 |
| 9913 || 44.7590776939405 || 2010-10-20 05:51:36 |
| 9914 || 23.9355139805369 || 2010-06-08 22:40:37 |
| 9915 || 1.61225870713282 || 2010-10-16 14:39:12 |
| 9916 || -1.34031808739499 || 2019-08-21 04:12:28 |
| 9917 || -6.53109437797487 || 2016-10-03 11:53:04 |
| 9918 || -7.52058877494218 || 2010-10-06 18:05:06 |
| 9919 || 22.6314248858016 || 2010-12-11 17:33:45 |
| 9920 || 0.615315650643059 || 2011-03-06 11:47:56 |
| 9921 || 2.81678530921621 || 2012-08-23 03:59:44 |
| 9922 || -18.7205526501425 || 2011-01-19 09:42:59 |
| 9923 || 26.2686474105036 || 2012-12-25 20:54:16 |
| 9924 || -18.0658108240612 || 2015-05-04 16:01:25 |
| 9925 || 0.99252572230973 || 2012-01-10 03:14:24 |
| 9926 || 7.96802505099978 || 2013-04-02 10:32:01 |
| 9927 || -20.0795787975716 || 2014-06-23 22:24:14 |
| 9928 || 5.43438573636392 || 2015-03-09 06:43:20 |
| 9929 || -17.7484846512559 || 2011-07-24 11:48:40 |
| 9930 || 8.32482122047867 || 2010-06-14 15:00:09 |
| 9931 || -0.242627321760294 || 2016-10-13 06:14:22 |
| 9932 || -17.8425003312468 || 2011-12-15 09:29:44 |
| 9933 || -25.2219688831432 || 2015-10-04 07:30:44 |
| 9934 || -11.223048152012 || 2014-11-05 20:55:52 |
| 9935 || 13.1304003922626 || 2011-05-24 10:45:09 |
| 9936 || 1.242199180679 || 2018-05-02 05:31:47 |
| 9937 || 37.9072343771114 || 2016-04-23 09:36:38 |
| 9938 || -8.72446542293087 || 2016-02-14 14:36:33 |
| 9939 || -22.452230215486 || 2013-10-12 09:01:54 |
| 9940 || 10.6913675490114 || 2011-02-25 08:36:23 |
| 9941 || 1.03145582160557 || 2010-11-17 01:57:13 |
| 9942 || 39.516587763648 || 2010-07-18 01:33:45 |
| 9943 || 54.4673885855167 || 2018-12-15 14:13:21 |
| 9944 || 12.1013026798693 || 2019-12-22 01:57:21 |
| 9945 || 0.781699729611417 || 2010-02-09 02:22:24 |
| 9946 || 0.93315527172155 || 2010-05-24 03:14:27 |
| 9947 || -12.4166064452901 || 2016-08-11 23:37:48 |
| 9948 || 71.617199205545 || 2019-06-12 11:41:46 |
| 9949 || 53.5731457264563 || 2012-05-22 01:22:30 |
| 9950 || 26.2222385600834 || 2013-05-25 10:57:05 |
| 9951 || -0.0312610658419147 || 2011-04-26 10:55:57 |
| 9952 || 30.1101470496138 || 2016-03-12 12:46:10 |
| 9953 || 14.6277619792333 || 2019-02-02 07:18:37 |
| 9954 || 47.0880405165928 || 2012-03-20 02:37:45 |
| 9955 || 25.0397722173052 || 2018-02-06 17:32:04 |
| 9956 || 0.000917307979642784 || 2013-12-27 02:52:42 |
| 9957 || 19.4901664948756 || 2011-01-08 11:08:46 |
| 9958 || -14.9827066268892 || 2011-06-18 01:20:32 |
| 9959 || -20.6016057092569 || 2014-03-02 02:38:54 |
| 9960 || 34.8852010083257 || 2018-09-23 08:09:05 |
| 9961 || 0.344428547847771 || 2015-06-25 03:25:16 |
| 9962 || -3.9685078501922 || 2011-07-16 11:58:24 |
| 9963 || 71.7858637854816 || 2017-04-09 01:27:07 |
| 9964 || 86.4891693241012 || 2016-04-08 07:40:48 |
| 9965 || -0.641237123925962 || 2010-05-20 11:36:30 |
| 9966 || 1.59777856974895 || 2015-11-18 12:45:08 |
| 9967 || 16.1451172781559 || 2018-02-16 16:15:10 |
| 9968 || 70.9290416830682 || 2011-03-23 13:24:27 |
| 9969 || 44.9830270341493 || 2016-10-09 03:26:33 |
| 9970 || -3.72100163244468 || 2012-04-26 00:28:00 |
| 9971 || 3.28519107633217 || 2016-02-17 00:27:26 |
| 9972 || 11.7915476180648 || 2011-10-04 03:11:42 |
| 9973 || 8.27214203664501 || 2014-03-23 02:53:39 |
| 9974 || 81.245113275016 || 2013-01-18 16:59:50 |
| 9975 || 9.28014252288996 || 2010-10-18 21:19:51 |
| 9976 || 2.24588346460574 || 2015-11-10 23:54:29 |
| 9977 || 3.54336749328952 || 2017-10-02 19:10:53 |
| 9978 || 54.885744316526 || 2018-03-19 21:32:15 |
| 9979 || 87.2827288727597 || 2019-04-26 12:15:32 |
| 9980 || 47.6780719245919 || 2010-03-17 12:02:55 |
| 9981 || 3.04066486307897 || 2010-12-05 07:46:29 |
| 9982 || 6.96051319163343 || 2013-03-17 00:52:16 |
| 9983 || 13.633513015335 || 2016-07-18 07:43:42 |
| 9984 || 13.7430170771573 || 2014-12-27 19:35:56 |
| 9985 || 63.5239485879981 || 2018-03-12 14:45:39 |
| 9986 || 11.4327534579004 || 2018-11-25 23:33:44 |
| 9987 || -1.45734935500335 || 2013-06-01 02:57:28 |
| 9988 || 7.12920550729541 || 2010-04-17 02:13:11 |
| 9989 || -27.2896177406513 || 2013-12-07 22:57:29 |
| 9990 || -20.1776073305963 || 2015-12-23 13:23:28 |
| 9991 || 14.2672390500565 || 2017-10-07 01:17:53 |
| 9992 || 2.17864011284542 || 2014-10-04 07:13:47 |
| 9993 || 30.4085850785612 || 2014-12-06 04:00:10 |
| 9994 || 66.8595408059226 || 2017-04-15 08:03:14 |
| 9995 || -11.4571369323397 || 2015-11-06 08:15:19 |
| 9996 || 6.13975849381854 || 2014-07-17 10:45:31 |
| 9997 || 0.129601335201705 || 2010-01-26 10:46:50 |
| 9998 || -13.1966810649171 || 2017-10-04 05:36:47 |
| 9999 || -5.23719245761396 || 2012-09-13 15:31:05 |
| 10000 || 74.3447311652853 || 2013-04-10 06:57:45 |
| 10001 || -5.71293843704007 || 2010-12-23 01:54:10 |
| 10002 || 0.172522864513169 || 2014-11-24 06:38:27 |
| 10003 || 24.560956681639 || 2019-10-01 22:52:04 |
| 10004 || 1.13851337518603 || 2015-07-07 03:55:01 |
| 10005 || -26.7354145210595 || 2012-07-08 05:50:34 |
| 10006 || 16.5557217200366 || 2019-03-03 22:04:56 |
| 10007 || 3.33279879117682e-05 || 2014-08-03 23:16:16 |
| 10008 || 16.7793625801835 || 2017-07-13 11:25:22 |
| 10009 || -22.1598796655354 || 2010-06-24 03:06:07 |
| 10010 || 40.2352905570641 || 2015-09-07 14:26:30 |
| 10011 || 28.7215997559324 || 2019-03-22 14:12:29 |
| 10012 || -0.0658332228451875 || 2014-05-01 06:55:32 |
| 10013 || 15.2698473445063 || 2015-02-21 02:48:28 |
| 10014 || 36.7626768408659 || 2012-04-24 10:03:24 |
| 10015 || 14.3629356323284 || 2018-01-26 18:27:13 |
| 10016 || 40.9263378995187 || 2016-09-05 14:29:41 |
| 10017 || -0.4633149152886 || 2017-03-20 23:28:40 |
| 10018 || 16.1019967958307 || 2019-11-19 04:16:10 |
| 10019 || 6.18591126964424 || 2013-02-09 20:53:35 |
| 10020 || -29.3307854599868 || 2014-05-18 01:53:53 |
| 10021 || 26.4388538574471 || 2010-11-13 04:03:33 |
| 10022 || 3.03962156523926 || 2017-08-23 14:35:30 |
| 10023 || 8.88315385380724 || 2017-08-19 06:33:16 |
| 10024 || 59.9572105115368 || 2017-09-01 03:48:08 |
| 10025 || 78.2091328339857 || 2018-12-12 07:28:22 |
| 10026 || 25.476877114785 || 2011-01-14 03:27:12 |
| 10027 || 4.9054854745721 || 2018-10-06 19:32:12 |
| 10028 || 10.5155415130395 || 2012-07-20 08:19:26 |
| 10029 || -20.4673763882788 || 2019-07-04 09:44:26 |
| 10030 || 88.6937599839356 || 2015-08-19 16:28:01 |
| 10031 || 17.834421053148 || 2016-10-20 17:37:50 |
| 10032 || 6.99477896295296 || 2019-12-09 11:20:24 |
| 10033 || -2.72803709288062 || 2018-05-25 16:48:31 |
| 10034 || 54.2123344907902 || 2018-05-17 20:36:05 |
| 10035 || 66.7486077919875 || 2019-10-13 06:17:24 |
| 10036 || -12.2795441844516 || 2018-06-06 00:17:47 |
| 10037 || -0.981290737674586 || 2016-10-08 19:42:15 |
| 10038 || 3.06298211590085 || 2011-12-16 02:34:40 |
| 10039 || 31.9060927764215 || 2019-01-06 11:45:37 |
| 10040 || 70.6487865277384 || 2017-05-14 10:47:13 |
| 10041 || 59.4957340745219 || 2019-01-07 03:36:13 |
| 10042 || -4.51848656695695 || 2019-10-10 21:56:49 |
| 10043 || -0.755632846816399 || 2012-10-07 23:49:32 |
| 10044 || -5.411046930635 || 2017-06-24 10:52:47 |
| 10045 || 75.2271015042933 || 2019-08-16 07:46:20 |
| 10046 || 70.494608940185 || 2017-12-11 13:33:22 |
| 10047 || 17.3246080211504 || 2016-08-14 08:14:44 |
| 10048 || 1.28995867284243 || 2010-12-13 07:13:09 |
| 10049 || 31.1561439082867 || 2015-09-15 00:23:37 |
| 10050 || 58.4235114747106 || 2016-08-10 04:03:56 |
| 10051 || 39.591349163213 || 2014-09-22 08:45:01 |
| 10052 || 14.8553483285912 || 2010-08-24 01:26:43 |
| 10053 || -0.124026125581784 || 2010-06-24 03:59:29 |
| 10054 || -11.0579514709768 || 2019-08-12 07:26:30 |
| 10055 || 34.0649721768589 || 2016-10-16 00:33:48 |
| 10056 || 32.4415821771542 || 2017-12-23 22:51:42 |
| 10057 || 24.6020421407963 || 2018-01-02 12:11:19 |
| 10058 || -0.000293671355400301 || 2015-11-13 09:33:41 |
| 10059 || 4.40140813657859 || 2019-05-06 14:10:58 |
| 10060 || -26.2840658171414 || 2011-12-05 17:55:52 |
| 10061 || 60.8897888936206 || 2014-03-12 02:41:32 |
| 10062 || 27.1213513441403 || 2010-07-16 19:42:54 |
| 10063 || 0.139123968888067 || 2014-08-27 20:56:02 |
| 10064 || -4.0752042991731 || 2010-12-12 20:50:18 |
| 10065 || -24.0269297236064 || 2010-08-11 11:59:27 |
| 10066 || 28.1844901182398 || 2019-06-03 04:16:31 |
| 10067 || 4.56079731117828 || 2013-08-18 10:46:41 |
| 10068 || 1.20540719100784 || 2018-07-19 02:50:53 |
| 10069 || 15.0499005297131 || 2013-08-14 13:42:03 |
| 10070 || -13.8824486240341 || 2014-09-14 19:27:04 |
| 10071 || 64.0850051405549 || 2015-06-27 17:58:13 |
| 10072 || -1.60431601902131 || 2013-07-06 00:46:42 |
| 10073 || 1.88594689661912 || 2012-02-03 02:11:43 |
| 10074 || 12.8341886141927 || 2016-06-25 16:26:33 |
| 10075 || 3.02095592297044 || 2014-06-13 11:30:54 |
| 10076 || -10.0001214646591 || 2014-12-17 17:49:34 |
| 10077 || 24.7744823670503 || 2013-10-26 21:46:57 |
| 10078 || 2.71863580422788 || 2011-04-23 05:10:01 |
| 10079 || 2.14394960717189 || 2013-02-02 05:59:18 |
| 10080 || -11.5641530886914 || 2019-01-27 06:37:06 |
| 10081 || 79.1675369785189 || 2010-08-21 16:15:14 |
| 10082 || -5.10167509221732 || 2012-10-27 15:32:27 |
| 10083 || 2.43521470170603 || 2013-08-09 16:33:55 |
| 10084 || 6.63365190946957 || 2013-10-27 09:31:15 |
| 10085 || -17.7255700692483 || 2013-11-07 10:34:10 |
| 10086 || -25.3155178644768 || 2017-08-03 06:06:46 |
| 10087 || 50.0224043703421 || 2010-07-09 09:24:42 |
| 10088 || 2.51172204807517 || 2012-09-04 11:38:58 |
| 10089 || 3.05147964919242 || 2012-10-10 20:46:43 |
| 10090 || 49.8921805097657 || 2013-06-24 05:56:54 |
| 10091 || -26.5606425028429 || 2011-07-27 02:47:02 |
| 10092 || 11.982539427522 || 2019-07-08 22:22:21 |
| 10093 || -4.72214188355428 || 2010-10-15 05:35:48 |
| 10094 || 2.24613264579011 || 2018-12-17 00:57:16 |
| 10095 || 22.7457055893461 || 2016-12-12 21:47:34 |
| 10096 || 73.3967730440371 || 2017-10-20 07:04:46 |
| 10097 || 32.4406686595249 || 2011-04-11 04:02:06 |
| 10098 || 17.9400550154971 || 2018-08-14 19:48:02 |
| 10099 || -0.4142223140055 || 2015-02-19 10:44:38 |
| 10100 || 27.5700448299426 || 2017-09-20 06:21:57 |
| 10101 || 84.9556886210888 || 2015-10-26 07:17:45 |
| 10102 || 74.4806173634333 || 2013-11-06 00:11:16 |
| 10103 || 2.09381907534686 || 2012-06-18 05:55:14 |
| 10104 || 0.147438770660311 || 2016-11-14 17:05:00 |
| 10105 || -6.59278704987272 || 2013-06-18 08:49:38 |
| 10106 || -27.7604412319415 || 2012-07-14 04:28:23 |
| 10107 || -14.7645267688544 || 2015-08-01 19:42:07 |
| 10108 || -6.95436760434863 || 2014-08-26 05:48:02 |
| 10109 || 0.00604504506388551 || 2012-04-08 05:55:04 |
| 10110 || 1.9463398978793 || 2017-10-05 05:34:09 |
| 10111 || 61.9020772247956 || 2011-03-07 12:39:22 |
| 10112 || 17.9814309560034 || 2015-01-27 08:51:45 |
| 10113 || 26.6592635576454 || 2018-04-05 16:09:07 |
| 10114 || 0.102854102739295 || 2010-01-17 08:09:27 |
| 10115 || 14.8005675260258 || 2015-09-10 18:23:37 |
| 10116 || 58.1919418194071 || 2016-08-21 13:58:30 |
| 10117 || -28.2504172817083 || 2017-05-21 02:38:57 |
| 10118 || -2.44001472781195 || 2011-10-27 10:03:43 |
| 10119 || 0.999437075711102 || 2016-10-11 23:48:34 |
| 10120 || -6.99066184732539 || 2013-06-14 17:44:49 |
| 10121 || 6.90404206716132 || 2014-01-09 05:10:02 |
| 10122 || -16.7509976282373 || 2019-07-14 18:58:19 |
| 10123 || 42.5579976486525 || 2016-02-02 12:58:55 |
| 10124 || -0.498079603092578 || 2017-10-24 09:16:16 |
| 10125 || 3.31062022247347 || 2013-10-13 16:07:07 |
| 10126 || -5.08875701523415 || 2014-03-27 15:36:29 |
| 10127 || 87.8111771334702 || 2015-05-27 00:14:23 |
| 10128 || 5.03000229706611 || 2019-02-04 00:37:14 |
| 10129 || -1.31880185913421 || 2010-02-11 14:47:46 |
| 10130 || 5.63959866985895 || 2012-02-08 16:42:11 |
| 10131 || 51.824884687933 || 2016-07-08 04:13:23 |
| 10132 || 28.7769681273142 || 2013-10-27 12:46:24 |
| 10133 || -15.3207473526991 || 2014-11-13 04:40:46 |
| 10134 || 0.766742251979638 || 2013-01-19 12:49:31 |
| 10135 || 0.862776201480053 || 2010-10-22 16:12:29 |
| 10136 || 16.6376748869136 || 2015-04-16 01:06:11 |
| 10137 || -16.1708874216172 || 2019-07-05 09:52:40 |
| 10138 || 5.44375838855154 || 2017-10-09 10:05:08 |
| 10139 || -2.47560311401548 || 2016-06-02 02:56:33 |
| 10140 || -0.466587195112776 || 2014-07-17 10:20:49 |
| 10141 || 53.2953574196237 || 2012-05-05 11:06:29 |
| 10142 || 65.6177514535004 || 2014-02-07 09:49:55 |
| 10143 || 0.14899376199596 || 2019-03-22 02:56:38 |
| 10144 || 12.9382029969843 || 2011-04-17 23:03:36 |
| 10145 || 3.67910852524194 || 2010-11-03 23:57:38 |
| 10146 || 29.3386912566535 || 2016-04-06 07:05:29 |
| 10147 || -28.7316604799554 || 2012-06-14 14:52:42 |
| 10148 || 42.3538251207757 || 2014-05-25 08:25:42 |
| 10149 || -5.54652190556613 || 2012-10-16 18:48:41 |
| 10150 || -0.578545330514699 || 2016-09-26 22:53:07 |
| 10151 || 18.484545587339 || 2013-02-27 18:49:10 |
| 10152 || 86.461351102973 || 2015-05-09 18:39:33 |
| 10153 || 2.64734800314909 || 2013-09-26 04:02:32 |
| 10154 || 22.9169621410068 || 2018-12-16 09:48:05 |
| 10155 || 0.581390242241411 || 2018-08-09 02:38:25 |
| 10156 || 13.6786255435503 || 2016-10-25 12:33:24 |
| 10157 || 41.0162817305889 || 2012-06-24 14:00:42 |
| 10158 || 74.9773739695363 || 2012-03-01 09:17:55 |
| 10159 || -8.56514820925869 || 2017-04-03 13:46:48 |
| 10160 || 0.0618311283725953 || 2013-01-18 05:08:15 |
| 10161 || 31.9100335592925 || 2019-05-20 23:11:48 |
| 10162 || 41.0290842924392 || 2012-11-18 12:42:04 |
| 10163 || 81.2294079218439 || 2018-12-04 05:30:54 |
| 10164 || 0.703408848088599 || 2017-08-20 18:50:20 |
| 10165 || -0.00585246020452523 || 2018-04-02 07:12:38 |
| 10166 || 3.4075482375009 || 2011-11-20 19:47:06 |
| 10167 || 78.0764421072773 || 2016-05-08 21:43:26 |
| 10168 || 32.0060222738395 || 2014-08-23 15:44:47 |
| 10169 || 28.9978961156822 || 2019-09-09 07:36:35 |
| 10170 || 0.754049106345469 || 2019-04-25 19:15:11 |
| 10171 || 18.7620272988975 || 2017-06-08 13:02:37 |
| 10172 || -24.2045233131343 || 2015-11-07 08:37:26 |
| 10173 || -21.7693837283131 || 2015-01-01 13:22:53 |
| 10174 || -14.0632970817851 || 2015-12-15 01:33:17 |
| 10175 || -0.0775701259386508 || 2015-03-17 07:48:23 |
| 10176 || -5.54236849982437 || 2014-03-12 06:14:00 |
| 10177 || 9.16174691214712 || 2011-08-26 08:31:33 |
| 10178 || -11.0745871945683 || 2016-07-22 02:30:08 |
| 10179 || -14.6998719664105 || 2011-12-17 00:02:36 |
| 10180 || -1.24969608156884 || 2010-08-13 00:46:42 |
| 10181 || 5.28520196129845 || 2015-10-20 22:45:46 |
| 10182 || -20.8217541004337 || 2016-10-14 12:39:14 |
| 10183 || 77.8325812016187 || 2019-02-12 02:32:36 |
| 10184 || 22.2578474336277 || 2018-06-19 10:49:20 |
| 10185 || 6.61730877134182 || 2014-08-03 09:04:06 |
| 10186 || 7.4782161789991 || 2017-09-17 10:35:39 |
| 10187 || -19.1397031414412 || 2014-02-22 07:50:13 |
| 10188 || 64.4024501131195 || 2011-10-04 13:56:45 |
| 10189 || 5.78995478113726 || 2018-01-19 16:21:30 |
| 10190 || 9.76389630163115 || 2019-10-19 13:41:34 |
| 10191 || -0.871427745755215 || 2018-10-21 23:08:01 |
| 10192 || 51.4534122241726 || 2012-09-07 16:06:43 |
| 10193 || 42.97420117174 || 2010-08-08 12:30:31 |
| 10194 || -21.4974497978663 || 2019-04-10 22:55:05 |
| 10195 || -2.55880843123292 || 2011-07-07 22:53:58 |
| 10196 || 1.91885157522107 || 2012-03-23 07:00:27 |
| 10197 || 26.573823890902 || 2016-03-07 21:03:00 |
| 10198 || -28.6673606051848 || 2019-01-19 08:51:39 |
| 10199 || -19.0042183626919 || 2012-02-14 00:01:14 |
| 10200 || 8.20645965808532 || 2012-08-17 22:34:08 |
| 10201 || -0.0554598609850608 || 2011-03-15 00:17:51 |
| 10202 || 19.9706430483414 || 2012-09-03 01:07:22 |
| 10203 || -29.0423547464731 || 2011-02-17 21:13:19 |
| 10204 || -21.0994763297801 || 2013-10-22 18:07:35 |
| 10205 || 16.365051321569 || 2013-12-06 06:06:46 |
| 10206 || 0.122221024106134 || 2015-12-25 18:28:50 |
| 10207 || 35.2536545553123 || 2015-09-13 17:53:16 |
| 10208 || 61.5491436367995 || 2012-01-03 04:37:18 |
| 10209 || -13.7389168256139 || 2016-05-22 00:40:04 |
| 10210 || 14.5341455660815 || 2019-05-26 08:54:23 |
| 10211 || -0.0404712401635498 || 2019-10-27 01:51:38 |
| 10212 || 17.4924274978136 || 2018-06-09 20:11:32 |
| 10213 || 36.5768353232256 || 2019-07-15 13:29:57 |
| 10214 || -26.0610622600322 || 2012-04-25 20:17:24 |
| 10215 || -10.3068758567905 || 2014-12-21 11:41:06 |
| 10216 || 0.00256932849320387 || 2018-01-22 08:58:57 |
| 10217 || 28.0058792248529 || 2015-09-08 18:18:54 |
| 10218 || 3.97242431924874 || 2019-02-03 06:03:47 |
| 10219 || 80.5410012899048 || 2013-09-11 03:29:22 |
| 10220 || 34.7892107611642 || 2019-04-24 15:08:30 |
| 10221 || 0.523163596734523 || 2011-09-25 04:06:15 |
| 10222 || -5.2071925402357 || 2010-09-16 07:03:29 |
| 10223 || 64.7970879108818 || 2019-06-07 08:10:56 |
| 10224 || 50.8042613949638 || 2019-02-22 07:05:38 |
| 10225 || -13.8685345875951 || 2015-11-02 13:05:21 |
| 10226 || 0.315709797685631 || 2015-06-25 16:14:46 |
| 10227 || -0.0381627728125757 || 2015-06-22 17:18:18 |
| 10228 || 22.9590797433866 || 2013-06-20 16:01:10 |
| 10229 || -16.4605314250599 || 2011-11-02 00:12:18 |
| 10230 || 4.44113234998958 || 2018-07-18 19:23:34 |
| 10231 || -0.476591566270915 || 2018-08-13 01:07:30 |
| 10232 || -3.99243840632319 || 2016-04-06 18:51:06 |
| 10233 || 32.2226731329997 || 2019-04-01 21:57:40 |
| 10234 || 46.5405176821625 || 2012-02-16 08:15:06 |
| 10235 || 44.9159618136929 || 2012-02-06 07:33:35 |
| 10236 || -1.88339715035227 || 2014-09-09 06:07:01 |
| 10237 || -2.5393488585407 || 2019-03-07 13:17:36 |
| 10238 || 26.1167125654526 || 2011-02-19 10:01:28 |
| 10239 || 84.2039965208648 || 2010-06-17 09:17:38 |
| 10240 || 40.8673707234766 || 2012-05-04 23:21:48 |
| 10241 || 0.545713759056622 || 2017-09-21 15:50:25 |
| 10242 || 6.45040904482457 || 2012-02-08 04:01:06 |
| 10243 || 44.789026979581 || 2018-01-13 23:29:45 |
| 10244 || 72.1106638571301 || 2019-09-24 01:37:09 |
| 10245 || -10.7045766267735 || 2013-08-08 00:46:31 |
| 10246 || -4.18618592314869 || 2016-08-03 22:51:38 |
| 10247 || 1.43167234388565 || 2010-05-18 04:59:51 |
| 10248 || 40.8157386455393 || 2018-06-09 15:23:54 |
| 10249 || 86.8068181854636 || 2017-03-09 05:32:45 |
| 10250 || -19.347131710183 || 2015-07-01 07:14:31 |
| 10251 || -4.91531325675037 || 2014-04-27 18:47:47 |
| 10252 || -0.0307836919151902 || 2013-02-21 05:07:45 |
| 10253 || 10.284324838254 || 2017-01-01 03:56:50 |
| 10254 || 54.0263181938417 || 2019-01-24 18:50:13 |
| 10255 || -1.16823319732187 || 2018-03-15 01:51:16 |
| 10256 || 21.1179500686921 || 2014-12-15 09:31:14 |
| 10257 || 0.92422926357115 || 2011-06-24 22:34:46 |
| 10258 || -0.853655927428453 || 2013-08-24 22:33:56 |
| 10259 || -24.5399580299644 || 2016-09-15 17:57:59 |
| 10260 || -20.4550662812925 || 2019-06-13 05:00:20 |
| 10261 || 17.010899816361 || 2015-11-24 19:04:10 |
| 10262 || -0.0735326769454028 || 2019-04-16 04:19:51 |
| 10263 || 28.6603388182652 || 2012-03-07 13:51:49 |
| 10264 || -18.2609689269736 || 2018-04-26 02:39:00 |
| 10265 || 71.8700105363445 || 2016-10-25 00:49:55 |
| 10266 || 12.8468858985416 || 2015-06-22 09:28:50 |
| 10267 || -0.0027108137760985 || 2019-08-02 15:27:34 |
| 10268 || 26.5103574700124 || 2014-05-19 15:48:31 |
| 10269 || 66.810441340766 || 2010-01-21 20:34:16 |
| 10270 || 33.7349081145758 || 2018-11-20 11:16:41 |
| 10271 || 33.0621878861486 || 2019-12-09 13:06:51 |
| 10272 || 0.432368402092569 || 2014-08-27 02:57:12 |
| 10273 || 22.9678696794767 || 2016-11-03 00:09:52 |
| 10274 || 25.3146334780117 || 2015-02-09 04:02:48 |
| 10275 || -28.6745089726603 || 2017-07-27 23:54:21 |
| 10276 || -13.3162295595836 || 2016-04-14 00:53:13 |
| 10277 || 0.146200826167787 || 2015-04-06 11:03:02 |
| 10278 || 6.73537967065697 || 2013-09-20 20:35:28 |
| 10279 || -17.9421346031787 || 2012-08-23 06:51:26 |
| 10280 || 86.8328553789035 || 2016-09-11 00:58:58 |
| 10281 || 30.9254904945969 || 2014-08-14 14:41:03 |
| 10282 || -0.785845448352587 || 2013-01-09 18:25:01 |
| 10283 || 15.2196151318668 || 2013-04-20 02:36:41 |
| 10284 || 36.7888103624436 || 2015-10-22 18:01:09 |
| 10285 || -25.2864275768743 || 2017-03-03 09:07:10 |
| 10286 || 51.0327146850024 || 2019-12-02 00:37:29 |
| 10287 || 5.50499651177957 || 2016-05-04 18:11:49 |
| 10288 || 2.24757990494445 || 2014-04-04 20:06:08 |
| 10289 || 59.1293431076067 || 2017-09-16 12:20:50 |
| 10290 || -9.02933914103296 || 2018-11-06 14:42:20 |
| 10291 || 37.3797988200383 || 2019-01-09 14:43:16 |
| 10292 || -1.26285932254953 || 2014-05-04 10:34:21 |
| 10293 || 1.25268117983853 || 2019-08-01 12:31:44 |
| 10294 || 2.11247269483243 || 2018-07-05 12:01:25 |
| 10295 || -29.666253399133 || 2014-10-02 23:45:57 |
| 10296 || 7.58439445489658 || 2011-06-15 09:05:46 |
| 10297 || -2.20061111640437 || 2019-08-21 16:35:12 |
| 10298 || 1.68299346677132 || 2011-05-04 03:34:46 |
| 10299 || 50.5208094832419 || 2016-09-17 17:15:10 |
| 10300 || 52.49130427824 || 2016-08-10 09:47:46 |
| 10301 || 20.2237577593572 || 2015-02-01 04:48:53 |
| 10302 || -3.03845874535802 || 2012-08-25 23:21:43 |
| 10303 || -0.568069685467928 || 2018-07-10 03:30:23 |
| 10304 || -13.0004493942213 || 2015-10-02 17:32:13 |
| 10305 || 86.0707901146479 || 2014-05-24 16:18:10 |
| 10306 || 31.9986699973674 || 2013-12-03 23:43:54 |
| 10307 || 19.2121055925072 || 2014-03-01 02:57:27 |
| 10308 || 1.32064550330233 || 2012-09-23 07:25:54 |
| 10309 || 27.0462527041154 || 2013-07-17 05:16:21 |
| 10310 || 10.7656903229889 || 2013-09-03 10:28:56 |
| 10311 || 61.5993671862884 || 2017-10-10 21:39:42 |
| 10312 || 9.95871050339141 || 2011-10-22 11:18:27 |
| 10313 || 0.309237186159745 || 2015-07-16 11:06:27 |
| 10314 || -10.6702309034629 || 2016-04-19 12:08:58 |
| 10315 || -27.7341617085038 || 2018-02-15 01:21:39 |
| 10316 || -8.52053284502406 || 2017-10-04 06:50:24 |
| 10317 || 24.6589378200586 || 2013-11-15 02:40:28 |
| 10318 || 2.20697595780599e-06 || 2015-08-07 01:31:00 |
| 10319 || 23.682499812552 || 2014-06-12 15:41:33 |
| 10320 || 19.1325253461843 || 2018-09-26 01:52:35 |
| 10321 || 8.66714113088647 || 2011-08-20 10:03:36 |
| 10322 || 34.0607745605363 || 2019-09-15 19:19:03 |
| 10323 || 0.230622398658505 || 2010-01-25 20:25:57 |
| 10324 || 16.1518782634228 || 2010-04-21 10:01:50 |
| 10325 || 0.451653487294027 || 2014-05-12 21:16:50 |
| 10326 || -11.3206464111834 || 2013-04-22 17:50:19 |
| 10327 || 31.0011414105975 || 2019-05-14 09:03:04 |
| 10328 || -0.18264920703297 || 2010-09-24 13:40:35 |
| 10329 || 3.34471114100579 || 2011-12-16 22:01:43 |
| 10330 || -11.369685236108 || 2018-07-17 18:56:29 |
| 10331 || -19.7404263798669 || 2017-02-21 15:47:57 |
| 10332 || 45.48672541938 || 2010-07-09 08:55:40 |
| 10333 || -0.542819695679964 || 2015-09-02 10:35:02 |
| 10334 || 8.81648075589449 || 2010-06-04 07:15:00 |
| 10335 || -1.51689898941421 || 2012-04-21 15:52:21 |
| 10336 || 42.090967575657 || 2017-03-26 11:18:00 |
| 10337 || 6.63742406910417 || 2019-07-24 15:08:47 |
| 10338 || 4.68192497348654 || 2011-04-09 15:40:52 |
| 10339 || -1.24313118440686 || 2011-04-17 01:15:49 |
| 10340 || 50.3943262097414 || 2019-08-14 12:11:13 |
| 10341 || -15.0014683978708 || 2015-03-04 02:23:34 |
| 10342 || 1.33997211846884 || 2015-01-04 13:53:22 |
| 10343 || 4.27208350917185 || 2016-09-07 23:19:30 |
| 10344 || -0.131264956119114 || 2010-08-07 13:19:03 |
| 10345 || 39.5935722807937 || 2017-09-23 20:58:29 |
| 10346 || 36.4557206667298 || 2016-07-24 16:27:27 |
| 10347 || 47.9081184943178 || 2010-05-11 07:01:18 |
| 10348 || -3.50191653137279 || 2015-02-04 06:33:08 |
| 10349 || 5.28982337154921 || 2018-05-13 01:58:22 |
| 10350 || 11.0508770628535 || 2015-02-13 21:00:26 |
| 10351 || -15.2404628317583 || 2011-07-20 23:43:16 |
| 10352 || -21.003008135359 || 2016-08-15 23:50:07 |
| 10353 || 2.18732941134648 || 2010-12-11 08:21:03 |
| 10354 || 3.3105809868467 || 2018-03-07 22:37:45 |
| 10355 || 30.8245769565067 || 2010-05-19 07:19:11 |
| 10356 || 15.8198872003321 || 2019-09-13 13:45:24 |
| 10357 || -23.2321904736975 || 2014-04-27 19:20:46 |
| 10358 || -3.2690395542973 || 2014-10-08 18:36:24 |
| 10359 || 0.726328459840041 || 2011-09-03 20:31:57 |
| 10360 || -8.12058850806385 || 2012-10-05 03:18:12 |
| 10361 || 71.6125763738707 || 2013-09-03 06:12:47 |
| 10362 || -10.996924608102 || 2017-03-07 16:30:25 |
| 10363 || -1.43868067245331 || 2016-07-13 05:37:53 |
| 10364 || -0.0956102160173776 || 2012-08-13 19:49:39 |
| 10365 || 33.8099640051688 || 2015-07-21 02:56:46 |
| 10366 || 83.4928939418875 || 2011-06-04 07:07:10 |
| 10367 || 31.0381856866178 || 2017-10-15 17:33:35 |
| 10368 || 2.17647103482862 || 2011-04-18 22:54:47 |
| 10369 || -0.00433032827772196 || 2015-07-11 18:41:28 |
| 10370 || 19.9671259898867 || 2017-02-15 05:39:16 |
| 10371 || -22.2474519331596 || 2011-01-13 14:35:45 |
| 10372 || 9.81367062982828 || 2013-07-17 02:35:07 |
| 10373 || 33.8442896387809 || 2013-10-16 16:14:27 |
| 10374 || -0.0418811229698782 || 2014-07-15 15:35:57 |
| 10375 || 20.296698013449 || 2014-03-01 20:34:18 |
| 10376 || 69.4154018787278 || 2016-06-15 14:13:47 |
| 10377 || -8.84964802020879 || 2014-01-19 11:49:10 |
| 10378 || 35.6495499152383 || 2013-11-21 11:48:41 |
| 10379 || 0.349221534106701 || 2016-09-20 01:33:44 |
| 10380 || -7.0705921034051 || 2012-04-06 19:11:06 |
| 10381 || -16.5786102757526 || 2011-10-15 07:45:51 |
| 10382 || 75.4515905926774 || 2011-06-04 06:41:21 |
| 10383 || -9.97160389513205 || 2014-11-25 08:37:10 |
| 10384 || -0.440435377928063 || 2010-06-10 06:03:27 |
| 10385 || 7.42196572648664 || 2015-04-20 12:54:37 |
| 10386 || 51.0459814858007 || 2015-03-20 17:22:05 |
| 10387 || 43.7584233331643 || 2018-12-06 22:01:16 |
| 10388 || -2.07237098439428 || 2012-07-16 00:10:44 |
| 10389 || -0.586116591440371 || 2014-04-10 14:17:23 |
| 10390 || 12.6491983648914 || 2012-03-07 12:31:45 |
| 10391 || 46.7342488859226 || 2019-09-25 15:26:56 |
| 10392 || 78.5969830156838 || 2014-12-26 16:56:00 |
| 10393 || -4.07629288194425 || 2019-02-18 07:20:30 |
| 10394 || 4.70648267433769 || 2017-11-20 09:47:32 |
| 10395 || 7.1705366809334 || 2019-12-24 00:16:47 |
| 10396 || -11.0387842146359 || 2019-03-27 11:38:15 |
| 10397 || 68.7947972332299 || 2011-06-06 04:59:07 |
| 10398 || 59.9402765392337 || 2014-07-23 13:31:46 |
| 10399 || -2.95507465859954 || 2019-12-24 23:29:44 |
| 10400 || -0.673228941574045 || 2010-06-26 19:06:55 |
| 10401 || -3.60837093313215 || 2018-11-04 15:50:06 |
| 10402 || -6.16606178360946 || 2017-07-11 20:32:50 |
| 10403 || 54.5704792236319 || 2014-05-22 14:40:58 |
| 10404 || -3.03547874891748 || 2015-08-22 08:51:20 |
| 10405 || 3.69248444844793 || 2016-04-22 02:30:57 |
| 10406 || 20.5919365209975 || 2011-09-13 14:06:37 |
| 10407 || 68.6770295112751 || 2010-08-22 02:56:48 |
| 10408 || 68.6558680244884 || 2013-05-14 09:24:53 |
| 10409 || 17.8835084040817 || 2017-06-16 02:07:44 |
| 10410 || 0.952105001794906 || 2014-09-14 06:31:36 |
| 10411 || 42.772251576675 || 2011-11-26 03:26:54 |
| 10412 || 85.4287800396206 || 2019-09-01 13:01:04 |
| 10413 || 64.1581879306309 || 2015-02-03 14:29:13 |
| 10414 || 20.7815978127962 || 2011-01-27 11:00:09 |
| 10415 || 0.571422589975517 || 2010-07-10 07:42:30 |
| 10416 || 18.9002886805223 || 2014-04-04 09:33:29 |
| 10417 || 47.601301949248 || 2010-05-05 22:47:12 |
| 10418 || 0.718916446402081 || 2017-10-10 05:39:27 |
| 10419 || -8.49129578444258 || 2012-07-06 16:05:06 |
| 10420 || -0.0158715817106717 || 2017-08-17 14:55:18 |
| 10421 || 24.2156764704324 || 2010-11-19 21:28:32 |
| 10422 || -27.1213306152367 || 2014-09-26 16:06:56 |
| 10423 || -14.1758395477241 || 2014-02-02 09:23:54 |
| 10424 || -11.0807762854051 || 2017-09-01 20:02:37 |
| 10425 || 0.0234424773828434 || 2012-12-12 00:23:24 |
| 10426 || 26.5790568296511 || 2017-07-18 11:10:09 |
| 10427 || -25.4079629273336 || 2011-03-10 21:01:43 |
| 10428 || 0.368252584588633 || 2014-07-02 03:24:30 |
| 10429 || 5.67270575609872 || 2013-08-10 02:50:36 |
| 10430 || -0.189324132600145 || 2015-11-04 19:34:53 |
| 10431 || -6.61069410981271 || 2018-03-01 15:08:30 |
| 10432 || -24.3536799409481 || 2010-04-05 07:26:09 |
| 10433 || 73.1725722599229 || 2014-07-16 10:18:40 |
| 10434 || 25.6349608559594 || 2015-01-07 11:10:34 |
| 10435 || -0.214436896077327 || 2015-10-01 02:42:41 |
| 10436 || 16.774320239778 || 2014-01-01 13:15:36 |
| 10437 || 50.6285953324941 || 2019-04-25 19:44:07 |
| 10438 || 24.2840300601262 || 2012-01-16 01:57:11 |
| 10439 || -16.4704621028203 || 2010-01-23 23:23:05 |
| 10440 || -0.863670298716151 || 2014-04-16 22:55:08 |
| 10441 || 10.1064209619863 || 2014-10-04 05:41:19 |
| 10442 || 52.4087561388509 || 2018-08-20 22:50:57 |
| 10443 || 15.5010428618508 || 2019-09-07 14:53:21 |
| 10444 || 51.5155646389391 || 2018-10-14 02:30:48 |
| 10445 || 6.51152642061336 || 2016-02-18 16:01:47 |
| 10446 || 9.85583469200245 || 2017-06-10 14:02:27 |
| 10447 || -17.7902876795582 || 2011-12-03 04:33:14 |
| 10448 || 89.8677484775232 || 2015-01-01 07:23:04 |
| 10449 || -16.9178328261123 || 2010-09-25 10:22:26 |
| 10450 || 9.74278569573912 || 2018-04-06 15:26:24 |
| 10451 || 0.669507771977338 || 2011-08-27 01:14:06 |
| 10452 || -18.1653215411499 || 2013-08-01 11:31:48 |
| 10453 || -25.1224504625747 || 2017-10-18 08:18:35 |
| 10454 || 17.5696513723038 || 2013-11-20 07:22:28 |
| 10455 || 8.80100451475514 || 2013-11-09 16:49:06 |
| 10456 || 4.01875823934251 || 2010-06-17 04:16:25 |
| 10457 || -9.15210125323077 || 2015-06-08 20:49:53 |
| 10458 || 70.1881159330617 || 2016-08-12 00:07:43 |
| 10459 || -15.0659510616597 || 2017-07-27 02:18:31 |
| 10460 || 17.7569055020763 || 2014-04-24 04:13:19 |
| 10461 || 1.37644866664276 || 2017-07-03 14:52:28 |
| 10462 || 40.2599960171747 || 2014-04-22 19:26:41 |
| 10463 || 80.2019718687486 || 2019-03-19 12:44:06 |
| 10464 || 71.7923451444348 || 2012-12-26 10:40:25 |
| 10465 || 19.6871839174286 || 2018-12-24 07:06:44 |
| 10466 || 0.28843122045773 || 2019-08-22 02:00:05 |
| 10467 || 31.1005800879159 || 2019-01-07 18:06:43 |
| 10468 || -25.8498016479468 || 2017-10-20 14:55:05 |
| 10469 || -25.5834121695042 || 2018-01-10 10:34:55 |
| 10470 || 26.7535938490278 || 2017-12-09 16:16:49 |
| 10471 || -0.0279753142727113 || 2014-07-03 11:45:09 |
| 10472 || 30.0894471664126 || 2019-05-20 06:13:47 |
| 10473 || -24.0089002022092 || 2019-10-12 00:00:10 |
| 10474 || -26.4513581715675 || 2012-08-12 23:49:47 |
| 10475 || 1.83015308059252 || 2014-04-26 03:55:33 |
| 10476 || -0.00445959973673851 || 2018-04-18 23:45:46 |
| 10477 || 7.2243689965176 || 2013-04-11 09:54:25 |
| 10478 || 48.4235353899064 || 2016-10-01 19:27:46 |
| 10479 || -9.83623731922294 || 2018-09-04 15:58:15 |
| 10480 || -9.17686740764476 || 2018-02-12 10:13:36 |
| 10481 || 0.128384249711507 || 2012-07-17 04:27:56 |
| 10482 || 13.6627131485625 || 2018-03-09 13:42:42 |
| 10483 || -3.81928711287373 || 2018-08-12 03:59:20 |
| 10484 || 21.7289623854308 || 2014-01-24 02:23:43 |
| 10485 || 11.8961617044244 || 2015-03-24 11:38:07 |
| 10486 || 0.459202699179448 || 2015-04-23 03:07:59 |
| 10487 || 4.31346352091442 || 2016-01-09 08:11:34 |
| 10488 || 5.51160457341296 || 2013-04-11 16:19:52 |
| 10489 || -4.52093509964965 || 2014-08-17 03:47:19 |
| 10490 || 5.86976852231639 || 2012-01-12 03:09:10 |
| 10491 || 3.78307312658412 || 2011-01-20 06:28:48 |
| 10492 || 12.2259363130614 || 2014-09-20 09:25:03 |
| 10493 || 65.7281066078378 || 2016-10-11 11:06:38 |
| 10494 || -28.6062968570625 || 2014-11-12 09:06:18 |
| 10495 || 46.1684570243357 || 2019-05-05 02:13:14 |
| 10496 || 4.79560018460591 || 2017-02-25 14:44:42 |
| 10497 || -2.46656632688338 || 2015-02-05 14:38:44 |
| 10498 || -9.36224745582282 || 2016-12-01 10:51:43 |
| 10499 || 72.3534409901059 || 2014-09-06 19:36:23 |
| 10500 || 46.551242582425 || 2016-07-26 20:17:45 |
| 10501 || -0.05608742434658 || 2010-04-16 07:26:22 |
| 10502 || 6.58719693992397 || 2016-02-06 13:44:30 |
| 10503 || 50.6429297023286 || 2016-12-27 10:16:47 |
| 10504 || 89.6181354219025 || 2013-04-03 10:53:35 |
| 10505 || -0.0370742952840217 || 2012-08-16 11:46:53 |
| 10506 || -2.81435545604474 || 2019-09-13 01:00:09 |
| 10507 || 4.06726153220197 || 2011-08-27 20:00:49 |
| 10508 || 50.2078810273789 || 2017-11-15 09:20:06 |
| 10509 || -27.9920605826436 || 2017-10-04 08:32:19 |
| 10510 || -20.6688767215582 || 2017-04-04 20:23:37 |
| 10511 || 0.594939300124887 || 2018-05-10 00:42:48 |
| 10512 || -0.788647267411285 || 2015-02-24 01:19:37 |
| 10513 || 44.5928792082455 || 2010-10-11 01:32:05 |
| 10514 || 16.1793305604357 || 2018-02-05 07:33:23 |
| 10515 || -13.5862619978076 || 2013-06-18 02:27:41 |
| 10516 || 14.5053924060018 || 2014-10-19 19:22:49 |
| 10517 || 0.519292271671701 || 2014-03-03 14:12:43 |
| 10518 || -6.93584235804325 || 2012-03-22 01:55:34 |
| 10519 || 71.3114144889858 || 2016-07-07 01:12:04 |
| 10520 || 70.6856229932224 || 2014-07-06 16:13:35 |
| 10521 || 23.9652790902652 || 2019-07-13 14:22:09 |
| 10522 || -0.0413390116091609 || 2019-03-20 22:20:32 |
| 10523 || -11.3403245510939 || 2014-07-11 16:10:32 |
| 10524 || 82.2372991255009 || 2016-02-10 22:43:19 |
| 10525 || -14.7257746422133 || 2016-03-15 01:09:10 |
| 10526 || 23.1411563400394 || 2018-02-02 08:46:34 |
| 10527 || 0.00224622381059504 || 2011-06-12 06:59:57 |
| 10528 || -2.1845860399165 || 2011-04-03 11:11:35 |
| 10529 || 18.9248211596237 || 2014-02-03 07:59:22 |
| 10530 || -1.34048095256397 || 2017-10-16 17:42:47 |
| 10531 || -1.24281618075318 || 2016-02-23 16:47:30 |
| 10532 || 0.400267995611977 || 2018-12-03 12:32:14 |
| 10533 || 8.15450987457617 || 2019-09-22 05:44:18 |
| 10534 || 3.15485747681419 || 2015-09-26 01:10:23 |
| 10535 || 76.0416090682749 || 2016-09-25 20:25:13 |
| 10536 || -10.182779253848 || 2019-10-04 15:01:52 |
| 10537 || 0.744526644697985 || 2018-02-17 15:18:59 |
| 10538 || -5.7296126214667 || 2017-08-20 22:17:16 |
| 10539 || 10.9984427248591 || 2014-01-02 22:25:59 |
| 10540 || -23.8433687977155 || 2014-01-15 16:27:56 |
| 10541 || 31.3200033886922 || 2010-11-16 15:02:19 |
| 10542 || -0.865987003006379 || 2017-05-02 01:51:49 |
| 10543 || -2.85980722013083 || 2014-07-14 23:19:55 |
| 10544 || -0.0610175413562194 || 2019-04-01 19:41:08 |
| 10545 || -29.7951133486238 || 2016-03-22 04:48:36 |
| 10546 || 11.3365456082992 || 2011-06-12 11:39:37 |
| 10547 || 2.27631016412644 || 2017-01-17 20:07:46 |
| 10548 || -2.149738454827 || 2012-01-15 13:14:04 |
| 10549 || -2.11529486916265 || 2010-05-18 01:14:31 |
| 10550 || 77.8576898794408 || 2011-06-07 18:56:25 |
| 10551 || -11.2778289475431 || 2014-10-18 16:56:53 |
| 10552 || 0.168336695015074 || 2019-06-27 11:05:37 |
| 10553 || -1.15638840231031 || 2018-11-16 03:57:19 |
| 10554 || 21.8147210107856 || 2010-03-26 04:02:02 |
| 10555 || 79.0913562858945 || 2012-01-10 18:56:12 |
| 10556 || 19.3463150125349 || 2010-07-22 12:24:34 |
| 10557 || 6.16507166727885 || 2016-05-02 04:33:12 |
| 10558 || -0.103065181147394 || 2018-02-18 23:55:47 |
| 10559 || 51.2171696540641 || 2014-08-24 10:25:28 |
| 10560 || 38.6687533558498 || 2012-01-21 18:54:20 |
| 10561 || -2.38291481594499 || 2015-03-25 10:40:08 |
| 10562 || 0.293524484430195 || 2018-04-02 23:14:30 |
| 10563 || -0.0037202919136441 || 2011-04-11 00:56:41 |
| 10564 || 11.412124480279 || 2010-04-22 22:22:38 |
| 10565 || 86.1373597846982 || 2011-02-19 08:40:50 |
| 10566 || -4.01578053116053 || 2018-02-12 08:37:53 |
| 10567 || -3.0432130795694 || 2018-09-22 06:31:28 |
| 10568 || 1.24529973751849 || 2014-02-16 21:24:28 |
| 10569 || -11.6727147372213 || 2014-09-11 18:27:35 |
| 10570 || 57.5492545562465 || 2013-01-24 10:20:52 |
| 10571 || -22.8024434655392 || 2011-07-13 20:37:33 |
| 10572 || 19.2963544805236 || 2011-09-26 12:12:02 |
| 10573 || 0.180342008711074 || 2011-12-27 00:28:26 |
| 10574 || 19.363433473551 || 2015-02-23 01:36:48 |
| 10575 || -26.7364983964758 || 2010-11-18 03:36:09 |
| 10576 || 29.9560986843728 || 2018-11-19 02:59:14 |
| 10577 || -10.0564731139083 || 2017-08-09 10:24:39 |
| 10578 || -0.000223094893295823 || 2017-01-15 00:45:19 |
| 10579 || 19.7583135503968 || 2012-02-09 13:09:40 |
| 10580 || -25.964465404753 || 2017-04-12 13:29:23 |
| 10581 || 64.556269809242 || 2012-01-05 18:29:43 |
| 10582 || 4.33440775827527 || 2015-07-13 23:19:45 |
| 10583 || -0.112114602740448 || 2013-07-05 22:03:57 |
| 10584 || -5.46507215851717 || 2018-01-19 07:18:50 |
| 10585 || 17.2899639210491 || 2019-01-10 04:50:08 |
| 10586 || -25.5487446073085 || 2019-09-22 02:51:19 |
| 10587 || 13.9203518971505 || 2016-03-22 04:07:11 |
| 10588 || 0.840148033003897 || 2010-11-20 16:50:19 |
| 10589 || 20.004664845979 || 2010-12-07 13:41:15 |
| 10590 || 12.9784714756273 || 2010-11-07 02:01:56 |
| 10591 || 18.767971583039 || 2011-11-14 12:20:29 |
| 10592 || 17.9527713125812 || 2012-11-10 05:55:01 |
| 10593 || -0.0396163830072505 || 2010-02-13 06:54:20 |
| 10594 || -0.992379926462043 || 2011-08-21 03:05:28 |
| 10595 || 34.7465657105106 || 2014-12-12 03:25:04 |
| 10596 || 38.7810007877303 || 2016-01-03 20:56:01 |
| 10597 || -5.04758172237884 || 2014-07-11 22:52:38 |
| 10598 || 5.2757967060839 || 2010-06-24 20:09:31 |
| 10599 || -2.92597119980946 || 2018-01-11 22:38:19 |
| 10600 || -20.7648132589299 || 2010-01-06 04:30:12 |
| 10601 || 17.5426973763284 || 2010-10-14 09:21:47 |
| 10602 || 53.9079982054545 || 2015-10-27 06:15:09 |
| 10603 || 7.33314567932799 || 2011-08-20 06:36:01 |
| 10604 || -2.16344803827026 || 2012-07-08 12:34:20 |
| 10605 || 55.1098643349514 || 2013-10-01 06:20:29 |
| 10606 || 87.1811202833033 || 2013-06-19 04:20:21 |
| 10607 || 11.6457557938539 || 2014-10-25 13:52:12 |
| 10608 || 11.0932934124565 || 2012-03-22 14:18:02 |
| 10609 || 5.1479006512719 || 2011-12-01 13:57:45 |
| 10610 || -10.3308018784339 || 2011-07-01 02:25:11 |
| 10611 || 18.17630099215 || 2015-10-03 17:01:14 |
| 10612 || 54.3458845724143 || 2015-11-16 08:12:52 |
| 10613 || 6.20039043738025 || 2010-12-09 13:45:56 |
| 10614 || 1.13694804672145 || 2019-07-05 11:13:55 |
| 10615 || 13.2011158213787 || 2018-08-04 14:13:14 |
| 10616 || 8.63609140075165 || 2013-05-23 14:46:53 |
| 10617 || 68.9385740473699 || 2012-12-25 10:59:02 |
| 10618 || 13.6976162253819 || 2013-02-24 12:54:03 |
| 10619 || -0.500739701194263 || 2015-02-11 11:51:30 |
| 10620 || 22.8852881703326 || 2019-04-02 19:23:59 |
| 10621 || -8.41694433083068 || 2010-02-01 23:39:13 |
| 10622 || -20.4037096083428 || 2016-04-26 03:04:28 |
| 10623 || 24.3408491509855 || 2011-11-08 07:17:06 |
| 10624 || 0.295342683777232 || 2010-03-26 04:02:30 |
| 10625 || 5.17489877928312 || 2019-11-26 06:30:09 |
| 10626 || 82.8995530940762 || 2011-08-12 17:44:53 |
| 10627 || -26.49324238908 || 2016-11-12 15:34:16 |
| 10628 || 22.8586577729255 || 2010-06-04 05:49:10 |
| 10629 || -0.00226722274282243 || 2017-12-17 23:19:46 |
| 10630 || 7.74674584527786 || 2014-04-05 00:15:04 |
| 10631 || -14.4267594918389 || 2011-07-10 14:33:50 |
| 10632 || 80.8819652058263 || 2012-06-26 19:17:47 |
| 10633 || 24.2454337640624 || 2012-03-17 19:50:35 |
| 10634 || 0.203921241430598 || 2010-08-12 19:48:17 |
| 10635 || 3.13142180641279 || 2019-07-19 22:04:35 |
| 10636 || 5.91686919157264 || 2014-07-02 03:50:03 |
| 10637 || 23.43 || 2020-01-08 20:20:22 |
| 10638 || 11.251 || 2020-01-08 20:20:22 |
| 10639 || 32.1 || 2020-01-08 20:20:22 |
| 10640 || -5.334 || 2020-01-08 20:20:22 |
| 10641 || 14.8372 || 2020-01-08 20:20:22 |
| 10642 || 16.0509 || 2014-01-01 03:10:54 |
| 10643 || 1.47326711971824 || 2012-07-22 13:51:08 |
| 10644 || -0.782488439917299 || 2012-01-02 14:26:39 |
| 10645 || -2.87805758828135 || 2015-11-01 03:10:48 |
| 10646 || 65.1637607696924 || 2018-08-08 17:27:24 |
| 10647 || -29.6539412786042 || 2019-12-18 06:29:06 |
| 10648 || -11.4578406514735 || 2010-01-27 17:24:33 |
| 10649 || -0.103135761252819 || 2015-09-21 09:27:55 |
| 10650 || 2.11330191321244 || 2014-03-08 00:12:11 |
| 10651 || -17.7431072307778 || 2011-03-23 20:24:53 |
| 10652 || 19.4134048254395 || 2011-06-02 16:25:46 |
| 10653 || -13.0165861120017 || 2013-02-05 00:09:37 |
| 10654 || -1.94690739400664 || 2015-12-05 22:21:11 |
| 10655 || 2.49161027562707 || 2016-01-16 20:10:06 |
| 10656 || -1.05710021255831 || 2018-10-04 19:44:22 |
| 10657 || 53.7911454615206 || 2016-02-06 19:56:51 |
| 10658 || -20.0995470705674 || 2011-07-01 02:27:38 |
| 10659 || 3.0654058218405 || 2017-07-19 13:45:18 |
| 10660 || 4.76725882135241 || 2017-06-08 07:02:04 |
| 10661 || 26.0102336004843 || 2010-04-19 06:03:31 |
| 10662 || -20.2725893000055 || 2018-09-20 18:00:20 |
| 10663 || 52.8484484781917 || 2019-07-17 13:25:39 |
| 10664 || 9.38424418199826 || 2015-12-02 16:59:32 |
| 10665 || 2.22071931144109 || 2014-12-20 12:01:40 |
| 10666 || -15.0486215948557 || 2014-08-22 15:28:50 |
| 10667 || 29.1741373816578 || 2014-09-18 10:27:16 |
| 10668 || 43.4433725086381 || 2019-12-25 13:54:22 |
| 10669 || 4.13861841372177 || 2011-07-10 05:25:13 |
| 10670 || -0.414160840750817 || 2011-01-01 23:39:01 |
| 10671 || 41.2032811485433 || 2015-05-01 19:29:29 |
| 10672 || -2.0859806097143 || 2017-04-17 02:18:22 |
| 10673 || 74.4421195312511 || 2019-09-18 04:50:14 |
| 10674 || -5.86662893188106 || 2012-10-11 03:56:16 |
| 10675 || -0.171115005526337 || 2013-02-07 07:25:23 |
| 10676 || 26.7277184427033 || 2017-01-12 06:17:11 |
| 10677 || -26.7121193106452 || 2014-10-23 00:19:53 |
| 10678 || 5.26545835550078 || 2015-04-09 05:56:36 |
| 10679 || 3.71797763690406 || 2011-04-10 13:07:09 |
| 10680 || -0.00572758698639687 || 2019-11-18 23:48:02 |
| 10681 || 31.7759786034191 || 2018-06-05 01:53:20 |
| 10682 || 71.2438891330501 || 2018-04-17 09:56:25 |
| 10683 || 60.9093498788496 || 2010-03-22 07:58:56 |
| 10684 || 27.1338462507416 || 2010-02-26 19:46:59 |
| 10685 || -0.0280559310053087 || 2019-11-06 08:56:37 |
| 10686 || 24.9921873142874 || 2010-02-03 08:54:04 |
| 10687 || -4.8209169350057 || 2012-12-07 17:35:08 |
| 10688 || -22.8156794421462 || 2015-03-15 00:07:27 |
| 10689 || -12.9509639960568 || 2012-05-01 10:39:57 |
| 10690 || -0.251621641020246 || 2019-07-22 00:11:45 |
| 10691 || -3.67758479197842 || 2010-01-24 11:45:43 |
| 10692 || 4.69616357518341 || 2012-11-13 06:51:48 |
| 10693 || -28.3030851198421 || 2012-01-27 06:07:51 |
| 10694 || 2.24995051233924 || 2010-07-26 01:32:38 |
| 10695 || -0.283369338920733 || 2010-10-04 12:24:07 |
| 10696 || 6.86594311087339 || 2010-02-26 11:22:56 |
| 10697 || 23.1722847021951 || 2010-09-26 03:04:06 |
| 10698 || -6.56209198522557 || 2014-08-05 18:43:25 |
| 10699 || 41.3181593169865 || 2014-08-26 19:47:20 |
| 10700 || 0.097286481195154 || 2016-09-20 04:10:48 |
| 10701 || -3.41017619851631 || 2018-10-17 05:16:50 |
| 10702 || 44.6886797428936 || 2016-02-01 21:13:20 |
| 10703 || 80.0393411292826 || 2011-04-12 04:45:25 |
| 10704 || 24.5870493294526 || 2019-01-15 08:58:44 |
| 10705 || 6.65306306427968 || 2012-05-01 13:23:10 |
| 10706 || 7.86813129502626 || 2010-03-15 14:03:50 |
| 10707 || -6.56694961450657 || 2014-01-13 16:45:13 |
| 10708 || -28.7228958167298 || 2017-06-22 19:21:15 |
| 10709 || 59.9273355628622 || 2019-06-21 04:25:14 |
| 10710 || 0.993776554282614 || 2016-02-12 14:58:37 |
| 10711 || 3.76049124467786 || 2014-11-16 02:43:52 |
| 10712 || 21.5168325736946 || 2011-08-21 23:21:18 |
| 10713 || 36.729110294165 || 2019-09-14 18:58:34 |
| 10714 || 33.0598571061825 || 2011-07-12 23:54:49 |
| 10715 || 12.9127182487194 || 2016-09-24 14:00:57 |
| 10716 || 2.72181154540456 || 2013-06-03 02:13:10 |
| 10717 || 9.0249206240782 || 2014-05-01 16:06:15 |
| 10718 || -15.4991311076923 || 2016-11-25 16:55:19 |
| 10719 || 24.6698628427411 || 2019-10-18 12:24:54 |
| 10720 || 3.72973962282073 || 2018-02-13 19:48:09 |
| 10721 || -0.600868347996372 || 2019-12-05 11:29:44 |
| 10722 || -5.25093946598451 || 2018-08-04 11:57:44 |
| 10723 || 36.8962351998145 || 2016-01-16 11:27:27 |
| 10724 || 73.679511090184 || 2011-08-03 10:39:19 |
| 10725 || 22.0838965753031 || 2010-11-08 09:58:39 |
| 10726 || 0.069595888388824 || 2013-05-25 15:10:15 |
| 10727 || -9.30416365888974 || 2018-05-22 16:28:43 |
| 10728 || 73.427472233494 || 2013-02-15 10:41:20 |
| 10729 || 60.6536972063538 || 2018-10-17 08:16:18 |
| 10730 || 25.6038849724312 || 2012-09-19 22:50:15 |
| 10731 || 0.0122491206663676 || 2019-09-02 12:01:31 |
| 10732 || -3.60810109230995 || 2012-01-03 16:12:56 |
| 10733 || 81.7441636082604 || 2017-08-25 10:58:05 |
| 10734 || 28.9687998091367 || 2018-08-23 10:25:09 |
| 10735 || -7.42423875842724 || 2010-12-17 20:09:52 |
| 10736 || 0.0207486164773288 || 2011-06-12 20:46:23 |
| 10737 || 17.4944342459349 || 2010-02-24 12:49:09 |
| 10738 || 51.3994767048256 || 2017-04-13 13:56:19 |
| 10739 || 31.7557331018591 || 2012-06-10 13:08:48 |
| 10740 || 27.3584122017801 || 2018-01-04 16:33:59 |
| 10741 || 0.660097749878735 || 2016-07-13 14:19:46 |
| 10742 || 6.32419944458596 || 2018-01-16 16:27:59 |
| 10743 || -15.4844088378041 || 2011-07-25 16:42:49 |
| 10744 || -11.043075741537 || 2014-01-25 06:47:56 |
| 10745 || 21.9521831370998 || 2012-01-26 05:23:24 |
| 10746 || 0.703257554801582 || 2016-10-05 04:18:56 |
| 10747 || 17.5841076051756 || 2014-06-13 08:52:12 |
| 10748 || -15.5651330090908 || 2010-06-05 15:12:38 |
| 10749 || 85.3078332511567 || 2018-04-09 23:07:17 |
| 10750 || -15.5580142824968 || 2019-08-24 15:59:27 |
| 10751 || 3.72238191308492 || 2011-04-01 09:01:32 |
| 10752 || 0.0684589208858233 || 2017-10-12 15:20:17 |
| 10753 || -11.2633648802431 || 2019-01-11 13:26:05 |
| 10754 || 11.5662770138843 || 2010-07-10 01:10:15 |
| 10755 || -14.952886404236 || 2018-04-15 08:52:44 |
| 10756 || 6.23034408660693 || 2010-09-08 12:01:41 |
| 10757 || 1.28153955330232 || 2013-03-12 03:50:39 |
| 10758 || 5.46340050234271 || 2012-01-26 21:59:02 |
| 10759 || -28.5421780301533 || 2019-12-15 01:55:21 |
| 10760 || 53.4011294430374 || 2016-12-01 17:12:24 |
| 10761 || -1.4604788530201 || 2017-10-12 01:30:44 |
| 10762 || 23.43 || 2020-01-08 20:51:22 |
| 10763 || 11.251 || 2020-01-08 20:51:22 |
| 10764 || 32.1 || 2020-01-08 20:51:22 |
| 10765 || -5.334 || 2020-01-08 20:51:22 |
| 10766 || 14.8372 || 2020-01-08 20:51:22 |
| 10767 || 16.0509 || 2014-01-01 03:10:54 |
| 10768 || -8.4355479915103 || 2011-05-13 04:48:13 |
| 10769 || -22.2614343048498 || 2019-04-27 09:19:45 |
| 10770 || -22.9561989990308 || 2010-03-23 01:54:20 |
| 10771 || 14.2642316746411 || 2016-03-18 10:57:51 |
| 10772 || -0.446683519777963 || 2013-06-21 07:07:22 |
| 10773 || 16.6929085218726 || 2010-05-13 00:12:27 |
| 10774 || -3.54698216691179 || 2014-08-19 18:59:03 |
| 10775 || 31.8518132276093 || 2018-08-05 21:19:35 |
| 10776 || 20.4088158765664 || 2019-01-17 02:49:40 |
| 10777 || 0.929353669564622 || 2014-01-16 05:50:25 |
| 10778 || 36.717715949144 || 2010-06-07 09:57:52 |
| 10779 || 82.0426472801572 || 2013-03-23 07:34:10 |
| 10780 || 73.7220390084645 || 2013-09-04 10:43:46 |
| 10781 || 1.07066184790614 || 2016-09-18 10:41:26 |
| 10782 || 0.0899844159519122 || 2018-12-22 21:54:35 |
| 10783 || 32.9773500303507 || 2018-07-07 21:34:54 |
| 10784 || -26.1675471923657 || 2016-05-03 22:16:06 |
| 10785 || 15.5646870465968 || 2013-11-01 22:51:29 |
| 10786 || 5.96505182259483 || 2013-06-20 21:13:45 |
| 10787 || -0.00237540716420477 || 2015-03-07 04:50:37 |
| 10788 || 9.29470202752637 || 2016-12-22 00:23:55 |
| 10789 || 63.4394252992642 || 2015-04-26 16:51:04 |
| 10790 || 76.7511355661878 || 2015-01-23 18:52:52 |
| 10791 || -11.7342242239278 || 2016-09-09 02:06:48 |
| 10792 || 0.546002702002396 || 2011-09-02 12:53:26 |
| 10793 || 9.54129666931285 || 2014-10-03 16:40:44 |
| 10794 || 57.9908661535958 || 2017-02-21 16:12:41 |
| 10795 || 73.3185384991716 || 2017-12-04 19:05:21 |
| 10796 || 27.734156349558 || 2013-05-11 03:24:51 |
| 10797 || 0.984380916243222 || 2017-03-19 03:20:52 |
| 10798 || 19.025535169892 || 2019-10-13 12:06:10 |
| 10799 || -10.06055035496 || 2013-07-25 18:50:36 |
| 10800 || 74.1745629684389 || 2010-04-27 00:59:58 |
| 10801 || -7.16814071413671 || 2018-02-01 05:19:08 |
| 10802 || -1.13523434955005 || 2019-04-09 01:00:31 |
| 10803 || 7.29231673412289 || 2010-06-23 20:59:48 |
| 10804 || 66.0087789289099 || 2019-01-24 14:15:01 |
| 10805 || 26.618742419199 || 2019-11-09 10:31:23 |
| 10806 || -12.4483729208339 || 2017-01-26 19:40:02 |
| 10807 || 5.33188596917641 || 2019-05-12 19:04:51 |
| 10808 || 3.37949352184785 || 2018-12-13 07:30:21 |
| 10809 || -4.92138698458451 || 2016-06-08 19:12:04 |
| 10810 || 26.3578852965359 || 2015-03-11 08:04:28 |
| 10811 || 57.6557731792583 || 2011-09-27 22:44:21 |
| 10812 || -2.01880900901805 || 2012-09-06 07:45:18 |
| 10813 || -1.73651389830105 || 2018-02-10 19:31:33 |
| 10814 || 32.1091992805296 || 2016-09-27 12:21:15 |
| 10815 || 55.7039155152607 || 2018-06-11 13:20:48 |
| 10816 || -0.501716728109968 || 2017-01-07 19:34:10 |
| 10817 || 12.2765635939799 || 2019-12-06 04:58:05 |
| 10818 || 1.32670612144739 || 2019-01-26 16:24:45 |
| 10819 || 26.9287496126395 || 2019-07-02 14:52:36 |
| 10820 || -17.4525526184108 || 2010-07-12 14:22:07 |
| 10821 || 40.8120242961636 || 2015-04-11 20:27:34 |
| 10822 || 1.51423661263712 || 2014-05-10 12:24:36 |
| 10823 || -0.912945543977533 || 2012-11-21 10:29:44 |
| 10824 || 45.5093924417339 || 2012-02-10 18:43:37 |
| 10825 || -4.31613742011162 || 2014-06-13 14:50:27 |
| 10826 || -1.7698095207 || 2010-01-17 05:02:00 |
| 10827 || 20.7413035484577 || 2013-03-26 04:45:56 |
| 10828 || 0.370666713838361 || 2011-03-26 02:04:17 |
| 10829 || -12.9471389764599 || 2018-02-20 18:09:57 |
| 10830 || 58.7701400516354 || 2011-10-07 11:26:23 |
| 10831 || -23.6398585357174 || 2014-11-12 11:10:56 |
| 10832 || -2.0620859468282 || 2016-06-25 20:07:01 |
| 10833 || -0.0858913307926383 || 2014-10-02 21:34:55 |
| 10834 || 32.3013776101196 || 2017-12-04 13:53:30 |
| 10835 || 69.9374600798682 || 2012-01-14 20:40:55 |
| 10836 || 73.2455880664418 || 2015-06-05 07:04:47 |
| 10837 || 17.1313599161886 || 2018-09-24 08:32:00 |
| 10838 || 0.00318605773004506 || 2014-02-11 15:05:09 |
| 10839 || -5.16271775262509 || 2017-09-06 05:59:56 |
| 10840 || 54.4759270335615 || 2016-05-23 19:12:20 |
| 10841 || 75.4198122416223 || 2016-11-04 04:22:01 |
| 10842 || 35.7713725535022 || 2015-01-06 10:00:51 |
| 10843 || 0.395150160660935 || 2016-06-18 12:03:08 |
| 10844 || -6.26128211989777 || 2019-03-03 04:49:04 |
| 10845 || 0.933731622306085 || 2014-04-20 19:14:36 |
| 10846 || -22.3042723475663 || 2019-01-14 13:22:02 |
| 10847 || -6.66501701480838 || 2011-03-05 23:38:11 |
| 10848 || -0.399078170977968 || 2014-10-16 08:59:07 |
| 10849 || -6.19359504126984 || 2019-08-02 11:12:31 |
| 10850 || 23.3324836904503 || 2011-05-11 11:33:39 |
| 10851 || -28.9976112711871 || 2019-07-22 06:17:57 |
| 10852 || -11.1565474896835 || 2012-04-25 05:32:32 |
| 10853 || 2.36214161740183 || 2016-06-16 06:53:04 |
| 10854 || 11.6002424638905 || 2014-01-08 11:15:38 |
| 10855 || 39.6531207614378 || 2011-08-27 11:31:32 |
| 10856 || 33.979913295389 || 2010-11-13 04:24:41 |
| 10857 || 46.8849979676408 || 2015-10-15 11:25:53 |
| 10858 || -0.460794951019908 || 2016-04-14 00:12:10 |
| 10859 || 9.88673140116478 || 2013-02-25 18:55:26 |
| 10860 || 8.47638019040299 || 2017-02-25 20:15:09 |
| 10861 || 58.3792737104002 || 2013-10-19 00:23:10 |
| 10862 || 48.7385003317306 || 2010-12-13 14:17:59 |
| 10863 || -2.05888647543541 || 2018-03-27 05:49:56 |
| 10864 || -2.73930172982301 || 2012-02-07 08:08:48 |
| 10865 || 32.2299268166467 || 2012-11-15 13:34:21 |
| 10866 || 78.3814831667784 || 2019-02-07 20:44:01 |
| 10867 || 59.6482321663527 || 2018-04-04 15:50:28 |
| 10868 || 6.68835704456881 || 2016-03-09 17:26:47 |
| 10869 || -0.364246216522633 || 2010-05-11 17:46:30 |
| 10870 || 16.5177383855789 || 2017-09-05 12:23:02 |
| 10871 || 89.2267256398556 || 2010-05-12 20:33:56 |
| 10872 || -7.58435056732671 || 2013-05-26 23:37:26 |
| 10873 || -1.68786419240156 || 2015-07-21 10:45:44 |
| 10874 || 1.39187277176093 || 2011-08-06 03:46:46 |
| 10875 || -4.70625359502867 || 2010-02-14 19:17:39 |
| 10876 || 19.4989170902295 || 2018-03-26 06:52:19 |
| 10877 || -17.0331792545762 || 2012-07-16 10:29:57 |
| 10878 || 0.924831112937091 || 2011-04-26 11:25:31 |
| 10879 || 1.31428041086249 || 2014-11-05 23:55:51 |
| 10880 || -0.494892513903891 || 2016-02-17 00:58:15 |
| 10881 || 56.4410010003468 || 2011-02-21 00:17:03 |
| 10882 || 43.1008455196072 || 2018-09-01 08:00:56 |
| 10883 || 23.9907475328354 || 2013-09-22 12:04:47 |
| 10884 || -0.109648706944906 || 2012-07-07 16:50:46 |
| 10885 || -10.211941580448 || 2010-01-13 12:50:59 |
| 10886 || 44.4351223670181 || 2012-05-10 12:57:12 |
| 10887 || 36.680271370496 || 2019-05-07 15:27:06 |
| 10888 || 22.127443813394 || 2012-01-23 23:20:17 |
| 10889 || 0.000674217828054387 || 2017-02-19 20:46:27 |
| 10890 || 19.0979068341101 || 2017-11-20 23:05:35 |
| 10891 || 24.9628636396742 || 2019-11-06 07:56:17 |
| 10892 || -19.5764368871533 || 2013-03-02 01:34:41 |
| 10893 || 34.1523379540773 || 2010-07-11 03:29:38 |
| 10894 || 0.273154856984312 || 2014-10-25 15:21:24 |
| 10895 || 10.4856572135457 || 2017-08-19 23:42:47 |
| 10896 || 57.3576000262912 || 2011-08-17 04:56:55 |
| 10897 || 74.7880201141429 || 2019-03-19 00:19:35 |
| 10898 || 0.200295379851717 || 2010-10-24 11:14:30 |
| 10899 || -0.210072553653565 || 2013-02-05 17:40:38 |
| 10900 || 4.50716442883346 || 2018-05-11 12:59:44 |
| 10901 || 49.3655544634948 || 2017-06-14 12:09:49 |
| 10902 || -25.9053524090249 || 2016-02-20 05:35:37 |
| 10903 || 14.0437206597547 || 2010-11-20 10:23:47 |
| 10904 || -0.918098268277635 || 2014-03-23 06:10:19 |
| 10905 || 14.3083634034112 || 2018-03-26 10:30:01 |
| 10906 || 9.25935067574717 || 2019-07-09 16:18:04 |
| 10907 || -28.8897178666238 || 2016-05-12 19:09:28 |
| 10908 || -17.0151868236525 || 2018-12-27 15:52:19 |
| 10909 || 4.81482950460705 || 2019-12-13 12:29:22 |
| 10910 || 12.0159239866122 || 2017-02-22 14:46:29 |
| 10911 || 3.73086010950642 || 2011-02-08 02:31:10 |
| 10912 || 89.7997746970096 || 2019-09-19 23:46:27 |
| 10913 || 53.8357060824072 || 2011-11-17 10:35:32 |
| 10914 || 4.24295419771456 || 2015-06-18 04:36:22 |
| 10915 || -2.63893354591939 || 2016-02-27 00:40:26 |
| 10916 || 45.0436101825497 || 2018-04-03 19:33:22 |
| 10917 || -24.1463368315665 || 2014-08-03 21:10:31 |
| 10918 || -20.5175666834588 || 2011-09-14 16:26:46 |
| 10919 || -0.567812845066144 || 2012-12-14 23:57:21 |
| 10920 || 3.59833781090668 || 2016-01-06 11:49:48 |
| 10921 || 51.3119446119616 || 2011-07-04 15:47:45 |
| 10922 || 72.8355780395468 || 2013-06-15 15:21:22 |
| 10923 || 36.5370813170818 || 2010-03-15 13:19:57 |
| 10924 || 4.28446464310507 || 2013-06-07 18:30:15 |
| 10925 || -0.475423966166584 || 2018-05-16 00:44:15 |
| 10926 || 10.9317202028996 || 2017-01-08 19:08:07 |
| 10927 || -16.6551830804632 || 2017-06-18 09:08:30 |
| 10928 || 60.4071280494232 || 2019-02-23 23:00:06 |
| 10929 || 17.2443584379651 || 2011-05-24 10:47:47 |
| 10930 || 1.09651672978441 || 2012-11-22 20:11:34 |
| 10931 || -6.94109033665188 || 2012-03-26 16:01:22 |
| 10932 || 85.6463350617861 || 2016-05-13 19:42:35 |
| 10933 || 35.9173410897299 || 2011-06-04 01:06:47 |
| 10934 || -3.97658549787444 || 2012-07-18 20:48:15 |
| 10935 || -0.1593080193019 || 2013-04-06 07:07:22 |
| 10936 || -11.096488871414 || 2011-12-19 08:31:09 |
| 10937 || 54.1498706396004 || 2015-11-26 08:02:44 |
| 10938 || 74.0674165853919 || 2017-08-23 17:23:17 |
| 10939 || -8.35857100542439 || 2010-05-17 05:23:34 |
| 10940 || -0.00741824610355262 || 2017-06-14 06:43:40 |
| 10941 || 28.2443954986936 || 2013-03-19 01:51:31 |
| 10942 || 8.63125538387544 || 2010-11-06 16:17:49 |
| 10943 || 45.2113636873893 || 2011-09-15 04:03:16 |
| 10944 || 31.8707813864323 || 2019-05-17 17:58:41 |
| 10945 || -0.0524532802937408 || 2015-07-23 10:52:30 |
| 10946 || 9.59338460776215 || 2019-09-02 09:06:37 |
| 10947 || -9.1599278319105 || 2016-11-09 10:09:58 |
| 10948 || -18.2450247851169 || 2018-01-21 05:04:45 |
| 10949 || -11.2028030990194 || 2012-12-27 20:18:29 |
| 10950 || -0.267725483716467 || 2011-06-22 15:17:10 |
| 10951 || 7.88969557100872 || 2017-03-06 05:33:20 |
| 10952 || -12.5795475285899 || 2012-11-05 21:45:15 |
| 10953 || -23.3794849589366 || 2018-06-22 23:10:28 |
| 10954 || 41.3325593574876 || 2017-07-22 17:59:08 |
| 10955 || 1.76692938191077 || 2010-05-08 17:35:44 |
| 10956 || -5.11540589045108 || 2017-07-26 10:04:51 |
| 10957 || 44.836831573609 || 2013-11-16 13:25:07 |
| 10958 || -29.5485426540586 || 2019-11-07 09:46:27 |
| 10959 || -15.7389140539973 || 2018-07-01 21:26:44 |
| 10960 || 1.06194119674055 || 2012-01-18 01:41:39 |
| 10961 || 13.0177611927805 || 2018-11-24 14:43:40 |
| 10962 || 64.1161950078059 || 2019-07-26 15:14:37 |
| 10963 || -6.06027834711114 || 2016-03-16 04:14:40 |
| 10964 || -16.8440876107345 || 2015-04-05 15:00:44 |
| 10965 || 2.89363561868448 || 2011-12-04 03:30:58 |
| 10966 || 6.81528844895917 || 2010-09-17 08:06:24 |
| 10967 || 38.9833018010642 || 2013-09-22 13:57:01 |
| 10968 || 89.8866511077427 || 2014-07-07 02:05:25 |
| 10969 || -14.8203893611699 || 2019-05-15 23:37:52 |
| 10970 || -3.29480790494159 || 2017-07-17 16:01:08 |
| 10971 || 0.0652870514394368 || 2018-09-21 18:45:19 |
| 10972 || -15.9976578161468 || 2016-03-13 14:30:49 |
| 10973 || 73.7633217111752 || 2012-06-15 23:54:56 |
| 10974 || 27.1818826546343 || 2017-03-10 17:25:53 |
| 10975 || 7.25369551691117 || 2016-12-11 18:36:43 |
| 10976 || 2.61181799815977 || 2016-01-18 15:15:43 |
| 10977 || 46.8398896734157 || 2011-01-23 17:10:58 |
| 10978 || 52.4903617390775 || 2010-12-04 16:24:06 |
| 10979 || 68.1182365453586 || 2012-03-13 01:11:49 |
| 10980 || 16.7101880027079 || 2016-05-20 21:31:34 |
| 10981 || 1.95694256054968 || 2019-05-21 22:57:29 |
| 10982 || 12.4857193235999 || 2017-01-27 16:28:59 |
| 10983 || -9.77667205246421 || 2016-09-22 05:18:18 |
| 10984 || 71.1733140608592 || 2015-03-18 06:35:06 |
| 10985 || -4.83626558207363 || 2010-09-14 18:41:24 |
| 10986 || -0.132735295965989 || 2015-06-01 05:57:42 |
| 10987 || 33.6755993127267 || 2017-07-03 01:30:26 |
| 10988 || 84.5028311420086 || 2015-01-22 17:59:24 |
| 10989 || 22.8379344172196 || 2017-10-08 08:27:47 |
| 10990 || 9.23666956700678 || 2015-12-15 04:44:37 |
| 10991 || 0.00951471324982341 || 2016-08-21 11:29:32 |
| 10992 || 24.4115934568744 || 2010-01-06 21:58:24 |
| 10993 || 70.327343900935 || 2013-09-05 13:33:49 |
| 10994 || 53.7273429920059 || 2017-01-10 18:17:17 |
| 10995 || 12.0141527507524 || 2016-02-18 09:05:07 |
| 10996 || 0.0893877859678614 || 2019-09-03 05:37:36 |
| 10997 || -8.94479653872781 || 2010-12-26 03:48:40 |
| 10998 || 71.911766741536 || 2017-06-17 12:43:19 |
| 10999 || 46.5197198339927 || 2016-11-10 11:41:49 |
| 11000 || 8.71290857237954 || 2019-07-20 15:28:55 |
| 11001 || 0.363940780260758 || 2013-06-10 17:18:03 |
| 11002 || 22.4887761564066 || 2012-10-13 14:16:14 |
| 11003 || -16.9916802926196 || 2013-12-14 02:47:06 |
| 11004 || 7.60253371503821 || 2017-10-26 19:11:32 |
| 11005 || 35.9885651741626 || 2012-09-06 14:20:30 |
| 11006 || 2.09626073029492 || 2010-12-17 14:41:41 |
| 11007 || 11.416615765705 || 2018-02-03 12:07:13 |
| 11008 || 66.9231493777813 || 2018-07-09 14:04:31 |
| 11009 || 71.0779608013406 || 2014-11-24 04:41:10 |
| 11010 || 34.6328085935328 || 2014-04-19 16:44:11 |
| 11011 || 0.464311989686651 || 2013-09-26 21:25:09 |
| 11012 || 0.24609037576306 || 2011-06-15 08:42:38 |
| 11013 || 63.7335901302784 || 2010-11-21 19:58:14 |
| 11014 || -13.9622266491218 || 2010-12-23 06:54:09 |
| 11015 || -18.054362759276 || 2016-01-24 02:47:30 |
| 11016 || 5.00518771481964 || 2018-07-23 01:35:13 |
| 11017 || 5.77091943000196 || 2011-04-09 17:43:04 |
| 11018 || 15.7863873431416 || 2017-05-20 18:54:45 |
| 11019 || -15.6636171936715 || 2010-05-01 17:51:00 |
| 11020 || 29.2291609029368 || 2011-02-13 13:45:22 |
| 11021 || 7.93851271285822 || 2018-08-17 16:27:56 |
| 11022 || 6.92523139707908 || 2013-11-21 10:46:42 |
| 11023 || -18.0837039424663 || 2018-06-20 21:04:18 |
| 11024 || 79.8719618164809 || 2015-11-25 02:27:35 |
| 11025 || 63.9333786878015 || 2011-02-06 10:27:04 |
| 11026 || 4.23573192310095 || 2012-02-23 11:48:48 |
| 11027 || -0.858315280392444 || 2019-03-24 15:33:53 |
| 11028 || 28.1850485298115 || 2014-06-10 06:13:57 |
| 11029 || 60.2163847911974 || 2013-10-15 16:17:35 |
| 11030 || 64.1716422690089 || 2019-02-09 01:55:34 |
| 11031 || 12.376483041495 || 2014-02-06 11:08:21 |
| 11032 || 2.26587652512633 || 2017-02-04 16:12:19 |
| 11033 || 40.2713188155289 || 2018-05-10 16:57:02 |
| 11034 || 6.77004288263932 || 2018-09-16 21:26:17 |
| 11035 || -10.6248549489147 || 2012-04-17 10:54:13 |
| 11036 || 21.3362304609867 || 2012-12-01 12:39:58 |
| 11037 || 0.5627304152933 || 2017-02-20 02:42:56 |
| 11038 || -8.31510229236546 || 2012-05-06 11:47:44 |
| 11039 || -21.7849650720831 || 2018-03-08 02:21:56 |
| 11040 || 61.8686573414811 || 2018-12-09 20:46:21 |
| 11041 || 13.1126709887892 || 2011-07-01 18:59:51 |
| 11042 || 0.0447049686510829 || 2017-01-10 01:41:11 |
| 11043 || -5.84700685052343 || 2017-10-14 22:27:07 |
| 11044 || 15.2710682500147 || 2017-04-04 15:33:32 |
| 11045 || 20.9989002667478 || 2017-09-02 08:35:02 |
| 11046 || -9.42471207031404 || 2010-05-25 19:30:23 |
| 11047 || 0.0216935387763444 || 2014-04-07 22:57:49 |
| 11048 || 3.40573088757607 || 2015-04-17 14:07:52 |
| 11049 || 77.5785888246662 || 2013-04-11 22:18:59 |
| 11050 || -25.6797354491615 || 2011-04-20 14:31:26 |
| 11051 || 36.5966745483406 || 2017-09-23 04:39:45 |
| 11052 || -0.125267972510127 || 2016-03-26 14:12:38 |
| 11053 || 8.21422954676185 || 2019-02-14 16:16:04 |
| 11054 || -16.728505469793 || 2011-12-05 11:12:02 |
| 11055 || 85.717638468308 || 2018-09-14 00:19:59 |
| 11056 || 39.5176028262351 || 2016-08-17 02:44:54 |
| 11057 || -0.566737693355537 || 2014-12-27 06:05:15 |
| 11058 || 14.5597062897349 || 2019-08-17 11:04:54 |
| 11059 || -20.9573811921696 || 2015-06-05 08:50:18 |
| 11060 || 71.1759826659488 || 2013-10-09 18:20:10 |
| 11061 || -12.9916265257406 || 2011-12-03 13:54:18 |
| 11062 || 3.60137490513013 || 2017-09-13 21:23:43 |
| 11063 || -0.465243948834648 || 2018-03-22 05:29:46 |
| 11064 || 40.6687827345753 || 2011-10-19 00:05:10 |
| 11065 || 11.0574861005955 || 2011-11-10 02:36:38 |
| 11066 || 21.3420897514077 || 2012-01-16 11:31:26 |
| 11067 || 5.85555095011501 || 2016-05-12 08:14:30 |
| 11068 || 3.67044793746266 || 2018-06-20 15:34:23 |
| 11069 || 7.46009283391222 || 2019-11-01 10:36:45 |
| 11070 || 17.1496519201453 || 2016-04-18 07:50:13 |
| 11071 || -19.4542484683865 || 2017-09-10 00:18:51 |
| 11072 || -0.909772597875886 || 2010-12-19 21:17:59 |
| 11073 || 5.54993980136663 || 2018-07-09 11:51:16 |
| 11074 || 38.3424007767157 || 2017-05-04 04:29:09 |
| 11075 || -4.00723670252112 || 2010-09-25 05:17:24 |
| 11076 || 42.6641033132621 || 2013-08-15 14:20:27 |
| 11077 || 5.76843904105964 || 2018-11-24 04:32:54 |
| 11078 || -0.790392120539441 || 2016-08-17 06:44:34 |
| 11079 || 20.1100640787256 || 2016-09-05 17:34:52 |
| 11080 || 72.2687739142388 || 2010-12-20 20:01:47 |
| 11081 || -22.5767869945585 || 2019-11-24 03:47:45 |
| 11082 || -2.76430179778145 || 2010-09-22 17:57:36 |
| 11083 || -0.272651672353793 || 2010-12-04 15:48:09 |
| 11084 || 17.1166642871173 || 2012-11-15 15:53:59 |
| 11085 || 12.8903605964231 || 2019-11-11 13:00:33 |
| 11086 || -12.8952149658544 || 2018-09-19 18:18:25 |
| 11087 || 18.7315395739704 || 2017-09-04 23:09:28 |
| 11088 || 0.960523059803708 || 2016-12-14 15:38:05 |
| 11089 || 37.3760685894093 || 2017-06-24 05:04:31 |
| 11090 || -25.5122873562493 || 2010-01-13 04:13:54 |
| 11091 || -18.3550188303327 || 2016-05-25 13:23:04 |
| 11092 || -3.89772867931577 || 2015-09-04 09:14:42 |
| 11093 || 0.227888263922424 || 2018-01-12 02:47:31 |
| 11094 || 34.0558218837302 || 2015-12-18 05:03:12 |
| 11095 || -0.908596317193932 || 2014-01-20 12:55:56 |
| 11096 || -26.8634960922532 || 2011-10-23 16:54:06 |
| 11097 || -9.80063588004624 || 2018-11-04 06:58:26 |
| 11098 || 0.00672628508756939 || 2016-03-03 10:41:45 |
| 11099 || 4.54011594834033 || 2010-07-21 08:25:24 |
| 11100 || -22.9779324153292 || 2011-06-22 00:20:06 |
| 11101 || 58.2931701808194 || 2011-05-10 16:55:27 |
| 11102 || 3.35809227928494 || 2012-08-04 20:01:21 |
| 11103 || -0.141852342495539 || 2014-03-13 17:23:40 |
| 11104 || -0.839266032856012 || 2016-04-26 00:15:32 |
| 11105 || -25.016323539543 || 2017-08-05 13:16:01 |
| 11106 || 62.1131179099416 || 2015-09-13 12:56:43 |
| 11107 || 37.5986038728581 || 2018-04-18 11:09:19 |
| 11108 || 0.66234477475861 || 2011-08-26 02:08:48 |
| 11109 || 1.08318792256041 || 2016-02-04 09:58:34 |
| 11110 || 52.6381754058193 || 2019-12-21 21:04:41 |
| 11111 || 6.8161940931145 || 2019-02-19 16:38:52 |
| 11112 || 5.46030614078865 || 2011-04-02 03:01:22 |
| 11113 || 1.94315164148725 || 2010-06-12 13:03:47 |
| 11114 || -4.79919468818408 || 2015-11-10 08:32:19 |
| 11115 || 55.1107893651791 || 2015-12-16 00:50:07 |
| 11116 || 34.0566961900748 || 2011-11-10 09:19:53 |
| 11117 || 33.549048016297 || 2010-09-14 09:36:25 |
| 11118 || -0.00521350843146129 || 2014-08-02 14:21:12 |
| 11119 || -3.74623335425937 || 2016-12-22 04:31:52 |
| 11120 || 31.224938226208 || 2011-06-25 10:40:13 |
| 11121 || 78.62852175973 || 2019-09-08 04:53:36 |
| 11122 || -12.8314610988792 || 2018-10-11 16:15:24 |
| 11123 || -2.77495720701432 || 2011-02-25 22:34:54 |
| 11124 || -2.36513432035674 || 2019-03-15 19:08:48 |
| 11125 || -18.7435185322764 || 2016-08-08 13:12:43 |
| 11126 || 3.35747013203385 || 2019-12-10 21:03:10 |
| 11127 || 58.0621096549638 || 2011-09-02 15:22:07 |
| 11128 || -3.17930736593017 || 2017-06-27 04:24:03 |
| 11129 || 2.06981662798428 || 2018-05-21 03:00:23 |
| 11130 || 5.20874331207448 || 2016-03-08 04:56:21 |
| 11131 || 21.6480373210226 || 2010-01-12 12:12:52 |
| 11132 || 61.9393428811427 || 2010-05-02 08:04:10 |
| 11133 || -1.38496005194296 || 2011-04-17 10:16:43 |
| 11134 || -0.962798530873408 || 2011-03-20 15:22:26 |
| 11135 || 16.4952436682032 || 2014-01-26 16:55:03 |
| 11136 || -18.9421346725454 || 2010-08-01 08:24:24 |
| 11137 || 70.7809247652166 || 2010-12-27 05:22:53 |
| 11138 || 13.5896668908488 || 2019-08-12 14:03:55 |
| 11139 || 1.09020094527719 || 2018-10-01 14:08:11 |
| 11140 || -8.26895929053147 || 2019-05-07 08:35:00 |
| 11141 || -25.0477892540625 || 2013-08-20 20:18:19 |
| 11142 || 52.9750833253056 || 2016-09-16 11:10:31 |
| 11143 || -0.767472509682548 || 2016-07-20 17:39:18 |
| 11144 || 0.33946382436795 || 2010-11-09 04:58:15 |
| 11145 || 34.6997593833019 || 2015-09-21 22:11:40 |
| 11146 || 83.2741439491084 || 2014-10-18 09:35:51 |
| 11147 || -20.859683782206 || 2017-04-17 12:52:17 |
| 11148 || 22.4989081192856 || 2013-07-07 17:03:12 |
| 11149 || -0.000103257363973874 || 2018-09-14 04:29:55 |
| 11150 || 30.0168752303419 || 2012-06-05 04:16:57 |
| 11151 || 35.8749775188895 || 2011-02-03 04:23:49 |
| 11152 || -11.0809869789432 || 2014-07-21 14:01:46 |
| 11153 || -8.37078083960133 || 2011-04-24 14:54:48 |
| 11154 || 0.159207663289995 || 2012-07-03 19:35:00 |
| 11155 || -1.34014171517366 || 2015-01-02 06:30:51 |
| 11156 || 23.3878847229348 || 2011-05-12 00:38:53 |
| 11157 || -25.0639621122419 || 2010-04-20 02:37:03 |
| 11158 || -11.3113033992601 || 2013-10-09 19:46:23 |
| 11159 || 0.19136351116676 || 2011-09-02 04:20:56 |
| 11160 || 3.56051748707072 || 2017-06-05 02:36:14 |
| 11161 || 15.9613929764178 || 2017-09-19 01:05:05 |
| 11162 || -24.3406722177322 || 2012-09-23 01:38:16 |
| 11163 || 17.6400537440763 || 2012-04-10 12:23:09 |
| 11164 || 0.638846525223384 || 2014-10-21 06:45:04 |
| 11165 || -4.14095612469602 || 2018-07-21 16:16:31 |
| 11166 || 45.162178945102 || 2015-07-01 15:35:17 |
| 11167 || 89.1295888424315 || 2010-05-06 19:00:08 |
| 11168 || -16.9007013910023 || 2019-11-01 04:56:02 |
| 11169 || 4.20482793370576 || 2016-04-01 18:46:46 |
| 11170 || -2.80123027808562 || 2012-05-12 07:46:53 |
| 11171 || 13.97053515633 || 2019-07-01 22:34:25 |
| 11172 || 68.1487584172616 || 2015-07-14 01:42:47 |
| 11173 || 56.586692813244 || 2010-01-12 22:09:59 |
| 11174 || 4.36533646770357 || 2018-12-05 04:09:05 |
| 11175 || 23.43 || 2020-01-08 20:58:13 |
| 11176 || 11.251 || 2020-01-08 20:58:13 |
| 11177 || 32.1 || 2020-01-08 20:58:13 |
| 11178 || -5.334 || 2020-01-08 20:58:13 |
| 11179 || 14.8372 || 2020-01-08 20:58:13 |
| 11180 || 16.0509 || 2014-01-01 03:10:54 |
| 11181 || -12.5834104978178 || 2013-09-17 07:40:43 |
| 11182 || 88.5296271301228 || 2013-09-06 18:29:13 |
| 11183 || -8.51516354442556 || 2018-11-07 20:21:03 |
| 11184 || -3.81625731963748 || 2012-12-17 23:49:46 |
| 11185 || -0.637098275771023 || 2013-06-05 16:50:10 |
| 11186 || 45.2371960184769 || 2016-05-11 21:51:05 |
| 11187 || 83.8020601694237 || 2018-05-23 22:38:37 |
| 11188 || 56.3199846049375 || 2011-10-15 18:03:16 |
| 11189 || 15.4498743499151 || 2015-11-18 14:01:26 |
| 11190 || -0.0229780806709058 || 2017-10-26 07:07:41 |
| 11191 || 26.1500900680316 || 2010-07-07 22:45:13 |
| 11192 || 27.9097163985298 || 2019-07-07 18:50:50 |
| 11193 || -12.3178663090957 || 2017-08-20 06:47:55 |
| 11194 || 7.09042433417545 || 2014-03-17 13:26:51 |
| 11195 || 0.241428365153711 || 2012-10-09 12:20:07 |
| 11196 || -10.8504592373929 || 2010-09-25 16:16:47 |
| 11197 || 83.3635521149363 || 2018-04-15 23:03:42 |
| 11198 || 30.2632256974181 || 2010-12-27 21:26:43 |
| 11199 || -9.01581811337832 || 2018-06-15 04:15:42 |
| 11200 || 0.0119762930329742 || 2018-12-25 20:08:18 |
| 11201 || 0.72903829632885 || 2016-06-27 10:41:18 |
| 11202 || 67.7394681349022 || 2012-07-14 18:36:54 |
| 11203 || 80.5257594151419 || 2011-05-03 12:37:51 |
| 11204 || -0.146996108895563 || 2017-06-27 19:09:20 |
| 11205 || 0.17406599330914 || 2016-05-11 13:53:11 |
| 11206 || 2.81364466138188 || 2010-08-17 23:16:23 |
| 11207 || 34.538146447388 || 2010-07-18 00:11:27 |
| 11208 || -22.3978708335699 || 2013-03-10 23:49:03 |
| 11209 || 35.2398400981637 || 2011-05-15 01:44:36 |
| 11210 || 1.00034382873831 || 2019-06-16 07:35:00 |
| 11211 || -4.84940744896314 || 2012-08-05 15:38:18 |
| 11212 || 41.7724692308898 || 2018-05-15 13:57:03 |
| 11213 || -16.907711505039 || 2012-10-20 00:39:38 |
| 11214 || -12.3608119085086 || 2013-04-25 23:40:19 |
| 11215 || 2.27533562116469 || 2011-05-09 04:49:57 |
| 11216 || 5.0648094582508 || 2011-09-10 18:54:47 |
| 11217 || 44.0871004938934 || 2015-07-16 09:41:00 |
| 11218 || -27.4251177778913 || 2016-12-04 18:21:09 |
| 11219 || -16.7414777891058 || 2010-04-22 09:56:34 |
| 11220 || -1.52535502312822 || 2017-08-04 22:34:51 |
| 11221 || -3.26264804003356 || 2012-05-15 06:17:02 |
| 11222 || -8.99781706436261 || 2018-09-13 19:50:44 |
| 11223 || -18.9185729429212 || 2014-12-23 00:01:47 |
| 11224 || 52.9879041645866 || 2019-12-15 16:41:40 |
| 11225 || 2.80641262370319 || 2011-09-06 09:20:29 |
| 11226 || 1.27071511799314 || 2016-03-20 09:27:37 |
| 11227 || -14.2151360146651 || 2014-08-21 17:26:14 |
| 11228 || 89.4105744187012 || 2013-01-11 21:46:09 |
| 11229 || 9.0190221365799 || 2015-10-14 10:19:10 |
| 11230 || -3.27864247116838 || 2018-11-11 08:06:41 |
| 11231 || 0.751347502547354 || 2010-07-06 03:37:10 |
| 11232 || -0.649164059972833 || 2019-04-19 06:53:04 |
| 11233 || 89.1818523718418 || 2019-09-05 07:26:15 |
| 11234 || 62.3230501949656 || 2011-02-23 14:49:18 |
| 11235 || 5.97830102360072 || 2011-08-05 21:08:41 |
| 11236 || 3.12277883400993 || 2017-03-22 21:38:10 |
| 11237 || 29.8151585874103 || 2013-09-02 00:29:51 |
| 11238 || 84.0111324056557 || 2011-01-22 13:43:35 |
| 11239 || 46.7169636339293 || 2010-03-03 01:37:09 |
| 11240 || -0.308933633604476 || 2012-04-02 15:09:00 |
| 11241 || 0.550468622253391 || 2016-07-13 10:46:47 |
| 11242 || 40.6354952312412 || 2014-10-04 15:17:02 |
| 11243 || -3.54179312134825 || 2011-08-05 18:40:55 |
| 11244 || 6.6487217373742 || 2014-11-09 22:09:24 |
| 11245 || -0.0313288414390923 || 2013-01-11 13:34:38 |
| 11246 || -0.215332663088791 || 2011-06-19 18:44:57 |
| 11247 || 33.6366632437835 || 2019-11-15 02:50:00 |
| 11248 || 73.4620913441727 || 2011-10-05 15:36:28 |
| 11249 || 76.4164614263714 || 2012-04-27 01:47:44 |
| 11250 || 27.9682532872402 || 2019-08-01 10:11:36 |
| 11251 || 0.00821692954434888 || 2013-09-12 16:34:58 |
| 11252 || -8.82268721212428 || 2011-11-16 23:04:10 |
| 11253 || -17.27590768533 || 2017-06-22 01:48:56 |
| 11254 || 66.3163890555817 || 2013-11-02 00:55:12 |
| 11255 || -10.9603472778868 || 2016-06-12 14:00:19 |
| 11256 || -0.0187493787125845 || 2011-01-07 08:29:18 |
| 11257 || 24.9828915592801 || 2010-01-24 16:59:27 |
| 11258 || 0.648129788811472 || 2017-01-16 13:23:09 |
| 11259 || 81.383717685471 || 2013-06-06 17:23:55 |
| 11260 || 6.96669763142349 || 2017-02-13 19:20:23 |
| 11261 || -0.179657566819041 || 2013-06-16 17:32:06 |
| 11262 || -0.391196173676003 || 2017-11-01 05:32:07 |
| 11263 || 73.9937056694077 || 2017-09-26 20:48:00 |
| 11264 || -28.094456395789 || 2013-09-05 20:13:57 |
| 11265 || 27.4292429859871 || 2016-09-09 21:36:23 |
| 11266 || -0.485968405368492 || 2019-12-12 02:00:39 |
| 11267 || 2.44252011571554 || 2015-09-06 16:26:12 |
| 11268 || -23.0109781945074 || 2018-11-05 17:19:24 |
| 11269 || 27.8352283947749 || 2014-10-15 10:04:10 |
| 11270 || -11.7735413621765 || 2016-10-10 22:13:23 |
| 11271 || 3.87425222888106 || 2010-07-06 17:45:20 |
| 11272 || 6.12072084378518 || 2017-05-19 07:10:19 |
| 11273 || 50.0974263989763 || 2019-04-20 22:30:25 |
| 11274 || 89.4025857587583 || 2015-10-05 09:08:01 |
| 11275 || 22.1154917024485 || 2016-05-15 01:35:02 |
| 11276 || -1.23567748567987 || 2015-07-25 09:47:47 |
| 11277 || 7.89982113255486 || 2019-11-26 01:22:06 |
| 11278 || 59.2168415031141 || 2018-10-10 19:26:23 |
| 11279 || -25.8436818669808 || 2012-11-02 01:10:32 |
| 11280 || 46.2717556338024 || 2013-02-18 00:13:50 |
| 11281 || -2.64325520179437 || 2012-01-18 07:35:49 |
| 11282 || 6.00590620524328 || 2015-07-27 14:02:28 |
| 11283 || -6.14627162120086 || 2017-10-27 01:16:52 |
| 11284 || 74.9284398640849 || 2016-02-06 10:29:28 |
| 11285 || 48.1387457527228 || 2019-11-06 01:58:12 |
| 11286 || 9.24763230202955 || 2017-09-03 22:30:15 |
| 11287 || 1.02333830697354 || 2015-08-22 14:12:42 |
| 11288 || 17.00329165875 || 2010-01-18 02:06:01 |
| 11289 || 19.3389433542716 || 2018-10-08 22:46:55 |
| 11290 || 50.8193921208103 || 2012-10-11 19:18:41 |
| 11291 || 2.47481736949651 || 2013-07-16 00:58:52 |
| 11292 || 1.92548035858815 || 2016-07-21 22:01:18 |
| 11293 || -5.27406978580096 || 2012-02-10 09:15:33 |
| 11294 || 69.5637538637687 || 2016-04-14 14:46:28 |
| 11295 || 73.304834604175 || 2013-01-21 06:31:30 |
| 11296 || 21.4059061255533 || 2014-11-19 09:25:08 |
| 11297 || -0.0404163867338427 || 2012-09-12 06:04:51 |
| 11298 || 8.2129912715891 || 2014-11-15 01:19:19 |
| 11299 || -19.239380927678 || 2016-09-06 19:28:25 |
| 11300 || -5.5193389525313 || 2018-08-01 01:03:19 |
| 11301 || 25.8601640451653 || 2013-10-17 22:55:45 |
| 11302 || 0.0612117957205094 || 2017-07-01 20:02:42 |
| 11303 || 18.8065121339188 || 2016-05-06 16:28:14 |
| 11304 || 12.4046574295859 || 2015-03-02 09:02:49 |
| 11305 || 13.3616930486384 || 2017-06-07 21:34:26 |
| 11306 || 23.0072688372164 || 2014-09-27 03:17:26 |
| 11307 || 0.00557595430132236 || 2011-12-12 20:34:41 |
| 11308 || 25.2512218895676 || 2013-06-12 02:08:39 |
| 11309 || -16.463372111613 || 2015-06-12 06:37:59 |
| 11310 || 6.47791725745566 || 2017-06-02 00:58:57 |
| 11311 || 17.5481510825326 || 2019-03-04 22:21:17 |
| 11312 || -0.0433958158085233 || 2011-10-03 03:18:24 |
| 11313 || 4.67455601173116 || 2013-05-14 10:33:27 |
| 11314 || -24.8407691072918 || 2017-10-23 02:08:31 |
| 11315 || -28.297840134334 || 2014-03-15 16:33:13 |
| 11316 || 13.2713308178744 || 2011-07-17 12:06:02 |
| 11317 || 0.527429861871498 || 2015-04-15 04:15:59 |
| 11318 || 10.0782803043333 || 2013-03-01 02:38:50 |
| 11319 || 67.8229566244647 || 2013-06-09 20:14:36 |
| 11320 || 87.9368535246496 || 2011-10-23 21:46:48 |
| 11321 || 20.7938957609835 || 2015-12-12 06:09:54 |
| 11322 || 1.37840706885333 || 2018-12-14 06:01:41 |
| 11323 || -3.16559966382061 || 2016-03-06 19:33:57 |
| 11324 || 16.8791577347571 || 2013-10-10 08:05:55 |
| 11325 || 14.1964094246106 || 2014-06-05 20:51:29 |
| 11326 || -5.64408506724009 || 2019-12-10 18:20:42 |
| 11327 || -1.29867301869957 || 2018-05-13 00:07:26 |
| 11328 || 10.0120202905029 || 2017-11-21 10:33:02 |
| 11329 || -15.3295826146459 || 2014-04-27 17:51:23 |
| 11330 || 37.7025069804889 || 2014-07-13 20:25:09 |
| 11331 || 47.6425408159011 || 2019-02-25 01:46:07 |
| 11332 || -2.31647305666938 || 2012-11-14 10:31:30 |
| 11333 || 7.33737735642802 || 2011-01-16 21:18:35 |
| 11334 || 13.5142448159418 || 2017-09-26 01:40:57 |
| 11335 || 49.7707913479706 || 2012-01-09 16:31:20 |
| 11336 || -20.6076642184984 || 2012-10-03 23:25:29 |
| 11337 || 8.8356293774547 || 2018-01-14 19:04:29 |
| 11338 || 0.0486778756359267 || 2017-08-14 02:02:08 |
| 11339 || 39.8810968061067 || 2015-04-14 16:31:33 |
| 11340 || 5.61541854448928 || 2015-05-16 12:44:05 |
| 11341 || -19.8821469747702 || 2012-06-10 03:17:03 |
| 11342 || 8.60938202946802 || 2018-08-16 13:24:05 |
| 11343 || -0.214860607943334 || 2011-03-09 00:29:53 |
| 11344 || -12.9351265555818 || 2014-08-16 02:57:05 |
| 11345 || 34.978852606383 || 2014-10-15 10:23:12 |
| 11346 || 9.52389716690818 || 2019-04-24 22:20:30 |
| 11347 || 20.028329604749 || 2014-09-09 17:36:49 |
| 11348 || -0.348860153904212 || 2012-12-25 07:21:31 |
| 11349 || 31.2910224157596 || 2013-04-23 15:50:16 |
| 11350 || 76.0611743504145 || 2019-06-13 16:47:12 |
| 11351 || 75.8544978045237 || 2017-03-27 05:27:37 |
| 11352 || -5.16575738264791 || 2019-07-05 21:15:06 |
| 11353 || 0.191203467216213 || 2019-12-01 08:54:45 |
| 11354 || 34.1772567380266 || 2010-12-23 20:13:37 |
| 11355 || 16.3661708074915 || 2011-02-16 21:15:34 |
| 11356 || 74.9483630664438 || 2011-05-13 00:39:42 |
| 11357 || -3.25971755945069 || 2016-07-23 15:15:19 |
| 11358 || -0.00468970139847918 || 2014-01-07 21:10:07 |
| 11359 || 15.2530340559961 || 2011-03-22 20:32:21 |
| 11360 || 55.4596099499996 || 2019-12-19 20:27:39 |
| 11361 || -27.3445134729258 || 2019-09-02 19:40:12 |
| 11362 || 23.8021347297812 || 2016-11-10 13:08:22 |
| 11363 || 0.456507365862754 || 2018-09-26 03:55:53 |
| 11364 || 21.960326735533 || 2010-11-03 23:15:59 |
| 11365 || -1.46343525838772 || 2012-01-12 12:30:43 |
| 11366 || 50.8927748499159 || 2012-07-18 22:31:53 |
| 11367 || -10.0128805150521 || 2015-03-06 00:54:15 |
| 11368 || -0.419804338635719 || 2018-03-13 19:15:52 |
| 11369 || 8.87398013995412 || 2019-08-22 06:25:50 |
| 11370 || -23.4271338874615 || 2012-09-02 07:45:19 |
| 11371 || 43.1470007120358 || 2017-10-08 04:28:27 |
| 11372 || -15.6761385219523 || 2012-03-02 04:02:19 |
| 11373 || -1.07443744835256 || 2010-10-14 03:30:10 |
| 11374 || -1.76065876101393 || 2010-12-04 14:47:04 |
| 11375 || 25.0908674864722 || 2016-10-08 05:26:05 |
| 11376 || 63.562866534245 || 2018-06-02 04:10:43 |
| 11377 || 47.5565884479593 || 2010-05-18 14:53:51 |
| 11378 || 5.51738781749058 || 2010-11-16 04:00:45 |
| 11379 || -3.50566442709856 || 2019-05-12 17:24:07 |
| 11380 || 30.503946767056 || 2015-05-15 18:41:22 |
| 11381 || -28.9263072752594 || 2011-06-04 04:58:30 |
| 11382 || -17.0376702078084 || 2019-08-15 06:44:18 |
| 11383 || -2.41236270876292 || 2015-06-22 22:06:09 |
| 11384 || 1.45813294601867 || 2017-02-07 02:33:42 |
| 11385 || -18.5481400681102 || 2018-01-24 02:16:14 |
| 11386 || -8.85845663098809 || 2019-12-01 08:35:32 |
| 11387 || -12.8385427567911 || 2018-04-03 13:26:54 |
| 11388 || 11.3494775416181 || 2014-10-05 00:37:03 |
| 11389 || -1.35974938754926 || 2016-08-01 12:53:48 |
| 11390 || 31.6650822200222 || 2013-02-05 04:27:27 |
| 11391 || 35.8562800166308 || 2019-07-26 12:54:10 |
| 11392 || -10.2582580682059 || 2018-08-01 00:27:49 |
| 11393 || -4.64882555094534 || 2017-03-01 18:50:04 |
| 11394 || 0.210142203114488 || 2011-11-06 02:55:48 |
| 11395 || 45.9496515505865 || 2016-06-25 01:31:30 |
| 11396 || -23.7048824758594 || 2015-01-09 20:34:41 |
| 11397 || -23.2830491047513 || 2015-07-09 08:58:57 |
| 11398 || 8.81597842898601 || 2011-12-20 17:35:56 |
| 11399 || -0.416271345549149 || 2017-02-12 15:55:16 |
| 11400 || -11.671732377027 || 2018-07-15 01:57:04 |
| 11401 || 64.5485121119144 || 2014-06-27 01:53:11 |
| 11402 || -25.503394136025 || 2015-03-15 10:46:08 |
| 11403 || 5.37350724223988 || 2011-11-06 19:27:12 |
| 11404 || 0.0431757689056163 || 2012-06-04 00:26:55 |
| 11405 || -8.68646040664847 || 2019-09-04 13:58:01 |
| 11406 || 66.1128818344659 || 2014-04-01 05:57:12 |
| 11407 || 77.5803242619298 || 2017-06-01 11:03:03 |
| 11408 || -4.13841350772814 || 2014-10-18 08:50:36 |
| 11409 || 8.40930445320774e-05 || 2019-12-16 07:29:25 |
| 11410 || 7.710252757498 || 2011-03-18 23:10:30 |
| 11411 || 61.0163331642977 || 2010-09-24 10:01:34 |
| 11412 || 61.6615990701999 || 2012-08-08 16:15:33 |
| 11413 || 34.1040440678238 || 2016-02-16 06:43:31 |
| 11414 || -0.106108675948186 || 2016-11-08 23:00:25 |
| 11415 || -0.401711954822269 || 2010-05-12 23:21:30 |
| 11416 || -8.32113524674958 || 2010-02-02 05:40:29 |
| 11417 || 73.9944234239502 || 2017-12-04 10:16:17 |
| 11418 || 32.2702593562929 || 2010-06-19 09:18:57 |
| 11419 || -0.436179871808904 || 2015-02-10 11:46:54 |
| 11420 || 8.36640197751214 || 2017-06-04 05:32:37 |
| 11421 || 53.7672912318176 || 2013-09-19 16:08:11 |
| 11422 || 57.5407752273338 || 2015-06-21 02:01:40 |
| 11423 || 42.9403756526542 || 2016-10-08 18:59:21 |
| 11424 || -0.0406019075289045 || 2016-05-12 20:57:19 |
| 11425 || -0.856051472471649 || 2011-07-08 18:07:28 |
| 11426 || 2.58451108270835 || 2017-06-24 19:11:00 |
| 11427 || -25.3750233777076 || 2019-09-02 18:12:34 |
| 11428 || 32.9429809851044 || 2011-03-08 14:00:29 |
| 11429 || 4.96241449188906 || 2010-06-18 09:59:24 |
| 11430 || -2.49024199320289 || 2017-10-19 03:51:46 |
| 11431 || 45.1607989618211 || 2014-06-16 11:42:27 |
| 11432 || 2.26406559316064 || 2017-05-12 14:18:12 |
| 11433 || 3.61478890153101 || 2016-01-25 18:07:07 |
| 11434 || 3.24383295155625 || 2013-07-21 02:01:55 |
| 11435 || -2.7841410250578 || 2014-07-23 07:08:44 |
| 11436 || -0.261075648806007 || 2019-02-24 17:03:27 |
| 11437 || 35.9434966166866 || 2015-12-26 23:53:25 |
| 11438 || -15.4361481167474 || 2016-04-07 20:17:45 |
| 11439 || 9.59068789668657 || 2014-04-22 22:46:44 |
| 11440 || -0.385934890754887 || 2019-09-27 21:52:22 |
| 11441 || 42.806256291261 || 2016-06-16 23:35:50 |
| 11442 || -14.1275942609119 || 2011-05-17 19:29:03 |
| 11443 || 34.3995388096132 || 2016-04-15 23:31:27 |
| 11444 || 14.1878809581442 || 2015-10-10 20:16:29 |
| 11445 || -0.717864716935106 || 2013-12-13 05:10:48 |
| 11446 || -15.4286997648378 || 2017-09-21 01:54:06 |
| 11447 || 5.17438026528553 || 2013-04-03 12:25:08 |
| 11448 || 1.16222889264676 || 2016-02-15 14:05:55 |
| 11449 || -6.3042693926236 || 2010-06-25 05:15:47 |
| 11450 || -0.442451495891778 || 2014-01-26 08:35:20 |
| 11451 || -13.7467895821885 || 2012-02-10 03:59:59 |
| 11452 || 38.4416756081685 || 2014-09-09 18:30:32 |
| 11453 || -18.8658002010393 || 2015-08-19 21:02:39 |
| 11454 || 23.2627247109694 || 2017-07-09 19:25:49 |
| 11455 || 0.163294513671994 || 2011-07-25 22:38:35 |
| 11456 || -5.9596535304875 || 2018-07-01 14:23:29 |
| 11457 || 79.647624864147 || 2015-02-09 12:00:41 |
| 11458 || 60.0543507025394 || 2014-10-01 22:39:27 |
| 11459 || 8.20272079696862 || 2011-12-07 00:51:25 |
| 11460 || 0.00843918405823169 || 2018-11-06 00:47:11 |
| 11461 || 3.90342531075698 || 2015-06-26 06:07:20 |
| 11462 || 68.3314847877533 || 2010-04-10 22:04:56 |
| 11463 || 43.0633937634679 || 2019-06-25 07:40:26 |
| 11464 || -9.50575181385625 || 2019-10-17 15:09:03 |
| 11465 || 0.213999679041578 || 2016-09-26 23:35:01 |
| 11466 || 6.20925809166474 || 2011-08-19 21:58:33 |
| 11467 || -19.4127088164664 || 2019-06-17 07:18:36 |
| 11468 || -13.0295049369754 || 2010-04-08 03:02:06 |
| 11469 || 36.9146729910666 || 2015-12-27 20:54:14 |
| 11470 || -0.0960250611115074 || 2016-06-12 17:30:51 |
| 11471 || 2.18622258554324 || 2016-02-06 18:07:53 |
| 11472 || 57.5179008965971 || 2011-08-25 01:29:10 |
| 11473 || -8.16378772283281 || 2012-06-12 10:34:46 |
| 11474 || -9.27537737503745 || 2016-06-27 22:22:01 |
| 11475 || -0.218831529544648 || 2014-08-22 23:53:11 |
| 11476 || 12.8416810591694 || 2018-06-11 21:18:04 |
| 11477 || -7.34785600556574 || 2016-08-02 08:36:07 |
| 11478 || 42.5426320289433 || 2011-07-16 14:35:44 |
| 11479 || -13.1370733810164 || 2010-10-18 13:42:50 |
| 11480 || 4.07124119723523 || 2017-12-08 17:05:23 |
| 11481 || 1.97891479050712 || 2018-03-05 23:26:48 |
| 11482 || 16.6629132745994 || 2017-11-17 00:02:58 |
| 11483 || -26.0427107133701 || 2017-01-21 20:57:37 |
| 11484 || 12.0353893500604 || 2018-11-05 09:04:00 |
| 11485 || -1.88965809766375 || 2019-12-05 04:10:25 |
| 11486 || 8.81853812748427 || 2019-09-17 19:50:34 |
| 11487 || 52.040093573517 || 2011-10-15 16:31:19 |
| 11488 || 68.0557487097003 || 2014-01-20 20:24:07 |
| 11489 || 49.4450957658359 || 2013-02-10 07:50:36 |
| 11490 || 9.86546519804973 || 2011-07-14 09:39:58 |
| 11491 || 3.55817508023709 || 2018-10-15 05:14:26 |
| 11492 || 33.2778653648843 || 2019-10-16 21:00:27 |
| 11493 || 82.3373165623333 || 2017-01-08 12:14:36 |
| 11494 || 51.0566921601312 || 2010-07-25 17:30:12 |
| 11495 || 14.3007755376965 || 2010-07-03 21:41:33 |
| 11496 || 3.6160067806148 || 2013-07-27 02:56:20 |
| 11497 || 29.5240886760013 || 2017-04-23 02:19:18 |
| 11498 || 23.7053252794926 || 2013-06-27 08:58:59 |
| 11499 || 8.05173986758956 || 2014-01-06 00:44:20 |
| 11500 || 18.7053215966295 || 2012-01-19 03:15:50 |
| 11501 || -0.441629553139041 || 2016-11-03 03:10:54 |
| 11502 || 40.5761809523694 || 2010-07-18 03:06:39 |
| 11503 || -1.27169588105834 || 2017-07-26 19:04:35 |
| 11504 || -24.8302576633948 || 2010-05-01 21:18:08 |
| 11505 || 5.40807024351403 || 2016-03-03 16:49:40 |
| 11506 || 0.603188007762425 || 2016-11-27 07:04:13 |
| 11507 || 8.65437412248631 || 2013-01-03 14:29:10 |
| 11508 || -27.0433660008102 || 2018-06-03 21:06:12 |
| 11509 || 66.8610254716824 || 2013-09-14 08:27:12 |
| 11510 || -6.27617406561892 || 2012-04-03 08:19:22 |
| 11511 || -0.0137966024197861 || 2013-02-04 07:17:57 |
| 11512 || 0.859501584102842 || 2011-01-05 22:54:35 |
| 11513 || 48.8748967556709 || 2018-06-07 22:04:35 |
| 11514 || 82.0027051601452 || 2012-01-06 21:12:21 |
| 11515 || 19.0999975730743 || 2015-03-16 12:55:50 |
| 11516 || 0.125456751992013 || 2013-10-03 23:29:43 |
| 11517 || -2.00720488670658 || 2011-01-17 23:52:21 |
| 11518 || -19.9230877450997 || 2018-01-27 18:27:44 |
| 11519 || 51.7098804114781 || 2018-11-03 15:05:16 |
| 11520 || 10.287251701347 || 2014-03-22 23:08:19 |
| 11521 || -0.280796178564193 || 2016-10-20 14:40:43 |
| 11522 || 15.5170721128443 || 2010-10-09 21:23:32 |
| 11523 || 68.7475006362675 || 2016-04-01 03:45:21 |
| 11524 || -21.9725963688195 || 2016-05-13 12:56:49 |
| 11525 || -4.56175210761914 || 2016-11-18 21:06:13 |
| 11526 || -0.535412474766405 || 2016-11-03 05:56:45 |
| 11527 || -0.232102525969644 || 2013-03-14 09:57:17 |
| 11528 || 13.2555429370469 || 2013-10-15 16:32:43 |
| 11529 || 63.491788247411 || 2014-09-16 19:54:20 |
| 11530 || 46.8885405600467 || 2011-10-21 22:59:26 |
| 11531 || 1.46568841618872 || 2014-06-11 16:47:44 |
| 11532 || 11.6519156916325 || 2018-03-06 03:11:35 |
| 11533 || 40.5616987553883 || 2019-10-11 22:27:12 |
| 11534 || 12.0706560708588 || 2011-10-05 10:18:00 |
| 11535 || 22.9986555133993 || 2011-08-25 20:03:33 |
| 11536 || 5.58037668393551 || 2012-05-19 20:43:46 |
| 11537 || 3.10286636782664 || 2019-10-01 08:43:57 |
| 11538 || 44.4166108510667 || 2018-09-27 23:09:47 |
| 11539 || 53.3636694547961 || 2017-11-25 17:46:18 |
| 11540 || 48.1881345236117 || 2019-11-03 23:58:00 |
| 11541 || -3.33652541200919 || 2011-03-12 02:16:34 |
| 11542 || 2.34199311340482 || 2010-04-07 21:27:29 |
| 11543 || -13.4114088113799 || 2017-03-05 05:10:21 |
| 11544 || 53.2733875103812 || 2010-01-02 04:11:19 |
| 11545 || -21.6368655907393 || 2016-02-02 13:30:18 |
| 11546 || 12.8708360657496 || 2010-08-25 11:12:43 |
| 11547 || 3.21805187886306 || 2019-06-02 13:56:16 |
| 11548 || 16.8306712777816 || 2013-02-14 21:24:01 |
| 11549 || -28.3583260309554 || 2019-05-26 14:04:37 |
| 11550 || 69.6802145682181 || 2014-08-27 00:52:03 |
| 11551 || 7.99719251932993 || 2013-11-14 21:24:19 |
| 11552 || 2.09749591056285 || 2010-03-01 02:41:20 |
| 11553 || 43.6225072231954 || 2014-02-12 02:24:38 |
| 11554 || -25.385491707407 || 2015-02-07 12:19:55 |
| 11555 || 45.0914432402446 || 2018-06-14 02:26:03 |
| 11556 || 20.6827601065818 || 2013-05-22 12:29:34 |
| 11557 || 0.744521066220129 || 2012-01-20 07:34:11 |
| 11558 || 19.9182021238842 || 2015-10-22 19:11:09 |
| 11559 || -25.3774612329706 || 2018-08-02 10:59:14 |
| 11560 || 54.1174485520975 || 2014-07-23 20:23:37 |
| 11561 || 11.021910553768 || 2015-01-16 07:29:49 |
| 11562 || -0.0296898360008388 || 2018-07-26 06:09:24 |
| 11563 || 31.3289022860868 || 2013-08-06 08:36:59 |
| 11564 || 19.7835800000217 || 2019-04-17 12:29:55 |
| 11565 || -24.4332511632068 || 2019-10-07 10:37:56 |
| 11566 || 32.4088913686599 || 2018-10-11 05:46:31 |
| 11567 || -0.0104617467249599 || 2016-12-06 06:40:26 |
| 11568 || -4.39461663103767 || 2012-09-27 20:26:42 |
| 11569 || 23.301853232717 || 2010-10-07 03:16:10 |
| 11570 || 12.0144135183888 || 2010-08-25 21:45:23 |
| 11571 || 28.8669051062109 || 2015-09-02 06:57:58 |
| 11572 || 0.693968485818152 || 2010-05-09 14:55:32 |
| 11573 || 18.2455803060895 || 2013-11-06 04:36:25 |
| 11574 || 54.5793976360416 || 2010-05-08 19:14:47 |
| 11575 || 84.598738426743 || 2015-11-18 08:06:34 |
| 11576 || 6.1260284171947 || 2017-04-08 03:39:34 |
| 11577 || 1.67471806977824 || 2018-12-26 07:19:43 |
| 11578 || -3.92132164768182 || 2013-05-02 07:38:06 |
| 11579 || 8.54642119487674 || 2015-08-21 17:03:38 |
| 11580 || -22.8317882312058 || 2014-01-25 10:41:06 |
| 11581 || 2.70088443701685 || 2010-12-04 19:07:28 |
| 11582 || -0.575446066228255 || 2014-02-24 09:17:36 |
| 11583 || -2.51598586843402 || 2019-04-24 17:39:34 |
| 11584 || 3.62178908041187 || 2014-05-05 04:31:28 |
| 11585 || 71.0122173119865 || 2011-07-08 15:32:24 |
| 11586 || 53.9430658866896 || 2016-11-06 09:18:51 |
| 11587 || 5.45225844509385 || 2012-11-17 09:32:22 |
| 11588 || 5.31549395640952 || 2012-08-08 18:55:19 |
| 11589 || -2.89004066579287 || 2014-07-01 15:01:27 |
| 11590 || -27.4901852821203 || 2012-07-10 19:11:01 |
| 11591 || -13.4633250050685 || 2015-07-04 11:10:24 |
| 11592 || -2.43484917810818 || 2017-04-13 23:24:46 |
| 11593 || 5.3594246439224 || 2011-11-18 10:43:29 |
| 11594 || -17.7011465652375 || 2016-12-13 11:11:06 |
| 11595 || 20.225942501918 || 2014-01-13 16:00:04 |
| 11596 || 56.4380803998624 || 2010-07-18 07:55:48 |
| 11597 || -4.05901562121344 || 2013-09-09 22:51:05 |
| 11598 || 1.99361179101277 || 2012-01-18 12:08:42 |
| 11599 || 1.30243849129207 || 2011-05-25 20:50:50 |
| 11600 || 24.6991993797631 || 2012-06-13 16:34:09 |
| 11601 || 36.5487467347155 || 2014-01-10 00:13:11 |
| 11602 || 9.77590969353766 || 2016-08-03 12:14:33 |
| 11603 || 2.33656442488402 || 2010-11-25 00:02:16 |
| 11604 || -3.7724055642768 || 2013-10-18 20:26:23 |
| 11605 || -26.9482453036683 || 2015-04-11 15:17:55 |
| 11606 || 58.4814162102462 || 2015-03-24 01:20:30 |
| 11607 || -6.16462792071056 || 2014-05-03 22:52:04 |
| 11608 || -0.290613567847416 || 2013-07-18 21:47:08 |
| 11609 || 17.8678327068956 || 2016-06-23 10:28:10 |
| 11610 || 34.9474051920226 || 2010-08-02 04:50:48 |
| 11611 || -22.6906019032029 || 2016-12-19 21:30:43 |
| 11612 || 4.79388556125918 || 2014-02-13 20:16:45 |
| 11613 || -0.0241500289528524 || 2012-10-23 11:03:28 |
| 11614 || 4.37096648548784 || 2010-02-23 12:48:54 |
| 11615 || 49.0893244020672 || 2014-12-15 04:24:13 |
| 11616 || -5.5306104596163 || 2014-08-20 06:45:29 |
| 11617 || -9.02175509118391 || 2012-01-09 10:28:57 |
| 11618 || -0.00566446710125863 || 2013-03-04 08:06:57 |
| 11619 || -7.05120256629623 || 2010-07-22 16:17:19 |
| 11620 || 43.4151760961253 || 2018-06-13 20:08:22 |
| 11621 || 75.3332659708063 || 2012-05-21 19:10:33 |
| 11622 || -12.0569365786563 || 2017-11-26 17:27:45 |
| 11623 || -0.071108235280931 || 2011-06-16 16:38:41 |
| 11624 || 23.3735437922235 || 2019-11-09 04:16:07 |
| 11625 || 46.5923386759518 || 2014-09-14 02:20:54 |
| 11626 || -18.3762769745415 || 2016-03-05 06:58:53 |
| 11627 || 24.7781735743523 || 2015-12-15 02:15:23 |
| 11628 || 1.02929994742583 || 2018-11-16 21:11:38 |
| 11629 || 18.7115310659236 || 2015-05-27 10:46:34 |
| 11630 || 38.103130031755 || 2019-03-07 17:42:23 |
| 11631 || -22.5677870401238 || 2010-01-05 18:06:37 |
| 11632 || -15.4867680504034 || 2017-08-22 19:43:24 |
| 11633 || 2.53911601220394 || 2012-02-21 03:16:10 |
| 11634 || 11.298063250619 || 2017-01-10 02:12:42 |
| 11635 || -21.6523824337469 || 2016-07-24 03:43:52 |
| 11636 || -27.8995297547885 || 2014-02-22 14:23:58 |
| 11637 || 2.61115339471138 || 2013-12-26 14:52:14 |
| 11638 || 2.96702065081532 || 2013-07-23 18:16:39 |
| 11639 || 7.68790142869237 || 2010-04-05 10:26:56 |
| 11640 || -17.3694922994067 || 2013-12-11 23:44:06 |
| 11641 || -14.3795419441782 || 2010-07-22 07:31:40 |
| 11642 || -4.90413120182096 || 2015-10-15 10:15:45 |
| 11643 || 3.29774705032077 || 2016-10-17 07:24:16 |
| 11644 || -0.263089830554862 || 2018-01-21 08:46:06 |
| 11645 || 0.0662482693572481 || 2010-05-10 16:10:05 |
| 11646 || 75.14161814974 || 2013-02-13 10:35:07 |
| 11647 || -21.1095849189479 || 2012-04-01 08:45:32 |
| 11648 || 6.33194937984209 || 2013-11-04 18:16:50 |
| 11649 || 2.71719262312075 || 2011-11-06 11:32:51 |
| 11650 || -16.2392191351466 || 2013-11-05 08:49:14 |
| 11651 || -12.9606938365653 || 2013-02-13 12:28:50 |
| 11652 || -22.6870252505266 || 2011-01-14 20:57:04 |
| 11653 || 1.55008171381659 || 2012-04-21 19:06:56 |
| 11654 || 2.67514848780429 || 2016-12-04 16:56:58 |
| 11655 || 7.61547234231836 || 2015-01-10 17:42:37 |
| 11656 || -29.223636475619 || 2013-01-17 19:20:23 |
| 11657 || 34.3131919733382 || 2018-04-11 04:31:52 |
| 11658 || -6.48377041294378 || 2014-12-26 22:26:48 |
| 11659 || 0.601957065067304 || 2013-11-04 03:46:27 |
| 11660 || 33.3420394695035 || 2016-05-19 05:02:06 |
| 11661 || 72.7433693268309 || 2016-03-15 22:06:03 |
| 11662 || -16.1975985370516 || 2019-04-03 14:27:43 |
| 11663 || 7.06607486387341 || 2011-01-12 07:49:21 |
| 11664 || 0.215590064870553 || 2016-12-06 22:05:11 |
| 11665 || -2.8243824170078 || 2019-04-22 18:51:34 |
| 11666 || 82.8196965302325 || 2013-02-07 06:02:31 |
| 11667 || 75.4735085632251 || 2012-12-26 00:47:13 |
| 11668 || -2.65676065470851 || 2011-07-14 02:25:24 |
| 11669 || 0.00055684693584747 || 2013-01-05 02:15:42 |
| 11670 || 6.33457620521144 || 2019-01-22 20:19:51 |
| 11671 || -21.5718247204953 || 2018-08-10 14:38:45 |
| 11672 || 82.8860890951009 || 2013-02-23 02:47:22 |
| 11673 || 20.2143088456614 || 2012-09-24 00:45:11 |
| 11674 || -0.0968116413301308 || 2018-03-17 03:48:55 |
| 11675 || -5.77025325752754 || 2015-10-21 23:56:49 |
| 11676 || 69.9555950722063 || 2010-04-15 22:04:45 |
| 11677 || 5.48109886221559 || 2014-09-21 20:17:23 |
| 11678 || 17.1105006284697 || 2013-11-09 04:58:42 |
| 11679 || 0.0536582433295999 || 2015-10-04 10:18:11 |
| 11680 || 17.3805289837428 || 2017-12-15 10:14:57 |
| 11681 || 61.8449139516578 || 2012-01-10 00:49:51 |
| 11682 || -23.5540272697543 || 2018-03-15 23:49:34 |
| 11683 || 41.3148813329617 || 2015-10-23 05:21:45 |
| 11684 || -0.795313527524201 || 2019-06-04 04:00:13 |
| 11685 || -4.95847537607481 || 2015-04-25 09:50:23 |
| 11686 || -8.13127484263173 || 2018-07-26 09:33:39 |
| 11687 || 48.3452653759889 || 2013-10-20 10:05:38 |
| 11688 || 49.5038169271295 || 2017-01-19 01:59:39 |
| 11689 || 4.82646517289721 || 2018-02-18 15:09:15 |
| 11690 || 4.3782145088732 || 2019-02-16 12:32:04 |
| 11691 || -18.5534805708658 || 2015-05-22 02:36:45 |
| 11692 || 77.548255578714 || 2011-06-21 16:49:50 |
| 11693 || 46.2923111767564 || 2018-07-22 19:23:18 |
| 11694 || 6.74038648377854 || 2011-11-27 10:46:39 |
| 11695 || -2.42780200898409 || 2010-04-18 18:57:23 |
| 11696 || -17.7993094825243 || 2018-06-15 22:27:16 |
| 11697 || 13.573767187475 || 2018-09-14 07:02:52 |
| 11698 || 34.6545804189546 || 2013-11-20 01:04:39 |
| 11699 || 7.02066961345022 || 2013-08-26 23:12:40 |
| 11700 || -0.573068956170114 || 2019-01-11 07:32:54 |
| 11701 || -12.9678878443012 || 2017-05-23 19:56:12 |
| 11702 || -8.73883726191711 || 2015-02-24 17:47:58 |
| 11703 || -19.5776490472244 || 2017-08-24 17:18:52 |
| 11704 || -4.95428382323763 || 2014-11-20 18:02:29 |
| 11705 || 2.52109674587043 || 2015-12-24 05:43:31 |
| 11706 || -14.2295294805197 || 2012-09-14 14:48:39 |
| 11707 || -8.51006609512092 || 2017-12-23 09:14:43 |
| 11708 || 21.9243173688992 || 2014-06-06 13:19:30 |
| 11709 || 12.7505705400595 || 2018-09-24 10:12:09 |
| 11710 || -0.0931700994950922 || 2012-05-16 20:35:44 |
| 11711 || -9.06842899837765 || 2011-12-19 22:12:58 |
| 11712 || 76.5557717556693 || 2010-07-14 04:29:08 |
| 11713 || 35.0349478225643 || 2017-02-22 07:01:09 |
| 11714 || -7.92571190254512 || 2015-04-04 15:39:35 |
| 11715 || 0.379353960334657 || 2015-11-13 18:29:35 |
| 11716 || 31.8524321837474 || 2018-01-19 21:29:09 |
| 11717 || 73.6309863620251 || 2011-05-02 23:39:40 |
| 11718 || 75.0239750452353 || 2013-07-07 12:13:31 |
| 11719 || -3.12947054705295 || 2011-12-07 21:19:32 |
| 11720 || 0.00412874391625881 || 2018-07-25 03:13:21 |
| 11721 || -7.24299307366449 || 2014-01-13 15:24:35 |
| 11722 || 4.03080309667213 || 2018-05-11 11:43:59 |
| 11723 || 44.198395085023 || 2015-09-24 08:26:12 |
| 11724 || 14.2065807473015 || 2017-01-22 05:07:46 |
| 11725 || 0.229517381212225 || 2017-10-01 15:46:08 |
| 11726 || -8.5263069491771 || 2018-04-12 14:13:39 |
| 11727 || 50.984074707406 || 2015-09-19 05:46:49 |
| 11728 || 72.3165499058604 || 2010-01-21 08:06:38 |
| 11729 || 31.1179097227679 || 2019-09-04 23:49:25 |
| 11730 || -0.291965599994365 || 2016-09-20 21:05:27 |
| 11731 || 20.0502599344346 || 2013-11-01 12:27:49 |
| 11732 || -23.7937395622126 || 2012-09-15 03:39:36 |
| 11733 || -18.5900862701577 || 2010-03-12 21:26:33 |
| 11734 || 6.56985434966839 || 2014-01-16 11:47:59 |
| 11735 || 2.27813283619348 || 2013-10-05 08:32:10 |
| 11736 || -5.42627498902661 || 2014-09-12 21:52:23 |
| 11737 || 23.7300881205907 || 2016-02-07 13:55:33 |
| 11738 || 89.0381625284251 || 2015-10-21 15:19:29 |
| 11739 || -6.88185870049337 || 2017-10-09 05:56:54 |
| 11740 || 0.0229682660471409 || 2010-03-10 16:10:11 |
| 11741 || 10.2393893085411 || 2010-07-03 17:18:19 |
| 11742 || 56.5905840288271 || 2017-10-08 09:06:13 |
| 11743 || -28.261306920612 || 2012-04-19 13:26:08 |
| 11744 || 5.54441275596289 || 2014-11-15 18:42:37 |
| 11745 || -2.53134594458765 || 2013-08-26 02:25:41 |
| 11746 || 8.87291499864753 || 2017-07-04 07:24:09 |
| 11747 || 55.5462537497378 || 2012-09-19 08:53:50 |
| 11748 || -28.8713965306367 || 2015-06-11 01:17:12 |
| 11749 || 24.8457425876722 || 2015-09-05 16:10:42 |
| 11750 || -0.612826077727827 || 2015-06-22 12:48:50 |
| 11751 || -1.26554451673661 || 2015-04-06 13:45:04 |
| 11752 || 29.6576434598504 || 2019-07-19 23:04:33 |
| 11753 || 26.99872291934 || 2016-07-15 23:44:03 |
| 11754 || 43.4095028942536 || 2016-02-26 06:26:18 |
| 11755 || 5.96761720197788 || 2019-01-24 00:51:32 |
| 11756 || 0.194487406356788 || 2010-04-20 12:02:44 |
| 11757 || 24.5045658003528 || 2018-11-03 08:42:08 |
| 11758 || 73.8371224846731 || 2014-01-14 06:56:45 |
| 11759 || -14.8441615566927 || 2010-03-24 16:33:10 |
| 11760 || 5.36955078622329 || 2017-07-22 20:13:41 |
| 11761 || 1.43973138430371 || 2012-12-12 03:18:02 |
| 11762 || 39.169160738976 || 2012-12-14 05:23:23 |
| 11763 || 84.6636679106662 || 2015-06-01 17:41:01 |
| 11764 || 3.34783578082803 || 2017-07-17 17:53:40 |
| 11765 || 18.7049742315612 || 2016-03-26 11:09:35 |
| 11766 || 0.368924112671324 || 2011-12-27 02:27:42 |
| 11767 || -11.5543734741355 || 2014-12-08 00:45:31 |
| 11768 || 1.84928842238864 || 2012-01-17 00:26:49 |
| 11769 || 16.8582691510595 || 2019-07-08 07:21:32 |
| 11770 || 20.6248101801377 || 2011-04-05 02:16:36 |
| 11771 || -5.69887478554061e-05 || 2017-01-19 06:56:58 |
| 11772 || -8.54410881295163 || 2014-11-06 20:58:04 |
| 11773 || -18.1344280894327 || 2015-03-04 13:43:37 |
| 11774 || 66.5113756851024 || 2010-01-06 00:14:42 |
| 11775 || 21.7273667487897 || 2016-07-03 14:47:01 |
| 11776 || 0.0203068176227747 || 2018-01-23 12:48:15 |
| 11777 || 8.93473059959068 || 2010-03-14 07:39:29 |
| 11778 || 49.5122836473234 || 2011-01-16 15:56:43 |
| 11779 || 2.37279000041702 || 2016-06-16 20:38:16 |
| 11780 || 26.4560813048535 || 2019-01-11 01:09:44 |
| 11781 || -0.24478600584526 || 2015-01-02 01:43:47 |
| 11782 || -4.05111386746223 || 2019-02-03 11:38:35 |
| 11783 || 16.3196774787289 || 2019-08-09 03:56:35 |
| 11784 || 87.2462181714197 || 2019-10-12 00:21:03 |
| 11785 || 3.06408581089873 || 2019-01-25 12:49:04 |
| 11786 || 0.294949756599551 || 2017-03-04 19:32:57 |
| 11787 || 1.83781060655735 || 2017-09-16 12:27:35 |
| 11788 || -0.144549301414265 || 2015-06-04 02:56:07 |
| 11789 || -24.0916726015867 || 2013-12-09 20:38:37 |
| 11790 || -16.6204623516963 || 2018-04-04 04:20:13 |
| 11791 || -0.957249983875153 || 2012-06-17 20:56:34 |
| 11792 || 9.76580092638099 || 2016-06-05 08:25:30 |
| 11793 || 42.9896883316832 || 2016-01-02 17:03:57 |
| 11794 || 83.4812874702423 || 2017-05-22 02:52:38 |
| 11795 || 28.2495142211742 || 2011-02-26 03:24:06 |
| 11796 || 6.97770631894167 || 2012-05-19 22:27:48 |
| 11797 || 7.08234986441277 || 2016-01-02 11:58:19 |
| 11798 || 58.3177249268319 || 2018-08-04 05:02:28 |
| 11799 || -13.1426591506883 || 2011-06-17 20:38:47 |
| 11800 || -19.8878354366814 || 2017-11-03 20:32:01 |
| 11801 || 8.11000997982817 || 2011-01-12 22:30:54 |
| 11802 || 0.792896760667539 || 2011-04-26 15:42:51 |
| 11803 || 10.4472888262956 || 2014-07-17 10:32:26 |
| 11804 || -8.73584582444686 || 2011-12-14 16:45:19 |
| 11805 || 40.0790467272489 || 2011-02-03 19:09:29 |
| 11806 || 13.8800958647194 || 2017-11-20 11:08:42 |
| 11807 || 1.98295726723714 || 2014-10-15 00:33:09 |
| 11808 || -2.01600680385614 || 2014-04-08 07:52:44 |
| 11809 || 60.9504757328159 || 2017-10-15 16:27:17 |
| 11810 || 62.5817517797839 || 2018-05-01 20:02:31 |
| 11811 || -5.44601034323262 || 2011-11-21 10:50:09 |
| 11812 || 0.231377629877984 || 2017-05-20 07:00:35 |
| 11813 || 35.5682465282379 || 2019-12-12 05:32:21 |
| 11814 || 81.1180124481975 || 2010-06-11 16:46:10 |
| 11815 || -21.7406713822262 || 2011-04-02 16:49:27 |
| 11816 || 20.686941201586 || 2010-10-27 11:14:24 |
| 11817 || -0.181007800805371 || 2015-01-10 11:13:31 |
| 11818 || -12.6254303544949 || 2010-08-01 18:44:06 |
| 11819 || -7.55902050945158 || 2015-11-24 18:37:59 |
| 11820 || 40.36273519775 || 2018-07-19 14:25:44 |
| 11821 || 0.572883457340573 || 2016-06-24 11:53:09 |
| 11822 || -0.00981782049318222 || 2018-07-25 11:11:05 |
| 11823 || -4.74451294392799 || 2019-08-01 02:49:21 |
| 11824 || 28.8821885134691 || 2012-12-23 10:33:39 |
| 11825 || 81.0774013732638 || 2019-02-27 02:30:51 |
| 11826 || 17.5712718938001 || 2015-10-19 18:13:32 |
| 11827 || 0.0855925610672008 || 2019-10-10 04:08:04 |
| 11828 || 10.0509998752959 || 2010-04-05 13:35:33 |
| 11829 || -25.2824719891908 || 2018-03-02 15:28:16 |
| 11830 || 11.7603680562468 || 2011-06-26 12:01:59 |
| 11831 || 19.3161180959176 || 2010-04-24 13:09:15 |
| 11832 || -0.0915648662862914 || 2019-11-25 09:08:40 |
| 11833 || 4.47123120937996 || 2013-08-27 00:51:17 |
| 11834 || -20.1069342977116 || 2018-11-24 16:50:32 |
| 11835 || -28.3045898121073 || 2018-12-15 08:32:33 |
| 11836 || 36.869555943682 || 2018-06-06 07:11:58 |
| 11837 || -0.684393287634364 || 2010-02-09 01:25:04 |
| 11838 || 16.1900133075239 || 2010-07-14 11:01:53 |
| 11839 || 25.6986938644202 || 2015-02-23 06:38:54 |
| 11840 || -18.0853053562765 || 2015-11-26 14:02:18 |
| 11841 || 47.9822921169167 || 2016-01-01 00:11:31 |
| 11842 || 3.75601871746946 || 2011-10-22 20:40:07 |
| 11843 || 10.4613140980116 || 2014-08-09 04:02:21 |
| 11844 || 16.9159606279567 || 2016-10-01 11:17:10 |
| 11845 || 77.4324924756363 || 2016-05-26 01:26:55 |
| 11846 || -6.64207336827262 || 2011-04-12 22:05:33 |
| 11847 || 1.87029492648946 || 2010-02-01 01:10:45 |
| 11848 || -0.184405428487872 || 2012-04-16 13:38:01 |
| 11849 || -15.455653459385 || 2015-02-13 04:22:26 |
| 11850 || 34.6864162883392 || 2010-02-08 02:04:18 |
| 11851 || 26.7299823729885 || 2010-08-22 22:22:58 |
| 11852 || -3.14541794505089 || 2014-11-10 02:17:46 |
| 11853 || 1.14405230063702 || 2018-09-26 07:44:29 |
| 11854 || 4.759921885845 || 2012-01-05 09:03:27 |
| 11855 || 80.7328436184605 || 2012-08-07 01:27:43 |
| 11856 || -20.7613442282818 || 2015-11-12 22:26:35 |
| 11857 || -2.01802972776399 || 2019-04-05 10:06:05 |
| 11858 || 4.03047324067298 || 2013-06-24 19:49:50 |
| 11859 || 30.5443915603613 || 2017-10-26 18:29:28 |
| 11860 || 79.913440530098 || 2018-11-18 11:00:06 |
| 11861 || -17.3299564089905 || 2019-06-09 23:54:52 |
| 11862 || -0.483815215850292 || 2015-05-18 11:03:44 |
| 11863 || 2.32213775626858 || 2012-11-12 00:01:57 |
| 11864 || 30.2033960096142 || 2018-07-26 02:01:02 |
| 11865 || 75.3962496129489 || 2010-01-22 07:41:41 |
| 11866 || -22.1291848068111 || 2019-08-18 19:35:18 |
| 11867 || 8.00656190486678 || 2019-01-20 13:02:14 |
| 11868 || 0.552477010594981 || 2015-10-27 19:36:30 |
| 11869 || 19.0108947247829 || 2019-05-02 01:40:45 |
| 11870 || 25.7391608411019 || 2010-07-26 12:51:37 |
| 11871 || 60.6307676745028 || 2012-07-16 20:22:30 |
| 11872 || 21.0660653344798 || 2017-06-21 12:08:40 |
| 11873 || 0.122901226278594 || 2013-06-12 12:32:27 |
| 11874 || 25.8252215307796 || 2015-05-16 15:27:43 |
| 11875 || 81.977466715924 || 2013-12-12 14:45:13 |
| 11876 || 0.840214336383788 || 2016-12-03 16:37:36 |
| 11877 || 23.0870331266855 || 2019-05-25 18:21:28 |
| 11878 || 0.033792380305601 || 2011-04-02 10:22:24 |
| 11879 || 17.5117229199606 || 2013-04-16 10:00:10 |
| 11880 || -16.8636108089501 || 2017-10-25 14:06:39 |
| 11881 || -0.351815910746496 || 2018-09-25 13:28:40 |
| 11882 || -1.65251345676745 || 2017-02-13 00:24:29 |
| 11883 || 0.329522959410918 || 2013-06-14 09:35:22 |
| 11884 || 6.45017919575317 || 2013-08-26 18:35:10 |
| 11885 || 57.6487214835229 || 2017-05-09 04:06:30 |
| 11886 || -26.9211105247349 || 2017-06-11 09:47:39 |
| 11887 || 41.4017100255858 || 2010-03-20 06:11:36 |
| 11888 || 1.73405772021442 || 2014-10-25 12:18:51 |
| 11889 || 3.25448785957227 || 2014-12-05 10:15:43 |
| 11890 || 27.2052089369512 || 2011-12-04 21:31:07 |
| 11891 || 85.0919973309898 || 2013-10-24 05:17:26 |
| 11892 || 21.2727705149606 || 2018-08-23 08:16:53 |
| 11893 || 2.42656174352469 || 2011-07-02 04:31:36 |
| 11894 || -2.1248493278127 || 2018-08-19 04:02:24 |
| 11895 || -21.3866570548925 || 2018-06-18 23:56:47 |
| 11896 || 81.0387517073178 || 2015-07-06 14:25:57 |
| 11897 || -17.3789699993541 || 2013-04-15 20:17:22 |
| 11898 || 4.5971882075919 || 2012-05-18 22:53:34 |
| 11899 || 10.3653628696131 || 2018-09-07 17:48:52 |
| 11900 || -20.443727936939 || 2012-08-04 05:36:03 |
| 11901 || 56.0914366719345 || 2018-07-05 11:33:33 |
| 11902 || 42.875356170194 || 2010-08-27 04:19:05 |
| 11903 || 1.37211568668791 || 2010-06-15 23:27:54 |
| 11904 || 3.79049855938202 || 2014-02-03 20:11:35 |
| 11905 || -16.9014158393439 || 2018-02-23 01:06:17 |
| 11906 || 86.0673213906758 || 2015-12-27 05:35:33 |
| 11907 || -13.0363181290455 || 2013-11-17 00:35:10 |
| 11908 || -4.04009898508229 || 2017-12-01 15:29:41 |
| 11909 || 3.10782300615317 || 2019-10-21 16:02:08 |
| 11910 || 34.0028375766072 || 2011-07-01 07:19:07 |
| 11911 || -27.1386863738609 || 2015-12-22 02:52:18 |
| 11912 || -22.5079742757739 || 2016-10-27 08:16:37 |
| 11913 || 1.5172035052821 || 2018-07-25 02:55:22 |
| 11914 || 0.0202021363812055 || 2013-10-20 09:40:58 |
| 11915 || 10.4504086032571 || 2016-06-04 23:14:23 |
| 11916 || 63.0336359863701 || 2019-03-17 05:10:09 |
| 11917 || -18.0251607978083 || 2016-11-26 15:00:10 |
| 11918 || -6.8187837870946 || 2010-05-10 23:07:52 |
| 11919 || 0.123863686448667 || 2017-01-15 11:31:05 |
| 11920 || -0.71926405803765 || 2012-10-06 08:01:50 |
| 11921 || -27.4100139203374 || 2011-03-19 10:36:47 |
| 11922 || 69.6768872325892 || 2019-03-02 13:29:39 |
| 11923 || -8.10543127112185 || 2013-01-04 12:08:38 |
| 11924 || 0.0580590282294648 || 2010-07-01 17:09:49 |
| 11925 || -6.19123046437885 || 2010-12-03 17:53:17 |
| 11926 || 27.9379639803999 || 2015-05-20 06:12:20 |
| 11927 || 44.1298160009847 || 2015-03-04 04:10:03 |
| 11928 || 15.644271103269 || 2016-04-01 08:57:32 |
| 11929 || 0.00284898125014242 || 2014-02-09 01:41:49 |
| 11930 || 0.698307979469488 || 2017-06-11 08:45:22 |
| 11931 || -11.6197115507294 || 2015-01-03 19:16:02 |
| 11932 || 83.3744228377536 || 2018-07-07 13:40:48 |
| 11933 || 32.2877567640971 || 2018-01-09 17:04:04 |
| 11934 || 0.219119320935864 || 2016-05-07 22:40:48 |
| 11935 || -7.66204427056649 || 2013-10-19 15:34:46 |
| 11936 || 22.4069613595424 || 2014-12-13 04:27:23 |
| 11937 || 22.5263603743054 || 2019-01-16 17:03:30 |
| 11938 || -0.693536247183238 || 2010-05-15 13:45:01 |
| 11939 || 1.48653678731063 || 2011-05-15 20:32:03 |
| 11940 || 18.097216276055 || 2019-04-25 08:15:50 |
| 11941 || 34.1881522982878 || 2019-08-19 14:27:40 |
| 11942 || -16.1771108421159 || 2010-06-23 00:13:47 |
| 11943 || 46.8031145333663 || 2019-03-01 23:09:04 |
| 11944 || 3.19014822916078 || 2013-01-16 08:27:38 |
| 11945 || 15.1037990321667 || 2013-10-14 15:03:37 |
| 11946 || -22.1771811953635 || 2011-10-06 03:55:04 |
| 11947 || -19.8902549194728 || 2013-12-10 17:55:48 |
| 11948 || 51.7228488666224 || 2010-06-04 21:09:19 |
| 11949 || -0.688988344522891 || 2017-01-01 21:36:31 |
| 11950 || 7.68376763918691 || 2012-12-05 03:47:39 |
| 11951 || 15.1395774110463 || 2019-03-14 04:41:25 |
| 11952 || 4.9310026563213 || 2011-10-15 01:35:38 |
| 11953 || 45.176947171401 || 2013-12-18 10:48:29 |
| 11954 || 8.24560017749428 || 2019-02-04 19:29:05 |
| 11955 || -2.6249704848364 || 2017-07-24 03:35:04 |
| 11956 || -15.2372507753259 || 2010-05-25 08:46:13 |
| 11957 || 44.754142484004 || 2011-06-12 22:42:34 |
| 11958 || 21.7225475600443 || 2011-09-02 21:55:41 |
| 11959 || 1.78252060695083 || 2014-05-19 00:20:39 |
| 11960 || 5.00718956238316 || 2011-09-09 13:56:40 |
| 11961 || -17.1327872227606 || 2014-09-07 07:28:55 |
| 11962 || -29.3060528773506 || 2016-04-23 06:52:25 |
| 11963 || -22.3814416612353 || 2011-09-13 13:50:46 |
| 11964 || 13.3741340543441 || 2013-02-15 23:00:35 |
| 11965 || -0.393692252160159 || 2011-07-05 23:44:34 |
| 11966 || 40.2495099406324 || 2010-11-23 11:46:17 |
| 11967 || -24.7614467674544 || 2011-07-15 17:36:31 |
| 11968 || 41.5234980934351 || 2013-05-04 03:08:12 |
| 11969 || 6.10344679751299 || 2016-08-10 07:57:48 |
| 11970 || 1.37755067729876 || 2013-08-06 23:12:29 |
| 11971 || 18.8875940857074 || 2010-04-02 00:34:11 |
| 11972 || -27.4400061768761 || 2011-02-01 22:24:40 |
| 11973 || 70.4325680493551 || 2017-10-10 22:41:41 |
| 11974 || 9.25334600761038 || 2015-08-26 23:23:46 |
| 11975 || 0.233403208583648 || 2014-10-22 22:02:23 |
| 11976 || -10.5495066006099 || 2014-10-05 09:37:00 |
| 11977 || 6.80469229125934 || 2019-04-10 15:40:01 |
| 11978 || -8.08342401534062 || 2015-05-23 03:46:42 |
| 11979 || 15.3390234418675 || 2017-06-16 01:57:12 |
| 11980 || 0.000206946416148817 || 2013-06-08 04:03:40 |
| 11981 || 14.0431985721456 || 2010-03-27 07:35:14 |
| 11982 || 31.019518033076 || 2011-11-04 15:34:37 |
| 11983 || 38.9757623794427 || 2018-02-20 13:02:54 |
| 11984 || -3.28311593414177 || 2015-12-04 16:28:17 |
| 11985 || -0.0974423310651051 || 2013-11-25 05:40:02 |
| 11986 || 19.7324168751789 || 2018-01-18 00:10:33 |
| 11987 || 11.4674795849777 || 2010-02-16 19:11:26 |
| 11988 || 59.9309687371315 || 2012-11-04 00:08:27 |
| 11989 || -7.68542345938806 || 2016-03-11 14:48:00 |
| 11990 || -0.207117443031629 || 2012-04-20 07:55:20 |
| 11991 || 19.4468836210801 || 2010-03-15 23:31:17 |
| 11992 || -20.9324345446217 || 2010-03-24 16:24:07 |
| 11993 || 13.7677567171819 || 2012-12-18 23:14:54 |
| 11994 || 19.8696861049976 || 2012-11-13 04:34:55 |
| 11995 || -0.103566758448745 || 2014-04-08 09:55:10 |
| 11996 || -0.195361927792769 || 2012-09-17 13:25:03 |
| 11997 || -7.99484320281069 || 2010-01-12 14:51:32 |
| 11998 || 86.4863556974645 || 2014-08-17 19:09:06 |
| 11999 || 32.0632915498183 || 2015-03-15 15:54:28 |
| 12000 || -0.494727208417576 || 2013-06-15 03:06:10 |
| 12001 || 2.07591229846785 || 2016-11-07 19:44:58 |
| 12002 || 15.2866626744093 || 2011-10-11 03:23:57 |
| 12003 || 23.43 || 2020-01-08 21:21:45 |
| 12004 || 11.251 || 2020-01-08 21:21:45 |
| 12005 || 32.1 || 2020-01-08 21:21:45 |
| 12006 || -5.334 || 2020-01-08 21:21:45 |
| 12007 || 14.8372 || 2020-01-08 21:21:45 |
| 12008 || 16.0509 || 2014-01-01 03:10:54 |
| 12009 || 19.333714973013 || 2012-09-10 15:57:38 |
| 12010 || 9.00536528828926 || 2017-08-12 18:42:34 |
| 12011 || -0.0338351934482962 || 2010-11-24 21:45:14 |
| 12012 || 38.6043654874825 || 2019-04-20 13:47:19 |
| 12013 || 71.5211065272267 || 2016-10-13 02:25:29 |
| 12014 || -21.9122558468299 || 2013-12-06 08:11:39 |
| 12015 || -1.27062275288997 || 2010-07-26 05:20:11 |
| 12016 || -0.123987108884446 || 2019-02-01 20:40:52 |
| 12017 || 47.0194453665044 || 2018-01-19 07:44:06 |
| 12018 || -22.7200795256545 || 2016-03-15 22:44:03 |
| 12019 || -13.5266169226403 || 2016-03-23 20:10:12 |
| 12020 || -5.94023005891797 || 2019-08-08 17:09:38 |
| 12021 || 1.53079783124544 || 2013-06-09 07:13:26 |
| 12022 || 24.6736202161061 || 2011-05-06 05:21:19 |
| 12023 || 81.2123524613974 || 2016-08-11 05:27:58 |
| 12024 || 73.4658749751542 || 2019-04-13 09:04:43 |
| 12025 || 18.5735511500027 || 2015-10-05 07:47:27 |
| 12026 || 0.244250223370956 || 2017-12-20 17:23:44 |
| 12027 || 1.7687584143239 || 2017-06-22 08:32:16 |
| 12028 || -15.1135790576982 || 2015-07-22 09:10:58 |
| 12029 || 68.4426549765684 || 2017-01-22 05:15:44 |
| 12030 || 18.7040048179242 || 2016-02-08 03:05:01 |
| 12031 || -0.00332941034693465 || 2010-06-19 03:44:44 |
| 12032 || 12.0776521093631 || 2015-04-03 09:25:19 |
| 12033 || 15.8032113963359 || 2010-06-22 22:43:02 |
| 12034 || 67.3144144496736 || 2018-09-19 05:14:06 |
| 12035 || -6.33020571978301 || 2012-06-03 19:36:52 |
| 12036 || 0.00208536900594656 || 2017-12-01 22:53:00 |
| 12037 || -5.53000493847174 || 2015-09-10 22:22:15 |
| 12038 || -23.5748269586126 || 2018-09-04 00:37:58 |
| 12039 || 61.2851434570961 || 2016-01-14 18:16:57 |
| 12040 || -8.59511672813397 || 2010-10-18 17:21:18 |
| 12041 || -0.151086181248881 || 2015-03-20 23:07:38 |
| 12042 || 15.9402677231069 || 2017-01-03 00:56:14 |
| 12043 || 16.6987802346709 || 2017-10-27 03:04:47 |
| 12044 || 79.3937294161225 || 2016-11-25 08:46:25 |
| 12045 || 33.247826255229 || 2012-10-14 00:44:19 |
| 12046 || 2.05332464354573 || 2010-09-19 20:04:57 |
| 12047 || 3.01599554078052 || 2013-04-09 21:48:50 |
| 12048 || 12.6554640765564 || 2014-03-19 01:43:45 |
| 12049 || 46.0783846338821 || 2011-06-08 09:32:30 |
| 12050 || 18.0100454759777 || 2013-01-13 23:18:14 |
| 12051 || 1.62790874585278 || 2012-02-18 00:19:48 |
| 12052 || 6.3701129851523 || 2019-12-19 00:12:35 |
| 12053 || -15.935118865446 || 2016-05-18 17:02:10 |
| 12054 || 0.375011058493199 || 2010-05-18 21:40:00 |
| 12055 || 55.4257095715517 || 2015-06-10 19:28:35 |
| 12056 || 4.40965348598518 || 2012-02-19 12:34:29 |
| 12057 || -2.40997268253298 || 2013-04-22 06:46:17 |
| 12058 || -17.7877879702985 || 2016-08-20 01:54:00 |
| 12059 || -29.0480328018023 || 2010-12-10 11:39:53 |
| 12060 || -10.0165953750849 || 2014-12-27 05:40:58 |
| 12061 || 8.12160781213126 || 2011-02-03 04:59:55 |
| 12062 || 6.05971656433962 || 2014-06-26 12:58:01 |
| 12063 || 42.876707734287 || 2019-10-27 17:27:27 |
| 12064 || 30.1304857345233 || 2014-08-06 13:26:13 |
| 12065 || 12.2489843315638 || 2011-08-08 21:03:03 |
| 12066 || -3.70247808845059 || 2014-02-21 00:38:37 |
| 12067 || -0.285902814962789 || 2018-04-08 23:56:56 |
| 12068 || -11.5018184226547 || 2011-07-25 05:13:36 |
| 12069 || 88.2016952987438 || 2012-04-15 00:57:44 |
| 12070 || 23.43 || 2020-01-08 21:23:54 |
| 12071 || 11.251 || 2020-01-08 21:23:54 |
| 12072 || 32.1 || 2020-01-08 21:23:54 |
| 12073 || -5.334 || 2020-01-08 21:23:54 |
| 12074 || 14.8372 || 2020-01-08 21:23:54 |
| 12075 || 16.0509 || 2014-01-01 03:10:54 |
| 12076 || 19.9933399991998 || 2015-05-13 19:49:44 |
| 12077 || 0.141180543204244 || 2010-03-02 05:25:30 |
| 12078 || 36.7332782040436 || 2016-04-10 05:16:01 |
| 12079 || 33.4278260883361 || 2013-01-24 03:34:11 |
| 12080 || 19.4119621332562 || 2012-07-19 00:12:31 |
| 12081 || 27.4590693937606 || 2012-04-07 22:54:16 |
| 12082 || -0.00884373413463285 || 2016-10-03 15:36:38 |
| 12083 || 27.7498465135312 || 2011-10-23 06:11:57 |
| 12084 || -19.8437770950609 || 2015-09-08 20:29:33 |
| 12085 || 3.372746205537 || 2015-09-23 11:05:24 |
| 12086 || 14.9123294479295 || 2016-07-07 04:41:36 |
| 12087 || -0.021591863525374 || 2011-12-27 18:17:33 |
| 12088 || 2.55807754638241 || 2014-05-23 10:14:59 |
| 12089 || 67.2713467022916 || 2011-11-22 18:57:52 |
| 12090 || 70.9934857361418 || 2015-02-14 07:07:56 |
| 12091 || 31.2298975985366 || 2012-08-14 01:46:56 |
| 12092 || 0.798994742982934 || 2011-10-21 03:44:20 |
| 12093 || -6.550304879882 || 2010-10-14 02:31:51 |
| 12094 || 18.0324585341262 || 2011-01-25 00:02:39 |
| 12095 || 72.7574939185894 || 2015-08-15 03:55:40 |
| 12096 || -8.32398764355304 || 2014-02-05 15:05:58 |
| 12097 || 1.83075003105707 || 2012-09-18 07:04:35 |
| 12098 || 16.697653926361 || 2018-09-17 06:16:46 |
| 12099 || 44.6854583065252 || 2017-09-07 05:38:34 |
| 12100 || 83.2837162751587 || 2014-11-03 22:23:22 |
| 12101 || 49.1365890347241 || 2014-03-19 20:51:43 |
| 12102 || 3.94371686640746 || 2019-10-23 00:16:30 |
| 12103 || -3.99280443053513 || 2010-10-11 23:50:08 |
| 12104 || 57.4151406270697 || 2012-06-06 10:46:54 |
| 12105 || 2.93129126021679 || 2017-12-23 06:29:52 |
| 12106 || -3.38626376678369 || 2010-01-03 02:58:39 |
| 12107 || 6.67624764297352 || 2015-07-01 09:28:51 |
| 12108 || 8.1927441645758 || 2013-06-09 02:33:03 |
| 12109 || 52.461539959718 || 2011-02-11 11:11:25 |
| 12110 || 76.1316285383909 || 2015-01-11 16:40:18 |
| 12111 || 59.7416752663953 || 2016-06-10 11:41:48 |
| 12112 || -3.23360783994454 || 2017-01-03 17:16:47 |
| 12113 || 4.10202479754466 || 2014-03-01 11:51:42 |
| 12114 || 31.8395659689125 || 2018-11-20 15:42:11 |
| 12115 || 86.8373431049184 || 2012-08-06 08:54:31 |
| 12116 || 56.3624451637343 || 2016-09-17 07:31:22 |
| 12117 || -4.04866183653877 || 2012-10-18 03:52:59 |
| 12118 || 4.24549708342859 || 2017-11-12 01:45:22 |
| 12119 || 37.0641755666898 || 2017-01-05 00:02:20 |
| 12120 || 26.0226460217992 || 2019-11-15 04:43:10 |
| 12121 || 69.5298952978874 || 2018-02-16 15:16:42 |
| 12122 || 4.5130565492075 || 2019-02-15 06:46:38 |
| 12123 || -0.749110112280647 || 2014-02-09 21:17:54 |
| 12124 || 42.5360297951306 || 2010-11-24 19:00:40 |
| 12125 || 85.9678285735071 || 2019-02-16 04:39:48 |
| 12126 || 21.4302642403478 || 2016-03-22 14:17:05 |
| 12127 || 15.5031213105217 || 2018-07-09 22:23:27 |
| 12128 || -0.282468600217265 || 2013-09-11 04:49:13 |
| 12129 || 5.73654330846648 || 2017-04-12 05:48:10 |
| 12130 || 23.4612821297182 || 2016-09-12 18:29:08 |
| 12131 || 67.189021251221 || 2017-11-20 01:51:34 |
| 12132 || -7.30646540970632 || 2010-09-05 02:19:46 |
| 12133 || 0.114922489595399 || 2015-08-14 01:59:53 |
| 12134 || -6.29080375695748 || 2014-08-12 18:40:08 |
| 12135 || -4.53353521686531 || 2016-01-27 00:27:04 |
| 12136 || 70.7351521985254 || 2014-12-17 19:30:32 |
| 12137 || 24.2384873640152 || 2013-11-07 21:30:15 |
| 12138 || 0.0335847853984224 || 2019-12-12 05:06:52 |
| 12139 || 27.6743495897958 || 2017-01-06 21:14:32 |
| 12140 || 77.8682882068433 || 2016-06-22 02:18:02 |
| 12141 || -28.0051673052943 || 2013-10-20 22:53:46 |
| 12142 || 7.25724031151897 || 2017-04-24 18:18:21 |
| 12143 || 0.476670875591047 || 2016-02-17 13:46:52 |
| 12144 || 13.8371371488975 || 2010-02-21 05:19:13 |
| 12145 || 61.3531835704739 || 2017-11-26 06:46:19 |
| 12146 || 81.1122293059442 || 2018-11-09 00:24:10 |
| 12147 || 14.5794982760647 || 2018-02-17 18:19:10 |
| 12148 || 1.28512272650762 || 2016-05-03 19:51:59 |
| 12149 || -6.20577247312693 || 2014-05-05 04:32:49 |
| 12150 || -14.023175570524 || 2012-04-13 23:15:18 |
| 12151 || 42.3752458200162 || 2011-10-05 21:42:44 |
| 12152 || 19.2552626182478 || 2015-07-18 22:43:09 |
| 12153 || -0.869955969750135 || 2012-05-26 20:59:02 |
| 12154 || 14.3611131162864 || 2019-02-01 09:44:37 |
| 12155 || -21.1638715097456 || 2010-05-12 22:38:34 |
| 12156 || -26.6575879670363 || 2016-03-12 22:07:47 |
| 12157 || -17.6006529424305 || 2018-09-12 17:20:12 |
| 12158 || 6.08896440488097 || 2011-09-16 07:11:23 |
| 12159 || -0.374603696254648 || 2013-02-04 19:21:18 |
| 12160 || 42.0571727949345 || 2015-05-05 16:49:04 |
| 12161 || 88.5921343173007 || 2015-08-07 13:19:37 |
| 12162 || 50.5408625304128 || 2010-01-25 23:32:18 |
| 12163 || 8.43429730873543 || 2015-02-13 12:52:35 |
| 12164 || 6.02871638167409 || 2016-06-20 22:16:08 |
| 12165 || 34.2530559893977 || 2019-02-15 05:12:34 |
| 12166 || -25.1042391872574 || 2014-11-09 09:02:43 |
| 12167 || 42.6270583878925 || 2011-05-13 10:37:43 |
| 12168 || 1.30072336673536 || 2015-05-12 20:43:18 |
| 12169 || 1.45414860486801 || 2015-02-27 01:28:47 |
| 12170 || 44.5781344962774 || 2016-05-09 13:26:08 |
| 12171 || -19.3080241517713 || 2017-05-25 15:41:52 |
| 12172 || 68.513873418504 || 2017-05-19 12:03:06 |
| 12173 || -3.72582437464208 || 2012-02-03 19:51:23 |
| 12174 || -0.713651014749873 || 2019-10-05 09:16:36 |
| 12175 || -11.5526111953907 || 2013-06-02 12:53:06 |
| 12176 || 82.3979045004579 || 2017-11-03 03:56:14 |
| 12177 || 46.260476197024 || 2011-10-22 11:07:47 |
| 12178 || -2.10663301336383 || 2017-10-03 07:15:27 |
| 12179 || 0.369759668504371 || 2016-05-10 06:09:33 |
| 12180 || 22.5041941856582 || 2019-09-15 14:19:48 |
| 12181 || 85.0611098867494 || 2017-10-03 18:54:18 |
| 12182 || -20.5238288709098 || 2018-02-07 01:52:20 |
| 12183 || -7.28997031450928 || 2018-09-26 09:40:02 |
| 12184 || -0.0595690820258409 || 2015-07-10 04:33:20 |
| 12185 || 31.3860702302047 || 2017-05-14 12:55:06 |
| 12186 || 82.6323219868968 || 2011-04-22 10:03:09 |
| 12187 || 53.400006067119 || 2010-01-22 13:11:20 |
| 12188 || -8.52806310149574 || 2017-12-05 20:39:36 |
| 12189 || 0.00491711285489264 || 2011-12-19 21:13:54 |
| 12190 || 3.10057553852629 || 2013-02-23 22:32:02 |
| 12191 || -21.5065699065663 || 2017-03-23 08:28:01 |
| 12192 || 74.232958415972 || 2010-06-25 08:19:22 |
| 12193 || -12.086417844476 || 2013-05-09 05:27:10 |
| 12194 || -0.145191994236745 || 2013-12-01 16:59:50 |
| 12195 || 19.0073010468868 || 2015-01-03 18:26:43 |
| 12196 || 70.7755929843647 || 2019-12-18 15:38:02 |
| 12197 || 80.7727083553186 || 2011-12-27 21:46:29 |
| 12198 || -6.0062771058642 || 2013-12-16 22:28:19 |
| 12199 || 1.36930340616582 || 2017-04-02 02:24:34 |
| 12200 || 5.05036861908912 || 2011-09-26 11:47:03 |
| 12201 || 64.1007447607836 || 2017-05-07 02:58:35 |
| 12202 || 77.7894523813929 || 2017-06-12 12:18:19 |
| 12203 || 37.2423149909729 || 2014-07-23 13:53:19 |
| 12204 || 0.0453047093520826 || 2018-05-20 22:08:39 |
| 12205 || 14.0365741777596 || 2013-03-13 22:04:50 |
| 12206 || 1.73706207613692 || 2014-03-13 21:32:02 |
| 12207 || 7.61435634811908 || 2013-06-16 10:31:27 |
| 12208 || -13.8616895892094 || 2015-12-22 16:25:22 |
| 12209 || 2.01406541678464 || 2018-05-10 17:07:19 |
| 12210 || 4.02871964974064 || 2013-09-02 12:00:33 |
| 12211 || -4.73140972165279 || 2015-05-03 00:09:37 |
| 12212 || 81.887535515211 || 2014-03-21 08:27:48 |
| 12213 || 57.5514053498026 || 2015-04-05 01:56:16 |
| 12214 || 7.42998404145889 || 2014-02-02 21:03:03 |
| 12215 || -2.63120602137518 || 2011-03-08 07:12:44 |
| 12216 || -9.81214940649416 || 2015-10-19 09:46:29 |
| 12217 || 4.8803358843369 || 2014-10-14 12:16:22 |
| 12218 || 60.7555717673031 || 2011-08-09 13:46:18 |
| 12219 || 10.7591178778674 || 2019-05-07 23:52:48 |
| 12220 || 5.08451137907244 || 2019-01-18 19:29:38 |
| 12221 || 50.6138113524885 || 2010-10-20 13:06:03 |
| 12222 || 7.2397643467943 || 2011-10-24 00:59:24 |
| 12223 || -22.4271413810123 || 2016-06-13 16:36:33 |
| 12224 || 15.4187788426364 || 2019-08-09 19:24:04 |
| 12225 || 0.262972067245621 || 2017-10-01 01:36:27 |
| 12226 || 43.2948951193534 || 2014-01-02 18:25:52 |
| 12227 || 73.1888794595653 || 2010-11-10 09:43:02 |
| 12228 || 70.511539551009 || 2013-05-18 16:41:27 |
| 12229 || -6.35758684538032 || 2016-03-08 00:05:44 |
| 12230 || 0.484941094657948 || 2014-11-18 15:37:22 |
| 12231 || 12.2268537444319 || 2018-10-10 14:28:04 |
| 12232 || 78.8739778987831 || 2012-07-01 10:45:07 |
| 12233 || 60.345445330963 || 2013-01-25 04:27:13 |
| 12234 || -5.5694398540689 || 2019-03-20 22:55:29 |
| 12235 || 0.322766926539344 || 2014-02-19 15:48:33 |
| 12236 || 23.43 || 2020-01-09 07:18:06 |
| 12237 || 11.251 || 2020-01-09 07:18:06 |
| 12238 || 32.1 || 2020-01-09 07:18:06 |
| 12239 || -5.334 || 2020-01-09 07:18:06 |
| 12240 || 14.8372 || 2020-01-09 07:18:06 |
| 12241 || 16.0509 || 2014-01-01 03:10:54 |
| 12242 || -4.05186225831559 || 2016-09-26 08:33:20 |
| 12243 || 75.8987320684771 || 2015-04-27 02:16:48 |
| 12244 || -11.6251311808122 || 2015-09-20 17:08:52 |
| 12245 || -0.0490157321301292 || 2016-03-05 08:47:59 |
| 12246 || 17.507964723656 || 2011-03-08 21:52:35 |
| 12247 || 57.1817104430775 || 2014-12-01 22:42:41 |
| 12248 || -4.6901745098633 || 2012-10-27 12:51:40 |
| 12249 || -13.3842520661307 || 2012-03-22 07:48:18 |
| 12250 || 0.886850858582 || 2019-08-18 22:26:32 |
| 12251 || -3.97512469828507 || 2019-06-04 19:57:21 |
| 12252 || 37.350031366935 || 2014-12-01 16:38:22 |
| 12253 || -24.7757537776462 || 2011-05-19 17:11:52 |
| 12254 || 2.51494022619031 || 2017-09-25 07:55:08 |
| 12255 || -0.306226761396036 || 2015-01-03 20:58:37 |
| 12256 || -5.13105980864322 || 2019-11-24 08:39:01 |
| 12257 || 66.8056068275929 || 2015-08-20 19:24:37 |
| 12258 || -4.62837515841405 || 2014-06-02 19:07:03 |
| 12259 || 50.2626565401348 || 2015-10-10 06:44:24 |
| 12260 || 23.43 || 2020-01-09 07:37:32 |
| 12261 || 11.251 || 2020-01-09 07:37:32 |
| 12262 || 32.1 || 2020-01-09 07:37:32 |
| 12263 || -5.334 || 2020-01-09 07:37:32 |
| 12264 || 14.8372 || 2020-01-09 07:37:32 |
| 12265 || 16.0509 || 2014-01-01 03:10:54 |
| 12266 || 8.45308185333789 || 2019-09-09 13:13:35 |
| 12267 || 39.5109373590522 || 2011-10-15 04:58:31 |
| 12268 || 36.9273841104313 || 2015-05-03 21:33:55 |
| 12269 || 38.8914110905252 || 2016-04-25 03:48:10 |
| 12270 || -2.43241791269199 || 2018-05-23 15:17:31 |
| 12271 || 5.38811963930007 || 2014-07-26 21:07:13 |
| 12272 || 23.43 || 2020-01-09 07:37:52 |
| 12273 || 11.251 || 2020-01-09 07:37:52 |
| 12274 || 32.1 || 2020-01-09 07:37:52 |
| 12275 || -5.334 || 2020-01-09 07:37:52 |
| 12276 || 14.8372 || 2020-01-09 07:37:52 |
| 12277 || 16.0509 || 2014-01-01 03:10:54 |
| 12278 || 58.351007615515 || 2012-06-16 13:31:57 |
| 12279 || 49.7440313420762 || 2017-02-26 15:14:20 |
| 12280 || -6.36285581260607 || 2012-04-06 22:07:18 |
| 12281 || 23.43 || 2020-01-09 07:38:00 |
| 12282 || 11.251 || 2020-01-09 07:38:00 |
| 12283 || 32.1 || 2020-01-09 07:38:00 |
| 12284 || -5.334 || 2020-01-09 07:38:00 |
| 12285 || 14.8372 || 2020-01-09 07:38:00 |
| 12286 || 16.0509 || 2014-01-01 03:10:54 |
| 12287 || 23.43 || 2020-01-09 07:38:00 |
| 12288 || 11.251 || 2020-01-09 07:38:00 |
| 12289 || 32.1 || 2020-01-09 07:38:00 |
| 12290 || -5.334 || 2020-01-09 07:38:00 |
| 12291 || 14.8372 || 2020-01-09 07:38:00 |
| 12292 || 16.0509 || 2014-01-01 03:10:54 |
| 12293 || 23.43 || 2020-01-09 07:38:01 |
| 12294 || 11.251 || 2020-01-09 07:38:01 |
| 12295 || 32.1 || 2020-01-09 07:38:01 |
| 12296 || -5.334 || 2020-01-09 07:38:01 |
| 12297 || 14.8372 || 2020-01-09 07:38:01 |
| 12298 || 16.0509 || 2014-01-01 03:10:54 |
| 12299 || 23.43 || 2020-01-09 07:38:01 |
| 12300 || 11.251 || 2020-01-09 07:38:01 |
| 12301 || 32.1 || 2020-01-09 07:38:01 |
| 12302 || -5.334 || 2020-01-09 07:38:01 |
| 12303 || 14.8372 || 2020-01-09 07:38:01 |
| 12304 || 16.0509 || 2014-01-01 03:10:54 |
| 12305 || -0.328885167181838 || 2019-01-14 11:21:49 |
| 12306 || 23.43 || 2020-01-09 07:38:01 |
| 12307 || 11.251 || 2020-01-09 07:38:01 |
| 12308 || 32.1 || 2020-01-09 07:38:01 |
| 12309 || -5.334 || 2020-01-09 07:38:01 |
| 12310 || 14.8372 || 2020-01-09 07:38:01 |
| 12311 || 16.0509 || 2014-01-01 03:10:54 |
| 12312 || 23.43 || 2020-01-09 07:38:02 |
| 12313 || 11.251 || 2020-01-09 07:38:02 |
| 12314 || 32.1 || 2020-01-09 07:38:02 |
| 12315 || -5.334 || 2020-01-09 07:38:02 |
| 12316 || 14.8372 || 2020-01-09 07:38:02 |
| 12317 || 16.0509 || 2014-01-01 03:10:54 |Temp table exists? : [{"count(*)":1}]

temperatures
| id || value || created |
| 1 || 23.43 || 2020-01-08 19:49:47 |
| 2 || 11.251 || 2020-01-08 19:49:47 |
| 3 || 32.1 || 2020-01-08 19:49:47 |
| 4 || -5.334 || 2020-01-08 19:49:47 |
| 5 || 14.8372 || 2020-01-08 19:49:47 |
| 6 || 16.0509 || 2014-01-01 03:10:54 |
| 7 || 90.0 || 2018-08-16 21:40:05 |
| 8 || 26.3475821511529 || 2014-12-22 16:33:45 |
| 9 || 5.41559776809304 || 2012-10-20 00:37:09 |
| 10 || 5.04667665037385 || 2013-01-13 17:02:23 |
| 11 || 29.5836009895362 || 2016-01-08 14:55:27 |
| 12 || -16.3326570734174 || 2019-04-14 17:23:28 |
| 13 || -20.8928809863844 || 2012-03-11 03:15:49 |
| 14 || 13.1140540305462 || 2010-03-08 13:34:33 |
| 15 || 2.95596509190209 || 2012-11-08 13:13:08 |
| 16 || 8.61435014814574 || 2014-02-21 05:09:54 |
| 17 || -23.1631532378121 || 2018-09-23 08:23:24 |
| 18 || -15.6092407479275 || 2017-09-07 07:08:13 |
| 19 || -3.02838508428494 || 2012-10-12 04:51:25 |
| 20 || 1.52915170541489 || 2014-09-15 03:24:16 |
| 21 || -5.48285984600599 || 2015-07-20 15:42:56 |
| 22 || 73.9404120972861 || 2012-06-15 07:59:17 |
| 23 || 74.0226593597323 || 2015-09-17 04:24:40 |
| 24 || 10.4708078946264 || 2018-10-25 04:36:10 |
| 25 || 0.826059605024549 || 2013-01-11 20:22:12 |
| 26 || 20.0319925112373 || 2016-09-14 13:07:09 |
| 27 || 11.6353093147127 || 2017-11-19 21:53:38 |
| 28 || -22.3795412375825 || 2018-09-14 09:11:35 |
| 29 || -9.01571481466325 || 2014-07-26 13:34:25 |
| 30 || -0.0322790573020066 || 2010-09-13 03:09:32 |
| 31 || 28.7659470573424 || 2017-12-01 21:49:31 |
| 32 || 80.2225386674248 || 2018-09-16 04:03:25 |
| 33 || 81.3892285555105 || 2010-01-04 11:16:16 |
| 34 || 31.2436311883607 || 2013-01-02 14:28:43 |
| 35 || 0.00218799742462504 || 2018-11-19 03:29:22 |
| 36 || -7.97312849344578 || 2011-06-12 12:13:31 |
| 37 || 57.4290040636494 || 2015-10-09 10:08:39 |
| 38 || 8.14185159420474 || 2018-03-20 18:32:47 |
| 39 || 1.39675954315455 || 2019-10-20 05:09:30 |
| 40 || -0.215391119409126 || 2010-02-06 12:50:10 |
| 41 || -7.4205400599628 || 2016-06-10 05:56:25 |
| 42 || -14.9975857982467 || 2013-05-04 14:55:23 |
| 43 || 35.1737892194543 || 2010-11-06 07:07:28 |
| 44 || 10.4412565207356 || 2016-10-27 04:50:30 |
| 45 || 1.43048273311141 || 2019-06-19 03:57:54 |
| 46 || 2.44614844075834 || 2016-01-14 16:53:23 |
| 47 || 41.3354347897741 || 2016-07-14 03:54:39 |
| 48 || -23.0697809854784 || 2014-06-06 08:58:44 |
| 49 || -12.0957689273772 || 2010-01-01 15:01:25 |
| 50 || -1.23655492649088 || 2017-09-27 03:10:34 |
| 51 || -0.427813301539598 || 2016-05-11 20:57:04 |
| 52 || -13.171679825645 || 2017-02-23 09:36:39 |
| 53 || -3.16496950782612 || 2015-07-06 12:53:22 |
| 54 || 4.74612256867315 || 2011-11-27 21:57:03 |
| 55 || 2.04946121048178 || 2014-11-06 05:40:45 |
| 56 || 9.42380689339158 || 2010-09-12 04:30:06 |
| 57 || 60.7666743919545 || 2018-01-12 06:39:14 |
| 58 || 68.2851219256246 || 2016-06-13 13:57:17 |
| 59 || 54.716720962571 || 2012-04-01 10:10:31 |
| 60 || -0.710255298217403 || 2018-06-06 15:37:54 |
| 61 || -1.95863947920474 || 2013-06-15 04:20:54 |
| 62 || -1.94861396767653 || 2019-06-02 02:34:24 |
| 63 || 77.2969324337471 || 2012-12-06 18:51:24 |
| 64 || -11.5969625499873 || 2013-08-02 23:08:46 |
| 65 || 9.78666421192362 || 2011-11-17 03:45:58 |
| 66 || -0.162058499684968 || 2014-08-23 22:37:18 |
| 67 || 38.6824216166835 || 2011-06-07 12:31:05 |
| 68 || 11.6987232494005 || 2017-12-08 12:17:20 |
| 69 || 57.3705633094057 || 2014-01-27 18:24:05 |
| 70 || 12.1694202216849 || 2019-01-15 07:10:59 |
| 71 || 1.97661894431714 || 2017-01-07 21:11:11 |
| 72 || -14.9627845744961 || 2011-11-21 08:29:58 |
| 73 || -1.66995514263304 || 2010-11-21 12:33:46 |
| 74 || 67.6762921561769 || 2019-01-20 19:29:39 |
| 75 || -1.01703082684277 || 2012-05-23 16:42:01 |
| 76 || 0.612393817304894 || 2010-11-20 08:01:31 |
| 77 || 26.3816933325459 || 2017-01-05 08:45:36 |
| 78 || -24.470562577644 || 2013-03-25 03:07:30 |
| 79 || 77.0860710125406 || 2013-11-05 03:01:44 |
| 80 || 23.3727924326258 || 2010-07-04 05:18:52 |
| 81 || -0.0579591349156031 || 2017-04-05 14:58:27 |
| 82 || 7.11272560582901 || 2016-05-05 10:41:08 |
| 83 || 77.0867711868875 || 2011-11-14 07:48:34 |
| 84 || 73.3593058462233 || 2013-07-23 08:26:39 |
| 85 || -4.51740147722733 || 2010-05-13 21:55:20 |
| 86 || 0.0150838923601377 || 2017-05-06 15:05:39 |
| 87 || 15.9354785752851 || 2013-12-16 17:16:41 |
| 88 || 73.0529640210646 || 2014-04-14 14:05:06 |
| 89 || 41.511129053538 || 2014-12-09 04:47:55 |
| 90 || 10.6002850731298 || 2012-03-15 02:02:21 |
| 91 || 0.365123677677897 || 2012-01-04 07:52:14 |
| 92 || 17.4037215891557 || 2010-02-05 06:28:04 |
| 93 || -24.4090952013623 || 2012-11-14 12:20:13 |
| 94 || -28.4911053960165 || 2010-02-25 03:04:12 |
| 95 || 38.5141699564055 || 2014-03-05 20:46:11 |
| 96 || 0.359696975869354 || 2010-07-26 05:38:18 |
| 97 || 16.5433887765138 || 2011-05-25 20:09:11 |
| 98 || 71.2833979521131 || 2014-03-12 10:14:25 |
| 99 || 56.9769926850222 || 2013-12-06 07:21:34 |
| 100 || -4.66796273198898 || 2017-10-25 01:47:19 |
| 101 || 3.16386805771283 || 2017-03-11 18:52:44 |
| 102 || 15.0395548955183 || 2016-06-10 23:09:04 |
| 103 || 31.5893164432262 || 2013-09-11 16:31:25 |
| 104 || 82.8408127669622 || 2016-06-20 20:46:30 |
| 105 || 52.6151152698744 || 2014-11-17 02:07:46 |
| 106 || 0.383562064803415 || 2013-06-15 10:54:04 |
| 107 || 1.28064851748394 || 2011-12-08 16:49:13 |
| 108 || 19.8836085503022 || 2014-03-17 06:53:36 |
| 109 || 10.2893054954041 || 2019-04-27 06:44:38 |
| 110 || 55.0330857324637 || 2017-12-24 09:11:03 |
| 111 || 8.45561019250228 || 2015-11-21 08:19:58 |
| 112 || -0.809991268609812 || 2019-11-04 03:22:57 |
| 113 || 16.9591483479759 || 2019-11-02 14:33:20 |
| 114 || 69.6959680162617 || 2014-02-01 20:41:02 |
| 115 || -20.5714927574677 || 2019-04-06 22:13:53 |
| 116 || 6.61597290212506 || 2017-09-27 21:40:52 |
| 117 || -0.928328504817113 || 2012-07-23 00:53:05 |
| 118 || 28.4995830799754 || 2018-01-03 08:55:47 |
| 119 || -22.0689154265669 || 2014-10-05 23:21:11 |
| 120 || -6.77662373828449 || 2010-03-22 17:08:47 |
| 121 || -3.8628140899322 || 2019-05-14 04:18:40 |
| 122 || 2.12630307045677 || 2013-06-24 06:43:08 |
| 123 || -0.0918429421248577 || 2017-05-01 23:10:11 |
| 124 || -29.2119009639649 || 2012-06-02 02:39:07 |
| 125 || 29.3476697142508 || 2016-04-15 10:52:45 |
| 126 || 0.940784495694757 || 2019-06-11 08:04:19 |
| 127 || 0.853693745481105 || 2010-03-15 17:08:26 |
| 128 || 23.8525710931514 || 2016-10-23 01:19:17 |
| 129 || 85.7364300038848 || 2012-04-23 16:21:51 |
| 130 || 58.2375853884649 || 2012-06-13 05:04:16 |
| 131 || 22.3301343249684 || 2015-11-12 02:44:42 |
| 132 || 0.30795005718798 || 2014-11-02 09:08:17 |
| 133 || 22.5834562632262 || 2011-12-19 09:27:51 |
| 134 || 30.8134300380624 || 2014-04-11 13:58:48 |
| 135 || 66.413310304508 || 2014-08-26 11:45:49 |
| 136 || -7.36512107811327 || 2011-10-09 08:55:48 |
| 137 || 6.827532250014e-05 || 2015-10-08 21:33:15 |
| 138 || -9.22744361962866 || 2011-02-04 14:11:43 |
| 139 || 71.357928965685 || 2016-06-11 13:30:51 |
| 140 || 78.025730388081 || 2016-10-08 08:56:46 |
| 141 || 34.4429570600116 || 2012-11-21 21:31:22 |
| 142 || 0.305907637752122 || 2016-11-02 03:56:50 |
| 143 || 7.34135577520603 || 2017-04-11 10:49:48 |
| 144 || 22.8497954740137 || 2018-07-07 14:30:47 |
| 145 || 85.5109500354974 || 2014-04-12 12:53:43 |
| 146 || -12.393087249732 || 2017-09-13 13:05:27 |
| 147 || -0.346681573999582 || 2010-05-24 19:19:23 |
| 148 || 6.83596325711021 || 2015-05-15 08:02:00 |
| 149 || -23.9381570547783 || 2017-10-21 13:10:57 |
| 150 || -17.887651998911 || 2017-06-01 12:39:01 |
| 151 || 34.004617649876 || 2010-04-15 05:02:02 |
| 152 || 1.55093420652041 || 2016-11-19 00:56:55 |
| 153 || 15.5817762124891 || 2019-01-02 04:31:31 |
| 154 || 56.5525990191926 || 2010-02-17 15:08:56 |
| 155 || 44.2102499076024 || 2012-03-26 00:00:25 |
| 156 || 50.7309427508135 || 2019-12-27 11:22:25 |
| 157 || 2.92723721039379 || 2010-09-18 21:13:26 |
| 158 || -2.60868454380066 || 2018-05-17 21:21:32 |
| 159 || -20.6515911065438 || 2019-10-27 22:52:13 |
| 160 || 23.43 || 2020-01-08 19:52:34 |
| 161 || 11.251 || 2020-01-08 19:52:34 |
| 162 || 32.1 || 2020-01-08 19:52:34 |
| 163 || -5.334 || 2020-01-08 19:52:34 |
| 164 || 14.8372 || 2020-01-08 19:52:34 |
| 165 || 16.0509 || 2014-01-01 03:10:54 |
| 166 || 90.0 || 2019-09-08 16:55:19 |
| 167 || -11.6086689069355 || 2014-04-09 23:53:35 |
| 168 || 9.86954810283145 || 2010-01-07 05:25:15 |
| 169 || -1.77471211215742 || 2015-07-01 05:18:41 |
| 170 || 39.982605258182 || 2018-10-16 18:06:56 |
| 171 || -11.8328587567298 || 2017-01-02 01:06:04 |
| 172 || -13.1466237242471 || 2015-05-05 09:31:19 |
| 173 || 8.59695189651067 || 2011-10-16 10:07:07 |
| 174 || -1.19397179333372 || 2013-02-02 01:02:19 |
| 175 || 42.3574551452579 || 2015-05-21 01:01:15 |
| 176 || 50.1675691410411 || 2018-05-20 17:11:21 |
| 177 || 68.9225279028387 || 2019-02-20 12:55:45 |
| 178 || 1.0083513010678 || 2015-04-11 08:35:48 |
| 179 || 0.364311918266225 || 2011-08-03 06:07:12 |
| 180 || 31.06444977514 || 2013-04-01 20:03:02 |
| 181 || 57.7852811302508 || 2011-01-15 16:48:55 |
| 182 || 71.3169967048488 || 2010-12-17 15:30:11 |
| 183 || 0.974303308050872 || 2015-07-05 02:24:07 |
| 184 || 0.269051996174643 || 2014-10-17 06:14:50 |
| 185 || 12.5105636329252 || 2018-06-02 03:36:07 |
| 186 || 51.883942870714 || 2019-10-01 10:03:41 |
| 187 || -21.0044173056309 || 2019-10-23 20:35:17 |
| 188 || 8.37879236264292 || 2012-01-23 17:52:04 |
| 189 || 0.0897087944134358 || 2014-05-07 13:15:21 |
| 190 || 0.0162337264943223 || 2017-08-18 17:39:02 |
| 191 || 14.8557544106505 || 2011-03-19 19:54:01 |
| 192 || 14.815820691842 || 2018-05-15 21:11:21 |
| 193 || 30.6590811046154 || 2017-06-12 05:10:51 |
| 194 || 0.0190142044063192 || 2013-11-16 09:37:37 |
| 195 || 10.037099183599 || 2015-07-13 12:14:30 |
| 196 || -13.6354650305788 || 2015-09-07 05:49:18 |
| 197 || 60.8241392885743 || 2019-09-16 20:34:43 |
| 198 || 24.2130505860347 || 2010-05-13 18:15:54 |
| 199 || 0.563539470900761 || 2016-12-14 22:21:45 |
| 200 || -7.22060558965597 || 2011-05-09 21:52:07 |
| 201 || 34.1265581091396 || 2014-09-09 03:36:32 |
| 202 || -20.2978725704966 || 2014-08-10 15:21:17 |
| 203 || -14.0854618863091 || 2019-07-13 21:36:28 |
| 204 || 0.171211248563485 || 2012-12-04 21:01:34 |
| 205 || 2.3492752327613 || 2011-12-27 00:33:13 |
| 206 || -4.96260072654502 || 2011-02-24 05:50:15 |
| 207 || -27.7729869616414 || 2013-01-03 12:08:30 |
| 208 || -1.45726291234126 || 2014-07-14 06:51:27 |
| 209 || 2.28319817041134 || 2011-02-06 01:38:11 |
| 210 || -4.09923760187469 || 2012-02-22 15:20:48 |
| 211 || -2.91098432617839 || 2018-03-09 00:19:52 |
| 212 || 60.0448324402565 || 2014-05-16 08:32:15 |
| 213 || 39.6648664559312 || 2010-11-04 20:09:18 |
| 214 || 6.167249522456 || 2014-07-07 03:40:39 |
| 215 || 1.83604851075998 || 2011-10-12 04:14:36 |
| 216 || 41.6418314184948 || 2018-04-20 03:52:16 |
| 217 || 5.28356733363865 || 2014-07-26 03:48:40 |
| 218 || 45.1951554632809 || 2010-04-05 22:20:55 |
| 219 || 8.98163555296408 || 2011-01-03 04:26:19 |
| 220 || 6.94340857407959 || 2015-09-24 00:13:39 |
| 221 || -18.5678418670397 || 2018-04-05 13:57:21 |
| 222 || 81.0736735050903 || 2017-12-07 06:42:49 |
| 223 || 7.84311535121185 || 2017-07-23 19:29:23 |
| 224 || -1.79269373919911 || 2018-12-08 18:59:44 |
| 225 || -0.673801267506161 || 2013-08-23 23:48:57 |
| 226 || 43.6156926153903 || 2016-05-22 17:26:37 |
| 227 || 72.6290303312679 || 2017-11-17 19:08:20 |
| 228 || 21.4517906881025 || 2010-02-01 23:45:07 |
| 229 || 3.77648876537831 || 2016-05-19 08:49:30 |
| 230 || -0.350095194203613 || 2010-03-12 15:03:50 |
| 231 || -13.565337664074 || 2019-04-07 01:05:23 |
| 232 || 27.6035829278251 || 2014-02-27 10:25:35 |
| 233 || -23.5214356055009 || 2015-04-14 16:10:29 |
| 234 || 18.6247554728743 || 2014-06-02 15:55:44 |
| 235 || -0.319394340825914 || 2013-05-18 10:54:24 |
| 236 || 20.7190755926195 || 2017-07-24 18:46:51 |
| 237 || 21.3974165976664 || 2017-10-13 12:05:47 |
| 238 || 11.6269719298456 || 2019-05-20 15:10:25 |
| 239 || 23.7904789672257 || 2013-12-22 07:13:11 |
| 240 || -0.065952421727497 || 2011-09-19 03:18:20 |
| 241 || 11.6996152114141 || 2010-08-25 17:40:58 |
| 242 || -0.277200961345157 || 2016-11-18 02:56:38 |
| 243 || 42.4146959392802 || 2018-10-08 00:55:14 |
| 244 || 30.8843057038411 || 2010-02-27 12:44:08 |
| 245 || -0.00481345911924978 || 2018-12-17 12:57:59 |
| 246 || -9.6518354001294 || 2017-09-14 10:39:56 |
| 247 || -16.9214922664902 || 2017-09-15 07:04:30 |
| 248 || 67.2810712581887 || 2018-10-13 02:51:45 |
| 249 || 11.688694358736 || 2019-05-18 05:11:28 |
| 250 || 0.44248377105093 || 2016-10-25 15:26:00 |
| 251 || 21.0825570502646 || 2019-08-10 00:24:12 |
| 252 || -25.1909013539935 || 2012-05-26 03:50:09 |
| 253 || 13.2052421169843 || 2012-05-14 12:56:06 |
| 254 || -13.446944788942 || 2017-05-01 21:48:59 |
| 255 || 1.57287868681389 || 2018-07-06 06:57:49 |
| 256 || 0.0673195920452809 || 2011-07-09 13:18:00 |
| 257 || -2.62885562584888 || 2015-06-04 17:11:11 |
| 258 || -28.8066367467784 || 2018-04-05 14:56:39 |
| 259 || 39.222734693115 || 2012-12-27 22:15:32 |
| 260 || 3.2962620041413 || 2011-08-08 05:16:47 |
| 261 || 15.0565669415347 || 2012-05-03 01:48:01 |
| 262 || 33.0886691855053 || 2011-12-07 02:51:13 |
| 263 || -29.7576586902883 || 2019-06-01 11:45:23 |
| 264 || 32.6516951046802 || 2013-03-03 18:38:01 |
| 265 || 3.87478738847651 || 2019-05-18 22:52:50 |
| 266 || 10.0985696307519 || 2016-05-11 00:50:56 |
| 267 || 61.7108342554366 || 2012-10-18 22:10:31 |
| 268 || -4.63282244585354 || 2018-01-14 12:47:03 |
| 269 || 21.9871598511395 || 2018-04-26 19:45:17 |
| 270 || 8.25030252832509 || 2018-03-02 01:04:46 |
| 271 || 3.39888682047455 || 2011-10-18 00:04:23 |
| 272 || 45.050297292039 || 2011-01-12 01:50:45 |
| 273 || 83.802966468752 || 2011-03-27 18:45:07 |
| 274 || 0.378244661219729 || 2016-02-24 13:29:35 |
| 275 || -1.68731754270646 || 2018-04-02 17:05:52 |
| 276 || 3.13180930769059 || 2016-08-18 10:57:24 |
| 277 || 51.2505251413836 || 2019-06-09 01:03:45 |
| 278 || 20.0851532701741 || 2013-11-16 19:15:46 |
| 279 || 27.4524371827903 || 2012-04-09 20:23:52 |
| 280 || 1.07296652972812 || 2013-09-17 15:39:04 |
| 281 || 0.714121911903098 || 2018-04-20 01:44:12 |
| 282 || 43.7675081937389 || 2015-05-20 18:41:19 |
| 283 || 82.5387576680631 || 2013-03-04 13:15:20 |
| 284 || 72.41524154765 || 2012-01-16 13:05:18 |
| 285 || -5.49987054265413 || 2016-11-10 05:51:39 |
| 286 || 0.347028195748966 || 2016-03-06 14:00:56 |
| 287 || 24.9378432292597 || 2014-02-26 11:43:31 |
| 288 || 34.337867819687 || 2017-09-07 08:27:04 |
| 289 || -21.2432462760496 || 2016-03-20 01:23:09 |
| 290 || -3.86784183408242 || 2015-03-19 01:00:41 |
| 291 || 0.272675343408622 || 2018-02-01 12:08:23 |
| 292 || -4.66084964622502 || 2013-07-25 21:11:35 |
| 293 || -5.38927997160125 || 2014-07-07 09:48:36 |
| 294 || 4.215141622681 || 2016-10-09 05:58:01 |
| 295 || -6.77881271806722 || 2019-06-11 06:43:06 |
| 296 || 0.000216061479161576 || 2018-06-08 16:34:28 |
| 297 || 29.8370111951823 || 2015-06-11 21:22:05 |
| 298 || 10.0307885647352 || 2015-03-10 18:54:57 |
| 299 || -9.78947125580375 || 2019-03-21 09:36:56 |
| 300 || 3.31593266054482 || 2010-02-11 16:52:50 |
| 301 || -0.113814520941328 || 2012-08-18 04:16:38 |
| 302 || 13.9470225935885 || 2014-07-10 04:22:52 |
| 303 || 19.3804682426774 || 2011-04-16 01:31:50 |
| 304 || 81.7679577505411 || 2015-03-07 16:33:02 |
| 305 || -10.0942665041946 || 2014-05-12 11:54:27 |
| 306 || 1.34650756963804 || 2011-12-22 12:17:49 |
| 307 || 7.54915523520484 || 2015-08-14 14:14:02 |
| 308 || 68.1387798556456 || 2018-02-27 10:20:01 |
| 309 || 62.7159972260054 || 2017-11-11 04:25:48 |
| 310 || -4.87138734600513 || 2014-10-07 14:53:42 |
| 311 || -0.226937756125151 || 2010-01-10 03:26:39 |
| 312 || 8.74826701922113 || 2012-10-13 02:27:22 |
| 313 || -7.75821310224913 || 2013-09-26 22:46:27 |
| 314 || 88.9984091542135 || 2015-02-19 21:50:55 |
| 315 || 46.4299302353173 || 2013-07-04 01:47:41 |
| 316 || -0.845115541427234 || 2016-03-15 19:39:12 |
| 317 || 0.822137565128209 || 2019-04-13 19:47:48 |
| 318 || -15.194920358209 || 2016-01-05 13:55:30 |
| 319 || 13.0962326194261 || 2017-06-22 12:11:52 |
| 320 || 5.67226902758628 || 2012-05-14 11:12:50 |
| 321 || -1.78213851326924 || 2015-11-18 07:26:46 |
| 322 || -2.01481163956336 || 2014-04-18 08:42:42 |
| 323 || 20.8488161168992 || 2017-03-02 17:53:14 |
| 324 || 86.6525870019484 || 2017-04-10 18:16:46 |
| 325 || 31.508957824287 || 2011-05-13 20:49:00 |
| 326 || -3.45678795857635 || 2016-11-16 15:25:30 |
| 327 || -1.02257556526625 || 2012-01-05 16:23:58 |
| 328 || 10.4537928021636 || 2019-11-27 23:41:32 |
| 329 || -26.7302983572115 || 2016-04-12 12:06:07 |
| 330 || 0.556207916517987 || 2017-10-15 22:06:14 |
| 331 || -4.98715786481535 || 2016-04-01 05:11:10 |
| 332 || 2.12764648707518 || 2015-06-11 04:44:46 |
| 333 || 40.221783105551 || 2010-08-01 03:17:54 |
| 334 || 18.4218119060881 || 2010-07-22 14:10:07 |
| 335 || 46.8805100973752 || 2019-03-17 00:59:19 |
| 336 || -1.81655937656004 || 2018-01-04 08:59:18 |
| 337 || -0.3372192234226 || 2013-07-14 20:01:16 |
| 338 || 20.5229573927065 || 2010-06-16 10:18:53 |
| 339 || 30.7789850140519 || 2015-12-18 10:07:05 |
| 340 || -6.51647042416632 || 2019-01-23 04:49:12 |
| 341 || 8.95006660796696 || 2012-11-23 16:50:18 |
| 342 || 0.421174105744166 || 2011-03-15 08:22:19 |
| 343 || 35.0206719896324 || 2012-04-08 01:13:51 |
| 344 || 46.9512696732201 || 2016-09-11 13:11:02 |
| 345 || 51.5019016612064 || 2013-12-22 09:13:01 |
| 346 || 3.11745495161803 || 2013-07-01 18:12:09 |
| 347 || 0.000798587187576868 || 2014-01-21 03:56:03 |
| 348 || 30.7518279672867 || 2011-12-10 01:46:27 |
| 349 || 14.6199011731191 || 2015-03-15 02:59:09 |
| 350 || 77.1318534826616 || 2016-06-25 13:10:52 |
| 351 || -9.25354619889303 || 2011-07-22 02:53:35 |
| 352 || -0.0504138799565431 || 2012-02-10 00:44:55 |
| 353 || -8.44435003302306 || 2015-06-12 08:55:27 |
| 354 || 75.5753338385161 || 2014-12-23 03:18:41 |
| 355 || -27.9501577385206 || 2013-12-08 21:06:57 |
| 356 || 39.3524919942996 || 2015-08-03 22:18:57 |
| 357 || -0.367342923522685 || 2014-12-14 03:35:59 |
| 358 || 17.2657067530598 || 2018-05-17 08:11:21 |
| 359 || 31.1615698438296 || 2011-06-09 19:11:43 |
| 360 || 74.8039478396915 || 2013-12-22 04:43:15 |
| 361 || 35.5454533709824 || 2013-02-06 09:59:21 |
| 362 || 1.12679986420118 || 2014-02-22 00:37:00 |
| 363 || 9.22498247022 || 2019-09-20 23:51:09 |
| 364 || 62.8969635305278 || 2013-03-02 10:33:07 |
| 365 || 78.3593503378499 || 2010-05-24 20:18:26 |
| 366 || 21.0070518022462 || 2014-03-18 23:54:41 |
| 367 || -1.01570655237793 || 2013-08-06 15:45:56 |
| 368 || -3.43960082618496 || 2018-06-17 20:47:21 |
| 369 || 35.5139592976844 || 2018-05-03 17:18:00 |
| 370 || -17.2166923717149 || 2015-01-17 14:40:41 |
| 371 || 47.6593374016226 || 2018-06-13 11:07:34 |
| 372 || 23.43 || 2020-01-08 19:53:02 |
| 373 || 11.251 || 2020-01-08 19:53:02 |
| 374 || 32.1 || 2020-01-08 19:53:02 |
| 375 || -5.334 || 2020-01-08 19:53:02 |
| 376 || 14.8372 || 2020-01-08 19:53:02 |
| 377 || 16.0509 || 2014-01-01 03:10:54 |
| 378 || 90.0 || 2017-02-22 19:10:50 |
| 379 || 14.4687759635503 || 2015-09-15 07:50:52 |
| 380 || 9.54320364171608 || 2018-06-07 22:24:40 |
| 381 || 2.75107555325905 || 2018-09-25 11:58:35 |
| 382 || -6.26940626222634 || 2018-07-22 21:44:25 |
| 383 || -29.045363760491 || 2019-03-15 22:44:33 |
| 384 || 34.7810775441687 || 2012-04-23 09:20:24 |
| 385 || 12.3595505560551 || 2013-05-20 13:49:52 |
| 386 || 1.01691765373867 || 2012-04-09 02:35:58 |
| 387 || -7.59787532100747 || 2018-12-16 16:33:27 |
| 388 || 43.0344720425401 || 2014-08-21 05:10:24 |
| 389 || -4.451479165233 || 2016-02-06 09:44:12 |
| 390 || -4.58190098799921 || 2014-05-08 08:02:03 |
| 391 || -0.398033394882253 || 2019-10-10 22:19:32 |
| 392 || 38.2512032154426 || 2014-11-10 18:55:32 |
| 393 || 86.2442175000987 || 2016-11-01 05:00:23 |
| 394 || 18.7238867972742 || 2015-08-18 14:58:36 |
| 395 || 18.1721045488084 || 2018-01-17 16:30:18 |
| 396 || 0.809118584613218 || 2018-06-03 08:01:41 |
| 397 || -8.49342408935866 || 2013-12-10 00:04:55 |
| 398 || -10.9513033382322 || 2015-10-23 08:25:10 |
| 399 || 67.6608261448849 || 2017-12-15 12:41:25 |
| 400 || 25.0950034886396 || 2013-04-09 04:06:12 |
| 401 || 0.116049022780712 || 2019-06-14 09:55:49 |
| 402 || -10.1184958361092 || 2013-09-26 14:57:02 |
| 403 || 82.0162373499901 || 2016-02-24 19:43:01 |
| 404 || 70.940836649811 || 2017-05-06 20:30:01 |
| 405 || 31.4259717475011 || 2016-10-23 00:02:28 |
| 406 || -0.0147260616994201 || 2018-12-06 21:09:56 |
| 407 || 14.8775575670316 || 2012-01-04 11:46:33 |
| 408 || -21.658842071969 || 2014-08-13 12:58:11 |
| 409 || -8.48562332725947 || 2017-11-22 02:36:45 |
| 410 || -11.565741069971 || 2010-08-19 01:15:46 |
| 411 || -0.0267214855819512 || 2016-04-17 08:00:34 |
| 412 || 22.2320677915214 || 2013-08-13 14:25:02 |
| 413 || 33.9354317107135 || 2010-02-15 00:03:07 |
| 414 || 76.9264472536425 || 2015-08-20 14:42:38 |
| 415 || 40.5730652378013 || 2019-02-16 08:15:23 |
| 416 || -0.231680280067465 || 2011-05-16 00:00:43 |
| 417 || 16.128543656656 || 2018-02-27 23:38:23 |
| 418 || 66.7041732783775 || 2010-11-03 04:38:30 |
| 419 || 77.1977411259523 || 2013-12-10 03:59:10 |
| 420 || -15.9152819233416 || 2012-06-25 13:56:23 |
| 421 || 3.26919720869745 || 2019-12-15 18:00:09 |
| 422 || -4.51602991969902 || 2011-04-05 09:24:27 |
| 423 || -19.7613258380667 || 2013-05-20 05:10:45 |
| 424 || 87.724640467425 || 2013-11-18 11:10:26 |
| 425 || -12.4163908799128 || 2015-11-09 01:48:53 |
| 426 || 6.1095229560679 || 2012-03-23 19:00:15 |
| 427 || 10.4328151978445 || 2010-07-01 11:37:56 |
| 428 || -19.8808457505778 || 2014-08-11 04:08:32 |
| 429 || -29.8576574013998 || 2016-09-25 16:50:25 |
| 430 || 58.9610746785116 || 2011-01-07 22:44:40 |
| 431 || 4.86789234722175 || 2017-09-26 08:22:18 |
| 432 || 7.26095624757857 || 2012-07-08 19:10:06 |
| 433 || -2.70104004660789 || 2012-03-18 12:43:37 |
| 434 || 82.071888585573 || 2013-06-16 07:42:05 |
| 435 || 32.4093637741209 || 2019-05-13 06:47:01 |
| 436 || 11.7549648776219 || 2011-06-20 12:46:32 |
| 437 || 4.57807187233011 || 2016-07-10 09:36:36 |
| 438 || 30.5055354601666 || 2014-11-13 18:33:37 |
| 439 || 64.0513735056706 || 2015-10-04 05:44:26 |
| 440 || 39.5986849572656 || 2018-06-08 15:22:05 |
| 441 || -2.90181964324345 || 2016-07-07 04:02:22 |
| 442 || -0.231038491038553 || 2018-10-23 23:19:04 |
| 443 || -11.0767080246902 || 2016-02-07 11:38:52 |
| 444 || -23.2062859601244 || 2016-04-15 01:00:51 |
| 445 || 52.0030639526649 || 2015-11-14 22:43:27 |
| 446 || -2.33920236157952 || 2014-09-01 06:37:23 |
| 447 || -0.0900113509575816 || 2017-04-19 03:26:17 |
| 448 || 27.8879615809955 || 2012-05-04 10:34:48 |
| 449 || -26.9674822289438 || 2012-12-09 09:45:24 |
| 450 || 77.2197553882463 || 2019-03-15 06:58:56 |
| 451 || 19.00528153554 || 2010-11-26 13:16:02 |
| 452 || 0.137738075455035 || 2015-11-04 08:07:21 |
| 453 || -9.21866417722511 || 2017-08-08 02:05:32 |
| 454 || 52.9552787972114 || 2015-11-10 17:54:19 |
| 455 || 59.7727890022678 || 2017-04-24 04:39:33 |
| 456 || -9.83046702258301 || 2014-03-05 06:10:04 |
| 457 || 0.0087793438566509 || 2019-06-23 04:48:50 |
| 458 || -9.55549928092637 || 2013-09-07 20:01:32 |
| 459 || 31.2015772567633 || 2013-11-07 13:58:32 |
| 460 || 63.0266360898369 || 2017-04-02 16:42:25 |
| 461 || 36.2287941746102 || 2016-04-22 00:32:31 |
| 462 || 0.369731215926241 || 2012-08-27 05:10:48 |
| 463 || 21.119299400411 || 2013-09-18 18:59:39 |
| 464 || 0.489466364439765 || 2015-11-24 20:29:49 |
| 465 || -12.0656401236611 || 2015-01-15 03:13:16 |
| 466 || 38.079446590574 || 2010-11-11 22:08:01 |
| 467 || 0.336385912547267 || 2018-05-19 07:13:04 |
| 468 || 19.2553576029196 || 2016-10-20 20:06:03 |
| 469 || 25.4117136915015 || 2014-01-01 23:18:40 |
| 470 || -8.25659057948579 || 2017-04-19 06:13:59 |
| 471 || 9.93123204112534 || 2010-03-13 05:51:47 |
| 472 || -1.04221774178457 || 2012-04-17 06:09:30 |
| 473 || 0.772335571135102 || 2012-02-06 09:42:18 |
| 474 || 49.2951382454096 || 2012-09-11 13:33:32 |
| 475 || 4.58733983237319 || 2010-11-23 14:19:41 |
| 476 || 52.4732812555092 || 2016-02-22 08:43:03 |
| 477 || 2.74839553844908 || 2015-05-24 05:04:56 |
| 478 || 3.0327280626979 || 2013-07-04 02:32:34 |
| 479 || -14.366553632477 || 2017-01-16 04:12:33 |
| 480 || -25.6420758717193 || 2014-09-26 06:36:59 |
| 481 || 57.8458019574719 || 2010-09-15 06:08:25 |
| 482 || -2.55066435886266 || 2017-09-27 23:01:10 |
| 483 || 7.88639204888998 || 2014-09-03 13:07:41 |
| 484 || -17.8422059269763 || 2012-12-05 20:07:41 |
| 485 || -6.05828544553119 || 2014-03-12 11:09:09 |
| 486 || 48.3516544298262 || 2012-02-03 05:10:02 |
| 487 || 3.16878986741856 || 2014-06-17 13:57:37 |
| 488 || -1.49450403076426 || 2018-02-19 19:11:34 |
| 489 || -1.57920078153882 || 2013-07-03 20:04:20 |
| 490 || 86.3453510119614 || 2012-06-08 04:06:45 |
| 491 || 63.3462801878501 || 2012-01-21 03:25:37 |
| 492 || 9.56882034937998 || 2019-02-07 15:18:46 |
| 493 || 1.17791893559638 || 2018-11-14 13:39:04 |
| 494 || -14.3922002900837 || 2017-03-01 18:00:10 |
| 495 || -3.57091103245646 || 2013-02-18 19:43:52 |
| 496 || 63.123065445759 || 2014-12-18 04:36:29 |
| 497 || 3.24367801594198 || 2018-01-04 16:56:24 |
| 498 || 0.310368892290315 || 2015-02-06 00:09:36 |
| 499 || -11.010696418919 || 2015-03-14 00:44:42 |
| 500 || 12.6032683094605 || 2019-01-26 06:10:59 |
| 501 || 11.2099065651165 || 2018-09-24 18:42:23 |
| 502 || 20.6980514251266 || 2011-01-07 00:15:17 |
| 503 || 0.265665502700536 || 2018-12-06 22:53:44 |
| 504 || 6.12003034199112 || 2013-12-24 23:42:06 |
| 505 || -0.793660019751195 || 2017-03-12 22:14:36 |
| 506 || 55.5289650947312 || 2010-12-21 04:42:09 |
| 507 || 5.50679930802975 || 2019-06-09 15:17:24 |
| 508 || 0.000238854581293963 || 2011-06-05 02:08:49 |
| 509 || -9.14120917143698 || 2012-02-20 18:32:25 |
| 510 || 78.844236125422 || 2011-10-07 13:00:23 |
| 511 || -19.6243206114586 || 2018-10-05 22:09:58 |
| 512 || 35.4079252182127 || 2019-01-25 06:56:58 |
| 513 || 0.306082093027414 || 2017-08-10 21:24:13 |
| 514 || -7.43363780199392 || 2010-10-09 03:06:58 |
| 515 || 1.93273577898168 || 2010-09-03 13:34:53 |
| 516 || 85.5279758634484 || 2013-03-08 10:27:21 |
| 517 || 33.3996219887838 || 2012-07-06 22:16:59 |
| 518 || 0.156052465500871 || 2017-08-16 14:44:01 |
| 519 || 14.2319663869668 || 2014-06-19 02:48:42 |
| 520 || -14.2327501643233 || 2019-09-01 14:01:24 |
| 521 || 81.091620779558 || 2010-02-14 15:33:39 |
| 522 || -12.0337150104159 || 2018-07-22 19:24:05 |
| 523 || 2.40536538313562 || 2015-11-18 14:40:06 |
| 524 || 6.04555904860117 || 2012-05-22 01:05:01 |
| 525 || -3.92991718639818 || 2019-12-21 15:57:14 |
| 526 || -8.7964791960096 || 2017-11-19 15:24:55 |
| 527 || 48.2307941469069 || 2017-11-02 14:19:55 |
| 528 || 2.66951228175176 || 2014-02-04 05:24:05 |
| 529 || 8.12117893164624 || 2014-06-09 15:02:30 |
| 530 || 34.0235592694292 || 2018-05-03 22:51:54 |
| 531 || 58.0175229435968 || 2016-12-16 05:06:48 |
| 532 || -12.461990569943 || 2016-03-17 00:33:56 |
| 533 || 5.19962275928136 || 2010-12-26 13:50:32 |
| 534 || 0.0847424731537127 || 2011-11-08 16:17:56 |
| 535 || 21.1686150105918 || 2011-04-25 10:51:49 |
| 536 || 78.3396738766937 || 2017-03-17 04:58:32 |
| 537 || -15.9355446001731 || 2011-02-21 01:32:52 |
| 538 || -2.99619588565015 || 2016-10-16 22:02:27 |
| 539 || -1.55719206432179 || 2010-11-10 02:45:16 |
| 540 || 43.7335330948998 || 2015-01-14 00:22:00 |
| 541 || -29.3173987546705 || 2017-01-08 20:52:06 |
| 542 || 60.2644074095104 || 2018-12-24 01:59:49 |
| 543 || 8.64418683703494 || 2014-06-04 04:27:23 |
| 544 || 0.0809657652849717 || 2017-06-17 21:25:02 |
| 545 || 45.5436207959258 || 2018-11-06 19:08:55 |
| 546 || 50.0395822755728 || 2012-02-20 23:27:56 |
| 547 || 68.8160253828228 || 2015-12-22 03:43:40 |
| 548 || 10.7388216759797 || 2018-03-23 19:03:06 |
| 549 || 1.00339866609537 || 2011-06-07 20:08:53 |
| 550 || 6.70450813272394 || 2017-01-21 17:28:32 |
| 551 || -5.52795471539744 || 2016-09-04 13:17:37 |
| 552 || -25.0840925907056 || 2017-09-23 23:43:13 |
| 553 || 13.0769275399876 || 2012-02-19 06:08:19 |
| 554 || 0.385803779991159 || 2014-01-02 04:16:34 |
| 555 || 9.38653624795636 || 2016-03-20 09:56:58 |
| 556 || -23.5647407439494 || 2010-08-07 18:30:15 |
| 557 || -6.63178284622733 || 2013-05-19 13:55:17 |
| 558 || 27.0723005952442 || 2017-11-18 16:02:56 |
| 559 || 0.00319163096771833 || 2011-03-24 10:52:54 |
| 560 || 14.8866179023553 || 2013-03-10 07:39:37 |
| 561 || -22.9594745199591 || 2013-09-15 13:26:00 |
| 562 || -23.8111850871604 || 2017-10-12 21:07:42 |
| 563 || 32.1236604644821 || 2019-11-07 10:47:27 |
| 564 || 0.211700679596517 || 2010-02-14 04:12:44 |
| 565 || 22.6263157549854 || 2012-04-10 02:05:38 |
| 566 || -19.3179685414211 || 2010-10-15 12:41:47 |
| 567 || 40.2483403777019 || 2018-03-09 04:46:43 |
| 568 || 29.3840526746468 || 2013-10-02 05:15:37 |
| 569 || 0.786271600458921 || 2019-11-27 04:53:52 |
| 570 || 18.8717664762236 || 2015-09-03 10:58:39 |
| 571 || 71.8490713662145 || 2011-08-04 21:10:19 |
| 572 || 27.8110211368916 || 2010-10-06 13:31:26 |
| 573 || 18.7824345925459 || 2016-11-26 14:19:00 |
| 574 || 0.0503352553738299 || 2012-04-03 04:23:12 |
| 575 || 0.868327259048382 || 2012-11-18 00:27:48 |
| 576 || 53.5087678161578 || 2015-09-26 20:51:18 |
| 577 || 87.9167733864866 || 2016-05-10 23:18:30 |
| 578 || 33.4047976154066 || 2011-01-05 22:30:44 |
| 579 || 1.23512800304169 || 2019-04-22 02:53:01 |
| 580 || -3.43171386891614 || 2019-07-13 21:22:35 |
| 581 || 27.8337481754373 || 2014-04-01 17:38:38 |
| 582 || -6.27814422025705 || 2019-08-02 18:21:39 |
| 583 || 49.9124777767609 || 2019-07-14 23:04:59 |
| 584 || -1.01276428029339 || 2011-09-08 10:23:09 |
| 585 || 5.63935955991322 || 2013-01-20 09:40:56 |
| 586 || 31.6472578455789 || 2011-01-16 13:26:36 |
| 587 || 89.5346658740667 || 2016-09-05 00:33:25 |
| 588 || 2.35723042844174 || 2018-12-25 08:40:45 |
| 589 || 9.22761419551091 || 2014-02-07 21:13:14 |
| 590 || 5.10523496734306 || 2012-08-17 07:37:03 |
| 591 || 52.4297644391521 || 2018-11-18 07:16:12 |
| 592 || 77.4407817041079 || 2019-04-11 11:34:19 |
| 593 || -4.93238717457695 || 2019-10-15 11:40:29 |
| 594 || -3.63903692680591 || 2019-06-02 08:05:20 |
| 595 || -0.100796963210937 || 2010-04-03 19:07:49 |
| 596 || -12.6554956024438 || 2010-06-14 03:01:29 |
| 597 || 71.6054751556854 || 2012-02-16 01:40:45 |
| 598 || 54.1388483706065 || 2012-03-14 21:30:34 |
| 599 || -1.40327958180981 || 2011-06-15 03:31:07 |
| 600 || -0.5283034404104 || 2016-05-11 16:59:07 |
| 601 || 41.1788470806344 || 2016-10-06 08:25:55 |
| 602 || 85.2158850819648 || 2015-10-05 12:17:06 |
| 603 || -24.7154638735233 || 2013-10-06 00:34:23 |
| 604 || 15.495808757315 || 2016-10-21 20:22:45 |
| 605 || 0.0152983664330599 || 2019-11-12 01:29:29 |
| 606 || -12.2005314859416 || 2011-09-04 07:04:34 |
| 607 || -27.8881100481893 || 2017-07-20 16:17:15 |
| 608 || 47.3854535583392 || 2018-12-27 17:13:11 |
| 609 || -3.18166546544814 || 2019-05-18 09:29:47 |
| 610 || -0.00527779992331374 || 2014-10-04 20:18:35 |
| 611 || -3.494337386846 || 2017-02-05 06:03:23 |
| 612 || -17.7803831544325 || 2012-03-16 22:10:17 |
| 613 || 4.77003564015504 || 2011-12-11 13:30:38 |
| 614 || -11.1355455968038 || 2017-02-06 03:01:46 |
| 615 || 0.0910124530625073 || 2011-04-25 11:07:30 |
| 616 || 26.3007811009517 || 2015-01-03 17:33:49 |
| 617 || 77.3750877944062 || 2010-08-08 12:35:35 |
| 618 || 43.3271392067488 || 2012-12-11 03:25:49 |
| 619 || -11.0508227458043 || 2014-06-20 19:08:14 |
| 620 || 0.281068546989998 || 2010-07-06 15:22:46 |
| 621 || -6.68491790632147 || 2012-04-09 15:01:02 |
| 622 || -5.89484666364411 || 2017-01-03 09:55:11 |
| 623 || 76.0674445333738 || 2018-04-07 17:35:06 |
| 624 || -0.412219442247735 || 2019-09-21 10:53:16 |
| 625 || 1.84605173224765 || 2016-02-21 13:59:39 |
| 626 || 16.2626004242737 || 2013-10-10 08:43:49 |
| 627 || 61.1443064637503 || 2012-02-11 22:58:44 |
| 628 || -29.2492685202606 || 2014-09-22 12:33:57 |
| 629 || 24.2835009184824 || 2015-04-12 02:49:57 |
| 630 || 2.5894659256199 || 2010-10-07 18:25:59 |
| 631 || 8.74430558796442 || 2013-05-06 01:14:12 |
| 632 || 63.5137370262515 || 2011-03-23 06:54:19 |
| 633 || 25.7397953522478 || 2015-12-08 07:27:51 |
| 634 || 41.6491193831333 || 2014-08-17 10:44:58 |
| 635 || 6.90432847316594 || 2019-07-22 23:22:51 |
| 636 || -3.236267921729 || 2014-03-09 14:56:19 |
| 637 || 47.01088081901 || 2012-07-17 09:24:42 |
| 638 || -25.630407024165 || 2012-11-24 22:29:18 |
| 639 || 59.2423985223635 || 2016-04-11 15:58:24 |
| 640 || 2.15460178556655 || 2019-08-07 12:21:23 |
| 641 || 3.48347690618206 || 2015-12-24 00:45:43 |
| 642 || 45.5271890591218 || 2013-02-12 00:57:23 |
| 643 || -24.1382965481163 || 2015-09-14 00:13:05 |
| 644 || 49.734057215827 || 2011-01-12 03:56:05 |
| 645 || 1.80983203565202 || 2013-01-03 15:27:44 |
| 646 || 3.62842952912084 || 2019-02-06 08:14:22 |
| 647 || -13.6409754408684 || 2015-02-13 22:47:57 |
| 648 || 87.1261992945339 || 2011-09-20 00:03:24 |
| 649 || -4.79945220727505 || 2011-03-08 18:47:50 |
| 650 || 14.5139909184926 || 2018-06-11 18:38:28 |
| 651 || 23.43 || 2020-01-08 19:59:11 |
| 652 || 11.251 || 2020-01-08 19:59:11 |
| 653 || 32.1 || 2020-01-08 19:59:11 |
| 654 || -5.334 || 2020-01-08 19:59:11 |
| 655 || 14.8372 || 2020-01-08 19:59:11 |
| 656 || 16.0509 || 2014-01-01 03:10:54 |
| 657 || 90.0 || 2014-03-10 23:30:42 |
| 658 || -0.316959188348112 || 2010-11-04 09:45:37 |
| 659 || -0.218496800032385 || 2018-10-23 16:30:09 |
| 660 || 1.19157729001005 || 2013-06-25 23:49:29 |
| 661 || 26.166967044023 || 2012-07-20 04:01:47 |
| 662 || -15.476928845528 || 2012-01-25 11:50:44 |
| 663 || 20.5189370100593 || 2017-08-11 04:38:34 |
| 664 || 2.52964466891914 || 2019-05-27 15:25:08 |
| 665 || -1.36835527004994 || 2015-05-17 03:45:07 |
| 666 || -15.4351336802768 || 2010-01-20 05:19:34 |
| 667 || 87.7159936565799 || 2013-12-18 09:37:01 |
| 668 || -20.3712143607806 || 2012-02-06 19:04:22 |
| 669 || 16.7236893264191 || 2014-10-25 17:41:35 |
| 670 || 1.59420207008034 || 2016-08-14 02:25:09 |
| 671 || 29.5573676600938 || 2018-06-09 11:47:36 |
| 672 || 61.8307470404488 || 2012-12-15 20:51:43 |
| 673 || -17.245823265103 || 2018-12-04 19:28:52 |
| 674 || 3.79270203807345 || 2015-12-23 10:43:35 |
| 675 || 0.169750612351423 || 2012-03-22 18:14:21 |
| 676 || -0.62739558208225 || 2019-10-09 10:08:12 |
| 677 || 16.1330920536718 || 2019-12-04 05:55:32 |
| 678 || 77.3040291648518 || 2018-10-08 04:19:43 |
| 679 || 5.90455098808919 || 2017-06-27 18:48:59 |
| 680 || -0.0386383782354075 || 2012-05-10 01:41:41 |
| 681 || -1.16830333126258 || 2019-02-27 14:43:13 |
| 682 || -15.2682147882149 || 2019-03-03 21:23:53 |
| 683 || -10.3885986671482 || 2015-03-23 11:32:22 |
| 684 || 9.59784525831707 || 2016-07-02 21:58:51 |
| 685 || 0.0435425008484208 || 2017-12-02 22:30:52 |
| 686 || -5.39295337308856 || 2018-02-03 21:48:13 |
| 687 || 64.9416431572776 || 2015-04-26 05:14:51 |
| 688 || 57.2387141463164 || 2017-04-11 03:02:18 |
| 689 || 37.3035809671725 || 2015-03-17 07:08:48 |
| 690 || 0.181966414248357 || 2012-04-23 11:53:56 |
| 691 || 23.0521122217172 || 2012-02-06 08:01:00 |
| 692 || -22.3147466920667 || 2017-06-03 09:38:43 |
| 693 || 34.687712116343 || 2017-08-01 14:31:15 |
| 694 || 41.3918790391814 || 2012-07-12 13:53:49 |
| 695 || 0.185591524652267 || 2011-08-21 00:39:36 |
| 696 || 9.74892150793906 || 2017-09-19 08:16:24 |
| 697 || 26.5077995640843 || 2013-05-24 17:25:37 |
| 698 || 37.2429336099855 || 2015-02-15 22:24:21 |
| 699 || 38.7825602636998 || 2019-12-24 21:53:55 |
| 700 || 0.990939806269325 || 2019-03-19 01:34:35 |
| 701 || 14.3111959632167 || 2017-11-09 07:19:28 |
| 702 || 48.0918502360998 || 2017-06-03 22:30:14 |
| 703 || -27.169551085622 || 2014-05-27 21:48:09 |
| 704 || -6.39959586969684 || 2018-02-02 17:19:46 |
| 705 || 5.01611299139169 || 2019-09-23 22:36:58 |
| 706 || 1.98428301082353 || 2013-01-11 07:57:13 |
| 707 || 60.9007183843774 || 2019-10-20 12:02:56 |
| 708 || -29.0443362509436 || 2012-10-17 12:17:58 |
| 709 || 26.0908156521589 || 2018-08-16 22:16:36 |
| 710 || 1.38407848603867 || 2014-12-24 17:30:30 |
| 711 || 3.05046773093933 || 2016-07-20 05:34:46 |
| 712 || 49.8413920428364 || 2015-08-14 14:58:44 |
| 713 || -10.4059102949475 || 2016-07-03 07:59:32 |
| 714 || -0.655264517284994 || 2010-11-26 14:47:11 |
| 715 || 9.82355312639196 || 2014-12-04 18:34:50 |
| 716 || -0.742032063367093 || 2011-06-17 06:01:45 |
| 717 || -3.11123212706787 || 2011-10-16 15:37:34 |
| 718 || 62.0989533847905 || 2015-03-21 14:24:18 |
| 719 || 11.2760840632983 || 2015-10-06 23:32:47 |
| 720 || 3.25134077185203 || 2011-04-05 14:10:13 |
| 721 || -0.0241114817820837 || 2019-06-13 03:32:57 |
| 722 || 44.7926804070645 || 2014-06-19 03:01:07 |
| 723 || -7.99634374777741 || 2015-10-25 15:45:30 |
| 724 || 69.0990101570392 || 2014-02-21 03:56:32 |
| 725 || 13.7219471620768 || 2015-07-27 17:11:04 |
| 726 || 0.814350017348837 || 2012-07-07 19:11:09 |
| 727 || 16.0050594919847 || 2011-08-03 10:11:14 |
| 728 || -3.37345289075611 || 2010-11-01 12:25:56 |
| 729 || -20.3046680399143 || 2012-04-19 03:54:32 |
| 730 || 25.6549123566149 || 2011-09-22 18:14:14 |
| 731 || 0.160822627579817 || 2017-05-09 15:31:18 |
| 732 || -10.4963072637346 || 2010-06-23 10:19:12 |
| 733 || -22.6225741313196 || 2013-05-04 19:48:33 |
| 734 || 73.8644341981264 || 2019-03-02 16:01:19 |
| 735 || -10.3930764684203 || 2014-04-16 11:57:22 |
| 736 || 0.00965368033820684 || 2018-04-21 08:26:34 |
| 737 || 5.34476124938482 || 2018-01-02 12:29:26 |
| 738 || 47.0509123251903 || 2013-09-02 11:23:00 |
| 739 || 72.4502615515327 || 2015-09-02 01:10:39 |
| 740 || 33.3539829617035 || 2010-02-16 05:40:24 |
| 741 || 0.486203707101605 || 2017-08-22 19:41:14 |
| 742 || 21.193270463897 || 2013-07-23 19:49:12 |
| 743 || -12.4586458851953 || 2019-05-10 19:34:16 |
| 744 || -13.7908241443007 || 2010-01-09 21:12:57 |
| 745 || -0.467437901353048 || 2010-10-06 18:29:25 |
| 746 || 0.555153156392366 || 2014-01-09 18:58:17 |
| 747 || 23.43 || 2020-01-08 19:59:46 |
| 748 || 11.251 || 2020-01-08 19:59:46 |
| 749 || 32.1 || 2020-01-08 19:59:46 |
| 750 || -5.334 || 2020-01-08 19:59:46 |
| 751 || 14.8372 || 2020-01-08 19:59:46 |
| 752 || 16.0509 || 2014-01-01 03:10:54 |
| 753 || 23.43 || 2020-01-08 20:03:02 |
| 754 || 11.251 || 2020-01-08 20:03:02 |
| 755 || 32.1 || 2020-01-08 20:03:02 |
| 756 || -5.334 || 2020-01-08 20:03:02 |
| 757 || 14.8372 || 2020-01-08 20:03:02 |
| 758 || 16.0509 || 2014-01-01 03:10:54 |
| 759 || 23.43 || 2020-01-08 20:03:19 |
| 760 || 11.251 || 2020-01-08 20:03:20 |
| 761 || 32.1 || 2020-01-08 20:03:21 |
| 762 || -5.334 || 2020-01-08 20:03:26 |
| 763 || 14.8372 || 2020-01-08 20:03:28 |
| 764 || 16.0509 || 2014-01-01 03:10:54 |
| 765 || 90.0 || 2019-04-20 04:59:51 |
| 766 || 15.6373453087447 || 2015-01-26 10:21:37 |
| 767 || -2.91182716369764 || 2019-01-10 22:40:11 |
| 768 || 4.39991955649496 || 2017-07-04 20:26:00 |
| 769 || 49.1728851787981 || 2014-04-06 10:24:00 |
| 770 || 87.3668334696606 || 2018-11-03 23:59:12 |
| 771 || 40.6167452200247 || 2014-05-12 17:33:07 |
| 772 || 13.39940208569 || 2017-06-10 16:33:48 |
| 773 || 4.13493802031304 || 2013-04-25 07:37:59 |
| 774 || 26.2900655102218 || 2010-10-05 21:06:53 |
| 775 || 10.6351208279272 || 2015-06-15 21:29:37 |
| 776 || -23.0301844182713 || 2016-04-09 15:08:26 |
| 777 || 11.8174676991127 || 2018-09-10 10:13:35 |
| 778 || 0.0104702388946067 || 2010-11-17 10:54:38 |
| 779 || -12.194965798633 || 2015-11-25 02:26:32 |
| 780 || 18.7342289835262 || 2011-01-06 09:05:57 |
| 781 || 51.2024916120525 || 2012-12-18 02:56:26 |
| 782 || 15.177164748886 || 2017-01-15 02:13:23 |
| 783 || -0.221249446365389 || 2014-10-23 14:34:56 |
| 784 || 37.5964714350288 || 2013-11-16 04:47:50 |
| 785 || 84.2335587315585 || 2017-01-03 04:03:46 |
| 786 || 74.7230041844185 || 2013-09-08 20:04:48 |
| 787 || 23.5335538389113 || 2014-06-12 16:23:36 |
| 788 || 0.0508494014384787 || 2018-01-17 03:38:14 |
| 789 || 3.63831578121836 || 2017-03-24 05:32:54 |
| 790 || 57.5444528569171 || 2017-10-03 15:46:25 |
| 791 || 18.6562651397082 || 2018-04-07 06:05:24 |
| 792 || 30.8141277732724 || 2014-12-18 01:33:32 |
| 793 || 0.0152137612494387 || 2012-06-18 09:27:15 |
| 794 || 2.43910225857674 || 2019-08-24 05:25:51 |
| 795 || 4.26317868407543 || 2010-12-10 11:01:44 |
| 796 || 59.729891192658 || 2015-04-11 17:53:19 |
| 797 || 13.0818154470487 || 2016-12-15 17:49:25 |
| 798 || 0.0266867827323923 || 2019-01-16 15:36:33 |
| 799 || 16.9182814416574 || 2013-05-27 01:18:12 |
| 800 || 32.3252706834626 || 2013-05-18 18:16:34 |
| 801 || 84.8438876678899 || 2014-07-08 05:30:10 |
| 802 || -8.18619777470821 || 2017-05-13 18:21:30 |
| 803 || -0.182153256043215 || 2016-05-07 15:43:05 |
| 804 || -5.37091916335257 || 2013-03-15 22:16:03 |
| 805 || -8.644952003848 || 2014-04-05 12:59:57 |
| 806 || 5.89890111676522 || 2017-09-05 21:24:02 |
| 807 || 32.0909473671102 || 2014-05-21 22:04:59 |
| 808 || 1.3354452261514 || 2013-11-04 06:07:59 |
| 809 || -1.68233015436966 || 2012-03-26 03:44:46 |
| 810 || -15.3971286870684 || 2013-11-10 02:59:17 |
| 811 || -16.2152025138472 || 2015-04-27 10:27:11 |
| 812 || 41.8423752918571 || 2015-04-20 08:08:19 |
| 813 || -1.69206290713064 || 2018-10-11 13:59:12 |
| 814 || 5.38845561504592 || 2012-12-16 22:32:11 |
| 815 || 8.50630976941995 || 2013-03-17 23:44:02 |
| 816 || 28.3524469206683 || 2011-11-20 00:58:12 |
| 817 || 58.3337943706199 || 2018-06-16 19:40:05 |
| 818 || -2.69509337659177 || 2019-12-05 10:06:35 |
| 819 || 7.06159933459328 || 2017-02-18 10:40:31 |
| 820 || -3.48491689199875 || 2019-05-18 23:45:09 |
| 821 || -27.8809384667121 || 2019-07-05 11:12:33 |
| 822 || -9.23179281542065 || 2012-01-17 20:08:32 |
| 823 || -1.02083126432026 || 2014-12-11 10:04:50 |
| 824 || 0.489083682987674 || 2010-02-12 04:26:32 |
| 825 || -12.2648739654367 || 2018-04-27 19:23:29 |
| 826 || 30.3516048300777 || 2017-05-26 21:30:07 |
| 827 || -22.6815282453869 || 2016-01-08 05:50:05 |
| 828 || 8.92613898951578 || 2013-10-21 19:40:12 |
| 829 || 1.84617759873669 || 2018-04-22 13:29:39 |
| 830 || -8.82142610692004 || 2015-10-27 03:49:04 |
| 831 || 16.8645458917919 || 2011-11-23 13:44:25 |
| 832 || 18.1911267222272 || 2019-12-12 04:13:51 |
| 833 || 1.05886599947078 || 2010-04-24 12:42:59 |
| 834 || 0.714103756936568 || 2016-05-22 00:47:40 |
| 835 || 2.36531735470443 || 2018-06-23 01:12:00 |
| 836 || 67.2442524390736 || 2019-03-24 00:50:11 |
| 837 || 74.9153023725462 || 2019-10-26 03:38:05 |
| 838 || 25.8899815726057 || 2017-09-17 03:54:00 |
| 839 || 0.200888533310255 || 2010-04-12 06:33:09 |
| 840 || 31.1329804078565 || 2010-03-15 15:31:36 |
| 841 || -7.14610692166575 || 2010-05-05 04:06:30 |
| 842 || -9.33554649463415 || 2011-11-11 16:06:49 |
| 843 || 11.461793514056 || 2014-06-03 09:28:46 |
| 844 || -0.00351917514024829 || 2019-05-10 15:00:36 |
| 845 || -4.41769070270515 || 2018-07-19 03:18:09 |
| 846 || -26.0015427355476 || 2018-09-27 18:19:08 |
| 847 || 80.0333931431267 || 2011-08-22 08:23:14 |
| 848 || 3.70631210402259 || 2012-12-26 16:35:16 |
| 849 || 0.48610253035642 || 2015-08-06 00:51:14 |
| 850 || 5.87559183809573 || 2018-09-12 00:54:45 |
| 851 || 36.3509951405101 || 2013-07-05 11:09:15 |
| 852 || 1.17882219513538 || 2012-06-24 22:54:23 |
| 853 || 41.2648299267326 || 2019-05-09 08:45:53 |
| 854 || 1.10879424684858 || 2018-11-13 16:47:47 |
| 855 || 13.6263108949495 || 2018-06-16 05:34:29 |
| 856 || -12.1673919512597 || 2013-11-08 04:42:01 |
| 857 || 39.0249094775081 || 2018-09-04 06:58:08 |
| 858 || 37.8066971176596 || 2018-01-21 08:36:42 |
| 859 || -0.323526923591566 || 2012-06-02 00:45:36 |
| 860 || 14.3558000918724 || 2015-05-12 13:49:17 |
| 861 || 56.5094706959729 || 2013-04-04 22:40:29 |
| 862 || -29.7871605812781 || 2012-05-25 18:19:33 |
| 863 || 46.4024720080162 || 2018-07-06 15:35:53 |
| 864 || 5.34195414354468 || 2014-01-12 18:13:22 |
| 865 || 1.91444819200416 || 2015-08-11 14:49:29 |
| 866 || -19.6774307317687 || 2016-09-07 11:09:38 |
| 867 || 22.6820059724668 || 2019-08-26 13:49:44 |
| 868 || 31.0628331127981 || 2012-03-19 00:30:17 |
| 869 || -2.04059699703362 || 2010-08-12 01:21:27 |
| 870 || -2.16556484211375 || 2016-07-15 20:44:13 |
| 871 || 27.6243619612745 || 2011-01-03 18:39:45 |
| 872 || 87.9112792212459 || 2013-10-09 17:14:27 |
| 873 || 21.1335914400183 || 2019-11-27 05:48:26 |
| 874 || -0.479168837960219 || 2013-05-13 00:51:31 |
| 875 || -1.68337674927539 || 2016-01-20 20:51:32 |
| 876 || -6.10244647996401 || 2015-02-07 22:40:02 |
| 877 || 70.5250903997127 || 2010-09-05 04:44:23 |
| 878 || -7.26960585683329 || 2011-03-09 18:23:08 |
| 879 || -1.68143547680456 || 2010-09-06 10:42:21 |
| 880 || 2.61396281527743 || 2012-11-13 21:55:06 |
| 881 || 45.6286845936167 || 2018-06-27 00:21:51 |
| 882 || -26.7761906812134 || 2015-07-09 23:01:58 |
| 883 || -14.5627408220428 || 2014-08-16 06:43:06 |
| 884 || 19.0952077173946 || 2019-01-17 08:41:23 |
| 885 || 0.79557580832962 || 2013-03-13 01:02:08 |
| 886 || 34.6623361688662 || 2014-12-17 10:17:23 |
| 887 || -13.3898977398713 || 2012-07-08 07:30:11 |
| 888 || -10.5159253732749 || 2018-04-07 17:25:29 |
| 889 || 0.814154052227519 || 2014-08-12 10:35:34 |
| 890 || 0.14979618560954 || 2018-11-25 08:48:05 |
| 891 || -9.95949226895094 || 2013-05-16 12:03:32 |
| 892 || 37.2577053520216 || 2010-09-01 17:05:42 |
| 893 || 59.6138120969751 || 2018-10-19 07:47:21 |
| 894 || 13.7951288330451 || 2011-04-09 20:51:53 |
| 895 || 0.00022175060790722 || 2019-10-10 00:49:41 |
| 896 || 25.5008391023247 || 2014-09-16 09:59:32 |
| 897 || -26.6632157664409 || 2016-09-04 18:56:57 |
| 898 || 83.3056192937936 || 2011-05-08 03:05:57 |
| 899 || -10.1413810621585 || 2011-01-24 06:51:28 |
| 900 || 0.34445001642168 || 2011-08-25 14:14:35 |
| 901 || 5.42494115510219 || 2016-06-07 01:31:06 |
| 902 || 60.8546571655905 || 2018-06-18 10:40:18 |
| 903 || 42.9311405715307 || 2018-01-02 08:03:21 |
| 904 || 19.2342415111298 || 2013-02-15 21:32:12 |
| 905 || 0.66136412003895 || 2015-11-09 20:36:14 |
| 906 || 6.09428032754288 || 2017-09-21 09:02:42 |
| 907 || 70.2505321696398 || 2013-05-14 22:07:09 |
| 908 || 62.6935286429199 || 2017-03-09 21:22:21 |
| 909 || 44.8589781329579 || 2010-09-11 21:37:52 |
| 910 || 1.63478274056955 || 2010-08-25 17:22:28 |
| 911 || 3.36171303372004 || 2017-10-02 00:15:54 |
| 912 || 53.0078834451571 || 2016-04-08 19:05:12 |
| 913 || 87.6892675601383 || 2013-02-01 14:36:34 |
| 914 || -2.78078964692835 || 2019-10-27 22:26:48 |
| 915 || 4.76976130313048 || 2015-04-15 07:48:36 |
| 916 || 4.49397501124615 || 2013-04-22 17:49:46 |
| 917 || 43.6052416643718 || 2016-07-19 11:40:31 |
| 918 || 66.658627752212 || 2010-11-21 15:02:43 |
| 919 || 50.6941836289212 || 2016-07-12 14:24:09 |
| 920 || 1.4924603853755 || 2016-04-06 21:34:38 |
| 921 || -2.68481865339815 || 2012-03-11 02:58:35 |
| 922 || 18.209287101769 || 2018-02-14 03:43:22 |
| 923 || 29.485003571017 || 2013-10-20 07:28:34 |
| 924 || -16.599451947035 || 2011-03-03 21:06:20 |
| 925 || 9.35612532617278 || 2016-08-25 22:39:52 |
| 926 || -1.33298622563027 || 2011-06-13 03:18:17 |
| 927 || -3.35139273403529 || 2016-03-11 04:21:52 |
| 928 || 20.4900757115245 || 2015-03-27 13:33:54 |
| 929 || -14.7990512893634 || 2011-11-18 17:09:27 |
| 930 || 0.532657537957368 || 2019-07-24 15:15:49 |
| 931 || 0.297241878685868 || 2010-05-14 13:26:06 |
| 932 || -14.2797479500735 || 2017-12-23 04:22:26 |
| 933 || 35.2307302172295 || 2017-05-01 21:53:06 |
| 934 || -23.661255510357 || 2016-12-18 19:38:49 |
| 935 || 19.5953249326539 || 2018-10-21 08:56:19 |
| 936 || -0.292443244664749 || 2013-09-22 12:15:47 |
| 937 || 40.3678017572342 || 2011-02-25 17:51:33 |
| 938 || 78.3011823242964 || 2015-01-23 03:09:21 |
| 939 || 58.2518900403464 || 2018-12-26 19:39:49 |
| 940 || -8.08806900339725 || 2015-12-25 03:40:44 |
| 941 || 0.149277182139983 || 2010-08-27 02:21:26 |
| 942 || 8.04836657928345 || 2019-07-23 22:51:27 |
| 943 || -27.5480106452299 || 2018-05-06 13:43:54 |
| 944 || 51.8187004893632 || 2010-06-15 15:31:44 |
| 945 || 24.5727275450914 || 2015-12-05 14:31:35 |
| 946 || -0.00157691302163715 || 2017-08-02 12:35:08 |
| 947 || 4.35031779268592 || 2017-05-04 16:27:26 |
| 948 || -1.37327329721621 || 2015-10-06 21:29:34 |
| 949 || 42.308770988647 || 2013-08-12 21:26:07 |
| 950 || 23.43 || 2020-01-08 20:06:47 |
| 951 || 11.251 || 2020-01-08 20:06:47 |
| 952 || 32.1 || 2020-01-08 20:06:47 |
| 953 || -5.334 || 2020-01-08 20:06:47 |
| 954 || 14.8372 || 2020-01-08 20:06:47 |
| 955 || 16.0509 || 2014-01-01 03:10:54 |
| 956 || 90.0 || 2018-08-18 12:02:14 |
| 957 || 23.9868417013172 || 2013-07-05 08:54:54 |
| 958 || 9.32681603354226 || 2010-08-15 21:26:26 |
| 959 || 3.55372801391716 || 2014-12-10 07:30:14 |
| 960 || -7.43504591236813 || 2017-01-21 12:00:35 |
| 961 || 13.2058066071031 || 2016-03-01 01:35:05 |
| 962 || -15.2694277393449 || 2018-01-11 06:09:11 |
| 963 || -3.41577348903195 || 2013-02-26 18:39:19 |
| 964 || 3.09186358378693 || 2014-03-11 21:26:39 |
| 965 || 47.8853697441261 || 2014-02-12 03:20:14 |
| 966 || 60.9190837099516 || 2012-12-24 22:45:59 |
| 967 || 57.679143554694 || 2018-04-17 16:41:48 |
| 968 || -3.73104291295376 || 2019-09-12 13:42:37 |
| 969 || 1.8022818600868 || 2019-08-08 16:29:21 |
| 970 || -0.953698119999239 || 2015-12-01 00:21:59 |
| 971 || 25.7831062038519 || 2013-04-09 14:02:05 |
| 972 || 3.26623487174478 || 2016-11-27 13:39:46 |
| 973 || 22.1776480282783 || 2018-12-06 18:50:42 |
| 974 || 0.403275211742039 || 2015-12-26 17:02:06 |
| 975 || 38.15283194867 || 2018-03-18 17:56:07 |
| 976 || 54.6896879227964 || 2019-03-23 03:40:29 |
| 977 || -23.4823631480166 || 2011-10-08 04:03:25 |
| 978 || 13.7198770120832 || 2013-04-24 10:53:14 |
| 979 || -0.00639479260117446 || 2010-08-11 01:08:05 |
| 980 || 1.45503454313521 || 2011-02-10 01:40:17 |
| 981 || -27.3252477285059 || 2011-09-07 20:01:36 |
| 982 || -5.64641555659795 || 2016-02-22 23:44:10 |
| 983 || -10.5732548651235 || 2011-07-09 16:17:55 |
| 984 || 0.0164030427355422 || 2019-11-11 03:52:06 |
| 985 || 10.3993747797128 || 2013-12-22 10:14:21 |
| 986 || -8.48190549292504 || 2017-05-01 03:30:29 |
| 987 || -13.4165439732995 || 2018-03-22 02:33:08 |
| 988 || -11.4113187469293 || 2010-04-09 21:11:44 |
| 989 || 0.00580255637977509 || 2017-12-17 19:30:35 |
| 990 || 4.89703986756259 || 2017-02-25 07:09:22 |
| 991 || 23.0868498282588 || 2010-10-14 10:22:27 |
| 992 || 83.8927950747169 || 2016-06-09 00:54:11 |
| 993 || 28.2940666815418 || 2018-08-08 04:41:37 |
| 994 || 0.750031641962892 || 2011-02-07 03:55:51 |
| 995 || 17.3356297762086 || 2014-01-10 14:26:45 |
| 996 || 14.4340446469366 || 2014-10-04 00:30:39 |
| 997 || 49.3690817580674 || 2019-01-14 14:04:06 |
| 998 || 32.459011962969 || 2013-12-25 16:33:42 |
| 999 || -0.377018902315613 || 2015-12-02 19:11:00 |
| 1000 || 14.2443674526844 || 2015-10-24 18:32:28 |
| 1001 || 23.43 || 2020-01-08 20:07:09 |
| 1002 || 11.251 || 2020-01-08 20:07:09 |
| 1003 || 32.1 || 2020-01-08 20:07:09 |
| 1004 || -5.334 || 2020-01-08 20:07:09 |
| 1005 || 14.8372 || 2020-01-08 20:07:09 |
| 1006 || 16.0509 || 2014-01-01 03:10:54 |
| 1007 || 23.43 || 2020-01-08 20:07:28 |
| 1008 || 11.251 || 2020-01-08 20:07:28 |
| 1009 || 32.1 || 2020-01-08 20:07:28 |
| 1010 || -5.334 || 2020-01-08 20:07:28 |
| 1011 || 14.8372 || 2020-01-08 20:07:28 |
| 1012 || 16.0509 || 2014-01-01 03:10:54 |
| 1013 || 23.43 || 2020-01-08 20:07:56 |
| 1014 || 11.251 || 2020-01-08 20:07:56 |
| 1015 || 32.1 || 2020-01-08 20:07:56 |
| 1016 || -5.334 || 2020-01-08 20:07:56 |
| 1017 || 14.8372 || 2020-01-08 20:07:56 |
| 1018 || 16.0509 || 2014-01-01 03:10:54 |
| 1019 || 23.43 || 2020-01-08 20:12:25 |
| 1020 || 11.251 || 2020-01-08 20:12:25 |
| 1021 || 32.1 || 2020-01-08 20:12:25 |
| 1022 || -5.334 || 2020-01-08 20:12:25 |
| 1023 || 14.8372 || 2020-01-08 20:12:25 |
| 1024 || 16.0509 || 2014-01-01 03:10:54 |
| 1025 || 2.02092203591079 || 2014-01-14 06:22:00 |
| 1026 || -17.228168721755 || 2010-02-11 15:44:11 |
| 1027 || 42.9163694484145 || 2019-08-23 16:35:02 |
| 1028 || -11.22655895302 || 2017-08-24 23:39:24 |
| 1029 || -0.289972416388217 || 2011-04-05 04:47:28 |
| 1030 || -6.36639662231136 || 2010-06-24 06:30:29 |
| 1031 || -18.511250310381 || 2014-11-05 13:55:51 |
| 1032 || 62.0510569539195 || 2015-04-19 12:37:59 |
| 1033 || -8.85343184185411 || 2015-01-11 01:29:20 |
| 1034 || 0.627437898185958 || 2016-04-15 08:08:18 |
| 1035 || 15.3950548806376 || 2011-06-20 22:40:30 |
| 1036 || 33.7138114898295 || 2010-04-06 20:11:52 |
| 1037 || -9.99786040079983 || 2017-07-16 23:42:06 |
| 1038 || 5.69036440441989 || 2011-08-21 19:44:05 |
| 1039 || -0.701234411424234 || 2012-10-21 23:54:32 |
| 1040 || -4.2330174690939 || 2015-07-15 18:45:17 |
| 1041 || 34.441773040967 || 2019-03-14 12:10:01 |
| 1042 || -20.0938888395197 || 2010-09-27 16:38:23 |
| 1043 || 4.16432097848455 || 2018-08-26 01:39:44 |
| 1044 || 5.82495097248099 || 2010-11-25 20:22:41 |
| 1045 || 4.1381462754544 || 2019-08-15 05:49:51 |
| 1046 || -19.4349406975098 || 2015-08-22 18:47:04 |
| 1047 || 81.7370114220687 || 2013-08-21 22:11:43 |
| 1048 || 29.2738943858396 || 2010-03-22 18:07:41 |
| 1049 || 0.262708141619587 || 2019-09-09 03:23:25 |
| 1050 || 5.28309580617163 || 2012-03-10 03:59:29 |
| 1051 || 27.72085589998 || 2018-06-13 17:36:05 |
| 1052 || -22.8146233337555 || 2011-09-24 10:13:41 |
| 1053 || 24.699825253034 || 2013-04-13 15:11:46 |
| 1054 || -1.03074210019718 || 2016-06-09 09:17:21 |
| 1055 || -1.06395236538226 || 2018-04-01 07:16:44 |
| 1056 || -5.25333915612999 || 2012-07-06 13:48:41 |
| 1057 || -13.1138770553128 || 2010-02-05 07:04:17 |
| 1058 || 33.6267991837035 || 2017-02-10 22:43:24 |
| 1059 || 7.62831003160073 || 2012-10-05 13:49:05 |
| 1060 || 1.26008569713372 || 2014-06-21 10:43:24 |
| 1061 || -3.18756069382217 || 2016-03-07 01:06:17 |
| 1062 || 74.362352223817 || 2011-11-01 18:01:11 |
| 1063 || 4.28136708766826 || 2016-08-03 02:10:28 |
| 1064 || 22.8239410805543 || 2018-10-01 07:41:19 |
| 1065 || -0.139302455599559 || 2017-11-25 16:56:36 |
| 1066 || 19.1206718513357 || 2012-08-11 11:32:59 |
| 1067 || 82.2320818777803 || 2014-08-01 17:44:46 |
| 1068 || 76.0290424536257 || 2017-09-11 23:19:59 |
| 1069 || 8.79175355683061 || 2011-01-11 01:26:58 |
| 1070 || 0.0446918170106771 || 2019-05-06 11:48:36 |
| 1071 || -0.240526432803077 || 2018-07-05 05:06:52 |
| 1072 || -26.9603018313656 || 2010-05-18 16:17:58 |
| 1073 || 80.4003478827011 || 2010-06-09 06:39:11 |
| 1074 || 20.6746135514207 || 2016-10-05 10:30:31 |
| 1075 || -0.0365022507895503 || 2013-08-19 13:52:11 |
| 1076 || -8.85788734981464 || 2018-04-19 21:58:47 |
| 1077 || -24.738941955778 || 2010-09-22 13:58:20 |
| 1078 || 18.7206290430831 || 2012-09-17 03:30:17 |
| 1079 || 0.561131189035724 || 2011-05-24 21:27:08 |
| 1080 || 0.866606321397228 || 2010-07-21 12:26:15 |
| 1081 || 14.0005060979201 || 2011-06-19 21:45:34 |
| 1082 || -19.7595590048452 || 2013-03-24 06:34:05 |
| 1083 || -11.7151822671533 || 2016-11-11 08:31:08 |
| 1084 || 6.50960531148893 || 2019-12-18 22:49:26 |
| 1085 || 2.25126727280242 || 2012-08-01 12:53:20 |
| 1086 || 14.7401599371259 || 2015-03-07 17:02:38 |
| 1087 || -7.83359965734288 || 2019-09-02 05:27:23 |
| 1088 || 79.8951779833466 || 2010-10-11 04:20:21 |
| 1089 || -1.65563583069429 || 2016-02-08 12:27:29 |
| 1090 || -1.20218465155141 || 2018-08-03 04:53:59 |
| 1091 || 6.4588923805797 || 2019-04-22 05:28:03 |
| 1092 || 0.259638862955949 || 2012-11-06 08:11:13 |
| 1093 || 40.090343759451 || 2018-10-25 10:19:04 |
| 1094 || 48.4683806188711 || 2014-01-11 05:50:15 |
| 1095 || -1.47067053196324 || 2019-11-06 05:49:22 |
| 1096 || 7.94921184312288 || 2016-03-13 23:04:46 |
| 1097 || 32.2687279146205 || 2016-04-03 06:40:03 |
| 1098 || 82.9403772677854 || 2015-11-25 22:49:25 |
| 1099 || 32.053303364634 || 2010-06-27 13:32:39 |
| 1100 || 0.329485678703456 || 2015-12-02 10:26:57 |
| 1101 || -1.7683217103313 || 2014-05-24 09:03:54 |
| 1102 || 54.2809329845459 || 2014-01-11 01:16:04 |
| 1103 || 20.3416743365953 || 2018-09-05 23:46:37 |
| 1104 || 36.3826589524819 || 2014-12-08 17:57:44 |
| 1105 || -3.24668634876265 || 2010-06-25 12:38:41 |
| 1106 || 1.24570086851909 || 2018-06-26 08:33:38 |
| 1107 || -14.3026582642306 || 2014-01-02 04:18:58 |
| 1108 || 72.8337906534171 || 2015-12-19 09:09:39 |
| 1109 || 60.7980024520866 || 2016-01-24 18:21:03 |
| 1110 || -2.66475497927889 || 2019-12-27 02:50:04 |
| 1111 || 0.139213455162463 || 2019-07-22 16:51:02 |
| 1112 || -10.8576736720117 || 2012-07-25 20:51:57 |
| 1113 || -13.7822856351464 || 2016-11-03 19:51:38 |
| 1114 || -19.7776212617345 || 2011-04-19 14:47:37 |
| 1115 || 10.394859868254 || 2013-05-03 20:04:24 |
| 1116 || 0.792506533240383 || 2017-05-07 19:01:26 |
| 1117 || -1.32242146957175 || 2017-11-22 04:30:50 |
| 1118 || 31.0468110987199 || 2014-08-09 05:02:11 |
| 1119 || 0.801992472586996 || 2010-09-15 17:21:50 |
| 1120 || -4.20202090162708 || 2015-04-21 21:47:14 |
| 1121 || -0.0229593101457492 || 2015-04-13 16:58:36 |
| 1122 || 24.7811001320608 || 2011-11-19 11:55:21 |
| 1123 || 0.44251503750425 || 2017-06-17 00:56:06 |
| 1124 || 20.1149469020096 || 2013-01-27 04:33:14 |
| 1125 || -7.21140922260685 || 2012-08-20 18:09:12 |
| 1126 || 0.0211277323198513 || 2010-04-11 04:44:49 |
| 1127 || 19.6996372571968 || 2014-06-13 04:42:55 |
| 1128 || -24.6881755906054 || 2018-02-12 15:18:27 |
| 1129 || -25.6666489588234 || 2019-05-23 18:36:29 |
| 1130 || 25.0494606599059 || 2012-11-26 06:55:05 |
| 1131 || 0.474498974301696 || 2011-05-12 03:13:06 |
| 1132 || 16.8392730154753 || 2019-04-06 08:23:30 |
| 1133 || 69.5138394222155 || 2016-12-02 02:28:05 |
| 1134 || 6.60063439383623 || 2014-12-21 13:08:57 |
| 1135 || 35.3317051019914 || 2011-03-18 20:30:55 |
| 1136 || 0.538268855992666 || 2019-01-15 18:00:19 |
| 1137 || 18.0916842172036 || 2011-02-18 17:47:14 |
| 1138 || -14.0687978661185 || 2014-09-27 04:45:07 |
| 1139 || -21.0752413022698 || 2013-01-14 11:14:13 |
| 1140 || 5.36671257379669 || 2014-07-01 20:40:34 |
| 1141 || -1.27751775305546 || 2015-08-08 17:17:05 |
| 1142 || -3.56679270602243 || 2015-06-27 23:38:19 |
| 1143 || -21.5325156995367 || 2016-10-07 08:30:20 |
| 1144 || -24.4636928491614 || 2019-10-07 17:56:52 |
| 1145 || -17.9306083194814 || 2016-12-09 20:58:24 |
| 1146 || 2.77861381141609 || 2015-01-03 01:05:19 |
| 1147 || 10.0771507242875 || 2012-10-04 12:43:58 |
| 1148 || -12.9478129547689 || 2016-05-23 13:00:01 |
| 1149 || 38.5062877531087 || 2016-12-12 19:06:32 |
| 1150 || 51.9243631683949 || 2014-01-20 03:15:16 |
| 1151 || -2.17588295175665 || 2010-10-15 09:26:43 |
| 1152 || -1.30782920834955 || 2019-11-02 02:16:38 |
| 1153 || -10.0967199891909 || 2016-11-17 23:04:42 |
| 1154 || 85.593544288083 || 2019-11-11 01:53:42 |
| 1155 || -15.0139508944492 || 2017-09-01 04:03:24 |
| 1156 || 3.46826260054555 || 2014-12-06 12:49:41 |
| 1157 || -0.679883032294425 || 2012-06-25 10:28:27 |
| 1158 || -15.476942927298 || 2014-02-26 18:47:24 |
| 1159 || 87.2208640767606 || 2019-03-06 10:24:15 |
| 1160 || 37.3993464325315 || 2017-07-25 19:25:38 |
| 1161 || 16.8438767180801 || 2010-05-24 03:34:24 |
| 1162 || -0.810940494248704 || 2011-02-06 13:11:44 |
| 1163 || 12.1507962441511 || 2011-09-08 07:11:02 |
| 1164 || 5.95506057095898 || 2016-04-25 12:46:43 |
| 1165 || 69.0499192964122 || 2016-08-02 15:23:00 |
| 1166 || 21.3908236476423 || 2019-10-23 15:53:48 |
| 1167 || 0.974058417983249 || 2019-07-11 14:10:09 |
| 1168 || 18.926659294012 || 2012-11-20 17:34:12 |
| 1169 || -23.3178604754573 || 2015-05-15 12:03:25 |
| 1170 || 71.6307574772614 || 2012-10-18 20:49:08 |
| 1171 || 16.4663004494029 || 2010-02-27 02:00:29 |
| 1172 || 0.185581878290521 || 2019-03-09 19:16:38 |
| 1173 || 8.64324567254722 || 2015-04-06 20:39:56 |
| 1174 || -25.8122653469761 || 2015-05-18 04:05:14 |
| 1175 || -21.9630032413924 || 2011-01-09 05:38:37 |
| 1176 || 15.037358222704 || 2011-11-05 10:45:46 |
| 1177 || -0.00411301938524325 || 2013-03-25 22:12:12 |
| 1178 || -0.528648503166824 || 2017-04-10 01:37:19 |
| 1179 || 57.4008787191427 || 2014-12-02 05:18:31 |
| 1180 || -23.4101545849531 || 2017-08-13 23:46:28 |
| 1181 || 14.0867383584334 || 2014-04-23 09:44:18 |
| 1182 || -0.0281822281936876 || 2016-02-04 14:09:14 |
| 1183 || 23.7025205671983 || 2017-03-19 07:17:26 |
| 1184 || 17.2455164663336 || 2017-10-14 12:17:54 |
| 1185 || 85.5680532810521 || 2019-03-07 23:11:58 |
| 1186 || 41.8874511398892 || 2011-02-14 06:41:54 |
| 1187 || -0.433259792033977 || 2016-03-14 02:27:07 |
| 1188 || 7.89042266005326 || 2018-03-23 11:39:49 |
| 1189 || 70.9209734236972 || 2018-09-26 15:09:32 |
| 1190 || 58.1249632977652 || 2018-02-14 03:15:34 |
| 1191 || -15.783265910495 || 2019-04-20 18:36:14 |
| 1192 || 3.08098558542298 || 2018-11-27 06:21:16 |
| 1193 || 5.94393141456886 || 2014-09-23 01:06:08 |
| 1194 || 12.6808514988724 || 2019-12-15 09:03:39 |
| 1195 || -8.27086308641347 || 2016-06-17 09:10:10 |
| 1196 || 6.43046247605897 || 2018-01-16 17:41:03 |
| 1197 || 2.59812124617844 || 2012-12-06 06:15:29 |
| 1198 || 2.39988067016262 || 2019-02-03 20:50:52 |
| 1199 || 61.6406633906892 || 2015-04-22 18:19:21 |
| 1200 || 28.0486451081943 || 2012-11-07 04:04:22 |
| 1201 || -19.3156135663881 || 2018-08-18 10:31:16 |
| 1202 || 8.33042302046713 || 2014-10-17 21:55:37 |
| 1203 || 6.58144534508792 || 2013-12-18 22:52:28 |
| 1204 || 56.2865864305774 || 2012-07-22 10:44:52 |
| 1205 || 29.4643063374261 || 2011-09-01 09:42:21 |
| 1206 || 62.7304199714883 || 2013-06-18 07:47:02 |
| 1207 || 10.0946738417985 || 2019-10-08 08:39:52 |
| 1208 || 4.15841376668887 || 2012-01-23 13:26:54 |
| 1209 || 51.1558360745258 || 2013-12-27 03:10:13 |
| 1210 || 34.2431458890123 || 2018-03-22 06:04:45 |
| 1211 || -1.19468633691622 || 2015-11-12 19:22:37 |
| 1212 || 8.40195969896593 || 2014-05-10 14:43:23 |
| 1213 || 0.0955809888001333 || 2014-04-27 21:34:51 |
| 1214 || 29.5893148086477 || 2011-09-14 02:14:02 |
| 1215 || 77.7532248283989 || 2016-01-22 01:16:04 |
| 1216 || 64.9467896015993 || 2016-03-13 06:53:46 |
| 1217 || 18.3739793043932 || 2017-04-27 12:20:23 |
| 1218 || 1.08765513108258 || 2010-09-16 22:41:46 |
| 1219 || 20.3771153061706 || 2015-12-06 10:52:31 |
| 1220 || 63.9925162857547 || 2019-06-07 12:39:52 |
| 1221 || 22.7341455092902 || 2013-06-06 23:07:30 |
| 1222 || 11.4111429748624 || 2013-06-23 08:07:17 |
| 1223 || 0.191471391888285 || 2017-01-19 07:22:02 |
| 1224 || -9.92802407247798 || 2011-11-02 21:23:07 |
| 1225 || 43.3512345988427 || 2017-04-16 13:25:57 |
| 1226 || -22.3510565396695 || 2015-06-22 07:10:49 |
| 1227 || 0.83798989758611 || 2016-03-17 09:29:23 |
| 1228 || 0.000957695754989023 || 2011-07-22 06:08:35 |
| 1229 || 4.63509658755414 || 2018-09-12 03:59:50 |
| 1230 || -7.26923051725051 || 2013-01-10 09:58:54 |
| 1231 || 70.2660408991684 || 2015-05-04 01:50:23 |
| 1232 || 8.3851165728962 || 2011-06-08 17:44:15 |
| 1233 || 0.325841899427353 || 2012-09-21 21:41:54 |
| 1234 || 16.8436439661511 || 2010-02-20 19:30:37 |
| 1235 || 25.9855576304542 || 2013-06-10 21:44:50 |
| 1236 || 17.2290507409097 || 2013-06-02 10:02:17 |
| 1237 || -11.8668726117009 || 2013-01-15 23:19:40 |
| 1238 || -0.458337205321106 || 2012-12-05 05:16:36 |
| 1239 || 15.2291686485853 || 2016-04-15 03:49:20 |
| 1240 || 70.6968543899524 || 2012-07-03 17:30:35 |
| 1241 || 77.1073650718185 || 2010-07-07 13:12:16 |
| 1242 || 19.3241215961951 || 2010-04-04 18:43:57 |
| 1243 || 0.54047990461838 || 2019-05-09 11:17:18 |
| 1244 || -0.683706416346554 || 2015-07-09 03:16:08 |
| 1245 || 17.4205634122113 || 2015-12-09 12:57:44 |
| 1246 || 84.4446247069457 || 2013-12-10 07:53:46 |
| 1247 || 14.3752335288413 || 2011-09-23 02:13:49 |
| 1248 || -1.34378604847377 || 2013-06-20 08:56:59 |
| 1249 || 11.0594159794021 || 2018-08-23 08:25:06 |
| 1250 || -20.5963893982755 || 2016-08-19 06:02:33 |
| 1251 || -19.0440673836671 || 2015-04-08 21:11:59 |
| 1252 || 56.7302403993131 || 2011-09-24 05:55:36 |
| 1253 || 8.05180784634376 || 2016-02-10 22:38:38 |
| 1254 || -2.19982584182493 || 2019-07-12 00:06:08 |
| 1255 || 32.80327088811 || 2015-11-12 11:07:40 |
| 1256 || 20.9242759546028 || 2014-10-02 10:17:31 |
| 1257 || 58.2479334804591 || 2014-07-27 07:09:00 |
| 1258 || -1.88038563354683 || 2013-04-12 10:44:24 |
| 1259 || 0.995786111930919 || 2013-12-16 18:16:40 |
| 1260 || 46.5859322987452 || 2013-06-09 16:22:42 |
| 1261 || 71.0437416778443 || 2012-12-03 08:14:55 |
| 1262 || 54.4883294267721 || 2018-01-22 21:40:53 |
| 1263 || 7.40742676643298 || 2012-03-19 00:15:26 |
| 1264 || -0.881666998136818 || 2016-03-12 14:20:17 |
| 1265 || 13.0674456588295 || 2019-03-16 00:12:47 |
| 1266 || 83.2429137867082 || 2010-10-06 03:02:22 |
| 1267 || 41.2073490503655 || 2010-06-16 05:08:06 |
| 1268 || 7.22418617152643 || 2018-06-16 05:12:26 |
| 1269 || 0.0388495174724195 || 2018-01-14 09:47:01 |
| 1270 || -4.32810232919703 || 2019-08-26 19:02:48 |
| 1271 || 5.56762684649728 || 2016-01-10 13:10:09 |
| 1272 || 49.899172707716 || 2019-10-13 01:00:36 |
| 1273 || -7.99381824285322 || 2018-04-26 11:14:56 |
| 1274 || 0.309968238098986 || 2013-01-15 17:16:23 |
| 1275 || 29.2702514357842 || 2011-02-05 02:05:21 |
| 1276 || -22.6682934158626 || 2015-12-23 19:55:52 |
| 1277 || 72.001378027431 || 2010-05-26 22:55:12 |
| 1278 || 9.80488484352706 || 2016-01-18 13:02:55 |
| 1279 || -0.00121430894091086 || 2015-10-27 00:10:01 |
| 1280 || -10.2373335202526 || 2016-10-10 14:01:43 |
| 1281 || 33.8926476569937 || 2018-12-05 00:41:06 |
| 1282 || -9.77901486434435 || 2017-04-26 11:25:47 |
| 1283 || -2.19777671220964 || 2011-06-05 19:46:36 |
| 1284 || 0.246423668831794 || 2015-10-15 14:26:52 |
| 1285 || 25.4789768839674 || 2012-09-27 14:27:41 |
| 1286 || 62.2445584798683 || 2019-07-02 12:34:36 |
| 1287 || 31.2838552029547 || 2010-02-11 03:55:05 |
| 1288 || 9.62706108756894 || 2010-02-02 15:27:09 |
| 1289 || -0.360846477332537 || 2014-06-12 00:06:20 |
| 1290 || 19.4711237516861 || 2016-05-11 19:30:35 |
| 1291 || 68.6499565201037 || 2010-09-23 13:58:53 |
| 1292 || 87.3621023750334 || 2015-11-04 07:52:08 |
| 1293 || 45.3975384283091 || 2015-07-24 03:02:56 |
| 1294 || -0.609373989996809 || 2010-09-09 02:38:10 |
| 1295 || 14.8245167676951 || 2017-09-02 15:13:23 |
| 1296 || 38.5187825679103 || 2015-03-11 04:50:30 |
| 1297 || 18.8789932205122 || 2016-12-22 23:52:51 |
| 1298 || 44.8934044256395 || 2019-07-27 19:01:46 |
| 1299 || 0.00208581247114776 || 2015-07-15 19:39:19 |
| 1300 || 7.82831898717885 || 2014-12-05 04:42:10 |
| 1301 || 4.97582198107439 || 2011-09-26 21:59:13 |
| 1302 || 56.7509911520353 || 2011-02-11 06:28:29 |
| 1303 || -18.0833088092011 || 2012-11-12 01:18:32 |
| 1304 || 2.60511634015689 || 2015-01-22 20:35:52 |
| 1305 || -2.00242678418374 || 2011-03-06 07:54:16 |
| 1306 || -8.8277287644766 || 2015-07-17 04:02:18 |
| 1307 || -11.5377911384318 || 2012-04-24 07:16:10 |
| 1308 || 0.797466205023153 || 2017-11-13 10:12:43 |
| 1309 || 5.44899486343838 || 2017-06-04 16:55:22 |
| 1310 || 5.379261869622 || 2014-12-15 20:45:16 |
| 1311 || 11.0693198813993 || 2015-11-03 15:03:53 |
| 1312 || 0.0852279910017319 || 2013-03-18 20:25:27 |
| 1313 || 62.8226761736398 || 2015-09-16 18:37:25 |
| 1314 || 0.285698003528952 || 2015-01-05 10:31:56 |
| 1315 || -0.963570467736895 || 2010-11-06 04:02:05 |
| 1316 || -9.98169186432104 || 2019-07-12 23:49:41 |
| 1317 || 32.7257763370376 || 2015-07-25 07:37:39 |
| 1318 || 0.201245642709192 || 2017-05-14 05:31:01 |
| 1319 || -4.09956101370966 || 2012-11-10 17:33:24 |
| 1320 || 1.47648289562254 || 2017-02-24 05:04:28 |
| 1321 || 42.3932988848881 || 2014-07-17 06:33:34 |
| 1322 || -3.27499466624989 || 2017-02-16 14:59:17 |
| 1323 || 37.3416951342558 || 2015-06-26 00:44:04 |
| 1324 || -4.54528267080979 || 2013-09-27 18:08:17 |
| 1325 || -0.119075210816946 || 2016-12-18 13:57:40 |
| 1326 || 8.02046009817627 || 2010-07-21 07:25:08 |
| 1327 || 54.6600278266192 || 2011-09-07 21:02:05 |
| 1328 || 57.9038938305558 || 2013-12-03 17:11:29 |
| 1329 || -9.22363913954598 || 2012-10-18 15:44:12 |
| 1330 || 0.0295390938009262 || 2017-05-12 01:26:15 |
| 1331 || 31.6759704250603 || 2018-01-08 10:52:01 |
| 1332 || 17.3306535362479 || 2015-05-09 04:51:52 |
| 1333 || 75.2133997026096 || 2019-06-03 00:33:53 |
| 1334 || 0.200595955180024 || 2013-02-01 20:14:47 |
| 1335 || -0.0170286359629338 || 2016-09-09 03:27:51 |
| 1336 || 17.438753767399 || 2015-07-04 04:19:17 |
| 1337 || 8.50031946743235 || 2012-11-05 05:00:36 |
| 1338 || 84.3026526746493 || 2013-03-19 23:18:16 |
| 1339 || 15.8367091792071 || 2018-01-11 06:50:51 |
| 1340 || 0.576432797362488 || 2015-03-10 15:40:43 |
| 1341 || -3.82820600167006 || 2011-12-25 14:09:22 |
| 1342 || 63.4328006057737 || 2017-01-13 23:32:39 |
| 1343 || 77.4362440802634 || 2013-04-18 08:39:00 |
| 1344 || 40.6714623578037 || 2015-08-20 11:11:25 |
| 1345 || 1.05287814794827 || 2019-02-01 09:55:38 |
| 1346 || 6.08194839809638 || 2018-06-18 01:50:03 |
| 1347 || 43.3238238456307 || 2015-09-17 20:18:34 |
| 1348 || 19.9838100951079 || 2019-05-20 17:54:19 |
| 1349 || 11.8668344545983 || 2018-09-16 01:03:53 |
| 1350 || 4.22358626479455 || 2016-03-20 10:26:02 |
| 1351 || 4.06627142004567 || 2018-03-14 09:07:53 |
| 1352 || -18.4584568117118 || 2016-10-11 04:26:55 |
| 1353 || -24.5859869579897 || 2010-12-07 00:26:14 |
| 1354 || -17.7964198133992 || 2015-04-14 05:24:55 |
| 1355 || -1.1997023905808 || 2018-02-25 03:18:13 |
| 1356 || -1.10722852125054 || 2019-07-03 07:34:11 |
| 1357 || 41.8881235036523 || 2013-05-12 02:18:40 |
| 1358 || 83.8939285914529 || 2013-11-14 20:07:45 |
| 1359 || 3.98941629555041 || 2010-03-23 14:04:46 |
| 1360 || -3.27482442408293 || 2016-02-01 07:07:36 |
| 1361 || 5.74349694755106 || 2014-06-19 10:39:14 |
| 1362 || 19.7889739625062 || 2014-08-20 08:08:18 |
| 1363 || 63.9967022636612 || 2013-12-24 15:38:46 |
| 1364 || 20.0054474711414 || 2014-10-16 06:02:28 |
| 1365 || 13.8565724966525 || 2013-10-17 22:24:12 |
| 1366 || 3.69250002373413 || 2018-11-12 16:59:53 |
| 1367 || -6.11737370821111 || 2012-07-15 11:24:20 |
| 1368 || -29.5218895060466 || 2015-09-04 04:39:25 |
| 1369 || -5.02593011451497 || 2012-08-16 00:47:03 |
| 1370 || 3.19094356912508 || 2015-12-23 11:05:58 |
| 1371 || 2.05108352727604 || 2011-07-27 13:48:35 |
| 1372 || 36.0621123331964 || 2010-06-01 01:55:27 |
| 1373 || 73.2282408434529 || 2013-07-25 20:15:33 |
| 1374 || 16.4136818253939 || 2017-06-11 07:35:01 |
| 1375 || -6.69583386836604 || 2016-01-23 07:44:31 |
| 1376 || -0.149038206606485 || 2017-08-24 22:46:20 |
| 1377 || 13.3667515743816 || 2014-09-27 22:56:44 |
| 1378 || -25.2915983061219 || 2013-08-21 06:07:17 |
| 1379 || -22.4506508691942 || 2012-03-21 17:37:55 |
| 1380 || -8.17656315169986 || 2016-07-16 12:13:43 |
| 1381 || 0.0847977733652335 || 2010-06-02 00:47:49 |
| 1382 || 20.1519851736428 || 2014-12-27 11:09:26 |
| 1383 || 20.9979914348045 || 2016-02-03 11:42:24 |
| 1384 || -16.7793867760598 || 2015-06-25 17:01:54 |
| 1385 || 31.2528992724818 || 2011-06-27 12:06:33 |
| 1386 || 0.0797798692822016 || 2015-03-02 14:29:14 |
| 1387 || 6.3910883410744 || 2014-10-07 09:29:24 |
| 1388 || 60.2814316814823 || 2018-02-11 11:21:29 |
| 1389 || -27.4931409610305 || 2016-02-07 03:55:49 |
| 1390 || 2.31704644591239 || 2011-10-15 07:57:08 |
| 1391 || 0.711652499363548 || 2018-03-18 03:13:33 |
| 1392 || 21.2210537190928 || 2012-06-15 13:35:06 |
| 1393 || -7.0866519288827 || 2010-11-06 12:20:08 |
| 1394 || 73.8640157652816 || 2016-05-26 18:25:13 |
| 1395 || 20.6819468779342 || 2012-06-11 03:05:34 |
| 1396 || 1.02738787892432 || 2017-03-09 23:19:03 |
| 1397 || 17.2507475064401 || 2019-03-27 22:44:42 |
| 1398 || -21.4203496794009 || 2011-02-21 22:43:21 |
| 1399 || -29.5004327043148 || 2016-08-02 19:48:38 |
| 1400 || 46.7924858613251 || 2011-02-22 19:11:29 |
| 1401 || 3.59139362251593 || 2017-03-23 11:11:05 |
| 1402 || 4.70200151837737 || 2018-09-18 13:40:01 |
| 1403 || 49.2410604404093 || 2017-03-26 11:32:17 |
| 1404 || 31.9352172304202 || 2011-05-16 23:15:31 |
| 1405 || 37.9297703405954 || 2012-03-13 01:46:08 |
| 1406 || 5.43497345587422 || 2012-07-15 12:10:53 |
| 1407 || 4.45214656235705 || 2018-11-14 03:11:54 |
| 1408 || -14.1840795463036 || 2013-03-11 11:02:16 |
| 1409 || 9.0599461301548 || 2014-05-12 17:45:24 |
| 1410 || 58.0850678913185 || 2017-06-01 13:48:06 |
| 1411 || 0.0563007061358841 || 2010-05-07 21:22:28 |
| 1412 || 6.43799822155138 || 2018-04-16 00:53:23 |
| 1413 || 25.9924905829194 || 2011-03-15 02:21:55 |
| 1414 || 53.4147652684525 || 2011-01-14 16:59:25 |
| 1415 || 23.8834504081005 || 2012-06-05 08:56:48 |
| 1416 || -4.22901738266884 || 2012-04-02 01:28:01 |
| 1417 || 4.40254374102568 || 2018-03-16 20:43:47 |
| 1418 || -5.80247196694354 || 2010-06-27 18:53:00 |
| 1419 || 71.5589952985129 || 2016-10-22 20:20:56 |
| 1420 || -18.3276897207712 || 2013-11-10 11:48:28 |
| 1421 || -5.74627743445316 || 2014-04-13 22:45:43 |
| 1422 || 0.642114114614955 || 2013-03-01 09:41:41 |
| 1423 || -13.2756228012661 || 2010-02-10 02:40:55 |
| 1424 || -13.9545686298556 || 2013-12-17 15:42:49 |
| 1425 || 16.7566057899089 || 2011-09-13 14:52:34 |
| 1426 || 20.4626689790671 || 2013-10-26 21:14:57 |
| 1427 || -0.302271084415871 || 2019-09-18 16:26:46 |
| 1428 || -11.9324173369286 || 2015-12-05 17:59:48 |
| 1429 || 44.4179326166146 || 2018-03-06 07:48:58 |
| 1430 || 12.8327420367754 || 2011-07-17 06:37:38 |
| 1431 || 7.71371450022637 || 2017-05-02 21:01:56 |
| 1432 || -0.05310312523373 || 2010-05-01 06:03:36 |
| 1433 || 33.1296649677404 || 2015-04-15 11:15:42 |
| 1434 || -21.3176228340942 || 2011-10-27 22:32:22 |
| 1435 || 26.8800835634911 || 2018-12-10 17:07:39 |
| 1436 || 8.41218925448051 || 2014-12-04 07:27:47 |
| 1437 || 0.0276693609205973 || 2014-11-14 03:06:07 |
| 1438 || 27.5942231479622 || 2016-05-08 17:34:36 |
| 1439 || -25.9476422792044 || 2015-01-02 01:52:56 |
| 1440 || 49.5430887244288 || 2014-08-25 03:52:56 |
| 1441 || 21.8542978303147 || 2019-07-22 12:07:29 |
| 1442 || -0.0549153578669872 || 2016-03-12 04:32:17 |
| 1443 || -6.88201303867739 || 2011-02-22 05:04:29 |
| 1444 || 73.4771049986395 || 2013-10-09 15:50:09 |
| 1445 || -2.08684905766888 || 2017-03-04 16:14:15 |
| 1446 || 34.9701599312929 || 2014-11-19 15:23:56 |
| 1447 || -0.516909427123697 || 2011-05-10 04:06:20 |
| 1448 || -5.398348874435 || 2015-05-04 16:58:33 |
| 1449 || 52.8363430065382 || 2017-10-25 01:29:07 |
| 1450 || 50.8994389666375 || 2014-04-14 02:26:14 |
| 1451 || 9.51298624904862 || 2016-04-07 17:14:43 |
| 1452 || 3.50970473037683 || 2015-03-27 11:40:54 |
| 1453 || -0.05199369755679 || 2017-10-19 10:11:13 |
| 1454 || 25.6878048866834 || 2013-11-11 08:46:09 |
| 1455 || 89.2560187492894 || 2012-01-17 04:13:35 |
| 1456 || 5.51171337707209 || 2015-05-01 21:07:45 |
| 1457 || -1.80592757746006 || 2014-10-11 06:22:00 |
| 1458 || 9.06191733096186 || 2010-08-21 17:34:28 |
| 1459 || -19.3832994628133 || 2011-04-23 17:21:27 |
| 1460 || 77.0114161724502 || 2015-02-01 11:43:11 |
| 1461 || -1.2968829294145 || 2019-01-24 14:09:22 |
| 1462 || -0.434868449265113 || 2012-03-11 06:28:35 |
| 1463 || 0.366913197108538 || 2010-09-05 18:50:41 |
| 1464 || -17.1293753984375 || 2014-08-12 15:24:35 |
| 1465 || 86.6765084087514 || 2012-05-10 22:18:59 |
| 1466 || 46.5815579074672 || 2010-06-07 00:55:35 |
| 1467 || 9.19805225409052 || 2016-03-02 17:36:34 |
| 1468 || 0.529394821198215 || 2014-07-14 13:09:49 |
| 1469 || 50.1918040335797 || 2019-09-20 18:10:32 |
| 1470 || 34.5505501173745 || 2010-10-12 11:36:12 |
| 1471 || 64.6686583858882 || 2010-06-23 11:50:12 |
| 1472 || 4.21481322176873 || 2011-06-12 01:47:25 |
| 1473 || 2.01863355893908 || 2012-08-24 12:16:38 |
| 1474 || 34.1716958072693 || 2019-11-26 17:51:14 |
| 1475 || -14.0682334195097 || 2018-12-13 20:50:37 |
| 1476 || -17.3509613469585 || 2016-06-07 21:23:03 |
| 1477 || 17.7136186390844 || 2010-02-26 04:48:30 |
| 1478 || 0.919841147044415 || 2018-07-01 08:30:30 |
| 1479 || -6.86834166991637 || 2013-05-20 03:50:31 |
| 1480 || 85.5092250347212 || 2015-04-04 21:18:18 |
| 1481 || -7.75543593494513 || 2012-06-19 19:36:34 |
| 1482 || 24.426677999608 || 2016-12-04 18:06:15 |
| 1483 || 0.0498954120918139 || 2015-12-21 15:54:35 |
| 1484 || -8.39992342238203 || 2010-04-26 05:51:40 |
| 1485 || 48.1214524042742 || 2019-12-13 07:10:05 |
| 1486 || 78.3921013948865 || 2011-12-17 10:50:42 |
| 1487 || -7.2066213966514 || 2012-10-19 20:32:01 |
| 1488 || -0.00125088286251229 || 2014-05-06 19:02:46 |
| 1489 || -1.68855543445201 || 2011-08-11 07:53:30 |
| 1490 || -10.3369353467055 || 2014-11-21 06:50:53 |
| 1491 || 74.0972841879523 || 2010-04-21 21:56:19 |
| 1492 || 2.83575483748738 || 2010-01-08 19:34:56 |
| 1493 || -0.0572876666859249 || 2013-02-20 06:51:46 |
| 1494 || 22.2133918878605 || 2012-06-20 01:01:11 |
| 1495 || 38.7507696250166 || 2015-06-16 07:22:50 |
| 1496 || 83.3946469806991 || 2018-11-22 17:44:58 |
| 1497 || 32.1918856454284 || 2014-01-10 10:47:51 |
| 1498 || 0.196411075811515 || 2010-12-05 15:43:17 |
| 1499 || 13.4307598836893 || 2019-12-08 13:20:39 |
| 1500 || 68.4990243771015 || 2018-12-16 15:04:13 |
| 1501 || 86.6507530962924 || 2016-10-06 09:26:12 |
| 1502 || 33.4394514599571 || 2018-02-21 13:55:17 |
| 1503 || 0.434111404626342 || 2012-12-12 15:58:31 |
| 1504 || 15.3759352995831 || 2014-08-16 19:27:19 |
| 1505 || 66.712044285022 || 2010-04-25 00:29:30 |
| 1506 || -15.2356455466156 || 2018-10-27 10:47:35 |
| 1507 || 14.970956360997 || 2012-09-15 00:04:13 |
| 1508 || -1.68979854755527 || 2010-10-08 03:32:13 |
| 1509 || 5.63952230209571 || 2014-10-13 16:25:17 |
| 1510 || 22.0398287100695 || 2010-04-23 00:24:30 |
| 1511 || -1.80840272589006 || 2019-07-23 02:04:58 |
| 1512 || 27.7304116971905 || 2015-07-23 04:48:12 |
| 1513 || 3.14734586395474 || 2015-12-05 17:00:55 |
| 1514 || -2.14195571925778 || 2017-08-11 05:01:58 |
| 1515 || -18.7471184357691 || 2018-08-19 18:00:41 |
| 1516 || 88.3336817020188 || 2018-04-11 09:54:34 |
| 1517 || -18.6119196437198 || 2017-12-18 03:14:36 |
| 1518 || -3.07079795782805 || 2018-10-13 10:27:17 |
| 1519 || -0.555053353633735 || 2010-05-03 05:53:06 |
| 1520 || 10.6081997056843 || 2014-10-18 08:46:56 |
| 1521 || 87.1520149941216 || 2019-02-08 22:53:49 |
| 1522 || 50.3809023409507 || 2016-06-26 04:26:55 |
| 1523 || 15.2103910381439 || 2015-03-04 13:05:34 |
| 1524 || -0.240011627864742 || 2014-06-10 22:42:02 |
| 1525 || -15.4462827766866 || 2017-12-23 15:49:59 |
| 1526 || -25.9047153288299 || 2018-12-16 17:37:58 |
| 1527 || 55.4639008106877 || 2014-10-09 01:47:50 |
| 1528 || 5.93093554129264 || 2013-08-23 16:40:13 |
| 1529 || -0.244793556987361 || 2019-01-02 16:16:07 |
| 1530 || -11.5472308846726 || 2011-11-02 17:26:38 |
| 1531 || 65.2217715380972 || 2016-02-14 19:05:59 |
| 1532 || 75.3512985432997 || 2019-11-08 17:04:36 |
| 1533 || -6.81559657214616 || 2011-05-25 19:12:45 |
| 1534 || 0.175069189016788 || 2014-10-06 13:39:48 |
| 1535 || 31.4203807380824 || 2014-07-09 14:23:06 |
| 1536 || 75.6012962598496 || 2014-10-10 23:09:16 |
| 1537 || -22.6938032807495 || 2017-01-01 04:44:35 |
| 1538 || 13.3303946125151 || 2018-12-19 22:29:09 |
| 1539 || 0.000122010297736713 || 2011-01-22 20:03:50 |
| 1540 || 25.0176264790932 || 2018-06-20 12:40:39 |
| 1541 || 57.5618793590636 || 2013-12-12 11:20:32 |
| 1542 || -15.2527605681964 || 2011-09-15 07:18:27 |
| 1543 || -7.3523458928413 || 2019-05-05 03:33:18 |
| 1544 || -0.0911859338099012 || 2014-10-01 14:23:49 |
| 1545 || 12.3246169035746 || 2011-10-18 14:02:24 |
| 1546 || -6.61165465637698 || 2015-09-13 12:15:08 |
| 1547 || 82.9231295998818 || 2015-01-15 01:31:57 |
| 1548 || 35.9407610444524 || 2016-11-04 12:38:50 |
| 1549 || 0.0791605961858469 || 2015-08-06 00:45:28 |
| 1550 || 13.7803052893227 || 2019-10-10 12:13:05 |
| 1551 || 30.8026904472066 || 2014-01-18 05:16:47 |
| 1552 || 73.2559389375618 || 2016-02-23 10:30:19 |
| 1553 || 31.0629011925169 || 2013-07-23 00:32:45 |
| 1554 || 1.3312606664734 || 2017-09-09 04:30:19 |
| 1555 || -5.42636670600736 || 2015-07-21 18:15:25 |
| 1556 || 48.6275111233178 || 2018-08-03 23:51:51 |
| 1557 || 87.2494015576979 || 2018-07-22 06:46:43 |
| 1558 || 25.4829122046843 || 2019-07-27 16:45:25 |
| 1559 || -1.48183788655452 || 2012-02-09 18:25:37 |
| 1560 || -4.09120124784053 || 2018-08-16 11:02:45 |
| 1561 || 7.98894671824995 || 2013-10-14 21:05:28 |
| 1562 || -24.1653047984255 || 2018-03-12 06:54:07 |
| 1563 || -9.63439561655455 || 2014-05-26 14:25:59 |
| 1564 || 6.23953920061131 || 2015-03-05 03:09:14 |
| 1565 || 2.97404057848413 || 2012-03-01 11:07:17 |
| 1566 || 42.0622655094553 || 2015-04-26 09:50:31 |
| 1567 || 25.2318785915041 || 2010-02-23 05:26:42 |
| 1568 || -19.7574533015717 || 2011-07-13 02:42:44 |
| 1569 || 9.08021965093626 || 2011-05-03 21:59:10 |
| 1570 || 3.40085078031165 || 2011-06-03 14:02:43 |
| 1571 || -17.2955850868994 || 2010-08-04 09:04:50 |
| 1572 || 10.5140871602775 || 2013-04-15 00:38:50 |
| 1573 || -16.1843330103702 || 2015-05-26 15:26:00 |
| 1574 || 1.01327162100768 || 2012-02-03 11:04:44 |
| 1575 || -1.14980164984267 || 2016-08-16 19:31:30 |
| 1576 || -13.7384555713644 || 2010-10-06 09:42:07 |
| 1577 || 44.4635204036968 || 2013-09-27 05:22:03 |
| 1578 || -14.1693132404505 || 2014-05-01 20:51:31 |
| 1579 || -0.790570444646862 || 2018-01-25 03:21:09 |
| 1580 || 1.10182830436745 || 2012-12-27 01:30:54 |
| 1581 || 27.2286369699918 || 2018-08-23 21:43:13 |
| 1582 || 80.457549501072 || 2018-08-16 13:25:03 |
| 1583 || 20.0915182116018 || 2018-08-23 17:52:07 |
| 1584 || 1.32383654921154 || 2010-08-10 05:27:33 |
| 1585 || 0.380997354328923 || 2019-07-27 05:55:02 |
| 1586 || 23.655683854131 || 2017-02-17 18:39:24 |
| 1587 || 50.0402074264403 || 2014-06-22 13:58:30 |
| 1588 || 37.9763232051104 || 2017-08-24 05:55:13 |
| 1589 || -1.20688778528096 || 2015-09-02 06:15:33 |
| 1590 || -0.00578176277186987 || 2015-10-08 21:57:32 |
| 1591 || 2.15191258776817 || 2017-10-06 13:13:21 |
| 1592 || 73.3407971473454 || 2016-12-18 17:23:04 |
| 1593 || 35.7542974903491 || 2015-12-01 13:25:12 |
| 1594 || 25.2892777659307 || 2016-04-22 22:02:42 |
| 1595 || -0.0378848449941308 || 2019-07-08 18:51:01 |
| 1596 || 2.90256029216726 || 2016-07-01 23:55:52 |
| 1597 || 36.248793302213 || 2010-06-17 07:02:07 |
| 1598 || -2.48558470179982 || 2011-06-09 19:16:28 |
| 1599 || 9.03860998274115 || 2012-08-16 18:28:00 |
| 1600 || 0.596270839693785 || 2014-12-12 11:05:44 |
| 1601 || 21.4690364248951 || 2017-03-17 22:46:14 |
| 1602 || -20.4764045246109 || 2016-05-04 15:48:39 |
| 1603 || 85.7725399807505 || 2016-02-08 02:19:39 |
| 1604 || -5.30144286233012 || 2019-07-22 04:02:35 |
| 1605 || 2.40568377109183 || 2013-08-22 21:30:09 |
| 1606 || 17.0221682759147 || 2019-02-10 16:52:37 |
| 1607 || -8.60083198638201 || 2019-09-03 21:46:09 |
| 1608 || 65.2991481037985 || 2012-12-07 23:13:58 |
| 1609 || 49.4087903828519 || 2018-10-19 02:24:57 |
| 1610 || 4.49377143010626 || 2017-05-17 20:13:36 |
| 1611 || 11.409606036861 || 2012-02-07 06:29:41 |
| 1612 || 47.7344382790764 || 2015-06-22 19:23:42 |
| 1613 || -22.0773951176622 || 2017-06-22 15:47:50 |
| 1614 || 52.2365160531625 || 2016-10-04 19:34:44 |
| 1615 || 3.20270789193542 || 2017-01-14 13:02:47 |
| 1616 || 5.84896291474234 || 2019-11-24 07:19:10 |
| 1617 || -1.26242604107957 || 2017-03-12 23:51:16 |
| 1618 || -4.3408741198511 || 2010-11-05 01:15:02 |
| 1619 || -4.24254931848422 || 2011-02-11 20:39:04 |
| 1620 || -2.08752550226451 || 2011-11-16 01:19:28 |
| 1621 || -0.441093633828936 || 2018-01-09 11:04:37 |
| 1622 || 45.6291871251917 || 2017-10-12 17:40:21 |
| 1623 || 89.4588369166285 || 2013-05-08 20:09:43 |
| 1624 || -21.6225917466906 || 2019-10-18 20:07:24 |
| 1625 || 11.7561632100439 || 2012-08-12 15:03:46 |
| 1626 || 3.83263233706751 || 2010-07-20 17:39:55 |
| 1627 || 30.9970260928988 || 2015-11-01 21:26:33 |
| 1628 || 52.1127090660863 || 2015-02-16 12:14:59 |
| 1629 || 49.4378998437179 || 2017-04-03 20:59:05 |
| 1630 || 16.8584983289931 || 2018-11-17 13:57:39 |
| 1631 || 1.82816309732342 || 2014-12-05 14:12:21 |
| 1632 || 6.76615805126228 || 2010-05-20 14:04:37 |
| 1633 || 57.1044042510695 || 2011-12-27 12:16:29 |
| 1634 || 59.7346104185594 || 2011-10-12 06:30:25 |
| 1635 || 22.5512431800367 || 2019-07-18 20:18:27 |
| 1636 || -0.139284375577809 || 2011-02-19 11:04:09 |
| 1637 || 37.2549663662565 || 2010-08-20 09:47:16 |
| 1638 || 20.081098937758 || 2013-08-12 10:40:31 |
| 1639 || -11.8260755155728 || 2015-10-21 16:15:23 |
| 1640 || 7.67624727464865 || 2016-03-13 02:40:30 |
| 1641 || 0.0461902682296987 || 2015-02-18 22:10:31 |
| 1642 || -4.93976432742275 || 2012-08-13 12:26:09 |
| 1643 || 13.4793390490793 || 2015-01-14 01:40:08 |
| 1644 || 12.5154103269966 || 2017-03-21 06:24:34 |
| 1645 || 31.4362833075046 || 2018-07-16 06:30:07 |
| 1646 || 0.0960107872274982 || 2010-06-02 07:08:59 |
| 1647 || 16.6279595852167 || 2019-08-04 16:43:05 |
| 1648 || 41.1039127750501 || 2018-04-04 18:42:46 |
| 1649 || 43.5625660635701 || 2017-02-23 10:22:52 |
| 1650 || 28.8421064947457 || 2014-10-17 05:46:43 |
| 1651 || -0.244409174376824 || 2010-08-26 10:58:42 |
| 1652 || -3.23432198835104 || 2016-05-06 08:42:02 |
| 1653 || 72.7612009862207 || 2013-09-20 04:50:32 |
| 1654 || 20.1169857906469 || 2012-07-18 04:05:18 |
| 1655 || 43.5872047224567 || 2011-12-22 12:37:26 |
| 1656 || -0.396787157483549 || 2017-06-09 16:12:55 |
| 1657 || 12.0806543661005 || 2014-10-23 22:45:02 |
| 1658 || 44.5350440242596 || 2014-06-02 18:41:07 |
| 1659 || 21.6576682579963 || 2019-08-02 07:01:27 |
| 1660 || 37.9915277676364 || 2016-03-19 23:50:53 |
| 1661 || -0.00978749684190066 || 2017-01-09 09:35:14 |
| 1662 || -1.94015321270365 || 2018-02-13 10:59:20 |
| 1663 || 64.7902673701623 || 2015-11-26 21:03:59 |
| 1664 || 32.7453926583509 || 2016-10-26 16:52:49 |
| 1665 || 51.3479970437137 || 2014-07-15 21:48:33 |
| 1666 || -1.28817419475378 || 2012-06-25 07:57:30 |
| 1667 || 9.92086428515775 || 2011-07-19 07:05:53 |
| 1668 || 1.31623050542304 || 2019-10-01 16:41:49 |
| 1669 || 89.9517335086763 || 2017-03-14 06:40:00 |
| 1670 || 57.090872964614 || 2019-05-20 08:31:06 |
| 1671 || 1.71463278201309 || 2010-10-15 02:08:01 |
| 1672 || 5.80111354720725 || 2014-03-04 03:41:59 |
| 1673 || 47.763704428093 || 2010-03-07 02:34:54 |
| 1674 || -29.580594927211 || 2017-02-26 18:02:44 |
| 1675 || 42.4466408619385 || 2016-04-18 05:58:33 |
| 1676 || -0.764259244941854 || 2010-03-18 20:05:08 |
| 1677 || -0.964254750170819 || 2010-06-15 17:14:07 |
| 1678 || 0.539453189440405 || 2013-02-18 20:15:48 |
| 1679 || 12.8232656966218 || 2017-03-09 08:07:47 |
| 1680 || -12.5389587315285 || 2017-02-06 07:41:39 |
| 1681 || -3.24401575371922 || 2011-03-01 02:31:27 |
| 1682 || -0.758011811264165 || 2014-11-20 14:32:17 |
| 1683 || 18.0471736778969 || 2011-02-10 15:38:48 |
| 1684 || 77.2907992388365 || 2016-12-03 06:56:53 |
| 1685 || 41.0767372583656 || 2012-12-20 04:42:53 |
| 1686 || 12.2029191684774 || 2014-12-24 04:59:54 |
| 1687 || 0.747372596612331 || 2014-11-01 18:59:35 |
| 1688 || 24.0788720918047 || 2016-11-13 17:23:55 |
| 1689 || 74.2436463325606 || 2010-12-10 17:59:15 |
| 1690 || 43.141550612932 || 2017-05-02 08:12:07 |
| 1691 || 24.3472949835367 || 2016-10-23 10:48:08 |
| 1692 || 0.134735277717937 || 2017-01-03 00:09:43 |
| 1693 || 20.6293274053124 || 2010-10-06 17:00:48 |
| 1694 || 73.7915255292148 || 2011-04-03 17:45:11 |
| 1695 || -10.2944066608408 || 2017-01-27 13:58:38 |
| 1696 || 21.2452343206257 || 2015-02-25 09:57:52 |
| 1697 || 0.0268657563717344 || 2018-07-06 10:57:43 |
| 1698 || 14.2317900478832 || 2019-05-16 19:05:22 |
| 1699 || -0.355243508237746 || 2015-03-15 01:23:15 |
| 1700 || -17.786404944216 || 2016-03-11 17:24:21 |
| 1701 || 25.0209433490391 || 2017-04-08 13:50:22 |
| 1702 || 0.584243643959533 || 2012-02-27 06:39:52 |
| 1703 || 23.2387121218928 || 2016-03-21 05:57:08 |
| 1704 || -21.2531129279149 || 2010-12-20 10:30:58 |
| 1705 || -4.27685467539797 || 2011-03-21 08:03:59 |
| 1706 || 29.8011144887345 || 2012-11-07 12:44:41 |
| 1707 || 1.34141962149982 || 2016-05-09 17:53:37 |
| 1708 || -0.472767226021065 || 2016-03-23 11:31:07 |
| 1709 || 70.5795919514745 || 2012-08-09 12:15:35 |
| 1710 || 31.0222412251679 || 2017-12-21 19:34:32 |
| 1711 || -16.0045709346 || 2011-05-18 13:43:34 |
| 1712 || 3.58537458025251 || 2015-11-23 06:25:18 |
| 1713 || -4.72981700040741 || 2015-09-02 12:53:32 |
| 1714 || -0.960130036287652 || 2014-11-15 08:30:24 |
| 1715 || -26.1717252412413 || 2019-08-02 01:21:48 |
| 1716 || 52.97179258233 || 2013-07-02 04:20:04 |
| 1717 || 6.10642989893234 || 2011-11-25 15:57:36 |
| 1718 || 3.73948299622123 || 2016-04-16 19:43:32 |
| 1719 || 24.3259214580435 || 2018-01-11 12:34:45 |
| 1720 || 1.97484994090384 || 2018-03-07 16:09:31 |
| 1721 || 45.1703212491156 || 2019-08-08 18:11:12 |
| 1722 || -2.05039210619973 || 2010-03-09 16:26:55 |
| 1723 || 0.46258455315599 || 2018-04-05 02:20:05 |
| 1724 || 7.32492861728265 || 2012-01-06 22:32:31 |
| 1725 || 71.8654947440739 || 2017-01-10 14:03:01 |
| 1726 || 56.471439099723 || 2019-11-09 00:42:45 |
| 1727 || 3.8660470806836 || 2014-06-13 05:18:27 |
| 1728 || 3.40217703999927 || 2013-04-01 00:11:10 |
| 1729 || 27.9613604127224 || 2018-03-06 17:39:07 |
| 1730 || 25.3057555187334 || 2015-10-24 03:55:26 |
| 1731 || -2.80121407738828 || 2015-07-04 13:35:31 |
| 1732 || -4.76543382097492 || 2018-04-08 13:45:04 |
| 1733 || 2.41199173227573 || 2015-07-21 13:49:56 |
| 1734 || 0.707670687696862 || 2012-07-21 00:03:51 |
| 1735 || -27.8026458938293 || 2018-12-24 11:56:33 |
| 1736 || 31.4096754472292 || 2019-05-23 01:59:46 |
| 1737 || 12.4052210173734 || 2018-12-26 00:02:35 |
| 1738 || 0.83096727261282 || 2018-05-20 06:13:29 |
| 1739 || 31.865649526235 || 2019-04-05 00:03:40 |
| 1740 || -19.6416758920669 || 2012-08-08 21:15:24 |
| 1741 || -19.0770260105997 || 2011-11-05 21:25:28 |
| 1742 || 20.0838500516568 || 2017-06-05 21:27:12 |
| 1743 || -0.0025014764132159 || 2011-08-08 02:27:51 |
| 1744 || -2.67920085567435 || 2018-12-17 04:59:22 |
| 1745 || -27.5715275322715 || 2017-05-06 07:55:10 |
| 1746 || 71.9648704507643 || 2011-06-21 08:57:37 |
| 1747 || 14.3296743072837 || 2010-07-09 09:45:11 |
| 1748 || 0.00304866260662411 || 2015-02-10 16:54:36 |
| 1749 || -3.09298138891512 || 2015-07-23 11:24:59 |
| 1750 || 49.8074128724577 || 2018-10-16 09:00:20 |
| 1751 || 62.5576012217817 || 2012-05-10 23:32:33 |
| 1752 || -12.0598856932207 || 2012-02-23 04:28:54 |
| 1753 || -0.120310612204561 || 2012-10-17 03:04:01 |
| 1754 || 23.5514045745903 || 2010-01-14 17:09:38 |
| 1755 || -11.1541182474201 || 2017-04-05 11:38:11 |
| 1756 || 85.3930397540605 || 2015-12-12 00:24:14 |
| 1757 || -11.7750791696615 || 2010-10-04 14:40:51 |
| 1758 || -0.00275856009310134 || 2019-05-16 20:10:25 |
| 1759 || 19.4427418963053 || 2014-11-18 23:42:46 |
| 1760 || 48.214901497686 || 2015-08-04 18:58:09 |
| 1761 || 87.7234877613683 || 2015-06-15 14:12:58 |
| 1762 || -10.6526718799735 || 2013-04-21 14:07:07 |
| 1763 || 0.944713888713718 || 2015-07-09 22:37:02 |
| 1764 || 0.849278885136637 || 2011-10-26 22:39:27 |
| 1765 || 63.5445834653 || 2019-12-25 04:50:32 |
| 1766 || -6.50234797088929 || 2015-03-24 13:45:37 |
| 1767 || 50.9848787410001 || 2018-08-15 10:49:05 |
| 1768 || -1.13475084212542 || 2017-01-13 10:11:25 |
| 1769 || -3.53380049866729 || 2016-05-23 00:14:59 |
| 1770 || -6.26705870270165 || 2016-04-16 19:43:02 |
| 1771 || -2.57851312631569 || 2010-12-05 15:27:48 |
| 1772 || 53.5900273617518 || 2019-02-26 04:34:47 |
| 1773 || 8.43377038422517 || 2012-02-17 08:39:20 |
| 1774 || 5.79534280727843 || 2017-12-15 11:51:15 |
| 1775 || 0.840070244882826 || 2018-01-16 16:50:40 |
| 1776 || -18.8587898444701 || 2013-10-24 19:50:16 |
| 1777 || 18.9721560263236 || 2017-11-07 18:10:31 |
| 1778 || 2.34184184618828 || 2012-11-18 12:11:04 |
| 1779 || 5.1061989253785 || 2016-05-17 03:00:10 |
| 1780 || -17.0680254191789 || 2012-08-16 20:05:57 |
| 1781 || 50.7047176613561 || 2014-01-06 08:29:15 |
| 1782 || 66.9984459915659 || 2010-08-08 13:05:55 |
| 1783 || 0.308621453822163 || 2010-01-07 23:52:18 |
| 1784 || 2.61959646464671 || 2017-06-17 21:06:23 |
| 1785 || 43.5337475935746 || 2011-03-10 09:09:04 |
| 1786 || 20.6908748308471 || 2015-09-05 05:48:32 |
| 1787 || 71.9408238767513 || 2017-10-22 20:06:01 |
| 1788 || 4.28434929940011 || 2010-11-06 00:22:32 |
| 1789 || 0.218301459201993 || 2012-01-15 10:29:11 |
| 1790 || 38.3263861153447 || 2011-10-10 15:16:45 |
| 1791 || 85.4544006345303 || 2012-11-27 23:34:40 |
| 1792 || -11.4687313239647 || 2013-07-20 18:54:30 |
| 1793 || 7.92611279763022 || 2014-08-19 11:02:28 |
| 1794 || -0.108834067200643 || 2013-11-08 18:32:38 |
| 1795 || 22.2405157064611 || 2013-04-26 09:52:51 |
| 1796 || 73.5474399077039 || 2019-08-08 01:31:56 |
| 1797 || 36.8927829890735 || 2013-03-01 19:56:08 |
| 1798 || 22.4339318925225 || 2018-11-20 11:31:15 |
| 1799 || 0.000113563055216988 || 2010-10-17 23:12:36 |
| 1800 || -1.53749064363096 || 2013-11-14 23:07:27 |
| 1801 || 8.1328276179433 || 2018-12-01 03:55:41 |
| 1802 || 74.9496247961515 || 2013-09-21 17:53:03 |
| 1803 || -11.5122170376463 || 2017-12-19 01:30:13 |
| 1804 || 0.0245018419583194 || 2012-12-10 06:08:28 |
| 1805 || -6.37500731657648 || 2017-06-07 19:08:04 |
| 1806 || -24.1211051593079 || 2014-07-01 01:23:01 |
| 1807 || 85.3663439508155 || 2019-08-21 14:34:10 |
| 1808 || -11.9626483104115 || 2019-02-18 06:18:13 |
| 1809 || -0.125468000793636 || 2017-02-27 02:28:08 |
| 1810 || 15.4241949634964 || 2010-05-22 17:58:44 |
| 1811 || 23.9407009195523 || 2015-05-04 08:47:02 |
| 1812 || 8.91804381778332 || 2015-06-26 10:23:13 |
| 1813 || -15.061014725847 || 2012-10-23 12:22:57 |
| 1814 || 2.62799620943015 || 2015-05-01 16:13:14 |
| 1815 || -1.89537520099582 || 2014-05-10 13:54:30 |
| 1816 || -22.3768776914028 || 2012-04-04 00:37:39 |
| 1817 || 88.8768827556237 || 2019-04-05 03:26:59 |
| 1818 || -14.3851942536108 || 2012-03-08 05:09:50 |
| 1819 || 5.09198836038274 || 2013-03-10 18:53:43 |
| 1820 || 6.68072326834843 || 2013-08-15 14:05:07 |
| 1821 || -5.05462056618025 || 2014-04-19 22:23:44 |
| 1822 || -27.3560917388962 || 2019-05-01 23:33:26 |
| 1823 || 10.2302912801754 || 2010-06-08 16:47:39 |
| 1824 || -2.5106743142811 || 2016-07-18 13:33:18 |
| 1825 || -2.52442146880975 || 2012-12-12 03:27:08 |
| 1826 || 31.9205792013664 || 2011-08-08 06:23:21 |
| 1827 || 5.43050122347641 || 2019-06-16 20:17:56 |
| 1828 || 54.1657187900156 || 2015-01-25 14:19:46 |
| 1829 || -3.5140246139126 || 2018-09-18 15:48:06 |
| 1830 || 2.14922770675737 || 2012-06-06 11:52:10 |
| 1831 || 39.7541936646472 || 2013-12-27 19:06:39 |
| 1832 || -16.8816023701677 || 2019-12-23 10:53:27 |
| 1833 || 37.6355763272992 || 2014-01-19 14:07:30 |
| 1834 || 15.0606679085152 || 2016-05-24 02:25:23 |
| 1835 || -1.11419780295768 || 2012-03-10 04:44:54 |
| 1836 || 9.09520150985898 || 2014-09-07 12:32:07 |
| 1837 || 87.8750189711787 || 2012-03-22 02:04:21 |
| 1838 || 61.1404052204271 || 2015-02-22 06:25:26 |
| 1839 || 12.2837410138869 || 2019-01-26 15:57:19 |
| 1840 || 1.34578009259098 || 2013-04-15 01:38:48 |
| 1841 || -2.25489519325828 || 2016-01-24 23:29:43 |
| 1842 || 14.2957161693568 || 2012-06-09 16:04:14 |
| 1843 || 67.1666661676736 || 2011-02-06 19:35:18 |
| 1844 || -7.79612930942945 || 2018-10-16 11:08:47 |
| 1845 || 0.0320261190265375 || 2012-06-27 03:29:38 |
| 1846 || -5.75099411788036 || 2016-08-23 13:08:01 |
| 1847 || 6.16318717307412 || 2012-02-04 18:14:01 |
| 1848 || 5.23179259301353 || 2018-06-01 16:45:51 |
| 1849 || 4.22715180932643 || 2019-07-25 11:24:35 |
| 1850 || -0.00421365620098717 || 2017-07-27 20:56:37 |
| 1851 || -6.4200495813081 || 2019-10-14 07:02:58 |
| 1852 || -8.35830309058675 || 2012-09-14 09:11:42 |
| 1853 || 78.0880704562613 || 2013-01-01 08:00:10 |
| 1854 || 33.4163241880358 || 2017-10-23 15:50:22 |
| 1855 || 0.0284448402011848 || 2013-07-25 16:34:11 |
| 1856 || 11.733596776282 || 2010-10-10 13:33:13 |
| 1857 || 34.6034439579517 || 2018-01-07 21:31:20 |
| 1858 || -13.47934634062 || 2018-10-19 06:34:28 |
| 1859 || 16.4181876636621 || 2011-12-10 10:28:45 |
| 1860 || 0.918691665067563 || 2012-03-18 20:18:21 |
| 1861 || 19.2488618089338 || 2011-06-18 02:38:25 |
| 1862 || 0.561593761275007 || 2014-09-06 00:54:11 |
| 1863 || 43.4879809591053 || 2019-12-08 04:00:42 |
| 1864 || 8.71669968440497 || 2011-01-05 20:06:35 |
| 1865 || 0.584786880414239 || 2011-11-14 00:38:33 |
| 1866 || 6.65988030841946 || 2012-04-12 03:20:19 |
| 1867 || 68.7654299840443 || 2018-07-18 20:41:58 |
| 1868 || 13.0253315351074 || 2018-07-13 10:50:03 |
| 1869 || 37.9191746025817 || 2018-10-14 08:09:26 |
| 1870 || 4.62649665525319 || 2019-01-10 14:01:33 |
| 1871 || 5.85150315268277 || 2011-07-08 04:37:58 |
| 1872 || 0.885494037294558 || 2011-02-15 06:17:49 |
| 1873 || 4.46023496562085 || 2014-01-12 04:23:57 |
| 1874 || -9.24543160632164 || 2012-05-03 23:27:32 |
| 1875 || -2.20695523253787 || 2017-05-27 00:31:58 |
| 1876 || 9.25057997565518 || 2017-12-03 01:21:18 |
| 1877 || 9.20515590817007 || 2019-02-01 23:41:30 |
| 1878 || -17.522224994455 || 2019-12-25 12:00:06 |
| 1879 || -18.1726626683393 || 2015-09-24 02:59:08 |
| 1880 || 10.5944785301181 || 2012-09-10 00:01:10 |
| 1881 || 5.68776382007677 || 2019-05-08 16:29:20 |
| 1882 || 21.1126258361854 || 2016-05-27 10:40:15 |
| 1883 || -29.5802606798808 || 2010-08-12 17:09:12 |
| 1884 || 45.6197693616094 || 2019-09-07 03:55:24 |
| 1885 || -4.77242314212914 || 2018-04-10 10:27:08 |
| 1886 || -0.0184575049591575 || 2013-01-01 09:52:34 |
| 1887 || 28.9537659212586 || 2014-11-11 02:08:41 |
| 1888 || 74.1021601594587 || 2010-10-27 15:59:08 |
| 1889 || 12.8377098273223 || 2019-01-17 17:30:59 |
| 1890 || 12.4126349595435 || 2019-06-03 13:47:43 |
| 1891 || -0.251992301016785 || 2013-02-04 20:28:04 |
| 1892 || 16.3647078900997 || 2010-08-13 13:32:27 |
| 1893 || 71.5343944899332 || 2016-06-01 00:46:57 |
| 1894 || 39.0364573619153 || 2016-09-18 21:29:09 |
| 1895 || 9.0650752059155 || 2018-07-16 18:29:36 |
| 1896 || -0.0940383046374306 || 2017-04-18 20:40:44 |
| 1897 || 24.4643392569264 || 2017-09-19 09:28:30 |
| 1898 || 80.4620041898783 || 2013-09-26 15:44:38 |
| 1899 || 45.2488057144175 || 2017-09-23 11:24:19 |
| 1900 || -6.56082594113546 || 2018-12-05 23:32:15 |
| 1901 || 0.0286526286990586 || 2018-02-09 10:20:58 |
| 1902 || 16.4701542388576 || 2019-12-15 11:37:42 |
| 1903 || -25.0602759885172 || 2015-07-01 08:49:12 |
| 1904 || 62.3280425733386 || 2019-10-10 12:08:47 |
| 1905 || 21.8364787301931 || 2016-01-25 06:21:38 |
| 1906 || -0.0163220622651015 || 2010-05-18 06:27:51 |
| 1907 || -8.45792914136485 || 2017-09-19 17:20:24 |
| 1908 || 68.4218005744696 || 2010-02-01 04:58:15 |
| 1909 || 82.4269969018459 || 2012-07-20 03:44:23 |
| 1910 || -7.71028001030752 || 2017-09-07 06:34:23 |
| 1911 || -0.219905514205851 || 2018-01-20 08:56:06 |
| 1912 || 10.6284356957431 || 2012-05-08 13:46:36 |
| 1913 || 46.4964859518032 || 2013-04-24 10:55:37 |
| 1914 || 47.4528838414483 || 2010-08-17 02:12:48 |
| 1915 || 10.8084766726758 || 2017-04-25 08:12:44 |
| 1916 || 2.21124264464563 || 2019-01-10 00:21:15 |
| 1917 || -3.05110750266891 || 2017-04-08 15:41:08 |
| 1918 || 59.4484586868669 || 2015-01-10 18:58:13 |
| 1919 || 25.4898948909963 || 2018-08-16 07:40:22 |
| 1920 || -12.2551170266667 || 2010-05-10 20:17:27 |
| 1921 || 4.20490286769075 || 2011-11-10 17:23:27 |
| 1922 || -3.28645487594511 || 2010-08-16 15:03:36 |
| 1923 || -13.4138182762413 || 2016-06-18 09:53:06 |
| 1924 || 42.6115225070586 || 2010-09-18 02:42:33 |
| 1925 || -17.3442891988334 || 2012-07-08 21:40:44 |
| 1926 || 1.89435669891576 || 2019-01-26 19:41:20 |
| 1927 || -0.847283974489107 || 2010-02-20 15:41:37 |
| 1928 || 34.9492653270027 || 2012-03-07 12:05:03 |
| 1929 || -29.209446948873 || 2013-06-22 21:49:40 |
| 1930 || 49.6343667833751 || 2014-12-16 06:01:15 |
| 1931 || -2.88707491822654 || 2012-12-02 03:20:21 |
| 1932 || 6.67013583630379 || 2016-04-25 03:28:19 |
| 1933 || 46.8269785128502 || 2018-08-11 17:08:35 |
| 1934 || -28.3206529697928 || 2015-07-22 07:15:22 |
| 1935 || 14.2809356614232 || 2013-07-09 17:33:57 |
| 1936 || -4.51958805706378 || 2017-05-07 14:48:33 |
| 1937 || 3.96728026081426 || 2014-09-10 14:49:31 |
| 1938 || 10.5016941655951 || 2012-08-03 17:11:57 |
| 1939 || 40.3346724370567 || 2013-08-04 08:15:24 |
| 1940 || 68.6397620728464 || 2010-11-13 14:43:49 |
| 1941 || 2.2350148707411 || 2016-06-25 05:28:38 |
| 1942 || 2.172121085851 || 2014-12-03 11:38:35 |
| 1943 || 43.7883132390751 || 2017-06-09 04:54:17 |
| 1944 || -1.07929725197803 || 2019-02-21 22:28:52 |
| 1945 || 73.9153797850669 || 2010-04-08 21:24:36 |
| 1946 || 18.2807682019268 || 2017-03-22 11:44:44 |
| 1947 || -0.271821658149481 || 2010-05-07 05:32:13 |
| 1948 || 20.6364026015469 || 2017-01-19 17:47:17 |
| 1949 || 84.3275467160382 || 2018-11-17 16:32:36 |
| 1950 || -22.4866955076023 || 2012-07-10 05:05:27 |
| 1951 || 23.211533504678 || 2018-08-25 08:11:18 |
| 1952 || -0.0304327071786558 || 2016-05-22 13:20:46 |
| 1953 || -10.7536386493389 || 2018-04-11 22:42:21 |
| 1954 || 81.8452512158631 || 2013-12-23 10:56:02 |
| 1955 || 63.322238099594 || 2012-09-22 06:49:56 |
| 1956 || 17.0600067889128 || 2011-04-09 15:13:11 |
| 1957 || 0.0110440895166419 || 2011-02-27 22:48:40 |
| 1958 || 11.1168807375766 || 2013-06-23 12:26:46 |
| 1959 || 3.78494764839315 || 2013-07-18 04:49:48 |
| 1960 || -23.693661686017 || 2015-04-23 04:55:05 |
| 1961 || 36.1640168324703 || 2012-12-19 19:49:48 |
| 1962 || 0.0391614466009046 || 2012-01-07 09:52:42 |
| 1963 || -7.53121844621511 || 2016-10-26 01:43:48 |
| 1964 || -22.409377871102 || 2017-11-15 08:38:08 |
| 1965 || 42.0542695908716 || 2019-12-12 11:02:23 |
| 1966 || -14.1960616182666 || 2010-09-23 07:23:20 |
| 1967 || 1.89033578954511 || 2018-08-05 08:26:10 |
| 1968 || 14.6490709161655 || 2018-05-03 19:14:14 |
| 1969 || 57.9211706591828 || 2015-06-03 06:59:11 |
| 1970 || -29.4504789041223 || 2014-07-18 15:03:32 |
| 1971 || 27.0839281218699 || 2015-10-04 08:39:37 |
| 1972 || -0.291543178529705 || 2016-12-24 16:19:56 |
| 1973 || 10.2474942620144 || 2012-11-27 23:53:57 |
| 1974 || 65.4218690351869 || 2013-07-05 04:08:50 |
| 1975 || 56.4356904606556 || 2014-06-11 17:42:48 |
| 1976 || 2.78304856386326 || 2017-02-18 07:30:08 |
| 1977 || 6.0617175940419 || 2018-03-04 15:40:31 |
| 1978 || 2.3458563418509 || 2010-03-14 15:55:59 |
| 1979 || -16.2984007084706 || 2012-04-09 15:01:58 |
| 1980 || 88.2936941160825 || 2013-03-02 17:00:17 |
| 1981 || 1.91621986323358 || 2013-03-16 14:10:29 |
| 1982 || 9.06531254666177 || 2010-02-07 12:21:32 |
| 1983 || 2.11264723554115 || 2010-09-13 14:10:59 |
| 1984 || 41.3693312804402 || 2013-06-02 17:46:07 |
| 1985 || -3.92003926688988 || 2013-09-20 23:28:31 |
| 1986 || 54.4046080504647 || 2012-11-11 00:30:14 |
| 1987 || 10.1575472383757 || 2011-04-03 21:08:48 |
| 1988 || 4.32812419796545 || 2018-04-18 01:57:35 |
| 1989 || 4.62615206162641 || 2014-01-18 09:46:39 |
| 1990 || 69.6780131634309 || 2013-03-21 07:37:59 |
| 1991 || 66.3294568024847 || 2017-07-01 08:59:31 |
| 1992 || -5.61599541923096 || 2014-10-15 01:32:55 |
| 1993 || 2.24089885169835 || 2011-10-17 18:42:07 |
| 1994 || -8.42781599843747 || 2013-05-13 15:06:49 |
| 1995 || 49.3841184310079 || 2015-08-20 09:03:06 |
| 1996 || 61.1829270744818 || 2013-03-27 15:02:38 |
| 1997 || -6.91925897244583 || 2017-10-07 06:07:25 |
| 1998 || 0.531096166515135 || 2016-04-19 08:02:23 |
| 1999 || 2.91295414944354 || 2011-10-13 01:13:06 |
| 2000 || -10.8967555606773 || 2010-01-22 05:25:43 |
| 2001 || -20.199232823829 || 2018-11-12 19:39:33 |
| 2002 || 3.07400476880497 || 2013-04-25 01:07:23 |
| 2003 || 0.00524799259306269 || 2014-02-19 06:05:31 |
| 2004 || 11.8049769700582 || 2012-10-14 06:33:55 |
| 2005 || -19.5868605421259 || 2013-03-13 15:24:56 |
| 2006 || 55.0967443199783 || 2010-09-21 18:18:49 |
| 2007 || -2.34349799104915 || 2017-04-19 21:12:25 |
| 2008 || 0.0124999303487855 || 2019-11-03 03:59:55 |
| 2009 || -9.49696024167336 || 2019-11-18 12:39:49 |
| 2010 || -26.3187879559664 || 2017-07-03 06:36:49 |
| 2011 || 51.9849070433128 || 2011-04-07 21:15:58 |
| 2012 || -11.0746335293295 || 2011-01-17 19:51:34 |
| 2013 || 0.0532672207784799 || 2017-01-05 03:55:48 |
| 2014 || 15.0499357643267 || 2013-06-18 23:30:54 |
| 2015 || 52.1582087774016 || 2015-11-15 21:09:16 |
| 2016 || 86.2692880265354 || 2015-06-02 18:54:04 |
| 2017 || 6.2686426849787 || 2012-08-19 22:05:59 |
| 2018 || 0.263119567221158 || 2013-06-14 12:39:44 |
| 2019 || 18.4628945999584 || 2019-02-25 12:25:09 |
| 2020 || 70.2549920443617 || 2016-11-22 00:05:56 |
| 2021 || 44.4029322830832 || 2010-09-04 17:57:23 |
| 2022 || 47.3259826834676 || 2015-02-07 05:34:29 |
| 2023 || -0.882877521718431 || 2017-06-04 19:02:08 |
| 2024 || 11.2350852955255 || 2011-05-08 11:02:59 |
| 2025 || 64.9741158687737 || 2017-12-23 08:39:54 |
| 2026 || 3.24942892815465 || 2016-05-26 03:43:39 |
| 2027 || -17.5028770430737 || 2019-08-26 20:18:25 |
| 2028 || -0.792036862301089 || 2017-03-19 02:52:02 |
| 2029 || -3.13980068100924 || 2011-12-17 07:50:35 |
| 2030 || 10.4780239288184 || 2017-04-12 11:04:35 |
| 2031 || 51.9593985849769 || 2010-07-19 22:51:24 |
| 2032 || 9.4209813079196 || 2019-07-12 21:36:13 |
| 2033 || -2.68968861806555 || 2014-09-19 23:53:27 |
| 2034 || 7.79998124218137 || 2014-10-11 07:51:48 |
| 2035 || -9.07361840658933 || 2017-05-15 21:43:04 |
| 2036 || -28.9700922457725 || 2012-01-16 17:18:19 |
| 2037 || 57.5146317284323 || 2018-07-25 19:37:45 |
| 2038 || 10.050091970609 || 2016-02-10 14:47:36 |
| 2039 || 2.60410901729794 || 2017-11-03 06:08:53 |
| 2040 || 7.69742701763094 || 2015-09-14 23:01:06 |
| 2041 || 45.704038735706 || 2010-08-07 14:49:31 |
| 2042 || -17.2592964407632 || 2015-03-01 19:50:01 |
| 2043 || -4.66341934459207 || 2019-09-22 11:26:12 |
| 2044 || 2.85755257963803 || 2012-08-06 05:15:13 |
| 2045 || -2.31034917245615 || 2016-03-01 15:36:18 |
| 2046 || 43.9175729735968 || 2013-06-05 15:25:23 |
| 2047 || 61.2309382491448 || 2015-11-22 02:52:00 |
| 2048 || 18.4300782595329 || 2011-02-07 16:49:10 |
| 2049 || 1.00531064975356 || 2013-08-19 19:00:04 |
| 2050 || -13.4860075149127 || 2017-02-12 17:18:59 |
| 2051 || 79.4845698956549 || 2016-04-09 00:59:00 |
| 2052 || 45.1920042391172 || 2017-11-14 03:39:02 |
| 2053 || 4.28252696036273 || 2011-04-22 14:20:56 |
| 2054 || -0.0626125436240843 || 2018-09-22 15:15:33 |
| 2055 || 33.9650499765296 || 2019-04-11 07:14:35 |
| 2056 || 71.3374399406432 || 2011-10-22 19:41:03 |
| 2057 || 62.5132674531295 || 2019-01-25 22:46:27 |
| 2058 || -8.02445159237275 || 2011-04-17 23:09:17 |
| 2059 || 0.000417441454268129 || 2018-11-16 22:13:43 |
| 2060 || 28.4719001572368 || 2011-06-02 12:23:04 |
| 2061 || 50.8685110281571 || 2019-04-05 04:08:36 |
| 2062 || -14.0691464803229 || 2013-06-20 09:28:31 |
| 2063 || 0.75438038901471 || 2017-04-23 16:10:14 |
| 2064 || 0.157240064639114 || 2012-07-25 03:42:40 |
| 2065 || -7.37509073651051 || 2011-11-27 10:25:22 |
| 2066 || 44.0456041240063 || 2017-01-17 04:20:07 |
| 2067 || 81.1486750590177 || 2018-02-21 00:48:16 |
| 2068 || 16.4250505832378 || 2013-07-02 04:43:58 |
| 2069 || -0.423138284657436 || 2017-11-18 22:51:09 |
| 2070 || -6.00655116493202 || 2017-01-18 14:49:58 |
| 2071 || 72.0597802403324 || 2019-01-03 20:31:04 |
| 2072 || 87.228401097721 || 2014-10-10 04:24:06 |
| 2073 || -2.74799559874718 || 2014-02-24 17:09:51 |
| 2074 || 2.5040887095871 || 2016-10-26 11:57:58 |
| 2075 || 4.10073135389104 || 2011-07-08 14:05:13 |
| 2076 || 24.571084853125 || 2011-10-18 17:20:42 |
| 2077 || 88.1011528581278 || 2013-10-04 06:49:15 |
| 2078 || -14.6954998865178 || 2012-02-16 03:41:19 |
| 2079 || 4.12589782075234 || 2013-03-19 04:35:05 |
| 2080 || 10.787794523163 || 2018-07-25 14:05:30 |
| 2081 || 58.3715987201531 || 2011-01-08 03:30:28 |
| 2082 || 87.316067979246 || 2013-06-27 00:11:06 |
| 2083 || 32.3092456947222 || 2011-09-15 03:47:31 |
| 2084 || 1.75436363910618 || 2017-04-04 18:25:15 |
| 2085 || 7.00486936925527 || 2011-06-04 04:08:21 |
| 2086 || -12.7211995007963 || 2014-06-14 22:47:22 |
| 2087 || 72.0830610164341 || 2017-08-22 09:51:15 |
| 2088 || -8.48743986187124 || 2016-07-25 20:34:41 |
| 2089 || -0.16642257361896 || 2014-02-11 22:41:38 |
| 2090 || 4.6820558746351 || 2010-04-15 00:37:59 |
| 2091 || 5.57989571831265 || 2019-12-26 22:03:01 |
| 2092 || -22.851321036582 || 2019-01-06 06:47:28 |
| 2093 || 59.9165422062978 || 2017-03-02 06:42:27 |
| 2094 || 10.0801391452016 || 2015-12-09 09:41:05 |
| 2095 || 2.49411957631661 || 2019-01-21 14:31:43 |
| 2096 || 46.1520724130561 || 2016-11-24 00:27:17 |
| 2097 || -8.30274269073345 || 2019-05-14 16:32:52 |
| 2098 || 68.8843348792464 || 2014-05-07 02:25:11 |
| 2099 || 8.19529243079696 || 2014-06-06 23:02:54 |
| 2100 || 0.0729122410273003 || 2013-04-21 11:50:42 |
| 2101 || -1.8766682994013 || 2017-05-21 12:17:02 |
| 2102 || 79.0718535848153 || 2010-09-01 17:42:21 |
| 2103 || -20.4888828661027 || 2018-08-02 14:51:30 |
| 2104 || -7.01953033759556 || 2011-07-08 21:56:08 |
| 2105 || -0.0270924609953531 || 2011-03-08 19:05:09 |
| 2106 || 35.0040315174201 || 2012-09-16 11:18:49 |
| 2107 || -5.05033829315955 || 2013-03-09 06:50:36 |
| 2108 || -17.5097916458755 || 2015-03-07 11:09:57 |
| 2109 || -9.00751815196999 || 2017-04-07 09:29:16 |
| 2110 || 0.00213508214964231 || 2019-01-07 17:58:57 |
| 2111 || -1.39927848091446 || 2010-05-21 09:32:18 |
| 2112 || 7.42841506817354 || 2013-10-06 08:42:10 |
| 2113 || 27.952837661425 || 2018-02-11 21:38:33 |
| 2114 || 12.31442710648 || 2011-06-07 03:21:16 |
| 2115 || 0.229914900127126 || 2012-04-22 05:58:24 |
| 2116 || -8.22932081043093 || 2017-04-05 12:04:16 |
| 2117 || 23.3283451027311 || 2014-04-12 17:47:54 |
| 2118 || -27.623934393889 || 2017-11-03 13:24:16 |
| 2119 || 37.1469365593297 || 2015-08-02 07:49:50 |
| 2120 || -0.283439412743772 || 2017-11-12 10:09:30 |
| 2121 || -0.0325942008016571 || 2012-11-17 23:47:59 |
| 2122 || 52.9133254974846 || 2011-08-26 16:04:02 |
| 2123 || -26.4880141460258 || 2018-10-20 14:19:13 |
| 2124 || -8.80379118085811 || 2016-10-27 01:27:17 |
| 2125 || -0.778921467879104 || 2018-10-07 12:45:59 |
| 2126 || 6.66148302063918 || 2016-10-10 00:27:39 |
| 2127 || -13.7753965523938 || 2014-11-19 16:06:24 |
| 2128 || 32.4242475086744 || 2011-04-02 14:57:15 |
| 2129 || 47.9696863630515 || 2017-06-07 14:54:46 |
| 2130 || 4.70187057083532 || 2011-01-20 20:10:11 |
| 2131 || 8.60557133160896 || 2016-06-10 20:58:35 |
| 2132 || -20.7483877956376 || 2010-01-22 07:34:10 |
| 2133 || -21.7022598217852 || 2014-08-17 13:13:06 |
| 2134 || 32.8103555623661 || 2017-07-14 04:23:15 |
| 2135 || 6.38743125330588 || 2018-07-20 01:03:12 |
| 2136 || 8.84922508921629 || 2014-10-25 03:59:06 |
| 2137 || -19.2452376029868 || 2010-12-12 20:44:51 |
| 2138 || 89.8628312386125 || 2013-12-21 04:54:54 |
| 2139 || 58.7011468414221 || 2011-03-09 15:10:28 |
| 2140 || 10.7889614537689 || 2017-09-10 15:20:53 |
| 2141 || 3.94494858369581 || 2018-01-06 17:16:10 |
| 2142 || -13.4757797046622 || 2012-09-04 07:42:30 |
| 2143 || 31.7244452756018 || 2010-09-17 03:17:00 |
| 2144 || 55.3861499975996 || 2012-01-26 09:23:24 |
| 2145 || 14.176684674002 || 2014-08-03 03:09:46 |
| 2146 || 3.41367485377404 || 2018-08-19 03:56:56 |
| 2147 || 29.0980621008706 || 2010-04-11 20:06:31 |
| 2148 || 70.5228696303422 || 2011-11-05 09:31:22 |
| 2149 || 11.7019869807969 || 2010-12-11 21:24:47 |
| 2150 || -5.93676584796968 || 2017-03-22 13:05:29 |
| 2151 || -0.34058381892353 || 2013-12-08 17:59:07 |
| 2152 || 30.2194817535149 || 2012-07-21 02:19:26 |
| 2153 || 75.6353788038368 || 2010-04-09 20:16:39 |
| 2154 || -21.7809304101409 || 2012-07-03 06:04:11 |
| 2155 || -7.00240649334757 || 2015-08-26 17:38:34 |
| 2156 || -0.166102785420384 || 2013-10-22 05:46:48 |
| 2157 || 26.2390310192504 || 2014-08-23 19:53:11 |
| 2158 || 83.9602057557294 || 2019-07-03 00:50:15 |
| 2159 || 18.5216639735725 || 2014-08-26 10:10:51 |
| 2160 || 27.0901027474182 || 2016-07-10 10:30:26 |
| 2161 || -0.00329861852390972 || 2016-03-22 00:03:07 |
| 2162 || 10.1579632283971 || 2014-08-16 13:24:45 |
| 2163 || -17.9432007606399 || 2016-09-09 13:01:16 |
| 2164 || 62.9239540533839 || 2012-11-24 22:52:56 |
| 2165 || 18.3819646072272 || 2016-12-27 20:16:02 |
| 2166 || 0.0640702596851369 || 2014-12-14 14:38:22 |
| 2167 || 6.98101080857398 || 2013-04-14 23:34:18 |
| 2168 || 55.49783463993 || 2010-04-25 14:20:51 |
| 2169 || 39.8746543762722 || 2012-09-11 04:27:07 |
| 2170 || 27.3535498595563 || 2019-09-07 17:41:22 |
| 2171 || 0.206942215048917 || 2010-04-12 08:03:21 |
| 2172 || 21.7036894376301 || 2017-11-03 00:16:06 |
| 2173 || 73.5476656135656 || 2016-03-24 05:15:04 |
| 2174 || 84.0220566814273 || 2012-06-13 08:24:39 |
| 2175 || 43.2649535020329 || 2011-07-02 07:45:26 |
| 2176 || -0.101542301956983 || 2010-11-09 05:33:32 |
| 2177 || -5.73819544948527 || 2015-02-02 04:54:17 |
| 2178 || 20.8743745558215 || 2010-10-18 12:06:59 |
| 2179 || 88.7702642175836 || 2019-01-23 21:04:18 |
| 2180 || 5.69402832529115 || 2017-08-20 02:39:20 |
| 2181 || -1.06609621375895 || 2016-08-05 22:52:28 |
| 2182 || 9.69329847420533 || 2011-12-08 18:15:04 |
| 2183 || 24.6774192537057 || 2012-08-25 18:32:05 |
| 2184 || 43.4518681451325 || 2013-07-17 18:04:20 |
| 2185 || -17.3941070812987 || 2016-02-21 19:40:20 |
| 2186 || 0.9214479151921 || 2015-07-18 12:07:58 |
| 2187 || 5.17323138942175 || 2015-11-27 01:26:53 |
| 2188 || -0.366966903177912 || 2016-04-08 13:38:40 |
| 2189 || -29.9398086956829 || 2010-10-12 05:05:32 |
| 2190 || -14.1395441721429 || 2013-08-15 06:47:06 |
| 2191 || -0.901301798571166 || 2017-05-27 19:37:22 |
| 2192 || -1.92171488008011 || 2014-06-27 23:12:32 |
| 2193 || 10.7054793839537 || 2012-10-12 04:41:56 |
| 2194 || 88.508882970998 || 2018-06-01 11:30:16 |
| 2195 || 65.0957899228939 || 2010-10-24 06:36:27 |
| 2196 || 12.1215749591572 || 2012-05-18 06:34:38 |
| 2197 || 3.18690356247861 || 2010-08-25 02:31:17 |
| 2198 || -15.9788367021829 || 2016-12-18 00:36:20 |
| 2199 || 37.8081158623825 || 2016-08-25 02:57:02 |
| 2200 || -17.2401961072736 || 2017-12-08 23:02:26 |
| 2201 || 17.2817763674601 || 2016-03-04 19:33:56 |
| 2202 || 0.461971833259659 || 2014-04-04 07:18:34 |
| 2203 || -7.48926746105221 || 2018-11-03 05:31:49 |
| 2204 || 17.3552455123633 || 2015-08-07 16:32:20 |
| 2205 || 60.3769230383981 || 2010-07-10 17:02:40 |
| 2206 || 16.1568221848934 || 2015-09-22 12:06:46 |
| 2207 || 0.615189158783105 || 2014-10-07 01:48:28 |
| 2208 || -12.4403786620446 || 2015-05-26 16:04:17 |
| 2209 || -27.4431001859461 || 2018-11-21 13:17:47 |
| 2210 || 51.738342437229 || 2011-10-15 01:29:38 |
| 2211 || 3.45457247758217 || 2017-05-01 16:58:31 |
| 2212 || 0.00205710771055813 || 2017-10-06 18:02:09 |
| 2213 || 1.19511726961934 || 2019-12-23 20:38:07 |
| 2214 || -10.5114867562702 || 2013-05-10 01:38:53 |
| 2215 || 39.6031197290358 || 2019-01-20 18:03:15 |
| 2216 || 11.1819807571346 || 2012-09-05 09:53:11 |
| 2217 || 0.0260660130094361 || 2016-12-27 02:09:12 |
| 2218 || -3.15162043338756 || 2018-06-15 16:51:22 |
| 2219 || 27.3286386431525 || 2011-05-22 00:21:32 |
| 2220 || 81.8790187172094 || 2016-04-17 15:35:35 |
| 2221 || 17.3627013098423 || 2013-02-16 13:11:58 |
| 2222 || 0.0184951107094259 || 2014-08-20 03:32:21 |
| 2223 || -7.56123424486924 || 2012-12-13 05:40:00 |
| 2224 || 34.0533403307717 || 2013-12-09 09:05:44 |
| 2225 || -19.8413488060959 || 2011-06-12 10:06:49 |
| 2226 || 42.3633048922741 || 2014-05-10 14:35:17 |
| 2227 || 0.409035588353576 || 2016-09-03 14:29:30 |
| 2228 || -2.1514248945184 || 2012-12-09 17:22:04 |
| 2229 || -23.3814478229178 || 2019-06-22 15:50:14 |
| 2230 || -25.5318725418108 || 2018-12-26 22:35:19 |
| 2231 || -11.5875466204091 || 2014-07-15 04:35:44 |
| 2232 || -1.24701421663521 || 2015-08-24 01:53:50 |
| 2233 || -3.96177102383265 || 2011-12-05 04:39:39 |
| 2234 || 63.0160398401405 || 2014-04-16 18:24:23 |
| 2235 || -27.1858237122222 || 2015-02-04 13:48:26 |
| 2236 || -14.2941731437751 || 2016-02-04 03:51:09 |
| 2237 || 1.123228324747 || 2012-07-04 07:49:39 |
| 2238 || 3.2703515795607 || 2018-07-21 07:30:09 |
| 2239 || 60.4544189464359 || 2014-09-11 04:38:20 |
| 2240 || 72.9477853195476 || 2013-09-19 09:19:43 |
| 2241 || 51.7348257815743 || 2013-06-18 17:19:18 |
| 2242 || 5.67273750832345 || 2011-04-06 10:13:37 |
| 2243 || -1.85288444461527 || 2013-10-21 19:22:28 |
| 2244 || 54.0817830801923 || 2014-09-03 04:02:47 |
| 2245 || -14.5359213887537 || 2013-11-18 16:10:24 |
| 2246 || -8.13256849210195 || 2013-07-01 03:46:04 |
| 2247 || -0.364841061027654 || 2015-06-17 19:20:24 |
| 2248 || -0.279455915901457 || 2016-03-03 13:26:30 |
| 2249 || 33.7811906838078 || 2014-05-02 19:37:14 |
| 2250 || 86.7118216719649 || 2010-09-03 12:26:24 |
| 2251 || 61.6347448801846 || 2019-06-04 06:36:11 |
| 2252 || -5.34800789712958 || 2010-11-04 20:38:04 |
| 2253 || 1.90763308568157 || 2012-06-07 09:25:20 |
| 2254 || -8.98179605306233 || 2010-11-05 21:20:30 |
| 2255 || 0.361759551864136 || 2013-09-03 00:38:57 |
| 2256 || -24.2546682603755 || 2016-12-05 07:18:02 |
| 2257 || 19.2819362857517 || 2019-04-13 00:10:37 |
| 2258 || -0.321455466403764 || 2014-02-07 16:57:51 |
| 2259 || -1.30321719660346 || 2010-02-08 00:47:56 |
| 2260 || 48.2680436502953 || 2016-06-26 02:40:52 |
| 2261 || -21.8888769150971 || 2017-12-06 14:12:11 |
| 2262 || 6.42686671875744 || 2014-01-14 05:43:05 |
| 2263 || -0.0379299286253628 || 2018-08-25 07:21:23 |
| 2264 || 33.8020590902732 || 2018-10-23 06:01:08 |
| 2265 || 80.6805791118498 || 2015-08-23 02:19:35 |
| 2266 || 76.7869217682795 || 2016-09-20 12:52:58 |
| 2267 || 31.5086025037563 || 2010-12-01 09:16:17 |
| 2268 || -0.00708554716534507 || 2010-01-13 08:43:05 |
| 2269 || -9.47426307151242 || 2010-09-09 11:15:59 |
| 2270 || 44.9934713414181 || 2011-09-21 20:26:00 |
| 2271 || 42.7286598561648 || 2017-05-05 09:46:26 |
| 2272 || 7.97446956877179 || 2014-12-26 15:57:31 |
| 2273 || 0.426693153950336 || 2018-05-12 00:12:50 |
| 2274 || -5.10140969297406 || 2015-03-06 17:09:56 |
| 2275 || 42.5228260978271 || 2016-02-15 16:26:45 |
| 2276 || 62.4914446732139 || 2015-08-07 15:30:44 |
| 2277 || -5.83573937679642 || 2011-06-03 20:45:17 |
| 2278 || -0.51651740965675 || 2015-03-18 16:51:36 |
| 2279 || 2.85364219356353 || 2019-07-21 13:11:01 |
| 2280 || 59.5487743969521 || 2015-03-20 08:47:38 |
| 2281 || 40.0149858722646 || 2014-12-12 17:15:46 |
| 2282 || 7.79483225481412 || 2011-06-25 06:30:09 |
| 2283 || 2.97469141921255 || 2014-06-10 19:33:03 |
| 2284 || 10.6000802867854 || 2011-10-11 16:14:28 |
| 2285 || 10.0936012995264 || 2019-06-03 14:00:05 |
| 2286 || 64.9803374033693 || 2018-09-11 15:02:26 |
| 2287 || 50.1972770343505 || 2018-11-08 09:24:55 |
| 2288 || 3.37838097331043 || 2012-08-23 12:36:33 |
| 2289 || 0.424740480966825 || 2017-11-16 17:57:50 |
| 2290 || 48.3491431410644 || 2017-06-26 11:23:47 |
| 2291 || 89.2632013427111 || 2013-04-03 05:18:27 |
| 2292 || -7.93268779914129 || 2016-01-26 08:58:56 |
| 2293 || 0.78430693270143 || 2010-03-17 06:16:54 |
| 2294 || 7.4611649626799 || 2014-03-18 04:47:30 |
| 2295 || 35.4029518136699 || 2019-05-03 15:32:00 |
| 2296 || -2.99412086988066 || 2014-05-18 09:32:25 |
| 2297 || -21.0927256464855 || 2016-03-19 13:13:50 |
| 2298 || 12.2512719271909 || 2012-01-01 17:38:06 |
| 2299 || -0.735446783060328 || 2019-03-05 20:11:58 |
| 2300 || -13.841956061358 || 2012-02-26 21:59:26 |
| 2301 || 73.8577232031831 || 2013-08-26 07:02:58 |
| 2302 || 48.0060442114493 || 2017-10-25 01:40:17 |
| 2303 || -5.29056475491447 || 2017-02-20 03:03:33 |
| 2304 || 0.78071420853846 || 2014-10-04 02:02:35 |
| 2305 || 19.8062988919808 || 2017-10-13 20:46:07 |
| 2306 || 35.1091122853948 || 2016-08-23 12:00:19 |
| 2307 || -21.793546636108 || 2016-07-08 05:56:03 |
| 2308 || 6.03214903762418 || 2011-05-18 21:58:24 |
| 2309 || -0.385798610430878 || 2014-08-17 12:48:32 |
| 2310 || -12.1789452292886 || 2012-10-17 00:08:59 |
| 2311 || 85.1643581309805 || 2011-01-21 19:48:09 |
| 2312 || -20.3263838777825 || 2018-07-01 05:08:32 |
| 2313 || 13.8490155938203 || 2012-03-15 10:42:43 |
| 2314 || 0.199890090228651 || 2018-05-07 21:54:17 |
| 2315 || 2.29121856921609 || 2011-11-26 02:35:01 |
| 2316 || 75.0805108830582 || 2010-05-18 17:53:39 |
| 2317 || 45.1130649581831 || 2014-09-24 16:11:04 |
| 2318 || 14.6138914692545 || 2015-12-13 11:00:10 |
| 2319 || 0.00108080450144626 || 2018-04-01 15:42:04 |
| 2320 || 29.2961766678441 || 2013-02-15 22:42:20 |
| 2321 || 77.7929372253419 || 2016-05-27 05:44:04 |
| 2322 || 53.4098311800099 || 2018-08-14 18:27:52 |
| 2323 || 9.13467264063548 || 2014-08-09 12:10:30 |
| 2324 || 0.134976297765833 || 2016-10-08 11:58:12 |
| 2325 || 12.6220965438732 || 2019-02-17 14:03:47 |
| 2326 || 62.6645901689304 || 2011-09-26 18:26:13 |
| 2327 || 31.0732737121345 || 2012-03-11 22:16:08 |
| 2328 || 39.1463641377042 || 2016-03-22 14:21:53 |
| 2329 || 0.118595070899835 || 2015-04-12 23:36:34 |
| 2330 || 10.9130464888177 || 2019-09-19 17:25:31 |
| 2331 || 56.9520338982762 || 2017-04-14 08:29:31 |
| 2332 || -28.8471267219762 || 2011-06-24 13:57:56 |
| 2333 || -3.71431796274783 || 2014-08-04 14:29:56 |
| 2334 || 0.0746337996215935 || 2012-07-03 09:00:27 |
| 2335 || -5.17116425577762 || 2012-06-09 07:57:50 |
| 2336 || -10.0489375603979 || 2015-02-06 12:43:56 |
| 2337 || 86.6239561579186 || 2013-02-24 10:53:55 |
| 2338 || 39.4305027969432 || 2019-05-09 06:49:46 |
| 2339 || -0.453597602033933 || 2012-08-26 18:05:38 |
| 2340 || 4.96187928423558 || 2019-12-08 18:11:08 |
| 2341 || -19.0696186669309 || 2014-09-05 05:30:15 |
| 2342 || -14.1321249276293 || 2010-08-06 12:14:26 |
| 2343 || -17.0077078250837 || 2012-04-25 00:32:55 |
| 2344 || 3.79339239236764 || 2010-10-12 09:19:23 |
| 2345 || 3.29280346903246 || 2017-01-06 00:23:19 |
| 2346 || 32.5979831200749 || 2011-06-16 19:24:25 |
| 2347 || 54.1091174938618 || 2012-09-02 20:52:34 |
| 2348 || -20.1038790058588 || 2013-11-10 05:39:35 |
| 2349 || -3.47694074385176 || 2011-08-19 14:51:31 |
| 2350 || -1.12678540287552 || 2017-07-04 12:45:32 |
| 2351 || 35.6211038559304 || 2016-07-07 01:40:21 |
| 2352 || 33.5913535241755 || 2012-10-09 20:42:49 |
| 2353 || 18.2566902848424 || 2017-07-05 05:55:44 |
| 2354 || 15.2816960102919 || 2017-05-20 12:37:46 |
| 2355 || 0.0697149146527658 || 2014-05-02 01:04:59 |
| 2356 || -15.4570355005806 || 2010-04-06 09:45:49 |
| 2357 || -26.6530401868831 || 2011-11-24 22:41:23 |
| 2358 || -20.0432674044629 || 2015-11-09 19:09:01 |
| 2359 || 16.8052118178844 || 2016-02-22 18:44:18 |
| 2360 || -0.470817819423896 || 2015-12-09 11:52:27 |
| 2361 || -1.59968213661072 || 2013-05-10 04:17:19 |
| 2362 || 6.42788374732437 || 2019-01-13 08:12:31 |
| 2363 || 3.11225829133278 || 2016-08-03 01:24:41 |
| 2364 || -7.20532762596954 || 2015-04-20 08:13:40 |
| 2365 || 0.304280591927741 || 2015-07-07 18:38:42 |
| 2366 || 25.6151033802184 || 2014-08-02 06:55:03 |
| 2367 || 37.562491090875 || 2017-06-21 08:18:52 |
| 2368 || 34.6759031890303 || 2011-07-16 15:29:46 |
| 2369 || -1.62080985260847 || 2012-07-16 07:58:19 |
| 2370 || 0.00287140914497687 || 2010-01-24 00:21:22 |
| 2371 || 30.5641179101999 || 2016-07-20 16:36:04 |
| 2372 || 1.73067419722814 || 2014-02-24 23:02:13 |
| 2373 || 25.0605843251925 || 2011-08-25 22:05:37 |
| 2374 || 20.1768418645111 || 2010-04-07 13:33:36 |
| 2375 || -0.0885034915290767 || 2012-01-08 14:38:19 |
| 2376 || 19.2945104485677 || 2014-10-02 01:22:38 |
| 2377 || 45.8035819903516 || 2018-05-25 06:34:24 |
| 2378 || 67.2081481882045 || 2016-11-17 13:13:27 |
| 2379 || -0.945182987401318 || 2011-06-22 01:37:59 |
| 2380 || 1.17993126994414 || 2013-07-05 21:14:58 |
| 2381 || 0.755007472138044 || 2019-11-02 07:02:48 |
| 2382 || 28.9322204233959 || 2014-03-17 00:11:56 |
| 2383 || -1.7794468355498 || 2016-01-25 23:48:29 |
| 2384 || 22.7786883297748 || 2016-07-13 04:55:50 |
| 2385 || 1.42114480500523 || 2014-12-01 17:57:16 |
| 2386 || -5.41937403614908 || 2014-03-10 15:34:19 |
| 2387 || 26.4391475768233 || 2016-08-03 15:43:54 |
| 2388 || 17.0753453225777 || 2019-01-04 20:12:13 |
| 2389 || 3.95227053319461 || 2012-02-09 19:55:07 |
| 2390 || -1.2106598507471 || 2014-01-08 00:53:53 |
| 2391 || -2.95741697317431 || 2012-12-27 18:10:35 |
| 2392 || -4.75167684141286 || 2019-05-18 15:11:15 |
| 2393 || 10.9823730411936 || 2012-04-19 13:12:54 |
| 2394 || -15.7068530491334 || 2011-09-08 20:29:44 |
| 2395 || 4.96137695483495 || 2010-06-14 21:16:47 |
| 2396 || 8.42488469058899 || 2015-12-27 01:40:11 |
| 2397 || -19.105695570719 || 2011-07-15 23:38:50 |
| 2398 || 11.4304264508268 || 2012-05-26 16:52:28 |
| 2399 || 38.3559264403971 || 2018-03-03 04:56:02 |
| 2400 || 0.890538142211612 || 2011-04-21 10:35:03 |
| 2401 || -1.48702512940542 || 2016-06-23 05:58:06 |
| 2402 || 33.1905507868292 || 2019-12-01 17:30:41 |
| 2403 || 46.7563067740027 || 2018-08-12 16:18:31 |
| 2404 || 8.10431673973982 || 2018-06-06 22:48:43 |
| 2405 || -4.90259053760104 || 2014-07-03 08:09:48 |
| 2406 || 0.116168749014234 || 2013-08-23 18:40:10 |
| 2407 || -6.99106948874021 || 2014-08-15 02:34:52 |
| 2408 || -24.3576196214538 || 2018-11-25 00:49:51 |
| 2409 || 26.9994825626244 || 2014-02-07 12:30:22 |
| 2410 || -5.30954519369022 || 2017-02-10 08:33:47 |
| 2411 || 1.47911169156256 || 2012-10-16 07:47:56 |
| 2412 || 37.0831298017628 || 2015-01-02 23:48:25 |
| 2413 || 85.4932612033143 || 2016-01-19 15:22:34 |
| 2414 || 74.9544151029086 || 2018-04-27 04:32:33 |
| 2415 || 23.4885607566112 || 2016-12-17 11:48:52 |
| 2416 || 0.385464770296794 || 2018-01-08 09:17:51 |
| 2417 || -12.0094070406816 || 2012-12-05 11:26:09 |
| 2418 || -27.2982801106145 || 2019-06-27 04:01:25 |
| 2419 || -23.7016073665533 || 2011-11-04 07:25:04 |
| 2420 || 26.1680271389432 || 2011-05-22 13:09:40 |
| 2421 || 0.0244760846945642 || 2011-12-05 11:37:38 |
| 2422 || -9.68801583790166 || 2019-09-17 23:07:18 |
| 2423 || 7.40139478683386 || 2013-04-10 04:37:24 |
| 2424 || 12.6559042603775 || 2012-11-27 22:41:12 |
| 2425 || 12.1298014458454 || 2010-08-05 22:59:51 |
| 2426 || 0.167256689804112 || 2013-07-07 05:45:40 |
| 2427 || -6.00271538916999 || 2013-02-02 06:16:46 |
| 2428 || 60.1606670285321 || 2019-11-03 17:15:45 |
| 2429 || 65.6724576265775 || 2015-07-12 07:46:28 |
| 2430 || 19.822154115325 || 2019-10-13 22:31:35 |
| 2431 || 0.163469512722199 || 2015-12-20 10:55:50 |
| 2432 || 13.247633894777 || 2018-06-20 15:36:37 |
| 2433 || 73.4527159368269 || 2011-04-23 02:55:29 |
| 2434 || 25.2939021486134 || 2010-05-02 07:23:20 |
| 2435 || -9.95355735464223 || 2013-09-08 07:30:08 |
| 2436 || 0.955898981688145 || 2010-03-13 19:28:53 |
| 2437 || 0.371373445147267 || 2017-09-03 00:22:36 |
| 2438 || 63.421645497377 || 2018-11-10 12:05:14 |
| 2439 || 44.9847417249695 || 2019-09-19 08:38:35 |
| 2440 || 48.2093196227164 || 2018-07-04 01:09:58 |
| 2441 || 3.74348769481699 || 2016-10-25 15:27:37 |
| 2442 || -0.413932476301702 || 2013-07-25 20:58:46 |
| 2443 || -13.5758156724281 || 2019-04-15 22:32:29 |
| 2444 || 89.2036545350555 || 2011-07-19 13:59:33 |
| 2445 || 11.1505041654755 || 2010-01-24 15:07:12 |
| 2446 || 6.47617687150135 || 2012-02-13 17:14:57 |
| 2447 || -3.08708234212322 || 2013-11-06 17:44:57 |
| 2448 || 57.3825247388931 || 2014-12-20 00:01:17 |
| 2449 || 4.71656990117932 || 2014-10-17 20:16:29 |
| 2450 || -13.4034116252975 || 2011-10-10 22:35:12 |
| 2451 || -3.43617029412893 || 2013-01-26 22:27:48 |
| 2452 || -2.13404011225612 || 2011-12-05 06:23:58 |
| 2453 || -14.6421072533056 || 2014-11-09 05:32:03 |
| 2454 || 72.3064894806872 || 2017-05-16 04:01:59 |
| 2455 || -3.09118636100596 || 2017-12-20 21:23:00 |
| 2456 || 1.82767104947778 || 2011-01-25 06:48:17 |
| 2457 || -1.18043194215868 || 2019-06-21 22:08:45 |
| 2458 || -3.55977345383224 || 2017-08-25 21:04:58 |
| 2459 || 11.6479990073579 || 2011-10-13 17:14:51 |
| 2460 || 43.7517120266407 || 2015-08-23 06:23:30 |
| 2461 || 17.3982930207701 || 2015-05-11 06:08:08 |
| 2462 || 0.0645240225900415 || 2016-09-04 08:41:06 |
| 2463 || 43.1046545583042 || 2018-06-03 01:34:50 |
| 2464 || 80.3974841279282 || 2015-05-26 04:09:19 |
| 2465 || 25.1025352429439 || 2018-01-20 05:44:12 |
| 2466 || 9.99978056863949 || 2013-07-09 03:42:27 |
| 2467 || 0.23667133313091 || 2017-05-07 14:21:31 |
| 2468 || 7.56654412264673 || 2011-12-03 21:22:21 |
| 2469 || 37.9788268748901 || 2013-09-25 20:06:19 |
| 2470 || -25.5037518897387 || 2015-10-01 20:40:51 |
| 2471 || -8.26068579943639 || 2019-09-22 01:50:35 |
| 2472 || 0.000637842191568888 || 2011-09-20 08:40:45 |
| 2473 || 31.1353491877222 || 2016-11-22 06:38:56 |
| 2474 || 41.2155512782159 || 2010-02-16 05:03:51 |
| 2475 || -13.2930871010291 || 2016-04-07 16:43:09 |
| 2476 || 31.3844321165627 || 2015-02-10 16:00:05 |
| 2477 || 0.0493267458316879 || 2016-08-02 01:04:58 |
| 2478 || 3.659183614903 || 2015-01-10 09:40:07 |
| 2479 || -20.2726178763296 || 2019-07-18 15:32:58 |
| 2480 || 46.8122235910052 || 2012-02-04 22:53:05 |
| 2481 || -12.4899586146942 || 2016-06-16 09:17:43 |
| 2482 || -0.244989167713021 || 2015-10-18 04:07:08 |
| 2483 || 9.06695832482352 || 2013-05-06 16:15:07 |
| 2484 || 54.1491700587778 || 2013-09-22 01:37:30 |
| 2485 || -23.6185149619883 || 2013-07-22 16:33:13 |
| 2486 || 42.2027332642932 || 2019-01-21 18:24:49 |
| 2487 || 2.07793169054258 || 2017-01-15 20:55:55 |
| 2488 || -2.0845010813244 || 2015-12-07 02:51:25 |
| 2489 || 64.4534041829423 || 2013-04-27 10:41:52 |
| 2490 || 86.5840424424305 || 2018-12-24 01:52:21 |
| 2491 || -15.8292983770899 || 2012-02-08 12:54:04 |
| 2492 || -1.24919644776751 || 2013-09-25 08:11:48 |
| 2493 || -0.583075809027523 || 2010-05-19 18:58:19 |
| 2494 || -6.54440071183988 || 2011-05-24 14:31:59 |
| 2495 || 69.2502972390398 || 2015-10-17 23:50:05 |
| 2496 || 49.0417349481834 || 2013-05-20 16:05:21 |
| 2497 || -1.37306522738129 || 2019-10-10 11:44:45 |
| 2498 || 4.716411710921 || 2017-01-21 03:10:18 |
| 2499 || 33.9855944322089 || 2012-06-16 08:09:31 |
| 2500 || 59.9616073584582 || 2010-12-09 21:22:36 |
| 2501 || -19.606990223727 || 2014-10-12 22:07:09 |
| 2502 || -2.33689761276426 || 2013-10-15 09:00:05 |
| 2503 || -2.29884067491244 || 2015-10-14 10:09:46 |
| 2504 || 22.5068699376531 || 2019-04-01 03:00:48 |
| 2505 || 82.3347772816302 || 2010-03-15 12:58:53 |
| 2506 || 59.1680342923189 || 2013-05-04 17:18:04 |
| 2507 || 12.5710095067648 || 2016-07-25 07:59:11 |
| 2508 || -1.43665457515469 || 2010-08-04 20:36:36 |
| 2509 || -8.94769168887361 || 2013-12-08 02:08:12 |
| 2510 || 70.0982176952228 || 2018-10-23 02:41:44 |
| 2511 || -23.109379502285 || 2013-07-11 10:59:52 |
| 2512 || 11.4199620262449 || 2019-01-08 09:30:51 |
| 2513 || 1.49253262260478 || 2015-12-21 16:58:15 |
| 2514 || 39.3331457131549 || 2010-09-06 13:38:58 |
| 2515 || -27.0167473286876 || 2010-10-01 01:59:39 |
| 2516 || 24.6473360639137 || 2016-04-20 14:06:29 |
| 2517 || 13.3856925235954 || 2017-01-18 20:43:05 |
| 2518 || 0.0525383553630108 || 2011-11-03 10:40:48 |
| 2519 || -12.731493007289 || 2013-01-11 15:49:31 |
| 2520 || 83.0758199409237 || 2012-10-01 15:26:33 |
| 2521 || 46.7875508315569 || 2011-03-18 11:59:22 |
| 2522 || -1.55002747086724 || 2018-11-01 21:03:47 |
| 2523 || 0.0805781574747392 || 2013-06-07 12:35:07 |
| 2524 || 18.1633970171576 || 2012-10-02 19:43:08 |
| 2525 || 67.731077958023 || 2018-06-08 17:01:15 |
| 2526 || 18.5024298290704 || 2013-08-15 14:23:07 |
| 2527 || 1.31977301135743 || 2019-02-24 09:59:28 |
| 2528 || 0.0253248258158757 || 2013-01-04 09:34:01 |
| 2529 || 9.07835245020882 || 2015-12-06 05:47:01 |
| 2530 || 63.4068291647828 || 2015-11-08 06:54:43 |
| 2531 || 61.1471978144132 || 2012-10-18 08:24:52 |
| 2532 || 26.9221134236901 || 2016-03-14 10:59:13 |
| 2533 || 0.244893337079082 || 2013-10-01 18:32:21 |
| 2534 || 13.984946811654 || 2014-06-26 19:04:23 |
| 2535 || 6.31163788762843 || 2012-02-06 18:43:07 |
| 2536 || 36.1400775671824 || 2010-10-17 02:34:57 |
| 2537 || -12.1905137526355 || 2010-03-15 17:34:28 |
| 2538 || -0.491941932796119 || 2010-05-06 01:03:52 |
| 2539 || 6.32063480417517 || 2017-06-24 08:08:13 |
| 2540 || -20.1190525072128 || 2013-01-25 12:31:15 |
| 2541 || -15.6566827938929 || 2011-05-11 00:32:37 |
| 2542 || -0.251843016728295 || 2014-07-09 04:00:06 |
| 2543 || 3.44506498242944 || 2016-06-06 07:32:47 |
| 2544 || 13.7413582198137 || 2012-06-24 08:02:04 |
| 2545 || 5.56799368255844 || 2015-10-02 02:47:37 |
| 2546 || -29.2612719991469 || 2013-05-25 20:02:06 |
| 2547 || -7.17084946079486 || 2017-03-10 06:23:35 |
| 2548 || -1.91812591268965 || 2010-04-02 17:38:05 |
| 2549 || 1.37511280100112 || 2012-03-27 03:32:28 |
| 2550 || 55.6073532707812 || 2019-01-12 13:39:07 |
| 2551 || 44.5335399603941 || 2014-02-03 14:26:39 |
| 2552 || -18.9109409209287 || 2013-07-09 00:51:28 |
| 2553 || 8.53295301498703 || 2017-09-07 23:25:57 |
| 2554 || 5.61972250810307 || 2019-01-02 01:15:33 |
| 2555 || 47.7923322858138 || 2018-11-17 00:30:58 |
| 2556 || 85.7998180766134 || 2016-11-20 11:52:04 |
| 2557 || -14.1593841742351 || 2017-11-10 16:43:02 |
| 2558 || -3.5497593393308 || 2015-10-17 16:03:01 |
| 2559 || 1.72850150008991 || 2017-02-22 06:34:25 |
| 2560 || -16.7934143484883 || 2018-12-07 14:51:13 |
| 2561 || 78.5419429685147 || 2015-02-22 16:33:49 |
| 2562 || 67.1033406482772 || 2014-07-12 11:16:51 |
| 2563 || 3.12052623182267 || 2016-01-01 01:39:38 |
| 2564 || 0.691674096455883 || 2011-08-07 00:05:04 |
| 2565 || 35.3162726742329 || 2016-11-20 05:24:19 |
| 2566 || 47.8925213272241 || 2012-12-23 12:30:20 |
| 2567 || 43.6677633277819 || 2011-03-13 03:00:31 |
| 2568 || 19.4853965658199 || 2015-05-27 19:30:28 |
| 2569 || 0.0367603132363182 || 2010-02-17 00:07:14 |
| 2570 || -4.79125192144577 || 2011-08-02 07:39:27 |
| 2571 || 43.1443348315949 || 2012-10-11 22:29:58 |
| 2572 || 62.4807979735118 || 2013-08-27 04:24:34 |
| 2573 || -6.41377295536241 || 2017-02-21 19:50:34 |
| 2574 || 0.184238285456064 || 2017-01-17 05:02:49 |
| 2575 || 10.1867110731114 || 2019-07-02 01:44:50 |
| 2576 || 51.6193153990866 || 2012-07-05 21:30:17 |
| 2577 || -5.19237937153654 || 2019-09-22 18:31:49 |
| 2578 || -6.7407785847018 || 2013-03-08 20:18:29 |
| 2579 || 0.00646773348252039 || 2015-11-10 11:36:57 |
| 2580 || 21.1594594872349 || 2018-10-09 04:30:49 |
| 2581 || 50.0981889887393 || 2013-03-11 05:55:57 |
| 2582 || 28.9055862710908 || 2013-10-21 13:24:22 |
| 2583 || 31.9549329070012 || 2018-01-01 18:04:11 |
| 2584 || 0.431374149735445 || 2018-06-27 04:31:00 |
| 2585 || 23.1429264109974 || 2018-06-25 20:25:45 |
| 2586 || -13.0318794597829 || 2014-01-22 17:07:47 |
| 2587 || 9.01751159068499 || 2013-04-21 14:06:11 |
| 2588 || 31.8424346041147 || 2013-03-11 05:07:50 |
| 2589 || 0.966094019994877 || 2017-04-02 21:54:41 |
| 2590 || -4.22277451285496 || 2018-08-12 00:15:10 |
| 2591 || 19.4701965996896 || 2012-01-01 01:35:51 |
| 2592 || 24.6752909505247 || 2012-07-24 17:55:30 |
| 2593 || 34.9900441544609 || 2015-08-16 20:30:51 |
| 2594 || 1.97393284700354 || 2011-01-24 20:44:40 |
| 2595 || 12.8719432647608 || 2011-07-12 21:53:36 |
| 2596 || -16.5143859752004 || 2018-01-12 21:45:05 |
| 2597 || 8.42654025414824 || 2011-04-20 08:58:22 |
| 2598 || -8.20889688349019 || 2019-08-24 05:49:22 |
| 2599 || 4.86340230863193 || 2019-03-15 09:58:09 |
| 2600 || 6.82646328669781 || 2019-10-20 10:57:53 |
| 2601 || -17.7228110335273 || 2015-02-25 01:13:24 |
| 2602 || 76.8429452311702 || 2015-04-11 01:06:07 |
| 2603 || 25.9943787605231 || 2013-01-10 14:19:44 |
| 2604 || 8.43505425396113 || 2016-07-04 08:07:43 |
| 2605 || 2.88064092420461 || 2015-07-20 16:00:33 |
| 2606 || -18.7188691555665 || 2011-11-19 12:43:29 |
| 2607 || 55.1821854425582 || 2016-01-02 11:26:49 |
| 2608 || -8.80878188469836 || 2019-05-06 21:50:26 |
| 2609 || -3.92029579497103 || 2019-01-07 03:16:29 |
| 2610 || 3.62508219587715 || 2013-08-19 17:27:19 |
| 2611 || 39.8720220503477 || 2014-06-24 10:18:52 |
| 2612 || -26.7350473687033 || 2013-02-10 09:15:29 |
| 2613 || 34.9923488923775 || 2015-07-23 14:25:52 |
| 2614 || 11.9812721345558 || 2014-06-05 13:11:49 |
| 2615 || -0.329361957955305 || 2011-12-18 05:56:46 |
| 2616 || 43.4830776430805 || 2012-09-18 03:54:21 |
| 2617 || 72.2793454555641 || 2018-04-25 20:31:16 |
| 2618 || 66.6047498134708 || 2016-10-12 19:35:29 |
| 2619 || 19.3056473278622 || 2013-05-09 15:48:05 |
| 2620 || 1.36616175595532 || 2014-03-14 05:01:08 |
| 2621 || 32.6055208109017 || 2012-02-05 10:09:01 |
| 2622 || 50.0121364972329 || 2010-10-07 19:26:06 |
| 2623 || 6.17047200786693 || 2014-04-22 07:54:31 |
| 2624 || 11.1059016212274 || 2010-05-12 21:19:51 |
| 2625 || 7.86363996256895e-05 || 2012-08-23 22:56:58 |
| 2626 || -7.828630278926 || 2019-06-02 13:16:52 |
| 2627 || -26.5591341603518 || 2012-03-10 06:22:31 |
| 2628 || 42.0720248676962 || 2011-09-01 13:28:29 |
| 2629 || 5.06146807120598 || 2011-08-25 06:40:41 |
| 2630 || 0.000159588726347815 || 2012-07-01 02:57:40 |
| 2631 || -6.51154522613874 || 2011-03-24 17:12:42 |
| 2632 || -17.5262847150134 || 2019-04-25 13:45:53 |
| 2633 || 9.89102371809266 || 2010-08-25 13:40:53 |
| 2634 || 35.0406638053294 || 2013-03-05 11:57:22 |
| 2635 || -0.0847629450303944 || 2016-01-04 05:07:39 |
| 2636 || 7.39897892526614 || 2012-07-16 20:58:27 |
| 2637 || 32.9090337839197 || 2012-09-06 00:30:17 |
| 2638 || 72.8545910222941 || 2016-01-14 09:31:13 |
| 2639 || -13.4623658057284 || 2010-11-23 05:46:08 |
| 2640 || 0.0508309372390513 || 2010-07-10 17:11:21 |
| 2641 || 19.3629136351535 || 2015-04-09 23:27:24 |
| 2642 || 68.2034390263391 || 2013-10-23 04:58:12 |
| 2643 || 7.73095168567404 || 2018-08-16 10:37:46 |
| 2644 || 18.4332696568997 || 2010-11-21 22:23:08 |
| 2645 || -0.945613512094789 || 2012-01-03 12:51:21 |
| 2646 || 0.182639987981346 || 2019-09-20 02:58:27 |
| 2647 || 32.9011924998301 || 2012-05-19 17:55:34 |
| 2648 || 88.935232380216 || 2014-12-27 02:58:40 |
| 2649 || 9.00993873725065 || 2013-01-24 19:03:54 |
| 2650 || 1.10113508802077 || 2013-02-22 21:34:35 |
| 2651 || -3.9572047727282 || 2019-01-27 17:01:24 |
| 2652 || 15.5645802767694 || 2016-07-08 05:43:54 |
| 2653 || 23.7955296460019 || 2015-02-01 10:37:47 |
| 2654 || -17.5487507056836 || 2012-03-22 10:40:28 |
| 2655 || 3.00755492856463 || 2014-04-02 16:04:39 |
| 2656 || 7.74540243192726 || 2015-02-18 08:20:33 |
| 2657 || 3.06290852117456 || 2012-12-15 03:48:15 |
| 2658 || 67.9830776676056 || 2014-08-10 03:36:58 |
| 2659 || 1.54437972681811 || 2016-04-16 01:58:40 |
| 2660 || 11.169213516831 || 2010-02-02 02:29:00 |
| 2661 || 5.677246844429 || 2011-09-08 23:45:49 |
| 2662 || 39.294814176285 || 2018-04-22 17:51:21 |
| 2663 || 88.5089841576696 || 2014-05-16 15:50:30 |
| 2664 || 22.4113839846017 || 2013-08-23 04:52:37 |
| 2665 || 15.0092789407912 || 2015-03-15 06:23:46 |
| 2666 || 2.23832631922877 || 2010-09-02 06:17:24 |
| 2667 || -15.4185302908921 || 2013-04-16 06:49:29 |
| 2668 || -12.6426010559601 || 2018-05-24 16:43:30 |
| 2669 || -20.0022394319923 || 2013-10-08 13:56:03 |
| 2670 || -5.54039621479713 || 2013-10-06 13:41:21 |
| 2671 || -0.262306208314567 || 2012-03-22 02:50:58 |
| 2672 || 41.4219237388189 || 2017-03-26 07:54:31 |
| 2673 || -18.5350500917508 || 2017-01-19 13:51:19 |
| 2674 || 1.43291312175395 || 2016-01-24 06:18:11 |
| 2675 || 16.4401811634978 || 2015-10-14 05:57:01 |
| 2676 || 0.491569277889828 || 2016-04-23 08:46:31 |
| 2677 || 34.4967310949446 || 2019-02-13 06:48:52 |
| 2678 || -27.8092153439318 || 2012-09-19 20:32:51 |
| 2679 || 22.4106677233894 || 2014-08-18 20:08:03 |
| 2680 || -4.55025045899591 || 2019-01-06 06:43:13 |
| 2681 || 0.0167606894034341 || 2018-11-21 06:01:43 |
| 2682 || 20.2538997457888 || 2012-09-23 10:37:36 |
| 2683 || 47.4094471039946 || 2018-07-21 22:06:23 |
| 2684 || -18.1082694189053 || 2010-10-19 13:38:56 |
| 2685 || 34.0472719647686 || 2018-07-04 07:11:14 |
| 2686 || -0.0354917568620027 || 2014-12-11 19:27:33 |
| 2687 || -4.59940387961043 || 2011-07-13 23:06:33 |
| 2688 || -15.7876106584047 || 2010-11-07 19:43:28 |
| 2689 || 60.9732056483564 || 2016-02-02 15:47:31 |
| 2690 || -13.0781898307923 || 2011-12-20 18:58:10 |
| 2691 || 0.225011156639131 || 2019-11-05 00:32:03 |
| 2692 || 17.0248698894439 || 2015-09-06 23:51:57 |
| 2693 || 72.9052182525295 || 2018-05-17 16:43:28 |
| 2694 || 86.0508201617178 || 2019-01-17 18:24:53 |
| 2695 || 36.2467565675121 || 2010-07-20 13:33:20 |
| 2696 || 2.18127164587435 || 2017-09-13 00:32:58 |
| 2697 || 2.12328175475432 || 2015-03-15 03:52:39 |
| 2698 || 62.7557051991925 || 2011-10-19 02:48:50 |
| 2699 || 46.798879093027 || 2018-09-05 16:47:11 |
| 2700 || -9.55460848906005 || 2010-04-03 08:46:26 |
| 2701 || 4.20289727242113 || 2019-10-05 05:46:34 |
| 2702 || 12.8813170828608 || 2018-05-13 05:07:27 |
| 2703 || 64.0415475147027 || 2014-01-26 04:15:09 |
| 2704 || 5.16779065003391 || 2016-10-10 18:42:22 |
| 2705 || 41.0729733208198 || 2019-04-11 03:12:58 |
| 2706 || 1.92466644558078 || 2012-03-22 14:44:59 |
| 2707 || 8.0259686511698 || 2019-09-26 07:49:03 |
| 2708 || 53.9970266492438 || 2014-04-18 09:36:23 |
| 2709 || -16.9267432321231 || 2013-12-11 23:08:54 |
| 2710 || -16.367875120153 || 2010-09-13 07:56:13 |
| 2711 || 5.0277544344914 || 2013-08-22 17:58:59 |
| 2712 || 6.22485434420526 || 2016-12-16 14:30:20 |
| 2713 || 27.2391635610272 || 2014-02-10 21:44:03 |
| 2714 || -8.50338272124426 || 2018-07-12 13:48:26 |
| 2715 || 62.5284169528158 || 2013-02-16 16:52:51 |
| 2716 || 11.9896849127607 || 2012-10-19 17:00:38 |
| 2717 || 2.57496882537978 || 2017-03-12 05:00:54 |
| 2718 || -16.1170667027579 || 2012-03-08 00:24:23 |
| 2719 || 64.9429745718161 || 2010-03-27 11:30:19 |
| 2720 || 68.9858429440491 || 2014-01-22 02:37:14 |
| 2721 || -4.95664590784185 || 2013-10-14 23:38:15 |
| 2722 || 1.76447378623675 || 2012-09-03 22:59:09 |
| 2723 || 33.6252327674327 || 2015-07-18 08:03:51 |
| 2724 || 53.8780651907716 || 2018-05-24 01:02:59 |
| 2725 || 45.0232859010354 || 2012-11-24 14:23:27 |
| 2726 || 20.7798620533395 || 2012-09-02 09:56:01 |
| 2727 || 0.399794775478245 || 2019-07-14 15:26:38 |
| 2728 || -12.2128757471618 || 2010-03-02 08:58:00 |
| 2729 || 77.1822999383423 || 2016-02-14 16:27:14 |
| 2730 || 61.5117839441 || 2012-01-03 17:18:20 |
| 2731 || -8.09031470649382 || 2015-04-21 20:55:03 |
| 2732 || 0.0569976596675017 || 2011-08-04 12:07:26 |
| 2733 || 2.91550096990044 || 2011-07-01 22:16:46 |
| 2734 || 18.2075012207652 || 2019-02-15 03:55:16 |
| 2735 || 45.0955330885359 || 2012-05-21 16:23:26 |
| 2736 || -9.66520913860763 || 2010-04-22 08:25:21 |
| 2737 || -0.0270609735979295 || 2011-01-05 05:47:28 |
| 2738 || 26.7428804841896 || 2013-11-06 14:08:46 |
| 2739 || -5.61928043690198 || 2016-11-05 21:56:19 |
| 2740 || -21.7871817697142 || 2011-04-19 06:30:59 |
| 2741 || -4.8854071510786 || 2018-06-08 02:41:42 |
| 2742 || 0.759996029290473 || 2017-02-19 03:58:12 |
| 2743 || 6.88588600269195 || 2013-04-22 06:33:25 |
| 2744 || 74.0950526674061 || 2016-05-27 05:55:15 |
| 2745 || 65.1032143514515 || 2019-05-12 14:40:17 |
| 2746 || -8.21314237966744 || 2017-08-02 21:35:44 |
| 2747 || 1.36609079523965 || 2017-03-04 03:30:19 |
| 2748 || -1.30773490956068 || 2017-10-08 23:09:00 |
| 2749 || 69.6907139617282 || 2013-04-14 10:32:58 |
| 2750 || 73.569229949558 || 2019-07-11 04:42:05 |
| 2751 || 30.2758978344934 || 2010-03-13 18:37:49 |
| 2752 || 3.3643435573863 || 2012-08-20 15:02:31 |
| 2753 || 6.69327586991461 || 2017-04-03 16:31:27 |
| 2754 || 63.6168901337252 || 2017-07-19 20:05:12 |
| 2755 || 74.0994081350484 || 2018-10-25 23:19:28 |
| 2756 || 49.4092764328865 || 2013-02-09 19:48:35 |
| 2757 || 3.0601495647336 || 2010-06-21 18:39:36 |
| 2758 || 9.92785002135068 || 2014-06-06 06:15:40 |
| 2759 || 37.0295691069127 || 2016-01-10 04:30:07 |
| 2760 || 79.4115503093998 || 2011-03-03 07:33:11 |
| 2761 || -14.7407270854287 || 2018-04-13 13:49:39 |
| 2762 || 9.25749831278456 || 2016-03-02 17:32:23 |
| 2763 || -2.12361611960271 || 2013-10-11 18:25:20 |
| 2764 || 1.45666640919077 || 2015-06-19 03:17:33 |
| 2765 || -9.02219517085331 || 2018-06-03 00:43:45 |
| 2766 || 3.87666985629654 || 2014-11-18 04:32:57 |
| 2767 || 2.81566654122103 || 2016-07-22 00:59:15 |
| 2768 || 3.72962202135935 || 2014-05-20 00:29:35 |
| 2769 || 43.249363767952 || 2015-07-06 15:38:19 |
| 2770 || -29.1148749989331 || 2017-10-17 12:37:46 |
| 2771 || 56.0142319208197 || 2019-10-04 08:41:35 |
| 2772 || 16.1592497384503 || 2012-08-09 04:39:29 |
| 2773 || 1.3066532779166 || 2013-12-24 11:19:35 |
| 2774 || 19.3693169467718 || 2014-04-14 03:17:44 |
| 2775 || -24.3196218943524 || 2014-03-08 12:17:47 |
| 2776 || 71.0017026919457 || 2015-07-08 03:31:13 |
| 2777 || 4.84769132055695 || 2017-01-20 15:10:54 |
| 2778 || 0.235530912198019 || 2019-02-08 18:14:10 |
| 2779 || 36.0457396222808 || 2015-08-23 22:34:34 |
| 2780 || -0.502245735790963 || 2015-08-12 02:40:39 |
| 2781 || 55.7832176998354 || 2013-04-16 15:20:15 |
| 2782 || -4.12070045838059 || 2013-07-24 19:45:23 |
| 2783 || 0.0516238858543401 || 2018-11-12 17:40:43 |
| 2784 || 28.8547832392877 || 2010-05-03 16:14:58 |
| 2785 || 67.0404893607977 || 2013-01-21 02:31:01 |
| 2786 || -7.1619096514955 || 2011-12-13 22:47:30 |
| 2787 || -4.93402997302527 || 2011-10-14 19:26:00 |
| 2788 || -0.0146371751920618 || 2012-08-13 19:40:18 |
| 2789 || 28.0300033503602 || 2012-01-27 04:59:04 |
| 2790 || -14.9583684565604 || 2019-05-26 18:37:18 |
| 2791 || 56.7721435818417 || 2012-06-08 12:12:45 |
| 2792 || 36.882335112533 || 2011-04-25 11:41:18 |
| 2793 || -0.15856840250255 || 2012-04-27 11:12:50 |
| 2794 || -5.22626641096117 || 2010-11-22 12:51:26 |
| 2795 || 57.9185542267383 || 2015-03-13 22:48:32 |
| 2796 || 86.2492421227043 || 2017-02-07 08:56:47 |
| 2797 || 42.6165154867702 || 2012-04-03 02:13:25 |
| 2798 || 1.37755014812013 || 2014-04-05 16:47:38 |
| 2799 || 18.5284697938544 || 2016-10-25 02:19:52 |
| 2800 || 62.9772199065226 || 2014-11-07 05:17:11 |
| 2801 || 65.0907450453599 || 2017-01-08 14:47:24 |
| 2802 || -3.26923598392911 || 2010-05-01 07:49:58 |
| 2803 || 2.48857710534678 || 2018-11-05 14:47:01 |
| 2804 || 5.00857323710116 || 2019-11-22 20:13:04 |
| 2805 || 47.7062789611025 || 2011-06-25 06:17:30 |
| 2806 || 72.0152333622396 || 2010-10-14 23:42:12 |
| 2807 || -17.7424928965229 || 2014-04-25 06:39:38 |
| 2808 || -1.0812235492372 || 2012-05-21 01:40:20 |
| 2809 || -1.66795131811157 || 2012-06-12 07:18:40 |
| 2810 || 57.8033955616684 || 2013-06-25 05:24:03 |
| 2811 || -29.0385487396335 || 2018-11-27 20:00:51 |
| 2812 || 58.7731661694913 || 2016-11-09 12:40:02 |
| 2813 || 8.77378217151885 || 2013-05-07 09:07:15 |
| 2814 || 4.56066352476216 || 2019-10-22 19:19:18 |
| 2815 || -10.2815751098337 || 2012-07-12 23:15:08 |
| 2816 || 28.488684440298 || 2016-03-10 08:20:26 |
| 2817 || 12.3981344893204 || 2017-03-23 00:10:29 |
| 2818 || 12.5518562504432 || 2010-10-12 08:30:37 |
| 2819 || 2.32771696962456 || 2010-05-04 03:47:01 |
| 2820 || 20.3261651181584 || 2011-01-16 18:37:42 |
| 2821 || -20.9701581015519 || 2019-10-22 06:13:20 |
| 2822 || 66.1639951752966 || 2010-03-27 21:18:05 |
| 2823 || 13.8411887620303 || 2015-01-25 08:12:39 |
| 2824 || 2.36260373200972 || 2010-07-27 13:23:49 |
| 2825 || 19.5595785371653 || 2012-09-21 19:51:27 |
| 2826 || 52.2904234684111 || 2019-12-13 05:56:46 |
| 2827 || 72.8583636099677 || 2014-01-23 03:46:17 |
| 2828 || 14.8701705162011 || 2019-09-07 16:12:26 |
| 2829 || -0.352209674198096 || 2019-11-25 09:57:10 |
| 2830 || 8.81038319067363 || 2012-08-04 18:28:05 |
| 2831 || -11.9028370834429 || 2019-09-27 22:24:22 |
| 2832 || -24.8968911610366 || 2019-09-02 14:29:58 |
| 2833 || 25.6307585236217 || 2010-03-10 06:51:52 |
| 2834 || 0.0500535965136295 || 2018-03-18 10:46:07 |
| 2835 || 25.5177285270186 || 2011-03-11 17:51:05 |
| 2836 || 7.54512673453992 || 2015-08-11 17:43:15 |
| 2837 || -11.0565509953953 || 2018-02-15 19:48:46 |
| 2838 || 20.5894352297273 || 2010-04-11 01:05:12 |
| 2839 || -0.0012784640678255 || 2019-10-27 16:09:41 |
| 2840 || 14.0513090489062 || 2018-11-07 23:09:03 |
| 2841 || -4.52060370590092 || 2010-02-02 03:17:11 |
| 2842 || 79.040165174354 || 2016-02-19 19:54:49 |
| 2843 || -12.1204430674782 || 2015-10-19 07:10:46 |
| 2844 || -0.122695612647673 || 2010-03-04 09:26:32 |
| 2845 || 23.0097038521482 || 2017-11-25 22:26:26 |
| 2846 || 26.0779850339958 || 2011-11-26 04:07:03 |
| 2847 || 61.8282732665026 || 2010-03-21 00:14:40 |
| 2848 || -12.6685466974469 || 2016-06-24 21:49:41 |
| 2849 || -0.28106090278976 || 2016-10-05 17:04:05 |
| 2850 || 14.8449566140696 || 2010-04-07 17:03:37 |
| 2851 || -7.1290305841626 || 2013-06-10 14:29:32 |
| 2852 || 55.9193532505148 || 2010-01-01 15:39:14 |
| 2853 || 21.0818415559193 || 2016-03-18 12:37:51 |
| 2854 || 3.05434035979708 || 2016-08-08 11:05:20 |
| 2855 || -4.09829592962061 || 2015-09-26 05:31:16 |
| 2856 || -22.1644307397392 || 2014-05-21 19:44:44 |
| 2857 || -8.01370753986749 || 2019-04-18 06:39:39 |
| 2858 || 50.6315813662121 || 2011-12-05 10:42:42 |
| 2859 || 0.716922625152046 || 2011-10-11 19:35:43 |
| 2860 || -2.43355026799938 || 2011-12-09 13:28:00 |
| 2861 || 30.1677652313506 || 2010-08-12 03:30:18 |
| 2862 || 89.6676910380902 || 2012-01-17 00:01:59 |
| 2863 || 24.035659378159 || 2018-05-14 07:47:20 |
| 2864 || -2.80704988355546 || 2019-04-25 18:46:06 |
| 2865 || 3.81577232941631 || 2010-09-03 19:53:12 |
| 2866 || 49.3354120390353 || 2017-12-02 16:32:26 |
| 2867 || 79.30073919953 || 2017-09-02 04:12:50 |
| 2868 || -5.65283248960127 || 2015-08-01 22:56:13 |
| 2869 || -4.02569882024721 || 2018-02-20 09:04:02 |
| 2870 || 3.74105923705807 || 2012-03-25 11:01:03 |
| 2871 || 1.02667034007899 || 2015-08-04 06:14:03 |
| 2872 || -13.1274761858221 || 2018-10-07 02:18:23 |
| 2873 || -1.00134081631128 || 2012-12-01 11:56:12 |
| 2874 || -5.33915568679398 || 2016-11-20 19:59:12 |
| 2875 || 1.71423968597146 || 2014-07-12 01:27:43 |
| 2876 || 32.5552629151864 || 2012-11-19 04:23:44 |
| 2877 || 87.5825917693797 || 2018-04-05 19:18:33 |
| 2878 || 70.0968866561987 || 2016-06-18 15:33:18 |
| 2879 || 16.3314180713314 || 2019-05-25 11:16:02 |
| 2880 || -0.315126763544456 || 2018-01-07 20:31:02 |
| 2881 || 33.6080264745262 || 2011-07-11 03:59:10 |
| 2882 || 60.8120179011074 || 2010-02-27 11:22:44 |
| 2883 || 75.3466870098723 || 2012-09-08 00:39:38 |
| 2884 || 2.13579415905075 || 2012-08-21 02:01:34 |
| 2885 || 0.0316370755337182 || 2018-04-02 00:03:05 |
| 2886 || -11.270897425605 || 2019-08-09 06:59:21 |
| 2887 || -15.3821537437368 || 2017-03-10 18:28:27 |
| 2888 || -12.6060824412589 || 2014-01-14 03:23:35 |
| 2889 || 4.34513526449219 || 2012-04-06 22:44:50 |
| 2890 || -1.64994410183988e-05 || 2011-07-02 07:15:24 |
| 2891 || -0.0688397139514103 || 2017-04-13 18:21:22 |
| 2892 || 79.11108528438 || 2012-03-05 17:49:52 |
| 2893 || 56.4449262299755 || 2011-10-27 20:06:40 |
| 2894 || 18.6017085974803 || 2018-09-12 14:50:59 |
| 2895 || 0.146661551289996 || 2017-10-19 19:08:23 |
| 2896 || -1.48873402118379 || 2015-04-23 20:51:22 |
| 2897 || 68.6492794024907 || 2012-04-26 03:36:02 |
| 2898 || 71.0665324232583 || 2010-10-01 20:17:19 |
| 2899 || 33.6940115014972 || 2013-01-15 03:36:45 |
| 2900 || 0.984830889849782 || 2016-01-22 16:28:23 |
| 2901 || -6.75757044304083 || 2011-08-04 04:51:10 |
| 2902 || -8.1297930867725 || 2014-08-13 13:43:57 |
| 2903 || 61.2491572954246 || 2019-11-22 03:41:09 |
| 2904 || 40.6691936257491 || 2010-02-12 18:54:31 |
| 2905 || -0.543510749508124 || 2018-05-12 20:37:03 |
| 2906 || 9.35529075986852 || 2016-09-08 13:35:56 |
| 2907 || 46.620130120512 || 2019-09-04 00:58:50 |
| 2908 || -1.16073937467427 || 2014-08-21 17:28:52 |
| 2909 || -4.47439554848376 || 2010-04-01 15:25:06 |
| 2910 || 4.22023944191841 || 2010-03-02 11:42:22 |
| 2911 || -1.7350971226445 || 2015-04-21 03:42:13 |
| 2912 || 47.5787266930435 || 2010-08-08 16:16:18 |
| 2913 || 26.2857590156986 || 2014-02-02 03:59:34 |
| 2914 || 11.5970716985398 || 2012-11-12 18:21:36 |
| 2915 || 4.92416675792632 || 2011-02-10 22:59:17 |
| 2916 || -0.638462654989524 || 2019-06-17 12:57:57 |
| 2917 || -9.40422711543728 || 2014-12-11 20:55:16 |
| 2918 || -18.3238667712748 || 2018-12-06 19:33:22 |
| 2919 || 62.0445086261431 || 2017-03-19 14:11:33 |
| 2920 || -0.333070535167637 || 2012-03-21 01:19:15 |
| 2921 || 3.58273890188366 || 2018-07-11 15:07:35 |
| 2922 || 49.9093019449671 || 2019-10-04 20:38:12 |
| 2923 || 66.7773013582633 || 2019-05-05 04:02:40 |
| 2924 || 19.7940475178466 || 2015-11-14 18:35:48 |
| 2925 || 8.79981008665631 || 2012-06-02 16:56:59 |
| 2926 || 2.50137218300245 || 2010-12-11 13:00:39 |
| 2927 || 12.0571564689854 || 2012-04-24 21:14:49 |
| 2928 || 2.78655227230943 || 2012-06-26 10:30:41 |
| 2929 || 51.5325409041293 || 2011-05-27 19:29:18 |
| 2930 || 16.3978932944146 || 2019-08-23 09:36:17 |
| 2931 || 0.0132085847707443 || 2015-11-07 05:42:21 |
| 2932 || 41.3871792992764 || 2013-02-06 11:08:15 |
| 2933 || 73.3494553898633 || 2012-09-03 19:08:13 |
| 2934 || 22.2681710180382 || 2015-06-07 03:39:42 |
| 2935 || 24.1089710247479 || 2010-12-14 08:29:41 |
| 2936 || 0.393452707555975 || 2018-02-06 06:14:42 |
| 2937 || 23.9754592016979 || 2015-08-11 20:25:04 |
| 2938 || 53.8901666717739 || 2013-06-23 03:07:36 |
| 2939 || 12.9543659024643 || 2018-06-05 14:38:45 |
| 2940 || 11.5702897584329 || 2016-05-24 08:40:19 |
| 2941 || -0.00325140385557929 || 2011-12-25 14:27:40 |
| 2942 || 30.8430964959742 || 2013-03-01 10:57:16 |
| 2943 || -17.0639526782945 || 2016-01-01 22:56:03 |
| 2944 || 43.0528887533478 || 2014-01-18 13:47:37 |
| 2945 || 18.1125214871034 || 2019-06-21 13:28:22 |
| 2946 || 0.0581701860201501 || 2017-04-18 11:10:37 |
| 2947 || 4.27277094891949 || 2018-01-26 14:50:47 |
| 2948 || -25.3383108861923 || 2012-01-18 02:21:55 |
| 2949 || 85.2569302045688 || 2010-10-19 22:58:50 |
| 2950 || -9.71289630299886 || 2012-01-18 18:00:07 |
| 2951 || 1.06864988042276 || 2016-09-13 02:48:28 |
| 2952 || -1.43419700554181 || 2011-01-23 14:45:26 |
| 2953 || 49.1120151453261 || 2017-02-23 16:21:51 |
| 2954 || -14.0114969179446 || 2012-01-25 13:23:27 |
| 2955 || 20.3499996319544 || 2016-09-16 09:51:17 |
| 2956 || -0.824211662167504 || 2015-11-05 15:20:45 |
| 2957 || -4.23676847069154 || 2015-01-24 13:02:46 |
| 2958 || 68.2377986355009 || 2014-09-13 08:09:00 |
| 2959 || 87.4192180440769 || 2017-02-26 15:31:33 |
| 2960 || -1.35556638201135 || 2014-03-01 18:31:26 |
| 2961 || 0.977240927166705 || 2016-04-21 04:16:35 |
| 2962 || -4.19051618887074 || 2017-07-01 10:03:14 |
| 2963 || 11.9896033357399 || 2015-01-05 11:32:31 |
| 2964 || -9.98632480917344 || 2013-03-22 23:06:24 |
| 2965 || 55.9116841781319 || 2015-05-16 09:27:37 |
| 2966 || -2.25121427370264 || 2012-12-14 09:42:07 |
| 2967 || 8.52004393904092 || 2017-06-20 13:11:33 |
| 2968 || 1.33448142003466 || 2018-03-14 16:28:20 |
| 2969 || 27.0504474592338 || 2017-10-14 10:35:30 |
| 2970 || 37.5577332170159 || 2017-03-11 02:36:10 |
| 2971 || -2.34664684617237 || 2016-09-20 10:20:07 |
| 2972 || -1.28749107121113 || 2013-07-10 23:16:29 |
| 2973 || 40.9484554150905 || 2018-10-02 11:05:50 |
| 2974 || -5.10271642130159 || 2011-05-16 02:42:41 |
| 2975 || -12.5307078048491 || 2012-02-14 00:17:41 |
| 2976 || 13.8600978480008 || 2012-11-25 02:33:33 |
| 2977 || 1.09261900068604 || 2012-01-22 19:04:52 |
| 2978 || -16.0038170715308 || 2019-07-08 13:42:24 |
| 2979 || 65.1147510838377 || 2019-11-08 20:44:36 |
| 2980 || -22.7718788114041 || 2011-10-02 03:36:38 |
| 2981 || 9.2633481344636 || 2017-02-27 02:16:53 |
| 2982 || -0.557784273745957 || 2014-05-02 17:53:27 |
| 2983 || -12.1147521446233 || 2019-08-05 15:32:41 |
| 2984 || 71.9073382108657 || 2012-03-18 23:26:00 |
| 2985 || 72.5272236486449 || 2017-09-08 23:51:34 |
| 2986 || 21.5594406901454 || 2012-01-24 13:06:06 |
| 2987 || 0.608936334413472 || 2013-04-22 01:31:22 |
| 2988 || -9.63573238523023 || 2012-02-14 17:09:32 |
| 2989 || 36.7813884763606 || 2019-08-25 12:30:14 |
| 2990 || 73.1238335078057 || 2017-06-07 22:37:12 |
| 2991 || 23.2565903421425 || 2010-04-24 03:57:22 |
| 2992 || 0.0241454629951916 || 2015-08-21 10:16:28 |
| 2993 || -8.85939723246896 || 2015-06-23 00:21:26 |
| 2994 || -22.5751911788338 || 2017-08-07 23:19:28 |
| 2995 || 9.53036821507127 || 2018-10-16 18:33:07 |
| 2996 || 4.58060227480357 || 2013-09-16 08:52:28 |
| 2997 || 0.0560055891511352 || 2019-09-06 02:12:40 |
| 2998 || 20.9083649657365 || 2010-10-14 11:44:24 |
| 2999 || -17.8118039918032 || 2015-01-03 11:51:13 |
| 3000 || 21.0140896173763 || 2015-09-12 03:12:31 |
| 3001 || 37.8030153356323 || 2016-03-05 21:46:22 |
| 3002 || 0.557863590287141 || 2011-10-14 01:19:18 |
| 3003 || 6.75020423755398 || 2014-11-01 13:23:08 |
| 3004 || 73.1069357346471 || 2018-04-19 06:05:38 |
| 3005 || 53.9464801624979 || 2011-08-13 19:34:34 |
| 3006 || 32.7930879773421 || 2014-05-19 06:32:31 |
| 3007 || 1.63847733088481 || 2013-12-11 09:09:44 |
| 3008 || 3.42808282056828 || 2013-02-23 15:36:55 |
| 3009 || 61.2155953812889 || 2019-02-22 11:25:48 |
| 3010 || 40.666179033409 || 2014-10-21 05:33:59 |
| 3011 || -11.5240724372076 || 2015-08-20 16:47:13 |
| 3012 || -0.317946780815133 || 2012-11-01 10:40:19 |
| 3013 || -4.02671301957242 || 2013-10-25 01:42:47 |
| 3014 || 64.450407415319 || 2018-02-06 01:36:42 |
| 3015 || -5.86616819683429 || 2011-01-26 23:14:42 |
| 3016 || 3.53617895510131 || 2018-01-05 05:22:13 |
| 3017 || 6.36550187134062 || 2013-02-26 13:35:18 |
| 3018 || 9.7720068443562 || 2011-05-02 09:40:01 |
| 3019 || 59.2455777272483 || 2011-06-12 22:38:53 |
| 3020 || -11.4896087074634 || 2010-04-17 14:40:03 |
| 3021 || 8.96133622385252 || 2016-07-10 05:31:13 |
| 3022 || 9.23076890823642 || 2018-10-18 19:57:05 |
| 3023 || 0.541615793268979 || 2014-06-10 21:20:48 |
| 3024 || 54.1326755057116 || 2019-05-07 15:25:54 |
| 3025 || 49.1303394457599 || 2018-07-16 18:31:43 |
| 3026 || -21.6237369599216 || 2015-02-21 20:18:41 |
| 3027 || 13.4215935635366 || 2017-06-06 22:38:53 |
| 3028 || -1.2872229022646 || 2012-09-14 13:25:50 |
| 3029 || -4.44336420404842 || 2012-05-17 07:25:06 |
| 3030 || 88.6059677472064 || 2011-06-12 23:54:56 |
| 3031 || -19.2797846316467 || 2015-12-15 15:38:35 |
| 3032 || 10.4243512005353 || 2013-07-20 06:59:40 |
| 3033 || -0.56197038867288 || 2010-04-06 03:30:18 |
| 3034 || 18.0410143254033 || 2017-08-20 13:34:16 |
| 3035 || -28.981241752278 || 2016-02-07 13:20:02 |
| 3036 || 73.2766129724393 || 2012-05-03 13:45:57 |
| 3037 || 3.06745894878794 || 2011-11-22 15:03:25 |
| 3038 || 0.176271014580902 || 2014-03-22 11:21:15 |
| 3039 || -10.2976312928306 || 2014-09-22 06:06:28 |
| 3040 || 47.1574933730788 || 2019-01-02 20:02:06 |
| 3041 || 73.1260702566144 || 2012-01-27 18:03:47 |
| 3042 || 2.87612503121324 || 2015-01-27 06:49:19 |
| 3043 || 0.0736630379649641 || 2016-05-05 09:25:57 |
| 3044 || -10.7468431605294 || 2019-06-20 23:52:41 |
| 3045 || 79.89298987842 || 2017-10-22 23:38:52 |
| 3046 || 57.5144843032301 || 2019-06-21 09:04:06 |
| 3047 || 28.5266862155715 || 2011-02-01 13:54:15 |
| 3048 || 0.0485645504287616 || 2012-09-20 19:53:40 |
| 3049 || -7.32579020154885 || 2016-05-15 11:18:12 |
| 3050 || -24.4235879430149 || 2010-08-01 04:47:20 |
| 3051 || -28.1108609032778 || 2017-06-26 01:33:52 |
| 3052 || 25.3600371937493 || 2015-08-12 16:12:26 |
| 3053 || -0.126549850772617 || 2019-07-04 16:40:52 |
| 3054 || -3.90879193268384 || 2016-12-20 23:43:42 |
| 3055 || 64.3968632145141 || 2013-08-05 23:39:58 |
| 3056 || 83.7127585946334 || 2015-04-11 00:22:25 |
| 3057 || 38.6488250429847 || 2018-06-23 13:45:25 |
| 3058 || 1.75331558801035 || 2019-08-14 04:05:58 |
| 3059 || 5.11219619844151 || 2012-11-25 01:15:42 |
| 3060 || 49.9051307525466 || 2014-06-02 02:28:23 |
| 3061 || 57.4177396425784 || 2015-04-25 22:49:49 |
| 3062 || -1.95956990490709 || 2010-09-02 04:39:57 |
| 3063 || 2.64523953355452 || 2017-03-14 04:44:37 |
| 3064 || 1.02066324328304 || 2017-06-16 07:11:52 |
| 3065 || 65.6541669631334 || 2019-10-09 14:16:06 |
| 3066 || 12.7105008186616 || 2010-07-23 12:53:45 |
| 3067 || 19.4472709734932 || 2014-05-19 16:30:13 |
| 3068 || -1.38743715610445 || 2014-10-23 02:17:02 |
| 3069 || 6.88219725933639 || 2011-03-20 11:16:32 |
| 3070 || 21.6881147486335 || 2013-10-17 11:29:00 |
| 3071 || 88.2634020065526 || 2014-03-01 18:55:26 |
| 3072 || 51.5910752260245 || 2013-11-08 17:14:09 |
| 3073 || 3.03618198741579 || 2010-10-08 07:30:40 |
| 3074 || 6.54456202034344 || 2017-04-25 17:40:54 |
| 3075 || 47.8076130348515 || 2018-01-12 14:34:32 |
| 3076 || -17.9599651735166 || 2014-12-21 03:07:29 |
| 3077 || 25.6832313759753 || 2019-08-03 00:31:19 |
| 3078 || 12.8829305949023 || 2017-08-02 10:10:12 |
| 3079 || 2.50167211265075 || 2018-09-05 19:51:12 |
| 3080 || 25.7374214417878 || 2015-07-12 07:54:07 |
| 3081 || 40.0552110485161 || 2015-02-12 06:07:37 |
| 3082 || -6.56862246310569 || 2011-02-07 23:47:07 |
| 3083 || 15.4727379981392 || 2018-11-16 09:51:16 |
| 3084 || 0.941575802476314 || 2019-01-25 12:43:07 |
| 3085 || 7.16086196972781 || 2013-02-11 20:19:30 |
| 3086 || 36.0331612100301 || 2018-04-15 23:20:29 |
| 3087 || -14.1462843918639 || 2016-01-20 20:48:02 |
| 3088 || 17.3737752512762 || 2013-11-22 13:09:15 |
| 3089 || -0.243224781012655 || 2011-02-17 21:15:42 |
| 3090 || 21.6563807058491 || 2018-01-19 16:07:56 |
| 3091 || 18.3500259446015 || 2016-09-04 19:50:09 |
| 3092 || 52.3697061993374 || 2015-07-10 23:03:17 |
| 3093 || -0.0455217997904633 || 2012-09-11 18:12:56 |
| 3094 || -0.0275014874425715 || 2017-06-12 07:01:28 |
| 3095 || 3.1659690964888 || 2013-01-13 06:51:25 |
| 3096 || 20.0341439583473 || 2013-08-12 19:21:44 |
| 3097 || -13.0493395575441 || 2014-12-16 07:12:34 |
| 3098 || -9.84015312390023 || 2015-02-13 15:02:41 |
| 3099 || 0.019804607776247 || 2016-12-06 04:10:55 |
| 3100 || 19.8195117455498 || 2010-08-07 17:52:14 |
| 3101 || -11.3438951045571 || 2016-11-23 19:25:14 |
| 3102 || 13.0922156178186 || 2018-08-08 23:40:02 |
| 3103 || 34.1013342695849 || 2019-04-12 13:47:57 |
| 3104 || -0.0259621585925671 || 2011-12-08 08:17:11 |
| 3105 || -3.35083850739638 || 2015-11-01 00:31:51 |
| 3106 || 1.93123293045956 || 2010-04-20 13:26:45 |
| 3107 || 86.0795902038455 || 2012-08-23 23:10:25 |
| 3108 || 13.1278163227401 || 2011-09-01 06:58:17 |
| 3109 || 0.918927460494854 || 2013-03-21 05:09:39 |
| 3110 || -4.32002715490647 || 2017-01-06 02:15:39 |
| 3111 || 20.379273204081 || 2019-05-25 12:59:36 |
| 3112 || 12.3758390128821 || 2011-08-22 03:52:29 |
| 3113 || 4.51341368576953 || 2013-02-22 02:45:48 |
| 3114 || -0.672231588101227 || 2010-03-07 04:37:57 |
| 3115 || 14.888230802696 || 2010-01-12 21:11:46 |
| 3116 || 32.1183520628644 || 2011-11-06 08:37:49 |
| 3117 || 69.9672233770168 || 2017-07-15 20:28:33 |
| 3118 || 45.8955748301082 || 2018-06-21 04:33:25 |
| 3119 || 0.525570813428715 || 2012-09-21 11:45:43 |
| 3120 || 10.1412059690378 || 2017-02-27 08:16:26 |
| 3121 || 54.9787623414873 || 2016-07-15 01:41:01 |
| 3122 || 5.83710321320923 || 2018-11-21 06:36:11 |
| 3123 || 16.9880512115107 || 2018-03-21 15:19:02 |
| 3124 || 1.10568795767495 || 2014-07-04 21:29:11 |
| 3125 || -2.58882850059676 || 2019-09-13 22:12:51 |
| 3126 || 48.7738671933407 || 2013-08-07 12:21:10 |
| 3127 || -29.9430758969065 || 2016-08-13 12:18:40 |
| 3128 || 48.5859157475496 || 2012-06-22 22:57:45 |
| 3129 || 9.5439473807454 || 2014-01-09 22:31:29 |
| 3130 || -0.107702336988746 || 2014-11-02 19:24:58 |
| 3131 || -7.65784371421857 || 2011-07-06 23:26:08 |
| 3132 || 88.8343055432757 || 2010-06-21 09:08:16 |
| 3133 || 64.337334476067 || 2011-09-14 17:01:30 |
| 3134 || 14.9495345911985 || 2012-07-23 04:13:47 |
| 3135 || 2.75555252250528 || 2010-10-02 13:05:20 |
| 3136 || -14.0801992477153 || 2012-05-17 04:48:19 |
| 3137 || 87.3806555025138 || 2010-10-08 15:22:33 |
| 3138 || 0.311265386540717 || 2018-04-10 21:39:05 |
| 3139 || 13.8918968881816 || 2011-03-06 08:09:46 |
| 3140 || -0.298700077709224 || 2019-06-17 00:04:25 |
| 3141 || -7.5002390536715 || 2015-04-19 18:46:00 |
| 3142 || -24.2101911869816 || 2015-11-16 10:16:55 |
| 3143 || 13.8548104557814 || 2018-11-05 09:11:30 |
| 3144 || 5.25335529142404 || 2014-10-04 16:42:14 |
| 3145 || 0.259223206437654 || 2014-09-12 09:49:22 |
| 3146 || 24.624637729183 || 2012-04-25 12:47:46 |
| 3147 || -5.18465224887593 || 2014-05-08 06:27:02 |
| 3148 || -13.4771098533699 || 2017-05-13 11:38:36 |
| 3149 || -9.18772772962779 || 2012-04-10 19:06:39 |
| 3150 || 0.00149743409808759 || 2010-08-12 12:45:58 |
| 3151 || 21.8569200687324 || 2016-04-07 00:58:26 |
| 3152 || 5.45994472131147 || 2012-10-18 15:56:49 |
| 3153 || -18.5240934706796 || 2018-01-24 17:12:49 |
| 3154 || 31.7226402738296 || 2019-11-10 20:01:56 |
| 3155 || 0.373440180085254 || 2015-10-12 23:47:22 |
| 3156 || 21.7772605859495 || 2014-06-22 00:25:29 |
| 3157 || 25.1096650373138 || 2013-03-02 01:53:52 |
| 3158 || -23.4472554532158 || 2016-09-07 19:18:12 |
| 3159 || -2.54382224246089 || 2018-04-17 19:25:20 |
| 3160 || 0.616319556530824 || 2013-02-19 08:35:43 |
| 3161 || 5.64808038914698 || 2011-04-01 18:48:12 |
| 3162 || -13.676922102183 || 2015-10-22 02:28:03 |
| 3163 || 60.7917963625095 || 2019-03-26 11:22:02 |
| 3164 || -12.6552897097599 || 2015-08-11 19:07:02 |
| 3165 || -0.3819581029965 || 2011-03-20 05:39:18 |
| 3166 || 3.76923417681429 || 2018-06-15 18:10:16 |
| 3167 || 33.2583046767907 || 2010-10-11 00:17:57 |
| 3168 || 68.5695371085281 || 2011-03-23 08:07:42 |
| 3169 || 48.5598133945196 || 2017-05-18 21:28:08 |
| 3170 || 2.72174427264257 || 2018-08-19 04:59:30 |
| 3171 || 3.86096184361817 || 2014-10-21 16:22:59 |
| 3172 || -10.3401042087821 || 2013-12-12 08:29:40 |
| 3173 || 89.0460399131699 || 2013-09-21 03:49:13 |
| 3174 || -19.0197422219241 || 2014-06-15 20:49:05 |
| 3175 || -2.63440282119427 || 2018-12-14 17:54:32 |
| 3176 || 8.35894491879651 || 2014-07-08 12:57:39 |
| 3177 || 57.2818196576134 || 2014-03-25 10:16:15 |
| 3178 || -21.4112612864469 || 2015-11-19 01:59:51 |
| 3179 || -15.5350800669447 || 2010-05-10 10:53:36 |
| 3180 || 11.2242982217191 || 2014-09-13 10:53:04 |
| 3181 || 5.47197172822497 || 2017-01-01 06:08:02 |
| 3182 || 36.526627132248 || 2017-10-01 01:08:59 |
| 3183 || -22.5959245862935 || 2016-08-23 10:27:55 |
| 3184 || 66.5614451446669 || 2011-09-02 08:32:36 |
| 3185 || -4.26557323650907 || 2017-02-14 14:57:46 |
| 3186 || -0.50480528544506 || 2019-08-24 15:58:10 |
| 3187 || 6.55129963557609 || 2017-03-11 03:59:37 |
| 3188 || -21.5858641627284 || 2019-06-13 09:16:44 |
| 3189 || 27.592912074117 || 2017-04-02 07:20:07 |
| 3190 || -5.85426496477894 || 2013-02-24 17:39:53 |
| 3191 || -0.27158347755509 || 2019-09-14 03:44:25 |
| 3192 || 25.0626289578349 || 2015-08-17 09:24:06 |
| 3193 || 11.9463415699716 || 2019-01-01 00:41:01 |
| 3194 || -13.2825824727326 || 2019-11-19 03:45:08 |
| 3195 || 0.657870759997427 || 2016-12-05 19:16:31 |
| 3196 || 0.380514114390975 || 2019-02-04 08:03:24 |
| 3197 || -11.3925228776831 || 2011-07-24 22:09:22 |
| 3198 || 64.3141684335561 || 2017-05-24 07:44:19 |
| 3199 || 79.6472872564489 || 2012-03-03 10:49:30 |
| 3200 || -8.7609948550117 || 2017-05-05 11:45:15 |
| 3201 || 0.00457620688776548 || 2017-03-25 17:46:45 |
| 3202 || 30.0395914700368 || 2012-03-21 03:50:17 |
| 3203 || -24.4312661589507 || 2019-08-02 01:39:19 |
| 3204 || 53.6931624696543 || 2019-02-17 05:31:23 |
| 3205 || 33.5818922592354 || 2013-10-25 23:56:42 |
| 3206 || 0.110495976634058 || 2017-12-08 10:18:40 |
| 3207 || 1.05547135680493 || 2015-01-09 00:20:18 |
| 3208 || 61.3898439923253 || 2012-11-07 02:22:17 |
| 3209 || 21.13618706735 || 2019-10-10 09:24:01 |
| 3210 || -12.1754978208079 || 2015-10-27 14:33:19 |
| 3211 || 1.09494899602487 || 2017-07-12 20:54:05 |
| 3212 || 19.5155732945539 || 2016-03-25 15:43:38 |
| 3213 || 68.8861318336099 || 2011-07-08 06:23:02 |
| 3214 || 26.6424499420359 || 2017-08-10 00:46:36 |
| 3215 || -11.741245517893 || 2011-03-03 00:52:18 |
| 3216 || 0.0420677581735832 || 2012-12-07 20:09:11 |
| 3217 || 8.10175572448962 || 2016-07-08 16:53:36 |
| 3218 || 42.3033829063415 || 2018-12-25 12:50:48 |
| 3219 || -1.86134847431983 || 2013-07-14 11:55:18 |
| 3220 || 22.189228373265 || 2015-04-02 02:30:03 |
| 3221 || 4.55450031048452 || 2018-02-11 17:20:23 |
| 3222 || -3.97593358961997 || 2014-09-19 15:18:36 |
| 3223 || -13.6010236771433 || 2019-01-14 10:28:15 |
| 3224 || 86.7092229401251 || 2010-07-23 04:39:44 |
| 3225 || -17.80249765287 || 2018-09-04 07:25:17 |
| 3226 || -0.352754561380089 || 2019-03-10 10:32:17 |
| 3227 || 6.56938214849048 || 2012-07-20 10:42:31 |
| 3228 || 43.7563648430688 || 2017-08-27 01:25:24 |
| 3229 || -28.4239457894127 || 2014-11-21 23:38:23 |
| 3230 || 8.6069020175039 || 2018-11-02 16:20:55 |
| 3231 || 9.30271729387785 || 2017-01-09 09:12:54 |
| 3232 || 4.79622559835251 || 2012-06-26 04:45:39 |
| 3233 || 49.5693478323657 || 2018-08-18 11:02:25 |
| 3234 || -26.704546269503 || 2018-05-04 02:20:01 |
| 3235 || 54.9693973319184 || 2016-07-17 18:55:30 |
| 3236 || 3.98877563251319 || 2014-03-27 04:47:07 |
| 3237 || 1.15914033170071 || 2015-10-15 08:29:33 |
| 3238 || 24.5518139980265 || 2012-01-16 09:30:50 |
| 3239 || 77.0898665734652 || 2011-01-06 07:05:01 |
| 3240 || -23.4379620210453 || 2015-06-01 11:31:43 |
| 3241 || -3.8324989138556 || 2013-11-18 19:50:43 |
| 3242 || 0.300355356804157 || 2014-02-07 09:45:58 |
| 3243 || 33.9774453354025 || 2013-08-17 04:41:56 |
| 3244 || 6.01155408418066 || 2015-03-27 20:58:22 |
| 3245 || -25.0520456332559 || 2019-05-14 00:46:59 |
| 3246 || 23.5436771521963 || 2011-07-24 20:58:59 |
| 3247 || -0.166452252085487 || 2011-08-10 19:10:47 |
| 3248 || -2.46812819480585 || 2016-03-15 15:38:52 |
| 3249 || 65.8745281226097 || 2014-11-14 10:15:49 |
| 3250 || 9.0112154421739 || 2012-06-23 11:09:48 |
| 3251 || 27.1244048535054 || 2014-10-18 18:35:16 |
| 3252 || 0.0043198657995119 || 2015-09-06 12:48:59 |
| 3253 || -3.06108107960915 || 2013-03-16 10:50:26 |
| 3254 || 37.2482447925422 || 2019-02-11 04:24:48 |
| 3255 || -22.3857198512416 || 2019-08-19 13:48:27 |
| 3256 || -10.914313378459 || 2018-11-21 14:35:00 |
| 3257 || -0.00691416298289469 || 2018-02-11 14:14:44 |
| 3258 || 4.72763777529617 || 2019-07-07 08:59:39 |
| 3259 || 40.8832819841996 || 2019-04-14 22:48:41 |
| 3260 || 56.4516381371142 || 2012-11-17 08:32:10 |
| 3261 || 33.507664115633 || 2016-07-15 11:56:43 |
| 3262 || 0.930785806876731 || 2012-10-09 04:30:14 |
| 3263 || 14.9553543488358 || 2010-06-03 17:09:03 |
| 3264 || -15.1411093122034 || 2011-05-13 01:27:39 |
| 3265 || -22.7758257563592 || 2018-02-03 06:30:06 |
| 3266 || -5.73265860423101 || 2010-12-02 20:54:53 |
| 3267 || 1.86390611592374 || 2012-06-22 12:18:10 |
| 3268 || 12.2344743752299 || 2015-03-25 12:47:35 |
| 3269 || 8.92606644778653 || 2010-05-13 12:31:48 |
| 3270 || 26.4928915263558 || 2018-12-25 02:54:42 |
| 3271 || 16.7411023326589 || 2011-04-04 00:35:27 |
| 3272 || 4.26951594762823 || 2018-03-24 04:50:10 |
| 3273 || 10.1099594703819 || 2012-02-26 06:31:01 |
| 3274 || -12.8731498367975 || 2017-12-17 16:15:12 |
| 3275 || -23.1791557152401 || 2016-06-03 05:05:56 |
| 3276 || -8.88416178752185 || 2015-01-18 08:18:00 |
| 3277 || 0.211024778491644 || 2017-05-07 06:12:50 |
| 3278 || 3.83847364884254 || 2019-03-08 14:32:13 |
| 3279 || 55.9692969847928 || 2015-05-05 16:09:06 |
| 3280 || 29.7881647328225 || 2010-06-03 06:26:50 |
| 3281 || -19.1062495293229 || 2013-02-13 09:06:44 |
| 3282 || 10.1867824464491 || 2011-12-10 02:28:17 |
| 3283 || 6.26439219028911 || 2019-09-10 15:23:26 |
| 3284 || 40.8021725089331 || 2012-01-10 11:18:00 |
| 3285 || 66.4167941053482 || 2018-02-02 09:05:44 |
| 3286 || -4.62596945251335 || 2017-02-17 14:09:50 |
| 3287 || 0.972938719310694 || 2011-01-24 15:30:34 |
| 3288 || 0.544579993869846 || 2011-10-03 23:28:36 |
| 3289 || 6.36467700286117 || 2014-11-15 16:38:08 |
| 3290 || 81.7414559858447 || 2016-06-05 03:19:56 |
| 3291 || -0.458915011749304 || 2013-08-21 13:31:43 |
| 3292 || 3.32370035671674 || 2018-08-20 07:45:22 |
| 3293 || 0.17261044623185 || 2016-01-03 05:56:56 |
| 3294 || 4.98276701641419 || 2015-04-10 16:07:38 |
| 3295 || -28.3220557514012 || 2017-05-23 21:07:14 |
| 3296 || 60.7735188572062 || 2014-02-24 12:03:03 |
| 3297 || 3.31454261341446 || 2018-12-23 03:51:17 |
| 3298 || -0.240542202529764 || 2016-03-15 06:47:16 |
| 3299 || 37.6171306297307 || 2017-04-12 04:23:15 |
| 3300 || 33.0897982589569 || 2012-08-25 00:19:50 |
| 3301 || 36.3661135274271 || 2016-04-26 17:53:12 |
| 3302 || 24.5397804562994 || 2017-05-12 02:47:40 |
| 3303 || -0.00959228589418851 || 2011-05-26 21:23:35 |
| 3304 || 21.7281161206859 || 2013-10-12 06:07:00 |
| 3305 || 59.8468156029408 || 2018-09-05 16:03:31 |
| 3306 || 75.8864800621295 || 2011-01-18 21:41:38 |
| 3307 || 28.8709861736037 || 2019-11-14 07:17:37 |
| 3308 || 0.0782971976173924 || 2019-06-17 16:02:17 |
| 3309 || 17.2611778677567 || 2010-01-20 22:06:08 |
| 3310 || 77.6952789131349 || 2017-09-24 05:43:50 |
| 3311 || 81.0608276999242 || 2018-10-22 16:48:44 |
| 3312 || 34.2372757333952 || 2018-01-18 11:28:16 |
| 3313 || 0.692676154637764 || 2017-04-19 08:56:09 |
| 3314 || 0.869249461049176 || 2010-12-21 01:01:12 |
| 3315 || 49.823793803828 || 2013-08-05 05:00:37 |
| 3316 || 44.0457754927481 || 2010-09-27 07:43:59 |
| 3317 || -13.1822085703059 || 2018-09-25 19:06:42 |
| 3318 || 1.79458511159921 || 2012-02-08 07:06:31 |
| 3319 || -6.02925486606486 || 2016-11-20 16:19:15 |
| 3320 || 63.9818601749627 || 2016-08-24 21:55:31 |
| 3321 || 86.542464227307 || 2017-11-01 10:28:12 |
| 3322 || 29.0095919493662 || 2013-07-14 18:52:50 |
| 3323 || -0.215485739886977 || 2012-03-14 10:11:48 |
| 3324 || 13.9112156790685 || 2016-01-01 04:20:42 |
| 3325 || 63.8405784691692 || 2017-06-27 00:37:14 |
| 3326 || -28.9016481041166 || 2013-01-08 10:24:43 |
| 3327 || -12.4222435350099 || 2010-01-19 02:09:00 |
| 3328 || 5.76850357502581 || 2018-03-22 03:05:58 |
| 3329 || 4.91998043396838 || 2014-11-17 07:40:18 |
| 3330 || 7.8075619345352 || 2011-07-17 19:19:26 |
| 3331 || -19.5080640169335 || 2014-04-27 06:57:01 |
| 3332 || -8.07159063809789 || 2013-07-09 10:56:34 |
| 3333 || 9.59809241119988 || 2013-07-06 02:10:45 |
| 3334 || 6.14188011642163 || 2010-11-25 09:20:53 |
| 3335 || 0.0248022041761224 || 2014-04-21 20:13:57 |
| 3336 || 89.1964101457498 || 2012-09-09 08:40:22 |
| 3337 || -21.3363199427781 || 2012-06-10 09:27:48 |
| 3338 || 4.85075688604313 || 2012-04-07 08:50:37 |
| 3339 || -1.30959873696714 || 2016-05-05 20:32:34 |
| 3340 || -9.44835356907365 || 2012-02-14 13:49:12 |
| 3341 || 83.5112319663022 || 2012-08-08 21:34:32 |
| 3342 || -9.0546570335605 || 2010-07-26 03:40:16 |
| 3343 || 0.152399055192335 || 2018-07-02 18:01:09 |
| 3344 || 0.14842303543566 || 2011-08-07 05:11:33 |
| 3345 || 31.653958199879 || 2019-04-07 18:42:05 |
| 3346 || 73.9879426998255 || 2013-01-03 08:11:20 |
| 3347 || -24.4934284647531 || 2011-02-06 16:56:48 |
| 3348 || -5.83219868313259 || 2016-06-03 06:29:20 |
| 3349 || -0.229643768885445 || 2018-05-12 16:35:24 |
| 3350 || -11.8596054489904 || 2016-11-24 08:14:23 |
| 3351 || 37.3610037034071 || 2013-05-26 21:43:56 |
| 3352 || -18.6341067677207 || 2012-06-12 04:34:10 |
| 3353 || 11.3780980705018 || 2010-03-22 06:04:29 |
| 3354 || -0.0266529014056805 || 2017-05-27 06:36:01 |
| 3355 || 4.70412735553081 || 2019-02-20 11:07:24 |
| 3356 || 77.8688145144915 || 2011-04-21 03:33:04 |
| 3357 || -2.98262077075089 || 2017-08-24 10:19:44 |
| 3358 || 13.9084812067643 || 2019-11-04 23:45:23 |
| 3359 || -0.00551889461268278 || 2010-04-27 18:32:38 |
| 3360 || -3.19000528379752 || 2018-01-25 07:00:52 |
| 3361 || -25.7515327475574 || 2014-12-21 03:57:55 |
| 3362 || 57.3633078193921 || 2016-02-20 10:06:29 |
| 3363 || 3.94480154065682 || 2012-03-22 11:55:02 |
| 3364 || -0.113492264696629 || 2010-11-09 17:39:09 |
| 3365 || 15.512173567941 || 2013-12-10 11:17:37 |
| 3366 || 47.0907457671931 || 2016-11-04 01:25:10 |
| 3367 || 14.4057299588347 || 2013-04-02 07:39:50 |
| 3368 || -10.2489574487035 || 2013-11-06 03:09:07 |
| 3369 || -0.439927141861257 || 2013-07-18 15:26:12 |
| 3370 || 15.7196290132538 || 2015-03-06 11:43:27 |
| 3371 || 4.29622355780357 || 2016-08-23 15:37:30 |
| 3372 || -18.8205962487505 || 2019-01-27 05:49:58 |
| 3373 || 4.14692118135096 || 2012-12-26 18:54:06 |
| 3374 || 2.49160400583806 || 2013-10-19 03:28:05 |
| 3375 || 9.64996099396104 || 2012-03-11 10:58:00 |
| 3376 || 30.106559007122 || 2017-06-24 09:32:53 |
| 3377 || -12.6295780109275 || 2014-02-27 08:26:41 |
| 3378 || 7.06487724273185 || 2013-08-02 14:15:43 |
| 3379 || 4.50792272644969 || 2014-07-04 18:16:53 |
| 3380 || 2.75899234172968 || 2011-10-20 17:57:54 |
| 3381 || 59.2862488281419 || 2018-11-10 06:32:07 |
| 3382 || 69.6036479817497 || 2013-10-01 05:15:16 |
| 3383 || 33.7948044474698 || 2012-12-10 23:21:55 |
| 3384 || 8.82531915531809 || 2015-11-18 02:38:52 |
| 3385 || 4.3393062400433 || 2011-12-26 01:28:25 |
| 3386 || -2.04335140702948 || 2014-02-15 20:04:17 |
| 3387 || -1.75591533103589 || 2015-11-08 13:28:24 |
| 3388 || 63.5515687874177 || 2015-11-14 08:52:31 |
| 3389 || 5.83888524107539 || 2013-08-02 11:07:56 |
| 3390 || -1.55941013855013 || 2014-07-21 15:32:51 |
| 3391 || 39.6831087070654 || 2016-12-20 23:19:42 |
| 3392 || 44.1529855691607 || 2015-09-20 15:58:36 |
| 3393 || -17.6385786674373 || 2013-08-19 14:48:45 |
| 3394 || 5.27772639483202 || 2015-10-10 04:35:16 |
| 3395 || 1.31145514655646 || 2016-01-17 06:45:19 |
| 3396 || -7.59842937411714 || 2017-11-18 18:17:34 |
| 3397 || -0.173503238376227 || 2019-08-23 05:29:11 |
| 3398 || -23.7396385688893 || 2011-01-06 09:46:30 |
| 3399 || 20.7770153762948 || 2014-08-10 21:35:27 |
| 3400 || -0.241302685190292 || 2016-03-19 13:37:24 |
| 3401 || -9.50958094980645 || 2013-02-10 13:23:10 |
| 3402 || 82.7517608842518 || 2010-10-02 03:45:43 |
| 3403 || 7.96540964298988 || 2015-01-21 12:21:18 |
| 3404 || 0.847838824342828 || 2017-11-08 09:44:23 |
| 3405 || -0.0474591312785262 || 2016-03-16 02:49:12 |
| 3406 || -7.5984046111369 || 2013-03-05 16:23:33 |
| 3407 || -3.43417133852258 || 2016-08-23 19:43:00 |
| 3408 || 51.5858969078832 || 2017-12-16 19:53:22 |
| 3409 || 5.03778042203673 || 2015-03-03 05:23:49 |
| 3410 || 0.00279786189234068 || 2013-10-13 23:24:35 |
| 3411 || 1.15301996605006 || 2014-06-20 14:28:27 |
| 3412 || -26.0644972220284 || 2014-12-19 01:28:28 |
| 3413 || 49.5901434667492 || 2010-03-25 14:06:35 |
| 3414 || -2.0477052625141 || 2015-06-17 16:02:50 |
| 3415 || 0.146411287751869 || 2013-12-27 01:07:16 |
| 3416 || 23.9751353746735 || 2014-10-13 03:19:39 |
| 3417 || 46.3521469713411 || 2016-12-02 17:35:11 |
| 3418 || -21.6755307911601 || 2019-06-11 10:53:23 |
| 3419 || -11.2909702377032 || 2012-02-17 08:12:55 |
| 3420 || 1.0117998082046 || 2014-07-06 00:37:24 |
| 3421 || 7.25317586441711 || 2012-07-12 21:07:01 |
| 3422 || -23.7674470214498 || 2013-02-22 11:23:19 |
| 3423 || 51.3307338744394 || 2011-12-25 14:24:02 |
| 3424 || -10.0113274998718 || 2013-06-05 01:33:55 |
| 3425 || 2.25866785642599 || 2012-03-21 02:45:32 |
| 3426 || 6.44664263234694 || 2018-06-23 13:58:01 |
| 3427 || -5.73963084666637 || 2013-02-25 01:12:37 |
| 3428 || 82.208694345632 || 2017-12-22 08:24:46 |
| 3429 || 49.5187688652203 || 2011-06-11 08:43:48 |
| 3430 || 3.84292557625774 || 2014-08-25 08:57:15 |
| 3431 || 1.6779467120165 || 2015-03-09 22:26:35 |
| 3432 || 0.690011486219045 || 2013-12-15 01:46:32 |
| 3433 || 86.2651249795462 || 2012-12-20 07:45:15 |
| 3434 || -8.34066454683036 || 2014-02-02 10:41:54 |
| 3435 || 4.36765601225663 || 2012-09-04 17:32:04 |
| 3436 || 7.99831995327513 || 2012-03-19 09:28:07 |
| 3437 || -9.3516589547592 || 2016-12-04 17:21:13 |
| 3438 || -5.56386249751103 || 2015-09-07 08:45:33 |
| 3439 || -16.8156989640618 || 2010-12-09 11:24:14 |
| 3440 || 1.66614838158017 || 2010-07-17 13:27:32 |
| 3441 || -1.76181960829366 || 2018-12-04 01:41:43 |
| 3442 || 22.1213334620567 || 2017-05-12 05:43:41 |
| 3443 || 65.4736224943928 || 2012-03-14 15:27:13 |
| 3444 || 64.210566262405 || 2013-03-22 14:19:51 |
| 3445 || 1.12786046824642 || 2010-08-10 03:50:46 |
| 3446 || 0.80389356683448 || 2017-08-18 09:47:23 |
| 3447 || 31.4944062986011 || 2011-01-27 14:27:53 |
| 3448 || 60.6531783782482 || 2014-05-07 20:08:25 |
| 3449 || -18.2663159079255 || 2018-12-22 18:07:35 |
| 3450 || 10.6025114429722 || 2019-07-04 10:05:04 |
| 3451 || 1.39673985137814 || 2012-08-26 21:11:23 |
| 3452 || -12.4086869846973 || 2017-05-02 14:40:48 |
| 3453 || -8.37997532351126 || 2012-09-04 00:05:41 |
| 3454 || 46.8316919381185 || 2018-06-06 10:50:58 |
| 3455 || -2.46601208152808 || 2019-10-25 02:25:38 |
| 3456 || -0.114162767679124 || 2019-08-26 12:17:08 |
| 3457 || -1.14201905562025 || 2018-11-20 08:54:52 |
| 3458 || 4.88475082698252 || 2019-06-07 02:14:28 |
| 3459 || 24.5315736753302 || 2019-05-03 14:19:35 |
| 3460 || 18.5547236465051 || 2019-03-24 02:07:30 |
| 3461 || 0.00138427277852418 || 2011-10-25 05:02:45 |
| 3462 || 28.2255373178181 || 2019-04-15 01:49:45 |
| 3463 || 50.217325254575 || 2014-07-27 03:47:30 |
| 3464 || 32.9277428577029 || 2015-12-06 05:01:55 |
| 3465 || 9.79313814998032 || 2012-09-06 20:14:38 |
| 3466 || 0.22757082314765 || 2016-08-25 06:32:38 |
| 3467 || -7.63167040559794 || 2012-05-02 08:26:24 |
| 3468 || 51.9442090090276 || 2019-01-11 01:04:16 |
| 3469 || -23.2006317861378 || 2015-11-23 01:33:12 |
| 3470 || 1.86138012775697 || 2011-04-15 11:11:18 |
| 3471 || 0.616566982317156 || 2018-11-02 02:36:58 |
| 3472 || 10.0974024364904 || 2013-01-27 18:25:21 |
| 3473 || 19.0444380638574 || 2011-04-11 02:20:44 |
| 3474 || 72.4915183540838 || 2013-08-25 19:10:44 |
| 3475 || -0.0816376056258909 || 2012-10-08 06:00:29 |
| 3476 || 2.55425736823917 || 2015-07-01 13:27:35 |
| 3477 || 10.5596437483268 || 2011-06-22 23:11:14 |
| 3478 || -5.9954121807071 || 2014-01-12 14:35:22 |
| 3479 || -0.903507183361362 || 2015-09-23 07:20:17 |
| 3480 || 25.8656076434874 || 2016-11-11 16:23:24 |
| 3481 || -1.47276697943551 || 2015-02-06 20:10:14 |
| 3482 || 3.16660909523742 || 2013-06-08 12:42:23 |
| 3483 || -1.94948463959484 || 2015-03-27 00:21:33 |
| 3484 || 56.8908900633358 || 2019-06-23 04:24:41 |
| 3485 || 55.7794536991071 || 2017-03-06 18:51:56 |
| 3486 || -1.99925823302977 || 2013-10-12 00:12:45 |
| 3487 || 2.42786123561 || 2012-05-27 21:09:58 |
| 3488 || 57.1269316255155 || 2013-12-05 17:30:58 |
| 3489 || 79.0594428328753 || 2018-12-22 05:39:46 |
| 3490 || 4.60137042497269 || 2016-06-05 07:35:15 |
| 3491 || 9.60754074257835 || 2012-11-16 15:40:27 |
| 3492 || -0.0620204676704853 || 2016-02-25 03:11:58 |
| 3493 || 33.2705573272564 || 2012-09-05 07:32:49 |
| 3494 || -27.6944416525249 || 2017-06-18 18:35:16 |
| 3495 || -10.7103746528643 || 2015-11-19 02:17:07 |
| 3496 || -1.79347199267127 || 2019-05-07 18:11:13 |
| 3497 || 2.0980393705681 || 2014-12-02 20:21:13 |
| 3498 || 26.9790857513516 || 2018-06-14 11:50:25 |
| 3499 || 53.8931570669726 || 2014-10-26 17:50:43 |
| 3500 || 29.4813371566597 || 2010-02-01 00:40:27 |
| 3501 || 19.1612582249663 || 2014-07-08 05:52:18 |
| 3502 || 1.08278139972911 || 2012-02-17 22:59:13 |
| 3503 || 41.9513944324599 || 2013-10-11 14:42:34 |
| 3504 || 84.5532653855588 || 2013-01-03 13:03:52 |
| 3505 || 59.987002414637 || 2017-07-11 20:18:30 |
| 3506 || -3.98544433784435 || 2010-03-25 06:41:57 |
| 3507 || 0.18328082191891 || 2014-02-17 05:24:52 |
| 3508 || 35.524578129093 || 2013-06-09 02:55:05 |
| 3509 || -24.5362244460028 || 2017-07-19 06:44:44 |
| 3510 || -24.8285508606075 || 2017-06-16 09:43:54 |
| 3511 || 2.78894540725217 || 2015-08-10 02:26:35 |
| 3512 || 0.0113265613370244 || 2016-06-18 19:48:08 |
| 3513 || -9.62611953787076 || 2018-03-10 14:38:59 |
| 3514 || -13.6290998393536 || 2018-07-09 10:55:45 |
| 3515 || 81.6113922257203 || 2011-12-12 01:04:31 |
| 3516 || -6.41265123265464 || 2012-02-26 20:20:52 |
| 3517 || 0.177550010247851 || 2010-01-14 23:20:17 |
| 3518 || 12.4160819798649 || 2015-03-10 13:56:28 |
| 3519 || 7.2283479726661 || 2010-08-19 08:46:41 |
| 3520 || 83.9373930547472 || 2019-01-19 10:00:51 |
| 3521 || 35.3207072358913 || 2017-12-17 21:28:54 |
| 3522 || 0.80798820517184 || 2010-05-20 01:10:37 |
| 3523 || -7.15999908433978 || 2013-05-01 05:39:49 |
| 3524 || -24.2704459206132 || 2015-06-18 19:23:40 |
| 3525 || 87.0097880198406 || 2013-11-14 14:07:19 |
| 3526 || 18.9276912267212 || 2011-10-08 17:36:53 |
| 3527 || 0.0490769082806336 || 2012-01-05 14:15:36 |
| 3528 || -4.68816900686881 || 2010-07-12 10:13:50 |
| 3529 || 52.7123646264138 || 2013-10-23 12:48:19 |
| 3530 || -15.0843981357816 || 2017-01-09 18:24:48 |
| 3531 || -16.5066942921931 || 2017-07-22 00:45:35 |
| 3532 || -0.493023066074618 || 2012-01-21 23:30:11 |
| 3533 || 0.419565920486527 || 2018-03-01 20:16:31 |
| 3534 || -17.7576017592184 || 2013-08-16 04:46:51 |
| 3535 || 83.5324634726154 || 2019-08-20 02:14:32 |
| 3536 || 10.9310444952066 || 2010-06-27 07:22:47 |
| 3537 || -1.38798920209144 || 2019-09-11 14:35:44 |
| 3538 || 7.66576670364224 || 2016-08-22 07:31:13 |
| 3539 || -15.0799302978126 || 2017-03-23 17:43:24 |
| 3540 || 12.7071054097349 || 2011-09-06 19:21:57 |
| 3541 || -11.5914338099543 || 2011-01-02 02:39:58 |
| 3542 || -3.38640833082926 || 2015-01-02 09:33:21 |
| 3543 || 3.65668146442454 || 2014-03-07 22:50:22 |
| 3544 || 36.0092495698617 || 2011-05-23 21:23:28 |
| 3545 || 2.78456001376206 || 2017-03-03 18:49:35 |
| 3546 || 47.4547838383197 || 2019-10-22 13:48:19 |
| 3547 || -4.71461306742522 || 2016-02-19 03:56:46 |
| 3548 || 3.56964773326209 || 2014-03-15 23:00:45 |
| 3549 || -2.73515616518288 || 2010-10-17 01:08:52 |
| 3550 || 15.2416794723167 || 2016-06-11 23:33:17 |
| 3551 || 48.1753555256343 || 2015-04-18 00:43:44 |
| 3552 || 4.55298265148735 || 2015-05-22 18:48:10 |
| 3553 || -0.56307419693322 || 2019-11-15 05:48:33 |
| 3554 || -14.2810927685362 || 2014-11-02 19:34:43 |
| 3555 || 42.9160898474756 || 2019-08-20 13:51:32 |
| 3556 || 27.4072110731962 || 2012-02-06 01:40:27 |
| 3557 || -6.57129700358504 || 2015-05-12 14:53:15 |
| 3558 || 0.628869610830352 || 2017-03-18 15:15:02 |
| 3559 || 5.02185274895599 || 2012-12-17 21:22:07 |
| 3560 || 49.9080776410376 || 2015-04-26 03:09:38 |
| 3561 || 21.8410256967541 || 2013-05-08 21:43:20 |
| 3562 || -2.95445858323333 || 2016-03-18 10:01:39 |
| 3563 || 0.00361391399480719 || 2012-08-04 18:14:48 |
| 3564 || 3.90651777692192 || 2013-09-03 13:26:37 |
| 3565 || 21.8539527541781 || 2017-05-11 13:43:30 |
| 3566 || -7.91933570518516 || 2011-06-25 00:36:51 |
| 3567 || -10.7412761187208 || 2012-10-18 04:35:40 |
| 3568 || 0.101626789089876 || 2019-05-11 05:13:40 |
| 3569 || 22.8004757393759 || 2018-08-07 17:09:45 |
| 3570 || 9.79375723409115 || 2011-12-08 06:09:36 |
| 3571 || 84.3003168954472 || 2014-09-06 23:57:50 |
| 3572 || 38.1382795017659 || 2011-06-04 20:08:06 |
| 3573 || 0.409187966532922 || 2016-08-23 01:44:48 |
| 3574 || 19.7351757334222 || 2019-03-23 22:08:28 |
| 3575 || -24.2532341345678 || 2015-01-25 01:20:24 |
| 3576 || -28.9763997413 || 2010-08-24 18:31:14 |
| 3577 || -11.581889760344 || 2013-10-11 13:29:20 |
| 3578 || 0.198005047645604 || 2010-08-17 19:25:39 |
| 3579 || 4.09732540571241 || 2011-01-01 08:53:56 |
| 3580 || 62.3993794442252 || 2013-08-02 07:10:35 |
| 3581 || -28.2109881308304 || 2010-01-13 14:05:04 |
| 3582 || -5.20568291745091 || 2013-10-15 19:11:26 |
| 3583 || 2.21495523810132 || 2018-05-13 21:33:57 |
| 3584 || 13.3503732987831 || 2012-05-05 07:21:45 |
| 3585 || 17.6491777157481 || 2010-10-26 17:43:57 |
| 3586 || 70.1834929113976 || 2019-07-25 08:20:34 |
| 3587 || -4.95359558171703 || 2017-04-21 15:11:28 |
| 3588 || 3.79105744165871 || 2017-11-08 12:35:24 |
| 3589 || 7.64435806237149 || 2017-02-07 13:14:01 |
| 3590 || 43.4022777239717 || 2015-11-10 21:16:21 |
| 3591 || 14.4896246735193 || 2013-01-25 23:47:53 |
| 3592 || 56.2686780661864 || 2014-07-20 12:31:27 |
| 3593 || 4.36480768284285 || 2015-09-01 05:49:41 |
| 3594 || -1.76203951811521 || 2015-04-24 21:10:37 |
| 3595 || 17.8896828032372 || 2010-09-09 09:08:13 |
| 3596 || -26.1849352036987 || 2016-12-14 01:58:11 |
| 3597 || 55.0932448670474 || 2018-05-27 04:44:03 |
| 3598 || 0.816014382510609 || 2014-10-15 21:20:04 |
| 3599 || -1.15681722638221 || 2019-01-16 10:35:49 |
| 3600 || 49.4775455489349 || 2018-05-17 03:32:34 |
| 3601 || 53.1560862439961 || 2019-11-15 01:01:41 |
| 3602 || -22.1966000291455 || 2017-11-19 13:13:28 |
| 3603 || 2.24291626413307 || 2012-03-01 19:52:20 |
| 3604 || 2.26291617887566 || 2013-06-06 07:47:21 |
| 3605 || -10.0185918624469 || 2017-09-02 03:10:15 |
| 3606 || 77.7693638490314 || 2017-07-21 11:06:23 |
| 3607 || 21.8748151201746 || 2013-04-14 14:05:51 |
| 3608 || -3.85361406731248 || 2016-12-02 23:48:36 |
| 3609 || 0.12809085702759 || 2019-08-18 05:59:51 |
| 3610 || 13.4155948697209 || 2019-05-12 11:50:11 |
| 3611 || 84.8471272849426 || 2015-07-03 19:42:45 |
| 3612 || -25.4441777230082 || 2010-05-20 00:53:15 |
| 3613 || -1.85112111218361 || 2017-01-12 16:51:38 |
| 3614 || 0.114140772005271 || 2019-11-07 01:52:57 |
| 3615 || 15.3227878388643 || 2018-02-12 11:25:18 |
| 3616 || 66.4167120176407 || 2014-07-01 08:54:27 |
| 3617 || 69.9559338578402 || 2019-04-11 21:43:22 |
| 3618 || 23.9210706152913 || 2018-07-09 15:03:50 |
| 3619 || 0.00811342241721592 || 2013-09-14 13:40:58 |
| 3620 || 15.5738726263372 || 2016-12-15 01:00:47 |
| 3621 || 1.56781263441966 || 2015-06-27 05:22:49 |
| 3622 || 10.902215213473 || 2013-11-09 07:59:18 |
| 3623 || -8.16987093923964 || 2013-04-25 23:12:34 |
| 3624 || 0.488455027888991 || 2013-11-14 04:30:18 |
| 3625 || 22.6847437664455 || 2011-01-01 18:25:40 |
| 3626 || 69.8864657618916 || 2014-09-13 11:55:20 |
| 3627 || 86.5691790106083 || 2016-03-18 23:56:37 |
| 3628 || 38.7171578315687 || 2010-06-08 13:46:28 |
| 3629 || 0.9741531066213 || 2016-11-12 20:11:22 |
| 3630 || 12.5220231379074 || 2019-09-17 00:02:25 |
| 3631 || -8.94540953812774 || 2010-01-25 07:51:25 |
| 3632 || 24.0011288224397 || 2019-02-14 11:00:20 |
| 3633 || 41.7132812957941 || 2016-11-26 04:19:38 |
| 3634 || 2.71377026032991 || 2014-10-24 07:06:31 |
| 3635 || -4.48178551983167 || 2015-11-16 03:26:32 |
| 3636 || 20.4605510537816 || 2014-03-04 06:53:48 |
| 3637 || 87.30737726415 || 2011-10-07 01:34:11 |
| 3638 || -17.407518363378 || 2017-12-22 03:08:11 |
| 3639 || -0.363112833718322 || 2015-09-15 19:36:24 |
| 3640 || 10.6181992768097 || 2013-11-09 21:23:08 |
| 3641 || 32.9651206152933 || 2017-01-20 13:53:35 |
| 3642 || -25.5147341465504 || 2015-03-17 00:02:57 |
| 3643 || -19.3344030075588 || 2015-11-04 18:05:40 |
| 3644 || -2.91764152214442 || 2011-12-05 05:09:20 |
| 3645 || 7.12624220288412 || 2014-08-09 21:21:42 |
| 3646 || -7.57604970682665 || 2018-10-17 07:15:17 |
| 3647 || 13.2436257872673 || 2015-08-13 13:27:50 |
| 3648 || 51.5846925425119 || 2018-06-23 12:52:55 |
| 3649 || 4.61660804238347 || 2015-07-24 05:15:37 |
| 3650 || -1.31585180389489 || 2012-04-14 15:15:30 |
| 3651 || -4.1350227154927 || 2015-12-13 18:33:01 |
| 3652 || 88.0175176234027 || 2011-06-26 08:46:35 |
| 3653 || 41.9659468709645 || 2015-03-19 08:14:57 |
| 3654 || 12.8676348947079 || 2011-04-10 05:14:54 |
| 3655 || 0.0468074939158611 || 2017-11-05 06:00:18 |
| 3656 || 44.0064539058452 || 2016-02-11 14:34:03 |
| 3657 || 85.8039951626101 || 2014-12-22 23:11:25 |
| 3658 || -14.3431782219198 || 2014-02-12 16:06:41 |
| 3659 || 21.1394739296174 || 2014-02-23 07:08:52 |
| 3660 || 1.06866190011703 || 2014-06-05 20:06:12 |
| 3661 || 13.781167955459 || 2010-01-23 02:50:05 |
| 3662 || -15.3439743438831 || 2011-11-26 21:14:04 |
| 3663 || 49.6174162447783 || 2013-05-05 22:27:03 |
| 3664 || 18.8029359112949 || 2015-04-22 05:12:24 |
| 3665 || 0.0161237319740375 || 2014-08-07 18:57:40 |
| 3666 || 14.0985690949991 || 2013-10-13 01:25:44 |
| 3667 || 77.7528509858611 || 2016-01-07 11:49:48 |
| 3668 || -26.3755684160896 || 2018-09-11 12:08:41 |
| 3669 || -10.0253827255585 || 2013-02-14 23:24:23 |
| 3670 || 0.00399572654803649 || 2012-05-08 11:38:14 |
| 3671 || -1.59225833030348 || 2016-09-11 22:15:32 |
| 3672 || 8.57916955203942 || 2019-08-14 04:28:03 |
| 3673 || 25.7650460671891 || 2018-08-09 12:28:59 |
| 3674 || -11.6897434440398 || 2017-11-10 11:32:40 |
| 3675 || -0.148156633211942 || 2018-10-20 04:44:14 |
| 3676 || 5.71526501211551 || 2012-03-23 01:50:46 |
| 3677 || 18.6842131104386 || 2011-01-01 15:51:04 |
| 3678 || 79.3652738569343 || 2017-08-17 18:57:04 |
| 3679 || 38.1988896512272 || 2010-05-02 05:03:14 |
| 3680 || 1.46567267642122 || 2015-10-16 16:12:30 |
| 3681 || -5.96617834486356 || 2012-07-19 07:45:51 |
| 3682 || -22.8346548900767 || 2013-12-12 22:42:37 |
| 3683 || -14.9408175728618 || 2016-12-02 13:23:06 |
| 3684 || -6.23913767919977 || 2011-12-12 00:27:23 |
| 3685 || -0.668833791754707 || 2019-09-17 17:26:05 |
| 3686 || 0.653510936098702 || 2010-10-26 05:29:56 |
| 3687 || -17.1389765595033 || 2014-03-04 12:33:00 |
| 3688 || 88.8846010674643 || 2017-04-10 18:54:08 |
| 3689 || 46.3506468821794 || 2013-07-08 13:08:34 |
| 3690 || 2.15423345880476 || 2015-02-11 21:16:52 |
| 3691 || 9.86192420668838 || 2018-02-08 22:29:51 |
| 3692 || 31.1116999842805 || 2013-07-05 21:38:00 |
| 3693 || 71.3090946951259 || 2016-07-14 16:42:16 |
| 3694 || 4.84574123101632 || 2012-05-12 12:27:23 |
| 3695 || -2.30484706958936 || 2014-03-19 05:28:06 |
| 3696 || -2.39857224998142 || 2011-12-05 11:31:19 |
| 3697 || -17.9059903181437 || 2014-01-25 10:05:44 |
| 3698 || 89.7250159456377 || 2014-11-26 17:55:01 |
| 3699 || 4.89498975270512 || 2012-07-25 18:08:10 |
| 3700 || 10.3083946755512 || 2016-01-20 06:20:50 |
| 3701 || 4.34088410648919 || 2011-11-19 11:29:34 |
| 3702 || 11.3071186213004 || 2013-02-02 05:11:27 |
| 3703 || -23.1006966077287 || 2011-04-25 09:06:38 |
| 3704 || -18.526146926271 || 2014-04-07 20:10:15 |
| 3705 || -4.45707104707842 || 2019-06-20 21:32:41 |
| 3706 || 0.662708097722815 || 2017-01-24 23:32:21 |
| 3707 || 37.7964773206889 || 2017-11-09 06:33:32 |
| 3708 || 86.6521818218329 || 2019-11-02 09:28:55 |
| 3709 || 66.1138382448527 || 2015-12-19 12:23:57 |
| 3710 || -5.35036551862606 || 2011-04-17 19:06:40 |
| 3711 || -0.223282440147733 || 2011-06-07 01:09:50 |
| 3712 || 12.4888016779274 || 2010-09-13 19:47:08 |
| 3713 || 2.39763142340389 || 2010-11-11 18:43:46 |
| 3714 || -5.02328299810518 || 2010-04-07 13:11:50 |
| 3715 || 3.55685936378669 || 2010-10-09 13:46:59 |
| 3716 || 0.33615151705184 || 2019-02-22 02:13:06 |
| 3717 || 6.27219041093902 || 2019-09-02 22:39:09 |
| 3718 || -24.830368060045 || 2018-10-10 01:48:29 |
| 3719 || -22.403611422784 || 2017-08-24 07:56:59 |
| 3720 || 15.3903533545824 || 2016-06-24 10:57:15 |
| 3721 || 2.09517287487422e-06 || 2018-03-18 05:44:56 |
| 3722 || -9.4938628511606 || 2017-10-10 10:14:56 |
| 3723 || 68.1226906633654 || 2013-09-26 20:03:10 |
| 3724 || 78.6081883311026 || 2019-05-16 01:32:37 |
| 3725 || 15.4732517711432 || 2014-08-06 22:48:27 |
| 3726 || 0.10546286420738 || 2015-01-12 00:08:43 |
| 3727 || -7.101928661525 || 2012-07-13 02:27:43 |
| 3728 || -8.98487086771222 || 2014-08-05 05:30:09 |
| 3729 || 34.3602052155206 || 2012-02-24 14:07:59 |
| 3730 || 37.9420162997148 || 2011-05-19 12:36:52 |
| 3731 || -0.141254456569083 || 2012-03-13 12:32:43 |
| 3732 || -2.86042772794775 || 2019-03-14 19:59:54 |
| 3733 || 34.8674897361959 || 2010-09-09 03:51:21 |
| 3734 || 87.7039707921659 || 2011-10-20 00:21:49 |
| 3735 || 41.0631137320715 || 2019-07-02 05:51:35 |
| 3736 || 2.76324112695847 || 2019-03-10 04:54:14 |
| 3737 || 0.0792280729617064 || 2014-11-02 04:38:33 |
| 3738 || 29.8263658103779 || 2011-10-16 04:21:48 |
| 3739 || 84.5699634641946 || 2011-05-01 07:10:44 |
| 3740 || 49.0834837904962 || 2014-05-20 00:01:06 |
| 3741 || 4.24443514859145 || 2016-11-13 21:34:18 |
| 3742 || 7.99562068336393 || 2011-12-13 19:06:49 |
| 3743 || 47.0627007722341 || 2014-09-05 22:02:08 |
| 3744 || 15.5443387922996 || 2011-01-13 16:20:27 |
| 3745 || 29.5048052435902 || 2011-02-12 21:19:58 |
| 3746 || 7.89772408864158 || 2019-11-13 05:05:24 |
| 3747 || 3.06724761691916 || 2016-11-25 23:34:41 |
| 3748 || 13.5712399498542 || 2017-09-01 01:28:06 |
| 3749 || 32.4598734472152 || 2017-06-12 10:08:43 |
| 3750 || -5.60605887867895 || 2014-11-15 13:32:44 |
| 3751 || 10.9276947411603 || 2014-05-22 12:28:58 |
| 3752 || -1.82459198173823 || 2012-04-24 13:06:23 |
| 3753 || 52.4538728603693 || 2019-03-20 16:30:40 |
| 3754 || 22.9583235303957 || 2017-02-13 07:23:49 |
| 3755 || 66.244462485339 || 2016-12-13 15:30:35 |
| 3756 || 11.8376157754803 || 2011-07-20 15:43:36 |
| 3757 || 3.12310700304242 || 2013-09-26 19:32:25 |
| 3758 || -14.3300668899255 || 2015-02-11 18:28:19 |
| 3759 || -6.49157091968889 || 2018-09-19 10:10:06 |
| 3760 || 61.1134285275519 || 2015-01-21 02:14:12 |
| 3761 || -6.454073328889 || 2016-03-16 22:03:14 |
| 3762 || 1.56476911932057 || 2017-10-27 01:23:35 |
| 3763 || 10.1005323136149 || 2018-04-18 09:52:55 |
| 3764 || 86.256349179968 || 2019-12-14 20:03:07 |
| 3765 || 10.3312166637287 || 2015-01-05 11:14:38 |
| 3766 || 21.9561978409482 || 2015-02-15 03:54:46 |
| 3767 || 0.199754223775447 || 2012-08-05 15:32:08 |
| 3768 || -11.9710113726001 || 2011-07-25 23:48:58 |
| 3769 || 83.3164325655507 || 2013-08-09 19:18:50 |
| 3770 || -26.048786900626 || 2016-09-03 13:17:40 |
| 3771 || -7.08228157216823 || 2016-01-16 08:49:15 |
| 3772 || 0.0121253917384312 || 2015-02-01 17:32:51 |
| 3773 || 30.3002237951485 || 2014-08-01 17:38:46 |
| 3774 || -26.0352943565666 || 2014-04-26 21:16:04 |
| 3775 || 35.141376638653 || 2013-02-13 17:06:01 |
| 3776 || 22.087657407021 || 2019-05-26 17:08:23 |
| 3777 || 0.105599507420497 || 2019-03-09 19:18:28 |
| 3778 || -5.68717355921745 || 2018-07-27 17:21:18 |
| 3779 || -12.2104261110599 || 2016-01-07 03:43:20 |
| 3780 || 58.9646627606605 || 2012-07-24 02:08:25 |
| 3781 || 38.9734379369905 || 2014-01-04 09:37:18 |
| 3782 || -0.3440583411154 || 2015-02-21 18:14:44 |
| 3783 || -5.90536312688868 || 2017-03-03 21:51:34 |
| 3784 || 43.2855329263376 || 2012-03-25 12:35:16 |
| 3785 || -22.7416902741253 || 2014-01-25 13:54:04 |
| 3786 || 44.4445027457333 || 2011-09-02 05:32:25 |
| 3787 || 1.55930033143077 || 2011-07-21 07:37:52 |
| 3788 || 13.0485470828093 || 2013-10-12 13:56:19 |
| 3789 || 46.4872142030087 || 2010-10-22 22:02:52 |
| 3790 || 18.776255755285 || 2013-04-11 16:01:44 |
| 3791 || 37.9662080047071 || 2011-03-07 09:48:22 |
| 3792 || 4.07814809174272 || 2019-08-19 05:10:14 |
| 3793 || 12.4907105723971 || 2011-06-13 03:30:32 |
| 3794 || 31.1838258433888 || 2018-11-25 18:36:30 |
| 3795 || 20.9779798094231 || 2014-12-12 00:58:24 |
| 3796 || -16.0169185444989 || 2014-01-20 20:15:14 |
| 3797 || 6.9523511839107 || 2014-07-27 21:03:31 |
| 3798 || 9.06042491260883 || 2018-09-20 04:50:18 |
| 3799 || -6.71679190364779 || 2010-05-09 05:21:57 |
| 3800 || 69.9756382181878 || 2016-03-22 01:13:17 |
| 3801 || 60.6485659365667 || 2015-10-19 17:33:41 |
| 3802 || 1.42972330285948 || 2015-04-15 10:28:27 |
| 3803 || 1.89561376877269 || 2017-06-12 06:58:37 |
| 3804 || -16.936451727287 || 2017-09-27 08:08:49 |
| 3805 || 13.1892182928694 || 2019-02-20 10:24:14 |
| 3806 || -16.9664100033058 || 2012-08-03 12:32:03 |
| 3807 || 10.3074330388229 || 2016-08-03 15:14:35 |
| 3808 || 2.39942212191241 || 2019-11-25 01:32:01 |
| 3809 || 4.06413917404127 || 2015-08-12 20:52:58 |
| 3810 || 11.7824461449997 || 2016-04-12 03:15:59 |
| 3811 || 67.4926941363693 || 2015-08-10 23:12:32 |
| 3812 || 17.1247430276291 || 2017-06-01 16:57:43 |
| 3813 || 0.703930728271082 || 2017-04-12 09:21:49 |
| 3814 || 12.9032971378275 || 2014-07-15 00:40:58 |
| 3815 || -23.257926238557 || 2017-02-27 08:23:48 |
| 3816 || 65.5931365893248 || 2012-10-01 19:32:20 |
| 3817 || 1.02123885222892 || 2015-04-09 07:08:57 |
| 3818 || -0.208691806409104 || 2018-06-26 07:21:40 |
| 3819 || -12.0531372569843 || 2010-05-06 07:42:06 |
| 3820 || 81.7780147421713 || 2012-05-13 13:11:24 |
| 3821 || -12.5219988830742 || 2018-06-04 20:08:48 |
| 3822 || -1.47679501415433 || 2013-07-05 16:25:40 |
| 3823 || 0.0109587913074788 || 2018-12-02 01:56:47 |
| 3824 || -10.6400979331756 || 2012-09-23 13:20:24 |
| 3825 || -3.58663916148663 || 2011-05-14 09:09:31 |
| 3826 || 69.8565053620182 || 2017-09-20 07:26:01 |
| 3827 || 28.6816708784918 || 2011-05-12 06:23:13 |
| 3828 || 0.0616978030024441 || 2017-10-10 00:45:21 |
| 3829 || 11.4922852863747 || 2013-02-08 12:03:28 |
| 3830 || 29.9113990255316 || 2011-10-19 02:19:23 |
| 3831 || -28.0423820884774 || 2017-03-16 16:04:48 |
| 3832 || 11.7684940569125 || 2013-07-05 16:24:04 |
| 3833 || -0.152160532507755 || 2013-02-12 21:52:54 |
| 3834 || 0.72465151879948 || 2018-02-15 08:13:18 |
| 3835 || 24.9910788240014 || 2011-08-03 07:21:26 |
| 3836 || -21.8580142308278 || 2015-05-20 16:49:37 |
| 3837 || 43.8730471588063 || 2018-08-02 00:00:44 |
| 3838 || 1.56802802842822 || 2016-12-27 10:20:58 |
| 3839 || -3.60821454090312 || 2015-09-04 12:39:00 |
| 3840 || -19.0293547136568 || 2012-10-21 09:24:21 |
| 3841 || 23.7780439186875 || 2011-06-25 08:42:31 |
| 3842 || 38.2530016943286 || 2016-03-14 10:10:53 |
| 3843 || 3.98034767082277 || 2016-02-06 20:34:39 |
| 3844 || -0.510925770344599 || 2019-05-16 12:35:55 |
| 3845 || 55.7804546331635 || 2018-04-20 14:26:50 |
| 3846 || 12.5496261482039 || 2016-03-19 02:03:58 |
| 3847 || -11.2370188917438 || 2014-12-02 18:29:20 |
| 3848 || 3.51538291347963 || 2018-10-17 21:36:39 |
| 3849 || 7.74538014470671 || 2011-05-18 00:25:58 |
| 3850 || -11.0341518128506 || 2019-01-07 20:53:25 |
| 3851 || 59.6335161743508 || 2017-11-22 02:37:53 |
| 3852 || 59.9721988549425 || 2012-03-04 23:00:17 |
| 3853 || -2.90017906585455 || 2018-09-10 14:36:25 |
| 3854 || 1.75525915048299 || 2010-02-25 14:30:32 |
| 3855 || 26.3512252709194 || 2012-01-19 12:28:38 |
| 3856 || -25.8124919976991 || 2010-09-17 07:28:11 |
| 3857 || -9.63586766133894 || 2013-07-12 01:28:59 |
| 3858 || 13.0368699018561 || 2010-08-27 23:11:45 |
| 3859 || 2.8317736032085 || 2015-05-18 01:04:12 |
| 3860 || -15.0689762092122 || 2011-10-03 21:37:19 |
| 3861 || 74.3302371386723 || 2013-06-04 14:46:10 |
| 3862 || 66.3079797253329 || 2010-04-20 01:57:46 |
| 3863 || 9.08421222413063 || 2015-09-19 01:19:50 |
| 3864 || 1.68648180012175 || 2018-06-21 16:48:13 |
| 3865 || 12.8912247626767 || 2016-07-13 22:00:53 |
| 3866 || 63.8253490046306 || 2017-02-01 07:18:04 |
| 3867 || -15.4996576741359 || 2018-11-02 15:57:24 |
| 3868 || 22.255164448983 || 2012-04-21 07:00:08 |
| 3869 || 0.510716988012598 || 2019-08-17 04:04:02 |
| 3870 || 3.17442986235136 || 2016-03-25 08:41:08 |
| 3871 || -22.462675490401 || 2016-07-22 13:05:05 |
| 3872 || 32.1033340875629 || 2018-07-27 13:05:12 |
| 3873 || 22.3439213981238 || 2014-02-03 15:30:15 |
| 3874 || 0.10815961688935 || 2018-10-15 14:57:54 |
| 3875 || 30.0059247570439 || 2014-10-23 02:51:01 |
| 3876 || 54.5043159732744 || 2017-06-24 00:50:58 |
| 3877 || -4.67082035742373 || 2017-02-15 06:21:48 |
| 3878 || 28.6700550808801 || 2014-07-09 17:36:40 |
| 3879 || -0.0161155999107502 || 2019-11-01 21:35:58 |
| 3880 || 2.91874733706075 || 2012-08-02 03:22:50 |
| 3881 || 75.3388445115445 || 2012-11-04 09:54:51 |
| 3882 || 10.2529349568139 || 2017-03-20 18:19:28 |
| 3883 || 26.8199144691531 || 2010-06-16 15:50:43 |
| 3884 || 0.517894035241179 || 2011-05-24 15:21:31 |
| 3885 || -6.22899359801033 || 2017-11-05 20:29:28 |
| 3886 || 38.6503918415748 || 2010-11-13 11:57:07 |
| 3887 || 7.53723584661125 || 2013-07-13 22:08:21 |
| 3888 || -14.3079093699824 || 2017-08-04 14:37:07 |
| 3889 || 0.48617110048894 || 2010-03-09 23:11:31 |
| 3890 || -4.73228724065968 || 2012-11-06 05:02:38 |
| 3891 || 69.756975237258 || 2016-04-27 01:35:26 |
| 3892 || -29.3093992400988 || 2018-06-24 04:53:30 |
| 3893 || -9.64830143979586 || 2010-10-13 13:47:29 |
| 3894 || 2.38118977686819 || 2013-08-20 19:42:23 |
| 3895 || -0.942719248853009 || 2014-10-15 22:54:02 |
| 3896 || 10.9017973940428 || 2012-10-18 16:40:45 |
| 3897 || -29.8493665406595 || 2018-10-21 06:54:12 |
| 3898 || -16.7567622432965 || 2015-08-01 11:33:56 |
| 3899 || 4.64116664639842 || 2012-12-03 20:34:31 |
| 3900 || -1.66816205414473 || 2015-08-13 10:51:56 |
| 3901 || 12.6712667514882 || 2015-05-18 11:31:53 |
| 3902 || -18.0541241758367 || 2013-11-21 21:57:28 |
| 3903 || 3.68955049921721 || 2012-02-13 00:10:20 |
| 3904 || 8.22106463633463 || 2011-10-23 18:47:53 |
| 3905 || 0.135418208927379 || 2012-09-11 22:28:09 |
| 3906 || 40.6678116085649 || 2018-10-14 05:47:06 |
| 3907 || -12.5440691332611 || 2013-05-14 23:39:10 |
| 3908 || -6.58880441525355 || 2013-02-05 13:11:28 |
| 3909 || 9.36284047612245 || 2015-09-19 21:44:56 |
| 3910 || -1.31715079715845 || 2019-02-05 23:13:32 |
| 3911 || -15.8957641487048 || 2013-03-19 05:06:28 |
| 3912 || 44.2962594367834 || 2019-12-14 02:03:57 |
| 3913 || 3.8564847821355 || 2012-01-05 03:32:38 |
| 3914 || -0.376015915133625 || 2016-03-16 07:26:58 |
| 3915 || 2.29269493064584 || 2012-10-14 07:32:49 |
| 3916 || 29.9156868301941 || 2010-03-05 15:11:12 |
| 3917 || -13.6050743357215 || 2010-02-20 21:52:19 |
| 3918 || -16.575097973363 || 2018-04-05 07:19:59 |
| 3919 || 2.75079475289182 || 2016-07-07 11:03:55 |
| 3920 || -0.241828656189377 || 2017-11-13 22:14:49 |
| 3921 || -13.0106887085801 || 2010-04-24 03:47:34 |
| 3922 || 17.6856481890713 || 2016-12-27 03:15:38 |
| 3923 || 31.6085136442739 || 2010-04-06 07:22:52 |
| 3924 || -6.9740636597866 || 2019-06-20 03:10:01 |
| 3925 || -0.057061153261683 || 2016-07-25 17:30:57 |
| 3926 || -5.4742480545308 || 2010-10-08 17:25:57 |
| 3927 || 31.3371789293753 || 2019-05-17 18:52:32 |
| 3928 || -26.9532144635271 || 2016-02-05 22:56:19 |
| 3929 || -1.61548146537132 || 2016-12-22 01:32:57 |
| 3930 || 0.00273207216796268 || 2014-12-05 21:00:38 |
| 3931 || -3.84094642307652 || 2011-11-03 23:08:03 |
| 3932 || 18.7166716693649 || 2013-01-08 16:29:20 |
| 3933 || 82.4578643328779 || 2018-05-20 07:50:15 |
| 3934 || 10.2563341834008 || 2011-05-07 00:53:44 |
| 3935 || -0.166512532741477 || 2017-08-13 23:20:32 |
| 3936 || 12.7841285391932 || 2016-08-05 19:30:52 |
| 3937 || -21.9437394986462 || 2018-08-19 19:43:16 |
| 3938 || 14.2210501967461 || 2011-10-19 22:55:17 |
| 3939 || -10.5174763075121 || 2017-05-02 06:49:39 |
| 3940 || 1.15401983691808 || 2010-06-12 16:29:49 |
| 3941 || 1.74396449338049 || 2011-01-23 12:43:29 |
| 3942 || 20.7048690008945 || 2018-12-22 07:54:13 |
| 3943 || -29.3340120636393 || 2011-02-21 22:44:09 |
| 3944 || -11.4380678604332 || 2018-10-12 03:50:47 |
| 3945 || 0.397798499770385 || 2013-03-25 05:50:31 |
| 3946 || 14.5877424260047 || 2014-05-21 22:10:42 |
| 3947 || -9.75366676442509 || 2013-11-04 11:40:01 |
| 3948 || 89.0880639470319 || 2017-03-17 21:08:17 |
| 3949 || 35.0773505209578 || 2015-03-12 15:05:08 |
| 3950 || -1.86403936699899 || 2018-01-20 23:27:03 |
| 3951 || 8.98457067767605 || 2019-10-25 05:26:22 |
| 3952 || 35.5088873582303 || 2015-12-21 11:43:33 |
| 3953 || -24.2058566240105 || 2012-09-27 16:26:20 |
| 3954 || 29.5929180494461 || 2015-11-22 04:34:53 |
| 3955 || 3.30837724127036 || 2014-01-17 23:35:43 |
| 3956 || 0.374828677934712 || 2015-01-16 00:21:12 |
| 3957 || 45.1366021349077 || 2018-02-23 13:12:33 |
| 3958 || 43.8586025812808 || 2010-05-20 04:20:11 |
| 3959 || 18.9673868675609 || 2018-12-03 09:58:05 |
| 3960 || 6.77020463973339 || 2015-01-05 10:22:11 |
| 3961 || 4.4112486465541 || 2013-12-06 03:39:16 |
| 3962 || 49.4326286228353 || 2011-03-16 11:01:52 |
| 3963 || 88.1054882422985 || 2010-01-25 09:00:42 |
| 3964 || 61.1586346792766 || 2016-05-25 07:23:17 |
| 3965 || -0.858934169806579 || 2013-06-06 16:19:53 |
| 3966 || -0.894031253024497 || 2017-12-21 03:32:32 |
| 3967 || -10.5730697013992 || 2017-12-01 03:49:38 |
| 3968 || 87.5689408228236 || 2016-09-14 06:41:55 |
| 3969 || 33.0833993032908 || 2012-12-25 02:23:44 |
| 3970 || 19.3568995466096 || 2011-06-08 14:36:33 |
| 3971 || 0.843625118899634 || 2010-11-27 08:43:09 |
| 3972 || 4.81900833571787 || 2014-10-07 06:04:09 |
| 3973 || 55.0459614790226 || 2016-09-14 23:34:18 |
| 3974 || -25.2349270586944 || 2016-09-20 20:12:42 |
| 3975 || -8.15284639176366 || 2011-12-08 09:30:40 |
| 3976 || -0.0970902252548731 || 2011-11-15 02:30:34 |
| 3977 || 33.5902223973752 || 2016-08-10 14:28:11 |
| 3978 || -13.7680957894019 || 2013-03-18 01:52:00 |
| 3979 || 78.8340554805028 || 2015-04-25 06:41:57 |
| 3980 || 3.72085132753868 || 2016-10-22 04:23:07 |
| 3981 || 0.000618980889906691 || 2013-05-12 16:10:46 |
| 3982 || 16.3507800486427 || 2014-05-13 03:24:18 |
| 3983 || 77.8862168625066 || 2013-06-06 04:10:37 |
| 3984 || -12.8157696447834 || 2015-01-05 02:17:42 |
| 3985 || 18.9414079045334 || 2016-04-04 12:52:37 |
| 3986 || -0.0300737664942336 || 2014-03-07 19:16:50 |
| 3987 || 21.2049601232876 || 2011-11-09 03:41:35 |
| 3988 || -24.6533923210184 || 2016-10-24 15:46:12 |
| 3989 || 81.2272443448867 || 2010-11-05 17:03:15 |
| 3990 || 19.1111508938317 || 2013-02-03 08:45:29 |
| 3991 || -0.448397671759254 || 2011-01-12 02:22:08 |
| 3992 || 19.8671251894674 || 2019-04-12 12:55:55 |
| 3993 || -16.6272160543949 || 2010-12-11 00:08:21 |
| 3994 || 84.4672689446023 || 2011-02-13 11:05:12 |
| 3995 || -12.3183644188187 || 2019-11-10 11:11:38 |
| 3996 || 1.16369301528092 || 2018-09-09 15:45:38 |
| 3997 || 1.09011978973569 || 2015-05-27 01:44:20 |
| 3998 || -9.49665888639761 || 2011-10-10 19:38:13 |
| 3999 || -29.002355529508 || 2019-03-18 17:49:32 |
| 4000 || 12.7368794156009 || 2018-08-07 02:22:14 |
| 4001 || 5.19860536083088 || 2012-09-15 09:26:14 |
| 4002 || -3.2058187171045 || 2010-10-12 02:52:55 |
| 4003 || 48.9246973788354 || 2013-04-26 06:02:03 |
| 4004 || 89.3875270618972 || 2014-01-06 04:03:19 |
| 4005 || 54.5383904607299 || 2019-07-12 21:55:10 |
| 4006 || 3.30226780418133 || 2016-01-22 14:39:46 |
| 4007 || -1.82234560108803 || 2015-02-22 18:49:33 |
| 4008 || -19.0393368497361 || 2012-04-02 04:33:32 |
| 4009 || 19.3935688452183 || 2016-01-04 03:38:05 |
| 4010 || 6.54114043845381 || 2012-12-05 03:40:26 |
| 4011 || -3.56916253993907 || 2019-01-04 16:54:21 |
| 4012 || -0.263669106408418 || 2017-12-14 04:53:59 |
| 4013 || 8.07688298959935 || 2014-09-24 20:13:56 |
| 4014 || 9.08513608972082 || 2013-03-11 12:35:24 |
| 4015 || -11.8444226352762 || 2011-02-02 19:33:35 |
| 4016 || -0.99703006365433 || 2017-07-07 09:34:30 |
| 4017 || 3.2040776514231 || 2010-06-12 15:36:53 |
| 4018 || 10.5708900671005 || 2016-03-17 08:55:15 |
| 4019 || 23.5080188504187 || 2010-07-15 09:30:53 |
| 4020 || 71.6766979411433 || 2018-11-04 16:43:43 |
| 4021 || 17.8626955229556 || 2018-10-24 13:51:59 |
| 4022 || 1.26436784219727 || 2012-05-22 07:57:45 |
| 4023 || -13.1941324154737 || 2011-09-15 19:31:06 |
| 4024 || -27.0161094454737 || 2015-07-21 19:21:18 |
| 4025 || 75.243559713133 || 2010-11-02 11:18:48 |
| 4026 || 3.19513554732973 || 2014-11-18 03:58:51 |
| 4027 || -0.127089421544231 || 2018-03-21 12:18:36 |
| 4028 || -1.49236630087306 || 2018-03-23 14:03:07 |
| 4029 || 2.61525886652791 || 2018-09-06 06:47:24 |
| 4030 || -26.0879244086993 || 2017-11-08 03:10:24 |
| 4031 || 29.2367111220579 || 2016-10-19 19:22:08 |
| 4032 || 0.00651067052103607 || 2013-07-24 01:27:15 |
| 4033 || -2.13801244638225 || 2013-08-16 07:48:20 |
| 4034 || -24.1822965883315 || 2013-11-06 00:42:46 |
| 4035 || -23.8604661599552 || 2013-10-12 08:43:01 |
| 4036 || 12.3087638673137 || 2011-05-09 13:36:39 |
| 4037 || 0.00418086028395762 || 2015-09-25 18:37:36 |
| 4038 || 9.94054621043268 || 2017-01-16 23:17:21 |
| 4039 || -25.4812151788558 || 2015-06-12 18:42:58 |
| 4040 || -0.620437518036961 || 2016-03-14 22:35:09 |
| 4041 || 26.9150284276736 || 2010-06-15 09:38:48 |
| 4042 || 0.0362015806582705 || 2014-12-08 13:35:51 |
| 4043 || 0.0174696646360697 || 2018-03-05 01:31:42 |
| 4044 || 33.2725459026621 || 2017-05-25 18:33:08 |
| 4045 || 59.0558514449748 || 2014-11-01 09:08:17 |
| 4046 || 45.2938361963505 || 2010-03-19 10:08:07 |
| 4047 || -0.884887906145167 || 2015-01-02 07:10:06 |
| 4048 || -3.99382173424151 || 2012-03-27 02:30:16 |
| 4049 || 67.1933737714049 || 2012-12-26 20:15:57 |
| 4050 || 42.6282790732769 || 2015-05-27 11:16:08 |
| 4051 || 5.81215032186604 || 2016-08-21 17:24:46 |
| 4052 || 0.673026819162122 || 2014-04-14 05:23:25 |
| 4053 || -0.505619955415706 || 2015-03-11 06:59:36 |
| 4054 || 0.938401787594677 || 2015-05-19 13:49:22 |
| 4055 || -29.9041769376609 || 2018-09-08 13:23:46 |
| 4056 || -1.19464870697697 || 2016-08-25 11:36:45 |
| 4057 || 0.0556742459077199 || 2010-06-25 07:16:35 |
| 4058 || 3.8754414655788 || 2013-10-15 14:44:19 |
| 4059 || -18.6814954784046 || 2015-03-18 09:01:16 |
| 4060 || 18.4894190961423 || 2018-08-20 18:21:08 |
| 4061 || 60.9065944741453 || 2010-03-04 14:16:52 |
| 4062 || -2.9725323865554 || 2015-03-24 00:46:01 |
| 4063 || 6.01245575124073 || 2012-08-09 14:56:18 |
| 4064 || 33.974117245108 || 2013-01-25 14:31:25 |
| 4065 || -28.9882937305627 || 2013-06-19 23:12:17 |
| 4066 || 25.230562001574 || 2015-03-03 17:52:17 |
| 4067 || 10.2619287038836 || 2014-05-27 21:15:49 |
| 4068 || 1.96648869951994 || 2011-05-13 18:16:59 |
| 4069 || -9.39187944275444 || 2010-03-12 07:44:25 |
| 4070 || -9.15093008658791 || 2014-03-13 00:51:31 |
| 4071 || 1.87065234076638 || 2010-04-21 17:08:02 |
| 4072 || 7.43081146990874 || 2014-11-19 09:46:57 |
| 4073 || 1.10838060717955 || 2012-12-03 16:52:01 |
| 4074 || 25.4801216693632 || 2018-02-12 07:18:25 |
| 4075 || 1.90072427591879 || 2016-09-10 08:23:05 |
| 4076 || 50.9515364247115 || 2011-11-05 22:21:26 |
| 4077 || 2.91261387429443 || 2015-04-08 22:54:34 |
| 4078 || 0.479553527892807 || 2013-05-15 04:12:36 |
| 4079 || 33.930648922876 || 2014-08-02 17:50:07 |
| 4080 || 80.7141128205315 || 2014-01-16 21:22:03 |
| 4081 || -20.0872372108614 || 2011-12-04 05:47:50 |
| 4082 || -4.70443690073283 || 2018-09-01 23:54:46 |
| 4083 || 0.00148056962530104 || 2019-10-23 09:01:02 |
| 4084 || -10.2426388254279 || 2011-03-15 02:22:20 |
| 4085 || -3.86467308090421 || 2013-04-09 00:20:17 |
| 4086 || -24.7462960097079 || 2014-12-04 10:41:05 |
| 4087 || 3.5108404262474 || 2012-09-26 19:44:46 |
| 4088 || -0.0436638767701486 || 2013-11-17 08:21:48 |
| 4089 || -8.23096958796245 || 2012-12-03 12:00:04 |
| 4090 || 6.29601008421986 || 2019-03-07 21:52:08 |
| 4091 || 78.2201934459291 || 2014-06-21 17:36:11 |
| 4092 || -12.949042318869 || 2015-04-18 09:23:40 |
| 4093 || -0.0657892240058094 || 2011-02-13 21:53:21 |
| 4094 || 13.2304436906958 || 2015-05-17 10:37:33 |
| 4095 || -21.296416056043 || 2014-09-25 14:19:09 |
| 4096 || 74.6667132817447 || 2019-04-01 12:34:29 |
| 4097 || 36.7893964798615 || 2013-03-15 01:31:14 |
| 4098 || -0.1530115233886 || 2015-11-27 04:04:08 |
| 4099 || 5.18112396899521 || 2017-06-09 12:15:12 |
| 4100 || 51.9213034037997 || 2010-10-17 06:33:00 |
| 4101 || 69.215973159274 || 2011-05-12 08:22:55 |
| 4102 || 40.8064487382847 || 2013-09-13 17:27:59 |
| 4103 || 0.258881645146587 || 2012-12-13 10:03:13 |
| 4104 || 11.4577347305692 || 2017-06-22 04:56:02 |
| 4105 || 30.9879226536144 || 2011-06-21 06:46:22 |
| 4106 || 26.4297599316413 || 2016-04-10 12:12:14 |
| 4107 || -2.77707534038475 || 2018-02-05 13:04:28 |
| 4108 || -1.61109804842845 || 2013-09-26 04:59:10 |
| 4109 || 9.13969767492185 || 2011-07-25 21:59:28 |
| 4110 || 4.20968334651558 || 2017-09-02 14:31:47 |
| 4111 || -28.9459167627231 || 2010-04-24 02:26:23 |
| 4112 || -14.2352250342885 || 2015-07-15 20:45:17 |
| 4113 || 8.98401098016994 || 2013-09-09 03:41:11 |
| 4114 || 6.55413043595534 || 2015-03-18 01:40:53 |
| 4115 || 34.6920931549134 || 2015-11-01 08:44:27 |
| 4116 || 8.68787603384433 || 2017-11-14 06:13:07 |
| 4117 || 59.0387732923808 || 2017-05-06 06:12:15 |
| 4118 || -4.00094190160225 || 2015-06-10 22:16:41 |
| 4119 || 4.01212709487199 || 2019-04-20 07:01:13 |
| 4120 || 9.84435808897682 || 2019-03-09 08:02:16 |
| 4121 || 29.2125980905906 || 2011-11-25 08:20:31 |
| 4122 || 7.4057768524541 || 2017-02-21 23:49:54 |
| 4123 || -5.90521553189707 || 2011-12-17 01:42:22 |
| 4124 || 0.806067289081309 || 2016-05-11 22:24:29 |
| 4125 || 38.0031150652955 || 2012-04-11 19:06:34 |
| 4126 || 19.1604663498871 || 2010-11-10 09:55:11 |
| 4127 || 35.6608220592232 || 2019-05-12 22:15:18 |
| 4128 || -6.30158961454986 || 2014-10-04 07:06:51 |
| 4129 || 0.757047263603711 || 2015-05-20 23:53:14 |
| 4130 || 3.65366597116023 || 2011-04-21 19:38:46 |
| 4131 || 76.6772052870885 || 2016-12-17 18:48:51 |
| 4132 || -24.9331182146234 || 2012-08-24 01:32:33 |
| 4133 || 6.76330377397211 || 2010-10-05 01:27:22 |
| 4134 || 0.0899705919851466 || 2013-08-27 18:14:11 |
| 4135 || -7.1791850018884 || 2019-11-14 07:46:35 |
| 4136 || -19.3873554321065 || 2016-03-13 17:55:12 |
| 4137 || -13.9714532035664 || 2012-07-10 15:27:42 |
| 4138 || 30.1074453306873 || 2015-03-05 09:26:23 |
| 4139 || -0.0247946299049644 || 2014-09-25 10:31:29 |
| 4140 || -6.34261213623705 || 2019-02-15 14:41:52 |
| 4141 || 4.10158946409224 || 2013-01-20 09:07:01 |
| 4142 || -5.68342764229717 || 2014-09-14 01:51:18 |
| 4143 || 27.9986591167306 || 2015-06-22 13:46:52 |
| 4144 || -0.219510858559034 || 2016-07-19 03:14:32 |
| 4145 || -5.93174293116805 || 2017-11-27 20:11:54 |
| 4146 || 13.6844874178085 || 2017-06-19 02:42:53 |
| 4147 || 30.4134451673564 || 2011-07-07 00:10:58 |
| 4148 || 40.4042504403897 || 2018-03-27 10:49:30 |
| 4149 || 1.92269713742422 || 2015-03-25 17:02:42 |
| 4150 || 14.4944587570728 || 2013-01-15 09:24:58 |
| 4151 || 5.95998988589337 || 2015-11-21 02:51:51 |
| 4152 || 34.4065923480057 || 2015-12-11 21:50:46 |
| 4153 || 48.4379408548331 || 2012-06-15 09:55:25 |
| 4154 || 0.694716666210828 || 2010-07-11 16:41:41 |
| 4155 || 13.1971060418407 || 2019-07-01 14:52:37 |
| 4156 || 60.3560965850907 || 2012-02-04 16:47:34 |
| 4157 || 45.247107420134 || 2012-02-09 02:15:52 |
| 4158 || 23.3030363747011 || 2014-11-07 01:56:43 |
| 4159 || 1.29736589330468 || 2016-02-16 04:58:09 |
| 4160 || 4.27103902975888 || 2014-06-04 11:03:11 |
| 4161 || 51.8059379055143 || 2010-07-16 23:33:50 |
| 4162 || 78.5447846027391 || 2010-04-15 16:35:44 |
| 4163 || 22.4217270129471 || 2018-06-14 12:55:53 |
| 4164 || 6.32225061591076 || 2012-10-04 13:30:13 |
| 4165 || 6.84573119081442 || 2015-10-25 12:10:33 |
| 4166 || 54.6853451620491 || 2017-10-15 06:23:20 |
| 4167 || -17.5899879048156 || 2018-06-25 01:32:13 |
| 4168 || 18.2457697625767 || 2015-05-05 19:03:52 |
| 4169 || -3.90393209775553 || 2012-08-17 17:20:54 |
| 4170 || 2.47445759550204 || 2017-09-25 18:08:20 |
| 4171 || 49.7353794597408 || 2016-02-12 14:54:05 |
| 4172 || 72.7589411149036 || 2018-11-23 15:22:56 |
| 4173 || 68.7202155600707 || 2019-02-08 08:17:54 |
| 4174 || 17.1826437774124 || 2013-02-07 02:59:51 |
| 4175 || 1.84053980661532 || 2010-11-03 00:10:45 |
| 4176 || -14.0128273826316 || 2015-07-11 08:39:11 |
| 4177 || -7.6323220905291 || 2010-06-04 10:04:06 |
| 4178 || 34.9710391791239 || 2018-09-04 06:07:34 |
| 4179 || 1.29760102923141 || 2015-05-07 16:54:55 |
| 4180 || 0.627849964609105 || 2010-11-05 15:50:24 |
| 4181 || -6.94158659682678 || 2016-11-09 17:48:35 |
| 4182 || 48.869510683405 || 2018-04-01 08:38:35 |
| 4183 || 47.295310911249 || 2018-06-04 18:59:14 |
| 4184 || 9.00582017091464 || 2017-12-19 10:36:46 |
| 4185 || -0.0324418475266356 || 2014-08-03 05:57:32 |
| 4186 || 19.5973185685973 || 2013-04-23 13:52:43 |
| 4187 || 2.77528916865191 || 2010-08-24 02:01:17 |
| 4188 || 7.28898550469374 || 2015-04-16 18:12:27 |
| 4189 || -7.4007402401217 || 2015-04-11 00:15:41 |
| 4190 || 0.00763511679467413 || 2019-03-06 20:53:29 |
| 4191 || -9.52977385302404 || 2010-10-15 04:46:34 |
| 4192 || 30.0386479322368 || 2019-07-06 12:28:49 |
| 4193 || 3.58513436271885 || 2014-11-08 20:27:36 |
| 4194 || 0.96776281653998 || 2017-06-13 13:40:23 |
| 4195 || 0.447034455065272 || 2018-07-26 07:10:39 |
| 4196 || -2.18917574351409 || 2018-08-16 23:53:16 |
| 4197 || 42.2941639326784 || 2014-10-18 03:01:32 |
| 4198 || -18.0764448435005 || 2019-09-04 07:17:28 |
| 4199 || -9.87163370074884 || 2014-03-07 21:19:44 |
| 4200 || 0.790488665376238 || 2013-11-01 13:25:25 |
| 4201 || -4.24586161156199 || 2017-04-05 13:55:53 |
| 4202 || 8.74478709244622 || 2013-04-23 03:21:48 |
| 4203 || -21.7668448547843 || 2017-12-14 07:39:38 |
| 4204 || 1.13738053527896 || 2016-03-25 05:29:53 |
| 4205 || 1.9847639933027 || 2019-01-04 05:10:45 |
| 4206 || -2.95121520026261 || 2015-06-01 17:53:04 |
| 4207 || 24.7120420392614 || 2016-04-09 20:31:28 |
| 4208 || 0.351290028136713 || 2019-01-26 01:17:40 |
| 4209 || 52.6293011870801 || 2014-07-24 17:38:07 |
| 4210 || 5.60169276854974 || 2013-03-09 21:17:53 |
| 4211 || 10.9827131937133 || 2019-04-24 15:23:58 |
| 4212 || 44.8979509961215 || 2018-12-09 02:34:56 |
| 4213 || 37.055740931772 || 2010-05-18 23:22:12 |
| 4214 || 58.0420446594638 || 2016-04-03 21:24:08 |
| 4215 || -2.86374991743648 || 2019-06-10 05:08:36 |
| 4216 || 5.08598913705412 || 2015-11-10 18:31:23 |
| 4217 || 56.2167897476584 || 2010-03-15 15:04:11 |
| 4218 || -0.781375067454728 || 2015-04-13 12:52:03 |
| 4219 || 9.85740414010512 || 2015-10-06 02:40:23 |
| 4220 || 0.735601742666043 || 2013-10-14 23:43:03 |
| 4221 || 3.03748575275361 || 2013-06-11 11:41:51 |
| 4222 || 47.9219579067266 || 2016-12-16 18:54:38 |
| 4223 || -12.883054252839 || 2019-08-10 18:16:52 |
| 4224 || 22.0463040418387 || 2017-06-08 15:57:25 |
| 4225 || -5.40428592091478 || 2017-08-13 12:01:37 |
| 4226 || -0.41316182178333 || 2010-03-20 09:51:48 |
| 4227 || 24.9635544232425 || 2011-05-05 01:17:35 |
| 4228 || 27.2091012237024 || 2016-06-21 01:42:28 |
| 4229 || 64.9695570235457 || 2015-07-18 18:13:29 |
| 4230 || 12.9361742421209 || 2013-07-06 15:55:17 |
| 4231 || -0.387706346276927 || 2016-02-19 13:03:37 |
| 4232 || -10.3024297857404 || 2016-09-04 15:40:57 |
| 4233 || 9.90095101380089 || 2015-04-07 08:46:39 |
| 4234 || 52.9844796153409 || 2018-04-12 21:39:02 |
| 4235 || 20.2497000778685 || 2014-01-11 03:03:00 |
| 4236 || 0.0775083993671527 || 2012-11-25 22:52:13 |
| 4237 || 6.55427487748936 || 2016-08-07 19:50:33 |
| 4238 || 41.4828899958727 || 2010-11-01 00:10:59 |
| 4239 || -19.4131544551153 || 2016-12-16 18:13:06 |
| 4240 || 10.1193056085518 || 2011-07-27 17:05:21 |
| 4241 || 0.00311840504708229 || 2010-11-04 14:31:30 |
| 4242 || -2.58005618432856 || 2014-02-25 15:24:08 |
| 4243 || 67.3201783934027 || 2010-07-16 17:44:54 |
| 4244 || -27.8007842896279 || 2017-07-24 05:15:42 |
| 4245 || 7.572383938598 || 2013-04-16 16:20:35 |
| 4246 || -0.0278484612370444 || 2016-11-19 23:05:49 |
| 4247 || 20.9945959957972 || 2014-02-19 11:50:53 |
| 4248 || -12.4803507464502 || 2018-07-16 03:46:17 |
| 4249 || 81.5327739618152 || 2012-12-24 03:52:11 |
| 4250 || 41.0156477867059 || 2013-10-07 11:11:29 |
| 4251 || -0.434202408409663 || 2014-03-20 07:30:00 |
| 4252 || 19.0786219883442 || 2017-09-23 10:23:04 |
| 4253 || 50.4939985944569 || 2012-10-10 08:36:20 |
| 4254 || -28.6142616520943 || 2012-03-23 22:06:19 |
| 4255 || 0.367793266807415 || 2011-11-20 10:26:31 |
| 4256 || -0.924967886427256 || 2013-04-24 04:19:48 |
| 4257 || 5.59000079961363 || 2013-03-07 11:30:35 |
| 4258 || -15.3315405823644 || 2011-12-25 02:14:39 |
| 4259 || -18.3006471030021 || 2013-03-03 14:42:43 |
| 4260 || -17.3185763723335 || 2015-03-20 09:49:13 |
| 4261 || 2.82170175822261 || 2019-10-25 07:24:25 |
| 4262 || 1.25304621800081 || 2011-09-18 08:52:47 |
| 4263 || 50.6576742416789 || 2016-12-24 03:45:05 |
| 4264 || 13.0836737120442 || 2010-08-11 13:49:07 |
| 4265 || -15.1383111132826 || 2013-01-27 21:53:00 |
| 4266 || 0.176761392392527 || 2012-06-08 02:06:33 |
| 4267 || 5.25294552115355 || 2017-08-26 04:21:37 |
| 4268 || 51.3423315528926 || 2017-03-19 05:11:32 |
| 4269 || -0.940106179025859 || 2016-01-13 12:44:02 |
| 4270 || 55.5635652792588 || 2013-06-08 09:29:01 |
| 4271 || 11.053145827974 || 2013-08-06 15:37:20 |
| 4272 || 1.51759772922235 || 2015-01-25 02:00:23 |
| 4273 || -7.48490273154073 || 2014-03-23 03:17:33 |
| 4274 || 51.0213081280717 || 2015-07-05 06:20:04 |
| 4275 || -21.7644229967302 || 2010-11-27 18:57:53 |
| 4276 || -3.88922720644931 || 2014-07-05 18:42:25 |
| 4277 || 2.10685988156467 || 2015-06-03 13:22:50 |
| 4278 || -9.23549508249697 || 2019-10-03 07:04:02 |
| 4279 || 14.2685546259078 || 2013-11-02 10:32:03 |
| 4280 || 20.5825507276944 || 2013-12-01 18:35:42 |
| 4281 || -6.63004318555599 || 2016-06-23 08:17:18 |
| 4282 || 1.2513679262981 || 2018-03-27 22:58:29 |
| 4283 || 31.2433837084699 || 2015-04-04 21:08:30 |
| 4284 || 16.4760105817234 || 2010-10-07 22:14:01 |
| 4285 || -8.70197363282522 || 2019-04-27 17:36:08 |
| 4286 || -7.90005489962075 || 2016-06-15 02:42:07 |
| 4287 || -0.105805312849825 || 2015-07-24 22:01:30 |
| 4288 || 11.1899843349717 || 2012-07-15 13:35:05 |
| 4289 || -13.238897141735 || 2015-04-24 06:04:26 |
| 4290 || 2.59313729885102 || 2016-04-08 17:50:11 |
| 4291 || 25.3172024044978 || 2011-04-08 08:19:23 |
| 4292 || 0.000299742837796355 || 2010-05-27 12:23:45 |
| 4293 || 5.30985745433579 || 2014-11-20 05:10:09 |
| 4294 || 57.0497316230648 || 2018-07-03 14:36:24 |
| 4295 || 40.784355000662 || 2015-12-23 13:53:41 |
| 4296 || 5.91567633879182 || 2012-11-12 13:48:47 |
| 4297 || 0.254412718147321 || 2010-10-02 11:26:10 |
| 4298 || -1.73101954920313 || 2012-07-09 06:14:57 |
| 4299 || -23.4886373713738 || 2013-08-16 21:35:07 |
| 4300 || 22.4601878428571 || 2014-05-20 14:04:02 |
| 4301 || -1.7950604043912 || 2015-04-22 14:33:24 |
| 4302 || -0.142681654849841 || 2015-10-23 16:02:53 |
| 4303 || 20.5781377648 || 2018-03-19 07:46:03 |
| 4304 || -21.877979460803 || 2017-12-10 15:53:40 |
| 4305 || 87.634679997137 || 2019-01-25 15:06:24 |
| 4306 || 0.416946220994104 || 2012-01-09 21:10:41 |
| 4307 || 2.41975347977615 || 2018-08-19 14:24:08 |
| 4308 || -5.34688782240558 || 2018-02-17 15:40:46 |
| 4309 || -5.5480837966897 || 2017-12-07 23:11:02 |
| 4310 || 72.1470841837617 || 2014-02-19 16:54:58 |
| 4311 || 5.31739515812693 || 2011-11-14 18:04:59 |
| 4312 || -0.868702520586258 || 2012-02-03 20:15:17 |
| 4313 || 6.0178254872664 || 2013-02-23 20:32:01 |
| 4314 || -19.6040903227237 || 2014-08-26 12:43:07 |
| 4315 || 5.25852236451622 || 2019-08-22 12:33:15 |
| 4316 || -15.2002800873648 || 2013-04-24 14:33:58 |
| 4317 || -0.346581101970477 || 2011-01-09 16:56:43 |
| 4318 || 7.87579481348273 || 2016-05-27 08:54:32 |
| 4319 || 27.3258262815791 || 2019-07-04 08:09:13 |
| 4320 || 58.3610592268509 || 2015-10-21 05:04:01 |
| 4321 || -20.3562182206126 || 2011-02-24 15:48:39 |
| 4322 || 7.99832156942293 || 2017-05-02 02:34:05 |
| 4323 || 4.73863921559345 || 2016-11-08 19:21:03 |
| 4324 || -17.2049153520447 || 2019-12-22 17:53:48 |
| 4325 || 34.3818368395925 || 2012-12-09 23:21:04 |
| 4326 || -11.3975423167812 || 2018-10-15 02:13:57 |
| 4327 || 8.65393713005595 || 2019-09-09 05:46:55 |
| 4328 || 1.69231939196118 || 2019-09-07 22:35:17 |
| 4329 || -14.8996240467792 || 2010-06-15 00:02:29 |
| 4330 || -24.8694931030442 || 2017-07-20 01:36:58 |
| 4331 || 9.09009143195212 || 2013-09-20 07:13:32 |
| 4332 || -4.31618675200391 || 2016-09-13 17:26:19 |
| 4333 || 1.67067012316191 || 2015-03-14 15:32:02 |
| 4334 || -10.5805866170752 || 2019-09-24 01:25:36 |
| 4335 || -18.559619699341 || 2017-12-08 16:46:52 |
| 4336 || 30.119139182212 || 2017-04-15 11:34:44 |
| 4337 || 23.6302742823365 || 2010-06-06 06:03:09 |
| 4338 || 0.421594353169807 || 2016-07-12 20:21:03 |
| 4339 || 15.3698815815299 || 2010-02-22 09:43:52 |
| 4340 || -15.5405603351407 || 2013-06-02 21:10:43 |
| 4341 || 63.499269052564 || 2019-09-15 13:28:58 |
| 4342 || 21.4142099199957 || 2018-06-15 21:14:03 |
| 4343 || 0.025569633199282 || 2016-06-26 16:44:19 |
| 4344 || 3.82835845985947 || 2014-01-01 20:25:57 |
| 4345 || -23.9200065613398 || 2011-03-15 08:45:19 |
| 4346 || 6.64046509914017 || 2011-11-13 01:55:05 |
| 4347 || 25.7464130035824 || 2015-11-13 09:22:42 |
| 4348 || 0.00558255475902839 || 2015-08-06 12:04:55 |
| 4349 || -8.78355633322316 || 2018-10-04 16:20:03 |
| 4350 || 42.8400252999004 || 2015-09-07 21:53:19 |
| 4351 || 15.5208484763247 || 2010-10-24 16:19:47 |
| 4352 || 14.0804529436275 || 2012-05-15 08:53:00 |
| 4353 || -0.307214156872626 || 2014-01-22 02:53:14 |
| 4354 || 21.5126810451417 || 2018-07-10 13:46:13 |
| 4355 || 4.30523252457007 || 2019-08-06 05:42:50 |
| 4356 || 21.2377261767748 || 2017-04-08 23:44:05 |
| 4357 || 42.8540251002576 || 2016-03-20 12:36:27 |
| 4358 || 1.5705601009038 || 2019-10-17 10:22:51 |
| 4359 || -0.188987680824349 || 2018-04-18 03:25:00 |
| 4360 || 66.6657939684814 || 2013-09-18 09:53:51 |
| 4361 || -12.7155481911401 || 2014-07-18 19:35:18 |
| 4362 || 20.1786506326159 || 2016-10-16 10:07:31 |
| 4363 || -0.0609327697495573 || 2016-10-10 18:19:05 |
| 4364 || -3.76888465884991 || 2016-06-26 03:06:28 |
| 4365 || 45.3978338947174 || 2013-01-04 20:54:52 |
| 4366 || -29.8324016913648 || 2014-08-22 10:08:49 |
| 4367 || 21.9993841752114 || 2015-05-08 02:58:33 |
| 4368 || 7.08357704868371 || 2013-03-06 23:09:51 |
| 4369 || 4.57243003286843 || 2013-10-16 15:15:39 |
| 4370 || 19.9866893173545 || 2013-11-23 06:45:41 |
| 4371 || 79.4287910892784 || 2019-02-06 05:28:05 |
| 4372 || -20.1558256114286 || 2010-03-23 12:48:48 |
| 4373 || 2.75119752136139 || 2011-09-21 08:30:00 |
| 4374 || 2.64492561816037 || 2014-03-14 18:11:11 |
| 4375 || 44.8792187830714 || 2010-07-24 07:34:40 |
| 4376 || -28.8287414371801 || 2011-05-23 05:13:46 |
| 4377 || 52.5597531905044 || 2015-05-25 23:00:58 |
| 4378 || -4.17666082281806 || 2011-10-20 04:49:31 |
| 4379 || 3.75630188439341 || 2016-02-01 14:34:29 |
| 4380 || 10.7480834859893 || 2012-10-20 16:21:22 |
| 4381 || 2.44060554299796 || 2019-04-13 05:20:42 |
| 4382 || 41.0611534553882 || 2012-05-05 10:25:44 |
| 4383 || 17.3955974469912 || 2018-02-26 13:49:48 |
| 4384 || 1.06297086499323 || 2013-02-04 04:42:32 |
| 4385 || 23.1848040775114 || 2010-03-25 07:35:30 |
| 4386 || -28.9310572999905 || 2011-12-03 13:39:39 |
| 4387 || 3.45028882620578 || 2014-10-13 07:05:47 |
| 4388 || 18.8809391538163 || 2016-08-27 19:46:16 |
| 4389 || 0.507307562048817 || 2015-01-13 01:09:05 |
| 4390 || 37.2055896750122 || 2010-11-04 11:03:58 |
| 4391 || 84.3863487096252 || 2016-10-27 04:50:48 |
| 4392 || 27.2274753300696 || 2019-09-26 13:03:12 |
| 4393 || 24.133552979826 || 2014-06-25 13:01:52 |
| 4394 || 0.0175039210552356 || 2013-12-06 05:19:03 |
| 4395 || 24.5234593892254 || 2010-09-21 02:02:30 |
| 4396 || 48.2939425036848 || 2019-01-23 10:44:38 |
| 4397 || 77.3739489750479 || 2016-04-09 08:49:26 |
| 4398 || -1.77016129501905 || 2016-03-26 00:05:00 |
| 4399 || 0.0758949239703686 || 2019-12-06 07:20:44 |
| 4400 || 5.20892439748511 || 2015-08-07 13:33:03 |
| 4401 || 76.4756392498602 || 2019-01-19 19:02:21 |
| 4402 || 84.227901602386 || 2019-08-13 18:03:44 |
| 4403 || -9.43071989944591 || 2013-03-09 22:24:44 |
| 4404 || 0.28991347455091 || 2016-06-07 17:20:50 |
| 4405 || -6.77100024111828 || 2019-01-08 15:03:24 |
| 4406 || 60.3103803409088 || 2013-05-25 15:33:58 |
| 4407 || 69.6747535785431 || 2011-03-09 08:27:28 |
| 4408 || 17.8473193781186 || 2012-04-06 06:33:28 |
| 4409 || 1.50797419862436 || 2019-04-19 23:35:45 |
| 4410 || -5.37353396133494 || 2018-09-10 16:31:21 |
| 4411 || 65.0994640951428 || 2016-11-05 09:41:24 |
| 4412 || 86.6959011795496 || 2019-05-08 09:20:49 |
| 4413 || -16.0565931342121 || 2011-04-21 02:42:39 |
| 4414 || -1.17330572310605 || 2018-11-25 21:29:28 |
| 4415 || 13.0402222201059 || 2013-12-06 00:56:14 |
| 4416 || 60.3094581404224 || 2013-06-09 02:31:04 |
| 4417 || 76.7654599133689 || 2016-07-01 14:04:39 |
| 4418 || 50.3872709327228 || 2012-07-23 09:36:54 |
| 4419 || 1.24455062419563 || 2017-12-17 00:24:42 |
| 4420 || 9.26048430345304 || 2015-10-20 03:37:58 |
| 4421 || -18.558274057097 || 2013-06-13 10:23:52 |
| 4422 || 86.0967814075011 || 2019-08-10 21:54:01 |
| 4423 || 59.1083696589123 || 2012-05-13 08:08:55 |
| 4424 || -0.780758834497817 || 2012-06-15 07:13:02 |
| 4425 || -1.47933935938586 || 2012-10-02 12:00:53 |
| 4426 || 49.4867152858052 || 2011-11-10 19:03:15 |
| 4427 || 88.9139351097689 || 2015-07-20 15:30:20 |
| 4428 || -21.5444675444958 || 2012-02-20 17:50:36 |
| 4429 || 13.3294803920897 || 2017-02-23 02:38:37 |
| 4430 || 1.44583396581698 || 2016-03-06 18:54:10 |
| 4431 || 48.3132211026984 || 2018-07-03 19:13:16 |
| 4432 || -24.2369485779464 || 2015-12-14 23:11:56 |
| 4433 || 61.765911365757 || 2015-02-21 01:27:36 |
| 4434 || -4.05494661074578 || 2010-10-06 05:28:46 |
| 4435 || -0.00259379488907207 || 2010-02-04 06:16:03 |
| 4436 || 19.1506895057686 || 2010-01-09 05:06:18 |
| 4437 || 13.7972268099078 || 2018-01-23 15:51:15 |
| 4438 || 43.5246142876726 || 2013-02-10 09:04:28 |
| 4439 || 5.82166938614861 || 2013-03-01 06:16:30 |
| 4440 || 0.603248131371824 || 2013-08-19 17:36:41 |
| 4441 || 22.970916119042 || 2017-03-24 14:17:46 |
| 4442 || 83.5135261375772 || 2014-09-18 22:16:54 |
| 4443 || -25.9015334064838 || 2015-02-07 13:41:52 |
| 4444 || 26.2439654259223 || 2017-09-18 06:49:11 |
| 4445 || 0.139501386717008 || 2017-11-03 06:20:16 |
| 4446 || -3.14037431229294 || 2015-07-15 10:21:33 |
| 4447 || -2.9987504723691 || 2012-02-22 16:19:11 |
| 4448 || 62.9553204053995 || 2019-03-17 05:28:31 |
| 4449 || -0.950906166039579 || 2019-01-19 17:25:23 |
| 4450 || 0.0355384851616848 || 2018-02-08 05:12:27 |
| 4451 || -3.94269354580313 || 2012-12-11 20:00:26 |
| 4452 || 9.928852501066 || 2018-01-12 02:04:34 |
| 4453 || 26.5023487695768 || 2012-08-13 23:37:47 |
| 4454 || -11.9936551275104 || 2010-02-18 12:12:20 |
| 4455 || 0.271740157967645 || 2011-08-11 03:27:23 |
| 4456 || 16.7340693353045 || 2016-08-25 06:40:00 |
| 4457 || 64.713526706055 || 2010-12-24 21:35:49 |
| 4458 || -28.8412708899273 || 2015-05-26 07:45:07 |
| 4459 || -13.9496000839171 || 2019-12-21 14:03:02 |
| 4460 || 1.53247596884538 || 2010-09-19 03:45:21 |
| 4461 || 18.3626008572261 || 2018-12-07 17:45:24 |
| 4462 || -17.2695554020349 || 2013-05-22 19:47:56 |
| 4463 || 56.3240480096479 || 2010-10-05 20:57:12 |
| 4464 || -1.79655105647877 || 2015-03-05 15:35:12 |
| 4465 || 3.26463304455419 || 2017-11-14 23:19:16 |
| 4466 || -1.92405454537028 || 2013-02-03 18:44:26 |
| 4467 || 58.481691819754 || 2015-02-26 15:33:29 |
| 4468 || 56.6095237923335 || 2012-01-25 05:14:43 |
| 4469 || -15.9171332740802 || 2012-06-07 14:27:04 |
| 4470 || 1.20400490287654 || 2017-01-19 05:06:47 |
| 4471 || 5.33086546310583 || 2015-03-12 00:29:48 |
| 4472 || -6.96774819740315 || 2018-12-25 14:20:09 |
| 4473 || -26.348305071551 || 2012-03-08 10:07:39 |
| 4474 || 49.0634477646809 || 2014-10-18 09:41:17 |
| 4475 || -0.295182331618745 || 2014-04-03 14:42:16 |
| 4476 || 3.96326422630684 || 2019-06-02 14:44:30 |
| 4477 || 55.9977118648125 || 2011-02-01 06:15:25 |
| 4478 || -21.5651775408412 || 2012-04-04 17:21:51 |
| 4479 || 6.26750716546483 || 2017-02-10 20:49:21 |
| 4480 || 4.20624089590457 || 2011-10-07 17:02:11 |
| 4481 || -1.50976535138774 || 2016-04-19 14:14:46 |
| 4482 || -16.8546770799153 || 2019-08-02 13:31:15 |
| 4483 || 54.6767252021234 || 2012-04-07 17:18:40 |
| 4484 || -22.7153673338032 || 2012-07-18 01:52:54 |
| 4485 || 16.5282385633311 || 2019-12-02 17:39:23 |
| 4486 || 1.54486712683515 || 2017-12-02 03:38:44 |
| 4487 || 43.2488002088036 || 2014-05-18 03:10:40 |
| 4488 || 81.0933452692924 || 2016-10-15 23:35:05 |
| 4489 || 70.32747606826 || 2017-01-09 06:49:40 |
| 4490 || -6.7777821010493 || 2017-05-25 08:53:45 |
| 4491 || 1.02908251012876 || 2014-08-12 10:52:33 |
| 4492 || -12.8397560843114 || 2013-03-16 07:14:27 |
| 4493 || 6.27627347051556 || 2010-02-24 20:54:22 |
| 4494 || 42.2478754182802 || 2015-12-13 18:23:36 |
| 4495 || 22.2783701126328 || 2017-04-22 11:32:32 |
| 4496 || -0.0747922365469492 || 2017-06-12 11:30:21 |
| 4497 || 18.1877041027042 || 2018-12-03 16:48:57 |
| 4498 || -25.830622312805 || 2014-10-23 10:54:19 |
| 4499 || 2.22394734710261 || 2012-06-11 05:12:50 |
| 4500 || -5.91320565523686 || 2014-08-27 10:29:44 |
| 4501 || 0.000896398945658959 || 2010-11-05 08:24:19 |
| 4502 || 28.9270590067007 || 2019-10-20 12:30:03 |
| 4503 || 34.4608064099331 || 2012-06-13 13:49:32 |
| 4504 || -1.56618766730737 || 2012-01-27 16:35:55 |
| 4505 || 3.83970825072998 || 2010-08-16 13:58:03 |
| 4506 || 0.418290784837056 || 2015-08-15 16:31:15 |
| 4507 || 5.84124098943875 || 2017-02-01 06:54:05 |
| 4508 || 64.7536591554921 || 2018-12-19 23:37:39 |
| 4509 || 47.3265395644281 || 2013-05-11 00:59:18 |
| 4510 || 27.0134159365306 || 2016-03-22 23:14:59 |
| 4511 || 0.629936436102128 || 2010-09-22 17:58:16 |
| 4512 || -6.18271921773585 || 2014-02-14 05:14:38 |
| 4513 || 67.9339231288075 || 2019-04-18 23:18:49 |
| 4514 || -7.68628390674287 || 2013-08-19 03:38:58 |
| 4515 || -15.0532394596186 || 2017-12-05 09:38:53 |
| 4516 || 2.02495237878628 || 2012-09-02 08:06:15 |
| 4517 || 13.9507202658087 || 2017-06-21 12:48:26 |
| 4518 || 65.9284593444244 || 2011-05-22 22:33:38 |
| 4519 || 88.9576341325328 || 2019-07-16 22:30:47 |
| 4520 || -17.1055707224261 || 2012-01-23 12:34:53 |
| 4521 || 5.56176488345565 || 2015-04-14 04:22:12 |
| 4522 || 1.18433907248326 || 2019-09-18 18:57:05 |
| 4523 || 56.1938321031471 || 2013-07-07 03:46:32 |
| 4524 || 53.1187638277818 || 2011-01-01 11:47:40 |
| 4525 || 54.5506121376725 || 2018-01-11 21:37:01 |
| 4526 || 1.89528448504799 || 2011-12-10 07:37:09 |
| 4527 || 0.228961371417894 || 2015-01-14 10:32:30 |
| 4528 || -3.66303301432812 || 2017-06-25 19:01:04 |
| 4529 || 87.0712764062668 || 2010-01-08 16:01:40 |
| 4530 || 62.6020605194736 || 2017-09-12 17:32:18 |
| 4531 || 6.81762226805489 || 2016-07-24 21:18:24 |
| 4532 || 5.24114574004404 || 2012-08-10 15:53:40 |
| 4533 || -15.7643242367901 || 2015-04-15 09:03:43 |
| 4534 || 89.1184382243464 || 2011-12-09 10:55:27 |
| 4535 || 4.98387235408184 || 2010-03-13 01:11:45 |
| 4536 || 3.78377259104871 || 2011-07-13 09:14:39 |
| 4537 || -0.0391112711700114 || 2017-01-02 11:02:43 |
| 4538 || 44.5384769982051 || 2016-07-16 16:38:29 |
| 4539 || -28.9698092887569 || 2013-04-03 14:31:12 |
| 4540 || 2.78115194308166 || 2012-11-25 17:02:31 |
| 4541 || -2.36876782663493 || 2017-08-26 06:07:59 |
| 4542 || 1.05534393160693 || 2016-10-03 10:00:53 |
| 4543 || 13.6907119508969 || 2018-07-04 18:07:51 |
| 4544 || -11.1123477332273 || 2016-12-12 02:30:03 |
| 4545 || 75.8194042941823 || 2018-07-02 20:22:08 |
| 4546 || 19.0408762592827 || 2016-04-06 03:56:57 |
| 4547 || -0.106875081113667 || 2017-10-02 19:13:18 |
| 4548 || 35.1055192609644 || 2013-07-21 23:17:01 |
| 4549 || 79.376565401406 || 2018-09-24 00:19:20 |
| 4550 || 33.3621313814593 || 2010-06-13 04:09:36 |
| 4551 || 14.9418585545887 || 2016-07-08 17:17:10 |
| 4552 || 0.000370839297993891 || 2013-07-03 12:36:38 |
| 4553 || 28.913064313857 || 2014-07-20 23:59:56 |
| 4554 || 32.6530513977666 || 2018-02-18 00:05:01 |
| 4555 || 25.9801381276163 || 2016-07-20 19:50:55 |
| 4556 || 16.4723272688926 || 2017-10-26 05:14:48 |
| 4557 || 0.209966844490643 || 2015-02-08 21:43:52 |
| 4558 || -8.11560472434181 || 2013-12-23 05:51:53 |
| 4559 || -19.6448890679985 || 2019-10-18 01:29:52 |
| 4560 || -17.4788040542466 || 2011-12-19 00:11:08 |
| 4561 || -13.4607014889001 || 2018-09-22 22:07:13 |
| 4562 || 0.081449192223723 || 2016-08-17 11:11:21 |
| 4563 || 2.12241701203491 || 2018-07-22 04:36:11 |
| 4564 || -3.38713325576615 || 2012-07-08 14:40:08 |
| 4565 || -22.2773718970783 || 2017-06-09 19:57:18 |
| 4566 || 23.2290496938146 || 2011-05-24 06:28:28 |
| 4567 || 2.4773914637284 || 2017-12-16 15:50:22 |
| 4568 || 5.68471992388927 || 2015-10-08 04:17:38 |
| 4569 || 65.3237061185722 || 2018-08-04 07:56:14 |
| 4570 || 16.5104670046387 || 2010-09-27 13:48:19 |
| 4571 || 42.6214779633016 || 2013-03-06 18:59:02 |
| 4572 || -0.647779936018655 || 2016-05-09 11:08:11 |
| 4573 || 8.11210531292453 || 2017-04-24 02:33:45 |
| 4574 || 33.4424277513678 || 2016-04-01 22:25:10 |
| 4575 || 84.5585569042689 || 2019-02-14 18:09:26 |
| 4576 || -9.72691685388225 || 2019-07-06 14:57:45 |
| 4577 || 3.30755429035054 || 2012-03-13 19:14:35 |
| 4578 || 8.63590964213777 || 2017-07-23 00:55:15 |
| 4579 || 43.2122648807285 || 2015-04-23 15:45:23 |
| 4580 || 67.6476841753997 || 2018-01-02 04:11:28 |
| 4581 || 60.6401087146152 || 2015-05-17 07:40:24 |
| 4582 || 1.46661334821915 || 2017-05-13 15:07:18 |
| 4583 || -1.89134076642975 || 2012-02-23 08:15:27 |
| 4584 || 48.1764681511239 || 2012-06-07 23:38:28 |
| 4585 || 67.4804471968402 || 2011-11-27 15:02:49 |
| 4586 || 44.1526508877071 || 2012-12-02 17:01:08 |
| 4587 || 6.07747028521055 || 2015-12-23 16:23:30 |
| 4588 || 0.510185288949559 || 2015-06-22 08:07:11 |
| 4589 || -15.6721092770411 || 2016-05-24 22:13:33 |
| 4590 || -25.2078013601657 || 2012-09-03 12:17:07 |
| 4591 || -10.0863741048877 || 2019-07-24 03:40:52 |
| 4592 || 11.0536304714757 || 2010-07-23 22:16:43 |
| 4593 || -0.367639645182272 || 2016-04-24 00:18:58 |
| 4594 || -3.11488827637553 || 2016-03-17 02:44:58 |
| 4595 || 85.4669161432074 || 2019-02-23 10:48:32 |
| 4596 || 22.5661235838501 || 2019-10-16 21:26:16 |
| 4597 || 3.23906489924416 || 2017-09-08 15:09:23 |
| 4598 || -0.161616345036602 || 2015-12-27 17:39:54 |
| 4599 || -8.88079400694196 || 2012-04-16 19:54:22 |
| 4600 || -27.8781794275684 || 2014-03-27 11:00:12 |
| 4601 || 7.50111212971734 || 2010-01-09 11:48:13 |
| 4602 || 21.2747214000926 || 2012-04-17 10:00:55 |
| 4603 || 0.00661635730857936 || 2016-05-07 09:27:22 |
| 4604 || 23.6226211411422 || 2013-01-13 23:48:01 |
| 4605 || 80.6009592026415 || 2017-01-20 22:01:15 |
| 4606 || -27.0393537184086 || 2013-10-17 19:05:13 |
| 4607 || 27.1927841801346 || 2016-03-10 22:13:15 |
| 4608 || 0.042761768773106 || 2010-12-25 12:35:56 |
| 4609 || 26.0460467464865 || 2014-03-07 14:51:47 |
| 4610 || 17.6804935052542 || 2012-12-23 12:06:46 |
| 4611 || 16.0017048775519 || 2018-07-22 06:30:09 |
| 4612 || 25.4681491240065 || 2014-08-19 18:52:55 |
| 4613 || 0.951748017000237 || 2017-05-01 06:12:55 |
| 4614 || 21.3149660062472 || 2011-11-08 15:54:28 |
| 4615 || 72.8478945618457 || 2017-09-08 21:19:15 |
| 4616 || -7.65706109151435 || 2017-01-21 19:53:38 |
| 4617 || -2.19464010712271 || 2014-04-05 01:38:12 |
| 4618 || 2.14669251876476 || 2018-09-09 07:14:10 |
| 4619 || 12.4904928194997 || 2019-11-27 17:14:25 |
| 4620 || -14.5694874213591 || 2011-04-04 09:33:24 |
| 4621 || -29.1458756899927 || 2012-11-18 20:59:10 |
| 4622 || 39.4017641901036 || 2016-08-06 07:26:41 |
| 4623 || -1.17846983466175 || 2012-05-22 00:41:02 |
| 4624 || -4.09111088145053 || 2013-06-10 14:35:03 |
| 4625 || 48.5198054204591 || 2016-09-21 10:34:08 |
| 4626 || 53.5025817386868 || 2018-07-02 02:19:53 |
| 4627 || 54.4374986427208 || 2018-06-20 12:48:28 |
| 4628 || -0.654269787317358 || 2012-11-24 12:20:11 |
| 4629 || -1.95054058956655 || 2016-04-11 09:13:20 |
| 4630 || 38.7552994796353 || 2010-06-06 03:54:20 |
| 4631 || 10.1157994563247 || 2016-11-20 00:19:56 |
| 4632 || -14.7664207268428 || 2015-01-20 02:52:53 |
| 4633 || -3.17132028399478 || 2016-01-03 19:33:41 |
| 4634 || 5.81942114385219 || 2014-05-04 01:39:15 |
| 4635 || -6.7968502921289 || 2012-12-22 06:09:25 |
| 4636 || 78.5910247557582 || 2014-03-01 17:20:42 |
| 4637 || 41.9119135446118 || 2017-02-01 04:06:04 |
| 4638 || 2.06376137328174 || 2011-04-08 23:20:32 |
| 4639 || 3.39308591259378 || 2017-01-10 07:43:41 |
| 4640 || -13.8656333094181 || 2015-05-02 16:05:30 |
| 4641 || 45.3245113224466 || 2012-05-02 03:32:54 |
| 4642 || -14.8724912844053 || 2016-07-06 08:24:54 |
| 4643 || 15.9320999363878 || 2015-03-15 01:54:28 |
| 4644 || -0.467585621352675 || 2013-05-02 20:15:32 |
| 4645 || 18.1359920503335 || 2017-05-03 17:52:16 |
| 4646 || -15.5313110137856 || 2013-01-13 19:24:18 |
| 4647 || 26.5669880603109 || 2018-05-06 09:52:54 |
| 4648 || -4.10580684007933 || 2017-07-21 01:28:25 |
| 4649 || 0.592467918257078 || 2013-09-22 23:28:33 |
| 4650 || 35.524254576 || 2016-12-04 10:03:46 |
| 4651 || 5.83991526189201 || 2017-10-23 09:32:31 |
| 4652 || 75.8277728857608 || 2017-09-03 11:00:20 |
| 4653 || -8.54141107214155 || 2019-05-25 04:32:47 |
| 4654 || 0.0193687514428671 || 2011-05-19 08:44:22 |
| 4655 || -9.17774702496204 || 2013-01-20 22:06:17 |
| 4656 || 38.3960455483242 || 2017-06-24 13:54:03 |
| 4657 || 55.9668633641106 || 2014-02-16 01:45:47 |
| 4658 || 32.5284008782334 || 2016-05-17 19:16:34 |
| 4659 || 0.00421018111025839 || 2016-04-05 07:16:50 |
| 4660 || 22.2905112903771 || 2011-12-20 01:54:36 |
| 4661 || 16.7672983913801 || 2013-11-14 08:29:02 |
| 4662 || -10.8614422257615 || 2015-12-10 04:39:03 |
| 4663 || 33.588191971032 || 2017-04-05 23:45:36 |
| 4664 || 0.638230218913758 || 2014-03-16 01:08:30 |
| 4665 || 2.6894836592376 || 2018-04-22 01:18:56 |
| 4666 || -22.0193008181331 || 2018-07-27 22:56:31 |
| 4667 || 56.3881130353864 || 2012-07-20 17:24:24 |
| 4668 || 42.0531833317622 || 2011-11-26 21:15:09 |
| 4669 || -0.728589125309451 || 2018-11-26 13:02:01 |
| 4670 || -2.69547965198355 || 2012-11-22 07:37:35 |
| 4671 || -16.4397188702128 || 2015-07-23 12:41:57 |
| 4672 || 69.3811525620568 || 2018-05-19 05:49:25 |
| 4673 || -4.59797886872499 || 2011-05-07 00:28:37 |
| 4674 || 0.729477327067007 || 2011-07-07 08:02:43 |
| 4675 || -4.23677303528175 || 2010-04-08 19:21:26 |
| 4676 || -7.41750800912921 || 2014-10-04 10:14:31 |
| 4677 || 66.5450459494949 || 2012-07-20 07:31:41 |
| 4678 || 18.2651330464996 || 2017-01-19 15:18:42 |
| 4679 || 5.91420757698102 || 2014-11-25 12:03:18 |
| 4680 || 9.76797297218524 || 2019-03-19 09:27:03 |
| 4681 || 39.3793682734586 || 2014-08-26 02:43:23 |
| 4682 || -11.1600097911695 || 2017-08-17 01:38:00 |
| 4683 || 57.3725974178385 || 2010-10-08 20:56:30 |
| 4684 || -3.14745072181114 || 2017-08-25 17:55:06 |
| 4685 || -1.60154296305329 || 2011-06-21 15:57:44 |
| 4686 || 19.5857240039699 || 2014-12-27 08:28:20 |
| 4687 || 3.06898141685593 || 2017-05-02 09:17:34 |
| 4688 || 7.48419293794533 || 2015-09-09 12:55:32 |
| 4689 || -3.92969071988731 || 2016-12-25 06:13:53 |
| 4690 || -1.01245292651001 || 2017-04-07 06:05:51 |
| 4691 || 49.1830577074591 || 2014-10-23 15:53:08 |
| 4692 || -28.1539346111847 || 2018-05-07 02:54:34 |
| 4693 || -21.9986385012013 || 2013-05-14 19:59:39 |
| 4694 || -5.73250188260129 || 2010-11-09 04:31:43 |
| 4695 || 0.237850356151427 || 2017-08-05 04:31:09 |
| 4696 || 5.65941531629424 || 2017-01-05 11:06:50 |
| 4697 || 77.4997987720756 || 2017-07-26 14:39:23 |
| 4698 || -24.2003003599542 || 2019-03-27 03:09:12 |
| 4699 || 21.4145297096942 || 2013-07-13 20:46:08 |
| 4700 || -0.278416349222895 || 2019-05-02 06:53:32 |
| 4701 || 33.4206813822566 || 2019-06-21 14:23:35 |
| 4702 || 1.73931495379378 || 2016-03-13 02:42:06 |
| 4703 || 75.485704298318 || 2015-01-15 11:38:54 |
| 4704 || 24.4302136514047 || 2010-03-05 21:15:24 |
| 4705 || -0.032500120359406 || 2019-06-01 09:59:41 |
| 4706 || 19.5010655153275 || 2018-04-21 06:08:18 |
| 4707 || 25.0726905175953 || 2014-10-12 09:53:18 |
| 4708 || 79.5183874814263 || 2012-09-15 06:07:50 |
| 4709 || -1.15409890453453 || 2017-09-18 03:49:59 |
| 4710 || 0.0470054868929855 || 2019-11-22 04:53:32 |
| 4711 || 26.6052864175923 || 2012-11-01 15:32:27 |
| 4712 || 64.8281937575886 || 2018-11-03 19:42:24 |
| 4713 || 38.3183191241239 || 2018-05-15 04:29:58 |
| 4714 || -4.58613988785655 || 2015-01-19 02:37:18 |
| 4715 || -0.0475975334452073 || 2017-08-22 14:31:12 |
| 4716 || 23.1182192082389 || 2011-01-20 12:41:39 |
| 4717 || -24.1517940497246 || 2014-12-19 05:31:36 |
| 4718 || 56.7703657183739 || 2019-06-06 05:40:24 |
| 4719 || 21.9257178938553 || 2014-01-17 02:12:48 |
| 4720 || 1.6279197488551 || 2010-05-14 00:12:00 |
| 4721 || -2.53270796146252 || 2013-08-05 04:45:34 |
| 4722 || -17.6224832585346 || 2018-09-26 06:11:12 |
| 4723 || -29.4442194419972 || 2011-09-20 09:15:28 |
| 4724 || 33.9111848363811 || 2013-08-06 15:05:49 |
| 4725 || 3.00806587447066 || 2015-05-22 22:02:31 |
| 4726 || -4.7816895275736 || 2015-05-16 07:10:00 |
| 4727 || -13.1407586825176 || 2012-08-10 00:50:33 |
| 4728 || 1.77491978136132 || 2017-05-15 00:47:23 |
| 4729 || -17.8573434022354 || 2014-08-19 01:13:38 |
| 4730 || -2.00573295915542 || 2019-09-18 16:28:25 |
| 4731 || 3.08498352581593 || 2013-01-21 12:01:08 |
| 4732 || 31.4214240908988 || 2016-07-21 20:39:39 |
| 4733 || -11.5977189296899 || 2014-09-18 20:24:02 |
| 4734 || 50.1058211883049 || 2014-01-24 21:32:46 |
| 4735 || 2.06575325950052 || 2011-06-14 08:08:01 |
| 4736 || -2.0485298021872 || 2010-12-26 00:58:15 |
| 4737 || -18.2736506634201 || 2014-04-06 22:08:05 |
| 4738 || 30.4369685130607 || 2012-12-06 08:55:08 |
| 4739 || -12.3142693955075 || 2019-07-09 11:32:41 |
| 4740 || -1.61521593055833 || 2014-09-26 18:10:09 |
| 4741 || 2.62905610562116 || 2011-01-11 05:02:32 |
| 4742 || -7.55250015301317 || 2018-05-22 21:01:05 |
| 4743 || 88.5492651417618 || 2013-06-26 19:48:05 |
| 4744 || 12.7049971290781 || 2014-02-02 02:18:59 |
| 4745 || -2.64756891835003 || 2011-08-25 11:50:36 |
| 4746 || 1.44419434867413 || 2011-07-01 01:51:09 |
| 4747 || 22.3671728155948 || 2017-09-13 04:15:19 |
| 4748 || -22.8022315601909 || 2018-02-25 07:52:06 |
| 4749 || 64.4466915632205 || 2018-03-21 21:53:21 |
| 4750 || -4.14861866566504 || 2013-03-08 22:18:55 |
| 4751 || 0.0656753243273215 || 2015-02-26 23:23:49 |
| 4752 || 17.814390508206 || 2016-09-11 06:40:42 |
| 4753 || -14.5001775185761 || 2017-03-03 13:28:26 |
| 4754 || -14.0963698464259 || 2014-02-15 14:25:58 |
| 4755 || -4.54977548603065 || 2010-03-18 15:20:13 |
| 4756 || 0.110440483106793 || 2012-03-15 04:40:38 |
| 4757 || 15.9984399571699 || 2019-02-10 02:24:01 |
| 4758 || -24.6797611094374 || 2012-05-01 07:13:36 |
| 4759 || 80.0137679267605 || 2019-11-16 11:32:25 |
| 4760 || 25.8077765955783 || 2010-07-09 02:57:04 |
| 4761 || -0.000882915119709417 || 2012-07-08 02:30:07 |
| 4762 || 24.6718914301311 || 2019-02-02 11:56:11 |
| 4763 || -19.800449936079 || 2013-05-17 10:53:08 |
| 4764 || 77.7390171638659 || 2010-08-21 12:29:00 |
| 4765 || 36.2230443753153 || 2015-05-15 18:13:30 |
| 4766 || 0.360045322371264 || 2012-02-14 06:46:48 |
| 4767 || 22.9190627682778 || 2017-09-21 15:55:20 |
| 4768 || -2.54923892638128 || 2014-02-10 12:27:50 |
| 4769 || 86.1968037677805 || 2018-02-13 22:34:32 |
| 4770 || 31.8790021385675 || 2016-01-14 17:30:51 |
| 4771 || 1.27336404621596 || 2010-06-16 08:49:37 |
| 4772 || 18.0261837450023 || 2013-01-06 00:57:01 |
| 4773 || 42.7061106007702 || 2012-03-04 17:28:07 |
| 4774 || -29.3531867388174 || 2012-10-22 17:11:27 |
| 4775 || -15.7205868446436 || 2015-11-09 00:49:39 |
| 4776 || -0.784509232841518 || 2017-11-08 01:45:23 |
| 4777 || -1.71964872077486 || 2011-07-02 22:15:33 |
| 4778 || 49.8132322038316 || 2017-09-22 21:10:37 |
| 4779 || 88.3240758221006 || 2017-01-03 07:39:04 |
| 4780 || 51.7320691961301 || 2011-10-01 23:02:17 |
| 4781 || -1.09152297867583 || 2013-10-06 15:34:00 |
| 4782 || -3.0093646114671 || 2015-08-03 07:10:30 |
| 4783 || 40.4420486250432 || 2015-01-19 06:48:55 |
| 4784 || -28.0354839729088 || 2018-11-09 21:50:28 |
| 4785 || 54.711781080652 || 2010-10-23 14:54:16 |
| 4786 || 3.7276126075433 || 2018-11-08 07:49:13 |
| 4787 || 3.43915859314749 || 2017-05-01 16:39:40 |
| 4788 || -7.84316630849149 || 2015-07-04 04:53:00 |
| 4789 || 42.6345525170312 || 2010-07-10 08:14:16 |
| 4790 || 40.3286416101248 || 2015-05-15 10:24:42 |
| 4791 || -3.09190751442438 || 2010-04-18 20:00:51 |
| 4792 || -1.39303899868021 || 2015-04-10 09:24:06 |
| 4793 || -15.3599938452322 || 2019-05-21 08:57:11 |
| 4794 || 87.3720447899596 || 2019-05-02 09:02:13 |
| 4795 || 54.5935083521329 || 2019-11-26 03:56:19 |
| 4796 || -3.75964615509506 || 2010-01-18 03:14:44 |
| 4797 || 1.01675338608479 || 2015-08-09 02:52:21 |
| 4798 || -15.3041225513355 || 2013-10-11 21:50:51 |
| 4799 || -27.253074843321 || 2017-07-17 11:49:57 |
| 4800 || 72.2233506969287 || 2016-10-24 21:55:01 |
| 4801 || 14.9315748482758 || 2016-12-11 09:29:45 |
| 4802 || 1.1828519151163 || 2010-12-09 00:07:33 |
| 4803 || 30.7704584263941 || 2013-09-16 11:56:27 |
| 4804 || 78.703626659098 || 2013-02-22 11:06:24 |
| 4805 || -25.4111873117286 || 2018-11-07 22:03:04 |
| 4806 || 23.8742291147388 || 2019-10-25 03:11:37 |
| 4807 || 0.15348344541604 || 2012-05-08 12:53:56 |
| 4808 || 34.6351212200684 || 2018-09-06 18:21:30 |
| 4809 || -20.0401367267161 || 2019-11-10 01:55:18 |
| 4810 || -25.0647045837024 || 2010-07-20 19:37:31 |
| 4811 || 7.75828325546076 || 2015-05-27 03:37:07 |
| 4812 || 0.000112941140261486 || 2019-09-15 12:11:06 |
| 4813 || 12.7769058779455 || 2013-05-25 13:46:00 |
| 4814 || -0.418079999746757 || 2013-06-02 05:06:15 |
| 4815 || -27.7168895146189 || 2015-10-23 17:51:35 |
| 4816 || 19.7675550069402 || 2018-04-12 22:33:53 |
| 4817 || 0.257100105228365 || 2016-02-05 13:42:08 |
| 4818 || 4.78369591209565 || 2012-03-13 17:13:13 |
| 4819 || 67.9921383722718 || 2010-02-07 01:49:02 |
| 4820 || 63.1234338531957 || 2015-03-07 03:09:10 |
| 4821 || 15.2788489586162 || 2012-06-27 23:18:38 |
| 4822 || 1.30667701648324 || 2017-11-05 17:52:14 |
| 4823 || -0.0199366023501869 || 2011-09-03 14:12:06 |
| 4824 || -23.4413995604443 || 2012-05-23 09:56:35 |
| 4825 || 65.5147758345176 || 2014-06-18 15:51:14 |
| 4826 || -14.2528574643337 || 2012-03-27 04:15:57 |
| 4827 || -0.412257063026865 || 2013-05-04 10:17:06 |
| 4828 || 15.3442923050714 || 2013-12-05 09:45:50 |
| 4829 || 66.871443117241 || 2016-11-07 05:59:32 |
| 4830 || 16.4368213300674 || 2016-09-11 17:03:49 |
| 4831 || 10.3033706336337 || 2015-06-16 20:03:49 |
| 4832 || -1.73457349776889 || 2017-09-20 18:57:47 |
| 4833 || 7.09436741598324 || 2011-09-20 00:53:51 |
| 4834 || 56.0566447180422 || 2012-09-23 22:50:53 |
| 4835 || 89.7127705700088 || 2010-11-22 17:24:18 |
| 4836 || 55.8728443159415 || 2014-12-01 01:46:07 |
| 4837 || 6.51743684362916 || 2014-02-02 07:30:22 |
| 4838 || 8.01611163821121 || 2010-06-13 01:43:22 |
| 4839 || 51.5784328155227 || 2019-09-06 14:51:09 |
| 4840 || 40.7972517051468 || 2013-04-03 02:48:20 |
| 4841 || 61.2895742258413 || 2015-06-07 02:42:25 |
| 4842 || 9.04822857614428 || 2016-02-23 22:13:25 |
| 4843 || -1.71647774359102 || 2012-07-21 09:37:43 |
| 4844 || 48.6379060329065 || 2012-02-05 22:40:10 |
| 4845 || 89.1226108141696 || 2010-06-06 16:24:02 |
| 4846 || 25.2473746854525 || 2012-11-11 11:13:52 |
| 4847 || 8.72082345586004 || 2018-02-15 04:41:35 |
| 4848 || -1.01730063671176 || 2015-09-10 06:03:41 |
| 4849 || -15.4030187555288 || 2017-04-07 06:28:18 |
| 4850 || 33.6632318998263 || 2014-01-05 18:32:08 |
| 4851 || -23.804257194853 || 2010-10-21 16:39:31 |
| 4852 || 6.12733342952578 || 2013-08-04 19:50:01 |
| 4853 || 1.53629342850707 || 2017-10-11 23:42:14 |
| 4854 || 41.5742030327283 || 2016-07-16 15:46:37 |
| 4855 || 20.8754060053573 || 2013-06-10 05:38:47 |
| 4856 || -22.6751646200104 || 2014-06-24 09:59:54 |
| 4857 || 15.3084056741769 || 2013-01-17 08:21:57 |
| 4858 || -0.1272347634272 || 2011-06-14 03:01:03 |
| 4859 || 36.1906542418677 || 2016-02-17 03:39:48 |
| 4860 || 9.12656493420515 || 2010-12-03 20:39:27 |
| 4861 || 19.5744564493158 || 2013-03-20 05:46:10 |
| 4862 || 25.8026624678784 || 2012-06-25 21:03:55 |
| 4863 || -0.00195959105227311 || 2016-04-01 19:12:14 |
| 4864 || 0.223168121884629 || 2017-12-22 07:24:56 |
| 4865 || 78.5242782164124 || 2013-10-12 07:55:02 |
| 4866 || -20.0191947615665 || 2014-11-15 11:00:55 |
| 4867 || 33.6387001618045 || 2014-07-27 11:14:48 |
| 4868 || 0.00434241091459204 || 2016-11-06 03:51:05 |
| 4869 || -1.79979017132729 || 2014-02-22 21:44:39 |
| 4870 || 74.7214427745408 || 2017-12-16 03:34:14 |
| 4871 || -27.4428456682964 || 2011-04-04 21:17:56 |
| 4872 || -0.518511374206826 || 2011-06-08 02:40:44 |
| 4873 || 0.56660282619758 || 2015-12-22 16:24:45 |
| 4874 || -1.1003178361936 || 2019-08-06 08:18:31 |
| 4875 || 67.869258871154 || 2013-08-15 02:51:56 |
| 4876 || 39.8696886513383 || 2019-01-25 21:37:15 |
| 4877 || 43.3355231637248 || 2017-05-07 19:27:16 |
| 4878 || -0.492011909678192 || 2017-04-12 14:08:38 |
| 4879 || 3.7016579727227 || 2019-02-11 19:33:39 |
| 4880 || 67.5128971067747 || 2019-07-11 21:28:30 |
| 4881 || 79.6679614215621 || 2014-01-21 08:34:47 |
| 4882 || 26.2553091391203 || 2019-05-05 06:11:52 |
| 4883 || -1.43804808695466 || 2013-04-14 19:48:40 |
| 4884 || 0.404685517179086 || 2016-10-24 00:15:13 |
| 4885 || 43.6151115374871 || 2011-04-20 13:00:30 |
| 4886 || 74.866762416101 || 2013-10-09 01:57:21 |
| 4887 || -16.5724067570118 || 2013-05-04 21:23:57 |
| 4888 || 7.09765233281192 || 2018-05-10 05:48:14 |
| 4889 || 8.9055278759592 || 2017-02-18 16:13:53 |
| 4890 || 21.1581528592962 || 2018-12-16 02:20:24 |
| 4891 || 86.2707702589723 || 2013-10-08 01:26:58 |
| 4892 || 1.55881690485472 || 2019-07-23 18:36:05 |
| 4893 || 9.55713698628222 || 2010-11-05 09:31:17 |
| 4894 || -0.094975108498085 || 2015-01-15 03:00:12 |
| 4895 || -5.85458715582675 || 2010-02-14 05:25:54 |
| 4896 || 84.4867372849021 || 2013-03-09 10:21:34 |
| 4897 || -18.7157282051324 || 2019-02-24 07:07:43 |
| 4898 || 2.2433343987117 || 2019-05-26 21:14:19 |
| 4899 || 3.46120073294419 || 2017-10-16 04:44:49 |
| 4900 || -15.6015394363734 || 2015-01-15 23:47:53 |
| 4901 || 67.1034530287635 || 2019-01-08 14:04:50 |
| 4902 || -10.6367489440488 || 2019-03-07 19:12:09 |
| 4903 || 13.3662247868051 || 2013-09-25 11:28:52 |
| 4904 || -0.551757266669491 || 2012-10-01 06:12:58 |
| 4905 || -4.23519792177604 || 2019-12-04 23:08:05 |
| 4906 || 8.18110421994884 || 2015-02-03 06:37:58 |
| 4907 || 67.5729062199507 || 2011-11-12 21:56:18 |
| 4908 || 1.82714887026284 || 2012-05-20 11:49:57 |
| 4909 || 0.593386597864817 || 2014-06-11 15:17:58 |
| 4910 || 24.5332283291325 || 2015-06-08 12:35:22 |
| 4911 || 30.5850731350404 || 2016-12-15 09:47:34 |
| 4912 || -13.6902632268799 || 2019-12-05 20:49:08 |
| 4913 || -5.81222380443664 || 2016-02-09 05:28:59 |
| 4914 || 0.0157498638273728 || 2012-12-06 03:34:33 |
| 4915 || 8.13139645303978 || 2011-05-02 12:21:36 |
| 4916 || 20.2695410568123 || 2014-09-25 10:15:52 |
| 4917 || 82.1014116788058 || 2017-12-05 15:23:05 |
| 4918 || -3.25721595201307 || 2013-03-15 17:30:40 |
| 4919 || 0.0250802676662983 || 2014-04-12 01:46:32 |
| 4920 || 1.85783722650508 || 2018-09-13 02:10:45 |
| 4921 || 61.0511057841181 || 2014-03-05 22:51:16 |
| 4922 || -24.9550722658158 || 2011-06-23 21:26:29 |
| 4923 || 1.06267507175577 || 2016-05-23 03:14:19 |
| 4924 || 0.0922707583285876 || 2019-06-17 08:33:46 |
| 4925 || 13.9170824074499 || 2012-08-11 06:42:21 |
| 4926 || -14.9463188756058 || 2011-02-02 15:20:15 |
| 4927 || 82.9014195986735 || 2019-12-08 12:00:51 |
| 4928 || 43.959664271718 || 2018-10-21 19:25:26 |
| 4929 || -0.285712170189638 || 2015-03-15 11:36:55 |
| 4930 || -2.93345326208515 || 2013-11-24 15:45:23 |
| 4931 || -21.4494548345083 || 2012-07-25 03:36:43 |
| 4932 || -29.5802677350722 || 2015-04-11 18:23:18 |
| 4933 || -7.22369787586334 || 2015-07-10 02:14:01 |
| 4934 || 4.28997754181254 || 2014-07-24 15:56:49 |
| 4935 || -2.02899147679859 || 2013-06-07 14:20:56 |
| 4936 || -11.5844801133554 || 2015-03-26 14:32:24 |
| 4937 || 52.8388427834902 || 2011-01-24 03:33:06 |
| 4938 || -18.3179002427649 || 2013-12-03 23:56:22 |
| 4939 || 5.721612096188 || 2010-07-07 18:31:42 |
| 4940 || 6.55423325850468 || 2018-05-06 08:11:37 |
| 4941 || 6.72191196308955 || 2017-10-17 08:19:36 |
| 4942 || -15.8591803578858 || 2012-09-18 21:07:53 |
| 4943 || -19.9083239270616 || 2018-09-14 01:39:45 |
| 4944 || 3.33685790736245 || 2013-04-14 20:40:01 |
| 4945 || 6.22251679526396 || 2012-04-18 14:27:12 |
| 4946 || -2.45609136472428 || 2017-06-16 21:58:52 |
| 4947 || -27.2783741426948 || 2014-05-13 14:37:44 |
| 4948 || -3.26867925747338 || 2013-12-08 13:56:36 |
| 4949 || 2.68723829435629 || 2014-01-19 05:23:26 |
| 4950 || 2.10678019045342 || 2014-07-15 19:59:31 |
| 4951 || -13.441257357019 || 2010-01-15 13:30:44 |
| 4952 || 54.482117339004 || 2012-04-23 15:12:07 |
| 4953 || 69.5305340666514 || 2015-02-24 15:37:43 |
| 4954 || -4.24813910628952 || 2015-10-25 05:33:23 |
| 4955 || -0.102728767206354 || 2012-09-09 16:41:04 |
| 4956 || 16.8196924420636 || 2017-10-12 08:20:23 |
| 4957 || 32.0207653975359 || 2012-03-27 18:28:16 |
| 4958 || -24.0311989445274 || 2013-09-16 00:42:37 |
| 4959 || 6.00373830450967 || 2017-09-19 21:09:40 |
| 4960 || -0.238473699449454 || 2016-08-01 20:15:36 |
| 4961 || 37.8941813169149 || 2017-12-01 13:19:50 |
| 4962 || -0.334157824060132 || 2018-10-15 17:20:27 |
| 4963 || 74.5627796168458 || 2010-01-27 10:00:47 |
| 4964 || 24.9193213974041 || 2017-11-27 02:28:31 |
| 4965 || -0.0251056989213669 || 2013-04-21 15:12:32 |
| 4966 || 31.0742011485094 || 2018-02-09 09:13:39 |
| 4967 || 11.5597176059377 || 2016-02-24 05:14:53 |
| 4968 || -18.1121927525008 || 2018-06-12 10:42:42 |
| 4969 || -10.7509830504399 || 2018-12-01 17:30:49 |
| 4970 || 0.067672856929347 || 2014-09-01 14:13:23 |
| 4971 || 25.1724705023133 || 2015-01-16 02:42:10 |
| 4972 || 69.7677909109435 || 2019-10-05 21:30:33 |
| 4973 || 8.09338741730087 || 2012-04-25 19:37:58 |
| 4974 || 31.6669930188199 || 2017-11-11 08:23:10 |
| 4975 || -0.182701489962068 || 2016-12-16 15:35:23 |
| 4976 || 21.851317231261 || 2019-11-04 18:59:29 |
| 4977 || 72.1048426268183 || 2018-06-17 21:47:06 |
| 4978 || -20.8440215171956 || 2015-01-02 06:22:58 |
| 4979 || -10.1505286380966 || 2013-03-26 13:09:57 |
| 4980 || 1.8459273769671 || 2017-01-11 17:17:24 |
| 4981 || 8.003936703046 || 2013-07-24 05:56:36 |
| 4982 || 9.86949399243652 || 2017-07-05 15:42:46 |
| 4983 || -22.7985715770599 || 2011-07-24 06:00:51 |
| 4984 || 12.2045396493174 || 2012-04-03 05:49:46 |
| 4985 || -1.2198127097941 || 2012-04-12 23:41:48 |
| 4986 || 13.6722004295361 || 2018-05-04 07:06:30 |
| 4987 || 27.5253091938698 || 2016-03-27 07:19:38 |
| 4988 || 31.5423926917884 || 2019-04-05 02:50:22 |
| 4989 || 20.4581493867098 || 2019-01-15 05:52:37 |
| 4990 || 0.30590090759874 || 2013-11-27 04:16:45 |
| 4991 || 6.46337942162204 || 2019-11-16 18:01:08 |
| 4992 || 20.806234244574 || 2018-11-14 16:38:39 |
| 4993 || 2.94799169202146 || 2016-10-06 11:02:27 |
| 4994 || 40.4489625216137 || 2017-08-06 12:28:10 |
| 4995 || -3.03123986990209 || 2014-11-01 06:02:38 |
| 4996 || -2.343668009428 || 2014-09-10 00:53:16 |
| 4997 || -17.802937774346 || 2011-02-16 05:05:46 |
| 4998 || -18.9501693853772 || 2018-09-22 07:00:19 |
| 4999 || 64.0863005129627 || 2016-01-19 23:02:37 |
| 5000 || 0.460748995006341 || 2014-04-18 05:42:06 |
| 5001 || 2.78254576035785 || 2018-01-07 18:09:24 |
| 5002 || -1.7395479119594 || 2014-05-25 03:32:17 |
| 5003 || -12.8260501253081 || 2010-11-10 04:39:44 |
| 5004 || -11.5866696177886 || 2011-04-14 03:46:45 |
| 5005 || 13.080399931299 || 2018-08-09 21:37:18 |
| 5006 || 0.394806551864066 || 2018-09-18 23:26:56 |
| 5007 || 12.0324486106681 || 2012-11-20 17:13:11 |
| 5008 || -9.8244084599317 || 2012-11-26 00:19:15 |
| 5009 || -3.97594956812411 || 2011-02-26 03:39:05 |
| 5010 || 4.55367344751896 || 2016-03-07 08:56:12 |
| 5011 || 0.273471576503686 || 2012-10-27 08:59:51 |
| 5012 || 0.95677905055565 || 2012-01-08 06:39:31 |
| 5013 || 55.1775474917986 || 2011-05-10 13:32:33 |
| 5014 || -24.6857364257331 || 2014-10-03 09:44:45 |
| 5015 || 10.0452071207412 || 2014-04-14 02:43:54 |
| 5016 || -0.0581458526992636 || 2011-09-15 21:39:53 |
| 5017 || 32.1172828807808 || 2015-04-17 13:39:19 |
| 5018 || 19.6571540834811 || 2012-06-08 16:58:02 |
| 5019 || -22.2127198239932 || 2012-03-20 14:01:46 |
| 5020 || -9.67778498261375 || 2012-10-17 14:21:42 |
| 5021 || -0.00611690757291887 || 2016-06-19 06:16:34 |
| 5022 || 23.9124870196513 || 2013-07-23 00:34:12 |
| 5023 || 67.1451015510727 || 2019-09-01 19:37:16 |
| 5024 || -21.1511331619429 || 2010-02-25 06:36:02 |
| 5025 || 14.2858838412183 || 2014-11-17 17:43:11 |
| 5026 || -0.161736645863344 || 2019-10-05 17:46:12 |
| 5027 || -6.18464742250191 || 2015-12-15 00:56:13 |
| 5028 || -14.5418075608987 || 2010-08-06 22:03:27 |
| 5029 || 80.5273846332589 || 2018-02-21 17:35:44 |
| 5030 || 8.70330608553288 || 2018-01-06 21:26:06 |
| 5031 || 0.263135905697462 || 2018-04-13 06:51:39 |
| 5032 || 2.65795672943856 || 2017-05-25 07:55:01 |
| 5033 || 4.71692737389656 || 2011-08-11 05:41:15 |
| 5034 || 34.3552476846874 || 2015-05-23 06:17:59 |
| 5035 || -13.8846737540376 || 2017-10-24 05:58:12 |
| 5036 || 3.32194362319897 || 2010-08-07 18:51:29 |
| 5037 || 13.2331450745796 || 2017-02-16 05:33:01 |
| 5038 || 36.1492802513688 || 2012-11-13 20:10:40 |
| 5039 || 41.0744270770318 || 2013-07-01 05:23:42 |
| 5040 || 11.5373539120272 || 2017-11-06 20:47:03 |
| 5041 || -1.18671926040868 || 2018-07-23 10:51:28 |
| 5042 || 7.77589268297428 || 2015-10-19 16:59:45 |
| 5043 || 26.6332533375971 || 2019-10-01 18:28:28 |
| 5044 || 20.6390992020565 || 2015-09-22 13:53:52 |
| 5045 || -18.3792128815343 || 2019-06-20 17:30:29 |
| 5046 || 3.15765698630198 || 2011-11-09 07:23:48 |
| 5047 || -1.41797161399472 || 2018-06-08 10:49:26 |
| 5048 || 42.5074569849955 || 2013-10-07 02:30:09 |
| 5049 || 89.1432448706946 || 2014-02-27 03:30:13 |
| 5050 || 63.0767646517346 || 2019-12-20 09:42:22 |
| 5051 || 4.01415707699857 || 2015-12-10 03:05:24 |
| 5052 || 4.82841758947594 || 2010-11-26 01:44:54 |
| 5053 || -7.64034395961827 || 2019-02-16 18:40:23 |
| 5054 || 14.137597343589 || 2014-10-24 13:13:08 |
| 5055 || -16.8638944121681 || 2012-06-09 17:08:10 |
| 5056 || 14.7524141067664 || 2019-09-23 04:07:04 |
| 5057 || 2.77581803598987 || 2019-09-21 23:50:43 |
| 5058 || -8.38111583633564 || 2013-01-16 10:53:21 |
| 5059 || 2.06885290168601 || 2014-06-08 02:11:08 |
| 5060 || 65.0293216017861 || 2017-10-11 09:21:06 |
| 5061 || 2.83465443949545 || 2014-01-23 18:20:19 |
| 5062 || 0.701698003647375 || 2013-01-10 20:37:18 |
| 5063 || 32.9330281754603 || 2011-10-22 02:10:43 |
| 5064 || 66.4368618823071 || 2017-06-19 12:25:36 |
| 5065 || -4.9308335207428 || 2016-02-04 13:43:04 |
| 5066 || 1.34733392219838 || 2014-08-24 03:48:20 |
| 5067 || 0.0467392356187017 || 2019-09-02 00:55:41 |
| 5068 || -11.5765383557322 || 2011-08-15 22:00:00 |
| 5069 || 39.0713026689798 || 2017-11-05 06:50:09 |
| 5070 || -26.5799700828715 || 2017-03-11 19:01:15 |
| 5071 || 28.7960907084865 || 2018-02-18 18:06:43 |
| 5072 || 0.0018679661631356 || 2012-09-13 08:44:43 |
| 5073 || -9.16209133076804 || 2015-09-10 00:51:05 |
| 5074 || -26.5336462489362 || 2013-10-24 17:56:36 |
| 5075 || 24.3723400138624 || 2019-10-20 03:44:44 |
| 5076 || 1.15510122077617 || 2019-10-06 06:21:26 |
| 5077 || 0.344093192092058 || 2011-05-06 07:14:33 |
| 5078 || -2.54193071474089 || 2017-08-25 20:19:50 |
| 5079 || 47.8224215937935 || 2019-02-19 09:51:23 |
| 5080 || 24.296873486066 || 2010-09-13 14:30:40 |
| 5081 || 14.1501375748676 || 2010-03-25 08:39:00 |
| 5082 || 0.82004941402308 || 2018-04-17 07:11:22 |
| 5083 || 19.671213261602 || 2010-09-16 05:50:51 |
| 5084 || 24.3227566485662 || 2013-08-04 04:42:52 |
| 5085 || 46.165697141665 || 2018-08-22 20:21:31 |
| 5086 || 16.8070465319745 || 2013-07-03 14:50:49 |
| 5087 || 1.22037263454762 || 2011-11-04 11:12:14 |
| 5088 || 6.1047728555929 || 2011-04-16 23:27:51 |
| 5089 || -21.199652978534 || 2017-03-08 05:49:27 |
| 5090 || -20.6500844736502 || 2016-07-17 08:26:03 |
| 5091 || 47.9095941615065 || 2012-11-27 07:50:36 |
| 5092 || 3.32050702256042 || 2016-12-07 06:13:44 |
| 5093 || 11.0086150790209 || 2019-10-13 03:50:06 |
| 5094 || -16.8310676660441 || 2014-10-13 19:02:08 |
| 5095 || -28.9812616230308 || 2013-06-19 06:47:24 |
| 5096 || 10.7588328820091 || 2016-11-09 17:03:25 |
| 5097 || -0.0531405961209426 || 2015-07-06 17:55:38 |
| 5098 || 7.59835595888617 || 2012-08-24 04:41:26 |
| 5099 || 56.8082500034418 || 2019-03-15 09:10:59 |
| 5100 || 38.7461589052113 || 2016-07-03 00:32:06 |
| 5101 || -20.307132070393 || 2013-11-22 18:01:19 |
| 5102 || -1.41630647993969 || 2019-03-19 02:13:29 |
| 5103 || 5.45468579757718 || 2018-11-27 20:49:26 |
| 5104 || 43.5642370937681 || 2016-01-10 23:42:52 |
| 5105 || 29.86307004243 || 2011-06-10 20:41:59 |
| 5106 || 27.6444967835355 || 2016-04-02 11:28:16 |
| 5107 || 6.72889718995335 || 2013-05-04 22:47:52 |
| 5108 || 2.97995489684626 || 2019-10-21 16:24:33 |
| 5109 || 13.0308925618382 || 2013-03-13 19:06:47 |
| 5110 || -27.6096565692983 || 2019-01-14 03:27:41 |
| 5111 || 21.8984912728434 || 2019-05-04 10:50:50 |
| 5112 || 0.336128163220556 || 2014-12-15 10:16:34 |
| 5113 || 0.867107070507777 || 2017-03-15 15:36:59 |
| 5114 || 41.2537390679226 || 2014-09-26 12:24:10 |
| 5115 || 78.6280519867061 || 2015-12-18 09:33:55 |
| 5116 || 22.9802057149371 || 2013-04-23 03:21:17 |
| 5117 || -8.03934686289016 || 2014-04-06 05:20:09 |
| 5118 || 0.380334425698147 || 2015-10-04 08:48:34 |
| 5119 || 14.7609782898309 || 2018-04-27 10:49:54 |
| 5120 || 12.7508281512374 || 2016-05-09 20:36:12 |
| 5121 || 25.389379155071 || 2012-04-08 10:34:22 |
| 5122 || -4.43696331173405 || 2010-04-02 04:03:52 |
| 5123 || 0.00420832903235889 || 2019-11-21 18:02:03 |
| 5124 || -9.79983501413861 || 2017-09-18 17:26:00 |
| 5125 || -19.3943245040127 || 2017-01-12 17:03:01 |
| 5126 || -27.617671864837 || 2012-07-21 12:11:04 |
| 5127 || -2.07914015539505 || 2016-07-10 18:15:56 |
| 5128 || 0.165950980199281 || 2014-06-21 18:07:50 |
| 5129 || 15.1523600903185 || 2013-12-05 18:22:19 |
| 5130 || 69.6204602806168 || 2012-06-14 06:28:11 |
| 5131 || 56.4127154170433 || 2015-07-08 03:59:37 |
| 5132 || -8.93636157518604 || 2017-09-03 08:12:38 |
| 5133 || 0.708561956224342 || 2011-11-15 00:26:45 |
| 5134 || -4.88274711753366 || 2015-10-06 15:26:43 |
| 5135 || -23.7684860828184 || 2013-11-17 21:21:56 |
| 5136 || -6.87026532355354 || 2018-11-25 04:57:36 |
| 5137 || 17.527730284391 || 2012-02-18 17:34:29 |
| 5138 || -0.840983999837574 || 2019-09-26 18:40:12 |
| 5139 || -5.40069094147965 || 2016-12-23 17:47:11 |
| 5140 || 61.5561759551748 || 2011-01-12 00:04:01 |
| 5141 || -13.7185805575607 || 2012-08-23 23:08:28 |
| 5142 || -4.62340520869018 || 2010-03-18 19:16:51 |
| 5143 || 1.86860282690761 || 2010-08-06 06:45:00 |
| 5144 || -3.7472045059109 || 2013-12-11 01:02:08 |
| 5145 || 63.5031980310549 || 2014-03-06 05:49:36 |
| 5146 || 78.1526001429229 || 2017-11-13 03:46:41 |
| 5147 || -1.14023427214953 || 2012-02-21 23:51:45 |
| 5148 || -1.19542334596757 || 2012-02-09 11:40:34 |
| 5149 || 6.67429445839505 || 2017-11-20 06:06:19 |
| 5150 || -9.46185304684892 || 2018-12-15 22:26:13 |
| 5151 || -14.3607151617327 || 2012-02-27 09:03:12 |
| 5152 || -20.4721323862964 || 2012-02-22 22:30:29 |
| 5153 || 2.37038922645615 || 2010-07-27 05:14:52 |
| 5154 || 1.89572464923535 || 2015-02-03 19:18:50 |
| 5155 || 29.26250408181 || 2015-10-11 02:27:23 |
| 5156 || 5.58102716530923 || 2011-05-03 07:36:19 |
| 5157 || 59.9456049419006 || 2014-01-02 15:35:43 |
| 5158 || 14.0320811325235 || 2018-09-08 05:25:33 |
| 5159 || 2.20334732661743 || 2016-09-15 19:25:11 |
| 5160 || -0.217811819385 || 2010-07-20 00:59:57 |
| 5161 || 88.2433055317719 || 2016-10-09 22:09:23 |
| 5162 || -1.79554871325292 || 2011-07-12 23:07:57 |
| 5163 || 18.6958307512482 || 2012-09-25 21:10:07 |
| 5164 || 1.70297923084527 || 2011-09-11 17:25:12 |
| 5165 || -11.0772996653053 || 2013-03-02 20:34:44 |
| 5166 || -27.967329964286 || 2010-01-14 21:58:34 |
| 5167 || 39.2127092064056 || 2014-05-19 16:29:42 |
| 5168 || 17.9093829843855 || 2015-07-04 16:15:10 |
| 5169 || -0.176044290590357 || 2011-07-18 19:05:39 |
| 5170 || 22.1990914818579 || 2015-04-20 09:17:05 |
| 5171 || 11.2889848587164 || 2012-03-25 14:28:32 |
| 5172 || 61.9342338253733 || 2011-06-19 08:45:55 |
| 5173 || -6.89516186812907 || 2013-02-19 13:06:51 |
| 5174 || 0.027714712940209 || 2013-05-17 15:56:33 |
| 5175 || -7.5922526825885 || 2013-10-05 06:55:38 |
| 5176 || 7.80279540317313 || 2010-04-04 22:40:15 |
| 5177 || 18.4424519883172 || 2016-04-04 01:49:09 |
| 5178 || 22.3871128442035 || 2018-12-03 13:08:06 |
| 5179 || 0.152728536230012 || 2012-08-18 22:02:49 |
| 5180 || 22.6794609347764 || 2018-05-15 05:11:44 |
| 5181 || 32.3328043892191 || 2019-10-20 19:28:20 |
| 5182 || 14.2863389228881 || 2010-10-15 12:42:40 |
| 5183 || 15.8008165259645 || 2018-06-27 05:38:18 |
| 5184 || 0.618465642060381 || 2017-09-26 23:22:25 |
| 5185 || -6.00674307924481 || 2014-07-17 06:48:53 |
| 5186 || -24.5228417544302 || 2014-05-18 00:19:18 |
| 5187 || 51.7177435653568 || 2015-01-10 12:01:34 |
| 5188 || 40.422478193262 || 2012-06-03 06:20:22 |
| 5189 || -0.43872184939321 || 2010-06-06 15:04:50 |
| 5190 || -5.26451443976155 || 2018-02-20 04:37:17 |
| 5191 || 64.9148315077316 || 2011-03-16 15:22:12 |
| 5192 || -7.53245167804602 || 2017-03-08 12:14:33 |
| 5193 || 32.5087189209913 || 2014-12-09 13:52:40 |
| 5194 || -1.17220362476001 || 2018-11-07 00:09:30 |
| 5195 || -4.31465609999948 || 2016-07-17 13:13:56 |
| 5196 || -15.2802736654236 || 2017-10-06 22:53:00 |
| 5197 || 75.8765513458952 || 2017-01-25 01:57:26 |
| 5198 || 31.4804540201247 || 2017-03-26 08:04:50 |
| 5199 || 2.76586972768509 || 2016-11-12 07:06:33 |
| 5200 || 7.90702350191853 || 2015-07-02 23:34:16 |
| 5201 || 53.5395741149543 || 2013-04-08 05:07:35 |
| 5202 || 26.4164683251849 || 2011-01-17 10:46:34 |
| 5203 || 0.802014050834754 || 2018-11-02 03:28:19 |
| 5204 || 9.01621815369198 || 2012-07-25 13:22:23 |
| 5205 || -1.08752639151129 || 2016-02-13 18:09:18 |
| 5206 || 42.4690645342822 || 2012-10-08 22:58:30 |
| 5207 || -3.18379012190363 || 2018-08-21 17:18:50 |
| 5208 || 62.4038127148046 || 2012-10-11 13:06:28 |
| 5209 || 13.2306698354427 || 2013-10-20 14:57:01 |
| 5210 || -0.509550920576395 || 2010-07-08 06:32:58 |
| 5211 || 48.7696108989683 || 2017-09-17 17:09:13 |
| 5212 || 49.1192720598447 || 2012-11-02 19:12:06 |
| 5213 || 41.2650335734261 || 2013-01-01 22:04:01 |
| 5214 || -6.02131183641702 || 2019-06-06 08:04:45 |
| 5215 || 0.462726860838088 || 2014-11-15 20:46:27 |
| 5216 || -12.2785825912752 || 2012-11-04 11:52:23 |
| 5217 || 10.9133794488912 || 2017-07-20 20:57:45 |
| 5218 || -14.8899909923883 || 2014-08-01 02:17:51 |
| 5219 || -5.65842168398199 || 2013-03-26 21:09:33 |
| 5220 || -0.105581612471981 || 2010-10-26 17:00:44 |
| 5221 || 37.7893704222863 || 2015-10-26 10:36:28 |
| 5222 || -20.1253601757957 || 2015-06-01 15:57:58 |
| 5223 || 13.436978819873 || 2019-04-11 08:30:01 |
| 5224 || -6.00277525648043 || 2018-04-18 16:44:53 |
| 5225 || -0.0136773830608542 || 2019-11-09 16:44:14 |
| 5226 || 13.5802267952818 || 2017-05-11 00:47:51 |
| 5227 || 46.7809385796023 || 2018-05-09 04:03:31 |
| 5228 || 32.4024640037733 || 2014-06-20 11:20:20 |
| 5229 || 26.1979148148332 || 2011-10-27 23:43:46 |
| 5230 || 0.063744127635424 || 2014-08-12 19:49:22 |
| 5231 || 20.5358173392296 || 2013-10-04 01:02:18 |
| 5232 || 64.6809590085544 || 2018-08-18 14:41:26 |
| 5233 || -22.6588723462202 || 2018-04-11 12:25:06 |
| 5234 || 3.30622338405546 || 2012-10-09 16:55:17 |
| 5235 || 0.746891692914069 || 2010-07-08 19:00:55 |
| 5236 || 21.5743934462606 || 2013-11-05 09:47:30 |
| 5237 || -8.87980466105092 || 2016-12-05 08:39:20 |
| 5238 || -27.7461330126269 || 2017-04-06 05:26:26 |
| 5239 || -13.2038827775956 || 2011-10-18 14:52:48 |
| 5240 || -0.406888185275914 || 2013-07-18 22:57:26 |
| 5241 || 9.16726391052305 || 2013-04-07 14:10:32 |
| 5242 || 9.22316003304034 || 2015-06-19 11:54:13 |
| 5243 || -0.550083880736985 || 2015-12-15 19:31:26 |
| 5244 || 22.0991642115123 || 2016-08-25 21:31:00 |
| 5245 || 3.88277391332006 || 2014-03-16 18:13:54 |
| 5246 || 4.98823976357778 || 2017-04-21 13:09:43 |
| 5247 || 24.0108197634434 || 2014-02-26 19:46:18 |
| 5248 || -15.726966035103 || 2012-07-26 00:18:10 |
| 5249 || -17.3549567569638 || 2011-08-20 02:44:49 |
| 5250 || 5.58188005901015 || 2011-05-10 12:21:12 |
| 5251 || -2.77251703112338 || 2019-01-23 22:49:08 |
| 5252 || 52.7398207213781 || 2019-07-10 07:29:10 |
| 5253 || 50.9496093440901 || 2019-10-07 00:55:12 |
| 5254 || -19.8032008203816 || 2019-04-17 04:23:09 |
| 5255 || 9.18476349882067 || 2011-04-14 19:46:30 |
| 5256 || 0.393805068935419 || 2014-10-23 23:35:31 |
| 5257 || -18.1781219767098 || 2015-12-17 14:18:19 |
| 5258 || -27.4687357376387 || 2018-03-05 02:15:41 |
| 5259 || -2.49545291914686 || 2015-06-21 00:49:57 |
| 5260 || 12.5795023701484 || 2010-07-06 02:44:51 |
| 5261 || 4.2106873405789 || 2018-01-03 11:45:30 |
| 5262 || 0.628854250984047 || 2014-12-24 12:50:16 |
| 5263 || -29.4198412067863 || 2015-01-24 20:09:35 |
| 5264 || 54.448264325633 || 2015-02-11 12:11:29 |
| 5265 || 10.7064376095035 || 2016-07-24 20:07:37 |
| 5266 || -0.276758211715915 || 2015-02-23 02:34:52 |
| 5267 || -14.3148167875578 || 2016-03-26 12:02:15 |
| 5268 || -27.6784800112577 || 2018-06-16 21:40:09 |
| 5269 || 46.298784490882 || 2014-05-24 07:43:51 |
| 5270 || -1.26494702505413 || 2014-06-24 13:33:03 |
| 5271 || -0.257360944484651 || 2012-05-10 20:01:45 |
| 5272 || 37.7613030498026 || 2016-05-12 01:56:51 |
| 5273 || 57.6222490787006 || 2012-02-20 23:34:46 |
| 5274 || -19.0108805658 || 2019-01-06 17:09:52 |
| 5275 || 18.4298717878628 || 2019-12-11 13:33:33 |
| 5276 || 0.121424362391475 || 2015-02-02 18:57:34 |
| 5277 || -10.7841385305174 || 2015-08-03 19:40:30 |
| 5278 || -15.9238959618863 || 2013-12-11 21:47:57 |
| 5279 || 67.6515582782216 || 2011-03-10 01:28:13 |
| 5280 || 31.4530087105106 || 2011-06-24 00:21:41 |
| 5281 || 0.0123502148739529 || 2011-02-12 08:06:03 |
| 5282 || -4.47518874808566 || 2016-08-27 11:11:36 |
| 5283 || 51.5149986188689 || 2012-12-03 06:13:14 |
| 5284 || -5.85696288682717 || 2011-03-27 21:51:13 |
| 5285 || -12.0560094466904 || 2012-05-08 01:29:22 |
| 5286 || 0.246579745241246 || 2013-03-11 17:24:51 |
| 5287 || 11.1302098818533 || 2016-03-01 10:44:01 |
| 5288 || 64.0931799066756 || 2017-06-05 17:31:34 |
| 5289 || 73.711779134143 || 2019-08-23 18:55:50 |
| 5290 || 7.75594666142247 || 2011-07-25 08:13:38 |
| 5291 || -0.285217792189024 || 2015-12-01 00:40:41 |
| 5292 || 12.454811009464 || 2015-03-19 04:06:54 |
| 5293 || 20.1028539880023 || 2013-05-22 03:43:33 |
| 5294 || 78.6212752630811 || 2019-09-18 03:00:40 |
| 5295 || 28.5714592331834 || 2019-02-14 17:05:10 |
| 5296 || 3.53243807230144 || 2016-06-07 14:34:58 |
| 5297 || 13.3715098885456 || 2019-10-04 11:24:51 |
| 5298 || 23.1522786866091 || 2016-06-24 00:07:23 |
| 5299 || -16.9471880269901 || 2014-11-14 16:48:57 |
| 5300 || 26.1312666936191 || 2013-06-09 10:43:15 |
| 5301 || 5.84087526356576 || 2018-09-26 07:24:09 |
| 5302 || 9.14275805537249 || 2015-11-14 06:17:47 |
| 5303 || -19.9848733824757 || 2012-12-21 10:09:54 |
| 5304 || 86.4545812091422 || 2011-07-27 04:02:28 |
| 5305 || 53.4133812801986 || 2011-07-07 08:01:24 |
| 5306 || 2.7207538096099 || 2011-03-22 06:49:10 |
| 5307 || 4.65709301678324 || 2013-09-26 18:20:37 |
| 5308 || -4.68311848176193 || 2013-03-21 03:20:18 |
| 5309 || 2.49778590690119 || 2015-06-15 22:08:59 |
| 5310 || 17.6754222008502 || 2010-12-18 20:25:20 |
| 5311 || -0.531626602903613 || 2011-09-04 01:45:43 |
| 5312 || -0.150825428683166 || 2019-07-26 04:39:38 |
| 5313 || 21.8813924362911 || 2018-08-12 11:56:54 |
| 5314 || 88.1304776593451 || 2010-09-19 18:53:47 |
| 5315 || 3.54557599897954 || 2010-08-15 18:12:43 |
| 5316 || 15.6218594420376 || 2017-04-02 01:12:06 |
| 5317 || 2.51439147604253 || 2019-01-08 09:48:49 |
| 5318 || 42.816773052434 || 2016-08-25 01:44:03 |
| 5319 || 54.0696845232129 || 2018-03-03 19:27:54 |
| 5320 || 66.989220605722 || 2014-11-12 05:12:15 |
| 5321 || -2.70665468058931 || 2018-06-08 01:53:43 |
| 5322 || 0.996825755776201 || 2018-05-24 18:20:33 |
| 5323 || -13.2063233409187 || 2016-02-04 02:05:11 |
| 5324 || -19.4205683022641 || 2015-08-12 01:56:24 |
| 5325 || 70.4150269000329 || 2017-01-17 11:02:44 |
| 5326 || 2.31115992159734 || 2014-07-12 18:32:38 |
| 5327 || -0.0182263173249611 || 2014-05-23 08:34:42 |
| 5328 || 14.2226252356052 || 2012-10-23 23:18:08 |
| 5329 || -26.5689424494582 || 2014-06-18 23:44:06 |
| 5330 || 43.9329287942433 || 2018-04-06 14:41:25 |
| 5331 || 26.2569245451971 || 2017-09-08 15:14:15 |
| 5332 || 0.00563097617929674 || 2014-05-19 18:13:53 |
| 5333 || -7.34788343546838 || 2014-08-06 14:55:55 |
| 5334 || 9.48137526262384 || 2014-01-20 03:15:33 |
| 5335 || -7.18548113869871 || 2018-07-10 09:23:22 |
| 5336 || 22.7358982485001 || 2016-09-22 20:54:21 |
| 5337 || -0.140097096338534 || 2012-10-03 03:40:01 |
| 5338 || 16.7213315109929 || 2017-01-04 06:18:08 |
| 5339 || 12.9453166642572 || 2017-12-06 12:49:29 |
| 5340 || -12.865355827903 || 2019-08-27 02:54:50 |
| 5341 || 6.21770293060434 || 2012-12-27 07:04:21 |
| 5342 || 0.569978788799325 || 2014-10-01 10:50:52 |
| 5343 || 12.8650465759496 || 2016-10-23 05:40:47 |
| 5344 || 49.6773357339284 || 2015-09-19 00:40:07 |
| 5345 || 27.9093429356552 || 2017-12-08 16:26:25 |
| 5346 || -15.5729624925529 || 2012-09-02 22:48:14 |
| 5347 || -0.675397082769918 || 2015-05-19 10:02:55 |
| 5348 || 13.4424758917347 || 2017-06-25 22:16:01 |
| 5349 || -21.2449424290095 || 2015-07-03 01:26:16 |
| 5350 || 43.5625898120684 || 2017-05-05 15:04:58 |
| 5351 || 28.7492025320881 || 2015-08-20 14:08:08 |
| 5352 || 5.37158200035529 || 2014-05-24 07:02:33 |
| 5353 || 7.88906826775224 || 2018-08-24 16:44:07 |
| 5354 || 58.8351386588044 || 2011-03-02 03:23:36 |
| 5355 || -3.46522375439716 || 2010-07-25 11:06:00 |
| 5356 || -7.5782525974852 || 2014-11-08 09:19:36 |
| 5357 || 8.381903921254 || 2015-03-04 05:36:57 |
| 5358 || 6.67347723167117 || 2011-02-23 20:52:10 |
| 5359 || 30.1942543759479 || 2013-11-20 02:54:14 |
| 5360 || -26.4092440922545 || 2017-06-05 11:21:19 |
| 5361 || -20.8210638988409 || 2017-09-11 05:07:40 |
| 5362 || 1.177567307113 || 2012-02-04 05:58:16 |
| 5363 || 4.19589904100982 || 2016-07-10 00:31:23 |
| 5364 || -15.3642873346234 || 2014-10-11 06:28:31 |
| 5365 || 33.0705182708631 || 2019-05-16 21:09:36 |
| 5366 || 60.5952556759128 || 2014-04-19 08:40:50 |
| 5367 || 15.025191173879 || 2017-09-01 03:27:56 |
| 5368 || -0.471823720520489 || 2014-10-07 07:28:34 |
| 5369 || 45.6495097238219 || 2012-01-24 20:49:33 |
| 5370 || 46.8009418838898 || 2015-11-25 01:23:09 |
| 5371 || 4.69311117173211 || 2012-06-11 07:07:02 |
| 5372 || 17.7118584612207 || 2010-07-10 00:33:14 |
| 5373 || 1.37647736283456 || 2010-10-01 11:59:19 |
| 5374 || -13.514186753242 || 2015-06-14 13:11:33 |
| 5375 || -2.41965509010712 || 2014-11-02 14:46:50 |
| 5376 || -24.8428033305313 || 2011-02-07 05:02:42 |
| 5377 || -8.25471550813678 || 2010-12-03 05:19:44 |
| 5378 || -0.0398059737572455 || 2018-11-11 23:53:33 |
| 5379 || -9.93830481604056 || 2019-11-13 16:54:42 |
| 5380 || -15.1351941684392 || 2012-02-22 20:51:02 |
| 5381 || 10.2567361524185 || 2015-10-05 12:23:48 |
| 5382 || -9.61467366047052 || 2017-08-14 23:36:46 |
| 5383 || 7.9559187706905e-05 || 2015-11-20 23:17:04 |
| 5384 || 24.4755980520324 || 2010-05-03 02:01:20 |
| 5385 || 35.5543888155353 || 2012-12-06 22:23:41 |
| 5386 || 69.0955857963802 || 2019-07-23 17:30:51 |
| 5387 || -11.5115733656568 || 2011-01-03 15:08:35 |
| 5388 || 0.04013065531838 || 2014-01-27 16:34:13 |
| 5389 || 6.40000268311523 || 2016-04-23 06:32:42 |
| 5390 || 61.6144221103304 || 2011-03-05 07:26:01 |
| 5391 || -21.316223580192 || 2016-03-14 10:33:35 |
| 5392 || 11.9294934366109 || 2011-10-14 17:00:41 |
| 5393 || 0.983800168182925 || 2011-03-01 13:03:32 |
| 5394 || 17.1712798055425 || 2012-04-27 21:43:40 |
| 5395 || 52.7061656609672 || 2017-10-23 01:47:27 |
| 5396 || -18.6409712441403 || 2012-09-17 03:50:47 |
| 5397 || 2.82685701088143 || 2010-11-15 01:19:44 |
| 5398 || -0.620552555423758 || 2014-08-20 02:39:45 |
| 5399 || -2.23509462372576 || 2019-11-05 02:53:48 |
| 5400 || 32.2451745984844 || 2013-05-14 21:35:01 |
| 5401 || -29.6047825026194 || 2018-08-08 23:15:41 |
| 5402 || 20.9236818463614 || 2017-09-16 03:04:42 |
| 5403 || 1.01637614061547 || 2012-08-04 11:45:52 |
| 5404 || 6.10121923282463 || 2015-01-16 12:21:02 |
| 5405 || -2.74018489566294 || 2019-09-15 04:32:42 |
| 5406 || 89.3800189681535 || 2015-11-14 15:46:57 |
| 5407 || 48.1432547252845 || 2012-07-15 02:10:54 |
| 5408 || 2.61749263787141 || 2010-06-20 05:41:43 |
| 5409 || 5.72847648520346 || 2012-03-23 16:16:19 |
| 5410 || 5.81890508508671 || 2013-01-11 04:39:06 |
| 5411 || 89.9509429873398 || 2019-04-26 22:43:22 |
| 5412 || -14.9188899524295 || 2019-09-01 06:23:35 |
| 5413 || -0.322164506731766 || 2010-01-08 14:34:16 |
| 5414 || 5.71969792130837 || 2017-09-26 21:19:26 |
| 5415 || 48.7006299677706 || 2012-07-22 19:57:45 |
| 5416 || 76.4680675048121 || 2017-06-03 03:21:33 |
| 5417 || -15.3950554398359 || 2017-02-20 10:56:50 |
| 5418 || 12.4217177827031 || 2017-01-26 07:17:04 |
| 5419 || -0.840501606555726 || 2012-09-20 16:59:44 |
| 5420 || -15.4791778502587 || 2012-10-12 04:27:51 |
| 5421 || 54.1396536448779 || 2016-12-24 18:06:39 |
| 5422 || 41.5669273426485 || 2016-06-01 18:30:57 |
| 5423 || 8.18381688023945 || 2019-04-08 19:53:54 |
| 5424 || 0.567084874467407 || 2016-04-23 18:00:37 |
| 5425 || 41.977391190263 || 2015-12-03 00:46:58 |
| 5426 || 45.8908415601795 || 2010-04-10 20:22:20 |
| 5427 || 65.5046436070343 || 2017-07-03 17:28:25 |
| 5428 || 9.62225307768405 || 2012-12-09 17:45:26 |
| 5429 || 0.503944150452368 || 2018-03-10 21:43:28 |
| 5430 || -10.1521263931151 || 2010-08-05 23:21:04 |
| 5431 || 82.6801743989286 || 2012-05-17 16:02:23 |
| 5432 || 54.719981530974 || 2019-05-25 15:30:04 |
| 5433 || -9.59926496658152 || 2015-04-15 03:49:22 |
| 5434 || 0.0132376131628435 || 2014-04-15 10:17:28 |
| 5435 || 0.96841943208589 || 2016-03-21 07:26:08 |
| 5436 || 49.7076151955877 || 2012-03-06 21:47:53 |
| 5437 || 14.2013049476252 || 2016-04-15 09:18:14 |
| 5438 || 1.32830430547539 || 2011-03-18 04:41:21 |
| 5439 || 0.0741030075882434 || 2016-07-10 17:55:36 |
| 5440 || -5.32466045516898 || 2018-02-27 17:14:14 |
| 5441 || 32.596962865819 || 2018-02-09 19:45:19 |
| 5442 || 82.2264561654435 || 2010-04-19 02:36:49 |
| 5443 || 32.9801134548325 || 2012-07-06 14:35:41 |
| 5444 || 0.00180695835423279 || 2010-03-16 16:43:05 |
| 5445 || 19.4096852499559 || 2019-10-13 07:23:58 |
| 5446 || 37.0364942040591 || 2014-01-14 17:43:05 |
| 5447 || -27.8964150185077 || 2017-06-21 18:29:39 |
| 5448 || -14.0375728979791 || 2011-12-25 01:17:42 |
| 5449 || -0.649488504828639 || 2018-10-14 19:27:10 |
| 5450 || -1.30645719003944 || 2013-04-15 00:57:02 |
| 5451 || 48.517604822704 || 2011-07-12 19:01:34 |
| 5452 || -27.661238645503 || 2013-04-05 05:22:14 |
| 5453 || -4.15209230612223 || 2011-05-03 00:53:03 |
| 5454 || -0.563768152000209 || 2017-07-11 20:26:53 |
| 5455 || 12.8952687689958 || 2012-01-22 03:34:59 |
| 5456 || -16.5046376606883 || 2019-05-19 09:37:14 |
| 5457 || 8.6758086686661 || 2016-11-13 06:57:16 |
| 5458 || 18.687276502009 || 2017-04-01 21:17:32 |
| 5459 || -1.7010771679236 || 2013-10-18 03:05:33 |
| 5460 || 6.37557171476638 || 2019-12-13 06:41:02 |
| 5461 || 21.0365147382476 || 2016-07-05 11:36:47 |
| 5462 || 53.7073942572848 || 2014-12-13 17:59:16 |
| 5463 || 42.1976396190318 || 2019-10-03 04:50:44 |
| 5464 || -2.72951836356844 || 2016-06-19 16:39:15 |
| 5465 || 2.9476759850667 || 2013-08-02 00:52:07 |
| 5466 || 14.6962192181001 || 2013-02-02 18:55:58 |
| 5467 || 3.71413554501162 || 2011-11-18 17:00:53 |
| 5468 || 56.1726248529104 || 2014-08-14 21:47:00 |
| 5469 || 14.1956528150457 || 2018-03-05 13:27:40 |
| 5470 || 2.8513523854875 || 2019-01-15 12:36:53 |
| 5471 || 22.6905218882411 || 2019-06-09 17:25:10 |
| 5472 || 9.22208038283882 || 2014-01-24 08:50:14 |
| 5473 || -23.4379341963988 || 2019-01-05 18:43:31 |
| 5474 || -1.68182552792429 || 2013-09-21 02:36:17 |
| 5475 || 0.69120818711066 || 2011-11-15 07:06:13 |
| 5476 || 38.7331657287538 || 2014-12-16 16:29:10 |
| 5477 || 86.7132991340055 || 2014-01-20 11:39:39 |
| 5478 || 72.0841593459055 || 2012-11-17 15:21:55 |
| 5479 || 7.47278142963025 || 2018-10-07 03:46:00 |
| 5480 || -0.173876821681624 || 2014-08-07 16:24:28 |
| 5481 || 13.3808283370008 || 2012-02-15 07:04:27 |
| 5482 || 62.5966676098863 || 2016-01-01 14:01:56 |
| 5483 || 75.8901124282822 || 2010-07-15 21:23:53 |
| 5484 || 24.5775066217504 || 2011-01-12 01:31:47 |
| 5485 || -0.0115085666886837 || 2017-05-24 02:42:38 |
| 5486 || -9.59294515172377 || 2015-09-18 07:10:13 |
| 5487 || 36.5178878599588 || 2012-11-21 21:05:10 |
| 5488 || 81.2945355143354 || 2014-05-05 10:20:46 |
| 5489 || 32.1540845194161 || 2017-04-23 12:53:06 |
| 5490 || 0.000862338403124759 || 2010-12-07 14:03:01 |
| 5491 || -8.98596594633601 || 2019-10-12 06:22:31 |
| 5492 || -14.2173401729672 || 2015-09-26 03:46:32 |
| 5493 || 80.1948411031756 || 2017-09-15 16:07:10 |
| 5494 || 16.3942771368084 || 2017-08-04 15:20:00 |
| 5495 || 0.622308644030838 || 2019-06-13 11:58:38 |
| 5496 || 9.83144437179871 || 2012-07-13 15:01:45 |
| 5497 || 38.2862560382205 || 2017-10-09 03:19:27 |
| 5498 || 33.5517608422573 || 2019-02-05 15:57:18 |
| 5499 || 41.1869908800651 || 2013-07-11 12:48:43 |
| 5500 || 2.14477314696534 || 2019-10-23 02:57:34 |
| 5501 || 13.9547907635541 || 2011-03-16 23:15:56 |
| 5502 || -14.8516505757589 || 2013-02-04 17:58:18 |
| 5503 || 38.3053825115445 || 2010-06-04 21:58:38 |
| 5504 || 43.8278029318681 || 2017-10-12 00:42:02 |
| 5505 || -0.710343958813437 || 2018-09-18 08:26:18 |
| 5506 || 11.4030431610555 || 2010-11-26 21:10:54 |
| 5507 || 54.7488124095769 || 2010-05-13 14:31:59 |
| 5508 || -20.519517624359 || 2018-08-14 12:15:34 |
| 5509 || -17.7971310866729 || 2014-07-06 17:46:55 |
| 5510 || 0.142382346785811 || 2018-11-19 06:25:56 |
| 5511 || 8.43494016397169 || 2011-04-16 02:31:09 |
| 5512 || -14.224231644709 || 2014-09-26 20:25:14 |
| 5513 || -10.1161951407146 || 2019-12-08 03:06:41 |
| 5514 || -13.1851234822036 || 2011-01-27 16:03:56 |
| 5515 || 9.62747714180482 || 2012-01-02 11:23:55 |
| 5516 || -0.672025835506703 || 2019-10-26 00:03:23 |
| 5517 || 19.7062702427132 || 2015-12-23 00:36:02 |
| 5518 || 66.2184109995852 || 2016-12-13 01:49:24 |
| 5519 || 61.7087144595643 || 2014-04-21 08:32:46 |
| 5520 || -4.24583845828596 || 2016-11-01 15:46:28 |
| 5521 || 3.21803774655059 || 2012-03-09 15:59:15 |
| 5522 || -3.51292602384776 || 2019-02-19 13:52:33 |
| 5523 || 68.8487476667468 || 2015-08-04 00:15:28 |
| 5524 || 23.599330431207 || 2013-11-08 20:20:58 |
| 5525 || 17.5342543833328 || 2016-10-04 19:32:51 |
| 5526 || 2.17657303896285 || 2010-04-17 20:39:40 |
| 5527 || 12.3006041790187 || 2012-03-05 19:27:13 |
| 5528 || 74.0349164683112 || 2010-11-22 10:22:48 |
| 5529 || -7.4754165448462 || 2014-12-09 13:51:56 |
| 5530 || -6.74973015777426 || 2017-03-17 17:04:07 |
| 5531 || -0.109298205079804 || 2011-09-15 23:15:28 |
| 5532 || 1.18051996258796 || 2014-02-27 15:53:27 |
| 5533 || 13.0941647640628 || 2014-07-11 00:54:08 |
| 5534 || -18.1470921012886 || 2011-10-03 18:26:14 |
| 5535 || 0.307973140378966 || 2017-01-06 01:47:08 |
| 5536 || 0.124096611768302 || 2014-03-25 04:49:07 |
| 5537 || 21.9059126433992 || 2015-03-15 06:30:21 |
| 5538 || 78.9366953071709 || 2012-11-04 10:23:05 |
| 5539 || 19.7674417656523 || 2015-09-02 20:41:53 |
| 5540 || 17.2829047677218 || 2018-04-14 19:04:01 |
| 5541 || 0.00629456211744237 || 2019-07-02 11:52:28 |
| 5542 || 12.2901236260167 || 2014-04-03 13:45:52 |
| 5543 || 57.7439602171306 || 2010-04-05 09:12:29 |
| 5544 || -12.090023732039 || 2010-09-14 01:13:59 |
| 5545 || 37.0955612701684 || 2017-09-09 02:05:14 |
| 5546 || 0.440208002579317 || 2012-08-08 03:52:34 |
| 5547 || 9.89954257767058 || 2016-05-12 01:07:29 |
| 5548 || 74.0692148819037 || 2013-02-27 09:46:02 |
| 5549 || -27.509704777293 || 2012-12-04 18:27:27 |
| 5550 || 13.0623676007614 || 2015-08-04 05:14:05 |
| 5551 || 1.8388257673811 || 2019-12-07 05:50:45 |
| 5552 || 16.4648672536765 || 2017-06-19 20:38:40 |
| 5553 || 65.0908667759263 || 2012-11-03 01:30:47 |
| 5554 || 75.0687013497394 || 2011-12-05 11:40:00 |
| 5555 || 18.3357209932108 || 2013-02-26 13:25:31 |
| 5556 || -0.965280372608163 || 2018-11-13 10:19:42 |
| 5557 || 7.25150598658946 || 2010-07-19 11:59:20 |
| 5558 || -17.2665804076787 || 2015-01-21 09:04:01 |
| 5559 || -29.4170220222443 || 2011-06-09 03:54:58 |
| 5560 || 1.00260155267029 || 2013-08-16 00:51:35 |
| 5561 || 2.04140504603811 || 2016-01-11 06:57:53 |
| 5562 || 10.4202634168654 || 2017-07-24 15:04:41 |
| 5563 || -18.9444096557892 || 2010-01-01 04:25:53 |
| 5564 || -29.5718975081696 || 2013-09-12 20:53:28 |
| 5565 || 10.63985719743 || 2019-02-20 08:16:44 |
| 5566 || 2.24529451253836 || 2015-05-15 09:53:28 |
| 5567 || 0.405614419822872 || 2014-04-23 08:28:02 |
| 5568 || -3.57065293869325 || 2016-08-11 21:20:10 |
| 5569 || 89.7994303658335 || 2014-07-15 23:17:20 |
| 5570 || 59.9635367719906 || 2013-10-06 00:59:20 |
| 5571 || -1.53010178286861 || 2014-11-03 08:20:06 |
| 5572 || 0.987823216111975 || 2011-10-05 02:02:05 |
| 5573 || -10.8405670972294 || 2019-10-19 03:23:16 |
| 5574 || 0.990556388141165 || 2014-06-02 03:36:38 |
| 5575 || 1.48125742025914 || 2011-10-16 15:28:33 |
| 5576 || 12.9688292527988 || 2011-05-07 11:25:28 |
| 5577 || 2.57495047803217 || 2011-07-01 19:04:12 |
| 5578 || -14.4604233746506 || 2016-11-17 00:28:19 |
| 5579 || 85.3805033541314 || 2019-06-08 16:12:51 |
| 5580 || -6.91646259952134 || 2012-04-23 11:54:06 |
| 5581 || -3.45295010334392 || 2014-02-27 12:03:23 |
| 5582 || 0.401398945232429 || 2016-05-09 18:08:24 |
| 5583 || 38.7171022380987 || 2013-09-23 08:35:38 |
| 5584 || 84.0281532337644 || 2011-11-07 22:48:38 |
| 5585 || 21.3428378513145 || 2014-08-21 07:50:23 |
| 5586 || 5.35141739568166 || 2014-12-02 11:10:20 |
| 5587 || 0.181843803065452 || 2016-07-06 09:21:00 |
| 5588 || -6.48639315063665 || 2010-05-26 09:48:05 |
| 5589 || 70.9928475551609 || 2018-10-27 19:33:59 |
| 5590 || -6.62112838271223 || 2013-07-11 13:38:47 |
| 5591 || -5.54296750998912 || 2012-04-21 06:41:27 |
| 5592 || 0.0112772695708127 || 2013-07-23 12:52:43 |
| 5593 || -0.735853987023742 || 2014-08-20 18:56:55 |
| 5594 || 4.25952343735559 || 2013-03-19 17:57:35 |
| 5595 || 11.2135282090595 || 2016-01-02 02:44:19 |
| 5596 || 12.7779059920687 || 2018-10-11 17:07:26 |
| 5597 || 0.0790728911748232 || 2018-02-01 00:18:08 |
| 5598 || 13.9793258692945 || 2013-09-09 10:59:37 |
| 5599 || 2.06353500553236 || 2012-11-06 03:09:28 |
| 5600 || -28.5977631087388 || 2012-12-04 05:16:22 |
| 5601 || -8.06244098609646 || 2017-11-10 14:45:43 |
| 5602 || 1.56402221543729 || 2011-09-12 16:13:58 |
| 5603 || 5.71785098870254 || 2010-03-07 22:50:50 |
| 5604 || 61.2180535890068 || 2014-02-14 10:09:07 |
| 5605 || 70.9432055124042 || 2019-06-15 21:03:57 |
| 5606 || -14.3846792597498 || 2010-05-23 02:15:41 |
| 5607 || 1.60485786597238 || 2010-03-25 04:18:05 |
| 5608 || 3.84326800768156 || 2013-02-06 03:10:56 |
| 5609 || 66.8817771921558 || 2013-10-25 18:15:59 |
| 5610 || -7.54399074478385 || 2011-06-14 03:02:04 |
| 5611 || -16.8371725307465 || 2019-12-25 15:21:06 |
| 5612 || -0.729346637822375 || 2013-05-16 17:41:49 |
| 5613 || 9.03604078864888 || 2015-05-01 18:16:00 |
| 5614 || 8.85204054297052 || 2011-03-06 22:43:46 |
| 5615 || 75.5397941370721 || 2012-09-06 15:15:06 |
| 5616 || -10.1549584669761 || 2019-07-03 17:36:22 |
| 5617 || 8.53863118388714 || 2017-02-24 04:51:32 |
| 5618 || -2.40050671985943 || 2013-11-06 16:24:52 |
| 5619 || -7.70650624701289 || 2015-04-06 09:55:53 |
| 5620 || -29.9524194493939 || 2012-01-14 17:34:05 |
| 5621 || -20.5322523841138 || 2019-01-03 21:56:21 |
| 5622 || -3.97455431547048 || 2018-09-20 21:33:05 |
| 5623 || 3.46471582137213 || 2013-01-21 05:50:41 |
| 5624 || 4.96924522854645 || 2016-08-12 06:21:00 |
| 5625 || 19.2177672034028 || 2010-12-08 23:41:46 |
| 5626 || -21.3921234256888 || 2011-02-18 16:09:51 |
| 5627 || 6.21111753430227 || 2015-02-05 16:02:46 |
| 5628 || 2.21455390670083 || 2018-01-13 20:53:47 |
| 5629 || 16.2304348618949 || 2018-12-27 01:09:39 |
| 5630 || 20.3591979598776 || 2018-04-10 19:16:07 |
| 5631 || 9.61157883647555 || 2017-10-27 06:53:22 |
| 5632 || -4.39268248878455 || 2011-04-26 14:21:26 |
| 5633 || 0.308187196745198 || 2018-01-12 18:38:46 |
| 5634 || 38.9444661795157 || 2013-04-27 03:50:07 |
| 5635 || 25.9965735237164 || 2017-03-01 07:21:12 |
| 5636 || -12.1604252155812 || 2015-09-25 09:27:21 |
| 5637 || 22.2074210464423 || 2010-12-22 22:44:48 |
| 5638 || 0.126125160232968 || 2014-10-16 18:34:56 |
| 5639 || 28.9550441537409 || 2011-06-23 11:07:30 |
| 5640 || 72.829898690679 || 2010-10-13 14:59:11 |
| 5641 || 44.9369350262455 || 2014-12-12 08:54:07 |
| 5642 || 28.3080070026111 || 2016-01-15 21:40:44 |
| 5643 || 2.6139368477347e-06 || 2014-09-21 09:29:44 |
| 5644 || 28.5449994234572 || 2015-04-12 00:03:41 |
| 5645 || -17.5363082876681 || 2013-11-27 08:17:04 |
| 5646 || 7.07063937908119 || 2010-02-23 14:41:15 |
| 5647 || 35.1750955749121 || 2018-09-24 07:24:21 |
| 5648 || -0.0788246023498827 || 2016-05-09 11:03:19 |
| 5649 || 2.6597078893576 || 2018-05-22 12:39:04 |
| 5650 || -19.650533155727 || 2017-09-15 22:50:12 |
| 5651 || 27.0324241478782 || 2019-07-27 07:05:33 |
| 5652 || 40.620756560058 || 2012-11-07 23:04:21 |
| 5653 || 0.117636268638374 || 2015-05-22 03:53:03 |
| 5654 || 16.3174885771053 || 2016-01-13 19:42:07 |
| 5655 || 53.7664057907273 || 2017-07-07 03:17:34 |
| 5656 || 85.8798599982606 || 2017-09-01 16:21:15 |
| 5657 || 44.9315013580438 || 2013-09-02 09:58:43 |
| 5658 || -0.873642981430726 || 2012-12-21 10:10:10 |
| 5659 || 15.4180757261644 || 2019-10-16 01:25:41 |
| 5660 || 57.1259650318944 || 2012-10-04 20:24:41 |
| 5661 || -29.4750428019188 || 2012-08-17 06:09:09 |
| 5662 || 41.2894983358033 || 2015-05-27 02:33:11 |
| 5663 || -0.0413279666683265 || 2015-12-06 21:52:49 |
| 5664 || -3.72824829323185 || 2016-06-13 21:41:42 |
| 5665 || 59.5328146033881 || 2014-07-14 08:58:56 |
| 5666 || -17.0766723120901 || 2010-09-23 06:07:39 |
| 5667 || 19.8996370171742 || 2013-10-27 02:11:18 |
| 5668 || 5.81529804154268 || 2012-02-21 15:57:53 |
| 5669 || -1.48478596666269 || 2014-12-03 01:25:42 |
| 5670 || -6.97221372334348 || 2010-06-01 04:31:20 |
| 5671 || 83.1349370794608 || 2016-12-12 04:24:23 |
| 5672 || 56.5346751821939 || 2013-02-14 13:58:03 |
| 5673 || 6.47456233747229 || 2012-08-10 23:54:20 |
| 5674 || 0.69264010715389 || 2016-05-16 12:47:57 |
| 5675 || -16.8404754359994 || 2016-11-13 07:18:09 |
| 5676 || -24.9876487789697 || 2010-09-06 20:01:33 |
| 5677 || -22.2196016564305 || 2014-07-17 23:46:19 |
| 5678 || 11.4898793502085 || 2010-01-25 10:10:05 |
| 5679 || -1.09113163497567 || 2013-08-02 04:02:13 |
| 5680 || -3.33525143825531 || 2010-05-16 17:49:48 |
| 5681 || -9.00706565994781 || 2014-06-03 22:52:49 |
| 5682 || -18.35891137914 || 2016-09-05 07:46:52 |
| 5683 || -0.076497152307547 || 2010-05-19 19:24:20 |
| 5684 || 1.30342218480301 || 2016-09-17 12:49:21 |
| 5685 || -13.7185670071063 || 2014-07-07 15:38:59 |
| 5686 || 1.56042960914824 || 2014-10-16 02:35:55 |
| 5687 || 1.78370569603997 || 2015-05-27 08:43:57 |
| 5688 || -3.75231330594752 || 2018-01-23 18:12:59 |
| 5689 || -0.07531474182104 || 2014-12-11 14:23:20 |
| 5690 || 28.1237119440962 || 2019-01-10 00:32:30 |
| 5691 || 13.8159757151266 || 2010-10-21 10:47:19 |
| 5692 || 73.8073647699262 || 2019-07-15 11:47:54 |
| 5693 || -5.02052691116232 || 2016-08-16 05:42:00 |
| 5694 || 0.0108453697696416 || 2014-01-26 03:34:47 |
| 5695 || -9.23294666417411 || 2013-10-07 22:19:56 |
| 5696 || -26.7212963857722 || 2016-07-27 21:16:05 |
| 5697 || 78.5052109269094 || 2018-08-24 15:57:40 |
| 5698 || -4.63674023145796 || 2014-01-11 06:23:29 |
| 5699 || -0.0693729134264184 || 2012-09-13 20:20:02 |
| 5700 || 10.9288386665001 || 2014-05-23 23:18:41 |
| 5701 || 23.6563596889702 || 2017-10-20 07:35:14 |
| 5702 || 82.2650238971554 || 2013-08-16 11:26:38 |
| 5703 || 4.16858651713144 || 2017-05-14 08:32:52 |
| 5704 || 0.234064174351964 || 2011-10-26 00:03:38 |
| 5705 || -3.03757625449215 || 2012-06-01 14:34:47 |
| 5706 || -19.1046798586539 || 2015-07-17 05:34:20 |
| 5707 || 45.0575571055298 || 2018-01-24 05:33:15 |
| 5708 || 37.1877367443327 || 2017-03-19 18:13:16 |
| 5709 || 2.56350756892056 || 2013-12-10 15:18:24 |
| 5710 || 12.6770320099058 || 2011-06-25 16:40:51 |
| 5711 || -7.27435666512104 || 2012-10-19 09:20:32 |
| 5712 || 3.36543582158408 || 2019-04-07 06:41:57 |
| 5713 || 19.0643268954882 || 2018-07-04 14:53:53 |
| 5714 || 2.76736411292886 || 2017-03-16 19:21:02 |
| 5715 || -4.03473908961978 || 2014-07-18 21:55:45 |
| 5716 || -14.1132962763109 || 2019-08-05 05:52:07 |
| 5717 || -24.3310738161536 || 2019-03-22 07:12:20 |
| 5718 || 54.9519756765955 || 2014-04-04 15:28:09 |
| 5719 || 1.23965632695586 || 2011-12-08 06:09:11 |
| 5720 || 1.39299370265272 || 2016-01-17 00:31:28 |
| 5721 || 57.4122360080687 || 2010-09-16 09:49:20 |
| 5722 || 69.6825289583017 || 2014-09-07 16:30:35 |
| 5723 || 59.6261239019548 || 2011-01-04 14:19:26 |
| 5724 || 4.93732093442718 || 2015-02-07 11:10:47 |
| 5725 || -1.09284991713253 || 2016-03-14 01:51:10 |
| 5726 || 53.1236355804426 || 2010-04-15 05:54:49 |
| 5727 || -27.9628323046503 || 2011-12-12 18:45:37 |
| 5728 || -5.67340263617193 || 2013-06-12 22:50:21 |
| 5729 || 14.1957033211048 || 2015-06-04 02:27:01 |
| 5730 || 2.28234249416731 || 2013-09-19 23:16:29 |
| 5731 || -13.2054141587424 || 2019-05-03 20:13:08 |
| 5732 || 85.9886509424703 || 2014-11-13 14:59:45 |
| 5733 || 12.7651465708803 || 2012-01-24 08:49:16 |
| 5734 || -3.41474957688887 || 2014-11-05 14:38:17 |
| 5735 || 1.51595711933222 || 2013-04-01 19:50:14 |
| 5736 || 42.070571402602 || 2017-02-21 14:03:12 |
| 5737 || -24.0676629785334 || 2017-12-13 14:55:04 |
| 5738 || -24.1044337471843 || 2010-07-22 21:25:07 |
| 5739 || 14.9966139732292 || 2015-10-17 18:39:24 |
| 5740 || 0.407172769106725 || 2013-03-18 16:52:54 |
| 5741 || 34.9881219382353 || 2012-10-08 19:42:24 |
| 5742 || -14.9949448190701 || 2017-12-22 08:16:32 |
| 5743 || -9.58971162644628 || 2017-09-07 05:52:50 |
| 5744 || 23.5003749538285 || 2017-12-15 11:03:39 |
| 5745 || 0.00601629719894474 || 2018-12-07 10:56:26 |
| 5746 || 22.2100633729302 || 2014-02-13 23:02:48 |
| 5747 || 81.0123788979337 || 2018-08-23 22:20:45 |
| 5748 || 10.549111583311 || 2019-11-15 16:45:08 |
| 5749 || 22.6668815102807 || 2012-09-14 20:04:33 |
| 5750 || 0.0608412879661625 || 2016-09-12 00:46:59 |
| 5751 || -8.85995574502351 || 2010-04-12 13:07:58 |
| 5752 || 70.5607107129493 || 2016-03-14 08:55:22 |
| 5753 || -25.2599351138257 || 2019-09-04 15:18:21 |
| 5754 || -2.89216049196397 || 2019-11-22 00:14:43 |
| 5755 || -0.0427160143896296 || 2017-03-19 03:32:17 |
| 5756 || 20.8477003987418 || 2017-02-02 21:49:02 |
| 5757 || 63.3595329030767 || 2012-09-04 15:44:42 |
| 5758 || -19.1065266720571 || 2010-03-09 07:25:55 |
| 5759 || 43.7420755762698 || 2010-12-10 08:22:56 |
| 5760 || 2.12479409688487 || 2012-01-27 12:06:47 |
| 5761 || -5.85105983699489 || 2019-08-22 23:01:50 |
| 5762 || -12.7556452714007 || 2015-10-13 06:34:39 |
| 5763 || 14.8593429595583 || 2010-02-25 22:29:23 |
| 5764 || 32.1534925419658 || 2013-07-19 11:40:32 |
| 5765 || 0.963351426875425 || 2011-11-18 02:17:19 |
| 5766 || 5.54700807621299 || 2017-11-05 13:56:49 |
| 5767 || -14.0503330568479 || 2016-04-01 15:15:20 |
| 5768 || 11.696540605671 || 2016-02-19 03:30:19 |
| 5769 || 36.8325655172584 || 2014-11-20 11:27:22 |
| 5770 || 4.89951715853758 || 2012-07-03 10:28:39 |
| 5771 || -1.36503636810312 || 2010-05-06 23:52:59 |
| 5772 || -8.46523036538737 || 2014-01-07 23:08:25 |
| 5773 || -24.9397503311954 || 2010-06-26 18:12:15 |
| 5774 || -16.0865398082258 || 2018-04-18 21:19:41 |
| 5775 || 5.54240711780155 || 2010-02-01 02:09:16 |
| 5776 || 3.7531854086633 || 2010-10-23 13:48:31 |
| 5777 || 9.31738630912868 || 2016-12-17 11:12:52 |
| 5778 || -20.8560539958149 || 2019-05-10 16:37:54 |
| 5779 || 15.5466873610517 || 2017-06-17 02:47:13 |
| 5780 || 13.0497190622522 || 2015-03-15 01:50:44 |
| 5781 || 2.8006046865772 || 2013-09-21 02:20:04 |
| 5782 || -14.9467035396672 || 2014-04-24 15:58:42 |
| 5783 || -29.5372353206102 || 2015-04-24 02:21:38 |
| 5784 || 69.4424000051482 || 2016-10-02 06:53:55 |
| 5785 || 0.0383367686049777 || 2011-06-17 10:04:29 |
| 5786 || -0.703109525380628 || 2016-05-11 10:31:40 |
| 5787 || 42.0748137007572 || 2013-11-09 17:36:33 |
| 5788 || -22.6461132839005 || 2018-07-17 15:48:56 |
| 5789 || -18.2019972664034 || 2018-12-13 02:43:46 |
| 5790 || -7.28225156190902 || 2011-03-23 11:06:46 |
| 5791 || -0.153953706188494 || 2017-09-11 17:33:07 |
| 5792 || 17.2878395271772 || 2011-12-03 17:33:48 |
| 5793 || 70.2547940541118 || 2014-01-12 08:48:12 |
| 5794 || -16.3544548950598 || 2017-07-19 01:46:08 |
| 5795 || 17.2148218808563 || 2018-12-15 18:46:28 |
| 5796 || 0.102813784778871 || 2012-06-07 16:43:35 |
| 5797 || 27.6759596999847 || 2015-04-03 03:11:15 |
| 5798 || 65.204569441566 || 2017-08-27 23:08:02 |
| 5799 || -9.33248920103349 || 2016-01-08 17:25:37 |
| 5800 || 29.0138942584925 || 2012-10-13 12:00:28 |
| 5801 || -0.00248582907097922 || 2014-12-27 08:48:51 |
| 5802 || 27.6278935913164 || 2019-07-08 23:33:27 |
| 5803 || 78.3178788927235 || 2018-12-06 17:46:15 |
| 5804 || -21.2304343206046 || 2010-11-22 05:39:06 |
| 5805 || 36.6568070377095 || 2012-07-19 18:36:40 |
| 5806 || -0.154491564762088 || 2014-03-21 18:08:35 |
| 5807 || -7.11208972694132 || 2010-04-26 23:30:45 |
| 5808 || 69.1258179634301 || 2012-12-27 09:10:01 |
| 5809 || 75.7229318275389 || 2011-06-17 21:52:33 |
| 5810 || 35.5543536128752 || 2013-04-10 08:02:19 |
| 5811 || -0.547960850306339 || 2015-03-25 05:22:17 |
| 5812 || 9.48354964833706 || 2019-12-07 00:11:06 |
| 5813 || -23.389154039803 || 2016-12-12 00:32:43 |
| 5814 || -29.4144470913111 || 2013-09-24 22:42:57 |
| 5815 || -11.7249449687621 || 2017-08-11 03:51:40 |
| 5816 || 3.79751857008915 || 2010-08-08 02:29:18 |
| 5817 || 13.6310900618097 || 2012-02-10 15:39:21 |
| 5818 || 21.61984639463 || 2011-10-20 01:41:57 |
| 5819 || 25.105832812019 || 2011-11-27 08:49:48 |
| 5820 || 9.1173002159951 || 2019-08-21 19:51:00 |
| 5821 || -2.07897150864563 || 2018-02-24 06:47:02 |
| 5822 || 9.9919878814098 || 2015-06-13 02:57:08 |
| 5823 || 37.0467310006268 || 2017-03-21 20:19:22 |
| 5824 || 69.7215691138972 || 2011-05-13 05:09:45 |
| 5825 || -10.7528981452494 || 2012-10-21 00:24:11 |
| 5826 || 1.0889792216107 || 2019-10-10 14:52:59 |
| 5827 || -1.42830253817263 || 2019-05-15 12:31:17 |
| 5828 || -16.4428700960868 || 2014-04-11 04:01:17 |
| 5829 || -28.7105368982379 || 2010-07-08 15:08:40 |
| 5830 || 19.5212908937491 || 2016-03-24 02:13:16 |
| 5831 || -2.9339381513242 || 2010-08-23 05:15:12 |
| 5832 || 4.57000558700736 || 2017-04-19 14:59:34 |
| 5833 || 21.5569402975237 || 2010-08-15 10:57:02 |
| 5834 || 2.23356487233897 || 2016-06-22 06:44:48 |
| 5835 || 5.09984776315215 || 2011-04-01 16:41:59 |
| 5836 || -5.50853453825212 || 2015-12-17 04:04:26 |
| 5837 || 1.89443781970904 || 2013-11-03 10:35:53 |
| 5838 || 41.3594124790011 || 2018-03-08 22:08:55 |
| 5839 || 71.6607941065727 || 2012-09-19 12:36:24 |
| 5840 || 72.6600099751324 || 2019-06-03 09:51:36 |
| 5841 || 17.6283005738486 || 2014-09-09 12:05:12 |
| 5842 || 0.848440825989525 || 2015-06-10 21:05:20 |
| 5843 || 18.2995170092573 || 2011-08-05 11:38:37 |
| 5844 || 14.5702888173963 || 2012-09-07 23:06:24 |
| 5845 || 5.28924869608364 || 2010-10-12 03:35:38 |
| 5846 || 20.6660562016488 || 2019-05-06 14:25:12 |
| 5847 || -0.0417115068664819 || 2019-04-12 09:49:56 |
| 5848 || -1.93348593316658 || 2012-09-04 20:13:54 |
| 5849 || 37.6649849529751 || 2018-11-02 18:55:48 |
| 5850 || -23.2433176884125 || 2017-03-16 01:12:16 |
| 5851 || 19.6098916165953 || 2014-03-23 00:18:07 |
| 5852 || 0.0171695291307164 || 2016-11-24 01:39:01 |
| 5853 || 22.9015320651404 || 2012-10-03 01:37:46 |
| 5854 || -20.1077173075679 || 2018-02-12 15:54:35 |
| 5855 || 77.2745078327319 || 2015-08-09 23:24:50 |
| 5856 || 2.24535384572914 || 2016-11-05 01:49:03 |
| 5857 || 0.310909107847251 || 2014-05-06 23:58:08 |
| 5858 || 19.2777639838325 || 2017-02-07 15:44:04 |
| 5859 || -23.5534058800751 || 2016-11-11 04:49:08 |
| 5860 || -28.7821401189064 || 2013-01-26 19:29:43 |
| 5861 || 4.71439447944645 || 2013-07-09 01:18:24 |
| 5862 || 1.0288692643024 || 2017-04-13 20:50:30 |
| 5863 || -2.14130401595343 || 2019-12-04 09:43:19 |
| 5864 || 10.158761069188 || 2012-09-27 04:20:55 |
| 5865 || 79.3939521282999 || 2016-04-01 00:59:05 |
| 5866 || -9.1278179945639 || 2010-09-01 04:42:37 |
| 5867 || 2.50517695831624 || 2012-11-08 16:09:34 |
| 5868 || -0.0895307643305871 || 2019-06-10 02:42:45 |
| 5869 || -20.5045793164637 || 2013-05-15 21:27:04 |
| 5870 || 81.0720108498373 || 2010-01-07 05:22:14 |
| 5871 || 25.5390849854805 || 2016-11-12 17:49:53 |
| 5872 || -1.90266564918739 || 2014-05-03 12:59:25 |
| 5873 || -2.97283150765828 || 2017-10-23 01:44:54 |
| 5874 || -19.9553110381168 || 2013-08-14 07:11:34 |
| 5875 || -15.1290851697171 || 2015-03-18 12:31:20 |
| 5876 || 45.3457632224183 || 2010-12-09 14:46:15 |
| 5877 || 3.2279174949956 || 2015-10-09 12:35:37 |
| 5878 || -2.58362618991107 || 2018-12-08 06:13:09 |
| 5879 || -7.102005500752 || 2017-03-19 19:39:02 |
| 5880 || 70.6694261212321 || 2018-11-22 06:49:56 |
| 5881 || 39.3659657672811 || 2018-05-09 06:49:36 |
| 5882 || 7.94143342251889 || 2014-10-14 18:21:39 |
| 5883 || 1.22775722706242 || 2016-04-05 03:41:32 |
| 5884 || 27.4186992341871 || 2010-06-03 09:16:35 |
| 5885 || -13.0396031020139 || 2010-01-24 08:42:21 |
| 5886 || 1.65847644312562 || 2019-08-23 22:42:45 |
| 5887 || 8.96180069054986 || 2018-08-02 19:34:32 |
| 5888 || -0.346274050108241 || 2017-12-03 09:23:38 |
| 5889 || 44.9293434051724 || 2015-11-20 12:01:22 |
| 5890 || 81.077181609785 || 2018-12-04 06:52:20 |
| 5891 || 67.6460374167733 || 2010-10-15 13:46:03 |
| 5892 || 18.666174094344 || 2018-08-10 14:30:55 |
| 5893 || -0.352523688836404 || 2015-01-17 09:55:09 |
| 5894 || -2.01206672924553 || 2010-04-24 10:54:53 |
| 5895 || -27.0178195637232 || 2014-09-15 09:26:31 |
| 5896 || 6.84772898753384 || 2011-11-15 07:45:16 |
| 5897 || 21.5037265758561 || 2015-05-27 16:41:46 |
| 5898 || 0.284839162378773 || 2019-01-20 22:39:45 |
| 5899 || -11.6719135121945 || 2012-08-08 18:17:55 |
| 5900 || -27.6648755731109 || 2014-12-27 05:38:45 |
| 5901 || 80.2117045950396 || 2013-04-13 02:08:21 |
| 5902 || -3.24719115321944 || 2010-02-01 01:14:56 |
| 5903 || 0.000666752091431398 || 2012-01-10 22:53:17 |
| 5904 || -3.20391195317241 || 2011-08-02 04:25:37 |
| 5905 || 75.3700939288748 || 2010-01-14 01:26:35 |
| 5906 || -26.484210596956 || 2018-01-19 00:13:19 |
| 5907 || -10.4192021504679 || 2013-04-11 02:47:17 |
| 5908 || -0.1103570057846 || 2010-04-23 22:26:54 |
| 5909 || -6.5426601666252 || 2012-12-07 09:30:07 |
| 5910 || 25.2181163360103 || 2015-10-06 16:56:49 |
| 5911 || -24.5262768666575 || 2010-06-04 16:04:04 |
| 5912 || -13.1242122933841 || 2011-11-12 13:27:57 |
| 5913 || 1.06899370802375 || 2014-12-20 01:19:15 |
| 5914 || 18.7103406870138 || 2015-01-02 20:14:35 |
| 5915 || 17.1550865886749 || 2019-02-10 07:52:02 |
| 5916 || 76.6949533533028 || 2010-12-12 21:48:02 |
| 5917 || -4.87951377461668 || 2011-12-26 14:12:18 |
| 5918 || 2.03652863363074 || 2010-07-12 20:31:03 |
| 5919 || 11.4776756557181 || 2014-05-06 00:50:02 |
| 5920 || -15.5722578230343 || 2019-01-06 18:23:05 |
| 5921 || -29.4344970981575 || 2014-09-09 09:34:11 |
| 5922 || 11.1509254342363 || 2019-05-03 16:08:37 |
| 5923 || 5.28309974915809 || 2010-12-14 04:52:27 |
| 5924 || 0.396689432573223 || 2017-01-22 06:58:42 |
| 5925 || 50.680411293293 || 2010-04-13 19:46:46 |
| 5926 || -9.52627541084122 || 2015-09-02 13:39:39 |
| 5927 || 45.4660949389742 || 2013-02-06 19:04:24 |
| 5928 || 1.85490254726183 || 2010-09-11 05:43:12 |
| 5929 || -1.89978515094396 || 2012-11-04 10:32:05 |
| 5930 || 56.8616102255273 || 2019-04-06 09:14:02 |
| 5931 || 89.8815790926156 || 2019-04-06 06:13:34 |
| 5932 || 56.6927840197189 || 2013-05-11 00:12:08 |
| 5933 || 3.18181768186215 || 2014-08-14 19:33:40 |
| 5934 || -0.862422099828734 || 2019-02-19 05:27:21 |
| 5935 || 4.02314849790492 || 2011-07-06 14:22:09 |
| 5936 || 72.6849513368042 || 2011-10-13 05:03:47 |
| 5937 || 18.698773417926 || 2017-08-07 03:26:37 |
| 5938 || 6.31512607128943 || 2011-03-13 18:55:12 |
| 5939 || 2.48219938625127 || 2014-02-04 12:24:17 |
| 5940 || 12.7492029073933 || 2011-12-13 16:12:52 |
| 5941 || 66.3852428457165 || 2014-06-25 10:49:24 |
| 5942 || 12.3582616508458 || 2016-02-11 15:28:43 |
| 5943 || -6.28598822312439 || 2012-08-27 16:44:38 |
| 5944 || 0.737162539635038 || 2014-09-08 06:39:45 |
| 5945 || -13.7588576200283 || 2010-09-14 17:45:12 |
| 5946 || 83.0945806629908 || 2010-08-04 20:55:35 |
| 5947 || -16.2740045747273 || 2018-11-18 18:41:04 |
| 5948 || -6.09602819108136 || 2015-11-12 16:06:13 |
| 5949 || -0.136471338882451 || 2019-08-24 16:55:53 |
| 5950 || 14.2031724839151 || 2019-05-06 03:49:32 |
| 5951 || 44.8496230913839 || 2011-03-15 15:22:42 |
| 5952 || -1.55328069018775 || 2019-03-11 15:09:10 |
| 5953 || -2.31665269360645 || 2010-04-16 14:52:31 |
| 5954 || 0.00157856298972807 || 2013-02-27 05:02:07 |
| 5955 || 6.45337432246847 || 2016-01-23 04:49:11 |
| 5956 || 53.3080490996074 || 2018-11-17 03:00:12 |
| 5957 || 9.86438997982252 || 2018-09-18 16:49:28 |
| 5958 || 33.2739107110739 || 2014-03-05 06:38:38 |
| 5959 || 0.245088461368742 || 2013-10-25 20:47:57 |
| 5960 || 20.6816279515784 || 2019-04-22 09:45:43 |
| 5961 || 26.3308268733687 || 2014-09-05 06:57:38 |
| 5962 || 61.6538515304333 || 2018-11-23 13:24:52 |
| 5963 || 23.6920750529649 || 2018-12-02 11:13:31 |
| 5964 || 0.0481952313326994 || 2016-07-07 00:32:07 |
| 5965 || 20.5130217725997 || 2014-10-19 02:16:46 |
| 5966 || 54.4107848513568 || 2017-11-23 12:55:25 |
| 5967 || 85.4729795823352 || 2017-04-19 13:11:37 |
| 5968 || 40.4058828835121 || 2017-04-25 05:41:37 |
| 5969 || -0.798794407617687 || 2012-06-10 09:52:30 |
| 5970 || 3.41542960313361 || 2011-03-26 00:27:11 |
| 5971 || -17.0215038488733 || 2017-09-10 04:19:04 |
| 5972 || -27.9692298004589 || 2019-10-02 19:44:33 |
| 5973 || -3.03463535211014 || 2014-12-13 15:40:26 |
| 5974 || -0.198963128500003 || 2016-09-13 04:16:21 |
| 5975 || -2.80945551355549 || 2012-10-01 11:29:47 |
| 5976 || -11.3042905498262 || 2014-10-10 02:55:47 |
| 5977 || -9.15604147994943 || 2017-08-08 15:42:21 |
| 5978 || 20.1592509664131 || 2012-04-25 02:05:56 |
| 5979 || 4.55222367003517 || 2016-09-13 00:26:28 |
| 5980 || 8.84536452117899 || 2013-06-01 03:19:57 |
| 5981 || 47.3232428713903 || 2010-07-09 01:07:54 |
| 5982 || -9.94510288363181 || 2013-06-24 23:19:31 |
| 5983 || 20.4161824446116 || 2011-11-06 21:06:32 |
| 5984 || -2.66641118755068 || 2016-11-04 04:45:09 |
| 5985 || -1.16383545335775 || 2017-03-21 19:27:00 |
| 5986 || -7.36812597579442 || 2011-12-20 12:24:46 |
| 5987 || 11.5370329487637 || 2012-07-17 12:00:06 |
| 5988 || 43.4273096247316 || 2010-04-18 12:34:06 |
| 5989 || 13.5773424472434 || 2010-01-23 14:59:16 |
| 5990 || -1.19030034871244 || 2019-10-21 11:26:04 |
| 5991 || 46.5594200263272 || 2017-12-05 21:40:46 |
| 5992 || 58.1297322230768 || 2017-03-13 13:24:36 |
| 5993 || -16.0011498477064 || 2019-05-13 04:05:43 |
| 5994 || 5.56147291131544 || 2013-03-04 05:52:00 |
| 5995 || 0.786534996277281 || 2012-02-17 02:05:13 |
| 5996 || -14.0921946432391 || 2010-04-12 15:25:58 |
| 5997 || 15.2810455498668 || 2014-01-08 14:40:06 |
| 5998 || -15.4224120400663 || 2010-11-24 05:19:54 |
| 5999 || 22.6116709958043 || 2011-07-19 19:25:34 |
| 6000 || 0.571464467588086 || 2017-07-27 15:23:05 |
| 6001 || 5.98851786282245 || 2012-07-26 09:02:04 |
| 6002 || 81.1037288446858 || 2013-09-15 13:29:07 |
| 6003 || -11.4527357496232 || 2013-02-16 05:47:50 |
| 6004 || 26.1980992909109 || 2016-05-18 10:07:54 |
| 6005 || 0.0306422412155533 || 2010-05-21 07:04:09 |
| 6006 || 21.5029268825498 || 2017-07-25 12:52:37 |
| 6007 || 41.0471412873916 || 2019-02-23 06:05:42 |
| 6008 || 22.3713944155337 || 2012-09-12 14:27:32 |
| 6009 || 33.5537961815841 || 2013-03-06 16:23:45 |
| 6010 || 0.145019308883526 || 2010-08-03 06:12:40 |
| 6011 || 2.46352661360838 || 2010-01-07 13:08:35 |
| 6012 || -25.2137578133625 || 2017-05-21 02:59:13 |
| 6013 || 51.1473498303262 || 2011-07-17 17:17:20 |
| 6014 || 38.5505075580101 || 2015-07-05 13:18:34 |
| 6015 || 0.834157405983895 || 2013-01-08 07:35:02 |
| 6016 || -5.0961633786017 || 2019-08-27 20:05:00 |
| 6017 || -9.10458791171699 || 2011-07-24 05:43:32 |
| 6018 || 79.2799840621621 || 2013-05-13 10:16:25 |
| 6019 || 21.5295614262891 || 2011-03-12 15:44:53 |
| 6020 || 2.33316493903388 || 2019-08-18 08:36:02 |
| 6021 || -5.72076630652329 || 2010-01-01 06:26:08 |
| 6022 || -13.5367327680563 || 2011-04-01 03:15:48 |
| 6023 || -6.89945995823442 || 2019-09-16 09:17:02 |
| 6024 || 42.4470650255896 || 2014-11-02 11:26:49 |
| 6025 || 4.25372387993853 || 2016-02-05 21:26:18 |
| 6026 || -0.28777936788348 || 2017-01-27 10:29:47 |
| 6027 || -13.1865394522458 || 2017-12-03 16:08:51 |
| 6028 || -29.186097475368 || 2017-09-23 03:17:12 |
| 6029 || 26.7087512904745 || 2012-08-13 15:27:20 |
| 6030 || 1.78382078189415 || 2011-01-17 18:35:28 |
| 6031 || 3.71719789737332 || 2014-10-23 20:11:38 |
| 6032 || 11.4913802417232 || 2013-03-21 09:42:43 |
| 6033 || -29.912986054758 || 2012-07-08 15:52:19 |
| 6034 || 21.0137141440631 || 2017-07-09 01:30:08 |
| 6035 || 6.60737976637455 || 2016-01-20 07:18:46 |
| 6036 || 6.41844995735623 || 2011-02-16 23:08:04 |
| 6037 || 16.1706290494183 || 2018-08-21 04:35:03 |
| 6038 || -29.4480035199046 || 2017-06-02 10:56:14 |
| 6039 || 62.1821980613383 || 2013-02-25 06:18:11 |
| 6040 || -4.16160553707389 || 2015-09-21 04:10:20 |
| 6041 || -1.17457520945714 || 2019-09-06 04:17:06 |
| 6042 || 44.3976103417993 || 2017-08-24 08:04:52 |
| 6043 || 88.5609256745297 || 2015-04-10 04:44:02 |
| 6044 || -22.2827242365643 || 2017-08-16 16:19:45 |
| 6045 || 18.0307031564908 || 2015-04-01 21:51:26 |
| 6046 || 1.57932377449391 || 2017-11-04 07:15:26 |
| 6047 || 34.1480926487879 || 2014-05-13 19:27:08 |
| 6048 || 35.3657095332035 || 2010-07-25 13:22:35 |
| 6049 || 59.9810001289267 || 2017-09-03 01:50:57 |
| 6050 || 18.3692756622679 || 2013-04-16 11:23:18 |
| 6051 || 0.294844244357693 || 2018-06-27 01:17:18 |
| 6052 || -6.50051438653103 || 2013-07-21 12:06:53 |
| 6053 || 28.0186414686454 || 2015-10-16 05:31:27 |
| 6054 || 53.2912017942412 || 2013-06-02 04:26:22 |
| 6055 || 11.7796789716105 || 2010-06-07 23:16:28 |
| 6056 || 0.0688800168873542 || 2011-09-26 16:10:32 |
| 6057 || 18.1058889753421 || 2010-06-24 00:36:40 |
| 6058 || 23.9414534431435 || 2011-05-02 14:52:31 |
| 6059 || -26.1923521310137 || 2016-01-26 09:49:33 |
| 6060 || 31.9529509958632 || 2012-06-04 18:22:53 |
| 6061 || -0.0194413589983086 || 2017-10-09 23:38:06 |
| 6062 || -3.88995392859822 || 2016-03-25 06:38:09 |
| 6063 || 9.01819169753462 || 2017-01-08 01:01:20 |
| 6064 || 73.3719059578999 || 2012-02-06 05:50:53 |
| 6065 || 23.0979846119949 || 2011-10-05 09:03:48 |
| 6066 || 0.36117398191029 || 2010-10-05 03:10:04 |
| 6067 || 18.6946392592308 || 2015-02-08 18:39:13 |
| 6068 || 71.2907596622763 || 2012-07-02 04:28:43 |
| 6069 || 17.685682303302 || 2016-02-01 12:40:26 |
| 6070 || 40.5074554350034 || 2018-03-07 14:18:27 |
| 6071 || -0.583456176914673 || 2011-07-26 13:38:39 |
| 6072 || 12.6088326297698 || 2011-07-04 04:14:10 |
| 6073 || 2.85820921669214 || 2019-11-14 21:18:23 |
| 6074 || 10.6090844393016 || 2016-03-09 12:20:38 |
| 6075 || 46.7722321782064 || 2019-09-19 23:46:16 |
| 6076 || 0.999262354530143 || 2011-02-09 23:16:28 |
| 6077 || 1.31971775447317 || 2018-05-27 15:18:26 |
| 6078 || 52.9774183674435 || 2012-11-04 16:21:50 |
| 6079 || 66.2832450458007 || 2015-01-01 17:30:24 |
| 6080 || -16.5661930402097 || 2018-08-16 03:22:39 |
| 6081 || -2.15368978349721 || 2015-12-19 07:31:50 |
| 6082 || 5.07305043373301 || 2018-06-16 10:20:12 |
| 6083 || -19.5065242168231 || 2016-08-05 22:43:56 |
| 6084 || -25.8238857428216 || 2016-01-19 01:59:44 |
| 6085 || 29.5861356098827 || 2012-03-15 08:44:01 |
| 6086 || 1.69198610192814 || 2014-03-07 08:45:35 |
| 6087 || 1.93299499503005 || 2011-10-13 01:17:25 |
| 6088 || -0.344064600818301 || 2011-08-14 06:58:20 |
| 6089 || -20.0218784701998 || 2011-01-03 23:44:12 |
| 6090 || 63.6931980166453 || 2015-04-01 08:08:33 |
| 6091 || -1.25344032796808 || 2014-12-03 04:29:48 |
| 6092 || -0.0373576974594962 || 2014-01-02 06:27:58 |
| 6093 || 23.4573639937591 || 2013-06-08 22:32:46 |
| 6094 || 76.2503615401951 || 2012-08-26 14:37:52 |
| 6095 || -21.2830794146566 || 2016-06-03 22:11:19 |
| 6096 || -0.379241144329285 || 2011-02-03 06:31:02 |
| 6097 || 2.34236943899709 || 2018-07-11 20:40:16 |
| 6098 || 3.78303325437075 || 2011-02-26 07:35:30 |
| 6099 || -23.7261239865743 || 2013-01-14 00:08:12 |
| 6100 || -21.5611106540487 || 2017-09-01 19:06:05 |
| 6101 || 21.6935116737238 || 2013-03-05 04:33:39 |
| 6102 || -0.280972744138347 || 2017-06-08 21:19:32 |
| 6103 || -9.27842989645376 || 2017-06-10 15:03:16 |
| 6104 || 56.2402973821163 || 2012-11-16 04:34:20 |
| 6105 || -25.8285504806037 || 2010-10-02 14:02:59 |
| 6106 || 17.1880251286977 || 2011-01-24 17:03:49 |
| 6107 || 0.0104403246161112 || 2016-09-17 01:56:18 |
| 6108 || 33.0423136353641 || 2016-05-20 01:57:50 |
| 6109 || 42.4402326061762 || 2014-09-03 17:48:48 |
| 6110 || -20.6796170880148 || 2014-05-09 16:41:24 |
| 6111 || 15.1039889267053 || 2018-08-15 04:55:56 |
| 6112 || -0.00859907614177473 || 2015-01-20 08:53:24 |
| 6113 || 11.8781314828486 || 2018-10-12 03:56:32 |
| 6114 || 17.0184084582181 || 2012-12-14 06:08:48 |
| 6115 || -7.70905947856036 || 2019-03-07 21:27:19 |
| 6116 || 5.09468060708723 || 2018-02-14 07:15:39 |
| 6117 || 0.469117414443824 || 2016-01-19 15:32:53 |
| 6118 || 18.7883528198093 || 2013-04-08 13:03:17 |
| 6119 || 67.3444722143894 || 2018-02-09 18:30:28 |
| 6120 || 84.4034214971171 || 2019-10-24 14:55:12 |
| 6121 || 28.9145786866486 || 2010-06-04 23:36:48 |
| 6122 || -0.19669789945877 || 2018-04-07 01:47:10 |
| 6123 || -3.21222501447399 || 2014-11-14 13:58:49 |
| 6124 || 56.6056298850791 || 2016-05-09 18:58:15 |
| 6125 || 78.1478921087339 || 2012-01-05 08:34:49 |
| 6126 || -12.3980228689081 || 2018-10-09 00:11:24 |
| 6127 || 0.913900722800057 || 2018-03-24 23:10:28 |
| 6128 || 14.7536802318434 || 2014-03-25 12:59:05 |
| 6129 || -13.2879314886805 || 2010-05-02 06:55:52 |
| 6130 || 0.753546563259858 || 2019-03-14 23:36:02 |
| 6131 || 12.9752909169859 || 2016-01-04 17:38:58 |
| 6132 || -0.841253047564127 || 2013-05-02 10:17:41 |
| 6133 || 9.75372829268449 || 2017-10-02 11:48:14 |
| 6134 || 55.2245166138761 || 2010-02-10 12:09:53 |
| 6135 || 8.16315431080938 || 2010-01-15 01:31:26 |
| 6136 || 6.95938420873966 || 2018-11-08 05:18:35 |
| 6137 || -1.52292040207567 || 2016-02-01 04:01:14 |
| 6138 || -1.44344432121468 || 2015-12-25 01:05:28 |
| 6139 || 44.479454895671 || 2012-03-08 19:16:30 |
| 6140 || -7.92481096323033 || 2016-05-11 07:12:04 |
| 6141 || 45.4255609692457 || 2012-01-17 22:54:08 |
| 6142 || 6.85893073571516 || 2017-04-27 18:40:36 |
| 6143 || 0.655519197223552 || 2018-01-26 13:22:06 |
| 6144 || 41.7251109976603 || 2019-09-01 20:37:32 |
| 6145 || 10.13244178816 || 2017-08-03 23:55:45 |
| 6146 || -3.17626116359293 || 2012-09-18 00:11:07 |
| 6147 || -4.68028831562529 || 2012-03-07 19:34:39 |
| 6148 || 2.00619100734067 || 2012-11-24 07:13:43 |
| 6149 || 32.5981024161645 || 2017-12-12 20:51:41 |
| 6150 || 10.2979762772778 || 2017-05-27 10:35:13 |
| 6151 || -19.4478527069661 || 2014-12-27 19:36:41 |
| 6152 || 6.61880566524901 || 2014-09-21 01:49:37 |
| 6153 || -0.190069953834392 || 2013-08-06 00:03:45 |
| 6154 || 3.75801947422052 || 2019-02-07 23:05:19 |
| 6155 || 41.3396771718656 || 2018-11-09 22:45:44 |
| 6156 || 75.8902935408046 || 2016-05-23 16:16:08 |
| 6157 || -8.38777891420682 || 2012-07-14 07:43:01 |
| 6158 || 0.25879102329753 || 2012-03-24 23:15:57 |
| 6159 || 28.1420821676423 || 2014-10-09 12:04:27 |
| 6160 || 1.05966202591423 || 2014-08-19 23:52:32 |
| 6161 || -25.7201321570431 || 2015-04-27 03:09:23 |
| 6162 || -9.37543799106575 || 2014-02-16 18:23:30 |
| 6163 || 0.00338801930976919 || 2011-02-14 10:47:16 |
| 6164 || 13.5794104666475 || 2017-08-05 16:42:46 |
| 6165 || 2.10468160293001 || 2017-02-26 17:01:51 |
| 6166 || -16.0464399423274 || 2017-02-26 00:38:16 |
| 6167 || -0.428975222534254 || 2013-02-09 17:37:36 |
| 6168 || 0.0737449949202197 || 2015-04-11 04:57:58 |
| 6169 || 20.3944451684897 || 2017-05-04 16:14:43 |
| 6170 || -20.7853407503695 || 2017-07-24 17:44:08 |
| 6171 || 58.6713329190073 || 2014-07-02 11:36:27 |
| 6172 || 33.2928097131878 || 2012-07-27 22:16:09 |
| 6173 || 0.900118052667393 || 2015-03-12 11:27:36 |
| 6174 || 6.28356209629779 || 2016-06-19 17:10:33 |
| 6175 || 71.8090104406302 || 2011-11-25 01:28:35 |
| 6176 || -27.5907896080858 || 2010-03-17 14:17:20 |
| 6177 || 46.6865103595544 || 2010-01-12 21:27:10 |
| 6178 || -0.258705958931583 || 2015-08-21 11:46:17 |
| 6179 || 14.0079185650961 || 2017-07-02 05:33:04 |
| 6180 || -17.5224176185502 || 2013-11-20 02:13:59 |
| 6181 || 57.8198111377543 || 2017-01-11 05:27:29 |
| 6182 || 51.2643343343815 || 2011-08-06 15:59:07 |
| 6183 || 5.26122043928454 || 2017-12-01 00:01:26 |
| 6184 || 10.8720156362363 || 2018-01-21 01:22:40 |
| 6185 || 51.2724129249856 || 2014-03-25 20:05:49 |
| 6186 || 87.9196218610883 || 2014-03-22 21:10:12 |
| 6187 || -18.4267173315126 || 2019-07-06 07:03:40 |
| 6188 || 3.1377798784257 || 2010-08-21 04:48:57 |
| 6189 || -2.66209978640848 || 2013-06-01 16:17:43 |
| 6190 || 6.20986802375704 || 2015-03-24 10:02:20 |
| 6191 || 89.8767922288599 || 2012-05-23 01:46:55 |
| 6192 || 61.147947043267 || 2014-08-05 12:28:41 |
| 6193 || 1.35746543337398 || 2010-05-18 15:39:13 |
| 6194 || 3.26227131527005 || 2010-04-25 18:17:05 |
| 6195 || -5.99716024566079 || 2014-12-13 12:33:15 |
| 6196 || 65.0684814640352 || 2011-09-02 00:25:30 |
| 6197 || -15.3428550060407 || 2015-01-12 23:33:55 |
| 6198 || -1.0476170172501 || 2018-08-13 05:21:14 |
| 6199 || -0.782591299702458 || 2019-09-16 11:12:37 |
| 6200 || -9.75670230404996 || 2016-02-16 04:22:23 |
| 6201 || 86.2674959519202 || 2015-08-20 14:30:12 |
| 6202 || -16.0406964876342 || 2019-01-04 03:11:01 |
| 6203 || -1.88501321694822 || 2018-01-17 04:26:29 |
| 6204 || 1.30672505965566 || 2016-02-14 05:49:48 |
| 6205 || 21.8714321564877 || 2015-03-21 19:43:37 |
| 6206 || 40.2191993240968 || 2013-08-08 07:45:25 |
| 6207 || -6.28430379458418 || 2010-10-14 00:58:30 |
| 6208 || 24.4251271947931 || 2015-10-05 03:08:00 |
| 6209 || 0.125433558672982 || 2017-01-18 17:45:12 |
| 6210 || 12.9725400076924 || 2015-07-10 22:01:32 |
| 6211 || -22.7146263811454 || 2017-09-12 18:05:47 |
| 6212 || 61.6234810683467 || 2018-02-10 01:10:11 |
| 6213 || 29.3413316378122 || 2011-05-24 17:19:54 |
| 6214 || -0.000437848157084278 || 2015-10-22 06:49:05 |
| 6215 || 17.7107578184217 || 2010-11-02 11:41:15 |
| 6216 || 16.2168831960704 || 2017-11-20 16:29:39 |
| 6217 || 28.5683832859626 || 2018-09-07 13:38:35 |
| 6218 || -3.23196792670043 || 2018-01-08 23:35:11 |
| 6219 || 0.162316122391896 || 2019-08-25 20:32:17 |
| 6220 || 8.31879143810769 || 2016-06-16 12:39:48 |
| 6221 || 0.470094124110365 || 2015-01-26 23:30:09 |
| 6222 || 40.0918195930985 || 2018-11-10 08:20:06 |
| 6223 || 15.2388833712118 || 2010-06-15 09:54:50 |
| 6224 || 1.20544665285536 || 2014-02-25 17:19:56 |
| 6225 || 20.6950965007598 || 2015-04-07 00:05:42 |
| 6226 || 9.61802976538121 || 2018-07-11 20:13:58 |
| 6227 || 50.7693091205483 || 2016-07-19 18:25:52 |
| 6228 || 39.6264491998199 || 2015-12-16 06:20:36 |
| 6229 || 2.4228052487183 || 2016-04-16 00:59:16 |
| 6230 || -4.67888303729618 || 2019-02-04 00:25:30 |
| 6231 || -21.5241474613385 || 2016-12-15 19:53:02 |
| 6232 || 86.6420595705901 || 2019-10-25 11:27:16 |
| 6233 || 48.7199179746954 || 2011-04-06 15:54:14 |
| 6234 || 2.35798753775572 || 2012-01-06 17:32:53 |
| 6235 || 11.3529267482724 || 2015-10-09 21:08:12 |
| 6236 || 59.2788680845849 || 2014-07-07 21:11:44 |
| 6237 || 79.9501342193514 || 2011-02-09 03:54:12 |
| 6238 || -15.0658834457289 || 2018-08-21 03:45:24 |
| 6239 || 0.218076788060447 || 2015-01-07 23:23:11 |
| 6240 || -2.60783294739131 || 2017-12-16 09:16:00 |
| 6241 || -17.002313852673 || 2011-02-27 04:00:49 |
| 6242 || 88.0349734004649 || 2011-06-25 23:03:04 |
| 6243 || -15.4021184900841 || 2015-06-19 11:16:44 |
| 6244 || 10.8775482899642 || 2016-01-27 08:38:01 |
| 6245 || -0.12214731111862 || 2017-07-16 17:24:42 |
| 6246 || 43.277273254069 || 2014-01-27 10:46:17 |
| 6247 || 75.6212585258656 || 2017-05-06 11:10:14 |
| 6248 || -20.2342044451687 || 2014-12-17 13:06:36 |
| 6249 || 10.6346169440017 || 2014-10-20 09:04:11 |
| 6250 || 0.0602364902212624 || 2016-03-01 20:11:10 |
| 6251 || 47.5725390728515 || 2014-08-27 08:17:27 |
| 6252 || 88.2080092556786 || 2010-09-24 20:22:39 |
| 6253 || 5.69632930875513 || 2014-04-21 09:28:46 |
| 6254 || 18.7861285784802 || 2014-03-22 21:52:16 |
| 6255 || -0.480984592378073 || 2014-07-08 01:42:03 |
| 6256 || 23.0081215549346 || 2017-07-20 06:09:25 |
| 6257 || 56.9012700283235 || 2010-11-23 19:35:17 |
| 6258 || 12.1801262705623 || 2010-07-12 20:16:36 |
| 6259 || 7.010741744918 || 2017-04-11 05:48:59 |
| 6260 || -0.1315790059931 || 2011-05-24 08:12:11 |
| 6261 || 1.75706654141976 || 2011-01-09 23:34:24 |
| 6262 || 57.9723637110522 || 2011-06-05 16:14:01 |
| 6263 || 79.1170889747831 || 2016-03-14 17:34:27 |
| 6264 || -7.32895632757696 || 2014-09-04 04:08:25 |
| 6265 || -0.00729914902395631 || 2014-12-03 21:23:24 |
| 6266 || -2.47954062325869 || 2013-09-16 07:36:08 |
| 6267 || 72.1902531308535 || 2010-01-13 15:10:02 |
| 6268 || 52.1863385713335 || 2012-01-24 16:16:58 |
| 6269 || 26.4244129634308 || 2016-01-23 09:03:55 |
| 6270 || -0.0265852312501469 || 2015-05-27 11:39:20 |
| 6271 || 26.1496005674817 || 2014-06-23 04:21:37 |
| 6272 || 2.46298090663123 || 2012-08-19 03:57:23 |
| 6273 || 49.60578528128 || 2012-03-25 18:51:02 |
| 6274 || -12.9870543790489 || 2016-08-13 14:19:35 |
| 6275 || 0.940258789682827 || 2011-07-25 01:33:16 |
| 6276 || -1.1105775278013 || 2010-03-14 22:15:32 |
| 6277 || 68.7341772437696 || 2014-01-26 13:44:57 |
| 6278 || 66.5116080799237 || 2016-05-20 03:28:27 |
| 6279 || -14.1439747320893 || 2010-02-01 06:54:48 |
| 6280 || 0.248741009213427 || 2016-10-11 07:06:56 |
| 6281 || 6.84332966412209 || 2014-10-17 05:49:59 |
| 6282 || 16.0748576898222 || 2018-08-13 15:14:59 |
| 6283 || 27.6266835700504 || 2019-02-27 00:19:55 |
| 6284 || 36.9725132388748 || 2012-02-12 19:48:54 |
| 6285 || 4.28222627403259 || 2012-02-25 18:02:51 |
| 6286 || -0.793405620514451 || 2010-04-04 18:38:37 |
| 6287 || 37.9609447636757 || 2012-04-08 12:12:22 |
| 6288 || 54.6069614285101 || 2016-04-21 02:35:28 |
| 6289 || 38.2433293592911 || 2015-08-19 21:31:14 |
| 6290 || 5.18820540973508 || 2015-11-24 15:27:52 |
| 6291 || 9.45396213673126 || 2019-04-12 08:19:21 |
| 6292 || -6.08672032738415 || 2010-07-17 04:58:21 |
| 6293 || 50.579017748369 || 2013-02-20 10:22:32 |
| 6294 || 11.4562049819187 || 2015-01-27 13:54:24 |
| 6295 || 10.3599564640783 || 2016-05-10 08:10:07 |
| 6296 || -0.779765685594877 || 2016-08-09 06:50:45 |
| 6297 || -10.4020119537829 || 2013-09-04 09:45:20 |
| 6298 || 67.0361061499981 || 2014-07-18 10:46:38 |
| 6299 || -0.348941435316706 || 2017-06-11 07:07:31 |
| 6300 || 12.2036469068552 || 2011-06-13 12:52:54 |
| 6301 || 2.55029377341043 || 2012-12-05 05:05:46 |
| 6302 || 3.32061446223496 || 2011-04-05 16:34:57 |
| 6303 || 13.8205989231032 || 2010-02-24 17:01:43 |
| 6304 || 10.402021083112 || 2017-05-05 23:37:23 |
| 6305 || 1.26292560898607 || 2011-06-27 06:37:32 |
| 6306 || -0.0340547698479289 || 2019-01-06 16:50:36 |
| 6307 || 30.4266345773714 || 2013-08-26 10:24:37 |
| 6308 || 17.4796910204926 || 2010-04-14 15:13:04 |
| 6309 || 73.8936930041397 || 2010-06-15 04:56:30 |
| 6310 || 7.7766326665891 || 2014-09-12 02:36:50 |
| 6311 || -0.159344732191418 || 2019-02-12 14:12:08 |
| 6312 || 30.8073554093887 || 2017-07-19 03:16:22 |
| 6313 || -20.7677464749126 || 2017-04-01 03:04:06 |
| 6314 || -21.8461943353136 || 2013-07-04 02:48:28 |
| 6315 || 14.6746041779711 || 2014-10-07 00:43:55 |
| 6316 || -0.021723459000347 || 2017-09-18 22:00:50 |
| 6317 || 6.72233609574239 || 2011-09-27 04:31:02 |
| 6318 || -26.9109320009819 || 2011-03-02 05:05:17 |
| 6319 || 30.7460959380302 || 2010-03-19 01:05:11 |
| 6320 || 32.1334650316358 || 2017-12-10 04:55:27 |
| 6321 || 0.00918244455330165 || 2013-03-23 16:04:45 |
| 6322 || 27.3174477652586 || 2019-07-27 01:33:06 |
| 6323 || -18.1038337046435 || 2017-12-18 12:21:48 |
| 6324 || 9.60216566524136 || 2012-06-18 09:18:14 |
| 6325 || 18.102494625961 || 2017-04-22 01:10:42 |
| 6326 || 0.695208995539547 || 2016-11-05 09:20:35 |
| 6327 || -5.49671092941098 || 2016-06-02 09:47:56 |
| 6328 || -1.22158129610743 || 2017-07-02 12:33:59 |
| 6329 || 3.05469970724096 || 2015-08-06 01:01:46 |
| 6330 || 30.5014381712075 || 2017-08-19 16:40:50 |
| 6331 || 1.96541935570928 || 2015-10-25 22:01:59 |
| 6332 || -1.16058512807684 || 2010-08-04 18:30:58 |
| 6333 || -8.68459840482542 || 2019-11-03 01:07:52 |
| 6334 || 2.86966896490578 || 2012-01-02 23:01:57 |
| 6335 || 11.150453627666 || 2016-03-08 05:14:43 |
| 6336 || 2.47574681029509 || 2013-02-21 23:41:16 |
| 6337 || -2.69600409512677 || 2014-11-14 19:29:12 |
| 6338 || 37.6921320781464 || 2015-03-02 11:43:41 |
| 6339 || -29.8015165164703 || 2013-12-12 07:45:21 |
| 6340 || -18.0768141058341 || 2010-07-10 10:51:47 |
| 6341 || -2.17230259940168 || 2010-10-21 22:58:47 |
| 6342 || 4.61094026537337 || 2015-01-06 03:37:52 |
| 6343 || -2.04633259127654 || 2012-12-09 01:12:27 |
| 6344 || 15.4047129330119 || 2016-02-17 11:10:48 |
| 6345 || 8.60653799500017 || 2011-09-15 07:12:27 |
| 6346 || -3.13408159738414 || 2011-01-27 02:04:19 |
| 6347 || 6.86582599024696 || 2013-02-18 21:59:20 |
| 6348 || -18.1536981659489 || 2013-08-05 13:57:05 |
| 6349 || -17.9004355936842 || 2017-11-03 08:02:40 |
| 6350 || -17.0446260836633 || 2010-11-27 22:56:53 |
| 6351 || 13.1257651589721 || 2018-09-19 06:59:24 |
| 6352 || 3.96290080227727 || 2013-06-17 10:15:24 |
| 6353 || -6.00698894218982 || 2011-11-16 02:43:34 |
| 6354 || -10.2222625410439 || 2012-02-04 18:21:01 |
| 6355 || 69.3124816564371 || 2017-11-12 02:49:21 |
| 6356 || 17.4156846698014 || 2012-10-15 20:28:03 |
| 6357 || -0.622302194866547 || 2010-02-10 06:41:35 |
| 6358 || -11.0655191245093 || 2018-05-19 03:29:47 |
| 6359 || -27.6562590492354 || 2016-08-21 23:53:38 |
| 6360 || 48.8357342958992 || 2011-05-20 15:54:35 |
| 6361 || -7.00472152978001 || 2011-05-07 06:44:26 |
| 6362 || -0.293036889291608 || 2013-04-19 06:17:19 |
| 6363 || 17.5622308824193 || 2017-03-17 21:45:47 |
| 6364 || 15.0535591798471 || 2017-04-05 13:20:47 |
| 6365 || 5.18036984460754 || 2011-06-05 11:41:05 |
| 6366 || -0.000863033601461568 || 2014-07-22 12:15:37 |
| 6367 || 0.0662121694754779 || 2018-09-07 16:19:01 |
| 6368 || -9.59361064078913 || 2019-04-07 02:44:27 |
| 6369 || -10.4549363627646 || 2012-02-11 15:24:53 |
| 6370 || 36.5359170663735 || 2015-10-21 19:00:50 |
| 6371 || 31.8684437524479 || 2016-01-14 02:33:52 |
| 6372 || 0.0254455255951049 || 2019-03-04 21:00:01 |
| 6373 || 27.8019906290271 || 2016-05-21 08:23:26 |
| 6374 || -20.9082489797236 || 2010-01-07 14:53:12 |
| 6375 || 84.1108319833488 || 2018-08-02 14:51:12 |
| 6376 || 33.6505801621114 || 2019-02-05 19:16:05 |
| 6377 || 0.143570216069187 || 2015-05-10 03:15:40 |
| 6378 || 5.83294533824249 || 2017-04-20 13:06:02 |
| 6379 || -24.8492274352887 || 2014-12-12 23:59:18 |
| 6380 || 4.30817061584833 || 2011-09-25 11:48:30 |
| 6381 || -7.35854969052882 || 2012-04-01 12:16:32 |
| 6382 || 0.28155393475636 || 2019-08-06 04:44:27 |
| 6383 || -5.21080554746025 || 2010-11-10 12:23:36 |
| 6384 || -9.61456113660671 || 2015-10-23 20:01:49 |
| 6385 || 62.8333082491105 || 2015-10-23 16:04:00 |
| 6386 || 35.9374943745046 || 2013-10-10 23:52:03 |
| 6387 || 1.18736184004567 || 2016-11-21 14:22:10 |
| 6388 || 13.3651891580241 || 2013-01-12 01:05:05 |
| 6389 || 44.2138545049449 || 2011-01-16 09:19:16 |
| 6390 || 83.2216548588009 || 2010-09-01 14:15:55 |
| 6391 || 2.39834644047776 || 2011-03-04 10:22:46 |
| 6392 || 4.22738775499495 || 2015-02-27 07:49:06 |
| 6393 || 10.6585699563038 || 2011-05-11 00:29:40 |
| 6394 || 9.17960916769964 || 2019-10-04 15:35:22 |
| 6395 || 67.675869239669 || 2019-04-06 02:03:34 |
| 6396 || 33.3944710338014 || 2014-05-02 14:47:29 |
| 6397 || 6.88229386675925 || 2016-02-11 16:03:24 |
| 6398 || 4.27608262118985 || 2016-06-14 16:16:53 |
| 6399 || -6.21261945527413 || 2010-11-14 14:18:48 |
| 6400 || -28.0055668648363 || 2011-01-22 23:30:40 |
| 6401 || 8.92425403541614 || 2019-12-03 18:26:42 |
| 6402 || -4.18603385699174 || 2012-03-22 15:25:59 |
| 6403 || 0.937324759134017 || 2013-09-18 21:53:15 |
| 6404 || 26.3071736095366 || 2017-09-14 02:14:32 |
| 6405 || -16.9424337705119 || 2015-03-01 16:24:24 |
| 6406 || 24.1847497547453 || 2012-07-07 04:38:43 |
| 6407 || -4.89395017101767 || 2018-01-01 00:36:43 |
| 6408 || -0.870368047172437 || 2018-11-13 14:12:35 |
| 6409 || 7.69729495894104 || 2019-04-21 04:44:58 |
| 6410 || -28.6491007506668 || 2017-01-17 00:59:34 |
| 6411 || 0.73237408913232 || 2015-11-21 23:37:45 |
| 6412 || 17.2756997525182 || 2011-01-05 21:05:22 |
| 6413 || 0.307375014523065 || 2018-10-10 19:26:35 |
| 6414 || 37.2899032720372 || 2010-03-05 10:59:48 |
| 6415 || -12.8073961517798 || 2014-08-09 01:20:33 |
| 6416 || 4.277948811355 || 2012-08-03 05:23:22 |
| 6417 || 1.50749224493251 || 2010-08-18 21:48:52 |
| 6418 || 0.129591210790858 || 2014-04-25 05:33:14 |
| 6419 || 8.08165219167671 || 2017-07-06 22:54:33 |
| 6420 || -3.1522348082879 || 2015-11-20 13:15:15 |
| 6421 || 50.7403687382824 || 2011-04-13 18:38:19 |
| 6422 || 19.6922734484474 || 2019-03-14 15:08:45 |
| 6423 || 0.00245745694781641 || 2012-09-05 08:51:02 |
| 6424 || 24.2077527431266 || 2012-10-05 12:13:51 |
| 6425 || -21.5232680902317 || 2018-05-05 10:50:39 |
| 6426 || -3.50565213352435 || 2011-12-10 13:31:22 |
| 6427 || 35.7902545205177 || 2014-04-02 06:54:42 |
| 6428 || 0.169505481713457 || 2018-03-01 08:27:36 |
| 6429 || 11.6501288905602 || 2015-06-08 07:41:56 |
| 6430 || 58.7008151714335 || 2016-09-27 10:13:11 |
| 6431 || -0.095553933210205 || 2013-10-03 02:03:58 |
| 6432 || -8.42160749232591 || 2010-03-22 07:50:42 |
| 6433 || 0.844600787659694 || 2019-04-14 04:52:52 |
| 6434 || -5.87646834260121 || 2014-05-06 03:14:29 |
| 6435 || -23.3306869910647 || 2014-10-17 14:17:04 |
| 6436 || 88.0233975184352 || 2012-01-18 02:32:09 |
| 6437 || 37.7104701677089 || 2010-02-24 12:08:07 |
| 6438 || 3.25121069725974 || 2016-11-11 13:20:52 |
| 6439 || -4.22539856047211 || 2011-07-15 13:33:41 |
| 6440 || 3.08682830685624 || 2013-02-04 16:37:51 |
| 6441 || -5.01131413726612 || 2014-06-10 22:14:03 |
| 6442 || -9.1360809115126 || 2014-05-02 11:51:48 |
| 6443 || 1.63553641679331 || 2010-12-25 21:01:48 |
| 6444 || 0.330279084422109 || 2015-03-12 20:00:51 |
| 6445 || -16.1024537902668 || 2016-06-25 22:35:13 |
| 6446 || 11.410871646048 || 2016-02-20 19:00:14 |
| 6447 || 57.5912092758809 || 2017-08-19 23:17:18 |
| 6448 || 2.80596278566475 || 2010-02-09 05:24:12 |
| 6449 || 7.24064108454552 || 2015-02-15 22:56:54 |
| 6450 || -17.1342894978307 || 2014-04-15 08:09:34 |
| 6451 || 65.7259928758918 || 2018-09-14 07:18:35 |
| 6452 || 1.2964893241365 || 2015-10-19 13:26:12 |
| 6453 || 9.21756763818319 || 2019-08-25 01:59:29 |
| 6454 || 2.83321234456838 || 2017-02-23 16:59:48 |
| 6455 || 4.88926702712542 || 2015-01-13 22:10:32 |
| 6456 || 86.4403623205993 || 2011-02-14 00:11:59 |
| 6457 || -22.1312800446116 || 2010-03-11 16:12:49 |
| 6458 || 9.90233057352196 || 2015-05-14 03:01:21 |
| 6459 || 0.822896526011124 || 2018-11-11 03:57:39 |
| 6460 || 38.6488098452743 || 2016-09-06 14:45:40 |
| 6461 || 62.033949971256 || 2011-11-16 11:47:17 |
| 6462 || -23.0401894784069 || 2018-11-07 15:55:03 |
| 6463 || 17.8340436415959 || 2015-02-14 05:57:03 |
| 6464 || 1.13071960355116 || 2018-06-05 13:47:42 |
| 6465 || 22.2994617383288 || 2017-12-18 22:07:42 |
| 6466 || -28.585333147555 || 2017-10-16 13:19:26 |
| 6467 || 33.3291946522825 || 2015-02-23 22:02:15 |
| 6468 || 22.4704094023288 || 2015-02-16 10:06:17 |
| 6469 || 0.201127296302493 || 2016-04-23 16:41:34 |
| 6470 || -11.810594767392 || 2017-04-16 03:10:54 |
| 6471 || 82.3715289936945 || 2019-11-02 19:20:19 |
| 6472 || -24.2020482822491 || 2015-10-18 22:26:34 |
| 6473 || -5.43850692838157 || 2018-04-11 10:38:09 |
| 6474 || 0.00020045552337841 || 2015-08-10 15:29:41 |
| 6475 || 3.18679732910935 || 2015-07-08 02:45:30 |
| 6476 || -14.7514199499087 || 2013-02-03 18:25:59 |
| 6477 || 34.0548251131778 || 2018-04-03 08:40:47 |
| 6478 || -3.02936681685299 || 2012-02-20 07:09:49 |
| 6479 || 0.178593040081914 || 2014-05-12 11:40:32 |
| 6480 || 22.6579607287093 || 2016-12-03 21:53:16 |
| 6481 || 72.4497295084175 || 2018-06-08 18:30:44 |
| 6482 || 1.75354212848784 || 2011-07-01 18:08:29 |
| 6483 || -12.4988172614127 || 2012-06-01 23:34:46 |
| 6484 || -0.395566781941919 || 2017-11-18 22:59:27 |
| 6485 || 11.6615289765718 || 2013-01-10 16:46:37 |
| 6486 || -15.9628886277425 || 2012-10-26 09:18:48 |
| 6487 || 64.3940140063364 || 2015-07-06 19:50:46 |
| 6488 || 2.02410457998464 || 2011-10-12 20:47:10 |
| 6489 || 2.86227324539597 || 2015-01-24 11:51:26 |
| 6490 || 8.85762812134237 || 2010-06-23 03:58:56 |
| 6491 || 62.8460326334179 || 2015-04-27 13:32:08 |
| 6492 || 86.5512390988168 || 2012-02-04 10:47:09 |
| 6493 || 44.3541872459358 || 2015-06-01 20:07:06 |
| 6494 || 4.58311021285018 || 2014-05-13 18:19:04 |
| 6495 || 10.4880107468143 || 2012-02-14 05:51:34 |
| 6496 || -19.0983598459285 || 2013-06-22 04:09:08 |
| 6497 || 53.3312323754992 || 2018-02-23 09:14:44 |
| 6498 || -11.1836526846806 || 2015-09-11 11:55:03 |
| 6499 || 7.1841626978748 || 2019-06-27 23:14:20 |
| 6500 || 2.23110290419713 || 2018-08-11 11:32:58 |
| 6501 || -19.1981421237996 || 2019-10-27 06:19:54 |
| 6502 || 89.8665351241156 || 2016-02-25 09:06:59 |
| 6503 || 59.4590600764655 || 2017-11-06 19:36:54 |
| 6504 || -3.67211478743218 || 2011-09-05 21:19:34 |
| 6505 || 2.31878881071392 || 2019-06-03 13:43:45 |
| 6506 || -7.06933977459302 || 2012-12-07 13:11:57 |
| 6507 || 9.66455185754752 || 2011-10-03 15:40:19 |
| 6508 || 33.4794243413804 || 2013-11-02 01:54:30 |
| 6509 || 12.4172000439499 || 2011-02-22 18:04:03 |
| 6510 || 2.91313164212188 || 2010-03-15 02:04:38 |
| 6511 || -8.21821551822251 || 2013-02-26 12:12:57 |
| 6512 || -4.52601361385755 || 2015-11-26 10:50:57 |
| 6513 || 50.6226495931528 || 2012-12-16 21:33:44 |
| 6514 || 10.1147276246371 || 2014-10-02 12:36:35 |
| 6515 || 0.17114583930986 || 2016-10-18 10:10:33 |
| 6516 || 33.1432738116785 || 2012-02-10 01:55:07 |
| 6517 || 79.7090556479837 || 2014-02-06 07:14:46 |
| 6518 || -24.2496008757681 || 2019-01-08 15:42:12 |
| 6519 || 9.28052865438218 || 2018-11-19 21:07:09 |
| 6520 || 0.471354441666898 || 2016-10-13 03:03:07 |
| 6521 || 23.9487417779574 || 2011-10-09 17:24:27 |
| 6522 || 15.4015490161455 || 2014-01-01 15:50:24 |
| 6523 || 78.7585907433249 || 2017-10-22 19:39:01 |
| 6524 || -9.6406143995579 || 2018-04-16 23:40:05 |
| 6525 || -0.004620741570392 || 2019-04-14 00:05:36 |
| 6526 || -0.00730680452312948 || 2019-06-24 04:27:13 |
| 6527 || 54.0128475801011 || 2018-09-24 02:36:07 |
| 6528 || 82.4684105721748 || 2017-02-11 07:11:01 |
| 6529 || -0.975286598549636 || 2010-06-21 09:24:03 |
| 6530 || 0.0703533939784601 || 2012-12-08 18:19:36 |
| 6531 || 20.9453568943928 || 2019-12-09 09:42:51 |
| 6532 || -21.8411030664397 || 2015-03-08 04:42:42 |
| 6533 || 41.7215904854148 || 2019-09-18 10:18:10 |
| 6534 || 35.2849495874321 || 2014-02-11 19:05:00 |
| 6535 || -0.348110618121573 || 2018-10-13 02:17:09 |
| 6536 || -3.37076337461023 || 2010-05-07 06:51:40 |
| 6537 || 71.6937770439017 || 2015-10-22 16:54:00 |
| 6538 || 22.2596636964886 || 2010-08-07 15:03:46 |
| 6539 || 23.4380958688435 || 2017-03-12 07:58:14 |
| 6540 || -0.792937575513084 || 2015-07-07 13:32:48 |
| 6541 || -2.09849166179529 || 2017-03-04 23:47:27 |
| 6542 || 7.24878214885417 || 2019-02-08 18:46:08 |
| 6543 || 66.9237076538527 || 2011-02-10 16:39:21 |
| 6544 || 38.699718100267 || 2018-08-04 14:43:45 |
| 6545 || 2.33748593876415 || 2011-10-20 07:21:38 |
| 6546 || 3.56006269464782 || 2012-08-10 00:27:39 |
| 6547 || -21.2789330801272 || 2011-12-15 04:43:33 |
| 6548 || 28.6777965127289 || 2019-02-01 00:34:39 |
| 6549 || 51.417314992262 || 2018-10-24 11:58:00 |
| 6550 || 6.05091134989651 || 2016-05-04 06:23:03 |
| 6551 || 8.75107838545051 || 2013-06-27 18:45:08 |
| 6552 || 16.0732183541182 || 2016-08-27 13:48:20 |
| 6553 || 5.97854486279448 || 2015-12-04 01:47:09 |
| 6554 || 47.0707069978882 || 2018-01-11 20:05:09 |
| 6555 || -1.834187967627 || 2011-05-24 18:22:08 |
| 6556 || 5.58243449503614 || 2013-01-08 01:43:42 |
| 6557 || 3.96842731792939 || 2012-03-23 10:17:45 |
| 6558 || 76.8956093996571 || 2019-07-20 18:26:52 |
| 6559 || -20.9374120293128 || 2014-01-12 16:25:07 |
| 6560 || -3.50997208965633 || 2010-12-01 17:59:12 |
| 6561 || -0.0502466590138363 || 2014-06-05 14:51:22 |
| 6562 || 45.3611309000654 || 2010-03-14 16:58:48 |
| 6563 || -12.6049440371478 || 2010-11-01 08:10:54 |
| 6564 || 6.20207033864842 || 2012-04-22 13:37:41 |
| 6565 || 15.8038338186995 || 2018-01-27 20:15:26 |
| 6566 || -0.350646173506459 || 2015-10-01 13:30:57 |
| 6567 || -13.6199575685736 || 2013-09-08 20:51:17 |
| 6568 || 47.8356104979745 || 2010-05-08 17:02:03 |
| 6569 || -23.6669412391154 || 2010-04-14 07:32:10 |
| 6570 || 18.7725048440574 || 2012-09-17 05:51:32 |
| 6571 || 0.168982086725184 || 2019-11-12 04:34:46 |
| 6572 || 11.2921794769013 || 2015-01-24 14:15:06 |
| 6573 || 22.3032779480599 || 2013-01-10 10:02:30 |
| 6574 || -6.73753352493899 || 2014-11-04 23:39:04 |
| 6575 || 26.6258176851296 || 2013-12-02 18:49:52 |
| 6576 || -0.0150264105112912 || 2010-08-21 23:40:25 |
| 6577 || -10.6059743139212 || 2018-02-24 18:10:52 |
| 6578 || -2.42130021817518 || 2010-08-21 22:10:59 |
| 6579 || 78.9162999338502 || 2011-10-23 09:45:47 |
| 6580 || -1.64481549137204 || 2015-07-17 09:53:33 |
| 6581 || 0.115281454961876 || 2019-04-21 08:47:57 |
| 6582 || 25.2211483885232 || 2011-03-24 16:53:20 |
| 6583 || 9.18525889481701 || 2019-11-06 06:12:32 |
| 6584 || 57.1939358001686 || 2019-08-15 16:50:32 |
| 6585 || 37.6197395862899 || 2013-05-20 12:44:33 |
| 6586 || 0.0314384138857753 || 2019-06-25 12:11:09 |
| 6587 || 20.829234783953 || 2016-08-16 14:24:07 |
| 6588 || 43.4379282270196 || 2015-05-16 12:47:47 |
| 6589 || 19.7783052357687 || 2019-10-01 02:08:22 |
| 6590 || -9.88515451559746 || 2016-03-02 10:22:49 |
| 6591 || 0.754930129658868 || 2016-02-27 09:48:59 |
| 6592 || 8.40346187544424 || 2010-10-23 19:02:14 |
| 6593 || 17.7318531233189 || 2014-05-17 18:06:19 |
| 6594 || 7.26708029052497 || 2012-09-01 15:09:19 |
| 6595 || 37.043476634066 || 2012-07-24 23:30:31 |
| 6596 || -1.34753956464493 || 2017-06-27 07:58:18 |
| 6597 || 5.38244256382099 || 2015-10-16 08:02:11 |
| 6598 || -19.9694049739397 || 2013-01-08 00:24:34 |
| 6599 || 89.6660476596608 || 2018-02-23 23:52:29 |
| 6600 || 0.801786967275806 || 2013-09-19 07:50:33 |
| 6601 || 1.12459209464963 || 2019-04-04 13:38:21 |
| 6602 || 3.12743994055716 || 2018-07-19 14:23:28 |
| 6603 || -19.4991555323197 || 2012-08-24 13:05:22 |
| 6604 || 58.3290228528034 || 2019-07-06 22:29:24 |
| 6605 || -14.15639948103 || 2010-09-16 06:10:47 |
| 6606 || -2.96271990668838 || 2018-08-21 12:26:58 |
| 6607 || 5.95916414758817 || 2016-03-24 06:31:52 |
| 6608 || 13.924255851187 || 2010-02-19 05:44:37 |
| 6609 || 7.39122412478802 || 2015-04-22 08:52:30 |
| 6610 || 56.967267477485 || 2016-05-18 03:26:34 |
| 6611 || -4.46872197849829 || 2014-06-27 06:28:46 |
| 6612 || 4.09344332947475 || 2019-09-16 20:43:28 |
| 6613 || 45.8380485871741 || 2012-06-21 17:01:45 |
| 6614 || 13.033448978592 || 2014-02-03 23:44:22 |
| 6615 || 60.2184863412226 || 2010-06-11 16:44:26 |
| 6616 || -1.8691416594276 || 2017-10-26 22:36:09 |
| 6617 || -0.708614755663044 || 2015-06-18 04:36:45 |
| 6618 || -10.2436150272443 || 2016-12-20 00:01:23 |
| 6619 || 12.7986885594018 || 2017-07-06 01:30:48 |
| 6620 || 56.032064328939 || 2017-03-19 22:40:01 |
| 6621 || 4.15922742625606 || 2013-12-13 21:41:44 |
| 6622 || -0.276116176600113 || 2018-07-01 14:33:09 |
| 6623 || 16.7278418418983 || 2019-01-02 12:19:01 |
| 6624 || -9.72242683261403 || 2017-01-12 11:22:27 |
| 6625 || 44.4699049553495 || 2018-01-22 02:18:30 |
| 6626 || 0.834355644110082 || 2015-12-26 16:15:46 |
| 6627 || -0.0314100692127621 || 2013-07-24 09:30:13 |
| 6628 || -10.9941162511912 || 2019-10-24 23:08:32 |
| 6629 || -24.9372536460242 || 2012-12-18 12:50:45 |
| 6630 || 3.19543223454232 || 2012-12-10 11:52:48 |
| 6631 || -4.75298028804112 || 2010-09-24 05:31:47 |
| 6632 || 0.00736675794476766 || 2015-01-18 12:38:02 |
| 6633 || 7.31927882268073 || 2016-09-16 23:25:25 |
| 6634 || 74.3281995595976 || 2019-05-12 01:18:42 |
| 6635 || 1.64215962715489 || 2016-01-25 12:32:44 |
| 6636 || -12.0145989762183 || 2018-07-01 08:26:09 |
| 6637 || 0.646541606532952 || 2013-05-05 21:10:25 |
| 6638 || 3.34865284496703 || 2018-11-20 05:17:58 |
| 6639 || 21.0943829128206 || 2011-07-15 15:23:30 |
| 6640 || -4.18763850341339 || 2012-01-05 20:32:21 |
| 6641 || -11.7378997481378 || 2018-03-17 17:47:05 |
| 6642 || 0.502636361404398 || 2014-09-26 11:25:16 |
| 6643 || 1.66349127540017 || 2013-03-10 07:02:02 |
| 6644 || 63.8495546812964 || 2015-11-06 19:41:48 |
| 6645 || 88.4040584055676 || 2015-09-10 08:13:50 |
| 6646 || -11.2607796760698 || 2014-06-23 15:59:28 |
| 6647 || 1.02443482191595 || 2018-11-03 03:01:48 |
| 6648 || -0.639333719007289 || 2012-03-17 09:26:47 |
| 6649 || 1.43788331354942 || 2011-03-13 04:16:46 |
| 6650 || -23.1383144080477 || 2014-08-07 14:47:19 |
| 6651 || 53.0827920557684 || 2019-01-15 15:43:50 |
| 6652 || 5.54835939693979 || 2017-10-01 10:08:52 |
| 6653 || 6.59252064396815 || 2011-10-26 00:31:19 |
| 6654 || 45.5604629105787 || 2016-01-05 22:34:15 |
| 6655 || 74.4511703842897 || 2012-09-09 02:12:29 |
| 6656 || -19.3958461519218 || 2015-06-05 17:02:46 |
| 6657 || -1.92350284220655 || 2010-12-21 17:33:14 |
| 6658 || 1.66958787793891 || 2015-08-22 19:31:47 |
| 6659 || 19.5889375162736 || 2012-05-09 10:59:51 |
| 6660 || 80.2606797375898 || 2017-05-14 18:30:15 |
| 6661 || 63.4546997913366 || 2011-08-16 09:59:40 |
| 6662 || 8.57863050577823 || 2011-09-17 06:16:42 |
| 6663 || 3.09239457023463 || 2017-04-12 00:08:17 |
| 6664 || -4.7112805209627 || 2010-05-21 13:50:16 |
| 6665 || 71.5905254267342 || 2016-09-26 05:58:30 |
| 6666 || 66.2092095787407 || 2015-05-07 05:06:48 |
| 6667 || 9.55342000363158 || 2018-01-14 13:56:16 |
| 6668 || 1.10562484408439 || 2019-04-07 10:08:37 |
| 6669 || 25.8693747295326 || 2015-09-16 11:55:22 |
| 6670 || 11.1837097697925 || 2012-02-13 00:43:26 |
| 6671 || -24.4142591517507 || 2013-06-09 04:30:49 |
| 6672 || -5.43739473225187 || 2013-02-13 06:45:09 |
| 6673 || -0.269074578075564 || 2014-07-27 18:13:27 |
| 6674 || -5.74439362953804 || 2015-07-24 09:40:19 |
| 6675 || 0.150271006319462 || 2012-06-27 13:21:49 |
| 6676 || 71.9697481138526 || 2017-03-08 06:34:06 |
| 6677 || -6.5038278325721 || 2018-07-07 03:04:03 |
| 6678 || -0.0608350198900417 || 2019-07-19 17:31:04 |
| 6679 || -8.20862480312644 || 2010-09-07 08:29:53 |
| 6680 || 79.1672500186021 || 2017-12-23 01:39:55 |
| 6681 || 63.641132529748 || 2014-04-02 07:29:02 |
| 6682 || 15.2011008136621 || 2018-02-01 15:08:02 |
| 6683 || 0.0122282570072129 || 2018-12-13 10:23:29 |
| 6684 || -8.80028912744946 || 2019-10-11 02:22:47 |
| 6685 || 77.2307104725721 || 2016-02-19 18:48:15 |
| 6686 || -25.5235970240947 || 2019-05-12 00:06:34 |
| 6687 || 20.3343912848797 || 2017-06-25 07:08:00 |
| 6688 || -0.0768919287443254 || 2012-01-16 18:25:02 |
| 6689 || -7.43461944141282 || 2018-07-22 22:06:19 |
| 6690 || -12.046613244213 || 2014-02-10 16:55:09 |
| 6691 || 33.6404523043992 || 2017-08-14 14:52:04 |
| 6692 || 40.7201927029512 || 2014-09-18 09:18:24 |
| 6693 || -0.465909925423672 || 2010-09-22 04:09:08 |
| 6694 || -2.87929704191179 || 2017-07-03 06:41:18 |
| 6695 || 70.1996234933181 || 2013-08-23 11:54:05 |
| 6696 || 87.9604779032809 || 2014-02-27 02:23:54 |
| 6697 || -14.5706109876035 || 2012-10-26 16:01:27 |
| 6698 || -0.342768214515602 || 2017-01-26 20:21:20 |
| 6699 || 11.4930533360218 || 2018-03-12 11:09:12 |
| 6700 || 66.7132390894796 || 2012-09-09 18:10:11 |
| 6701 || -29.7667375318071 || 2012-04-27 06:27:02 |
| 6702 || 13.4379491043247 || 2012-03-20 06:49:19 |
| 6703 || 2.9377187590814 || 2012-01-14 03:46:01 |
| 6704 || -3.74404888198977 || 2014-11-06 01:24:44 |
| 6705 || 9.81707914290014 || 2010-09-15 08:00:21 |
| 6706 || -26.2951513263182 || 2017-01-06 01:19:51 |
| 6707 || 57.6378801673678 || 2018-09-05 12:47:13 |
| 6708 || -2.88238886027078 || 2010-10-22 05:00:11 |
| 6709 || 6.1409058287734 || 2011-03-07 20:36:22 |
| 6710 || -12.2249726050502 || 2017-12-21 08:56:12 |
| 6711 || 80.4095362325135 || 2018-07-08 07:41:58 |
| 6712 || -15.5142580471401 || 2015-03-17 05:56:45 |
| 6713 || 11.660459109834 || 2010-03-03 02:12:57 |
| 6714 || -1.32599269521984 || 2012-10-25 02:23:21 |
| 6715 || 39.8995414407207 || 2017-08-06 23:18:40 |
| 6716 || 59.1880692813693 || 2010-03-27 22:36:23 |
| 6717 || 52.5793632326704 || 2018-11-19 19:58:09 |
| 6718 || 4.87195471041383 || 2014-03-07 13:57:57 |
| 6719 || 2.82811980234251 || 2018-06-21 14:47:24 |
| 6720 || 42.6502021649056 || 2018-11-27 22:56:40 |
| 6721 || 42.7350382848194 || 2015-12-01 22:26:57 |
| 6722 || 54.2573570651006 || 2015-01-16 19:30:34 |
| 6723 || 0.885292882878086 || 2017-03-09 15:33:23 |
| 6724 || -0.0585611828306892 || 2014-03-09 18:47:11 |
| 6725 || -12.6921420252824 || 2013-11-22 00:14:41 |
| 6726 || 29.010169244019 || 2018-11-05 02:59:33 |
| 6727 || 74.6635766185695 || 2013-07-24 07:38:14 |
| 6728 || 14.0784251996928 || 2017-05-02 06:42:36 |
| 6729 || 0.299556067598523 || 2016-08-23 18:32:38 |
| 6730 || -7.51584711205038 || 2015-10-18 03:21:11 |
| 6731 || -24.0143867711271 || 2018-05-19 11:03:16 |
| 6732 || 76.2901754130921 || 2016-11-14 17:00:29 |
| 6733 || 29.8782012654766 || 2018-09-10 04:23:33 |
| 6734 || 0.000147398592464811 || 2016-02-21 07:40:26 |
| 6735 || -5.79067793369109 || 2010-12-16 22:41:19 |
| 6736 || -26.0000511371393 || 2019-08-14 13:27:48 |
| 6737 || 42.5134321174803 || 2019-05-15 19:55:55 |
| 6738 || -3.9390058481588 || 2018-04-10 20:58:18 |
| 6739 || 0.246120313587527 || 2016-04-15 16:36:29 |
| 6740 || 15.2209325710478 || 2019-10-26 20:03:40 |
| 6741 || 62.3406096141843 || 2010-02-23 21:15:24 |
| 6742 || 8.32131976705035 || 2016-05-21 08:40:35 |
| 6743 || -6.31039165712677 || 2014-03-03 05:26:40 |
| 6744 || 1.19415458250247 || 2018-04-16 11:44:38 |
| 6745 || -1.37083242035347 || 2011-07-25 21:38:26 |
| 6746 || -23.261896183402 || 2013-01-10 04:08:33 |
| 6747 || 74.4287108103955 || 2014-08-18 13:40:36 |
| 6748 || 5.98243110313971 || 2010-02-13 19:39:13 |
| 6749 || 0.192259277596711 || 2012-06-02 17:08:42 |
| 6750 || 15.5029375125174 || 2011-07-16 20:41:27 |
| 6751 || 62.2335276783427 || 2017-12-16 07:04:33 |
| 6752 || 85.7617010011849 || 2012-04-23 13:33:47 |
| 6753 || -9.28755559752707 || 2019-09-15 08:39:55 |
| 6754 || 1.26820290403043 || 2014-09-18 06:32:50 |
| 6755 || 6.55460232074037 || 2010-08-11 04:16:24 |
| 6756 || 28.5558194009399 || 2019-12-16 11:24:08 |
| 6757 || 45.0963829650263 || 2012-04-09 07:52:10 |
| 6758 || 43.6171702360396 || 2017-12-12 21:27:26 |
| 6759 || -2.12954593260704 || 2011-06-17 13:17:58 |
| 6760 || 6.50255847813433 || 2010-02-26 08:16:23 |
| 6761 || 38.653499100266 || 2015-01-19 09:16:17 |
| 6762 || -24.4139072103985 || 2011-04-19 22:30:33 |
| 6763 || 62.1271971518711 || 2015-02-12 22:19:37 |
| 6764 || 7.16791871525224 || 2017-05-12 22:35:54 |
| 6765 || -0.734292068575355 || 2010-04-10 12:07:03 |
| 6766 || 52.1251599793714 || 2019-01-12 04:18:25 |
| 6767 || 54.1341090864028 || 2016-05-01 03:05:16 |
| 6768 || -10.8529696309295 || 2011-03-16 10:00:07 |
| 6769 || 15.2976698645008 || 2011-01-09 17:49:06 |
| 6770 || 0.984193129173982 || 2017-08-23 19:59:33 |
| 6771 || 29.1264083987331 || 2018-01-13 17:01:42 |
| 6772 || 56.3981857108564 || 2010-04-25 00:41:54 |
| 6773 || 56.3815213771562 || 2013-02-04 18:11:45 |
| 6774 || 11.1229569740454 || 2011-02-22 08:58:18 |
| 6775 || 0.792985170098618 || 2016-07-22 21:28:38 |
| 6776 || 36.3706822402048 || 2010-06-10 23:51:57 |
| 6777 || -18.8878206118583 || 2013-01-24 08:27:01 |
| 6778 || 26.8391997002348 || 2016-04-07 04:50:26 |
| 6779 || 7.07638295597104 || 2018-09-25 04:51:16 |
| 6780 || 0.0439465924595533 || 2012-12-07 21:27:49 |
| 6781 || 12.7354108105997 || 2012-08-03 15:44:26 |
| 6782 || 77.8696595056355 || 2015-01-05 09:14:14 |
| 6783 || -22.7516758253341 || 2018-11-16 03:07:02 |
| 6784 || 14.7728345867715 || 2015-04-02 14:39:34 |
| 6785 || 0.00728322958102554 || 2019-09-16 10:36:36 |
| 6786 || -7.46466752990399 || 2014-02-01 01:31:53 |
| 6787 || 38.4319984082644 || 2016-04-13 04:14:46 |
| 6788 || 72.5681683054535 || 2017-02-07 20:16:49 |
| 6789 || -0.381120493473803 || 2012-11-17 17:18:39 |
| 6790 || -0.0643840143874766 || 2011-11-01 04:08:31 |
| 6791 || 24.9696803265968 || 2011-09-27 00:34:45 |
| 6792 || -23.5326403902359 || 2013-12-12 15:22:20 |
| 6793 || 85.289251882343 || 2014-06-26 05:41:29 |
| 6794 || 36.891034404231 || 2019-08-09 23:06:08 |
| 6795 || -0.368406112796585 || 2018-06-25 08:50:47 |
| 6796 || 20.8728632605875 || 2013-08-05 17:57:05 |
| 6797 || 69.1731265727615 || 2017-11-22 23:05:27 |
| 6798 || 86.9595226376913 || 2010-06-15 08:09:52 |
| 6799 || 42.166021153372 || 2011-01-06 10:24:16 |
| 6800 || -0.614945194048763 || 2010-07-27 20:47:05 |
| 6801 || 13.6961769169233 || 2017-04-03 21:27:14 |
| 6802 || -9.56212005012397 || 2010-12-08 15:54:23 |
| 6803 || 50.6773730381215 || 2012-06-16 13:32:34 |
| 6804 || -15.8888279069756 || 2012-08-21 15:30:51 |
| 6805 || -1.58562415264797 || 2018-05-24 03:07:02 |
| 6806 || 9.48325585782583 || 2019-07-06 01:42:07 |
| 6807 || -13.91365761734 || 2019-09-14 15:11:58 |
| 6808 || 0.737006530778836 || 2018-09-21 19:20:23 |
| 6809 || -18.3314580153505 || 2012-01-19 14:49:25 |
| 6810 || -2.14262169536131 || 2012-09-02 06:30:15 |
| 6811 || 0.28422166974278 || 2013-09-08 22:28:29 |
| 6812 || -10.4364249695384 || 2018-02-27 06:30:07 |
| 6813 || -17.5206063682793 || 2014-08-06 18:05:18 |
| 6814 || -10.8406098629554 || 2010-12-19 19:14:18 |
| 6815 || -3.32700821639497 || 2014-12-02 08:36:41 |
| 6816 || 2.0130731726454 || 2014-09-16 03:26:24 |
| 6817 || 51.2801895077051 || 2017-09-23 23:58:33 |
| 6818 || -26.1778932807047 || 2016-06-21 09:00:24 |
| 6819 || -21.9173611783445 || 2018-08-22 12:36:39 |
| 6820 || 1.99774454912435 || 2019-04-24 18:28:31 |
| 6821 || -0.440965698954831 || 2014-04-10 07:56:45 |
| 6822 || 42.784818570261 || 2014-01-22 22:22:47 |
| 6823 || -21.4654947830893 || 2019-09-16 01:39:07 |
| 6824 || -6.31482432946317 || 2014-03-21 12:55:04 |
| 6825 || 0.0951716476723239 || 2017-02-16 14:20:18 |
| 6826 || 1.70424242912301 || 2010-05-01 07:04:52 |
| 6827 || 40.6250188564345 || 2010-08-19 06:07:57 |
| 6828 || 82.369672001444 || 2012-05-03 01:23:01 |
| 6829 || 22.6265470527164 || 2011-09-07 14:32:38 |
| 6830 || 9.33870661459972 || 2014-03-26 18:16:20 |
| 6831 || 9.99210835035791e-05 || 2012-09-27 07:05:43 |
| 6832 || 27.1351422692737 || 2010-01-23 05:14:09 |
| 6833 || -24.0316756187802 || 2018-04-22 23:41:18 |
| 6834 || 76.0455301981517 || 2013-11-19 05:58:04 |
| 6835 || 3.10764476243717 || 2017-01-22 20:59:22 |
| 6836 || -0.00101750997120384 || 2012-09-02 20:58:01 |
| 6837 || 19.2776987147966 || 2011-10-26 13:17:16 |
| 6838 || -4.67813139407775 || 2010-03-13 10:06:08 |
| 6839 || -20.68627747752 || 2011-10-26 23:58:12 |
| 6840 || 18.408341928109 || 2017-07-14 02:08:19 |
| 6841 || 0.00236743090136713 || 2019-09-04 00:07:24 |
| 6842 || -3.61499231940399 || 2018-04-17 16:02:40 |
| 6843 || -2.31078326782314 || 2018-06-20 05:16:16 |
| 6844 || -10.0365453291975 || 2017-05-01 03:52:07 |
| 6845 || -7.5502464692764 || 2015-05-06 19:30:46 |
| 6846 || 0.0204417244450235 || 2010-09-08 22:16:50 |
| 6847 || 21.596621578201 || 2011-09-05 00:39:44 |
| 6848 || 72.0567157778895 || 2010-05-05 11:29:20 |
| 6849 || 26.7430994410575 || 2016-06-02 19:56:25 |
| 6850 || 42.8427207061072 || 2011-12-05 01:48:09 |
| 6851 || 1.95097480706123 || 2014-04-04 09:00:00 |
| 6852 || 1.00108823459114 || 2017-08-27 15:35:36 |
| 6853 || 52.2695476237805 || 2014-09-15 08:46:03 |
| 6854 || -12.4980741973206 || 2012-10-04 01:06:54 |
| 6855 || 12.1643811231954 || 2019-05-22 20:24:30 |
| 6856 || 4.17179197395843 || 2011-03-05 09:59:56 |
| 6857 || 4.38064730208218 || 2010-05-14 01:51:56 |
| 6858 || 21.0113532568133 || 2015-12-18 11:47:47 |
| 6859 || 86.4370106997063 || 2015-11-15 15:03:48 |
| 6860 || 52.2796937113307 || 2017-07-15 14:24:22 |
| 6861 || 6.7834539919079 || 2014-01-21 13:57:00 |
| 6862 || 9.42492401458452 || 2014-03-17 00:49:46 |
| 6863 || 35.3042131222973 || 2011-04-05 14:15:23 |
| 6864 || 72.9150451955171 || 2015-08-22 07:53:45 |
| 6865 || 19.9749451047223 || 2010-01-20 13:04:14 |
| 6866 || -3.12071268959845 || 2010-11-27 01:30:59 |
| 6867 || 5.93134768399439 || 2013-10-09 16:52:01 |
| 6868 || 8.02048351144545 || 2018-12-13 02:33:24 |
| 6869 || 79.8665121924456 || 2010-10-07 16:23:24 |
| 6870 || 13.1489932455082 || 2011-04-10 04:50:19 |
| 6871 || -3.89835369370013 || 2018-07-11 18:51:29 |
| 6872 || -0.304581212363074 || 2011-08-08 15:33:00 |
| 6873 || 24.9121016401491 || 2019-12-04 01:15:24 |
| 6874 || 55.3546628857392 || 2011-12-07 19:13:06 |
| 6875 || 69.1176929689669 || 2015-12-01 14:25:44 |
| 6876 || 7.10537390518445 || 2012-02-18 17:52:48 |
| 6877 || -0.204592811216396 || 2011-12-27 01:33:28 |
| 6878 || 1.54368790591591 || 2011-01-14 15:59:30 |
| 6879 || 2.96053662058495 || 2011-05-04 11:59:23 |
| 6880 || 1.85666355817596 || 2010-10-06 22:59:07 |
| 6881 || -4.02344538103111 || 2015-07-01 17:11:40 |
| 6882 || -0.194749662907276 || 2019-11-20 18:19:51 |
| 6883 || -7.48119612576473 || 2014-02-21 03:13:43 |
| 6884 || 80.1551544027024 || 2019-01-14 20:18:19 |
| 6885 || 40.2087030052267 || 2016-09-13 18:48:35 |
| 6886 || 17.9516171587801 || 2016-01-25 09:35:10 |
| 6887 || 0.00862740012280367 || 2018-10-18 03:18:52 |
| 6888 || 27.5338413984587 || 2015-01-26 20:51:06 |
| 6889 || -13.6627024812841 || 2010-08-26 02:29:05 |
| 6890 || 18.364198509819 || 2015-03-22 12:27:34 |
| 6891 || 6.50388987269082 || 2012-07-03 23:43:01 |
| 6892 || 0.028052154232057 || 2011-07-24 18:32:35 |
| 6893 || 20.1875438155782 || 2015-09-06 06:32:23 |
| 6894 || -25.9265575564056 || 2019-10-15 17:11:49 |
| 6895 || 81.2053198788788 || 2010-10-24 15:17:58 |
| 6896 || -12.0398755810105 || 2010-11-22 17:38:31 |
| 6897 || -0.127524650103758 || 2017-04-14 14:05:08 |
| 6898 || 19.8208930601104 || 2016-07-23 01:58:18 |
| 6899 || 65.1907673239211 || 2015-01-18 03:36:31 |
| 6900 || -21.5106627409468 || 2015-09-24 23:39:32 |
| 6901 || 19.2510956393121 || 2013-06-06 00:25:03 |
| 6902 || 1.52802820809745 || 2017-08-20 19:22:01 |
| 6903 || 1.98148736313943 || 2013-08-14 19:17:46 |
| 6904 || -22.7041772032912 || 2012-02-20 13:57:25 |
| 6905 || 40.6611824426819 || 2018-08-21 10:03:17 |
| 6906 || 6.85316195473772 || 2019-10-04 21:27:17 |
| 6907 || 2.86942810077659 || 2010-12-22 22:46:07 |
| 6908 || 3.05387030321543 || 2018-04-05 00:48:17 |
| 6909 || -21.8508845709596 || 2011-08-24 00:09:34 |
| 6910 || 66.375023197279 || 2015-05-03 16:41:42 |
| 6911 || -17.45367662463 || 2010-08-18 07:31:28 |
| 6912 || -0.893414957208854 || 2014-11-06 19:20:29 |
| 6913 || -0.705471274227723 || 2016-03-09 20:39:53 |
| 6914 || -17.1039130687167 || 2010-08-24 13:48:17 |
| 6915 || 25.0133626231422 || 2013-02-08 11:40:50 |
| 6916 || 8.05438584133866 || 2017-01-13 18:29:14 |
| 6917 || 9.45568090351572 || 2018-11-04 20:52:26 |
| 6918 || 6.87498237382675 || 2019-02-01 06:26:53 |
| 6919 || -15.4132831504667 || 2016-07-27 15:16:58 |
| 6920 || 16.4935313253252 || 2016-07-17 21:55:25 |
| 6921 || 36.3274747785794 || 2016-09-01 16:06:23 |
| 6922 || 11.5886078852372 || 2019-07-11 17:41:18 |
| 6923 || 4.4565128623689 || 2017-11-25 14:42:28 |
| 6924 || 33.3593743960201 || 2012-11-08 20:55:29 |
| 6925 || -19.9369594100148 || 2018-03-11 12:20:19 |
| 6926 || 36.326176045169 || 2018-01-06 05:23:54 |
| 6927 || 17.0294526532398 || 2017-02-03 06:56:22 |
| 6928 || -0.695945059906947 || 2013-12-19 03:05:15 |
| 6929 || 31.9607974561337 || 2012-03-12 22:37:16 |
| 6930 || 47.2077282348254 || 2011-09-07 05:08:43 |
| 6931 || 30.8166652478019 || 2019-12-09 23:00:00 |
| 6932 || -2.71640638812402 || 2016-08-27 10:50:52 |
| 6933 || 0.530023193918226 || 2015-03-12 11:18:21 |
| 6934 || -0.973118928065274 || 2018-05-02 09:52:16 |
| 6935 || 85.1135641188916 || 2019-12-23 11:53:53 |
| 6936 || 65.0870344551124 || 2012-12-19 14:53:27 |
| 6937 || 26.1996523867899 || 2010-11-06 10:37:10 |
| 6938 || 0.0848821957549939 || 2019-07-12 19:50:42 |
| 6939 || 17.2710616628223 || 2015-02-26 00:18:58 |
| 6940 || 81.1217017737745 || 2018-10-10 23:23:10 |
| 6941 || 66.2726023178816 || 2016-01-15 03:11:02 |
| 6942 || 13.3636270330864 || 2017-03-04 09:05:12 |
| 6943 || 0.0243851301049721 || 2010-06-22 01:46:57 |
| 6944 || 27.3571045586567 || 2011-01-25 15:28:01 |
| 6945 || 10.1321195033883 || 2013-11-10 22:28:39 |
| 6946 || 69.1792115005144 || 2012-12-01 21:25:48 |
| 6947 || -11.4107521212719 || 2010-11-21 11:22:34 |
| 6948 || 0.386970243014545 || 2013-06-08 10:09:10 |
| 6949 || 22.0228399501817 || 2015-04-26 23:33:45 |
| 6950 || -19.3241602116705 || 2010-03-24 22:24:20 |
| 6951 || 73.5957869082758 || 2016-07-12 04:21:24 |
| 6952 || -11.5095843486034 || 2015-07-27 13:52:21 |
| 6953 || 1.67153932710629 || 2018-01-06 21:25:01 |
| 6954 || -5.61694033928523 || 2019-04-03 17:30:43 |
| 6955 || 15.0036041871754 || 2015-04-10 05:58:51 |
| 6956 || -26.6207547482192 || 2014-07-11 15:09:53 |
| 6957 || 32.3481387441059 || 2010-11-05 03:05:20 |
| 6958 || -1.09097858254331 || 2015-08-26 04:38:18 |
| 6959 || -4.17057453110484 || 2017-06-21 11:43:38 |
| 6960 || -6.79074099614553 || 2013-03-20 02:04:52 |
| 6961 || 50.1223931018066 || 2014-03-18 07:06:27 |
| 6962 || 28.1981581014054 || 2016-01-27 16:48:35 |
| 6963 || 1.90689269858985 || 2017-04-10 19:33:33 |
| 6964 || -3.6127686542294 || 2013-10-12 21:37:31 |
| 6965 || -17.4906270500249 || 2013-04-11 22:38:03 |
| 6966 || -29.4790049328685 || 2011-12-27 00:04:05 |
| 6967 || 52.0225206167076 || 2015-02-25 23:27:55 |
| 6968 || 0.530912422677512 || 2018-08-13 19:17:15 |
| 6969 || -2.06488693746008 || 2015-06-08 12:19:02 |
| 6970 || 14.4210583943524 || 2019-05-08 03:25:26 |
| 6971 || -25.6281773291223 || 2017-04-05 21:24:58 |
| 6972 || 53.3874595800068 || 2017-02-19 00:57:33 |
| 6973 || -3.81837140895086 || 2018-01-23 11:11:39 |
| 6974 || 2.07380248487067 || 2013-11-01 00:17:22 |
| 6975 || 37.1373527723041 || 2010-09-11 04:30:56 |
| 6976 || 11.689162867991 || 2017-09-16 01:47:41 |
| 6977 || 47.3241190342512 || 2019-11-06 02:07:25 |
| 6978 || 4.838070851785 || 2016-07-01 06:55:40 |
| 6979 || 1.67470517325519 || 2014-06-22 11:27:11 |
| 6980 || -8.54027505251698 || 2013-12-16 01:33:30 |
| 6981 || -20.6771096180436 || 2014-11-07 06:25:33 |
| 6982 || 50.3358601659417 || 2014-07-15 01:23:13 |
| 6983 || 18.7004797815319 || 2019-05-06 02:02:00 |
| 6984 || -0.00122302999178575 || 2016-11-21 00:25:34 |
| 6985 || -0.170628427704998 || 2012-10-25 23:03:31 |
| 6986 || -4.85327021884031 || 2011-12-26 17:07:57 |
| 6987 || -12.0218163267373 || 2013-04-21 20:04:28 |
| 6988 || -2.94280314719667 || 2017-08-25 22:42:41 |
| 6989 || -0.0696823418311966 || 2012-12-05 08:15:20 |
| 6990 || -11.5156585734931 || 2019-05-10 00:13:03 |
| 6991 || 36.2868942254635 || 2013-06-09 03:29:43 |
| 6992 || -26.5930914316271 || 2015-04-12 02:44:12 |
| 6993 || 0.323392735462249 || 2018-10-08 15:53:20 |
| 6994 || 0.00073854032947379 || 2017-08-20 22:19:01 |
| 6995 || 27.3092089469594 || 2018-11-17 16:39:42 |
| 6996 || -7.49362987162213 || 2011-10-03 08:30:36 |
| 6997 || 82.2364909243529 || 2012-07-14 10:40:13 |
| 6998 || -11.8246180625504 || 2015-05-17 11:41:01 |
| 6999 || 0.0234042828960535 || 2019-01-08 17:38:09 |
| 7000 || 2.25094143194935 || 2019-03-07 03:35:52 |
| 7001 || 76.0721916682253 || 2016-04-20 19:58:30 |
| 7002 || -18.6841823379041 || 2019-07-19 14:58:20 |
| 7003 || 40.9324933861759 || 2014-09-23 06:52:22 |
| 7004 || -0.473617719593451 || 2012-11-05 06:50:47 |
| 7005 || 18.9763660764306 || 2013-04-06 04:05:26 |
| 7006 || -6.57626172933489 || 2017-12-01 05:19:32 |
| 7007 || -8.17616406343734 || 2012-07-27 15:13:00 |
| 7008 || 12.7581457546163 || 2013-04-11 06:10:06 |
| 7009 || 0.689441575128281 || 2018-03-04 16:54:29 |
| 7010 || -5.16019242083228 || 2010-11-05 19:54:54 |
| 7011 || 10.5197554045855 || 2016-12-20 17:33:53 |
| 7012 || -28.9924084424405 || 2018-12-15 21:52:22 |
| 7013 || -14.6756290458839 || 2019-06-09 12:54:00 |
| 7014 || -0.647115862284632 || 2010-10-06 11:39:17 |
| 7015 || 0.75312960099851 || 2017-09-06 14:16:47 |
| 7016 || 16.9888967532532 || 2016-02-11 14:01:18 |
| 7017 || 36.1108682128677 || 2011-10-15 07:10:32 |
| 7018 || 12.6637568993518 || 2019-02-13 05:52:05 |
| 7019 || -0.102860338660384 || 2011-08-19 00:25:38 |
| 7020 || -2.22885267140578 || 2010-11-01 05:11:08 |
| 7021 || 39.9868935424047 || 2011-05-08 19:41:31 |
| 7022 || 89.6845474057607 || 2013-01-09 03:49:42 |
| 7023 || -18.4911702884091 || 2014-02-24 13:02:11 |
| 7024 || 3.17592930777147 || 2014-05-16 06:34:01 |
| 7025 || 1.29144311346342 || 2013-06-22 00:24:00 |
| 7026 || -1.62860798594773 || 2013-07-07 04:31:44 |
| 7027 || -29.7233419075483 || 2015-05-02 09:53:02 |
| 7028 || 58.8840557552042 || 2011-10-10 21:38:38 |
| 7029 || 3.06380277385319 || 2018-03-19 12:56:55 |
| 7030 || -0.80092671272544 || 2019-07-18 08:53:01 |
| 7031 || 46.5640837607272 || 2017-05-03 07:57:08 |
| 7032 || -21.101619618112 || 2017-02-02 03:55:24 |
| 7033 || -23.9475770463567 || 2010-08-06 21:46:56 |
| 7034 || 4.18195734785068 || 2016-03-04 07:17:39 |
| 7035 || 0.105038015059522 || 2014-06-05 02:56:23 |
| 7036 || -3.72872367553157 || 2016-08-14 22:38:58 |
| 7037 || 86.0507542611334 || 2012-03-15 17:29:05 |
| 7038 || 71.7259033737026 || 2011-05-22 08:58:47 |
| 7039 || 8.24213482141387 || 2011-02-25 05:03:18 |
| 7040 || 0.373106317802067 || 2015-09-27 20:09:54 |
| 7041 || -10.4445404216834 || 2019-01-10 04:48:20 |
| 7042 || 81.1378723069934 || 2011-08-03 10:53:21 |
| 7043 || 78.9831204510965 || 2010-01-05 23:38:57 |
| 7044 || 28.2127766938915 || 2019-08-27 18:41:27 |
| 7045 || 0.00231289629082014 || 2011-12-14 20:48:25 |
| 7046 || 17.0849454258162 || 2018-01-22 09:33:29 |
| 7047 || -18.1962783862457 || 2017-05-01 05:18:30 |
| 7048 || 54.5342614594841 || 2017-10-21 23:03:23 |
| 7049 || 0.434099184888108 || 2015-02-17 08:48:46 |
| 7050 || 0.076247792947703 || 2012-12-21 00:52:16 |
| 7051 || 16.0752427896906 || 2012-12-24 21:12:42 |
| 7052 || -20.4096731020551 || 2015-05-01 21:24:40 |
| 7053 || 36.1387705400695 || 2018-01-11 15:12:00 |
| 7054 || 37.3368059167229 || 2010-07-27 02:40:00 |
| 7055 || 1.07569611906723 || 2012-03-13 23:02:20 |
| 7056 || 20.5581302626926 || 2015-05-25 10:19:20 |
| 7057 || 68.5480134596066 || 2016-01-11 02:51:28 |
| 7058 || 73.7308758733408 || 2011-02-26 20:43:56 |
| 7059 || -10.098396725175 || 2016-06-17 15:31:24 |
| 7060 || 0.278105147714864 || 2016-03-11 09:39:40 |
| 7061 || -5.13916887610912 || 2014-01-19 01:58:26 |
| 7062 || 25.243836991758 || 2018-11-13 22:48:03 |
| 7063 || -5.37301904468307 || 2012-06-21 15:29:26 |
| 7064 || -7.71576975189139 || 2015-08-23 23:48:26 |
| 7065 || -1.21391252527507 || 2018-07-04 11:47:37 |
| 7066 || 2.64438425878458 || 2018-07-22 11:00:39 |
| 7067 || 25.5848151796088 || 2016-02-02 06:28:04 |
| 7068 || 85.845055998647 || 2017-12-06 08:53:19 |
| 7069 || 25.3786885259116 || 2012-05-04 02:23:17 |
| 7070 || 1.0478129938451 || 2014-08-05 01:30:22 |
| 7071 || -1.47087549950952 || 2012-02-22 23:44:44 |
| 7072 || -15.341578210218 || 2015-12-09 21:26:07 |
| 7073 || 86.9430288666227 || 2013-02-19 04:52:44 |
| 7074 || 54.8692271018285 || 2016-09-12 18:29:24 |
| 7075 || 10.9251823704228 || 2016-03-06 07:20:01 |
| 7076 || -1.7536548382518 || 2018-03-19 15:05:57 |
| 7077 || -2.46731869274804 || 2014-10-09 23:18:19 |
| 7078 || 88.3894211706495 || 2016-05-23 02:20:41 |
| 7079 || 30.7874350191478 || 2012-02-25 23:25:57 |
| 7080 || 11.4623932069292 || 2016-11-19 06:28:37 |
| 7081 || 3.11656256368734 || 2014-08-12 01:10:25 |
| 7082 || 7.81805275482722 || 2014-09-23 10:07:11 |
| 7083 || 84.0424954368853 || 2019-10-27 12:20:09 |
| 7084 || -4.63791270606562 || 2017-06-14 03:48:12 |
| 7085 || 5.0690296851044 || 2011-07-27 18:49:03 |
| 7086 || 0.718818638189304 || 2017-02-03 18:23:07 |
| 7087 || 37.331060458551 || 2013-06-18 21:27:59 |
| 7088 || 25.9160105832899 || 2011-03-11 20:02:58 |
| 7089 || 12.3765987480921 || 2016-09-25 10:06:11 |
| 7090 || 2.25709628671583 || 2018-06-02 05:33:33 |
| 7091 || -0.182558046947586 || 2013-09-22 22:18:49 |
| 7092 || -7.33492351212965 || 2018-04-17 01:29:21 |
| 7093 || -26.7446619373793 || 2013-08-13 11:42:19 |
| 7094 || 75.2686552822304 || 2013-07-11 01:26:01 |
| 7095 || -2.45552137391894 || 2010-04-08 15:31:13 |
| 7096 || 0.00181524599274703 || 2019-11-18 13:29:00 |
| 7097 || 31.4345247875465 || 2019-12-20 09:32:18 |
| 7098 || 39.6462486796298 || 2011-02-24 06:46:05 |
| 7099 || -25.9123263556934 || 2012-07-20 19:50:03 |
| 7100 || -8.22347607826356 || 2014-07-19 21:33:24 |
| 7101 || -0.0433081396288978 || 2010-07-10 04:07:54 |
| 7102 || 21.768191454537 || 2018-08-05 09:10:04 |
| 7103 || 13.8350636237425 || 2010-01-15 17:32:08 |
| 7104 || 84.6255930284521 || 2015-01-10 18:29:54 |
| 7105 || 11.9684152149123 || 2014-01-16 14:58:39 |
| 7106 || -0.193928837541357 || 2010-04-21 03:06:00 |
| 7107 || -4.05083949996557 || 2013-04-19 07:20:46 |
| 7108 || -6.71535935819169 || 2010-03-16 04:04:10 |
| 7109 || 19.9046817141126 || 2016-11-20 13:22:50 |
| 7110 || 38.2838415519142 || 2012-04-24 09:56:45 |
| 7111 || -0.575410893629557 || 2013-09-10 18:25:45 |
| 7112 || 15.2306845670553 || 2012-02-15 16:00:53 |
| 7113 || 64.8390276839442 || 2010-07-20 02:52:45 |
| 7114 || 88.7019149172535 || 2011-05-10 09:28:26 |
| 7115 || 12.8952125142272 || 2018-08-26 21:49:46 |
| 7116 || 1.73992809367753 || 2019-10-17 18:39:32 |
| 7117 || 6.33006988277072 || 2015-11-01 16:50:09 |
| 7118 || 14.4017424106948 || 2012-05-09 18:04:55 |
| 7119 || 0.386732639950903 || 2014-11-04 16:57:18 |
| 7120 || 25.4991817923412 || 2015-06-26 03:57:40 |
| 7121 || 6.1321027407787 || 2011-06-18 17:17:54 |
| 7122 || 6.83234522583982 || 2012-06-11 22:42:06 |
| 7123 || -1.49157053797186 || 2019-04-11 18:10:09 |
| 7124 || -27.2594377643569 || 2010-11-21 22:56:36 |
| 7125 || 55.1400518450855 || 2019-12-04 00:24:29 |
| 7126 || -3.43044531092682 || 2018-12-18 19:42:00 |
| 7127 || 1.45367543387589 || 2016-03-12 05:49:43 |
| 7128 || 28.8662371279615 || 2016-01-03 11:53:32 |
| 7129 || 48.0986113120724 || 2018-07-12 15:55:41 |
| 7130 || 26.5370440152432 || 2011-10-03 05:43:30 |
| 7131 || -3.61948802663518 || 2015-11-25 14:44:18 |
| 7132 || 0.161619724601806 || 2015-06-15 06:25:24 |
| 7133 || 48.0908807495801 || 2011-08-07 19:55:59 |
| 7134 || -27.5868658458528 || 2015-06-12 09:31:45 |
| 7135 || 61.7480798478243 || 2010-08-01 19:43:33 |
| 7136 || -5.53937642328474 || 2012-11-21 11:01:43 |
| 7137 || -0.417929634391351 || 2017-02-08 22:22:31 |
| 7138 || -1.28518364658527 || 2013-06-27 07:54:40 |
| 7139 || 10.6540546510309 || 2017-12-13 02:52:05 |
| 7140 || -23.2744709954426 || 2015-07-25 02:41:58 |
| 7141 || -4.12395477979925 || 2013-01-21 00:18:20 |
| 7142 || 0.566571469452911 || 2010-02-24 15:54:55 |
| 7143 || 30.2370076307337 || 2012-01-08 23:59:52 |
| 7144 || -10.8607130320336 || 2016-12-11 21:08:45 |
| 7145 || -22.2333433084948 || 2011-01-07 02:19:36 |
| 7146 || -7.36017375772857 || 2014-10-04 22:41:18 |
| 7147 || 0.00732703656726701 || 2017-07-07 01:29:55 |
| 7148 || -1.94503491255379 || 2014-10-25 10:35:18 |
| 7149 || 39.6784516629655 || 2013-06-16 05:02:19 |
| 7150 || -1.52779568417029 || 2014-05-11 09:36:08 |
| 7151 || 3.35355028920644 || 2011-11-05 10:02:13 |
| 7152 || 0.0608192490901553 || 2015-06-08 15:24:07 |
| 7153 || 25.2494974135765 || 2017-08-20 16:05:29 |
| 7154 || 0.853241283578637 || 2015-04-16 00:10:19 |
| 7155 || 11.3661083046618 || 2015-09-24 04:46:08 |
| 7156 || -8.99304008120739 || 2017-10-18 13:25:17 |
| 7157 || -0.0212585909681339 || 2012-03-24 19:07:13 |
| 7158 || 11.3496084240777 || 2019-11-19 06:31:29 |
| 7159 || -14.715593269092 || 2017-12-22 19:12:29 |
| 7160 || 79.7727346567936 || 2014-02-01 05:53:35 |
| 7161 || 21.8340443398413 || 2011-04-16 19:17:18 |
| 7162 || 1.63715169317805 || 2010-12-02 02:53:17 |
| 7163 || -1.42421917900707 || 2011-03-03 10:12:14 |
| 7164 || -23.309035529838 || 2016-04-02 23:44:25 |
| 7165 || 85.8308722848405 || 2016-08-13 04:27:34 |
| 7166 || -1.55975891972982 || 2013-09-08 23:50:07 |
| 7167 || -0.733996907437303 || 2013-09-22 04:25:47 |
| 7168 || 0.485819982463887 || 2014-08-06 22:14:49 |
| 7169 || -19.33829927849 || 2012-12-21 03:11:02 |
| 7170 || 26.4463481853546 || 2010-01-19 08:44:34 |
| 7171 || 40.8623545664357 || 2019-01-06 03:51:49 |
| 7172 || 2.4741950325957 || 2012-05-05 15:32:29 |
| 7173 || 4.43412043772216 || 2010-10-08 14:25:05 |
| 7174 || 36.8324450148916 || 2011-09-11 06:33:10 |
| 7175 || 21.9569005805093 || 2010-07-06 17:24:43 |
| 7176 || 45.5830257980074 || 2013-07-27 10:09:13 |
| 7177 || 8.77665720537152 || 2010-04-27 18:14:52 |
| 7178 || 5.70404006696885 || 2011-04-22 03:24:17 |
| 7179 || -18.0926653587567 || 2017-10-21 02:21:49 |
| 7180 || 22.3187640514123 || 2019-08-09 09:35:21 |
| 7181 || 63.0229351620812 || 2019-10-17 18:26:25 |
| 7182 || 11.5968943069924 || 2013-05-13 17:23:06 |
| 7183 || -1.44446225577062 || 2017-05-03 20:28:05 |
| 7184 || -11.531715996791 || 2012-10-26 18:35:35 |
| 7185 || -16.2455909908324 || 2012-11-26 22:28:45 |
| 7186 || 11.8356877121918 || 2017-05-14 04:44:27 |
| 7187 || -0.16389554587573 || 2011-08-11 04:43:45 |
| 7188 || 0.477472927834233 || 2018-03-17 06:25:31 |
| 7189 || -9.08482397504991 || 2018-03-14 06:07:41 |
| 7190 || 41.9844527813961 || 2012-03-03 09:50:13 |
| 7191 || 73.2465360753376 || 2019-01-22 09:37:12 |
| 7192 || -2.97723033361137 || 2015-10-27 20:00:37 |
| 7193 || 0.60418198080241 || 2018-01-04 22:25:03 |
| 7194 || 35.5744469567717 || 2012-01-26 11:45:16 |
| 7195 || 24.110594875509 || 2010-07-11 04:33:16 |
| 7196 || 66.5946179895748 || 2010-07-12 17:55:24 |
| 7197 || 5.98460388596433 || 2019-02-09 02:55:33 |
| 7198 || -0.0210436572722666 || 2014-06-23 23:51:52 |
| 7199 || 31.6049717590449 || 2016-10-13 04:42:07 |
| 7200 || 49.218190892632 || 2019-08-16 22:50:18 |
| 7201 || 11.8840750705079 || 2010-06-07 19:00:04 |
| 7202 || 0.109723418110946 || 2011-10-01 07:03:57 |
| 7203 || 0.0118505812917031 || 2015-05-16 17:40:58 |
| 7204 || -8.94146416507795 || 2013-05-08 17:04:13 |
| 7205 || 78.248203265421 || 2012-06-13 10:40:05 |
| 7206 || -27.978636290222 || 2018-04-24 20:57:38 |
| 7207 || 22.299874947585 || 2018-06-10 15:09:13 |
| 7208 || -0.103987985458803 || 2015-03-20 18:06:56 |
| 7209 || 5.44979137136861 || 2014-08-26 01:43:34 |
| 7210 || -24.4403152563434 || 2017-03-11 03:18:43 |
| 7211 || 27.0313512560125 || 2018-12-01 01:41:05 |
| 7212 || 0.756048017671123 || 2019-09-27 14:44:25 |
| 7213 || -0.246972898106956 || 2012-03-24 03:51:23 |
| 7214 || -3.43899880863169 || 2011-09-23 05:10:35 |
| 7215 || -17.3174496598083 || 2017-04-07 06:46:06 |
| 7216 || 78.2322602549074 || 2017-10-20 02:24:50 |
| 7217 || 41.0960601582458 || 2018-12-11 23:16:43 |
| 7218 || -1.19190024419717 || 2012-04-13 23:54:44 |
| 7219 || 13.8634045481322 || 2013-06-07 14:07:02 |
| 7220 || 63.4272896929979 || 2011-07-15 14:29:40 |
| 7221 || -14.8487918258416 || 2014-04-22 13:06:40 |
| 7222 || 52.0485647707364 || 2016-05-16 22:23:34 |
| 7223 || 0.735535905341135 || 2017-01-01 16:17:44 |
| 7224 || 10.7453713774424 || 2016-01-23 19:16:21 |
| 7225 || 60.5813885945499 || 2014-11-10 18:32:36 |
| 7226 || -14.9472702189654 || 2018-12-24 20:17:55 |
| 7227 || 41.8136400154748 || 2016-05-12 23:03:00 |
| 7228 || 4.41168726733272 || 2018-12-22 09:35:32 |
| 7229 || -2.20564888911753 || 2018-08-24 06:18:44 |
| 7230 || 42.7085626816626 || 2015-08-10 05:52:29 |
| 7231 || 33.6641315364095 || 2012-02-06 05:43:35 |
| 7232 || 63.5661873972846 || 2012-09-26 05:16:26 |
| 7233 || -2.06246238958853 || 2010-12-25 02:11:54 |
| 7234 || 4.38507335650231 || 2017-08-09 23:24:00 |
| 7235 || -2.94606472249932 || 2016-04-05 13:39:08 |
| 7236 || 85.3339134783836 || 2014-08-03 08:46:44 |
| 7237 || -21.945577096988 || 2014-10-24 23:35:13 |
| 7238 || -1.77704061925403 || 2012-04-17 16:55:48 |
| 7239 || -0.733475508608265 || 2019-09-10 02:18:59 |
| 7240 || 11.534544673536 || 2010-04-02 14:44:24 |
| 7241 || -12.8995200890741 || 2010-06-18 06:56:52 |
| 7242 || -23.6277518160584 || 2010-05-16 02:02:49 |
| 7243 || -0.812337629256561 || 2010-06-23 16:49:30 |
| 7244 || -0.106608005826663 || 2014-10-15 00:26:51 |
| 7245 || 1.84928326491117 || 2019-01-09 19:32:40 |
| 7246 || 3.32227924631599 || 2010-11-15 07:08:30 |
| 7247 || -25.6539229808887 || 2010-01-14 06:21:00 |
| 7248 || -8.55374552845782 || 2015-03-17 07:49:26 |
| 7249 || 0.0352737386765268 || 2011-11-09 17:03:47 |
| 7250 || 32.0041498039832 || 2018-01-21 08:24:00 |
| 7251 || 48.6614943426298 || 2015-12-25 11:54:19 |
| 7252 || 76.8133328607114 || 2014-02-11 18:06:39 |
| 7253 || 0.725615851584385 || 2019-10-19 19:42:04 |
| 7254 || 0.00478007634428319 || 2016-07-07 22:37:03 |
| 7255 || -9.45946533080811 || 2010-07-16 11:06:57 |
| 7256 || 42.3385552503234 || 2019-08-07 21:25:17 |
| 7257 || 82.1998746602067 || 2014-12-19 20:29:19 |
| 7258 || 17.9582257480078 || 2016-09-05 09:58:23 |
| 7259 || 0.353041954730088 || 2013-11-09 10:15:00 |
| 7260 || -6.81189561713216 || 2012-02-01 21:21:45 |
| 7261 || 72.7872291053843 || 2014-07-21 00:12:53 |
| 7262 || 76.9200693707048 || 2016-08-26 15:08:35 |
| 7263 || 36.3907445239697 || 2012-11-03 18:31:59 |
| 7264 || -0.234354245643254 || 2017-10-21 20:45:05 |
| 7265 || 17.3425744795405 || 2015-07-11 14:11:50 |
| 7266 || 5.47566168221463 || 2018-10-06 18:11:12 |
| 7267 || 33.9043671860362 || 2011-10-06 21:17:42 |
| 7268 || -8.31959674656807 || 2016-06-02 09:21:02 |
| 7269 || -1.06709353126093 || 2017-01-09 22:15:19 |
| 7270 || 3.3866914050378 || 2014-10-14 14:14:22 |
| 7271 || -6.90229077684682 || 2012-05-25 06:02:37 |
| 7272 || 87.0117693193725 || 2012-11-21 10:08:56 |
| 7273 || 39.6312349536266 || 2014-05-19 10:51:40 |
| 7274 || 0.0991797563917429 || 2015-08-23 16:03:17 |
| 7275 || 9.52916378414809 || 2017-04-23 01:51:33 |
| 7276 || 0.954433418161807 || 2012-07-02 02:52:39 |
| 7277 || 1.58151707825406 || 2019-10-12 09:33:15 |
| 7278 || 19.9083546155368 || 2019-12-08 14:53:59 |
| 7279 || 5.93020945193909 || 2012-08-26 10:59:27 |
| 7280 || -1.7573653766818 || 2014-04-04 15:34:00 |
| 7281 || 56.7151521621678 || 2012-06-23 10:53:27 |
| 7282 || -22.9821020826921 || 2019-01-23 19:44:42 |
| 7283 || 51.8496257030952 || 2016-06-08 04:05:04 |
| 7284 || 6.40520508331862 || 2011-10-21 12:01:36 |
| 7285 || 2.40751801509941 || 2014-06-25 05:41:49 |
| 7286 || -17.1358476818684 || 2016-06-21 20:43:13 |
| 7287 || 87.050877705571 || 2010-09-02 05:23:46 |
| 7288 || 1.86618102457751 || 2019-02-05 18:34:41 |
| 7289 || -3.05212203206993 || 2011-07-25 00:16:26 |
| 7290 || -0.763099982373995 || 2019-11-08 11:10:56 |
| 7291 || 20.4457815353412 || 2013-05-15 00:29:39 |
| 7292 || -28.8943744147556 || 2010-04-04 18:14:01 |
| 7293 || 61.2754344550321 || 2010-04-19 12:57:39 |
| 7294 || -6.58401992345544 || 2017-10-09 21:50:52 |
| 7295 || 0.863364089786873 || 2010-12-19 07:48:02 |
| 7296 || 21.6722645675491 || 2010-01-12 00:49:10 |
| 7297 || 49.5373044694162 || 2013-06-19 09:28:29 |
| 7298 || -24.6129620120615 || 2015-09-09 08:58:25 |
| 7299 || 14.0700659323553 || 2019-01-18 15:55:42 |
| 7300 || 0.103219093848777 || 2018-12-06 01:49:31 |
| 7301 || -10.7259480727955 || 2018-07-17 15:21:55 |
| 7302 || 21.3985971708387 || 2019-11-04 00:32:31 |
| 7303 || 77.0655818051328 || 2015-12-19 10:34:08 |
| 7304 || -7.75863748921172 || 2017-07-02 20:47:51 |
| 7305 || 0.000806652439738384 || 2010-09-09 21:47:51 |
| 7306 || 26.3987708546834 || 2011-04-18 15:03:40 |
| 7307 || -25.9298857135282 || 2010-11-02 23:25:21 |
| 7308 || -12.3786481850048 || 2012-11-12 00:44:08 |
| 7309 || 19.7380482532659 || 2015-03-05 05:14:09 |
| 7310 || 0.281771433455063 || 2010-03-26 01:16:29 |
| 7311 || 16.1241679430506 || 2013-01-06 01:42:48 |
| 7312 || 73.1388524170546 || 2016-05-21 09:34:28 |
| 7313 || 54.7247193087113 || 2015-11-08 05:17:29 |
| 7314 || 16.7629233253804 || 2010-04-03 14:54:03 |
| 7315 || 1.08335551595466 || 2018-02-20 06:39:07 |
| 7316 || -5.89802449515324 || 2011-05-27 14:08:45 |
| 7317 || 60.7135674524671 || 2018-01-19 15:59:49 |
| 7318 || 51.7207328197273 || 2015-03-07 21:04:29 |
| 7319 || -0.790443141801544 || 2015-08-27 07:14:54 |
| 7320 || -0.0102461062399047 || 2012-03-26 10:18:34 |
| 7321 || 15.6824259971585 || 2016-08-05 08:35:17 |
| 7322 || 33.7237887715439 || 2011-11-14 00:37:02 |
| 7323 || 88.6052630569563 || 2015-03-25 23:35:27 |
| 7324 || -4.47311946414504 || 2011-08-19 20:50:58 |
| 7325 || 4.93470092395505 || 2010-02-21 12:18:16 |
| 7326 || -3.7710395702124 || 2017-02-26 03:15:35 |
| 7327 || 10.9300014970364 || 2019-10-12 16:17:41 |
| 7328 || 51.7613598056428 || 2019-06-09 04:16:32 |
| 7329 || -7.69951470232957 || 2016-02-20 19:57:17 |
| 7330 || 6.16475377928842 || 2011-04-27 23:52:52 |
| 7331 || 1.99279796525057 || 2018-05-27 10:33:37 |
| 7332 || -15.242952253314 || 2017-12-17 02:20:46 |
| 7333 || 31.9017646686469 || 2012-11-22 11:52:47 |
| 7334 || 4.36132841279677 || 2018-06-16 05:44:00 |
| 7335 || 10.0874685660856 || 2012-10-20 03:00:19 |
| 7336 || 4.81145839258179 || 2016-11-21 08:08:42 |
| 7337 || 52.7976083327348 || 2010-01-01 21:58:10 |
| 7338 || 19.9019356940109 || 2013-08-12 08:58:25 |
| 7339 || 20.6662205082673 || 2015-03-24 18:15:45 |
| 7340 || 10.2099057571084 || 2014-09-11 13:14:15 |
| 7341 || -0.145068127229864 || 2014-01-25 09:22:25 |
| 7342 || -13.2438278363424 || 2017-04-22 23:42:45 |
| 7343 || 60.7098701319477 || 2014-04-21 19:46:22 |
| 7344 || 56.6482501363885 || 2010-07-16 22:36:00 |
| 7345 || 18.732214200285 || 2015-07-02 04:35:22 |
| 7346 || 1.63876007456849 || 2012-07-08 22:34:59 |
| 7347 || 22.0652315839729 || 2019-06-17 04:05:19 |
| 7348 || -27.367436660889 || 2017-05-08 20:33:57 |
| 7349 || 31.1777492167557 || 2012-10-27 23:26:57 |
| 7350 || 8.84326263434063 || 2015-04-13 00:04:46 |
| 7351 || 0.101949655549773 || 2011-06-19 11:13:33 |
| 7352 || -4.99700161061822 || 2012-06-14 16:53:51 |
| 7353 || -25.9863166744801 || 2017-06-17 07:35:35 |
| 7354 || -3.22808865540813 || 2010-01-06 04:22:03 |
| 7355 || -8.8080152775674 || 2012-11-11 01:01:48 |
| 7356 || 0.0065197725584444 || 2018-11-18 09:25:47 |
| 7357 || 1.63982965815873 || 2019-05-14 05:04:49 |
| 7358 || -8.2146346516044 || 2012-03-03 00:28:19 |
| 7359 || 79.1528172982513 || 2018-11-10 17:28:34 |
| 7360 || 6.77926073431681 || 2015-04-04 14:18:15 |
| 7361 || 0.125778565480302 || 2013-06-16 02:29:43 |
| 7362 || 17.0720948170375 || 2015-04-04 17:18:22 |
| 7363 || 72.9451226762362 || 2015-02-19 17:21:09 |
| 7364 || -9.40309677195771 || 2010-09-09 14:43:15 |
| 7365 || 30.3522063066394 || 2012-09-07 14:51:00 |
| 7366 || 0.446164493135219 || 2013-12-16 15:40:22 |
| 7367 || 7.22315339365057 || 2011-09-03 07:37:22 |
| 7368 || 0.761721958704065 || 2010-12-23 07:25:28 |
| 7369 || 15.3547049300136 || 2018-05-25 12:26:26 |
| 7370 || 28.7018722089147 || 2010-08-08 02:27:50 |
| 7371 || 1.38124464418102 || 2019-03-04 06:10:43 |
| 7372 || 10.6525082546379 || 2013-05-09 13:29:55 |
| 7373 || 24.2073029103182 || 2013-05-04 11:22:53 |
| 7374 || -29.6240725827344 || 2018-08-26 01:39:56 |
| 7375 || -7.46972140665338 || 2018-11-24 15:32:38 |
| 7376 || -0.791439743196372 || 2010-10-21 02:06:39 |
| 7377 || 5.15218070618284 || 2015-12-11 22:14:48 |
| 7378 || 38.3424569798776 || 2013-08-02 17:46:36 |
| 7379 || 79.7591665006423 || 2019-10-03 23:54:26 |
| 7380 || -17.7266886724792 || 2012-04-13 03:07:22 |
| 7381 || 2.37600704113015 || 2019-05-10 06:31:38 |
| 7382 || -1.7729632803808 || 2017-03-23 17:11:55 |
| 7383 || 55.8379298925191 || 2018-08-22 18:19:02 |
| 7384 || -10.4037298763091 || 2016-02-24 09:04:54 |
| 7385 || 60.0279693843099 || 2017-10-22 05:01:00 |
| 7386 || 8.9424519412815 || 2012-04-23 19:35:18 |
| 7387 || -1.96064019112768 || 2019-02-20 09:58:40 |
| 7388 || 50.9256269497832 || 2019-07-15 10:07:37 |
| 7389 || -26.0279041087737 || 2018-09-27 20:02:25 |
| 7390 || -21.6615899398744 || 2018-03-27 20:19:39 |
| 7391 || 3.46529647086512 || 2012-05-03 10:27:10 |
| 7392 || 0.109554888991805 || 2011-05-26 04:41:25 |
| 7393 || -5.46338605478975 || 2017-09-14 04:14:28 |
| 7394 || 51.095403839457 || 2018-02-07 22:13:17 |
| 7395 || -11.2389406450048 || 2018-06-12 01:37:00 |
| 7396 || 17.2379037272237 || 2017-02-20 17:52:47 |
| 7397 || 0.0264585909281292 || 2014-08-12 10:47:00 |
| 7398 || 21.0409268249968 || 2011-08-21 21:23:45 |
| 7399 || 58.8176732053601 || 2018-04-25 02:49:05 |
| 7400 || 39.3519833879134 || 2017-08-13 00:30:28 |
| 7401 || 11.9408540966568 || 2017-01-20 11:43:41 |
| 7402 || 0.166855657095701 || 2015-05-08 04:26:38 |
| 7403 || -12.2321302920076 || 2011-04-21 20:41:28 |
| 7404 || -28.1124436120529 || 2012-02-13 18:43:11 |
| 7405 || 8.45245240305645 || 2018-07-04 06:50:18 |
| 7406 || 3.37435342512701 || 2018-02-20 05:14:49 |
| 7407 || 0.0602020219237885 || 2010-05-08 02:58:16 |
| 7408 || -2.20675185780025 || 2010-03-19 00:27:53 |
| 7409 || 14.846409847965 || 2010-03-08 21:17:30 |
| 7410 || 79.8878913944751 || 2017-08-15 21:22:23 |
| 7411 || 22.3793249129751 || 2016-03-03 18:01:27 |
| 7412 || -0.0358214177798154 || 2012-09-04 21:59:33 |
| 7413 || 1.43819372268719 || 2017-12-23 17:05:46 |
| 7414 || 74.0027480995094 || 2018-11-22 13:25:02 |
| 7415 || -9.70367445504032 || 2019-10-23 07:21:24 |
| 7416 || -6.87918450587125 || 2019-10-06 05:46:54 |
| 7417 || 0.786661740238196 || 2019-10-24 23:54:18 |
| 7418 || -0.825050546278845 || 2018-10-27 18:41:02 |
| 7419 || 26.6503143434575 || 2011-06-21 09:07:20 |
| 7420 || -1.88694159448895 || 2011-02-13 01:36:36 |
| 7421 || 27.4595837454808 || 2017-01-16 08:54:29 |
| 7422 || -0.506967995276685 || 2016-03-20 07:17:49 |
| 7423 || 4.44953323356546 || 2015-04-13 19:50:28 |
| 7424 || -23.2078175539701 || 2015-03-06 13:13:07 |
| 7425 || 21.9945913079489 || 2012-03-21 15:36:20 |
| 7426 || 17.4092150348212 || 2015-04-26 21:47:31 |
| 7427 || 1.49388858152356 || 2016-08-15 18:13:43 |
| 7428 || 1.86794558735193 || 2014-12-18 23:53:53 |
| 7429 || 31.1333945794867 || 2018-07-11 19:28:16 |
| 7430 || -17.0252036781451 || 2019-04-14 08:40:56 |
| 7431 || 54.5743502897309 || 2013-03-03 14:41:21 |
| 7432 || -1.62514887596242 || 2010-10-08 17:20:42 |
| 7433 || 9.95457981866829 || 2010-10-02 14:54:48 |
| 7434 || -0.713837927332583 || 2012-06-03 06:29:49 |
| 7435 || 80.6253209076905 || 2018-10-02 17:18:56 |
| 7436 || 30.3798876961661 || 2011-07-25 08:46:25 |
| 7437 || -2.9446033174327 || 2019-11-13 08:22:45 |
| 7438 || 0.913923456709031 || 2018-09-01 01:30:14 |
| 7439 || -18.2730149379084 || 2016-01-16 14:25:21 |
| 7440 || 67.0281401016484 || 2015-07-06 12:30:52 |
| 7441 || 63.816845807844 || 2010-11-25 01:59:46 |
| 7442 || 3.44836363591974 || 2016-03-25 17:37:29 |
| 7443 || 3.47057298418025 || 2013-08-16 06:24:27 |
| 7444 || -3.11034956900308 || 2018-08-06 21:00:55 |
| 7445 || -28.6526912057795 || 2018-06-27 08:26:28 |
| 7446 || 44.9548000742283 || 2014-11-02 01:46:08 |
| 7447 || 10.9837183456983 || 2013-01-24 10:02:41 |
| 7448 || 0.25691578737372 || 2012-09-06 11:31:17 |
| 7449 || 20.8263494807065 || 2016-05-02 14:55:36 |
| 7450 || -18.1117141212017 || 2013-05-15 10:01:28 |
| 7451 || -10.1919025943555 || 2011-01-26 14:04:27 |
| 7452 || -2.81477523359007 || 2017-06-19 07:05:46 |
| 7453 || 0.0161404742873088 || 2016-01-23 12:35:58 |
| 7454 || 20.4928666123414 || 2015-01-13 21:11:19 |
| 7455 || 84.7915655362502 || 2018-03-10 20:41:33 |
| 7456 || 65.0710215900718 || 2017-09-02 03:12:19 |
| 7457 || -3.9066887001607 || 2016-02-01 04:31:11 |
| 7458 || 0.0508869306914048 || 2015-05-17 21:28:08 |
| 7459 || 28.8645424844561 || 2015-10-09 20:47:02 |
| 7460 || 43.7003544125167 || 2010-04-14 08:22:17 |
| 7461 || 45.9442460593127 || 2011-01-20 19:15:57 |
| 7462 || 14.0632077086776 || 2016-07-16 12:42:46 |
| 7463 || 0.0474139136653536 || 2010-02-25 12:10:28 |
| 7464 || -5.59860977680861 || 2010-05-01 10:36:55 |
| 7465 || 7.05227754779861 || 2018-05-07 09:29:11 |
| 7466 || -27.196037886359 || 2018-08-22 10:37:39 |
| 7467 || 27.0440754583337 || 2017-08-22 07:38:18 |
| 7468 || -0.121342350080509 || 2010-02-08 06:27:49 |
| 7469 || 13.7335273006446 || 2017-10-14 16:06:33 |
| 7470 || 74.900916735016 || 2014-08-21 02:04:37 |
| 7471 || 70.174702843545 || 2015-01-08 06:02:31 |
| 7472 || -5.09167394039843 || 2017-10-22 21:33:30 |
| 7473 || 1.75914630480507 || 2015-04-17 13:12:21 |
| 7474 || 17.0198803893003 || 2010-01-22 23:04:53 |
| 7475 || -22.116806024454 || 2011-03-22 22:33:06 |
| 7476 || -15.2308943474167 || 2016-10-03 03:28:29 |
| 7477 || 28.7118828475212 || 2015-10-14 04:37:09 |
| 7478 || 3.66763933842741 || 2017-04-12 00:01:58 |
| 7479 || 6.90353516139045 || 2017-08-06 05:53:03 |
| 7480 || 18.1643648176597 || 2017-09-19 11:52:10 |
| 7481 || 49.0449309029114 || 2016-07-04 17:36:26 |
| 7482 || 43.1214596068005 || 2019-04-06 13:51:42 |
| 7483 || 3.08958161125294 || 2019-10-05 09:25:14 |
| 7484 || 10.4247825660401 || 2013-01-11 06:07:12 |
| 7485 || -17.426016816901 || 2013-07-07 12:28:46 |
| 7486 || -29.7990306654899 || 2011-09-07 07:09:20 |
| 7487 || -3.83620165174509 || 2014-04-07 18:31:52 |
| 7488 || 9.05676908011616 || 2015-10-03 06:46:11 |
| 7489 || -1.53350270611353 || 2011-08-07 23:39:45 |
| 7490 || 16.2228568449388 || 2015-10-05 00:05:42 |
| 7491 || 66.9439294983522 || 2010-07-04 00:15:23 |
| 7492 || 63.7153923237143 || 2015-03-21 23:04:46 |
| 7493 || -3.58834778952996 || 2016-11-10 21:21:27 |
| 7494 || 4.61963699400008 || 2018-09-26 13:37:38 |
| 7495 || 20.6565732010721 || 2014-03-13 03:50:40 |
| 7496 || -27.6502524904721 || 2019-04-24 10:20:09 |
| 7497 || -22.8725304030418 || 2018-12-06 17:00:26 |
| 7498 || 16.4455311413198 || 2019-03-12 09:53:11 |
| 7499 || 1.2590412203229 || 2013-09-10 23:29:47 |
| 7500 || 41.5165482693374 || 2019-08-17 19:49:47 |
| 7501 || 4.71205775380073 || 2015-05-19 20:41:32 |
| 7502 || 42.115114085239 || 2011-01-18 14:01:20 |
| 7503 || 13.7581415942873 || 2016-10-10 17:41:33 |
| 7504 || 0.992027016458156 || 2010-03-16 00:11:37 |
| 7505 || -0.797661332381984 || 2015-03-18 12:36:01 |
| 7506 || -22.2600659437479 || 2014-12-08 14:55:27 |
| 7507 || -9.95283652246783 || 2012-03-12 07:35:37 |
| 7508 || 21.4048034595458 || 2013-12-14 18:16:08 |
| 7509 || 0.0956619948901659 || 2019-05-15 18:05:44 |
| 7510 || 18.177295909443 || 2017-02-12 13:42:24 |
| 7511 || -25.3557611363815 || 2013-11-26 18:20:41 |
| 7512 || -19.9169210056786 || 2014-08-16 18:30:06 |
| 7513 || -9.71667019053062 || 2019-01-22 15:15:44 |
| 7514 || 0.0014363373729597 || 2015-03-19 18:02:49 |
| 7515 || 1.57956750254263 || 2015-07-26 11:35:22 |
| 7516 || 48.5298102412327 || 2015-01-04 20:24:23 |
| 7517 || 62.3580731216813 || 2015-08-23 11:44:05 |
| 7518 || 36.13660911712 || 2011-12-27 02:13:35 |
| 7519 || 0.224213117064005 || 2017-02-23 18:39:22 |
| 7520 || 17.2036779305526 || 2016-03-09 23:36:48 |
| 7521 || 53.8291801367564 || 2017-04-10 00:55:07 |
| 7522 || -27.1466492951884 || 2012-04-26 13:17:57 |
| 7523 || -7.4749452846579 || 2018-06-19 01:04:49 |
| 7524 || 0.269646128079774 || 2019-12-15 13:34:19 |
| 7525 || 7.0248553111937 || 2010-04-07 01:40:41 |
| 7526 || 66.0942041141838 || 2013-01-02 01:05:31 |
| 7527 || 7.63887107396145 || 2019-07-02 07:56:54 |
| 7528 || 37.5495962625626 || 2017-03-11 07:36:14 |
| 7529 || -0.829344310808443 || 2019-03-13 20:32:13 |
| 7530 || -4.27388930385108 || 2017-08-16 01:17:53 |
| 7531 || -4.73924179009643 || 2016-06-22 05:27:05 |
| 7532 || -16.7480425763787 || 2014-11-05 00:59:34 |
| 7533 || 36.0052808266677 || 2010-03-16 20:02:55 |
| 7534 || -0.412279691484701 || 2010-01-27 00:02:46 |
| 7535 || -1.09040150340189 || 2016-10-23 21:02:23 |
| 7536 || 56.3196608657312 || 2013-10-15 09:16:22 |
| 7537 || -27.6889026300918 || 2013-12-27 06:20:02 |
| 7538 || -10.3448377078831 || 2017-09-27 02:52:25 |
| 7539 || 8.59350008039617 || 2015-08-19 04:10:12 |
| 7540 || -2.5492048422271 || 2012-12-24 12:43:03 |
| 7541 || 43.6323301492942 || 2015-04-08 23:23:39 |
| 7542 || 38.2405580397126 || 2015-05-18 14:10:06 |
| 7543 || 17.1349885829847 || 2015-04-18 09:17:16 |
| 7544 || -1.10180441656049 || 2018-09-14 09:24:15 |
| 7545 || 3.99287020883665 || 2013-05-24 06:50:21 |
| 7546 || 19.7553539011628 || 2015-12-15 01:35:37 |
| 7547 || 82.9135796926771 || 2012-01-15 14:34:36 |
| 7548 || 24.4299495875122 || 2018-02-21 10:16:16 |
| 7549 || -5.07570610936876 || 2012-09-25 21:20:34 |
| 7550 || 0.422774549990603 || 2015-08-25 21:45:31 |
| 7551 || 40.080487367099 || 2014-03-09 20:19:50 |
| 7552 || 86.6015178076888 || 2018-03-08 07:36:39 |
| 7553 || -16.3272433381913 || 2016-03-26 08:22:14 |
| 7554 || -6.05694566267687 || 2017-10-18 08:03:38 |
| 7555 || 0.655691619561877 || 2019-09-05 23:37:25 |
| 7556 || 12.5182486640731 || 2018-10-08 14:45:15 |
| 7557 || 54.8521331287657 || 2012-09-01 09:56:50 |
| 7558 || 74.2664530870877 || 2017-02-17 00:39:17 |
| 7559 || 9.71402287765638 || 2015-03-09 08:16:48 |
| 7560 || 0.0394008028201741 || 2018-04-08 11:46:16 |
| 7561 || 20.3600170609143 || 2011-07-08 18:01:12 |
| 7562 || 54.8335542432417 || 2014-03-24 15:19:06 |
| 7563 || 70.2795408538663 || 2019-03-17 11:04:59 |
| 7564 || -3.76607852161354 || 2012-07-14 21:25:21 |
| 7565 || -2.91369545449004e-06 || 2011-04-04 07:00:32 |
| 7566 || -9.84039789923675 || 2018-01-03 08:56:44 |
| 7567 || 79.6119219145844 || 2018-03-12 18:45:10 |
| 7568 || -10.4809773534128 || 2014-09-19 00:11:05 |
| 7569 || 25.85547069079 || 2016-09-22 15:43:11 |
| 7570 || 0.0440010227058922 || 2015-12-15 05:56:25 |
| 7571 || 24.807694122377 || 2010-03-10 23:32:02 |
| 7572 || 69.4928654642972 || 2015-08-21 22:48:21 |
| 7573 || -12.8518715580996 || 2011-01-23 16:01:20 |
| 7574 || -0.0313574302637984 || 2014-03-16 01:48:33 |
| 7575 || 0.245117139551813 || 2011-06-05 04:27:20 |
| 7576 || -4.04847332566914 || 2011-08-11 19:04:50 |
| 7577 || 72.1423267801802 || 2019-11-01 20:13:14 |
| 7578 || 55.412113309663 || 2016-08-23 09:57:26 |
| 7579 || 44.5752001471804 || 2010-06-08 09:08:36 |
| 7580 || -0.909477584185474 || 2015-01-22 14:32:50 |
| 7581 || -5.29698755906454 || 2015-07-13 22:29:58 |
| 7582 || -10.1255376156467 || 2012-03-14 19:54:06 |
| 7583 || -16.2846232331154 || 2015-01-16 05:15:56 |
| 7584 || -3.65677037655651 || 2017-02-26 05:10:34 |
| 7585 || -1.47385792758111 || 2015-12-23 08:16:24 |
| 7586 || 11.1970377886405 || 2018-11-13 09:51:58 |
| 7587 || 24.0790942411595 || 2015-10-06 14:45:52 |
| 7588 || 44.0645526028311 || 2019-08-11 23:48:53 |
| 7589 || 18.5235578578712 || 2013-08-14 00:52:19 |
| 7590 || -1.15126982324187 || 2018-01-20 19:12:57 |
| 7591 || 4.37159473892403 || 2010-05-17 06:05:05 |
| 7592 || 55.8316515299075 || 2012-05-22 01:59:30 |
| 7593 || 86.9604546080711 || 2018-01-16 12:13:39 |
| 7594 || 56.5054955929811 || 2018-01-21 11:35:51 |
| 7595 || 10.7254625741644 || 2011-09-07 03:49:13 |
| 7596 || -1.05221408290665 || 2017-11-17 04:22:13 |
| 7597 || 51.4775638525407 || 2014-07-05 04:31:59 |
| 7598 || -20.6338755709252 || 2012-03-12 07:05:47 |
| 7599 || -22.308176025561 || 2014-12-10 09:14:49 |
| 7600 || 3.87656619783019 || 2016-02-19 07:16:37 |
| 7601 || 2.37658141305308 || 2010-11-19 16:01:30 |
| 7602 || 46.5401157943092 || 2011-12-27 18:06:55 |
| 7603 || 22.6895554594772 || 2010-07-25 17:20:20 |
| 7604 || 69.8449360453148 || 2018-12-02 02:01:39 |
| 7605 || 1.15856122089782 || 2017-11-24 07:18:25 |
| 7606 || 0.297206622868003 || 2018-10-16 04:06:13 |
| 7607 || -8.58332918223721 || 2011-11-16 19:47:04 |
| 7608 || 19.5724582224184 || 2013-03-08 06:46:42 |
| 7609 || 67.0394301838054 || 2010-06-23 20:25:54 |
| 7610 || 0.661067216458748 || 2017-12-20 23:32:45 |
| 7611 || -0.14553035913947 || 2012-05-12 08:34:45 |
| 7612 || -8.27882310899786 || 2019-08-20 13:52:38 |
| 7613 || 16.0580269421578 || 2012-04-25 12:41:28 |
| 7614 || 79.1927690059509 || 2015-05-04 23:06:49 |
| 7615 || 1.36695362379395 || 2017-05-09 23:00:22 |
| 7616 || -0.000612712295039182 || 2013-08-12 20:20:22 |
| 7617 || 5.50621959128932 || 2019-02-22 18:19:12 |
| 7618 || -24.9213710357082 || 2010-09-06 11:21:24 |
| 7619 || 24.5101829824181 || 2016-12-23 16:09:48 |
| 7620 || 16.2701724963404 || 2019-06-25 17:16:45 |
| 7621 || -0.0696823467297007 || 2017-08-21 11:12:32 |
| 7622 || 20.3458471522936 || 2010-07-17 16:41:53 |
| 7623 || 72.3166406700842 || 2019-02-13 21:15:41 |
| 7624 || -25.1339910279592 || 2014-10-18 17:41:05 |
| 7625 || 38.902642559958 || 2019-11-09 02:01:29 |
| 7626 || 0.837519521365584 || 2010-12-24 02:50:42 |
| 7627 || 10.2934109596903 || 2014-05-03 23:40:48 |
| 7628 || -23.9100529479984 || 2011-08-02 16:53:31 |
| 7629 || -1.3756756865748 || 2012-07-18 21:29:20 |
| 7630 || 44.8715134850669 || 2017-07-18 16:06:55 |
| 7631 || 2.39372156705624 || 2018-01-11 06:11:38 |
| 7632 || -5.53969591912251 || 2012-09-03 18:50:21 |
| 7633 || 25.0459296139705 || 2014-03-27 20:47:09 |
| 7634 || 33.1876667263417 || 2010-07-11 06:38:20 |
| 7635 || 15.8678243467469 || 2018-10-13 08:58:00 |
| 7636 || 4.05023932332546 || 2013-11-15 00:06:56 |
| 7637 || 12.4407858910846 || 2015-07-26 09:28:43 |
| 7638 || -12.9817026217657 || 2019-10-20 02:04:00 |
| 7639 || 57.0338630167357 || 2018-10-22 14:20:10 |
| 7640 || 6.43611557084035 || 2017-06-23 16:46:56 |
| 7641 || 7.40003179744396 || 2011-12-03 23:52:56 |
| 7642 || 3.11015959156529 || 2013-09-19 22:32:47 |
| 7643 || 49.8468929108055 || 2016-02-08 19:49:13 |
| 7644 || -22.8581262479268 || 2014-12-15 18:14:03 |
| 7645 || 53.0981424666562 || 2013-12-01 18:53:10 |
| 7646 || -0.363488352007063 || 2019-02-21 03:37:25 |
| 7647 || 3.86734009038234 || 2015-06-19 10:41:17 |
| 7648 || 46.9890659994778 || 2012-03-20 16:56:08 |
| 7649 || 66.7553652899735 || 2013-07-08 02:07:50 |
| 7650 || 24.329272306638 || 2013-01-19 03:42:19 |
| 7651 || -2.11818532605602 || 2012-09-19 06:57:22 |
| 7652 || -0.862116321464182 || 2015-07-02 02:09:18 |
| 7653 || -12.8343207122868 || 2013-06-18 20:38:18 |
| 7654 || 15.3158382106038 || 2014-02-16 11:06:00 |
| 7655 || 56.0883194810931 || 2019-04-03 16:01:57 |
| 7656 || 3.05136322945749 || 2015-11-24 08:58:18 |
| 7657 || -0.529897486927963 || 2018-03-18 15:09:18 |
| 7658 || 12.6743963287081 || 2019-04-05 19:18:06 |
| 7659 || 83.4812616292414 || 2011-06-23 07:13:26 |
| 7660 || -17.0852105010201 || 2018-10-05 04:06:24 |
| 7661 || 6.67237826922281 || 2014-06-01 23:25:25 |
| 7662 || -0.115865781758488 || 2010-12-26 16:44:46 |
| 7663 || 34.0056059552751 || 2012-01-03 21:47:44 |
| 7664 || 43.7413882559319 || 2017-10-21 15:42:30 |
| 7665 || 78.3808083357059 || 2015-05-26 18:19:05 |
| 7666 || 27.6692407047788 || 2016-05-10 10:20:41 |
| 7667 || 0.0457045196971546 || 2011-03-12 09:52:44 |
| 7668 || -10.2501591609337 || 2018-04-16 17:53:22 |
| 7669 || 59.0993681408285 || 2011-12-12 07:41:27 |
| 7670 || 6.21093242011014 || 2010-02-06 03:17:51 |
| 7671 || 18.1867792806087 || 2011-02-09 23:16:51 |
| 7672 || 0.0128577041988545 || 2019-08-27 17:36:04 |
| 7673 || 17.1758487731292 || 2012-08-07 23:08:07 |
| 7674 || 63.5880595680587 || 2019-12-27 12:56:22 |
| 7675 || -21.6985574427725 || 2012-10-01 22:08:05 |
| 7676 || 10.9482228526603 || 2010-11-23 16:40:13 |
| 7677 || 0.444901176386526 || 2010-07-20 08:03:23 |
| 7678 || 15.0880354385513 || 2016-03-26 02:51:17 |
| 7679 || 64.3080025942581 || 2012-02-09 08:52:37 |
| 7680 || 52.4712325255401 || 2011-11-19 09:05:12 |
| 7681 || -10.3661521459264 || 2014-02-10 01:33:17 |
| 7682 || 1.96135361594066 || 2011-02-10 22:01:01 |
| 7683 || 12.3561453788346 || 2010-07-12 02:09:26 |
| 7684 || -10.5451926161889 || 2017-03-10 12:30:32 |
| 7685 || 1.18404473997276 || 2012-02-26 02:06:54 |
| 7686 || 45.0004969429526 || 2010-11-25 12:32:18 |
| 7687 || 1.49807601821872 || 2016-11-27 03:22:43 |
| 7688 || 2.62061672312853 || 2011-10-23 03:50:44 |
| 7689 || 61.8828440561204 || 2010-02-18 07:07:21 |
| 7690 || 29.0938816456845 || 2016-06-13 04:19:42 |
| 7691 || 29.5063468077118 || 2016-07-25 18:03:32 |
| 7692 || -0.559883947740079 || 2011-12-09 20:32:08 |
| 7693 || -2.91270501364878 || 2017-08-15 11:56:00 |
| 7694 || 48.0570175343006 || 2018-06-09 00:38:40 |
| 7695 || 80.0897081378175 || 2015-03-19 15:11:38 |
| 7696 || 52.7825746077842 || 2019-02-20 07:29:48 |
| 7697 || 9.84832385210092 || 2014-12-08 21:02:13 |
| 7698 || 5.05860446706961 || 2018-09-10 11:55:25 |
| 7699 || 13.4093874469633 || 2011-01-10 01:37:29 |
| 7700 || 87.2753427111429 || 2018-09-03 02:28:48 |
| 7701 || 41.8887981026979 || 2015-04-24 22:43:21 |
| 7702 || -0.0976887842556554 || 2016-09-09 23:33:07 |
| 7703 || 2.47221594350342 || 2018-12-19 18:36:26 |
| 7704 || 17.6567393842331 || 2017-03-20 01:23:08 |
| 7705 || -13.5397301426539 || 2017-06-09 03:44:38 |
| 7706 || 23.2127456157035 || 2010-02-21 12:07:25 |
| 7707 || 3.30451267352851 || 2010-08-14 15:58:53 |
| 7708 || 1.96851999971603 || 2013-01-16 03:28:26 |
| 7709 || 42.9592775557726 || 2017-01-14 00:28:58 |
| 7710 || -28.7517699513657 || 2014-12-26 08:05:43 |
| 7711 || -16.3070874351745 || 2012-01-22 08:42:39 |
| 7712 || -7.4293645703777 || 2017-01-02 01:22:14 |
| 7713 || 0.0575621080996775 || 2019-11-05 03:15:44 |
| 7714 || 33.3018776701573 || 2013-09-05 01:28:56 |
| 7715 || -26.4576563470493 || 2011-12-14 12:03:05 |
| 7716 || -25.5457408647232 || 2014-12-17 04:16:42 |
| 7717 || 25.7643184672729 || 2016-02-05 04:04:08 |
| 7718 || 0.103562110531818 || 2018-05-10 21:00:29 |
| 7719 || 17.0851767841591 || 2015-09-03 04:37:44 |
| 7720 || 30.1331983364109 || 2011-10-09 20:20:14 |
| 7721 || 65.2647155082552 || 2012-06-22 15:58:56 |
| 7722 || 24.7222495504244 || 2013-06-23 13:09:50 |
| 7723 || 0.0239833644399609 || 2015-01-20 04:19:43 |
| 7724 || 18.7478027798675 || 2017-10-07 06:58:17 |
| 7725 || 34.3759271440464 || 2013-11-05 04:40:57 |
| 7726 || 70.3173826937406 || 2016-05-20 22:14:22 |
| 7727 || 12.4401756988342 || 2012-02-05 03:51:13 |
| 7728 || 0.606343921836689 || 2016-07-12 01:30:30 |
| 7729 || 16.5671808143194 || 2015-06-12 19:24:16 |
| 7730 || 5.31716752406085 || 2010-05-23 15:19:29 |
| 7731 || 39.4506361158009 || 2013-10-11 11:05:21 |
| 7732 || 13.9941725147582 || 2016-04-20 10:35:59 |
| 7733 || -0.0683247280282125 || 2015-06-16 00:19:01 |
| 7734 || 10.7918045606611 || 2012-12-03 17:18:55 |
| 7735 || -22.69975126668 || 2019-12-06 17:33:35 |
| 7736 || 88.3468190448319 || 2015-01-25 20:15:10 |
| 7737 || -11.6165624505698 || 2017-11-21 06:36:05 |
| 7738 || 1.70049198564819 || 2012-08-19 21:22:21 |
| 7739 || 9.30498731254398 || 2016-06-20 19:20:17 |
| 7740 || 62.2260343534826 || 2010-03-18 21:49:40 |
| 7741 || -21.7994960530283 || 2018-07-02 22:55:05 |
| 7742 || 6.74275101914358 || 2015-12-05 09:33:38 |
| 7743 || 5.25433425604574 || 2018-03-14 06:15:41 |
| 7744 || -1.12240439665003 || 2018-05-14 23:28:09 |
| 7745 || 46.8096284439052 || 2014-01-07 17:40:53 |
| 7746 || 12.2397189181562 || 2013-08-17 04:10:34 |
| 7747 || 48.4650816678957 || 2011-03-14 10:24:14 |
| 7748 || 9.23047835747669 || 2016-04-11 22:48:44 |
| 7749 || 6.68781755754312 || 2010-04-22 06:29:01 |
| 7750 || 46.9005912555034 || 2010-11-24 10:40:10 |
| 7751 || -6.8913285308432 || 2017-12-19 06:42:39 |
| 7752 || 51.3170573882452 || 2017-02-17 08:13:16 |
| 7753 || -4.10349025223334 || 2013-10-25 17:56:02 |
| 7754 || 3.59197245694137 || 2016-07-19 01:00:26 |
| 7755 || -15.9497031259934 || 2013-07-07 09:07:45 |
| 7756 || 88.0561155564958 || 2016-05-08 23:31:45 |
| 7757 || -12.2619493519036 || 2017-06-26 10:49:45 |
| 7758 || 16.2197239634634 || 2017-01-20 04:32:37 |
| 7759 || 2.46769950999308 || 2013-09-11 15:28:36 |
| 7760 || -14.841474252575 || 2017-02-01 13:07:39 |
| 7761 || -25.7705639173282 || 2019-04-10 05:32:44 |
| 7762 || 72.787902348739 || 2012-03-19 15:00:38 |
| 7763 || 14.7098499079172 || 2017-05-12 12:06:11 |
| 7764 || 0.0986179371839034 || 2017-04-25 04:02:28 |
| 7765 || 29.9184073544268 || 2014-12-17 06:28:19 |
| 7766 || 52.4122731889473 || 2015-07-19 02:32:17 |
| 7767 || -25.3245680477067 || 2014-09-27 00:01:38 |
| 7768 || 9.80141039480657 || 2016-04-08 00:35:58 |
| 7769 || -0.037357903854102 || 2018-04-05 16:18:31 |
| 7770 || -2.94841591012267 || 2017-02-27 13:42:00 |
| 7771 || 69.350696099825 || 2017-04-07 16:31:24 |
| 7772 || 29.0942828634728 || 2012-02-10 20:25:20 |
| 7773 || -5.77916431128337 || 2018-12-24 19:24:12 |
| 7774 || -0.00154022207849051 || 2018-08-17 06:53:22 |
| 7775 || -2.45112039419763 || 2014-08-16 09:02:55 |
| 7776 || -26.3213488139208 || 2014-03-27 12:00:24 |
| 7777 || 67.5763324484729 || 2013-12-19 00:03:26 |
| 7778 || 4.1283783429892 || 2018-05-10 23:48:37 |
| 7779 || -0.0642520944967112 || 2010-01-21 06:43:03 |
| 7780 || 6.5856411955974 || 2013-05-11 03:49:55 |
| 7781 || 11.6546469608968 || 2019-03-19 04:49:41 |
| 7782 || 85.2705614343315 || 2019-02-06 11:27:43 |
| 7783 || 9.35209408965777 || 2012-04-22 01:22:45 |
| 7784 || 1.28841077228021 || 2010-06-22 17:59:26 |
| 7785 || 5.99423145262308 || 2015-07-10 06:35:05 |
| 7786 || 15.3465206862342 || 2010-06-11 05:55:14 |
| 7787 || -27.5888485870753 || 2011-09-20 16:53:13 |
| 7788 || 34.2456341745375 || 2013-03-25 18:12:40 |
| 7789 || -1.14372475609019 || 2019-06-25 00:09:33 |
| 7790 || -1.48221047214819 || 2011-06-15 13:45:01 |
| 7791 || 50.8576152540593 || 2017-08-04 19:10:44 |
| 7792 || 86.8352675814736 || 2016-05-03 15:52:46 |
| 7793 || 18.6850124289151 || 2010-10-03 19:11:34 |
| 7794 || 4.98109189558551 || 2018-04-26 20:32:29 |
| 7795 || -1.4919764616898 || 2015-08-03 08:38:35 |
| 7796 || 61.6190402222687 || 2014-08-04 18:14:20 |
| 7797 || 52.792910308462 || 2012-09-20 22:48:48 |
| 7798 || 57.7072064432349 || 2016-01-14 16:17:11 |
| 7799 || 5.75782746401118 || 2014-06-19 13:29:18 |
| 7800 || 7.02581193698035 || 2014-02-18 06:15:57 |
| 7801 || 19.8186860215049 || 2011-05-03 17:19:35 |
| 7802 || -26.7535684867622 || 2015-06-23 15:23:26 |
| 7803 || 48.9949132419532 || 2017-07-02 18:20:28 |
| 7804 || 10.8200809821398 || 2019-10-16 00:04:34 |
| 7805 || 2.39171957840878 || 2017-10-07 15:23:17 |
| 7806 || 31.6380942267049 || 2010-01-05 14:03:15 |
| 7807 || 43.1067020256449 || 2018-01-18 23:54:27 |
| 7808 || -22.2462769751441 || 2019-11-05 23:29:19 |
| 7809 || 15.495101813116 || 2010-06-19 10:24:43 |
| 7810 || -0.200026887172634 || 2013-11-23 04:58:37 |
| 7811 || -14.6774789419045 || 2013-06-14 05:14:33 |
| 7812 || -10.3690078073455 || 2018-12-20 04:03:05 |
| 7813 || 14.2845929968808 || 2012-12-10 02:58:04 |
| 7814 || 17.2202510724873 || 2017-02-17 17:59:45 |
| 7815 || 0.160462637948953 || 2017-12-13 21:33:02 |
| 7816 || 22.6115830339528 || 2018-05-26 18:09:34 |
| 7817 || -2.21821898707566 || 2017-12-15 09:37:55 |
| 7818 || 75.7841784983623 || 2013-08-20 11:11:59 |
| 7819 || 4.72501993989302 || 2018-05-27 14:13:18 |
| 7820 || -0.0632589046843644 || 2014-02-23 22:23:39 |
| 7821 || -11.6086207779205 || 2011-09-26 19:42:28 |
| 7822 || -16.2826080568324 || 2018-08-05 15:55:01 |
| 7823 || 45.4895794442096 || 2019-10-11 01:48:58 |
| 7824 || 11.5623428553703 || 2018-10-08 10:29:13 |
| 7825 || 0.00113065680784494 || 2016-01-21 10:59:53 |
| 7826 || 29.2979642424662 || 2014-10-21 18:28:56 |
| 7827 || -26.2517543616878 || 2016-04-06 17:06:05 |
| 7828 || 5.77593626661363 || 2012-12-10 13:59:02 |
| 7829 || -2.48934111461868 || 2010-02-11 02:35:46 |
| 7830 || -0.0667680421090239 || 2013-11-14 15:26:10 |
| 7831 || 19.606994908729 || 2013-10-13 11:48:31 |
| 7832 || 33.2916944388699 || 2017-04-21 05:05:21 |
| 7833 || 56.1194584916202 || 2010-09-25 19:51:32 |
| 7834 || 14.5403915907627 || 2014-01-15 19:28:58 |
| 7835 || 0.983153560131591 || 2017-11-27 17:30:05 |
| 7836 || 16.7635942973375 || 2012-09-18 11:54:36 |
| 7837 || 45.0040137360138 || 2017-06-16 01:19:02 |
| 7838 || 65.2326800420269 || 2016-02-20 09:06:24 |
| 7839 || 45.243997838867 || 2013-01-20 07:36:03 |
| 7840 || -1.01046352423007 || 2014-02-27 15:48:28 |
| 7841 || -4.97978379562413 || 2014-01-27 23:10:20 |
| 7842 || -9.61246258650293 || 2014-10-06 09:23:39 |
| 7843 || 15.7281045199848 || 2010-09-06 02:16:14 |
| 7844 || 50.2970185869624 || 2016-06-13 16:56:34 |
| 7845 || -1.72104881280019 || 2018-12-11 17:15:37 |
| 7846 || -3.93544330428798 || 2014-03-10 17:47:06 |
| 7847 || -6.85856915657749 || 2011-10-18 22:55:59 |
| 7848 || 18.0119487036561 || 2018-09-02 12:53:48 |
| 7849 || -17.531332573383 || 2012-05-15 07:27:49 |
| 7850 || -1.08946288107395 || 2014-04-22 03:18:41 |
| 7851 || 6.65010976122452 || 2014-12-16 21:07:25 |
| 7852 || -17.7207544779605 || 2012-03-01 22:30:06 |
| 7853 || 84.3964067700542 || 2016-01-20 12:58:44 |
| 7854 || -9.63353914451566 || 2016-11-14 21:53:05 |
| 7855 || 2.55024994466696 || 2010-12-06 18:36:41 |
| 7856 || -1.83126804570823 || 2019-08-04 11:26:13 |
| 7857 || 31.2595252919411 || 2016-03-07 11:25:03 |
| 7858 || -20.9406331732036 || 2014-02-18 00:47:24 |
| 7859 || 67.1060391803017 || 2015-02-13 20:47:03 |
| 7860 || 3.45185641312833 || 2012-08-26 06:18:47 |
| 7861 || -0.806260119265396 || 2017-09-20 00:58:50 |
| 7862 || 46.200156575476 || 2011-02-02 21:18:21 |
| 7863 || 58.8988819170359 || 2015-03-20 17:52:37 |
| 7864 || 13.2339718562445 || 2016-11-22 20:14:47 |
| 7865 || 15.2206229004817 || 2014-05-13 11:25:50 |
| 7866 || 1.398780249328 || 2010-09-08 11:28:15 |
| 7867 || 3.29948881737187 || 2014-01-07 06:28:07 |
| 7868 || 71.9915610119765 || 2016-03-22 01:07:25 |
| 7869 || -25.3030841602556 || 2019-04-22 03:10:14 |
| 7870 || 24.4186652328667 || 2013-01-17 02:07:20 |
| 7871 || 0.099862699503509 || 2010-08-20 16:23:26 |
| 7872 || 30.828539034198 || 2017-11-12 22:51:06 |
| 7873 || 82.7576852347208 || 2018-05-20 03:27:02 |
| 7874 || 13.5380717606224 || 2014-03-04 10:48:44 |
| 7875 || -4.51741651735545 || 2010-02-20 19:03:58 |
| 7876 || -5.77295819151022e-05 || 2017-03-19 04:12:58 |
| 7877 || 8.48810889959918 || 2016-02-15 07:41:26 |
| 7878 || 13.9640406993764 || 2017-01-24 11:02:04 |
| 7879 || 82.8512747131235 || 2012-04-12 04:02:32 |
| 7880 || -11.0671399931506 || 2017-02-10 08:55:30 |
| 7881 || 0.0365110489254092 || 2017-07-09 04:23:09 |
| 7882 || -6.10505300045789 || 2011-07-20 02:55:48 |
| 7883 || 76.2997845922889 || 2014-07-21 09:46:29 |
| 7884 || 70.7260861491507 || 2019-05-03 22:42:56 |
| 7885 || 19.7572755518886 || 2014-07-14 19:29:32 |
| 7886 || 0.923556571317145 || 2012-05-18 18:16:29 |
| 7887 || -6.36940709021841 || 2017-03-09 00:45:48 |
| 7888 || -18.9682023284349 || 2015-05-27 12:35:12 |
| 7889 || 76.5923516428016 || 2010-05-04 17:40:16 |
| 7890 || -5.69238816263459 || 2010-08-18 19:33:22 |
| 7891 || -0.602905107095335 || 2017-01-06 23:12:54 |
| 7892 || -1.97338461451667 || 2012-04-11 17:04:09 |
| 7893 || -21.0204473528605 || 2013-05-06 19:48:45 |
| 7894 || 45.1309528597383 || 2014-10-13 12:53:39 |
| 7895 || 5.50508438220482 || 2013-03-03 16:04:41 |
| 7896 || 2.81151414913326 || 2012-05-11 04:58:11 |
| 7897 || -4.09634441134645 || 2012-03-06 22:42:39 |
| 7898 || -19.0327905898945 || 2017-01-25 22:45:10 |
| 7899 || -1.21793422252734 || 2012-12-15 05:36:41 |
| 7900 || 55.7485954817008 || 2012-09-16 09:15:43 |
| 7901 || -2.29920831968949 || 2013-06-23 20:07:20 |
| 7902 || -0.990392524087122 || 2015-09-03 10:54:13 |
| 7903 || -18.2455876802722 || 2018-02-08 06:02:10 |
| 7904 || 72.9600182468683 || 2010-07-19 10:01:10 |
| 7905 || 9.97981655802628 || 2012-05-13 17:32:13 |
| 7906 || -1.71166751059725 || 2012-09-16 17:10:18 |
| 7907 || 5.30751577693842 || 2019-07-14 22:12:33 |
| 7908 || 0.385984924464119 || 2012-12-06 22:22:20 |
| 7909 || 70.2201126625251 || 2012-05-12 12:22:14 |
| 7910 || -7.4280907308825 || 2010-07-19 10:07:38 |
| 7911 || 2.17900976061418 || 2016-01-19 22:13:19 |
| 7912 || 3.46518772388438 || 2017-12-10 18:34:20 |
| 7913 || 42.1172336739877 || 2014-12-11 16:13:45 |
| 7914 || 76.1445232066448 || 2010-04-17 09:26:26 |
| 7915 || -15.8629563290378 || 2017-03-09 15:19:18 |
| 7916 || -6.08426417911573 || 2010-01-02 01:37:29 |
| 7917 || 1.7506596485792 || 2019-02-02 18:18:56 |
| 7918 || -2.87606442113605 || 2017-06-26 01:29:19 |
| 7919 || 6.88782144867509 || 2012-10-07 17:38:32 |
| 7920 || -24.1896364875053 || 2018-10-20 16:35:58 |
| 7921 || -0.825833149084514 || 2012-08-14 16:43:23 |
| 7922 || -0.114483520500747 || 2013-12-11 11:53:58 |
| 7923 || 3.30284117327362 || 2017-05-15 11:40:07 |
| 7924 || 32.023526149007 || 2012-04-16 04:31:00 |
| 7925 || -26.2088596188375 || 2017-09-12 12:15:39 |
| 7926 || 5.97110097878505 || 2016-07-26 19:15:56 |
| 7927 || -0.0107941734583624 || 2015-01-21 16:42:15 |
| 7928 || 1.34570257679359 || 2012-09-08 13:31:49 |
| 7929 || 47.7850138999199 || 2018-02-15 14:13:32 |
| 7930 || 13.9878888720113 || 2017-08-27 18:38:03 |
| 7931 || -10.6097254290072 || 2012-04-16 20:33:02 |
| 7932 || 0.0886453631366272 || 2011-02-21 20:56:54 |
| 7933 || 23.3925751450125 || 2013-08-24 22:08:40 |
| 7934 || 72.8214801849161 || 2017-04-25 04:27:25 |
| 7935 || -12.8303634900056 || 2016-11-26 05:00:41 |
| 7936 || 4.62328742909276 || 2017-01-25 06:22:30 |
| 7937 || 0.779026010144074 || 2010-07-21 23:20:17 |
| 7938 || -6.06066854721383 || 2010-06-05 23:39:42 |
| 7939 || 71.4566486968738 || 2019-11-12 00:51:43 |
| 7940 || -28.660128664027 || 2011-11-08 00:28:01 |
| 7941 || -8.4089149731497 || 2010-06-15 11:22:34 |
| 7942 || 1.66427836959889 || 2016-04-09 22:30:13 |
| 7943 || 16.8122135984822 || 2018-11-23 04:31:42 |
| 7944 || -12.238481160999 || 2014-10-08 14:35:52 |
| 7945 || 85.6215928183226 || 2016-05-25 05:33:40 |
| 7946 || -13.8963984385335 || 2016-10-08 07:36:04 |
| 7947 || 1.51908320480733 || 2016-03-22 00:15:14 |
| 7948 || -4.19893531078271 || 2019-05-24 17:06:27 |
| 7949 || 54.9584031169004 || 2010-08-21 15:16:51 |
| 7950 || 88.8105246937889 || 2013-06-14 02:04:25 |
| 7951 || 42.680967900221 || 2011-12-22 10:14:02 |
| 7952 || -1.76877656211071 || 2017-01-21 11:10:21 |
| 7953 || 2.30312740903572 || 2016-12-10 13:51:46 |
| 7954 || -6.2429446833414 || 2016-07-07 19:27:53 |
| 7955 || -28.6860601463237 || 2014-02-12 10:02:26 |
| 7956 || 17.7370643047697 || 2010-09-07 16:10:26 |
| 7957 || 9.99131017370498 || 2012-12-06 12:13:24 |
| 7958 || -0.578342066913538 || 2011-01-24 05:57:31 |
| 7959 || 20.7784546636569 || 2011-12-18 23:45:46 |
| 7960 || -1.18183665463585 || 2018-12-19 04:44:48 |
| 7961 || -21.7545780002127 || 2010-01-05 11:47:45 |
| 7962 || 2.94144289414309 || 2016-09-22 07:56:43 |
| 7963 || 3.27020603467765 || 2019-07-12 14:13:07 |
| 7964 || 45.8005264395012 || 2014-03-08 22:08:37 |
| 7965 || -29.3614221356049 || 2019-01-26 17:26:29 |
| 7966 || 47.08227768243 || 2013-12-14 00:22:09 |
| 7967 || 11.1892300599607 || 2011-07-06 03:47:37 |
| 7968 || 0.834105064721222 || 2017-07-15 08:44:39 |
| 7969 || 35.4621324184086 || 2012-12-13 10:02:25 |
| 7970 || -4.19489956084219 || 2013-02-20 22:06:36 |
| 7971 || 39.0657591956817 || 2013-05-14 01:56:25 |
| 7972 || 6.38017378894813 || 2016-08-26 15:20:42 |
| 7973 || 0.0605987304445177 || 2014-01-10 21:47:32 |
| 7974 || 29.2433475574496 || 2015-05-03 19:42:21 |
| 7975 || -22.2217104647223 || 2019-08-19 04:23:28 |
| 7976 || -15.9013415911931 || 2018-05-21 15:32:44 |
| 7977 || 22.8492762844808 || 2011-03-13 13:44:54 |
| 7978 || 0.0176261377687267 || 2019-09-06 09:20:29 |
| 7979 || 11.4087094881843 || 2011-06-22 23:59:37 |
| 7980 || -26.6746656623157 || 2012-07-07 20:27:32 |
| 7981 || -27.2316932340458 || 2018-11-08 19:15:32 |
| 7982 || 30.7414963542137 || 2017-09-18 18:25:19 |
| 7983 || -0.0193407970120442 || 2011-09-07 16:39:36 |
| 7984 || -6.26473504273684 || 2014-11-10 13:39:13 |
| 7985 || 61.7151021945438 || 2012-10-22 20:34:59 |
| 7986 || 49.2517057859184 || 2016-09-26 17:50:31 |
| 7987 || 5.23773675187418 || 2018-12-19 21:32:24 |
| 7988 || 0.339387249183032 || 2017-12-03 01:05:58 |
| 7989 || -1.47131697720963 || 2011-10-01 16:53:53 |
| 7990 || -3.20328291943822 || 2015-09-05 21:02:41 |
| 7991 || 74.1306955552298 || 2013-04-17 14:29:45 |
| 7992 || -7.34297849060737 || 2014-02-23 22:02:39 |
| 7993 || -0.578732953126966 || 2011-03-12 17:57:38 |
| 7994 || 12.2036992486851 || 2016-08-05 08:06:19 |
| 7995 || 49.5078001237498 || 2018-12-16 14:17:51 |
| 7996 || 83.3668128354491 || 2011-04-26 03:33:33 |
| 7997 || 2.67507282228593 || 2011-09-04 09:41:06 |
| 7998 || 3.4861368504282 || 2019-01-25 03:48:25 |
| 7999 || 9.11484801518606 || 2018-12-11 20:39:06 |
| 8000 || -15.4227017855101 || 2012-01-14 14:13:15 |
| 8001 || 72.967747421249 || 2010-06-11 17:32:40 |
| 8002 || -8.44805481032416 || 2017-06-01 16:18:46 |
| 8003 || 2.04552986073781 || 2010-04-20 17:46:22 |
| 8004 || 10.1719178118234 || 2016-09-26 11:49:55 |
| 8005 || 8.96104720548658 || 2019-05-24 07:20:41 |
| 8006 || 83.8912956437446 || 2019-03-22 19:21:22 |
| 8007 || 39.9066562621113 || 2017-07-10 19:51:31 |
| 8008 || 8.38487919648598 || 2015-09-19 08:34:56 |
| 8009 || 2.57066802781279 || 2013-02-19 17:52:14 |
| 8010 || 8.11100745985565 || 2012-07-24 05:34:12 |
| 8011 || -29.1061133110867 || 2011-02-13 09:25:35 |
| 8012 || -17.4748238316462 || 2015-06-25 08:14:27 |
| 8013 || -1.48512710147853 || 2012-04-24 13:15:16 |
| 8014 || 0.467636882673234 || 2010-09-02 14:26:47 |
| 8015 || 42.3418120125384 || 2014-01-22 18:50:17 |
| 8016 || 4.04478462012887 || 2017-04-05 06:20:44 |
| 8017 || 5.81952347972034 || 2013-08-24 23:29:54 |
| 8018 || -1.8490346157728 || 2015-02-07 08:27:30 |
| 8019 || 0.734621432464797 || 2014-12-16 19:29:00 |
| 8020 || -14.7869593703644 || 2011-03-02 15:42:36 |
| 8021 || -2.38843446376392 || 2017-03-23 11:22:00 |
| 8022 || 7.58283652502971 || 2016-08-12 04:43:19 |
| 8023 || 20.2312278275289 || 2010-07-25 19:00:56 |
| 8024 || -0.276446464110388 || 2019-11-01 16:18:05 |
| 8025 || 2.62750993714911 || 2018-01-08 23:09:24 |
| 8026 || -9.36291507011793 || 2013-09-27 06:30:44 |
| 8027 || 74.2003246733926 || 2016-03-23 16:56:22 |
| 8028 || -3.73784863025225 || 2015-02-23 17:00:16 |
| 8029 || 0.060583223545491 || 2018-12-12 23:47:41 |
| 8030 || 9.08239577962375 || 2011-09-02 13:22:39 |
| 8031 || 81.15392256811 || 2011-05-12 09:44:18 |
| 8032 || 71.9136527924158 || 2016-12-23 17:56:55 |
| 8033 || 18.1466099415619 || 2012-04-15 15:52:19 |
| 8034 || 0.0304341026166623 || 2017-05-16 08:01:38 |
| 8035 || 16.0334664368675 || 2012-02-06 21:59:14 |
| 8036 || 19.4148909215656 || 2016-06-13 17:23:06 |
| 8037 || 40.0768958933639 || 2015-07-11 14:43:12 |
| 8038 || 23.664855564354 || 2010-04-24 19:08:15 |
| 8039 || 0.548068812776269 || 2013-09-26 06:35:16 |
| 8040 || -6.72416229562622 || 2015-07-25 08:36:08 |
| 8041 || 6.43563241453459 || 2016-03-24 21:04:52 |
| 8042 || 34.0067324025639 || 2010-11-08 12:30:45 |
| 8043 || 38.3900705377968 || 2018-04-02 14:24:16 |
| 8044 || 1.65659485091213 || 2015-07-22 13:03:23 |
| 8045 || 18.7930215584795 || 2015-07-16 13:51:05 |
| 8046 || -18.5256718031027 || 2013-03-05 05:45:46 |
| 8047 || -29.1459854551975 || 2016-02-15 18:41:55 |
| 8048 || -13.2571248216757 || 2018-09-23 05:48:18 |
| 8049 || 3.53404945254543 || 2019-07-27 23:33:02 |
| 8050 || 13.7413130935776 || 2014-01-27 04:04:39 |
| 8051 || 15.5120803042603 || 2016-08-22 08:21:18 |
| 8052 || 89.4533769465885 || 2017-04-19 02:11:30 |
| 8053 || 49.5056850913942 || 2013-12-25 20:14:37 |
| 8054 || 5.96129126711218 || 2013-06-12 06:43:05 |
| 8055 || -2.8305844804978 || 2017-09-25 17:28:56 |
| 8056 || 22.4499895450153 || 2018-11-10 03:48:53 |
| 8057 || 89.007165455525 || 2010-10-10 08:10:27 |
| 8058 || 56.7930305489409 || 2013-12-17 23:11:31 |
| 8059 || -1.32230988729276 || 2012-06-12 13:16:21 |
| 8060 || 7.42612974355633 || 2014-09-18 07:08:23 |
| 8061 || 39.4989054564821 || 2018-05-07 09:46:02 |
| 8062 || -29.8299621922382 || 2010-11-12 03:32:51 |
| 8063 || -20.7953734747481 || 2019-11-20 08:08:42 |
| 8064 || 12.3829760228047 || 2012-07-09 09:33:11 |
| 8065 || 0.46382569557436 || 2018-09-05 14:06:16 |
| 8066 || -15.8950728578629 || 2019-12-20 11:35:52 |
| 8067 || -24.0592470096358 || 2014-06-08 05:31:10 |
| 8068 || 65.8189864101928 || 2011-01-02 15:51:46 |
| 8069 || 13.9588713111 || 2017-10-20 03:23:37 |
| 8070 || -0.388070401289336 || 2016-01-06 12:57:14 |
| 8071 || 44.2270365434121 || 2016-02-27 15:03:54 |
| 8072 || -26.7192164496225 || 2013-04-01 23:05:10 |
| 8073 || 50.0003702359996 || 2015-03-02 12:19:40 |
| 8074 || 5.23150724831315 || 2017-02-20 20:18:38 |
| 8075 || 1.11341404529709 || 2011-02-11 09:27:41 |
| 8076 || 6.27461716013867 || 2011-10-21 11:56:48 |
| 8077 || 82.8901916092889 || 2015-02-21 05:44:52 |
| 8078 || -24.8308960565577 || 2018-09-23 20:56:14 |
| 8079 || 12.232396334678 || 2017-02-23 00:38:15 |
| 8080 || -0.0528273492441262 || 2015-02-14 08:57:03 |
| 8081 || -10.135985204367 || 2017-11-14 23:07:03 |
| 8082 || 26.9629507237721 || 2010-01-21 09:35:46 |
| 8083 || -4.19509388017185 || 2018-04-13 16:18:37 |
| 8084 || 20.6268217755368 || 2013-03-10 17:51:29 |
| 8085 || 0.00440099766892464 || 2018-11-17 20:51:11 |
| 8086 || 21.9142526204163 || 2010-04-22 06:01:21 |
| 8087 || 79.3982023178281 || 2015-12-13 09:45:34 |
| 8088 || 18.1613587567693 || 2015-10-18 02:11:54 |
| 8089 || 31.1286800962438 || 2010-05-15 17:49:09 |
| 8090 || -0.061922967309557 || 2019-08-04 21:19:33 |
| 8091 || 18.7493552214459 || 2010-05-24 07:31:38 |
| 8092 || 50.2603142393405 || 2017-10-26 02:23:40 |
| 8093 || -10.5730975698122 || 2012-02-24 11:28:54 |
| 8094 || -13.4220703543127 || 2019-05-16 07:56:58 |
| 8095 || -0.476431333845977 || 2019-05-15 11:39:07 |
| 8096 || 9.39925080694177 || 2019-03-19 18:44:17 |
| 8097 || 9.25705730472393 || 2018-06-26 16:34:55 |
| 8098 || -23.0331291008137 || 2016-10-18 12:01:15 |
| 8099 || 20.8181080314089 || 2017-02-27 11:11:26 |
| 8100 || 2.51445054520812 || 2012-11-14 19:59:01 |
| 8101 || -2.64220668037819 || 2015-06-22 08:08:21 |
| 8102 || -22.4168733089771 || 2017-04-20 20:15:06 |
| 8103 || -1.9375408569451 || 2018-01-25 15:35:43 |
| 8104 || 50.4391808320227 || 2016-05-23 02:26:59 |
| 8105 || 1.31544528860483 || 2011-08-09 20:37:53 |
| 8106 || 9.14425187495451 || 2014-02-22 02:25:32 |
| 8107 || 18.5574252301672 || 2017-08-19 05:19:26 |
| 8108 || 87.1189419799557 || 2017-09-20 12:14:47 |
| 8109 || -9.37258881086923 || 2015-11-04 06:24:41 |
| 8110 || 7.88473581904991 || 2017-12-27 02:26:42 |
| 8111 || 2.37714489719511 || 2010-02-10 00:40:27 |
| 8112 || 37.3158017681867 || 2013-01-04 22:11:04 |
| 8113 || 2.77756736820372 || 2012-05-13 09:32:35 |
| 8114 || -20.7295076626524 || 2016-06-08 10:04:54 |
| 8115 || -3.7794566117807 || 2016-10-27 10:41:16 |
| 8116 || -0.432270935658627 || 2010-08-19 04:23:13 |
| 8117 || -1.80982730307995 || 2019-05-17 22:53:42 |
| 8118 || 33.3587097373349 || 2019-01-16 04:13:27 |
| 8119 || -3.50545694592375 || 2019-04-02 15:35:52 |
| 8120 || 2.69982326729428 || 2016-09-22 02:48:07 |
| 8121 || -0.643645826723927 || 2018-07-07 22:58:02 |
| 8122 || 12.5527479957408 || 2013-06-04 01:42:26 |
| 8123 || -24.0948557440413 || 2017-01-18 04:49:09 |
| 8124 || -12.4717231258651 || 2017-07-17 09:31:45 |
| 8125 || -5.25590818158132 || 2012-03-27 21:47:12 |
| 8126 || 1.21986244938681 || 2018-11-26 00:19:06 |
| 8127 || 1.05434573337636 || 2019-06-25 14:19:10 |
| 8128 || -18.8152082174986 || 2010-08-06 10:05:14 |
| 8129 || 75.5228591163049 || 2017-01-13 07:31:18 |
| 8130 || -7.88584583002255 || 2016-01-17 04:37:12 |
| 8131 || 0.378723147009464 || 2017-12-01 09:00:02 |
| 8132 || 18.2534670172756 || 2016-12-24 15:28:29 |
| 8133 || 56.9777049201584 || 2017-01-06 12:36:23 |
| 8134 || 20.0085175921634 || 2017-09-10 14:42:57 |
| 8135 || -4.76614632975685 || 2010-10-03 12:58:52 |
| 8136 || 0.0016342345962756 || 2016-04-21 14:08:39 |
| 8137 || 28.3175226003607 || 2015-06-15 17:40:15 |
| 8138 || 12.7659171767084 || 2016-08-06 02:46:53 |
| 8139 || 30.7247798666029 || 2010-03-22 00:35:20 |
| 8140 || 34.9047563875312 || 2010-03-14 17:22:49 |
| 8141 || -0.08841284178946 || 2010-03-10 01:14:47 |
| 8142 || 23.6790801844533 || 2013-04-06 18:42:33 |
| 8143 || 58.8010716626832 || 2017-11-09 12:35:04 |
| 8144 || -23.9643361448948 || 2016-05-07 02:39:36 |
| 8145 || 34.7629446081476 || 2013-02-15 02:10:30 |
| 8146 || 0.709695700987231 || 2019-11-05 21:56:26 |
| 8147 || -1.49676824376611 || 2016-08-08 09:28:14 |
| 8148 || 22.7518347563716 || 2019-09-09 13:47:19 |
| 8149 || 80.1914474184502 || 2015-02-15 13:48:03 |
| 8150 || 36.4999263209781 || 2014-10-08 18:13:25 |
| 8151 || 1.6754214865387 || 2012-08-01 04:32:58 |
| 8152 || -4.09985246148201 || 2019-11-16 10:58:41 |
| 8153 || 67.8355595863784 || 2019-05-12 10:28:19 |
| 8154 || 87.9183760542778 || 2013-05-27 01:07:03 |
| 8155 || -9.91818053673801 || 2016-08-25 04:59:34 |
| 8156 || 1.83153752657266 || 2018-01-02 22:51:52 |
| 8157 || 9.51829044109451 || 2019-03-16 03:24:57 |
| 8158 || 38.1711556145278 || 2016-12-18 04:35:46 |
| 8159 || -7.36894273510151 || 2015-01-10 05:11:42 |
| 8160 || 21.0541013274515 || 2014-07-17 05:57:33 |
| 8161 || 6.16897112872266 || 2012-10-10 11:43:51 |
| 8162 || 7.21980220616251 || 2012-10-12 18:43:28 |
| 8163 || 51.1939134191987 || 2014-05-10 00:16:34 |
| 8164 || -17.5749644803269 || 2018-08-13 02:45:55 |
| 8165 || 3.98098652552696 || 2012-10-07 15:36:04 |
| 8166 || 10.5941286620775 || 2019-02-25 21:25:28 |
| 8167 || 3.19028319428504 || 2010-11-17 06:58:42 |
| 8168 || 28.2101758502631 || 2012-06-14 02:41:00 |
| 8169 || 84.6864527171852 || 2014-06-04 19:08:46 |
| 8170 || 65.5410679324247 || 2018-10-11 17:14:17 |
| 8171 || -2.54348152211024 || 2011-12-22 15:11:43 |
| 8172 || 3.27507205619097 || 2011-12-21 06:06:09 |
| 8173 || -15.7799744322586 || 2011-03-01 22:09:39 |
| 8174 || -1.29567110190613 || 2013-07-01 17:03:53 |
| 8175 || -23.6309253959293 || 2012-03-08 06:19:21 |
| 8176 || 14.538183412198 || 2017-06-18 03:26:44 |
| 8177 || 1.54378138202821 || 2012-10-04 20:06:42 |
| 8178 || -11.7822357969274 || 2015-07-20 09:29:18 |
| 8179 || 86.2611096820439 || 2016-02-24 21:22:24 |
| 8180 || -2.69585101643875 || 2015-03-16 17:45:43 |
| 8181 || 14.4007099791413 || 2014-09-16 15:09:31 |
| 8182 || 0.210244242880617 || 2012-06-01 12:24:15 |
| 8183 || 3.62449646543916 || 2011-11-18 09:15:11 |
| 8184 || 12.4103537356486 || 2018-09-24 00:09:44 |
| 8185 || 28.5577168668372 || 2011-07-19 21:01:53 |
| 8186 || 27.8407346153507 || 2016-01-20 22:01:00 |
| 8187 || -0.00748744918472235 || 2011-01-02 18:58:22 |
| 8188 || 25.2270383768917 || 2012-10-26 08:33:30 |
| 8189 || 17.0957571782788 || 2011-08-24 01:51:42 |
| 8190 || 72.1956728939915 || 2012-07-11 03:12:31 |
| 8191 || 27.6221829935431 || 2015-04-11 11:04:29 |
| 8192 || -0.0196859861267606 || 2019-12-02 04:45:38 |
| 8193 || 2.00151608785159 || 2010-02-19 21:53:00 |
| 8194 || 75.7280968783182 || 2011-03-09 16:26:38 |
| 8195 || 25.2008141834923 || 2012-04-24 05:28:27 |
| 8196 || 6.48009140997969 || 2011-02-16 16:09:52 |
| 8197 || -0.300322211606388 || 2013-07-25 16:25:23 |
| 8198 || 12.050235323052 || 2016-06-02 22:47:04 |
| 8199 || 22.1902498557161 || 2015-03-04 01:37:59 |
| 8200 || 34.3199679739579 || 2012-12-22 19:36:31 |
| 8201 || 5.06931932145864 || 2010-01-21 09:16:30 |
| 8202 || -0.227576280051181 || 2012-07-16 22:05:23 |
| 8203 || 3.75494653635847 || 2019-12-26 00:49:13 |
| 8204 || -19.9739169294575 || 2011-09-02 13:46:51 |
| 8205 || 81.4554858639614 || 2015-04-15 22:38:17 |
| 8206 || 50.106521016078 || 2017-03-26 22:07:22 |
| 8207 || -1.50329168415091 || 2015-03-22 19:07:15 |
| 8208 || -3.20227390107851 || 2013-09-13 06:15:15 |
| 8209 || -18.5537079180504 || 2015-02-10 01:47:19 |
| 8210 || -29.35297055987 || 2014-12-02 10:30:56 |
| 8211 || -9.83626017579912 || 2016-09-15 06:00:22 |
| 8212 || 0.151842197822628 || 2012-01-13 05:45:37 |
| 8213 || 2.19202918333976 || 2016-03-08 14:59:40 |
| 8214 || -18.3616656116781 || 2014-02-12 02:08:13 |
| 8215 || 82.4227154305829 || 2016-03-22 15:59:06 |
| 8216 || 29.301100922362 || 2012-04-12 22:45:49 |
| 8217 || 8.23864825979007 || 2014-06-24 13:03:01 |
| 8218 || 0.000360518685137246 || 2018-09-12 09:09:41 |
| 8219 || 3.74051950257596 || 2013-09-05 08:48:21 |
| 8220 || -22.2743310838408 || 2018-05-12 02:41:03 |
| 8221 || -11.9480394030065 || 2016-04-23 13:11:21 |
| 8222 || 10.3769797713227 || 2012-04-09 09:02:42 |
| 8223 || -0.918814261999991 || 2012-02-06 05:34:59 |
| 8224 || 48.1741948600134 || 2017-06-08 13:01:46 |
| 8225 || -3.23323738470457 || 2017-12-18 09:57:54 |
| 8226 || 66.1251611452568 || 2016-06-03 09:06:24 |
| 8227 || 17.3894601926535 || 2011-12-22 03:36:58 |
| 8228 || -0.129739313267709 || 2018-11-06 12:19:05 |
| 8229 || -4.33247687938116 || 2014-12-11 15:29:09 |
| 8230 || 86.7865929126796 || 2012-05-17 13:48:05 |
| 8231 || -6.98647345284259 || 2012-03-27 14:40:26 |
| 8232 || -0.281063082437803 || 2015-01-08 00:08:07 |
| 8233 || -0.00795871085000982 || 2013-07-09 20:00:03 |
| 8234 || 36.2558626243134 || 2013-10-15 05:44:48 |
| 8235 || -1.11899623972554 || 2012-06-08 22:32:22 |
| 8236 || -4.20320641579034 || 2019-10-25 10:50:25 |
| 8237 || 1.25128626202436 || 2018-07-08 23:53:04 |
| 8238 || -0.0209801255424352 || 2011-08-11 05:31:39 |
| 8239 || 2.23381644112774 || 2012-08-16 03:37:37 |
| 8240 || -11.3773386145596 || 2012-05-03 13:35:28 |
| 8241 || 81.090000288273 || 2018-05-07 17:52:41 |
| 8242 || 30.1288439001624 || 2012-08-05 13:41:31 |
| 8243 || 0.0282258737746837 || 2011-11-03 16:25:33 |
| 8244 || 13.4612989227569 || 2018-05-26 12:10:55 |
| 8245 || -17.8727522452744 || 2014-01-12 08:53:23 |
| 8246 || 73.0653639933211 || 2016-08-13 06:32:00 |
| 8247 || -11.7905361522681 || 2013-09-16 05:17:44 |
| 8248 || 0.0753933258406826 || 2019-10-20 20:25:24 |
| 8249 || 9.29417536593465 || 2017-06-02 12:27:28 |
| 8250 || -10.1628842958657 || 2016-04-12 14:38:23 |
| 8251 || 25.0881934480556 || 2012-04-13 00:46:29 |
| 8252 || 36.0620657490595 || 2013-07-22 14:15:21 |
| 8253 || 2.09345725074089 || 2011-07-04 13:02:01 |
| 8254 || -3.22744916228743 || 2010-11-10 09:32:22 |
| 8255 || -20.2145563331332 || 2011-03-03 22:59:36 |
| 8256 || 84.3762180309078 || 2013-03-17 18:30:31 |
| 8257 || 26.1889633815727 || 2012-06-26 04:03:18 |
| 8258 || 0.526746185369908 || 2015-05-18 13:39:19 |
| 8259 || 11.2959324680234 || 2015-02-18 10:07:19 |
| 8260 || 43.7191790004716 || 2016-11-01 15:12:15 |
| 8261 || 89.3109509156236 || 2013-04-09 01:43:01 |
| 8262 || 6.30160753710094 || 2019-03-25 07:05:53 |
| 8263 || 4.18341917619735 || 2012-12-22 18:06:02 |
| 8264 || 0.459380753015239 || 2017-06-24 08:20:18 |
| 8265 || 60.0951720766976 || 2012-06-17 14:02:36 |
| 8266 || 31.0215144799073 || 2017-11-22 15:44:15 |
| 8267 || 16.9591228705478 || 2012-03-09 19:56:07 |
| 8268 || 7.26699935521423 || 2010-07-09 06:55:59 |
| 8269 || 2.87502775145762 || 2012-03-21 06:29:11 |
| 8270 || -17.2228027143089 || 2012-10-10 05:28:06 |
| 8271 || 89.5377631137284 || 2013-08-27 21:46:52 |
| 8272 || -10.2097977109472 || 2017-03-13 12:22:13 |
| 8273 || 12.2871085001586 || 2011-12-17 05:03:58 |
| 8274 || 4.29176936044416 || 2011-02-11 14:48:46 |
| 8275 || 1.56226818192288 || 2015-08-01 04:45:37 |
| 8276 || 51.3733284733857 || 2012-03-23 22:04:00 |
| 8277 || 12.9658026068895 || 2013-10-05 17:03:45 |
| 8278 || 6.69055435825179 || 2013-09-15 13:31:37 |
| 8279 || 1.9870582757954 || 2018-04-20 05:03:59 |
| 8280 || 1.15589680845459 || 2016-07-21 09:20:14 |
| 8281 || 16.3650715362024 || 2016-09-03 16:48:57 |
| 8282 || 59.7693029792557 || 2015-09-12 13:55:52 |
| 8283 || 2.4679543479325 || 2013-05-15 14:03:14 |
| 8284 || -0.231755138090164 || 2018-10-05 08:47:31 |
| 8285 || 25.0148111479905 || 2012-03-07 20:27:32 |
| 8286 || 84.602187615125 || 2015-10-01 19:22:53 |
| 8287 || 76.9598516556901 || 2016-03-10 22:00:55 |
| 8288 || 23.2292286910064 || 2010-07-19 19:53:31 |
| 8289 || 0.0651198822701263 || 2014-02-18 10:08:30 |
| 8290 || -7.83533060392135 || 2015-12-26 16:13:13 |
| 8291 || -24.8503365935427 || 2011-08-23 01:58:35 |
| 8292 || -24.0106634118722 || 2012-08-23 10:23:52 |
| 8293 || 16.0350406667939 || 2015-10-25 04:40:53 |
| 8294 || 0.026670637804892 || 2013-11-21 16:36:49 |
| 8295 || 24.5484321806933 || 2018-07-08 21:06:39 |
| 8296 || -25.7907348723044 || 2013-04-21 12:44:54 |
| 8297 || 56.1657019034232 || 2010-06-22 16:13:11 |
| 8298 || 10.6588131999099 || 2016-11-05 05:52:39 |
| 8299 || 0.600112521389027 || 2014-10-19 06:48:57 |
| 8300 || 22.5627381086803 || 2011-04-17 00:44:50 |
| 8301 || 74.3947186350473 || 2018-08-17 12:10:22 |
| 8302 || -27.4427504091377 || 2013-09-06 20:31:33 |
| 8303 || 39.2761652868127 || 2017-06-26 10:59:33 |
| 8304 || -0.574438087582999 || 2019-03-25 17:45:50 |
| 8305 || 11.354493239771 || 2010-06-17 03:42:16 |
| 8306 || 40.7752195172502 || 2014-11-26 22:06:50 |
| 8307 || 19.6158065492211 || 2011-06-03 19:23:00 |
| 8308 || -14.3259346392591 || 2013-06-01 05:39:44 |
| 8309 || -0.755967748133033 || 2010-07-12 22:58:25 |
| 8310 || -3.70138760798622 || 2012-09-04 01:50:34 |
| 8311 || -7.81737345322777 || 2015-01-17 11:43:17 |
| 8312 || 20.0304021713671 || 2017-11-11 17:05:59 |
| 8313 || -6.37800598887447 || 2010-04-02 06:50:57 |
| 8314 || 1.16732846734944 || 2016-11-11 20:59:19 |
| 8315 || -1.63828169015686 || 2014-03-26 18:38:29 |
| 8316 || -20.345199385754 || 2016-02-16 09:57:23 |
| 8317 || 67.4604957368278 || 2016-04-01 18:47:52 |
| 8318 || 48.8648944039969 || 2011-02-24 10:56:41 |
| 8319 || 8.62789690831089 || 2014-07-05 05:23:06 |
| 8320 || 4.85791639839761 || 2018-08-09 18:20:53 |
| 8321 || 47.0557892737717 || 2011-09-12 14:02:50 |
| 8322 || 31.5752764168252 || 2018-08-22 14:49:06 |
| 8323 || -12.8016053083935 || 2015-09-21 20:28:35 |
| 8324 || -3.12700820111786 || 2019-09-20 05:40:18 |
| 8325 || 3.38398489190023 || 2017-07-15 11:09:30 |
| 8326 || -7.59640274219856 || 2011-01-03 06:44:04 |
| 8327 || -29.4522345441001 || 2010-03-16 08:38:25 |
| 8328 || -16.053241240051 || 2011-12-17 23:17:22 |
| 8329 || -4.47037785390283 || 2019-07-01 08:00:46 |
| 8330 || 1.45295021968018 || 2016-04-07 15:36:53 |
| 8331 || 15.8455014895439 || 2016-09-04 08:56:39 |
| 8332 || 48.6117445835874 || 2017-11-26 05:55:10 |
| 8333 || 21.9065117099253 || 2014-09-12 09:10:03 |
| 8334 || -4.17453159978265 || 2012-12-26 02:12:18 |
| 8335 || -0.360994009283214 || 2018-07-17 04:08:29 |
| 8336 || 27.3830642155911 || 2010-11-21 23:02:58 |
| 8337 || 44.4408538479088 || 2011-05-26 15:07:16 |
| 8338 || 60.716701525384 || 2016-01-23 17:13:49 |
| 8339 || 25.620154532625 || 2010-04-02 23:41:01 |
| 8340 || -0.00595506961746807 || 2017-12-14 17:00:15 |
| 8341 || 33.927538484492 || 2010-04-16 14:57:04 |
| 8342 || 32.154585363228 || 2011-05-13 04:58:21 |
| 8343 || 54.3797160441322 || 2011-07-26 00:12:18 |
| 8344 || 10.2526509057147 || 2015-10-18 13:55:54 |
| 8345 || 0.00549327714423252 || 2018-10-08 21:38:56 |
| 8346 || 20.68653021353 || 2010-07-10 05:20:01 |
| 8347 || -7.7020809544819 || 2012-08-01 13:14:13 |
| 8348 || 55.329083459034 || 2013-09-25 01:29:49 |
| 8349 || 32.1536837826077 || 2019-12-03 13:01:23 |
| 8350 || 0.40338557656174 || 2011-05-13 05:16:03 |
| 8351 || 22.5640206125427 || 2014-12-21 20:41:34 |
| 8352 || -14.759169948443 || 2018-08-09 02:45:11 |
| 8353 || 57.0412789000971 || 2018-06-20 12:38:17 |
| 8354 || 37.984552782545 || 2013-05-25 18:12:48 |
| 8355 || 1.06155329385801 || 2016-01-11 13:38:14 |
| 8356 || 4.73183287620393 || 2016-11-06 16:44:28 |
| 8357 || 49.6371657915982 || 2016-09-03 16:58:49 |
| 8358 || -27.9817821914093 || 2017-07-26 08:25:59 |
| 8359 || -1.07449244878522 || 2012-08-20 11:06:00 |
| 8360 || 0.898951230151634 || 2011-03-17 18:02:33 |
| 8361 || 11.2910030463537 || 2016-09-15 19:41:11 |
| 8362 || -0.232355982774962 || 2019-03-14 04:48:23 |
| 8363 || 89.272767636285 || 2012-10-07 07:40:44 |
| 8364 || 44.4037998064696 || 2018-03-05 13:27:00 |
| 8365 || 4.95747674783181 || 2012-11-22 09:52:43 |
| 8366 || 10.516335856568 || 2012-09-13 17:12:28 |
| 8367 || 24.2609767490209 || 2018-02-04 09:44:50 |
| 8368 || 51.2036132567405 || 2014-12-27 13:47:56 |
| 8369 || 8.84999404402424 || 2016-07-11 16:42:44 |
| 8370 || -2.47573824175353 || 2013-05-16 19:44:36 |
| 8371 || -2.5012965460504 || 2011-04-20 00:46:52 |
| 8372 || 22.6273475704437 || 2013-12-25 08:50:22 |
| 8373 || 84.1258160596897 || 2018-05-26 07:59:58 |
| 8374 || 61.0575316684221 || 2017-01-21 19:24:34 |
| 8375 || -3.98800731107925 || 2018-05-09 09:31:05 |
| 8376 || 3.1479812362809 || 2014-08-05 22:38:21 |
| 8377 || 41.5754027289905 || 2012-06-24 09:19:53 |
| 8378 || -25.0282662907419 || 2014-05-02 23:17:54 |
| 8379 || -11.4653194366475 || 2016-07-21 14:40:35 |
| 8380 || 5.46469950755124 || 2011-11-22 01:49:21 |
| 8381 || 1.11724876383515 || 2014-11-07 22:53:12 |
| 8382 || -14.0461038595612 || 2012-12-27 01:38:26 |
| 8383 || 49.974257573196 || 2015-11-12 13:57:43 |
| 8384 || -24.0747223549052 || 2018-09-23 03:13:56 |
| 8385 || 19.6442382418802 || 2019-02-11 07:41:48 |
| 8386 || 0.619139163429848 || 2011-12-09 00:01:50 |
| 8387 || 14.6645220571837 || 2018-04-03 02:06:35 |
| 8388 || -6.65788551539506 || 2011-04-21 09:57:58 |
| 8389 || -2.23142039752367 || 2014-06-19 21:53:44 |
| 8390 || -7.09484346043526 || 2017-02-17 21:14:43 |
| 8391 || -0.067546299193259 || 2010-07-02 14:51:03 |
| 8392 || 7.73826019474238 || 2012-08-03 20:23:02 |
| 8393 || 14.5735099490477 || 2010-11-23 15:38:39 |
| 8394 || -25.186548933165 || 2011-10-13 01:53:35 |
| 8395 || 26.9785529035051 || 2017-08-08 13:51:03 |
| 8396 || 1.1415370467037e-05 || 2010-02-15 00:09:14 |
| 8397 || 5.95574426094674 || 2010-11-07 07:40:49 |
| 8398 || 27.0039531343316 || 2010-03-21 21:18:39 |
| 8399 || 82.8110033053536 || 2010-02-05 18:05:37 |
| 8400 || 11.8406498116178 || 2012-02-17 08:03:44 |
| 8401 || 0.316570027378581 || 2014-04-20 10:16:41 |
| 8402 || 8.4163300490339 || 2011-05-09 05:30:46 |
| 8403 || 65.8341885662376 || 2011-06-05 16:13:48 |
| 8404 || 19.6240326415648 || 2014-07-09 23:51:08 |
| 8405 || -8.69905390242178 || 2014-02-23 17:45:26 |
| 8406 || 1.28298630514147 || 2018-07-05 20:33:32 |
| 8407 || 20.398288576986 || 2015-01-20 07:02:56 |
| 8408 || -18.1215778560336 || 2018-02-16 20:36:00 |
| 8409 || -18.3480947845397 || 2015-08-14 06:43:04 |
| 8410 || 44.0780636258973 || 2012-01-14 14:07:40 |
| 8411 || -0.926082284471481 || 2017-06-24 08:00:07 |
| 8412 || 5.99181592401324 || 2017-08-04 18:11:29 |
| 8413 || 60.5516332315644 || 2014-05-04 09:50:22 |
| 8414 || 4.88653102257806 || 2013-03-15 06:50:57 |
| 8415 || 51.3310490057147 || 2015-05-01 07:13:16 |
| 8416 || -1.08482155555184 || 2013-11-21 19:14:47 |
| 8417 || 10.9668368473705 || 2010-08-08 03:20:01 |
| 8418 || -20.8957875380316 || 2015-06-02 10:19:18 |
| 8419 || 63.2775784164148 || 2013-03-03 14:20:27 |
| 8420 || -13.8128786629764 || 2018-06-05 06:36:50 |
| 8421 || 5.25137798166513 || 2018-05-06 03:12:46 |
| 8422 || 4.4222229285329 || 2013-08-13 05:39:36 |
| 8423 || 46.9402530506709 || 2019-05-04 22:05:50 |
| 8424 || -20.4828940326561 || 2012-07-09 04:30:36 |
| 8425 || 59.6309550420064 || 2013-02-16 16:28:28 |
| 8426 || 1.64494787018083 || 2019-10-18 19:45:38 |
| 8427 || 5.70185899606638 || 2014-08-03 09:56:03 |
| 8428 || 14.7957116147223 || 2017-07-24 07:52:59 |
| 8429 || 59.6909481855809 || 2015-06-13 01:20:27 |
| 8430 || 21.285043740587 || 2012-01-19 06:27:27 |
| 8431 || 6.53616637178064 || 2019-06-15 16:12:46 |
| 8432 || 0.00691165914818698 || 2014-08-25 01:14:45 |
| 8433 || 35.2448237176339 || 2014-06-03 11:24:17 |
| 8434 || -29.3007625015646 || 2011-04-23 13:43:50 |
| 8435 || 69.7159124574707 || 2012-03-16 09:37:22 |
| 8436 || 4.85421140613556 || 2015-11-26 13:40:37 |
| 8437 || 1.13716049965737 || 2018-11-16 09:59:30 |
| 8438 || 3.17279596279323 || 2019-03-10 10:35:03 |
| 8439 || -28.504057854335 || 2010-09-27 23:52:14 |
| 8440 || 10.5365038016497 || 2016-03-20 00:16:27 |
| 8441 || 17.0159010546458 || 2010-06-08 21:10:44 |
| 8442 || -0.157639996602108 || 2013-02-14 20:51:04 |
| 8443 || 19.2787551037753 || 2013-09-11 11:41:45 |
| 8444 || 10.0511367295375 || 2014-09-11 07:08:31 |
| 8445 || -26.2591234554334 || 2016-05-27 10:30:49 |
| 8446 || -2.22878234209637 || 2010-12-19 00:55:17 |
| 8447 || 0.0105768852826555 || 2013-06-04 15:45:23 |
| 8448 || 14.7654551188575 || 2019-07-01 10:44:20 |
| 8449 || 10.2283391330219 || 2012-12-12 05:11:12 |
| 8450 || -27.4207188965381 || 2019-06-18 09:36:00 |
| 8451 || 20.2590414464732 || 2011-02-21 22:50:23 |
| 8452 || 0.0912545674677541 || 2010-02-27 23:53:27 |
| 8453 || -1.95984142054416 || 2014-08-25 18:08:02 |
| 8454 || -25.6808385181998 || 2016-02-03 10:22:48 |
| 8455 || -27.6340676097993 || 2015-09-09 10:23:25 |
| 8456 || 24.0222722457405 || 2016-05-16 05:16:07 |
| 8457 || 1.04331124713889 || 2016-04-27 14:47:38 |
| 8458 || -5.53961187683695 || 2015-12-24 15:04:28 |
| 8459 || 2.14288083646694 || 2012-03-05 09:21:47 |
| 8460 || -26.1377111714287 || 2014-11-07 11:57:04 |
| 8461 || 40.3857083379668 || 2010-08-25 09:32:04 |
| 8462 || 2.52264098924121 || 2016-06-17 23:35:00 |
| 8463 || 16.8376590449657 || 2018-09-05 19:57:33 |
| 8464 || -20.3884035566025 || 2017-08-13 23:06:58 |
| 8465 || -28.7882241615446 || 2010-03-26 06:08:06 |
| 8466 || -9.87116815704813 || 2018-03-14 08:59:03 |
| 8467 || 3.30241584269574 || 2016-12-18 00:36:09 |
| 8468 || 11.0607721554165 || 2016-11-13 16:38:28 |
| 8469 || -21.1089281943918 || 2017-08-06 22:00:28 |
| 8470 || 32.7314066714262 || 2012-03-17 00:06:02 |
| 8471 || 0.843244083796017 || 2011-02-21 22:42:59 |
| 8472 || 0.709611144168584 || 2017-06-04 11:56:42 |
| 8473 || 0.704911515399034 || 2017-10-06 12:53:48 |
| 8474 || 30.6342915479433 || 2012-02-15 21:53:40 |
| 8475 || 70.4289941151093 || 2017-07-26 22:24:02 |
| 8476 || 60.7607507636659 || 2017-09-11 00:47:06 |
| 8477 || -3.06104034071822 || 2012-01-05 07:46:39 |
| 8478 || 3.13986881574447 || 2018-02-10 23:09:34 |
| 8479 || 33.5336324181574 || 2014-03-23 20:05:36 |
| 8480 || -2.53863579031509 || 2014-10-24 13:18:42 |
| 8481 || -6.15534637437197 || 2011-02-23 23:37:12 |
| 8482 || 6.00869636824234 || 2015-12-15 07:01:27 |
| 8483 || -0.823686197553999 || 2011-04-09 01:50:31 |
| 8484 || 20.0595813662228 || 2011-06-14 05:35:17 |
| 8485 || 87.666261320181 || 2018-08-15 14:54:01 |
| 8486 || -17.0352487969764 || 2014-07-27 13:42:44 |
| 8487 || 10.6408576244981 || 2014-03-27 05:45:18 |
| 8488 || 0.542725559076928 || 2015-05-12 05:50:16 |
| 8489 || 14.7313940988231 || 2010-04-19 11:48:36 |
| 8490 || -14.8263425610479 || 2010-03-23 10:56:57 |
| 8491 || 13.2521910307308 || 2012-11-25 15:10:04 |
| 8492 || 8.31913176001508 || 2015-12-21 19:13:24 |
| 8493 || -0.213000390300879 || 2018-04-10 21:47:44 |
| 8494 || 3.06621290677844 || 2012-10-06 10:16:39 |
| 8495 || 79.1440527295361 || 2014-01-19 05:15:35 |
| 8496 || 0.094370482829515 || 2017-03-14 11:26:44 |
| 8497 || 18.4724651600372 || 2016-12-05 01:58:40 |
| 8498 || 0.0210493167027555 || 2019-10-01 04:05:04 |
| 8499 || -9.05002293841724 || 2016-05-19 05:12:33 |
| 8500 || -14.6753530168173 || 2012-03-03 17:11:49 |
| 8501 || 79.0595874552351 || 2015-09-12 06:51:19 |
| 8502 || 30.73751718524 || 2012-08-12 08:08:25 |
| 8503 || 0.10060356078668 || 2018-03-03 12:12:43 |
| 8504 || 27.0018988585566 || 2010-04-14 17:11:33 |
| 8505 || 25.1784813483398 || 2015-07-10 11:12:12 |
| 8506 || 83.8342233125454 || 2017-05-18 07:34:05 |
| 8507 || 13.883548355854 || 2011-10-02 14:52:16 |
| 8508 || -0.0321976701126485 || 2010-04-17 16:44:15 |
| 8509 || -6.07938993420407 || 2010-11-11 03:23:47 |
| 8510 || -24.4532199054584 || 2016-08-10 23:47:06 |
| 8511 || 79.5287584623976 || 2013-09-14 20:09:59 |
| 8512 || 14.2540968934808 || 2018-01-17 08:25:37 |
| 8513 || -0.275565358501178 || 2011-11-26 16:00:00 |
| 8514 || -5.21985614824888 || 2014-01-14 01:16:59 |
| 8515 || -22.9640138113527 || 2010-06-01 02:47:56 |
| 8516 || -22.7636264333805 || 2014-01-02 03:20:03 |
| 8517 || 40.5811442570181 || 2018-08-23 10:08:14 |
| 8518 || -0.17602839037166 || 2010-06-22 07:25:37 |
| 8519 || 5.37249366437559 || 2017-09-06 21:32:41 |
| 8520 || -17.482175653869 || 2012-04-06 16:30:02 |
| 8521 || -14.8534783359056 || 2018-08-06 15:33:31 |
| 8522 || 1.1010494321883 || 2011-06-12 06:34:45 |
| 8523 || 1.29666819094711 || 2019-09-03 16:33:10 |
| 8524 || 5.19873335588407 || 2012-11-17 18:53:54 |
| 8525 || -19.9626062239199 || 2019-08-20 17:04:00 |
| 8526 || -26.6873208284154 || 2018-05-04 16:57:37 |
| 8527 || 59.7879376189737 || 2011-08-12 10:27:29 |
| 8528 || 2.15712683975619 || 2010-07-11 10:23:47 |
| 8529 || -2.24112978914711 || 2016-11-16 14:28:31 |
| 8530 || -11.6258652557959 || 2019-07-12 22:57:21 |
| 8531 || 88.298856658378 || 2015-02-17 10:21:51 |
| 8532 || -13.6360045982939 || 2014-06-22 11:05:13 |
| 8533 || 13.2097090347643 || 2019-03-18 15:01:28 |
| 8534 || -1.09696373996294 || 2011-08-16 01:57:12 |
| 8535 || 48.7564583200599 || 2011-04-16 16:18:39 |
| 8536 || 1.67499473643612 || 2018-11-04 14:44:15 |
| 8537 || -22.6046170582542 || 2018-09-06 09:39:50 |
| 8538 || 17.5345428569534 || 2019-10-04 23:02:49 |
| 8539 || -0.642803644915804 || 2013-10-20 21:14:00 |
| 8540 || 42.0512510986474 || 2018-02-22 00:03:12 |
| 8541 || -5.79613353192692 || 2013-03-24 05:21:13 |
| 8542 || -22.3522165710189 || 2010-10-27 09:17:48 |
| 8543 || -5.05061581253293 || 2018-03-07 13:18:42 |
| 8544 || 0.808449842471021 || 2010-01-02 10:45:28 |
| 8545 || 16.1803930305173 || 2016-01-17 09:46:28 |
| 8546 || 2.0837370854938 || 2011-02-16 05:10:07 |
| 8547 || 18.5122748366512 || 2014-08-12 17:58:33 |
| 8548 || -3.54674309757268 || 2010-05-20 09:10:50 |
| 8549 || -0.0217965684682435 || 2010-05-09 06:02:07 |
| 8550 || -10.3743472546231 || 2019-03-09 11:45:38 |
| 8551 || 39.8604785816627 || 2014-05-02 11:52:43 |
| 8552 || -17.8874672243072 || 2017-08-22 21:01:45 |
| 8553 || -9.35299242567068 || 2015-05-09 13:51:59 |
| 8554 || 0.038462228231405 || 2014-08-21 18:27:45 |
| 8555 || 25.2097076769565 || 2010-08-20 15:01:49 |
| 8556 || 60.0671195412574 || 2015-02-23 00:23:23 |
| 8557 || -25.8596717517402 || 2015-02-18 23:39:12 |
| 8558 || 24.2811231882595 || 2018-11-21 14:13:51 |
| 8559 || 0.494464792210218 || 2018-07-19 00:24:21 |
| 8560 || -5.18123716251918 || 2013-12-12 08:59:44 |
| 8561 || 18.4908810753335 || 2017-12-05 21:04:59 |
| 8562 || 84.34894692354 || 2018-05-26 09:40:27 |
| 8563 || 4.47374256595212 || 2018-01-24 10:13:53 |
| 8564 || 1.68540329203495 || 2014-03-03 20:22:01 |
| 8565 || 13.7072614511642 || 2011-07-03 04:07:26 |
| 8566 || -14.6244128447898 || 2019-10-22 15:35:21 |
| 8567 || -17.9681589456604 || 2014-05-12 14:33:48 |
| 8568 || 47.8130472756848 || 2019-02-19 13:46:16 |
| 8569 || 3.76422443700889 || 2019-08-18 14:19:54 |
| 8570 || 1.26281534332788 || 2012-04-06 13:55:21 |
| 8571 || 38.2351751846331 || 2017-09-11 13:55:33 |
| 8572 || -20.4341645680536 || 2017-09-05 17:41:24 |
| 8573 || 36.9915793575831 || 2015-05-21 04:29:21 |
| 8574 || 5.50046364020205 || 2012-09-03 17:41:41 |
| 8575 || -0.286266696595016 || 2018-07-11 14:25:49 |
| 8576 || -17.2370932005575 || 2019-08-25 21:02:20 |
| 8577 || -29.4787883182964 || 2014-08-14 20:27:22 |
| 8578 || 0.418352449207963 || 2012-10-21 02:57:03 |
| 8579 || 8.2420255276796 || 2017-12-22 21:22:24 |
| 8580 || 1.85738878636665 || 2014-06-10 05:23:13 |
| 8581 || 8.49009650092956 || 2017-01-21 14:35:39 |
| 8582 || 89.1557643596291 || 2017-08-11 13:01:50 |
| 8583 || -5.82229090715746 || 2016-12-01 16:10:38 |
| 8584 || 2.58890020441631 || 2016-07-19 22:21:05 |
| 8585 || 2.45420885492346 || 2016-06-11 08:25:46 |
| 8586 || 41.847735346214 || 2014-05-09 21:04:19 |
| 8587 || 48.704276294662 || 2017-10-12 17:49:51 |
| 8588 || 68.0506598579015 || 2013-02-23 09:39:37 |
| 8589 || -3.42246906408794 || 2015-10-27 15:33:43 |
| 8590 || 0.445960470926925 || 2019-05-11 05:58:05 |
| 8591 || 31.4635685173133 || 2012-05-10 08:16:28 |
| 8592 || -28.6008143281061 || 2012-08-06 21:02:28 |
| 8593 || 20.9229849912125 || 2015-09-05 15:17:18 |
| 8594 || 7.90854677932219 || 2011-03-17 21:27:47 |
| 8595 || 0.694908123206178 || 2019-07-23 04:37:32 |
| 8596 || -8.07542145480566 || 2018-07-15 00:42:19 |
| 8597 || 74.0091649464103 || 2015-01-07 06:26:34 |
| 8598 || 2.79317371921366 || 2013-07-14 04:04:05 |
| 8599 || -0.0466672031840867 || 2011-04-08 14:03:56 |
| 8600 || -0.0191204440528865 || 2017-12-13 10:08:54 |
| 8601 || 8.27368505814945 || 2014-07-07 22:35:44 |
| 8602 || 40.2501499787597 || 2015-06-26 06:49:00 |
| 8603 || -26.9469002024711 || 2018-07-20 23:09:32 |
| 8604 || -2.19438934988577 || 2017-07-10 09:24:58 |
| 8605 || -0.0020384866498397 || 2011-10-12 02:26:47 |
| 8606 || 20.0554492575175 || 2015-05-25 22:19:26 |
| 8607 || -17.2374286350551 || 2013-03-08 12:42:01 |
| 8608 || 79.0202184542605 || 2016-10-05 13:21:26 |
| 8609 || 21.2678519149824 || 2013-05-07 04:06:07 |
| 8610 || 0.482593848453661 || 2017-08-09 06:24:25 |
| 8611 || 2.13238239905144 || 2011-07-11 13:47:03 |
| 8612 || -14.4663150861313 || 2017-12-09 14:45:47 |
| 8613 || 81.3545439918313 || 2017-03-07 17:29:45 |
| 8614 || 17.1806555410452 || 2018-06-05 14:45:50 |
| 8615 || -0.0791260385830144 || 2018-03-26 13:58:41 |
| 8616 || 18.9617376846352 || 2013-08-21 00:01:23 |
| 8617 || 67.80781569893 || 2017-03-04 16:39:08 |
| 8618 || 87.4930085334619 || 2017-08-02 00:45:42 |
| 8619 || 16.5376634826742 || 2015-11-07 05:57:32 |
| 8620 || -0.883516894782461 || 2013-03-21 10:58:05 |
| 8621 || 15.0317389041116 || 2016-08-05 03:11:58 |
| 8622 || 33.4591600774325 || 2017-08-13 19:30:15 |
| 8623 || -26.9327050354919 || 2018-03-14 05:17:10 |
| 8624 || 15.8903053337935 || 2015-07-08 07:22:11 |
| 8625 || -1.19618267819999 || 2012-11-03 16:02:27 |
| 8626 || -2.62966805920325 || 2017-04-17 00:49:47 |
| 8627 || 21.0247219457749 || 2015-07-27 19:16:04 |
| 8628 || -25.7620714457442 || 2015-07-06 15:20:28 |
| 8629 || 33.4295813865999 || 2010-10-15 08:19:15 |
| 8630 || 2.27376976388546 || 2013-08-03 12:47:27 |
| 8631 || 7.76884771223683 || 2012-01-12 13:55:11 |
| 8632 || -7.78071604419932 || 2010-07-13 15:48:43 |
| 8633 || 87.0650902179816 || 2016-01-26 20:47:27 |
| 8634 || -21.0226435908574 || 2014-08-16 05:51:52 |
| 8635 || -3.83094830945242 || 2018-08-20 05:03:12 |
| 8636 || -0.99368633457089 || 2011-10-07 05:22:52 |
| 8637 || 13.3073053202286 || 2015-03-18 23:09:34 |
| 8638 || -7.17837590786731 || 2013-05-11 05:33:10 |
| 8639 || 64.9817732262865 || 2017-09-14 21:48:29 |
| 8640 || 0.194828080781816 || 2017-12-16 08:55:03 |
| 8641 || 2.84172934018406 || 2018-09-25 03:48:43 |
| 8642 || -12.4206805528969 || 2013-02-21 00:23:50 |
| 8643 || 66.2377897365052 || 2013-12-01 04:47:22 |
| 8644 || -19.6568106197533 || 2010-11-07 19:17:36 |
| 8645 || -4.30580267928157 || 2014-03-24 18:23:56 |
| 8646 || -0.366952067695353 || 2017-04-02 22:20:53 |
| 8647 || 38.0386435590317 || 2016-04-27 08:18:11 |
| 8648 || 13.7410261339105 || 2010-10-12 04:30:04 |
| 8649 || 70.2124168590546 || 2014-10-24 21:24:37 |
| 8650 || 23.7550840543684 || 2019-05-14 23:57:33 |
| 8651 || -0.0995434422065685 || 2016-08-06 12:17:43 |
| 8652 || 27.9998551842668 || 2015-09-15 18:00:51 |
| 8653 || -18.4573630397735 || 2016-09-19 17:26:12 |
| 8654 || 32.6936173057753 || 2013-06-06 05:14:26 |
| 8655 || -8.68009779916105 || 2010-05-27 01:32:21 |
| 8656 || 0.000449906245709815 || 2010-11-24 01:50:37 |
| 8657 || 23.3413917588787 || 2015-12-06 15:11:05 |
| 8658 || -8.59655009608238 || 2015-05-06 22:53:39 |
| 8659 || 50.852989671257 || 2017-01-23 05:35:52 |
| 8660 || 5.89217177150739 || 2014-05-07 01:28:50 |
| 8661 || 0.178829467925016 || 2018-04-21 08:09:57 |
| 8662 || -5.559375552165 || 2013-10-19 21:13:32 |
| 8663 || 73.0887016838352 || 2013-02-23 01:56:49 |
| 8664 || 85.641391909792 || 2017-02-09 04:57:25 |
| 8665 || -12.7842499239653 || 2017-03-27 00:30:50 |
| 8666 || -0.433852161792687 || 2012-01-20 00:19:27 |
| 8667 || -6.59362620676776 || 2015-12-12 05:12:55 |
| 8668 || 72.1465943390831 || 2015-09-06 05:24:11 |
| 8669 || 4.65052844219053 || 2011-02-18 00:01:31 |
| 8670 || 46.1137714573582 || 2018-10-27 01:45:39 |
| 8671 || 0.194351834545731 || 2017-11-19 17:00:55 |
| 8672 || 11.2216135330018 || 2019-11-09 17:30:47 |
| 8673 || 0.27262121301475 || 2018-06-20 08:34:11 |
| 8674 || 85.6046722502945 || 2016-07-18 05:58:43 |
| 8675 || 7.74140950095941 || 2011-07-16 05:51:58 |
| 8676 || -0.683482470211945 || 2013-05-07 22:30:06 |
| 8677 || 1.9920950575887 || 2015-10-22 16:52:11 |
| 8678 || 25.6420340547159 || 2013-04-22 00:46:55 |
| 8679 || 17.0218607571266 || 2010-02-01 09:23:26 |
| 8680 || 4.51835070860158 || 2018-05-17 20:26:35 |
| 8681 || 0.607707446769604 || 2010-01-01 10:56:10 |
| 8682 || 7.6629666621182 || 2018-09-21 19:33:55 |
| 8683 || -12.8408607257322 || 2013-02-13 01:28:18 |
| 8684 || 85.2756543714638 || 2016-06-07 20:18:50 |
| 8685 || 34.0001733747128 || 2016-10-02 19:09:07 |
| 8686 || -0.517573876787582 || 2016-04-23 16:09:38 |
| 8687 || -1.3653961843911 || 2018-04-05 11:06:48 |
| 8688 || 10.7011760832074 || 2019-08-19 17:28:41 |
| 8689 || 62.811256054466 || 2016-12-22 20:37:22 |
| 8690 || -21.513726720766 || 2012-10-23 18:18:35 |
| 8691 || 8.60390790843796 || 2015-08-27 08:15:23 |
| 8692 || 2.737567250111 || 2016-11-19 14:54:32 |
| 8693 || -5.36245506751166 || 2011-12-22 18:29:08 |
| 8694 || 81.1047383840028 || 2018-08-21 17:36:17 |
| 8695 || 70.0784222203252 || 2017-09-09 18:51:44 |
| 8696 || 19.6392113634571 || 2010-09-14 15:20:57 |
| 8697 || 0.730120145596511 || 2012-09-20 20:44:00 |
| 8698 || -13.8302816210168 || 2016-08-10 11:23:08 |
| 8699 || 20.7469422244096 || 2013-03-12 10:14:30 |
| 8700 || -16.9798969398562 || 2017-08-12 19:50:28 |
| 8701 || -3.84529245426551 || 2012-02-10 00:06:42 |
| 8702 || 0.125267797697181 || 2013-01-21 11:38:49 |
| 8703 || 1.97315568470581 || 2014-01-08 11:29:56 |
| 8704 || -25.7909908707494 || 2016-11-26 20:01:05 |
| 8705 || 78.7686348221678 || 2010-06-07 05:40:07 |
| 8706 || 2.63512810802589 || 2013-12-27 14:33:45 |
| 8707 || 0.00234954901910889 || 2015-03-15 08:14:25 |
| 8708 || 2.79384638550552 || 2010-06-08 10:49:46 |
| 8709 || 44.0600459452476 || 2015-07-13 09:44:21 |
| 8710 || 63.1749225988655 || 2018-10-05 19:49:32 |
| 8711 || 15.7483286428038 || 2019-05-22 20:41:49 |
| 8712 || 0.164171287306589 || 2017-08-08 15:06:14 |
| 8713 || -3.49552163979754 || 2012-02-01 12:17:43 |
| 8714 || 29.2490605809612 || 2018-01-06 17:54:42 |
| 8715 || 59.8636802278265 || 2012-03-06 05:34:58 |
| 8716 || 39.4602590815919 || 2016-09-26 16:55:49 |
| 8717 || 0.693144916996125 || 2010-08-25 16:10:46 |
| 8718 || -6.79239376994798 || 2019-07-25 01:41:37 |
| 8719 || -11.8703317658422 || 2019-11-02 00:22:33 |
| 8720 || 75.1606614655568 || 2018-10-16 01:42:57 |
| 8721 || 39.994022278764 || 2017-07-10 04:10:26 |
| 8722 || 1.56711650119255 || 2010-07-03 08:00:36 |
| 8723 || 7.93409424093982 || 2016-05-03 15:51:06 |
| 8724 || 23.4668890305729 || 2017-03-02 14:05:05 |
| 8725 || -13.2898022865529 || 2017-04-16 11:45:24 |
| 8726 || -3.03646381398617 || 2014-05-23 07:07:16 |
| 8727 || 1.99246595467187 || 2010-03-23 14:55:19 |
| 8728 || 11.8132722879672 || 2019-12-22 20:10:13 |
| 8729 || -18.2790602471525 || 2018-04-05 03:21:44 |
| 8730 || 4.61806334620575 || 2014-09-07 20:29:52 |
| 8731 || -12.4160887230617 || 2010-10-15 09:44:37 |
| 8732 || 7.32396317538804 || 2011-12-23 15:37:14 |
| 8733 || 8.13076022443732 || 2015-12-02 23:54:59 |
| 8734 || 11.4971921497393 || 2018-02-22 11:12:27 |
| 8735 || 80.1128128604956 || 2019-10-20 11:21:40 |
| 8736 || 17.4997056799751 || 2017-09-13 18:28:14 |
| 8737 || -1.43237631362137 || 2014-06-17 13:11:05 |
| 8738 || 0.541192020464199 || 2012-09-08 03:28:10 |
| 8739 || 27.696566335272 || 2014-06-03 02:56:13 |
| 8740 || 85.0083770559052 || 2012-05-05 17:40:28 |
| 8741 || 64.7212905101485 || 2019-08-04 04:26:51 |
| 8742 || 10.3189445871902 || 2014-11-16 16:33:31 |
| 8743 || 1.08245911569607 || 2012-06-22 04:20:22 |
| 8744 || 42.6499911038541 || 2017-04-01 05:13:20 |
| 8745 || 86.0948161400784 || 2013-11-17 06:02:31 |
| 8746 || 67.9593763907775 || 2010-01-25 23:25:11 |
| 8747 || 13.35655686289 || 2013-03-19 14:55:21 |
| 8748 || 1.25437280113463 || 2010-05-16 23:51:12 |
| 8749 || 20.961671080759 || 2018-09-22 05:17:23 |
| 8750 || -27.7188736670617 || 2018-08-12 23:37:44 |
| 8751 || -19.4261180144953 || 2018-05-20 18:09:27 |
| 8752 || -7.64049858765599 || 2013-12-04 01:11:20 |
| 8753 || -0.0749036222463961 || 2015-04-24 23:13:46 |
| 8754 || 12.7086962657755 || 2016-07-09 19:15:28 |
| 8755 || 33.5695914793501 || 2011-07-08 04:01:35 |
| 8756 || -24.7612319164974 || 2013-06-17 01:15:40 |
| 8757 || 25.572136859473 || 2015-04-03 17:58:42 |
| 8758 || -0.00807140112232371 || 2015-03-15 22:54:47 |
| 8759 || 0.589380049294668 || 2017-12-23 04:05:01 |
| 8760 || 36.8421447233293 || 2012-12-19 23:35:44 |
| 8761 || 6.00835016169574 || 2011-06-13 19:49:54 |
| 8762 || -9.97193518793889 || 2017-04-13 19:41:39 |
| 8763 || -0.0394553835169991 || 2012-06-05 10:49:51 |
| 8764 || 22.213003582685 || 2015-07-22 12:52:58 |
| 8765 || 65.8311093880627 || 2019-03-07 08:04:18 |
| 8766 || -23.3813069904023 || 2015-03-10 09:21:15 |
| 8767 || -8.1779416402425 || 2018-08-14 13:55:31 |
| 8768 || 0.177439669809036 || 2018-10-23 23:46:08 |
| 8769 || 19.2635634404085 || 2019-04-25 09:59:23 |
| 8770 || -14.5332518560749 || 2018-03-06 15:13:40 |
| 8771 || 86.2784103435395 || 2015-05-07 01:26:54 |
| 8772 || 12.781672260067 || 2012-03-12 18:44:10 |
| 8773 || 2.02520549787598 || 2018-06-21 03:01:00 |
| 8774 || 16.929914520779 || 2013-04-10 14:56:28 |
| 8775 || 20.3934479093104 || 2013-05-21 21:51:34 |
| 8776 || -7.99105546166178 || 2015-10-13 19:20:03 |
| 8777 || 35.9403180784782 || 2016-04-20 16:28:53 |
| 8778 || -0.243051901485048 || 2015-09-12 01:39:43 |
| 8779 || 0.751145726620041 || 2010-01-13 23:57:37 |
| 8780 || -21.5344494409721 || 2010-10-03 09:41:13 |
| 8781 || -4.01911670867797 || 2017-11-10 23:37:31 |
| 8782 || 52.4521566860762 || 2010-06-24 21:48:23 |
| 8783 || -2.26133983646162 || 2019-12-01 14:23:27 |
| 8784 || 5.10461945078267 || 2015-05-16 02:16:54 |
| 8785 || -14.3158037619247 || 2019-05-04 23:45:32 |
| 8786 || 9.17053510427906 || 2011-05-05 01:15:59 |
| 8787 || 20.6532630486744 || 2013-04-25 16:22:32 |
| 8788 || 4.7855131772833 || 2019-10-08 08:36:49 |
| 8789 || 2.60276165452289 || 2018-05-10 08:18:57 |
| 8790 || 5.98519576546519 || 2016-04-05 15:48:49 |
| 8791 || 89.5339512662529 || 2013-08-10 08:36:18 |
| 8792 || -4.74845267972038 || 2016-12-13 21:58:34 |
| 8793 || 6.97336301245109 || 2014-04-20 08:09:16 |
| 8794 || -1.32762403444423 || 2015-03-01 11:33:18 |
| 8795 || 48.8481925163591 || 2010-07-26 06:55:31 |
| 8796 || 65.1614051912558 || 2019-01-16 12:50:43 |
| 8797 || 26.1271720579119 || 2012-07-07 17:43:48 |
| 8798 || 17.2532451266955 || 2014-09-14 10:52:29 |
| 8799 || -0.634300738032886 || 2012-02-14 15:03:40 |
| 8800 || 40.2883762654017 || 2013-09-13 11:09:30 |
| 8801 || 25.6645806334293 || 2010-12-02 02:34:48 |
| 8802 || -24.5908679662424 || 2018-09-04 13:18:38 |
| 8803 || 21.2655815706698 || 2015-06-22 02:54:39 |
| 8804 || 0.329838959454899 || 2016-12-11 10:05:26 |
| 8805 || 5.95789710502726 || 2011-10-13 17:34:57 |
| 8806 || 26.1003942897523 || 2010-12-04 04:34:08 |
| 8807 || -21.5563110749636 || 2016-12-16 13:18:25 |
| 8808 || 27.1193859726393 || 2018-06-05 22:14:10 |
| 8809 || 0.0676615296903324 || 2013-05-17 14:19:49 |
| 8810 || 17.862553262589 || 2015-07-14 18:36:37 |
| 8811 || 30.6238366311972 || 2011-07-27 10:00:25 |
| 8812 || 57.9258499387433 || 2016-08-23 08:52:46 |
| 8813 || 31.9497662759211 || 2012-05-22 08:12:18 |
| 8814 || 0.0207204689497334 || 2018-09-17 19:41:27 |
| 8815 || -7.27261621455407 || 2014-02-18 23:09:51 |
| 8816 || -23.0505123876082 || 2014-09-21 19:10:14 |
| 8817 || 73.0681889829154 || 2017-08-14 05:46:05 |
| 8818 || 27.0046541563984 || 2010-07-25 22:36:58 |
| 8819 || -0.149696047802164 || 2018-04-04 10:16:42 |
| 8820 || 21.0968291534969 || 2012-07-02 19:21:59 |
| 8821 || 4.78296544267377 || 2012-07-23 06:53:50 |
| 8822 || -25.8488736039624 || 2015-05-18 00:33:26 |
| 8823 || 39.7288354037145 || 2012-02-21 08:11:56 |
| 8824 || -0.111851286042038 || 2018-07-18 09:48:11 |
| 8825 || -0.906446810444126 || 2011-06-11 12:19:49 |
| 8826 || 29.4210293711195 || 2014-01-17 20:19:35 |
| 8827 || 85.6931441307224 || 2016-03-21 01:42:34 |
| 8828 || 25.1179296956793 || 2010-08-01 20:38:37 |
| 8829 || 0.979475111331163 || 2011-05-26 13:05:52 |
| 8830 || -3.9253118251438 || 2014-06-27 04:14:17 |
| 8831 || -3.68401209119408 || 2014-09-23 23:44:40 |
| 8832 || 86.4042512026225 || 2014-01-27 15:26:41 |
| 8833 || 21.8553209550326 || 2010-06-01 15:50:14 |
| 8834 || 6.34322748863593 || 2013-08-06 10:32:32 |
| 8835 || 10.3361776976483 || 2014-03-02 17:12:56 |
| 8836 || 31.6210805638437 || 2010-12-18 08:12:47 |
| 8837 || 78.4273907336425 || 2019-01-06 15:29:48 |
| 8838 || 46.4936729514492 || 2012-02-16 16:16:13 |
| 8839 || 9.37040881453585 || 2018-10-16 23:41:09 |
| 8840 || -0.788537697990465 || 2013-12-09 01:16:19 |
| 8841 || -10.102043372804 || 2014-06-20 13:44:48 |
| 8842 || -15.6568389740055 || 2017-07-12 17:28:25 |
| 8843 || 9.83404641451086 || 2018-02-21 14:14:41 |
| 8844 || -3.10182468034483 || 2016-10-17 03:07:32 |
| 8845 || 1.13360101925156 || 2015-02-17 18:29:18 |
| 8846 || 30.6026487449852 || 2011-03-24 19:53:30 |
| 8847 || 14.8537328221355 || 2013-11-03 21:22:31 |
| 8848 || 39.4099007767816 || 2019-06-03 06:10:19 |
| 8849 || -0.178950345059483 || 2016-04-09 02:22:30 |
| 8850 || 1.90264295231704 || 2013-12-22 15:05:44 |
| 8851 || 11.3610446864273 || 2014-08-15 12:29:18 |
| 8852 || 44.6406734680533 || 2016-07-08 20:30:08 |
| 8853 || 39.168607493523 || 2011-09-25 14:02:17 |
| 8854 || 6.31097183218345 || 2019-09-05 11:06:29 |
| 8855 || 0.93851643008376 || 2010-08-20 19:20:08 |
| 8856 || 26.7584745897239 || 2012-10-23 04:24:52 |
| 8857 || 71.1958493036024 || 2014-01-10 03:04:53 |
| 8858 || -25.5240558235911 || 2010-04-04 17:05:51 |
| 8859 || 0.284783835577484 || 2012-10-21 17:48:07 |
| 8860 || -0.05388450281346 || 2019-07-18 19:22:00 |
| 8861 || 18.4846422078984 || 2013-03-05 05:30:57 |
| 8862 || 45.56412992907 || 2014-09-25 18:24:27 |
| 8863 || -1.09595023405654 || 2018-08-02 20:24:44 |
| 8864 || -9.6570915484489 || 2014-02-15 14:28:37 |
| 8865 || 0.00218680641435269 || 2013-06-23 11:58:27 |
| 8866 || -4.56647226361169 || 2017-04-07 06:14:05 |
| 8867 || -26.1001590056369 || 2014-03-18 12:56:29 |
| 8868 || 37.1034969563372 || 2019-03-12 01:00:42 |
| 8869 || -11.9270312670441 || 2016-08-02 13:07:27 |
| 8870 || 0.524991237600163 || 2019-03-08 10:39:25 |
| 8871 || 7.26343106661147 || 2012-12-20 07:18:43 |
| 8872 || 64.4419864474122 || 2018-03-05 00:29:32 |
| 8873 || 83.203952434125 || 2010-06-07 10:59:45 |
| 8874 || -6.91689900256875 || 2013-05-09 14:06:32 |
| 8875 || -0.20361505451603 || 2011-06-20 06:43:49 |
| 8876 || -5.36552423230864 || 2010-05-23 18:49:12 |
| 8877 || -9.93939534646108 || 2013-06-09 20:14:06 |
| 8878 || -25.8766215031194 || 2019-02-07 08:33:59 |
| 8879 || 33.7971593255593 || 2013-08-20 00:59:41 |
| 8880 || 1.04909417758968 || 2016-06-01 03:42:54 |
| 8881 || -4.69270131232716 || 2015-09-25 15:43:05 |
| 8882 || 57.4595812556375 || 2018-01-02 03:26:07 |
| 8883 || 24.484352899479 || 2010-01-18 06:19:51 |
| 8884 || -12.7478385497905 || 2010-12-09 21:35:40 |
| 8885 || -1.95233591471615 || 2011-10-02 05:24:24 |
| 8886 || -0.310463836107828 || 2012-12-24 07:00:23 |
| 8887 || 7.89823952420796 || 2018-12-12 23:05:05 |
| 8888 || -9.99171796241863 || 2015-01-09 15:30:37 |
| 8889 || 40.1354520134298 || 2010-11-20 01:59:21 |
| 8890 || -1.01169765423082 || 2011-11-06 07:15:05 |
| 8891 || -2.37444222325441 || 2019-06-12 03:06:17 |
| 8892 || 19.4898247772407 || 2017-01-02 07:37:25 |
| 8893 || -22.9643586531488 || 2019-01-16 07:44:04 |
| 8894 || -8.05173986194319 || 2010-08-14 06:22:45 |
| 8895 || 11.9492439661442 || 2019-10-11 05:56:47 |
| 8896 || 2.56470284749298 || 2018-08-18 11:55:09 |
| 8897 || 48.4374754647155 || 2010-07-14 16:43:19 |
| 8898 || 26.1186148641035 || 2018-03-22 07:31:15 |
| 8899 || -10.4376923287386 || 2014-12-03 08:56:48 |
| 8900 || 15.6278362364963 || 2012-12-14 05:14:20 |
| 8901 || 2.39199655099332 || 2014-08-02 08:22:56 |
| 8902 || 45.1658390758884 || 2010-05-15 19:23:35 |
| 8903 || 87.0633520628425 || 2012-09-09 13:52:13 |
| 8904 || 6.92257246844611 || 2012-12-11 19:58:07 |
| 8905 || 17.1359228820543 || 2015-09-05 11:34:31 |
| 8906 || -0.182408956881192 || 2017-06-10 14:23:58 |
| 8907 || 3.40899246941359 || 2015-06-13 16:36:24 |
| 8908 || -19.5563034575535 || 2018-11-03 22:55:02 |
| 8909 || 57.0403252370782 || 2015-04-25 20:09:00 |
| 8910 || 18.1636957126581 || 2016-05-10 05:00:26 |
| 8911 || -0.0116649130565377 || 2011-08-13 17:44:00 |
| 8912 || 34.7382225429824 || 2014-08-01 20:29:47 |
| 8913 || 77.1862139719561 || 2012-08-19 16:46:40 |
| 8914 || 60.6219383409708 || 2014-05-10 10:33:23 |
| 8915 || 8.24013021815163 || 2015-11-16 10:30:45 |
| 8916 || -0.000349311945132413 || 2019-11-26 18:14:49 |
| 8917 || -5.00588527852691 || 2016-04-26 18:03:33 |
| 8918 || -23.2940680002696 || 2010-05-20 12:47:52 |
| 8919 || 50.4528906874536 || 2013-10-10 20:24:22 |
| 8920 || 34.9994701699798 || 2011-05-09 08:10:07 |
| 8921 || 0.0176863630154357 || 2012-08-16 07:58:03 |
| 8922 || 13.9683893106555 || 2013-01-04 19:18:05 |
| 8923 || -0.327629837215317 || 2019-12-24 10:10:05 |
| 8924 || 30.803817245167 || 2016-06-07 06:38:59 |
| 8925 || -1.79407070262204 || 2016-08-22 13:15:40 |
| 8926 || 0.747027234971895 || 2014-09-20 00:34:55 |
| 8927 || 18.5238629437168 || 2019-06-04 14:53:12 |
| 8928 || -17.7220558752849 || 2010-10-07 12:51:39 |
| 8929 || 40.0968048623135 || 2019-02-06 14:53:16 |
| 8930 || 18.5853346573228 || 2019-04-04 23:25:24 |
| 8931 || -0.0379219448925505 || 2013-10-18 03:01:17 |
| 8932 || 5.72647574214025 || 2016-04-18 12:47:37 |
| 8933 || 21.1315627700596 || 2010-04-15 14:28:18 |
| 8934 || -7.71621558386974 || 2018-05-13 07:10:09 |
| 8935 || 17.6247348270837 || 2012-12-03 06:32:31 |
| 8936 || 5.07753938075317 || 2018-10-18 00:41:09 |
| 8937 || 11.1695116919022 || 2015-02-20 22:15:52 |
| 8938 || 48.994535390503 || 2019-07-08 18:46:36 |
| 8939 || 89.7459250599833 || 2013-03-12 23:00:52 |
| 8940 || 56.7349370350274 || 2017-11-01 04:52:50 |
| 8941 || 3.93815932296345 || 2012-07-02 01:16:18 |
| 8942 || 4.77681679131544 || 2018-09-07 22:37:39 |
| 8943 || 40.9870132671786 || 2011-06-18 17:51:53 |
| 8944 || 78.5125691836532 || 2013-03-17 01:19:38 |
| 8945 || -20.7256951707314 || 2010-06-09 15:15:15 |
| 8946 || 6.4629238419685 || 2010-05-20 19:59:26 |
| 8947 || 1.30457099654704 || 2015-11-06 04:35:41 |
| 8948 || -17.3441552202731 || 2018-01-12 12:38:57 |
| 8949 || 69.0263968742565 || 2010-07-07 07:08:53 |
| 8950 || 35.9702036938064 || 2019-12-11 19:06:51 |
| 8951 || -2.65683344194496 || 2019-08-03 21:31:41 |
| 8952 || 0.770341944336566 || 2016-02-11 23:10:16 |
| 8953 || -5.42803405600649 || 2014-01-17 20:16:54 |
| 8954 || 58.7461925018041 || 2011-09-16 18:34:22 |
| 8955 || 67.4642791029872 || 2016-07-24 00:43:15 |
| 8956 || -2.88573035914558 || 2014-11-23 22:03:45 |
| 8957 || 0.424239755385935 || 2011-12-12 23:25:13 |
| 8958 || 35.3967817344528 || 2014-08-11 15:30:35 |
| 8959 || 59.5095381143979 || 2016-02-25 11:17:42 |
| 8960 || 38.5594427990174 || 2011-05-02 10:40:39 |
| 8961 || 24.3175951906024 || 2018-09-06 12:33:54 |
| 8962 || 0.0237305317301827 || 2010-12-13 18:13:33 |
| 8963 || 34.9777408028256 || 2014-10-05 02:13:54 |
| 8964 || 35.4311452469245 || 2016-01-13 10:29:52 |
| 8965 || -24.7463377708588 || 2010-11-16 21:43:19 |
| 8966 || 2.97214833221999 || 2016-02-18 13:36:27 |
| 8967 || 0.00164591993167413 || 2019-09-06 20:59:17 |
| 8968 || -8.98421987703374 || 2015-11-18 21:06:32 |
| 8969 || 47.3865046031787 || 2010-11-16 04:34:18 |
| 8970 || 29.7156207933438 || 2019-10-18 19:39:16 |
| 8971 || 19.457148503747 || 2013-03-02 21:37:45 |
| 8972 || -0.0309940792978562 || 2017-12-15 16:05:12 |
| 8973 || 0.0589479432511791 || 2016-07-24 16:46:37 |
| 8974 || 54.5163580682994 || 2011-06-25 07:15:03 |
| 8975 || 19.5394175941823 || 2010-01-09 23:56:37 |
| 8976 || -7.38912814736898 || 2013-05-22 20:45:22 |
| 8977 || -0.284801462927982 || 2015-11-15 06:18:34 |
| 8978 || 17.9614100023528 || 2015-10-19 09:20:52 |
| 8979 || 35.6231683563962 || 2015-06-27 05:35:47 |
| 8980 || 37.4517056549935 || 2018-10-15 04:15:04 |
| 8981 || 39.948652074926 || 2013-01-10 05:36:06 |
| 8982 || 0.391105604256435 || 2013-04-02 07:24:43 |
| 8983 || 0.0320734289271793 || 2017-02-14 16:22:13 |
| 8984 || -15.0457745395329 || 2019-01-02 05:12:26 |
| 8985 || -29.6858907614717 || 2010-07-05 12:00:56 |
| 8986 || -15.1251495436358 || 2014-11-25 08:23:30 |
| 8987 || 4.91859181643125 || 2016-02-27 08:42:00 |
| 8988 || 0.484295965124939 || 2010-10-01 06:09:38 |
| 8989 || 12.0260980710578 || 2011-01-09 14:02:52 |
| 8990 || 88.9996177555529 || 2019-11-12 19:00:58 |
| 8991 || -16.8755154853184 || 2012-10-23 01:52:47 |
| 8992 || -2.4597207675496 || 2010-11-06 18:04:50 |
| 8993 || 7.28914489272417 || 2012-07-22 19:54:05 |
| 8994 || 31.018431925775 || 2012-08-01 13:32:26 |
| 8995 || 77.3524233200911 || 2012-10-11 16:52:15 |
| 8996 || -17.0427432010872 || 2014-01-09 07:42:43 |
| 8997 || 10.2986551327261 || 2016-04-10 03:18:06 |
| 8998 || -0.545572688303745 || 2011-03-23 15:41:58 |
| 8999 || 39.5388695534347 || 2011-02-06 20:58:45 |
| 9000 || -3.14216433285327 || 2017-01-21 00:50:29 |
| 9001 || 13.529042557191 || 2011-04-01 03:48:01 |
| 9002 || 8.56266030434726 || 2010-01-12 12:05:07 |
| 9003 || -0.502667507071258 || 2015-09-24 17:52:56 |
| 9004 || 2.53984609995359 || 2015-11-09 06:58:43 |
| 9005 || 17.4208661929131 || 2016-07-04 15:58:40 |
| 9006 || 2.06483663079879 || 2016-03-27 08:18:57 |
| 9007 || -3.82060439829506 || 2019-07-02 15:44:34 |
| 9008 || 1.70693549024243 || 2010-03-09 01:37:15 |
| 9009 || 5.8342499078082 || 2011-03-20 23:27:26 |
| 9010 || 24.5766681093177 || 2010-09-11 09:51:22 |
| 9011 || -24.3749916181056 || 2011-06-07 16:22:52 |
| 9012 || 6.20445836173457 || 2014-05-13 10:54:15 |
| 9013 || 0.200312165888421 || 2011-08-10 20:59:07 |
| 9014 || 20.4373077317107 || 2014-10-07 22:59:09 |
| 9015 || -25.3481095079934 || 2016-12-12 07:02:24 |
| 9016 || -19.3362428685749 || 2019-08-11 20:38:14 |
| 9017 || 11.1021140522403 || 2012-03-05 10:53:31 |
| 9018 || 0.0148692190858454 || 2015-07-18 06:02:49 |
| 9019 || -10.127425898402 || 2018-09-23 02:07:23 |
| 9020 || -25.1005333155514 || 2014-06-11 03:54:38 |
| 9021 || -3.69735859033434 || 2016-11-13 17:40:59 |
| 9022 || -10.3565761123061 || 2019-08-21 18:56:42 |
| 9023 || 0.117681914947182 || 2016-02-09 02:12:04 |
| 9024 || 18.5740594844139 || 2014-05-10 13:36:16 |
| 9025 || -6.83544818088611 || 2017-03-11 00:06:50 |
| 9026 || 10.477564316527 || 2017-02-19 05:24:09 |
| 9027 || 38.7364244383287 || 2017-08-10 08:24:39 |
| 9028 || 0.914353872824519 || 2011-02-22 03:33:06 |
| 9029 || -6.77450341241313 || 2018-02-05 10:10:24 |
| 9030 || -9.6795534588691 || 2010-09-26 22:59:32 |
| 9031 || -11.2076185679304 || 2010-06-11 18:12:45 |
| 9032 || 35.1680870834486 || 2011-06-09 20:57:02 |
| 9033 || 1.04494092042671 || 2012-07-01 07:16:00 |
| 9034 || 12.9195024417958 || 2016-05-04 19:06:57 |
| 9035 || 57.5512898697096 || 2017-09-25 02:09:41 |
| 9036 || 57.5726708932603 || 2013-07-19 15:51:56 |
| 9037 || -10.8846676013067 || 2014-10-07 15:35:59 |
| 9038 || 1.46569394497524 || 2010-07-25 21:14:41 |
| 9039 || -2.87973325171317 || 2019-02-22 18:09:58 |
| 9040 || -20.9944353069548 || 2017-09-22 05:57:33 |
| 9041 || -26.0830336722096 || 2011-08-20 14:28:20 |
| 9042 || 21.4916232505243 || 2013-09-18 12:56:00 |
| 9043 || 3.82360550690334 || 2013-11-02 09:03:32 |
| 9044 || 1.93212917387925 || 2018-08-03 12:06:03 |
| 9045 || 7.24828795032914 || 2018-07-23 08:21:36 |
| 9046 || 15.5551022940557 || 2011-10-18 06:03:10 |
| 9047 || 51.3213900640566 || 2015-01-09 01:37:10 |
| 9048 || 7.76220802289474 || 2012-03-02 19:57:31 |
| 9049 || -0.621413278927924 || 2017-01-13 17:12:54 |
| 9050 || 17.4143085942998 || 2012-06-08 18:19:56 |
| 9051 || -13.8692655308073 || 2013-03-24 01:10:25 |
| 9052 || 56.5914580673913 || 2010-11-23 14:29:29 |
| 9053 || 1.00570218596672 || 2017-04-05 20:22:13 |
| 9054 || 0.0369980910863865 || 2011-05-04 17:23:08 |
| 9055 || 42.2458146794332 || 2012-03-27 18:06:13 |
| 9056 || 67.2102986966587 || 2012-05-23 09:50:25 |
| 9057 || 66.4014663359433 || 2018-03-25 19:22:10 |
| 9058 || -3.64967912105911 || 2012-07-16 13:09:45 |
| 9059 || -0.331756655317635 || 2011-04-26 09:19:21 |
| 9060 || -11.6990516631119 || 2017-12-19 15:23:55 |
| 9061 || -10.4373286793575 || 2012-07-12 00:25:48 |
| 9062 || 8.68483032998445 || 2016-04-22 16:01:34 |
| 9063 || 21.3493352777237 || 2015-04-21 22:51:05 |
| 9064 || 0.704201037013843 || 2016-07-27 19:51:36 |
| 9065 || 32.1958424425667 || 2014-04-20 20:01:29 |
| 9066 || 51.9187058343274 || 2014-09-19 13:10:34 |
| 9067 || 4.51032504031917 || 2016-12-13 12:19:45 |
| 9068 || 0.504293821265898 || 2019-07-19 19:23:15 |
| 9069 || 0.0737915981001664 || 2016-05-09 20:42:28 |
| 9070 || 12.6499099530774 || 2011-07-18 18:14:07 |
| 9071 || 15.1396597050485 || 2013-06-07 18:53:40 |
| 9072 || -6.53384133819851 || 2019-07-22 03:41:20 |
| 9073 || 7.31904457768927 || 2018-06-12 03:23:51 |
| 9074 || -0.00103792935611474 || 2010-10-08 02:17:54 |
| 9075 || 1.11515349076272 || 2016-06-25 02:03:44 |
| 9076 || 63.0635090065718 || 2014-07-12 17:49:00 |
| 9077 || 15.3001459593994 || 2015-09-06 14:25:40 |
| 9078 || -5.37009901513405 || 2011-01-13 19:22:06 |
| 9079 || -0.0114173488971387 || 2015-10-08 21:37:45 |
| 9080 || 22.0875754744845 || 2018-01-26 18:51:27 |
| 9081 || 39.727589964286 || 2018-01-25 17:38:50 |
| 9082 || 7.4201417135631 || 2015-12-13 09:39:40 |
| 9083 || -13.0311608398236 || 2010-01-22 08:19:57 |
| 9084 || 0.912363044437812 || 2018-12-10 22:13:30 |
| 9085 || -5.0068791344939 || 2017-10-23 03:29:35 |
| 9086 || 13.7918172246781 || 2019-12-06 01:54:33 |
| 9087 || -21.6862208271234 || 2015-11-07 15:42:55 |
| 9088 || 48.1313091647334 || 2016-05-27 11:11:12 |
| 9089 || -1.25299162689148 || 2018-05-25 04:00:54 |
| 9090 || -3.44776538301106 || 2016-12-04 03:55:20 |
| 9091 || 60.4691412555723 || 2011-07-11 23:16:10 |
| 9092 || 89.0726849066884 || 2014-04-04 15:04:56 |
| 9093 || 24.1256653770605 || 2014-03-25 19:01:00 |
| 9094 || -0.00302468937214279 || 2019-03-21 12:31:52 |
| 9095 || -1.97124690021233 || 2017-01-18 04:55:30 |
| 9096 || 57.9029724463506 || 2019-06-18 09:23:52 |
| 9097 || -27.5008647696292 || 2019-05-23 10:58:28 |
| 9098 || 47.7395676858991 || 2016-05-11 03:55:21 |
| 9099 || -2.91041045587307 || 2012-07-17 04:47:08 |
| 9100 || 4.79669214342468 || 2018-09-09 23:21:44 |
| 9101 || 50.0938517156633 || 2017-05-20 11:38:39 |
| 9102 || 67.2376973753509 || 2011-11-21 07:28:23 |
| 9103 || 47.2750316520097 || 2015-03-20 22:14:22 |
| 9104 || 5.90654492876838 || 2010-04-22 01:46:35 |
| 9105 || -0.906425553174419 || 2014-07-20 17:31:16 |
| 9106 || 49.0075931172674 || 2013-01-03 11:24:33 |
| 9107 || -24.4355905614802 || 2014-01-09 11:48:58 |
| 9108 || 63.1237792865391 || 2012-04-13 11:43:03 |
| 9109 || 4.74416811796232 || 2012-05-10 12:27:14 |
| 9110 || 2.09184997526719 || 2016-02-16 17:05:11 |
| 9111 || 42.7620178365207 || 2012-05-17 13:53:46 |
| 9112 || 68.5880663189236 || 2019-10-27 04:37:50 |
| 9113 || 47.6086363804891 || 2018-08-27 18:37:40 |
| 9114 || -4.19207148088576 || 2012-04-09 08:50:53 |
| 9115 || 0.889620639273129 || 2016-01-05 16:18:15 |
| 9116 || 30.2259487801001 || 2015-06-26 17:43:49 |
| 9117 || -28.316134357277 || 2015-08-27 05:15:15 |
| 9118 || 16.6147638984589 || 2015-07-08 23:28:16 |
| 9119 || 2.97013480581113 || 2015-02-25 16:19:18 |
| 9120 || 0.109782696524929 || 2011-11-27 23:48:01 |
| 9121 || 26.3923392591839 || 2013-02-22 17:29:11 |
| 9122 || -27.3062996539036 || 2011-02-18 01:50:32 |
| 9123 || 7.71624935560845 || 2011-03-25 17:39:21 |
| 9124 || -10.5928834649685 || 2016-05-12 08:34:32 |
| 9125 || -0.00668501370927403 || 2013-01-14 02:48:19 |
| 9126 || 21.4854054707237 || 2011-10-09 10:29:35 |
| 9127 || 78.7618929075303 || 2017-09-13 17:45:05 |
| 9128 || 24.7212088271599 || 2019-08-21 03:39:24 |
| 9129 || -11.9510111447147 || 2010-08-17 19:13:35 |
| 9130 || 0.161926146625177 || 2010-05-03 06:57:04 |
| 9131 || 5.16821803302961 || 2015-02-08 20:48:32 |
| 9132 || 19.7327911448723 || 2017-07-15 02:35:32 |
| 9133 || 32.3842435130835 || 2015-09-02 05:53:24 |
| 9134 || 38.892854308301 || 2015-08-07 22:52:40 |
| 9135 || 1.17023654505793 || 2014-07-27 20:32:17 |
| 9136 || 18.8179978987642 || 2018-03-10 04:56:59 |
| 9137 || -10.7522721222771 || 2018-04-07 20:07:12 |
| 9138 || 59.9807016193111 || 2019-04-21 21:02:08 |
| 9139 || -9.97649671851505 || 2010-05-23 10:53:19 |
| 9140 || 2.14781387064176 || 2010-08-16 08:51:34 |
| 9141 || -4.82158630656596 || 2014-07-27 11:46:49 |
| 9142 || 60.7688363274737 || 2012-12-18 23:10:00 |
| 9143 || 87.9515851191839 || 2015-03-13 23:53:01 |
| 9144 || -12.2086695993098 || 2018-11-27 08:41:29 |
| 9145 || 6.04812191925583 || 2013-09-22 04:28:00 |
| 9146 || 4.17730113011957 || 2013-04-13 02:57:14 |
| 9147 || 13.5133759073407 || 2013-02-22 09:42:43 |
| 9148 || 35.4121785621459 || 2019-07-20 22:38:13 |
| 9149 || 51.6239739491724 || 2019-09-13 03:21:55 |
| 9150 || 3.86525467398553 || 2019-03-24 14:59:39 |
| 9151 || 4.44048165326736 || 2017-05-26 00:19:16 |
| 9152 || 50.3223932082615 || 2010-12-21 15:35:19 |
| 9153 || 72.3022956959787 || 2017-11-17 06:17:15 |
| 9154 || 27.3148730521476 || 2014-11-26 06:56:14 |
| 9155 || 2.77302317500749 || 2017-05-04 06:25:39 |
| 9156 || 1.46205388679576 || 2019-03-26 08:11:45 |
| 9157 || 22.3561907220405 || 2012-01-19 23:55:32 |
| 9158 || 72.8773028622411 || 2018-01-21 02:47:08 |
| 9159 || 59.755095044315 || 2013-04-04 21:09:44 |
| 9160 || 1.63053806059735 || 2014-04-07 21:40:32 |
| 9161 || -0.863850358522446 || 2014-05-15 07:08:08 |
| 9162 || -10.5443638045269 || 2010-02-05 21:16:32 |
| 9163 || 38.7677068500389 || 2016-01-04 07:55:19 |
| 9164 || 71.4834209961798 || 2010-08-12 19:41:59 |
| 9165 || 19.7281272691234 || 2014-08-12 11:59:51 |
| 9166 || 1.12519463947125 || 2017-06-21 14:06:52 |
| 9167 || 36.7161548764936 || 2019-06-16 11:00:50 |
| 9168 || 4.67582281346113 || 2017-03-13 20:36:52 |
| 9169 || -23.0206396869509 || 2013-02-18 01:33:02 |
| 9170 || 1.13474138099164 || 2017-01-14 15:54:37 |
| 9171 || 0.0359043419974684 || 2011-01-27 04:35:06 |
| 9172 || -9.45371376989801 || 2010-09-14 23:46:22 |
| 9173 || 10.8214040614773 || 2019-12-03 17:00:21 |
| 9174 || 79.0336113037512 || 2011-12-12 02:33:38 |
| 9175 || 0.0189219685187382 || 2014-06-20 22:44:28 |
| 9176 || 0.00231965051181995 || 2019-05-19 11:33:21 |
| 9177 || -2.37737255573105 || 2019-12-06 05:45:25 |
| 9178 || -23.8884659002145 || 2015-11-04 22:07:14 |
| 9179 || 2.91243786777892 || 2010-09-14 00:47:49 |
| 9180 || 11.9766261312611 || 2017-11-23 17:51:37 |
| 9181 || -0.135676556900979 || 2019-10-26 04:35:01 |
| 9182 || 24.1329970593161 || 2014-04-13 21:42:14 |
| 9183 || -8.25925238985084 || 2019-01-15 08:51:13 |
| 9184 || -28.3855068050791 || 2012-05-19 06:01:50 |
| 9185 || -9.47958196485868 || 2016-04-12 06:21:02 |
| 9186 || 0.22817442533067 || 2017-12-09 00:24:16 |
| 9187 || 17.9748720908769 || 2015-06-12 05:30:16 |
| 9188 || -19.0765895150894 || 2017-11-25 03:41:34 |
| 9189 || -27.0050669981442 || 2014-05-18 11:46:59 |
| 9190 || -10.4133809702655 || 2014-03-26 13:38:53 |
| 9191 || -1.06304438701958 || 2015-12-12 15:47:00 |
| 9192 || 14.8602566234225 || 2013-04-20 15:33:17 |
| 9193 || -22.3099858800756 || 2017-11-08 18:51:39 |
| 9194 || 86.5296053660161 || 2017-12-05 21:12:15 |
| 9195 || 49.5621805517286 || 2015-06-05 23:37:28 |
| 9196 || 4.77384322076957 || 2012-03-16 19:06:48 |
| 9197 || 7.35986228482647 || 2013-01-10 06:23:15 |
| 9198 || 10.4468611323981 || 2015-11-01 23:52:09 |
| 9199 || 73.6394949273776 || 2017-09-04 01:10:05 |
| 9200 || 57.4072548603729 || 2015-04-03 03:19:58 |
| 9201 || 3.60353878312139 || 2015-11-13 12:33:18 |
| 9202 || 3.64086167625199 || 2017-07-26 19:29:16 |
| 9203 || 53.2424508666163 || 2014-07-24 02:00:27 |
| 9204 || -27.3875093951675 || 2017-07-12 18:35:21 |
| 9205 || 52.5322285421381 || 2017-02-21 02:15:17 |
| 9206 || 0.259414376820499 || 2013-02-06 19:58:24 |
| 9207 || -1.18656183090835 || 2015-01-16 14:56:28 |
| 9208 || -5.09217413429417 || 2017-09-08 03:12:57 |
| 9209 || 57.4611030339002 || 2015-02-23 18:55:13 |
| 9210 || -22.093706290749 || 2012-07-14 19:03:52 |
| 9211 || -0.172392130855334 || 2017-11-24 21:24:08 |
| 9212 || -0.819783206328726 || 2013-06-23 14:42:21 |
| 9213 || 22.2898905004602 || 2013-02-21 22:25:11 |
| 9214 || 86.490202614639 || 2018-11-02 18:56:17 |
| 9215 || 56.7825750291901 || 2018-04-06 02:11:10 |
| 9216 || 17.5967007171567 || 2011-02-16 11:41:58 |
| 9217 || -0.0664175524850271 || 2012-08-27 14:15:13 |
| 9218 || 28.8328585319464 || 2014-09-25 00:26:38 |
| 9219 || -27.9065635444406 || 2015-05-13 01:02:11 |
| 9220 || 32.4435633857509 || 2010-03-19 16:19:23 |
| 9221 || 0.0407088792212119 || 2013-06-14 05:54:37 |
| 9222 || -0.105802317476625 || 2018-08-12 02:35:33 |
| 9223 || 9.60036772941972 || 2012-11-22 05:14:36 |
| 9224 || 5.22655224009166 || 2011-10-07 14:58:27 |
| 9225 || 76.0564820788814 || 2017-03-18 13:35:40 |
| 9226 || 8.73110159765822 || 2011-06-13 16:17:59 |
| 9227 || -0.000158349388333389 || 2016-01-24 12:59:18 |
| 9228 || 4.59156105356111 || 2018-04-09 22:04:29 |
| 9229 || 10.2992894831214 || 2015-06-12 20:44:25 |
| 9230 || 46.2708838001145 || 2018-01-16 19:43:48 |
| 9231 || 5.12795501680211 || 2019-03-21 22:13:58 |
| 9232 || 0.00670222876756037 || 2015-07-04 10:54:09 |
| 9233 || -3.70113808959501 || 2018-03-19 19:58:30 |
| 9234 || 11.0375203813013 || 2017-07-20 18:12:14 |
| 9235 || 27.6433971194244 || 2014-08-15 19:59:17 |
| 9236 || 21.9284446519685 || 2013-01-19 05:42:14 |
| 9237 || 1.08802866122676 || 2017-04-22 20:26:00 |
| 9238 || -6.82617417837851 || 2019-11-22 09:12:27 |
| 9239 || 21.1090336443872 || 2018-02-21 19:50:49 |
| 9240 || 80.071475520244 || 2018-04-21 14:18:15 |
| 9241 || -12.9506184939848 || 2012-04-14 02:48:18 |
| 9242 || 2.7759939398046 || 2018-12-05 18:41:07 |
| 9243 || 15.8550741208397 || 2013-06-15 08:01:05 |
| 9244 || 67.0939330352097 || 2010-10-14 21:55:30 |
| 9245 || -18.8791609325082 || 2018-01-25 00:00:20 |
| 9246 || -16.5631819829554 || 2018-07-26 19:11:18 |
| 9247 || -0.983759300193622 || 2015-01-08 02:39:13 |
| 9248 || 7.37491608683338 || 2010-09-01 10:56:39 |
| 9249 || 33.3415402381475 || 2012-05-16 06:10:30 |
| 9250 || -5.20026798432838 || 2017-03-06 00:09:26 |
| 9251 || -18.6733968468677 || 2010-11-11 02:17:36 |
| 9252 || 7.63629156018207 || 2013-10-25 12:15:44 |
| 9253 || 0.832619632675037 || 2010-07-22 17:58:08 |
| 9254 || 27.1156782257091 || 2016-09-06 19:34:54 |
| 9255 || 45.7065344628608 || 2018-03-18 23:30:51 |
| 9256 || -18.3010569572026 || 2011-11-14 09:57:55 |
| 9257 || -1.70024524452872 || 2015-10-12 18:18:11 |
| 9258 || 2.68757397217572 || 2018-07-07 08:57:25 |
| 9259 || 10.18330017808 || 2010-02-27 19:19:32 |
| 9260 || -29.7384230878176 || 2012-06-27 05:52:47 |
| 9261 || -14.3646804318654 || 2015-12-09 05:13:36 |
| 9262 || 14.9849292269766 || 2019-09-06 13:03:42 |
| 9263 || 1.84096130219549 || 2014-03-02 12:15:13 |
| 9264 || -15.7462459923004 || 2019-12-21 08:06:58 |
| 9265 || 84.9634384776919 || 2017-07-20 12:02:46 |
| 9266 || -6.40629546491354 || 2015-05-04 09:07:37 |
| 9267 || 18.9643549234103 || 2013-11-26 18:50:01 |
| 9268 || 1.29300044194278 || 2011-10-10 06:33:12 |
| 9269 || 1.0609085175618 || 2014-08-20 18:32:44 |
| 9270 || -24.8802351129654 || 2010-10-10 11:31:48 |
| 9271 || 73.5600350199002 || 2019-07-16 07:20:12 |
| 9272 || 19.1467933224794 || 2012-06-04 07:12:10 |
| 9273 || 0.0823987219111652 || 2016-10-13 20:32:33 |
| 9274 || 26.6146537547639 || 2013-04-17 16:01:18 |
| 9275 || 78.2664860366197 || 2011-04-03 10:17:32 |
| 9276 || 72.4888230479787 || 2011-12-16 02:04:45 |
| 9277 || 15.7563253600955 || 2015-02-16 01:05:45 |
| 9278 || 0.0175070561465621 || 2013-12-13 15:49:17 |
| 9279 || 0.176219812235329 || 2011-10-18 09:54:55 |
| 9280 || 68.3283522602595 || 2014-03-12 12:03:48 |
| 9281 || 25.8235285946802 || 2016-02-27 10:08:54 |
| 9282 || 31.0500361345646 || 2010-03-04 05:24:00 |
| 9283 || -0.0646510004946336 || 2015-03-06 23:55:18 |
| 9284 || 7.19481833328705 || 2014-08-06 21:57:36 |
| 9285 || 76.8415436686063 || 2017-01-26 02:08:02 |
| 9286 || 44.0492435855851 || 2016-01-02 12:02:30 |
| 9287 || 15.6663042877577 || 2017-02-14 01:29:43 |
| 9288 || 0.683744062178709 || 2019-05-27 15:03:56 |
| 9289 || -6.39348677221116 || 2013-10-09 18:16:19 |
| 9290 || -21.3251772463953 || 2010-05-19 23:28:07 |
| 9291 || 50.7909760648014 || 2019-01-12 02:24:56 |
| 9292 || 40.0258476858293 || 2016-06-09 23:31:29 |
| 9293 || -0.793094097869734 || 2011-09-05 15:32:06 |
| 9294 || 4.87629886683412 || 2016-01-19 22:24:54 |
| 9295 || -11.2713933636013 || 2010-01-22 17:09:17 |
| 9296 || -28.764188991277 || 2018-08-23 06:10:33 |
| 9297 || 40.817948966782 || 2015-04-21 07:18:22 |
| 9298 || -0.728116748905082 || 2019-11-02 19:47:28 |
| 9299 || 10.7622200978469 || 2013-11-04 21:10:17 |
| 9300 || 40.6251853418111 || 2019-11-24 16:27:36 |
| 9301 || 86.4156320841909 || 2011-03-25 08:06:48 |
| 9302 || 23.4026741403821 || 2018-11-03 13:20:35 |
| 9303 || -1.22665029836473 || 2013-09-21 13:44:16 |
| 9304 || 4.27683969528468 || 2015-02-20 05:25:46 |
| 9305 || 43.275223827534 || 2018-09-21 03:07:58 |
| 9306 || 77.6246616973215 || 2012-04-02 23:23:56 |
| 9307 || 21.8767096275394 || 2019-09-08 21:10:47 |
| 9308 || 4.45452213028656 || 2019-02-15 18:21:14 |
| 9309 || -1.06031751043586 || 2018-11-04 16:50:13 |
| 9310 || 26.0870855788392 || 2016-09-25 04:43:36 |
| 9311 || 19.6332932977673 || 2010-06-18 22:08:49 |
| 9312 || 18.6720785843823 || 2019-04-06 13:44:53 |
| 9313 || 5.16935573438007 || 2011-09-10 11:45:11 |
| 9314 || 2.97838758261918 || 2012-11-26 11:33:08 |
| 9315 || 19.3157228188854 || 2016-07-08 03:31:18 |
| 9316 || 64.5450282809518 || 2015-05-26 03:05:58 |
| 9317 || -0.753135966876511 || 2019-03-19 14:40:52 |
| 9318 || -6.12959087744517 || 2012-03-14 05:00:48 |
| 9319 || 1.34143241797376 || 2010-01-13 15:10:29 |
| 9320 || 14.6084329103164 || 2019-12-05 23:55:01 |
| 9321 || 29.5798189968135 || 2015-06-22 23:29:58 |
| 9322 || 17.1227852218648 || 2015-11-03 06:23:02 |
| 9323 || 17.5613218736882 || 2010-06-13 13:28:50 |
| 9324 || 0.335052350248223 || 2014-09-14 03:46:14 |
| 9325 || 15.9329132242168 || 2013-06-16 05:36:12 |
| 9326 || 1.78932755722856 || 2014-11-19 20:22:53 |
| 9327 || -25.9309755067802 || 2010-12-24 01:38:56 |
| 9328 || -4.01779699056401 || 2011-08-15 12:04:42 |
| 9329 || 0.0479597141921867 || 2019-06-25 09:09:29 |
| 9330 || -2.14470825673007 || 2014-04-04 18:43:08 |
| 9331 || 47.0112383705547 || 2015-06-25 21:16:11 |
| 9332 || -26.0173718180032 || 2010-10-03 03:47:04 |
| 9333 || 27.8270105426669 || 2012-12-03 02:58:49 |
| 9334 || -0.0284614436552801 || 2015-07-22 00:12:07 |
| 9335 || 19.9122103055148 || 2014-01-09 22:06:16 |
| 9336 || 60.854071043074 || 2017-05-27 14:43:13 |
| 9337 || 77.1214992006533 || 2013-06-21 22:20:58 |
| 9338 || -4.48879854433129 || 2012-12-22 19:49:40 |
| 9339 || 0.785785582117777 || 2010-01-23 16:19:54 |
| 9340 || 8.36087074687961 || 2010-03-01 15:34:31 |
| 9341 || 71.6960809623952 || 2010-02-10 20:55:22 |
| 9342 || 65.7159448171087 || 2015-01-08 06:40:44 |
| 9343 || -6.73978975217863 || 2013-04-26 18:42:49 |
| 9344 || -0.679454715583719 || 2010-02-07 18:06:54 |
| 9345 || -4.09588817096982 || 2013-09-07 02:54:57 |
| 9346 || 55.6820295985833 || 2016-11-23 10:08:16 |
| 9347 || -2.47150350782466 || 2018-02-23 08:42:28 |
| 9348 || 13.8409579941336 || 2017-02-14 18:26:04 |
| 9349 || 0.275170687779503 || 2014-09-24 02:38:21 |
| 9350 || 6.38616234174054 || 2015-07-24 23:40:02 |
| 9351 || -13.0752640953513 || 2015-03-05 13:30:40 |
| 9352 || 68.6448103712917 || 2012-05-02 02:07:52 |
| 9353 || -16.2931994492501 || 2015-05-12 08:04:50 |
| 9354 || 2.7705569544943 || 2017-01-17 08:57:48 |
| 9355 || 2.16425887285945 || 2016-04-21 19:11:42 |
| 9356 || 0.957420593810714 || 2010-03-04 18:01:27 |
| 9357 || 44.1782337374751 || 2013-05-08 17:32:17 |
| 9358 || -18.5868496219519 || 2013-05-27 23:16:35 |
| 9359 || 7.97066713851016 || 2013-07-10 11:10:24 |
| 9360 || 0.515543434789764 || 2017-07-21 02:24:38 |
| 9361 || 16.8271290929499 || 2017-09-03 07:26:34 |
| 9362 || 67.3977221882349 || 2018-10-18 13:33:28 |
| 9363 || 54.9580262449397 || 2018-02-06 08:56:07 |
| 9364 || -3.82939396419231 || 2013-06-18 08:26:47 |
| 9365 || 2.81010739578178 || 2017-06-15 05:13:03 |
| 9366 || 14.3350235016761 || 2013-09-21 09:26:03 |
| 9367 || 15.0972893367756 || 2019-05-19 19:30:57 |
| 9368 || -20.2752110058982 || 2017-03-27 07:19:26 |
| 9369 || 1.65989453300239 || 2017-10-07 23:49:00 |
| 9370 || -0.033111397988106 || 2016-05-23 06:46:02 |
| 9371 || -6.11469929726248 || 2013-03-26 21:22:46 |
| 9372 || -28.6029143619835 || 2011-01-12 20:51:59 |
| 9373 || 52.1714035944773 || 2017-01-14 03:38:11 |
| 9374 || -1.72003387284405 || 2011-07-01 14:47:23 |
| 9375 || -0.258629976783244 || 2011-11-25 11:07:34 |
| 9376 || 9.49126493886927 || 2014-05-12 02:47:56 |
| 9377 || -27.6768221476259 || 2013-08-10 00:51:41 |
| 9378 || 77.8166871498916 || 2019-09-07 00:57:17 |
| 9379 || 24.8583456348643 || 2012-12-01 19:55:29 |
| 9380 || 0.12164318900707 || 2010-05-09 14:19:23 |
| 9381 || -6.34238517523607 || 2015-01-03 08:08:02 |
| 9382 || 21.2709119129476 || 2011-12-20 17:01:57 |
| 9383 || 4.59860549388158 || 2010-12-06 12:43:45 |
| 9384 || 19.5988322167967 || 2014-09-10 05:04:06 |
| 9385 || 0.0498497684747072 || 2017-02-19 06:22:21 |
| 9386 || 16.5878999915982 || 2011-01-08 06:56:49 |
| 9387 || 29.5366097220068 || 2018-01-06 08:30:27 |
| 9388 || 71.7093108979921 || 2015-06-01 07:55:58 |
| 9389 || -12.1056083189611 || 2013-12-22 03:29:00 |
| 9390 || 0.452405377628619 || 2015-11-12 20:08:54 |
| 9391 || 21.2139148751652 || 2015-04-17 17:57:43 |
| 9392 || 63.4529587718719 || 2014-05-06 14:50:06 |
| 9393 || 58.3825682727488 || 2018-06-02 16:05:48 |
| 9394 || 12.8504526062473 || 2016-11-05 14:39:03 |
| 9395 || 0.203553665832553 || 2015-04-21 06:03:52 |
| 9396 || -5.59762986356609 || 2010-05-01 08:58:27 |
| 9397 || 26.1554395981179 || 2019-11-15 08:04:35 |
| 9398 || 48.5879997572866 || 2014-02-12 09:29:07 |
| 9399 || 48.1187797860492 || 2011-01-26 00:21:55 |
| 9400 || 1.59459536506437 || 2014-12-18 20:21:26 |
| 9401 || -3.42972561079799 || 2012-08-22 21:22:11 |
| 9402 || 62.3066007224964 || 2017-03-14 02:51:20 |
| 9403 || 9.48252044430023 || 2018-03-22 04:01:54 |
| 9404 || 26.0108041661666 || 2016-05-12 05:38:20 |
| 9405 || 0.137830046126539 || 2011-09-13 13:43:32 |
| 9406 || 5.58824512551369 || 2017-06-12 14:55:26 |
| 9407 || -7.30416691962705 || 2019-10-27 15:52:42 |
| 9408 || -24.2794251545832 || 2018-02-15 01:19:37 |
| 9409 || 7.33854228699441 || 2014-06-21 23:32:18 |
| 9410 || 4.99140516182319 || 2011-01-05 05:06:44 |
| 9411 || 1.76972320077278 || 2015-12-07 11:07:50 |
| 9412 || 15.4248158305673 || 2016-04-14 14:38:02 |
| 9413 || -29.0048935131817 || 2010-10-07 07:32:00 |
| 9414 || 63.5905650437516 || 2012-12-23 19:43:41 |
| 9415 || 9.08851256266504 || 2018-11-12 19:37:16 |
| 9416 || 1.08293779081202 || 2012-03-26 08:04:31 |
| 9417 || 50.3975660532176 || 2015-01-06 19:45:13 |
| 9418 || 68.5389585502997 || 2013-11-01 21:15:18 |
| 9419 || -19.9598716235284 || 2019-06-17 08:48:23 |
| 9420 || 2.73944443153272 || 2017-02-20 04:08:58 |
| 9421 || -0.324767010195638 || 2015-02-10 08:52:45 |
| 9422 || 37.5348082531935 || 2015-04-10 03:37:05 |
| 9423 || 85.529213550484 || 2019-02-12 11:18:02 |
| 9424 || 44.8214960453675 || 2015-10-23 11:33:18 |
| 9425 || 15.1114795629916 || 2016-12-01 03:30:50 |
| 9426 || 0.985216853445463 || 2018-09-24 11:41:53 |
| 9427 || 15.7241706554545 || 2015-09-12 11:30:50 |
| 9428 || -27.7894079711299 || 2014-01-22 01:41:01 |
| 9429 || 77.0408000349182 || 2014-02-09 08:20:51 |
| 9430 || 24.2323771296135 || 2012-03-11 21:49:51 |
| 9431 || 0.197334653803096 || 2019-06-21 20:44:56 |
| 9432 || 30.2953543540681 || 2015-08-21 04:48:30 |
| 9433 || 61.1302197340344 || 2014-10-21 18:35:52 |
| 9434 || 47.272495220968 || 2018-07-02 02:33:26 |
| 9435 || 29.5331201402152 || 2018-11-18 18:14:08 |
| 9436 || -0.00164138929782518 || 2016-07-08 01:15:12 |
| 9437 || 16.5370429628832 || 2016-02-27 04:55:13 |
| 9438 || 32.0964124080707 || 2014-01-22 16:14:36 |
| 9439 || 40.5339986922907 || 2011-12-19 12:43:56 |
| 9440 || 26.3017995950395 || 2015-04-21 00:04:49 |
| 9441 || 0.195138007541394 || 2017-07-06 13:38:32 |
| 9442 || -7.05958480939787 || 2018-09-13 13:49:03 |
| 9443 || 62.7277893834309 || 2014-09-03 04:47:20 |
| 9444 || -15.3071513338977 || 2011-02-11 15:46:14 |
| 9445 || -6.65415129327929 || 2011-02-20 05:11:59 |
| 9446 || 1.56516875161509 || 2011-05-01 15:10:38 |
| 9447 || 7.82206774743564 || 2012-11-18 19:01:42 |
| 9448 || 64.5100270073469 || 2018-06-04 23:43:42 |
| 9449 || -12.7066781870439 || 2017-11-19 23:04:34 |
| 9450 || 22.3211822149485 || 2012-08-04 11:39:10 |
| 9451 || 0.804204158544064 || 2015-03-19 03:39:52 |
| 9452 || 7.78466964555786 || 2011-06-19 04:35:49 |
| 9453 || 9.96903235972882 || 2011-12-22 00:20:02 |
| 9454 || 85.4332226036542 || 2011-08-16 14:43:57 |
| 9455 || -17.5367507594629 || 2017-06-05 02:42:48 |
| 9456 || 3.63515083511386 || 2011-11-27 06:56:14 |
| 9457 || -3.74362529935148 || 2010-09-25 06:28:16 |
| 9458 || 34.3788263850335 || 2015-01-11 23:44:50 |
| 9459 || -29.9240437054768 || 2015-08-03 20:09:10 |
| 9460 || 21.5865219524532 || 2019-12-14 16:08:02 |
| 9461 || 5.50573836668784 || 2012-10-14 21:25:19 |
| 9462 || -1.47672178899318 || 2015-11-11 19:36:19 |
| 9463 || 55.9194849961737 || 2017-09-08 14:25:38 |
| 9464 || 70.2432131257685 || 2013-04-25 08:49:00 |
| 9465 || -12.9659592873613 || 2010-10-07 04:07:12 |
| 9466 || 12.0407112926278 || 2017-10-19 04:59:33 |
| 9467 || -0.777412464573636 || 2018-09-07 08:57:20 |
| 9468 || -5.76947864263181 || 2018-09-19 20:36:25 |
| 9469 || 40.0658671589937 || 2016-06-16 19:16:47 |
| 9470 || -22.5459364939967 || 2012-07-04 17:39:59 |
| 9471 || 15.9880903691998 || 2013-01-23 03:12:31 |
| 9472 || 2.73880640245207 || 2017-05-13 21:10:13 |
| 9473 || 10.7710959846467 || 2015-11-27 12:40:45 |
| 9474 || -28.8533111716924 || 2011-05-26 13:44:47 |
| 9475 || -23.6542273166038 || 2018-07-13 08:42:08 |
| 9476 || 17.8804993797583 || 2013-01-07 07:45:06 |
| 9477 || 0.493603182272336 || 2019-07-02 01:14:26 |
| 9478 || 23.1682020043947 || 2014-03-15 23:01:53 |
| 9479 || 66.1181091907822 || 2018-08-09 13:29:11 |
| 9480 || 4.73931557653264 || 2017-12-19 02:18:02 |
| 9481 || 24.7651940274192 || 2015-04-18 05:58:09 |
| 9482 || 0.142417799912859 || 2015-11-17 05:46:32 |
| 9483 || -11.3359461193166 || 2010-11-16 00:17:33 |
| 9484 || 83.1768695948141 || 2016-12-02 19:28:31 |
| 9485 || 59.0882119968164 || 2017-11-19 21:45:10 |
| 9486 || 20.2491457564428 || 2019-04-01 00:05:56 |
| 9487 || 7.92687742485331e-06 || 2015-02-26 18:39:53 |
| 9488 || 29.3090793389993 || 2019-07-27 16:08:12 |
| 9489 || 0.0400704506035446 || 2013-08-12 18:49:40 |
| 9490 || -18.0226315679216 || 2016-05-07 16:21:28 |
| 9491 || 10.7895844783998 || 2014-09-07 10:15:56 |
| 9492 || 0.249428675268703 || 2017-05-27 03:04:27 |
| 9493 || 24.0692938542281 || 2018-04-25 17:52:35 |
| 9494 || -24.0292359641285 || 2014-08-03 03:07:44 |
| 9495 || -28.0928265997331 || 2019-03-13 00:15:03 |
| 9496 || 40.3430992343115 || 2012-06-05 18:11:57 |
| 9497 || 1.10788185060272 || 2011-05-15 10:49:34 |
| 9498 || 12.711233293747 || 2019-06-17 12:38:58 |
| 9499 || 22.2287024747145 || 2010-09-08 18:17:31 |
| 9500 || -22.0125816042792 || 2013-01-18 18:12:09 |
| 9501 || 38.9086970353696 || 2014-04-22 08:56:24 |
| 9502 || 2.89377705358467 || 2010-04-02 11:47:09 |
| 9503 || 6.79997087103405 || 2018-04-04 03:24:56 |
| 9504 || -4.8721268349579 || 2012-09-13 06:02:21 |
| 9505 || 83.6334385415909 || 2018-05-25 09:02:01 |
| 9506 || 45.0873689063549 || 2016-03-11 20:50:30 |
| 9507 || 2.92587819037576 || 2015-10-15 19:10:00 |
| 9508 || 11.1630120577733 || 2010-10-21 07:35:03 |
| 9509 || -18.2305828560162 || 2012-03-07 00:52:06 |
| 9510 || 58.9783790648265 || 2014-11-20 20:40:02 |
| 9511 || 7.47677183248898 || 2011-08-11 13:55:52 |
| 9512 || 0.0408863188651463 || 2010-07-07 01:42:32 |
| 9513 || -2.0113280596737 || 2018-08-24 21:16:10 |
| 9514 || 41.7274293196528 || 2014-10-10 23:32:45 |
| 9515 || 74.690437669123 || 2014-09-09 22:12:17 |
| 9516 || -19.1306751001225 || 2016-02-10 11:37:06 |
| 9517 || 4.53879291724919 || 2013-05-21 12:00:21 |
| 9518 || 5.61062837590191 || 2012-03-13 20:28:10 |
| 9519 || 52.1686536630424 || 2010-12-01 03:08:27 |
| 9520 || 5.60182940206558 || 2018-12-07 20:52:20 |
| 9521 || 42.9185150032867 || 2011-06-25 10:17:46 |
| 9522 || 15.2336888982215 || 2019-02-23 13:50:43 |
| 9523 || 1.07078447233059 || 2013-01-07 02:12:46 |
| 9524 || 41.5248329295962 || 2014-04-15 10:21:06 |
| 9525 || 31.6956928693992 || 2016-01-07 14:27:09 |
| 9526 || -0.697800034423553 || 2011-04-01 16:24:49 |
| 9527 || 3.98243298613689 || 2017-01-01 15:40:22 |
| 9528 || 1.14870159033395 || 2019-03-24 06:46:09 |
| 9529 || 14.1021865417991 || 2017-09-24 16:40:17 |
| 9530 || 60.7402539437412 || 2012-11-19 20:51:49 |
| 9531 || 44.6255515875962 || 2019-10-09 08:49:39 |
| 9532 || 20.0169226784859 || 2018-01-16 09:57:17 |
| 9533 || 0.055713254681637 || 2018-02-08 07:08:25 |
| 9534 || 36.1866266253371 || 2019-05-16 00:55:43 |
| 9535 || 83.3276089593888 || 2019-12-07 17:58:36 |
| 9536 || 13.3571924810332 || 2016-04-06 05:31:49 |
| 9537 || 17.8211143294289 || 2012-10-14 03:11:40 |
| 9538 || -0.00298908174994136 || 2019-12-26 08:42:48 |
| 9539 || -6.80199130781385 || 2014-10-22 11:31:26 |
| 9540 || 75.6588968106785 || 2018-08-10 00:26:27 |
| 9541 || 54.3190818277757 || 2013-07-04 20:07:25 |
| 9542 || -0.350826294644191 || 2013-05-18 13:53:55 |
| 9543 || 0.20613806497274 || 2019-07-27 08:36:17 |
| 9544 || 3.68033460069722 || 2010-08-26 03:05:52 |
| 9545 || 75.1335845075813 || 2017-01-08 19:06:46 |
| 9546 || 19.895016342122 || 2013-10-23 21:24:43 |
| 9547 || 2.63656791054203 || 2011-12-09 22:37:20 |
| 9548 || -0.309439361914379 || 2014-03-05 06:10:57 |
| 9549 || 1.19443630759625 || 2011-07-12 14:31:43 |
| 9550 || -6.85231462572486 || 2017-10-02 13:20:05 |
| 9551 || -15.4248348318004 || 2017-05-11 10:12:58 |
| 9552 || 2.80730627547996 || 2017-02-13 04:14:13 |
| 9553 || 0.525137791120303 || 2018-05-22 05:06:20 |
| 9554 || -4.12934601577594 || 2019-08-17 05:23:53 |
| 9555 || -22.5739351757599 || 2014-03-23 10:02:17 |
| 9556 || 54.1992042203384 || 2010-11-03 19:24:25 |
| 9557 || 24.0028647565307 || 2014-07-03 14:17:27 |
| 9558 || -0.660754828102771 || 2011-03-08 16:23:21 |
| 9559 || 12.6643704373658 || 2017-07-26 22:38:46 |
| 9560 || 12.805999664978 || 2018-01-18 10:11:35 |
| 9561 || 77.0405634941989 || 2018-09-21 05:41:33 |
| 9562 || -13.5383817245901 || 2019-07-04 02:46:05 |
| 9563 || 7.44396984293382 || 2018-10-09 14:45:56 |
| 9564 || 8.96044271388075 || 2010-06-27 17:57:47 |
| 9565 || 32.5338743270415 || 2011-10-09 08:07:02 |
| 9566 || 41.855192431513 || 2019-07-08 12:39:55 |
| 9567 || -8.34766578298576 || 2018-09-07 09:20:10 |
| 9568 || 3.2408175761031 || 2012-08-27 14:00:33 |
| 9569 || 5.33461053448003 || 2010-02-16 13:55:23 |
| 9570 || -3.20455543956858 || 2018-03-27 21:07:16 |
| 9571 || 7.48539420212365 || 2018-05-13 19:31:03 |
| 9572 || 12.2296833404852 || 2019-03-20 10:45:48 |
| 9573 || 4.45039197095494 || 2010-12-13 12:58:46 |
| 9574 || -1.20886033463914 || 2012-01-26 04:50:03 |
| 9575 || 44.4688658010433 || 2018-08-26 13:58:17 |
| 9576 || -1.13951719790114 || 2016-04-02 23:00:36 |
| 9577 || 46.0648444425773 || 2010-09-27 14:43:31 |
| 9578 || 17.2720506089286 || 2016-10-25 05:37:44 |
| 9579 || 1.41523759435694 || 2014-03-04 02:52:05 |
| 9580 || 38.1174717140564 || 2019-07-09 00:11:39 |
| 9581 || -24.2443627673462 || 2011-09-19 01:07:27 |
| 9582 || 23.8335485507556 || 2012-08-14 07:07:19 |
| 9583 || -6.01311171242041 || 2016-08-04 03:59:17 |
| 9584 || -0.162320353606774 || 2016-02-17 16:16:57 |
| 9585 || -4.71093796047104 || 2016-03-16 01:07:10 |
| 9586 || 38.9672547156456 || 2015-10-19 07:46:48 |
| 9587 || 78.6225868706398 || 2016-08-09 14:42:11 |
| 9588 || -8.29789742142575 || 2019-12-10 20:45:51 |
| 9589 || -0.0129812391602901 || 2013-01-09 12:03:49 |
| 9590 || -6.86291575671868 || 2010-08-12 04:33:41 |
| 9591 || -26.3545580815948 || 2012-07-19 21:21:54 |
| 9592 || -17.5502819250107 || 2016-04-02 10:39:27 |
| 9593 || 28.5337803964436 || 2013-02-05 01:13:36 |
| 9594 || -0.0299685528900704 || 2013-01-15 05:31:36 |
| 9595 || 22.6317247675459 || 2010-02-19 20:01:57 |
| 9596 || -19.8431975646034 || 2019-09-12 02:51:37 |
| 9597 || 84.0482543783674 || 2011-03-26 20:32:37 |
| 9598 || 38.4925065128252 || 2010-04-20 14:21:14 |
| 9599 || 0.752251928047914 || 2010-05-16 23:19:30 |
| 9600 || 16.1608904888396 || 2016-01-23 13:12:38 |
| 9601 || -24.3259930181206 || 2015-09-10 03:05:58 |
| 9602 || -17.8130959008657 || 2016-10-13 01:56:02 |
| 9603 || 43.6906239854003 || 2019-01-14 06:42:41 |
| 9604 || -0.419662879578782 || 2010-03-11 02:05:42 |
| 9605 || -2.25245087128157 || 2015-08-18 19:26:54 |
| 9606 || 60.0476494556193 || 2010-02-11 13:36:54 |
| 9607 || 87.9935530262292 || 2019-10-02 22:29:15 |
| 9608 || 7.26136389218391 || 2014-04-09 05:07:02 |
| 9609 || -1.26086061201835 || 2018-11-10 20:51:15 |
| 9610 || 3.63260290040514 || 2017-02-11 16:03:31 |
| 9611 || -21.5619017909984 || 2010-10-10 04:12:34 |
| 9612 || 71.4437859355028 || 2012-01-22 01:51:39 |
| 9613 || 52.3600475910638 || 2014-06-11 18:42:55 |
| 9614 || 3.42788145798916 || 2012-12-04 11:04:17 |
| 9615 || -3.2571902641981 || 2013-09-14 06:03:20 |
| 9616 || 45.3213711711833 || 2015-12-08 14:04:56 |
| 9617 || -28.0896395982816 || 2015-05-01 18:28:05 |
| 9618 || 29.9341068238316 || 2014-04-19 13:58:12 |
| 9619 || 9.36097879374543 || 2014-04-23 05:53:05 |
| 9620 || -2.15452952056134 || 2019-12-25 06:48:59 |
| 9621 || 53.5157627417632 || 2019-07-01 01:09:16 |
| 9622 || 41.4003980396133 || 2012-08-13 02:26:51 |
| 9623 || -12.4036483117987 || 2017-11-09 22:50:03 |
| 9624 || -2.64328215444435 || 2016-10-23 10:24:03 |
| 9625 || 3.60049698564775 || 2015-08-14 00:12:37 |
| 9626 || -14.4641868829245 || 2013-04-27 00:10:31 |
| 9627 || 47.1810352710234 || 2016-05-12 13:14:56 |
| 9628 || -22.8570967543475 || 2011-03-12 10:58:21 |
| 9629 || 5.4786758332815 || 2018-04-24 21:12:02 |
| 9630 || -0.217194331833983 || 2017-04-19 04:26:05 |
| 9631 || 29.90204929563 || 2012-11-20 00:01:48 |
| 9632 || 64.3277358783654 || 2012-06-12 11:10:38 |
| 9633 || 73.7944687138037 || 2015-03-22 23:56:10 |
| 9634 || -6.4699745940261 || 2015-08-01 19:46:42 |
| 9635 || 0.178028668160689 || 2011-11-24 07:49:46 |
| 9636 || 36.4093576984044 || 2017-06-23 04:36:17 |
| 9637 || -18.1719045401001 || 2010-09-12 16:12:34 |
| 9638 || -25.0592961427399 || 2011-05-15 04:53:45 |
| 9639 || 20.2420658505607 || 2016-04-16 05:22:32 |
| 9640 || 0.0587775930929975 || 2017-05-22 02:42:56 |
| 9641 || 18.1741905759931 || 2016-11-21 21:38:24 |
| 9642 || 19.9324435376818 || 2013-08-27 21:36:52 |
| 9643 || 24.8398859160276 || 2015-07-03 17:07:43 |
| 9644 || 5.68483042391677 || 2019-05-15 07:42:14 |
| 9645 || 0.0231929923319971 || 2013-08-11 12:37:26 |
| 9646 || -4.46512140814035 || 2010-05-12 09:17:42 |
| 9647 || 25.6071970759642 || 2017-03-25 14:27:45 |
| 9648 || -28.1126469298561 || 2016-04-22 20:02:51 |
| 9649 || 14.9044475020848 || 2014-08-27 21:59:30 |
| 9650 || 0.547497533446092 || 2012-11-12 09:30:14 |
| 9651 || -3.0068295636111 || 2012-11-19 16:44:00 |
| 9652 || 65.0228231526487 || 2011-05-07 02:24:57 |
| 9653 || -12.2931366269822 || 2018-06-23 21:19:30 |
| 9654 || 21.4413426730256 || 2015-11-17 05:04:11 |
| 9655 || -0.505911810176962 || 2010-11-17 22:53:20 |
| 9656 || -5.97799795723603 || 2011-06-13 01:34:18 |
| 9657 || 67.2912677227371 || 2013-09-04 21:04:04 |
| 9658 || 83.945276404101 || 2014-11-09 17:46:21 |
| 9659 || 32.1104070518971 || 2018-10-15 07:51:28 |
| 9660 || 0.577082639706347 || 2015-09-09 00:26:09 |
| 9661 || 0.618565666704494 || 2013-01-05 02:01:51 |
| 9662 || 0.28419598564348 || 2014-01-26 11:02:11 |
| 9663 || 89.5610798076034 || 2010-11-07 08:55:15 |
| 9664 || -15.6017812894724 || 2013-01-05 05:34:38 |
| 9665 || -2.03574456144191 || 2018-12-26 01:01:11 |
| 9666 || 10.3457198762372 || 2014-06-02 01:37:29 |
| 9667 || 25.056133707686 || 2018-11-20 00:27:06 |
| 9668 || 68.2005697738437 || 2017-02-02 16:57:45 |
| 9669 || 5.9186020989499 || 2018-01-07 19:56:08 |
| 9670 || -3.13770332808301 || 2013-05-14 02:01:46 |
| 9671 || -1.34791270172387 || 2019-12-04 10:21:03 |
| 9672 || 41.9348735539857 || 2018-07-06 19:41:53 |
| 9673 || -19.7195874111691 || 2010-09-09 04:12:55 |
| 9674 || 55.1561943752789 || 2010-02-24 07:56:01 |
| 9675 || 10.9045008804259 || 2012-04-20 02:19:52 |
| 9676 || -0.76310601369033 || 2015-02-14 21:16:19 |
| 9677 || 15.6819072542212 || 2011-07-02 05:19:21 |
| 9678 || 78.0088790488799 || 2017-12-18 19:39:25 |
| 9679 || 9.73526962132586 || 2010-06-13 21:55:15 |
| 9680 || -2.94816294431682 || 2012-09-26 18:47:57 |
| 9681 || -0.793268775761757 || 2019-07-07 03:09:57 |
| 9682 || 41.696378888439 || 2011-02-21 00:06:43 |
| 9683 || 40.5244391463937 || 2010-05-17 22:13:34 |
| 9684 || -4.05333021588121 || 2016-06-21 12:18:36 |
| 9685 || -7.0136875030805 || 2019-11-16 19:51:28 |
| 9686 || -0.023376036112853 || 2016-06-04 16:41:09 |
| 9687 || 22.5210131577621 || 2013-07-15 06:48:10 |
| 9688 || 21.1866159354424 || 2019-02-14 13:03:45 |
| 9689 || -19.0358129699619 || 2018-08-09 13:22:57 |
| 9690 || 8.04129608924838 || 2012-01-04 20:59:28 |
| 9691 || -0.00763061028665736 || 2018-04-07 00:47:06 |
| 9692 || -10.8979327005569 || 2013-01-09 16:06:57 |
| 9693 || -23.2466144798635 || 2014-02-10 07:54:15 |
| 9694 || -19.5275222610116 || 2019-07-12 16:00:26 |
| 9695 || 29.6653845831945 || 2012-01-20 14:50:48 |
| 9696 || -8.86219361429162e-05 || 2011-09-11 19:30:19 |
| 9697 || 8.44656148771852 || 2012-11-11 16:24:48 |
| 9698 || -11.482412093984 || 2011-10-01 22:49:31 |
| 9699 || 53.8482388100097 || 2015-01-16 09:52:52 |
| 9700 || 36.6663433593649 || 2019-05-22 18:36:28 |
| 9701 || -0.119932278688106 || 2013-03-02 23:52:31 |
| 9702 || -6.30315535198259 || 2011-06-16 05:27:58 |
| 9703 || -19.7151965057385 || 2011-08-13 06:21:40 |
| 9704 || -24.0585984528064 || 2018-09-22 14:43:17 |
| 9705 || -14.0115575314749 || 2019-12-09 05:06:37 |
| 9706 || 0.798149393436952 || 2012-09-12 10:47:04 |
| 9707 || -2.26632043459694 || 2018-01-24 13:04:36 |
| 9708 || 51.3016139875685 || 2016-12-18 19:42:57 |
| 9709 || 39.1903770792768 || 2010-12-18 01:53:26 |
| 9710 || 45.5643648091336 || 2019-04-15 22:17:17 |
| 9711 || 2.84483729662756 || 2016-02-03 04:46:27 |
| 9712 || 8.58500877215968 || 2013-11-11 15:05:05 |
| 9713 || 10.6902902642682 || 2010-07-20 22:19:04 |
| 9714 || -22.8109215735211 || 2013-10-18 14:48:26 |
| 9715 || -1.60015778435857 || 2018-12-21 06:59:00 |
| 9716 || 2.11619274492901 || 2017-11-17 11:08:27 |
| 9717 || 5.23802873267919 || 2017-10-12 08:27:05 |
| 9718 || -20.5478376145651 || 2017-08-06 10:56:41 |
| 9719 || 89.4112224455178 || 2013-02-15 06:04:39 |
| 9720 || 57.6501156673808 || 2015-02-09 16:28:47 |
| 9721 || -1.66811891718319 || 2019-11-27 05:07:48 |
| 9722 || 2.93259246863637 || 2018-07-03 13:47:49 |
| 9723 || 47.8808079540709 || 2011-07-06 16:39:31 |
| 9724 || 82.1379921127954 || 2016-04-19 16:35:15 |
| 9725 || 13.7961456005793 || 2019-06-23 22:18:50 |
| 9726 || 12.0674789643715 || 2014-10-15 03:08:09 |
| 9727 || 4.02448863078425 || 2012-02-19 07:29:19 |
| 9728 || -14.9713243609963 || 2010-05-27 14:28:28 |
| 9729 || 49.7206259423724 || 2018-06-20 03:23:44 |
| 9730 || -7.06093940639336 || 2016-09-10 00:39:03 |
| 9731 || 11.2512485829526 || 2010-08-11 14:30:47 |
| 9732 || 2.22993723241122 || 2017-11-22 08:20:50 |
| 9733 || 31.0938631649048 || 2014-11-08 06:49:00 |
| 9734 || 69.7358586595637 || 2015-02-06 23:29:35 |
| 9735 || 18.1576283188274 || 2013-09-27 19:22:42 |
| 9736 || 20.3859874189758 || 2015-08-04 19:45:09 |
| 9737 || 0.714840598320931 || 2016-01-17 19:27:04 |
| 9738 || 40.0049157954563 || 2010-07-18 10:56:31 |
| 9739 || -11.6463547050971 || 2012-09-15 15:21:24 |
| 9740 || 75.1980649286076 || 2013-05-10 02:13:23 |
| 9741 || 4.66056244624517 || 2018-03-21 19:18:35 |
| 9742 || -0.0763924036204158 || 2015-11-26 05:28:13 |
| 9743 || 12.3858296973494 || 2013-07-07 18:34:33 |
| 9744 || 80.1136669978289 || 2013-02-01 04:22:58 |
| 9745 || -1.62471575272891 || 2010-10-03 09:21:32 |
| 9746 || 24.4320845775121 || 2018-12-27 22:21:15 |
| 9747 || -0.000445518016273395 || 2015-02-11 20:43:01 |
| 9748 || 15.7197940719218 || 2015-08-25 07:28:21 |
| 9749 || -26.45481449521 || 2010-05-15 14:24:58 |
| 9750 || -10.7792380440855 || 2013-10-05 19:44:07 |
| 9751 || -7.63704289279534 || 2014-11-16 13:49:08 |
| 9752 || 0.00208424823967069 || 2018-07-16 14:38:13 |
| 9753 || 15.4647404227091 || 2017-07-24 04:39:31 |
| 9754 || 63.5196175148798 || 2013-11-02 10:56:32 |
| 9755 || -19.5696472546804 || 2015-05-07 02:43:33 |
| 9756 || 33.1220522133759 || 2014-03-20 22:56:11 |
| 9757 || -0.218786450053757 || 2012-10-26 22:18:21 |
| 9758 || 20.0163200658014 || 2016-10-09 04:30:48 |
| 9759 || 41.3441848732614 || 2015-10-24 17:07:00 |
| 9760 || 61.6988676018251 || 2016-05-22 06:16:58 |
| 9761 || -12.4873557532083 || 2016-11-16 22:03:40 |
| 9762 || 1.13599408477447 || 2017-09-26 19:21:19 |
| 9763 || 6.032851833143 || 2016-03-16 00:55:13 |
| 9764 || 56.2823776828306 || 2010-10-11 13:09:59 |
| 9765 || -9.5472702697394 || 2014-12-16 19:02:50 |
| 9766 || -2.40278029425894 || 2019-12-10 16:33:35 |
| 9767 || -0.84292373602556 || 2011-07-20 05:48:10 |
| 9768 || 8.05882450797629 || 2010-06-11 21:56:50 |
| 9769 || 3.38847487123437 || 2014-07-21 22:10:07 |
| 9770 || -3.75201864069097 || 2010-01-08 19:45:16 |
| 9771 || 44.2258055821622 || 2014-11-09 09:34:31 |
| 9772 || 5.06906293089162 || 2014-11-11 23:57:34 |
| 9773 || 3.8144840298193 || 2013-08-25 19:01:47 |
| 9774 || -0.639997428397794 || 2012-01-14 23:30:13 |
| 9775 || 13.5686134452233 || 2016-01-20 23:15:06 |
| 9776 || 55.5953214008127 || 2011-09-14 21:13:34 |
| 9777 || 9.05520925522323 || 2017-03-09 09:33:54 |
| 9778 || -1.67722252769187 || 2016-03-03 19:47:06 |
| 9779 || 21.8794134317412 || 2015-03-04 09:50:57 |
| 9780 || 82.1746380475304 || 2017-08-17 19:41:31 |
| 9781 || 34.8087274311311 || 2011-01-01 08:26:06 |
| 9782 || -2.33769886381661 || 2013-12-22 06:43:55 |
| 9783 || -1.05505493492015 || 2010-05-20 16:13:39 |
| 9784 || 34.1745829594308 || 2015-03-27 09:27:47 |
| 9785 || -4.44108208545569 || 2017-11-12 13:27:58 |
| 9786 || 26.928308817031 || 2015-10-09 15:14:30 |
| 9787 || -0.121245716158544 || 2019-02-14 19:05:09 |
| 9788 || -0.178702682407893 || 2013-09-01 14:45:46 |
| 9789 || 40.2375723766703 || 2016-07-16 19:21:00 |
| 9790 || -28.1795966346458 || 2011-07-16 08:15:52 |
| 9791 || 75.1048053758804 || 2014-08-12 16:23:39 |
| 9792 || 15.8136695652442 || 2015-03-19 09:04:51 |
| 9793 || 0.410018756820165 || 2019-07-11 07:12:23 |
| 9794 || -7.72520221292201 || 2014-05-19 09:47:18 |
| 9795 || -19.65197017039 || 2013-10-23 09:58:26 |
| 9796 || 74.3702174840202 || 2012-05-13 17:51:39 |
| 9797 || 25.3827938518787 || 2017-05-25 03:26:54 |
| 9798 || 0.000763107930253764 || 2016-06-27 19:54:37 |
| 9799 || 2.12044126179328 || 2014-07-13 21:58:43 |
| 9800 || 63.1001742397339 || 2017-11-16 12:08:38 |
| 9801 || 72.7253975997994 || 2018-03-05 19:53:39 |
| 9802 || 31.6173816882748 || 2013-11-04 16:33:34 |
| 9803 || 0.186799206850979 || 2017-10-02 16:49:05 |
| 9804 || 22.4013760835053 || 2011-04-19 19:55:51 |
| 9805 || -23.0784982423032 || 2012-06-05 09:08:32 |
| 9806 || 14.8202599697007 || 2015-10-11 22:11:40 |
| 9807 || 39.9399286697606 || 2018-09-05 23:47:26 |
| 9808 || 0.433369331928749 || 2018-12-25 00:20:14 |
| 9809 || 5.04874176736677 || 2010-07-24 15:47:11 |
| 9810 || 67.4865391823052 || 2015-01-15 08:11:18 |
| 9811 || 71.6126342412125 || 2012-05-08 09:19:14 |
| 9812 || -5.59265870526439 || 2015-04-13 17:58:40 |
| 9813 || 0.458444921504423 || 2014-10-19 21:11:10 |
| 9814 || 9.79502093374117 || 2015-06-22 20:13:41 |
| 9815 || -11.0785097328845 || 2018-10-23 03:59:06 |
| 9816 || -22.5535836161438 || 2015-10-04 10:00:12 |
| 9817 || -16.6262657368992 || 2019-06-24 19:55:51 |
| 9818 || 4.77128271598399 || 2010-06-04 06:23:58 |
| 9819 || -2.56180532357533 || 2010-08-09 23:08:52 |
| 9820 || -20.7409472259544 || 2015-04-16 00:05:16 |
| 9821 || 43.0951301575515 || 2012-01-01 18:16:15 |
| 9822 || 51.5602105665979 || 2019-08-27 04:04:34 |
| 9823 || 7.2646671014407 || 2014-04-26 21:07:33 |
| 9824 || 6.81046522529561 || 2011-05-17 05:22:48 |
| 9825 || 14.2487609520976 || 2014-06-20 00:28:01 |
| 9826 || -29.8722367970725 || 2010-03-23 12:54:40 |
| 9827 || -10.8102485434868 || 2019-06-10 08:05:46 |
| 9828 || 6.41928443022943 || 2014-02-26 07:38:30 |
| 9829 || -1.64966110934384 || 2013-12-15 20:12:27 |
| 9830 || 25.3997398989097 || 2016-11-14 03:59:05 |
| 9831 || 88.7744916168878 || 2018-10-02 02:42:42 |
| 9832 || -21.7491002291177 || 2012-10-21 10:03:19 |
| 9833 || 8.25843693439623 || 2019-12-22 00:18:36 |
| 9834 || 1.12322504977101 || 2019-01-21 16:07:21 |
| 9835 || 16.9189724717823 || 2013-03-12 13:46:34 |
| 9836 || 77.3952690685576 || 2013-12-05 10:13:07 |
| 9837 || -21.4303399962897 || 2011-06-03 22:23:15 |
| 9838 || 14.5538751146746 || 2013-05-22 15:06:45 |
| 9839 || 0.430516555070545 || 2010-12-14 08:19:28 |
| 9840 || 21.9995516892512 || 2017-10-27 10:14:05 |
| 9841 || 78.7547083898818 || 2017-08-25 18:47:24 |
| 9842 || 31.9370886942068 || 2010-07-14 14:02:54 |
| 9843 || -0.304420160751883 || 2018-10-18 03:54:33 |
| 9844 || 0.563096716954805 || 2012-02-03 08:52:58 |
| 9845 || -0.755282057279037 || 2018-08-09 07:52:14 |
| 9846 || 63.3928697658958 || 2019-01-13 19:33:43 |
| 9847 || 1.70422725822502 || 2017-10-03 17:09:40 |
| 9848 || 9.94282154585872 || 2015-03-02 17:03:46 |
| 9849 || 0.0279532766133183 || 2010-01-08 08:13:16 |
| 9850 || 0.823561364433701 || 2016-09-22 09:33:38 |
| 9851 || -12.4082209803245 || 2014-11-02 18:44:38 |
| 9852 || 35.373151304471 || 2014-08-06 00:05:07 |
| 9853 || -10.4549355136268 || 2010-01-01 18:21:45 |
| 9854 || 0.135916035127397 || 2016-01-26 10:39:23 |
| 9855 || 19.5253162524378 || 2017-07-21 14:19:02 |
| 9856 || 74.9502003323994 || 2010-04-19 00:32:48 |
| 9857 || -24.029861307261 || 2016-01-13 13:57:20 |
| 9858 || 31.5333794904045 || 2013-09-25 07:03:10 |
| 9859 || -0.0846567389917811 || 2013-08-24 17:48:37 |
| 9860 || 0.88224275889573 || 2014-12-13 23:34:35 |
| 9861 || 68.893547856184 || 2014-07-13 01:42:19 |
| 9862 || -24.6415339374901 || 2010-08-14 10:13:00 |
| 9863 || -0.0601341057236969 || 2010-08-12 21:17:41 |
| 9864 || 1.55676469369572 || 2017-03-17 21:56:46 |
| 9865 || 7.60506668927511 || 2014-04-14 10:52:12 |
| 9866 || 29.8135354795293 || 2019-12-26 20:14:53 |
| 9867 || -16.7333007246299 || 2015-07-21 05:39:33 |
| 9868 || 2.02076573485249 || 2013-12-04 17:17:48 |
| 9869 || 2.12719057092276 || 2012-05-17 06:50:44 |
| 9870 || -3.98958690644262 || 2015-09-16 14:59:33 |
| 9871 || 45.5345927330434 || 2017-03-19 17:25:40 |
| 9872 || -18.8809645600999 || 2012-01-03 02:02:11 |
| 9873 || 41.5941033632943 || 2019-10-18 10:21:09 |
| 9874 || 6.20954671711483 || 2016-04-09 02:12:13 |
| 9875 || 9.58920477375673 || 2012-05-05 07:04:23 |
| 9876 || -13.5306362280452 || 2016-11-04 19:56:15 |
| 9877 || 63.4190765603174 || 2015-02-10 17:36:38 |
| 9878 || 16.0751085468868 || 2018-12-03 21:13:36 |
| 9879 || 6.7299431301438 || 2010-06-18 15:55:51 |
| 9880 || -0.827180411740603 || 2010-05-17 10:28:09 |
| 9881 || 1.29980638514216 || 2017-01-01 19:03:54 |
| 9882 || -22.8051340297769 || 2016-01-14 13:07:38 |
| 9883 || -18.847521302661 || 2017-10-14 03:12:25 |
| 9884 || -4.63073561834354 || 2014-02-02 02:04:50 |
| 9885 || 3.66926292587571 || 2017-03-07 17:33:27 |
| 9886 || -6.53947685733661 || 2013-11-13 09:00:43 |
| 9887 || 9.51152056016121 || 2011-06-05 21:18:43 |
| 9888 || 63.1578259288583 || 2014-03-05 06:36:11 |
| 9889 || 9.66751646282127 || 2015-03-21 00:53:13 |
| 9890 || 1.60799953303375 || 2011-10-09 11:41:01 |
| 9891 || 32.8356326701235 || 2011-03-15 06:11:35 |
| 9892 || 13.0835502212423 || 2012-10-11 12:19:53 |
| 9893 || -21.6283468222987 || 2012-09-24 13:44:57 |
| 9894 || 20.4956559703928 || 2012-11-03 11:15:50 |
| 9895 || 0.535036939803743 || 2018-03-14 20:38:02 |
| 9896 || 26.1598344394731 || 2012-07-08 14:32:39 |
| 9897 || -12.1889823904207 || 2013-03-01 08:16:20 |
| 9898 || 69.2765865100049 || 2014-07-27 08:52:21 |
| 9899 || 18.7793792069185 || 2015-04-03 19:33:30 |
| 9900 || -0.0121405387211828 || 2011-10-14 07:47:19 |
| 9901 || 18.4791228806576 || 2018-01-04 11:55:55 |
| 9902 || -24.4001503295526 || 2017-11-04 16:29:58 |
| 9903 || 39.2386335586629 || 2012-06-11 01:59:23 |
| 9904 || -7.10907398452446 || 2016-01-18 08:41:21 |
| 9905 || 0.0640396728167612 || 2013-03-26 11:18:09 |
| 9906 || -8.85833863659 || 2017-11-22 05:39:41 |
| 9907 || -24.860606421224 || 2012-12-25 14:03:20 |
| 9908 || -20.1645834370671 || 2017-04-03 22:56:20 |
| 9909 || 34.4672217251278 || 2017-11-19 05:38:36 |
| 9910 || 0.465459610921448 || 2017-12-04 02:01:21 |
| 9911 || -1.7743627758673 || 2014-05-08 19:22:00 |
| 9912 || 65.2355047856069 || 2014-06-08 08:33:07 |
| 9913 || 44.7590776939405 || 2010-10-20 05:51:36 |
| 9914 || 23.9355139805369 || 2010-06-08 22:40:37 |
| 9915 || 1.61225870713282 || 2010-10-16 14:39:12 |
| 9916 || -1.34031808739499 || 2019-08-21 04:12:28 |
| 9917 || -6.53109437797487 || 2016-10-03 11:53:04 |
| 9918 || -7.52058877494218 || 2010-10-06 18:05:06 |
| 9919 || 22.6314248858016 || 2010-12-11 17:33:45 |
| 9920 || 0.615315650643059 || 2011-03-06 11:47:56 |
| 9921 || 2.81678530921621 || 2012-08-23 03:59:44 |
| 9922 || -18.7205526501425 || 2011-01-19 09:42:59 |
| 9923 || 26.2686474105036 || 2012-12-25 20:54:16 |
| 9924 || -18.0658108240612 || 2015-05-04 16:01:25 |
| 9925 || 0.99252572230973 || 2012-01-10 03:14:24 |
| 9926 || 7.96802505099978 || 2013-04-02 10:32:01 |
| 9927 || -20.0795787975716 || 2014-06-23 22:24:14 |
| 9928 || 5.43438573636392 || 2015-03-09 06:43:20 |
| 9929 || -17.7484846512559 || 2011-07-24 11:48:40 |
| 9930 || 8.32482122047867 || 2010-06-14 15:00:09 |
| 9931 || -0.242627321760294 || 2016-10-13 06:14:22 |
| 9932 || -17.8425003312468 || 2011-12-15 09:29:44 |
| 9933 || -25.2219688831432 || 2015-10-04 07:30:44 |
| 9934 || -11.223048152012 || 2014-11-05 20:55:52 |
| 9935 || 13.1304003922626 || 2011-05-24 10:45:09 |
| 9936 || 1.242199180679 || 2018-05-02 05:31:47 |
| 9937 || 37.9072343771114 || 2016-04-23 09:36:38 |
| 9938 || -8.72446542293087 || 2016-02-14 14:36:33 |
| 9939 || -22.452230215486 || 2013-10-12 09:01:54 |
| 9940 || 10.6913675490114 || 2011-02-25 08:36:23 |
| 9941 || 1.03145582160557 || 2010-11-17 01:57:13 |
| 9942 || 39.516587763648 || 2010-07-18 01:33:45 |
| 9943 || 54.4673885855167 || 2018-12-15 14:13:21 |
| 9944 || 12.1013026798693 || 2019-12-22 01:57:21 |
| 9945 || 0.781699729611417 || 2010-02-09 02:22:24 |
| 9946 || 0.93315527172155 || 2010-05-24 03:14:27 |
| 9947 || -12.4166064452901 || 2016-08-11 23:37:48 |
| 9948 || 71.617199205545 || 2019-06-12 11:41:46 |
| 9949 || 53.5731457264563 || 2012-05-22 01:22:30 |
| 9950 || 26.2222385600834 || 2013-05-25 10:57:05 |
| 9951 || -0.0312610658419147 || 2011-04-26 10:55:57 |
| 9952 || 30.1101470496138 || 2016-03-12 12:46:10 |
| 9953 || 14.6277619792333 || 2019-02-02 07:18:37 |
| 9954 || 47.0880405165928 || 2012-03-20 02:37:45 |
| 9955 || 25.0397722173052 || 2018-02-06 17:32:04 |
| 9956 || 0.000917307979642784 || 2013-12-27 02:52:42 |
| 9957 || 19.4901664948756 || 2011-01-08 11:08:46 |
| 9958 || -14.9827066268892 || 2011-06-18 01:20:32 |
| 9959 || -20.6016057092569 || 2014-03-02 02:38:54 |
| 9960 || 34.8852010083257 || 2018-09-23 08:09:05 |
| 9961 || 0.344428547847771 || 2015-06-25 03:25:16 |
| 9962 || -3.9685078501922 || 2011-07-16 11:58:24 |
| 9963 || 71.7858637854816 || 2017-04-09 01:27:07 |
| 9964 || 86.4891693241012 || 2016-04-08 07:40:48 |
| 9965 || -0.641237123925962 || 2010-05-20 11:36:30 |
| 9966 || 1.59777856974895 || 2015-11-18 12:45:08 |
| 9967 || 16.1451172781559 || 2018-02-16 16:15:10 |
| 9968 || 70.9290416830682 || 2011-03-23 13:24:27 |
| 9969 || 44.9830270341493 || 2016-10-09 03:26:33 |
| 9970 || -3.72100163244468 || 2012-04-26 00:28:00 |
| 9971 || 3.28519107633217 || 2016-02-17 00:27:26 |
| 9972 || 11.7915476180648 || 2011-10-04 03:11:42 |
| 9973 || 8.27214203664501 || 2014-03-23 02:53:39 |
| 9974 || 81.245113275016 || 2013-01-18 16:59:50 |
| 9975 || 9.28014252288996 || 2010-10-18 21:19:51 |
| 9976 || 2.24588346460574 || 2015-11-10 23:54:29 |
| 9977 || 3.54336749328952 || 2017-10-02 19:10:53 |
| 9978 || 54.885744316526 || 2018-03-19 21:32:15 |
| 9979 || 87.2827288727597 || 2019-04-26 12:15:32 |
| 9980 || 47.6780719245919 || 2010-03-17 12:02:55 |
| 9981 || 3.04066486307897 || 2010-12-05 07:46:29 |
| 9982 || 6.96051319163343 || 2013-03-17 00:52:16 |
| 9983 || 13.633513015335 || 2016-07-18 07:43:42 |
| 9984 || 13.7430170771573 || 2014-12-27 19:35:56 |
| 9985 || 63.5239485879981 || 2018-03-12 14:45:39 |
| 9986 || 11.4327534579004 || 2018-11-25 23:33:44 |
| 9987 || -1.45734935500335 || 2013-06-01 02:57:28 |
| 9988 || 7.12920550729541 || 2010-04-17 02:13:11 |
| 9989 || -27.2896177406513 || 2013-12-07 22:57:29 |
| 9990 || -20.1776073305963 || 2015-12-23 13:23:28 |
| 9991 || 14.2672390500565 || 2017-10-07 01:17:53 |
| 9992 || 2.17864011284542 || 2014-10-04 07:13:47 |
| 9993 || 30.4085850785612 || 2014-12-06 04:00:10 |
| 9994 || 66.8595408059226 || 2017-04-15 08:03:14 |
| 9995 || -11.4571369323397 || 2015-11-06 08:15:19 |
| 9996 || 6.13975849381854 || 2014-07-17 10:45:31 |
| 9997 || 0.129601335201705 || 2010-01-26 10:46:50 |
| 9998 || -13.1966810649171 || 2017-10-04 05:36:47 |
| 9999 || -5.23719245761396 || 2012-09-13 15:31:05 |
| 10000 || 74.3447311652853 || 2013-04-10 06:57:45 |
| 10001 || -5.71293843704007 || 2010-12-23 01:54:10 |
| 10002 || 0.172522864513169 || 2014-11-24 06:38:27 |
| 10003 || 24.560956681639 || 2019-10-01 22:52:04 |
| 10004 || 1.13851337518603 || 2015-07-07 03:55:01 |
| 10005 || -26.7354145210595 || 2012-07-08 05:50:34 |
| 10006 || 16.5557217200366 || 2019-03-03 22:04:56 |
| 10007 || 3.33279879117682e-05 || 2014-08-03 23:16:16 |
| 10008 || 16.7793625801835 || 2017-07-13 11:25:22 |
| 10009 || -22.1598796655354 || 2010-06-24 03:06:07 |
| 10010 || 40.2352905570641 || 2015-09-07 14:26:30 |
| 10011 || 28.7215997559324 || 2019-03-22 14:12:29 |
| 10012 || -0.0658332228451875 || 2014-05-01 06:55:32 |
| 10013 || 15.2698473445063 || 2015-02-21 02:48:28 |
| 10014 || 36.7626768408659 || 2012-04-24 10:03:24 |
| 10015 || 14.3629356323284 || 2018-01-26 18:27:13 |
| 10016 || 40.9263378995187 || 2016-09-05 14:29:41 |
| 10017 || -0.4633149152886 || 2017-03-20 23:28:40 |
| 10018 || 16.1019967958307 || 2019-11-19 04:16:10 |
| 10019 || 6.18591126964424 || 2013-02-09 20:53:35 |
| 10020 || -29.3307854599868 || 2014-05-18 01:53:53 |
| 10021 || 26.4388538574471 || 2010-11-13 04:03:33 |
| 10022 || 3.03962156523926 || 2017-08-23 14:35:30 |
| 10023 || 8.88315385380724 || 2017-08-19 06:33:16 |
| 10024 || 59.9572105115368 || 2017-09-01 03:48:08 |
| 10025 || 78.2091328339857 || 2018-12-12 07:28:22 |
| 10026 || 25.476877114785 || 2011-01-14 03:27:12 |
| 10027 || 4.9054854745721 || 2018-10-06 19:32:12 |
| 10028 || 10.5155415130395 || 2012-07-20 08:19:26 |
| 10029 || -20.4673763882788 || 2019-07-04 09:44:26 |
| 10030 || 88.6937599839356 || 2015-08-19 16:28:01 |
| 10031 || 17.834421053148 || 2016-10-20 17:37:50 |
| 10032 || 6.99477896295296 || 2019-12-09 11:20:24 |
| 10033 || -2.72803709288062 || 2018-05-25 16:48:31 |
| 10034 || 54.2123344907902 || 2018-05-17 20:36:05 |
| 10035 || 66.7486077919875 || 2019-10-13 06:17:24 |
| 10036 || -12.2795441844516 || 2018-06-06 00:17:47 |
| 10037 || -0.981290737674586 || 2016-10-08 19:42:15 |
| 10038 || 3.06298211590085 || 2011-12-16 02:34:40 |
| 10039 || 31.9060927764215 || 2019-01-06 11:45:37 |
| 10040 || 70.6487865277384 || 2017-05-14 10:47:13 |
| 10041 || 59.4957340745219 || 2019-01-07 03:36:13 |
| 10042 || -4.51848656695695 || 2019-10-10 21:56:49 |
| 10043 || -0.755632846816399 || 2012-10-07 23:49:32 |
| 10044 || -5.411046930635 || 2017-06-24 10:52:47 |
| 10045 || 75.2271015042933 || 2019-08-16 07:46:20 |
| 10046 || 70.494608940185 || 2017-12-11 13:33:22 |
| 10047 || 17.3246080211504 || 2016-08-14 08:14:44 |
| 10048 || 1.28995867284243 || 2010-12-13 07:13:09 |
| 10049 || 31.1561439082867 || 2015-09-15 00:23:37 |
| 10050 || 58.4235114747106 || 2016-08-10 04:03:56 |
| 10051 || 39.591349163213 || 2014-09-22 08:45:01 |
| 10052 || 14.8553483285912 || 2010-08-24 01:26:43 |
| 10053 || -0.124026125581784 || 2010-06-24 03:59:29 |
| 10054 || -11.0579514709768 || 2019-08-12 07:26:30 |
| 10055 || 34.0649721768589 || 2016-10-16 00:33:48 |
| 10056 || 32.4415821771542 || 2017-12-23 22:51:42 |
| 10057 || 24.6020421407963 || 2018-01-02 12:11:19 |
| 10058 || -0.000293671355400301 || 2015-11-13 09:33:41 |
| 10059 || 4.40140813657859 || 2019-05-06 14:10:58 |
| 10060 || -26.2840658171414 || 2011-12-05 17:55:52 |
| 10061 || 60.8897888936206 || 2014-03-12 02:41:32 |
| 10062 || 27.1213513441403 || 2010-07-16 19:42:54 |
| 10063 || 0.139123968888067 || 2014-08-27 20:56:02 |
| 10064 || -4.0752042991731 || 2010-12-12 20:50:18 |
| 10065 || -24.0269297236064 || 2010-08-11 11:59:27 |
| 10066 || 28.1844901182398 || 2019-06-03 04:16:31 |
| 10067 || 4.56079731117828 || 2013-08-18 10:46:41 |
| 10068 || 1.20540719100784 || 2018-07-19 02:50:53 |
| 10069 || 15.0499005297131 || 2013-08-14 13:42:03 |
| 10070 || -13.8824486240341 || 2014-09-14 19:27:04 |
| 10071 || 64.0850051405549 || 2015-06-27 17:58:13 |
| 10072 || -1.60431601902131 || 2013-07-06 00:46:42 |
| 10073 || 1.88594689661912 || 2012-02-03 02:11:43 |
| 10074 || 12.8341886141927 || 2016-06-25 16:26:33 |
| 10075 || 3.02095592297044 || 2014-06-13 11:30:54 |
| 10076 || -10.0001214646591 || 2014-12-17 17:49:34 |
| 10077 || 24.7744823670503 || 2013-10-26 21:46:57 |
| 10078 || 2.71863580422788 || 2011-04-23 05:10:01 |
| 10079 || 2.14394960717189 || 2013-02-02 05:59:18 |
| 10080 || -11.5641530886914 || 2019-01-27 06:37:06 |
| 10081 || 79.1675369785189 || 2010-08-21 16:15:14 |
| 10082 || -5.10167509221732 || 2012-10-27 15:32:27 |
| 10083 || 2.43521470170603 || 2013-08-09 16:33:55 |
| 10084 || 6.63365190946957 || 2013-10-27 09:31:15 |
| 10085 || -17.7255700692483 || 2013-11-07 10:34:10 |
| 10086 || -25.3155178644768 || 2017-08-03 06:06:46 |
| 10087 || 50.0224043703421 || 2010-07-09 09:24:42 |
| 10088 || 2.51172204807517 || 2012-09-04 11:38:58 |
| 10089 || 3.05147964919242 || 2012-10-10 20:46:43 |
| 10090 || 49.8921805097657 || 2013-06-24 05:56:54 |
| 10091 || -26.5606425028429 || 2011-07-27 02:47:02 |
| 10092 || 11.982539427522 || 2019-07-08 22:22:21 |
| 10093 || -4.72214188355428 || 2010-10-15 05:35:48 |
| 10094 || 2.24613264579011 || 2018-12-17 00:57:16 |
| 10095 || 22.7457055893461 || 2016-12-12 21:47:34 |
| 10096 || 73.3967730440371 || 2017-10-20 07:04:46 |
| 10097 || 32.4406686595249 || 2011-04-11 04:02:06 |
| 10098 || 17.9400550154971 || 2018-08-14 19:48:02 |
| 10099 || -0.4142223140055 || 2015-02-19 10:44:38 |
| 10100 || 27.5700448299426 || 2017-09-20 06:21:57 |
| 10101 || 84.9556886210888 || 2015-10-26 07:17:45 |
| 10102 || 74.4806173634333 || 2013-11-06 00:11:16 |
| 10103 || 2.09381907534686 || 2012-06-18 05:55:14 |
| 10104 || 0.147438770660311 || 2016-11-14 17:05:00 |
| 10105 || -6.59278704987272 || 2013-06-18 08:49:38 |
| 10106 || -27.7604412319415 || 2012-07-14 04:28:23 |
| 10107 || -14.7645267688544 || 2015-08-01 19:42:07 |
| 10108 || -6.95436760434863 || 2014-08-26 05:48:02 |
| 10109 || 0.00604504506388551 || 2012-04-08 05:55:04 |
| 10110 || 1.9463398978793 || 2017-10-05 05:34:09 |
| 10111 || 61.9020772247956 || 2011-03-07 12:39:22 |
| 10112 || 17.9814309560034 || 2015-01-27 08:51:45 |
| 10113 || 26.6592635576454 || 2018-04-05 16:09:07 |
| 10114 || 0.102854102739295 || 2010-01-17 08:09:27 |
| 10115 || 14.8005675260258 || 2015-09-10 18:23:37 |
| 10116 || 58.1919418194071 || 2016-08-21 13:58:30 |
| 10117 || -28.2504172817083 || 2017-05-21 02:38:57 |
| 10118 || -2.44001472781195 || 2011-10-27 10:03:43 |
| 10119 || 0.999437075711102 || 2016-10-11 23:48:34 |
| 10120 || -6.99066184732539 || 2013-06-14 17:44:49 |
| 10121 || 6.90404206716132 || 2014-01-09 05:10:02 |
| 10122 || -16.7509976282373 || 2019-07-14 18:58:19 |
| 10123 || 42.5579976486525 || 2016-02-02 12:58:55 |
| 10124 || -0.498079603092578 || 2017-10-24 09:16:16 |
| 10125 || 3.31062022247347 || 2013-10-13 16:07:07 |
| 10126 || -5.08875701523415 || 2014-03-27 15:36:29 |
| 10127 || 87.8111771334702 || 2015-05-27 00:14:23 |
| 10128 || 5.03000229706611 || 2019-02-04 00:37:14 |
| 10129 || -1.31880185913421 || 2010-02-11 14:47:46 |
| 10130 || 5.63959866985895 || 2012-02-08 16:42:11 |
| 10131 || 51.824884687933 || 2016-07-08 04:13:23 |
| 10132 || 28.7769681273142 || 2013-10-27 12:46:24 |
| 10133 || -15.3207473526991 || 2014-11-13 04:40:46 |
| 10134 || 0.766742251979638 || 2013-01-19 12:49:31 |
| 10135 || 0.862776201480053 || 2010-10-22 16:12:29 |
| 10136 || 16.6376748869136 || 2015-04-16 01:06:11 |
| 10137 || -16.1708874216172 || 2019-07-05 09:52:40 |
| 10138 || 5.44375838855154 || 2017-10-09 10:05:08 |
| 10139 || -2.47560311401548 || 2016-06-02 02:56:33 |
| 10140 || -0.466587195112776 || 2014-07-17 10:20:49 |
| 10141 || 53.2953574196237 || 2012-05-05 11:06:29 |
| 10142 || 65.6177514535004 || 2014-02-07 09:49:55 |
| 10143 || 0.14899376199596 || 2019-03-22 02:56:38 |
| 10144 || 12.9382029969843 || 2011-04-17 23:03:36 |
| 10145 || 3.67910852524194 || 2010-11-03 23:57:38 |
| 10146 || 29.3386912566535 || 2016-04-06 07:05:29 |
| 10147 || -28.7316604799554 || 2012-06-14 14:52:42 |
| 10148 || 42.3538251207757 || 2014-05-25 08:25:42 |
| 10149 || -5.54652190556613 || 2012-10-16 18:48:41 |
| 10150 || -0.578545330514699 || 2016-09-26 22:53:07 |
| 10151 || 18.484545587339 || 2013-02-27 18:49:10 |
| 10152 || 86.461351102973 || 2015-05-09 18:39:33 |
| 10153 || 2.64734800314909 || 2013-09-26 04:02:32 |
| 10154 || 22.9169621410068 || 2018-12-16 09:48:05 |
| 10155 || 0.581390242241411 || 2018-08-09 02:38:25 |
| 10156 || 13.6786255435503 || 2016-10-25 12:33:24 |
| 10157 || 41.0162817305889 || 2012-06-24 14:00:42 |
| 10158 || 74.9773739695363 || 2012-03-01 09:17:55 |
| 10159 || -8.56514820925869 || 2017-04-03 13:46:48 |
| 10160 || 0.0618311283725953 || 2013-01-18 05:08:15 |
| 10161 || 31.9100335592925 || 2019-05-20 23:11:48 |
| 10162 || 41.0290842924392 || 2012-11-18 12:42:04 |
| 10163 || 81.2294079218439 || 2018-12-04 05:30:54 |
| 10164 || 0.703408848088599 || 2017-08-20 18:50:20 |
| 10165 || -0.00585246020452523 || 2018-04-02 07:12:38 |
| 10166 || 3.4075482375009 || 2011-11-20 19:47:06 |
| 10167 || 78.0764421072773 || 2016-05-08 21:43:26 |
| 10168 || 32.0060222738395 || 2014-08-23 15:44:47 |
| 10169 || 28.9978961156822 || 2019-09-09 07:36:35 |
| 10170 || 0.754049106345469 || 2019-04-25 19:15:11 |
| 10171 || 18.7620272988975 || 2017-06-08 13:02:37 |
| 10172 || -24.2045233131343 || 2015-11-07 08:37:26 |
| 10173 || -21.7693837283131 || 2015-01-01 13:22:53 |
| 10174 || -14.0632970817851 || 2015-12-15 01:33:17 |
| 10175 || -0.0775701259386508 || 2015-03-17 07:48:23 |
| 10176 || -5.54236849982437 || 2014-03-12 06:14:00 |
| 10177 || 9.16174691214712 || 2011-08-26 08:31:33 |
| 10178 || -11.0745871945683 || 2016-07-22 02:30:08 |
| 10179 || -14.6998719664105 || 2011-12-17 00:02:36 |
| 10180 || -1.24969608156884 || 2010-08-13 00:46:42 |
| 10181 || 5.28520196129845 || 2015-10-20 22:45:46 |
| 10182 || -20.8217541004337 || 2016-10-14 12:39:14 |
| 10183 || 77.8325812016187 || 2019-02-12 02:32:36 |
| 10184 || 22.2578474336277 || 2018-06-19 10:49:20 |
| 10185 || 6.61730877134182 || 2014-08-03 09:04:06 |
| 10186 || 7.4782161789991 || 2017-09-17 10:35:39 |
| 10187 || -19.1397031414412 || 2014-02-22 07:50:13 |
| 10188 || 64.4024501131195 || 2011-10-04 13:56:45 |
| 10189 || 5.78995478113726 || 2018-01-19 16:21:30 |
| 10190 || 9.76389630163115 || 2019-10-19 13:41:34 |
| 10191 || -0.871427745755215 || 2018-10-21 23:08:01 |
| 10192 || 51.4534122241726 || 2012-09-07 16:06:43 |
| 10193 || 42.97420117174 || 2010-08-08 12:30:31 |
| 10194 || -21.4974497978663 || 2019-04-10 22:55:05 |
| 10195 || -2.55880843123292 || 2011-07-07 22:53:58 |
| 10196 || 1.91885157522107 || 2012-03-23 07:00:27 |
| 10197 || 26.573823890902 || 2016-03-07 21:03:00 |
| 10198 || -28.6673606051848 || 2019-01-19 08:51:39 |
| 10199 || -19.0042183626919 || 2012-02-14 00:01:14 |
| 10200 || 8.20645965808532 || 2012-08-17 22:34:08 |
| 10201 || -0.0554598609850608 || 2011-03-15 00:17:51 |
| 10202 || 19.9706430483414 || 2012-09-03 01:07:22 |
| 10203 || -29.0423547464731 || 2011-02-17 21:13:19 |
| 10204 || -21.0994763297801 || 2013-10-22 18:07:35 |
| 10205 || 16.365051321569 || 2013-12-06 06:06:46 |
| 10206 || 0.122221024106134 || 2015-12-25 18:28:50 |
| 10207 || 35.2536545553123 || 2015-09-13 17:53:16 |
| 10208 || 61.5491436367995 || 2012-01-03 04:37:18 |
| 10209 || -13.7389168256139 || 2016-05-22 00:40:04 |
| 10210 || 14.5341455660815 || 2019-05-26 08:54:23 |
| 10211 || -0.0404712401635498 || 2019-10-27 01:51:38 |
| 10212 || 17.4924274978136 || 2018-06-09 20:11:32 |
| 10213 || 36.5768353232256 || 2019-07-15 13:29:57 |
| 10214 || -26.0610622600322 || 2012-04-25 20:17:24 |
| 10215 || -10.3068758567905 || 2014-12-21 11:41:06 |
| 10216 || 0.00256932849320387 || 2018-01-22 08:58:57 |
| 10217 || 28.0058792248529 || 2015-09-08 18:18:54 |
| 10218 || 3.97242431924874 || 2019-02-03 06:03:47 |
| 10219 || 80.5410012899048 || 2013-09-11 03:29:22 |
| 10220 || 34.7892107611642 || 2019-04-24 15:08:30 |
| 10221 || 0.523163596734523 || 2011-09-25 04:06:15 |
| 10222 || -5.2071925402357 || 2010-09-16 07:03:29 |
| 10223 || 64.7970879108818 || 2019-06-07 08:10:56 |
| 10224 || 50.8042613949638 || 2019-02-22 07:05:38 |
| 10225 || -13.8685345875951 || 2015-11-02 13:05:21 |
| 10226 || 0.315709797685631 || 2015-06-25 16:14:46 |
| 10227 || -0.0381627728125757 || 2015-06-22 17:18:18 |
| 10228 || 22.9590797433866 || 2013-06-20 16:01:10 |
| 10229 || -16.4605314250599 || 2011-11-02 00:12:18 |
| 10230 || 4.44113234998958 || 2018-07-18 19:23:34 |
| 10231 || -0.476591566270915 || 2018-08-13 01:07:30 |
| 10232 || -3.99243840632319 || 2016-04-06 18:51:06 |
| 10233 || 32.2226731329997 || 2019-04-01 21:57:40 |
| 10234 || 46.5405176821625 || 2012-02-16 08:15:06 |
| 10235 || 44.9159618136929 || 2012-02-06 07:33:35 |
| 10236 || -1.88339715035227 || 2014-09-09 06:07:01 |
| 10237 || -2.5393488585407 || 2019-03-07 13:17:36 |
| 10238 || 26.1167125654526 || 2011-02-19 10:01:28 |
| 10239 || 84.2039965208648 || 2010-06-17 09:17:38 |
| 10240 || 40.8673707234766 || 2012-05-04 23:21:48 |
| 10241 || 0.545713759056622 || 2017-09-21 15:50:25 |
| 10242 || 6.45040904482457 || 2012-02-08 04:01:06 |
| 10243 || 44.789026979581 || 2018-01-13 23:29:45 |
| 10244 || 72.1106638571301 || 2019-09-24 01:37:09 |
| 10245 || -10.7045766267735 || 2013-08-08 00:46:31 |
| 10246 || -4.18618592314869 || 2016-08-03 22:51:38 |
| 10247 || 1.43167234388565 || 2010-05-18 04:59:51 |
| 10248 || 40.8157386455393 || 2018-06-09 15:23:54 |
| 10249 || 86.8068181854636 || 2017-03-09 05:32:45 |
| 10250 || -19.347131710183 || 2015-07-01 07:14:31 |
| 10251 || -4.91531325675037 || 2014-04-27 18:47:47 |
| 10252 || -0.0307836919151902 || 2013-02-21 05:07:45 |
| 10253 || 10.284324838254 || 2017-01-01 03:56:50 |
| 10254 || 54.0263181938417 || 2019-01-24 18:50:13 |
| 10255 || -1.16823319732187 || 2018-03-15 01:51:16 |
| 10256 || 21.1179500686921 || 2014-12-15 09:31:14 |
| 10257 || 0.92422926357115 || 2011-06-24 22:34:46 |
| 10258 || -0.853655927428453 || 2013-08-24 22:33:56 |
| 10259 || -24.5399580299644 || 2016-09-15 17:57:59 |
| 10260 || -20.4550662812925 || 2019-06-13 05:00:20 |
| 10261 || 17.010899816361 || 2015-11-24 19:04:10 |
| 10262 || -0.0735326769454028 || 2019-04-16 04:19:51 |
| 10263 || 28.6603388182652 || 2012-03-07 13:51:49 |
| 10264 || -18.2609689269736 || 2018-04-26 02:39:00 |
| 10265 || 71.8700105363445 || 2016-10-25 00:49:55 |
| 10266 || 12.8468858985416 || 2015-06-22 09:28:50 |
| 10267 || -0.0027108137760985 || 2019-08-02 15:27:34 |
| 10268 || 26.5103574700124 || 2014-05-19 15:48:31 |
| 10269 || 66.810441340766 || 2010-01-21 20:34:16 |
| 10270 || 33.7349081145758 || 2018-11-20 11:16:41 |
| 10271 || 33.0621878861486 || 2019-12-09 13:06:51 |
| 10272 || 0.432368402092569 || 2014-08-27 02:57:12 |
| 10273 || 22.9678696794767 || 2016-11-03 00:09:52 |
| 10274 || 25.3146334780117 || 2015-02-09 04:02:48 |
| 10275 || -28.6745089726603 || 2017-07-27 23:54:21 |
| 10276 || -13.3162295595836 || 2016-04-14 00:53:13 |
| 10277 || 0.146200826167787 || 2015-04-06 11:03:02 |
| 10278 || 6.73537967065697 || 2013-09-20 20:35:28 |
| 10279 || -17.9421346031787 || 2012-08-23 06:51:26 |
| 10280 || 86.8328553789035 || 2016-09-11 00:58:58 |
| 10281 || 30.9254904945969 || 2014-08-14 14:41:03 |
| 10282 || -0.785845448352587 || 2013-01-09 18:25:01 |
| 10283 || 15.2196151318668 || 2013-04-20 02:36:41 |
| 10284 || 36.7888103624436 || 2015-10-22 18:01:09 |
| 10285 || -25.2864275768743 || 2017-03-03 09:07:10 |
| 10286 || 51.0327146850024 || 2019-12-02 00:37:29 |
| 10287 || 5.50499651177957 || 2016-05-04 18:11:49 |
| 10288 || 2.24757990494445 || 2014-04-04 20:06:08 |
| 10289 || 59.1293431076067 || 2017-09-16 12:20:50 |
| 10290 || -9.02933914103296 || 2018-11-06 14:42:20 |
| 10291 || 37.3797988200383 || 2019-01-09 14:43:16 |
| 10292 || -1.26285932254953 || 2014-05-04 10:34:21 |
| 10293 || 1.25268117983853 || 2019-08-01 12:31:44 |
| 10294 || 2.11247269483243 || 2018-07-05 12:01:25 |
| 10295 || -29.666253399133 || 2014-10-02 23:45:57 |
| 10296 || 7.58439445489658 || 2011-06-15 09:05:46 |
| 10297 || -2.20061111640437 || 2019-08-21 16:35:12 |
| 10298 || 1.68299346677132 || 2011-05-04 03:34:46 |
| 10299 || 50.5208094832419 || 2016-09-17 17:15:10 |
| 10300 || 52.49130427824 || 2016-08-10 09:47:46 |
| 10301 || 20.2237577593572 || 2015-02-01 04:48:53 |
| 10302 || -3.03845874535802 || 2012-08-25 23:21:43 |
| 10303 || -0.568069685467928 || 2018-07-10 03:30:23 |
| 10304 || -13.0004493942213 || 2015-10-02 17:32:13 |
| 10305 || 86.0707901146479 || 2014-05-24 16:18:10 |
| 10306 || 31.9986699973674 || 2013-12-03 23:43:54 |
| 10307 || 19.2121055925072 || 2014-03-01 02:57:27 |
| 10308 || 1.32064550330233 || 2012-09-23 07:25:54 |
| 10309 || 27.0462527041154 || 2013-07-17 05:16:21 |
| 10310 || 10.7656903229889 || 2013-09-03 10:28:56 |
| 10311 || 61.5993671862884 || 2017-10-10 21:39:42 |
| 10312 || 9.95871050339141 || 2011-10-22 11:18:27 |
| 10313 || 0.309237186159745 || 2015-07-16 11:06:27 |
| 10314 || -10.6702309034629 || 2016-04-19 12:08:58 |
| 10315 || -27.7341617085038 || 2018-02-15 01:21:39 |
| 10316 || -8.52053284502406 || 2017-10-04 06:50:24 |
| 10317 || 24.6589378200586 || 2013-11-15 02:40:28 |
| 10318 || 2.20697595780599e-06 || 2015-08-07 01:31:00 |
| 10319 || 23.682499812552 || 2014-06-12 15:41:33 |
| 10320 || 19.1325253461843 || 2018-09-26 01:52:35 |
| 10321 || 8.66714113088647 || 2011-08-20 10:03:36 |
| 10322 || 34.0607745605363 || 2019-09-15 19:19:03 |
| 10323 || 0.230622398658505 || 2010-01-25 20:25:57 |
| 10324 || 16.1518782634228 || 2010-04-21 10:01:50 |
| 10325 || 0.451653487294027 || 2014-05-12 21:16:50 |
| 10326 || -11.3206464111834 || 2013-04-22 17:50:19 |
| 10327 || 31.0011414105975 || 2019-05-14 09:03:04 |
| 10328 || -0.18264920703297 || 2010-09-24 13:40:35 |
| 10329 || 3.34471114100579 || 2011-12-16 22:01:43 |
| 10330 || -11.369685236108 || 2018-07-17 18:56:29 |
| 10331 || -19.7404263798669 || 2017-02-21 15:47:57 |
| 10332 || 45.48672541938 || 2010-07-09 08:55:40 |
| 10333 || -0.542819695679964 || 2015-09-02 10:35:02 |
| 10334 || 8.81648075589449 || 2010-06-04 07:15:00 |
| 10335 || -1.51689898941421 || 2012-04-21 15:52:21 |
| 10336 || 42.090967575657 || 2017-03-26 11:18:00 |
| 10337 || 6.63742406910417 || 2019-07-24 15:08:47 |
| 10338 || 4.68192497348654 || 2011-04-09 15:40:52 |
| 10339 || -1.24313118440686 || 2011-04-17 01:15:49 |
| 10340 || 50.3943262097414 || 2019-08-14 12:11:13 |
| 10341 || -15.0014683978708 || 2015-03-04 02:23:34 |
| 10342 || 1.33997211846884 || 2015-01-04 13:53:22 |
| 10343 || 4.27208350917185 || 2016-09-07 23:19:30 |
| 10344 || -0.131264956119114 || 2010-08-07 13:19:03 |
| 10345 || 39.5935722807937 || 2017-09-23 20:58:29 |
| 10346 || 36.4557206667298 || 2016-07-24 16:27:27 |
| 10347 || 47.9081184943178 || 2010-05-11 07:01:18 |
| 10348 || -3.50191653137279 || 2015-02-04 06:33:08 |
| 10349 || 5.28982337154921 || 2018-05-13 01:58:22 |
| 10350 || 11.0508770628535 || 2015-02-13 21:00:26 |
| 10351 || -15.2404628317583 || 2011-07-20 23:43:16 |
| 10352 || -21.003008135359 || 2016-08-15 23:50:07 |
| 10353 || 2.18732941134648 || 2010-12-11 08:21:03 |
| 10354 || 3.3105809868467 || 2018-03-07 22:37:45 |
| 10355 || 30.8245769565067 || 2010-05-19 07:19:11 |
| 10356 || 15.8198872003321 || 2019-09-13 13:45:24 |
| 10357 || -23.2321904736975 || 2014-04-27 19:20:46 |
| 10358 || -3.2690395542973 || 2014-10-08 18:36:24 |
| 10359 || 0.726328459840041 || 2011-09-03 20:31:57 |
| 10360 || -8.12058850806385 || 2012-10-05 03:18:12 |
| 10361 || 71.6125763738707 || 2013-09-03 06:12:47 |
| 10362 || -10.996924608102 || 2017-03-07 16:30:25 |
| 10363 || -1.43868067245331 || 2016-07-13 05:37:53 |
| 10364 || -0.0956102160173776 || 2012-08-13 19:49:39 |
| 10365 || 33.8099640051688 || 2015-07-21 02:56:46 |
| 10366 || 83.4928939418875 || 2011-06-04 07:07:10 |
| 10367 || 31.0381856866178 || 2017-10-15 17:33:35 |
| 10368 || 2.17647103482862 || 2011-04-18 22:54:47 |
| 10369 || -0.00433032827772196 || 2015-07-11 18:41:28 |
| 10370 || 19.9671259898867 || 2017-02-15 05:39:16 |
| 10371 || -22.2474519331596 || 2011-01-13 14:35:45 |
| 10372 || 9.81367062982828 || 2013-07-17 02:35:07 |
| 10373 || 33.8442896387809 || 2013-10-16 16:14:27 |
| 10374 || -0.0418811229698782 || 2014-07-15 15:35:57 |
| 10375 || 20.296698013449 || 2014-03-01 20:34:18 |
| 10376 || 69.4154018787278 || 2016-06-15 14:13:47 |
| 10377 || -8.84964802020879 || 2014-01-19 11:49:10 |
| 10378 || 35.6495499152383 || 2013-11-21 11:48:41 |
| 10379 || 0.349221534106701 || 2016-09-20 01:33:44 |
| 10380 || -7.0705921034051 || 2012-04-06 19:11:06 |
| 10381 || -16.5786102757526 || 2011-10-15 07:45:51 |
| 10382 || 75.4515905926774 || 2011-06-04 06:41:21 |
| 10383 || -9.97160389513205 || 2014-11-25 08:37:10 |
| 10384 || -0.440435377928063 || 2010-06-10 06:03:27 |
| 10385 || 7.42196572648664 || 2015-04-20 12:54:37 |
| 10386 || 51.0459814858007 || 2015-03-20 17:22:05 |
| 10387 || 43.7584233331643 || 2018-12-06 22:01:16 |
| 10388 || -2.07237098439428 || 2012-07-16 00:10:44 |
| 10389 || -0.586116591440371 || 2014-04-10 14:17:23 |
| 10390 || 12.6491983648914 || 2012-03-07 12:31:45 |
| 10391 || 46.7342488859226 || 2019-09-25 15:26:56 |
| 10392 || 78.5969830156838 || 2014-12-26 16:56:00 |
| 10393 || -4.07629288194425 || 2019-02-18 07:20:30 |
| 10394 || 4.70648267433769 || 2017-11-20 09:47:32 |
| 10395 || 7.1705366809334 || 2019-12-24 00:16:47 |
| 10396 || -11.0387842146359 || 2019-03-27 11:38:15 |
| 10397 || 68.7947972332299 || 2011-06-06 04:59:07 |
| 10398 || 59.9402765392337 || 2014-07-23 13:31:46 |
| 10399 || -2.95507465859954 || 2019-12-24 23:29:44 |
| 10400 || -0.673228941574045 || 2010-06-26 19:06:55 |
| 10401 || -3.60837093313215 || 2018-11-04 15:50:06 |
| 10402 || -6.16606178360946 || 2017-07-11 20:32:50 |
| 10403 || 54.5704792236319 || 2014-05-22 14:40:58 |
| 10404 || -3.03547874891748 || 2015-08-22 08:51:20 |
| 10405 || 3.69248444844793 || 2016-04-22 02:30:57 |
| 10406 || 20.5919365209975 || 2011-09-13 14:06:37 |
| 10407 || 68.6770295112751 || 2010-08-22 02:56:48 |
| 10408 || 68.6558680244884 || 2013-05-14 09:24:53 |
| 10409 || 17.8835084040817 || 2017-06-16 02:07:44 |
| 10410 || 0.952105001794906 || 2014-09-14 06:31:36 |
| 10411 || 42.772251576675 || 2011-11-26 03:26:54 |
| 10412 || 85.4287800396206 || 2019-09-01 13:01:04 |
| 10413 || 64.1581879306309 || 2015-02-03 14:29:13 |
| 10414 || 20.7815978127962 || 2011-01-27 11:00:09 |
| 10415 || 0.571422589975517 || 2010-07-10 07:42:30 |
| 10416 || 18.9002886805223 || 2014-04-04 09:33:29 |
| 10417 || 47.601301949248 || 2010-05-05 22:47:12 |
| 10418 || 0.718916446402081 || 2017-10-10 05:39:27 |
| 10419 || -8.49129578444258 || 2012-07-06 16:05:06 |
| 10420 || -0.0158715817106717 || 2017-08-17 14:55:18 |
| 10421 || 24.2156764704324 || 2010-11-19 21:28:32 |
| 10422 || -27.1213306152367 || 2014-09-26 16:06:56 |
| 10423 || -14.1758395477241 || 2014-02-02 09:23:54 |
| 10424 || -11.0807762854051 || 2017-09-01 20:02:37 |
| 10425 || 0.0234424773828434 || 2012-12-12 00:23:24 |
| 10426 || 26.5790568296511 || 2017-07-18 11:10:09 |
| 10427 || -25.4079629273336 || 2011-03-10 21:01:43 |
| 10428 || 0.368252584588633 || 2014-07-02 03:24:30 |
| 10429 || 5.67270575609872 || 2013-08-10 02:50:36 |
| 10430 || -0.189324132600145 || 2015-11-04 19:34:53 |
| 10431 || -6.61069410981271 || 2018-03-01 15:08:30 |
| 10432 || -24.3536799409481 || 2010-04-05 07:26:09 |
| 10433 || 73.1725722599229 || 2014-07-16 10:18:40 |
| 10434 || 25.6349608559594 || 2015-01-07 11:10:34 |
| 10435 || -0.214436896077327 || 2015-10-01 02:42:41 |
| 10436 || 16.774320239778 || 2014-01-01 13:15:36 |
| 10437 || 50.6285953324941 || 2019-04-25 19:44:07 |
| 10438 || 24.2840300601262 || 2012-01-16 01:57:11 |
| 10439 || -16.4704621028203 || 2010-01-23 23:23:05 |
| 10440 || -0.863670298716151 || 2014-04-16 22:55:08 |
| 10441 || 10.1064209619863 || 2014-10-04 05:41:19 |
| 10442 || 52.4087561388509 || 2018-08-20 22:50:57 |
| 10443 || 15.5010428618508 || 2019-09-07 14:53:21 |
| 10444 || 51.5155646389391 || 2018-10-14 02:30:48 |
| 10445 || 6.51152642061336 || 2016-02-18 16:01:47 |
| 10446 || 9.85583469200245 || 2017-06-10 14:02:27 |
| 10447 || -17.7902876795582 || 2011-12-03 04:33:14 |
| 10448 || 89.8677484775232 || 2015-01-01 07:23:04 |
| 10449 || -16.9178328261123 || 2010-09-25 10:22:26 |
| 10450 || 9.74278569573912 || 2018-04-06 15:26:24 |
| 10451 || 0.669507771977338 || 2011-08-27 01:14:06 |
| 10452 || -18.1653215411499 || 2013-08-01 11:31:48 |
| 10453 || -25.1224504625747 || 2017-10-18 08:18:35 |
| 10454 || 17.5696513723038 || 2013-11-20 07:22:28 |
| 10455 || 8.80100451475514 || 2013-11-09 16:49:06 |
| 10456 || 4.01875823934251 || 2010-06-17 04:16:25 |
| 10457 || -9.15210125323077 || 2015-06-08 20:49:53 |
| 10458 || 70.1881159330617 || 2016-08-12 00:07:43 |
| 10459 || -15.0659510616597 || 2017-07-27 02:18:31 |
| 10460 || 17.7569055020763 || 2014-04-24 04:13:19 |
| 10461 || 1.37644866664276 || 2017-07-03 14:52:28 |
| 10462 || 40.2599960171747 || 2014-04-22 19:26:41 |
| 10463 || 80.2019718687486 || 2019-03-19 12:44:06 |
| 10464 || 71.7923451444348 || 2012-12-26 10:40:25 |
| 10465 || 19.6871839174286 || 2018-12-24 07:06:44 |
| 10466 || 0.28843122045773 || 2019-08-22 02:00:05 |
| 10467 || 31.1005800879159 || 2019-01-07 18:06:43 |
| 10468 || -25.8498016479468 || 2017-10-20 14:55:05 |
| 10469 || -25.5834121695042 || 2018-01-10 10:34:55 |
| 10470 || 26.7535938490278 || 2017-12-09 16:16:49 |
| 10471 || -0.0279753142727113 || 2014-07-03 11:45:09 |
| 10472 || 30.0894471664126 || 2019-05-20 06:13:47 |
| 10473 || -24.0089002022092 || 2019-10-12 00:00:10 |
| 10474 || -26.4513581715675 || 2012-08-12 23:49:47 |
| 10475 || 1.83015308059252 || 2014-04-26 03:55:33 |
| 10476 || -0.00445959973673851 || 2018-04-18 23:45:46 |
| 10477 || 7.2243689965176 || 2013-04-11 09:54:25 |
| 10478 || 48.4235353899064 || 2016-10-01 19:27:46 |
| 10479 || -9.83623731922294 || 2018-09-04 15:58:15 |
| 10480 || -9.17686740764476 || 2018-02-12 10:13:36 |
| 10481 || 0.128384249711507 || 2012-07-17 04:27:56 |
| 10482 || 13.6627131485625 || 2018-03-09 13:42:42 |
| 10483 || -3.81928711287373 || 2018-08-12 03:59:20 |
| 10484 || 21.7289623854308 || 2014-01-24 02:23:43 |
| 10485 || 11.8961617044244 || 2015-03-24 11:38:07 |
| 10486 || 0.459202699179448 || 2015-04-23 03:07:59 |
| 10487 || 4.31346352091442 || 2016-01-09 08:11:34 |
| 10488 || 5.51160457341296 || 2013-04-11 16:19:52 |
| 10489 || -4.52093509964965 || 2014-08-17 03:47:19 |
| 10490 || 5.86976852231639 || 2012-01-12 03:09:10 |
| 10491 || 3.78307312658412 || 2011-01-20 06:28:48 |
| 10492 || 12.2259363130614 || 2014-09-20 09:25:03 |
| 10493 || 65.7281066078378 || 2016-10-11 11:06:38 |
| 10494 || -28.6062968570625 || 2014-11-12 09:06:18 |
| 10495 || 46.1684570243357 || 2019-05-05 02:13:14 |
| 10496 || 4.79560018460591 || 2017-02-25 14:44:42 |
| 10497 || -2.46656632688338 || 2015-02-05 14:38:44 |
| 10498 || -9.36224745582282 || 2016-12-01 10:51:43 |
| 10499 || 72.3534409901059 || 2014-09-06 19:36:23 |
| 10500 || 46.551242582425 || 2016-07-26 20:17:45 |
| 10501 || -0.05608742434658 || 2010-04-16 07:26:22 |
| 10502 || 6.58719693992397 || 2016-02-06 13:44:30 |
| 10503 || 50.6429297023286 || 2016-12-27 10:16:47 |
| 10504 || 89.6181354219025 || 2013-04-03 10:53:35 |
| 10505 || -0.0370742952840217 || 2012-08-16 11:46:53 |
| 10506 || -2.81435545604474 || 2019-09-13 01:00:09 |
| 10507 || 4.06726153220197 || 2011-08-27 20:00:49 |
| 10508 || 50.2078810273789 || 2017-11-15 09:20:06 |
| 10509 || -27.9920605826436 || 2017-10-04 08:32:19 |
| 10510 || -20.6688767215582 || 2017-04-04 20:23:37 |
| 10511 || 0.594939300124887 || 2018-05-10 00:42:48 |
| 10512 || -0.788647267411285 || 2015-02-24 01:19:37 |
| 10513 || 44.5928792082455 || 2010-10-11 01:32:05 |
| 10514 || 16.1793305604357 || 2018-02-05 07:33:23 |
| 10515 || -13.5862619978076 || 2013-06-18 02:27:41 |
| 10516 || 14.5053924060018 || 2014-10-19 19:22:49 |
| 10517 || 0.519292271671701 || 2014-03-03 14:12:43 |
| 10518 || -6.93584235804325 || 2012-03-22 01:55:34 |
| 10519 || 71.3114144889858 || 2016-07-07 01:12:04 |
| 10520 || 70.6856229932224 || 2014-07-06 16:13:35 |
| 10521 || 23.9652790902652 || 2019-07-13 14:22:09 |
| 10522 || -0.0413390116091609 || 2019-03-20 22:20:32 |
| 10523 || -11.3403245510939 || 2014-07-11 16:10:32 |
| 10524 || 82.2372991255009 || 2016-02-10 22:43:19 |
| 10525 || -14.7257746422133 || 2016-03-15 01:09:10 |
| 10526 || 23.1411563400394 || 2018-02-02 08:46:34 |
| 10527 || 0.00224622381059504 || 2011-06-12 06:59:57 |
| 10528 || -2.1845860399165 || 2011-04-03 11:11:35 |
| 10529 || 18.9248211596237 || 2014-02-03 07:59:22 |
| 10530 || -1.34048095256397 || 2017-10-16 17:42:47 |
| 10531 || -1.24281618075318 || 2016-02-23 16:47:30 |
| 10532 || 0.400267995611977 || 2018-12-03 12:32:14 |
| 10533 || 8.15450987457617 || 2019-09-22 05:44:18 |
| 10534 || 3.15485747681419 || 2015-09-26 01:10:23 |
| 10535 || 76.0416090682749 || 2016-09-25 20:25:13 |
| 10536 || -10.182779253848 || 2019-10-04 15:01:52 |
| 10537 || 0.744526644697985 || 2018-02-17 15:18:59 |
| 10538 || -5.7296126214667 || 2017-08-20 22:17:16 |
| 10539 || 10.9984427248591 || 2014-01-02 22:25:59 |
| 10540 || -23.8433687977155 || 2014-01-15 16:27:56 |
| 10541 || 31.3200033886922 || 2010-11-16 15:02:19 |
| 10542 || -0.865987003006379 || 2017-05-02 01:51:49 |
| 10543 || -2.85980722013083 || 2014-07-14 23:19:55 |
| 10544 || -0.0610175413562194 || 2019-04-01 19:41:08 |
| 10545 || -29.7951133486238 || 2016-03-22 04:48:36 |
| 10546 || 11.3365456082992 || 2011-06-12 11:39:37 |
| 10547 || 2.27631016412644 || 2017-01-17 20:07:46 |
| 10548 || -2.149738454827 || 2012-01-15 13:14:04 |
| 10549 || -2.11529486916265 || 2010-05-18 01:14:31 |
| 10550 || 77.8576898794408 || 2011-06-07 18:56:25 |
| 10551 || -11.2778289475431 || 2014-10-18 16:56:53 |
| 10552 || 0.168336695015074 || 2019-06-27 11:05:37 |
| 10553 || -1.15638840231031 || 2018-11-16 03:57:19 |
| 10554 || 21.8147210107856 || 2010-03-26 04:02:02 |
| 10555 || 79.0913562858945 || 2012-01-10 18:56:12 |
| 10556 || 19.3463150125349 || 2010-07-22 12:24:34 |
| 10557 || 6.16507166727885 || 2016-05-02 04:33:12 |
| 10558 || -0.103065181147394 || 2018-02-18 23:55:47 |
| 10559 || 51.2171696540641 || 2014-08-24 10:25:28 |
| 10560 || 38.6687533558498 || 2012-01-21 18:54:20 |
| 10561 || -2.38291481594499 || 2015-03-25 10:40:08 |
| 10562 || 0.293524484430195 || 2018-04-02 23:14:30 |
| 10563 || -0.0037202919136441 || 2011-04-11 00:56:41 |
| 10564 || 11.412124480279 || 2010-04-22 22:22:38 |
| 10565 || 86.1373597846982 || 2011-02-19 08:40:50 |
| 10566 || -4.01578053116053 || 2018-02-12 08:37:53 |
| 10567 || -3.0432130795694 || 2018-09-22 06:31:28 |
| 10568 || 1.24529973751849 || 2014-02-16 21:24:28 |
| 10569 || -11.6727147372213 || 2014-09-11 18:27:35 |
| 10570 || 57.5492545562465 || 2013-01-24 10:20:52 |
| 10571 || -22.8024434655392 || 2011-07-13 20:37:33 |
| 10572 || 19.2963544805236 || 2011-09-26 12:12:02 |
| 10573 || 0.180342008711074 || 2011-12-27 00:28:26 |
| 10574 || 19.363433473551 || 2015-02-23 01:36:48 |
| 10575 || -26.7364983964758 || 2010-11-18 03:36:09 |
| 10576 || 29.9560986843728 || 2018-11-19 02:59:14 |
| 10577 || -10.0564731139083 || 2017-08-09 10:24:39 |
| 10578 || -0.000223094893295823 || 2017-01-15 00:45:19 |
| 10579 || 19.7583135503968 || 2012-02-09 13:09:40 |
| 10580 || -25.964465404753 || 2017-04-12 13:29:23 |
| 10581 || 64.556269809242 || 2012-01-05 18:29:43 |
| 10582 || 4.33440775827527 || 2015-07-13 23:19:45 |
| 10583 || -0.112114602740448 || 2013-07-05 22:03:57 |
| 10584 || -5.46507215851717 || 2018-01-19 07:18:50 |
| 10585 || 17.2899639210491 || 2019-01-10 04:50:08 |
| 10586 || -25.5487446073085 || 2019-09-22 02:51:19 |
| 10587 || 13.9203518971505 || 2016-03-22 04:07:11 |
| 10588 || 0.840148033003897 || 2010-11-20 16:50:19 |
| 10589 || 20.004664845979 || 2010-12-07 13:41:15 |
| 10590 || 12.9784714756273 || 2010-11-07 02:01:56 |
| 10591 || 18.767971583039 || 2011-11-14 12:20:29 |
| 10592 || 17.9527713125812 || 2012-11-10 05:55:01 |
| 10593 || -0.0396163830072505 || 2010-02-13 06:54:20 |
| 10594 || -0.992379926462043 || 2011-08-21 03:05:28 |
| 10595 || 34.7465657105106 || 2014-12-12 03:25:04 |
| 10596 || 38.7810007877303 || 2016-01-03 20:56:01 |
| 10597 || -5.04758172237884 || 2014-07-11 22:52:38 |
| 10598 || 5.2757967060839 || 2010-06-24 20:09:31 |
| 10599 || -2.92597119980946 || 2018-01-11 22:38:19 |
| 10600 || -20.7648132589299 || 2010-01-06 04:30:12 |
| 10601 || 17.5426973763284 || 2010-10-14 09:21:47 |
| 10602 || 53.9079982054545 || 2015-10-27 06:15:09 |
| 10603 || 7.33314567932799 || 2011-08-20 06:36:01 |
| 10604 || -2.16344803827026 || 2012-07-08 12:34:20 |
| 10605 || 55.1098643349514 || 2013-10-01 06:20:29 |
| 10606 || 87.1811202833033 || 2013-06-19 04:20:21 |
| 10607 || 11.6457557938539 || 2014-10-25 13:52:12 |
| 10608 || 11.0932934124565 || 2012-03-22 14:18:02 |
| 10609 || 5.1479006512719 || 2011-12-01 13:57:45 |
| 10610 || -10.3308018784339 || 2011-07-01 02:25:11 |
| 10611 || 18.17630099215 || 2015-10-03 17:01:14 |
| 10612 || 54.3458845724143 || 2015-11-16 08:12:52 |
| 10613 || 6.20039043738025 || 2010-12-09 13:45:56 |
| 10614 || 1.13694804672145 || 2019-07-05 11:13:55 |
| 10615 || 13.2011158213787 || 2018-08-04 14:13:14 |
| 10616 || 8.63609140075165 || 2013-05-23 14:46:53 |
| 10617 || 68.9385740473699 || 2012-12-25 10:59:02 |
| 10618 || 13.6976162253819 || 2013-02-24 12:54:03 |
| 10619 || -0.500739701194263 || 2015-02-11 11:51:30 |
| 10620 || 22.8852881703326 || 2019-04-02 19:23:59 |
| 10621 || -8.41694433083068 || 2010-02-01 23:39:13 |
| 10622 || -20.4037096083428 || 2016-04-26 03:04:28 |
| 10623 || 24.3408491509855 || 2011-11-08 07:17:06 |
| 10624 || 0.295342683777232 || 2010-03-26 04:02:30 |
| 10625 || 5.17489877928312 || 2019-11-26 06:30:09 |
| 10626 || 82.8995530940762 || 2011-08-12 17:44:53 |
| 10627 || -26.49324238908 || 2016-11-12 15:34:16 |
| 10628 || 22.8586577729255 || 2010-06-04 05:49:10 |
| 10629 || -0.00226722274282243 || 2017-12-17 23:19:46 |
| 10630 || 7.74674584527786 || 2014-04-05 00:15:04 |
| 10631 || -14.4267594918389 || 2011-07-10 14:33:50 |
| 10632 || 80.8819652058263 || 2012-06-26 19:17:47 |
| 10633 || 24.2454337640624 || 2012-03-17 19:50:35 |
| 10634 || 0.203921241430598 || 2010-08-12 19:48:17 |
| 10635 || 3.13142180641279 || 2019-07-19 22:04:35 |
| 10636 || 5.91686919157264 || 2014-07-02 03:50:03 |
| 10637 || 23.43 || 2020-01-08 20:20:22 |
| 10638 || 11.251 || 2020-01-08 20:20:22 |
| 10639 || 32.1 || 2020-01-08 20:20:22 |
| 10640 || -5.334 || 2020-01-08 20:20:22 |
| 10641 || 14.8372 || 2020-01-08 20:20:22 |
| 10642 || 16.0509 || 2014-01-01 03:10:54 |
| 10643 || 1.47326711971824 || 2012-07-22 13:51:08 |
| 10644 || -0.782488439917299 || 2012-01-02 14:26:39 |
| 10645 || -2.87805758828135 || 2015-11-01 03:10:48 |
| 10646 || 65.1637607696924 || 2018-08-08 17:27:24 |
| 10647 || -29.6539412786042 || 2019-12-18 06:29:06 |
| 10648 || -11.4578406514735 || 2010-01-27 17:24:33 |
| 10649 || -0.103135761252819 || 2015-09-21 09:27:55 |
| 10650 || 2.11330191321244 || 2014-03-08 00:12:11 |
| 10651 || -17.7431072307778 || 2011-03-23 20:24:53 |
| 10652 || 19.4134048254395 || 2011-06-02 16:25:46 |
| 10653 || -13.0165861120017 || 2013-02-05 00:09:37 |
| 10654 || -1.94690739400664 || 2015-12-05 22:21:11 |
| 10655 || 2.49161027562707 || 2016-01-16 20:10:06 |
| 10656 || -1.05710021255831 || 2018-10-04 19:44:22 |
| 10657 || 53.7911454615206 || 2016-02-06 19:56:51 |
| 10658 || -20.0995470705674 || 2011-07-01 02:27:38 |
| 10659 || 3.0654058218405 || 2017-07-19 13:45:18 |
| 10660 || 4.76725882135241 || 2017-06-08 07:02:04 |
| 10661 || 26.0102336004843 || 2010-04-19 06:03:31 |
| 10662 || -20.2725893000055 || 2018-09-20 18:00:20 |
| 10663 || 52.8484484781917 || 2019-07-17 13:25:39 |
| 10664 || 9.38424418199826 || 2015-12-02 16:59:32 |
| 10665 || 2.22071931144109 || 2014-12-20 12:01:40 |
| 10666 || -15.0486215948557 || 2014-08-22 15:28:50 |
| 10667 || 29.1741373816578 || 2014-09-18 10:27:16 |
| 10668 || 43.4433725086381 || 2019-12-25 13:54:22 |
| 10669 || 4.13861841372177 || 2011-07-10 05:25:13 |
| 10670 || -0.414160840750817 || 2011-01-01 23:39:01 |
| 10671 || 41.2032811485433 || 2015-05-01 19:29:29 |
| 10672 || -2.0859806097143 || 2017-04-17 02:18:22 |
| 10673 || 74.4421195312511 || 2019-09-18 04:50:14 |
| 10674 || -5.86662893188106 || 2012-10-11 03:56:16 |
| 10675 || -0.171115005526337 || 2013-02-07 07:25:23 |
| 10676 || 26.7277184427033 || 2017-01-12 06:17:11 |
| 10677 || -26.7121193106452 || 2014-10-23 00:19:53 |
| 10678 || 5.26545835550078 || 2015-04-09 05:56:36 |
| 10679 || 3.71797763690406 || 2011-04-10 13:07:09 |
| 10680 || -0.00572758698639687 || 2019-11-18 23:48:02 |
| 10681 || 31.7759786034191 || 2018-06-05 01:53:20 |
| 10682 || 71.2438891330501 || 2018-04-17 09:56:25 |
| 10683 || 60.9093498788496 || 2010-03-22 07:58:56 |
| 10684 || 27.1338462507416 || 2010-02-26 19:46:59 |
| 10685 || -0.0280559310053087 || 2019-11-06 08:56:37 |
| 10686 || 24.9921873142874 || 2010-02-03 08:54:04 |
| 10687 || -4.8209169350057 || 2012-12-07 17:35:08 |
| 10688 || -22.8156794421462 || 2015-03-15 00:07:27 |
| 10689 || -12.9509639960568 || 2012-05-01 10:39:57 |
| 10690 || -0.251621641020246 || 2019-07-22 00:11:45 |
| 10691 || -3.67758479197842 || 2010-01-24 11:45:43 |
| 10692 || 4.69616357518341 || 2012-11-13 06:51:48 |
| 10693 || -28.3030851198421 || 2012-01-27 06:07:51 |
| 10694 || 2.24995051233924 || 2010-07-26 01:32:38 |
| 10695 || -0.283369338920733 || 2010-10-04 12:24:07 |
| 10696 || 6.86594311087339 || 2010-02-26 11:22:56 |
| 10697 || 23.1722847021951 || 2010-09-26 03:04:06 |
| 10698 || -6.56209198522557 || 2014-08-05 18:43:25 |
| 10699 || 41.3181593169865 || 2014-08-26 19:47:20 |
| 10700 || 0.097286481195154 || 2016-09-20 04:10:48 |
| 10701 || -3.41017619851631 || 2018-10-17 05:16:50 |
| 10702 || 44.6886797428936 || 2016-02-01 21:13:20 |
| 10703 || 80.0393411292826 || 2011-04-12 04:45:25 |
| 10704 || 24.5870493294526 || 2019-01-15 08:58:44 |
| 10705 || 6.65306306427968 || 2012-05-01 13:23:10 |
| 10706 || 7.86813129502626 || 2010-03-15 14:03:50 |
| 10707 || -6.56694961450657 || 2014-01-13 16:45:13 |
| 10708 || -28.7228958167298 || 2017-06-22 19:21:15 |
| 10709 || 59.9273355628622 || 2019-06-21 04:25:14 |
| 10710 || 0.993776554282614 || 2016-02-12 14:58:37 |
| 10711 || 3.76049124467786 || 2014-11-16 02:43:52 |
| 10712 || 21.5168325736946 || 2011-08-21 23:21:18 |
| 10713 || 36.729110294165 || 2019-09-14 18:58:34 |
| 10714 || 33.0598571061825 || 2011-07-12 23:54:49 |
| 10715 || 12.9127182487194 || 2016-09-24 14:00:57 |
| 10716 || 2.72181154540456 || 2013-06-03 02:13:10 |
| 10717 || 9.0249206240782 || 2014-05-01 16:06:15 |
| 10718 || -15.4991311076923 || 2016-11-25 16:55:19 |
| 10719 || 24.6698628427411 || 2019-10-18 12:24:54 |
| 10720 || 3.72973962282073 || 2018-02-13 19:48:09 |
| 10721 || -0.600868347996372 || 2019-12-05 11:29:44 |
| 10722 || -5.25093946598451 || 2018-08-04 11:57:44 |
| 10723 || 36.8962351998145 || 2016-01-16 11:27:27 |
| 10724 || 73.679511090184 || 2011-08-03 10:39:19 |
| 10725 || 22.0838965753031 || 2010-11-08 09:58:39 |
| 10726 || 0.069595888388824 || 2013-05-25 15:10:15 |
| 10727 || -9.30416365888974 || 2018-05-22 16:28:43 |
| 10728 || 73.427472233494 || 2013-02-15 10:41:20 |
| 10729 || 60.6536972063538 || 2018-10-17 08:16:18 |
| 10730 || 25.6038849724312 || 2012-09-19 22:50:15 |
| 10731 || 0.0122491206663676 || 2019-09-02 12:01:31 |
| 10732 || -3.60810109230995 || 2012-01-03 16:12:56 |
| 10733 || 81.7441636082604 || 2017-08-25 10:58:05 |
| 10734 || 28.9687998091367 || 2018-08-23 10:25:09 |
| 10735 || -7.42423875842724 || 2010-12-17 20:09:52 |
| 10736 || 0.0207486164773288 || 2011-06-12 20:46:23 |
| 10737 || 17.4944342459349 || 2010-02-24 12:49:09 |
| 10738 || 51.3994767048256 || 2017-04-13 13:56:19 |
| 10739 || 31.7557331018591 || 2012-06-10 13:08:48 |
| 10740 || 27.3584122017801 || 2018-01-04 16:33:59 |
| 10741 || 0.660097749878735 || 2016-07-13 14:19:46 |
| 10742 || 6.32419944458596 || 2018-01-16 16:27:59 |
| 10743 || -15.4844088378041 || 2011-07-25 16:42:49 |
| 10744 || -11.043075741537 || 2014-01-25 06:47:56 |
| 10745 || 21.9521831370998 || 2012-01-26 05:23:24 |
| 10746 || 0.703257554801582 || 2016-10-05 04:18:56 |
| 10747 || 17.5841076051756 || 2014-06-13 08:52:12 |
| 10748 || -15.5651330090908 || 2010-06-05 15:12:38 |
| 10749 || 85.3078332511567 || 2018-04-09 23:07:17 |
| 10750 || -15.5580142824968 || 2019-08-24 15:59:27 |
| 10751 || 3.72238191308492 || 2011-04-01 09:01:32 |
| 10752 || 0.0684589208858233 || 2017-10-12 15:20:17 |
| 10753 || -11.2633648802431 || 2019-01-11 13:26:05 |
| 10754 || 11.5662770138843 || 2010-07-10 01:10:15 |
| 10755 || -14.952886404236 || 2018-04-15 08:52:44 |
| 10756 || 6.23034408660693 || 2010-09-08 12:01:41 |
| 10757 || 1.28153955330232 || 2013-03-12 03:50:39 |
| 10758 || 5.46340050234271 || 2012-01-26 21:59:02 |
| 10759 || -28.5421780301533 || 2019-12-15 01:55:21 |
| 10760 || 53.4011294430374 || 2016-12-01 17:12:24 |
| 10761 || -1.4604788530201 || 2017-10-12 01:30:44 |
| 10762 || 23.43 || 2020-01-08 20:51:22 |
| 10763 || 11.251 || 2020-01-08 20:51:22 |
| 10764 || 32.1 || 2020-01-08 20:51:22 |
| 10765 || -5.334 || 2020-01-08 20:51:22 |
| 10766 || 14.8372 || 2020-01-08 20:51:22 |
| 10767 || 16.0509 || 2014-01-01 03:10:54 |
| 10768 || -8.4355479915103 || 2011-05-13 04:48:13 |
| 10769 || -22.2614343048498 || 2019-04-27 09:19:45 |
| 10770 || -22.9561989990308 || 2010-03-23 01:54:20 |
| 10771 || 14.2642316746411 || 2016-03-18 10:57:51 |
| 10772 || -0.446683519777963 || 2013-06-21 07:07:22 |
| 10773 || 16.6929085218726 || 2010-05-13 00:12:27 |
| 10774 || -3.54698216691179 || 2014-08-19 18:59:03 |
| 10775 || 31.8518132276093 || 2018-08-05 21:19:35 |
| 10776 || 20.4088158765664 || 2019-01-17 02:49:40 |
| 10777 || 0.929353669564622 || 2014-01-16 05:50:25 |
| 10778 || 36.717715949144 || 2010-06-07 09:57:52 |
| 10779 || 82.0426472801572 || 2013-03-23 07:34:10 |
| 10780 || 73.7220390084645 || 2013-09-04 10:43:46 |
| 10781 || 1.07066184790614 || 2016-09-18 10:41:26 |
| 10782 || 0.0899844159519122 || 2018-12-22 21:54:35 |
| 10783 || 32.9773500303507 || 2018-07-07 21:34:54 |
| 10784 || -26.1675471923657 || 2016-05-03 22:16:06 |
| 10785 || 15.5646870465968 || 2013-11-01 22:51:29 |
| 10786 || 5.96505182259483 || 2013-06-20 21:13:45 |
| 10787 || -0.00237540716420477 || 2015-03-07 04:50:37 |
| 10788 || 9.29470202752637 || 2016-12-22 00:23:55 |
| 10789 || 63.4394252992642 || 2015-04-26 16:51:04 |
| 10790 || 76.7511355661878 || 2015-01-23 18:52:52 |
| 10791 || -11.7342242239278 || 2016-09-09 02:06:48 |
| 10792 || 0.546002702002396 || 2011-09-02 12:53:26 |
| 10793 || 9.54129666931285 || 2014-10-03 16:40:44 |
| 10794 || 57.9908661535958 || 2017-02-21 16:12:41 |
| 10795 || 73.3185384991716 || 2017-12-04 19:05:21 |
| 10796 || 27.734156349558 || 2013-05-11 03:24:51 |
| 10797 || 0.984380916243222 || 2017-03-19 03:20:52 |
| 10798 || 19.025535169892 || 2019-10-13 12:06:10 |
| 10799 || -10.06055035496 || 2013-07-25 18:50:36 |
| 10800 || 74.1745629684389 || 2010-04-27 00:59:58 |
| 10801 || -7.16814071413671 || 2018-02-01 05:19:08 |
| 10802 || -1.13523434955005 || 2019-04-09 01:00:31 |
| 10803 || 7.29231673412289 || 2010-06-23 20:59:48 |
| 10804 || 66.0087789289099 || 2019-01-24 14:15:01 |
| 10805 || 26.618742419199 || 2019-11-09 10:31:23 |
| 10806 || -12.4483729208339 || 2017-01-26 19:40:02 |
| 10807 || 5.33188596917641 || 2019-05-12 19:04:51 |
| 10808 || 3.37949352184785 || 2018-12-13 07:30:21 |
| 10809 || -4.92138698458451 || 2016-06-08 19:12:04 |
| 10810 || 26.3578852965359 || 2015-03-11 08:04:28 |
| 10811 || 57.6557731792583 || 2011-09-27 22:44:21 |
| 10812 || -2.01880900901805 || 2012-09-06 07:45:18 |
| 10813 || -1.73651389830105 || 2018-02-10 19:31:33 |
| 10814 || 32.1091992805296 || 2016-09-27 12:21:15 |
| 10815 || 55.7039155152607 || 2018-06-11 13:20:48 |
| 10816 || -0.501716728109968 || 2017-01-07 19:34:10 |
| 10817 || 12.2765635939799 || 2019-12-06 04:58:05 |
| 10818 || 1.32670612144739 || 2019-01-26 16:24:45 |
| 10819 || 26.9287496126395 || 2019-07-02 14:52:36 |
| 10820 || -17.4525526184108 || 2010-07-12 14:22:07 |
| 10821 || 40.8120242961636 || 2015-04-11 20:27:34 |
| 10822 || 1.51423661263712 || 2014-05-10 12:24:36 |
| 10823 || -0.912945543977533 || 2012-11-21 10:29:44 |
| 10824 || 45.5093924417339 || 2012-02-10 18:43:37 |
| 10825 || -4.31613742011162 || 2014-06-13 14:50:27 |
| 10826 || -1.7698095207 || 2010-01-17 05:02:00 |
| 10827 || 20.7413035484577 || 2013-03-26 04:45:56 |
| 10828 || 0.370666713838361 || 2011-03-26 02:04:17 |
| 10829 || -12.9471389764599 || 2018-02-20 18:09:57 |
| 10830 || 58.7701400516354 || 2011-10-07 11:26:23 |
| 10831 || -23.6398585357174 || 2014-11-12 11:10:56 |
| 10832 || -2.0620859468282 || 2016-06-25 20:07:01 |
| 10833 || -0.0858913307926383 || 2014-10-02 21:34:55 |
| 10834 || 32.3013776101196 || 2017-12-04 13:53:30 |
| 10835 || 69.9374600798682 || 2012-01-14 20:40:55 |
| 10836 || 73.2455880664418 || 2015-06-05 07:04:47 |
| 10837 || 17.1313599161886 || 2018-09-24 08:32:00 |
| 10838 || 0.00318605773004506 || 2014-02-11 15:05:09 |
| 10839 || -5.16271775262509 || 2017-09-06 05:59:56 |
| 10840 || 54.4759270335615 || 2016-05-23 19:12:20 |
| 10841 || 75.4198122416223 || 2016-11-04 04:22:01 |
| 10842 || 35.7713725535022 || 2015-01-06 10:00:51 |
| 10843 || 0.395150160660935 || 2016-06-18 12:03:08 |
| 10844 || -6.26128211989777 || 2019-03-03 04:49:04 |
| 10845 || 0.933731622306085 || 2014-04-20 19:14:36 |
| 10846 || -22.3042723475663 || 2019-01-14 13:22:02 |
| 10847 || -6.66501701480838 || 2011-03-05 23:38:11 |
| 10848 || -0.399078170977968 || 2014-10-16 08:59:07 |
| 10849 || -6.19359504126984 || 2019-08-02 11:12:31 |
| 10850 || 23.3324836904503 || 2011-05-11 11:33:39 |
| 10851 || -28.9976112711871 || 2019-07-22 06:17:57 |
| 10852 || -11.1565474896835 || 2012-04-25 05:32:32 |
| 10853 || 2.36214161740183 || 2016-06-16 06:53:04 |
| 10854 || 11.6002424638905 || 2014-01-08 11:15:38 |
| 10855 || 39.6531207614378 || 2011-08-27 11:31:32 |
| 10856 || 33.979913295389 || 2010-11-13 04:24:41 |
| 10857 || 46.8849979676408 || 2015-10-15 11:25:53 |
| 10858 || -0.460794951019908 || 2016-04-14 00:12:10 |
| 10859 || 9.88673140116478 || 2013-02-25 18:55:26 |
| 10860 || 8.47638019040299 || 2017-02-25 20:15:09 |
| 10861 || 58.3792737104002 || 2013-10-19 00:23:10 |
| 10862 || 48.7385003317306 || 2010-12-13 14:17:59 |
| 10863 || -2.05888647543541 || 2018-03-27 05:49:56 |
| 10864 || -2.73930172982301 || 2012-02-07 08:08:48 |
| 10865 || 32.2299268166467 || 2012-11-15 13:34:21 |
| 10866 || 78.3814831667784 || 2019-02-07 20:44:01 |
| 10867 || 59.6482321663527 || 2018-04-04 15:50:28 |
| 10868 || 6.68835704456881 || 2016-03-09 17:26:47 |
| 10869 || -0.364246216522633 || 2010-05-11 17:46:30 |
| 10870 || 16.5177383855789 || 2017-09-05 12:23:02 |
| 10871 || 89.2267256398556 || 2010-05-12 20:33:56 |
| 10872 || -7.58435056732671 || 2013-05-26 23:37:26 |
| 10873 || -1.68786419240156 || 2015-07-21 10:45:44 |
| 10874 || 1.39187277176093 || 2011-08-06 03:46:46 |
| 10875 || -4.70625359502867 || 2010-02-14 19:17:39 |
| 10876 || 19.4989170902295 || 2018-03-26 06:52:19 |
| 10877 || -17.0331792545762 || 2012-07-16 10:29:57 |
| 10878 || 0.924831112937091 || 2011-04-26 11:25:31 |
| 10879 || 1.31428041086249 || 2014-11-05 23:55:51 |
| 10880 || -0.494892513903891 || 2016-02-17 00:58:15 |
| 10881 || 56.4410010003468 || 2011-02-21 00:17:03 |
| 10882 || 43.1008455196072 || 2018-09-01 08:00:56 |
| 10883 || 23.9907475328354 || 2013-09-22 12:04:47 |
| 10884 || -0.109648706944906 || 2012-07-07 16:50:46 |
| 10885 || -10.211941580448 || 2010-01-13 12:50:59 |
| 10886 || 44.4351223670181 || 2012-05-10 12:57:12 |
| 10887 || 36.680271370496 || 2019-05-07 15:27:06 |
| 10888 || 22.127443813394 || 2012-01-23 23:20:17 |
| 10889 || 0.000674217828054387 || 2017-02-19 20:46:27 |
| 10890 || 19.0979068341101 || 2017-11-20 23:05:35 |
| 10891 || 24.9628636396742 || 2019-11-06 07:56:17 |
| 10892 || -19.5764368871533 || 2013-03-02 01:34:41 |
| 10893 || 34.1523379540773 || 2010-07-11 03:29:38 |
| 10894 || 0.273154856984312 || 2014-10-25 15:21:24 |
| 10895 || 10.4856572135457 || 2017-08-19 23:42:47 |
| 10896 || 57.3576000262912 || 2011-08-17 04:56:55 |
| 10897 || 74.7880201141429 || 2019-03-19 00:19:35 |
| 10898 || 0.200295379851717 || 2010-10-24 11:14:30 |
| 10899 || -0.210072553653565 || 2013-02-05 17:40:38 |
| 10900 || 4.50716442883346 || 2018-05-11 12:59:44 |
| 10901 || 49.3655544634948 || 2017-06-14 12:09:49 |
| 10902 || -25.9053524090249 || 2016-02-20 05:35:37 |
| 10903 || 14.0437206597547 || 2010-11-20 10:23:47 |
| 10904 || -0.918098268277635 || 2014-03-23 06:10:19 |
| 10905 || 14.3083634034112 || 2018-03-26 10:30:01 |
| 10906 || 9.25935067574717 || 2019-07-09 16:18:04 |
| 10907 || -28.8897178666238 || 2016-05-12 19:09:28 |
| 10908 || -17.0151868236525 || 2018-12-27 15:52:19 |
| 10909 || 4.81482950460705 || 2019-12-13 12:29:22 |
| 10910 || 12.0159239866122 || 2017-02-22 14:46:29 |
| 10911 || 3.73086010950642 || 2011-02-08 02:31:10 |
| 10912 || 89.7997746970096 || 2019-09-19 23:46:27 |
| 10913 || 53.8357060824072 || 2011-11-17 10:35:32 |
| 10914 || 4.24295419771456 || 2015-06-18 04:36:22 |
| 10915 || -2.63893354591939 || 2016-02-27 00:40:26 |
| 10916 || 45.0436101825497 || 2018-04-03 19:33:22 |
| 10917 || -24.1463368315665 || 2014-08-03 21:10:31 |
| 10918 || -20.5175666834588 || 2011-09-14 16:26:46 |
| 10919 || -0.567812845066144 || 2012-12-14 23:57:21 |
| 10920 || 3.59833781090668 || 2016-01-06 11:49:48 |
| 10921 || 51.3119446119616 || 2011-07-04 15:47:45 |
| 10922 || 72.8355780395468 || 2013-06-15 15:21:22 |
| 10923 || 36.5370813170818 || 2010-03-15 13:19:57 |
| 10924 || 4.28446464310507 || 2013-06-07 18:30:15 |
| 10925 || -0.475423966166584 || 2018-05-16 00:44:15 |
| 10926 || 10.9317202028996 || 2017-01-08 19:08:07 |
| 10927 || -16.6551830804632 || 2017-06-18 09:08:30 |
| 10928 || 60.4071280494232 || 2019-02-23 23:00:06 |
| 10929 || 17.2443584379651 || 2011-05-24 10:47:47 |
| 10930 || 1.09651672978441 || 2012-11-22 20:11:34 |
| 10931 || -6.94109033665188 || 2012-03-26 16:01:22 |
| 10932 || 85.6463350617861 || 2016-05-13 19:42:35 |
| 10933 || 35.9173410897299 || 2011-06-04 01:06:47 |
| 10934 || -3.97658549787444 || 2012-07-18 20:48:15 |
| 10935 || -0.1593080193019 || 2013-04-06 07:07:22 |
| 10936 || -11.096488871414 || 2011-12-19 08:31:09 |
| 10937 || 54.1498706396004 || 2015-11-26 08:02:44 |
| 10938 || 74.0674165853919 || 2017-08-23 17:23:17 |
| 10939 || -8.35857100542439 || 2010-05-17 05:23:34 |
| 10940 || -0.00741824610355262 || 2017-06-14 06:43:40 |
| 10941 || 28.2443954986936 || 2013-03-19 01:51:31 |
| 10942 || 8.63125538387544 || 2010-11-06 16:17:49 |
| 10943 || 45.2113636873893 || 2011-09-15 04:03:16 |
| 10944 || 31.8707813864323 || 2019-05-17 17:58:41 |
| 10945 || -0.0524532802937408 || 2015-07-23 10:52:30 |
| 10946 || 9.59338460776215 || 2019-09-02 09:06:37 |
| 10947 || -9.1599278319105 || 2016-11-09 10:09:58 |
| 10948 || -18.2450247851169 || 2018-01-21 05:04:45 |
| 10949 || -11.2028030990194 || 2012-12-27 20:18:29 |
| 10950 || -0.267725483716467 || 2011-06-22 15:17:10 |
| 10951 || 7.88969557100872 || 2017-03-06 05:33:20 |
| 10952 || -12.5795475285899 || 2012-11-05 21:45:15 |
| 10953 || -23.3794849589366 || 2018-06-22 23:10:28 |
| 10954 || 41.3325593574876 || 2017-07-22 17:59:08 |
| 10955 || 1.76692938191077 || 2010-05-08 17:35:44 |
| 10956 || -5.11540589045108 || 2017-07-26 10:04:51 |
| 10957 || 44.836831573609 || 2013-11-16 13:25:07 |
| 10958 || -29.5485426540586 || 2019-11-07 09:46:27 |
| 10959 || -15.7389140539973 || 2018-07-01 21:26:44 |
| 10960 || 1.06194119674055 || 2012-01-18 01:41:39 |
| 10961 || 13.0177611927805 || 2018-11-24 14:43:40 |
| 10962 || 64.1161950078059 || 2019-07-26 15:14:37 |
| 10963 || -6.06027834711114 || 2016-03-16 04:14:40 |
| 10964 || -16.8440876107345 || 2015-04-05 15:00:44 |
| 10965 || 2.89363561868448 || 2011-12-04 03:30:58 |
| 10966 || 6.81528844895917 || 2010-09-17 08:06:24 |
| 10967 || 38.9833018010642 || 2013-09-22 13:57:01 |
| 10968 || 89.8866511077427 || 2014-07-07 02:05:25 |
| 10969 || -14.8203893611699 || 2019-05-15 23:37:52 |
| 10970 || -3.29480790494159 || 2017-07-17 16:01:08 |
| 10971 || 0.0652870514394368 || 2018-09-21 18:45:19 |
| 10972 || -15.9976578161468 || 2016-03-13 14:30:49 |
| 10973 || 73.7633217111752 || 2012-06-15 23:54:56 |
| 10974 || 27.1818826546343 || 2017-03-10 17:25:53 |
| 10975 || 7.25369551691117 || 2016-12-11 18:36:43 |
| 10976 || 2.61181799815977 || 2016-01-18 15:15:43 |
| 10977 || 46.8398896734157 || 2011-01-23 17:10:58 |
| 10978 || 52.4903617390775 || 2010-12-04 16:24:06 |
| 10979 || 68.1182365453586 || 2012-03-13 01:11:49 |
| 10980 || 16.7101880027079 || 2016-05-20 21:31:34 |
| 10981 || 1.95694256054968 || 2019-05-21 22:57:29 |
| 10982 || 12.4857193235999 || 2017-01-27 16:28:59 |
| 10983 || -9.77667205246421 || 2016-09-22 05:18:18 |
| 10984 || 71.1733140608592 || 2015-03-18 06:35:06 |
| 10985 || -4.83626558207363 || 2010-09-14 18:41:24 |
| 10986 || -0.132735295965989 || 2015-06-01 05:57:42 |
| 10987 || 33.6755993127267 || 2017-07-03 01:30:26 |
| 10988 || 84.5028311420086 || 2015-01-22 17:59:24 |
| 10989 || 22.8379344172196 || 2017-10-08 08:27:47 |
| 10990 || 9.23666956700678 || 2015-12-15 04:44:37 |
| 10991 || 0.00951471324982341 || 2016-08-21 11:29:32 |
| 10992 || 24.4115934568744 || 2010-01-06 21:58:24 |
| 10993 || 70.327343900935 || 2013-09-05 13:33:49 |
| 10994 || 53.7273429920059 || 2017-01-10 18:17:17 |
| 10995 || 12.0141527507524 || 2016-02-18 09:05:07 |
| 10996 || 0.0893877859678614 || 2019-09-03 05:37:36 |
| 10997 || -8.94479653872781 || 2010-12-26 03:48:40 |
| 10998 || 71.911766741536 || 2017-06-17 12:43:19 |
| 10999 || 46.5197198339927 || 2016-11-10 11:41:49 |
| 11000 || 8.71290857237954 || 2019-07-20 15:28:55 |
| 11001 || 0.363940780260758 || 2013-06-10 17:18:03 |
| 11002 || 22.4887761564066 || 2012-10-13 14:16:14 |
| 11003 || -16.9916802926196 || 2013-12-14 02:47:06 |
| 11004 || 7.60253371503821 || 2017-10-26 19:11:32 |
| 11005 || 35.9885651741626 || 2012-09-06 14:20:30 |
| 11006 || 2.09626073029492 || 2010-12-17 14:41:41 |
| 11007 || 11.416615765705 || 2018-02-03 12:07:13 |
| 11008 || 66.9231493777813 || 2018-07-09 14:04:31 |
| 11009 || 71.0779608013406 || 2014-11-24 04:41:10 |
| 11010 || 34.6328085935328 || 2014-04-19 16:44:11 |
| 11011 || 0.464311989686651 || 2013-09-26 21:25:09 |
| 11012 || 0.24609037576306 || 2011-06-15 08:42:38 |
| 11013 || 63.7335901302784 || 2010-11-21 19:58:14 |
| 11014 || -13.9622266491218 || 2010-12-23 06:54:09 |
| 11015 || -18.054362759276 || 2016-01-24 02:47:30 |
| 11016 || 5.00518771481964 || 2018-07-23 01:35:13 |
| 11017 || 5.77091943000196 || 2011-04-09 17:43:04 |
| 11018 || 15.7863873431416 || 2017-05-20 18:54:45 |
| 11019 || -15.6636171936715 || 2010-05-01 17:51:00 |
| 11020 || 29.2291609029368 || 2011-02-13 13:45:22 |
| 11021 || 7.93851271285822 || 2018-08-17 16:27:56 |
| 11022 || 6.92523139707908 || 2013-11-21 10:46:42 |
| 11023 || -18.0837039424663 || 2018-06-20 21:04:18 |
| 11024 || 79.8719618164809 || 2015-11-25 02:27:35 |
| 11025 || 63.9333786878015 || 2011-02-06 10:27:04 |
| 11026 || 4.23573192310095 || 2012-02-23 11:48:48 |
| 11027 || -0.858315280392444 || 2019-03-24 15:33:53 |
| 11028 || 28.1850485298115 || 2014-06-10 06:13:57 |
| 11029 || 60.2163847911974 || 2013-10-15 16:17:35 |
| 11030 || 64.1716422690089 || 2019-02-09 01:55:34 |
| 11031 || 12.376483041495 || 2014-02-06 11:08:21 |
| 11032 || 2.26587652512633 || 2017-02-04 16:12:19 |
| 11033 || 40.2713188155289 || 2018-05-10 16:57:02 |
| 11034 || 6.77004288263932 || 2018-09-16 21:26:17 |
| 11035 || -10.6248549489147 || 2012-04-17 10:54:13 |
| 11036 || 21.3362304609867 || 2012-12-01 12:39:58 |
| 11037 || 0.5627304152933 || 2017-02-20 02:42:56 |
| 11038 || -8.31510229236546 || 2012-05-06 11:47:44 |
| 11039 || -21.7849650720831 || 2018-03-08 02:21:56 |
| 11040 || 61.8686573414811 || 2018-12-09 20:46:21 |
| 11041 || 13.1126709887892 || 2011-07-01 18:59:51 |
| 11042 || 0.0447049686510829 || 2017-01-10 01:41:11 |
| 11043 || -5.84700685052343 || 2017-10-14 22:27:07 |
| 11044 || 15.2710682500147 || 2017-04-04 15:33:32 |
| 11045 || 20.9989002667478 || 2017-09-02 08:35:02 |
| 11046 || -9.42471207031404 || 2010-05-25 19:30:23 |
| 11047 || 0.0216935387763444 || 2014-04-07 22:57:49 |
| 11048 || 3.40573088757607 || 2015-04-17 14:07:52 |
| 11049 || 77.5785888246662 || 2013-04-11 22:18:59 |
| 11050 || -25.6797354491615 || 2011-04-20 14:31:26 |
| 11051 || 36.5966745483406 || 2017-09-23 04:39:45 |
| 11052 || -0.125267972510127 || 2016-03-26 14:12:38 |
| 11053 || 8.21422954676185 || 2019-02-14 16:16:04 |
| 11054 || -16.728505469793 || 2011-12-05 11:12:02 |
| 11055 || 85.717638468308 || 2018-09-14 00:19:59 |
| 11056 || 39.5176028262351 || 2016-08-17 02:44:54 |
| 11057 || -0.566737693355537 || 2014-12-27 06:05:15 |
| 11058 || 14.5597062897349 || 2019-08-17 11:04:54 |
| 11059 || -20.9573811921696 || 2015-06-05 08:50:18 |
| 11060 || 71.1759826659488 || 2013-10-09 18:20:10 |
| 11061 || -12.9916265257406 || 2011-12-03 13:54:18 |
| 11062 || 3.60137490513013 || 2017-09-13 21:23:43 |
| 11063 || -0.465243948834648 || 2018-03-22 05:29:46 |
| 11064 || 40.6687827345753 || 2011-10-19 00:05:10 |
| 11065 || 11.0574861005955 || 2011-11-10 02:36:38 |
| 11066 || 21.3420897514077 || 2012-01-16 11:31:26 |
| 11067 || 5.85555095011501 || 2016-05-12 08:14:30 |
| 11068 || 3.67044793746266 || 2018-06-20 15:34:23 |
| 11069 || 7.46009283391222 || 2019-11-01 10:36:45 |
| 11070 || 17.1496519201453 || 2016-04-18 07:50:13 |
| 11071 || -19.4542484683865 || 2017-09-10 00:18:51 |
| 11072 || -0.909772597875886 || 2010-12-19 21:17:59 |
| 11073 || 5.54993980136663 || 2018-07-09 11:51:16 |
| 11074 || 38.3424007767157 || 2017-05-04 04:29:09 |
| 11075 || -4.00723670252112 || 2010-09-25 05:17:24 |
| 11076 || 42.6641033132621 || 2013-08-15 14:20:27 |
| 11077 || 5.76843904105964 || 2018-11-24 04:32:54 |
| 11078 || -0.790392120539441 || 2016-08-17 06:44:34 |
| 11079 || 20.1100640787256 || 2016-09-05 17:34:52 |
| 11080 || 72.2687739142388 || 2010-12-20 20:01:47 |
| 11081 || -22.5767869945585 || 2019-11-24 03:47:45 |
| 11082 || -2.76430179778145 || 2010-09-22 17:57:36 |
| 11083 || -0.272651672353793 || 2010-12-04 15:48:09 |
| 11084 || 17.1166642871173 || 2012-11-15 15:53:59 |
| 11085 || 12.8903605964231 || 2019-11-11 13:00:33 |
| 11086 || -12.8952149658544 || 2018-09-19 18:18:25 |
| 11087 || 18.7315395739704 || 2017-09-04 23:09:28 |
| 11088 || 0.960523059803708 || 2016-12-14 15:38:05 |
| 11089 || 37.3760685894093 || 2017-06-24 05:04:31 |
| 11090 || -25.5122873562493 || 2010-01-13 04:13:54 |
| 11091 || -18.3550188303327 || 2016-05-25 13:23:04 |
| 11092 || -3.89772867931577 || 2015-09-04 09:14:42 |
| 11093 || 0.227888263922424 || 2018-01-12 02:47:31 |
| 11094 || 34.0558218837302 || 2015-12-18 05:03:12 |
| 11095 || -0.908596317193932 || 2014-01-20 12:55:56 |
| 11096 || -26.8634960922532 || 2011-10-23 16:54:06 |
| 11097 || -9.80063588004624 || 2018-11-04 06:58:26 |
| 11098 || 0.00672628508756939 || 2016-03-03 10:41:45 |
| 11099 || 4.54011594834033 || 2010-07-21 08:25:24 |
| 11100 || -22.9779324153292 || 2011-06-22 00:20:06 |
| 11101 || 58.2931701808194 || 2011-05-10 16:55:27 |
| 11102 || 3.35809227928494 || 2012-08-04 20:01:21 |
| 11103 || -0.141852342495539 || 2014-03-13 17:23:40 |
| 11104 || -0.839266032856012 || 2016-04-26 00:15:32 |
| 11105 || -25.016323539543 || 2017-08-05 13:16:01 |
| 11106 || 62.1131179099416 || 2015-09-13 12:56:43 |
| 11107 || 37.5986038728581 || 2018-04-18 11:09:19 |
| 11108 || 0.66234477475861 || 2011-08-26 02:08:48 |
| 11109 || 1.08318792256041 || 2016-02-04 09:58:34 |
| 11110 || 52.6381754058193 || 2019-12-21 21:04:41 |
| 11111 || 6.8161940931145 || 2019-02-19 16:38:52 |
| 11112 || 5.46030614078865 || 2011-04-02 03:01:22 |
| 11113 || 1.94315164148725 || 2010-06-12 13:03:47 |
| 11114 || -4.79919468818408 || 2015-11-10 08:32:19 |
| 11115 || 55.1107893651791 || 2015-12-16 00:50:07 |
| 11116 || 34.0566961900748 || 2011-11-10 09:19:53 |
| 11117 || 33.549048016297 || 2010-09-14 09:36:25 |
| 11118 || -0.00521350843146129 || 2014-08-02 14:21:12 |
| 11119 || -3.74623335425937 || 2016-12-22 04:31:52 |
| 11120 || 31.224938226208 || 2011-06-25 10:40:13 |
| 11121 || 78.62852175973 || 2019-09-08 04:53:36 |
| 11122 || -12.8314610988792 || 2018-10-11 16:15:24 |
| 11123 || -2.77495720701432 || 2011-02-25 22:34:54 |
| 11124 || -2.36513432035674 || 2019-03-15 19:08:48 |
| 11125 || -18.7435185322764 || 2016-08-08 13:12:43 |
| 11126 || 3.35747013203385 || 2019-12-10 21:03:10 |
| 11127 || 58.0621096549638 || 2011-09-02 15:22:07 |
| 11128 || -3.17930736593017 || 2017-06-27 04:24:03 |
| 11129 || 2.06981662798428 || 2018-05-21 03:00:23 |
| 11130 || 5.20874331207448 || 2016-03-08 04:56:21 |
| 11131 || 21.6480373210226 || 2010-01-12 12:12:52 |
| 11132 || 61.9393428811427 || 2010-05-02 08:04:10 |
| 11133 || -1.38496005194296 || 2011-04-17 10:16:43 |
| 11134 || -0.962798530873408 || 2011-03-20 15:22:26 |
| 11135 || 16.4952436682032 || 2014-01-26 16:55:03 |
| 11136 || -18.9421346725454 || 2010-08-01 08:24:24 |
| 11137 || 70.7809247652166 || 2010-12-27 05:22:53 |
| 11138 || 13.5896668908488 || 2019-08-12 14:03:55 |
| 11139 || 1.09020094527719 || 2018-10-01 14:08:11 |
| 11140 || -8.26895929053147 || 2019-05-07 08:35:00 |
| 11141 || -25.0477892540625 || 2013-08-20 20:18:19 |
| 11142 || 52.9750833253056 || 2016-09-16 11:10:31 |
| 11143 || -0.767472509682548 || 2016-07-20 17:39:18 |
| 11144 || 0.33946382436795 || 2010-11-09 04:58:15 |
| 11145 || 34.6997593833019 || 2015-09-21 22:11:40 |
| 11146 || 83.2741439491084 || 2014-10-18 09:35:51 |
| 11147 || -20.859683782206 || 2017-04-17 12:52:17 |
| 11148 || 22.4989081192856 || 2013-07-07 17:03:12 |
| 11149 || -0.000103257363973874 || 2018-09-14 04:29:55 |
| 11150 || 30.0168752303419 || 2012-06-05 04:16:57 |
| 11151 || 35.8749775188895 || 2011-02-03 04:23:49 |
| 11152 || -11.0809869789432 || 2014-07-21 14:01:46 |
| 11153 || -8.37078083960133 || 2011-04-24 14:54:48 |
| 11154 || 0.159207663289995 || 2012-07-03 19:35:00 |
| 11155 || -1.34014171517366 || 2015-01-02 06:30:51 |
| 11156 || 23.3878847229348 || 2011-05-12 00:38:53 |
| 11157 || -25.0639621122419 || 2010-04-20 02:37:03 |
| 11158 || -11.3113033992601 || 2013-10-09 19:46:23 |
| 11159 || 0.19136351116676 || 2011-09-02 04:20:56 |
| 11160 || 3.56051748707072 || 2017-06-05 02:36:14 |
| 11161 || 15.9613929764178 || 2017-09-19 01:05:05 |
| 11162 || -24.3406722177322 || 2012-09-23 01:38:16 |
| 11163 || 17.6400537440763 || 2012-04-10 12:23:09 |
| 11164 || 0.638846525223384 || 2014-10-21 06:45:04 |
| 11165 || -4.14095612469602 || 2018-07-21 16:16:31 |
| 11166 || 45.162178945102 || 2015-07-01 15:35:17 |
| 11167 || 89.1295888424315 || 2010-05-06 19:00:08 |
| 11168 || -16.9007013910023 || 2019-11-01 04:56:02 |
| 11169 || 4.20482793370576 || 2016-04-01 18:46:46 |
| 11170 || -2.80123027808562 || 2012-05-12 07:46:53 |
| 11171 || 13.97053515633 || 2019-07-01 22:34:25 |
| 11172 || 68.1487584172616 || 2015-07-14 01:42:47 |
| 11173 || 56.586692813244 || 2010-01-12 22:09:59 |
| 11174 || 4.36533646770357 || 2018-12-05 04:09:05 |
| 11175 || 23.43 || 2020-01-08 20:58:13 |
| 11176 || 11.251 || 2020-01-08 20:58:13 |
| 11177 || 32.1 || 2020-01-08 20:58:13 |
| 11178 || -5.334 || 2020-01-08 20:58:13 |
| 11179 || 14.8372 || 2020-01-08 20:58:13 |
| 11180 || 16.0509 || 2014-01-01 03:10:54 |
| 11181 || -12.5834104978178 || 2013-09-17 07:40:43 |
| 11182 || 88.5296271301228 || 2013-09-06 18:29:13 |
| 11183 || -8.51516354442556 || 2018-11-07 20:21:03 |
| 11184 || -3.81625731963748 || 2012-12-17 23:49:46 |
| 11185 || -0.637098275771023 || 2013-06-05 16:50:10 |
| 11186 || 45.2371960184769 || 2016-05-11 21:51:05 |
| 11187 || 83.8020601694237 || 2018-05-23 22:38:37 |
| 11188 || 56.3199846049375 || 2011-10-15 18:03:16 |
| 11189 || 15.4498743499151 || 2015-11-18 14:01:26 |
| 11190 || -0.0229780806709058 || 2017-10-26 07:07:41 |
| 11191 || 26.1500900680316 || 2010-07-07 22:45:13 |
| 11192 || 27.9097163985298 || 2019-07-07 18:50:50 |
| 11193 || -12.3178663090957 || 2017-08-20 06:47:55 |
| 11194 || 7.09042433417545 || 2014-03-17 13:26:51 |
| 11195 || 0.241428365153711 || 2012-10-09 12:20:07 |
| 11196 || -10.8504592373929 || 2010-09-25 16:16:47 |
| 11197 || 83.3635521149363 || 2018-04-15 23:03:42 |
| 11198 || 30.2632256974181 || 2010-12-27 21:26:43 |
| 11199 || -9.01581811337832 || 2018-06-15 04:15:42 |
| 11200 || 0.0119762930329742 || 2018-12-25 20:08:18 |
| 11201 || 0.72903829632885 || 2016-06-27 10:41:18 |
| 11202 || 67.7394681349022 || 2012-07-14 18:36:54 |
| 11203 || 80.5257594151419 || 2011-05-03 12:37:51 |
| 11204 || -0.146996108895563 || 2017-06-27 19:09:20 |
| 11205 || 0.17406599330914 || 2016-05-11 13:53:11 |
| 11206 || 2.81364466138188 || 2010-08-17 23:16:23 |
| 11207 || 34.538146447388 || 2010-07-18 00:11:27 |
| 11208 || -22.3978708335699 || 2013-03-10 23:49:03 |
| 11209 || 35.2398400981637 || 2011-05-15 01:44:36 |
| 11210 || 1.00034382873831 || 2019-06-16 07:35:00 |
| 11211 || -4.84940744896314 || 2012-08-05 15:38:18 |
| 11212 || 41.7724692308898 || 2018-05-15 13:57:03 |
| 11213 || -16.907711505039 || 2012-10-20 00:39:38 |
| 11214 || -12.3608119085086 || 2013-04-25 23:40:19 |
| 11215 || 2.27533562116469 || 2011-05-09 04:49:57 |
| 11216 || 5.0648094582508 || 2011-09-10 18:54:47 |
| 11217 || 44.0871004938934 || 2015-07-16 09:41:00 |
| 11218 || -27.4251177778913 || 2016-12-04 18:21:09 |
| 11219 || -16.7414777891058 || 2010-04-22 09:56:34 |
| 11220 || -1.52535502312822 || 2017-08-04 22:34:51 |
| 11221 || -3.26264804003356 || 2012-05-15 06:17:02 |
| 11222 || -8.99781706436261 || 2018-09-13 19:50:44 |
| 11223 || -18.9185729429212 || 2014-12-23 00:01:47 |
| 11224 || 52.9879041645866 || 2019-12-15 16:41:40 |
| 11225 || 2.80641262370319 || 2011-09-06 09:20:29 |
| 11226 || 1.27071511799314 || 2016-03-20 09:27:37 |
| 11227 || -14.2151360146651 || 2014-08-21 17:26:14 |
| 11228 || 89.4105744187012 || 2013-01-11 21:46:09 |
| 11229 || 9.0190221365799 || 2015-10-14 10:19:10 |
| 11230 || -3.27864247116838 || 2018-11-11 08:06:41 |
| 11231 || 0.751347502547354 || 2010-07-06 03:37:10 |
| 11232 || -0.649164059972833 || 2019-04-19 06:53:04 |
| 11233 || 89.1818523718418 || 2019-09-05 07:26:15 |
| 11234 || 62.3230501949656 || 2011-02-23 14:49:18 |
| 11235 || 5.97830102360072 || 2011-08-05 21:08:41 |
| 11236 || 3.12277883400993 || 2017-03-22 21:38:10 |
| 11237 || 29.8151585874103 || 2013-09-02 00:29:51 |
| 11238 || 84.0111324056557 || 2011-01-22 13:43:35 |
| 11239 || 46.7169636339293 || 2010-03-03 01:37:09 |
| 11240 || -0.308933633604476 || 2012-04-02 15:09:00 |
| 11241 || 0.550468622253391 || 2016-07-13 10:46:47 |
| 11242 || 40.6354952312412 || 2014-10-04 15:17:02 |
| 11243 || -3.54179312134825 || 2011-08-05 18:40:55 |
| 11244 || 6.6487217373742 || 2014-11-09 22:09:24 |
| 11245 || -0.0313288414390923 || 2013-01-11 13:34:38 |
| 11246 || -0.215332663088791 || 2011-06-19 18:44:57 |
| 11247 || 33.6366632437835 || 2019-11-15 02:50:00 |
| 11248 || 73.4620913441727 || 2011-10-05 15:36:28 |
| 11249 || 76.4164614263714 || 2012-04-27 01:47:44 |
| 11250 || 27.9682532872402 || 2019-08-01 10:11:36 |
| 11251 || 0.00821692954434888 || 2013-09-12 16:34:58 |
| 11252 || -8.82268721212428 || 2011-11-16 23:04:10 |
| 11253 || -17.27590768533 || 2017-06-22 01:48:56 |
| 11254 || 66.3163890555817 || 2013-11-02 00:55:12 |
| 11255 || -10.9603472778868 || 2016-06-12 14:00:19 |
| 11256 || -0.0187493787125845 || 2011-01-07 08:29:18 |
| 11257 || 24.9828915592801 || 2010-01-24 16:59:27 |
| 11258 || 0.648129788811472 || 2017-01-16 13:23:09 |
| 11259 || 81.383717685471 || 2013-06-06 17:23:55 |
| 11260 || 6.96669763142349 || 2017-02-13 19:20:23 |
| 11261 || -0.179657566819041 || 2013-06-16 17:32:06 |
| 11262 || -0.391196173676003 || 2017-11-01 05:32:07 |
| 11263 || 73.9937056694077 || 2017-09-26 20:48:00 |
| 11264 || -28.094456395789 || 2013-09-05 20:13:57 |
| 11265 || 27.4292429859871 || 2016-09-09 21:36:23 |
| 11266 || -0.485968405368492 || 2019-12-12 02:00:39 |
| 11267 || 2.44252011571554 || 2015-09-06 16:26:12 |
| 11268 || -23.0109781945074 || 2018-11-05 17:19:24 |
| 11269 || 27.8352283947749 || 2014-10-15 10:04:10 |
| 11270 || -11.7735413621765 || 2016-10-10 22:13:23 |
| 11271 || 3.87425222888106 || 2010-07-06 17:45:20 |
| 11272 || 6.12072084378518 || 2017-05-19 07:10:19 |
| 11273 || 50.0974263989763 || 2019-04-20 22:30:25 |
| 11274 || 89.4025857587583 || 2015-10-05 09:08:01 |
| 11275 || 22.1154917024485 || 2016-05-15 01:35:02 |
| 11276 || -1.23567748567987 || 2015-07-25 09:47:47 |
| 11277 || 7.89982113255486 || 2019-11-26 01:22:06 |
| 11278 || 59.2168415031141 || 2018-10-10 19:26:23 |
| 11279 || -25.8436818669808 || 2012-11-02 01:10:32 |
| 11280 || 46.2717556338024 || 2013-02-18 00:13:50 |
| 11281 || -2.64325520179437 || 2012-01-18 07:35:49 |
| 11282 || 6.00590620524328 || 2015-07-27 14:02:28 |
| 11283 || -6.14627162120086 || 2017-10-27 01:16:52 |
| 11284 || 74.9284398640849 || 2016-02-06 10:29:28 |
| 11285 || 48.1387457527228 || 2019-11-06 01:58:12 |
| 11286 || 9.24763230202955 || 2017-09-03 22:30:15 |
| 11287 || 1.02333830697354 || 2015-08-22 14:12:42 |
| 11288 || 17.00329165875 || 2010-01-18 02:06:01 |
| 11289 || 19.3389433542716 || 2018-10-08 22:46:55 |
| 11290 || 50.8193921208103 || 2012-10-11 19:18:41 |
| 11291 || 2.47481736949651 || 2013-07-16 00:58:52 |
| 11292 || 1.92548035858815 || 2016-07-21 22:01:18 |
| 11293 || -5.27406978580096 || 2012-02-10 09:15:33 |
| 11294 || 69.5637538637687 || 2016-04-14 14:46:28 |
| 11295 || 73.304834604175 || 2013-01-21 06:31:30 |
| 11296 || 21.4059061255533 || 2014-11-19 09:25:08 |
| 11297 || -0.0404163867338427 || 2012-09-12 06:04:51 |
| 11298 || 8.2129912715891 || 2014-11-15 01:19:19 |
| 11299 || -19.239380927678 || 2016-09-06 19:28:25 |
| 11300 || -5.5193389525313 || 2018-08-01 01:03:19 |
| 11301 || 25.8601640451653 || 2013-10-17 22:55:45 |
| 11302 || 0.0612117957205094 || 2017-07-01 20:02:42 |
| 11303 || 18.8065121339188 || 2016-05-06 16:28:14 |
| 11304 || 12.4046574295859 || 2015-03-02 09:02:49 |
| 11305 || 13.3616930486384 || 2017-06-07 21:34:26 |
| 11306 || 23.0072688372164 || 2014-09-27 03:17:26 |
| 11307 || 0.00557595430132236 || 2011-12-12 20:34:41 |
| 11308 || 25.2512218895676 || 2013-06-12 02:08:39 |
| 11309 || -16.463372111613 || 2015-06-12 06:37:59 |
| 11310 || 6.47791725745566 || 2017-06-02 00:58:57 |
| 11311 || 17.5481510825326 || 2019-03-04 22:21:17 |
| 11312 || -0.0433958158085233 || 2011-10-03 03:18:24 |
| 11313 || 4.67455601173116 || 2013-05-14 10:33:27 |
| 11314 || -24.8407691072918 || 2017-10-23 02:08:31 |
| 11315 || -28.297840134334 || 2014-03-15 16:33:13 |
| 11316 || 13.2713308178744 || 2011-07-17 12:06:02 |
| 11317 || 0.527429861871498 || 2015-04-15 04:15:59 |
| 11318 || 10.0782803043333 || 2013-03-01 02:38:50 |
| 11319 || 67.8229566244647 || 2013-06-09 20:14:36 |
| 11320 || 87.9368535246496 || 2011-10-23 21:46:48 |
| 11321 || 20.7938957609835 || 2015-12-12 06:09:54 |
| 11322 || 1.37840706885333 || 2018-12-14 06:01:41 |
| 11323 || -3.16559966382061 || 2016-03-06 19:33:57 |
| 11324 || 16.8791577347571 || 2013-10-10 08:05:55 |
| 11325 || 14.1964094246106 || 2014-06-05 20:51:29 |
| 11326 || -5.64408506724009 || 2019-12-10 18:20:42 |
| 11327 || -1.29867301869957 || 2018-05-13 00:07:26 |
| 11328 || 10.0120202905029 || 2017-11-21 10:33:02 |
| 11329 || -15.3295826146459 || 2014-04-27 17:51:23 |
| 11330 || 37.7025069804889 || 2014-07-13 20:25:09 |
| 11331 || 47.6425408159011 || 2019-02-25 01:46:07 |
| 11332 || -2.31647305666938 || 2012-11-14 10:31:30 |
| 11333 || 7.33737735642802 || 2011-01-16 21:18:35 |
| 11334 || 13.5142448159418 || 2017-09-26 01:40:57 |
| 11335 || 49.7707913479706 || 2012-01-09 16:31:20 |
| 11336 || -20.6076642184984 || 2012-10-03 23:25:29 |
| 11337 || 8.8356293774547 || 2018-01-14 19:04:29 |
| 11338 || 0.0486778756359267 || 2017-08-14 02:02:08 |
| 11339 || 39.8810968061067 || 2015-04-14 16:31:33 |
| 11340 || 5.61541854448928 || 2015-05-16 12:44:05 |
| 11341 || -19.8821469747702 || 2012-06-10 03:17:03 |
| 11342 || 8.60938202946802 || 2018-08-16 13:24:05 |
| 11343 || -0.214860607943334 || 2011-03-09 00:29:53 |
| 11344 || -12.9351265555818 || 2014-08-16 02:57:05 |
| 11345 || 34.978852606383 || 2014-10-15 10:23:12 |
| 11346 || 9.52389716690818 || 2019-04-24 22:20:30 |
| 11347 || 20.028329604749 || 2014-09-09 17:36:49 |
| 11348 || -0.348860153904212 || 2012-12-25 07:21:31 |
| 11349 || 31.2910224157596 || 2013-04-23 15:50:16 |
| 11350 || 76.0611743504145 || 2019-06-13 16:47:12 |
| 11351 || 75.8544978045237 || 2017-03-27 05:27:37 |
| 11352 || -5.16575738264791 || 2019-07-05 21:15:06 |
| 11353 || 0.191203467216213 || 2019-12-01 08:54:45 |
| 11354 || 34.1772567380266 || 2010-12-23 20:13:37 |
| 11355 || 16.3661708074915 || 2011-02-16 21:15:34 |
| 11356 || 74.9483630664438 || 2011-05-13 00:39:42 |
| 11357 || -3.25971755945069 || 2016-07-23 15:15:19 |
| 11358 || -0.00468970139847918 || 2014-01-07 21:10:07 |
| 11359 || 15.2530340559961 || 2011-03-22 20:32:21 |
| 11360 || 55.4596099499996 || 2019-12-19 20:27:39 |
| 11361 || -27.3445134729258 || 2019-09-02 19:40:12 |
| 11362 || 23.8021347297812 || 2016-11-10 13:08:22 |
| 11363 || 0.456507365862754 || 2018-09-26 03:55:53 |
| 11364 || 21.960326735533 || 2010-11-03 23:15:59 |
| 11365 || -1.46343525838772 || 2012-01-12 12:30:43 |
| 11366 || 50.8927748499159 || 2012-07-18 22:31:53 |
| 11367 || -10.0128805150521 || 2015-03-06 00:54:15 |
| 11368 || -0.419804338635719 || 2018-03-13 19:15:52 |
| 11369 || 8.87398013995412 || 2019-08-22 06:25:50 |
| 11370 || -23.4271338874615 || 2012-09-02 07:45:19 |
| 11371 || 43.1470007120358 || 2017-10-08 04:28:27 |
| 11372 || -15.6761385219523 || 2012-03-02 04:02:19 |
| 11373 || -1.07443744835256 || 2010-10-14 03:30:10 |
| 11374 || -1.76065876101393 || 2010-12-04 14:47:04 |
| 11375 || 25.0908674864722 || 2016-10-08 05:26:05 |
| 11376 || 63.562866534245 || 2018-06-02 04:10:43 |
| 11377 || 47.5565884479593 || 2010-05-18 14:53:51 |
| 11378 || 5.51738781749058 || 2010-11-16 04:00:45 |
| 11379 || -3.50566442709856 || 2019-05-12 17:24:07 |
| 11380 || 30.503946767056 || 2015-05-15 18:41:22 |
| 11381 || -28.9263072752594 || 2011-06-04 04:58:30 |
| 11382 || -17.0376702078084 || 2019-08-15 06:44:18 |
| 11383 || -2.41236270876292 || 2015-06-22 22:06:09 |
| 11384 || 1.45813294601867 || 2017-02-07 02:33:42 |
| 11385 || -18.5481400681102 || 2018-01-24 02:16:14 |
| 11386 || -8.85845663098809 || 2019-12-01 08:35:32 |
| 11387 || -12.8385427567911 || 2018-04-03 13:26:54 |
| 11388 || 11.3494775416181 || 2014-10-05 00:37:03 |
| 11389 || -1.35974938754926 || 2016-08-01 12:53:48 |
| 11390 || 31.6650822200222 || 2013-02-05 04:27:27 |
| 11391 || 35.8562800166308 || 2019-07-26 12:54:10 |
| 11392 || -10.2582580682059 || 2018-08-01 00:27:49 |
| 11393 || -4.64882555094534 || 2017-03-01 18:50:04 |
| 11394 || 0.210142203114488 || 2011-11-06 02:55:48 |
| 11395 || 45.9496515505865 || 2016-06-25 01:31:30 |
| 11396 || -23.7048824758594 || 2015-01-09 20:34:41 |
| 11397 || -23.2830491047513 || 2015-07-09 08:58:57 |
| 11398 || 8.81597842898601 || 2011-12-20 17:35:56 |
| 11399 || -0.416271345549149 || 2017-02-12 15:55:16 |
| 11400 || -11.671732377027 || 2018-07-15 01:57:04 |
| 11401 || 64.5485121119144 || 2014-06-27 01:53:11 |
| 11402 || -25.503394136025 || 2015-03-15 10:46:08 |
| 11403 || 5.37350724223988 || 2011-11-06 19:27:12 |
| 11404 || 0.0431757689056163 || 2012-06-04 00:26:55 |
| 11405 || -8.68646040664847 || 2019-09-04 13:58:01 |
| 11406 || 66.1128818344659 || 2014-04-01 05:57:12 |
| 11407 || 77.5803242619298 || 2017-06-01 11:03:03 |
| 11408 || -4.13841350772814 || 2014-10-18 08:50:36 |
| 11409 || 8.40930445320774e-05 || 2019-12-16 07:29:25 |
| 11410 || 7.710252757498 || 2011-03-18 23:10:30 |
| 11411 || 61.0163331642977 || 2010-09-24 10:01:34 |
| 11412 || 61.6615990701999 || 2012-08-08 16:15:33 |
| 11413 || 34.1040440678238 || 2016-02-16 06:43:31 |
| 11414 || -0.106108675948186 || 2016-11-08 23:00:25 |
| 11415 || -0.401711954822269 || 2010-05-12 23:21:30 |
| 11416 || -8.32113524674958 || 2010-02-02 05:40:29 |
| 11417 || 73.9944234239502 || 2017-12-04 10:16:17 |
| 11418 || 32.2702593562929 || 2010-06-19 09:18:57 |
| 11419 || -0.436179871808904 || 2015-02-10 11:46:54 |
| 11420 || 8.36640197751214 || 2017-06-04 05:32:37 |
| 11421 || 53.7672912318176 || 2013-09-19 16:08:11 |
| 11422 || 57.5407752273338 || 2015-06-21 02:01:40 |
| 11423 || 42.9403756526542 || 2016-10-08 18:59:21 |
| 11424 || -0.0406019075289045 || 2016-05-12 20:57:19 |
| 11425 || -0.856051472471649 || 2011-07-08 18:07:28 |
| 11426 || 2.58451108270835 || 2017-06-24 19:11:00 |
| 11427 || -25.3750233777076 || 2019-09-02 18:12:34 |
| 11428 || 32.9429809851044 || 2011-03-08 14:00:29 |
| 11429 || 4.96241449188906 || 2010-06-18 09:59:24 |
| 11430 || -2.49024199320289 || 2017-10-19 03:51:46 |
| 11431 || 45.1607989618211 || 2014-06-16 11:42:27 |
| 11432 || 2.26406559316064 || 2017-05-12 14:18:12 |
| 11433 || 3.61478890153101 || 2016-01-25 18:07:07 |
| 11434 || 3.24383295155625 || 2013-07-21 02:01:55 |
| 11435 || -2.7841410250578 || 2014-07-23 07:08:44 |
| 11436 || -0.261075648806007 || 2019-02-24 17:03:27 |
| 11437 || 35.9434966166866 || 2015-12-26 23:53:25 |
| 11438 || -15.4361481167474 || 2016-04-07 20:17:45 |
| 11439 || 9.59068789668657 || 2014-04-22 22:46:44 |
| 11440 || -0.385934890754887 || 2019-09-27 21:52:22 |
| 11441 || 42.806256291261 || 2016-06-16 23:35:50 |
| 11442 || -14.1275942609119 || 2011-05-17 19:29:03 |
| 11443 || 34.3995388096132 || 2016-04-15 23:31:27 |
| 11444 || 14.1878809581442 || 2015-10-10 20:16:29 |
| 11445 || -0.717864716935106 || 2013-12-13 05:10:48 |
| 11446 || -15.4286997648378 || 2017-09-21 01:54:06 |
| 11447 || 5.17438026528553 || 2013-04-03 12:25:08 |
| 11448 || 1.16222889264676 || 2016-02-15 14:05:55 |
| 11449 || -6.3042693926236 || 2010-06-25 05:15:47 |
| 11450 || -0.442451495891778 || 2014-01-26 08:35:20 |
| 11451 || -13.7467895821885 || 2012-02-10 03:59:59 |
| 11452 || 38.4416756081685 || 2014-09-09 18:30:32 |
| 11453 || -18.8658002010393 || 2015-08-19 21:02:39 |
| 11454 || 23.2627247109694 || 2017-07-09 19:25:49 |
| 11455 || 0.163294513671994 || 2011-07-25 22:38:35 |
| 11456 || -5.9596535304875 || 2018-07-01 14:23:29 |
| 11457 || 79.647624864147 || 2015-02-09 12:00:41 |
| 11458 || 60.0543507025394 || 2014-10-01 22:39:27 |
| 11459 || 8.20272079696862 || 2011-12-07 00:51:25 |
| 11460 || 0.00843918405823169 || 2018-11-06 00:47:11 |
| 11461 || 3.90342531075698 || 2015-06-26 06:07:20 |
| 11462 || 68.3314847877533 || 2010-04-10 22:04:56 |
| 11463 || 43.0633937634679 || 2019-06-25 07:40:26 |
| 11464 || -9.50575181385625 || 2019-10-17 15:09:03 |
| 11465 || 0.213999679041578 || 2016-09-26 23:35:01 |
| 11466 || 6.20925809166474 || 2011-08-19 21:58:33 |
| 11467 || -19.4127088164664 || 2019-06-17 07:18:36 |
| 11468 || -13.0295049369754 || 2010-04-08 03:02:06 |
| 11469 || 36.9146729910666 || 2015-12-27 20:54:14 |
| 11470 || -0.0960250611115074 || 2016-06-12 17:30:51 |
| 11471 || 2.18622258554324 || 2016-02-06 18:07:53 |
| 11472 || 57.5179008965971 || 2011-08-25 01:29:10 |
| 11473 || -8.16378772283281 || 2012-06-12 10:34:46 |
| 11474 || -9.27537737503745 || 2016-06-27 22:22:01 |
| 11475 || -0.218831529544648 || 2014-08-22 23:53:11 |
| 11476 || 12.8416810591694 || 2018-06-11 21:18:04 |
| 11477 || -7.34785600556574 || 2016-08-02 08:36:07 |
| 11478 || 42.5426320289433 || 2011-07-16 14:35:44 |
| 11479 || -13.1370733810164 || 2010-10-18 13:42:50 |
| 11480 || 4.07124119723523 || 2017-12-08 17:05:23 |
| 11481 || 1.97891479050712 || 2018-03-05 23:26:48 |
| 11482 || 16.6629132745994 || 2017-11-17 00:02:58 |
| 11483 || -26.0427107133701 || 2017-01-21 20:57:37 |
| 11484 || 12.0353893500604 || 2018-11-05 09:04:00 |
| 11485 || -1.88965809766375 || 2019-12-05 04:10:25 |
| 11486 || 8.81853812748427 || 2019-09-17 19:50:34 |
| 11487 || 52.040093573517 || 2011-10-15 16:31:19 |
| 11488 || 68.0557487097003 || 2014-01-20 20:24:07 |
| 11489 || 49.4450957658359 || 2013-02-10 07:50:36 |
| 11490 || 9.86546519804973 || 2011-07-14 09:39:58 |
| 11491 || 3.55817508023709 || 2018-10-15 05:14:26 |
| 11492 || 33.2778653648843 || 2019-10-16 21:00:27 |
| 11493 || 82.3373165623333 || 2017-01-08 12:14:36 |
| 11494 || 51.0566921601312 || 2010-07-25 17:30:12 |
| 11495 || 14.3007755376965 || 2010-07-03 21:41:33 |
| 11496 || 3.6160067806148 || 2013-07-27 02:56:20 |
| 11497 || 29.5240886760013 || 2017-04-23 02:19:18 |
| 11498 || 23.7053252794926 || 2013-06-27 08:58:59 |
| 11499 || 8.05173986758956 || 2014-01-06 00:44:20 |
| 11500 || 18.7053215966295 || 2012-01-19 03:15:50 |
| 11501 || -0.441629553139041 || 2016-11-03 03:10:54 |
| 11502 || 40.5761809523694 || 2010-07-18 03:06:39 |
| 11503 || -1.27169588105834 || 2017-07-26 19:04:35 |
| 11504 || -24.8302576633948 || 2010-05-01 21:18:08 |
| 11505 || 5.40807024351403 || 2016-03-03 16:49:40 |
| 11506 || 0.603188007762425 || 2016-11-27 07:04:13 |
| 11507 || 8.65437412248631 || 2013-01-03 14:29:10 |
| 11508 || -27.0433660008102 || 2018-06-03 21:06:12 |
| 11509 || 66.8610254716824 || 2013-09-14 08:27:12 |
| 11510 || -6.27617406561892 || 2012-04-03 08:19:22 |
| 11511 || -0.0137966024197861 || 2013-02-04 07:17:57 |
| 11512 || 0.859501584102842 || 2011-01-05 22:54:35 |
| 11513 || 48.8748967556709 || 2018-06-07 22:04:35 |
| 11514 || 82.0027051601452 || 2012-01-06 21:12:21 |
| 11515 || 19.0999975730743 || 2015-03-16 12:55:50 |
| 11516 || 0.125456751992013 || 2013-10-03 23:29:43 |
| 11517 || -2.00720488670658 || 2011-01-17 23:52:21 |
| 11518 || -19.9230877450997 || 2018-01-27 18:27:44 |
| 11519 || 51.7098804114781 || 2018-11-03 15:05:16 |
| 11520 || 10.287251701347 || 2014-03-22 23:08:19 |
| 11521 || -0.280796178564193 || 2016-10-20 14:40:43 |
| 11522 || 15.5170721128443 || 2010-10-09 21:23:32 |
| 11523 || 68.7475006362675 || 2016-04-01 03:45:21 |
| 11524 || -21.9725963688195 || 2016-05-13 12:56:49 |
| 11525 || -4.56175210761914 || 2016-11-18 21:06:13 |
| 11526 || -0.535412474766405 || 2016-11-03 05:56:45 |
| 11527 || -0.232102525969644 || 2013-03-14 09:57:17 |
| 11528 || 13.2555429370469 || 2013-10-15 16:32:43 |
| 11529 || 63.491788247411 || 2014-09-16 19:54:20 |
| 11530 || 46.8885405600467 || 2011-10-21 22:59:26 |
| 11531 || 1.46568841618872 || 2014-06-11 16:47:44 |
| 11532 || 11.6519156916325 || 2018-03-06 03:11:35 |
| 11533 || 40.5616987553883 || 2019-10-11 22:27:12 |
| 11534 || 12.0706560708588 || 2011-10-05 10:18:00 |
| 11535 || 22.9986555133993 || 2011-08-25 20:03:33 |
| 11536 || 5.58037668393551 || 2012-05-19 20:43:46 |
| 11537 || 3.10286636782664 || 2019-10-01 08:43:57 |
| 11538 || 44.4166108510667 || 2018-09-27 23:09:47 |
| 11539 || 53.3636694547961 || 2017-11-25 17:46:18 |
| 11540 || 48.1881345236117 || 2019-11-03 23:58:00 |
| 11541 || -3.33652541200919 || 2011-03-12 02:16:34 |
| 11542 || 2.34199311340482 || 2010-04-07 21:27:29 |
| 11543 || -13.4114088113799 || 2017-03-05 05:10:21 |
| 11544 || 53.2733875103812 || 2010-01-02 04:11:19 |
| 11545 || -21.6368655907393 || 2016-02-02 13:30:18 |
| 11546 || 12.8708360657496 || 2010-08-25 11:12:43 |
| 11547 || 3.21805187886306 || 2019-06-02 13:56:16 |
| 11548 || 16.8306712777816 || 2013-02-14 21:24:01 |
| 11549 || -28.3583260309554 || 2019-05-26 14:04:37 |
| 11550 || 69.6802145682181 || 2014-08-27 00:52:03 |
| 11551 || 7.99719251932993 || 2013-11-14 21:24:19 |
| 11552 || 2.09749591056285 || 2010-03-01 02:41:20 |
| 11553 || 43.6225072231954 || 2014-02-12 02:24:38 |
| 11554 || -25.385491707407 || 2015-02-07 12:19:55 |
| 11555 || 45.0914432402446 || 2018-06-14 02:26:03 |
| 11556 || 20.6827601065818 || 2013-05-22 12:29:34 |
| 11557 || 0.744521066220129 || 2012-01-20 07:34:11 |
| 11558 || 19.9182021238842 || 2015-10-22 19:11:09 |
| 11559 || -25.3774612329706 || 2018-08-02 10:59:14 |
| 11560 || 54.1174485520975 || 2014-07-23 20:23:37 |
| 11561 || 11.021910553768 || 2015-01-16 07:29:49 |
| 11562 || -0.0296898360008388 || 2018-07-26 06:09:24 |
| 11563 || 31.3289022860868 || 2013-08-06 08:36:59 |
| 11564 || 19.7835800000217 || 2019-04-17 12:29:55 |
| 11565 || -24.4332511632068 || 2019-10-07 10:37:56 |
| 11566 || 32.4088913686599 || 2018-10-11 05:46:31 |
| 11567 || -0.0104617467249599 || 2016-12-06 06:40:26 |
| 11568 || -4.39461663103767 || 2012-09-27 20:26:42 |
| 11569 || 23.301853232717 || 2010-10-07 03:16:10 |
| 11570 || 12.0144135183888 || 2010-08-25 21:45:23 |
| 11571 || 28.8669051062109 || 2015-09-02 06:57:58 |
| 11572 || 0.693968485818152 || 2010-05-09 14:55:32 |
| 11573 || 18.2455803060895 || 2013-11-06 04:36:25 |
| 11574 || 54.5793976360416 || 2010-05-08 19:14:47 |
| 11575 || 84.598738426743 || 2015-11-18 08:06:34 |
| 11576 || 6.1260284171947 || 2017-04-08 03:39:34 |
| 11577 || 1.67471806977824 || 2018-12-26 07:19:43 |
| 11578 || -3.92132164768182 || 2013-05-02 07:38:06 |
| 11579 || 8.54642119487674 || 2015-08-21 17:03:38 |
| 11580 || -22.8317882312058 || 2014-01-25 10:41:06 |
| 11581 || 2.70088443701685 || 2010-12-04 19:07:28 |
| 11582 || -0.575446066228255 || 2014-02-24 09:17:36 |
| 11583 || -2.51598586843402 || 2019-04-24 17:39:34 |
| 11584 || 3.62178908041187 || 2014-05-05 04:31:28 |
| 11585 || 71.0122173119865 || 2011-07-08 15:32:24 |
| 11586 || 53.9430658866896 || 2016-11-06 09:18:51 |
| 11587 || 5.45225844509385 || 2012-11-17 09:32:22 |
| 11588 || 5.31549395640952 || 2012-08-08 18:55:19 |
| 11589 || -2.89004066579287 || 2014-07-01 15:01:27 |
| 11590 || -27.4901852821203 || 2012-07-10 19:11:01 |
| 11591 || -13.4633250050685 || 2015-07-04 11:10:24 |
| 11592 || -2.43484917810818 || 2017-04-13 23:24:46 |
| 11593 || 5.3594246439224 || 2011-11-18 10:43:29 |
| 11594 || -17.7011465652375 || 2016-12-13 11:11:06 |
| 11595 || 20.225942501918 || 2014-01-13 16:00:04 |
| 11596 || 56.4380803998624 || 2010-07-18 07:55:48 |
| 11597 || -4.05901562121344 || 2013-09-09 22:51:05 |
| 11598 || 1.99361179101277 || 2012-01-18 12:08:42 |
| 11599 || 1.30243849129207 || 2011-05-25 20:50:50 |
| 11600 || 24.6991993797631 || 2012-06-13 16:34:09 |
| 11601 || 36.5487467347155 || 2014-01-10 00:13:11 |
| 11602 || 9.77590969353766 || 2016-08-03 12:14:33 |
| 11603 || 2.33656442488402 || 2010-11-25 00:02:16 |
| 11604 || -3.7724055642768 || 2013-10-18 20:26:23 |
| 11605 || -26.9482453036683 || 2015-04-11 15:17:55 |
| 11606 || 58.4814162102462 || 2015-03-24 01:20:30 |
| 11607 || -6.16462792071056 || 2014-05-03 22:52:04 |
| 11608 || -0.290613567847416 || 2013-07-18 21:47:08 |
| 11609 || 17.8678327068956 || 2016-06-23 10:28:10 |
| 11610 || 34.9474051920226 || 2010-08-02 04:50:48 |
| 11611 || -22.6906019032029 || 2016-12-19 21:30:43 |
| 11612 || 4.79388556125918 || 2014-02-13 20:16:45 |
| 11613 || -0.0241500289528524 || 2012-10-23 11:03:28 |
| 11614 || 4.37096648548784 || 2010-02-23 12:48:54 |
| 11615 || 49.0893244020672 || 2014-12-15 04:24:13 |
| 11616 || -5.5306104596163 || 2014-08-20 06:45:29 |
| 11617 || -9.02175509118391 || 2012-01-09 10:28:57 |
| 11618 || -0.00566446710125863 || 2013-03-04 08:06:57 |
| 11619 || -7.05120256629623 || 2010-07-22 16:17:19 |
| 11620 || 43.4151760961253 || 2018-06-13 20:08:22 |
| 11621 || 75.3332659708063 || 2012-05-21 19:10:33 |
| 11622 || -12.0569365786563 || 2017-11-26 17:27:45 |
| 11623 || -0.071108235280931 || 2011-06-16 16:38:41 |
| 11624 || 23.3735437922235 || 2019-11-09 04:16:07 |
| 11625 || 46.5923386759518 || 2014-09-14 02:20:54 |
| 11626 || -18.3762769745415 || 2016-03-05 06:58:53 |
| 11627 || 24.7781735743523 || 2015-12-15 02:15:23 |
| 11628 || 1.02929994742583 || 2018-11-16 21:11:38 |
| 11629 || 18.7115310659236 || 2015-05-27 10:46:34 |
| 11630 || 38.103130031755 || 2019-03-07 17:42:23 |
| 11631 || -22.5677870401238 || 2010-01-05 18:06:37 |
| 11632 || -15.4867680504034 || 2017-08-22 19:43:24 |
| 11633 || 2.53911601220394 || 2012-02-21 03:16:10 |
| 11634 || 11.298063250619 || 2017-01-10 02:12:42 |
| 11635 || -21.6523824337469 || 2016-07-24 03:43:52 |
| 11636 || -27.8995297547885 || 2014-02-22 14:23:58 |
| 11637 || 2.61115339471138 || 2013-12-26 14:52:14 |
| 11638 || 2.96702065081532 || 2013-07-23 18:16:39 |
| 11639 || 7.68790142869237 || 2010-04-05 10:26:56 |
| 11640 || -17.3694922994067 || 2013-12-11 23:44:06 |
| 11641 || -14.3795419441782 || 2010-07-22 07:31:40 |
| 11642 || -4.90413120182096 || 2015-10-15 10:15:45 |
| 11643 || 3.29774705032077 || 2016-10-17 07:24:16 |
| 11644 || -0.263089830554862 || 2018-01-21 08:46:06 |
| 11645 || 0.0662482693572481 || 2010-05-10 16:10:05 |
| 11646 || 75.14161814974 || 2013-02-13 10:35:07 |
| 11647 || -21.1095849189479 || 2012-04-01 08:45:32 |
| 11648 || 6.33194937984209 || 2013-11-04 18:16:50 |
| 11649 || 2.71719262312075 || 2011-11-06 11:32:51 |
| 11650 || -16.2392191351466 || 2013-11-05 08:49:14 |
| 11651 || -12.9606938365653 || 2013-02-13 12:28:50 |
| 11652 || -22.6870252505266 || 2011-01-14 20:57:04 |
| 11653 || 1.55008171381659 || 2012-04-21 19:06:56 |
| 11654 || 2.67514848780429 || 2016-12-04 16:56:58 |
| 11655 || 7.61547234231836 || 2015-01-10 17:42:37 |
| 11656 || -29.223636475619 || 2013-01-17 19:20:23 |
| 11657 || 34.3131919733382 || 2018-04-11 04:31:52 |
| 11658 || -6.48377041294378 || 2014-12-26 22:26:48 |
| 11659 || 0.601957065067304 || 2013-11-04 03:46:27 |
| 11660 || 33.3420394695035 || 2016-05-19 05:02:06 |
| 11661 || 72.7433693268309 || 2016-03-15 22:06:03 |
| 11662 || -16.1975985370516 || 2019-04-03 14:27:43 |
| 11663 || 7.06607486387341 || 2011-01-12 07:49:21 |
| 11664 || 0.215590064870553 || 2016-12-06 22:05:11 |
| 11665 || -2.8243824170078 || 2019-04-22 18:51:34 |
| 11666 || 82.8196965302325 || 2013-02-07 06:02:31 |
| 11667 || 75.4735085632251 || 2012-12-26 00:47:13 |
| 11668 || -2.65676065470851 || 2011-07-14 02:25:24 |
| 11669 || 0.00055684693584747 || 2013-01-05 02:15:42 |
| 11670 || 6.33457620521144 || 2019-01-22 20:19:51 |
| 11671 || -21.5718247204953 || 2018-08-10 14:38:45 |
| 11672 || 82.8860890951009 || 2013-02-23 02:47:22 |
| 11673 || 20.2143088456614 || 2012-09-24 00:45:11 |
| 11674 || -0.0968116413301308 || 2018-03-17 03:48:55 |
| 11675 || -5.77025325752754 || 2015-10-21 23:56:49 |
| 11676 || 69.9555950722063 || 2010-04-15 22:04:45 |
| 11677 || 5.48109886221559 || 2014-09-21 20:17:23 |
| 11678 || 17.1105006284697 || 2013-11-09 04:58:42 |
| 11679 || 0.0536582433295999 || 2015-10-04 10:18:11 |
| 11680 || 17.3805289837428 || 2017-12-15 10:14:57 |
| 11681 || 61.8449139516578 || 2012-01-10 00:49:51 |
| 11682 || -23.5540272697543 || 2018-03-15 23:49:34 |
| 11683 || 41.3148813329617 || 2015-10-23 05:21:45 |
| 11684 || -0.795313527524201 || 2019-06-04 04:00:13 |
| 11685 || -4.95847537607481 || 2015-04-25 09:50:23 |
| 11686 || -8.13127484263173 || 2018-07-26 09:33:39 |
| 11687 || 48.3452653759889 || 2013-10-20 10:05:38 |
| 11688 || 49.5038169271295 || 2017-01-19 01:59:39 |
| 11689 || 4.82646517289721 || 2018-02-18 15:09:15 |
| 11690 || 4.3782145088732 || 2019-02-16 12:32:04 |
| 11691 || -18.5534805708658 || 2015-05-22 02:36:45 |
| 11692 || 77.548255578714 || 2011-06-21 16:49:50 |
| 11693 || 46.2923111767564 || 2018-07-22 19:23:18 |
| 11694 || 6.74038648377854 || 2011-11-27 10:46:39 |
| 11695 || -2.42780200898409 || 2010-04-18 18:57:23 |
| 11696 || -17.7993094825243 || 2018-06-15 22:27:16 |
| 11697 || 13.573767187475 || 2018-09-14 07:02:52 |
| 11698 || 34.6545804189546 || 2013-11-20 01:04:39 |
| 11699 || 7.02066961345022 || 2013-08-26 23:12:40 |
| 11700 || -0.573068956170114 || 2019-01-11 07:32:54 |
| 11701 || -12.9678878443012 || 2017-05-23 19:56:12 |
| 11702 || -8.73883726191711 || 2015-02-24 17:47:58 |
| 11703 || -19.5776490472244 || 2017-08-24 17:18:52 |
| 11704 || -4.95428382323763 || 2014-11-20 18:02:29 |
| 11705 || 2.52109674587043 || 2015-12-24 05:43:31 |
| 11706 || -14.2295294805197 || 2012-09-14 14:48:39 |
| 11707 || -8.51006609512092 || 2017-12-23 09:14:43 |
| 11708 || 21.9243173688992 || 2014-06-06 13:19:30 |
| 11709 || 12.7505705400595 || 2018-09-24 10:12:09 |
| 11710 || -0.0931700994950922 || 2012-05-16 20:35:44 |
| 11711 || -9.06842899837765 || 2011-12-19 22:12:58 |
| 11712 || 76.5557717556693 || 2010-07-14 04:29:08 |
| 11713 || 35.0349478225643 || 2017-02-22 07:01:09 |
| 11714 || -7.92571190254512 || 2015-04-04 15:39:35 |
| 11715 || 0.379353960334657 || 2015-11-13 18:29:35 |
| 11716 || 31.8524321837474 || 2018-01-19 21:29:09 |
| 11717 || 73.6309863620251 || 2011-05-02 23:39:40 |
| 11718 || 75.0239750452353 || 2013-07-07 12:13:31 |
| 11719 || -3.12947054705295 || 2011-12-07 21:19:32 |
| 11720 || 0.00412874391625881 || 2018-07-25 03:13:21 |
| 11721 || -7.24299307366449 || 2014-01-13 15:24:35 |
| 11722 || 4.03080309667213 || 2018-05-11 11:43:59 |
| 11723 || 44.198395085023 || 2015-09-24 08:26:12 |
| 11724 || 14.2065807473015 || 2017-01-22 05:07:46 |
| 11725 || 0.229517381212225 || 2017-10-01 15:46:08 |
| 11726 || -8.5263069491771 || 2018-04-12 14:13:39 |
| 11727 || 50.984074707406 || 2015-09-19 05:46:49 |
| 11728 || 72.3165499058604 || 2010-01-21 08:06:38 |
| 11729 || 31.1179097227679 || 2019-09-04 23:49:25 |
| 11730 || -0.291965599994365 || 2016-09-20 21:05:27 |
| 11731 || 20.0502599344346 || 2013-11-01 12:27:49 |
| 11732 || -23.7937395622126 || 2012-09-15 03:39:36 |
| 11733 || -18.5900862701577 || 2010-03-12 21:26:33 |
| 11734 || 6.56985434966839 || 2014-01-16 11:47:59 |
| 11735 || 2.27813283619348 || 2013-10-05 08:32:10 |
| 11736 || -5.42627498902661 || 2014-09-12 21:52:23 |
| 11737 || 23.7300881205907 || 2016-02-07 13:55:33 |
| 11738 || 89.0381625284251 || 2015-10-21 15:19:29 |
| 11739 || -6.88185870049337 || 2017-10-09 05:56:54 |
| 11740 || 0.0229682660471409 || 2010-03-10 16:10:11 |
| 11741 || 10.2393893085411 || 2010-07-03 17:18:19 |
| 11742 || 56.5905840288271 || 2017-10-08 09:06:13 |
| 11743 || -28.261306920612 || 2012-04-19 13:26:08 |
| 11744 || 5.54441275596289 || 2014-11-15 18:42:37 |
| 11745 || -2.53134594458765 || 2013-08-26 02:25:41 |
| 11746 || 8.87291499864753 || 2017-07-04 07:24:09 |
| 11747 || 55.5462537497378 || 2012-09-19 08:53:50 |
| 11748 || -28.8713965306367 || 2015-06-11 01:17:12 |
| 11749 || 24.8457425876722 || 2015-09-05 16:10:42 |
| 11750 || -0.612826077727827 || 2015-06-22 12:48:50 |
| 11751 || -1.26554451673661 || 2015-04-06 13:45:04 |
| 11752 || 29.6576434598504 || 2019-07-19 23:04:33 |
| 11753 || 26.99872291934 || 2016-07-15 23:44:03 |
| 11754 || 43.4095028942536 || 2016-02-26 06:26:18 |
| 11755 || 5.96761720197788 || 2019-01-24 00:51:32 |
| 11756 || 0.194487406356788 || 2010-04-20 12:02:44 |
| 11757 || 24.5045658003528 || 2018-11-03 08:42:08 |
| 11758 || 73.8371224846731 || 2014-01-14 06:56:45 |
| 11759 || -14.8441615566927 || 2010-03-24 16:33:10 |
| 11760 || 5.36955078622329 || 2017-07-22 20:13:41 |
| 11761 || 1.43973138430371 || 2012-12-12 03:18:02 |
| 11762 || 39.169160738976 || 2012-12-14 05:23:23 |
| 11763 || 84.6636679106662 || 2015-06-01 17:41:01 |
| 11764 || 3.34783578082803 || 2017-07-17 17:53:40 |
| 11765 || 18.7049742315612 || 2016-03-26 11:09:35 |
| 11766 || 0.368924112671324 || 2011-12-27 02:27:42 |
| 11767 || -11.5543734741355 || 2014-12-08 00:45:31 |
| 11768 || 1.84928842238864 || 2012-01-17 00:26:49 |
| 11769 || 16.8582691510595 || 2019-07-08 07:21:32 |
| 11770 || 20.6248101801377 || 2011-04-05 02:16:36 |
| 11771 || -5.69887478554061e-05 || 2017-01-19 06:56:58 |
| 11772 || -8.54410881295163 || 2014-11-06 20:58:04 |
| 11773 || -18.1344280894327 || 2015-03-04 13:43:37 |
| 11774 || 66.5113756851024 || 2010-01-06 00:14:42 |
| 11775 || 21.7273667487897 || 2016-07-03 14:47:01 |
| 11776 || 0.0203068176227747 || 2018-01-23 12:48:15 |
| 11777 || 8.93473059959068 || 2010-03-14 07:39:29 |
| 11778 || 49.5122836473234 || 2011-01-16 15:56:43 |
| 11779 || 2.37279000041702 || 2016-06-16 20:38:16 |
| 11780 || 26.4560813048535 || 2019-01-11 01:09:44 |
| 11781 || -0.24478600584526 || 2015-01-02 01:43:47 |
| 11782 || -4.05111386746223 || 2019-02-03 11:38:35 |
| 11783 || 16.3196774787289 || 2019-08-09 03:56:35 |
| 11784 || 87.2462181714197 || 2019-10-12 00:21:03 |
| 11785 || 3.06408581089873 || 2019-01-25 12:49:04 |
| 11786 || 0.294949756599551 || 2017-03-04 19:32:57 |
| 11787 || 1.83781060655735 || 2017-09-16 12:27:35 |
| 11788 || -0.144549301414265 || 2015-06-04 02:56:07 |
| 11789 || -24.0916726015867 || 2013-12-09 20:38:37 |
| 11790 || -16.6204623516963 || 2018-04-04 04:20:13 |
| 11791 || -0.957249983875153 || 2012-06-17 20:56:34 |
| 11792 || 9.76580092638099 || 2016-06-05 08:25:30 |
| 11793 || 42.9896883316832 || 2016-01-02 17:03:57 |
| 11794 || 83.4812874702423 || 2017-05-22 02:52:38 |
| 11795 || 28.2495142211742 || 2011-02-26 03:24:06 |
| 11796 || 6.97770631894167 || 2012-05-19 22:27:48 |
| 11797 || 7.08234986441277 || 2016-01-02 11:58:19 |
| 11798 || 58.3177249268319 || 2018-08-04 05:02:28 |
| 11799 || -13.1426591506883 || 2011-06-17 20:38:47 |
| 11800 || -19.8878354366814 || 2017-11-03 20:32:01 |
| 11801 || 8.11000997982817 || 2011-01-12 22:30:54 |
| 11802 || 0.792896760667539 || 2011-04-26 15:42:51 |
| 11803 || 10.4472888262956 || 2014-07-17 10:32:26 |
| 11804 || -8.73584582444686 || 2011-12-14 16:45:19 |
| 11805 || 40.0790467272489 || 2011-02-03 19:09:29 |
| 11806 || 13.8800958647194 || 2017-11-20 11:08:42 |
| 11807 || 1.98295726723714 || 2014-10-15 00:33:09 |
| 11808 || -2.01600680385614 || 2014-04-08 07:52:44 |
| 11809 || 60.9504757328159 || 2017-10-15 16:27:17 |
| 11810 || 62.5817517797839 || 2018-05-01 20:02:31 |
| 11811 || -5.44601034323262 || 2011-11-21 10:50:09 |
| 11812 || 0.231377629877984 || 2017-05-20 07:00:35 |
| 11813 || 35.5682465282379 || 2019-12-12 05:32:21 |
| 11814 || 81.1180124481975 || 2010-06-11 16:46:10 |
| 11815 || -21.7406713822262 || 2011-04-02 16:49:27 |
| 11816 || 20.686941201586 || 2010-10-27 11:14:24 |
| 11817 || -0.181007800805371 || 2015-01-10 11:13:31 |
| 11818 || -12.6254303544949 || 2010-08-01 18:44:06 |
| 11819 || -7.55902050945158 || 2015-11-24 18:37:59 |
| 11820 || 40.36273519775 || 2018-07-19 14:25:44 |
| 11821 || 0.572883457340573 || 2016-06-24 11:53:09 |
| 11822 || -0.00981782049318222 || 2018-07-25 11:11:05 |
| 11823 || -4.74451294392799 || 2019-08-01 02:49:21 |
| 11824 || 28.8821885134691 || 2012-12-23 10:33:39 |
| 11825 || 81.0774013732638 || 2019-02-27 02:30:51 |
| 11826 || 17.5712718938001 || 2015-10-19 18:13:32 |
| 11827 || 0.0855925610672008 || 2019-10-10 04:08:04 |
| 11828 || 10.0509998752959 || 2010-04-05 13:35:33 |
| 11829 || -25.2824719891908 || 2018-03-02 15:28:16 |
| 11830 || 11.7603680562468 || 2011-06-26 12:01:59 |
| 11831 || 19.3161180959176 || 2010-04-24 13:09:15 |
| 11832 || -0.0915648662862914 || 2019-11-25 09:08:40 |
| 11833 || 4.47123120937996 || 2013-08-27 00:51:17 |
| 11834 || -20.1069342977116 || 2018-11-24 16:50:32 |
| 11835 || -28.3045898121073 || 2018-12-15 08:32:33 |
| 11836 || 36.869555943682 || 2018-06-06 07:11:58 |
| 11837 || -0.684393287634364 || 2010-02-09 01:25:04 |
| 11838 || 16.1900133075239 || 2010-07-14 11:01:53 |
| 11839 || 25.6986938644202 || 2015-02-23 06:38:54 |
| 11840 || -18.0853053562765 || 2015-11-26 14:02:18 |
| 11841 || 47.9822921169167 || 2016-01-01 00:11:31 |
| 11842 || 3.75601871746946 || 2011-10-22 20:40:07 |
| 11843 || 10.4613140980116 || 2014-08-09 04:02:21 |
| 11844 || 16.9159606279567 || 2016-10-01 11:17:10 |
| 11845 || 77.4324924756363 || 2016-05-26 01:26:55 |
| 11846 || -6.64207336827262 || 2011-04-12 22:05:33 |
| 11847 || 1.87029492648946 || 2010-02-01 01:10:45 |
| 11848 || -0.184405428487872 || 2012-04-16 13:38:01 |
| 11849 || -15.455653459385 || 2015-02-13 04:22:26 |
| 11850 || 34.6864162883392 || 2010-02-08 02:04:18 |
| 11851 || 26.7299823729885 || 2010-08-22 22:22:58 |
| 11852 || -3.14541794505089 || 2014-11-10 02:17:46 |
| 11853 || 1.14405230063702 || 2018-09-26 07:44:29 |
| 11854 || 4.759921885845 || 2012-01-05 09:03:27 |
| 11855 || 80.7328436184605 || 2012-08-07 01:27:43 |
| 11856 || -20.7613442282818 || 2015-11-12 22:26:35 |
| 11857 || -2.01802972776399 || 2019-04-05 10:06:05 |
| 11858 || 4.03047324067298 || 2013-06-24 19:49:50 |
| 11859 || 30.5443915603613 || 2017-10-26 18:29:28 |
| 11860 || 79.913440530098 || 2018-11-18 11:00:06 |
| 11861 || -17.3299564089905 || 2019-06-09 23:54:52 |
| 11862 || -0.483815215850292 || 2015-05-18 11:03:44 |
| 11863 || 2.32213775626858 || 2012-11-12 00:01:57 |
| 11864 || 30.2033960096142 || 2018-07-26 02:01:02 |
| 11865 || 75.3962496129489 || 2010-01-22 07:41:41 |
| 11866 || -22.1291848068111 || 2019-08-18 19:35:18 |
| 11867 || 8.00656190486678 || 2019-01-20 13:02:14 |
| 11868 || 0.552477010594981 || 2015-10-27 19:36:30 |
| 11869 || 19.0108947247829 || 2019-05-02 01:40:45 |
| 11870 || 25.7391608411019 || 2010-07-26 12:51:37 |
| 11871 || 60.6307676745028 || 2012-07-16 20:22:30 |
| 11872 || 21.0660653344798 || 2017-06-21 12:08:40 |
| 11873 || 0.122901226278594 || 2013-06-12 12:32:27 |
| 11874 || 25.8252215307796 || 2015-05-16 15:27:43 |
| 11875 || 81.977466715924 || 2013-12-12 14:45:13 |
| 11876 || 0.840214336383788 || 2016-12-03 16:37:36 |
| 11877 || 23.0870331266855 || 2019-05-25 18:21:28 |
| 11878 || 0.033792380305601 || 2011-04-02 10:22:24 |
| 11879 || 17.5117229199606 || 2013-04-16 10:00:10 |
| 11880 || -16.8636108089501 || 2017-10-25 14:06:39 |
| 11881 || -0.351815910746496 || 2018-09-25 13:28:40 |
| 11882 || -1.65251345676745 || 2017-02-13 00:24:29 |
| 11883 || 0.329522959410918 || 2013-06-14 09:35:22 |
| 11884 || 6.45017919575317 || 2013-08-26 18:35:10 |
| 11885 || 57.6487214835229 || 2017-05-09 04:06:30 |
| 11886 || -26.9211105247349 || 2017-06-11 09:47:39 |
| 11887 || 41.4017100255858 || 2010-03-20 06:11:36 |
| 11888 || 1.73405772021442 || 2014-10-25 12:18:51 |
| 11889 || 3.25448785957227 || 2014-12-05 10:15:43 |
| 11890 || 27.2052089369512 || 2011-12-04 21:31:07 |
| 11891 || 85.0919973309898 || 2013-10-24 05:17:26 |
| 11892 || 21.2727705149606 || 2018-08-23 08:16:53 |
| 11893 || 2.42656174352469 || 2011-07-02 04:31:36 |
| 11894 || -2.1248493278127 || 2018-08-19 04:02:24 |
| 11895 || -21.3866570548925 || 2018-06-18 23:56:47 |
| 11896 || 81.0387517073178 || 2015-07-06 14:25:57 |
| 11897 || -17.3789699993541 || 2013-04-15 20:17:22 |
| 11898 || 4.5971882075919 || 2012-05-18 22:53:34 |
| 11899 || 10.3653628696131 || 2018-09-07 17:48:52 |
| 11900 || -20.443727936939 || 2012-08-04 05:36:03 |
| 11901 || 56.0914366719345 || 2018-07-05 11:33:33 |
| 11902 || 42.875356170194 || 2010-08-27 04:19:05 |
| 11903 || 1.37211568668791 || 2010-06-15 23:27:54 |
| 11904 || 3.79049855938202 || 2014-02-03 20:11:35 |
| 11905 || -16.9014158393439 || 2018-02-23 01:06:17 |
| 11906 || 86.0673213906758 || 2015-12-27 05:35:33 |
| 11907 || -13.0363181290455 || 2013-11-17 00:35:10 |
| 11908 || -4.04009898508229 || 2017-12-01 15:29:41 |
| 11909 || 3.10782300615317 || 2019-10-21 16:02:08 |
| 11910 || 34.0028375766072 || 2011-07-01 07:19:07 |
| 11911 || -27.1386863738609 || 2015-12-22 02:52:18 |
| 11912 || -22.5079742757739 || 2016-10-27 08:16:37 |
| 11913 || 1.5172035052821 || 2018-07-25 02:55:22 |
| 11914 || 0.0202021363812055 || 2013-10-20 09:40:58 |
| 11915 || 10.4504086032571 || 2016-06-04 23:14:23 |
| 11916 || 63.0336359863701 || 2019-03-17 05:10:09 |
| 11917 || -18.0251607978083 || 2016-11-26 15:00:10 |
| 11918 || -6.8187837870946 || 2010-05-10 23:07:52 |
| 11919 || 0.123863686448667 || 2017-01-15 11:31:05 |
| 11920 || -0.71926405803765 || 2012-10-06 08:01:50 |
| 11921 || -27.4100139203374 || 2011-03-19 10:36:47 |
| 11922 || 69.6768872325892 || 2019-03-02 13:29:39 |
| 11923 || -8.10543127112185 || 2013-01-04 12:08:38 |
| 11924 || 0.0580590282294648 || 2010-07-01 17:09:49 |
| 11925 || -6.19123046437885 || 2010-12-03 17:53:17 |
| 11926 || 27.9379639803999 || 2015-05-20 06:12:20 |
| 11927 || 44.1298160009847 || 2015-03-04 04:10:03 |
| 11928 || 15.644271103269 || 2016-04-01 08:57:32 |
| 11929 || 0.00284898125014242 || 2014-02-09 01:41:49 |
| 11930 || 0.698307979469488 || 2017-06-11 08:45:22 |
| 11931 || -11.6197115507294 || 2015-01-03 19:16:02 |
| 11932 || 83.3744228377536 || 2018-07-07 13:40:48 |
| 11933 || 32.2877567640971 || 2018-01-09 17:04:04 |
| 11934 || 0.219119320935864 || 2016-05-07 22:40:48 |
| 11935 || -7.66204427056649 || 2013-10-19 15:34:46 |
| 11936 || 22.4069613595424 || 2014-12-13 04:27:23 |
| 11937 || 22.5263603743054 || 2019-01-16 17:03:30 |
| 11938 || -0.693536247183238 || 2010-05-15 13:45:01 |
| 11939 || 1.48653678731063 || 2011-05-15 20:32:03 |
| 11940 || 18.097216276055 || 2019-04-25 08:15:50 |
| 11941 || 34.1881522982878 || 2019-08-19 14:27:40 |
| 11942 || -16.1771108421159 || 2010-06-23 00:13:47 |
| 11943 || 46.8031145333663 || 2019-03-01 23:09:04 |
| 11944 || 3.19014822916078 || 2013-01-16 08:27:38 |
| 11945 || 15.1037990321667 || 2013-10-14 15:03:37 |
| 11946 || -22.1771811953635 || 2011-10-06 03:55:04 |
| 11947 || -19.8902549194728 || 2013-12-10 17:55:48 |
| 11948 || 51.7228488666224 || 2010-06-04 21:09:19 |
| 11949 || -0.688988344522891 || 2017-01-01 21:36:31 |
| 11950 || 7.68376763918691 || 2012-12-05 03:47:39 |
| 11951 || 15.1395774110463 || 2019-03-14 04:41:25 |
| 11952 || 4.9310026563213 || 2011-10-15 01:35:38 |
| 11953 || 45.176947171401 || 2013-12-18 10:48:29 |
| 11954 || 8.24560017749428 || 2019-02-04 19:29:05 |
| 11955 || -2.6249704848364 || 2017-07-24 03:35:04 |
| 11956 || -15.2372507753259 || 2010-05-25 08:46:13 |
| 11957 || 44.754142484004 || 2011-06-12 22:42:34 |
| 11958 || 21.7225475600443 || 2011-09-02 21:55:41 |
| 11959 || 1.78252060695083 || 2014-05-19 00:20:39 |
| 11960 || 5.00718956238316 || 2011-09-09 13:56:40 |
| 11961 || -17.1327872227606 || 2014-09-07 07:28:55 |
| 11962 || -29.3060528773506 || 2016-04-23 06:52:25 |
| 11963 || -22.3814416612353 || 2011-09-13 13:50:46 |
| 11964 || 13.3741340543441 || 2013-02-15 23:00:35 |
| 11965 || -0.393692252160159 || 2011-07-05 23:44:34 |
| 11966 || 40.2495099406324 || 2010-11-23 11:46:17 |
| 11967 || -24.7614467674544 || 2011-07-15 17:36:31 |
| 11968 || 41.5234980934351 || 2013-05-04 03:08:12 |
| 11969 || 6.10344679751299 || 2016-08-10 07:57:48 |
| 11970 || 1.37755067729876 || 2013-08-06 23:12:29 |
| 11971 || 18.8875940857074 || 2010-04-02 00:34:11 |
| 11972 || -27.4400061768761 || 2011-02-01 22:24:40 |
| 11973 || 70.4325680493551 || 2017-10-10 22:41:41 |
| 11974 || 9.25334600761038 || 2015-08-26 23:23:46 |
| 11975 || 0.233403208583648 || 2014-10-22 22:02:23 |
| 11976 || -10.5495066006099 || 2014-10-05 09:37:00 |
| 11977 || 6.80469229125934 || 2019-04-10 15:40:01 |
| 11978 || -8.08342401534062 || 2015-05-23 03:46:42 |
| 11979 || 15.3390234418675 || 2017-06-16 01:57:12 |
| 11980 || 0.000206946416148817 || 2013-06-08 04:03:40 |
| 11981 || 14.0431985721456 || 2010-03-27 07:35:14 |
| 11982 || 31.019518033076 || 2011-11-04 15:34:37 |
| 11983 || 38.9757623794427 || 2018-02-20 13:02:54 |
| 11984 || -3.28311593414177 || 2015-12-04 16:28:17 |
| 11985 || -0.0974423310651051 || 2013-11-25 05:40:02 |
| 11986 || 19.7324168751789 || 2018-01-18 00:10:33 |
| 11987 || 11.4674795849777 || 2010-02-16 19:11:26 |
| 11988 || 59.9309687371315 || 2012-11-04 00:08:27 |
| 11989 || -7.68542345938806 || 2016-03-11 14:48:00 |
| 11990 || -0.207117443031629 || 2012-04-20 07:55:20 |
| 11991 || 19.4468836210801 || 2010-03-15 23:31:17 |
| 11992 || -20.9324345446217 || 2010-03-24 16:24:07 |
| 11993 || 13.7677567171819 || 2012-12-18 23:14:54 |
| 11994 || 19.8696861049976 || 2012-11-13 04:34:55 |
| 11995 || -0.103566758448745 || 2014-04-08 09:55:10 |
| 11996 || -0.195361927792769 || 2012-09-17 13:25:03 |
| 11997 || -7.99484320281069 || 2010-01-12 14:51:32 |
| 11998 || 86.4863556974645 || 2014-08-17 19:09:06 |
| 11999 || 32.0632915498183 || 2015-03-15 15:54:28 |
| 12000 || -0.494727208417576 || 2013-06-15 03:06:10 |
| 12001 || 2.07591229846785 || 2016-11-07 19:44:58 |
| 12002 || 15.2866626744093 || 2011-10-11 03:23:57 |
| 12003 || 23.43 || 2020-01-08 21:21:45 |
| 12004 || 11.251 || 2020-01-08 21:21:45 |
| 12005 || 32.1 || 2020-01-08 21:21:45 |
| 12006 || -5.334 || 2020-01-08 21:21:45 |
| 12007 || 14.8372 || 2020-01-08 21:21:45 |
| 12008 || 16.0509 || 2014-01-01 03:10:54 |
| 12009 || 19.333714973013 || 2012-09-10 15:57:38 |
| 12010 || 9.00536528828926 || 2017-08-12 18:42:34 |
| 12011 || -0.0338351934482962 || 2010-11-24 21:45:14 |
| 12012 || 38.6043654874825 || 2019-04-20 13:47:19 |
| 12013 || 71.5211065272267 || 2016-10-13 02:25:29 |
| 12014 || -21.9122558468299 || 2013-12-06 08:11:39 |
| 12015 || -1.27062275288997 || 2010-07-26 05:20:11 |
| 12016 || -0.123987108884446 || 2019-02-01 20:40:52 |
| 12017 || 47.0194453665044 || 2018-01-19 07:44:06 |
| 12018 || -22.7200795256545 || 2016-03-15 22:44:03 |
| 12019 || -13.5266169226403 || 2016-03-23 20:10:12 |
| 12020 || -5.94023005891797 || 2019-08-08 17:09:38 |
| 12021 || 1.53079783124544 || 2013-06-09 07:13:26 |
| 12022 || 24.6736202161061 || 2011-05-06 05:21:19 |
| 12023 || 81.2123524613974 || 2016-08-11 05:27:58 |
| 12024 || 73.4658749751542 || 2019-04-13 09:04:43 |
| 12025 || 18.5735511500027 || 2015-10-05 07:47:27 |
| 12026 || 0.244250223370956 || 2017-12-20 17:23:44 |
| 12027 || 1.7687584143239 || 2017-06-22 08:32:16 |
| 12028 || -15.1135790576982 || 2015-07-22 09:10:58 |
| 12029 || 68.4426549765684 || 2017-01-22 05:15:44 |
| 12030 || 18.7040048179242 || 2016-02-08 03:05:01 |
| 12031 || -0.00332941034693465 || 2010-06-19 03:44:44 |
| 12032 || 12.0776521093631 || 2015-04-03 09:25:19 |
| 12033 || 15.8032113963359 || 2010-06-22 22:43:02 |
| 12034 || 67.3144144496736 || 2018-09-19 05:14:06 |
| 12035 || -6.33020571978301 || 2012-06-03 19:36:52 |
| 12036 || 0.00208536900594656 || 2017-12-01 22:53:00 |
| 12037 || -5.53000493847174 || 2015-09-10 22:22:15 |
| 12038 || -23.5748269586126 || 2018-09-04 00:37:58 |
| 12039 || 61.2851434570961 || 2016-01-14 18:16:57 |
| 12040 || -8.59511672813397 || 2010-10-18 17:21:18 |
| 12041 || -0.151086181248881 || 2015-03-20 23:07:38 |
| 12042 || 15.9402677231069 || 2017-01-03 00:56:14 |
| 12043 || 16.6987802346709 || 2017-10-27 03:04:47 |
| 12044 || 79.3937294161225 || 2016-11-25 08:46:25 |
| 12045 || 33.247826255229 || 2012-10-14 00:44:19 |
| 12046 || 2.05332464354573 || 2010-09-19 20:04:57 |
| 12047 || 3.01599554078052 || 2013-04-09 21:48:50 |
| 12048 || 12.6554640765564 || 2014-03-19 01:43:45 |
| 12049 || 46.0783846338821 || 2011-06-08 09:32:30 |
| 12050 || 18.0100454759777 || 2013-01-13 23:18:14 |
| 12051 || 1.62790874585278 || 2012-02-18 00:19:48 |
| 12052 || 6.3701129851523 || 2019-12-19 00:12:35 |
| 12053 || -15.935118865446 || 2016-05-18 17:02:10 |
| 12054 || 0.375011058493199 || 2010-05-18 21:40:00 |
| 12055 || 55.4257095715517 || 2015-06-10 19:28:35 |
| 12056 || 4.40965348598518 || 2012-02-19 12:34:29 |
| 12057 || -2.40997268253298 || 2013-04-22 06:46:17 |
| 12058 || -17.7877879702985 || 2016-08-20 01:54:00 |
| 12059 || -29.0480328018023 || 2010-12-10 11:39:53 |
| 12060 || -10.0165953750849 || 2014-12-27 05:40:58 |
| 12061 || 8.12160781213126 || 2011-02-03 04:59:55 |
| 12062 || 6.05971656433962 || 2014-06-26 12:58:01 |
| 12063 || 42.876707734287 || 2019-10-27 17:27:27 |
| 12064 || 30.1304857345233 || 2014-08-06 13:26:13 |
| 12065 || 12.2489843315638 || 2011-08-08 21:03:03 |
| 12066 || -3.70247808845059 || 2014-02-21 00:38:37 |
| 12067 || -0.285902814962789 || 2018-04-08 23:56:56 |
| 12068 || -11.5018184226547 || 2011-07-25 05:13:36 |
| 12069 || 88.2016952987438 || 2012-04-15 00:57:44 |
| 12070 || 23.43 || 2020-01-08 21:23:54 |
| 12071 || 11.251 || 2020-01-08 21:23:54 |
| 12072 || 32.1 || 2020-01-08 21:23:54 |
| 12073 || -5.334 || 2020-01-08 21:23:54 |
| 12074 || 14.8372 || 2020-01-08 21:23:54 |
| 12075 || 16.0509 || 2014-01-01 03:10:54 |
| 12076 || 19.9933399991998 || 2015-05-13 19:49:44 |
| 12077 || 0.141180543204244 || 2010-03-02 05:25:30 |
| 12078 || 36.7332782040436 || 2016-04-10 05:16:01 |
| 12079 || 33.4278260883361 || 2013-01-24 03:34:11 |
| 12080 || 19.4119621332562 || 2012-07-19 00:12:31 |
| 12081 || 27.4590693937606 || 2012-04-07 22:54:16 |
| 12082 || -0.00884373413463285 || 2016-10-03 15:36:38 |
| 12083 || 27.7498465135312 || 2011-10-23 06:11:57 |
| 12084 || -19.8437770950609 || 2015-09-08 20:29:33 |
| 12085 || 3.372746205537 || 2015-09-23 11:05:24 |
| 12086 || 14.9123294479295 || 2016-07-07 04:41:36 |
| 12087 || -0.021591863525374 || 2011-12-27 18:17:33 |
| 12088 || 2.55807754638241 || 2014-05-23 10:14:59 |
| 12089 || 67.2713467022916 || 2011-11-22 18:57:52 |
| 12090 || 70.9934857361418 || 2015-02-14 07:07:56 |
| 12091 || 31.2298975985366 || 2012-08-14 01:46:56 |
| 12092 || 0.798994742982934 || 2011-10-21 03:44:20 |
| 12093 || -6.550304879882 || 2010-10-14 02:31:51 |
| 12094 || 18.0324585341262 || 2011-01-25 00:02:39 |
| 12095 || 72.7574939185894 || 2015-08-15 03:55:40 |
| 12096 || -8.32398764355304 || 2014-02-05 15:05:58 |
| 12097 || 1.83075003105707 || 2012-09-18 07:04:35 |
| 12098 || 16.697653926361 || 2018-09-17 06:16:46 |
| 12099 || 44.6854583065252 || 2017-09-07 05:38:34 |
| 12100 || 83.2837162751587 || 2014-11-03 22:23:22 |
| 12101 || 49.1365890347241 || 2014-03-19 20:51:43 |
| 12102 || 3.94371686640746 || 2019-10-23 00:16:30 |
| 12103 || -3.99280443053513 || 2010-10-11 23:50:08 |
| 12104 || 57.4151406270697 || 2012-06-06 10:46:54 |
| 12105 || 2.93129126021679 || 2017-12-23 06:29:52 |
| 12106 || -3.38626376678369 || 2010-01-03 02:58:39 |
| 12107 || 6.67624764297352 || 2015-07-01 09:28:51 |
| 12108 || 8.1927441645758 || 2013-06-09 02:33:03 |
| 12109 || 52.461539959718 || 2011-02-11 11:11:25 |
| 12110 || 76.1316285383909 || 2015-01-11 16:40:18 |
| 12111 || 59.7416752663953 || 2016-06-10 11:41:48 |
| 12112 || -3.23360783994454 || 2017-01-03 17:16:47 |
| 12113 || 4.10202479754466 || 2014-03-01 11:51:42 |
| 12114 || 31.8395659689125 || 2018-11-20 15:42:11 |
| 12115 || 86.8373431049184 || 2012-08-06 08:54:31 |
| 12116 || 56.3624451637343 || 2016-09-17 07:31:22 |
| 12117 || -4.04866183653877 || 2012-10-18 03:52:59 |
| 12118 || 4.24549708342859 || 2017-11-12 01:45:22 |
| 12119 || 37.0641755666898 || 2017-01-05 00:02:20 |
| 12120 || 26.0226460217992 || 2019-11-15 04:43:10 |
| 12121 || 69.5298952978874 || 2018-02-16 15:16:42 |
| 12122 || 4.5130565492075 || 2019-02-15 06:46:38 |
| 12123 || -0.749110112280647 || 2014-02-09 21:17:54 |
| 12124 || 42.5360297951306 || 2010-11-24 19:00:40 |
| 12125 || 85.9678285735071 || 2019-02-16 04:39:48 |
| 12126 || 21.4302642403478 || 2016-03-22 14:17:05 |
| 12127 || 15.5031213105217 || 2018-07-09 22:23:27 |
| 12128 || -0.282468600217265 || 2013-09-11 04:49:13 |
| 12129 || 5.73654330846648 || 2017-04-12 05:48:10 |
| 12130 || 23.4612821297182 || 2016-09-12 18:29:08 |
| 12131 || 67.189021251221 || 2017-11-20 01:51:34 |
| 12132 || -7.30646540970632 || 2010-09-05 02:19:46 |
| 12133 || 0.114922489595399 || 2015-08-14 01:59:53 |
| 12134 || -6.29080375695748 || 2014-08-12 18:40:08 |
| 12135 || -4.53353521686531 || 2016-01-27 00:27:04 |
| 12136 || 70.7351521985254 || 2014-12-17 19:30:32 |
| 12137 || 24.2384873640152 || 2013-11-07 21:30:15 |
| 12138 || 0.0335847853984224 || 2019-12-12 05:06:52 |
| 12139 || 27.6743495897958 || 2017-01-06 21:14:32 |
| 12140 || 77.8682882068433 || 2016-06-22 02:18:02 |
| 12141 || -28.0051673052943 || 2013-10-20 22:53:46 |
| 12142 || 7.25724031151897 || 2017-04-24 18:18:21 |
| 12143 || 0.476670875591047 || 2016-02-17 13:46:52 |
| 12144 || 13.8371371488975 || 2010-02-21 05:19:13 |
| 12145 || 61.3531835704739 || 2017-11-26 06:46:19 |
| 12146 || 81.1122293059442 || 2018-11-09 00:24:10 |
| 12147 || 14.5794982760647 || 2018-02-17 18:19:10 |
| 12148 || 1.28512272650762 || 2016-05-03 19:51:59 |
| 12149 || -6.20577247312693 || 2014-05-05 04:32:49 |
| 12150 || -14.023175570524 || 2012-04-13 23:15:18 |
| 12151 || 42.3752458200162 || 2011-10-05 21:42:44 |
| 12152 || 19.2552626182478 || 2015-07-18 22:43:09 |
| 12153 || -0.869955969750135 || 2012-05-26 20:59:02 |
| 12154 || 14.3611131162864 || 2019-02-01 09:44:37 |
| 12155 || -21.1638715097456 || 2010-05-12 22:38:34 |
| 12156 || -26.6575879670363 || 2016-03-12 22:07:47 |
| 12157 || -17.6006529424305 || 2018-09-12 17:20:12 |
| 12158 || 6.08896440488097 || 2011-09-16 07:11:23 |
| 12159 || -0.374603696254648 || 2013-02-04 19:21:18 |
| 12160 || 42.0571727949345 || 2015-05-05 16:49:04 |
| 12161 || 88.5921343173007 || 2015-08-07 13:19:37 |
| 12162 || 50.5408625304128 || 2010-01-25 23:32:18 |
| 12163 || 8.43429730873543 || 2015-02-13 12:52:35 |
| 12164 || 6.02871638167409 || 2016-06-20 22:16:08 |
| 12165 || 34.2530559893977 || 2019-02-15 05:12:34 |
| 12166 || -25.1042391872574 || 2014-11-09 09:02:43 |
| 12167 || 42.6270583878925 || 2011-05-13 10:37:43 |
| 12168 || 1.30072336673536 || 2015-05-12 20:43:18 |
| 12169 || 1.45414860486801 || 2015-02-27 01:28:47 |
| 12170 || 44.5781344962774 || 2016-05-09 13:26:08 |
| 12171 || -19.3080241517713 || 2017-05-25 15:41:52 |
| 12172 || 68.513873418504 || 2017-05-19 12:03:06 |
| 12173 || -3.72582437464208 || 2012-02-03 19:51:23 |
| 12174 || -0.713651014749873 || 2019-10-05 09:16:36 |
| 12175 || -11.5526111953907 || 2013-06-02 12:53:06 |
| 12176 || 82.3979045004579 || 2017-11-03 03:56:14 |
| 12177 || 46.260476197024 || 2011-10-22 11:07:47 |
| 12178 || -2.10663301336383 || 2017-10-03 07:15:27 |
| 12179 || 0.369759668504371 || 2016-05-10 06:09:33 |
| 12180 || 22.5041941856582 || 2019-09-15 14:19:48 |
| 12181 || 85.0611098867494 || 2017-10-03 18:54:18 |
| 12182 || -20.5238288709098 || 2018-02-07 01:52:20 |
| 12183 || -7.28997031450928 || 2018-09-26 09:40:02 |
| 12184 || -0.0595690820258409 || 2015-07-10 04:33:20 |
| 12185 || 31.3860702302047 || 2017-05-14 12:55:06 |
| 12186 || 82.6323219868968 || 2011-04-22 10:03:09 |
| 12187 || 53.400006067119 || 2010-01-22 13:11:20 |
| 12188 || -8.52806310149574 || 2017-12-05 20:39:36 |
| 12189 || 0.00491711285489264 || 2011-12-19 21:13:54 |
| 12190 || 3.10057553852629 || 2013-02-23 22:32:02 |
| 12191 || -21.5065699065663 || 2017-03-23 08:28:01 |
| 12192 || 74.232958415972 || 2010-06-25 08:19:22 |
| 12193 || -12.086417844476 || 2013-05-09 05:27:10 |
| 12194 || -0.145191994236745 || 2013-12-01 16:59:50 |
| 12195 || 19.0073010468868 || 2015-01-03 18:26:43 |
| 12196 || 70.7755929843647 || 2019-12-18 15:38:02 |
| 12197 || 80.7727083553186 || 2011-12-27 21:46:29 |
| 12198 || -6.0062771058642 || 2013-12-16 22:28:19 |
| 12199 || 1.36930340616582 || 2017-04-02 02:24:34 |
| 12200 || 5.05036861908912 || 2011-09-26 11:47:03 |
| 12201 || 64.1007447607836 || 2017-05-07 02:58:35 |
| 12202 || 77.7894523813929 || 2017-06-12 12:18:19 |
| 12203 || 37.2423149909729 || 2014-07-23 13:53:19 |
| 12204 || 0.0453047093520826 || 2018-05-20 22:08:39 |
| 12205 || 14.0365741777596 || 2013-03-13 22:04:50 |
| 12206 || 1.73706207613692 || 2014-03-13 21:32:02 |
| 12207 || 7.61435634811908 || 2013-06-16 10:31:27 |
| 12208 || -13.8616895892094 || 2015-12-22 16:25:22 |
| 12209 || 2.01406541678464 || 2018-05-10 17:07:19 |
| 12210 || 4.02871964974064 || 2013-09-02 12:00:33 |
| 12211 || -4.73140972165279 || 2015-05-03 00:09:37 |
| 12212 || 81.887535515211 || 2014-03-21 08:27:48 |
| 12213 || 57.5514053498026 || 2015-04-05 01:56:16 |
| 12214 || 7.42998404145889 || 2014-02-02 21:03:03 |
| 12215 || -2.63120602137518 || 2011-03-08 07:12:44 |
| 12216 || -9.81214940649416 || 2015-10-19 09:46:29 |
| 12217 || 4.8803358843369 || 2014-10-14 12:16:22 |
| 12218 || 60.7555717673031 || 2011-08-09 13:46:18 |
| 12219 || 10.7591178778674 || 2019-05-07 23:52:48 |
| 12220 || 5.08451137907244 || 2019-01-18 19:29:38 |
| 12221 || 50.6138113524885 || 2010-10-20 13:06:03 |
| 12222 || 7.2397643467943 || 2011-10-24 00:59:24 |
| 12223 || -22.4271413810123 || 2016-06-13 16:36:33 |
| 12224 || 15.4187788426364 || 2019-08-09 19:24:04 |
| 12225 || 0.262972067245621 || 2017-10-01 01:36:27 |
| 12226 || 43.2948951193534 || 2014-01-02 18:25:52 |
| 12227 || 73.1888794595653 || 2010-11-10 09:43:02 |
| 12228 || 70.511539551009 || 2013-05-18 16:41:27 |
| 12229 || -6.35758684538032 || 2016-03-08 00:05:44 |
| 12230 || 0.484941094657948 || 2014-11-18 15:37:22 |
| 12231 || 12.2268537444319 || 2018-10-10 14:28:04 |
| 12232 || 78.8739778987831 || 2012-07-01 10:45:07 |
| 12233 || 60.345445330963 || 2013-01-25 04:27:13 |
| 12234 || -5.5694398540689 || 2019-03-20 22:55:29 |
| 12235 || 0.322766926539344 || 2014-02-19 15:48:33 |
| 12236 || 23.43 || 2020-01-09 07:18:06 |
| 12237 || 11.251 || 2020-01-09 07:18:06 |
| 12238 || 32.1 || 2020-01-09 07:18:06 |
| 12239 || -5.334 || 2020-01-09 07:18:06 |
| 12240 || 14.8372 || 2020-01-09 07:18:06 |
| 12241 || 16.0509 || 2014-01-01 03:10:54 |
| 12242 || -4.05186225831559 || 2016-09-26 08:33:20 |
| 12243 || 75.8987320684771 || 2015-04-27 02:16:48 |
| 12244 || -11.6251311808122 || 2015-09-20 17:08:52 |
| 12245 || -0.0490157321301292 || 2016-03-05 08:47:59 |
| 12246 || 17.507964723656 || 2011-03-08 21:52:35 |
| 12247 || 57.1817104430775 || 2014-12-01 22:42:41 |
| 12248 || -4.6901745098633 || 2012-10-27 12:51:40 |
| 12249 || -13.3842520661307 || 2012-03-22 07:48:18 |
| 12250 || 0.886850858582 || 2019-08-18 22:26:32 |
| 12251 || -3.97512469828507 || 2019-06-04 19:57:21 |
| 12252 || 37.350031366935 || 2014-12-01 16:38:22 |
| 12253 || -24.7757537776462 || 2011-05-19 17:11:52 |
| 12254 || 2.51494022619031 || 2017-09-25 07:55:08 |
| 12255 || -0.306226761396036 || 2015-01-03 20:58:37 |
| 12256 || -5.13105980864322 || 2019-11-24 08:39:01 |
| 12257 || 66.8056068275929 || 2015-08-20 19:24:37 |
| 12258 || -4.62837515841405 || 2014-06-02 19:07:03 |
| 12259 || 50.2626565401348 || 2015-10-10 06:44:24 |
| 12260 || 23.43 || 2020-01-09 07:37:32 |
| 12261 || 11.251 || 2020-01-09 07:37:32 |
| 12262 || 32.1 || 2020-01-09 07:37:32 |
| 12263 || -5.334 || 2020-01-09 07:37:32 |
| 12264 || 14.8372 || 2020-01-09 07:37:32 |
| 12265 || 16.0509 || 2014-01-01 03:10:54 |
| 12266 || 8.45308185333789 || 2019-09-09 13:13:35 |
| 12267 || 39.5109373590522 || 2011-10-15 04:58:31 |
| 12268 || 36.9273841104313 || 2015-05-03 21:33:55 |
| 12269 || 38.8914110905252 || 2016-04-25 03:48:10 |
| 12270 || -2.43241791269199 || 2018-05-23 15:17:31 |
| 12271 || 5.38811963930007 || 2014-07-26 21:07:13 |
| 12272 || 23.43 || 2020-01-09 07:37:52 |
| 12273 || 11.251 || 2020-01-09 07:37:52 |
| 12274 || 32.1 || 2020-01-09 07:37:52 |
| 12275 || -5.334 || 2020-01-09 07:37:52 |
| 12276 || 14.8372 || 2020-01-09 07:37:52 |
| 12277 || 16.0509 || 2014-01-01 03:10:54 |
| 12278 || 58.351007615515 || 2012-06-16 13:31:57 |
| 12279 || 49.7440313420762 || 2017-02-26 15:14:20 |
| 12280 || -6.36285581260607 || 2012-04-06 22:07:18 |
| 12281 || 23.43 || 2020-01-09 07:38:00 |
| 12282 || 11.251 || 2020-01-09 07:38:00 |
| 12283 || 32.1 || 2020-01-09 07:38:00 |
| 12284 || -5.334 || 2020-01-09 07:38:00 |
| 12285 || 14.8372 || 2020-01-09 07:38:00 |
| 12286 || 16.0509 || 2014-01-01 03:10:54 |
| 12287 || 23.43 || 2020-01-09 07:38:00 |
| 12288 || 11.251 || 2020-01-09 07:38:00 |
| 12289 || 32.1 || 2020-01-09 07:38:00 |
| 12290 || -5.334 || 2020-01-09 07:38:00 |
| 12291 || 14.8372 || 2020-01-09 07:38:00 |
| 12292 || 16.0509 || 2014-01-01 03:10:54 |
| 12293 || 23.43 || 2020-01-09 07:38:01 |
| 12294 || 11.251 || 2020-01-09 07:38:01 |
| 12295 || 32.1 || 2020-01-09 07:38:01 |
| 12296 || -5.334 || 2020-01-09 07:38:01 |
| 12297 || 14.8372 || 2020-01-09 07:38:01 |
| 12298 || 16.0509 || 2014-01-01 03:10:54 |
| 12299 || 23.43 || 2020-01-09 07:38:01 |
| 12300 || 11.251 || 2020-01-09 07:38:01 |
| 12301 || 32.1 || 2020-01-09 07:38:01 |
| 12302 || -5.334 || 2020-01-09 07:38:01 |
| 12303 || 14.8372 || 2020-01-09 07:38:01 |
| 12304 || 16.0509 || 2014-01-01 03:10:54 |
| 12305 || -0.328885167181838 || 2019-01-14 11:21:49 |
| 12306 || 23.43 || 2020-01-09 07:38:01 |
| 12307 || 11.251 || 2020-01-09 07:38:01 |
| 12308 || 32.1 || 2020-01-09 07:38:01 |
| 12309 || -5.334 || 2020-01-09 07:38:01 |
| 12310 || 14.8372 || 2020-01-09 07:38:01 |
| 12311 || 16.0509 || 2014-01-01 03:10:54 |
| 12312 || 23.43 || 2020-01-09 07:38:02 |
| 12313 || 11.251 || 2020-01-09 07:38:02 |
| 12314 || 32.1 || 2020-01-09 07:38:02 |
| 12315 || -5.334 || 2020-01-09 07:38:02 |
| 12316 || 14.8372 || 2020-01-09 07:38:02 |
| 12317 || 16.0509 || 2014-01-01 03:10:54 |
| 12318 || 23.43 || 2020-01-09 07:38:02 |
| 12319 || 11.251 || 2020-01-09 07:38:02 |
| 12320 || 32.1 || 2020-01-09 07:38:02 |
| 12321 || -5.334 || 2020-01-09 07:38:02 |
| 12322 || 14.8372 || 2020-01-09 07:38:02 |
| 12323 || 16.0509 || 2014-01-01 03:10:54 |Temp table exists? : [{"count(*)":1}]

temperatures
| id || value || created |
| 1 || 23.43 || 2020-01-08 19:49:47 |
| 2 || 11.251 || 2020-01-08 19:49:47 |
| 3 || 32.1 || 2020-01-08 19:49:47 |
| 4 || -5.334 || 2020-01-08 19:49:47 |
| 5 || 14.8372 || 2020-01-08 19:49:47 |
| 6 || 16.0509 || 2014-01-01 03:10:54 |
| 7 || 90.0 || 2018-08-16 21:40:05 |
| 8 || 26.3475821511529 || 2014-12-22 16:33:45 |
| 9 || 5.41559776809304 || 2012-10-20 00:37:09 |
| 10 || 5.04667665037385 || 2013-01-13 17:02:23 |
| 11 || 29.5836009895362 || 2016-01-08 14:55:27 |
| 12 || -16.3326570734174 || 2019-04-14 17:23:28 |
| 13 || -20.8928809863844 || 2012-03-11 03:15:49 |
| 14 || 13.1140540305462 || 2010-03-08 13:34:33 |
| 15 || 2.95596509190209 || 2012-11-08 13:13:08 |
| 16 || 8.61435014814574 || 2014-02-21 05:09:54 |
| 17 || -23.1631532378121 || 2018-09-23 08:23:24 |
| 18 || -15.6092407479275 || 2017-09-07 07:08:13 |
| 19 || -3.02838508428494 || 2012-10-12 04:51:25 |
| 20 || 1.52915170541489 || 2014-09-15 03:24:16 |
| 21 || -5.48285984600599 || 2015-07-20 15:42:56 |
| 22 || 73.9404120972861 || 2012-06-15 07:59:17 |
| 23 || 74.0226593597323 || 2015-09-17 04:24:40 |
| 24 || 10.4708078946264 || 2018-10-25 04:36:10 |
| 25 || 0.826059605024549 || 2013-01-11 20:22:12 |
| 26 || 20.0319925112373 || 2016-09-14 13:07:09 |
| 27 || 11.6353093147127 || 2017-11-19 21:53:38 |
| 28 || -22.3795412375825 || 2018-09-14 09:11:35 |
| 29 || -9.01571481466325 || 2014-07-26 13:34:25 |
| 30 || -0.0322790573020066 || 2010-09-13 03:09:32 |
| 31 || 28.7659470573424 || 2017-12-01 21:49:31 |
| 32 || 80.2225386674248 || 2018-09-16 04:03:25 |
| 33 || 81.3892285555105 || 2010-01-04 11:16:16 |
| 34 || 31.2436311883607 || 2013-01-02 14:28:43 |
| 35 || 0.00218799742462504 || 2018-11-19 03:29:22 |
| 36 || -7.97312849344578 || 2011-06-12 12:13:31 |
| 37 || 57.4290040636494 || 2015-10-09 10:08:39 |
| 38 || 8.14185159420474 || 2018-03-20 18:32:47 |
| 39 || 1.39675954315455 || 2019-10-20 05:09:30 |
| 40 || -0.215391119409126 || 2010-02-06 12:50:10 |
| 41 || -7.4205400599628 || 2016-06-10 05:56:25 |
| 42 || -14.9975857982467 || 2013-05-04 14:55:23 |
| 43 || 35.1737892194543 || 2010-11-06 07:07:28 |
| 44 || 10.4412565207356 || 2016-10-27 04:50:30 |
| 45 || 1.43048273311141 || 2019-06-19 03:57:54 |
| 46 || 2.44614844075834 || 2016-01-14 16:53:23 |
| 47 || 41.3354347897741 || 2016-07-14 03:54:39 |
| 48 || -23.0697809854784 || 2014-06-06 08:58:44 |
| 49 || -12.0957689273772 || 2010-01-01 15:01:25 |
| 50 || -1.23655492649088 || 2017-09-27 03:10:34 |
| 51 || -0.427813301539598 || 2016-05-11 20:57:04 |
| 52 || -13.171679825645 || 2017-02-23 09:36:39 |
| 53 || -3.16496950782612 || 2015-07-06 12:53:22 |
| 54 || 4.74612256867315 || 2011-11-27 21:57:03 |
| 55 || 2.04946121048178 || 2014-11-06 05:40:45 |
| 56 || 9.42380689339158 || 2010-09-12 04:30:06 |
| 57 || 60.7666743919545 || 2018-01-12 06:39:14 |
| 58 || 68.2851219256246 || 2016-06-13 13:57:17 |
| 59 || 54.716720962571 || 2012-04-01 10:10:31 |
| 60 || -0.710255298217403 || 2018-06-06 15:37:54 |
| 61 || -1.95863947920474 || 2013-06-15 04:20:54 |
| 62 || -1.94861396767653 || 2019-06-02 02:34:24 |
| 63 || 77.2969324337471 || 2012-12-06 18:51:24 |
| 64 || -11.5969625499873 || 2013-08-02 23:08:46 |
| 65 || 9.78666421192362 || 2011-11-17 03:45:58 |
| 66 || -0.162058499684968 || 2014-08-23 22:37:18 |
| 67 || 38.6824216166835 || 2011-06-07 12:31:05 |
| 68 || 11.6987232494005 || 2017-12-08 12:17:20 |
| 69 || 57.3705633094057 || 2014-01-27 18:24:05 |
| 70 || 12.1694202216849 || 2019-01-15 07:10:59 |
| 71 || 1.97661894431714 || 2017-01-07 21:11:11 |
| 72 || -14.9627845744961 || 2011-11-21 08:29:58 |
| 73 || -1.66995514263304 || 2010-11-21 12:33:46 |
| 74 || 67.6762921561769 || 2019-01-20 19:29:39 |
| 75 || -1.01703082684277 || 2012-05-23 16:42:01 |
| 76 || 0.612393817304894 || 2010-11-20 08:01:31 |
| 77 || 26.3816933325459 || 2017-01-05 08:45:36 |
| 78 || -24.470562577644 || 2013-03-25 03:07:30 |
| 79 || 77.0860710125406 || 2013-11-05 03:01:44 |
| 80 || 23.3727924326258 || 2010-07-04 05:18:52 |
| 81 || -0.0579591349156031 || 2017-04-05 14:58:27 |
| 82 || 7.11272560582901 || 2016-05-05 10:41:08 |
| 83 || 77.0867711868875 || 2011-11-14 07:48:34 |
| 84 || 73.3593058462233 || 2013-07-23 08:26:39 |
| 85 || -4.51740147722733 || 2010-05-13 21:55:20 |
| 86 || 0.0150838923601377 || 2017-05-06 15:05:39 |
| 87 || 15.9354785752851 || 2013-12-16 17:16:41 |
| 88 || 73.0529640210646 || 2014-04-14 14:05:06 |
| 89 || 41.511129053538 || 2014-12-09 04:47:55 |
| 90 || 10.6002850731298 || 2012-03-15 02:02:21 |
| 91 || 0.365123677677897 || 2012-01-04 07:52:14 |
| 92 || 17.4037215891557 || 2010-02-05 06:28:04 |
| 93 || -24.4090952013623 || 2012-11-14 12:20:13 |
| 94 || -28.4911053960165 || 2010-02-25 03:04:12 |
| 95 || 38.5141699564055 || 2014-03-05 20:46:11 |
| 96 || 0.359696975869354 || 2010-07-26 05:38:18 |
| 97 || 16.5433887765138 || 2011-05-25 20:09:11 |
| 98 || 71.2833979521131 || 2014-03-12 10:14:25 |
| 99 || 56.9769926850222 || 2013-12-06 07:21:34 |
| 100 || -4.66796273198898 || 2017-10-25 01:47:19 |
| 101 || 3.16386805771283 || 2017-03-11 18:52:44 |
| 102 || 15.0395548955183 || 2016-06-10 23:09:04 |
| 103 || 31.5893164432262 || 2013-09-11 16:31:25 |
| 104 || 82.8408127669622 || 2016-06-20 20:46:30 |
| 105 || 52.6151152698744 || 2014-11-17 02:07:46 |
| 106 || 0.383562064803415 || 2013-06-15 10:54:04 |
| 107 || 1.28064851748394 || 2011-12-08 16:49:13 |
| 108 || 19.8836085503022 || 2014-03-17 06:53:36 |
| 109 || 10.2893054954041 || 2019-04-27 06:44:38 |
| 110 || 55.0330857324637 || 2017-12-24 09:11:03 |
| 111 || 8.45561019250228 || 2015-11-21 08:19:58 |
| 112 || -0.809991268609812 || 2019-11-04 03:22:57 |
| 113 || 16.9591483479759 || 2019-11-02 14:33:20 |
| 114 || 69.6959680162617 || 2014-02-01 20:41:02 |
| 115 || -20.5714927574677 || 2019-04-06 22:13:53 |
| 116 || 6.61597290212506 || 2017-09-27 21:40:52 |
| 117 || -0.928328504817113 || 2012-07-23 00:53:05 |
| 118 || 28.4995830799754 || 2018-01-03 08:55:47 |
| 119 || -22.0689154265669 || 2014-10-05 23:21:11 |
| 120 || -6.77662373828449 || 2010-03-22 17:08:47 |
| 121 || -3.8628140899322 || 2019-05-14 04:18:40 |
| 122 || 2.12630307045677 || 2013-06-24 06:43:08 |
| 123 || -0.0918429421248577 || 2017-05-01 23:10:11 |
| 124 || -29.2119009639649 || 2012-06-02 02:39:07 |
| 125 || 29.3476697142508 || 2016-04-15 10:52:45 |
| 126 || 0.940784495694757 || 2019-06-11 08:04:19 |
| 127 || 0.853693745481105 || 2010-03-15 17:08:26 |
| 128 || 23.8525710931514 || 2016-10-23 01:19:17 |
| 129 || 85.7364300038848 || 2012-04-23 16:21:51 |
| 130 || 58.2375853884649 || 2012-06-13 05:04:16 |
| 131 || 22.3301343249684 || 2015-11-12 02:44:42 |
| 132 || 0.30795005718798 || 2014-11-02 09:08:17 |
| 133 || 22.5834562632262 || 2011-12-19 09:27:51 |
| 134 || 30.8134300380624 || 2014-04-11 13:58:48 |
| 135 || 66.413310304508 || 2014-08-26 11:45:49 |
| 136 || -7.36512107811327 || 2011-10-09 08:55:48 |
| 137 || 6.827532250014e-05 || 2015-10-08 21:33:15 |
| 138 || -9.22744361962866 || 2011-02-04 14:11:43 |
| 139 || 71.357928965685 || 2016-06-11 13:30:51 |
| 140 || 78.025730388081 || 2016-10-08 08:56:46 |
| 141 || 34.4429570600116 || 2012-11-21 21:31:22 |
| 142 || 0.305907637752122 || 2016-11-02 03:56:50 |
| 143 || 7.34135577520603 || 2017-04-11 10:49:48 |
| 144 || 22.8497954740137 || 2018-07-07 14:30:47 |
| 145 || 85.5109500354974 || 2014-04-12 12:53:43 |
| 146 || -12.393087249732 || 2017-09-13 13:05:27 |
| 147 || -0.346681573999582 || 2010-05-24 19:19:23 |
| 148 || 6.83596325711021 || 2015-05-15 08:02:00 |
| 149 || -23.9381570547783 || 2017-10-21 13:10:57 |
| 150 || -17.887651998911 || 2017-06-01 12:39:01 |
| 151 || 34.004617649876 || 2010-04-15 05:02:02 |
| 152 || 1.55093420652041 || 2016-11-19 00:56:55 |
| 153 || 15.5817762124891 || 2019-01-02 04:31:31 |
| 154 || 56.5525990191926 || 2010-02-17 15:08:56 |
| 155 || 44.2102499076024 || 2012-03-26 00:00:25 |
| 156 || 50.7309427508135 || 2019-12-27 11:22:25 |
| 157 || 2.92723721039379 || 2010-09-18 21:13:26 |
| 158 || -2.60868454380066 || 2018-05-17 21:21:32 |
| 159 || -20.6515911065438 || 2019-10-27 22:52:13 |
| 160 || 23.43 || 2020-01-08 19:52:34 |
| 161 || 11.251 || 2020-01-08 19:52:34 |
| 162 || 32.1 || 2020-01-08 19:52:34 |
| 163 || -5.334 || 2020-01-08 19:52:34 |
| 164 || 14.8372 || 2020-01-08 19:52:34 |
| 165 || 16.0509 || 2014-01-01 03:10:54 |
| 166 || 90.0 || 2019-09-08 16:55:19 |
| 167 || -11.6086689069355 || 2014-04-09 23:53:35 |
| 168 || 9.86954810283145 || 2010-01-07 05:25:15 |
| 169 || -1.77471211215742 || 2015-07-01 05:18:41 |
| 170 || 39.982605258182 || 2018-10-16 18:06:56 |
| 171 || -11.8328587567298 || 2017-01-02 01:06:04 |
| 172 || -13.1466237242471 || 2015-05-05 09:31:19 |
| 173 || 8.59695189651067 || 2011-10-16 10:07:07 |
| 174 || -1.19397179333372 || 2013-02-02 01:02:19 |
| 175 || 42.3574551452579 || 2015-05-21 01:01:15 |
| 176 || 50.1675691410411 || 2018-05-20 17:11:21 |
| 177 || 68.9225279028387 || 2019-02-20 12:55:45 |
| 178 || 1.0083513010678 || 2015-04-11 08:35:48 |
| 179 || 0.364311918266225 || 2011-08-03 06:07:12 |
| 180 || 31.06444977514 || 2013-04-01 20:03:02 |
| 181 || 57.7852811302508 || 2011-01-15 16:48:55 |
| 182 || 71.3169967048488 || 2010-12-17 15:30:11 |
| 183 || 0.974303308050872 || 2015-07-05 02:24:07 |
| 184 || 0.269051996174643 || 2014-10-17 06:14:50 |
| 185 || 12.5105636329252 || 2018-06-02 03:36:07 |
| 186 || 51.883942870714 || 2019-10-01 10:03:41 |
| 187 || -21.0044173056309 || 2019-10-23 20:35:17 |
| 188 || 8.37879236264292 || 2012-01-23 17:52:04 |
| 189 || 0.0897087944134358 || 2014-05-07 13:15:21 |
| 190 || 0.0162337264943223 || 2017-08-18 17:39:02 |
| 191 || 14.8557544106505 || 2011-03-19 19:54:01 |
| 192 || 14.815820691842 || 2018-05-15 21:11:21 |
| 193 || 30.6590811046154 || 2017-06-12 05:10:51 |
| 194 || 0.0190142044063192 || 2013-11-16 09:37:37 |
| 195 || 10.037099183599 || 2015-07-13 12:14:30 |
| 196 || -13.6354650305788 || 2015-09-07 05:49:18 |
| 197 || 60.8241392885743 || 2019-09-16 20:34:43 |
| 198 || 24.2130505860347 || 2010-05-13 18:15:54 |
| 199 || 0.563539470900761 || 2016-12-14 22:21:45 |
| 200 || -7.22060558965597 || 2011-05-09 21:52:07 |
| 201 || 34.1265581091396 || 2014-09-09 03:36:32 |
| 202 || -20.2978725704966 || 2014-08-10 15:21:17 |
| 203 || -14.0854618863091 || 2019-07-13 21:36:28 |
| 204 || 0.171211248563485 || 2012-12-04 21:01:34 |
| 205 || 2.3492752327613 || 2011-12-27 00:33:13 |
| 206 || -4.96260072654502 || 2011-02-24 05:50:15 |
| 207 || -27.7729869616414 || 2013-01-03 12:08:30 |
| 208 || -1.45726291234126 || 2014-07-14 06:51:27 |
| 209 || 2.28319817041134 || 2011-02-06 01:38:11 |
| 210 || -4.09923760187469 || 2012-02-22 15:20:48 |
| 211 || -2.91098432617839 || 2018-03-09 00:19:52 |
| 212 || 60.0448324402565 || 2014-05-16 08:32:15 |
| 213 || 39.6648664559312 || 2010-11-04 20:09:18 |
| 214 || 6.167249522456 || 2014-07-07 03:40:39 |
| 215 || 1.83604851075998 || 2011-10-12 04:14:36 |
| 216 || 41.6418314184948 || 2018-04-20 03:52:16 |
| 217 || 5.28356733363865 || 2014-07-26 03:48:40 |
| 218 || 45.1951554632809 || 2010-04-05 22:20:55 |
| 219 || 8.98163555296408 || 2011-01-03 04:26:19 |
| 220 || 6.94340857407959 || 2015-09-24 00:13:39 |
| 221 || -18.5678418670397 || 2018-04-05 13:57:21 |
| 222 || 81.0736735050903 || 2017-12-07 06:42:49 |
| 223 || 7.84311535121185 || 2017-07-23 19:29:23 |
| 224 || -1.79269373919911 || 2018-12-08 18:59:44 |
| 225 || -0.673801267506161 || 2013-08-23 23:48:57 |
| 226 || 43.6156926153903 || 2016-05-22 17:26:37 |
| 227 || 72.6290303312679 || 2017-11-17 19:08:20 |
| 228 || 21.4517906881025 || 2010-02-01 23:45:07 |
| 229 || 3.77648876537831 || 2016-05-19 08:49:30 |
| 230 || -0.350095194203613 || 2010-03-12 15:03:50 |
| 231 || -13.565337664074 || 2019-04-07 01:05:23 |
| 232 || 27.6035829278251 || 2014-02-27 10:25:35 |
| 233 || -23.5214356055009 || 2015-04-14 16:10:29 |
| 234 || 18.6247554728743 || 2014-06-02 15:55:44 |
| 235 || -0.319394340825914 || 2013-05-18 10:54:24 |
| 236 || 20.7190755926195 || 2017-07-24 18:46:51 |
| 237 || 21.3974165976664 || 2017-10-13 12:05:47 |
| 238 || 11.6269719298456 || 2019-05-20 15:10:25 |
| 239 || 23.7904789672257 || 2013-12-22 07:13:11 |
| 240 || -0.065952421727497 || 2011-09-19 03:18:20 |
| 241 || 11.6996152114141 || 2010-08-25 17:40:58 |
| 242 || -0.277200961345157 || 2016-11-18 02:56:38 |
| 243 || 42.4146959392802 || 2018-10-08 00:55:14 |
| 244 || 30.8843057038411 || 2010-02-27 12:44:08 |
| 245 || -0.00481345911924978 || 2018-12-17 12:57:59 |
| 246 || -9.6518354001294 || 2017-09-14 10:39:56 |
| 247 || -16.9214922664902 || 2017-09-15 07:04:30 |
| 248 || 67.2810712581887 || 2018-10-13 02:51:45 |
| 249 || 11.688694358736 || 2019-05-18 05:11:28 |
| 250 || 0.44248377105093 || 2016-10-25 15:26:00 |
| 251 || 21.0825570502646 || 2019-08-10 00:24:12 |
| 252 || -25.1909013539935 || 2012-05-26 03:50:09 |
| 253 || 13.2052421169843 || 2012-05-14 12:56:06 |
| 254 || -13.446944788942 || 2017-05-01 21:48:59 |
| 255 || 1.57287868681389 || 2018-07-06 06:57:49 |
| 256 || 0.0673195920452809 || 2011-07-09 13:18:00 |
| 257 || -2.62885562584888 || 2015-06-04 17:11:11 |
| 258 || -28.8066367467784 || 2018-04-05 14:56:39 |
| 259 || 39.222734693115 || 2012-12-27 22:15:32 |
| 260 || 3.2962620041413 || 2011-08-08 05:16:47 |
| 261 || 15.0565669415347 || 2012-05-03 01:48:01 |
| 262 || 33.0886691855053 || 2011-12-07 02:51:13 |
| 263 || -29.7576586902883 || 2019-06-01 11:45:23 |
| 264 || 32.6516951046802 || 2013-03-03 18:38:01 |
| 265 || 3.87478738847651 || 2019-05-18 22:52:50 |
| 266 || 10.0985696307519 || 2016-05-11 00:50:56 |
| 267 || 61.7108342554366 || 2012-10-18 22:10:31 |
| 268 || -4.63282244585354 || 2018-01-14 12:47:03 |
| 269 || 21.9871598511395 || 2018-04-26 19:45:17 |
| 270 || 8.25030252832509 || 2018-03-02 01:04:46 |
| 271 || 3.39888682047455 || 2011-10-18 00:04:23 |
| 272 || 45.050297292039 || 2011-01-12 01:50:45 |
| 273 || 83.802966468752 || 2011-03-27 18:45:07 |
| 274 || 0.378244661219729 || 2016-02-24 13:29:35 |
| 275 || -1.68731754270646 || 2018-04-02 17:05:52 |
| 276 || 3.13180930769059 || 2016-08-18 10:57:24 |
| 277 || 51.2505251413836 || 2019-06-09 01:03:45 |
| 278 || 20.0851532701741 || 2013-11-16 19:15:46 |
| 279 || 27.4524371827903 || 2012-04-09 20:23:52 |
| 280 || 1.07296652972812 || 2013-09-17 15:39:04 |
| 281 || 0.714121911903098 || 2018-04-20 01:44:12 |
| 282 || 43.7675081937389 || 2015-05-20 18:41:19 |
| 283 || 82.5387576680631 || 2013-03-04 13:15:20 |
| 284 || 72.41524154765 || 2012-01-16 13:05:18 |
| 285 || -5.49987054265413 || 2016-11-10 05:51:39 |
| 286 || 0.347028195748966 || 2016-03-06 14:00:56 |
| 287 || 24.9378432292597 || 2014-02-26 11:43:31 |
| 288 || 34.337867819687 || 2017-09-07 08:27:04 |
| 289 || -21.2432462760496 || 2016-03-20 01:23:09 |
| 290 || -3.86784183408242 || 2015-03-19 01:00:41 |
| 291 || 0.272675343408622 || 2018-02-01 12:08:23 |
| 292 || -4.66084964622502 || 2013-07-25 21:11:35 |
| 293 || -5.38927997160125 || 2014-07-07 09:48:36 |
| 294 || 4.215141622681 || 2016-10-09 05:58:01 |
| 295 || -6.77881271806722 || 2019-06-11 06:43:06 |
| 296 || 0.000216061479161576 || 2018-06-08 16:34:28 |
| 297 || 29.8370111951823 || 2015-06-11 21:22:05 |
| 298 || 10.0307885647352 || 2015-03-10 18:54:57 |
| 299 || -9.78947125580375 || 2019-03-21 09:36:56 |
| 300 || 3.31593266054482 || 2010-02-11 16:52:50 |
| 301 || -0.113814520941328 || 2012-08-18 04:16:38 |
| 302 || 13.9470225935885 || 2014-07-10 04:22:52 |
| 303 || 19.3804682426774 || 2011-04-16 01:31:50 |
| 304 || 81.7679577505411 || 2015-03-07 16:33:02 |
| 305 || -10.0942665041946 || 2014-05-12 11:54:27 |
| 306 || 1.34650756963804 || 2011-12-22 12:17:49 |
| 307 || 7.54915523520484 || 2015-08-14 14:14:02 |
| 308 || 68.1387798556456 || 2018-02-27 10:20:01 |
| 309 || 62.7159972260054 || 2017-11-11 04:25:48 |
| 310 || -4.87138734600513 || 2014-10-07 14:53:42 |
| 311 || -0.226937756125151 || 2010-01-10 03:26:39 |
| 312 || 8.74826701922113 || 2012-10-13 02:27:22 |
| 313 || -7.75821310224913 || 2013-09-26 22:46:27 |
| 314 || 88.9984091542135 || 2015-02-19 21:50:55 |
| 315 || 46.4299302353173 || 2013-07-04 01:47:41 |
| 316 || -0.845115541427234 || 2016-03-15 19:39:12 |
| 317 || 0.822137565128209 || 2019-04-13 19:47:48 |
| 318 || -15.194920358209 || 2016-01-05 13:55:30 |
| 319 || 13.0962326194261 || 2017-06-22 12:11:52 |
| 320 || 5.67226902758628 || 2012-05-14 11:12:50 |
| 321 || -1.78213851326924 || 2015-11-18 07:26:46 |
| 322 || -2.01481163956336 || 2014-04-18 08:42:42 |
| 323 || 20.8488161168992 || 2017-03-02 17:53:14 |
| 324 || 86.6525870019484 || 2017-04-10 18:16:46 |
| 325 || 31.508957824287 || 2011-05-13 20:49:00 |
| 326 || -3.45678795857635 || 2016-11-16 15:25:30 |
| 327 || -1.02257556526625 || 2012-01-05 16:23:58 |
| 328 || 10.4537928021636 || 2019-11-27 23:41:32 |
| 329 || -26.7302983572115 || 2016-04-12 12:06:07 |
| 330 || 0.556207916517987 || 2017-10-15 22:06:14 |
| 331 || -4.98715786481535 || 2016-04-01 05:11:10 |
| 332 || 2.12764648707518 || 2015-06-11 04:44:46 |
| 333 || 40.221783105551 || 2010-08-01 03:17:54 |
| 334 || 18.4218119060881 || 2010-07-22 14:10:07 |
| 335 || 46.8805100973752 || 2019-03-17 00:59:19 |
| 336 || -1.81655937656004 || 2018-01-04 08:59:18 |
| 337 || -0.3372192234226 || 2013-07-14 20:01:16 |
| 338 || 20.5229573927065 || 2010-06-16 10:18:53 |
| 339 || 30.7789850140519 || 2015-12-18 10:07:05 |
| 340 || -6.51647042416632 || 2019-01-23 04:49:12 |
| 341 || 8.95006660796696 || 2012-11-23 16:50:18 |
| 342 || 0.421174105744166 || 2011-03-15 08:22:19 |
| 343 || 35.0206719896324 || 2012-04-08 01:13:51 |
| 344 || 46.9512696732201 || 2016-09-11 13:11:02 |
| 345 || 51.5019016612064 || 2013-12-22 09:13:01 |
| 346 || 3.11745495161803 || 2013-07-01 18:12:09 |
| 347 || 0.000798587187576868 || 2014-01-21 03:56:03 |
| 348 || 30.7518279672867 || 2011-12-10 01:46:27 |
| 349 || 14.6199011731191 || 2015-03-15 02:59:09 |
| 350 || 77.1318534826616 || 2016-06-25 13:10:52 |
| 351 || -9.25354619889303 || 2011-07-22 02:53:35 |
| 352 || -0.0504138799565431 || 2012-02-10 00:44:55 |
| 353 || -8.44435003302306 || 2015-06-12 08:55:27 |
| 354 || 75.5753338385161 || 2014-12-23 03:18:41 |
| 355 || -27.9501577385206 || 2013-12-08 21:06:57 |
| 356 || 39.3524919942996 || 2015-08-03 22:18:57 |
| 357 || -0.367342923522685 || 2014-12-14 03:35:59 |
| 358 || 17.2657067530598 || 2018-05-17 08:11:21 |
| 359 || 31.1615698438296 || 2011-06-09 19:11:43 |
| 360 || 74.8039478396915 || 2013-12-22 04:43:15 |
| 361 || 35.5454533709824 || 2013-02-06 09:59:21 |
| 362 || 1.12679986420118 || 2014-02-22 00:37:00 |
| 363 || 9.22498247022 || 2019-09-20 23:51:09 |
| 364 || 62.8969635305278 || 2013-03-02 10:33:07 |
| 365 || 78.3593503378499 || 2010-05-24 20:18:26 |
| 366 || 21.0070518022462 || 2014-03-18 23:54:41 |
| 367 || -1.01570655237793 || 2013-08-06 15:45:56 |
| 368 || -3.43960082618496 || 2018-06-17 20:47:21 |
| 369 || 35.5139592976844 || 2018-05-03 17:18:00 |
| 370 || -17.2166923717149 || 2015-01-17 14:40:41 |
| 371 || 47.6593374016226 || 2018-06-13 11:07:34 |
| 372 || 23.43 || 2020-01-08 19:53:02 |
| 373 || 11.251 || 2020-01-08 19:53:02 |
| 374 || 32.1 || 2020-01-08 19:53:02 |
| 375 || -5.334 || 2020-01-08 19:53:02 |
| 376 || 14.8372 || 2020-01-08 19:53:02 |
| 377 || 16.0509 || 2014-01-01 03:10:54 |
| 378 || 90.0 || 2017-02-22 19:10:50 |
| 379 || 14.4687759635503 || 2015-09-15 07:50:52 |
| 380 || 9.54320364171608 || 2018-06-07 22:24:40 |
| 381 || 2.75107555325905 || 2018-09-25 11:58:35 |
| 382 || -6.26940626222634 || 2018-07-22 21:44:25 |
| 383 || -29.045363760491 || 2019-03-15 22:44:33 |
| 384 || 34.7810775441687 || 2012-04-23 09:20:24 |
| 385 || 12.3595505560551 || 2013-05-20 13:49:52 |
| 386 || 1.01691765373867 || 2012-04-09 02:35:58 |
| 387 || -7.59787532100747 || 2018-12-16 16:33:27 |
| 388 || 43.0344720425401 || 2014-08-21 05:10:24 |
| 389 || -4.451479165233 || 2016-02-06 09:44:12 |
| 390 || -4.58190098799921 || 2014-05-08 08:02:03 |
| 391 || -0.398033394882253 || 2019-10-10 22:19:32 |
| 392 || 38.2512032154426 || 2014-11-10 18:55:32 |
| 393 || 86.2442175000987 || 2016-11-01 05:00:23 |
| 394 || 18.7238867972742 || 2015-08-18 14:58:36 |
| 395 || 18.1721045488084 || 2018-01-17 16:30:18 |
| 396 || 0.809118584613218 || 2018-06-03 08:01:41 |
| 397 || -8.49342408935866 || 2013-12-10 00:04:55 |
| 398 || -10.9513033382322 || 2015-10-23 08:25:10 |
| 399 || 67.6608261448849 || 2017-12-15 12:41:25 |
| 400 || 25.0950034886396 || 2013-04-09 04:06:12 |
| 401 || 0.116049022780712 || 2019-06-14 09:55:49 |
| 402 || -10.1184958361092 || 2013-09-26 14:57:02 |
| 403 || 82.0162373499901 || 2016-02-24 19:43:01 |
| 404 || 70.940836649811 || 2017-05-06 20:30:01 |
| 405 || 31.4259717475011 || 2016-10-23 00:02:28 |
| 406 || -0.0147260616994201 || 2018-12-06 21:09:56 |
| 407 || 14.8775575670316 || 2012-01-04 11:46:33 |
| 408 || -21.658842071969 || 2014-08-13 12:58:11 |
| 409 || -8.48562332725947 || 2017-11-22 02:36:45 |
| 410 || -11.565741069971 || 2010-08-19 01:15:46 |
| 411 || -0.0267214855819512 || 2016-04-17 08:00:34 |
| 412 || 22.2320677915214 || 2013-08-13 14:25:02 |
| 413 || 33.9354317107135 || 2010-02-15 00:03:07 |
| 414 || 76.9264472536425 || 2015-08-20 14:42:38 |
| 415 || 40.5730652378013 || 2019-02-16 08:15:23 |
| 416 || -0.231680280067465 || 2011-05-16 00:00:43 |
| 417 || 16.128543656656 || 2018-02-27 23:38:23 |
| 418 || 66.7041732783775 || 2010-11-03 04:38:30 |
| 419 || 77.1977411259523 || 2013-12-10 03:59:10 |
| 420 || -15.9152819233416 || 2012-06-25 13:56:23 |
| 421 || 3.26919720869745 || 2019-12-15 18:00:09 |
| 422 || -4.51602991969902 || 2011-04-05 09:24:27 |
| 423 || -19.7613258380667 || 2013-05-20 05:10:45 |
| 424 || 87.724640467425 || 2013-11-18 11:10:26 |
| 425 || -12.4163908799128 || 2015-11-09 01:48:53 |
| 426 || 6.1095229560679 || 2012-03-23 19:00:15 |
| 427 || 10.4328151978445 || 2010-07-01 11:37:56 |
| 428 || -19.8808457505778 || 2014-08-11 04:08:32 |
| 429 || -29.8576574013998 || 2016-09-25 16:50:25 |
| 430 || 58.9610746785116 || 2011-01-07 22:44:40 |
| 431 || 4.86789234722175 || 2017-09-26 08:22:18 |
| 432 || 7.26095624757857 || 2012-07-08 19:10:06 |
| 433 || -2.70104004660789 || 2012-03-18 12:43:37 |
| 434 || 82.071888585573 || 2013-06-16 07:42:05 |
| 435 || 32.4093637741209 || 2019-05-13 06:47:01 |
| 436 || 11.7549648776219 || 2011-06-20 12:46:32 |
| 437 || 4.57807187233011 || 2016-07-10 09:36:36 |
| 438 || 30.5055354601666 || 2014-11-13 18:33:37 |
| 439 || 64.0513735056706 || 2015-10-04 05:44:26 |
| 440 || 39.5986849572656 || 2018-06-08 15:22:05 |
| 441 || -2.90181964324345 || 2016-07-07 04:02:22 |
| 442 || -0.231038491038553 || 2018-10-23 23:19:04 |
| 443 || -11.0767080246902 || 2016-02-07 11:38:52 |
| 444 || -23.2062859601244 || 2016-04-15 01:00:51 |
| 445 || 52.0030639526649 || 2015-11-14 22:43:27 |
| 446 || -2.33920236157952 || 2014-09-01 06:37:23 |
| 447 || -0.0900113509575816 || 2017-04-19 03:26:17 |
| 448 || 27.8879615809955 || 2012-05-04 10:34:48 |
| 449 || -26.9674822289438 || 2012-12-09 09:45:24 |
| 450 || 77.2197553882463 || 2019-03-15 06:58:56 |
| 451 || 19.00528153554 || 2010-11-26 13:16:02 |
| 452 || 0.137738075455035 || 2015-11-04 08:07:21 |
| 453 || -9.21866417722511 || 2017-08-08 02:05:32 |
| 454 || 52.9552787972114 || 2015-11-10 17:54:19 |
| 455 || 59.7727890022678 || 2017-04-24 04:39:33 |
| 456 || -9.83046702258301 || 2014-03-05 06:10:04 |
| 457 || 0.0087793438566509 || 2019-06-23 04:48:50 |
| 458 || -9.55549928092637 || 2013-09-07 20:01:32 |
| 459 || 31.2015772567633 || 2013-11-07 13:58:32 |
| 460 || 63.0266360898369 || 2017-04-02 16:42:25 |
| 461 || 36.2287941746102 || 2016-04-22 00:32:31 |
| 462 || 0.369731215926241 || 2012-08-27 05:10:48 |
| 463 || 21.119299400411 || 2013-09-18 18:59:39 |
| 464 || 0.489466364439765 || 2015-11-24 20:29:49 |
| 465 || -12.0656401236611 || 2015-01-15 03:13:16 |
| 466 || 38.079446590574 || 2010-11-11 22:08:01 |
| 467 || 0.336385912547267 || 2018-05-19 07:13:04 |
| 468 || 19.2553576029196 || 2016-10-20 20:06:03 |
| 469 || 25.4117136915015 || 2014-01-01 23:18:40 |
| 470 || -8.25659057948579 || 2017-04-19 06:13:59 |
| 471 || 9.93123204112534 || 2010-03-13 05:51:47 |
| 472 || -1.04221774178457 || 2012-04-17 06:09:30 |
| 473 || 0.772335571135102 || 2012-02-06 09:42:18 |
| 474 || 49.2951382454096 || 2012-09-11 13:33:32 |
| 475 || 4.58733983237319 || 2010-11-23 14:19:41 |
| 476 || 52.4732812555092 || 2016-02-22 08:43:03 |
| 477 || 2.74839553844908 || 2015-05-24 05:04:56 |
| 478 || 3.0327280626979 || 2013-07-04 02:32:34 |
| 479 || -14.366553632477 || 2017-01-16 04:12:33 |
| 480 || -25.6420758717193 || 2014-09-26 06:36:59 |
| 481 || 57.8458019574719 || 2010-09-15 06:08:25 |
| 482 || -2.55066435886266 || 2017-09-27 23:01:10 |
| 483 || 7.88639204888998 || 2014-09-03 13:07:41 |
| 484 || -17.8422059269763 || 2012-12-05 20:07:41 |
| 485 || -6.05828544553119 || 2014-03-12 11:09:09 |
| 486 || 48.3516544298262 || 2012-02-03 05:10:02 |
| 487 || 3.16878986741856 || 2014-06-17 13:57:37 |
| 488 || -1.49450403076426 || 2018-02-19 19:11:34 |
| 489 || -1.57920078153882 || 2013-07-03 20:04:20 |
| 490 || 86.3453510119614 || 2012-06-08 04:06:45 |
| 491 || 63.3462801878501 || 2012-01-21 03:25:37 |
| 492 || 9.56882034937998 || 2019-02-07 15:18:46 |
| 493 || 1.17791893559638 || 2018-11-14 13:39:04 |
| 494 || -14.3922002900837 || 2017-03-01 18:00:10 |
| 495 || -3.57091103245646 || 2013-02-18 19:43:52 |
| 496 || 63.123065445759 || 2014-12-18 04:36:29 |
| 497 || 3.24367801594198 || 2018-01-04 16:56:24 |
| 498 || 0.310368892290315 || 2015-02-06 00:09:36 |
| 499 || -11.010696418919 || 2015-03-14 00:44:42 |
| 500 || 12.6032683094605 || 2019-01-26 06:10:59 |
| 501 || 11.2099065651165 || 2018-09-24 18:42:23 |
| 502 || 20.6980514251266 || 2011-01-07 00:15:17 |
| 503 || 0.265665502700536 || 2018-12-06 22:53:44 |
| 504 || 6.12003034199112 || 2013-12-24 23:42:06 |
| 505 || -0.793660019751195 || 2017-03-12 22:14:36 |
| 506 || 55.5289650947312 || 2010-12-21 04:42:09 |
| 507 || 5.50679930802975 || 2019-06-09 15:17:24 |
| 508 || 0.000238854581293963 || 2011-06-05 02:08:49 |
| 509 || -9.14120917143698 || 2012-02-20 18:32:25 |
| 510 || 78.844236125422 || 2011-10-07 13:00:23 |
| 511 || -19.6243206114586 || 2018-10-05 22:09:58 |
| 512 || 35.4079252182127 || 2019-01-25 06:56:58 |
| 513 || 0.306082093027414 || 2017-08-10 21:24:13 |
| 514 || -7.43363780199392 || 2010-10-09 03:06:58 |
| 515 || 1.93273577898168 || 2010-09-03 13:34:53 |
| 516 || 85.5279758634484 || 2013-03-08 10:27:21 |
| 517 || 33.3996219887838 || 2012-07-06 22:16:59 |
| 518 || 0.156052465500871 || 2017-08-16 14:44:01 |
| 519 || 14.2319663869668 || 2014-06-19 02:48:42 |
| 520 || -14.2327501643233 || 2019-09-01 14:01:24 |
| 521 || 81.091620779558 || 2010-02-14 15:33:39 |
| 522 || -12.0337150104159 || 2018-07-22 19:24:05 |
| 523 || 2.40536538313562 || 2015-11-18 14:40:06 |
| 524 || 6.04555904860117 || 2012-05-22 01:05:01 |
| 525 || -3.92991718639818 || 2019-12-21 15:57:14 |
| 526 || -8.7964791960096 || 2017-11-19 15:24:55 |
| 527 || 48.2307941469069 || 2017-11-02 14:19:55 |
| 528 || 2.66951228175176 || 2014-02-04 05:24:05 |
| 529 || 8.12117893164624 || 2014-06-09 15:02:30 |
| 530 || 34.0235592694292 || 2018-05-03 22:51:54 |
| 531 || 58.0175229435968 || 2016-12-16 05:06:48 |
| 532 || -12.461990569943 || 2016-03-17 00:33:56 |
| 533 || 5.19962275928136 || 2010-12-26 13:50:32 |
| 534 || 0.0847424731537127 || 2011-11-08 16:17:56 |
| 535 || 21.1686150105918 || 2011-04-25 10:51:49 |
| 536 || 78.3396738766937 || 2017-03-17 04:58:32 |
| 537 || -15.9355446001731 || 2011-02-21 01:32:52 |
| 538 || -2.99619588565015 || 2016-10-16 22:02:27 |
| 539 || -1.55719206432179 || 2010-11-10 02:45:16 |
| 540 || 43.7335330948998 || 2015-01-14 00:22:00 |
| 541 || -29.3173987546705 || 2017-01-08 20:52:06 |
| 542 || 60.2644074095104 || 2018-12-24 01:59:49 |
| 543 || 8.64418683703494 || 2014-06-04 04:27:23 |
| 544 || 0.0809657652849717 || 2017-06-17 21:25:02 |
| 545 || 45.5436207959258 || 2018-11-06 19:08:55 |
| 546 || 50.0395822755728 || 2012-02-20 23:27:56 |
| 547 || 68.8160253828228 || 2015-12-22 03:43:40 |
| 548 || 10.7388216759797 || 2018-03-23 19:03:06 |
| 549 || 1.00339866609537 || 2011-06-07 20:08:53 |
| 550 || 6.70450813272394 || 2017-01-21 17:28:32 |
| 551 || -5.52795471539744 || 2016-09-04 13:17:37 |
| 552 || -25.0840925907056 || 2017-09-23 23:43:13 |
| 553 || 13.0769275399876 || 2012-02-19 06:08:19 |
| 554 || 0.385803779991159 || 2014-01-02 04:16:34 |
| 555 || 9.38653624795636 || 2016-03-20 09:56:58 |
| 556 || -23.5647407439494 || 2010-08-07 18:30:15 |
| 557 || -6.63178284622733 || 2013-05-19 13:55:17 |
| 558 || 27.0723005952442 || 2017-11-18 16:02:56 |
| 559 || 0.00319163096771833 || 2011-03-24 10:52:54 |
| 560 || 14.8866179023553 || 2013-03-10 07:39:37 |
| 561 || -22.9594745199591 || 2013-09-15 13:26:00 |
| 562 || -23.8111850871604 || 2017-10-12 21:07:42 |
| 563 || 32.1236604644821 || 2019-11-07 10:47:27 |
| 564 || 0.211700679596517 || 2010-02-14 04:12:44 |
| 565 || 22.6263157549854 || 2012-04-10 02:05:38 |
| 566 || -19.3179685414211 || 2010-10-15 12:41:47 |
| 567 || 40.2483403777019 || 2018-03-09 04:46:43 |
| 568 || 29.3840526746468 || 2013-10-02 05:15:37 |
| 569 || 0.786271600458921 || 2019-11-27 04:53:52 |
| 570 || 18.8717664762236 || 2015-09-03 10:58:39 |
| 571 || 71.8490713662145 || 2011-08-04 21:10:19 |
| 572 || 27.8110211368916 || 2010-10-06 13:31:26 |
| 573 || 18.7824345925459 || 2016-11-26 14:19:00 |
| 574 || 0.0503352553738299 || 2012-04-03 04:23:12 |
| 575 || 0.868327259048382 || 2012-11-18 00:27:48 |
| 576 || 53.5087678161578 || 2015-09-26 20:51:18 |
| 577 || 87.9167733864866 || 2016-05-10 23:18:30 |
| 578 || 33.4047976154066 || 2011-01-05 22:30:44 |
| 579 || 1.23512800304169 || 2019-04-22 02:53:01 |
| 580 || -3.43171386891614 || 2019-07-13 21:22:35 |
| 581 || 27.8337481754373 || 2014-04-01 17:38:38 |
| 582 || -6.27814422025705 || 2019-08-02 18:21:39 |
| 583 || 49.9124777767609 || 2019-07-14 23:04:59 |
| 584 || -1.01276428029339 || 2011-09-08 10:23:09 |
| 585 || 5.63935955991322 || 2013-01-20 09:40:56 |
| 586 || 31.6472578455789 || 2011-01-16 13:26:36 |
| 587 || 89.5346658740667 || 2016-09-05 00:33:25 |
| 588 || 2.35723042844174 || 2018-12-25 08:40:45 |
| 589 || 9.22761419551091 || 2014-02-07 21:13:14 |
| 590 || 5.10523496734306 || 2012-08-17 07:37:03 |
| 591 || 52.4297644391521 || 2018-11-18 07:16:12 |
| 592 || 77.4407817041079 || 2019-04-11 11:34:19 |
| 593 || -4.93238717457695 || 2019-10-15 11:40:29 |
| 594 || -3.63903692680591 || 2019-06-02 08:05:20 |
| 595 || -0.100796963210937 || 2010-04-03 19:07:49 |
| 596 || -12.6554956024438 || 2010-06-14 03:01:29 |
| 597 || 71.6054751556854 || 2012-02-16 01:40:45 |
| 598 || 54.1388483706065 || 2012-03-14 21:30:34 |
| 599 || -1.40327958180981 || 2011-06-15 03:31:07 |
| 600 || -0.5283034404104 || 2016-05-11 16:59:07 |
| 601 || 41.1788470806344 || 2016-10-06 08:25:55 |
| 602 || 85.2158850819648 || 2015-10-05 12:17:06 |
| 603 || -24.7154638735233 || 2013-10-06 00:34:23 |
| 604 || 15.495808757315 || 2016-10-21 20:22:45 |
| 605 || 0.0152983664330599 || 2019-11-12 01:29:29 |
| 606 || -12.2005314859416 || 2011-09-04 07:04:34 |
| 607 || -27.8881100481893 || 2017-07-20 16:17:15 |
| 608 || 47.3854535583392 || 2018-12-27 17:13:11 |
| 609 || -3.18166546544814 || 2019-05-18 09:29:47 |
| 610 || -0.00527779992331374 || 2014-10-04 20:18:35 |
| 611 || -3.494337386846 || 2017-02-05 06:03:23 |
| 612 || -17.7803831544325 || 2012-03-16 22:10:17 |
| 613 || 4.77003564015504 || 2011-12-11 13:30:38 |
| 614 || -11.1355455968038 || 2017-02-06 03:01:46 |
| 615 || 0.0910124530625073 || 2011-04-25 11:07:30 |
| 616 || 26.3007811009517 || 2015-01-03 17:33:49 |
| 617 || 77.3750877944062 || 2010-08-08 12:35:35 |
| 618 || 43.3271392067488 || 2012-12-11 03:25:49 |
| 619 || -11.0508227458043 || 2014-06-20 19:08:14 |
| 620 || 0.281068546989998 || 2010-07-06 15:22:46 |
| 621 || -6.68491790632147 || 2012-04-09 15:01:02 |
| 622 || -5.89484666364411 || 2017-01-03 09:55:11 |
| 623 || 76.0674445333738 || 2018-04-07 17:35:06 |
| 624 || -0.412219442247735 || 2019-09-21 10:53:16 |
| 625 || 1.84605173224765 || 2016-02-21 13:59:39 |
| 626 || 16.2626004242737 || 2013-10-10 08:43:49 |
| 627 || 61.1443064637503 || 2012-02-11 22:58:44 |
| 628 || -29.2492685202606 || 2014-09-22 12:33:57 |
| 629 || 24.2835009184824 || 2015-04-12 02:49:57 |
| 630 || 2.5894659256199 || 2010-10-07 18:25:59 |
| 631 || 8.74430558796442 || 2013-05-06 01:14:12 |
| 632 || 63.5137370262515 || 2011-03-23 06:54:19 |
| 633 || 25.7397953522478 || 2015-12-08 07:27:51 |
| 634 || 41.6491193831333 || 2014-08-17 10:44:58 |
| 635 || 6.90432847316594 || 2019-07-22 23:22:51 |
| 636 || -3.236267921729 || 2014-03-09 14:56:19 |
| 637 || 47.01088081901 || 2012-07-17 09:24:42 |
| 638 || -25.630407024165 || 2012-11-24 22:29:18 |
| 639 || 59.2423985223635 || 2016-04-11 15:58:24 |
| 640 || 2.15460178556655 || 2019-08-07 12:21:23 |
| 641 || 3.48347690618206 || 2015-12-24 00:45:43 |
| 642 || 45.5271890591218 || 2013-02-12 00:57:23 |
| 643 || -24.1382965481163 || 2015-09-14 00:13:05 |
| 644 || 49.734057215827 || 2011-01-12 03:56:05 |
| 645 || 1.80983203565202 || 2013-01-03 15:27:44 |
| 646 || 3.62842952912084 || 2019-02-06 08:14:22 |
| 647 || -13.6409754408684 || 2015-02-13 22:47:57 |
| 648 || 87.1261992945339 || 2011-09-20 00:03:24 |
| 649 || -4.79945220727505 || 2011-03-08 18:47:50 |
| 650 || 14.5139909184926 || 2018-06-11 18:38:28 |
| 651 || 23.43 || 2020-01-08 19:59:11 |
| 652 || 11.251 || 2020-01-08 19:59:11 |
| 653 || 32.1 || 2020-01-08 19:59:11 |
| 654 || -5.334 || 2020-01-08 19:59:11 |
| 655 || 14.8372 || 2020-01-08 19:59:11 |
| 656 || 16.0509 || 2014-01-01 03:10:54 |
| 657 || 90.0 || 2014-03-10 23:30:42 |
| 658 || -0.316959188348112 || 2010-11-04 09:45:37 |
| 659 || -0.218496800032385 || 2018-10-23 16:30:09 |
| 660 || 1.19157729001005 || 2013-06-25 23:49:29 |
| 661 || 26.166967044023 || 2012-07-20 04:01:47 |
| 662 || -15.476928845528 || 2012-01-25 11:50:44 |
| 663 || 20.5189370100593 || 2017-08-11 04:38:34 |
| 664 || 2.52964466891914 || 2019-05-27 15:25:08 |
| 665 || -1.36835527004994 || 2015-05-17 03:45:07 |
| 666 || -15.4351336802768 || 2010-01-20 05:19:34 |
| 667 || 87.7159936565799 || 2013-12-18 09:37:01 |
| 668 || -20.3712143607806 || 2012-02-06 19:04:22 |
| 669 || 16.7236893264191 || 2014-10-25 17:41:35 |
| 670 || 1.59420207008034 || 2016-08-14 02:25:09 |
| 671 || 29.5573676600938 || 2018-06-09 11:47:36 |
| 672 || 61.8307470404488 || 2012-12-15 20:51:43 |
| 673 || -17.245823265103 || 2018-12-04 19:28:52 |
| 674 || 3.79270203807345 || 2015-12-23 10:43:35 |
| 675 || 0.169750612351423 || 2012-03-22 18:14:21 |
| 676 || -0.62739558208225 || 2019-10-09 10:08:12 |
| 677 || 16.1330920536718 || 2019-12-04 05:55:32 |
| 678 || 77.3040291648518 || 2018-10-08 04:19:43 |
| 679 || 5.90455098808919 || 2017-06-27 18:48:59 |
| 680 || -0.0386383782354075 || 2012-05-10 01:41:41 |
| 681 || -1.16830333126258 || 2019-02-27 14:43:13 |
| 682 || -15.2682147882149 || 2019-03-03 21:23:53 |
| 683 || -10.3885986671482 || 2015-03-23 11:32:22 |
| 684 || 9.59784525831707 || 2016-07-02 21:58:51 |
| 685 || 0.0435425008484208 || 2017-12-02 22:30:52 |
| 686 || -5.39295337308856 || 2018-02-03 21:48:13 |
| 687 || 64.9416431572776 || 2015-04-26 05:14:51 |
| 688 || 57.2387141463164 || 2017-04-11 03:02:18 |
| 689 || 37.3035809671725 || 2015-03-17 07:08:48 |
| 690 || 0.181966414248357 || 2012-04-23 11:53:56 |
| 691 || 23.0521122217172 || 2012-02-06 08:01:00 |
| 692 || -22.3147466920667 || 2017-06-03 09:38:43 |
| 693 || 34.687712116343 || 2017-08-01 14:31:15 |
| 694 || 41.3918790391814 || 2012-07-12 13:53:49 |
| 695 || 0.185591524652267 || 2011-08-21 00:39:36 |
| 696 || 9.74892150793906 || 2017-09-19 08:16:24 |
| 697 || 26.5077995640843 || 2013-05-24 17:25:37 |
| 698 || 37.2429336099855 || 2015-02-15 22:24:21 |
| 699 || 38.7825602636998 || 2019-12-24 21:53:55 |
| 700 || 0.990939806269325 || 2019-03-19 01:34:35 |
| 701 || 14.3111959632167 || 2017-11-09 07:19:28 |
| 702 || 48.0918502360998 || 2017-06-03 22:30:14 |
| 703 || -27.169551085622 || 2014-05-27 21:48:09 |
| 704 || -6.39959586969684 || 2018-02-02 17:19:46 |
| 705 || 5.01611299139169 || 2019-09-23 22:36:58 |
| 706 || 1.98428301082353 || 2013-01-11 07:57:13 |
| 707 || 60.9007183843774 || 2019-10-20 12:02:56 |
| 708 || -29.0443362509436 || 2012-10-17 12:17:58 |
| 709 || 26.0908156521589 || 2018-08-16 22:16:36 |
| 710 || 1.38407848603867 || 2014-12-24 17:30:30 |
| 711 || 3.05046773093933 || 2016-07-20 05:34:46 |
| 712 || 49.8413920428364 || 2015-08-14 14:58:44 |
| 713 || -10.4059102949475 || 2016-07-03 07:59:32 |
| 714 || -0.655264517284994 || 2010-11-26 14:47:11 |
| 715 || 9.82355312639196 || 2014-12-04 18:34:50 |
| 716 || -0.742032063367093 || 2011-06-17 06:01:45 |
| 717 || -3.11123212706787 || 2011-10-16 15:37:34 |
| 718 || 62.0989533847905 || 2015-03-21 14:24:18 |
| 719 || 11.2760840632983 || 2015-10-06 23:32:47 |
| 720 || 3.25134077185203 || 2011-04-05 14:10:13 |
| 721 || -0.0241114817820837 || 2019-06-13 03:32:57 |
| 722 || 44.7926804070645 || 2014-06-19 03:01:07 |
| 723 || -7.99634374777741 || 2015-10-25 15:45:30 |
| 724 || 69.0990101570392 || 2014-02-21 03:56:32 |
| 725 || 13.7219471620768 || 2015-07-27 17:11:04 |
| 726 || 0.814350017348837 || 2012-07-07 19:11:09 |
| 727 || 16.0050594919847 || 2011-08-03 10:11:14 |
| 728 || -3.37345289075611 || 2010-11-01 12:25:56 |
| 729 || -20.3046680399143 || 2012-04-19 03:54:32 |
| 730 || 25.6549123566149 || 2011-09-22 18:14:14 |
| 731 || 0.160822627579817 || 2017-05-09 15:31:18 |
| 732 || -10.4963072637346 || 2010-06-23 10:19:12 |
| 733 || -22.6225741313196 || 2013-05-04 19:48:33 |
| 734 || 73.8644341981264 || 2019-03-02 16:01:19 |
| 735 || -10.3930764684203 || 2014-04-16 11:57:22 |
| 736 || 0.00965368033820684 || 2018-04-21 08:26:34 |
| 737 || 5.34476124938482 || 2018-01-02 12:29:26 |
| 738 || 47.0509123251903 || 2013-09-02 11:23:00 |
| 739 || 72.4502615515327 || 2015-09-02 01:10:39 |
| 740 || 33.3539829617035 || 2010-02-16 05:40:24 |
| 741 || 0.486203707101605 || 2017-08-22 19:41:14 |
| 742 || 21.193270463897 || 2013-07-23 19:49:12 |
| 743 || -12.4586458851953 || 2019-05-10 19:34:16 |
| 744 || -13.7908241443007 || 2010-01-09 21:12:57 |
| 745 || -0.467437901353048 || 2010-10-06 18:29:25 |
| 746 || 0.555153156392366 || 2014-01-09 18:58:17 |
| 747 || 23.43 || 2020-01-08 19:59:46 |
| 748 || 11.251 || 2020-01-08 19:59:46 |
| 749 || 32.1 || 2020-01-08 19:59:46 |
| 750 || -5.334 || 2020-01-08 19:59:46 |
| 751 || 14.8372 || 2020-01-08 19:59:46 |
| 752 || 16.0509 || 2014-01-01 03:10:54 |
| 753 || 23.43 || 2020-01-08 20:03:02 |
| 754 || 11.251 || 2020-01-08 20:03:02 |
| 755 || 32.1 || 2020-01-08 20:03:02 |
| 756 || -5.334 || 2020-01-08 20:03:02 |
| 757 || 14.8372 || 2020-01-08 20:03:02 |
| 758 || 16.0509 || 2014-01-01 03:10:54 |
| 759 || 23.43 || 2020-01-08 20:03:19 |
| 760 || 11.251 || 2020-01-08 20:03:20 |
| 761 || 32.1 || 2020-01-08 20:03:21 |
| 762 || -5.334 || 2020-01-08 20:03:26 |
| 763 || 14.8372 || 2020-01-08 20:03:28 |
| 764 || 16.0509 || 2014-01-01 03:10:54 |
| 765 || 90.0 || 2019-04-20 04:59:51 |
| 766 || 15.6373453087447 || 2015-01-26 10:21:37 |
| 767 || -2.91182716369764 || 2019-01-10 22:40:11 |
| 768 || 4.39991955649496 || 2017-07-04 20:26:00 |
| 769 || 49.1728851787981 || 2014-04-06 10:24:00 |
| 770 || 87.3668334696606 || 2018-11-03 23:59:12 |
| 771 || 40.6167452200247 || 2014-05-12 17:33:07 |
| 772 || 13.39940208569 || 2017-06-10 16:33:48 |
| 773 || 4.13493802031304 || 2013-04-25 07:37:59 |
| 774 || 26.2900655102218 || 2010-10-05 21:06:53 |
| 775 || 10.6351208279272 || 2015-06-15 21:29:37 |
| 776 || -23.0301844182713 || 2016-04-09 15:08:26 |
| 777 || 11.8174676991127 || 2018-09-10 10:13:35 |
| 778 || 0.0104702388946067 || 2010-11-17 10:54:38 |
| 779 || -12.194965798633 || 2015-11-25 02:26:32 |
| 780 || 18.7342289835262 || 2011-01-06 09:05:57 |
| 781 || 51.2024916120525 || 2012-12-18 02:56:26 |
| 782 || 15.177164748886 || 2017-01-15 02:13:23 |
| 783 || -0.221249446365389 || 2014-10-23 14:34:56 |
| 784 || 37.5964714350288 || 2013-11-16 04:47:50 |
| 785 || 84.2335587315585 || 2017-01-03 04:03:46 |
| 786 || 74.7230041844185 || 2013-09-08 20:04:48 |
| 787 || 23.5335538389113 || 2014-06-12 16:23:36 |
| 788 || 0.0508494014384787 || 2018-01-17 03:38:14 |
| 789 || 3.63831578121836 || 2017-03-24 05:32:54 |
| 790 || 57.5444528569171 || 2017-10-03 15:46:25 |
| 791 || 18.6562651397082 || 2018-04-07 06:05:24 |
| 792 || 30.8141277732724 || 2014-12-18 01:33:32 |
| 793 || 0.0152137612494387 || 2012-06-18 09:27:15 |
| 794 || 2.43910225857674 || 2019-08-24 05:25:51 |
| 795 || 4.26317868407543 || 2010-12-10 11:01:44 |
| 796 || 59.729891192658 || 2015-04-11 17:53:19 |
| 797 || 13.0818154470487 || 2016-12-15 17:49:25 |
| 798 || 0.0266867827323923 || 2019-01-16 15:36:33 |
| 799 || 16.9182814416574 || 2013-05-27 01:18:12 |
| 800 || 32.3252706834626 || 2013-05-18 18:16:34 |
| 801 || 84.8438876678899 || 2014-07-08 05:30:10 |
| 802 || -8.18619777470821 || 2017-05-13 18:21:30 |
| 803 || -0.182153256043215 || 2016-05-07 15:43:05 |
| 804 || -5.37091916335257 || 2013-03-15 22:16:03 |
| 805 || -8.644952003848 || 2014-04-05 12:59:57 |
| 806 || 5.89890111676522 || 2017-09-05 21:24:02 |
| 807 || 32.0909473671102 || 2014-05-21 22:04:59 |
| 808 || 1.3354452261514 || 2013-11-04 06:07:59 |
| 809 || -1.68233015436966 || 2012-03-26 03:44:46 |
| 810 || -15.3971286870684 || 2013-11-10 02:59:17 |
| 811 || -16.2152025138472 || 2015-04-27 10:27:11 |
| 812 || 41.8423752918571 || 2015-04-20 08:08:19 |
| 813 || -1.69206290713064 || 2018-10-11 13:59:12 |
| 814 || 5.38845561504592 || 2012-12-16 22:32:11 |
| 815 || 8.50630976941995 || 2013-03-17 23:44:02 |
| 816 || 28.3524469206683 || 2011-11-20 00:58:12 |
| 817 || 58.3337943706199 || 2018-06-16 19:40:05 |
| 818 || -2.69509337659177 || 2019-12-05 10:06:35 |
| 819 || 7.06159933459328 || 2017-02-18 10:40:31 |
| 820 || -3.48491689199875 || 2019-05-18 23:45:09 |
| 821 || -27.8809384667121 || 2019-07-05 11:12:33 |
| 822 || -9.23179281542065 || 2012-01-17 20:08:32 |
| 823 || -1.02083126432026 || 2014-12-11 10:04:50 |
| 824 || 0.489083682987674 || 2010-02-12 04:26:32 |
| 825 || -12.2648739654367 || 2018-04-27 19:23:29 |
| 826 || 30.3516048300777 || 2017-05-26 21:30:07 |
| 827 || -22.6815282453869 || 2016-01-08 05:50:05 |
| 828 || 8.92613898951578 || 2013-10-21 19:40:12 |
| 829 || 1.84617759873669 || 2018-04-22 13:29:39 |
| 830 || -8.82142610692004 || 2015-10-27 03:49:04 |
| 831 || 16.8645458917919 || 2011-11-23 13:44:25 |
| 832 || 18.1911267222272 || 2019-12-12 04:13:51 |
| 833 || 1.05886599947078 || 2010-04-24 12:42:59 |
| 834 || 0.714103756936568 || 2016-05-22 00:47:40 |
| 835 || 2.36531735470443 || 2018-06-23 01:12:00 |
| 836 || 67.2442524390736 || 2019-03-24 00:50:11 |
| 837 || 74.9153023725462 || 2019-10-26 03:38:05 |
| 838 || 25.8899815726057 || 2017-09-17 03:54:00 |
| 839 || 0.200888533310255 || 2010-04-12 06:33:09 |
| 840 || 31.1329804078565 || 2010-03-15 15:31:36 |
| 841 || -7.14610692166575 || 2010-05-05 04:06:30 |
| 842 || -9.33554649463415 || 2011-11-11 16:06:49 |
| 843 || 11.461793514056 || 2014-06-03 09:28:46 |
| 844 || -0.00351917514024829 || 2019-05-10 15:00:36 |
| 845 || -4.41769070270515 || 2018-07-19 03:18:09 |
| 846 || -26.0015427355476 || 2018-09-27 18:19:08 |
| 847 || 80.0333931431267 || 2011-08-22 08:23:14 |
| 848 || 3.70631210402259 || 2012-12-26 16:35:16 |
| 849 || 0.48610253035642 || 2015-08-06 00:51:14 |
| 850 || 5.87559183809573 || 2018-09-12 00:54:45 |
| 851 || 36.3509951405101 || 2013-07-05 11:09:15 |
| 852 || 1.17882219513538 || 2012-06-24 22:54:23 |
| 853 || 41.2648299267326 || 2019-05-09 08:45:53 |
| 854 || 1.10879424684858 || 2018-11-13 16:47:47 |
| 855 || 13.6263108949495 || 2018-06-16 05:34:29 |
| 856 || -12.1673919512597 || 2013-11-08 04:42:01 |
| 857 || 39.0249094775081 || 2018-09-04 06:58:08 |
| 858 || 37.8066971176596 || 2018-01-21 08:36:42 |
| 859 || -0.323526923591566 || 2012-06-02 00:45:36 |
| 860 || 14.3558000918724 || 2015-05-12 13:49:17 |
| 861 || 56.5094706959729 || 2013-04-04 22:40:29 |
| 862 || -29.7871605812781 || 2012-05-25 18:19:33 |
| 863 || 46.4024720080162 || 2018-07-06 15:35:53 |
| 864 || 5.34195414354468 || 2014-01-12 18:13:22 |
| 865 || 1.91444819200416 || 2015-08-11 14:49:29 |
| 866 || -19.6774307317687 || 2016-09-07 11:09:38 |
| 867 || 22.6820059724668 || 2019-08-26 13:49:44 |
| 868 || 31.0628331127981 || 2012-03-19 00:30:17 |
| 869 || -2.04059699703362 || 2010-08-12 01:21:27 |
| 870 || -2.16556484211375 || 2016-07-15 20:44:13 |
| 871 || 27.6243619612745 || 2011-01-03 18:39:45 |
| 872 || 87.9112792212459 || 2013-10-09 17:14:27 |
| 873 || 21.1335914400183 || 2019-11-27 05:48:26 |
| 874 || -0.479168837960219 || 2013-05-13 00:51:31 |
| 875 || -1.68337674927539 || 2016-01-20 20:51:32 |
| 876 || -6.10244647996401 || 2015-02-07 22:40:02 |
| 877 || 70.5250903997127 || 2010-09-05 04:44:23 |
| 878 || -7.26960585683329 || 2011-03-09 18:23:08 |
| 879 || -1.68143547680456 || 2010-09-06 10:42:21 |
| 880 || 2.61396281527743 || 2012-11-13 21:55:06 |
| 881 || 45.6286845936167 || 2018-06-27 00:21:51 |
| 882 || -26.7761906812134 || 2015-07-09 23:01:58 |
| 883 || -14.5627408220428 || 2014-08-16 06:43:06 |
| 884 || 19.0952077173946 || 2019-01-17 08:41:23 |
| 885 || 0.79557580832962 || 2013-03-13 01:02:08 |
| 886 || 34.6623361688662 || 2014-12-17 10:17:23 |
| 887 || -13.3898977398713 || 2012-07-08 07:30:11 |
| 888 || -10.5159253732749 || 2018-04-07 17:25:29 |
| 889 || 0.814154052227519 || 2014-08-12 10:35:34 |
| 890 || 0.14979618560954 || 2018-11-25 08:48:05 |
| 891 || -9.95949226895094 || 2013-05-16 12:03:32 |
| 892 || 37.2577053520216 || 2010-09-01 17:05:42 |
| 893 || 59.6138120969751 || 2018-10-19 07:47:21 |
| 894 || 13.7951288330451 || 2011-04-09 20:51:53 |
| 895 || 0.00022175060790722 || 2019-10-10 00:49:41 |
| 896 || 25.5008391023247 || 2014-09-16 09:59:32 |
| 897 || -26.6632157664409 || 2016-09-04 18:56:57 |
| 898 || 83.3056192937936 || 2011-05-08 03:05:57 |
| 899 || -10.1413810621585 || 2011-01-24 06:51:28 |
| 900 || 0.34445001642168 || 2011-08-25 14:14:35 |
| 901 || 5.42494115510219 || 2016-06-07 01:31:06 |
| 902 || 60.8546571655905 || 2018-06-18 10:40:18 |
| 903 || 42.9311405715307 || 2018-01-02 08:03:21 |
| 904 || 19.2342415111298 || 2013-02-15 21:32:12 |
| 905 || 0.66136412003895 || 2015-11-09 20:36:14 |
| 906 || 6.09428032754288 || 2017-09-21 09:02:42 |
| 907 || 70.2505321696398 || 2013-05-14 22:07:09 |
| 908 || 62.6935286429199 || 2017-03-09 21:22:21 |
| 909 || 44.8589781329579 || 2010-09-11 21:37:52 |
| 910 || 1.63478274056955 || 2010-08-25 17:22:28 |
| 911 || 3.36171303372004 || 2017-10-02 00:15:54 |
| 912 || 53.0078834451571 || 2016-04-08 19:05:12 |
| 913 || 87.6892675601383 || 2013-02-01 14:36:34 |
| 914 || -2.78078964692835 || 2019-10-27 22:26:48 |
| 915 || 4.76976130313048 || 2015-04-15 07:48:36 |
| 916 || 4.49397501124615 || 2013-04-22 17:49:46 |
| 917 || 43.6052416643718 || 2016-07-19 11:40:31 |
| 918 || 66.658627752212 || 2010-11-21 15:02:43 |
| 919 || 50.6941836289212 || 2016-07-12 14:24:09 |
| 920 || 1.4924603853755 || 2016-04-06 21:34:38 |
| 921 || -2.68481865339815 || 2012-03-11 02:58:35 |
| 922 || 18.209287101769 || 2018-02-14 03:43:22 |
| 923 || 29.485003571017 || 2013-10-20 07:28:34 |
| 924 || -16.599451947035 || 2011-03-03 21:06:20 |
| 925 || 9.35612532617278 || 2016-08-25 22:39:52 |
| 926 || -1.33298622563027 || 2011-06-13 03:18:17 |
| 927 || -3.35139273403529 || 2016-03-11 04:21:52 |
| 928 || 20.4900757115245 || 2015-03-27 13:33:54 |
| 929 || -14.7990512893634 || 2011-11-18 17:09:27 |
| 930 || 0.532657537957368 || 2019-07-24 15:15:49 |
| 931 || 0.297241878685868 || 2010-05-14 13:26:06 |
| 932 || -14.2797479500735 || 2017-12-23 04:22:26 |
| 933 || 35.2307302172295 || 2017-05-01 21:53:06 |
| 934 || -23.661255510357 || 2016-12-18 19:38:49 |
| 935 || 19.5953249326539 || 2018-10-21 08:56:19 |
| 936 || -0.292443244664749 || 2013-09-22 12:15:47 |
| 937 || 40.3678017572342 || 2011-02-25 17:51:33 |
| 938 || 78.3011823242964 || 2015-01-23 03:09:21 |
| 939 || 58.2518900403464 || 2018-12-26 19:39:49 |
| 940 || -8.08806900339725 || 2015-12-25 03:40:44 |
| 941 || 0.149277182139983 || 2010-08-27 02:21:26 |
| 942 || 8.04836657928345 || 2019-07-23 22:51:27 |
| 943 || -27.5480106452299 || 2018-05-06 13:43:54 |
| 944 || 51.8187004893632 || 2010-06-15 15:31:44 |
| 945 || 24.5727275450914 || 2015-12-05 14:31:35 |
| 946 || -0.00157691302163715 || 2017-08-02 12:35:08 |
| 947 || 4.35031779268592 || 2017-05-04 16:27:26 |
| 948 || -1.37327329721621 || 2015-10-06 21:29:34 |
| 949 || 42.308770988647 || 2013-08-12 21:26:07 |
| 950 || 23.43 || 2020-01-08 20:06:47 |
| 951 || 11.251 || 2020-01-08 20:06:47 |
| 952 || 32.1 || 2020-01-08 20:06:47 |
| 953 || -5.334 || 2020-01-08 20:06:47 |
| 954 || 14.8372 || 2020-01-08 20:06:47 |
| 955 || 16.0509 || 2014-01-01 03:10:54 |
| 956 || 90.0 || 2018-08-18 12:02:14 |
| 957 || 23.9868417013172 || 2013-07-05 08:54:54 |
| 958 || 9.32681603354226 || 2010-08-15 21:26:26 |
| 959 || 3.55372801391716 || 2014-12-10 07:30:14 |
| 960 || -7.43504591236813 || 2017-01-21 12:00:35 |
| 961 || 13.2058066071031 || 2016-03-01 01:35:05 |
| 962 || -15.2694277393449 || 2018-01-11 06:09:11 |
| 963 || -3.41577348903195 || 2013-02-26 18:39:19 |
| 964 || 3.09186358378693 || 2014-03-11 21:26:39 |
| 965 || 47.8853697441261 || 2014-02-12 03:20:14 |
| 966 || 60.9190837099516 || 2012-12-24 22:45:59 |
| 967 || 57.679143554694 || 2018-04-17 16:41:48 |
| 968 || -3.73104291295376 || 2019-09-12 13:42:37 |
| 969 || 1.8022818600868 || 2019-08-08 16:29:21 |
| 970 || -0.953698119999239 || 2015-12-01 00:21:59 |
| 971 || 25.7831062038519 || 2013-04-09 14:02:05 |
| 972 || 3.26623487174478 || 2016-11-27 13:39:46 |
| 973 || 22.1776480282783 || 2018-12-06 18:50:42 |
| 974 || 0.403275211742039 || 2015-12-26 17:02:06 |
| 975 || 38.15283194867 || 2018-03-18 17:56:07 |
| 976 || 54.6896879227964 || 2019-03-23 03:40:29 |
| 977 || -23.4823631480166 || 2011-10-08 04:03:25 |
| 978 || 13.7198770120832 || 2013-04-24 10:53:14 |
| 979 || -0.00639479260117446 || 2010-08-11 01:08:05 |
| 980 || 1.45503454313521 || 2011-02-10 01:40:17 |
| 981 || -27.3252477285059 || 2011-09-07 20:01:36 |
| 982 || -5.64641555659795 || 2016-02-22 23:44:10 |
| 983 || -10.5732548651235 || 2011-07-09 16:17:55 |
| 984 || 0.0164030427355422 || 2019-11-11 03:52:06 |
| 985 || 10.3993747797128 || 2013-12-22 10:14:21 |
| 986 || -8.48190549292504 || 2017-05-01 03:30:29 |
| 987 || -13.4165439732995 || 2018-03-22 02:33:08 |
| 988 || -11.4113187469293 || 2010-04-09 21:11:44 |
| 989 || 0.00580255637977509 || 2017-12-17 19:30:35 |
| 990 || 4.89703986756259 || 2017-02-25 07:09:22 |
| 991 || 23.0868498282588 || 2010-10-14 10:22:27 |
| 992 || 83.8927950747169 || 2016-06-09 00:54:11 |
| 993 || 28.2940666815418 || 2018-08-08 04:41:37 |
| 994 || 0.750031641962892 || 2011-02-07 03:55:51 |
| 995 || 17.3356297762086 || 2014-01-10 14:26:45 |
| 996 || 14.4340446469366 || 2014-10-04 00:30:39 |
| 997 || 49.3690817580674 || 2019-01-14 14:04:06 |
| 998 || 32.459011962969 || 2013-12-25 16:33:42 |
| 999 || -0.377018902315613 || 2015-12-02 19:11:00 |
| 1000 || 14.2443674526844 || 2015-10-24 18:32:28 |
| 1001 || 23.43 || 2020-01-08 20:07:09 |
| 1002 || 11.251 || 2020-01-08 20:07:09 |
| 1003 || 32.1 || 2020-01-08 20:07:09 |
| 1004 || -5.334 || 2020-01-08 20:07:09 |
| 1005 || 14.8372 || 2020-01-08 20:07:09 |
| 1006 || 16.0509 || 2014-01-01 03:10:54 |
| 1007 || 23.43 || 2020-01-08 20:07:28 |
| 1008 || 11.251 || 2020-01-08 20:07:28 |
| 1009 || 32.1 || 2020-01-08 20:07:28 |
| 1010 || -5.334 || 2020-01-08 20:07:28 |
| 1011 || 14.8372 || 2020-01-08 20:07:28 |
| 1012 || 16.0509 || 2014-01-01 03:10:54 |
| 1013 || 23.43 || 2020-01-08 20:07:56 |
| 1014 || 11.251 || 2020-01-08 20:07:56 |
| 1015 || 32.1 || 2020-01-08 20:07:56 |
| 1016 || -5.334 || 2020-01-08 20:07:56 |
| 1017 || 14.8372 || 2020-01-08 20:07:56 |
| 1018 || 16.0509 || 2014-01-01 03:10:54 |
| 1019 || 23.43 || 2020-01-08 20:12:25 |
| 1020 || 11.251 || 2020-01-08 20:12:25 |
| 1021 || 32.1 || 2020-01-08 20:12:25 |
| 1022 || -5.334 || 2020-01-08 20:12:25 |
| 1023 || 14.8372 || 2020-01-08 20:12:25 |
| 1024 || 16.0509 || 2014-01-01 03:10:54 |
| 1025 || 2.02092203591079 || 2014-01-14 06:22:00 |
| 1026 || -17.228168721755 || 2010-02-11 15:44:11 |
| 1027 || 42.9163694484145 || 2019-08-23 16:35:02 |
| 1028 || -11.22655895302 || 2017-08-24 23:39:24 |
| 1029 || -0.289972416388217 || 2011-04-05 04:47:28 |
| 1030 || -6.36639662231136 || 2010-06-24 06:30:29 |
| 1031 || -18.511250310381 || 2014-11-05 13:55:51 |
| 1032 || 62.0510569539195 || 2015-04-19 12:37:59 |
| 1033 || -8.85343184185411 || 2015-01-11 01:29:20 |
| 1034 || 0.627437898185958 || 2016-04-15 08:08:18 |
| 1035 || 15.3950548806376 || 2011-06-20 22:40:30 |
| 1036 || 33.7138114898295 || 2010-04-06 20:11:52 |
| 1037 || -9.99786040079983 || 2017-07-16 23:42:06 |
| 1038 || 5.69036440441989 || 2011-08-21 19:44:05 |
| 1039 || -0.701234411424234 || 2012-10-21 23:54:32 |
| 1040 || -4.2330174690939 || 2015-07-15 18:45:17 |
| 1041 || 34.441773040967 || 2019-03-14 12:10:01 |
| 1042 || -20.0938888395197 || 2010-09-27 16:38:23 |
| 1043 || 4.16432097848455 || 2018-08-26 01:39:44 |
| 1044 || 5.82495097248099 || 2010-11-25 20:22:41 |
| 1045 || 4.1381462754544 || 2019-08-15 05:49:51 |
| 1046 || -19.4349406975098 || 2015-08-22 18:47:04 |
| 1047 || 81.7370114220687 || 2013-08-21 22:11:43 |
| 1048 || 29.2738943858396 || 2010-03-22 18:07:41 |
| 1049 || 0.262708141619587 || 2019-09-09 03:23:25 |
| 1050 || 5.28309580617163 || 2012-03-10 03:59:29 |
| 1051 || 27.72085589998 || 2018-06-13 17:36:05 |
| 1052 || -22.8146233337555 || 2011-09-24 10:13:41 |
| 1053 || 24.699825253034 || 2013-04-13 15:11:46 |
| 1054 || -1.03074210019718 || 2016-06-09 09:17:21 |
| 1055 || -1.06395236538226 || 2018-04-01 07:16:44 |
| 1056 || -5.25333915612999 || 2012-07-06 13:48:41 |
| 1057 || -13.1138770553128 || 2010-02-05 07:04:17 |
| 1058 || 33.6267991837035 || 2017-02-10 22:43:24 |
| 1059 || 7.62831003160073 || 2012-10-05 13:49:05 |
| 1060 || 1.26008569713372 || 2014-06-21 10:43:24 |
| 1061 || -3.18756069382217 || 2016-03-07 01:06:17 |
| 1062 || 74.362352223817 || 2011-11-01 18:01:11 |
| 1063 || 4.28136708766826 || 2016-08-03 02:10:28 |
| 1064 || 22.8239410805543 || 2018-10-01 07:41:19 |
| 1065 || -0.139302455599559 || 2017-11-25 16:56:36 |
| 1066 || 19.1206718513357 || 2012-08-11 11:32:59 |
| 1067 || 82.2320818777803 || 2014-08-01 17:44:46 |
| 1068 || 76.0290424536257 || 2017-09-11 23:19:59 |
| 1069 || 8.79175355683061 || 2011-01-11 01:26:58 |
| 1070 || 0.0446918170106771 || 2019-05-06 11:48:36 |
| 1071 || -0.240526432803077 || 2018-07-05 05:06:52 |
| 1072 || -26.9603018313656 || 2010-05-18 16:17:58 |
| 1073 || 80.4003478827011 || 2010-06-09 06:39:11 |
| 1074 || 20.6746135514207 || 2016-10-05 10:30:31 |
| 1075 || -0.0365022507895503 || 2013-08-19 13:52:11 |
| 1076 || -8.85788734981464 || 2018-04-19 21:58:47 |
| 1077 || -24.738941955778 || 2010-09-22 13:58:20 |
| 1078 || 18.7206290430831 || 2012-09-17 03:30:17 |
| 1079 || 0.561131189035724 || 2011-05-24 21:27:08 |
| 1080 || 0.866606321397228 || 2010-07-21 12:26:15 |
| 1081 || 14.0005060979201 || 2011-06-19 21:45:34 |
| 1082 || -19.7595590048452 || 2013-03-24 06:34:05 |
| 1083 || -11.7151822671533 || 2016-11-11 08:31:08 |
| 1084 || 6.50960531148893 || 2019-12-18 22:49:26 |
| 1085 || 2.25126727280242 || 2012-08-01 12:53:20 |
| 1086 || 14.7401599371259 || 2015-03-07 17:02:38 |
| 1087 || -7.83359965734288 || 2019-09-02 05:27:23 |
| 1088 || 79.8951779833466 || 2010-10-11 04:20:21 |
| 1089 || -1.65563583069429 || 2016-02-08 12:27:29 |
| 1090 || -1.20218465155141 || 2018-08-03 04:53:59 |
| 1091 || 6.4588923805797 || 2019-04-22 05:28:03 |
| 1092 || 0.259638862955949 || 2012-11-06 08:11:13 |
| 1093 || 40.090343759451 || 2018-10-25 10:19:04 |
| 1094 || 48.4683806188711 || 2014-01-11 05:50:15 |
| 1095 || -1.47067053196324 || 2019-11-06 05:49:22 |
| 1096 || 7.94921184312288 || 2016-03-13 23:04:46 |
| 1097 || 32.2687279146205 || 2016-04-03 06:40:03 |
| 1098 || 82.9403772677854 || 2015-11-25 22:49:25 |
| 1099 || 32.053303364634 || 2010-06-27 13:32:39 |
| 1100 || 0.329485678703456 || 2015-12-02 10:26:57 |
| 1101 || -1.7683217103313 || 2014-05-24 09:03:54 |
| 1102 || 54.2809329845459 || 2014-01-11 01:16:04 |
| 1103 || 20.3416743365953 || 2018-09-05 23:46:37 |
| 1104 || 36.3826589524819 || 2014-12-08 17:57:44 |
| 1105 || -3.24668634876265 || 2010-06-25 12:38:41 |
| 1106 || 1.24570086851909 || 2018-06-26 08:33:38 |
| 1107 || -14.3026582642306 || 2014-01-02 04:18:58 |
| 1108 || 72.8337906534171 || 2015-12-19 09:09:39 |
| 1109 || 60.7980024520866 || 2016-01-24 18:21:03 |
| 1110 || -2.66475497927889 || 2019-12-27 02:50:04 |
| 1111 || 0.139213455162463 || 2019-07-22 16:51:02 |
| 1112 || -10.8576736720117 || 2012-07-25 20:51:57 |
| 1113 || -13.7822856351464 || 2016-11-03 19:51:38 |
| 1114 || -19.7776212617345 || 2011-04-19 14:47:37 |
| 1115 || 10.394859868254 || 2013-05-03 20:04:24 |
| 1116 || 0.792506533240383 || 2017-05-07 19:01:26 |
| 1117 || -1.32242146957175 || 2017-11-22 04:30:50 |
| 1118 || 31.0468110987199 || 2014-08-09 05:02:11 |
| 1119 || 0.801992472586996 || 2010-09-15 17:21:50 |
| 1120 || -4.20202090162708 || 2015-04-21 21:47:14 |
| 1121 || -0.0229593101457492 || 2015-04-13 16:58:36 |
| 1122 || 24.7811001320608 || 2011-11-19 11:55:21 |
| 1123 || 0.44251503750425 || 2017-06-17 00:56:06 |
| 1124 || 20.1149469020096 || 2013-01-27 04:33:14 |
| 1125 || -7.21140922260685 || 2012-08-20 18:09:12 |
| 1126 || 0.0211277323198513 || 2010-04-11 04:44:49 |
| 1127 || 19.6996372571968 || 2014-06-13 04:42:55 |
| 1128 || -24.6881755906054 || 2018-02-12 15:18:27 |
| 1129 || -25.6666489588234 || 2019-05-23 18:36:29 |
| 1130 || 25.0494606599059 || 2012-11-26 06:55:05 |
| 1131 || 0.474498974301696 || 2011-05-12 03:13:06 |
| 1132 || 16.8392730154753 || 2019-04-06 08:23:30 |
| 1133 || 69.5138394222155 || 2016-12-02 02:28:05 |
| 1134 || 6.60063439383623 || 2014-12-21 13:08:57 |
| 1135 || 35.3317051019914 || 2011-03-18 20:30:55 |
| 1136 || 0.538268855992666 || 2019-01-15 18:00:19 |
| 1137 || 18.0916842172036 || 2011-02-18 17:47:14 |
| 1138 || -14.0687978661185 || 2014-09-27 04:45:07 |
| 1139 || -21.0752413022698 || 2013-01-14 11:14:13 |
| 1140 || 5.36671257379669 || 2014-07-01 20:40:34 |
| 1141 || -1.27751775305546 || 2015-08-08 17:17:05 |
| 1142 || -3.56679270602243 || 2015-06-27 23:38:19 |
| 1143 || -21.5325156995367 || 2016-10-07 08:30:20 |
| 1144 || -24.4636928491614 || 2019-10-07 17:56:52 |
| 1145 || -17.9306083194814 || 2016-12-09 20:58:24 |
| 1146 || 2.77861381141609 || 2015-01-03 01:05:19 |
| 1147 || 10.0771507242875 || 2012-10-04 12:43:58 |
| 1148 || -12.9478129547689 || 2016-05-23 13:00:01 |
| 1149 || 38.5062877531087 || 2016-12-12 19:06:32 |
| 1150 || 51.9243631683949 || 2014-01-20 03:15:16 |
| 1151 || -2.17588295175665 || 2010-10-15 09:26:43 |
| 1152 || -1.30782920834955 || 2019-11-02 02:16:38 |
| 1153 || -10.0967199891909 || 2016-11-17 23:04:42 |
| 1154 || 85.593544288083 || 2019-11-11 01:53:42 |
| 1155 || -15.0139508944492 || 2017-09-01 04:03:24 |
| 1156 || 3.46826260054555 || 2014-12-06 12:49:41 |
| 1157 || -0.679883032294425 || 2012-06-25 10:28:27 |
| 1158 || -15.476942927298 || 2014-02-26 18:47:24 |
| 1159 || 87.2208640767606 || 2019-03-06 10:24:15 |
| 1160 || 37.3993464325315 || 2017-07-25 19:25:38 |
| 1161 || 16.8438767180801 || 2010-05-24 03:34:24 |
| 1162 || -0.810940494248704 || 2011-02-06 13:11:44 |
| 1163 || 12.1507962441511 || 2011-09-08 07:11:02 |
| 1164 || 5.95506057095898 || 2016-04-25 12:46:43 |
| 1165 || 69.0499192964122 || 2016-08-02 15:23:00 |
| 1166 || 21.3908236476423 || 2019-10-23 15:53:48 |
| 1167 || 0.974058417983249 || 2019-07-11 14:10:09 |
| 1168 || 18.926659294012 || 2012-11-20 17:34:12 |
| 1169 || -23.3178604754573 || 2015-05-15 12:03:25 |
| 1170 || 71.6307574772614 || 2012-10-18 20:49:08 |
| 1171 || 16.4663004494029 || 2010-02-27 02:00:29 |
| 1172 || 0.185581878290521 || 2019-03-09 19:16:38 |
| 1173 || 8.64324567254722 || 2015-04-06 20:39:56 |
| 1174 || -25.8122653469761 || 2015-05-18 04:05:14 |
| 1175 || -21.9630032413924 || 2011-01-09 05:38:37 |
| 1176 || 15.037358222704 || 2011-11-05 10:45:46 |
| 1177 || -0.00411301938524325 || 2013-03-25 22:12:12 |
| 1178 || -0.528648503166824 || 2017-04-10 01:37:19 |
| 1179 || 57.4008787191427 || 2014-12-02 05:18:31 |
| 1180 || -23.4101545849531 || 2017-08-13 23:46:28 |
| 1181 || 14.0867383584334 || 2014-04-23 09:44:18 |
| 1182 || -0.0281822281936876 || 2016-02-04 14:09:14 |
| 1183 || 23.7025205671983 || 2017-03-19 07:17:26 |
| 1184 || 17.2455164663336 || 2017-10-14 12:17:54 |
| 1185 || 85.5680532810521 || 2019-03-07 23:11:58 |
| 1186 || 41.8874511398892 || 2011-02-14 06:41:54 |
| 1187 || -0.433259792033977 || 2016-03-14 02:27:07 |
| 1188 || 7.89042266005326 || 2018-03-23 11:39:49 |
| 1189 || 70.9209734236972 || 2018-09-26 15:09:32 |
| 1190 || 58.1249632977652 || 2018-02-14 03:15:34 |
| 1191 || -15.783265910495 || 2019-04-20 18:36:14 |
| 1192 || 3.08098558542298 || 2018-11-27 06:21:16 |
| 1193 || 5.94393141456886 || 2014-09-23 01:06:08 |
| 1194 || 12.6808514988724 || 2019-12-15 09:03:39 |
| 1195 || -8.27086308641347 || 2016-06-17 09:10:10 |
| 1196 || 6.43046247605897 || 2018-01-16 17:41:03 |
| 1197 || 2.59812124617844 || 2012-12-06 06:15:29 |
| 1198 || 2.39988067016262 || 2019-02-03 20:50:52 |
| 1199 || 61.6406633906892 || 2015-04-22 18:19:21 |
| 1200 || 28.0486451081943 || 2012-11-07 04:04:22 |
| 1201 || -19.3156135663881 || 2018-08-18 10:31:16 |
| 1202 || 8.33042302046713 || 2014-10-17 21:55:37 |
| 1203 || 6.58144534508792 || 2013-12-18 22:52:28 |
| 1204 || 56.2865864305774 || 2012-07-22 10:44:52 |
| 1205 || 29.4643063374261 || 2011-09-01 09:42:21 |
| 1206 || 62.7304199714883 || 2013-06-18 07:47:02 |
| 1207 || 10.0946738417985 || 2019-10-08 08:39:52 |
| 1208 || 4.15841376668887 || 2012-01-23 13:26:54 |
| 1209 || 51.1558360745258 || 2013-12-27 03:10:13 |
| 1210 || 34.2431458890123 || 2018-03-22 06:04:45 |
| 1211 || -1.19468633691622 || 2015-11-12 19:22:37 |
| 1212 || 8.40195969896593 || 2014-05-10 14:43:23 |
| 1213 || 0.0955809888001333 || 2014-04-27 21:34:51 |
| 1214 || 29.5893148086477 || 2011-09-14 02:14:02 |
| 1215 || 77.7532248283989 || 2016-01-22 01:16:04 |
| 1216 || 64.9467896015993 || 2016-03-13 06:53:46 |
| 1217 || 18.3739793043932 || 2017-04-27 12:20:23 |
| 1218 || 1.08765513108258 || 2010-09-16 22:41:46 |
| 1219 || 20.3771153061706 || 2015-12-06 10:52:31 |
| 1220 || 63.9925162857547 || 2019-06-07 12:39:52 |
| 1221 || 22.7341455092902 || 2013-06-06 23:07:30 |
| 1222 || 11.4111429748624 || 2013-06-23 08:07:17 |
| 1223 || 0.191471391888285 || 2017-01-19 07:22:02 |
| 1224 || -9.92802407247798 || 2011-11-02 21:23:07 |
| 1225 || 43.3512345988427 || 2017-04-16 13:25:57 |
| 1226 || -22.3510565396695 || 2015-06-22 07:10:49 |
| 1227 || 0.83798989758611 || 2016-03-17 09:29:23 |
| 1228 || 0.000957695754989023 || 2011-07-22 06:08:35 |
| 1229 || 4.63509658755414 || 2018-09-12 03:59:50 |
| 1230 || -7.26923051725051 || 2013-01-10 09:58:54 |
| 1231 || 70.2660408991684 || 2015-05-04 01:50:23 |
| 1232 || 8.3851165728962 || 2011-06-08 17:44:15 |
| 1233 || 0.325841899427353 || 2012-09-21 21:41:54 |
| 1234 || 16.8436439661511 || 2010-02-20 19:30:37 |
| 1235 || 25.9855576304542 || 2013-06-10 21:44:50 |
| 1236 || 17.2290507409097 || 2013-06-02 10:02:17 |
| 1237 || -11.8668726117009 || 2013-01-15 23:19:40 |
| 1238 || -0.458337205321106 || 2012-12-05 05:16:36 |
| 1239 || 15.2291686485853 || 2016-04-15 03:49:20 |
| 1240 || 70.6968543899524 || 2012-07-03 17:30:35 |
| 1241 || 77.1073650718185 || 2010-07-07 13:12:16 |
| 1242 || 19.3241215961951 || 2010-04-04 18:43:57 |
| 1243 || 0.54047990461838 || 2019-05-09 11:17:18 |
| 1244 || -0.683706416346554 || 2015-07-09 03:16:08 |
| 1245 || 17.4205634122113 || 2015-12-09 12:57:44 |
| 1246 || 84.4446247069457 || 2013-12-10 07:53:46 |
| 1247 || 14.3752335288413 || 2011-09-23 02:13:49 |
| 1248 || -1.34378604847377 || 2013-06-20 08:56:59 |
| 1249 || 11.0594159794021 || 2018-08-23 08:25:06 |
| 1250 || -20.5963893982755 || 2016-08-19 06:02:33 |
| 1251 || -19.0440673836671 || 2015-04-08 21:11:59 |
| 1252 || 56.7302403993131 || 2011-09-24 05:55:36 |
| 1253 || 8.05180784634376 || 2016-02-10 22:38:38 |
| 1254 || -2.19982584182493 || 2019-07-12 00:06:08 |
| 1255 || 32.80327088811 || 2015-11-12 11:07:40 |
| 1256 || 20.9242759546028 || 2014-10-02 10:17:31 |
| 1257 || 58.2479334804591 || 2014-07-27 07:09:00 |
| 1258 || -1.88038563354683 || 2013-04-12 10:44:24 |
| 1259 || 0.995786111930919 || 2013-12-16 18:16:40 |
| 1260 || 46.5859322987452 || 2013-06-09 16:22:42 |
| 1261 || 71.0437416778443 || 2012-12-03 08:14:55 |
| 1262 || 54.4883294267721 || 2018-01-22 21:40:53 |
| 1263 || 7.40742676643298 || 2012-03-19 00:15:26 |
| 1264 || -0.881666998136818 || 2016-03-12 14:20:17 |
| 1265 || 13.0674456588295 || 2019-03-16 00:12:47 |
| 1266 || 83.2429137867082 || 2010-10-06 03:02:22 |
| 1267 || 41.2073490503655 || 2010-06-16 05:08:06 |
| 1268 || 7.22418617152643 || 2018-06-16 05:12:26 |
| 1269 || 0.0388495174724195 || 2018-01-14 09:47:01 |
| 1270 || -4.32810232919703 || 2019-08-26 19:02:48 |
| 1271 || 5.56762684649728 || 2016-01-10 13:10:09 |
| 1272 || 49.899172707716 || 2019-10-13 01:00:36 |
| 1273 || -7.99381824285322 || 2018-04-26 11:14:56 |
| 1274 || 0.309968238098986 || 2013-01-15 17:16:23 |
| 1275 || 29.2702514357842 || 2011-02-05 02:05:21 |
| 1276 || -22.6682934158626 || 2015-12-23 19:55:52 |
| 1277 || 72.001378027431 || 2010-05-26 22:55:12 |
| 1278 || 9.80488484352706 || 2016-01-18 13:02:55 |
| 1279 || -0.00121430894091086 || 2015-10-27 00:10:01 |
| 1280 || -10.2373335202526 || 2016-10-10 14:01:43 |
| 1281 || 33.8926476569937 || 2018-12-05 00:41:06 |
| 1282 || -9.77901486434435 || 2017-04-26 11:25:47 |
| 1283 || -2.19777671220964 || 2011-06-05 19:46:36 |
| 1284 || 0.246423668831794 || 2015-10-15 14:26:52 |
| 1285 || 25.4789768839674 || 2012-09-27 14:27:41 |
| 1286 || 62.2445584798683 || 2019-07-02 12:34:36 |
| 1287 || 31.2838552029547 || 2010-02-11 03:55:05 |
| 1288 || 9.62706108756894 || 2010-02-02 15:27:09 |
| 1289 || -0.360846477332537 || 2014-06-12 00:06:20 |
| 1290 || 19.4711237516861 || 2016-05-11 19:30:35 |
| 1291 || 68.6499565201037 || 2010-09-23 13:58:53 |
| 1292 || 87.3621023750334 || 2015-11-04 07:52:08 |
| 1293 || 45.3975384283091 || 2015-07-24 03:02:56 |
| 1294 || -0.609373989996809 || 2010-09-09 02:38:10 |
| 1295 || 14.8245167676951 || 2017-09-02 15:13:23 |
| 1296 || 38.5187825679103 || 2015-03-11 04:50:30 |
| 1297 || 18.8789932205122 || 2016-12-22 23:52:51 |
| 1298 || 44.8934044256395 || 2019-07-27 19:01:46 |
| 1299 || 0.00208581247114776 || 2015-07-15 19:39:19 |
| 1300 || 7.82831898717885 || 2014-12-05 04:42:10 |
| 1301 || 4.97582198107439 || 2011-09-26 21:59:13 |
| 1302 || 56.7509911520353 || 2011-02-11 06:28:29 |
| 1303 || -18.0833088092011 || 2012-11-12 01:18:32 |
| 1304 || 2.60511634015689 || 2015-01-22 20:35:52 |
| 1305 || -2.00242678418374 || 2011-03-06 07:54:16 |
| 1306 || -8.8277287644766 || 2015-07-17 04:02:18 |
| 1307 || -11.5377911384318 || 2012-04-24 07:16:10 |
| 1308 || 0.797466205023153 || 2017-11-13 10:12:43 |
| 1309 || 5.44899486343838 || 2017-06-04 16:55:22 |
| 1310 || 5.379261869622 || 2014-12-15 20:45:16 |
| 1311 || 11.0693198813993 || 2015-11-03 15:03:53 |
| 1312 || 0.0852279910017319 || 2013-03-18 20:25:27 |
| 1313 || 62.8226761736398 || 2015-09-16 18:37:25 |
| 1314 || 0.285698003528952 || 2015-01-05 10:31:56 |
| 1315 || -0.963570467736895 || 2010-11-06 04:02:05 |
| 1316 || -9.98169186432104 || 2019-07-12 23:49:41 |
| 1317 || 32.7257763370376 || 2015-07-25 07:37:39 |
| 1318 || 0.201245642709192 || 2017-05-14 05:31:01 |
| 1319 || -4.09956101370966 || 2012-11-10 17:33:24 |
| 1320 || 1.47648289562254 || 2017-02-24 05:04:28 |
| 1321 || 42.3932988848881 || 2014-07-17 06:33:34 |
| 1322 || -3.27499466624989 || 2017-02-16 14:59:17 |
| 1323 || 37.3416951342558 || 2015-06-26 00:44:04 |
| 1324 || -4.54528267080979 || 2013-09-27 18:08:17 |
| 1325 || -0.119075210816946 || 2016-12-18 13:57:40 |
| 1326 || 8.02046009817627 || 2010-07-21 07:25:08 |
| 1327 || 54.6600278266192 || 2011-09-07 21:02:05 |
| 1328 || 57.9038938305558 || 2013-12-03 17:11:29 |
| 1329 || -9.22363913954598 || 2012-10-18 15:44:12 |
| 1330 || 0.0295390938009262 || 2017-05-12 01:26:15 |
| 1331 || 31.6759704250603 || 2018-01-08 10:52:01 |
| 1332 || 17.3306535362479 || 2015-05-09 04:51:52 |
| 1333 || 75.2133997026096 || 2019-06-03 00:33:53 |
| 1334 || 0.200595955180024 || 2013-02-01 20:14:47 |
| 1335 || -0.0170286359629338 || 2016-09-09 03:27:51 |
| 1336 || 17.438753767399 || 2015-07-04 04:19:17 |
| 1337 || 8.50031946743235 || 2012-11-05 05:00:36 |
| 1338 || 84.3026526746493 || 2013-03-19 23:18:16 |
| 1339 || 15.8367091792071 || 2018-01-11 06:50:51 |
| 1340 || 0.576432797362488 || 2015-03-10 15:40:43 |
| 1341 || -3.82820600167006 || 2011-12-25 14:09:22 |
| 1342 || 63.4328006057737 || 2017-01-13 23:32:39 |
| 1343 || 77.4362440802634 || 2013-04-18 08:39:00 |
| 1344 || 40.6714623578037 || 2015-08-20 11:11:25 |
| 1345 || 1.05287814794827 || 2019-02-01 09:55:38 |
| 1346 || 6.08194839809638 || 2018-06-18 01:50:03 |
| 1347 || 43.3238238456307 || 2015-09-17 20:18:34 |
| 1348 || 19.9838100951079 || 2019-05-20 17:54:19 |
| 1349 || 11.8668344545983 || 2018-09-16 01:03:53 |
| 1350 || 4.22358626479455 || 2016-03-20 10:26:02 |
| 1351 || 4.06627142004567 || 2018-03-14 09:07:53 |
| 1352 || -18.4584568117118 || 2016-10-11 04:26:55 |
| 1353 || -24.5859869579897 || 2010-12-07 00:26:14 |
| 1354 || -17.7964198133992 || 2015-04-14 05:24:55 |
| 1355 || -1.1997023905808 || 2018-02-25 03:18:13 |
| 1356 || -1.10722852125054 || 2019-07-03 07:34:11 |
| 1357 || 41.8881235036523 || 2013-05-12 02:18:40 |
| 1358 || 83.8939285914529 || 2013-11-14 20:07:45 |
| 1359 || 3.98941629555041 || 2010-03-23 14:04:46 |
| 1360 || -3.27482442408293 || 2016-02-01 07:07:36 |
| 1361 || 5.74349694755106 || 2014-06-19 10:39:14 |
| 1362 || 19.7889739625062 || 2014-08-20 08:08:18 |
| 1363 || 63.9967022636612 || 2013-12-24 15:38:46 |
| 1364 || 20.0054474711414 || 2014-10-16 06:02:28 |
| 1365 || 13.8565724966525 || 2013-10-17 22:24:12 |
| 1366 || 3.69250002373413 || 2018-11-12 16:59:53 |
| 1367 || -6.11737370821111 || 2012-07-15 11:24:20 |
| 1368 || -29.5218895060466 || 2015-09-04 04:39:25 |
| 1369 || -5.02593011451497 || 2012-08-16 00:47:03 |
| 1370 || 3.19094356912508 || 2015-12-23 11:05:58 |
| 1371 || 2.05108352727604 || 2011-07-27 13:48:35 |
| 1372 || 36.0621123331964 || 2010-06-01 01:55:27 |
| 1373 || 73.2282408434529 || 2013-07-25 20:15:33 |
| 1374 || 16.4136818253939 || 2017-06-11 07:35:01 |
| 1375 || -6.69583386836604 || 2016-01-23 07:44:31 |
| 1376 || -0.149038206606485 || 2017-08-24 22:46:20 |
| 1377 || 13.3667515743816 || 2014-09-27 22:56:44 |
| 1378 || -25.2915983061219 || 2013-08-21 06:07:17 |
| 1379 || -22.4506508691942 || 2012-03-21 17:37:55 |
| 1380 || -8.17656315169986 || 2016-07-16 12:13:43 |
| 1381 || 0.0847977733652335 || 2010-06-02 00:47:49 |
| 1382 || 20.1519851736428 || 2014-12-27 11:09:26 |
| 1383 || 20.9979914348045 || 2016-02-03 11:42:24 |
| 1384 || -16.7793867760598 || 2015-06-25 17:01:54 |
| 1385 || 31.2528992724818 || 2011-06-27 12:06:33 |
| 1386 || 0.0797798692822016 || 2015-03-02 14:29:14 |
| 1387 || 6.3910883410744 || 2014-10-07 09:29:24 |
| 1388 || 60.2814316814823 || 2018-02-11 11:21:29 |
| 1389 || -27.4931409610305 || 2016-02-07 03:55:49 |
| 1390 || 2.31704644591239 || 2011-10-15 07:57:08 |
| 1391 || 0.711652499363548 || 2018-03-18 03:13:33 |
| 1392 || 21.2210537190928 || 2012-06-15 13:35:06 |
| 1393 || -7.0866519288827 || 2010-11-06 12:20:08 |
| 1394 || 73.8640157652816 || 2016-05-26 18:25:13 |
| 1395 || 20.6819468779342 || 2012-06-11 03:05:34 |
| 1396 || 1.02738787892432 || 2017-03-09 23:19:03 |
| 1397 || 17.2507475064401 || 2019-03-27 22:44:42 |
| 1398 || -21.4203496794009 || 2011-02-21 22:43:21 |
| 1399 || -29.5004327043148 || 2016-08-02 19:48:38 |
| 1400 || 46.7924858613251 || 2011-02-22 19:11:29 |
| 1401 || 3.59139362251593 || 2017-03-23 11:11:05 |
| 1402 || 4.70200151837737 || 2018-09-18 13:40:01 |
| 1403 || 49.2410604404093 || 2017-03-26 11:32:17 |
| 1404 || 31.9352172304202 || 2011-05-16 23:15:31 |
| 1405 || 37.9297703405954 || 2012-03-13 01:46:08 |
| 1406 || 5.43497345587422 || 2012-07-15 12:10:53 |
| 1407 || 4.45214656235705 || 2018-11-14 03:11:54 |
| 1408 || -14.1840795463036 || 2013-03-11 11:02:16 |
| 1409 || 9.0599461301548 || 2014-05-12 17:45:24 |
| 1410 || 58.0850678913185 || 2017-06-01 13:48:06 |
| 1411 || 0.0563007061358841 || 2010-05-07 21:22:28 |
| 1412 || 6.43799822155138 || 2018-04-16 00:53:23 |
| 1413 || 25.9924905829194 || 2011-03-15 02:21:55 |
| 1414 || 53.4147652684525 || 2011-01-14 16:59:25 |
| 1415 || 23.8834504081005 || 2012-06-05 08:56:48 |
| 1416 || -4.22901738266884 || 2012-04-02 01:28:01 |
| 1417 || 4.40254374102568 || 2018-03-16 20:43:47 |
| 1418 || -5.80247196694354 || 2010-06-27 18:53:00 |
| 1419 || 71.5589952985129 || 2016-10-22 20:20:56 |
| 1420 || -18.3276897207712 || 2013-11-10 11:48:28 |
| 1421 || -5.74627743445316 || 2014-04-13 22:45:43 |
| 1422 || 0.642114114614955 || 2013-03-01 09:41:41 |
| 1423 || -13.2756228012661 || 2010-02-10 02:40:55 |
| 1424 || -13.9545686298556 || 2013-12-17 15:42:49 |
| 1425 || 16.7566057899089 || 2011-09-13 14:52:34 |
| 1426 || 20.4626689790671 || 2013-10-26 21:14:57 |
| 1427 || -0.302271084415871 || 2019-09-18 16:26:46 |
| 1428 || -11.9324173369286 || 2015-12-05 17:59:48 |
| 1429 || 44.4179326166146 || 2018-03-06 07:48:58 |
| 1430 || 12.8327420367754 || 2011-07-17 06:37:38 |
| 1431 || 7.71371450022637 || 2017-05-02 21:01:56 |
| 1432 || -0.05310312523373 || 2010-05-01 06:03:36 |
| 1433 || 33.1296649677404 || 2015-04-15 11:15:42 |
| 1434 || -21.3176228340942 || 2011-10-27 22:32:22 |
| 1435 || 26.8800835634911 || 2018-12-10 17:07:39 |
| 1436 || 8.41218925448051 || 2014-12-04 07:27:47 |
| 1437 || 0.0276693609205973 || 2014-11-14 03:06:07 |
| 1438 || 27.5942231479622 || 2016-05-08 17:34:36 |
| 1439 || -25.9476422792044 || 2015-01-02 01:52:56 |
| 1440 || 49.5430887244288 || 2014-08-25 03:52:56 |
| 1441 || 21.8542978303147 || 2019-07-22 12:07:29 |
| 1442 || -0.0549153578669872 || 2016-03-12 04:32:17 |
| 1443 || -6.88201303867739 || 2011-02-22 05:04:29 |
| 1444 || 73.4771049986395 || 2013-10-09 15:50:09 |
| 1445 || -2.08684905766888 || 2017-03-04 16:14:15 |
| 1446 || 34.9701599312929 || 2014-11-19 15:23:56 |
| 1447 || -0.516909427123697 || 2011-05-10 04:06:20 |
| 1448 || -5.398348874435 || 2015-05-04 16:58:33 |
| 1449 || 52.8363430065382 || 2017-10-25 01:29:07 |
| 1450 || 50.8994389666375 || 2014-04-14 02:26:14 |
| 1451 || 9.51298624904862 || 2016-04-07 17:14:43 |
| 1452 || 3.50970473037683 || 2015-03-27 11:40:54 |
| 1453 || -0.05199369755679 || 2017-10-19 10:11:13 |
| 1454 || 25.6878048866834 || 2013-11-11 08:46:09 |
| 1455 || 89.2560187492894 || 2012-01-17 04:13:35 |
| 1456 || 5.51171337707209 || 2015-05-01 21:07:45 |
| 1457 || -1.80592757746006 || 2014-10-11 06:22:00 |
| 1458 || 9.06191733096186 || 2010-08-21 17:34:28 |
| 1459 || -19.3832994628133 || 2011-04-23 17:21:27 |
| 1460 || 77.0114161724502 || 2015-02-01 11:43:11 |
| 1461 || -1.2968829294145 || 2019-01-24 14:09:22 |
| 1462 || -0.434868449265113 || 2012-03-11 06:28:35 |
| 1463 || 0.366913197108538 || 2010-09-05 18:50:41 |
| 1464 || -17.1293753984375 || 2014-08-12 15:24:35 |
| 1465 || 86.6765084087514 || 2012-05-10 22:18:59 |
| 1466 || 46.5815579074672 || 2010-06-07 00:55:35 |
| 1467 || 9.19805225409052 || 2016-03-02 17:36:34 |
| 1468 || 0.529394821198215 || 2014-07-14 13:09:49 |
| 1469 || 50.1918040335797 || 2019-09-20 18:10:32 |
| 1470 || 34.5505501173745 || 2010-10-12 11:36:12 |
| 1471 || 64.6686583858882 || 2010-06-23 11:50:12 |
| 1472 || 4.21481322176873 || 2011-06-12 01:47:25 |
| 1473 || 2.01863355893908 || 2012-08-24 12:16:38 |
| 1474 || 34.1716958072693 || 2019-11-26 17:51:14 |
| 1475 || -14.0682334195097 || 2018-12-13 20:50:37 |
| 1476 || -17.3509613469585 || 2016-06-07 21:23:03 |
| 1477 || 17.7136186390844 || 2010-02-26 04:48:30 |
| 1478 || 0.919841147044415 || 2018-07-01 08:30:30 |
| 1479 || -6.86834166991637 || 2013-05-20 03:50:31 |
| 1480 || 85.5092250347212 || 2015-04-04 21:18:18 |
| 1481 || -7.75543593494513 || 2012-06-19 19:36:34 |
| 1482 || 24.426677999608 || 2016-12-04 18:06:15 |
| 1483 || 0.0498954120918139 || 2015-12-21 15:54:35 |
| 1484 || -8.39992342238203 || 2010-04-26 05:51:40 |
| 1485 || 48.1214524042742 || 2019-12-13 07:10:05 |
| 1486 || 78.3921013948865 || 2011-12-17 10:50:42 |
| 1487 || -7.2066213966514 || 2012-10-19 20:32:01 |
| 1488 || -0.00125088286251229 || 2014-05-06 19:02:46 |
| 1489 || -1.68855543445201 || 2011-08-11 07:53:30 |
| 1490 || -10.3369353467055 || 2014-11-21 06:50:53 |
| 1491 || 74.0972841879523 || 2010-04-21 21:56:19 |
| 1492 || 2.83575483748738 || 2010-01-08 19:34:56 |
| 1493 || -0.0572876666859249 || 2013-02-20 06:51:46 |
| 1494 || 22.2133918878605 || 2012-06-20 01:01:11 |
| 1495 || 38.7507696250166 || 2015-06-16 07:22:50 |
| 1496 || 83.3946469806991 || 2018-11-22 17:44:58 |
| 1497 || 32.1918856454284 || 2014-01-10 10:47:51 |
| 1498 || 0.196411075811515 || 2010-12-05 15:43:17 |
| 1499 || 13.4307598836893 || 2019-12-08 13:20:39 |
| 1500 || 68.4990243771015 || 2018-12-16 15:04:13 |
| 1501 || 86.6507530962924 || 2016-10-06 09:26:12 |
| 1502 || 33.4394514599571 || 2018-02-21 13:55:17 |
| 1503 || 0.434111404626342 || 2012-12-12 15:58:31 |
| 1504 || 15.3759352995831 || 2014-08-16 19:27:19 |
| 1505 || 66.712044285022 || 2010-04-25 00:29:30 |
| 1506 || -15.2356455466156 || 2018-10-27 10:47:35 |
| 1507 || 14.970956360997 || 2012-09-15 00:04:13 |
| 1508 || -1.68979854755527 || 2010-10-08 03:32:13 |
| 1509 || 5.63952230209571 || 2014-10-13 16:25:17 |
| 1510 || 22.0398287100695 || 2010-04-23 00:24:30 |
| 1511 || -1.80840272589006 || 2019-07-23 02:04:58 |
| 1512 || 27.7304116971905 || 2015-07-23 04:48:12 |
| 1513 || 3.14734586395474 || 2015-12-05 17:00:55 |
| 1514 || -2.14195571925778 || 2017-08-11 05:01:58 |
| 1515 || -18.7471184357691 || 2018-08-19 18:00:41 |
| 1516 || 88.3336817020188 || 2018-04-11 09:54:34 |
| 1517 || -18.6119196437198 || 2017-12-18 03:14:36 |
| 1518 || -3.07079795782805 || 2018-10-13 10:27:17 |
| 1519 || -0.555053353633735 || 2010-05-03 05:53:06 |
| 1520 || 10.6081997056843 || 2014-10-18 08:46:56 |
| 1521 || 87.1520149941216 || 2019-02-08 22:53:49 |
| 1522 || 50.3809023409507 || 2016-06-26 04:26:55 |
| 1523 || 15.2103910381439 || 2015-03-04 13:05:34 |
| 1524 || -0.240011627864742 || 2014-06-10 22:42:02 |
| 1525 || -15.4462827766866 || 2017-12-23 15:49:59 |
| 1526 || -25.9047153288299 || 2018-12-16 17:37:58 |
| 1527 || 55.4639008106877 || 2014-10-09 01:47:50 |
| 1528 || 5.93093554129264 || 2013-08-23 16:40:13 |
| 1529 || -0.244793556987361 || 2019-01-02 16:16:07 |
| 1530 || -11.5472308846726 || 2011-11-02 17:26:38 |
| 1531 || 65.2217715380972 || 2016-02-14 19:05:59 |
| 1532 || 75.3512985432997 || 2019-11-08 17:04:36 |
| 1533 || -6.81559657214616 || 2011-05-25 19:12:45 |
| 1534 || 0.175069189016788 || 2014-10-06 13:39:48 |
| 1535 || 31.4203807380824 || 2014-07-09 14:23:06 |
| 1536 || 75.6012962598496 || 2014-10-10 23:09:16 |
| 1537 || -22.6938032807495 || 2017-01-01 04:44:35 |
| 1538 || 13.3303946125151 || 2018-12-19 22:29:09 |
| 1539 || 0.000122010297736713 || 2011-01-22 20:03:50 |
| 1540 || 25.0176264790932 || 2018-06-20 12:40:39 |
| 1541 || 57.5618793590636 || 2013-12-12 11:20:32 |
| 1542 || -15.2527605681964 || 2011-09-15 07:18:27 |
| 1543 || -7.3523458928413 || 2019-05-05 03:33:18 |
| 1544 || -0.0911859338099012 || 2014-10-01 14:23:49 |
| 1545 || 12.3246169035746 || 2011-10-18 14:02:24 |
| 1546 || -6.61165465637698 || 2015-09-13 12:15:08 |
| 1547 || 82.9231295998818 || 2015-01-15 01:31:57 |
| 1548 || 35.9407610444524 || 2016-11-04 12:38:50 |
| 1549 || 0.0791605961858469 || 2015-08-06 00:45:28 |
| 1550 || 13.7803052893227 || 2019-10-10 12:13:05 |
| 1551 || 30.8026904472066 || 2014-01-18 05:16:47 |
| 1552 || 73.2559389375618 || 2016-02-23 10:30:19 |
| 1553 || 31.0629011925169 || 2013-07-23 00:32:45 |
| 1554 || 1.3312606664734 || 2017-09-09 04:30:19 |
| 1555 || -5.42636670600736 || 2015-07-21 18:15:25 |
| 1556 || 48.6275111233178 || 2018-08-03 23:51:51 |
| 1557 || 87.2494015576979 || 2018-07-22 06:46:43 |
| 1558 || 25.4829122046843 || 2019-07-27 16:45:25 |
| 1559 || -1.48183788655452 || 2012-02-09 18:25:37 |
| 1560 || -4.09120124784053 || 2018-08-16 11:02:45 |
| 1561 || 7.98894671824995 || 2013-10-14 21:05:28 |
| 1562 || -24.1653047984255 || 2018-03-12 06:54:07 |
| 1563 || -9.63439561655455 || 2014-05-26 14:25:59 |
| 1564 || 6.23953920061131 || 2015-03-05 03:09:14 |
| 1565 || 2.97404057848413 || 2012-03-01 11:07:17 |
| 1566 || 42.0622655094553 || 2015-04-26 09:50:31 |
| 1567 || 25.2318785915041 || 2010-02-23 05:26:42 |
| 1568 || -19.7574533015717 || 2011-07-13 02:42:44 |
| 1569 || 9.08021965093626 || 2011-05-03 21:59:10 |
| 1570 || 3.40085078031165 || 2011-06-03 14:02:43 |
| 1571 || -17.2955850868994 || 2010-08-04 09:04:50 |
| 1572 || 10.5140871602775 || 2013-04-15 00:38:50 |
| 1573 || -16.1843330103702 || 2015-05-26 15:26:00 |
| 1574 || 1.01327162100768 || 2012-02-03 11:04:44 |
| 1575 || -1.14980164984267 || 2016-08-16 19:31:30 |
| 1576 || -13.7384555713644 || 2010-10-06 09:42:07 |
| 1577 || 44.4635204036968 || 2013-09-27 05:22:03 |
| 1578 || -14.1693132404505 || 2014-05-01 20:51:31 |
| 1579 || -0.790570444646862 || 2018-01-25 03:21:09 |
| 1580 || 1.10182830436745 || 2012-12-27 01:30:54 |
| 1581 || 27.2286369699918 || 2018-08-23 21:43:13 |
| 1582 || 80.457549501072 || 2018-08-16 13:25:03 |
| 1583 || 20.0915182116018 || 2018-08-23 17:52:07 |
| 1584 || 1.32383654921154 || 2010-08-10 05:27:33 |
| 1585 || 0.380997354328923 || 2019-07-27 05:55:02 |
| 1586 || 23.655683854131 || 2017-02-17 18:39:24 |
| 1587 || 50.0402074264403 || 2014-06-22 13:58:30 |
| 1588 || 37.9763232051104 || 2017-08-24 05:55:13 |
| 1589 || -1.20688778528096 || 2015-09-02 06:15:33 |
| 1590 || -0.00578176277186987 || 2015-10-08 21:57:32 |
| 1591 || 2.15191258776817 || 2017-10-06 13:13:21 |
| 1592 || 73.3407971473454 || 2016-12-18 17:23:04 |
| 1593 || 35.7542974903491 || 2015-12-01 13:25:12 |
| 1594 || 25.2892777659307 || 2016-04-22 22:02:42 |
| 1595 || -0.0378848449941308 || 2019-07-08 18:51:01 |
| 1596 || 2.90256029216726 || 2016-07-01 23:55:52 |
| 1597 || 36.248793302213 || 2010-06-17 07:02:07 |
| 1598 || -2.48558470179982 || 2011-06-09 19:16:28 |
| 1599 || 9.03860998274115 || 2012-08-16 18:28:00 |
| 1600 || 0.596270839693785 || 2014-12-12 11:05:44 |
| 1601 || 21.4690364248951 || 2017-03-17 22:46:14 |
| 1602 || -20.4764045246109 || 2016-05-04 15:48:39 |
| 1603 || 85.7725399807505 || 2016-02-08 02:19:39 |
| 1604 || -5.30144286233012 || 2019-07-22 04:02:35 |
| 1605 || 2.40568377109183 || 2013-08-22 21:30:09 |
| 1606 || 17.0221682759147 || 2019-02-10 16:52:37 |
| 1607 || -8.60083198638201 || 2019-09-03 21:46:09 |
| 1608 || 65.2991481037985 || 2012-12-07 23:13:58 |
| 1609 || 49.4087903828519 || 2018-10-19 02:24:57 |
| 1610 || 4.49377143010626 || 2017-05-17 20:13:36 |
| 1611 || 11.409606036861 || 2012-02-07 06:29:41 |
| 1612 || 47.7344382790764 || 2015-06-22 19:23:42 |
| 1613 || -22.0773951176622 || 2017-06-22 15:47:50 |
| 1614 || 52.2365160531625 || 2016-10-04 19:34:44 |
| 1615 || 3.20270789193542 || 2017-01-14 13:02:47 |
| 1616 || 5.84896291474234 || 2019-11-24 07:19:10 |
| 1617 || -1.26242604107957 || 2017-03-12 23:51:16 |
| 1618 || -4.3408741198511 || 2010-11-05 01:15:02 |
| 1619 || -4.24254931848422 || 2011-02-11 20:39:04 |
| 1620 || -2.08752550226451 || 2011-11-16 01:19:28 |
| 1621 || -0.441093633828936 || 2018-01-09 11:04:37 |
| 1622 || 45.6291871251917 || 2017-10-12 17:40:21 |
| 1623 || 89.4588369166285 || 2013-05-08 20:09:43 |
| 1624 || -21.6225917466906 || 2019-10-18 20:07:24 |
| 1625 || 11.7561632100439 || 2012-08-12 15:03:46 |
| 1626 || 3.83263233706751 || 2010-07-20 17:39:55 |
| 1627 || 30.9970260928988 || 2015-11-01 21:26:33 |
| 1628 || 52.1127090660863 || 2015-02-16 12:14:59 |
| 1629 || 49.4378998437179 || 2017-04-03 20:59:05 |
| 1630 || 16.8584983289931 || 2018-11-17 13:57:39 |
| 1631 || 1.82816309732342 || 2014-12-05 14:12:21 |
| 1632 || 6.76615805126228 || 2010-05-20 14:04:37 |
| 1633 || 57.1044042510695 || 2011-12-27 12:16:29 |
| 1634 || 59.7346104185594 || 2011-10-12 06:30:25 |
| 1635 || 22.5512431800367 || 2019-07-18 20:18:27 |
| 1636 || -0.139284375577809 || 2011-02-19 11:04:09 |
| 1637 || 37.2549663662565 || 2010-08-20 09:47:16 |
| 1638 || 20.081098937758 || 2013-08-12 10:40:31 |
| 1639 || -11.8260755155728 || 2015-10-21 16:15:23 |
| 1640 || 7.67624727464865 || 2016-03-13 02:40:30 |
| 1641 || 0.0461902682296987 || 2015-02-18 22:10:31 |
| 1642 || -4.93976432742275 || 2012-08-13 12:26:09 |
| 1643 || 13.4793390490793 || 2015-01-14 01:40:08 |
| 1644 || 12.5154103269966 || 2017-03-21 06:24:34 |
| 1645 || 31.4362833075046 || 2018-07-16 06:30:07 |
| 1646 || 0.0960107872274982 || 2010-06-02 07:08:59 |
| 1647 || 16.6279595852167 || 2019-08-04 16:43:05 |
| 1648 || 41.1039127750501 || 2018-04-04 18:42:46 |
| 1649 || 43.5625660635701 || 2017-02-23 10:22:52 |
| 1650 || 28.8421064947457 || 2014-10-17 05:46:43 |
| 1651 || -0.244409174376824 || 2010-08-26 10:58:42 |
| 1652 || -3.23432198835104 || 2016-05-06 08:42:02 |
| 1653 || 72.7612009862207 || 2013-09-20 04:50:32 |
| 1654 || 20.1169857906469 || 2012-07-18 04:05:18 |
| 1655 || 43.5872047224567 || 2011-12-22 12:37:26 |
| 1656 || -0.396787157483549 || 2017-06-09 16:12:55 |
| 1657 || 12.0806543661005 || 2014-10-23 22:45:02 |
| 1658 || 44.5350440242596 || 2014-06-02 18:41:07 |
| 1659 || 21.6576682579963 || 2019-08-02 07:01:27 |
| 1660 || 37.9915277676364 || 2016-03-19 23:50:53 |
| 1661 || -0.00978749684190066 || 2017-01-09 09:35:14 |
| 1662 || -1.94015321270365 || 2018-02-13 10:59:20 |
| 1663 || 64.7902673701623 || 2015-11-26 21:03:59 |
| 1664 || 32.7453926583509 || 2016-10-26 16:52:49 |
| 1665 || 51.3479970437137 || 2014-07-15 21:48:33 |
| 1666 || -1.28817419475378 || 2012-06-25 07:57:30 |
| 1667 || 9.92086428515775 || 2011-07-19 07:05:53 |
| 1668 || 1.31623050542304 || 2019-10-01 16:41:49 |
| 1669 || 89.9517335086763 || 2017-03-14 06:40:00 |
| 1670 || 57.090872964614 || 2019-05-20 08:31:06 |
| 1671 || 1.71463278201309 || 2010-10-15 02:08:01 |
| 1672 || 5.80111354720725 || 2014-03-04 03:41:59 |
| 1673 || 47.763704428093 || 2010-03-07 02:34:54 |
| 1674 || -29.580594927211 || 2017-02-26 18:02:44 |
| 1675 || 42.4466408619385 || 2016-04-18 05:58:33 |
| 1676 || -0.764259244941854 || 2010-03-18 20:05:08 |
| 1677 || -0.964254750170819 || 2010-06-15 17:14:07 |
| 1678 || 0.539453189440405 || 2013-02-18 20:15:48 |
| 1679 || 12.8232656966218 || 2017-03-09 08:07:47 |
| 1680 || -12.5389587315285 || 2017-02-06 07:41:39 |
| 1681 || -3.24401575371922 || 2011-03-01 02:31:27 |
| 1682 || -0.758011811264165 || 2014-11-20 14:32:17 |
| 1683 || 18.0471736778969 || 2011-02-10 15:38:48 |
| 1684 || 77.2907992388365 || 2016-12-03 06:56:53 |
| 1685 || 41.0767372583656 || 2012-12-20 04:42:53 |
| 1686 || 12.2029191684774 || 2014-12-24 04:59:54 |
| 1687 || 0.747372596612331 || 2014-11-01 18:59:35 |
| 1688 || 24.0788720918047 || 2016-11-13 17:23:55 |
| 1689 || 74.2436463325606 || 2010-12-10 17:59:15 |
| 1690 || 43.141550612932 || 2017-05-02 08:12:07 |
| 1691 || 24.3472949835367 || 2016-10-23 10:48:08 |
| 1692 || 0.134735277717937 || 2017-01-03 00:09:43 |
| 1693 || 20.6293274053124 || 2010-10-06 17:00:48 |
| 1694 || 73.7915255292148 || 2011-04-03 17:45:11 |
| 1695 || -10.2944066608408 || 2017-01-27 13:58:38 |
| 1696 || 21.2452343206257 || 2015-02-25 09:57:52 |
| 1697 || 0.0268657563717344 || 2018-07-06 10:57:43 |
| 1698 || 14.2317900478832 || 2019-05-16 19:05:22 |
| 1699 || -0.355243508237746 || 2015-03-15 01:23:15 |
| 1700 || -17.786404944216 || 2016-03-11 17:24:21 |
| 1701 || 25.0209433490391 || 2017-04-08 13:50:22 |
| 1702 || 0.584243643959533 || 2012-02-27 06:39:52 |
| 1703 || 23.2387121218928 || 2016-03-21 05:57:08 |
| 1704 || -21.2531129279149 || 2010-12-20 10:30:58 |
| 1705 || -4.27685467539797 || 2011-03-21 08:03:59 |
| 1706 || 29.8011144887345 || 2012-11-07 12:44:41 |
| 1707 || 1.34141962149982 || 2016-05-09 17:53:37 |
| 1708 || -0.472767226021065 || 2016-03-23 11:31:07 |
| 1709 || 70.5795919514745 || 2012-08-09 12:15:35 |
| 1710 || 31.0222412251679 || 2017-12-21 19:34:32 |
| 1711 || -16.0045709346 || 2011-05-18 13:43:34 |
| 1712 || 3.58537458025251 || 2015-11-23 06:25:18 |
| 1713 || -4.72981700040741 || 2015-09-02 12:53:32 |
| 1714 || -0.960130036287652 || 2014-11-15 08:30:24 |
| 1715 || -26.1717252412413 || 2019-08-02 01:21:48 |
| 1716 || 52.97179258233 || 2013-07-02 04:20:04 |
| 1717 || 6.10642989893234 || 2011-11-25 15:57:36 |
| 1718 || 3.73948299622123 || 2016-04-16 19:43:32 |
| 1719 || 24.3259214580435 || 2018-01-11 12:34:45 |
| 1720 || 1.97484994090384 || 2018-03-07 16:09:31 |
| 1721 || 45.1703212491156 || 2019-08-08 18:11:12 |
| 1722 || -2.05039210619973 || 2010-03-09 16:26:55 |
| 1723 || 0.46258455315599 || 2018-04-05 02:20:05 |
| 1724 || 7.32492861728265 || 2012-01-06 22:32:31 |
| 1725 || 71.8654947440739 || 2017-01-10 14:03:01 |
| 1726 || 56.471439099723 || 2019-11-09 00:42:45 |
| 1727 || 3.8660470806836 || 2014-06-13 05:18:27 |
| 1728 || 3.40217703999927 || 2013-04-01 00:11:10 |
| 1729 || 27.9613604127224 || 2018-03-06 17:39:07 |
| 1730 || 25.3057555187334 || 2015-10-24 03:55:26 |
| 1731 || -2.80121407738828 || 2015-07-04 13:35:31 |
| 1732 || -4.76543382097492 || 2018-04-08 13:45:04 |
| 1733 || 2.41199173227573 || 2015-07-21 13:49:56 |
| 1734 || 0.707670687696862 || 2012-07-21 00:03:51 |
| 1735 || -27.8026458938293 || 2018-12-24 11:56:33 |
| 1736 || 31.4096754472292 || 2019-05-23 01:59:46 |
| 1737 || 12.4052210173734 || 2018-12-26 00:02:35 |
| 1738 || 0.83096727261282 || 2018-05-20 06:13:29 |
| 1739 || 31.865649526235 || 2019-04-05 00:03:40 |
| 1740 || -19.6416758920669 || 2012-08-08 21:15:24 |
| 1741 || -19.0770260105997 || 2011-11-05 21:25:28 |
| 1742 || 20.0838500516568 || 2017-06-05 21:27:12 |
| 1743 || -0.0025014764132159 || 2011-08-08 02:27:51 |
| 1744 || -2.67920085567435 || 2018-12-17 04:59:22 |
| 1745 || -27.5715275322715 || 2017-05-06 07:55:10 |
| 1746 || 71.9648704507643 || 2011-06-21 08:57:37 |
| 1747 || 14.3296743072837 || 2010-07-09 09:45:11 |
| 1748 || 0.00304866260662411 || 2015-02-10 16:54:36 |
| 1749 || -3.09298138891512 || 2015-07-23 11:24:59 |
| 1750 || 49.8074128724577 || 2018-10-16 09:00:20 |
| 1751 || 62.5576012217817 || 2012-05-10 23:32:33 |
| 1752 || -12.0598856932207 || 2012-02-23 04:28:54 |
| 1753 || -0.120310612204561 || 2012-10-17 03:04:01 |
| 1754 || 23.5514045745903 || 2010-01-14 17:09:38 |
| 1755 || -11.1541182474201 || 2017-04-05 11:38:11 |
| 1756 || 85.3930397540605 || 2015-12-12 00:24:14 |
| 1757 || -11.7750791696615 || 2010-10-04 14:40:51 |
| 1758 || -0.00275856009310134 || 2019-05-16 20:10:25 |
| 1759 || 19.4427418963053 || 2014-11-18 23:42:46 |
| 1760 || 48.214901497686 || 2015-08-04 18:58:09 |
| 1761 || 87.7234877613683 || 2015-06-15 14:12:58 |
| 1762 || -10.6526718799735 || 2013-04-21 14:07:07 |
| 1763 || 0.944713888713718 || 2015-07-09 22:37:02 |
| 1764 || 0.849278885136637 || 2011-10-26 22:39:27 |
| 1765 || 63.5445834653 || 2019-12-25 04:50:32 |
| 1766 || -6.50234797088929 || 2015-03-24 13:45:37 |
| 1767 || 50.9848787410001 || 2018-08-15 10:49:05 |
| 1768 || -1.13475084212542 || 2017-01-13 10:11:25 |
| 1769 || -3.53380049866729 || 2016-05-23 00:14:59 |
| 1770 || -6.26705870270165 || 2016-04-16 19:43:02 |
| 1771 || -2.57851312631569 || 2010-12-05 15:27:48 |
| 1772 || 53.5900273617518 || 2019-02-26 04:34:47 |
| 1773 || 8.43377038422517 || 2012-02-17 08:39:20 |
| 1774 || 5.79534280727843 || 2017-12-15 11:51:15 |
| 1775 || 0.840070244882826 || 2018-01-16 16:50:40 |
| 1776 || -18.8587898444701 || 2013-10-24 19:50:16 |
| 1777 || 18.9721560263236 || 2017-11-07 18:10:31 |
| 1778 || 2.34184184618828 || 2012-11-18 12:11:04 |
| 1779 || 5.1061989253785 || 2016-05-17 03:00:10 |
| 1780 || -17.0680254191789 || 2012-08-16 20:05:57 |
| 1781 || 50.7047176613561 || 2014-01-06 08:29:15 |
| 1782 || 66.9984459915659 || 2010-08-08 13:05:55 |
| 1783 || 0.308621453822163 || 2010-01-07 23:52:18 |
| 1784 || 2.61959646464671 || 2017-06-17 21:06:23 |
| 1785 || 43.5337475935746 || 2011-03-10 09:09:04 |
| 1786 || 20.6908748308471 || 2015-09-05 05:48:32 |
| 1787 || 71.9408238767513 || 2017-10-22 20:06:01 |
| 1788 || 4.28434929940011 || 2010-11-06 00:22:32 |
| 1789 || 0.218301459201993 || 2012-01-15 10:29:11 |
| 1790 || 38.3263861153447 || 2011-10-10 15:16:45 |
| 1791 || 85.4544006345303 || 2012-11-27 23:34:40 |
| 1792 || -11.4687313239647 || 2013-07-20 18:54:30 |
| 1793 || 7.92611279763022 || 2014-08-19 11:02:28 |
| 1794 || -0.108834067200643 || 2013-11-08 18:32:38 |
| 1795 || 22.2405157064611 || 2013-04-26 09:52:51 |
| 1796 || 73.5474399077039 || 2019-08-08 01:31:56 |
| 1797 || 36.8927829890735 || 2013-03-01 19:56:08 |
| 1798 || 22.4339318925225 || 2018-11-20 11:31:15 |
| 1799 || 0.000113563055216988 || 2010-10-17 23:12:36 |
| 1800 || -1.53749064363096 || 2013-11-14 23:07:27 |
| 1801 || 8.1328276179433 || 2018-12-01 03:55:41 |
| 1802 || 74.9496247961515 || 2013-09-21 17:53:03 |
| 1803 || -11.5122170376463 || 2017-12-19 01:30:13 |
| 1804 || 0.0245018419583194 || 2012-12-10 06:08:28 |
| 1805 || -6.37500731657648 || 2017-06-07 19:08:04 |
| 1806 || -24.1211051593079 || 2014-07-01 01:23:01 |
| 1807 || 85.3663439508155 || 2019-08-21 14:34:10 |
| 1808 || -11.9626483104115 || 2019-02-18 06:18:13 |
| 1809 || -0.125468000793636 || 2017-02-27 02:28:08 |
| 1810 || 15.4241949634964 || 2010-05-22 17:58:44 |
| 1811 || 23.9407009195523 || 2015-05-04 08:47:02 |
| 1812 || 8.91804381778332 || 2015-06-26 10:23:13 |
| 1813 || -15.061014725847 || 2012-10-23 12:22:57 |
| 1814 || 2.62799620943015 || 2015-05-01 16:13:14 |
| 1815 || -1.89537520099582 || 2014-05-10 13:54:30 |
| 1816 || -22.3768776914028 || 2012-04-04 00:37:39 |
| 1817 || 88.8768827556237 || 2019-04-05 03:26:59 |
| 1818 || -14.3851942536108 || 2012-03-08 05:09:50 |
| 1819 || 5.09198836038274 || 2013-03-10 18:53:43 |
| 1820 || 6.68072326834843 || 2013-08-15 14:05:07 |
| 1821 || -5.05462056618025 || 2014-04-19 22:23:44 |
| 1822 || -27.3560917388962 || 2019-05-01 23:33:26 |
| 1823 || 10.2302912801754 || 2010-06-08 16:47:39 |
| 1824 || -2.5106743142811 || 2016-07-18 13:33:18 |
| 1825 || -2.52442146880975 || 2012-12-12 03:27:08 |
| 1826 || 31.9205792013664 || 2011-08-08 06:23:21 |
| 1827 || 5.43050122347641 || 2019-06-16 20:17:56 |
| 1828 || 54.1657187900156 || 2015-01-25 14:19:46 |
| 1829 || -3.5140246139126 || 2018-09-18 15:48:06 |
| 1830 || 2.14922770675737 || 2012-06-06 11:52:10 |
| 1831 || 39.7541936646472 || 2013-12-27 19:06:39 |
| 1832 || -16.8816023701677 || 2019-12-23 10:53:27 |
| 1833 || 37.6355763272992 || 2014-01-19 14:07:30 |
| 1834 || 15.0606679085152 || 2016-05-24 02:25:23 |
| 1835 || -1.11419780295768 || 2012-03-10 04:44:54 |
| 1836 || 9.09520150985898 || 2014-09-07 12:32:07 |
| 1837 || 87.8750189711787 || 2012-03-22 02:04:21 |
| 1838 || 61.1404052204271 || 2015-02-22 06:25:26 |
| 1839 || 12.2837410138869 || 2019-01-26 15:57:19 |
| 1840 || 1.34578009259098 || 2013-04-15 01:38:48 |
| 1841 || -2.25489519325828 || 2016-01-24 23:29:43 |
| 1842 || 14.2957161693568 || 2012-06-09 16:04:14 |
| 1843 || 67.1666661676736 || 2011-02-06 19:35:18 |
| 1844 || -7.79612930942945 || 2018-10-16 11:08:47 |
| 1845 || 0.0320261190265375 || 2012-06-27 03:29:38 |
| 1846 || -5.75099411788036 || 2016-08-23 13:08:01 |
| 1847 || 6.16318717307412 || 2012-02-04 18:14:01 |
| 1848 || 5.23179259301353 || 2018-06-01 16:45:51 |
| 1849 || 4.22715180932643 || 2019-07-25 11:24:35 |
| 1850 || -0.00421365620098717 || 2017-07-27 20:56:37 |
| 1851 || -6.4200495813081 || 2019-10-14 07:02:58 |
| 1852 || -8.35830309058675 || 2012-09-14 09:11:42 |
| 1853 || 78.0880704562613 || 2013-01-01 08:00:10 |
| 1854 || 33.4163241880358 || 2017-10-23 15:50:22 |
| 1855 || 0.0284448402011848 || 2013-07-25 16:34:11 |
| 1856 || 11.733596776282 || 2010-10-10 13:33:13 |
| 1857 || 34.6034439579517 || 2018-01-07 21:31:20 |
| 1858 || -13.47934634062 || 2018-10-19 06:34:28 |
| 1859 || 16.4181876636621 || 2011-12-10 10:28:45 |
| 1860 || 0.918691665067563 || 2012-03-18 20:18:21 |
| 1861 || 19.2488618089338 || 2011-06-18 02:38:25 |
| 1862 || 0.561593761275007 || 2014-09-06 00:54:11 |
| 1863 || 43.4879809591053 || 2019-12-08 04:00:42 |
| 1864 || 8.71669968440497 || 2011-01-05 20:06:35 |
| 1865 || 0.584786880414239 || 2011-11-14 00:38:33 |
| 1866 || 6.65988030841946 || 2012-04-12 03:20:19 |
| 1867 || 68.7654299840443 || 2018-07-18 20:41:58 |
| 1868 || 13.0253315351074 || 2018-07-13 10:50:03 |
| 1869 || 37.9191746025817 || 2018-10-14 08:09:26 |
| 1870 || 4.62649665525319 || 2019-01-10 14:01:33 |
| 1871 || 5.85150315268277 || 2011-07-08 04:37:58 |
| 1872 || 0.885494037294558 || 2011-02-15 06:17:49 |
| 1873 || 4.46023496562085 || 2014-01-12 04:23:57 |
| 1874 || -9.24543160632164 || 2012-05-03 23:27:32 |
| 1875 || -2.20695523253787 || 2017-05-27 00:31:58 |
| 1876 || 9.25057997565518 || 2017-12-03 01:21:18 |
| 1877 || 9.20515590817007 || 2019-02-01 23:41:30 |
| 1878 || -17.522224994455 || 2019-12-25 12:00:06 |
| 1879 || -18.1726626683393 || 2015-09-24 02:59:08 |
| 1880 || 10.5944785301181 || 2012-09-10 00:01:10 |
| 1881 || 5.68776382007677 || 2019-05-08 16:29:20 |
| 1882 || 21.1126258361854 || 2016-05-27 10:40:15 |
| 1883 || -29.5802606798808 || 2010-08-12 17:09:12 |
| 1884 || 45.6197693616094 || 2019-09-07 03:55:24 |
| 1885 || -4.77242314212914 || 2018-04-10 10:27:08 |
| 1886 || -0.0184575049591575 || 2013-01-01 09:52:34 |
| 1887 || 28.9537659212586 || 2014-11-11 02:08:41 |
| 1888 || 74.1021601594587 || 2010-10-27 15:59:08 |
| 1889 || 12.8377098273223 || 2019-01-17 17:30:59 |
| 1890 || 12.4126349595435 || 2019-06-03 13:47:43 |
| 1891 || -0.251992301016785 || 2013-02-04 20:28:04 |
| 1892 || 16.3647078900997 || 2010-08-13 13:32:27 |
| 1893 || 71.5343944899332 || 2016-06-01 00:46:57 |
| 1894 || 39.0364573619153 || 2016-09-18 21:29:09 |
| 1895 || 9.0650752059155 || 2018-07-16 18:29:36 |
| 1896 || -0.0940383046374306 || 2017-04-18 20:40:44 |
| 1897 || 24.4643392569264 || 2017-09-19 09:28:30 |
| 1898 || 80.4620041898783 || 2013-09-26 15:44:38 |
| 1899 || 45.2488057144175 || 2017-09-23 11:24:19 |
| 1900 || -6.56082594113546 || 2018-12-05 23:32:15 |
| 1901 || 0.0286526286990586 || 2018-02-09 10:20:58 |
| 1902 || 16.4701542388576 || 2019-12-15 11:37:42 |
| 1903 || -25.0602759885172 || 2015-07-01 08:49:12 |
| 1904 || 62.3280425733386 || 2019-10-10 12:08:47 |
| 1905 || 21.8364787301931 || 2016-01-25 06:21:38 |
| 1906 || -0.0163220622651015 || 2010-05-18 06:27:51 |
| 1907 || -8.45792914136485 || 2017-09-19 17:20:24 |
| 1908 || 68.4218005744696 || 2010-02-01 04:58:15 |
| 1909 || 82.4269969018459 || 2012-07-20 03:44:23 |
| 1910 || -7.71028001030752 || 2017-09-07 06:34:23 |
| 1911 || -0.219905514205851 || 2018-01-20 08:56:06 |
| 1912 || 10.6284356957431 || 2012-05-08 13:46:36 |
| 1913 || 46.4964859518032 || 2013-04-24 10:55:37 |
| 1914 || 47.4528838414483 || 2010-08-17 02:12:48 |
| 1915 || 10.8084766726758 || 2017-04-25 08:12:44 |
| 1916 || 2.21124264464563 || 2019-01-10 00:21:15 |
| 1917 || -3.05110750266891 || 2017-04-08 15:41:08 |
| 1918 || 59.4484586868669 || 2015-01-10 18:58:13 |
| 1919 || 25.4898948909963 || 2018-08-16 07:40:22 |
| 1920 || -12.2551170266667 || 2010-05-10 20:17:27 |
| 1921 || 4.20490286769075 || 2011-11-10 17:23:27 |
| 1922 || -3.28645487594511 || 2010-08-16 15:03:36 |
| 1923 || -13.4138182762413 || 2016-06-18 09:53:06 |
| 1924 || 42.6115225070586 || 2010-09-18 02:42:33 |
| 1925 || -17.3442891988334 || 2012-07-08 21:40:44 |
| 1926 || 1.89435669891576 || 2019-01-26 19:41:20 |
| 1927 || -0.847283974489107 || 2010-02-20 15:41:37 |
| 1928 || 34.9492653270027 || 2012-03-07 12:05:03 |
| 1929 || -29.209446948873 || 2013-06-22 21:49:40 |
| 1930 || 49.6343667833751 || 2014-12-16 06:01:15 |
| 1931 || -2.88707491822654 || 2012-12-02 03:20:21 |
| 1932 || 6.67013583630379 || 2016-04-25 03:28:19 |
| 1933 || 46.8269785128502 || 2018-08-11 17:08:35 |
| 1934 || -28.3206529697928 || 2015-07-22 07:15:22 |
| 1935 || 14.2809356614232 || 2013-07-09 17:33:57 |
| 1936 || -4.51958805706378 || 2017-05-07 14:48:33 |
| 1937 || 3.96728026081426 || 2014-09-10 14:49:31 |
| 1938 || 10.5016941655951 || 2012-08-03 17:11:57 |
| 1939 || 40.3346724370567 || 2013-08-04 08:15:24 |
| 1940 || 68.6397620728464 || 2010-11-13 14:43:49 |
| 1941 || 2.2350148707411 || 2016-06-25 05:28:38 |
| 1942 || 2.172121085851 || 2014-12-03 11:38:35 |
| 1943 || 43.7883132390751 || 2017-06-09 04:54:17 |
| 1944 || -1.07929725197803 || 2019-02-21 22:28:52 |
| 1945 || 73.9153797850669 || 2010-04-08 21:24:36 |
| 1946 || 18.2807682019268 || 2017-03-22 11:44:44 |
| 1947 || -0.271821658149481 || 2010-05-07 05:32:13 |
| 1948 || 20.6364026015469 || 2017-01-19 17:47:17 |
| 1949 || 84.3275467160382 || 2018-11-17 16:32:36 |
| 1950 || -22.4866955076023 || 2012-07-10 05:05:27 |
| 1951 || 23.211533504678 || 2018-08-25 08:11:18 |
| 1952 || -0.0304327071786558 || 2016-05-22 13:20:46 |
| 1953 || -10.7536386493389 || 2018-04-11 22:42:21 |
| 1954 || 81.8452512158631 || 2013-12-23 10:56:02 |
| 1955 || 63.322238099594 || 2012-09-22 06:49:56 |
| 1956 || 17.0600067889128 || 2011-04-09 15:13:11 |
| 1957 || 0.0110440895166419 || 2011-02-27 22:48:40 |
| 1958 || 11.1168807375766 || 2013-06-23 12:26:46 |
| 1959 || 3.78494764839315 || 2013-07-18 04:49:48 |
| 1960 || -23.693661686017 || 2015-04-23 04:55:05 |
| 1961 || 36.1640168324703 || 2012-12-19 19:49:48 |
| 1962 || 0.0391614466009046 || 2012-01-07 09:52:42 |
| 1963 || -7.53121844621511 || 2016-10-26 01:43:48 |
| 1964 || -22.409377871102 || 2017-11-15 08:38:08 |
| 1965 || 42.0542695908716 || 2019-12-12 11:02:23 |
| 1966 || -14.1960616182666 || 2010-09-23 07:23:20 |
| 1967 || 1.89033578954511 || 2018-08-05 08:26:10 |
| 1968 || 14.6490709161655 || 2018-05-03 19:14:14 |
| 1969 || 57.9211706591828 || 2015-06-03 06:59:11 |
| 1970 || -29.4504789041223 || 2014-07-18 15:03:32 |
| 1971 || 27.0839281218699 || 2015-10-04 08:39:37 |
| 1972 || -0.291543178529705 || 2016-12-24 16:19:56 |
| 1973 || 10.2474942620144 || 2012-11-27 23:53:57 |
| 1974 || 65.4218690351869 || 2013-07-05 04:08:50 |
| 1975 || 56.4356904606556 || 2014-06-11 17:42:48 |
| 1976 || 2.78304856386326 || 2017-02-18 07:30:08 |
| 1977 || 6.0617175940419 || 2018-03-04 15:40:31 |
| 1978 || 2.3458563418509 || 2010-03-14 15:55:59 |
| 1979 || -16.2984007084706 || 2012-04-09 15:01:58 |
| 1980 || 88.2936941160825 || 2013-03-02 17:00:17 |
| 1981 || 1.91621986323358 || 2013-03-16 14:10:29 |
| 1982 || 9.06531254666177 || 2010-02-07 12:21:32 |
| 1983 || 2.11264723554115 || 2010-09-13 14:10:59 |
| 1984 || 41.3693312804402 || 2013-06-02 17:46:07 |
| 1985 || -3.92003926688988 || 2013-09-20 23:28:31 |
| 1986 || 54.4046080504647 || 2012-11-11 00:30:14 |
| 1987 || 10.1575472383757 || 2011-04-03 21:08:48 |
| 1988 || 4.32812419796545 || 2018-04-18 01:57:35 |
| 1989 || 4.62615206162641 || 2014-01-18 09:46:39 |
| 1990 || 69.6780131634309 || 2013-03-21 07:37:59 |
| 1991 || 66.3294568024847 || 2017-07-01 08:59:31 |
| 1992 || -5.61599541923096 || 2014-10-15 01:32:55 |
| 1993 || 2.24089885169835 || 2011-10-17 18:42:07 |
| 1994 || -8.42781599843747 || 2013-05-13 15:06:49 |
| 1995 || 49.3841184310079 || 2015-08-20 09:03:06 |
| 1996 || 61.1829270744818 || 2013-03-27 15:02:38 |
| 1997 || -6.91925897244583 || 2017-10-07 06:07:25 |
| 1998 || 0.531096166515135 || 2016-04-19 08:02:23 |
| 1999 || 2.91295414944354 || 2011-10-13 01:13:06 |
| 2000 || -10.8967555606773 || 2010-01-22 05:25:43 |
| 2001 || -20.199232823829 || 2018-11-12 19:39:33 |
| 2002 || 3.07400476880497 || 2013-04-25 01:07:23 |
| 2003 || 0.00524799259306269 || 2014-02-19 06:05:31 |
| 2004 || 11.8049769700582 || 2012-10-14 06:33:55 |
| 2005 || -19.5868605421259 || 2013-03-13 15:24:56 |
| 2006 || 55.0967443199783 || 2010-09-21 18:18:49 |
| 2007 || -2.34349799104915 || 2017-04-19 21:12:25 |
| 2008 || 0.0124999303487855 || 2019-11-03 03:59:55 |
| 2009 || -9.49696024167336 || 2019-11-18 12:39:49 |
| 2010 || -26.3187879559664 || 2017-07-03 06:36:49 |
| 2011 || 51.9849070433128 || 2011-04-07 21:15:58 |
| 2012 || -11.0746335293295 || 2011-01-17 19:51:34 |
| 2013 || 0.0532672207784799 || 2017-01-05 03:55:48 |
| 2014 || 15.0499357643267 || 2013-06-18 23:30:54 |
| 2015 || 52.1582087774016 || 2015-11-15 21:09:16 |
| 2016 || 86.2692880265354 || 2015-06-02 18:54:04 |
| 2017 || 6.2686426849787 || 2012-08-19 22:05:59 |
| 2018 || 0.263119567221158 || 2013-06-14 12:39:44 |
| 2019 || 18.4628945999584 || 2019-02-25 12:25:09 |
| 2020 || 70.2549920443617 || 2016-11-22 00:05:56 |
| 2021 || 44.4029322830832 || 2010-09-04 17:57:23 |
| 2022 || 47.3259826834676 || 2015-02-07 05:34:29 |
| 2023 || -0.882877521718431 || 2017-06-04 19:02:08 |
| 2024 || 11.2350852955255 || 2011-05-08 11:02:59 |
| 2025 || 64.9741158687737 || 2017-12-23 08:39:54 |
| 2026 || 3.24942892815465 || 2016-05-26 03:43:39 |
| 2027 || -17.5028770430737 || 2019-08-26 20:18:25 |
| 2028 || -0.792036862301089 || 2017-03-19 02:52:02 |
| 2029 || -3.13980068100924 || 2011-12-17 07:50:35 |
| 2030 || 10.4780239288184 || 2017-04-12 11:04:35 |
| 2031 || 51.9593985849769 || 2010-07-19 22:51:24 |
| 2032 || 9.4209813079196 || 2019-07-12 21:36:13 |
| 2033 || -2.68968861806555 || 2014-09-19 23:53:27 |
| 2034 || 7.79998124218137 || 2014-10-11 07:51:48 |
| 2035 || -9.07361840658933 || 2017-05-15 21:43:04 |
| 2036 || -28.9700922457725 || 2012-01-16 17:18:19 |
| 2037 || 57.5146317284323 || 2018-07-25 19:37:45 |
| 2038 || 10.050091970609 || 2016-02-10 14:47:36 |
| 2039 || 2.60410901729794 || 2017-11-03 06:08:53 |
| 2040 || 7.69742701763094 || 2015-09-14 23:01:06 |
| 2041 || 45.704038735706 || 2010-08-07 14:49:31 |
| 2042 || -17.2592964407632 || 2015-03-01 19:50:01 |
| 2043 || -4.66341934459207 || 2019-09-22 11:26:12 |
| 2044 || 2.85755257963803 || 2012-08-06 05:15:13 |
| 2045 || -2.31034917245615 || 2016-03-01 15:36:18 |
| 2046 || 43.9175729735968 || 2013-06-05 15:25:23 |
| 2047 || 61.2309382491448 || 2015-11-22 02:52:00 |
| 2048 || 18.4300782595329 || 2011-02-07 16:49:10 |
| 2049 || 1.00531064975356 || 2013-08-19 19:00:04 |
| 2050 || -13.4860075149127 || 2017-02-12 17:18:59 |
| 2051 || 79.4845698956549 || 2016-04-09 00:59:00 |
| 2052 || 45.1920042391172 || 2017-11-14 03:39:02 |
| 2053 || 4.28252696036273 || 2011-04-22 14:20:56 |
| 2054 || -0.0626125436240843 || 2018-09-22 15:15:33 |
| 2055 || 33.9650499765296 || 2019-04-11 07:14:35 |
| 2056 || 71.3374399406432 || 2011-10-22 19:41:03 |
| 2057 || 62.5132674531295 || 2019-01-25 22:46:27 |
| 2058 || -8.02445159237275 || 2011-04-17 23:09:17 |
| 2059 || 0.000417441454268129 || 2018-11-16 22:13:43 |
| 2060 || 28.4719001572368 || 2011-06-02 12:23:04 |
| 2061 || 50.8685110281571 || 2019-04-05 04:08:36 |
| 2062 || -14.0691464803229 || 2013-06-20 09:28:31 |
| 2063 || 0.75438038901471 || 2017-04-23 16:10:14 |
| 2064 || 0.157240064639114 || 2012-07-25 03:42:40 |
| 2065 || -7.37509073651051 || 2011-11-27 10:25:22 |
| 2066 || 44.0456041240063 || 2017-01-17 04:20:07 |
| 2067 || 81.1486750590177 || 2018-02-21 00:48:16 |
| 2068 || 16.4250505832378 || 2013-07-02 04:43:58 |
| 2069 || -0.423138284657436 || 2017-11-18 22:51:09 |
| 2070 || -6.00655116493202 || 2017-01-18 14:49:58 |
| 2071 || 72.0597802403324 || 2019-01-03 20:31:04 |
| 2072 || 87.228401097721 || 2014-10-10 04:24:06 |
| 2073 || -2.74799559874718 || 2014-02-24 17:09:51 |
| 2074 || 2.5040887095871 || 2016-10-26 11:57:58 |
| 2075 || 4.10073135389104 || 2011-07-08 14:05:13 |
| 2076 || 24.571084853125 || 2011-10-18 17:20:42 |
| 2077 || 88.1011528581278 || 2013-10-04 06:49:15 |
| 2078 || -14.6954998865178 || 2012-02-16 03:41:19 |
| 2079 || 4.12589782075234 || 2013-03-19 04:35:05 |
| 2080 || 10.787794523163 || 2018-07-25 14:05:30 |
| 2081 || 58.3715987201531 || 2011-01-08 03:30:28 |
| 2082 || 87.316067979246 || 2013-06-27 00:11:06 |
| 2083 || 32.3092456947222 || 2011-09-15 03:47:31 |
| 2084 || 1.75436363910618 || 2017-04-04 18:25:15 |
| 2085 || 7.00486936925527 || 2011-06-04 04:08:21 |
| 2086 || -12.7211995007963 || 2014-06-14 22:47:22 |
| 2087 || 72.0830610164341 || 2017-08-22 09:51:15 |
| 2088 || -8.48743986187124 || 2016-07-25 20:34:41 |
| 2089 || -0.16642257361896 || 2014-02-11 22:41:38 |
| 2090 || 4.6820558746351 || 2010-04-15 00:37:59 |
| 2091 || 5.57989571831265 || 2019-12-26 22:03:01 |
| 2092 || -22.851321036582 || 2019-01-06 06:47:28 |
| 2093 || 59.9165422062978 || 2017-03-02 06:42:27 |
| 2094 || 10.0801391452016 || 2015-12-09 09:41:05 |
| 2095 || 2.49411957631661 || 2019-01-21 14:31:43 |
| 2096 || 46.1520724130561 || 2016-11-24 00:27:17 |
| 2097 || -8.30274269073345 || 2019-05-14 16:32:52 |
| 2098 || 68.8843348792464 || 2014-05-07 02:25:11 |
| 2099 || 8.19529243079696 || 2014-06-06 23:02:54 |
| 2100 || 0.0729122410273003 || 2013-04-21 11:50:42 |
| 2101 || -1.8766682994013 || 2017-05-21 12:17:02 |
| 2102 || 79.0718535848153 || 2010-09-01 17:42:21 |
| 2103 || -20.4888828661027 || 2018-08-02 14:51:30 |
| 2104 || -7.01953033759556 || 2011-07-08 21:56:08 |
| 2105 || -0.0270924609953531 || 2011-03-08 19:05:09 |
| 2106 || 35.0040315174201 || 2012-09-16 11:18:49 |
| 2107 || -5.05033829315955 || 2013-03-09 06:50:36 |
| 2108 || -17.5097916458755 || 2015-03-07 11:09:57 |
| 2109 || -9.00751815196999 || 2017-04-07 09:29:16 |
| 2110 || 0.00213508214964231 || 2019-01-07 17:58:57 |
| 2111 || -1.39927848091446 || 2010-05-21 09:32:18 |
| 2112 || 7.42841506817354 || 2013-10-06 08:42:10 |
| 2113 || 27.952837661425 || 2018-02-11 21:38:33 |
| 2114 || 12.31442710648 || 2011-06-07 03:21:16 |
| 2115 || 0.229914900127126 || 2012-04-22 05:58:24 |
| 2116 || -8.22932081043093 || 2017-04-05 12:04:16 |
| 2117 || 23.3283451027311 || 2014-04-12 17:47:54 |
| 2118 || -27.623934393889 || 2017-11-03 13:24:16 |
| 2119 || 37.1469365593297 || 2015-08-02 07:49:50 |
| 2120 || -0.283439412743772 || 2017-11-12 10:09:30 |
| 2121 || -0.0325942008016571 || 2012-11-17 23:47:59 |
| 2122 || 52.9133254974846 || 2011-08-26 16:04:02 |
| 2123 || -26.4880141460258 || 2018-10-20 14:19:13 |
| 2124 || -8.80379118085811 || 2016-10-27 01:27:17 |
| 2125 || -0.778921467879104 || 2018-10-07 12:45:59 |
| 2126 || 6.66148302063918 || 2016-10-10 00:27:39 |
| 2127 || -13.7753965523938 || 2014-11-19 16:06:24 |
| 2128 || 32.4242475086744 || 2011-04-02 14:57:15 |
| 2129 || 47.9696863630515 || 2017-06-07 14:54:46 |
| 2130 || 4.70187057083532 || 2011-01-20 20:10:11 |
| 2131 || 8.60557133160896 || 2016-06-10 20:58:35 |
| 2132 || -20.7483877956376 || 2010-01-22 07:34:10 |
| 2133 || -21.7022598217852 || 2014-08-17 13:13:06 |
| 2134 || 32.8103555623661 || 2017-07-14 04:23:15 |
| 2135 || 6.38743125330588 || 2018-07-20 01:03:12 |
| 2136 || 8.84922508921629 || 2014-10-25 03:59:06 |
| 2137 || -19.2452376029868 || 2010-12-12 20:44:51 |
| 2138 || 89.8628312386125 || 2013-12-21 04:54:54 |
| 2139 || 58.7011468414221 || 2011-03-09 15:10:28 |
| 2140 || 10.7889614537689 || 2017-09-10 15:20:53 |
| 2141 || 3.94494858369581 || 2018-01-06 17:16:10 |
| 2142 || -13.4757797046622 || 2012-09-04 07:42:30 |
| 2143 || 31.7244452756018 || 2010-09-17 03:17:00 |
| 2144 || 55.3861499975996 || 2012-01-26 09:23:24 |
| 2145 || 14.176684674002 || 2014-08-03 03:09:46 |
| 2146 || 3.41367485377404 || 2018-08-19 03:56:56 |
| 2147 || 29.0980621008706 || 2010-04-11 20:06:31 |
| 2148 || 70.5228696303422 || 2011-11-05 09:31:22 |
| 2149 || 11.7019869807969 || 2010-12-11 21:24:47 |
| 2150 || -5.93676584796968 || 2017-03-22 13:05:29 |
| 2151 || -0.34058381892353 || 2013-12-08 17:59:07 |
| 2152 || 30.2194817535149 || 2012-07-21 02:19:26 |
| 2153 || 75.6353788038368 || 2010-04-09 20:16:39 |
| 2154 || -21.7809304101409 || 2012-07-03 06:04:11 |
| 2155 || -7.00240649334757 || 2015-08-26 17:38:34 |
| 2156 || -0.166102785420384 || 2013-10-22 05:46:48 |
| 2157 || 26.2390310192504 || 2014-08-23 19:53:11 |
| 2158 || 83.9602057557294 || 2019-07-03 00:50:15 |
| 2159 || 18.5216639735725 || 2014-08-26 10:10:51 |
| 2160 || 27.0901027474182 || 2016-07-10 10:30:26 |
| 2161 || -0.00329861852390972 || 2016-03-22 00:03:07 |
| 2162 || 10.1579632283971 || 2014-08-16 13:24:45 |
| 2163 || -17.9432007606399 || 2016-09-09 13:01:16 |
| 2164 || 62.9239540533839 || 2012-11-24 22:52:56 |
| 2165 || 18.3819646072272 || 2016-12-27 20:16:02 |
| 2166 || 0.0640702596851369 || 2014-12-14 14:38:22 |
| 2167 || 6.98101080857398 || 2013-04-14 23:34:18 |
| 2168 || 55.49783463993 || 2010-04-25 14:20:51 |
| 2169 || 39.8746543762722 || 2012-09-11 04:27:07 |
| 2170 || 27.3535498595563 || 2019-09-07 17:41:22 |
| 2171 || 0.206942215048917 || 2010-04-12 08:03:21 |
| 2172 || 21.7036894376301 || 2017-11-03 00:16:06 |
| 2173 || 73.5476656135656 || 2016-03-24 05:15:04 |
| 2174 || 84.0220566814273 || 2012-06-13 08:24:39 |
| 2175 || 43.2649535020329 || 2011-07-02 07:45:26 |
| 2176 || -0.101542301956983 || 2010-11-09 05:33:32 |
| 2177 || -5.73819544948527 || 2015-02-02 04:54:17 |
| 2178 || 20.8743745558215 || 2010-10-18 12:06:59 |
| 2179 || 88.7702642175836 || 2019-01-23 21:04:18 |
| 2180 || 5.69402832529115 || 2017-08-20 02:39:20 |
| 2181 || -1.06609621375895 || 2016-08-05 22:52:28 |
| 2182 || 9.69329847420533 || 2011-12-08 18:15:04 |
| 2183 || 24.6774192537057 || 2012-08-25 18:32:05 |
| 2184 || 43.4518681451325 || 2013-07-17 18:04:20 |
| 2185 || -17.3941070812987 || 2016-02-21 19:40:20 |
| 2186 || 0.9214479151921 || 2015-07-18 12:07:58 |
| 2187 || 5.17323138942175 || 2015-11-27 01:26:53 |
| 2188 || -0.366966903177912 || 2016-04-08 13:38:40 |
| 2189 || -29.9398086956829 || 2010-10-12 05:05:32 |
| 2190 || -14.1395441721429 || 2013-08-15 06:47:06 |
| 2191 || -0.901301798571166 || 2017-05-27 19:37:22 |
| 2192 || -1.92171488008011 || 2014-06-27 23:12:32 |
| 2193 || 10.7054793839537 || 2012-10-12 04:41:56 |
| 2194 || 88.508882970998 || 2018-06-01 11:30:16 |
| 2195 || 65.0957899228939 || 2010-10-24 06:36:27 |
| 2196 || 12.1215749591572 || 2012-05-18 06:34:38 |
| 2197 || 3.18690356247861 || 2010-08-25 02:31:17 |
| 2198 || -15.9788367021829 || 2016-12-18 00:36:20 |
| 2199 || 37.8081158623825 || 2016-08-25 02:57:02 |
| 2200 || -17.2401961072736 || 2017-12-08 23:02:26 |
| 2201 || 17.2817763674601 || 2016-03-04 19:33:56 |
| 2202 || 0.461971833259659 || 2014-04-04 07:18:34 |
| 2203 || -7.48926746105221 || 2018-11-03 05:31:49 |
| 2204 || 17.3552455123633 || 2015-08-07 16:32:20 |
| 2205 || 60.3769230383981 || 2010-07-10 17:02:40 |
| 2206 || 16.1568221848934 || 2015-09-22 12:06:46 |
| 2207 || 0.615189158783105 || 2014-10-07 01:48:28 |
| 2208 || -12.4403786620446 || 2015-05-26 16:04:17 |
| 2209 || -27.4431001859461 || 2018-11-21 13:17:47 |
| 2210 || 51.738342437229 || 2011-10-15 01:29:38 |
| 2211 || 3.45457247758217 || 2017-05-01 16:58:31 |
| 2212 || 0.00205710771055813 || 2017-10-06 18:02:09 |
| 2213 || 1.19511726961934 || 2019-12-23 20:38:07 |
| 2214 || -10.5114867562702 || 2013-05-10 01:38:53 |
| 2215 || 39.6031197290358 || 2019-01-20 18:03:15 |
| 2216 || 11.1819807571346 || 2012-09-05 09:53:11 |
| 2217 || 0.0260660130094361 || 2016-12-27 02:09:12 |
| 2218 || -3.15162043338756 || 2018-06-15 16:51:22 |
| 2219 || 27.3286386431525 || 2011-05-22 00:21:32 |
| 2220 || 81.8790187172094 || 2016-04-17 15:35:35 |
| 2221 || 17.3627013098423 || 2013-02-16 13:11:58 |
| 2222 || 0.0184951107094259 || 2014-08-20 03:32:21 |
| 2223 || -7.56123424486924 || 2012-12-13 05:40:00 |
| 2224 || 34.0533403307717 || 2013-12-09 09:05:44 |
| 2225 || -19.8413488060959 || 2011-06-12 10:06:49 |
| 2226 || 42.3633048922741 || 2014-05-10 14:35:17 |
| 2227 || 0.409035588353576 || 2016-09-03 14:29:30 |
| 2228 || -2.1514248945184 || 2012-12-09 17:22:04 |
| 2229 || -23.3814478229178 || 2019-06-22 15:50:14 |
| 2230 || -25.5318725418108 || 2018-12-26 22:35:19 |
| 2231 || -11.5875466204091 || 2014-07-15 04:35:44 |
| 2232 || -1.24701421663521 || 2015-08-24 01:53:50 |
| 2233 || -3.96177102383265 || 2011-12-05 04:39:39 |
| 2234 || 63.0160398401405 || 2014-04-16 18:24:23 |
| 2235 || -27.1858237122222 || 2015-02-04 13:48:26 |
| 2236 || -14.2941731437751 || 2016-02-04 03:51:09 |
| 2237 || 1.123228324747 || 2012-07-04 07:49:39 |
| 2238 || 3.2703515795607 || 2018-07-21 07:30:09 |
| 2239 || 60.4544189464359 || 2014-09-11 04:38:20 |
| 2240 || 72.9477853195476 || 2013-09-19 09:19:43 |
| 2241 || 51.7348257815743 || 2013-06-18 17:19:18 |
| 2242 || 5.67273750832345 || 2011-04-06 10:13:37 |
| 2243 || -1.85288444461527 || 2013-10-21 19:22:28 |
| 2244 || 54.0817830801923 || 2014-09-03 04:02:47 |
| 2245 || -14.5359213887537 || 2013-11-18 16:10:24 |
| 2246 || -8.13256849210195 || 2013-07-01 03:46:04 |
| 2247 || -0.364841061027654 || 2015-06-17 19:20:24 |
| 2248 || -0.279455915901457 || 2016-03-03 13:26:30 |
| 2249 || 33.7811906838078 || 2014-05-02 19:37:14 |
| 2250 || 86.7118216719649 || 2010-09-03 12:26:24 |
| 2251 || 61.6347448801846 || 2019-06-04 06:36:11 |
| 2252 || -5.34800789712958 || 2010-11-04 20:38:04 |
| 2253 || 1.90763308568157 || 2012-06-07 09:25:20 |
| 2254 || -8.98179605306233 || 2010-11-05 21:20:30 |
| 2255 || 0.361759551864136 || 2013-09-03 00:38:57 |
| 2256 || -24.2546682603755 || 2016-12-05 07:18:02 |
| 2257 || 19.2819362857517 || 2019-04-13 00:10:37 |
| 2258 || -0.321455466403764 || 2014-02-07 16:57:51 |
| 2259 || -1.30321719660346 || 2010-02-08 00:47:56 |
| 2260 || 48.2680436502953 || 2016-06-26 02:40:52 |
| 2261 || -21.8888769150971 || 2017-12-06 14:12:11 |
| 2262 || 6.42686671875744 || 2014-01-14 05:43:05 |
| 2263 || -0.0379299286253628 || 2018-08-25 07:21:23 |
| 2264 || 33.8020590902732 || 2018-10-23 06:01:08 |
| 2265 || 80.6805791118498 || 2015-08-23 02:19:35 |
| 2266 || 76.7869217682795 || 2016-09-20 12:52:58 |
| 2267 || 31.5086025037563 || 2010-12-01 09:16:17 |
| 2268 || -0.00708554716534507 || 2010-01-13 08:43:05 |
| 2269 || -9.47426307151242 || 2010-09-09 11:15:59 |
| 2270 || 44.9934713414181 || 2011-09-21 20:26:00 |
| 2271 || 42.7286598561648 || 2017-05-05 09:46:26 |
| 2272 || 7.97446956877179 || 2014-12-26 15:57:31 |
| 2273 || 0.426693153950336 || 2018-05-12 00:12:50 |
| 2274 || -5.10140969297406 || 2015-03-06 17:09:56 |
| 2275 || 42.5228260978271 || 2016-02-15 16:26:45 |
| 2276 || 62.4914446732139 || 2015-08-07 15:30:44 |
| 2277 || -5.83573937679642 || 2011-06-03 20:45:17 |
| 2278 || -0.51651740965675 || 2015-03-18 16:51:36 |
| 2279 || 2.85364219356353 || 2019-07-21 13:11:01 |
| 2280 || 59.5487743969521 || 2015-03-20 08:47:38 |
| 2281 || 40.0149858722646 || 2014-12-12 17:15:46 |
| 2282 || 7.79483225481412 || 2011-06-25 06:30:09 |
| 2283 || 2.97469141921255 || 2014-06-10 19:33:03 |
| 2284 || 10.6000802867854 || 2011-10-11 16:14:28 |
| 2285 || 10.0936012995264 || 2019-06-03 14:00:05 |
| 2286 || 64.9803374033693 || 2018-09-11 15:02:26 |
| 2287 || 50.1972770343505 || 2018-11-08 09:24:55 |
| 2288 || 3.37838097331043 || 2012-08-23 12:36:33 |
| 2289 || 0.424740480966825 || 2017-11-16 17:57:50 |
| 2290 || 48.3491431410644 || 2017-06-26 11:23:47 |
| 2291 || 89.2632013427111 || 2013-04-03 05:18:27 |
| 2292 || -7.93268779914129 || 2016-01-26 08:58:56 |
| 2293 || 0.78430693270143 || 2010-03-17 06:16:54 |
| 2294 || 7.4611649626799 || 2014-03-18 04:47:30 |
| 2295 || 35.4029518136699 || 2019-05-03 15:32:00 |
| 2296 || -2.99412086988066 || 2014-05-18 09:32:25 |
| 2297 || -21.0927256464855 || 2016-03-19 13:13:50 |
| 2298 || 12.2512719271909 || 2012-01-01 17:38:06 |
| 2299 || -0.735446783060328 || 2019-03-05 20:11:58 |
| 2300 || -13.841956061358 || 2012-02-26 21:59:26 |
| 2301 || 73.8577232031831 || 2013-08-26 07:02:58 |
| 2302 || 48.0060442114493 || 2017-10-25 01:40:17 |
| 2303 || -5.29056475491447 || 2017-02-20 03:03:33 |
| 2304 || 0.78071420853846 || 2014-10-04 02:02:35 |
| 2305 || 19.8062988919808 || 2017-10-13 20:46:07 |
| 2306 || 35.1091122853948 || 2016-08-23 12:00:19 |
| 2307 || -21.793546636108 || 2016-07-08 05:56:03 |
| 2308 || 6.03214903762418 || 2011-05-18 21:58:24 |
| 2309 || -0.385798610430878 || 2014-08-17 12:48:32 |
| 2310 || -12.1789452292886 || 2012-10-17 00:08:59 |
| 2311 || 85.1643581309805 || 2011-01-21 19:48:09 |
| 2312 || -20.3263838777825 || 2018-07-01 05:08:32 |
| 2313 || 13.8490155938203 || 2012-03-15 10:42:43 |
| 2314 || 0.199890090228651 || 2018-05-07 21:54:17 |
| 2315 || 2.29121856921609 || 2011-11-26 02:35:01 |
| 2316 || 75.0805108830582 || 2010-05-18 17:53:39 |
| 2317 || 45.1130649581831 || 2014-09-24 16:11:04 |
| 2318 || 14.6138914692545 || 2015-12-13 11:00:10 |
| 2319 || 0.00108080450144626 || 2018-04-01 15:42:04 |
| 2320 || 29.2961766678441 || 2013-02-15 22:42:20 |
| 2321 || 77.7929372253419 || 2016-05-27 05:44:04 |
| 2322 || 53.4098311800099 || 2018-08-14 18:27:52 |
| 2323 || 9.13467264063548 || 2014-08-09 12:10:30 |
| 2324 || 0.134976297765833 || 2016-10-08 11:58:12 |
| 2325 || 12.6220965438732 || 2019-02-17 14:03:47 |
| 2326 || 62.6645901689304 || 2011-09-26 18:26:13 |
| 2327 || 31.0732737121345 || 2012-03-11 22:16:08 |
| 2328 || 39.1463641377042 || 2016-03-22 14:21:53 |
| 2329 || 0.118595070899835 || 2015-04-12 23:36:34 |
| 2330 || 10.9130464888177 || 2019-09-19 17:25:31 |
| 2331 || 56.9520338982762 || 2017-04-14 08:29:31 |
| 2332 || -28.8471267219762 || 2011-06-24 13:57:56 |
| 2333 || -3.71431796274783 || 2014-08-04 14:29:56 |
| 2334 || 0.0746337996215935 || 2012-07-03 09:00:27 |
| 2335 || -5.17116425577762 || 2012-06-09 07:57:50 |
| 2336 || -10.0489375603979 || 2015-02-06 12:43:56 |
| 2337 || 86.6239561579186 || 2013-02-24 10:53:55 |
| 2338 || 39.4305027969432 || 2019-05-09 06:49:46 |
| 2339 || -0.453597602033933 || 2012-08-26 18:05:38 |
| 2340 || 4.96187928423558 || 2019-12-08 18:11:08 |
| 2341 || -19.0696186669309 || 2014-09-05 05:30:15 |
| 2342 || -14.1321249276293 || 2010-08-06 12:14:26 |
| 2343 || -17.0077078250837 || 2012-04-25 00:32:55 |
| 2344 || 3.79339239236764 || 2010-10-12 09:19:23 |
| 2345 || 3.29280346903246 || 2017-01-06 00:23:19 |
| 2346 || 32.5979831200749 || 2011-06-16 19:24:25 |
| 2347 || 54.1091174938618 || 2012-09-02 20:52:34 |
| 2348 || -20.1038790058588 || 2013-11-10 05:39:35 |
| 2349 || -3.47694074385176 || 2011-08-19 14:51:31 |
| 2350 || -1.12678540287552 || 2017-07-04 12:45:32 |
| 2351 || 35.6211038559304 || 2016-07-07 01:40:21 |
| 2352 || 33.5913535241755 || 2012-10-09 20:42:49 |
| 2353 || 18.2566902848424 || 2017-07-05 05:55:44 |
| 2354 || 15.2816960102919 || 2017-05-20 12:37:46 |
| 2355 || 0.0697149146527658 || 2014-05-02 01:04:59 |
| 2356 || -15.4570355005806 || 2010-04-06 09:45:49 |
| 2357 || -26.6530401868831 || 2011-11-24 22:41:23 |
| 2358 || -20.0432674044629 || 2015-11-09 19:09:01 |
| 2359 || 16.8052118178844 || 2016-02-22 18:44:18 |
| 2360 || -0.470817819423896 || 2015-12-09 11:52:27 |
| 2361 || -1.59968213661072 || 2013-05-10 04:17:19 |
| 2362 || 6.42788374732437 || 2019-01-13 08:12:31 |
| 2363 || 3.11225829133278 || 2016-08-03 01:24:41 |
| 2364 || -7.20532762596954 || 2015-04-20 08:13:40 |
| 2365 || 0.304280591927741 || 2015-07-07 18:38:42 |
| 2366 || 25.6151033802184 || 2014-08-02 06:55:03 |
| 2367 || 37.562491090875 || 2017-06-21 08:18:52 |
| 2368 || 34.6759031890303 || 2011-07-16 15:29:46 |
| 2369 || -1.62080985260847 || 2012-07-16 07:58:19 |
| 2370 || 0.00287140914497687 || 2010-01-24 00:21:22 |
| 2371 || 30.5641179101999 || 2016-07-20 16:36:04 |
| 2372 || 1.73067419722814 || 2014-02-24 23:02:13 |
| 2373 || 25.0605843251925 || 2011-08-25 22:05:37 |
| 2374 || 20.1768418645111 || 2010-04-07 13:33:36 |
| 2375 || -0.0885034915290767 || 2012-01-08 14:38:19 |
| 2376 || 19.2945104485677 || 2014-10-02 01:22:38 |
| 2377 || 45.8035819903516 || 2018-05-25 06:34:24 |
| 2378 || 67.2081481882045 || 2016-11-17 13:13:27 |
| 2379 || -0.945182987401318 || 2011-06-22 01:37:59 |
| 2380 || 1.17993126994414 || 2013-07-05 21:14:58 |
| 2381 || 0.755007472138044 || 2019-11-02 07:02:48 |
| 2382 || 28.9322204233959 || 2014-03-17 00:11:56 |
| 2383 || -1.7794468355498 || 2016-01-25 23:48:29 |
| 2384 || 22.7786883297748 || 2016-07-13 04:55:50 |
| 2385 || 1.42114480500523 || 2014-12-01 17:57:16 |
| 2386 || -5.41937403614908 || 2014-03-10 15:34:19 |
| 2387 || 26.4391475768233 || 2016-08-03 15:43:54 |
| 2388 || 17.0753453225777 || 2019-01-04 20:12:13 |
| 2389 || 3.95227053319461 || 2012-02-09 19:55:07 |
| 2390 || -1.2106598507471 || 2014-01-08 00:53:53 |
| 2391 || -2.95741697317431 || 2012-12-27 18:10:35 |
| 2392 || -4.75167684141286 || 2019-05-18 15:11:15 |
| 2393 || 10.9823730411936 || 2012-04-19 13:12:54 |
| 2394 || -15.7068530491334 || 2011-09-08 20:29:44 |
| 2395 || 4.96137695483495 || 2010-06-14 21:16:47 |
| 2396 || 8.42488469058899 || 2015-12-27 01:40:11 |
| 2397 || -19.105695570719 || 2011-07-15 23:38:50 |
| 2398 || 11.4304264508268 || 2012-05-26 16:52:28 |
| 2399 || 38.3559264403971 || 2018-03-03 04:56:02 |
| 2400 || 0.890538142211612 || 2011-04-21 10:35:03 |
| 2401 || -1.48702512940542 || 2016-06-23 05:58:06 |
| 2402 || 33.1905507868292 || 2019-12-01 17:30:41 |
| 2403 || 46.7563067740027 || 2018-08-12 16:18:31 |
| 2404 || 8.10431673973982 || 2018-06-06 22:48:43 |
| 2405 || -4.90259053760104 || 2014-07-03 08:09:48 |
| 2406 || 0.116168749014234 || 2013-08-23 18:40:10 |
| 2407 || -6.99106948874021 || 2014-08-15 02:34:52 |
| 2408 || -24.3576196214538 || 2018-11-25 00:49:51 |
| 2409 || 26.9994825626244 || 2014-02-07 12:30:22 |
| 2410 || -5.30954519369022 || 2017-02-10 08:33:47 |
| 2411 || 1.47911169156256 || 2012-10-16 07:47:56 |
| 2412 || 37.0831298017628 || 2015-01-02 23:48:25 |
| 2413 || 85.4932612033143 || 2016-01-19 15:22:34 |
| 2414 || 74.9544151029086 || 2018-04-27 04:32:33 |
| 2415 || 23.4885607566112 || 2016-12-17 11:48:52 |
| 2416 || 0.385464770296794 || 2018-01-08 09:17:51 |
| 2417 || -12.0094070406816 || 2012-12-05 11:26:09 |
| 2418 || -27.2982801106145 || 2019-06-27 04:01:25 |
| 2419 || -23.7016073665533 || 2011-11-04 07:25:04 |
| 2420 || 26.1680271389432 || 2011-05-22 13:09:40 |
| 2421 || 0.0244760846945642 || 2011-12-05 11:37:38 |
| 2422 || -9.68801583790166 || 2019-09-17 23:07:18 |
| 2423 || 7.40139478683386 || 2013-04-10 04:37:24 |
| 2424 || 12.6559042603775 || 2012-11-27 22:41:12 |
| 2425 || 12.1298014458454 || 2010-08-05 22:59:51 |
| 2426 || 0.167256689804112 || 2013-07-07 05:45:40 |
| 2427 || -6.00271538916999 || 2013-02-02 06:16:46 |
| 2428 || 60.1606670285321 || 2019-11-03 17:15:45 |
| 2429 || 65.6724576265775 || 2015-07-12 07:46:28 |
| 2430 || 19.822154115325 || 2019-10-13 22:31:35 |
| 2431 || 0.163469512722199 || 2015-12-20 10:55:50 |
| 2432 || 13.247633894777 || 2018-06-20 15:36:37 |
| 2433 || 73.4527159368269 || 2011-04-23 02:55:29 |
| 2434 || 25.2939021486134 || 2010-05-02 07:23:20 |
| 2435 || -9.95355735464223 || 2013-09-08 07:30:08 |
| 2436 || 0.955898981688145 || 2010-03-13 19:28:53 |
| 2437 || 0.371373445147267 || 2017-09-03 00:22:36 |
| 2438 || 63.421645497377 || 2018-11-10 12:05:14 |
| 2439 || 44.9847417249695 || 2019-09-19 08:38:35 |
| 2440 || 48.2093196227164 || 2018-07-04 01:09:58 |
| 2441 || 3.74348769481699 || 2016-10-25 15:27:37 |
| 2442 || -0.413932476301702 || 2013-07-25 20:58:46 |
| 2443 || -13.5758156724281 || 2019-04-15 22:32:29 |
| 2444 || 89.2036545350555 || 2011-07-19 13:59:33 |
| 2445 || 11.1505041654755 || 2010-01-24 15:07:12 |
| 2446 || 6.47617687150135 || 2012-02-13 17:14:57 |
| 2447 || -3.08708234212322 || 2013-11-06 17:44:57 |
| 2448 || 57.3825247388931 || 2014-12-20 00:01:17 |
| 2449 || 4.71656990117932 || 2014-10-17 20:16:29 |
| 2450 || -13.4034116252975 || 2011-10-10 22:35:12 |
| 2451 || -3.43617029412893 || 2013-01-26 22:27:48 |
| 2452 || -2.13404011225612 || 2011-12-05 06:23:58 |
| 2453 || -14.6421072533056 || 2014-11-09 05:32:03 |
| 2454 || 72.3064894806872 || 2017-05-16 04:01:59 |
| 2455 || -3.09118636100596 || 2017-12-20 21:23:00 |
| 2456 || 1.82767104947778 || 2011-01-25 06:48:17 |
| 2457 || -1.18043194215868 || 2019-06-21 22:08:45 |
| 2458 || -3.55977345383224 || 2017-08-25 21:04:58 |
| 2459 || 11.6479990073579 || 2011-10-13 17:14:51 |
| 2460 || 43.7517120266407 || 2015-08-23 06:23:30 |
| 2461 || 17.3982930207701 || 2015-05-11 06:08:08 |
| 2462 || 0.0645240225900415 || 2016-09-04 08:41:06 |
| 2463 || 43.1046545583042 || 2018-06-03 01:34:50 |
| 2464 || 80.3974841279282 || 2015-05-26 04:09:19 |
| 2465 || 25.1025352429439 || 2018-01-20 05:44:12 |
| 2466 || 9.99978056863949 || 2013-07-09 03:42:27 |
| 2467 || 0.23667133313091 || 2017-05-07 14:21:31 |
| 2468 || 7.56654412264673 || 2011-12-03 21:22:21 |
| 2469 || 37.9788268748901 || 2013-09-25 20:06:19 |
| 2470 || -25.5037518897387 || 2015-10-01 20:40:51 |
| 2471 || -8.26068579943639 || 2019-09-22 01:50:35 |
| 2472 || 0.000637842191568888 || 2011-09-20 08:40:45 |
| 2473 || 31.1353491877222 || 2016-11-22 06:38:56 |
| 2474 || 41.2155512782159 || 2010-02-16 05:03:51 |
| 2475 || -13.2930871010291 || 2016-04-07 16:43:09 |
| 2476 || 31.3844321165627 || 2015-02-10 16:00:05 |
| 2477 || 0.0493267458316879 || 2016-08-02 01:04:58 |
| 2478 || 3.659183614903 || 2015-01-10 09:40:07 |
| 2479 || -20.2726178763296 || 2019-07-18 15:32:58 |
| 2480 || 46.8122235910052 || 2012-02-04 22:53:05 |
| 2481 || -12.4899586146942 || 2016-06-16 09:17:43 |
| 2482 || -0.244989167713021 || 2015-10-18 04:07:08 |
| 2483 || 9.06695832482352 || 2013-05-06 16:15:07 |
| 2484 || 54.1491700587778 || 2013-09-22 01:37:30 |
| 2485 || -23.6185149619883 || 2013-07-22 16:33:13 |
| 2486 || 42.2027332642932 || 2019-01-21 18:24:49 |
| 2487 || 2.07793169054258 || 2017-01-15 20:55:55 |
| 2488 || -2.0845010813244 || 2015-12-07 02:51:25 |
| 2489 || 64.4534041829423 || 2013-04-27 10:41:52 |
| 2490 || 86.5840424424305 || 2018-12-24 01:52:21 |
| 2491 || -15.8292983770899 || 2012-02-08 12:54:04 |
| 2492 || -1.24919644776751 || 2013-09-25 08:11:48 |
| 2493 || -0.583075809027523 || 2010-05-19 18:58:19 |
| 2494 || -6.54440071183988 || 2011-05-24 14:31:59 |
| 2495 || 69.2502972390398 || 2015-10-17 23:50:05 |
| 2496 || 49.0417349481834 || 2013-05-20 16:05:21 |
| 2497 || -1.37306522738129 || 2019-10-10 11:44:45 |
| 2498 || 4.716411710921 || 2017-01-21 03:10:18 |
| 2499 || 33.9855944322089 || 2012-06-16 08:09:31 |
| 2500 || 59.9616073584582 || 2010-12-09 21:22:36 |
| 2501 || -19.606990223727 || 2014-10-12 22:07:09 |
| 2502 || -2.33689761276426 || 2013-10-15 09:00:05 |
| 2503 || -2.29884067491244 || 2015-10-14 10:09:46 |
| 2504 || 22.5068699376531 || 2019-04-01 03:00:48 |
| 2505 || 82.3347772816302 || 2010-03-15 12:58:53 |
| 2506 || 59.1680342923189 || 2013-05-04 17:18:04 |
| 2507 || 12.5710095067648 || 2016-07-25 07:59:11 |
| 2508 || -1.43665457515469 || 2010-08-04 20:36:36 |
| 2509 || -8.94769168887361 || 2013-12-08 02:08:12 |
| 2510 || 70.0982176952228 || 2018-10-23 02:41:44 |
| 2511 || -23.109379502285 || 2013-07-11 10:59:52 |
| 2512 || 11.4199620262449 || 2019-01-08 09:30:51 |
| 2513 || 1.49253262260478 || 2015-12-21 16:58:15 |
| 2514 || 39.3331457131549 || 2010-09-06 13:38:58 |
| 2515 || -27.0167473286876 || 2010-10-01 01:59:39 |
| 2516 || 24.6473360639137 || 2016-04-20 14:06:29 |
| 2517 || 13.3856925235954 || 2017-01-18 20:43:05 |
| 2518 || 0.0525383553630108 || 2011-11-03 10:40:48 |
| 2519 || -12.731493007289 || 2013-01-11 15:49:31 |
| 2520 || 83.0758199409237 || 2012-10-01 15:26:33 |
| 2521 || 46.7875508315569 || 2011-03-18 11:59:22 |
| 2522 || -1.55002747086724 || 2018-11-01 21:03:47 |
| 2523 || 0.0805781574747392 || 2013-06-07 12:35:07 |
| 2524 || 18.1633970171576 || 2012-10-02 19:43:08 |
| 2525 || 67.731077958023 || 2018-06-08 17:01:15 |
| 2526 || 18.5024298290704 || 2013-08-15 14:23:07 |
| 2527 || 1.31977301135743 || 2019-02-24 09:59:28 |
| 2528 || 0.0253248258158757 || 2013-01-04 09:34:01 |
| 2529 || 9.07835245020882 || 2015-12-06 05:47:01 |
| 2530 || 63.4068291647828 || 2015-11-08 06:54:43 |
| 2531 || 61.1471978144132 || 2012-10-18 08:24:52 |
| 2532 || 26.9221134236901 || 2016-03-14 10:59:13 |
| 2533 || 0.244893337079082 || 2013-10-01 18:32:21 |
| 2534 || 13.984946811654 || 2014-06-26 19:04:23 |
| 2535 || 6.31163788762843 || 2012-02-06 18:43:07 |
| 2536 || 36.1400775671824 || 2010-10-17 02:34:57 |
| 2537 || -12.1905137526355 || 2010-03-15 17:34:28 |
| 2538 || -0.491941932796119 || 2010-05-06 01:03:52 |
| 2539 || 6.32063480417517 || 2017-06-24 08:08:13 |
| 2540 || -20.1190525072128 || 2013-01-25 12:31:15 |
| 2541 || -15.6566827938929 || 2011-05-11 00:32:37 |
| 2542 || -0.251843016728295 || 2014-07-09 04:00:06 |
| 2543 || 3.44506498242944 || 2016-06-06 07:32:47 |
| 2544 || 13.7413582198137 || 2012-06-24 08:02:04 |
| 2545 || 5.56799368255844 || 2015-10-02 02:47:37 |
| 2546 || -29.2612719991469 || 2013-05-25 20:02:06 |
| 2547 || -7.17084946079486 || 2017-03-10 06:23:35 |
| 2548 || -1.91812591268965 || 2010-04-02 17:38:05 |
| 2549 || 1.37511280100112 || 2012-03-27 03:32:28 |
| 2550 || 55.6073532707812 || 2019-01-12 13:39:07 |
| 2551 || 44.5335399603941 || 2014-02-03 14:26:39 |
| 2552 || -18.9109409209287 || 2013-07-09 00:51:28 |
| 2553 || 8.53295301498703 || 2017-09-07 23:25:57 |
| 2554 || 5.61972250810307 || 2019-01-02 01:15:33 |
| 2555 || 47.7923322858138 || 2018-11-17 00:30:58 |
| 2556 || 85.7998180766134 || 2016-11-20 11:52:04 |
| 2557 || -14.1593841742351 || 2017-11-10 16:43:02 |
| 2558 || -3.5497593393308 || 2015-10-17 16:03:01 |
| 2559 || 1.72850150008991 || 2017-02-22 06:34:25 |
| 2560 || -16.7934143484883 || 2018-12-07 14:51:13 |
| 2561 || 78.5419429685147 || 2015-02-22 16:33:49 |
| 2562 || 67.1033406482772 || 2014-07-12 11:16:51 |
| 2563 || 3.12052623182267 || 2016-01-01 01:39:38 |
| 2564 || 0.691674096455883 || 2011-08-07 00:05:04 |
| 2565 || 35.3162726742329 || 2016-11-20 05:24:19 |
| 2566 || 47.8925213272241 || 2012-12-23 12:30:20 |
| 2567 || 43.6677633277819 || 2011-03-13 03:00:31 |
| 2568 || 19.4853965658199 || 2015-05-27 19:30:28 |
| 2569 || 0.0367603132363182 || 2010-02-17 00:07:14 |
| 2570 || -4.79125192144577 || 2011-08-02 07:39:27 |
| 2571 || 43.1443348315949 || 2012-10-11 22:29:58 |
| 2572 || 62.4807979735118 || 2013-08-27 04:24:34 |
| 2573 || -6.41377295536241 || 2017-02-21 19:50:34 |
| 2574 || 0.184238285456064 || 2017-01-17 05:02:49 |
| 2575 || 10.1867110731114 || 2019-07-02 01:44:50 |
| 2576 || 51.6193153990866 || 2012-07-05 21:30:17 |
| 2577 || -5.19237937153654 || 2019-09-22 18:31:49 |
| 2578 || -6.7407785847018 || 2013-03-08 20:18:29 |
| 2579 || 0.00646773348252039 || 2015-11-10 11:36:57 |
| 2580 || 21.1594594872349 || 2018-10-09 04:30:49 |
| 2581 || 50.0981889887393 || 2013-03-11 05:55:57 |
| 2582 || 28.9055862710908 || 2013-10-21 13:24:22 |
| 2583 || 31.9549329070012 || 2018-01-01 18:04:11 |
| 2584 || 0.431374149735445 || 2018-06-27 04:31:00 |
| 2585 || 23.1429264109974 || 2018-06-25 20:25:45 |
| 2586 || -13.0318794597829 || 2014-01-22 17:07:47 |
| 2587 || 9.01751159068499 || 2013-04-21 14:06:11 |
| 2588 || 31.8424346041147 || 2013-03-11 05:07:50 |
| 2589 || 0.966094019994877 || 2017-04-02 21:54:41 |
| 2590 || -4.22277451285496 || 2018-08-12 00:15:10 |
| 2591 || 19.4701965996896 || 2012-01-01 01:35:51 |
| 2592 || 24.6752909505247 || 2012-07-24 17:55:30 |
| 2593 || 34.9900441544609 || 2015-08-16 20:30:51 |
| 2594 || 1.97393284700354 || 2011-01-24 20:44:40 |
| 2595 || 12.8719432647608 || 2011-07-12 21:53:36 |
| 2596 || -16.5143859752004 || 2018-01-12 21:45:05 |
| 2597 || 8.42654025414824 || 2011-04-20 08:58:22 |
| 2598 || -8.20889688349019 || 2019-08-24 05:49:22 |
| 2599 || 4.86340230863193 || 2019-03-15 09:58:09 |
| 2600 || 6.82646328669781 || 2019-10-20 10:57:53 |
| 2601 || -17.7228110335273 || 2015-02-25 01:13:24 |
| 2602 || 76.8429452311702 || 2015-04-11 01:06:07 |
| 2603 || 25.9943787605231 || 2013-01-10 14:19:44 |
| 2604 || 8.43505425396113 || 2016-07-04 08:07:43 |
| 2605 || 2.88064092420461 || 2015-07-20 16:00:33 |
| 2606 || -18.7188691555665 || 2011-11-19 12:43:29 |
| 2607 || 55.1821854425582 || 2016-01-02 11:26:49 |
| 2608 || -8.80878188469836 || 2019-05-06 21:50:26 |
| 2609 || -3.92029579497103 || 2019-01-07 03:16:29 |
| 2610 || 3.62508219587715 || 2013-08-19 17:27:19 |
| 2611 || 39.8720220503477 || 2014-06-24 10:18:52 |
| 2612 || -26.7350473687033 || 2013-02-10 09:15:29 |
| 2613 || 34.9923488923775 || 2015-07-23 14:25:52 |
| 2614 || 11.9812721345558 || 2014-06-05 13:11:49 |
| 2615 || -0.329361957955305 || 2011-12-18 05:56:46 |
| 2616 || 43.4830776430805 || 2012-09-18 03:54:21 |
| 2617 || 72.2793454555641 || 2018-04-25 20:31:16 |
| 2618 || 66.6047498134708 || 2016-10-12 19:35:29 |
| 2619 || 19.3056473278622 || 2013-05-09 15:48:05 |
| 2620 || 1.36616175595532 || 2014-03-14 05:01:08 |
| 2621 || 32.6055208109017 || 2012-02-05 10:09:01 |
| 2622 || 50.0121364972329 || 2010-10-07 19:26:06 |
| 2623 || 6.17047200786693 || 2014-04-22 07:54:31 |
| 2624 || 11.1059016212274 || 2010-05-12 21:19:51 |
| 2625 || 7.86363996256895e-05 || 2012-08-23 22:56:58 |
| 2626 || -7.828630278926 || 2019-06-02 13:16:52 |
| 2627 || -26.5591341603518 || 2012-03-10 06:22:31 |
| 2628 || 42.0720248676962 || 2011-09-01 13:28:29 |
| 2629 || 5.06146807120598 || 2011-08-25 06:40:41 |
| 2630 || 0.000159588726347815 || 2012-07-01 02:57:40 |
| 2631 || -6.51154522613874 || 2011-03-24 17:12:42 |
| 2632 || -17.5262847150134 || 2019-04-25 13:45:53 |
| 2633 || 9.89102371809266 || 2010-08-25 13:40:53 |
| 2634 || 35.0406638053294 || 2013-03-05 11:57:22 |
| 2635 || -0.0847629450303944 || 2016-01-04 05:07:39 |
| 2636 || 7.39897892526614 || 2012-07-16 20:58:27 |
| 2637 || 32.9090337839197 || 2012-09-06 00:30:17 |
| 2638 || 72.8545910222941 || 2016-01-14 09:31:13 |
| 2639 || -13.4623658057284 || 2010-11-23 05:46:08 |
| 2640 || 0.0508309372390513 || 2010-07-10 17:11:21 |
| 2641 || 19.3629136351535 || 2015-04-09 23:27:24 |
| 2642 || 68.2034390263391 || 2013-10-23 04:58:12 |
| 2643 || 7.73095168567404 || 2018-08-16 10:37:46 |
| 2644 || 18.4332696568997 || 2010-11-21 22:23:08 |
| 2645 || -0.945613512094789 || 2012-01-03 12:51:21 |
| 2646 || 0.182639987981346 || 2019-09-20 02:58:27 |
| 2647 || 32.9011924998301 || 2012-05-19 17:55:34 |
| 2648 || 88.935232380216 || 2014-12-27 02:58:40 |
| 2649 || 9.00993873725065 || 2013-01-24 19:03:54 |
| 2650 || 1.10113508802077 || 2013-02-22 21:34:35 |
| 2651 || -3.9572047727282 || 2019-01-27 17:01:24 |
| 2652 || 15.5645802767694 || 2016-07-08 05:43:54 |
| 2653 || 23.7955296460019 || 2015-02-01 10:37:47 |
| 2654 || -17.5487507056836 || 2012-03-22 10:40:28 |
| 2655 || 3.00755492856463 || 2014-04-02 16:04:39 |
| 2656 || 7.74540243192726 || 2015-02-18 08:20:33 |
| 2657 || 3.06290852117456 || 2012-12-15 03:48:15 |
| 2658 || 67.9830776676056 || 2014-08-10 03:36:58 |
| 2659 || 1.54437972681811 || 2016-04-16 01:58:40 |
| 2660 || 11.169213516831 || 2010-02-02 02:29:00 |
| 2661 || 5.677246844429 || 2011-09-08 23:45:49 |
| 2662 || 39.294814176285 || 2018-04-22 17:51:21 |
| 2663 || 88.5089841576696 || 2014-05-16 15:50:30 |
| 2664 || 22.4113839846017 || 2013-08-23 04:52:37 |
| 2665 || 15.0092789407912 || 2015-03-15 06:23:46 |
| 2666 || 2.23832631922877 || 2010-09-02 06:17:24 |
| 2667 || -15.4185302908921 || 2013-04-16 06:49:29 |
| 2668 || -12.6426010559601 || 2018-05-24 16:43:30 |
| 2669 || -20.0022394319923 || 2013-10-08 13:56:03 |
| 2670 || -5.54039621479713 || 2013-10-06 13:41:21 |
| 2671 || -0.262306208314567 || 2012-03-22 02:50:58 |
| 2672 || 41.4219237388189 || 2017-03-26 07:54:31 |
| 2673 || -18.5350500917508 || 2017-01-19 13:51:19 |
| 2674 || 1.43291312175395 || 2016-01-24 06:18:11 |
| 2675 || 16.4401811634978 || 2015-10-14 05:57:01 |
| 2676 || 0.491569277889828 || 2016-04-23 08:46:31 |
| 2677 || 34.4967310949446 || 2019-02-13 06:48:52 |
| 2678 || -27.8092153439318 || 2012-09-19 20:32:51 |
| 2679 || 22.4106677233894 || 2014-08-18 20:08:03 |
| 2680 || -4.55025045899591 || 2019-01-06 06:43:13 |
| 2681 || 0.0167606894034341 || 2018-11-21 06:01:43 |
| 2682 || 20.2538997457888 || 2012-09-23 10:37:36 |
| 2683 || 47.4094471039946 || 2018-07-21 22:06:23 |
| 2684 || -18.1082694189053 || 2010-10-19 13:38:56 |
| 2685 || 34.0472719647686 || 2018-07-04 07:11:14 |
| 2686 || -0.0354917568620027 || 2014-12-11 19:27:33 |
| 2687 || -4.59940387961043 || 2011-07-13 23:06:33 |
| 2688 || -15.7876106584047 || 2010-11-07 19:43:28 |
| 2689 || 60.9732056483564 || 2016-02-02 15:47:31 |
| 2690 || -13.0781898307923 || 2011-12-20 18:58:10 |
| 2691 || 0.225011156639131 || 2019-11-05 00:32:03 |
| 2692 || 17.0248698894439 || 2015-09-06 23:51:57 |
| 2693 || 72.9052182525295 || 2018-05-17 16:43:28 |
| 2694 || 86.0508201617178 || 2019-01-17 18:24:53 |
| 2695 || 36.2467565675121 || 2010-07-20 13:33:20 |
| 2696 || 2.18127164587435 || 2017-09-13 00:32:58 |
| 2697 || 2.12328175475432 || 2015-03-15 03:52:39 |
| 2698 || 62.7557051991925 || 2011-10-19 02:48:50 |
| 2699 || 46.798879093027 || 2018-09-05 16:47:11 |
| 2700 || -9.55460848906005 || 2010-04-03 08:46:26 |
| 2701 || 4.20289727242113 || 2019-10-05 05:46:34 |
| 2702 || 12.8813170828608 || 2018-05-13 05:07:27 |
| 2703 || 64.0415475147027 || 2014-01-26 04:15:09 |
| 2704 || 5.16779065003391 || 2016-10-10 18:42:22 |
| 2705 || 41.0729733208198 || 2019-04-11 03:12:58 |
| 2706 || 1.92466644558078 || 2012-03-22 14:44:59 |
| 2707 || 8.0259686511698 || 2019-09-26 07:49:03 |
| 2708 || 53.9970266492438 || 2014-04-18 09:36:23 |
| 2709 || -16.9267432321231 || 2013-12-11 23:08:54 |
| 2710 || -16.367875120153 || 2010-09-13 07:56:13 |
| 2711 || 5.0277544344914 || 2013-08-22 17:58:59 |
| 2712 || 6.22485434420526 || 2016-12-16 14:30:20 |
| 2713 || 27.2391635610272 || 2014-02-10 21:44:03 |
| 2714 || -8.50338272124426 || 2018-07-12 13:48:26 |
| 2715 || 62.5284169528158 || 2013-02-16 16:52:51 |
| 2716 || 11.9896849127607 || 2012-10-19 17:00:38 |
| 2717 || 2.57496882537978 || 2017-03-12 05:00:54 |
| 2718 || -16.1170667027579 || 2012-03-08 00:24:23 |
| 2719 || 64.9429745718161 || 2010-03-27 11:30:19 |
| 2720 || 68.9858429440491 || 2014-01-22 02:37:14 |
| 2721 || -4.95664590784185 || 2013-10-14 23:38:15 |
| 2722 || 1.76447378623675 || 2012-09-03 22:59:09 |
| 2723 || 33.6252327674327 || 2015-07-18 08:03:51 |
| 2724 || 53.8780651907716 || 2018-05-24 01:02:59 |
| 2725 || 45.0232859010354 || 2012-11-24 14:23:27 |
| 2726 || 20.7798620533395 || 2012-09-02 09:56:01 |
| 2727 || 0.399794775478245 || 2019-07-14 15:26:38 |
| 2728 || -12.2128757471618 || 2010-03-02 08:58:00 |
| 2729 || 77.1822999383423 || 2016-02-14 16:27:14 |
| 2730 || 61.5117839441 || 2012-01-03 17:18:20 |
| 2731 || -8.09031470649382 || 2015-04-21 20:55:03 |
| 2732 || 0.0569976596675017 || 2011-08-04 12:07:26 |
| 2733 || 2.91550096990044 || 2011-07-01 22:16:46 |
| 2734 || 18.2075012207652 || 2019-02-15 03:55:16 |
| 2735 || 45.0955330885359 || 2012-05-21 16:23:26 |
| 2736 || -9.66520913860763 || 2010-04-22 08:25:21 |
| 2737 || -0.0270609735979295 || 2011-01-05 05:47:28 |
| 2738 || 26.7428804841896 || 2013-11-06 14:08:46 |
| 2739 || -5.61928043690198 || 2016-11-05 21:56:19 |
| 2740 || -21.7871817697142 || 2011-04-19 06:30:59 |
| 2741 || -4.8854071510786 || 2018-06-08 02:41:42 |
| 2742 || 0.759996029290473 || 2017-02-19 03:58:12 |
| 2743 || 6.88588600269195 || 2013-04-22 06:33:25 |
| 2744 || 74.0950526674061 || 2016-05-27 05:55:15 |
| 2745 || 65.1032143514515 || 2019-05-12 14:40:17 |
| 2746 || -8.21314237966744 || 2017-08-02 21:35:44 |
| 2747 || 1.36609079523965 || 2017-03-04 03:30:19 |
| 2748 || -1.30773490956068 || 2017-10-08 23:09:00 |
| 2749 || 69.6907139617282 || 2013-04-14 10:32:58 |
| 2750 || 73.569229949558 || 2019-07-11 04:42:05 |
| 2751 || 30.2758978344934 || 2010-03-13 18:37:49 |
| 2752 || 3.3643435573863 || 2012-08-20 15:02:31 |
| 2753 || 6.69327586991461 || 2017-04-03 16:31:27 |
| 2754 || 63.6168901337252 || 2017-07-19 20:05:12 |
| 2755 || 74.0994081350484 || 2018-10-25 23:19:28 |
| 2756 || 49.4092764328865 || 2013-02-09 19:48:35 |
| 2757 || 3.0601495647336 || 2010-06-21 18:39:36 |
| 2758 || 9.92785002135068 || 2014-06-06 06:15:40 |
| 2759 || 37.0295691069127 || 2016-01-10 04:30:07 |
| 2760 || 79.4115503093998 || 2011-03-03 07:33:11 |
| 2761 || -14.7407270854287 || 2018-04-13 13:49:39 |
| 2762 || 9.25749831278456 || 2016-03-02 17:32:23 |
| 2763 || -2.12361611960271 || 2013-10-11 18:25:20 |
| 2764 || 1.45666640919077 || 2015-06-19 03:17:33 |
| 2765 || -9.02219517085331 || 2018-06-03 00:43:45 |
| 2766 || 3.87666985629654 || 2014-11-18 04:32:57 |
| 2767 || 2.81566654122103 || 2016-07-22 00:59:15 |
| 2768 || 3.72962202135935 || 2014-05-20 00:29:35 |
| 2769 || 43.249363767952 || 2015-07-06 15:38:19 |
| 2770 || -29.1148749989331 || 2017-10-17 12:37:46 |
| 2771 || 56.0142319208197 || 2019-10-04 08:41:35 |
| 2772 || 16.1592497384503 || 2012-08-09 04:39:29 |
| 2773 || 1.3066532779166 || 2013-12-24 11:19:35 |
| 2774 || 19.3693169467718 || 2014-04-14 03:17:44 |
| 2775 || -24.3196218943524 || 2014-03-08 12:17:47 |
| 2776 || 71.0017026919457 || 2015-07-08 03:31:13 |
| 2777 || 4.84769132055695 || 2017-01-20 15:10:54 |
| 2778 || 0.235530912198019 || 2019-02-08 18:14:10 |
| 2779 || 36.0457396222808 || 2015-08-23 22:34:34 |
| 2780 || -0.502245735790963 || 2015-08-12 02:40:39 |
| 2781 || 55.7832176998354 || 2013-04-16 15:20:15 |
| 2782 || -4.12070045838059 || 2013-07-24 19:45:23 |
| 2783 || 0.0516238858543401 || 2018-11-12 17:40:43 |
| 2784 || 28.8547832392877 || 2010-05-03 16:14:58 |
| 2785 || 67.0404893607977 || 2013-01-21 02:31:01 |
| 2786 || -7.1619096514955 || 2011-12-13 22:47:30 |
| 2787 || -4.93402997302527 || 2011-10-14 19:26:00 |
| 2788 || -0.0146371751920618 || 2012-08-13 19:40:18 |
| 2789 || 28.0300033503602 || 2012-01-27 04:59:04 |
| 2790 || -14.9583684565604 || 2019-05-26 18:37:18 |
| 2791 || 56.7721435818417 || 2012-06-08 12:12:45 |
| 2792 || 36.882335112533 || 2011-04-25 11:41:18 |
| 2793 || -0.15856840250255 || 2012-04-27 11:12:50 |
| 2794 || -5.22626641096117 || 2010-11-22 12:51:26 |
| 2795 || 57.9185542267383 || 2015-03-13 22:48:32 |
| 2796 || 86.2492421227043 || 2017-02-07 08:56:47 |
| 2797 || 42.6165154867702 || 2012-04-03 02:13:25 |
| 2798 || 1.37755014812013 || 2014-04-05 16:47:38 |
| 2799 || 18.5284697938544 || 2016-10-25 02:19:52 |
| 2800 || 62.9772199065226 || 2014-11-07 05:17:11 |
| 2801 || 65.0907450453599 || 2017-01-08 14:47:24 |
| 2802 || -3.26923598392911 || 2010-05-01 07:49:58 |
| 2803 || 2.48857710534678 || 2018-11-05 14:47:01 |
| 2804 || 5.00857323710116 || 2019-11-22 20:13:04 |
| 2805 || 47.7062789611025 || 2011-06-25 06:17:30 |
| 2806 || 72.0152333622396 || 2010-10-14 23:42:12 |
| 2807 || -17.7424928965229 || 2014-04-25 06:39:38 |
| 2808 || -1.0812235492372 || 2012-05-21 01:40:20 |
| 2809 || -1.66795131811157 || 2012-06-12 07:18:40 |
| 2810 || 57.8033955616684 || 2013-06-25 05:24:03 |
| 2811 || -29.0385487396335 || 2018-11-27 20:00:51 |
| 2812 || 58.7731661694913 || 2016-11-09 12:40:02 |
| 2813 || 8.77378217151885 || 2013-05-07 09:07:15 |
| 2814 || 4.56066352476216 || 2019-10-22 19:19:18 |
| 2815 || -10.2815751098337 || 2012-07-12 23:15:08 |
| 2816 || 28.488684440298 || 2016-03-10 08:20:26 |
| 2817 || 12.3981344893204 || 2017-03-23 00:10:29 |
| 2818 || 12.5518562504432 || 2010-10-12 08:30:37 |
| 2819 || 2.32771696962456 || 2010-05-04 03:47:01 |
| 2820 || 20.3261651181584 || 2011-01-16 18:37:42 |
| 2821 || -20.9701581015519 || 2019-10-22 06:13:20 |
| 2822 || 66.1639951752966 || 2010-03-27 21:18:05 |
| 2823 || 13.8411887620303 || 2015-01-25 08:12:39 |
| 2824 || 2.36260373200972 || 2010-07-27 13:23:49 |
| 2825 || 19.5595785371653 || 2012-09-21 19:51:27 |
| 2826 || 52.2904234684111 || 2019-12-13 05:56:46 |
| 2827 || 72.8583636099677 || 2014-01-23 03:46:17 |
| 2828 || 14.8701705162011 || 2019-09-07 16:12:26 |
| 2829 || -0.352209674198096 || 2019-11-25 09:57:10 |
| 2830 || 8.81038319067363 || 2012-08-04 18:28:05 |
| 2831 || -11.9028370834429 || 2019-09-27 22:24:22 |
| 2832 || -24.8968911610366 || 2019-09-02 14:29:58 |
| 2833 || 25.6307585236217 || 2010-03-10 06:51:52 |
| 2834 || 0.0500535965136295 || 2018-03-18 10:46:07 |
| 2835 || 25.5177285270186 || 2011-03-11 17:51:05 |
| 2836 || 7.54512673453992 || 2015-08-11 17:43:15 |
| 2837 || -11.0565509953953 || 2018-02-15 19:48:46 |
| 2838 || 20.5894352297273 || 2010-04-11 01:05:12 |
| 2839 || -0.0012784640678255 || 2019-10-27 16:09:41 |
| 2840 || 14.0513090489062 || 2018-11-07 23:09:03 |
| 2841 || -4.52060370590092 || 2010-02-02 03:17:11 |
| 2842 || 79.040165174354 || 2016-02-19 19:54:49 |
| 2843 || -12.1204430674782 || 2015-10-19 07:10:46 |
| 2844 || -0.122695612647673 || 2010-03-04 09:26:32 |
| 2845 || 23.0097038521482 || 2017-11-25 22:26:26 |
| 2846 || 26.0779850339958 || 2011-11-26 04:07:03 |
| 2847 || 61.8282732665026 || 2010-03-21 00:14:40 |
| 2848 || -12.6685466974469 || 2016-06-24 21:49:41 |
| 2849 || -0.28106090278976 || 2016-10-05 17:04:05 |
| 2850 || 14.8449566140696 || 2010-04-07 17:03:37 |
| 2851 || -7.1290305841626 || 2013-06-10 14:29:32 |
| 2852 || 55.9193532505148 || 2010-01-01 15:39:14 |
| 2853 || 21.0818415559193 || 2016-03-18 12:37:51 |
| 2854 || 3.05434035979708 || 2016-08-08 11:05:20 |
| 2855 || -4.09829592962061 || 2015-09-26 05:31:16 |
| 2856 || -22.1644307397392 || 2014-05-21 19:44:44 |
| 2857 || -8.01370753986749 || 2019-04-18 06:39:39 |
| 2858 || 50.6315813662121 || 2011-12-05 10:42:42 |
| 2859 || 0.716922625152046 || 2011-10-11 19:35:43 |
| 2860 || -2.43355026799938 || 2011-12-09 13:28:00 |
| 2861 || 30.1677652313506 || 2010-08-12 03:30:18 |
| 2862 || 89.6676910380902 || 2012-01-17 00:01:59 |
| 2863 || 24.035659378159 || 2018-05-14 07:47:20 |
| 2864 || -2.80704988355546 || 2019-04-25 18:46:06 |
| 2865 || 3.81577232941631 || 2010-09-03 19:53:12 |
| 2866 || 49.3354120390353 || 2017-12-02 16:32:26 |
| 2867 || 79.30073919953 || 2017-09-02 04:12:50 |
| 2868 || -5.65283248960127 || 2015-08-01 22:56:13 |
| 2869 || -4.02569882024721 || 2018-02-20 09:04:02 |
| 2870 || 3.74105923705807 || 2012-03-25 11:01:03 |
| 2871 || 1.02667034007899 || 2015-08-04 06:14:03 |
| 2872 || -13.1274761858221 || 2018-10-07 02:18:23 |
| 2873 || -1.00134081631128 || 2012-12-01 11:56:12 |
| 2874 || -5.33915568679398 || 2016-11-20 19:59:12 |
| 2875 || 1.71423968597146 || 2014-07-12 01:27:43 |
| 2876 || 32.5552629151864 || 2012-11-19 04:23:44 |
| 2877 || 87.5825917693797 || 2018-04-05 19:18:33 |
| 2878 || 70.0968866561987 || 2016-06-18 15:33:18 |
| 2879 || 16.3314180713314 || 2019-05-25 11:16:02 |
| 2880 || -0.315126763544456 || 2018-01-07 20:31:02 |
| 2881 || 33.6080264745262 || 2011-07-11 03:59:10 |
| 2882 || 60.8120179011074 || 2010-02-27 11:22:44 |
| 2883 || 75.3466870098723 || 2012-09-08 00:39:38 |
| 2884 || 2.13579415905075 || 2012-08-21 02:01:34 |
| 2885 || 0.0316370755337182 || 2018-04-02 00:03:05 |
| 2886 || -11.270897425605 || 2019-08-09 06:59:21 |
| 2887 || -15.3821537437368 || 2017-03-10 18:28:27 |
| 2888 || -12.6060824412589 || 2014-01-14 03:23:35 |
| 2889 || 4.34513526449219 || 2012-04-06 22:44:50 |
| 2890 || -1.64994410183988e-05 || 2011-07-02 07:15:24 |
| 2891 || -0.0688397139514103 || 2017-04-13 18:21:22 |
| 2892 || 79.11108528438 || 2012-03-05 17:49:52 |
| 2893 || 56.4449262299755 || 2011-10-27 20:06:40 |
| 2894 || 18.6017085974803 || 2018-09-12 14:50:59 |
| 2895 || 0.146661551289996 || 2017-10-19 19:08:23 |
| 2896 || -1.48873402118379 || 2015-04-23 20:51:22 |
| 2897 || 68.6492794024907 || 2012-04-26 03:36:02 |
| 2898 || 71.0665324232583 || 2010-10-01 20:17:19 |
| 2899 || 33.6940115014972 || 2013-01-15 03:36:45 |
| 2900 || 0.984830889849782 || 2016-01-22 16:28:23 |
| 2901 || -6.75757044304083 || 2011-08-04 04:51:10 |
| 2902 || -8.1297930867725 || 2014-08-13 13:43:57 |
| 2903 || 61.2491572954246 || 2019-11-22 03:41:09 |
| 2904 || 40.6691936257491 || 2010-02-12 18:54:31 |
| 2905 || -0.543510749508124 || 2018-05-12 20:37:03 |
| 2906 || 9.35529075986852 || 2016-09-08 13:35:56 |
| 2907 || 46.620130120512 || 2019-09-04 00:58:50 |
| 2908 || -1.16073937467427 || 2014-08-21 17:28:52 |
| 2909 || -4.47439554848376 || 2010-04-01 15:25:06 |
| 2910 || 4.22023944191841 || 2010-03-02 11:42:22 |
| 2911 || -1.7350971226445 || 2015-04-21 03:42:13 |
| 2912 || 47.5787266930435 || 2010-08-08 16:16:18 |
| 2913 || 26.2857590156986 || 2014-02-02 03:59:34 |
| 2914 || 11.5970716985398 || 2012-11-12 18:21:36 |
| 2915 || 4.92416675792632 || 2011-02-10 22:59:17 |
| 2916 || -0.638462654989524 || 2019-06-17 12:57:57 |
| 2917 || -9.40422711543728 || 2014-12-11 20:55:16 |
| 2918 || -18.3238667712748 || 2018-12-06 19:33:22 |
| 2919 || 62.0445086261431 || 2017-03-19 14:11:33 |
| 2920 || -0.333070535167637 || 2012-03-21 01:19:15 |
| 2921 || 3.58273890188366 || 2018-07-11 15:07:35 |
| 2922 || 49.9093019449671 || 2019-10-04 20:38:12 |
| 2923 || 66.7773013582633 || 2019-05-05 04:02:40 |
| 2924 || 19.7940475178466 || 2015-11-14 18:35:48 |
| 2925 || 8.79981008665631 || 2012-06-02 16:56:59 |
| 2926 || 2.50137218300245 || 2010-12-11 13:00:39 |
| 2927 || 12.0571564689854 || 2012-04-24 21:14:49 |
| 2928 || 2.78655227230943 || 2012-06-26 10:30:41 |
| 2929 || 51.5325409041293 || 2011-05-27 19:29:18 |
| 2930 || 16.3978932944146 || 2019-08-23 09:36:17 |
| 2931 || 0.0132085847707443 || 2015-11-07 05:42:21 |
| 2932 || 41.3871792992764 || 2013-02-06 11:08:15 |
| 2933 || 73.3494553898633 || 2012-09-03 19:08:13 |
| 2934 || 22.2681710180382 || 2015-06-07 03:39:42 |
| 2935 || 24.1089710247479 || 2010-12-14 08:29:41 |
| 2936 || 0.393452707555975 || 2018-02-06 06:14:42 |
| 2937 || 23.9754592016979 || 2015-08-11 20:25:04 |
| 2938 || 53.8901666717739 || 2013-06-23 03:07:36 |
| 2939 || 12.9543659024643 || 2018-06-05 14:38:45 |
| 2940 || 11.5702897584329 || 2016-05-24 08:40:19 |
| 2941 || -0.00325140385557929 || 2011-12-25 14:27:40 |
| 2942 || 30.8430964959742 || 2013-03-01 10:57:16 |
| 2943 || -17.0639526782945 || 2016-01-01 22:56:03 |
| 2944 || 43.0528887533478 || 2014-01-18 13:47:37 |
| 2945 || 18.1125214871034 || 2019-06-21 13:28:22 |
| 2946 || 0.0581701860201501 || 2017-04-18 11:10:37 |
| 2947 || 4.27277094891949 || 2018-01-26 14:50:47 |
| 2948 || -25.3383108861923 || 2012-01-18 02:21:55 |
| 2949 || 85.2569302045688 || 2010-10-19 22:58:50 |
| 2950 || -9.71289630299886 || 2012-01-18 18:00:07 |
| 2951 || 1.06864988042276 || 2016-09-13 02:48:28 |
| 2952 || -1.43419700554181 || 2011-01-23 14:45:26 |
| 2953 || 49.1120151453261 || 2017-02-23 16:21:51 |
| 2954 || -14.0114969179446 || 2012-01-25 13:23:27 |
| 2955 || 20.3499996319544 || 2016-09-16 09:51:17 |
| 2956 || -0.824211662167504 || 2015-11-05 15:20:45 |
| 2957 || -4.23676847069154 || 2015-01-24 13:02:46 |
| 2958 || 68.2377986355009 || 2014-09-13 08:09:00 |
| 2959 || 87.4192180440769 || 2017-02-26 15:31:33 |
| 2960 || -1.35556638201135 || 2014-03-01 18:31:26 |
| 2961 || 0.977240927166705 || 2016-04-21 04:16:35 |
| 2962 || -4.19051618887074 || 2017-07-01 10:03:14 |
| 2963 || 11.9896033357399 || 2015-01-05 11:32:31 |
| 2964 || -9.98632480917344 || 2013-03-22 23:06:24 |
| 2965 || 55.9116841781319 || 2015-05-16 09:27:37 |
| 2966 || -2.25121427370264 || 2012-12-14 09:42:07 |
| 2967 || 8.52004393904092 || 2017-06-20 13:11:33 |
| 2968 || 1.33448142003466 || 2018-03-14 16:28:20 |
| 2969 || 27.0504474592338 || 2017-10-14 10:35:30 |
| 2970 || 37.5577332170159 || 2017-03-11 02:36:10 |
| 2971 || -2.34664684617237 || 2016-09-20 10:20:07 |
| 2972 || -1.28749107121113 || 2013-07-10 23:16:29 |
| 2973 || 40.9484554150905 || 2018-10-02 11:05:50 |
| 2974 || -5.10271642130159 || 2011-05-16 02:42:41 |
| 2975 || -12.5307078048491 || 2012-02-14 00:17:41 |
| 2976 || 13.8600978480008 || 2012-11-25 02:33:33 |
| 2977 || 1.09261900068604 || 2012-01-22 19:04:52 |
| 2978 || -16.0038170715308 || 2019-07-08 13:42:24 |
| 2979 || 65.1147510838377 || 2019-11-08 20:44:36 |
| 2980 || -22.7718788114041 || 2011-10-02 03:36:38 |
| 2981 || 9.2633481344636 || 2017-02-27 02:16:53 |
| 2982 || -0.557784273745957 || 2014-05-02 17:53:27 |
| 2983 || -12.1147521446233 || 2019-08-05 15:32:41 |
| 2984 || 71.9073382108657 || 2012-03-18 23:26:00 |
| 2985 || 72.5272236486449 || 2017-09-08 23:51:34 |
| 2986 || 21.5594406901454 || 2012-01-24 13:06:06 |
| 2987 || 0.608936334413472 || 2013-04-22 01:31:22 |
| 2988 || -9.63573238523023 || 2012-02-14 17:09:32 |
| 2989 || 36.7813884763606 || 2019-08-25 12:30:14 |
| 2990 || 73.1238335078057 || 2017-06-07 22:37:12 |
| 2991 || 23.2565903421425 || 2010-04-24 03:57:22 |
| 2992 || 0.0241454629951916 || 2015-08-21 10:16:28 |
| 2993 || -8.85939723246896 || 2015-06-23 00:21:26 |
| 2994 || -22.5751911788338 || 2017-08-07 23:19:28 |
| 2995 || 9.53036821507127 || 2018-10-16 18:33:07 |
| 2996 || 4.58060227480357 || 2013-09-16 08:52:28 |
| 2997 || 0.0560055891511352 || 2019-09-06 02:12:40 |
| 2998 || 20.9083649657365 || 2010-10-14 11:44:24 |
| 2999 || -17.8118039918032 || 2015-01-03 11:51:13 |
| 3000 || 21.0140896173763 || 2015-09-12 03:12:31 |
| 3001 || 37.8030153356323 || 2016-03-05 21:46:22 |
| 3002 || 0.557863590287141 || 2011-10-14 01:19:18 |
| 3003 || 6.75020423755398 || 2014-11-01 13:23:08 |
| 3004 || 73.1069357346471 || 2018-04-19 06:05:38 |
| 3005 || 53.9464801624979 || 2011-08-13 19:34:34 |
| 3006 || 32.7930879773421 || 2014-05-19 06:32:31 |
| 3007 || 1.63847733088481 || 2013-12-11 09:09:44 |
| 3008 || 3.42808282056828 || 2013-02-23 15:36:55 |
| 3009 || 61.2155953812889 || 2019-02-22 11:25:48 |
| 3010 || 40.666179033409 || 2014-10-21 05:33:59 |
| 3011 || -11.5240724372076 || 2015-08-20 16:47:13 |
| 3012 || -0.317946780815133 || 2012-11-01 10:40:19 |
| 3013 || -4.02671301957242 || 2013-10-25 01:42:47 |
| 3014 || 64.450407415319 || 2018-02-06 01:36:42 |
| 3015 || -5.86616819683429 || 2011-01-26 23:14:42 |
| 3016 || 3.53617895510131 || 2018-01-05 05:22:13 |
| 3017 || 6.36550187134062 || 2013-02-26 13:35:18 |
| 3018 || 9.7720068443562 || 2011-05-02 09:40:01 |
| 3019 || 59.2455777272483 || 2011-06-12 22:38:53 |
| 3020 || -11.4896087074634 || 2010-04-17 14:40:03 |
| 3021 || 8.96133622385252 || 2016-07-10 05:31:13 |
| 3022 || 9.23076890823642 || 2018-10-18 19:57:05 |
| 3023 || 0.541615793268979 || 2014-06-10 21:20:48 |
| 3024 || 54.1326755057116 || 2019-05-07 15:25:54 |
| 3025 || 49.1303394457599 || 2018-07-16 18:31:43 |
| 3026 || -21.6237369599216 || 2015-02-21 20:18:41 |
| 3027 || 13.4215935635366 || 2017-06-06 22:38:53 |
| 3028 || -1.2872229022646 || 2012-09-14 13:25:50 |
| 3029 || -4.44336420404842 || 2012-05-17 07:25:06 |
| 3030 || 88.6059677472064 || 2011-06-12 23:54:56 |
| 3031 || -19.2797846316467 || 2015-12-15 15:38:35 |
| 3032 || 10.4243512005353 || 2013-07-20 06:59:40 |
| 3033 || -0.56197038867288 || 2010-04-06 03:30:18 |
| 3034 || 18.0410143254033 || 2017-08-20 13:34:16 |
| 3035 || -28.981241752278 || 2016-02-07 13:20:02 |
| 3036 || 73.2766129724393 || 2012-05-03 13:45:57 |
| 3037 || 3.06745894878794 || 2011-11-22 15:03:25 |
| 3038 || 0.176271014580902 || 2014-03-22 11:21:15 |
| 3039 || -10.2976312928306 || 2014-09-22 06:06:28 |
| 3040 || 47.1574933730788 || 2019-01-02 20:02:06 |
| 3041 || 73.1260702566144 || 2012-01-27 18:03:47 |
| 3042 || 2.87612503121324 || 2015-01-27 06:49:19 |
| 3043 || 0.0736630379649641 || 2016-05-05 09:25:57 |
| 3044 || -10.7468431605294 || 2019-06-20 23:52:41 |
| 3045 || 79.89298987842 || 2017-10-22 23:38:52 |
| 3046 || 57.5144843032301 || 2019-06-21 09:04:06 |
| 3047 || 28.5266862155715 || 2011-02-01 13:54:15 |
| 3048 || 0.0485645504287616 || 2012-09-20 19:53:40 |
| 3049 || -7.32579020154885 || 2016-05-15 11:18:12 |
| 3050 || -24.4235879430149 || 2010-08-01 04:47:20 |
| 3051 || -28.1108609032778 || 2017-06-26 01:33:52 |
| 3052 || 25.3600371937493 || 2015-08-12 16:12:26 |
| 3053 || -0.126549850772617 || 2019-07-04 16:40:52 |
| 3054 || -3.90879193268384 || 2016-12-20 23:43:42 |
| 3055 || 64.3968632145141 || 2013-08-05 23:39:58 |
| 3056 || 83.7127585946334 || 2015-04-11 00:22:25 |
| 3057 || 38.6488250429847 || 2018-06-23 13:45:25 |
| 3058 || 1.75331558801035 || 2019-08-14 04:05:58 |
| 3059 || 5.11219619844151 || 2012-11-25 01:15:42 |
| 3060 || 49.9051307525466 || 2014-06-02 02:28:23 |
| 3061 || 57.4177396425784 || 2015-04-25 22:49:49 |
| 3062 || -1.95956990490709 || 2010-09-02 04:39:57 |
| 3063 || 2.64523953355452 || 2017-03-14 04:44:37 |
| 3064 || 1.02066324328304 || 2017-06-16 07:11:52 |
| 3065 || 65.6541669631334 || 2019-10-09 14:16:06 |
| 3066 || 12.7105008186616 || 2010-07-23 12:53:45 |
| 3067 || 19.4472709734932 || 2014-05-19 16:30:13 |
| 3068 || -1.38743715610445 || 2014-10-23 02:17:02 |
| 3069 || 6.88219725933639 || 2011-03-20 11:16:32 |
| 3070 || 21.6881147486335 || 2013-10-17 11:29:00 |
| 3071 || 88.2634020065526 || 2014-03-01 18:55:26 |
| 3072 || 51.5910752260245 || 2013-11-08 17:14:09 |
| 3073 || 3.03618198741579 || 2010-10-08 07:30:40 |
| 3074 || 6.54456202034344 || 2017-04-25 17:40:54 |
| 3075 || 47.8076130348515 || 2018-01-12 14:34:32 |
| 3076 || -17.9599651735166 || 2014-12-21 03:07:29 |
| 3077 || 25.6832313759753 || 2019-08-03 00:31:19 |
| 3078 || 12.8829305949023 || 2017-08-02 10:10:12 |
| 3079 || 2.50167211265075 || 2018-09-05 19:51:12 |
| 3080 || 25.7374214417878 || 2015-07-12 07:54:07 |
| 3081 || 40.0552110485161 || 2015-02-12 06:07:37 |
| 3082 || -6.56862246310569 || 2011-02-07 23:47:07 |
| 3083 || 15.4727379981392 || 2018-11-16 09:51:16 |
| 3084 || 0.941575802476314 || 2019-01-25 12:43:07 |
| 3085 || 7.16086196972781 || 2013-02-11 20:19:30 |
| 3086 || 36.0331612100301 || 2018-04-15 23:20:29 |
| 3087 || -14.1462843918639 || 2016-01-20 20:48:02 |
| 3088 || 17.3737752512762 || 2013-11-22 13:09:15 |
| 3089 || -0.243224781012655 || 2011-02-17 21:15:42 |
| 3090 || 21.6563807058491 || 2018-01-19 16:07:56 |
| 3091 || 18.3500259446015 || 2016-09-04 19:50:09 |
| 3092 || 52.3697061993374 || 2015-07-10 23:03:17 |
| 3093 || -0.0455217997904633 || 2012-09-11 18:12:56 |
| 3094 || -0.0275014874425715 || 2017-06-12 07:01:28 |
| 3095 || 3.1659690964888 || 2013-01-13 06:51:25 |
| 3096 || 20.0341439583473 || 2013-08-12 19:21:44 |
| 3097 || -13.0493395575441 || 2014-12-16 07:12:34 |
| 3098 || -9.84015312390023 || 2015-02-13 15:02:41 |
| 3099 || 0.019804607776247 || 2016-12-06 04:10:55 |
| 3100 || 19.8195117455498 || 2010-08-07 17:52:14 |
| 3101 || -11.3438951045571 || 2016-11-23 19:25:14 |
| 3102 || 13.0922156178186 || 2018-08-08 23:40:02 |
| 3103 || 34.1013342695849 || 2019-04-12 13:47:57 |
| 3104 || -0.0259621585925671 || 2011-12-08 08:17:11 |
| 3105 || -3.35083850739638 || 2015-11-01 00:31:51 |
| 3106 || 1.93123293045956 || 2010-04-20 13:26:45 |
| 3107 || 86.0795902038455 || 2012-08-23 23:10:25 |
| 3108 || 13.1278163227401 || 2011-09-01 06:58:17 |
| 3109 || 0.918927460494854 || 2013-03-21 05:09:39 |
| 3110 || -4.32002715490647 || 2017-01-06 02:15:39 |
| 3111 || 20.379273204081 || 2019-05-25 12:59:36 |
| 3112 || 12.3758390128821 || 2011-08-22 03:52:29 |
| 3113 || 4.51341368576953 || 2013-02-22 02:45:48 |
| 3114 || -0.672231588101227 || 2010-03-07 04:37:57 |
| 3115 || 14.888230802696 || 2010-01-12 21:11:46 |
| 3116 || 32.1183520628644 || 2011-11-06 08:37:49 |
| 3117 || 69.9672233770168 || 2017-07-15 20:28:33 |
| 3118 || 45.8955748301082 || 2018-06-21 04:33:25 |
| 3119 || 0.525570813428715 || 2012-09-21 11:45:43 |
| 3120 || 10.1412059690378 || 2017-02-27 08:16:26 |
| 3121 || 54.9787623414873 || 2016-07-15 01:41:01 |
| 3122 || 5.83710321320923 || 2018-11-21 06:36:11 |
| 3123 || 16.9880512115107 || 2018-03-21 15:19:02 |
| 3124 || 1.10568795767495 || 2014-07-04 21:29:11 |
| 3125 || -2.58882850059676 || 2019-09-13 22:12:51 |
| 3126 || 48.7738671933407 || 2013-08-07 12:21:10 |
| 3127 || -29.9430758969065 || 2016-08-13 12:18:40 |
| 3128 || 48.5859157475496 || 2012-06-22 22:57:45 |
| 3129 || 9.5439473807454 || 2014-01-09 22:31:29 |
| 3130 || -0.107702336988746 || 2014-11-02 19:24:58 |
| 3131 || -7.65784371421857 || 2011-07-06 23:26:08 |
| 3132 || 88.8343055432757 || 2010-06-21 09:08:16 |
| 3133 || 64.337334476067 || 2011-09-14 17:01:30 |
| 3134 || 14.9495345911985 || 2012-07-23 04:13:47 |
| 3135 || 2.75555252250528 || 2010-10-02 13:05:20 |
| 3136 || -14.0801992477153 || 2012-05-17 04:48:19 |
| 3137 || 87.3806555025138 || 2010-10-08 15:22:33 |
| 3138 || 0.311265386540717 || 2018-04-10 21:39:05 |
| 3139 || 13.8918968881816 || 2011-03-06 08:09:46 |
| 3140 || -0.298700077709224 || 2019-06-17 00:04:25 |
| 3141 || -7.5002390536715 || 2015-04-19 18:46:00 |
| 3142 || -24.2101911869816 || 2015-11-16 10:16:55 |
| 3143 || 13.8548104557814 || 2018-11-05 09:11:30 |
| 3144 || 5.25335529142404 || 2014-10-04 16:42:14 |
| 3145 || 0.259223206437654 || 2014-09-12 09:49:22 |
| 3146 || 24.624637729183 || 2012-04-25 12:47:46 |
| 3147 || -5.18465224887593 || 2014-05-08 06:27:02 |
| 3148 || -13.4771098533699 || 2017-05-13 11:38:36 |
| 3149 || -9.18772772962779 || 2012-04-10 19:06:39 |
| 3150 || 0.00149743409808759 || 2010-08-12 12:45:58 |
| 3151 || 21.8569200687324 || 2016-04-07 00:58:26 |
| 3152 || 5.45994472131147 || 2012-10-18 15:56:49 |
| 3153 || -18.5240934706796 || 2018-01-24 17:12:49 |
| 3154 || 31.7226402738296 || 2019-11-10 20:01:56 |
| 3155 || 0.373440180085254 || 2015-10-12 23:47:22 |
| 3156 || 21.7772605859495 || 2014-06-22 00:25:29 |
| 3157 || 25.1096650373138 || 2013-03-02 01:53:52 |
| 3158 || -23.4472554532158 || 2016-09-07 19:18:12 |
| 3159 || -2.54382224246089 || 2018-04-17 19:25:20 |
| 3160 || 0.616319556530824 || 2013-02-19 08:35:43 |
| 3161 || 5.64808038914698 || 2011-04-01 18:48:12 |
| 3162 || -13.676922102183 || 2015-10-22 02:28:03 |
| 3163 || 60.7917963625095 || 2019-03-26 11:22:02 |
| 3164 || -12.6552897097599 || 2015-08-11 19:07:02 |
| 3165 || -0.3819581029965 || 2011-03-20 05:39:18 |
| 3166 || 3.76923417681429 || 2018-06-15 18:10:16 |
| 3167 || 33.2583046767907 || 2010-10-11 00:17:57 |
| 3168 || 68.5695371085281 || 2011-03-23 08:07:42 |
| 3169 || 48.5598133945196 || 2017-05-18 21:28:08 |
| 3170 || 2.72174427264257 || 2018-08-19 04:59:30 |
| 3171 || 3.86096184361817 || 2014-10-21 16:22:59 |
| 3172 || -10.3401042087821 || 2013-12-12 08:29:40 |
| 3173 || 89.0460399131699 || 2013-09-21 03:49:13 |
| 3174 || -19.0197422219241 || 2014-06-15 20:49:05 |
| 3175 || -2.63440282119427 || 2018-12-14 17:54:32 |
| 3176 || 8.35894491879651 || 2014-07-08 12:57:39 |
| 3177 || 57.2818196576134 || 2014-03-25 10:16:15 |
| 3178 || -21.4112612864469 || 2015-11-19 01:59:51 |
| 3179 || -15.5350800669447 || 2010-05-10 10:53:36 |
| 3180 || 11.2242982217191 || 2014-09-13 10:53:04 |
| 3181 || 5.47197172822497 || 2017-01-01 06:08:02 |
| 3182 || 36.526627132248 || 2017-10-01 01:08:59 |
| 3183 || -22.5959245862935 || 2016-08-23 10:27:55 |
| 3184 || 66.5614451446669 || 2011-09-02 08:32:36 |
| 3185 || -4.26557323650907 || 2017-02-14 14:57:46 |
| 3186 || -0.50480528544506 || 2019-08-24 15:58:10 |
| 3187 || 6.55129963557609 || 2017-03-11 03:59:37 |
| 3188 || -21.5858641627284 || 2019-06-13 09:16:44 |
| 3189 || 27.592912074117 || 2017-04-02 07:20:07 |
| 3190 || -5.85426496477894 || 2013-02-24 17:39:53 |
| 3191 || -0.27158347755509 || 2019-09-14 03:44:25 |
| 3192 || 25.0626289578349 || 2015-08-17 09:24:06 |
| 3193 || 11.9463415699716 || 2019-01-01 00:41:01 |
| 3194 || -13.2825824727326 || 2019-11-19 03:45:08 |
| 3195 || 0.657870759997427 || 2016-12-05 19:16:31 |
| 3196 || 0.380514114390975 || 2019-02-04 08:03:24 |
| 3197 || -11.3925228776831 || 2011-07-24 22:09:22 |
| 3198 || 64.3141684335561 || 2017-05-24 07:44:19 |
| 3199 || 79.6472872564489 || 2012-03-03 10:49:30 |
| 3200 || -8.7609948550117 || 2017-05-05 11:45:15 |
| 3201 || 0.00457620688776548 || 2017-03-25 17:46:45 |
| 3202 || 30.0395914700368 || 2012-03-21 03:50:17 |
| 3203 || -24.4312661589507 || 2019-08-02 01:39:19 |
| 3204 || 53.6931624696543 || 2019-02-17 05:31:23 |
| 3205 || 33.5818922592354 || 2013-10-25 23:56:42 |
| 3206 || 0.110495976634058 || 2017-12-08 10:18:40 |
| 3207 || 1.05547135680493 || 2015-01-09 00:20:18 |
| 3208 || 61.3898439923253 || 2012-11-07 02:22:17 |
| 3209 || 21.13618706735 || 2019-10-10 09:24:01 |
| 3210 || -12.1754978208079 || 2015-10-27 14:33:19 |
| 3211 || 1.09494899602487 || 2017-07-12 20:54:05 |
| 3212 || 19.5155732945539 || 2016-03-25 15:43:38 |
| 3213 || 68.8861318336099 || 2011-07-08 06:23:02 |
| 3214 || 26.6424499420359 || 2017-08-10 00:46:36 |
| 3215 || -11.741245517893 || 2011-03-03 00:52:18 |
| 3216 || 0.0420677581735832 || 2012-12-07 20:09:11 |
| 3217 || 8.10175572448962 || 2016-07-08 16:53:36 |
| 3218 || 42.3033829063415 || 2018-12-25 12:50:48 |
| 3219 || -1.86134847431983 || 2013-07-14 11:55:18 |
| 3220 || 22.189228373265 || 2015-04-02 02:30:03 |
| 3221 || 4.55450031048452 || 2018-02-11 17:20:23 |
| 3222 || -3.97593358961997 || 2014-09-19 15:18:36 |
| 3223 || -13.6010236771433 || 2019-01-14 10:28:15 |
| 3224 || 86.7092229401251 || 2010-07-23 04:39:44 |
| 3225 || -17.80249765287 || 2018-09-04 07:25:17 |
| 3226 || -0.352754561380089 || 2019-03-10 10:32:17 |
| 3227 || 6.56938214849048 || 2012-07-20 10:42:31 |
| 3228 || 43.7563648430688 || 2017-08-27 01:25:24 |
| 3229 || -28.4239457894127 || 2014-11-21 23:38:23 |
| 3230 || 8.6069020175039 || 2018-11-02 16:20:55 |
| 3231 || 9.30271729387785 || 2017-01-09 09:12:54 |
| 3232 || 4.79622559835251 || 2012-06-26 04:45:39 |
| 3233 || 49.5693478323657 || 2018-08-18 11:02:25 |
| 3234 || -26.704546269503 || 2018-05-04 02:20:01 |
| 3235 || 54.9693973319184 || 2016-07-17 18:55:30 |
| 3236 || 3.98877563251319 || 2014-03-27 04:47:07 |
| 3237 || 1.15914033170071 || 2015-10-15 08:29:33 |
| 3238 || 24.5518139980265 || 2012-01-16 09:30:50 |
| 3239 || 77.0898665734652 || 2011-01-06 07:05:01 |
| 3240 || -23.4379620210453 || 2015-06-01 11:31:43 |
| 3241 || -3.8324989138556 || 2013-11-18 19:50:43 |
| 3242 || 0.300355356804157 || 2014-02-07 09:45:58 |
| 3243 || 33.9774453354025 || 2013-08-17 04:41:56 |
| 3244 || 6.01155408418066 || 2015-03-27 20:58:22 |
| 3245 || -25.0520456332559 || 2019-05-14 00:46:59 |
| 3246 || 23.5436771521963 || 2011-07-24 20:58:59 |
| 3247 || -0.166452252085487 || 2011-08-10 19:10:47 |
| 3248 || -2.46812819480585 || 2016-03-15 15:38:52 |
| 3249 || 65.8745281226097 || 2014-11-14 10:15:49 |
| 3250 || 9.0112154421739 || 2012-06-23 11:09:48 |
| 3251 || 27.1244048535054 || 2014-10-18 18:35:16 |
| 3252 || 0.0043198657995119 || 2015-09-06 12:48:59 |
| 3253 || -3.06108107960915 || 2013-03-16 10:50:26 |
| 3254 || 37.2482447925422 || 2019-02-11 04:24:48 |
| 3255 || -22.3857198512416 || 2019-08-19 13:48:27 |
| 3256 || -10.914313378459 || 2018-11-21 14:35:00 |
| 3257 || -0.00691416298289469 || 2018-02-11 14:14:44 |
| 3258 || 4.72763777529617 || 2019-07-07 08:59:39 |
| 3259 || 40.8832819841996 || 2019-04-14 22:48:41 |
| 3260 || 56.4516381371142 || 2012-11-17 08:32:10 |
| 3261 || 33.507664115633 || 2016-07-15 11:56:43 |
| 3262 || 0.930785806876731 || 2012-10-09 04:30:14 |
| 3263 || 14.9553543488358 || 2010-06-03 17:09:03 |
| 3264 || -15.1411093122034 || 2011-05-13 01:27:39 |
| 3265 || -22.7758257563592 || 2018-02-03 06:30:06 |
| 3266 || -5.73265860423101 || 2010-12-02 20:54:53 |
| 3267 || 1.86390611592374 || 2012-06-22 12:18:10 |
| 3268 || 12.2344743752299 || 2015-03-25 12:47:35 |
| 3269 || 8.92606644778653 || 2010-05-13 12:31:48 |
| 3270 || 26.4928915263558 || 2018-12-25 02:54:42 |
| 3271 || 16.7411023326589 || 2011-04-04 00:35:27 |
| 3272 || 4.26951594762823 || 2018-03-24 04:50:10 |
| 3273 || 10.1099594703819 || 2012-02-26 06:31:01 |
| 3274 || -12.8731498367975 || 2017-12-17 16:15:12 |
| 3275 || -23.1791557152401 || 2016-06-03 05:05:56 |
| 3276 || -8.88416178752185 || 2015-01-18 08:18:00 |
| 3277 || 0.211024778491644 || 2017-05-07 06:12:50 |
| 3278 || 3.83847364884254 || 2019-03-08 14:32:13 |
| 3279 || 55.9692969847928 || 2015-05-05 16:09:06 |
| 3280 || 29.7881647328225 || 2010-06-03 06:26:50 |
| 3281 || -19.1062495293229 || 2013-02-13 09:06:44 |
| 3282 || 10.1867824464491 || 2011-12-10 02:28:17 |
| 3283 || 6.26439219028911 || 2019-09-10 15:23:26 |
| 3284 || 40.8021725089331 || 2012-01-10 11:18:00 |
| 3285 || 66.4167941053482 || 2018-02-02 09:05:44 |
| 3286 || -4.62596945251335 || 2017-02-17 14:09:50 |
| 3287 || 0.972938719310694 || 2011-01-24 15:30:34 |
| 3288 || 0.544579993869846 || 2011-10-03 23:28:36 |
| 3289 || 6.36467700286117 || 2014-11-15 16:38:08 |
| 3290 || 81.7414559858447 || 2016-06-05 03:19:56 |
| 3291 || -0.458915011749304 || 2013-08-21 13:31:43 |
| 3292 || 3.32370035671674 || 2018-08-20 07:45:22 |
| 3293 || 0.17261044623185 || 2016-01-03 05:56:56 |
| 3294 || 4.98276701641419 || 2015-04-10 16:07:38 |
| 3295 || -28.3220557514012 || 2017-05-23 21:07:14 |
| 3296 || 60.7735188572062 || 2014-02-24 12:03:03 |
| 3297 || 3.31454261341446 || 2018-12-23 03:51:17 |
| 3298 || -0.240542202529764 || 2016-03-15 06:47:16 |
| 3299 || 37.6171306297307 || 2017-04-12 04:23:15 |
| 3300 || 33.0897982589569 || 2012-08-25 00:19:50 |
| 3301 || 36.3661135274271 || 2016-04-26 17:53:12 |
| 3302 || 24.5397804562994 || 2017-05-12 02:47:40 |
| 3303 || -0.00959228589418851 || 2011-05-26 21:23:35 |
| 3304 || 21.7281161206859 || 2013-10-12 06:07:00 |
| 3305 || 59.8468156029408 || 2018-09-05 16:03:31 |
| 3306 || 75.8864800621295 || 2011-01-18 21:41:38 |
| 3307 || 28.8709861736037 || 2019-11-14 07:17:37 |
| 3308 || 0.0782971976173924 || 2019-06-17 16:02:17 |
| 3309 || 17.2611778677567 || 2010-01-20 22:06:08 |
| 3310 || 77.6952789131349 || 2017-09-24 05:43:50 |
| 3311 || 81.0608276999242 || 2018-10-22 16:48:44 |
| 3312 || 34.2372757333952 || 2018-01-18 11:28:16 |
| 3313 || 0.692676154637764 || 2017-04-19 08:56:09 |
| 3314 || 0.869249461049176 || 2010-12-21 01:01:12 |
| 3315 || 49.823793803828 || 2013-08-05 05:00:37 |
| 3316 || 44.0457754927481 || 2010-09-27 07:43:59 |
| 3317 || -13.1822085703059 || 2018-09-25 19:06:42 |
| 3318 || 1.79458511159921 || 2012-02-08 07:06:31 |
| 3319 || -6.02925486606486 || 2016-11-20 16:19:15 |
| 3320 || 63.9818601749627 || 2016-08-24 21:55:31 |
| 3321 || 86.542464227307 || 2017-11-01 10:28:12 |
| 3322 || 29.0095919493662 || 2013-07-14 18:52:50 |
| 3323 || -0.215485739886977 || 2012-03-14 10:11:48 |
| 3324 || 13.9112156790685 || 2016-01-01 04:20:42 |
| 3325 || 63.8405784691692 || 2017-06-27 00:37:14 |
| 3326 || -28.9016481041166 || 2013-01-08 10:24:43 |
| 3327 || -12.4222435350099 || 2010-01-19 02:09:00 |
| 3328 || 5.76850357502581 || 2018-03-22 03:05:58 |
| 3329 || 4.91998043396838 || 2014-11-17 07:40:18 |
| 3330 || 7.8075619345352 || 2011-07-17 19:19:26 |
| 3331 || -19.5080640169335 || 2014-04-27 06:57:01 |
| 3332 || -8.07159063809789 || 2013-07-09 10:56:34 |
| 3333 || 9.59809241119988 || 2013-07-06 02:10:45 |
| 3334 || 6.14188011642163 || 2010-11-25 09:20:53 |
| 3335 || 0.0248022041761224 || 2014-04-21 20:13:57 |
| 3336 || 89.1964101457498 || 2012-09-09 08:40:22 |
| 3337 || -21.3363199427781 || 2012-06-10 09:27:48 |
| 3338 || 4.85075688604313 || 2012-04-07 08:50:37 |
| 3339 || -1.30959873696714 || 2016-05-05 20:32:34 |
| 3340 || -9.44835356907365 || 2012-02-14 13:49:12 |
| 3341 || 83.5112319663022 || 2012-08-08 21:34:32 |
| 3342 || -9.0546570335605 || 2010-07-26 03:40:16 |
| 3343 || 0.152399055192335 || 2018-07-02 18:01:09 |
| 3344 || 0.14842303543566 || 2011-08-07 05:11:33 |
| 3345 || 31.653958199879 || 2019-04-07 18:42:05 |
| 3346 || 73.9879426998255 || 2013-01-03 08:11:20 |
| 3347 || -24.4934284647531 || 2011-02-06 16:56:48 |
| 3348 || -5.83219868313259 || 2016-06-03 06:29:20 |
| 3349 || -0.229643768885445 || 2018-05-12 16:35:24 |
| 3350 || -11.8596054489904 || 2016-11-24 08:14:23 |
| 3351 || 37.3610037034071 || 2013-05-26 21:43:56 |
| 3352 || -18.6341067677207 || 2012-06-12 04:34:10 |
| 3353 || 11.3780980705018 || 2010-03-22 06:04:29 |
| 3354 || -0.0266529014056805 || 2017-05-27 06:36:01 |
| 3355 || 4.70412735553081 || 2019-02-20 11:07:24 |
| 3356 || 77.8688145144915 || 2011-04-21 03:33:04 |
| 3357 || -2.98262077075089 || 2017-08-24 10:19:44 |
| 3358 || 13.9084812067643 || 2019-11-04 23:45:23 |
| 3359 || -0.00551889461268278 || 2010-04-27 18:32:38 |
| 3360 || -3.19000528379752 || 2018-01-25 07:00:52 |
| 3361 || -25.7515327475574 || 2014-12-21 03:57:55 |
| 3362 || 57.3633078193921 || 2016-02-20 10:06:29 |
| 3363 || 3.94480154065682 || 2012-03-22 11:55:02 |
| 3364 || -0.113492264696629 || 2010-11-09 17:39:09 |
| 3365 || 15.512173567941 || 2013-12-10 11:17:37 |
| 3366 || 47.0907457671931 || 2016-11-04 01:25:10 |
| 3367 || 14.4057299588347 || 2013-04-02 07:39:50 |
| 3368 || -10.2489574487035 || 2013-11-06 03:09:07 |
| 3369 || -0.439927141861257 || 2013-07-18 15:26:12 |
| 3370 || 15.7196290132538 || 2015-03-06 11:43:27 |
| 3371 || 4.29622355780357 || 2016-08-23 15:37:30 |
| 3372 || -18.8205962487505 || 2019-01-27 05:49:58 |
| 3373 || 4.14692118135096 || 2012-12-26 18:54:06 |
| 3374 || 2.49160400583806 || 2013-10-19 03:28:05 |
| 3375 || 9.64996099396104 || 2012-03-11 10:58:00 |
| 3376 || 30.106559007122 || 2017-06-24 09:32:53 |
| 3377 || -12.6295780109275 || 2014-02-27 08:26:41 |
| 3378 || 7.06487724273185 || 2013-08-02 14:15:43 |
| 3379 || 4.50792272644969 || 2014-07-04 18:16:53 |
| 3380 || 2.75899234172968 || 2011-10-20 17:57:54 |
| 3381 || 59.2862488281419 || 2018-11-10 06:32:07 |
| 3382 || 69.6036479817497 || 2013-10-01 05:15:16 |
| 3383 || 33.7948044474698 || 2012-12-10 23:21:55 |
| 3384 || 8.82531915531809 || 2015-11-18 02:38:52 |
| 3385 || 4.3393062400433 || 2011-12-26 01:28:25 |
| 3386 || -2.04335140702948 || 2014-02-15 20:04:17 |
| 3387 || -1.75591533103589 || 2015-11-08 13:28:24 |
| 3388 || 63.5515687874177 || 2015-11-14 08:52:31 |
| 3389 || 5.83888524107539 || 2013-08-02 11:07:56 |
| 3390 || -1.55941013855013 || 2014-07-21 15:32:51 |
| 3391 || 39.6831087070654 || 2016-12-20 23:19:42 |
| 3392 || 44.1529855691607 || 2015-09-20 15:58:36 |
| 3393 || -17.6385786674373 || 2013-08-19 14:48:45 |
| 3394 || 5.27772639483202 || 2015-10-10 04:35:16 |
| 3395 || 1.31145514655646 || 2016-01-17 06:45:19 |
| 3396 || -7.59842937411714 || 2017-11-18 18:17:34 |
| 3397 || -0.173503238376227 || 2019-08-23 05:29:11 |
| 3398 || -23.7396385688893 || 2011-01-06 09:46:30 |
| 3399 || 20.7770153762948 || 2014-08-10 21:35:27 |
| 3400 || -0.241302685190292 || 2016-03-19 13:37:24 |
| 3401 || -9.50958094980645 || 2013-02-10 13:23:10 |
| 3402 || 82.7517608842518 || 2010-10-02 03:45:43 |
| 3403 || 7.96540964298988 || 2015-01-21 12:21:18 |
| 3404 || 0.847838824342828 || 2017-11-08 09:44:23 |
| 3405 || -0.0474591312785262 || 2016-03-16 02:49:12 |
| 3406 || -7.5984046111369 || 2013-03-05 16:23:33 |
| 3407 || -3.43417133852258 || 2016-08-23 19:43:00 |
| 3408 || 51.5858969078832 || 2017-12-16 19:53:22 |
| 3409 || 5.03778042203673 || 2015-03-03 05:23:49 |
| 3410 || 0.00279786189234068 || 2013-10-13 23:24:35 |
| 3411 || 1.15301996605006 || 2014-06-20 14:28:27 |
| 3412 || -26.0644972220284 || 2014-12-19 01:28:28 |
| 3413 || 49.5901434667492 || 2010-03-25 14:06:35 |
| 3414 || -2.0477052625141 || 2015-06-17 16:02:50 |
| 3415 || 0.146411287751869 || 2013-12-27 01:07:16 |
| 3416 || 23.9751353746735 || 2014-10-13 03:19:39 |
| 3417 || 46.3521469713411 || 2016-12-02 17:35:11 |
| 3418 || -21.6755307911601 || 2019-06-11 10:53:23 |
| 3419 || -11.2909702377032 || 2012-02-17 08:12:55 |
| 3420 || 1.0117998082046 || 2014-07-06 00:37:24 |
| 3421 || 7.25317586441711 || 2012-07-12 21:07:01 |
| 3422 || -23.7674470214498 || 2013-02-22 11:23:19 |
| 3423 || 51.3307338744394 || 2011-12-25 14:24:02 |
| 3424 || -10.0113274998718 || 2013-06-05 01:33:55 |
| 3425 || 2.25866785642599 || 2012-03-21 02:45:32 |
| 3426 || 6.44664263234694 || 2018-06-23 13:58:01 |
| 3427 || -5.73963084666637 || 2013-02-25 01:12:37 |
| 3428 || 82.208694345632 || 2017-12-22 08:24:46 |
| 3429 || 49.5187688652203 || 2011-06-11 08:43:48 |
| 3430 || 3.84292557625774 || 2014-08-25 08:57:15 |
| 3431 || 1.6779467120165 || 2015-03-09 22:26:35 |
| 3432 || 0.690011486219045 || 2013-12-15 01:46:32 |
| 3433 || 86.2651249795462 || 2012-12-20 07:45:15 |
| 3434 || -8.34066454683036 || 2014-02-02 10:41:54 |
| 3435 || 4.36765601225663 || 2012-09-04 17:32:04 |
| 3436 || 7.99831995327513 || 2012-03-19 09:28:07 |
| 3437 || -9.3516589547592 || 2016-12-04 17:21:13 |
| 3438 || -5.56386249751103 || 2015-09-07 08:45:33 |
| 3439 || -16.8156989640618 || 2010-12-09 11:24:14 |
| 3440 || 1.66614838158017 || 2010-07-17 13:27:32 |
| 3441 || -1.76181960829366 || 2018-12-04 01:41:43 |
| 3442 || 22.1213334620567 || 2017-05-12 05:43:41 |
| 3443 || 65.4736224943928 || 2012-03-14 15:27:13 |
| 3444 || 64.210566262405 || 2013-03-22 14:19:51 |
| 3445 || 1.12786046824642 || 2010-08-10 03:50:46 |
| 3446 || 0.80389356683448 || 2017-08-18 09:47:23 |
| 3447 || 31.4944062986011 || 2011-01-27 14:27:53 |
| 3448 || 60.6531783782482 || 2014-05-07 20:08:25 |
| 3449 || -18.2663159079255 || 2018-12-22 18:07:35 |
| 3450 || 10.6025114429722 || 2019-07-04 10:05:04 |
| 3451 || 1.39673985137814 || 2012-08-26 21:11:23 |
| 3452 || -12.4086869846973 || 2017-05-02 14:40:48 |
| 3453 || -8.37997532351126 || 2012-09-04 00:05:41 |
| 3454 || 46.8316919381185 || 2018-06-06 10:50:58 |
| 3455 || -2.46601208152808 || 2019-10-25 02:25:38 |
| 3456 || -0.114162767679124 || 2019-08-26 12:17:08 |
| 3457 || -1.14201905562025 || 2018-11-20 08:54:52 |
| 3458 || 4.88475082698252 || 2019-06-07 02:14:28 |
| 3459 || 24.5315736753302 || 2019-05-03 14:19:35 |
| 3460 || 18.5547236465051 || 2019-03-24 02:07:30 |
| 3461 || 0.00138427277852418 || 2011-10-25 05:02:45 |
| 3462 || 28.2255373178181 || 2019-04-15 01:49:45 |
| 3463 || 50.217325254575 || 2014-07-27 03:47:30 |
| 3464 || 32.9277428577029 || 2015-12-06 05:01:55 |
| 3465 || 9.79313814998032 || 2012-09-06 20:14:38 |
| 3466 || 0.22757082314765 || 2016-08-25 06:32:38 |
| 3467 || -7.63167040559794 || 2012-05-02 08:26:24 |
| 3468 || 51.9442090090276 || 2019-01-11 01:04:16 |
| 3469 || -23.2006317861378 || 2015-11-23 01:33:12 |
| 3470 || 1.86138012775697 || 2011-04-15 11:11:18 |
| 3471 || 0.616566982317156 || 2018-11-02 02:36:58 |
| 3472 || 10.0974024364904 || 2013-01-27 18:25:21 |
| 3473 || 19.0444380638574 || 2011-04-11 02:20:44 |
| 3474 || 72.4915183540838 || 2013-08-25 19:10:44 |
| 3475 || -0.0816376056258909 || 2012-10-08 06:00:29 |
| 3476 || 2.55425736823917 || 2015-07-01 13:27:35 |
| 3477 || 10.5596437483268 || 2011-06-22 23:11:14 |
| 3478 || -5.9954121807071 || 2014-01-12 14:35:22 |
| 3479 || -0.903507183361362 || 2015-09-23 07:20:17 |
| 3480 || 25.8656076434874 || 2016-11-11 16:23:24 |
| 3481 || -1.47276697943551 || 2015-02-06 20:10:14 |
| 3482 || 3.16660909523742 || 2013-06-08 12:42:23 |
| 3483 || -1.94948463959484 || 2015-03-27 00:21:33 |
| 3484 || 56.8908900633358 || 2019-06-23 04:24:41 |
| 3485 || 55.7794536991071 || 2017-03-06 18:51:56 |
| 3486 || -1.99925823302977 || 2013-10-12 00:12:45 |
| 3487 || 2.42786123561 || 2012-05-27 21:09:58 |
| 3488 || 57.1269316255155 || 2013-12-05 17:30:58 |
| 3489 || 79.0594428328753 || 2018-12-22 05:39:46 |
| 3490 || 4.60137042497269 || 2016-06-05 07:35:15 |
| 3491 || 9.60754074257835 || 2012-11-16 15:40:27 |
| 3492 || -0.0620204676704853 || 2016-02-25 03:11:58 |
| 3493 || 33.2705573272564 || 2012-09-05 07:32:49 |
| 3494 || -27.6944416525249 || 2017-06-18 18:35:16 |
| 3495 || -10.7103746528643 || 2015-11-19 02:17:07 |
| 3496 || -1.79347199267127 || 2019-05-07 18:11:13 |
| 3497 || 2.0980393705681 || 2014-12-02 20:21:13 |
| 3498 || 26.9790857513516 || 2018-06-14 11:50:25 |
| 3499 || 53.8931570669726 || 2014-10-26 17:50:43 |
| 3500 || 29.4813371566597 || 2010-02-01 00:40:27 |
| 3501 || 19.1612582249663 || 2014-07-08 05:52:18 |
| 3502 || 1.08278139972911 || 2012-02-17 22:59:13 |
| 3503 || 41.9513944324599 || 2013-10-11 14:42:34 |
| 3504 || 84.5532653855588 || 2013-01-03 13:03:52 |
| 3505 || 59.987002414637 || 2017-07-11 20:18:30 |
| 3506 || -3.98544433784435 || 2010-03-25 06:41:57 |
| 3507 || 0.18328082191891 || 2014-02-17 05:24:52 |
| 3508 || 35.524578129093 || 2013-06-09 02:55:05 |
| 3509 || -24.5362244460028 || 2017-07-19 06:44:44 |
| 3510 || -24.8285508606075 || 2017-06-16 09:43:54 |
| 3511 || 2.78894540725217 || 2015-08-10 02:26:35 |
| 3512 || 0.0113265613370244 || 2016-06-18 19:48:08 |
| 3513 || -9.62611953787076 || 2018-03-10 14:38:59 |
| 3514 || -13.6290998393536 || 2018-07-09 10:55:45 |
| 3515 || 81.6113922257203 || 2011-12-12 01:04:31 |
| 3516 || -6.41265123265464 || 2012-02-26 20:20:52 |
| 3517 || 0.177550010247851 || 2010-01-14 23:20:17 |
| 3518 || 12.4160819798649 || 2015-03-10 13:56:28 |
| 3519 || 7.2283479726661 || 2010-08-19 08:46:41 |
| 3520 || 83.9373930547472 || 2019-01-19 10:00:51 |
| 3521 || 35.3207072358913 || 2017-12-17 21:28:54 |
| 3522 || 0.80798820517184 || 2010-05-20 01:10:37 |
| 3523 || -7.15999908433978 || 2013-05-01 05:39:49 |
| 3524 || -24.2704459206132 || 2015-06-18 19:23:40 |
| 3525 || 87.0097880198406 || 2013-11-14 14:07:19 |
| 3526 || 18.9276912267212 || 2011-10-08 17:36:53 |
| 3527 || 0.0490769082806336 || 2012-01-05 14:15:36 |
| 3528 || -4.68816900686881 || 2010-07-12 10:13:50 |
| 3529 || 52.7123646264138 || 2013-10-23 12:48:19 |
| 3530 || -15.0843981357816 || 2017-01-09 18:24:48 |
| 3531 || -16.5066942921931 || 2017-07-22 00:45:35 |
| 3532 || -0.493023066074618 || 2012-01-21 23:30:11 |
| 3533 || 0.419565920486527 || 2018-03-01 20:16:31 |
| 3534 || -17.7576017592184 || 2013-08-16 04:46:51 |
| 3535 || 83.5324634726154 || 2019-08-20 02:14:32 |
| 3536 || 10.9310444952066 || 2010-06-27 07:22:47 |
| 3537 || -1.38798920209144 || 2019-09-11 14:35:44 |
| 3538 || 7.66576670364224 || 2016-08-22 07:31:13 |
| 3539 || -15.0799302978126 || 2017-03-23 17:43:24 |
| 3540 || 12.7071054097349 || 2011-09-06 19:21:57 |
| 3541 || -11.5914338099543 || 2011-01-02 02:39:58 |
| 3542 || -3.38640833082926 || 2015-01-02 09:33:21 |
| 3543 || 3.65668146442454 || 2014-03-07 22:50:22 |
| 3544 || 36.0092495698617 || 2011-05-23 21:23:28 |
| 3545 || 2.78456001376206 || 2017-03-03 18:49:35 |
| 3546 || 47.4547838383197 || 2019-10-22 13:48:19 |
| 3547 || -4.71461306742522 || 2016-02-19 03:56:46 |
| 3548 || 3.56964773326209 || 2014-03-15 23:00:45 |
| 3549 || -2.73515616518288 || 2010-10-17 01:08:52 |
| 3550 || 15.2416794723167 || 2016-06-11 23:33:17 |
| 3551 || 48.1753555256343 || 2015-04-18 00:43:44 |
| 3552 || 4.55298265148735 || 2015-05-22 18:48:10 |
| 3553 || -0.56307419693322 || 2019-11-15 05:48:33 |
| 3554 || -14.2810927685362 || 2014-11-02 19:34:43 |
| 3555 || 42.9160898474756 || 2019-08-20 13:51:32 |
| 3556 || 27.4072110731962 || 2012-02-06 01:40:27 |
| 3557 || -6.57129700358504 || 2015-05-12 14:53:15 |
| 3558 || 0.628869610830352 || 2017-03-18 15:15:02 |
| 3559 || 5.02185274895599 || 2012-12-17 21:22:07 |
| 3560 || 49.9080776410376 || 2015-04-26 03:09:38 |
| 3561 || 21.8410256967541 || 2013-05-08 21:43:20 |
| 3562 || -2.95445858323333 || 2016-03-18 10:01:39 |
| 3563 || 0.00361391399480719 || 2012-08-04 18:14:48 |
| 3564 || 3.90651777692192 || 2013-09-03 13:26:37 |
| 3565 || 21.8539527541781 || 2017-05-11 13:43:30 |
| 3566 || -7.91933570518516 || 2011-06-25 00:36:51 |
| 3567 || -10.7412761187208 || 2012-10-18 04:35:40 |
| 3568 || 0.101626789089876 || 2019-05-11 05:13:40 |
| 3569 || 22.8004757393759 || 2018-08-07 17:09:45 |
| 3570 || 9.79375723409115 || 2011-12-08 06:09:36 |
| 3571 || 84.3003168954472 || 2014-09-06 23:57:50 |
| 3572 || 38.1382795017659 || 2011-06-04 20:08:06 |
| 3573 || 0.409187966532922 || 2016-08-23 01:44:48 |
| 3574 || 19.7351757334222 || 2019-03-23 22:08:28 |
| 3575 || -24.2532341345678 || 2015-01-25 01:20:24 |
| 3576 || -28.9763997413 || 2010-08-24 18:31:14 |
| 3577 || -11.581889760344 || 2013-10-11 13:29:20 |
| 3578 || 0.198005047645604 || 2010-08-17 19:25:39 |
| 3579 || 4.09732540571241 || 2011-01-01 08:53:56 |
| 3580 || 62.3993794442252 || 2013-08-02 07:10:35 |
| 3581 || -28.2109881308304 || 2010-01-13 14:05:04 |
| 3582 || -5.20568291745091 || 2013-10-15 19:11:26 |
| 3583 || 2.21495523810132 || 2018-05-13 21:33:57 |
| 3584 || 13.3503732987831 || 2012-05-05 07:21:45 |
| 3585 || 17.6491777157481 || 2010-10-26 17:43:57 |
| 3586 || 70.1834929113976 || 2019-07-25 08:20:34 |
| 3587 || -4.95359558171703 || 2017-04-21 15:11:28 |
| 3588 || 3.79105744165871 || 2017-11-08 12:35:24 |
| 3589 || 7.64435806237149 || 2017-02-07 13:14:01 |
| 3590 || 43.4022777239717 || 2015-11-10 21:16:21 |
| 3591 || 14.4896246735193 || 2013-01-25 23:47:53 |
| 3592 || 56.2686780661864 || 2014-07-20 12:31:27 |
| 3593 || 4.36480768284285 || 2015-09-01 05:49:41 |
| 3594 || -1.76203951811521 || 2015-04-24 21:10:37 |
| 3595 || 17.8896828032372 || 2010-09-09 09:08:13 |
| 3596 || -26.1849352036987 || 2016-12-14 01:58:11 |
| 3597 || 55.0932448670474 || 2018-05-27 04:44:03 |
| 3598 || 0.816014382510609 || 2014-10-15 21:20:04 |
| 3599 || -1.15681722638221 || 2019-01-16 10:35:49 |
| 3600 || 49.4775455489349 || 2018-05-17 03:32:34 |
| 3601 || 53.1560862439961 || 2019-11-15 01:01:41 |
| 3602 || -22.1966000291455 || 2017-11-19 13:13:28 |
| 3603 || 2.24291626413307 || 2012-03-01 19:52:20 |
| 3604 || 2.26291617887566 || 2013-06-06 07:47:21 |
| 3605 || -10.0185918624469 || 2017-09-02 03:10:15 |
| 3606 || 77.7693638490314 || 2017-07-21 11:06:23 |
| 3607 || 21.8748151201746 || 2013-04-14 14:05:51 |
| 3608 || -3.85361406731248 || 2016-12-02 23:48:36 |
| 3609 || 0.12809085702759 || 2019-08-18 05:59:51 |
| 3610 || 13.4155948697209 || 2019-05-12 11:50:11 |
| 3611 || 84.8471272849426 || 2015-07-03 19:42:45 |
| 3612 || -25.4441777230082 || 2010-05-20 00:53:15 |
| 3613 || -1.85112111218361 || 2017-01-12 16:51:38 |
| 3614 || 0.114140772005271 || 2019-11-07 01:52:57 |
| 3615 || 15.3227878388643 || 2018-02-12 11:25:18 |
| 3616 || 66.4167120176407 || 2014-07-01 08:54:27 |
| 3617 || 69.9559338578402 || 2019-04-11 21:43:22 |
| 3618 || 23.9210706152913 || 2018-07-09 15:03:50 |
| 3619 || 0.00811342241721592 || 2013-09-14 13:40:58 |
| 3620 || 15.5738726263372 || 2016-12-15 01:00:47 |
| 3621 || 1.56781263441966 || 2015-06-27 05:22:49 |
| 3622 || 10.902215213473 || 2013-11-09 07:59:18 |
| 3623 || -8.16987093923964 || 2013-04-25 23:12:34 |
| 3624 || 0.488455027888991 || 2013-11-14 04:30:18 |
| 3625 || 22.6847437664455 || 2011-01-01 18:25:40 |
| 3626 || 69.8864657618916 || 2014-09-13 11:55:20 |
| 3627 || 86.5691790106083 || 2016-03-18 23:56:37 |
| 3628 || 38.7171578315687 || 2010-06-08 13:46:28 |
| 3629 || 0.9741531066213 || 2016-11-12 20:11:22 |
| 3630 || 12.5220231379074 || 2019-09-17 00:02:25 |
| 3631 || -8.94540953812774 || 2010-01-25 07:51:25 |
| 3632 || 24.0011288224397 || 2019-02-14 11:00:20 |
| 3633 || 41.7132812957941 || 2016-11-26 04:19:38 |
| 3634 || 2.71377026032991 || 2014-10-24 07:06:31 |
| 3635 || -4.48178551983167 || 2015-11-16 03:26:32 |
| 3636 || 20.4605510537816 || 2014-03-04 06:53:48 |
| 3637 || 87.30737726415 || 2011-10-07 01:34:11 |
| 3638 || -17.407518363378 || 2017-12-22 03:08:11 |
| 3639 || -0.363112833718322 || 2015-09-15 19:36:24 |
| 3640 || 10.6181992768097 || 2013-11-09 21:23:08 |
| 3641 || 32.9651206152933 || 2017-01-20 13:53:35 |
| 3642 || -25.5147341465504 || 2015-03-17 00:02:57 |
| 3643 || -19.3344030075588 || 2015-11-04 18:05:40 |
| 3644 || -2.91764152214442 || 2011-12-05 05:09:20 |
| 3645 || 7.12624220288412 || 2014-08-09 21:21:42 |
| 3646 || -7.57604970682665 || 2018-10-17 07:15:17 |
| 3647 || 13.2436257872673 || 2015-08-13 13:27:50 |
| 3648 || 51.5846925425119 || 2018-06-23 12:52:55 |
| 3649 || 4.61660804238347 || 2015-07-24 05:15:37 |
| 3650 || -1.31585180389489 || 2012-04-14 15:15:30 |
| 3651 || -4.1350227154927 || 2015-12-13 18:33:01 |
| 3652 || 88.0175176234027 || 2011-06-26 08:46:35 |
| 3653 || 41.9659468709645 || 2015-03-19 08:14:57 |
| 3654 || 12.8676348947079 || 2011-04-10 05:14:54 |
| 3655 || 0.0468074939158611 || 2017-11-05 06:00:18 |
| 3656 || 44.0064539058452 || 2016-02-11 14:34:03 |
| 3657 || 85.8039951626101 || 2014-12-22 23:11:25 |
| 3658 || -14.3431782219198 || 2014-02-12 16:06:41 |
| 3659 || 21.1394739296174 || 2014-02-23 07:08:52 |
| 3660 || 1.06866190011703 || 2014-06-05 20:06:12 |
| 3661 || 13.781167955459 || 2010-01-23 02:50:05 |
| 3662 || -15.3439743438831 || 2011-11-26 21:14:04 |
| 3663 || 49.6174162447783 || 2013-05-05 22:27:03 |
| 3664 || 18.8029359112949 || 2015-04-22 05:12:24 |
| 3665 || 0.0161237319740375 || 2014-08-07 18:57:40 |
| 3666 || 14.0985690949991 || 2013-10-13 01:25:44 |
| 3667 || 77.7528509858611 || 2016-01-07 11:49:48 |
| 3668 || -26.3755684160896 || 2018-09-11 12:08:41 |
| 3669 || -10.0253827255585 || 2013-02-14 23:24:23 |
| 3670 || 0.00399572654803649 || 2012-05-08 11:38:14 |
| 3671 || -1.59225833030348 || 2016-09-11 22:15:32 |
| 3672 || 8.57916955203942 || 2019-08-14 04:28:03 |
| 3673 || 25.7650460671891 || 2018-08-09 12:28:59 |
| 3674 || -11.6897434440398 || 2017-11-10 11:32:40 |
| 3675 || -0.148156633211942 || 2018-10-20 04:44:14 |
| 3676 || 5.71526501211551 || 2012-03-23 01:50:46 |
| 3677 || 18.6842131104386 || 2011-01-01 15:51:04 |
| 3678 || 79.3652738569343 || 2017-08-17 18:57:04 |
| 3679 || 38.1988896512272 || 2010-05-02 05:03:14 |
| 3680 || 1.46567267642122 || 2015-10-16 16:12:30 |
| 3681 || -5.96617834486356 || 2012-07-19 07:45:51 |
| 3682 || -22.8346548900767 || 2013-12-12 22:42:37 |
| 3683 || -14.9408175728618 || 2016-12-02 13:23:06 |
| 3684 || -6.23913767919977 || 2011-12-12 00:27:23 |
| 3685 || -0.668833791754707 || 2019-09-17 17:26:05 |
| 3686 || 0.653510936098702 || 2010-10-26 05:29:56 |
| 3687 || -17.1389765595033 || 2014-03-04 12:33:00 |
| 3688 || 88.8846010674643 || 2017-04-10 18:54:08 |
| 3689 || 46.3506468821794 || 2013-07-08 13:08:34 |
| 3690 || 2.15423345880476 || 2015-02-11 21:16:52 |
| 3691 || 9.86192420668838 || 2018-02-08 22:29:51 |
| 3692 || 31.1116999842805 || 2013-07-05 21:38:00 |
| 3693 || 71.3090946951259 || 2016-07-14 16:42:16 |
| 3694 || 4.84574123101632 || 2012-05-12 12:27:23 |
| 3695 || -2.30484706958936 || 2014-03-19 05:28:06 |
| 3696 || -2.39857224998142 || 2011-12-05 11:31:19 |
| 3697 || -17.9059903181437 || 2014-01-25 10:05:44 |
| 3698 || 89.7250159456377 || 2014-11-26 17:55:01 |
| 3699 || 4.89498975270512 || 2012-07-25 18:08:10 |
| 3700 || 10.3083946755512 || 2016-01-20 06:20:50 |
| 3701 || 4.34088410648919 || 2011-11-19 11:29:34 |
| 3702 || 11.3071186213004 || 2013-02-02 05:11:27 |
| 3703 || -23.1006966077287 || 2011-04-25 09:06:38 |
| 3704 || -18.526146926271 || 2014-04-07 20:10:15 |
| 3705 || -4.45707104707842 || 2019-06-20 21:32:41 |
| 3706 || 0.662708097722815 || 2017-01-24 23:32:21 |
| 3707 || 37.7964773206889 || 2017-11-09 06:33:32 |
| 3708 || 86.6521818218329 || 2019-11-02 09:28:55 |
| 3709 || 66.1138382448527 || 2015-12-19 12:23:57 |
| 3710 || -5.35036551862606 || 2011-04-17 19:06:40 |
| 3711 || -0.223282440147733 || 2011-06-07 01:09:50 |
| 3712 || 12.4888016779274 || 2010-09-13 19:47:08 |
| 3713 || 2.39763142340389 || 2010-11-11 18:43:46 |
| 3714 || -5.02328299810518 || 2010-04-07 13:11:50 |
| 3715 || 3.55685936378669 || 2010-10-09 13:46:59 |
| 3716 || 0.33615151705184 || 2019-02-22 02:13:06 |
| 3717 || 6.27219041093902 || 2019-09-02 22:39:09 |
| 3718 || -24.830368060045 || 2018-10-10 01:48:29 |
| 3719 || -22.403611422784 || 2017-08-24 07:56:59 |
| 3720 || 15.3903533545824 || 2016-06-24 10:57:15 |
| 3721 || 2.09517287487422e-06 || 2018-03-18 05:44:56 |
| 3722 || -9.4938628511606 || 2017-10-10 10:14:56 |
| 3723 || 68.1226906633654 || 2013-09-26 20:03:10 |
| 3724 || 78.6081883311026 || 2019-05-16 01:32:37 |
| 3725 || 15.4732517711432 || 2014-08-06 22:48:27 |
| 3726 || 0.10546286420738 || 2015-01-12 00:08:43 |
| 3727 || -7.101928661525 || 2012-07-13 02:27:43 |
| 3728 || -8.98487086771222 || 2014-08-05 05:30:09 |
| 3729 || 34.3602052155206 || 2012-02-24 14:07:59 |
| 3730 || 37.9420162997148 || 2011-05-19 12:36:52 |
| 3731 || -0.141254456569083 || 2012-03-13 12:32:43 |
| 3732 || -2.86042772794775 || 2019-03-14 19:59:54 |
| 3733 || 34.8674897361959 || 2010-09-09 03:51:21 |
| 3734 || 87.7039707921659 || 2011-10-20 00:21:49 |
| 3735 || 41.0631137320715 || 2019-07-02 05:51:35 |
| 3736 || 2.76324112695847 || 2019-03-10 04:54:14 |
| 3737 || 0.0792280729617064 || 2014-11-02 04:38:33 |
| 3738 || 29.8263658103779 || 2011-10-16 04:21:48 |
| 3739 || 84.5699634641946 || 2011-05-01 07:10:44 |
| 3740 || 49.0834837904962 || 2014-05-20 00:01:06 |
| 3741 || 4.24443514859145 || 2016-11-13 21:34:18 |
| 3742 || 7.99562068336393 || 2011-12-13 19:06:49 |
| 3743 || 47.0627007722341 || 2014-09-05 22:02:08 |
| 3744 || 15.5443387922996 || 2011-01-13 16:20:27 |
| 3745 || 29.5048052435902 || 2011-02-12 21:19:58 |
| 3746 || 7.89772408864158 || 2019-11-13 05:05:24 |
| 3747 || 3.06724761691916 || 2016-11-25 23:34:41 |
| 3748 || 13.5712399498542 || 2017-09-01 01:28:06 |
| 3749 || 32.4598734472152 || 2017-06-12 10:08:43 |
| 3750 || -5.60605887867895 || 2014-11-15 13:32:44 |
| 3751 || 10.9276947411603 || 2014-05-22 12:28:58 |
| 3752 || -1.82459198173823 || 2012-04-24 13:06:23 |
| 3753 || 52.4538728603693 || 2019-03-20 16:30:40 |
| 3754 || 22.9583235303957 || 2017-02-13 07:23:49 |
| 3755 || 66.244462485339 || 2016-12-13 15:30:35 |
| 3756 || 11.8376157754803 || 2011-07-20 15:43:36 |
| 3757 || 3.12310700304242 || 2013-09-26 19:32:25 |
| 3758 || -14.3300668899255 || 2015-02-11 18:28:19 |
| 3759 || -6.49157091968889 || 2018-09-19 10:10:06 |
| 3760 || 61.1134285275519 || 2015-01-21 02:14:12 |
| 3761 || -6.454073328889 || 2016-03-16 22:03:14 |
| 3762 || 1.56476911932057 || 2017-10-27 01:23:35 |
| 3763 || 10.1005323136149 || 2018-04-18 09:52:55 |
| 3764 || 86.256349179968 || 2019-12-14 20:03:07 |
| 3765 || 10.3312166637287 || 2015-01-05 11:14:38 |
| 3766 || 21.9561978409482 || 2015-02-15 03:54:46 |
| 3767 || 0.199754223775447 || 2012-08-05 15:32:08 |
| 3768 || -11.9710113726001 || 2011-07-25 23:48:58 |
| 3769 || 83.3164325655507 || 2013-08-09 19:18:50 |
| 3770 || -26.048786900626 || 2016-09-03 13:17:40 |
| 3771 || -7.08228157216823 || 2016-01-16 08:49:15 |
| 3772 || 0.0121253917384312 || 2015-02-01 17:32:51 |
| 3773 || 30.3002237951485 || 2014-08-01 17:38:46 |
| 3774 || -26.0352943565666 || 2014-04-26 21:16:04 |
| 3775 || 35.141376638653 || 2013-02-13 17:06:01 |
| 3776 || 22.087657407021 || 2019-05-26 17:08:23 |
| 3777 || 0.105599507420497 || 2019-03-09 19:18:28 |
| 3778 || -5.68717355921745 || 2018-07-27 17:21:18 |
| 3779 || -12.2104261110599 || 2016-01-07 03:43:20 |
| 3780 || 58.9646627606605 || 2012-07-24 02:08:25 |
| 3781 || 38.9734379369905 || 2014-01-04 09:37:18 |
| 3782 || -0.3440583411154 || 2015-02-21 18:14:44 |
| 3783 || -5.90536312688868 || 2017-03-03 21:51:34 |
| 3784 || 43.2855329263376 || 2012-03-25 12:35:16 |
| 3785 || -22.7416902741253 || 2014-01-25 13:54:04 |
| 3786 || 44.4445027457333 || 2011-09-02 05:32:25 |
| 3787 || 1.55930033143077 || 2011-07-21 07:37:52 |
| 3788 || 13.0485470828093 || 2013-10-12 13:56:19 |
| 3789 || 46.4872142030087 || 2010-10-22 22:02:52 |
| 3790 || 18.776255755285 || 2013-04-11 16:01:44 |
| 3791 || 37.9662080047071 || 2011-03-07 09:48:22 |
| 3792 || 4.07814809174272 || 2019-08-19 05:10:14 |
| 3793 || 12.4907105723971 || 2011-06-13 03:30:32 |
| 3794 || 31.1838258433888 || 2018-11-25 18:36:30 |
| 3795 || 20.9779798094231 || 2014-12-12 00:58:24 |
| 3796 || -16.0169185444989 || 2014-01-20 20:15:14 |
| 3797 || 6.9523511839107 || 2014-07-27 21:03:31 |
| 3798 || 9.06042491260883 || 2018-09-20 04:50:18 |
| 3799 || -6.71679190364779 || 2010-05-09 05:21:57 |
| 3800 || 69.9756382181878 || 2016-03-22 01:13:17 |
| 3801 || 60.6485659365667 || 2015-10-19 17:33:41 |
| 3802 || 1.42972330285948 || 2015-04-15 10:28:27 |
| 3803 || 1.89561376877269 || 2017-06-12 06:58:37 |
| 3804 || -16.936451727287 || 2017-09-27 08:08:49 |
| 3805 || 13.1892182928694 || 2019-02-20 10:24:14 |
| 3806 || -16.9664100033058 || 2012-08-03 12:32:03 |
| 3807 || 10.3074330388229 || 2016-08-03 15:14:35 |
| 3808 || 2.39942212191241 || 2019-11-25 01:32:01 |
| 3809 || 4.06413917404127 || 2015-08-12 20:52:58 |
| 3810 || 11.7824461449997 || 2016-04-12 03:15:59 |
| 3811 || 67.4926941363693 || 2015-08-10 23:12:32 |
| 3812 || 17.1247430276291 || 2017-06-01 16:57:43 |
| 3813 || 0.703930728271082 || 2017-04-12 09:21:49 |
| 3814 || 12.9032971378275 || 2014-07-15 00:40:58 |
| 3815 || -23.257926238557 || 2017-02-27 08:23:48 |
| 3816 || 65.5931365893248 || 2012-10-01 19:32:20 |
| 3817 || 1.02123885222892 || 2015-04-09 07:08:57 |
| 3818 || -0.208691806409104 || 2018-06-26 07:21:40 |
| 3819 || -12.0531372569843 || 2010-05-06 07:42:06 |
| 3820 || 81.7780147421713 || 2012-05-13 13:11:24 |
| 3821 || -12.5219988830742 || 2018-06-04 20:08:48 |
| 3822 || -1.47679501415433 || 2013-07-05 16:25:40 |
| 3823 || 0.0109587913074788 || 2018-12-02 01:56:47 |
| 3824 || -10.6400979331756 || 2012-09-23 13:20:24 |
| 3825 || -3.58663916148663 || 2011-05-14 09:09:31 |
| 3826 || 69.8565053620182 || 2017-09-20 07:26:01 |
| 3827 || 28.6816708784918 || 2011-05-12 06:23:13 |
| 3828 || 0.0616978030024441 || 2017-10-10 00:45:21 |
| 3829 || 11.4922852863747 || 2013-02-08 12:03:28 |
| 3830 || 29.9113990255316 || 2011-10-19 02:19:23 |
| 3831 || -28.0423820884774 || 2017-03-16 16:04:48 |
| 3832 || 11.7684940569125 || 2013-07-05 16:24:04 |
| 3833 || -0.152160532507755 || 2013-02-12 21:52:54 |
| 3834 || 0.72465151879948 || 2018-02-15 08:13:18 |
| 3835 || 24.9910788240014 || 2011-08-03 07:21:26 |
| 3836 || -21.8580142308278 || 2015-05-20 16:49:37 |
| 3837 || 43.8730471588063 || 2018-08-02 00:00:44 |
| 3838 || 1.56802802842822 || 2016-12-27 10:20:58 |
| 3839 || -3.60821454090312 || 2015-09-04 12:39:00 |
| 3840 || -19.0293547136568 || 2012-10-21 09:24:21 |
| 3841 || 23.7780439186875 || 2011-06-25 08:42:31 |
| 3842 || 38.2530016943286 || 2016-03-14 10:10:53 |
| 3843 || 3.98034767082277 || 2016-02-06 20:34:39 |
| 3844 || -0.510925770344599 || 2019-05-16 12:35:55 |
| 3845 || 55.7804546331635 || 2018-04-20 14:26:50 |
| 3846 || 12.5496261482039 || 2016-03-19 02:03:58 |
| 3847 || -11.2370188917438 || 2014-12-02 18:29:20 |
| 3848 || 3.51538291347963 || 2018-10-17 21:36:39 |
| 3849 || 7.74538014470671 || 2011-05-18 00:25:58 |
| 3850 || -11.0341518128506 || 2019-01-07 20:53:25 |
| 3851 || 59.6335161743508 || 2017-11-22 02:37:53 |
| 3852 || 59.9721988549425 || 2012-03-04 23:00:17 |
| 3853 || -2.90017906585455 || 2018-09-10 14:36:25 |
| 3854 || 1.75525915048299 || 2010-02-25 14:30:32 |
| 3855 || 26.3512252709194 || 2012-01-19 12:28:38 |
| 3856 || -25.8124919976991 || 2010-09-17 07:28:11 |
| 3857 || -9.63586766133894 || 2013-07-12 01:28:59 |
| 3858 || 13.0368699018561 || 2010-08-27 23:11:45 |
| 3859 || 2.8317736032085 || 2015-05-18 01:04:12 |
| 3860 || -15.0689762092122 || 2011-10-03 21:37:19 |
| 3861 || 74.3302371386723 || 2013-06-04 14:46:10 |
| 3862 || 66.3079797253329 || 2010-04-20 01:57:46 |
| 3863 || 9.08421222413063 || 2015-09-19 01:19:50 |
| 3864 || 1.68648180012175 || 2018-06-21 16:48:13 |
| 3865 || 12.8912247626767 || 2016-07-13 22:00:53 |
| 3866 || 63.8253490046306 || 2017-02-01 07:18:04 |
| 3867 || -15.4996576741359 || 2018-11-02 15:57:24 |
| 3868 || 22.255164448983 || 2012-04-21 07:00:08 |
| 3869 || 0.510716988012598 || 2019-08-17 04:04:02 |
| 3870 || 3.17442986235136 || 2016-03-25 08:41:08 |
| 3871 || -22.462675490401 || 2016-07-22 13:05:05 |
| 3872 || 32.1033340875629 || 2018-07-27 13:05:12 |
| 3873 || 22.3439213981238 || 2014-02-03 15:30:15 |
| 3874 || 0.10815961688935 || 2018-10-15 14:57:54 |
| 3875 || 30.0059247570439 || 2014-10-23 02:51:01 |
| 3876 || 54.5043159732744 || 2017-06-24 00:50:58 |
| 3877 || -4.67082035742373 || 2017-02-15 06:21:48 |
| 3878 || 28.6700550808801 || 2014-07-09 17:36:40 |
| 3879 || -0.0161155999107502 || 2019-11-01 21:35:58 |
| 3880 || 2.91874733706075 || 2012-08-02 03:22:50 |
| 3881 || 75.3388445115445 || 2012-11-04 09:54:51 |
| 3882 || 10.2529349568139 || 2017-03-20 18:19:28 |
| 3883 || 26.8199144691531 || 2010-06-16 15:50:43 |
| 3884 || 0.517894035241179 || 2011-05-24 15:21:31 |
| 3885 || -6.22899359801033 || 2017-11-05 20:29:28 |
| 3886 || 38.6503918415748 || 2010-11-13 11:57:07 |
| 3887 || 7.53723584661125 || 2013-07-13 22:08:21 |
| 3888 || -14.3079093699824 || 2017-08-04 14:37:07 |
| 3889 || 0.48617110048894 || 2010-03-09 23:11:31 |
| 3890 || -4.73228724065968 || 2012-11-06 05:02:38 |
| 3891 || 69.756975237258 || 2016-04-27 01:35:26 |
| 3892 || -29.3093992400988 || 2018-06-24 04:53:30 |
| 3893 || -9.64830143979586 || 2010-10-13 13:47:29 |
| 3894 || 2.38118977686819 || 2013-08-20 19:42:23 |
| 3895 || -0.942719248853009 || 2014-10-15 22:54:02 |
| 3896 || 10.9017973940428 || 2012-10-18 16:40:45 |
| 3897 || -29.8493665406595 || 2018-10-21 06:54:12 |
| 3898 || -16.7567622432965 || 2015-08-01 11:33:56 |
| 3899 || 4.64116664639842 || 2012-12-03 20:34:31 |
| 3900 || -1.66816205414473 || 2015-08-13 10:51:56 |
| 3901 || 12.6712667514882 || 2015-05-18 11:31:53 |
| 3902 || -18.0541241758367 || 2013-11-21 21:57:28 |
| 3903 || 3.68955049921721 || 2012-02-13 00:10:20 |
| 3904 || 8.22106463633463 || 2011-10-23 18:47:53 |
| 3905 || 0.135418208927379 || 2012-09-11 22:28:09 |
| 3906 || 40.6678116085649 || 2018-10-14 05:47:06 |
| 3907 || -12.5440691332611 || 2013-05-14 23:39:10 |
| 3908 || -6.58880441525355 || 2013-02-05 13:11:28 |
| 3909 || 9.36284047612245 || 2015-09-19 21:44:56 |
| 3910 || -1.31715079715845 || 2019-02-05 23:13:32 |
| 3911 || -15.8957641487048 || 2013-03-19 05:06:28 |
| 3912 || 44.2962594367834 || 2019-12-14 02:03:57 |
| 3913 || 3.8564847821355 || 2012-01-05 03:32:38 |
| 3914 || -0.376015915133625 || 2016-03-16 07:26:58 |
| 3915 || 2.29269493064584 || 2012-10-14 07:32:49 |
| 3916 || 29.9156868301941 || 2010-03-05 15:11:12 |
| 3917 || -13.6050743357215 || 2010-02-20 21:52:19 |
| 3918 || -16.575097973363 || 2018-04-05 07:19:59 |
| 3919 || 2.75079475289182 || 2016-07-07 11:03:55 |
| 3920 || -0.241828656189377 || 2017-11-13 22:14:49 |
| 3921 || -13.0106887085801 || 2010-04-24 03:47:34 |
| 3922 || 17.6856481890713 || 2016-12-27 03:15:38 |
| 3923 || 31.6085136442739 || 2010-04-06 07:22:52 |
| 3924 || -6.9740636597866 || 2019-06-20 03:10:01 |
| 3925 || -0.057061153261683 || 2016-07-25 17:30:57 |
| 3926 || -5.4742480545308 || 2010-10-08 17:25:57 |
| 3927 || 31.3371789293753 || 2019-05-17 18:52:32 |
| 3928 || -26.9532144635271 || 2016-02-05 22:56:19 |
| 3929 || -1.61548146537132 || 2016-12-22 01:32:57 |
| 3930 || 0.00273207216796268 || 2014-12-05 21:00:38 |
| 3931 || -3.84094642307652 || 2011-11-03 23:08:03 |
| 3932 || 18.7166716693649 || 2013-01-08 16:29:20 |
| 3933 || 82.4578643328779 || 2018-05-20 07:50:15 |
| 3934 || 10.2563341834008 || 2011-05-07 00:53:44 |
| 3935 || -0.166512532741477 || 2017-08-13 23:20:32 |
| 3936 || 12.7841285391932 || 2016-08-05 19:30:52 |
| 3937 || -21.9437394986462 || 2018-08-19 19:43:16 |
| 3938 || 14.2210501967461 || 2011-10-19 22:55:17 |
| 3939 || -10.5174763075121 || 2017-05-02 06:49:39 |
| 3940 || 1.15401983691808 || 2010-06-12 16:29:49 |
| 3941 || 1.74396449338049 || 2011-01-23 12:43:29 |
| 3942 || 20.7048690008945 || 2018-12-22 07:54:13 |
| 3943 || -29.3340120636393 || 2011-02-21 22:44:09 |
| 3944 || -11.4380678604332 || 2018-10-12 03:50:47 |
| 3945 || 0.397798499770385 || 2013-03-25 05:50:31 |
| 3946 || 14.5877424260047 || 2014-05-21 22:10:42 |
| 3947 || -9.75366676442509 || 2013-11-04 11:40:01 |
| 3948 || 89.0880639470319 || 2017-03-17 21:08:17 |
| 3949 || 35.0773505209578 || 2015-03-12 15:05:08 |
| 3950 || -1.86403936699899 || 2018-01-20 23:27:03 |
| 3951 || 8.98457067767605 || 2019-10-25 05:26:22 |
| 3952 || 35.5088873582303 || 2015-12-21 11:43:33 |
| 3953 || -24.2058566240105 || 2012-09-27 16:26:20 |
| 3954 || 29.5929180494461 || 2015-11-22 04:34:53 |
| 3955 || 3.30837724127036 || 2014-01-17 23:35:43 |
| 3956 || 0.374828677934712 || 2015-01-16 00:21:12 |
| 3957 || 45.1366021349077 || 2018-02-23 13:12:33 |
| 3958 || 43.8586025812808 || 2010-05-20 04:20:11 |
| 3959 || 18.9673868675609 || 2018-12-03 09:58:05 |
| 3960 || 6.77020463973339 || 2015-01-05 10:22:11 |
| 3961 || 4.4112486465541 || 2013-12-06 03:39:16 |
| 3962 || 49.4326286228353 || 2011-03-16 11:01:52 |
| 3963 || 88.1054882422985 || 2010-01-25 09:00:42 |
| 3964 || 61.1586346792766 || 2016-05-25 07:23:17 |
| 3965 || -0.858934169806579 || 2013-06-06 16:19:53 |
| 3966 || -0.894031253024497 || 2017-12-21 03:32:32 |
| 3967 || -10.5730697013992 || 2017-12-01 03:49:38 |
| 3968 || 87.5689408228236 || 2016-09-14 06:41:55 |
| 3969 || 33.0833993032908 || 2012-12-25 02:23:44 |
| 3970 || 19.3568995466096 || 2011-06-08 14:36:33 |
| 3971 || 0.843625118899634 || 2010-11-27 08:43:09 |
| 3972 || 4.81900833571787 || 2014-10-07 06:04:09 |
| 3973 || 55.0459614790226 || 2016-09-14 23:34:18 |
| 3974 || -25.2349270586944 || 2016-09-20 20:12:42 |
| 3975 || -8.15284639176366 || 2011-12-08 09:30:40 |
| 3976 || -0.0970902252548731 || 2011-11-15 02:30:34 |
| 3977 || 33.5902223973752 || 2016-08-10 14:28:11 |
| 3978 || -13.7680957894019 || 2013-03-18 01:52:00 |
| 3979 || 78.8340554805028 || 2015-04-25 06:41:57 |
| 3980 || 3.72085132753868 || 2016-10-22 04:23:07 |
| 3981 || 0.000618980889906691 || 2013-05-12 16:10:46 |
| 3982 || 16.3507800486427 || 2014-05-13 03:24:18 |
| 3983 || 77.8862168625066 || 2013-06-06 04:10:37 |
| 3984 || -12.8157696447834 || 2015-01-05 02:17:42 |
| 3985 || 18.9414079045334 || 2016-04-04 12:52:37 |
| 3986 || -0.0300737664942336 || 2014-03-07 19:16:50 |
| 3987 || 21.2049601232876 || 2011-11-09 03:41:35 |
| 3988 || -24.6533923210184 || 2016-10-24 15:46:12 |
| 3989 || 81.2272443448867 || 2010-11-05 17:03:15 |
| 3990 || 19.1111508938317 || 2013-02-03 08:45:29 |
| 3991 || -0.448397671759254 || 2011-01-12 02:22:08 |
| 3992 || 19.8671251894674 || 2019-04-12 12:55:55 |
| 3993 || -16.6272160543949 || 2010-12-11 00:08:21 |
| 3994 || 84.4672689446023 || 2011-02-13 11:05:12 |
| 3995 || -12.3183644188187 || 2019-11-10 11:11:38 |
| 3996 || 1.16369301528092 || 2018-09-09 15:45:38 |
| 3997 || 1.09011978973569 || 2015-05-27 01:44:20 |
| 3998 || -9.49665888639761 || 2011-10-10 19:38:13 |
| 3999 || -29.002355529508 || 2019-03-18 17:49:32 |
| 4000 || 12.7368794156009 || 2018-08-07 02:22:14 |
| 4001 || 5.19860536083088 || 2012-09-15 09:26:14 |
| 4002 || -3.2058187171045 || 2010-10-12 02:52:55 |
| 4003 || 48.9246973788354 || 2013-04-26 06:02:03 |
| 4004 || 89.3875270618972 || 2014-01-06 04:03:19 |
| 4005 || 54.5383904607299 || 2019-07-12 21:55:10 |
| 4006 || 3.30226780418133 || 2016-01-22 14:39:46 |
| 4007 || -1.82234560108803 || 2015-02-22 18:49:33 |
| 4008 || -19.0393368497361 || 2012-04-02 04:33:32 |
| 4009 || 19.3935688452183 || 2016-01-04 03:38:05 |
| 4010 || 6.54114043845381 || 2012-12-05 03:40:26 |
| 4011 || -3.56916253993907 || 2019-01-04 16:54:21 |
| 4012 || -0.263669106408418 || 2017-12-14 04:53:59 |
| 4013 || 8.07688298959935 || 2014-09-24 20:13:56 |
| 4014 || 9.08513608972082 || 2013-03-11 12:35:24 |
| 4015 || -11.8444226352762 || 2011-02-02 19:33:35 |
| 4016 || -0.99703006365433 || 2017-07-07 09:34:30 |
| 4017 || 3.2040776514231 || 2010-06-12 15:36:53 |
| 4018 || 10.5708900671005 || 2016-03-17 08:55:15 |
| 4019 || 23.5080188504187 || 2010-07-15 09:30:53 |
| 4020 || 71.6766979411433 || 2018-11-04 16:43:43 |
| 4021 || 17.8626955229556 || 2018-10-24 13:51:59 |
| 4022 || 1.26436784219727 || 2012-05-22 07:57:45 |
| 4023 || -13.1941324154737 || 2011-09-15 19:31:06 |
| 4024 || -27.0161094454737 || 2015-07-21 19:21:18 |
| 4025 || 75.243559713133 || 2010-11-02 11:18:48 |
| 4026 || 3.19513554732973 || 2014-11-18 03:58:51 |
| 4027 || -0.127089421544231 || 2018-03-21 12:18:36 |
| 4028 || -1.49236630087306 || 2018-03-23 14:03:07 |
| 4029 || 2.61525886652791 || 2018-09-06 06:47:24 |
| 4030 || -26.0879244086993 || 2017-11-08 03:10:24 |
| 4031 || 29.2367111220579 || 2016-10-19 19:22:08 |
| 4032 || 0.00651067052103607 || 2013-07-24 01:27:15 |
| 4033 || -2.13801244638225 || 2013-08-16 07:48:20 |
| 4034 || -24.1822965883315 || 2013-11-06 00:42:46 |
| 4035 || -23.8604661599552 || 2013-10-12 08:43:01 |
| 4036 || 12.3087638673137 || 2011-05-09 13:36:39 |
| 4037 || 0.00418086028395762 || 2015-09-25 18:37:36 |
| 4038 || 9.94054621043268 || 2017-01-16 23:17:21 |
| 4039 || -25.4812151788558 || 2015-06-12 18:42:58 |
| 4040 || -0.620437518036961 || 2016-03-14 22:35:09 |
| 4041 || 26.9150284276736 || 2010-06-15 09:38:48 |
| 4042 || 0.0362015806582705 || 2014-12-08 13:35:51 |
| 4043 || 0.0174696646360697 || 2018-03-05 01:31:42 |
| 4044 || 33.2725459026621 || 2017-05-25 18:33:08 |
| 4045 || 59.0558514449748 || 2014-11-01 09:08:17 |
| 4046 || 45.2938361963505 || 2010-03-19 10:08:07 |
| 4047 || -0.884887906145167 || 2015-01-02 07:10:06 |
| 4048 || -3.99382173424151 || 2012-03-27 02:30:16 |
| 4049 || 67.1933737714049 || 2012-12-26 20:15:57 |
| 4050 || 42.6282790732769 || 2015-05-27 11:16:08 |
| 4051 || 5.81215032186604 || 2016-08-21 17:24:46 |
| 4052 || 0.673026819162122 || 2014-04-14 05:23:25 |
| 4053 || -0.505619955415706 || 2015-03-11 06:59:36 |
| 4054 || 0.938401787594677 || 2015-05-19 13:49:22 |
| 4055 || -29.9041769376609 || 2018-09-08 13:23:46 |
| 4056 || -1.19464870697697 || 2016-08-25 11:36:45 |
| 4057 || 0.0556742459077199 || 2010-06-25 07:16:35 |
| 4058 || 3.8754414655788 || 2013-10-15 14:44:19 |
| 4059 || -18.6814954784046 || 2015-03-18 09:01:16 |
| 4060 || 18.4894190961423 || 2018-08-20 18:21:08 |
| 4061 || 60.9065944741453 || 2010-03-04 14:16:52 |
| 4062 || -2.9725323865554 || 2015-03-24 00:46:01 |
| 4063 || 6.01245575124073 || 2012-08-09 14:56:18 |
| 4064 || 33.974117245108 || 2013-01-25 14:31:25 |
| 4065 || -28.9882937305627 || 2013-06-19 23:12:17 |
| 4066 || 25.230562001574 || 2015-03-03 17:52:17 |
| 4067 || 10.2619287038836 || 2014-05-27 21:15:49 |
| 4068 || 1.96648869951994 || 2011-05-13 18:16:59 |
| 4069 || -9.39187944275444 || 2010-03-12 07:44:25 |
| 4070 || -9.15093008658791 || 2014-03-13 00:51:31 |
| 4071 || 1.87065234076638 || 2010-04-21 17:08:02 |
| 4072 || 7.43081146990874 || 2014-11-19 09:46:57 |
| 4073 || 1.10838060717955 || 2012-12-03 16:52:01 |
| 4074 || 25.4801216693632 || 2018-02-12 07:18:25 |
| 4075 || 1.90072427591879 || 2016-09-10 08:23:05 |
| 4076 || 50.9515364247115 || 2011-11-05 22:21:26 |
| 4077 || 2.91261387429443 || 2015-04-08 22:54:34 |
| 4078 || 0.479553527892807 || 2013-05-15 04:12:36 |
| 4079 || 33.930648922876 || 2014-08-02 17:50:07 |
| 4080 || 80.7141128205315 || 2014-01-16 21:22:03 |
| 4081 || -20.0872372108614 || 2011-12-04 05:47:50 |
| 4082 || -4.70443690073283 || 2018-09-01 23:54:46 |
| 4083 || 0.00148056962530104 || 2019-10-23 09:01:02 |
| 4084 || -10.2426388254279 || 2011-03-15 02:22:20 |
| 4085 || -3.86467308090421 || 2013-04-09 00:20:17 |
| 4086 || -24.7462960097079 || 2014-12-04 10:41:05 |
| 4087 || 3.5108404262474 || 2012-09-26 19:44:46 |
| 4088 || -0.0436638767701486 || 2013-11-17 08:21:48 |
| 4089 || -8.23096958796245 || 2012-12-03 12:00:04 |
| 4090 || 6.29601008421986 || 2019-03-07 21:52:08 |
| 4091 || 78.2201934459291 || 2014-06-21 17:36:11 |
| 4092 || -12.949042318869 || 2015-04-18 09:23:40 |
| 4093 || -0.0657892240058094 || 2011-02-13 21:53:21 |
| 4094 || 13.2304436906958 || 2015-05-17 10:37:33 |
| 4095 || -21.296416056043 || 2014-09-25 14:19:09 |
| 4096 || 74.6667132817447 || 2019-04-01 12:34:29 |
| 4097 || 36.7893964798615 || 2013-03-15 01:31:14 |
| 4098 || -0.1530115233886 || 2015-11-27 04:04:08 |
| 4099 || 5.18112396899521 || 2017-06-09 12:15:12 |
| 4100 || 51.9213034037997 || 2010-10-17 06:33:00 |
| 4101 || 69.215973159274 || 2011-05-12 08:22:55 |
| 4102 || 40.8064487382847 || 2013-09-13 17:27:59 |
| 4103 || 0.258881645146587 || 2012-12-13 10:03:13 |
| 4104 || 11.4577347305692 || 2017-06-22 04:56:02 |
| 4105 || 30.9879226536144 || 2011-06-21 06:46:22 |
| 4106 || 26.4297599316413 || 2016-04-10 12:12:14 |
| 4107 || -2.77707534038475 || 2018-02-05 13:04:28 |
| 4108 || -1.61109804842845 || 2013-09-26 04:59:10 |
| 4109 || 9.13969767492185 || 2011-07-25 21:59:28 |
| 4110 || 4.20968334651558 || 2017-09-02 14:31:47 |
| 4111 || -28.9459167627231 || 2010-04-24 02:26:23 |
| 4112 || -14.2352250342885 || 2015-07-15 20:45:17 |
| 4113 || 8.98401098016994 || 2013-09-09 03:41:11 |
| 4114 || 6.55413043595534 || 2015-03-18 01:40:53 |
| 4115 || 34.6920931549134 || 2015-11-01 08:44:27 |
| 4116 || 8.68787603384433 || 2017-11-14 06:13:07 |
| 4117 || 59.0387732923808 || 2017-05-06 06:12:15 |
| 4118 || -4.00094190160225 || 2015-06-10 22:16:41 |
| 4119 || 4.01212709487199 || 2019-04-20 07:01:13 |
| 4120 || 9.84435808897682 || 2019-03-09 08:02:16 |
| 4121 || 29.2125980905906 || 2011-11-25 08:20:31 |
| 4122 || 7.4057768524541 || 2017-02-21 23:49:54 |
| 4123 || -5.90521553189707 || 2011-12-17 01:42:22 |
| 4124 || 0.806067289081309 || 2016-05-11 22:24:29 |
| 4125 || 38.0031150652955 || 2012-04-11 19:06:34 |
| 4126 || 19.1604663498871 || 2010-11-10 09:55:11 |
| 4127 || 35.6608220592232 || 2019-05-12 22:15:18 |
| 4128 || -6.30158961454986 || 2014-10-04 07:06:51 |
| 4129 || 0.757047263603711 || 2015-05-20 23:53:14 |
| 4130 || 3.65366597116023 || 2011-04-21 19:38:46 |
| 4131 || 76.6772052870885 || 2016-12-17 18:48:51 |
| 4132 || -24.9331182146234 || 2012-08-24 01:32:33 |
| 4133 || 6.76330377397211 || 2010-10-05 01:27:22 |
| 4134 || 0.0899705919851466 || 2013-08-27 18:14:11 |
| 4135 || -7.1791850018884 || 2019-11-14 07:46:35 |
| 4136 || -19.3873554321065 || 2016-03-13 17:55:12 |
| 4137 || -13.9714532035664 || 2012-07-10 15:27:42 |
| 4138 || 30.1074453306873 || 2015-03-05 09:26:23 |
| 4139 || -0.0247946299049644 || 2014-09-25 10:31:29 |
| 4140 || -6.34261213623705 || 2019-02-15 14:41:52 |
| 4141 || 4.10158946409224 || 2013-01-20 09:07:01 |
| 4142 || -5.68342764229717 || 2014-09-14 01:51:18 |
| 4143 || 27.9986591167306 || 2015-06-22 13:46:52 |
| 4144 || -0.219510858559034 || 2016-07-19 03:14:32 |
| 4145 || -5.93174293116805 || 2017-11-27 20:11:54 |
| 4146 || 13.6844874178085 || 2017-06-19 02:42:53 |
| 4147 || 30.4134451673564 || 2011-07-07 00:10:58 |
| 4148 || 40.4042504403897 || 2018-03-27 10:49:30 |
| 4149 || 1.92269713742422 || 2015-03-25 17:02:42 |
| 4150 || 14.4944587570728 || 2013-01-15 09:24:58 |
| 4151 || 5.95998988589337 || 2015-11-21 02:51:51 |
| 4152 || 34.4065923480057 || 2015-12-11 21:50:46 |
| 4153 || 48.4379408548331 || 2012-06-15 09:55:25 |
| 4154 || 0.694716666210828 || 2010-07-11 16:41:41 |
| 4155 || 13.1971060418407 || 2019-07-01 14:52:37 |
| 4156 || 60.3560965850907 || 2012-02-04 16:47:34 |
| 4157 || 45.247107420134 || 2012-02-09 02:15:52 |
| 4158 || 23.3030363747011 || 2014-11-07 01:56:43 |
| 4159 || 1.29736589330468 || 2016-02-16 04:58:09 |
| 4160 || 4.27103902975888 || 2014-06-04 11:03:11 |
| 4161 || 51.8059379055143 || 2010-07-16 23:33:50 |
| 4162 || 78.5447846027391 || 2010-04-15 16:35:44 |
| 4163 || 22.4217270129471 || 2018-06-14 12:55:53 |
| 4164 || 6.32225061591076 || 2012-10-04 13:30:13 |
| 4165 || 6.84573119081442 || 2015-10-25 12:10:33 |
| 4166 || 54.6853451620491 || 2017-10-15 06:23:20 |
| 4167 || -17.5899879048156 || 2018-06-25 01:32:13 |
| 4168 || 18.2457697625767 || 2015-05-05 19:03:52 |
| 4169 || -3.90393209775553 || 2012-08-17 17:20:54 |
| 4170 || 2.47445759550204 || 2017-09-25 18:08:20 |
| 4171 || 49.7353794597408 || 2016-02-12 14:54:05 |
| 4172 || 72.7589411149036 || 2018-11-23 15:22:56 |
| 4173 || 68.7202155600707 || 2019-02-08 08:17:54 |
| 4174 || 17.1826437774124 || 2013-02-07 02:59:51 |
| 4175 || 1.84053980661532 || 2010-11-03 00:10:45 |
| 4176 || -14.0128273826316 || 2015-07-11 08:39:11 |
| 4177 || -7.6323220905291 || 2010-06-04 10:04:06 |
| 4178 || 34.9710391791239 || 2018-09-04 06:07:34 |
| 4179 || 1.29760102923141 || 2015-05-07 16:54:55 |
| 4180 || 0.627849964609105 || 2010-11-05 15:50:24 |
| 4181 || -6.94158659682678 || 2016-11-09 17:48:35 |
| 4182 || 48.869510683405 || 2018-04-01 08:38:35 |
| 4183 || 47.295310911249 || 2018-06-04 18:59:14 |
| 4184 || 9.00582017091464 || 2017-12-19 10:36:46 |
| 4185 || -0.0324418475266356 || 2014-08-03 05:57:32 |
| 4186 || 19.5973185685973 || 2013-04-23 13:52:43 |
| 4187 || 2.77528916865191 || 2010-08-24 02:01:17 |
| 4188 || 7.28898550469374 || 2015-04-16 18:12:27 |
| 4189 || -7.4007402401217 || 2015-04-11 00:15:41 |
| 4190 || 0.00763511679467413 || 2019-03-06 20:53:29 |
| 4191 || -9.52977385302404 || 2010-10-15 04:46:34 |
| 4192 || 30.0386479322368 || 2019-07-06 12:28:49 |
| 4193 || 3.58513436271885 || 2014-11-08 20:27:36 |
| 4194 || 0.96776281653998 || 2017-06-13 13:40:23 |
| 4195 || 0.447034455065272 || 2018-07-26 07:10:39 |
| 4196 || -2.18917574351409 || 2018-08-16 23:53:16 |
| 4197 || 42.2941639326784 || 2014-10-18 03:01:32 |
| 4198 || -18.0764448435005 || 2019-09-04 07:17:28 |
| 4199 || -9.87163370074884 || 2014-03-07 21:19:44 |
| 4200 || 0.790488665376238 || 2013-11-01 13:25:25 |
| 4201 || -4.24586161156199 || 2017-04-05 13:55:53 |
| 4202 || 8.74478709244622 || 2013-04-23 03:21:48 |
| 4203 || -21.7668448547843 || 2017-12-14 07:39:38 |
| 4204 || 1.13738053527896 || 2016-03-25 05:29:53 |
| 4205 || 1.9847639933027 || 2019-01-04 05:10:45 |
| 4206 || -2.95121520026261 || 2015-06-01 17:53:04 |
| 4207 || 24.7120420392614 || 2016-04-09 20:31:28 |
| 4208 || 0.351290028136713 || 2019-01-26 01:17:40 |
| 4209 || 52.6293011870801 || 2014-07-24 17:38:07 |
| 4210 || 5.60169276854974 || 2013-03-09 21:17:53 |
| 4211 || 10.9827131937133 || 2019-04-24 15:23:58 |
| 4212 || 44.8979509961215 || 2018-12-09 02:34:56 |
| 4213 || 37.055740931772 || 2010-05-18 23:22:12 |
| 4214 || 58.0420446594638 || 2016-04-03 21:24:08 |
| 4215 || -2.86374991743648 || 2019-06-10 05:08:36 |
| 4216 || 5.08598913705412 || 2015-11-10 18:31:23 |
| 4217 || 56.2167897476584 || 2010-03-15 15:04:11 |
| 4218 || -0.781375067454728 || 2015-04-13 12:52:03 |
| 4219 || 9.85740414010512 || 2015-10-06 02:40:23 |
| 4220 || 0.735601742666043 || 2013-10-14 23:43:03 |
| 4221 || 3.03748575275361 || 2013-06-11 11:41:51 |
| 4222 || 47.9219579067266 || 2016-12-16 18:54:38 |
| 4223 || -12.883054252839 || 2019-08-10 18:16:52 |
| 4224 || 22.0463040418387 || 2017-06-08 15:57:25 |
| 4225 || -5.40428592091478 || 2017-08-13 12:01:37 |
| 4226 || -0.41316182178333 || 2010-03-20 09:51:48 |
| 4227 || 24.9635544232425 || 2011-05-05 01:17:35 |
| 4228 || 27.2091012237024 || 2016-06-21 01:42:28 |
| 4229 || 64.9695570235457 || 2015-07-18 18:13:29 |
| 4230 || 12.9361742421209 || 2013-07-06 15:55:17 |
| 4231 || -0.387706346276927 || 2016-02-19 13:03:37 |
| 4232 || -10.3024297857404 || 2016-09-04 15:40:57 |
| 4233 || 9.90095101380089 || 2015-04-07 08:46:39 |
| 4234 || 52.9844796153409 || 2018-04-12 21:39:02 |
| 4235 || 20.2497000778685 || 2014-01-11 03:03:00 |
| 4236 || 0.0775083993671527 || 2012-11-25 22:52:13 |
| 4237 || 6.55427487748936 || 2016-08-07 19:50:33 |
| 4238 || 41.4828899958727 || 2010-11-01 00:10:59 |
| 4239 || -19.4131544551153 || 2016-12-16 18:13:06 |
| 4240 || 10.1193056085518 || 2011-07-27 17:05:21 |
| 4241 || 0.00311840504708229 || 2010-11-04 14:31:30 |
| 4242 || -2.58005618432856 || 2014-02-25 15:24:08 |
| 4243 || 67.3201783934027 || 2010-07-16 17:44:54 |
| 4244 || -27.8007842896279 || 2017-07-24 05:15:42 |
| 4245 || 7.572383938598 || 2013-04-16 16:20:35 |
| 4246 || -0.0278484612370444 || 2016-11-19 23:05:49 |
| 4247 || 20.9945959957972 || 2014-02-19 11:50:53 |
| 4248 || -12.4803507464502 || 2018-07-16 03:46:17 |
| 4249 || 81.5327739618152 || 2012-12-24 03:52:11 |
| 4250 || 41.0156477867059 || 2013-10-07 11:11:29 |
| 4251 || -0.434202408409663 || 2014-03-20 07:30:00 |
| 4252 || 19.0786219883442 || 2017-09-23 10:23:04 |
| 4253 || 50.4939985944569 || 2012-10-10 08:36:20 |
| 4254 || -28.6142616520943 || 2012-03-23 22:06:19 |
| 4255 || 0.367793266807415 || 2011-11-20 10:26:31 |
| 4256 || -0.924967886427256 || 2013-04-24 04:19:48 |
| 4257 || 5.59000079961363 || 2013-03-07 11:30:35 |
| 4258 || -15.3315405823644 || 2011-12-25 02:14:39 |
| 4259 || -18.3006471030021 || 2013-03-03 14:42:43 |
| 4260 || -17.3185763723335 || 2015-03-20 09:49:13 |
| 4261 || 2.82170175822261 || 2019-10-25 07:24:25 |
| 4262 || 1.25304621800081 || 2011-09-18 08:52:47 |
| 4263 || 50.6576742416789 || 2016-12-24 03:45:05 |
| 4264 || 13.0836737120442 || 2010-08-11 13:49:07 |
| 4265 || -15.1383111132826 || 2013-01-27 21:53:00 |
| 4266 || 0.176761392392527 || 2012-06-08 02:06:33 |
| 4267 || 5.25294552115355 || 2017-08-26 04:21:37 |
| 4268 || 51.3423315528926 || 2017-03-19 05:11:32 |
| 4269 || -0.940106179025859 || 2016-01-13 12:44:02 |
| 4270 || 55.5635652792588 || 2013-06-08 09:29:01 |
| 4271 || 11.053145827974 || 2013-08-06 15:37:20 |
| 4272 || 1.51759772922235 || 2015-01-25 02:00:23 |
| 4273 || -7.48490273154073 || 2014-03-23 03:17:33 |
| 4274 || 51.0213081280717 || 2015-07-05 06:20:04 |
| 4275 || -21.7644229967302 || 2010-11-27 18:57:53 |
| 4276 || -3.88922720644931 || 2014-07-05 18:42:25 |
| 4277 || 2.10685988156467 || 2015-06-03 13:22:50 |
| 4278 || -9.23549508249697 || 2019-10-03 07:04:02 |
| 4279 || 14.2685546259078 || 2013-11-02 10:32:03 |
| 4280 || 20.5825507276944 || 2013-12-01 18:35:42 |
| 4281 || -6.63004318555599 || 2016-06-23 08:17:18 |
| 4282 || 1.2513679262981 || 2018-03-27 22:58:29 |
| 4283 || 31.2433837084699 || 2015-04-04 21:08:30 |
| 4284 || 16.4760105817234 || 2010-10-07 22:14:01 |
| 4285 || -8.70197363282522 || 2019-04-27 17:36:08 |
| 4286 || -7.90005489962075 || 2016-06-15 02:42:07 |
| 4287 || -0.105805312849825 || 2015-07-24 22:01:30 |
| 4288 || 11.1899843349717 || 2012-07-15 13:35:05 |
| 4289 || -13.238897141735 || 2015-04-24 06:04:26 |
| 4290 || 2.59313729885102 || 2016-04-08 17:50:11 |
| 4291 || 25.3172024044978 || 2011-04-08 08:19:23 |
| 4292 || 0.000299742837796355 || 2010-05-27 12:23:45 |
| 4293 || 5.30985745433579 || 2014-11-20 05:10:09 |
| 4294 || 57.0497316230648 || 2018-07-03 14:36:24 |
| 4295 || 40.784355000662 || 2015-12-23 13:53:41 |
| 4296 || 5.91567633879182 || 2012-11-12 13:48:47 |
| 4297 || 0.254412718147321 || 2010-10-02 11:26:10 |
| 4298 || -1.73101954920313 || 2012-07-09 06:14:57 |
| 4299 || -23.4886373713738 || 2013-08-16 21:35:07 |
| 4300 || 22.4601878428571 || 2014-05-20 14:04:02 |
| 4301 || -1.7950604043912 || 2015-04-22 14:33:24 |
| 4302 || -0.142681654849841 || 2015-10-23 16:02:53 |
| 4303 || 20.5781377648 || 2018-03-19 07:46:03 |
| 4304 || -21.877979460803 || 2017-12-10 15:53:40 |
| 4305 || 87.634679997137 || 2019-01-25 15:06:24 |
| 4306 || 0.416946220994104 || 2012-01-09 21:10:41 |
| 4307 || 2.41975347977615 || 2018-08-19 14:24:08 |
| 4308 || -5.34688782240558 || 2018-02-17 15:40:46 |
| 4309 || -5.5480837966897 || 2017-12-07 23:11:02 |
| 4310 || 72.1470841837617 || 2014-02-19 16:54:58 |
| 4311 || 5.31739515812693 || 2011-11-14 18:04:59 |
| 4312 || -0.868702520586258 || 2012-02-03 20:15:17 |
| 4313 || 6.0178254872664 || 2013-02-23 20:32:01 |
| 4314 || -19.6040903227237 || 2014-08-26 12:43:07 |
| 4315 || 5.25852236451622 || 2019-08-22 12:33:15 |
| 4316 || -15.2002800873648 || 2013-04-24 14:33:58 |
| 4317 || -0.346581101970477 || 2011-01-09 16:56:43 |
| 4318 || 7.87579481348273 || 2016-05-27 08:54:32 |
| 4319 || 27.3258262815791 || 2019-07-04 08:09:13 |
| 4320 || 58.3610592268509 || 2015-10-21 05:04:01 |
| 4321 || -20.3562182206126 || 2011-02-24 15:48:39 |
| 4322 || 7.99832156942293 || 2017-05-02 02:34:05 |
| 4323 || 4.73863921559345 || 2016-11-08 19:21:03 |
| 4324 || -17.2049153520447 || 2019-12-22 17:53:48 |
| 4325 || 34.3818368395925 || 2012-12-09 23:21:04 |
| 4326 || -11.3975423167812 || 2018-10-15 02:13:57 |
| 4327 || 8.65393713005595 || 2019-09-09 05:46:55 |
| 4328 || 1.69231939196118 || 2019-09-07 22:35:17 |
| 4329 || -14.8996240467792 || 2010-06-15 00:02:29 |
| 4330 || -24.8694931030442 || 2017-07-20 01:36:58 |
| 4331 || 9.09009143195212 || 2013-09-20 07:13:32 |
| 4332 || -4.31618675200391 || 2016-09-13 17:26:19 |
| 4333 || 1.67067012316191 || 2015-03-14 15:32:02 |
| 4334 || -10.5805866170752 || 2019-09-24 01:25:36 |
| 4335 || -18.559619699341 || 2017-12-08 16:46:52 |
| 4336 || 30.119139182212 || 2017-04-15 11:34:44 |
| 4337 || 23.6302742823365 || 2010-06-06 06:03:09 |
| 4338 || 0.421594353169807 || 2016-07-12 20:21:03 |
| 4339 || 15.3698815815299 || 2010-02-22 09:43:52 |
| 4340 || -15.5405603351407 || 2013-06-02 21:10:43 |
| 4341 || 63.499269052564 || 2019-09-15 13:28:58 |
| 4342 || 21.4142099199957 || 2018-06-15 21:14:03 |
| 4343 || 0.025569633199282 || 2016-06-26 16:44:19 |
| 4344 || 3.82835845985947 || 2014-01-01 20:25:57 |
| 4345 || -23.9200065613398 || 2011-03-15 08:45:19 |
| 4346 || 6.64046509914017 || 2011-11-13 01:55:05 |
| 4347 || 25.7464130035824 || 2015-11-13 09:22:42 |
| 4348 || 0.00558255475902839 || 2015-08-06 12:04:55 |
| 4349 || -8.78355633322316 || 2018-10-04 16:20:03 |
| 4350 || 42.8400252999004 || 2015-09-07 21:53:19 |
| 4351 || 15.5208484763247 || 2010-10-24 16:19:47 |
| 4352 || 14.0804529436275 || 2012-05-15 08:53:00 |
| 4353 || -0.307214156872626 || 2014-01-22 02:53:14 |
| 4354 || 21.5126810451417 || 2018-07-10 13:46:13 |
| 4355 || 4.30523252457007 || 2019-08-06 05:42:50 |
| 4356 || 21.2377261767748 || 2017-04-08 23:44:05 |
| 4357 || 42.8540251002576 || 2016-03-20 12:36:27 |
| 4358 || 1.5705601009038 || 2019-10-17 10:22:51 |
| 4359 || -0.188987680824349 || 2018-04-18 03:25:00 |
| 4360 || 66.6657939684814 || 2013-09-18 09:53:51 |
| 4361 || -12.7155481911401 || 2014-07-18 19:35:18 |
| 4362 || 20.1786506326159 || 2016-10-16 10:07:31 |
| 4363 || -0.0609327697495573 || 2016-10-10 18:19:05 |
| 4364 || -3.76888465884991 || 2016-06-26 03:06:28 |
| 4365 || 45.3978338947174 || 2013-01-04 20:54:52 |
| 4366 || -29.8324016913648 || 2014-08-22 10:08:49 |
| 4367 || 21.9993841752114 || 2015-05-08 02:58:33 |
| 4368 || 7.08357704868371 || 2013-03-06 23:09:51 |
| 4369 || 4.57243003286843 || 2013-10-16 15:15:39 |
| 4370 || 19.9866893173545 || 2013-11-23 06:45:41 |
| 4371 || 79.4287910892784 || 2019-02-06 05:28:05 |
| 4372 || -20.1558256114286 || 2010-03-23 12:48:48 |
| 4373 || 2.75119752136139 || 2011-09-21 08:30:00 |
| 4374 || 2.64492561816037 || 2014-03-14 18:11:11 |
| 4375 || 44.8792187830714 || 2010-07-24 07:34:40 |
| 4376 || -28.8287414371801 || 2011-05-23 05:13:46 |
| 4377 || 52.5597531905044 || 2015-05-25 23:00:58 |
| 4378 || -4.17666082281806 || 2011-10-20 04:49:31 |
| 4379 || 3.75630188439341 || 2016-02-01 14:34:29 |
| 4380 || 10.7480834859893 || 2012-10-20 16:21:22 |
| 4381 || 2.44060554299796 || 2019-04-13 05:20:42 |
| 4382 || 41.0611534553882 || 2012-05-05 10:25:44 |
| 4383 || 17.3955974469912 || 2018-02-26 13:49:48 |
| 4384 || 1.06297086499323 || 2013-02-04 04:42:32 |
| 4385 || 23.1848040775114 || 2010-03-25 07:35:30 |
| 4386 || -28.9310572999905 || 2011-12-03 13:39:39 |
| 4387 || 3.45028882620578 || 2014-10-13 07:05:47 |
| 4388 || 18.8809391538163 || 2016-08-27 19:46:16 |
| 4389 || 0.507307562048817 || 2015-01-13 01:09:05 |
| 4390 || 37.2055896750122 || 2010-11-04 11:03:58 |
| 4391 || 84.3863487096252 || 2016-10-27 04:50:48 |
| 4392 || 27.2274753300696 || 2019-09-26 13:03:12 |
| 4393 || 24.133552979826 || 2014-06-25 13:01:52 |
| 4394 || 0.0175039210552356 || 2013-12-06 05:19:03 |
| 4395 || 24.5234593892254 || 2010-09-21 02:02:30 |
| 4396 || 48.2939425036848 || 2019-01-23 10:44:38 |
| 4397 || 77.3739489750479 || 2016-04-09 08:49:26 |
| 4398 || -1.77016129501905 || 2016-03-26 00:05:00 |
| 4399 || 0.0758949239703686 || 2019-12-06 07:20:44 |
| 4400 || 5.20892439748511 || 2015-08-07 13:33:03 |
| 4401 || 76.4756392498602 || 2019-01-19 19:02:21 |
| 4402 || 84.227901602386 || 2019-08-13 18:03:44 |
| 4403 || -9.43071989944591 || 2013-03-09 22:24:44 |
| 4404 || 0.28991347455091 || 2016-06-07 17:20:50 |
| 4405 || -6.77100024111828 || 2019-01-08 15:03:24 |
| 4406 || 60.3103803409088 || 2013-05-25 15:33:58 |
| 4407 || 69.6747535785431 || 2011-03-09 08:27:28 |
| 4408 || 17.8473193781186 || 2012-04-06 06:33:28 |
| 4409 || 1.50797419862436 || 2019-04-19 23:35:45 |
| 4410 || -5.37353396133494 || 2018-09-10 16:31:21 |
| 4411 || 65.0994640951428 || 2016-11-05 09:41:24 |
| 4412 || 86.6959011795496 || 2019-05-08 09:20:49 |
| 4413 || -16.0565931342121 || 2011-04-21 02:42:39 |
| 4414 || -1.17330572310605 || 2018-11-25 21:29:28 |
| 4415 || 13.0402222201059 || 2013-12-06 00:56:14 |
| 4416 || 60.3094581404224 || 2013-06-09 02:31:04 |
| 4417 || 76.7654599133689 || 2016-07-01 14:04:39 |
| 4418 || 50.3872709327228 || 2012-07-23 09:36:54 |
| 4419 || 1.24455062419563 || 2017-12-17 00:24:42 |
| 4420 || 9.26048430345304 || 2015-10-20 03:37:58 |
| 4421 || -18.558274057097 || 2013-06-13 10:23:52 |
| 4422 || 86.0967814075011 || 2019-08-10 21:54:01 |
| 4423 || 59.1083696589123 || 2012-05-13 08:08:55 |
| 4424 || -0.780758834497817 || 2012-06-15 07:13:02 |
| 4425 || -1.47933935938586 || 2012-10-02 12:00:53 |
| 4426 || 49.4867152858052 || 2011-11-10 19:03:15 |
| 4427 || 88.9139351097689 || 2015-07-20 15:30:20 |
| 4428 || -21.5444675444958 || 2012-02-20 17:50:36 |
| 4429 || 13.3294803920897 || 2017-02-23 02:38:37 |
| 4430 || 1.44583396581698 || 2016-03-06 18:54:10 |
| 4431 || 48.3132211026984 || 2018-07-03 19:13:16 |
| 4432 || -24.2369485779464 || 2015-12-14 23:11:56 |
| 4433 || 61.765911365757 || 2015-02-21 01:27:36 |
| 4434 || -4.05494661074578 || 2010-10-06 05:28:46 |
| 4435 || -0.00259379488907207 || 2010-02-04 06:16:03 |
| 4436 || 19.1506895057686 || 2010-01-09 05:06:18 |
| 4437 || 13.7972268099078 || 2018-01-23 15:51:15 |
| 4438 || 43.5246142876726 || 2013-02-10 09:04:28 |
| 4439 || 5.82166938614861 || 2013-03-01 06:16:30 |
| 4440 || 0.603248131371824 || 2013-08-19 17:36:41 |
| 4441 || 22.970916119042 || 2017-03-24 14:17:46 |
| 4442 || 83.5135261375772 || 2014-09-18 22:16:54 |
| 4443 || -25.9015334064838 || 2015-02-07 13:41:52 |
| 4444 || 26.2439654259223 || 2017-09-18 06:49:11 |
| 4445 || 0.139501386717008 || 2017-11-03 06:20:16 |
| 4446 || -3.14037431229294 || 2015-07-15 10:21:33 |
| 4447 || -2.9987504723691 || 2012-02-22 16:19:11 |
| 4448 || 62.9553204053995 || 2019-03-17 05:28:31 |
| 4449 || -0.950906166039579 || 2019-01-19 17:25:23 |
| 4450 || 0.0355384851616848 || 2018-02-08 05:12:27 |
| 4451 || -3.94269354580313 || 2012-12-11 20:00:26 |
| 4452 || 9.928852501066 || 2018-01-12 02:04:34 |
| 4453 || 26.5023487695768 || 2012-08-13 23:37:47 |
| 4454 || -11.9936551275104 || 2010-02-18 12:12:20 |
| 4455 || 0.271740157967645 || 2011-08-11 03:27:23 |
| 4456 || 16.7340693353045 || 2016-08-25 06:40:00 |
| 4457 || 64.713526706055 || 2010-12-24 21:35:49 |
| 4458 || -28.8412708899273 || 2015-05-26 07:45:07 |
| 4459 || -13.9496000839171 || 2019-12-21 14:03:02 |
| 4460 || 1.53247596884538 || 2010-09-19 03:45:21 |
| 4461 || 18.3626008572261 || 2018-12-07 17:45:24 |
| 4462 || -17.2695554020349 || 2013-05-22 19:47:56 |
| 4463 || 56.3240480096479 || 2010-10-05 20:57:12 |
| 4464 || -1.79655105647877 || 2015-03-05 15:35:12 |
| 4465 || 3.26463304455419 || 2017-11-14 23:19:16 |
| 4466 || -1.92405454537028 || 2013-02-03 18:44:26 |
| 4467 || 58.481691819754 || 2015-02-26 15:33:29 |
| 4468 || 56.6095237923335 || 2012-01-25 05:14:43 |
| 4469 || -15.9171332740802 || 2012-06-07 14:27:04 |
| 4470 || 1.20400490287654 || 2017-01-19 05:06:47 |
| 4471 || 5.33086546310583 || 2015-03-12 00:29:48 |
| 4472 || -6.96774819740315 || 2018-12-25 14:20:09 |
| 4473 || -26.348305071551 || 2012-03-08 10:07:39 |
| 4474 || 49.0634477646809 || 2014-10-18 09:41:17 |
| 4475 || -0.295182331618745 || 2014-04-03 14:42:16 |
| 4476 || 3.96326422630684 || 2019-06-02 14:44:30 |
| 4477 || 55.9977118648125 || 2011-02-01 06:15:25 |
| 4478 || -21.5651775408412 || 2012-04-04 17:21:51 |
| 4479 || 6.26750716546483 || 2017-02-10 20:49:21 |
| 4480 || 4.20624089590457 || 2011-10-07 17:02:11 |
| 4481 || -1.50976535138774 || 2016-04-19 14:14:46 |
| 4482 || -16.8546770799153 || 2019-08-02 13:31:15 |
| 4483 || 54.6767252021234 || 2012-04-07 17:18:40 |
| 4484 || -22.7153673338032 || 2012-07-18 01:52:54 |
| 4485 || 16.5282385633311 || 2019-12-02 17:39:23 |
| 4486 || 1.54486712683515 || 2017-12-02 03:38:44 |
| 4487 || 43.2488002088036 || 2014-05-18 03:10:40 |
| 4488 || 81.0933452692924 || 2016-10-15 23:35:05 |
| 4489 || 70.32747606826 || 2017-01-09 06:49:40 |
| 4490 || -6.7777821010493 || 2017-05-25 08:53:45 |
| 4491 || 1.02908251012876 || 2014-08-12 10:52:33 |
| 4492 || -12.8397560843114 || 2013-03-16 07:14:27 |
| 4493 || 6.27627347051556 || 2010-02-24 20:54:22 |
| 4494 || 42.2478754182802 || 2015-12-13 18:23:36 |
| 4495 || 22.2783701126328 || 2017-04-22 11:32:32 |
| 4496 || -0.0747922365469492 || 2017-06-12 11:30:21 |
| 4497 || 18.1877041027042 || 2018-12-03 16:48:57 |
| 4498 || -25.830622312805 || 2014-10-23 10:54:19 |
| 4499 || 2.22394734710261 || 2012-06-11 05:12:50 |
| 4500 || -5.91320565523686 || 2014-08-27 10:29:44 |
| 4501 || 0.000896398945658959 || 2010-11-05 08:24:19 |
| 4502 || 28.9270590067007 || 2019-10-20 12:30:03 |
| 4503 || 34.4608064099331 || 2012-06-13 13:49:32 |
| 4504 || -1.56618766730737 || 2012-01-27 16:35:55 |
| 4505 || 3.83970825072998 || 2010-08-16 13:58:03 |
| 4506 || 0.418290784837056 || 2015-08-15 16:31:15 |
| 4507 || 5.84124098943875 || 2017-02-01 06:54:05 |
| 4508 || 64.7536591554921 || 2018-12-19 23:37:39 |
| 4509 || 47.3265395644281 || 2013-05-11 00:59:18 |
| 4510 || 27.0134159365306 || 2016-03-22 23:14:59 |
| 4511 || 0.629936436102128 || 2010-09-22 17:58:16 |
| 4512 || -6.18271921773585 || 2014-02-14 05:14:38 |
| 4513 || 67.9339231288075 || 2019-04-18 23:18:49 |
| 4514 || -7.68628390674287 || 2013-08-19 03:38:58 |
| 4515 || -15.0532394596186 || 2017-12-05 09:38:53 |
| 4516 || 2.02495237878628 || 2012-09-02 08:06:15 |
| 4517 || 13.9507202658087 || 2017-06-21 12:48:26 |
| 4518 || 65.9284593444244 || 2011-05-22 22:33:38 |
| 4519 || 88.9576341325328 || 2019-07-16 22:30:47 |
| 4520 || -17.1055707224261 || 2012-01-23 12:34:53 |
| 4521 || 5.56176488345565 || 2015-04-14 04:22:12 |
| 4522 || 1.18433907248326 || 2019-09-18 18:57:05 |
| 4523 || 56.1938321031471 || 2013-07-07 03:46:32 |
| 4524 || 53.1187638277818 || 2011-01-01 11:47:40 |
| 4525 || 54.5506121376725 || 2018-01-11 21:37:01 |
| 4526 || 1.89528448504799 || 2011-12-10 07:37:09 |
| 4527 || 0.228961371417894 || 2015-01-14 10:32:30 |
| 4528 || -3.66303301432812 || 2017-06-25 19:01:04 |
| 4529 || 87.0712764062668 || 2010-01-08 16:01:40 |
| 4530 || 62.6020605194736 || 2017-09-12 17:32:18 |
| 4531 || 6.81762226805489 || 2016-07-24 21:18:24 |
| 4532 || 5.24114574004404 || 2012-08-10 15:53:40 |
| 4533 || -15.7643242367901 || 2015-04-15 09:03:43 |
| 4534 || 89.1184382243464 || 2011-12-09 10:55:27 |
| 4535 || 4.98387235408184 || 2010-03-13 01:11:45 |
| 4536 || 3.78377259104871 || 2011-07-13 09:14:39 |
| 4537 || -0.0391112711700114 || 2017-01-02 11:02:43 |
| 4538 || 44.5384769982051 || 2016-07-16 16:38:29 |
| 4539 || -28.9698092887569 || 2013-04-03 14:31:12 |
| 4540 || 2.78115194308166 || 2012-11-25 17:02:31 |
| 4541 || -2.36876782663493 || 2017-08-26 06:07:59 |
| 4542 || 1.05534393160693 || 2016-10-03 10:00:53 |
| 4543 || 13.6907119508969 || 2018-07-04 18:07:51 |
| 4544 || -11.1123477332273 || 2016-12-12 02:30:03 |
| 4545 || 75.8194042941823 || 2018-07-02 20:22:08 |
| 4546 || 19.0408762592827 || 2016-04-06 03:56:57 |
| 4547 || -0.106875081113667 || 2017-10-02 19:13:18 |
| 4548 || 35.1055192609644 || 2013-07-21 23:17:01 |
| 4549 || 79.376565401406 || 2018-09-24 00:19:20 |
| 4550 || 33.3621313814593 || 2010-06-13 04:09:36 |
| 4551 || 14.9418585545887 || 2016-07-08 17:17:10 |
| 4552 || 0.000370839297993891 || 2013-07-03 12:36:38 |
| 4553 || 28.913064313857 || 2014-07-20 23:59:56 |
| 4554 || 32.6530513977666 || 2018-02-18 00:05:01 |
| 4555 || 25.9801381276163 || 2016-07-20 19:50:55 |
| 4556 || 16.4723272688926 || 2017-10-26 05:14:48 |
| 4557 || 0.209966844490643 || 2015-02-08 21:43:52 |
| 4558 || -8.11560472434181 || 2013-12-23 05:51:53 |
| 4559 || -19.6448890679985 || 2019-10-18 01:29:52 |
| 4560 || -17.4788040542466 || 2011-12-19 00:11:08 |
| 4561 || -13.4607014889001 || 2018-09-22 22:07:13 |
| 4562 || 0.081449192223723 || 2016-08-17 11:11:21 |
| 4563 || 2.12241701203491 || 2018-07-22 04:36:11 |
| 4564 || -3.38713325576615 || 2012-07-08 14:40:08 |
| 4565 || -22.2773718970783 || 2017-06-09 19:57:18 |
| 4566 || 23.2290496938146 || 2011-05-24 06:28:28 |
| 4567 || 2.4773914637284 || 2017-12-16 15:50:22 |
| 4568 || 5.68471992388927 || 2015-10-08 04:17:38 |
| 4569 || 65.3237061185722 || 2018-08-04 07:56:14 |
| 4570 || 16.5104670046387 || 2010-09-27 13:48:19 |
| 4571 || 42.6214779633016 || 2013-03-06 18:59:02 |
| 4572 || -0.647779936018655 || 2016-05-09 11:08:11 |
| 4573 || 8.11210531292453 || 2017-04-24 02:33:45 |
| 4574 || 33.4424277513678 || 2016-04-01 22:25:10 |
| 4575 || 84.5585569042689 || 2019-02-14 18:09:26 |
| 4576 || -9.72691685388225 || 2019-07-06 14:57:45 |
| 4577 || 3.30755429035054 || 2012-03-13 19:14:35 |
| 4578 || 8.63590964213777 || 2017-07-23 00:55:15 |
| 4579 || 43.2122648807285 || 2015-04-23 15:45:23 |
| 4580 || 67.6476841753997 || 2018-01-02 04:11:28 |
| 4581 || 60.6401087146152 || 2015-05-17 07:40:24 |
| 4582 || 1.46661334821915 || 2017-05-13 15:07:18 |
| 4583 || -1.89134076642975 || 2012-02-23 08:15:27 |
| 4584 || 48.1764681511239 || 2012-06-07 23:38:28 |
| 4585 || 67.4804471968402 || 2011-11-27 15:02:49 |
| 4586 || 44.1526508877071 || 2012-12-02 17:01:08 |
| 4587 || 6.07747028521055 || 2015-12-23 16:23:30 |
| 4588 || 0.510185288949559 || 2015-06-22 08:07:11 |
| 4589 || -15.6721092770411 || 2016-05-24 22:13:33 |
| 4590 || -25.2078013601657 || 2012-09-03 12:17:07 |
| 4591 || -10.0863741048877 || 2019-07-24 03:40:52 |
| 4592 || 11.0536304714757 || 2010-07-23 22:16:43 |
| 4593 || -0.367639645182272 || 2016-04-24 00:18:58 |
| 4594 || -3.11488827637553 || 2016-03-17 02:44:58 |
| 4595 || 85.4669161432074 || 2019-02-23 10:48:32 |
| 4596 || 22.5661235838501 || 2019-10-16 21:26:16 |
| 4597 || 3.23906489924416 || 2017-09-08 15:09:23 |
| 4598 || -0.161616345036602 || 2015-12-27 17:39:54 |
| 4599 || -8.88079400694196 || 2012-04-16 19:54:22 |
| 4600 || -27.8781794275684 || 2014-03-27 11:00:12 |
| 4601 || 7.50111212971734 || 2010-01-09 11:48:13 |
| 4602 || 21.2747214000926 || 2012-04-17 10:00:55 |
| 4603 || 0.00661635730857936 || 2016-05-07 09:27:22 |
| 4604 || 23.6226211411422 || 2013-01-13 23:48:01 |
| 4605 || 80.6009592026415 || 2017-01-20 22:01:15 |
| 4606 || -27.0393537184086 || 2013-10-17 19:05:13 |
| 4607 || 27.1927841801346 || 2016-03-10 22:13:15 |
| 4608 || 0.042761768773106 || 2010-12-25 12:35:56 |
| 4609 || 26.0460467464865 || 2014-03-07 14:51:47 |
| 4610 || 17.6804935052542 || 2012-12-23 12:06:46 |
| 4611 || 16.0017048775519 || 2018-07-22 06:30:09 |
| 4612 || 25.4681491240065 || 2014-08-19 18:52:55 |
| 4613 || 0.951748017000237 || 2017-05-01 06:12:55 |
| 4614 || 21.3149660062472 || 2011-11-08 15:54:28 |
| 4615 || 72.8478945618457 || 2017-09-08 21:19:15 |
| 4616 || -7.65706109151435 || 2017-01-21 19:53:38 |
| 4617 || -2.19464010712271 || 2014-04-05 01:38:12 |
| 4618 || 2.14669251876476 || 2018-09-09 07:14:10 |
| 4619 || 12.4904928194997 || 2019-11-27 17:14:25 |
| 4620 || -14.5694874213591 || 2011-04-04 09:33:24 |
| 4621 || -29.1458756899927 || 2012-11-18 20:59:10 |
| 4622 || 39.4017641901036 || 2016-08-06 07:26:41 |
| 4623 || -1.17846983466175 || 2012-05-22 00:41:02 |
| 4624 || -4.09111088145053 || 2013-06-10 14:35:03 |
| 4625 || 48.5198054204591 || 2016-09-21 10:34:08 |
| 4626 || 53.5025817386868 || 2018-07-02 02:19:53 |
| 4627 || 54.4374986427208 || 2018-06-20 12:48:28 |
| 4628 || -0.654269787317358 || 2012-11-24 12:20:11 |
| 4629 || -1.95054058956655 || 2016-04-11 09:13:20 |
| 4630 || 38.7552994796353 || 2010-06-06 03:54:20 |
| 4631 || 10.1157994563247 || 2016-11-20 00:19:56 |
| 4632 || -14.7664207268428 || 2015-01-20 02:52:53 |
| 4633 || -3.17132028399478 || 2016-01-03 19:33:41 |
| 4634 || 5.81942114385219 || 2014-05-04 01:39:15 |
| 4635 || -6.7968502921289 || 2012-12-22 06:09:25 |
| 4636 || 78.5910247557582 || 2014-03-01 17:20:42 |
| 4637 || 41.9119135446118 || 2017-02-01 04:06:04 |
| 4638 || 2.06376137328174 || 2011-04-08 23:20:32 |
| 4639 || 3.39308591259378 || 2017-01-10 07:43:41 |
| 4640 || -13.8656333094181 || 2015-05-02 16:05:30 |
| 4641 || 45.3245113224466 || 2012-05-02 03:32:54 |
| 4642 || -14.8724912844053 || 2016-07-06 08:24:54 |
| 4643 || 15.9320999363878 || 2015-03-15 01:54:28 |
| 4644 || -0.467585621352675 || 2013-05-02 20:15:32 |
| 4645 || 18.1359920503335 || 2017-05-03 17:52:16 |
| 4646 || -15.5313110137856 || 2013-01-13 19:24:18 |
| 4647 || 26.5669880603109 || 2018-05-06 09:52:54 |
| 4648 || -4.10580684007933 || 2017-07-21 01:28:25 |
| 4649 || 0.592467918257078 || 2013-09-22 23:28:33 |
| 4650 || 35.524254576 || 2016-12-04 10:03:46 |
| 4651 || 5.83991526189201 || 2017-10-23 09:32:31 |
| 4652 || 75.8277728857608 || 2017-09-03 11:00:20 |
| 4653 || -8.54141107214155 || 2019-05-25 04:32:47 |
| 4654 || 0.0193687514428671 || 2011-05-19 08:44:22 |
| 4655 || -9.17774702496204 || 2013-01-20 22:06:17 |
| 4656 || 38.3960455483242 || 2017-06-24 13:54:03 |
| 4657 || 55.9668633641106 || 2014-02-16 01:45:47 |
| 4658 || 32.5284008782334 || 2016-05-17 19:16:34 |
| 4659 || 0.00421018111025839 || 2016-04-05 07:16:50 |
| 4660 || 22.2905112903771 || 2011-12-20 01:54:36 |
| 4661 || 16.7672983913801 || 2013-11-14 08:29:02 |
| 4662 || -10.8614422257615 || 2015-12-10 04:39:03 |
| 4663 || 33.588191971032 || 2017-04-05 23:45:36 |
| 4664 || 0.638230218913758 || 2014-03-16 01:08:30 |
| 4665 || 2.6894836592376 || 2018-04-22 01:18:56 |
| 4666 || -22.0193008181331 || 2018-07-27 22:56:31 |
| 4667 || 56.3881130353864 || 2012-07-20 17:24:24 |
| 4668 || 42.0531833317622 || 2011-11-26 21:15:09 |
| 4669 || -0.728589125309451 || 2018-11-26 13:02:01 |
| 4670 || -2.69547965198355 || 2012-11-22 07:37:35 |
| 4671 || -16.4397188702128 || 2015-07-23 12:41:57 |
| 4672 || 69.3811525620568 || 2018-05-19 05:49:25 |
| 4673 || -4.59797886872499 || 2011-05-07 00:28:37 |
| 4674 || 0.729477327067007 || 2011-07-07 08:02:43 |
| 4675 || -4.23677303528175 || 2010-04-08 19:21:26 |
| 4676 || -7.41750800912921 || 2014-10-04 10:14:31 |
| 4677 || 66.5450459494949 || 2012-07-20 07:31:41 |
| 4678 || 18.2651330464996 || 2017-01-19 15:18:42 |
| 4679 || 5.91420757698102 || 2014-11-25 12:03:18 |
| 4680 || 9.76797297218524 || 2019-03-19 09:27:03 |
| 4681 || 39.3793682734586 || 2014-08-26 02:43:23 |
| 4682 || -11.1600097911695 || 2017-08-17 01:38:00 |
| 4683 || 57.3725974178385 || 2010-10-08 20:56:30 |
| 4684 || -3.14745072181114 || 2017-08-25 17:55:06 |
| 4685 || -1.60154296305329 || 2011-06-21 15:57:44 |
| 4686 || 19.5857240039699 || 2014-12-27 08:28:20 |
| 4687 || 3.06898141685593 || 2017-05-02 09:17:34 |
| 4688 || 7.48419293794533 || 2015-09-09 12:55:32 |
| 4689 || -3.92969071988731 || 2016-12-25 06:13:53 |
| 4690 || -1.01245292651001 || 2017-04-07 06:05:51 |
| 4691 || 49.1830577074591 || 2014-10-23 15:53:08 |
| 4692 || -28.1539346111847 || 2018-05-07 02:54:34 |
| 4693 || -21.9986385012013 || 2013-05-14 19:59:39 |
| 4694 || -5.73250188260129 || 2010-11-09 04:31:43 |
| 4695 || 0.237850356151427 || 2017-08-05 04:31:09 |
| 4696 || 5.65941531629424 || 2017-01-05 11:06:50 |
| 4697 || 77.4997987720756 || 2017-07-26 14:39:23 |
| 4698 || -24.2003003599542 || 2019-03-27 03:09:12 |
| 4699 || 21.4145297096942 || 2013-07-13 20:46:08 |
| 4700 || -0.278416349222895 || 2019-05-02 06:53:32 |
| 4701 || 33.4206813822566 || 2019-06-21 14:23:35 |
| 4702 || 1.73931495379378 || 2016-03-13 02:42:06 |
| 4703 || 75.485704298318 || 2015-01-15 11:38:54 |
| 4704 || 24.4302136514047 || 2010-03-05 21:15:24 |
| 4705 || -0.032500120359406 || 2019-06-01 09:59:41 |
| 4706 || 19.5010655153275 || 2018-04-21 06:08:18 |
| 4707 || 25.0726905175953 || 2014-10-12 09:53:18 |
| 4708 || 79.5183874814263 || 2012-09-15 06:07:50 |
| 4709 || -1.15409890453453 || 2017-09-18 03:49:59 |
| 4710 || 0.0470054868929855 || 2019-11-22 04:53:32 |
| 4711 || 26.6052864175923 || 2012-11-01 15:32:27 |
| 4712 || 64.8281937575886 || 2018-11-03 19:42:24 |
| 4713 || 38.3183191241239 || 2018-05-15 04:29:58 |
| 4714 || -4.58613988785655 || 2015-01-19 02:37:18 |
| 4715 || -0.0475975334452073 || 2017-08-22 14:31:12 |
| 4716 || 23.1182192082389 || 2011-01-20 12:41:39 |
| 4717 || -24.1517940497246 || 2014-12-19 05:31:36 |
| 4718 || 56.7703657183739 || 2019-06-06 05:40:24 |
| 4719 || 21.9257178938553 || 2014-01-17 02:12:48 |
| 4720 || 1.6279197488551 || 2010-05-14 00:12:00 |
| 4721 || -2.53270796146252 || 2013-08-05 04:45:34 |
| 4722 || -17.6224832585346 || 2018-09-26 06:11:12 |
| 4723 || -29.4442194419972 || 2011-09-20 09:15:28 |
| 4724 || 33.9111848363811 || 2013-08-06 15:05:49 |
| 4725 || 3.00806587447066 || 2015-05-22 22:02:31 |
| 4726 || -4.7816895275736 || 2015-05-16 07:10:00 |
| 4727 || -13.1407586825176 || 2012-08-10 00:50:33 |
| 4728 || 1.77491978136132 || 2017-05-15 00:47:23 |
| 4729 || -17.8573434022354 || 2014-08-19 01:13:38 |
| 4730 || -2.00573295915542 || 2019-09-18 16:28:25 |
| 4731 || 3.08498352581593 || 2013-01-21 12:01:08 |
| 4732 || 31.4214240908988 || 2016-07-21 20:39:39 |
| 4733 || -11.5977189296899 || 2014-09-18 20:24:02 |
| 4734 || 50.1058211883049 || 2014-01-24 21:32:46 |
| 4735 || 2.06575325950052 || 2011-06-14 08:08:01 |
| 4736 || -2.0485298021872 || 2010-12-26 00:58:15 |
| 4737 || -18.2736506634201 || 2014-04-06 22:08:05 |
| 4738 || 30.4369685130607 || 2012-12-06 08:55:08 |
| 4739 || -12.3142693955075 || 2019-07-09 11:32:41 |
| 4740 || -1.61521593055833 || 2014-09-26 18:10:09 |
| 4741 || 2.62905610562116 || 2011-01-11 05:02:32 |
| 4742 || -7.55250015301317 || 2018-05-22 21:01:05 |
| 4743 || 88.5492651417618 || 2013-06-26 19:48:05 |
| 4744 || 12.7049971290781 || 2014-02-02 02:18:59 |
| 4745 || -2.64756891835003 || 2011-08-25 11:50:36 |
| 4746 || 1.44419434867413 || 2011-07-01 01:51:09 |
| 4747 || 22.3671728155948 || 2017-09-13 04:15:19 |
| 4748 || -22.8022315601909 || 2018-02-25 07:52:06 |
| 4749 || 64.4466915632205 || 2018-03-21 21:53:21 |
| 4750 || -4.14861866566504 || 2013-03-08 22:18:55 |
| 4751 || 0.0656753243273215 || 2015-02-26 23:23:49 |
| 4752 || 17.814390508206 || 2016-09-11 06:40:42 |
| 4753 || -14.5001775185761 || 2017-03-03 13:28:26 |
| 4754 || -14.0963698464259 || 2014-02-15 14:25:58 |
| 4755 || -4.54977548603065 || 2010-03-18 15:20:13 |
| 4756 || 0.110440483106793 || 2012-03-15 04:40:38 |
| 4757 || 15.9984399571699 || 2019-02-10 02:24:01 |
| 4758 || -24.6797611094374 || 2012-05-01 07:13:36 |
| 4759 || 80.0137679267605 || 2019-11-16 11:32:25 |
| 4760 || 25.8077765955783 || 2010-07-09 02:57:04 |
| 4761 || -0.000882915119709417 || 2012-07-08 02:30:07 |
| 4762 || 24.6718914301311 || 2019-02-02 11:56:11 |
| 4763 || -19.800449936079 || 2013-05-17 10:53:08 |
| 4764 || 77.7390171638659 || 2010-08-21 12:29:00 |
| 4765 || 36.2230443753153 || 2015-05-15 18:13:30 |
| 4766 || 0.360045322371264 || 2012-02-14 06:46:48 |
| 4767 || 22.9190627682778 || 2017-09-21 15:55:20 |
| 4768 || -2.54923892638128 || 2014-02-10 12:27:50 |
| 4769 || 86.1968037677805 || 2018-02-13 22:34:32 |
| 4770 || 31.8790021385675 || 2016-01-14 17:30:51 |
| 4771 || 1.27336404621596 || 2010-06-16 08:49:37 |
| 4772 || 18.0261837450023 || 2013-01-06 00:57:01 |
| 4773 || 42.7061106007702 || 2012-03-04 17:28:07 |
| 4774 || -29.3531867388174 || 2012-10-22 17:11:27 |
| 4775 || -15.7205868446436 || 2015-11-09 00:49:39 |
| 4776 || -0.784509232841518 || 2017-11-08 01:45:23 |
| 4777 || -1.71964872077486 || 2011-07-02 22:15:33 |
| 4778 || 49.8132322038316 || 2017-09-22 21:10:37 |
| 4779 || 88.3240758221006 || 2017-01-03 07:39:04 |
| 4780 || 51.7320691961301 || 2011-10-01 23:02:17 |
| 4781 || -1.09152297867583 || 2013-10-06 15:34:00 |
| 4782 || -3.0093646114671 || 2015-08-03 07:10:30 |
| 4783 || 40.4420486250432 || 2015-01-19 06:48:55 |
| 4784 || -28.0354839729088 || 2018-11-09 21:50:28 |
| 4785 || 54.711781080652 || 2010-10-23 14:54:16 |
| 4786 || 3.7276126075433 || 2018-11-08 07:49:13 |
| 4787 || 3.43915859314749 || 2017-05-01 16:39:40 |
| 4788 || -7.84316630849149 || 2015-07-04 04:53:00 |
| 4789 || 42.6345525170312 || 2010-07-10 08:14:16 |
| 4790 || 40.3286416101248 || 2015-05-15 10:24:42 |
| 4791 || -3.09190751442438 || 2010-04-18 20:00:51 |
| 4792 || -1.39303899868021 || 2015-04-10 09:24:06 |
| 4793 || -15.3599938452322 || 2019-05-21 08:57:11 |
| 4794 || 87.3720447899596 || 2019-05-02 09:02:13 |
| 4795 || 54.5935083521329 || 2019-11-26 03:56:19 |
| 4796 || -3.75964615509506 || 2010-01-18 03:14:44 |
| 4797 || 1.01675338608479 || 2015-08-09 02:52:21 |
| 4798 || -15.3041225513355 || 2013-10-11 21:50:51 |
| 4799 || -27.253074843321 || 2017-07-17 11:49:57 |
| 4800 || 72.2233506969287 || 2016-10-24 21:55:01 |
| 4801 || 14.9315748482758 || 2016-12-11 09:29:45 |
| 4802 || 1.1828519151163 || 2010-12-09 00:07:33 |
| 4803 || 30.7704584263941 || 2013-09-16 11:56:27 |
| 4804 || 78.703626659098 || 2013-02-22 11:06:24 |
| 4805 || -25.4111873117286 || 2018-11-07 22:03:04 |
| 4806 || 23.8742291147388 || 2019-10-25 03:11:37 |
| 4807 || 0.15348344541604 || 2012-05-08 12:53:56 |
| 4808 || 34.6351212200684 || 2018-09-06 18:21:30 |
| 4809 || -20.0401367267161 || 2019-11-10 01:55:18 |
| 4810 || -25.0647045837024 || 2010-07-20 19:37:31 |
| 4811 || 7.75828325546076 || 2015-05-27 03:37:07 |
| 4812 || 0.000112941140261486 || 2019-09-15 12:11:06 |
| 4813 || 12.7769058779455 || 2013-05-25 13:46:00 |
| 4814 || -0.418079999746757 || 2013-06-02 05:06:15 |
| 4815 || -27.7168895146189 || 2015-10-23 17:51:35 |
| 4816 || 19.7675550069402 || 2018-04-12 22:33:53 |
| 4817 || 0.257100105228365 || 2016-02-05 13:42:08 |
| 4818 || 4.78369591209565 || 2012-03-13 17:13:13 |
| 4819 || 67.9921383722718 || 2010-02-07 01:49:02 |
| 4820 || 63.1234338531957 || 2015-03-07 03:09:10 |
| 4821 || 15.2788489586162 || 2012-06-27 23:18:38 |
| 4822 || 1.30667701648324 || 2017-11-05 17:52:14 |
| 4823 || -0.0199366023501869 || 2011-09-03 14:12:06 |
| 4824 || -23.4413995604443 || 2012-05-23 09:56:35 |
| 4825 || 65.5147758345176 || 2014-06-18 15:51:14 |
| 4826 || -14.2528574643337 || 2012-03-27 04:15:57 |
| 4827 || -0.412257063026865 || 2013-05-04 10:17:06 |
| 4828 || 15.3442923050714 || 2013-12-05 09:45:50 |
| 4829 || 66.871443117241 || 2016-11-07 05:59:32 |
| 4830 || 16.4368213300674 || 2016-09-11 17:03:49 |
| 4831 || 10.3033706336337 || 2015-06-16 20:03:49 |
| 4832 || -1.73457349776889 || 2017-09-20 18:57:47 |
| 4833 || 7.09436741598324 || 2011-09-20 00:53:51 |
| 4834 || 56.0566447180422 || 2012-09-23 22:50:53 |
| 4835 || 89.7127705700088 || 2010-11-22 17:24:18 |
| 4836 || 55.8728443159415 || 2014-12-01 01:46:07 |
| 4837 || 6.51743684362916 || 2014-02-02 07:30:22 |
| 4838 || 8.01611163821121 || 2010-06-13 01:43:22 |
| 4839 || 51.5784328155227 || 2019-09-06 14:51:09 |
| 4840 || 40.7972517051468 || 2013-04-03 02:48:20 |
| 4841 || 61.2895742258413 || 2015-06-07 02:42:25 |
| 4842 || 9.04822857614428 || 2016-02-23 22:13:25 |
| 4843 || -1.71647774359102 || 2012-07-21 09:37:43 |
| 4844 || 48.6379060329065 || 2012-02-05 22:40:10 |
| 4845 || 89.1226108141696 || 2010-06-06 16:24:02 |
| 4846 || 25.2473746854525 || 2012-11-11 11:13:52 |
| 4847 || 8.72082345586004 || 2018-02-15 04:41:35 |
| 4848 || -1.01730063671176 || 2015-09-10 06:03:41 |
| 4849 || -15.4030187555288 || 2017-04-07 06:28:18 |
| 4850 || 33.6632318998263 || 2014-01-05 18:32:08 |
| 4851 || -23.804257194853 || 2010-10-21 16:39:31 |
| 4852 || 6.12733342952578 || 2013-08-04 19:50:01 |
| 4853 || 1.53629342850707 || 2017-10-11 23:42:14 |
| 4854 || 41.5742030327283 || 2016-07-16 15:46:37 |
| 4855 || 20.8754060053573 || 2013-06-10 05:38:47 |
| 4856 || -22.6751646200104 || 2014-06-24 09:59:54 |
| 4857 || 15.3084056741769 || 2013-01-17 08:21:57 |
| 4858 || -0.1272347634272 || 2011-06-14 03:01:03 |
| 4859 || 36.1906542418677 || 2016-02-17 03:39:48 |
| 4860 || 9.12656493420515 || 2010-12-03 20:39:27 |
| 4861 || 19.5744564493158 || 2013-03-20 05:46:10 |
| 4862 || 25.8026624678784 || 2012-06-25 21:03:55 |
| 4863 || -0.00195959105227311 || 2016-04-01 19:12:14 |
| 4864 || 0.223168121884629 || 2017-12-22 07:24:56 |
| 4865 || 78.5242782164124 || 2013-10-12 07:55:02 |
| 4866 || -20.0191947615665 || 2014-11-15 11:00:55 |
| 4867 || 33.6387001618045 || 2014-07-27 11:14:48 |
| 4868 || 0.00434241091459204 || 2016-11-06 03:51:05 |
| 4869 || -1.79979017132729 || 2014-02-22 21:44:39 |
| 4870 || 74.7214427745408 || 2017-12-16 03:34:14 |
| 4871 || -27.4428456682964 || 2011-04-04 21:17:56 |
| 4872 || -0.518511374206826 || 2011-06-08 02:40:44 |
| 4873 || 0.56660282619758 || 2015-12-22 16:24:45 |
| 4874 || -1.1003178361936 || 2019-08-06 08:18:31 |
| 4875 || 67.869258871154 || 2013-08-15 02:51:56 |
| 4876 || 39.8696886513383 || 2019-01-25 21:37:15 |
| 4877 || 43.3355231637248 || 2017-05-07 19:27:16 |
| 4878 || -0.492011909678192 || 2017-04-12 14:08:38 |
| 4879 || 3.7016579727227 || 2019-02-11 19:33:39 |
| 4880 || 67.5128971067747 || 2019-07-11 21:28:30 |
| 4881 || 79.6679614215621 || 2014-01-21 08:34:47 |
| 4882 || 26.2553091391203 || 2019-05-05 06:11:52 |
| 4883 || -1.43804808695466 || 2013-04-14 19:48:40 |
| 4884 || 0.404685517179086 || 2016-10-24 00:15:13 |
| 4885 || 43.6151115374871 || 2011-04-20 13:00:30 |
| 4886 || 74.866762416101 || 2013-10-09 01:57:21 |
| 4887 || -16.5724067570118 || 2013-05-04 21:23:57 |
| 4888 || 7.09765233281192 || 2018-05-10 05:48:14 |
| 4889 || 8.9055278759592 || 2017-02-18 16:13:53 |
| 4890 || 21.1581528592962 || 2018-12-16 02:20:24 |
| 4891 || 86.2707702589723 || 2013-10-08 01:26:58 |
| 4892 || 1.55881690485472 || 2019-07-23 18:36:05 |
| 4893 || 9.55713698628222 || 2010-11-05 09:31:17 |
| 4894 || -0.094975108498085 || 2015-01-15 03:00:12 |
| 4895 || -5.85458715582675 || 2010-02-14 05:25:54 |
| 4896 || 84.4867372849021 || 2013-03-09 10:21:34 |
| 4897 || -18.7157282051324 || 2019-02-24 07:07:43 |
| 4898 || 2.2433343987117 || 2019-05-26 21:14:19 |
| 4899 || 3.46120073294419 || 2017-10-16 04:44:49 |
| 4900 || -15.6015394363734 || 2015-01-15 23:47:53 |
| 4901 || 67.1034530287635 || 2019-01-08 14:04:50 |
| 4902 || -10.6367489440488 || 2019-03-07 19:12:09 |
| 4903 || 13.3662247868051 || 2013-09-25 11:28:52 |
| 4904 || -0.551757266669491 || 2012-10-01 06:12:58 |
| 4905 || -4.23519792177604 || 2019-12-04 23:08:05 |
| 4906 || 8.18110421994884 || 2015-02-03 06:37:58 |
| 4907 || 67.5729062199507 || 2011-11-12 21:56:18 |
| 4908 || 1.82714887026284 || 2012-05-20 11:49:57 |
| 4909 || 0.593386597864817 || 2014-06-11 15:17:58 |
| 4910 || 24.5332283291325 || 2015-06-08 12:35:22 |
| 4911 || 30.5850731350404 || 2016-12-15 09:47:34 |
| 4912 || -13.6902632268799 || 2019-12-05 20:49:08 |
| 4913 || -5.81222380443664 || 2016-02-09 05:28:59 |
| 4914 || 0.0157498638273728 || 2012-12-06 03:34:33 |
| 4915 || 8.13139645303978 || 2011-05-02 12:21:36 |
| 4916 || 20.2695410568123 || 2014-09-25 10:15:52 |
| 4917 || 82.1014116788058 || 2017-12-05 15:23:05 |
| 4918 || -3.25721595201307 || 2013-03-15 17:30:40 |
| 4919 || 0.0250802676662983 || 2014-04-12 01:46:32 |
| 4920 || 1.85783722650508 || 2018-09-13 02:10:45 |
| 4921 || 61.0511057841181 || 2014-03-05 22:51:16 |
| 4922 || -24.9550722658158 || 2011-06-23 21:26:29 |
| 4923 || 1.06267507175577 || 2016-05-23 03:14:19 |
| 4924 || 0.0922707583285876 || 2019-06-17 08:33:46 |
| 4925 || 13.9170824074499 || 2012-08-11 06:42:21 |
| 4926 || -14.9463188756058 || 2011-02-02 15:20:15 |
| 4927 || 82.9014195986735 || 2019-12-08 12:00:51 |
| 4928 || 43.959664271718 || 2018-10-21 19:25:26 |
| 4929 || -0.285712170189638 || 2015-03-15 11:36:55 |
| 4930 || -2.93345326208515 || 2013-11-24 15:45:23 |
| 4931 || -21.4494548345083 || 2012-07-25 03:36:43 |
| 4932 || -29.5802677350722 || 2015-04-11 18:23:18 |
| 4933 || -7.22369787586334 || 2015-07-10 02:14:01 |
| 4934 || 4.28997754181254 || 2014-07-24 15:56:49 |
| 4935 || -2.02899147679859 || 2013-06-07 14:20:56 |
| 4936 || -11.5844801133554 || 2015-03-26 14:32:24 |
| 4937 || 52.8388427834902 || 2011-01-24 03:33:06 |
| 4938 || -18.3179002427649 || 2013-12-03 23:56:22 |
| 4939 || 5.721612096188 || 2010-07-07 18:31:42 |
| 4940 || 6.55423325850468 || 2018-05-06 08:11:37 |
| 4941 || 6.72191196308955 || 2017-10-17 08:19:36 |
| 4942 || -15.8591803578858 || 2012-09-18 21:07:53 |
| 4943 || -19.9083239270616 || 2018-09-14 01:39:45 |
| 4944 || 3.33685790736245 || 2013-04-14 20:40:01 |
| 4945 || 6.22251679526396 || 2012-04-18 14:27:12 |
| 4946 || -2.45609136472428 || 2017-06-16 21:58:52 |
| 4947 || -27.2783741426948 || 2014-05-13 14:37:44 |
| 4948 || -3.26867925747338 || 2013-12-08 13:56:36 |
| 4949 || 2.68723829435629 || 2014-01-19 05:23:26 |
| 4950 || 2.10678019045342 || 2014-07-15 19:59:31 |
| 4951 || -13.441257357019 || 2010-01-15 13:30:44 |
| 4952 || 54.482117339004 || 2012-04-23 15:12:07 |
| 4953 || 69.5305340666514 || 2015-02-24 15:37:43 |
| 4954 || -4.24813910628952 || 2015-10-25 05:33:23 |
| 4955 || -0.102728767206354 || 2012-09-09 16:41:04 |
| 4956 || 16.8196924420636 || 2017-10-12 08:20:23 |
| 4957 || 32.0207653975359 || 2012-03-27 18:28:16 |
| 4958 || -24.0311989445274 || 2013-09-16 00:42:37 |
| 4959 || 6.00373830450967 || 2017-09-19 21:09:40 |
| 4960 || -0.238473699449454 || 2016-08-01 20:15:36 |
| 4961 || 37.8941813169149 || 2017-12-01 13:19:50 |
| 4962 || -0.334157824060132 || 2018-10-15 17:20:27 |
| 4963 || 74.5627796168458 || 2010-01-27 10:00:47 |
| 4964 || 24.9193213974041 || 2017-11-27 02:28:31 |
| 4965 || -0.0251056989213669 || 2013-04-21 15:12:32 |
| 4966 || 31.0742011485094 || 2018-02-09 09:13:39 |
| 4967 || 11.5597176059377 || 2016-02-24 05:14:53 |
| 4968 || -18.1121927525008 || 2018-06-12 10:42:42 |
| 4969 || -10.7509830504399 || 2018-12-01 17:30:49 |
| 4970 || 0.067672856929347 || 2014-09-01 14:13:23 |
| 4971 || 25.1724705023133 || 2015-01-16 02:42:10 |
| 4972 || 69.7677909109435 || 2019-10-05 21:30:33 |
| 4973 || 8.09338741730087 || 2012-04-25 19:37:58 |
| 4974 || 31.6669930188199 || 2017-11-11 08:23:10 |
| 4975 || -0.182701489962068 || 2016-12-16 15:35:23 |
| 4976 || 21.851317231261 || 2019-11-04 18:59:29 |
| 4977 || 72.1048426268183 || 2018-06-17 21:47:06 |
| 4978 || -20.8440215171956 || 2015-01-02 06:22:58 |
| 4979 || -10.1505286380966 || 2013-03-26 13:09:57 |
| 4980 || 1.8459273769671 || 2017-01-11 17:17:24 |
| 4981 || 8.003936703046 || 2013-07-24 05:56:36 |
| 4982 || 9.86949399243652 || 2017-07-05 15:42:46 |
| 4983 || -22.7985715770599 || 2011-07-24 06:00:51 |
| 4984 || 12.2045396493174 || 2012-04-03 05:49:46 |
| 4985 || -1.2198127097941 || 2012-04-12 23:41:48 |
| 4986 || 13.6722004295361 || 2018-05-04 07:06:30 |
| 4987 || 27.5253091938698 || 2016-03-27 07:19:38 |
| 4988 || 31.5423926917884 || 2019-04-05 02:50:22 |
| 4989 || 20.4581493867098 || 2019-01-15 05:52:37 |
| 4990 || 0.30590090759874 || 2013-11-27 04:16:45 |
| 4991 || 6.46337942162204 || 2019-11-16 18:01:08 |
| 4992 || 20.806234244574 || 2018-11-14 16:38:39 |
| 4993 || 2.94799169202146 || 2016-10-06 11:02:27 |
| 4994 || 40.4489625216137 || 2017-08-06 12:28:10 |
| 4995 || -3.03123986990209 || 2014-11-01 06:02:38 |
| 4996 || -2.343668009428 || 2014-09-10 00:53:16 |
| 4997 || -17.802937774346 || 2011-02-16 05:05:46 |
| 4998 || -18.9501693853772 || 2018-09-22 07:00:19 |
| 4999 || 64.0863005129627 || 2016-01-19 23:02:37 |
| 5000 || 0.460748995006341 || 2014-04-18 05:42:06 |
| 5001 || 2.78254576035785 || 2018-01-07 18:09:24 |
| 5002 || -1.7395479119594 || 2014-05-25 03:32:17 |
| 5003 || -12.8260501253081 || 2010-11-10 04:39:44 |
| 5004 || -11.5866696177886 || 2011-04-14 03:46:45 |
| 5005 || 13.080399931299 || 2018-08-09 21:37:18 |
| 5006 || 0.394806551864066 || 2018-09-18 23:26:56 |
| 5007 || 12.0324486106681 || 2012-11-20 17:13:11 |
| 5008 || -9.8244084599317 || 2012-11-26 00:19:15 |
| 5009 || -3.97594956812411 || 2011-02-26 03:39:05 |
| 5010 || 4.55367344751896 || 2016-03-07 08:56:12 |
| 5011 || 0.273471576503686 || 2012-10-27 08:59:51 |
| 5012 || 0.95677905055565 || 2012-01-08 06:39:31 |
| 5013 || 55.1775474917986 || 2011-05-10 13:32:33 |
| 5014 || -24.6857364257331 || 2014-10-03 09:44:45 |
| 5015 || 10.0452071207412 || 2014-04-14 02:43:54 |
| 5016 || -0.0581458526992636 || 2011-09-15 21:39:53 |
| 5017 || 32.1172828807808 || 2015-04-17 13:39:19 |
| 5018 || 19.6571540834811 || 2012-06-08 16:58:02 |
| 5019 || -22.2127198239932 || 2012-03-20 14:01:46 |
| 5020 || -9.67778498261375 || 2012-10-17 14:21:42 |
| 5021 || -0.00611690757291887 || 2016-06-19 06:16:34 |
| 5022 || 23.9124870196513 || 2013-07-23 00:34:12 |
| 5023 || 67.1451015510727 || 2019-09-01 19:37:16 |
| 5024 || -21.1511331619429 || 2010-02-25 06:36:02 |
| 5025 || 14.2858838412183 || 2014-11-17 17:43:11 |
| 5026 || -0.161736645863344 || 2019-10-05 17:46:12 |
| 5027 || -6.18464742250191 || 2015-12-15 00:56:13 |
| 5028 || -14.5418075608987 || 2010-08-06 22:03:27 |
| 5029 || 80.5273846332589 || 2018-02-21 17:35:44 |
| 5030 || 8.70330608553288 || 2018-01-06 21:26:06 |
| 5031 || 0.263135905697462 || 2018-04-13 06:51:39 |
| 5032 || 2.65795672943856 || 2017-05-25 07:55:01 |
| 5033 || 4.71692737389656 || 2011-08-11 05:41:15 |
| 5034 || 34.3552476846874 || 2015-05-23 06:17:59 |
| 5035 || -13.8846737540376 || 2017-10-24 05:58:12 |
| 5036 || 3.32194362319897 || 2010-08-07 18:51:29 |
| 5037 || 13.2331450745796 || 2017-02-16 05:33:01 |
| 5038 || 36.1492802513688 || 2012-11-13 20:10:40 |
| 5039 || 41.0744270770318 || 2013-07-01 05:23:42 |
| 5040 || 11.5373539120272 || 2017-11-06 20:47:03 |
| 5041 || -1.18671926040868 || 2018-07-23 10:51:28 |
| 5042 || 7.77589268297428 || 2015-10-19 16:59:45 |
| 5043 || 26.6332533375971 || 2019-10-01 18:28:28 |
| 5044 || 20.6390992020565 || 2015-09-22 13:53:52 |
| 5045 || -18.3792128815343 || 2019-06-20 17:30:29 |
| 5046 || 3.15765698630198 || 2011-11-09 07:23:48 |
| 5047 || -1.41797161399472 || 2018-06-08 10:49:26 |
| 5048 || 42.5074569849955 || 2013-10-07 02:30:09 |
| 5049 || 89.1432448706946 || 2014-02-27 03:30:13 |
| 5050 || 63.0767646517346 || 2019-12-20 09:42:22 |
| 5051 || 4.01415707699857 || 2015-12-10 03:05:24 |
| 5052 || 4.82841758947594 || 2010-11-26 01:44:54 |
| 5053 || -7.64034395961827 || 2019-02-16 18:40:23 |
| 5054 || 14.137597343589 || 2014-10-24 13:13:08 |
| 5055 || -16.8638944121681 || 2012-06-09 17:08:10 |
| 5056 || 14.7524141067664 || 2019-09-23 04:07:04 |
| 5057 || 2.77581803598987 || 2019-09-21 23:50:43 |
| 5058 || -8.38111583633564 || 2013-01-16 10:53:21 |
| 5059 || 2.06885290168601 || 2014-06-08 02:11:08 |
| 5060 || 65.0293216017861 || 2017-10-11 09:21:06 |
| 5061 || 2.83465443949545 || 2014-01-23 18:20:19 |
| 5062 || 0.701698003647375 || 2013-01-10 20:37:18 |
| 5063 || 32.9330281754603 || 2011-10-22 02:10:43 |
| 5064 || 66.4368618823071 || 2017-06-19 12:25:36 |
| 5065 || -4.9308335207428 || 2016-02-04 13:43:04 |
| 5066 || 1.34733392219838 || 2014-08-24 03:48:20 |
| 5067 || 0.0467392356187017 || 2019-09-02 00:55:41 |
| 5068 || -11.5765383557322 || 2011-08-15 22:00:00 |
| 5069 || 39.0713026689798 || 2017-11-05 06:50:09 |
| 5070 || -26.5799700828715 || 2017-03-11 19:01:15 |
| 5071 || 28.7960907084865 || 2018-02-18 18:06:43 |
| 5072 || 0.0018679661631356 || 2012-09-13 08:44:43 |
| 5073 || -9.16209133076804 || 2015-09-10 00:51:05 |
| 5074 || -26.5336462489362 || 2013-10-24 17:56:36 |
| 5075 || 24.3723400138624 || 2019-10-20 03:44:44 |
| 5076 || 1.15510122077617 || 2019-10-06 06:21:26 |
| 5077 || 0.344093192092058 || 2011-05-06 07:14:33 |
| 5078 || -2.54193071474089 || 2017-08-25 20:19:50 |
| 5079 || 47.8224215937935 || 2019-02-19 09:51:23 |
| 5080 || 24.296873486066 || 2010-09-13 14:30:40 |
| 5081 || 14.1501375748676 || 2010-03-25 08:39:00 |
| 5082 || 0.82004941402308 || 2018-04-17 07:11:22 |
| 5083 || 19.671213261602 || 2010-09-16 05:50:51 |
| 5084 || 24.3227566485662 || 2013-08-04 04:42:52 |
| 5085 || 46.165697141665 || 2018-08-22 20:21:31 |
| 5086 || 16.8070465319745 || 2013-07-03 14:50:49 |
| 5087 || 1.22037263454762 || 2011-11-04 11:12:14 |
| 5088 || 6.1047728555929 || 2011-04-16 23:27:51 |
| 5089 || -21.199652978534 || 2017-03-08 05:49:27 |
| 5090 || -20.6500844736502 || 2016-07-17 08:26:03 |
| 5091 || 47.9095941615065 || 2012-11-27 07:50:36 |
| 5092 || 3.32050702256042 || 2016-12-07 06:13:44 |
| 5093 || 11.0086150790209 || 2019-10-13 03:50:06 |
| 5094 || -16.8310676660441 || 2014-10-13 19:02:08 |
| 5095 || -28.9812616230308 || 2013-06-19 06:47:24 |
| 5096 || 10.7588328820091 || 2016-11-09 17:03:25 |
| 5097 || -0.0531405961209426 || 2015-07-06 17:55:38 |
| 5098 || 7.59835595888617 || 2012-08-24 04:41:26 |
| 5099 || 56.8082500034418 || 2019-03-15 09:10:59 |
| 5100 || 38.7461589052113 || 2016-07-03 00:32:06 |
| 5101 || -20.307132070393 || 2013-11-22 18:01:19 |
| 5102 || -1.41630647993969 || 2019-03-19 02:13:29 |
| 5103 || 5.45468579757718 || 2018-11-27 20:49:26 |
| 5104 || 43.5642370937681 || 2016-01-10 23:42:52 |
| 5105 || 29.86307004243 || 2011-06-10 20:41:59 |
| 5106 || 27.6444967835355 || 2016-04-02 11:28:16 |
| 5107 || 6.72889718995335 || 2013-05-04 22:47:52 |
| 5108 || 2.97995489684626 || 2019-10-21 16:24:33 |
| 5109 || 13.0308925618382 || 2013-03-13 19:06:47 |
| 5110 || -27.6096565692983 || 2019-01-14 03:27:41 |
| 5111 || 21.8984912728434 || 2019-05-04 10:50:50 |
| 5112 || 0.336128163220556 || 2014-12-15 10:16:34 |
| 5113 || 0.867107070507777 || 2017-03-15 15:36:59 |
| 5114 || 41.2537390679226 || 2014-09-26 12:24:10 |
| 5115 || 78.6280519867061 || 2015-12-18 09:33:55 |
| 5116 || 22.9802057149371 || 2013-04-23 03:21:17 |
| 5117 || -8.03934686289016 || 2014-04-06 05:20:09 |
| 5118 || 0.380334425698147 || 2015-10-04 08:48:34 |
| 5119 || 14.7609782898309 || 2018-04-27 10:49:54 |
| 5120 || 12.7508281512374 || 2016-05-09 20:36:12 |
| 5121 || 25.389379155071 || 2012-04-08 10:34:22 |
| 5122 || -4.43696331173405 || 2010-04-02 04:03:52 |
| 5123 || 0.00420832903235889 || 2019-11-21 18:02:03 |
| 5124 || -9.79983501413861 || 2017-09-18 17:26:00 |
| 5125 || -19.3943245040127 || 2017-01-12 17:03:01 |
| 5126 || -27.617671864837 || 2012-07-21 12:11:04 |
| 5127 || -2.07914015539505 || 2016-07-10 18:15:56 |
| 5128 || 0.165950980199281 || 2014-06-21 18:07:50 |
| 5129 || 15.1523600903185 || 2013-12-05 18:22:19 |
| 5130 || 69.6204602806168 || 2012-06-14 06:28:11 |
| 5131 || 56.4127154170433 || 2015-07-08 03:59:37 |
| 5132 || -8.93636157518604 || 2017-09-03 08:12:38 |
| 5133 || 0.708561956224342 || 2011-11-15 00:26:45 |
| 5134 || -4.88274711753366 || 2015-10-06 15:26:43 |
| 5135 || -23.7684860828184 || 2013-11-17 21:21:56 |
| 5136 || -6.87026532355354 || 2018-11-25 04:57:36 |
| 5137 || 17.527730284391 || 2012-02-18 17:34:29 |
| 5138 || -0.840983999837574 || 2019-09-26 18:40:12 |
| 5139 || -5.40069094147965 || 2016-12-23 17:47:11 |
| 5140 || 61.5561759551748 || 2011-01-12 00:04:01 |
| 5141 || -13.7185805575607 || 2012-08-23 23:08:28 |
| 5142 || -4.62340520869018 || 2010-03-18 19:16:51 |
| 5143 || 1.86860282690761 || 2010-08-06 06:45:00 |
| 5144 || -3.7472045059109 || 2013-12-11 01:02:08 |
| 5145 || 63.5031980310549 || 2014-03-06 05:49:36 |
| 5146 || 78.1526001429229 || 2017-11-13 03:46:41 |
| 5147 || -1.14023427214953 || 2012-02-21 23:51:45 |
| 5148 || -1.19542334596757 || 2012-02-09 11:40:34 |
| 5149 || 6.67429445839505 || 2017-11-20 06:06:19 |
| 5150 || -9.46185304684892 || 2018-12-15 22:26:13 |
| 5151 || -14.3607151617327 || 2012-02-27 09:03:12 |
| 5152 || -20.4721323862964 || 2012-02-22 22:30:29 |
| 5153 || 2.37038922645615 || 2010-07-27 05:14:52 |
| 5154 || 1.89572464923535 || 2015-02-03 19:18:50 |
| 5155 || 29.26250408181 || 2015-10-11 02:27:23 |
| 5156 || 5.58102716530923 || 2011-05-03 07:36:19 |
| 5157 || 59.9456049419006 || 2014-01-02 15:35:43 |
| 5158 || 14.0320811325235 || 2018-09-08 05:25:33 |
| 5159 || 2.20334732661743 || 2016-09-15 19:25:11 |
| 5160 || -0.217811819385 || 2010-07-20 00:59:57 |
| 5161 || 88.2433055317719 || 2016-10-09 22:09:23 |
| 5162 || -1.79554871325292 || 2011-07-12 23:07:57 |
| 5163 || 18.6958307512482 || 2012-09-25 21:10:07 |
| 5164 || 1.70297923084527 || 2011-09-11 17:25:12 |
| 5165 || -11.0772996653053 || 2013-03-02 20:34:44 |
| 5166 || -27.967329964286 || 2010-01-14 21:58:34 |
| 5167 || 39.2127092064056 || 2014-05-19 16:29:42 |
| 5168 || 17.9093829843855 || 2015-07-04 16:15:10 |
| 5169 || -0.176044290590357 || 2011-07-18 19:05:39 |
| 5170 || 22.1990914818579 || 2015-04-20 09:17:05 |
| 5171 || 11.2889848587164 || 2012-03-25 14:28:32 |
| 5172 || 61.9342338253733 || 2011-06-19 08:45:55 |
| 5173 || -6.89516186812907 || 2013-02-19 13:06:51 |
| 5174 || 0.027714712940209 || 2013-05-17 15:56:33 |
| 5175 || -7.5922526825885 || 2013-10-05 06:55:38 |
| 5176 || 7.80279540317313 || 2010-04-04 22:40:15 |
| 5177 || 18.4424519883172 || 2016-04-04 01:49:09 |
| 5178 || 22.3871128442035 || 2018-12-03 13:08:06 |
| 5179 || 0.152728536230012 || 2012-08-18 22:02:49 |
| 5180 || 22.6794609347764 || 2018-05-15 05:11:44 |
| 5181 || 32.3328043892191 || 2019-10-20 19:28:20 |
| 5182 || 14.2863389228881 || 2010-10-15 12:42:40 |
| 5183 || 15.8008165259645 || 2018-06-27 05:38:18 |
| 5184 || 0.618465642060381 || 2017-09-26 23:22:25 |
| 5185 || -6.00674307924481 || 2014-07-17 06:48:53 |
| 5186 || -24.5228417544302 || 2014-05-18 00:19:18 |
| 5187 || 51.7177435653568 || 2015-01-10 12:01:34 |
| 5188 || 40.422478193262 || 2012-06-03 06:20:22 |
| 5189 || -0.43872184939321 || 2010-06-06 15:04:50 |
| 5190 || -5.26451443976155 || 2018-02-20 04:37:17 |
| 5191 || 64.9148315077316 || 2011-03-16 15:22:12 |
| 5192 || -7.53245167804602 || 2017-03-08 12:14:33 |
| 5193 || 32.5087189209913 || 2014-12-09 13:52:40 |
| 5194 || -1.17220362476001 || 2018-11-07 00:09:30 |
| 5195 || -4.31465609999948 || 2016-07-17 13:13:56 |
| 5196 || -15.2802736654236 || 2017-10-06 22:53:00 |
| 5197 || 75.8765513458952 || 2017-01-25 01:57:26 |
| 5198 || 31.4804540201247 || 2017-03-26 08:04:50 |
| 5199 || 2.76586972768509 || 2016-11-12 07:06:33 |
| 5200 || 7.90702350191853 || 2015-07-02 23:34:16 |
| 5201 || 53.5395741149543 || 2013-04-08 05:07:35 |
| 5202 || 26.4164683251849 || 2011-01-17 10:46:34 |
| 5203 || 0.802014050834754 || 2018-11-02 03:28:19 |
| 5204 || 9.01621815369198 || 2012-07-25 13:22:23 |
| 5205 || -1.08752639151129 || 2016-02-13 18:09:18 |
| 5206 || 42.4690645342822 || 2012-10-08 22:58:30 |
| 5207 || -3.18379012190363 || 2018-08-21 17:18:50 |
| 5208 || 62.4038127148046 || 2012-10-11 13:06:28 |
| 5209 || 13.2306698354427 || 2013-10-20 14:57:01 |
| 5210 || -0.509550920576395 || 2010-07-08 06:32:58 |
| 5211 || 48.7696108989683 || 2017-09-17 17:09:13 |
| 5212 || 49.1192720598447 || 2012-11-02 19:12:06 |
| 5213 || 41.2650335734261 || 2013-01-01 22:04:01 |
| 5214 || -6.02131183641702 || 2019-06-06 08:04:45 |
| 5215 || 0.462726860838088 || 2014-11-15 20:46:27 |
| 5216 || -12.2785825912752 || 2012-11-04 11:52:23 |
| 5217 || 10.9133794488912 || 2017-07-20 20:57:45 |
| 5218 || -14.8899909923883 || 2014-08-01 02:17:51 |
| 5219 || -5.65842168398199 || 2013-03-26 21:09:33 |
| 5220 || -0.105581612471981 || 2010-10-26 17:00:44 |
| 5221 || 37.7893704222863 || 2015-10-26 10:36:28 |
| 5222 || -20.1253601757957 || 2015-06-01 15:57:58 |
| 5223 || 13.436978819873 || 2019-04-11 08:30:01 |
| 5224 || -6.00277525648043 || 2018-04-18 16:44:53 |
| 5225 || -0.0136773830608542 || 2019-11-09 16:44:14 |
| 5226 || 13.5802267952818 || 2017-05-11 00:47:51 |
| 5227 || 46.7809385796023 || 2018-05-09 04:03:31 |
| 5228 || 32.4024640037733 || 2014-06-20 11:20:20 |
| 5229 || 26.1979148148332 || 2011-10-27 23:43:46 |
| 5230 || 0.063744127635424 || 2014-08-12 19:49:22 |
| 5231 || 20.5358173392296 || 2013-10-04 01:02:18 |
| 5232 || 64.6809590085544 || 2018-08-18 14:41:26 |
| 5233 || -22.6588723462202 || 2018-04-11 12:25:06 |
| 5234 || 3.30622338405546 || 2012-10-09 16:55:17 |
| 5235 || 0.746891692914069 || 2010-07-08 19:00:55 |
| 5236 || 21.5743934462606 || 2013-11-05 09:47:30 |
| 5237 || -8.87980466105092 || 2016-12-05 08:39:20 |
| 5238 || -27.7461330126269 || 2017-04-06 05:26:26 |
| 5239 || -13.2038827775956 || 2011-10-18 14:52:48 |
| 5240 || -0.406888185275914 || 2013-07-18 22:57:26 |
| 5241 || 9.16726391052305 || 2013-04-07 14:10:32 |
| 5242 || 9.22316003304034 || 2015-06-19 11:54:13 |
| 5243 || -0.550083880736985 || 2015-12-15 19:31:26 |
| 5244 || 22.0991642115123 || 2016-08-25 21:31:00 |
| 5245 || 3.88277391332006 || 2014-03-16 18:13:54 |
| 5246 || 4.98823976357778 || 2017-04-21 13:09:43 |
| 5247 || 24.0108197634434 || 2014-02-26 19:46:18 |
| 5248 || -15.726966035103 || 2012-07-26 00:18:10 |
| 5249 || -17.3549567569638 || 2011-08-20 02:44:49 |
| 5250 || 5.58188005901015 || 2011-05-10 12:21:12 |
| 5251 || -2.77251703112338 || 2019-01-23 22:49:08 |
| 5252 || 52.7398207213781 || 2019-07-10 07:29:10 |
| 5253 || 50.9496093440901 || 2019-10-07 00:55:12 |
| 5254 || -19.8032008203816 || 2019-04-17 04:23:09 |
| 5255 || 9.18476349882067 || 2011-04-14 19:46:30 |
| 5256 || 0.393805068935419 || 2014-10-23 23:35:31 |
| 5257 || -18.1781219767098 || 2015-12-17 14:18:19 |
| 5258 || -27.4687357376387 || 2018-03-05 02:15:41 |
| 5259 || -2.49545291914686 || 2015-06-21 00:49:57 |
| 5260 || 12.5795023701484 || 2010-07-06 02:44:51 |
| 5261 || 4.2106873405789 || 2018-01-03 11:45:30 |
| 5262 || 0.628854250984047 || 2014-12-24 12:50:16 |
| 5263 || -29.4198412067863 || 2015-01-24 20:09:35 |
| 5264 || 54.448264325633 || 2015-02-11 12:11:29 |
| 5265 || 10.7064376095035 || 2016-07-24 20:07:37 |
| 5266 || -0.276758211715915 || 2015-02-23 02:34:52 |
| 5267 || -14.3148167875578 || 2016-03-26 12:02:15 |
| 5268 || -27.6784800112577 || 2018-06-16 21:40:09 |
| 5269 || 46.298784490882 || 2014-05-24 07:43:51 |
| 5270 || -1.26494702505413 || 2014-06-24 13:33:03 |
| 5271 || -0.257360944484651 || 2012-05-10 20:01:45 |
| 5272 || 37.7613030498026 || 2016-05-12 01:56:51 |
| 5273 || 57.6222490787006 || 2012-02-20 23:34:46 |
| 5274 || -19.0108805658 || 2019-01-06 17:09:52 |
| 5275 || 18.4298717878628 || 2019-12-11 13:33:33 |
| 5276 || 0.121424362391475 || 2015-02-02 18:57:34 |
| 5277 || -10.7841385305174 || 2015-08-03 19:40:30 |
| 5278 || -15.9238959618863 || 2013-12-11 21:47:57 |
| 5279 || 67.6515582782216 || 2011-03-10 01:28:13 |
| 5280 || 31.4530087105106 || 2011-06-24 00:21:41 |
| 5281 || 0.0123502148739529 || 2011-02-12 08:06:03 |
| 5282 || -4.47518874808566 || 2016-08-27 11:11:36 |
| 5283 || 51.5149986188689 || 2012-12-03 06:13:14 |
| 5284 || -5.85696288682717 || 2011-03-27 21:51:13 |
| 5285 || -12.0560094466904 || 2012-05-08 01:29:22 |
| 5286 || 0.246579745241246 || 2013-03-11 17:24:51 |
| 5287 || 11.1302098818533 || 2016-03-01 10:44:01 |
| 5288 || 64.0931799066756 || 2017-06-05 17:31:34 |
| 5289 || 73.711779134143 || 2019-08-23 18:55:50 |
| 5290 || 7.75594666142247 || 2011-07-25 08:13:38 |
| 5291 || -0.285217792189024 || 2015-12-01 00:40:41 |
| 5292 || 12.454811009464 || 2015-03-19 04:06:54 |
| 5293 || 20.1028539880023 || 2013-05-22 03:43:33 |
| 5294 || 78.6212752630811 || 2019-09-18 03:00:40 |
| 5295 || 28.5714592331834 || 2019-02-14 17:05:10 |
| 5296 || 3.53243807230144 || 2016-06-07 14:34:58 |
| 5297 || 13.3715098885456 || 2019-10-04 11:24:51 |
| 5298 || 23.1522786866091 || 2016-06-24 00:07:23 |
| 5299 || -16.9471880269901 || 2014-11-14 16:48:57 |
| 5300 || 26.1312666936191 || 2013-06-09 10:43:15 |
| 5301 || 5.84087526356576 || 2018-09-26 07:24:09 |
| 5302 || 9.14275805537249 || 2015-11-14 06:17:47 |
| 5303 || -19.9848733824757 || 2012-12-21 10:09:54 |
| 5304 || 86.4545812091422 || 2011-07-27 04:02:28 |
| 5305 || 53.4133812801986 || 2011-07-07 08:01:24 |
| 5306 || 2.7207538096099 || 2011-03-22 06:49:10 |
| 5307 || 4.65709301678324 || 2013-09-26 18:20:37 |
| 5308 || -4.68311848176193 || 2013-03-21 03:20:18 |
| 5309 || 2.49778590690119 || 2015-06-15 22:08:59 |
| 5310 || 17.6754222008502 || 2010-12-18 20:25:20 |
| 5311 || -0.531626602903613 || 2011-09-04 01:45:43 |
| 5312 || -0.150825428683166 || 2019-07-26 04:39:38 |
| 5313 || 21.8813924362911 || 2018-08-12 11:56:54 |
| 5314 || 88.1304776593451 || 2010-09-19 18:53:47 |
| 5315 || 3.54557599897954 || 2010-08-15 18:12:43 |
| 5316 || 15.6218594420376 || 2017-04-02 01:12:06 |
| 5317 || 2.51439147604253 || 2019-01-08 09:48:49 |
| 5318 || 42.816773052434 || 2016-08-25 01:44:03 |
| 5319 || 54.0696845232129 || 2018-03-03 19:27:54 |
| 5320 || 66.989220605722 || 2014-11-12 05:12:15 |
| 5321 || -2.70665468058931 || 2018-06-08 01:53:43 |
| 5322 || 0.996825755776201 || 2018-05-24 18:20:33 |
| 5323 || -13.2063233409187 || 2016-02-04 02:05:11 |
| 5324 || -19.4205683022641 || 2015-08-12 01:56:24 |
| 5325 || 70.4150269000329 || 2017-01-17 11:02:44 |
| 5326 || 2.31115992159734 || 2014-07-12 18:32:38 |
| 5327 || -0.0182263173249611 || 2014-05-23 08:34:42 |
| 5328 || 14.2226252356052 || 2012-10-23 23:18:08 |
| 5329 || -26.5689424494582 || 2014-06-18 23:44:06 |
| 5330 || 43.9329287942433 || 2018-04-06 14:41:25 |
| 5331 || 26.2569245451971 || 2017-09-08 15:14:15 |
| 5332 || 0.00563097617929674 || 2014-05-19 18:13:53 |
| 5333 || -7.34788343546838 || 2014-08-06 14:55:55 |
| 5334 || 9.48137526262384 || 2014-01-20 03:15:33 |
| 5335 || -7.18548113869871 || 2018-07-10 09:23:22 |
| 5336 || 22.7358982485001 || 2016-09-22 20:54:21 |
| 5337 || -0.140097096338534 || 2012-10-03 03:40:01 |
| 5338 || 16.7213315109929 || 2017-01-04 06:18:08 |
| 5339 || 12.9453166642572 || 2017-12-06 12:49:29 |
| 5340 || -12.865355827903 || 2019-08-27 02:54:50 |
| 5341 || 6.21770293060434 || 2012-12-27 07:04:21 |
| 5342 || 0.569978788799325 || 2014-10-01 10:50:52 |
| 5343 || 12.8650465759496 || 2016-10-23 05:40:47 |
| 5344 || 49.6773357339284 || 2015-09-19 00:40:07 |
| 5345 || 27.9093429356552 || 2017-12-08 16:26:25 |
| 5346 || -15.5729624925529 || 2012-09-02 22:48:14 |
| 5347 || -0.675397082769918 || 2015-05-19 10:02:55 |
| 5348 || 13.4424758917347 || 2017-06-25 22:16:01 |
| 5349 || -21.2449424290095 || 2015-07-03 01:26:16 |
| 5350 || 43.5625898120684 || 2017-05-05 15:04:58 |
| 5351 || 28.7492025320881 || 2015-08-20 14:08:08 |
| 5352 || 5.37158200035529 || 2014-05-24 07:02:33 |
| 5353 || 7.88906826775224 || 2018-08-24 16:44:07 |
| 5354 || 58.8351386588044 || 2011-03-02 03:23:36 |
| 5355 || -3.46522375439716 || 2010-07-25 11:06:00 |
| 5356 || -7.5782525974852 || 2014-11-08 09:19:36 |
| 5357 || 8.381903921254 || 2015-03-04 05:36:57 |
| 5358 || 6.67347723167117 || 2011-02-23 20:52:10 |
| 5359 || 30.1942543759479 || 2013-11-20 02:54:14 |
| 5360 || -26.4092440922545 || 2017-06-05 11:21:19 |
| 5361 || -20.8210638988409 || 2017-09-11 05:07:40 |
| 5362 || 1.177567307113 || 2012-02-04 05:58:16 |
| 5363 || 4.19589904100982 || 2016-07-10 00:31:23 |
| 5364 || -15.3642873346234 || 2014-10-11 06:28:31 |
| 5365 || 33.0705182708631 || 2019-05-16 21:09:36 |
| 5366 || 60.5952556759128 || 2014-04-19 08:40:50 |
| 5367 || 15.025191173879 || 2017-09-01 03:27:56 |
| 5368 || -0.471823720520489 || 2014-10-07 07:28:34 |
| 5369 || 45.6495097238219 || 2012-01-24 20:49:33 |
| 5370 || 46.8009418838898 || 2015-11-25 01:23:09 |
| 5371 || 4.69311117173211 || 2012-06-11 07:07:02 |
| 5372 || 17.7118584612207 || 2010-07-10 00:33:14 |
| 5373 || 1.37647736283456 || 2010-10-01 11:59:19 |
| 5374 || -13.514186753242 || 2015-06-14 13:11:33 |
| 5375 || -2.41965509010712 || 2014-11-02 14:46:50 |
| 5376 || -24.8428033305313 || 2011-02-07 05:02:42 |
| 5377 || -8.25471550813678 || 2010-12-03 05:19:44 |
| 5378 || -0.0398059737572455 || 2018-11-11 23:53:33 |
| 5379 || -9.93830481604056 || 2019-11-13 16:54:42 |
| 5380 || -15.1351941684392 || 2012-02-22 20:51:02 |
| 5381 || 10.2567361524185 || 2015-10-05 12:23:48 |
| 5382 || -9.61467366047052 || 2017-08-14 23:36:46 |
| 5383 || 7.9559187706905e-05 || 2015-11-20 23:17:04 |
| 5384 || 24.4755980520324 || 2010-05-03 02:01:20 |
| 5385 || 35.5543888155353 || 2012-12-06 22:23:41 |
| 5386 || 69.0955857963802 || 2019-07-23 17:30:51 |
| 5387 || -11.5115733656568 || 2011-01-03 15:08:35 |
| 5388 || 0.04013065531838 || 2014-01-27 16:34:13 |
| 5389 || 6.40000268311523 || 2016-04-23 06:32:42 |
| 5390 || 61.6144221103304 || 2011-03-05 07:26:01 |
| 5391 || -21.316223580192 || 2016-03-14 10:33:35 |
| 5392 || 11.9294934366109 || 2011-10-14 17:00:41 |
| 5393 || 0.983800168182925 || 2011-03-01 13:03:32 |
| 5394 || 17.1712798055425 || 2012-04-27 21:43:40 |
| 5395 || 52.7061656609672 || 2017-10-23 01:47:27 |
| 5396 || -18.6409712441403 || 2012-09-17 03:50:47 |
| 5397 || 2.82685701088143 || 2010-11-15 01:19:44 |
| 5398 || -0.620552555423758 || 2014-08-20 02:39:45 |
| 5399 || -2.23509462372576 || 2019-11-05 02:53:48 |
| 5400 || 32.2451745984844 || 2013-05-14 21:35:01 |
| 5401 || -29.6047825026194 || 2018-08-08 23:15:41 |
| 5402 || 20.9236818463614 || 2017-09-16 03:04:42 |
| 5403 || 1.01637614061547 || 2012-08-04 11:45:52 |
| 5404 || 6.10121923282463 || 2015-01-16 12:21:02 |
| 5405 || -2.74018489566294 || 2019-09-15 04:32:42 |
| 5406 || 89.3800189681535 || 2015-11-14 15:46:57 |
| 5407 || 48.1432547252845 || 2012-07-15 02:10:54 |
| 5408 || 2.61749263787141 || 2010-06-20 05:41:43 |
| 5409 || 5.72847648520346 || 2012-03-23 16:16:19 |
| 5410 || 5.81890508508671 || 2013-01-11 04:39:06 |
| 5411 || 89.9509429873398 || 2019-04-26 22:43:22 |
| 5412 || -14.9188899524295 || 2019-09-01 06:23:35 |
| 5413 || -0.322164506731766 || 2010-01-08 14:34:16 |
| 5414 || 5.71969792130837 || 2017-09-26 21:19:26 |
| 5415 || 48.7006299677706 || 2012-07-22 19:57:45 |
| 5416 || 76.4680675048121 || 2017-06-03 03:21:33 |
| 5417 || -15.3950554398359 || 2017-02-20 10:56:50 |
| 5418 || 12.4217177827031 || 2017-01-26 07:17:04 |
| 5419 || -0.840501606555726 || 2012-09-20 16:59:44 |
| 5420 || -15.4791778502587 || 2012-10-12 04:27:51 |
| 5421 || 54.1396536448779 || 2016-12-24 18:06:39 |
| 5422 || 41.5669273426485 || 2016-06-01 18:30:57 |
| 5423 || 8.18381688023945 || 2019-04-08 19:53:54 |
| 5424 || 0.567084874467407 || 2016-04-23 18:00:37 |
| 5425 || 41.977391190263 || 2015-12-03 00:46:58 |
| 5426 || 45.8908415601795 || 2010-04-10 20:22:20 |
| 5427 || 65.5046436070343 || 2017-07-03 17:28:25 |
| 5428 || 9.62225307768405 || 2012-12-09 17:45:26 |
| 5429 || 0.503944150452368 || 2018-03-10 21:43:28 |
| 5430 || -10.1521263931151 || 2010-08-05 23:21:04 |
| 5431 || 82.6801743989286 || 2012-05-17 16:02:23 |
| 5432 || 54.719981530974 || 2019-05-25 15:30:04 |
| 5433 || -9.59926496658152 || 2015-04-15 03:49:22 |
| 5434 || 0.0132376131628435 || 2014-04-15 10:17:28 |
| 5435 || 0.96841943208589 || 2016-03-21 07:26:08 |
| 5436 || 49.7076151955877 || 2012-03-06 21:47:53 |
| 5437 || 14.2013049476252 || 2016-04-15 09:18:14 |
| 5438 || 1.32830430547539 || 2011-03-18 04:41:21 |
| 5439 || 0.0741030075882434 || 2016-07-10 17:55:36 |
| 5440 || -5.32466045516898 || 2018-02-27 17:14:14 |
| 5441 || 32.596962865819 || 2018-02-09 19:45:19 |
| 5442 || 82.2264561654435 || 2010-04-19 02:36:49 |
| 5443 || 32.9801134548325 || 2012-07-06 14:35:41 |
| 5444 || 0.00180695835423279 || 2010-03-16 16:43:05 |
| 5445 || 19.4096852499559 || 2019-10-13 07:23:58 |
| 5446 || 37.0364942040591 || 2014-01-14 17:43:05 |
| 5447 || -27.8964150185077 || 2017-06-21 18:29:39 |
| 5448 || -14.0375728979791 || 2011-12-25 01:17:42 |
| 5449 || -0.649488504828639 || 2018-10-14 19:27:10 |
| 5450 || -1.30645719003944 || 2013-04-15 00:57:02 |
| 5451 || 48.517604822704 || 2011-07-12 19:01:34 |
| 5452 || -27.661238645503 || 2013-04-05 05:22:14 |
| 5453 || -4.15209230612223 || 2011-05-03 00:53:03 |
| 5454 || -0.563768152000209 || 2017-07-11 20:26:53 |
| 5455 || 12.8952687689958 || 2012-01-22 03:34:59 |
| 5456 || -16.5046376606883 || 2019-05-19 09:37:14 |
| 5457 || 8.6758086686661 || 2016-11-13 06:57:16 |
| 5458 || 18.687276502009 || 2017-04-01 21:17:32 |
| 5459 || -1.7010771679236 || 2013-10-18 03:05:33 |
| 5460 || 6.37557171476638 || 2019-12-13 06:41:02 |
| 5461 || 21.0365147382476 || 2016-07-05 11:36:47 |
| 5462 || 53.7073942572848 || 2014-12-13 17:59:16 |
| 5463 || 42.1976396190318 || 2019-10-03 04:50:44 |
| 5464 || -2.72951836356844 || 2016-06-19 16:39:15 |
| 5465 || 2.9476759850667 || 2013-08-02 00:52:07 |
| 5466 || 14.6962192181001 || 2013-02-02 18:55:58 |
| 5467 || 3.71413554501162 || 2011-11-18 17:00:53 |
| 5468 || 56.1726248529104 || 2014-08-14 21:47:00 |
| 5469 || 14.1956528150457 || 2018-03-05 13:27:40 |
| 5470 || 2.8513523854875 || 2019-01-15 12:36:53 |
| 5471 || 22.6905218882411 || 2019-06-09 17:25:10 |
| 5472 || 9.22208038283882 || 2014-01-24 08:50:14 |
| 5473 || -23.4379341963988 || 2019-01-05 18:43:31 |
| 5474 || -1.68182552792429 || 2013-09-21 02:36:17 |
| 5475 || 0.69120818711066 || 2011-11-15 07:06:13 |
| 5476 || 38.7331657287538 || 2014-12-16 16:29:10 |
| 5477 || 86.7132991340055 || 2014-01-20 11:39:39 |
| 5478 || 72.0841593459055 || 2012-11-17 15:21:55 |
| 5479 || 7.47278142963025 || 2018-10-07 03:46:00 |
| 5480 || -0.173876821681624 || 2014-08-07 16:24:28 |
| 5481 || 13.3808283370008 || 2012-02-15 07:04:27 |
| 5482 || 62.5966676098863 || 2016-01-01 14:01:56 |
| 5483 || 75.8901124282822 || 2010-07-15 21:23:53 |
| 5484 || 24.5775066217504 || 2011-01-12 01:31:47 |
| 5485 || -0.0115085666886837 || 2017-05-24 02:42:38 |
| 5486 || -9.59294515172377 || 2015-09-18 07:10:13 |
| 5487 || 36.5178878599588 || 2012-11-21 21:05:10 |
| 5488 || 81.2945355143354 || 2014-05-05 10:20:46 |
| 5489 || 32.1540845194161 || 2017-04-23 12:53:06 |
| 5490 || 0.000862338403124759 || 2010-12-07 14:03:01 |
| 5491 || -8.98596594633601 || 2019-10-12 06:22:31 |
| 5492 || -14.2173401729672 || 2015-09-26 03:46:32 |
| 5493 || 80.1948411031756 || 2017-09-15 16:07:10 |
| 5494 || 16.3942771368084 || 2017-08-04 15:20:00 |
| 5495 || 0.622308644030838 || 2019-06-13 11:58:38 |
| 5496 || 9.83144437179871 || 2012-07-13 15:01:45 |
| 5497 || 38.2862560382205 || 2017-10-09 03:19:27 |
| 5498 || 33.5517608422573 || 2019-02-05 15:57:18 |
| 5499 || 41.1869908800651 || 2013-07-11 12:48:43 |
| 5500 || 2.14477314696534 || 2019-10-23 02:57:34 |
| 5501 || 13.9547907635541 || 2011-03-16 23:15:56 |
| 5502 || -14.8516505757589 || 2013-02-04 17:58:18 |
| 5503 || 38.3053825115445 || 2010-06-04 21:58:38 |
| 5504 || 43.8278029318681 || 2017-10-12 00:42:02 |
| 5505 || -0.710343958813437 || 2018-09-18 08:26:18 |
| 5506 || 11.4030431610555 || 2010-11-26 21:10:54 |
| 5507 || 54.7488124095769 || 2010-05-13 14:31:59 |
| 5508 || -20.519517624359 || 2018-08-14 12:15:34 |
| 5509 || -17.7971310866729 || 2014-07-06 17:46:55 |
| 5510 || 0.142382346785811 || 2018-11-19 06:25:56 |
| 5511 || 8.43494016397169 || 2011-04-16 02:31:09 |
| 5512 || -14.224231644709 || 2014-09-26 20:25:14 |
| 5513 || -10.1161951407146 || 2019-12-08 03:06:41 |
| 5514 || -13.1851234822036 || 2011-01-27 16:03:56 |
| 5515 || 9.62747714180482 || 2012-01-02 11:23:55 |
| 5516 || -0.672025835506703 || 2019-10-26 00:03:23 |
| 5517 || 19.7062702427132 || 2015-12-23 00:36:02 |
| 5518 || 66.2184109995852 || 2016-12-13 01:49:24 |
| 5519 || 61.7087144595643 || 2014-04-21 08:32:46 |
| 5520 || -4.24583845828596 || 2016-11-01 15:46:28 |
| 5521 || 3.21803774655059 || 2012-03-09 15:59:15 |
| 5522 || -3.51292602384776 || 2019-02-19 13:52:33 |
| 5523 || 68.8487476667468 || 2015-08-04 00:15:28 |
| 5524 || 23.599330431207 || 2013-11-08 20:20:58 |
| 5525 || 17.5342543833328 || 2016-10-04 19:32:51 |
| 5526 || 2.17657303896285 || 2010-04-17 20:39:40 |
| 5527 || 12.3006041790187 || 2012-03-05 19:27:13 |
| 5528 || 74.0349164683112 || 2010-11-22 10:22:48 |
| 5529 || -7.4754165448462 || 2014-12-09 13:51:56 |
| 5530 || -6.74973015777426 || 2017-03-17 17:04:07 |
| 5531 || -0.109298205079804 || 2011-09-15 23:15:28 |
| 5532 || 1.18051996258796 || 2014-02-27 15:53:27 |
| 5533 || 13.0941647640628 || 2014-07-11 00:54:08 |
| 5534 || -18.1470921012886 || 2011-10-03 18:26:14 |
| 5535 || 0.307973140378966 || 2017-01-06 01:47:08 |
| 5536 || 0.124096611768302 || 2014-03-25 04:49:07 |
| 5537 || 21.9059126433992 || 2015-03-15 06:30:21 |
| 5538 || 78.9366953071709 || 2012-11-04 10:23:05 |
| 5539 || 19.7674417656523 || 2015-09-02 20:41:53 |
| 5540 || 17.2829047677218 || 2018-04-14 19:04:01 |
| 5541 || 0.00629456211744237 || 2019-07-02 11:52:28 |
| 5542 || 12.2901236260167 || 2014-04-03 13:45:52 |
| 5543 || 57.7439602171306 || 2010-04-05 09:12:29 |
| 5544 || -12.090023732039 || 2010-09-14 01:13:59 |
| 5545 || 37.0955612701684 || 2017-09-09 02:05:14 |
| 5546 || 0.440208002579317 || 2012-08-08 03:52:34 |
| 5547 || 9.89954257767058 || 2016-05-12 01:07:29 |
| 5548 || 74.0692148819037 || 2013-02-27 09:46:02 |
| 5549 || -27.509704777293 || 2012-12-04 18:27:27 |
| 5550 || 13.0623676007614 || 2015-08-04 05:14:05 |
| 5551 || 1.8388257673811 || 2019-12-07 05:50:45 |
| 5552 || 16.4648672536765 || 2017-06-19 20:38:40 |
| 5553 || 65.0908667759263 || 2012-11-03 01:30:47 |
| 5554 || 75.0687013497394 || 2011-12-05 11:40:00 |
| 5555 || 18.3357209932108 || 2013-02-26 13:25:31 |
| 5556 || -0.965280372608163 || 2018-11-13 10:19:42 |
| 5557 || 7.25150598658946 || 2010-07-19 11:59:20 |
| 5558 || -17.2665804076787 || 2015-01-21 09:04:01 |
| 5559 || -29.4170220222443 || 2011-06-09 03:54:58 |
| 5560 || 1.00260155267029 || 2013-08-16 00:51:35 |
| 5561 || 2.04140504603811 || 2016-01-11 06:57:53 |
| 5562 || 10.4202634168654 || 2017-07-24 15:04:41 |
| 5563 || -18.9444096557892 || 2010-01-01 04:25:53 |
| 5564 || -29.5718975081696 || 2013-09-12 20:53:28 |
| 5565 || 10.63985719743 || 2019-02-20 08:16:44 |
| 5566 || 2.24529451253836 || 2015-05-15 09:53:28 |
| 5567 || 0.405614419822872 || 2014-04-23 08:28:02 |
| 5568 || -3.57065293869325 || 2016-08-11 21:20:10 |
| 5569 || 89.7994303658335 || 2014-07-15 23:17:20 |
| 5570 || 59.9635367719906 || 2013-10-06 00:59:20 |
| 5571 || -1.53010178286861 || 2014-11-03 08:20:06 |
| 5572 || 0.987823216111975 || 2011-10-05 02:02:05 |
| 5573 || -10.8405670972294 || 2019-10-19 03:23:16 |
| 5574 || 0.990556388141165 || 2014-06-02 03:36:38 |
| 5575 || 1.48125742025914 || 2011-10-16 15:28:33 |
| 5576 || 12.9688292527988 || 2011-05-07 11:25:28 |
| 5577 || 2.57495047803217 || 2011-07-01 19:04:12 |
| 5578 || -14.4604233746506 || 2016-11-17 00:28:19 |
| 5579 || 85.3805033541314 || 2019-06-08 16:12:51 |
| 5580 || -6.91646259952134 || 2012-04-23 11:54:06 |
| 5581 || -3.45295010334392 || 2014-02-27 12:03:23 |
| 5582 || 0.401398945232429 || 2016-05-09 18:08:24 |
| 5583 || 38.7171022380987 || 2013-09-23 08:35:38 |
| 5584 || 84.0281532337644 || 2011-11-07 22:48:38 |
| 5585 || 21.3428378513145 || 2014-08-21 07:50:23 |
| 5586 || 5.35141739568166 || 2014-12-02 11:10:20 |
| 5587 || 0.181843803065452 || 2016-07-06 09:21:00 |
| 5588 || -6.48639315063665 || 2010-05-26 09:48:05 |
| 5589 || 70.9928475551609 || 2018-10-27 19:33:59 |
| 5590 || -6.62112838271223 || 2013-07-11 13:38:47 |
| 5591 || -5.54296750998912 || 2012-04-21 06:41:27 |
| 5592 || 0.0112772695708127 || 2013-07-23 12:52:43 |
| 5593 || -0.735853987023742 || 2014-08-20 18:56:55 |
| 5594 || 4.25952343735559 || 2013-03-19 17:57:35 |
| 5595 || 11.2135282090595 || 2016-01-02 02:44:19 |
| 5596 || 12.7779059920687 || 2018-10-11 17:07:26 |
| 5597 || 0.0790728911748232 || 2018-02-01 00:18:08 |
| 5598 || 13.9793258692945 || 2013-09-09 10:59:37 |
| 5599 || 2.06353500553236 || 2012-11-06 03:09:28 |
| 5600 || -28.5977631087388 || 2012-12-04 05:16:22 |
| 5601 || -8.06244098609646 || 2017-11-10 14:45:43 |
| 5602 || 1.56402221543729 || 2011-09-12 16:13:58 |
| 5603 || 5.71785098870254 || 2010-03-07 22:50:50 |
| 5604 || 61.2180535890068 || 2014-02-14 10:09:07 |
| 5605 || 70.9432055124042 || 2019-06-15 21:03:57 |
| 5606 || -14.3846792597498 || 2010-05-23 02:15:41 |
| 5607 || 1.60485786597238 || 2010-03-25 04:18:05 |
| 5608 || 3.84326800768156 || 2013-02-06 03:10:56 |
| 5609 || 66.8817771921558 || 2013-10-25 18:15:59 |
| 5610 || -7.54399074478385 || 2011-06-14 03:02:04 |
| 5611 || -16.8371725307465 || 2019-12-25 15:21:06 |
| 5612 || -0.729346637822375 || 2013-05-16 17:41:49 |
| 5613 || 9.03604078864888 || 2015-05-01 18:16:00 |
| 5614 || 8.85204054297052 || 2011-03-06 22:43:46 |
| 5615 || 75.5397941370721 || 2012-09-06 15:15:06 |
| 5616 || -10.1549584669761 || 2019-07-03 17:36:22 |
| 5617 || 8.53863118388714 || 2017-02-24 04:51:32 |
| 5618 || -2.40050671985943 || 2013-11-06 16:24:52 |
| 5619 || -7.70650624701289 || 2015-04-06 09:55:53 |
| 5620 || -29.9524194493939 || 2012-01-14 17:34:05 |
| 5621 || -20.5322523841138 || 2019-01-03 21:56:21 |
| 5622 || -3.97455431547048 || 2018-09-20 21:33:05 |
| 5623 || 3.46471582137213 || 2013-01-21 05:50:41 |
| 5624 || 4.96924522854645 || 2016-08-12 06:21:00 |
| 5625 || 19.2177672034028 || 2010-12-08 23:41:46 |
| 5626 || -21.3921234256888 || 2011-02-18 16:09:51 |
| 5627 || 6.21111753430227 || 2015-02-05 16:02:46 |
| 5628 || 2.21455390670083 || 2018-01-13 20:53:47 |
| 5629 || 16.2304348618949 || 2018-12-27 01:09:39 |
| 5630 || 20.3591979598776 || 2018-04-10 19:16:07 |
| 5631 || 9.61157883647555 || 2017-10-27 06:53:22 |
| 5632 || -4.39268248878455 || 2011-04-26 14:21:26 |
| 5633 || 0.308187196745198 || 2018-01-12 18:38:46 |
| 5634 || 38.9444661795157 || 2013-04-27 03:50:07 |
| 5635 || 25.9965735237164 || 2017-03-01 07:21:12 |
| 5636 || -12.1604252155812 || 2015-09-25 09:27:21 |
| 5637 || 22.2074210464423 || 2010-12-22 22:44:48 |
| 5638 || 0.126125160232968 || 2014-10-16 18:34:56 |
| 5639 || 28.9550441537409 || 2011-06-23 11:07:30 |
| 5640 || 72.829898690679 || 2010-10-13 14:59:11 |
| 5641 || 44.9369350262455 || 2014-12-12 08:54:07 |
| 5642 || 28.3080070026111 || 2016-01-15 21:40:44 |
| 5643 || 2.6139368477347e-06 || 2014-09-21 09:29:44 |
| 5644 || 28.5449994234572 || 2015-04-12 00:03:41 |
| 5645 || -17.5363082876681 || 2013-11-27 08:17:04 |
| 5646 || 7.07063937908119 || 2010-02-23 14:41:15 |
| 5647 || 35.1750955749121 || 2018-09-24 07:24:21 |
| 5648 || -0.0788246023498827 || 2016-05-09 11:03:19 |
| 5649 || 2.6597078893576 || 2018-05-22 12:39:04 |
| 5650 || -19.650533155727 || 2017-09-15 22:50:12 |
| 5651 || 27.0324241478782 || 2019-07-27 07:05:33 |
| 5652 || 40.620756560058 || 2012-11-07 23:04:21 |
| 5653 || 0.117636268638374 || 2015-05-22 03:53:03 |
| 5654 || 16.3174885771053 || 2016-01-13 19:42:07 |
| 5655 || 53.7664057907273 || 2017-07-07 03:17:34 |
| 5656 || 85.8798599982606 || 2017-09-01 16:21:15 |
| 5657 || 44.9315013580438 || 2013-09-02 09:58:43 |
| 5658 || -0.873642981430726 || 2012-12-21 10:10:10 |
| 5659 || 15.4180757261644 || 2019-10-16 01:25:41 |
| 5660 || 57.1259650318944 || 2012-10-04 20:24:41 |
| 5661 || -29.4750428019188 || 2012-08-17 06:09:09 |
| 5662 || 41.2894983358033 || 2015-05-27 02:33:11 |
| 5663 || -0.0413279666683265 || 2015-12-06 21:52:49 |
| 5664 || -3.72824829323185 || 2016-06-13 21:41:42 |
| 5665 || 59.5328146033881 || 2014-07-14 08:58:56 |
| 5666 || -17.0766723120901 || 2010-09-23 06:07:39 |
| 5667 || 19.8996370171742 || 2013-10-27 02:11:18 |
| 5668 || 5.81529804154268 || 2012-02-21 15:57:53 |
| 5669 || -1.48478596666269 || 2014-12-03 01:25:42 |
| 5670 || -6.97221372334348 || 2010-06-01 04:31:20 |
| 5671 || 83.1349370794608 || 2016-12-12 04:24:23 |
| 5672 || 56.5346751821939 || 2013-02-14 13:58:03 |
| 5673 || 6.47456233747229 || 2012-08-10 23:54:20 |
| 5674 || 0.69264010715389 || 2016-05-16 12:47:57 |
| 5675 || -16.8404754359994 || 2016-11-13 07:18:09 |
| 5676 || -24.9876487789697 || 2010-09-06 20:01:33 |
| 5677 || -22.2196016564305 || 2014-07-17 23:46:19 |
| 5678 || 11.4898793502085 || 2010-01-25 10:10:05 |
| 5679 || -1.09113163497567 || 2013-08-02 04:02:13 |
| 5680 || -3.33525143825531 || 2010-05-16 17:49:48 |
| 5681 || -9.00706565994781 || 2014-06-03 22:52:49 |
| 5682 || -18.35891137914 || 2016-09-05 07:46:52 |
| 5683 || -0.076497152307547 || 2010-05-19 19:24:20 |
| 5684 || 1.30342218480301 || 2016-09-17 12:49:21 |
| 5685 || -13.7185670071063 || 2014-07-07 15:38:59 |
| 5686 || 1.56042960914824 || 2014-10-16 02:35:55 |
| 5687 || 1.78370569603997 || 2015-05-27 08:43:57 |
| 5688 || -3.75231330594752 || 2018-01-23 18:12:59 |
| 5689 || -0.07531474182104 || 2014-12-11 14:23:20 |
| 5690 || 28.1237119440962 || 2019-01-10 00:32:30 |
| 5691 || 13.8159757151266 || 2010-10-21 10:47:19 |
| 5692 || 73.8073647699262 || 2019-07-15 11:47:54 |
| 5693 || -5.02052691116232 || 2016-08-16 05:42:00 |
| 5694 || 0.0108453697696416 || 2014-01-26 03:34:47 |
| 5695 || -9.23294666417411 || 2013-10-07 22:19:56 |
| 5696 || -26.7212963857722 || 2016-07-27 21:16:05 |
| 5697 || 78.5052109269094 || 2018-08-24 15:57:40 |
| 5698 || -4.63674023145796 || 2014-01-11 06:23:29 |
| 5699 || -0.0693729134264184 || 2012-09-13 20:20:02 |
| 5700 || 10.9288386665001 || 2014-05-23 23:18:41 |
| 5701 || 23.6563596889702 || 2017-10-20 07:35:14 |
| 5702 || 82.2650238971554 || 2013-08-16 11:26:38 |
| 5703 || 4.16858651713144 || 2017-05-14 08:32:52 |
| 5704 || 0.234064174351964 || 2011-10-26 00:03:38 |
| 5705 || -3.03757625449215 || 2012-06-01 14:34:47 |
| 5706 || -19.1046798586539 || 2015-07-17 05:34:20 |
| 5707 || 45.0575571055298 || 2018-01-24 05:33:15 |
| 5708 || 37.1877367443327 || 2017-03-19 18:13:16 |
| 5709 || 2.56350756892056 || 2013-12-10 15:18:24 |
| 5710 || 12.6770320099058 || 2011-06-25 16:40:51 |
| 5711 || -7.27435666512104 || 2012-10-19 09:20:32 |
| 5712 || 3.36543582158408 || 2019-04-07 06:41:57 |
| 5713 || 19.0643268954882 || 2018-07-04 14:53:53 |
| 5714 || 2.76736411292886 || 2017-03-16 19:21:02 |
| 5715 || -4.03473908961978 || 2014-07-18 21:55:45 |
| 5716 || -14.1132962763109 || 2019-08-05 05:52:07 |
| 5717 || -24.3310738161536 || 2019-03-22 07:12:20 |
| 5718 || 54.9519756765955 || 2014-04-04 15:28:09 |
| 5719 || 1.23965632695586 || 2011-12-08 06:09:11 |
| 5720 || 1.39299370265272 || 2016-01-17 00:31:28 |
| 5721 || 57.4122360080687 || 2010-09-16 09:49:20 |
| 5722 || 69.6825289583017 || 2014-09-07 16:30:35 |
| 5723 || 59.6261239019548 || 2011-01-04 14:19:26 |
| 5724 || 4.93732093442718 || 2015-02-07 11:10:47 |
| 5725 || -1.09284991713253 || 2016-03-14 01:51:10 |
| 5726 || 53.1236355804426 || 2010-04-15 05:54:49 |
| 5727 || -27.9628323046503 || 2011-12-12 18:45:37 |
| 5728 || -5.67340263617193 || 2013-06-12 22:50:21 |
| 5729 || 14.1957033211048 || 2015-06-04 02:27:01 |
| 5730 || 2.28234249416731 || 2013-09-19 23:16:29 |
| 5731 || -13.2054141587424 || 2019-05-03 20:13:08 |
| 5732 || 85.9886509424703 || 2014-11-13 14:59:45 |
| 5733 || 12.7651465708803 || 2012-01-24 08:49:16 |
| 5734 || -3.41474957688887 || 2014-11-05 14:38:17 |
| 5735 || 1.51595711933222 || 2013-04-01 19:50:14 |
| 5736 || 42.070571402602 || 2017-02-21 14:03:12 |
| 5737 || -24.0676629785334 || 2017-12-13 14:55:04 |
| 5738 || -24.1044337471843 || 2010-07-22 21:25:07 |
| 5739 || 14.9966139732292 || 2015-10-17 18:39:24 |
| 5740 || 0.407172769106725 || 2013-03-18 16:52:54 |
| 5741 || 34.9881219382353 || 2012-10-08 19:42:24 |
| 5742 || -14.9949448190701 || 2017-12-22 08:16:32 |
| 5743 || -9.58971162644628 || 2017-09-07 05:52:50 |
| 5744 || 23.5003749538285 || 2017-12-15 11:03:39 |
| 5745 || 0.00601629719894474 || 2018-12-07 10:56:26 |
| 5746 || 22.2100633729302 || 2014-02-13 23:02:48 |
| 5747 || 81.0123788979337 || 2018-08-23 22:20:45 |
| 5748 || 10.549111583311 || 2019-11-15 16:45:08 |
| 5749 || 22.6668815102807 || 2012-09-14 20:04:33 |
| 5750 || 0.0608412879661625 || 2016-09-12 00:46:59 |
| 5751 || -8.85995574502351 || 2010-04-12 13:07:58 |
| 5752 || 70.5607107129493 || 2016-03-14 08:55:22 |
| 5753 || -25.2599351138257 || 2019-09-04 15:18:21 |
| 5754 || -2.89216049196397 || 2019-11-22 00:14:43 |
| 5755 || -0.0427160143896296 || 2017-03-19 03:32:17 |
| 5756 || 20.8477003987418 || 2017-02-02 21:49:02 |
| 5757 || 63.3595329030767 || 2012-09-04 15:44:42 |
| 5758 || -19.1065266720571 || 2010-03-09 07:25:55 |
| 5759 || 43.7420755762698 || 2010-12-10 08:22:56 |
| 5760 || 2.12479409688487 || 2012-01-27 12:06:47 |
| 5761 || -5.85105983699489 || 2019-08-22 23:01:50 |
| 5762 || -12.7556452714007 || 2015-10-13 06:34:39 |
| 5763 || 14.8593429595583 || 2010-02-25 22:29:23 |
| 5764 || 32.1534925419658 || 2013-07-19 11:40:32 |
| 5765 || 0.963351426875425 || 2011-11-18 02:17:19 |
| 5766 || 5.54700807621299 || 2017-11-05 13:56:49 |
| 5767 || -14.0503330568479 || 2016-04-01 15:15:20 |
| 5768 || 11.696540605671 || 2016-02-19 03:30:19 |
| 5769 || 36.8325655172584 || 2014-11-20 11:27:22 |
| 5770 || 4.89951715853758 || 2012-07-03 10:28:39 |
| 5771 || -1.36503636810312 || 2010-05-06 23:52:59 |
| 5772 || -8.46523036538737 || 2014-01-07 23:08:25 |
| 5773 || -24.9397503311954 || 2010-06-26 18:12:15 |
| 5774 || -16.0865398082258 || 2018-04-18 21:19:41 |
| 5775 || 5.54240711780155 || 2010-02-01 02:09:16 |
| 5776 || 3.7531854086633 || 2010-10-23 13:48:31 |
| 5777 || 9.31738630912868 || 2016-12-17 11:12:52 |
| 5778 || -20.8560539958149 || 2019-05-10 16:37:54 |
| 5779 || 15.5466873610517 || 2017-06-17 02:47:13 |
| 5780 || 13.0497190622522 || 2015-03-15 01:50:44 |
| 5781 || 2.8006046865772 || 2013-09-21 02:20:04 |
| 5782 || -14.9467035396672 || 2014-04-24 15:58:42 |
| 5783 || -29.5372353206102 || 2015-04-24 02:21:38 |
| 5784 || 69.4424000051482 || 2016-10-02 06:53:55 |
| 5785 || 0.0383367686049777 || 2011-06-17 10:04:29 |
| 5786 || -0.703109525380628 || 2016-05-11 10:31:40 |
| 5787 || 42.0748137007572 || 2013-11-09 17:36:33 |
| 5788 || -22.6461132839005 || 2018-07-17 15:48:56 |
| 5789 || -18.2019972664034 || 2018-12-13 02:43:46 |
| 5790 || -7.28225156190902 || 2011-03-23 11:06:46 |
| 5791 || -0.153953706188494 || 2017-09-11 17:33:07 |
| 5792 || 17.2878395271772 || 2011-12-03 17:33:48 |
| 5793 || 70.2547940541118 || 2014-01-12 08:48:12 |
| 5794 || -16.3544548950598 || 2017-07-19 01:46:08 |
| 5795 || 17.2148218808563 || 2018-12-15 18:46:28 |
| 5796 || 0.102813784778871 || 2012-06-07 16:43:35 |
| 5797 || 27.6759596999847 || 2015-04-03 03:11:15 |
| 5798 || 65.204569441566 || 2017-08-27 23:08:02 |
| 5799 || -9.33248920103349 || 2016-01-08 17:25:37 |
| 5800 || 29.0138942584925 || 2012-10-13 12:00:28 |
| 5801 || -0.00248582907097922 || 2014-12-27 08:48:51 |
| 5802 || 27.6278935913164 || 2019-07-08 23:33:27 |
| 5803 || 78.3178788927235 || 2018-12-06 17:46:15 |
| 5804 || -21.2304343206046 || 2010-11-22 05:39:06 |
| 5805 || 36.6568070377095 || 2012-07-19 18:36:40 |
| 5806 || -0.154491564762088 || 2014-03-21 18:08:35 |
| 5807 || -7.11208972694132 || 2010-04-26 23:30:45 |
| 5808 || 69.1258179634301 || 2012-12-27 09:10:01 |
| 5809 || 75.7229318275389 || 2011-06-17 21:52:33 |
| 5810 || 35.5543536128752 || 2013-04-10 08:02:19 |
| 5811 || -0.547960850306339 || 2015-03-25 05:22:17 |
| 5812 || 9.48354964833706 || 2019-12-07 00:11:06 |
| 5813 || -23.389154039803 || 2016-12-12 00:32:43 |
| 5814 || -29.4144470913111 || 2013-09-24 22:42:57 |
| 5815 || -11.7249449687621 || 2017-08-11 03:51:40 |
| 5816 || 3.79751857008915 || 2010-08-08 02:29:18 |
| 5817 || 13.6310900618097 || 2012-02-10 15:39:21 |
| 5818 || 21.61984639463 || 2011-10-20 01:41:57 |
| 5819 || 25.105832812019 || 2011-11-27 08:49:48 |
| 5820 || 9.1173002159951 || 2019-08-21 19:51:00 |
| 5821 || -2.07897150864563 || 2018-02-24 06:47:02 |
| 5822 || 9.9919878814098 || 2015-06-13 02:57:08 |
| 5823 || 37.0467310006268 || 2017-03-21 20:19:22 |
| 5824 || 69.7215691138972 || 2011-05-13 05:09:45 |
| 5825 || -10.7528981452494 || 2012-10-21 00:24:11 |
| 5826 || 1.0889792216107 || 2019-10-10 14:52:59 |
| 5827 || -1.42830253817263 || 2019-05-15 12:31:17 |
| 5828 || -16.4428700960868 || 2014-04-11 04:01:17 |
| 5829 || -28.7105368982379 || 2010-07-08 15:08:40 |
| 5830 || 19.5212908937491 || 2016-03-24 02:13:16 |
| 5831 || -2.9339381513242 || 2010-08-23 05:15:12 |
| 5832 || 4.57000558700736 || 2017-04-19 14:59:34 |
| 5833 || 21.5569402975237 || 2010-08-15 10:57:02 |
| 5834 || 2.23356487233897 || 2016-06-22 06:44:48 |
| 5835 || 5.09984776315215 || 2011-04-01 16:41:59 |
| 5836 || -5.50853453825212 || 2015-12-17 04:04:26 |
| 5837 || 1.89443781970904 || 2013-11-03 10:35:53 |
| 5838 || 41.3594124790011 || 2018-03-08 22:08:55 |
| 5839 || 71.6607941065727 || 2012-09-19 12:36:24 |
| 5840 || 72.6600099751324 || 2019-06-03 09:51:36 |
| 5841 || 17.6283005738486 || 2014-09-09 12:05:12 |
| 5842 || 0.848440825989525 || 2015-06-10 21:05:20 |
| 5843 || 18.2995170092573 || 2011-08-05 11:38:37 |
| 5844 || 14.5702888173963 || 2012-09-07 23:06:24 |
| 5845 || 5.28924869608364 || 2010-10-12 03:35:38 |
| 5846 || 20.6660562016488 || 2019-05-06 14:25:12 |
| 5847 || -0.0417115068664819 || 2019-04-12 09:49:56 |
| 5848 || -1.93348593316658 || 2012-09-04 20:13:54 |
| 5849 || 37.6649849529751 || 2018-11-02 18:55:48 |
| 5850 || -23.2433176884125 || 2017-03-16 01:12:16 |
| 5851 || 19.6098916165953 || 2014-03-23 00:18:07 |
| 5852 || 0.0171695291307164 || 2016-11-24 01:39:01 |
| 5853 || 22.9015320651404 || 2012-10-03 01:37:46 |
| 5854 || -20.1077173075679 || 2018-02-12 15:54:35 |
| 5855 || 77.2745078327319 || 2015-08-09 23:24:50 |
| 5856 || 2.24535384572914 || 2016-11-05 01:49:03 |
| 5857 || 0.310909107847251 || 2014-05-06 23:58:08 |
| 5858 || 19.2777639838325 || 2017-02-07 15:44:04 |
| 5859 || -23.5534058800751 || 2016-11-11 04:49:08 |
| 5860 || -28.7821401189064 || 2013-01-26 19:29:43 |
| 5861 || 4.71439447944645 || 2013-07-09 01:18:24 |
| 5862 || 1.0288692643024 || 2017-04-13 20:50:30 |
| 5863 || -2.14130401595343 || 2019-12-04 09:43:19 |
| 5864 || 10.158761069188 || 2012-09-27 04:20:55 |
| 5865 || 79.3939521282999 || 2016-04-01 00:59:05 |
| 5866 || -9.1278179945639 || 2010-09-01 04:42:37 |
| 5867 || 2.50517695831624 || 2012-11-08 16:09:34 |
| 5868 || -0.0895307643305871 || 2019-06-10 02:42:45 |
| 5869 || -20.5045793164637 || 2013-05-15 21:27:04 |
| 5870 || 81.0720108498373 || 2010-01-07 05:22:14 |
| 5871 || 25.5390849854805 || 2016-11-12 17:49:53 |
| 5872 || -1.90266564918739 || 2014-05-03 12:59:25 |
| 5873 || -2.97283150765828 || 2017-10-23 01:44:54 |
| 5874 || -19.9553110381168 || 2013-08-14 07:11:34 |
| 5875 || -15.1290851697171 || 2015-03-18 12:31:20 |
| 5876 || 45.3457632224183 || 2010-12-09 14:46:15 |
| 5877 || 3.2279174949956 || 2015-10-09 12:35:37 |
| 5878 || -2.58362618991107 || 2018-12-08 06:13:09 |
| 5879 || -7.102005500752 || 2017-03-19 19:39:02 |
| 5880 || 70.6694261212321 || 2018-11-22 06:49:56 |
| 5881 || 39.3659657672811 || 2018-05-09 06:49:36 |
| 5882 || 7.94143342251889 || 2014-10-14 18:21:39 |
| 5883 || 1.22775722706242 || 2016-04-05 03:41:32 |
| 5884 || 27.4186992341871 || 2010-06-03 09:16:35 |
| 5885 || -13.0396031020139 || 2010-01-24 08:42:21 |
| 5886 || 1.65847644312562 || 2019-08-23 22:42:45 |
| 5887 || 8.96180069054986 || 2018-08-02 19:34:32 |
| 5888 || -0.346274050108241 || 2017-12-03 09:23:38 |
| 5889 || 44.9293434051724 || 2015-11-20 12:01:22 |
| 5890 || 81.077181609785 || 2018-12-04 06:52:20 |
| 5891 || 67.6460374167733 || 2010-10-15 13:46:03 |
| 5892 || 18.666174094344 || 2018-08-10 14:30:55 |
| 5893 || -0.352523688836404 || 2015-01-17 09:55:09 |
| 5894 || -2.01206672924553 || 2010-04-24 10:54:53 |
| 5895 || -27.0178195637232 || 2014-09-15 09:26:31 |
| 5896 || 6.84772898753384 || 2011-11-15 07:45:16 |
| 5897 || 21.5037265758561 || 2015-05-27 16:41:46 |
| 5898 || 0.284839162378773 || 2019-01-20 22:39:45 |
| 5899 || -11.6719135121945 || 2012-08-08 18:17:55 |
| 5900 || -27.6648755731109 || 2014-12-27 05:38:45 |
| 5901 || 80.2117045950396 || 2013-04-13 02:08:21 |
| 5902 || -3.24719115321944 || 2010-02-01 01:14:56 |
| 5903 || 0.000666752091431398 || 2012-01-10 22:53:17 |
| 5904 || -3.20391195317241 || 2011-08-02 04:25:37 |
| 5905 || 75.3700939288748 || 2010-01-14 01:26:35 |
| 5906 || -26.484210596956 || 2018-01-19 00:13:19 |
| 5907 || -10.4192021504679 || 2013-04-11 02:47:17 |
| 5908 || -0.1103570057846 || 2010-04-23 22:26:54 |
| 5909 || -6.5426601666252 || 2012-12-07 09:30:07 |
| 5910 || 25.2181163360103 || 2015-10-06 16:56:49 |
| 5911 || -24.5262768666575 || 2010-06-04 16:04:04 |
| 5912 || -13.1242122933841 || 2011-11-12 13:27:57 |
| 5913 || 1.06899370802375 || 2014-12-20 01:19:15 |
| 5914 || 18.7103406870138 || 2015-01-02 20:14:35 |
| 5915 || 17.1550865886749 || 2019-02-10 07:52:02 |
| 5916 || 76.6949533533028 || 2010-12-12 21:48:02 |
| 5917 || -4.87951377461668 || 2011-12-26 14:12:18 |
| 5918 || 2.03652863363074 || 2010-07-12 20:31:03 |
| 5919 || 11.4776756557181 || 2014-05-06 00:50:02 |
| 5920 || -15.5722578230343 || 2019-01-06 18:23:05 |
| 5921 || -29.4344970981575 || 2014-09-09 09:34:11 |
| 5922 || 11.1509254342363 || 2019-05-03 16:08:37 |
| 5923 || 5.28309974915809 || 2010-12-14 04:52:27 |
| 5924 || 0.396689432573223 || 2017-01-22 06:58:42 |
| 5925 || 50.680411293293 || 2010-04-13 19:46:46 |
| 5926 || -9.52627541084122 || 2015-09-02 13:39:39 |
| 5927 || 45.4660949389742 || 2013-02-06 19:04:24 |
| 5928 || 1.85490254726183 || 2010-09-11 05:43:12 |
| 5929 || -1.89978515094396 || 2012-11-04 10:32:05 |
| 5930 || 56.8616102255273 || 2019-04-06 09:14:02 |
| 5931 || 89.8815790926156 || 2019-04-06 06:13:34 |
| 5932 || 56.6927840197189 || 2013-05-11 00:12:08 |
| 5933 || 3.18181768186215 || 2014-08-14 19:33:40 |
| 5934 || -0.862422099828734 || 2019-02-19 05:27:21 |
| 5935 || 4.02314849790492 || 2011-07-06 14:22:09 |
| 5936 || 72.6849513368042 || 2011-10-13 05:03:47 |
| 5937 || 18.698773417926 || 2017-08-07 03:26:37 |
| 5938 || 6.31512607128943 || 2011-03-13 18:55:12 |
| 5939 || 2.48219938625127 || 2014-02-04 12:24:17 |
| 5940 || 12.7492029073933 || 2011-12-13 16:12:52 |
| 5941 || 66.3852428457165 || 2014-06-25 10:49:24 |
| 5942 || 12.3582616508458 || 2016-02-11 15:28:43 |
| 5943 || -6.28598822312439 || 2012-08-27 16:44:38 |
| 5944 || 0.737162539635038 || 2014-09-08 06:39:45 |
| 5945 || -13.7588576200283 || 2010-09-14 17:45:12 |
| 5946 || 83.0945806629908 || 2010-08-04 20:55:35 |
| 5947 || -16.2740045747273 || 2018-11-18 18:41:04 |
| 5948 || -6.09602819108136 || 2015-11-12 16:06:13 |
| 5949 || -0.136471338882451 || 2019-08-24 16:55:53 |
| 5950 || 14.2031724839151 || 2019-05-06 03:49:32 |
| 5951 || 44.8496230913839 || 2011-03-15 15:22:42 |
| 5952 || -1.55328069018775 || 2019-03-11 15:09:10 |
| 5953 || -2.31665269360645 || 2010-04-16 14:52:31 |
| 5954 || 0.00157856298972807 || 2013-02-27 05:02:07 |
| 5955 || 6.45337432246847 || 2016-01-23 04:49:11 |
| 5956 || 53.3080490996074 || 2018-11-17 03:00:12 |
| 5957 || 9.86438997982252 || 2018-09-18 16:49:28 |
| 5958 || 33.2739107110739 || 2014-03-05 06:38:38 |
| 5959 || 0.245088461368742 || 2013-10-25 20:47:57 |
| 5960 || 20.6816279515784 || 2019-04-22 09:45:43 |
| 5961 || 26.3308268733687 || 2014-09-05 06:57:38 |
| 5962 || 61.6538515304333 || 2018-11-23 13:24:52 |
| 5963 || 23.6920750529649 || 2018-12-02 11:13:31 |
| 5964 || 0.0481952313326994 || 2016-07-07 00:32:07 |
| 5965 || 20.5130217725997 || 2014-10-19 02:16:46 |
| 5966 || 54.4107848513568 || 2017-11-23 12:55:25 |
| 5967 || 85.4729795823352 || 2017-04-19 13:11:37 |
| 5968 || 40.4058828835121 || 2017-04-25 05:41:37 |
| 5969 || -0.798794407617687 || 2012-06-10 09:52:30 |
| 5970 || 3.41542960313361 || 2011-03-26 00:27:11 |
| 5971 || -17.0215038488733 || 2017-09-10 04:19:04 |
| 5972 || -27.9692298004589 || 2019-10-02 19:44:33 |
| 5973 || -3.03463535211014 || 2014-12-13 15:40:26 |
| 5974 || -0.198963128500003 || 2016-09-13 04:16:21 |
| 5975 || -2.80945551355549 || 2012-10-01 11:29:47 |
| 5976 || -11.3042905498262 || 2014-10-10 02:55:47 |
| 5977 || -9.15604147994943 || 2017-08-08 15:42:21 |
| 5978 || 20.1592509664131 || 2012-04-25 02:05:56 |
| 5979 || 4.55222367003517 || 2016-09-13 00:26:28 |
| 5980 || 8.84536452117899 || 2013-06-01 03:19:57 |
| 5981 || 47.3232428713903 || 2010-07-09 01:07:54 |
| 5982 || -9.94510288363181 || 2013-06-24 23:19:31 |
| 5983 || 20.4161824446116 || 2011-11-06 21:06:32 |
| 5984 || -2.66641118755068 || 2016-11-04 04:45:09 |
| 5985 || -1.16383545335775 || 2017-03-21 19:27:00 |
| 5986 || -7.36812597579442 || 2011-12-20 12:24:46 |
| 5987 || 11.5370329487637 || 2012-07-17 12:00:06 |
| 5988 || 43.4273096247316 || 2010-04-18 12:34:06 |
| 5989 || 13.5773424472434 || 2010-01-23 14:59:16 |
| 5990 || -1.19030034871244 || 2019-10-21 11:26:04 |
| 5991 || 46.5594200263272 || 2017-12-05 21:40:46 |
| 5992 || 58.1297322230768 || 2017-03-13 13:24:36 |
| 5993 || -16.0011498477064 || 2019-05-13 04:05:43 |
| 5994 || 5.56147291131544 || 2013-03-04 05:52:00 |
| 5995 || 0.786534996277281 || 2012-02-17 02:05:13 |
| 5996 || -14.0921946432391 || 2010-04-12 15:25:58 |
| 5997 || 15.2810455498668 || 2014-01-08 14:40:06 |
| 5998 || -15.4224120400663 || 2010-11-24 05:19:54 |
| 5999 || 22.6116709958043 || 2011-07-19 19:25:34 |
| 6000 || 0.571464467588086 || 2017-07-27 15:23:05 |
| 6001 || 5.98851786282245 || 2012-07-26 09:02:04 |
| 6002 || 81.1037288446858 || 2013-09-15 13:29:07 |
| 6003 || -11.4527357496232 || 2013-02-16 05:47:50 |
| 6004 || 26.1980992909109 || 2016-05-18 10:07:54 |
| 6005 || 0.0306422412155533 || 2010-05-21 07:04:09 |
| 6006 || 21.5029268825498 || 2017-07-25 12:52:37 |
| 6007 || 41.0471412873916 || 2019-02-23 06:05:42 |
| 6008 || 22.3713944155337 || 2012-09-12 14:27:32 |
| 6009 || 33.5537961815841 || 2013-03-06 16:23:45 |
| 6010 || 0.145019308883526 || 2010-08-03 06:12:40 |
| 6011 || 2.46352661360838 || 2010-01-07 13:08:35 |
| 6012 || -25.2137578133625 || 2017-05-21 02:59:13 |
| 6013 || 51.1473498303262 || 2011-07-17 17:17:20 |
| 6014 || 38.5505075580101 || 2015-07-05 13:18:34 |
| 6015 || 0.834157405983895 || 2013-01-08 07:35:02 |
| 6016 || -5.0961633786017 || 2019-08-27 20:05:00 |
| 6017 || -9.10458791171699 || 2011-07-24 05:43:32 |
| 6018 || 79.2799840621621 || 2013-05-13 10:16:25 |
| 6019 || 21.5295614262891 || 2011-03-12 15:44:53 |
| 6020 || 2.33316493903388 || 2019-08-18 08:36:02 |
| 6021 || -5.72076630652329 || 2010-01-01 06:26:08 |
| 6022 || -13.5367327680563 || 2011-04-01 03:15:48 |
| 6023 || -6.89945995823442 || 2019-09-16 09:17:02 |
| 6024 || 42.4470650255896 || 2014-11-02 11:26:49 |
| 6025 || 4.25372387993853 || 2016-02-05 21:26:18 |
| 6026 || -0.28777936788348 || 2017-01-27 10:29:47 |
| 6027 || -13.1865394522458 || 2017-12-03 16:08:51 |
| 6028 || -29.186097475368 || 2017-09-23 03:17:12 |
| 6029 || 26.7087512904745 || 2012-08-13 15:27:20 |
| 6030 || 1.78382078189415 || 2011-01-17 18:35:28 |
| 6031 || 3.71719789737332 || 2014-10-23 20:11:38 |
| 6032 || 11.4913802417232 || 2013-03-21 09:42:43 |
| 6033 || -29.912986054758 || 2012-07-08 15:52:19 |
| 6034 || 21.0137141440631 || 2017-07-09 01:30:08 |
| 6035 || 6.60737976637455 || 2016-01-20 07:18:46 |
| 6036 || 6.41844995735623 || 2011-02-16 23:08:04 |
| 6037 || 16.1706290494183 || 2018-08-21 04:35:03 |
| 6038 || -29.4480035199046 || 2017-06-02 10:56:14 |
| 6039 || 62.1821980613383 || 2013-02-25 06:18:11 |
| 6040 || -4.16160553707389 || 2015-09-21 04:10:20 |
| 6041 || -1.17457520945714 || 2019-09-06 04:17:06 |
| 6042 || 44.3976103417993 || 2017-08-24 08:04:52 |
| 6043 || 88.5609256745297 || 2015-04-10 04:44:02 |
| 6044 || -22.2827242365643 || 2017-08-16 16:19:45 |
| 6045 || 18.0307031564908 || 2015-04-01 21:51:26 |
| 6046 || 1.57932377449391 || 2017-11-04 07:15:26 |
| 6047 || 34.1480926487879 || 2014-05-13 19:27:08 |
| 6048 || 35.3657095332035 || 2010-07-25 13:22:35 |
| 6049 || 59.9810001289267 || 2017-09-03 01:50:57 |
| 6050 || 18.3692756622679 || 2013-04-16 11:23:18 |
| 6051 || 0.294844244357693 || 2018-06-27 01:17:18 |
| 6052 || -6.50051438653103 || 2013-07-21 12:06:53 |
| 6053 || 28.0186414686454 || 2015-10-16 05:31:27 |
| 6054 || 53.2912017942412 || 2013-06-02 04:26:22 |
| 6055 || 11.7796789716105 || 2010-06-07 23:16:28 |
| 6056 || 0.0688800168873542 || 2011-09-26 16:10:32 |
| 6057 || 18.1058889753421 || 2010-06-24 00:36:40 |
| 6058 || 23.9414534431435 || 2011-05-02 14:52:31 |
| 6059 || -26.1923521310137 || 2016-01-26 09:49:33 |
| 6060 || 31.9529509958632 || 2012-06-04 18:22:53 |
| 6061 || -0.0194413589983086 || 2017-10-09 23:38:06 |
| 6062 || -3.88995392859822 || 2016-03-25 06:38:09 |
| 6063 || 9.01819169753462 || 2017-01-08 01:01:20 |
| 6064 || 73.3719059578999 || 2012-02-06 05:50:53 |
| 6065 || 23.0979846119949 || 2011-10-05 09:03:48 |
| 6066 || 0.36117398191029 || 2010-10-05 03:10:04 |
| 6067 || 18.6946392592308 || 2015-02-08 18:39:13 |
| 6068 || 71.2907596622763 || 2012-07-02 04:28:43 |
| 6069 || 17.685682303302 || 2016-02-01 12:40:26 |
| 6070 || 40.5074554350034 || 2018-03-07 14:18:27 |
| 6071 || -0.583456176914673 || 2011-07-26 13:38:39 |
| 6072 || 12.6088326297698 || 2011-07-04 04:14:10 |
| 6073 || 2.85820921669214 || 2019-11-14 21:18:23 |
| 6074 || 10.6090844393016 || 2016-03-09 12:20:38 |
| 6075 || 46.7722321782064 || 2019-09-19 23:46:16 |
| 6076 || 0.999262354530143 || 2011-02-09 23:16:28 |
| 6077 || 1.31971775447317 || 2018-05-27 15:18:26 |
| 6078 || 52.9774183674435 || 2012-11-04 16:21:50 |
| 6079 || 66.2832450458007 || 2015-01-01 17:30:24 |
| 6080 || -16.5661930402097 || 2018-08-16 03:22:39 |
| 6081 || -2.15368978349721 || 2015-12-19 07:31:50 |
| 6082 || 5.07305043373301 || 2018-06-16 10:20:12 |
| 6083 || -19.5065242168231 || 2016-08-05 22:43:56 |
| 6084 || -25.8238857428216 || 2016-01-19 01:59:44 |
| 6085 || 29.5861356098827 || 2012-03-15 08:44:01 |
| 6086 || 1.69198610192814 || 2014-03-07 08:45:35 |
| 6087 || 1.93299499503005 || 2011-10-13 01:17:25 |
| 6088 || -0.344064600818301 || 2011-08-14 06:58:20 |
| 6089 || -20.0218784701998 || 2011-01-03 23:44:12 |
| 6090 || 63.6931980166453 || 2015-04-01 08:08:33 |
| 6091 || -1.25344032796808 || 2014-12-03 04:29:48 |
| 6092 || -0.0373576974594962 || 2014-01-02 06:27:58 |
| 6093 || 23.4573639937591 || 2013-06-08 22:32:46 |
| 6094 || 76.2503615401951 || 2012-08-26 14:37:52 |
| 6095 || -21.2830794146566 || 2016-06-03 22:11:19 |
| 6096 || -0.379241144329285 || 2011-02-03 06:31:02 |
| 6097 || 2.34236943899709 || 2018-07-11 20:40:16 |
| 6098 || 3.78303325437075 || 2011-02-26 07:35:30 |
| 6099 || -23.7261239865743 || 2013-01-14 00:08:12 |
| 6100 || -21.5611106540487 || 2017-09-01 19:06:05 |
| 6101 || 21.6935116737238 || 2013-03-05 04:33:39 |
| 6102 || -0.280972744138347 || 2017-06-08 21:19:32 |
| 6103 || -9.27842989645376 || 2017-06-10 15:03:16 |
| 6104 || 56.2402973821163 || 2012-11-16 04:34:20 |
| 6105 || -25.8285504806037 || 2010-10-02 14:02:59 |
| 6106 || 17.1880251286977 || 2011-01-24 17:03:49 |
| 6107 || 0.0104403246161112 || 2016-09-17 01:56:18 |
| 6108 || 33.0423136353641 || 2016-05-20 01:57:50 |
| 6109 || 42.4402326061762 || 2014-09-03 17:48:48 |
| 6110 || -20.6796170880148 || 2014-05-09 16:41:24 |
| 6111 || 15.1039889267053 || 2018-08-15 04:55:56 |
| 6112 || -0.00859907614177473 || 2015-01-20 08:53:24 |
| 6113 || 11.8781314828486 || 2018-10-12 03:56:32 |
| 6114 || 17.0184084582181 || 2012-12-14 06:08:48 |
| 6115 || -7.70905947856036 || 2019-03-07 21:27:19 |
| 6116 || 5.09468060708723 || 2018-02-14 07:15:39 |
| 6117 || 0.469117414443824 || 2016-01-19 15:32:53 |
| 6118 || 18.7883528198093 || 2013-04-08 13:03:17 |
| 6119 || 67.3444722143894 || 2018-02-09 18:30:28 |
| 6120 || 84.4034214971171 || 2019-10-24 14:55:12 |
| 6121 || 28.9145786866486 || 2010-06-04 23:36:48 |
| 6122 || -0.19669789945877 || 2018-04-07 01:47:10 |
| 6123 || -3.21222501447399 || 2014-11-14 13:58:49 |
| 6124 || 56.6056298850791 || 2016-05-09 18:58:15 |
| 6125 || 78.1478921087339 || 2012-01-05 08:34:49 |
| 6126 || -12.3980228689081 || 2018-10-09 00:11:24 |
| 6127 || 0.913900722800057 || 2018-03-24 23:10:28 |
| 6128 || 14.7536802318434 || 2014-03-25 12:59:05 |
| 6129 || -13.2879314886805 || 2010-05-02 06:55:52 |
| 6130 || 0.753546563259858 || 2019-03-14 23:36:02 |
| 6131 || 12.9752909169859 || 2016-01-04 17:38:58 |
| 6132 || -0.841253047564127 || 2013-05-02 10:17:41 |
| 6133 || 9.75372829268449 || 2017-10-02 11:48:14 |
| 6134 || 55.2245166138761 || 2010-02-10 12:09:53 |
| 6135 || 8.16315431080938 || 2010-01-15 01:31:26 |
| 6136 || 6.95938420873966 || 2018-11-08 05:18:35 |
| 6137 || -1.52292040207567 || 2016-02-01 04:01:14 |
| 6138 || -1.44344432121468 || 2015-12-25 01:05:28 |
| 6139 || 44.479454895671 || 2012-03-08 19:16:30 |
| 6140 || -7.92481096323033 || 2016-05-11 07:12:04 |
| 6141 || 45.4255609692457 || 2012-01-17 22:54:08 |
| 6142 || 6.85893073571516 || 2017-04-27 18:40:36 |
| 6143 || 0.655519197223552 || 2018-01-26 13:22:06 |
| 6144 || 41.7251109976603 || 2019-09-01 20:37:32 |
| 6145 || 10.13244178816 || 2017-08-03 23:55:45 |
| 6146 || -3.17626116359293 || 2012-09-18 00:11:07 |
| 6147 || -4.68028831562529 || 2012-03-07 19:34:39 |
| 6148 || 2.00619100734067 || 2012-11-24 07:13:43 |
| 6149 || 32.5981024161645 || 2017-12-12 20:51:41 |
| 6150 || 10.2979762772778 || 2017-05-27 10:35:13 |
| 6151 || -19.4478527069661 || 2014-12-27 19:36:41 |
| 6152 || 6.61880566524901 || 2014-09-21 01:49:37 |
| 6153 || -0.190069953834392 || 2013-08-06 00:03:45 |
| 6154 || 3.75801947422052 || 2019-02-07 23:05:19 |
| 6155 || 41.3396771718656 || 2018-11-09 22:45:44 |
| 6156 || 75.8902935408046 || 2016-05-23 16:16:08 |
| 6157 || -8.38777891420682 || 2012-07-14 07:43:01 |
| 6158 || 0.25879102329753 || 2012-03-24 23:15:57 |
| 6159 || 28.1420821676423 || 2014-10-09 12:04:27 |
| 6160 || 1.05966202591423 || 2014-08-19 23:52:32 |
| 6161 || -25.7201321570431 || 2015-04-27 03:09:23 |
| 6162 || -9.37543799106575 || 2014-02-16 18:23:30 |
| 6163 || 0.00338801930976919 || 2011-02-14 10:47:16 |
| 6164 || 13.5794104666475 || 2017-08-05 16:42:46 |
| 6165 || 2.10468160293001 || 2017-02-26 17:01:51 |
| 6166 || -16.0464399423274 || 2017-02-26 00:38:16 |
| 6167 || -0.428975222534254 || 2013-02-09 17:37:36 |
| 6168 || 0.0737449949202197 || 2015-04-11 04:57:58 |
| 6169 || 20.3944451684897 || 2017-05-04 16:14:43 |
| 6170 || -20.7853407503695 || 2017-07-24 17:44:08 |
| 6171 || 58.6713329190073 || 2014-07-02 11:36:27 |
| 6172 || 33.2928097131878 || 2012-07-27 22:16:09 |
| 6173 || 0.900118052667393 || 2015-03-12 11:27:36 |
| 6174 || 6.28356209629779 || 2016-06-19 17:10:33 |
| 6175 || 71.8090104406302 || 2011-11-25 01:28:35 |
| 6176 || -27.5907896080858 || 2010-03-17 14:17:20 |
| 6177 || 46.6865103595544 || 2010-01-12 21:27:10 |
| 6178 || -0.258705958931583 || 2015-08-21 11:46:17 |
| 6179 || 14.0079185650961 || 2017-07-02 05:33:04 |
| 6180 || -17.5224176185502 || 2013-11-20 02:13:59 |
| 6181 || 57.8198111377543 || 2017-01-11 05:27:29 |
| 6182 || 51.2643343343815 || 2011-08-06 15:59:07 |
| 6183 || 5.26122043928454 || 2017-12-01 00:01:26 |
| 6184 || 10.8720156362363 || 2018-01-21 01:22:40 |
| 6185 || 51.2724129249856 || 2014-03-25 20:05:49 |
| 6186 || 87.9196218610883 || 2014-03-22 21:10:12 |
| 6187 || -18.4267173315126 || 2019-07-06 07:03:40 |
| 6188 || 3.1377798784257 || 2010-08-21 04:48:57 |
| 6189 || -2.66209978640848 || 2013-06-01 16:17:43 |
| 6190 || 6.20986802375704 || 2015-03-24 10:02:20 |
| 6191 || 89.8767922288599 || 2012-05-23 01:46:55 |
| 6192 || 61.147947043267 || 2014-08-05 12:28:41 |
| 6193 || 1.35746543337398 || 2010-05-18 15:39:13 |
| 6194 || 3.26227131527005 || 2010-04-25 18:17:05 |
| 6195 || -5.99716024566079 || 2014-12-13 12:33:15 |
| 6196 || 65.0684814640352 || 2011-09-02 00:25:30 |
| 6197 || -15.3428550060407 || 2015-01-12 23:33:55 |
| 6198 || -1.0476170172501 || 2018-08-13 05:21:14 |
| 6199 || -0.782591299702458 || 2019-09-16 11:12:37 |
| 6200 || -9.75670230404996 || 2016-02-16 04:22:23 |
| 6201 || 86.2674959519202 || 2015-08-20 14:30:12 |
| 6202 || -16.0406964876342 || 2019-01-04 03:11:01 |
| 6203 || -1.88501321694822 || 2018-01-17 04:26:29 |
| 6204 || 1.30672505965566 || 2016-02-14 05:49:48 |
| 6205 || 21.8714321564877 || 2015-03-21 19:43:37 |
| 6206 || 40.2191993240968 || 2013-08-08 07:45:25 |
| 6207 || -6.28430379458418 || 2010-10-14 00:58:30 |
| 6208 || 24.4251271947931 || 2015-10-05 03:08:00 |
| 6209 || 0.125433558672982 || 2017-01-18 17:45:12 |
| 6210 || 12.9725400076924 || 2015-07-10 22:01:32 |
| 6211 || -22.7146263811454 || 2017-09-12 18:05:47 |
| 6212 || 61.6234810683467 || 2018-02-10 01:10:11 |
| 6213 || 29.3413316378122 || 2011-05-24 17:19:54 |
| 6214 || -0.000437848157084278 || 2015-10-22 06:49:05 |
| 6215 || 17.7107578184217 || 2010-11-02 11:41:15 |
| 6216 || 16.2168831960704 || 2017-11-20 16:29:39 |
| 6217 || 28.5683832859626 || 2018-09-07 13:38:35 |
| 6218 || -3.23196792670043 || 2018-01-08 23:35:11 |
| 6219 || 0.162316122391896 || 2019-08-25 20:32:17 |
| 6220 || 8.31879143810769 || 2016-06-16 12:39:48 |
| 6221 || 0.470094124110365 || 2015-01-26 23:30:09 |
| 6222 || 40.0918195930985 || 2018-11-10 08:20:06 |
| 6223 || 15.2388833712118 || 2010-06-15 09:54:50 |
| 6224 || 1.20544665285536 || 2014-02-25 17:19:56 |
| 6225 || 20.6950965007598 || 2015-04-07 00:05:42 |
| 6226 || 9.61802976538121 || 2018-07-11 20:13:58 |
| 6227 || 50.7693091205483 || 2016-07-19 18:25:52 |
| 6228 || 39.6264491998199 || 2015-12-16 06:20:36 |
| 6229 || 2.4228052487183 || 2016-04-16 00:59:16 |
| 6230 || -4.67888303729618 || 2019-02-04 00:25:30 |
| 6231 || -21.5241474613385 || 2016-12-15 19:53:02 |
| 6232 || 86.6420595705901 || 2019-10-25 11:27:16 |
| 6233 || 48.7199179746954 || 2011-04-06 15:54:14 |
| 6234 || 2.35798753775572 || 2012-01-06 17:32:53 |
| 6235 || 11.3529267482724 || 2015-10-09 21:08:12 |
| 6236 || 59.2788680845849 || 2014-07-07 21:11:44 |
| 6237 || 79.9501342193514 || 2011-02-09 03:54:12 |
| 6238 || -15.0658834457289 || 2018-08-21 03:45:24 |
| 6239 || 0.218076788060447 || 2015-01-07 23:23:11 |
| 6240 || -2.60783294739131 || 2017-12-16 09:16:00 |
| 6241 || -17.002313852673 || 2011-02-27 04:00:49 |
| 6242 || 88.0349734004649 || 2011-06-25 23:03:04 |
| 6243 || -15.4021184900841 || 2015-06-19 11:16:44 |
| 6244 || 10.8775482899642 || 2016-01-27 08:38:01 |
| 6245 || -0.12214731111862 || 2017-07-16 17:24:42 |
| 6246 || 43.277273254069 || 2014-01-27 10:46:17 |
| 6247 || 75.6212585258656 || 2017-05-06 11:10:14 |
| 6248 || -20.2342044451687 || 2014-12-17 13:06:36 |
| 6249 || 10.6346169440017 || 2014-10-20 09:04:11 |
| 6250 || 0.0602364902212624 || 2016-03-01 20:11:10 |
| 6251 || 47.5725390728515 || 2014-08-27 08:17:27 |
| 6252 || 88.2080092556786 || 2010-09-24 20:22:39 |
| 6253 || 5.69632930875513 || 2014-04-21 09:28:46 |
| 6254 || 18.7861285784802 || 2014-03-22 21:52:16 |
| 6255 || -0.480984592378073 || 2014-07-08 01:42:03 |
| 6256 || 23.0081215549346 || 2017-07-20 06:09:25 |
| 6257 || 56.9012700283235 || 2010-11-23 19:35:17 |
| 6258 || 12.1801262705623 || 2010-07-12 20:16:36 |
| 6259 || 7.010741744918 || 2017-04-11 05:48:59 |
| 6260 || -0.1315790059931 || 2011-05-24 08:12:11 |
| 6261 || 1.75706654141976 || 2011-01-09 23:34:24 |
| 6262 || 57.9723637110522 || 2011-06-05 16:14:01 |
| 6263 || 79.1170889747831 || 2016-03-14 17:34:27 |
| 6264 || -7.32895632757696 || 2014-09-04 04:08:25 |
| 6265 || -0.00729914902395631 || 2014-12-03 21:23:24 |
| 6266 || -2.47954062325869 || 2013-09-16 07:36:08 |
| 6267 || 72.1902531308535 || 2010-01-13 15:10:02 |
| 6268 || 52.1863385713335 || 2012-01-24 16:16:58 |
| 6269 || 26.4244129634308 || 2016-01-23 09:03:55 |
| 6270 || -0.0265852312501469 || 2015-05-27 11:39:20 |
| 6271 || 26.1496005674817 || 2014-06-23 04:21:37 |
| 6272 || 2.46298090663123 || 2012-08-19 03:57:23 |
| 6273 || 49.60578528128 || 2012-03-25 18:51:02 |
| 6274 || -12.9870543790489 || 2016-08-13 14:19:35 |
| 6275 || 0.940258789682827 || 2011-07-25 01:33:16 |
| 6276 || -1.1105775278013 || 2010-03-14 22:15:32 |
| 6277 || 68.7341772437696 || 2014-01-26 13:44:57 |
| 6278 || 66.5116080799237 || 2016-05-20 03:28:27 |
| 6279 || -14.1439747320893 || 2010-02-01 06:54:48 |
| 6280 || 0.248741009213427 || 2016-10-11 07:06:56 |
| 6281 || 6.84332966412209 || 2014-10-17 05:49:59 |
| 6282 || 16.0748576898222 || 2018-08-13 15:14:59 |
| 6283 || 27.6266835700504 || 2019-02-27 00:19:55 |
| 6284 || 36.9725132388748 || 2012-02-12 19:48:54 |
| 6285 || 4.28222627403259 || 2012-02-25 18:02:51 |
| 6286 || -0.793405620514451 || 2010-04-04 18:38:37 |
| 6287 || 37.9609447636757 || 2012-04-08 12:12:22 |
| 6288 || 54.6069614285101 || 2016-04-21 02:35:28 |
| 6289 || 38.2433293592911 || 2015-08-19 21:31:14 |
| 6290 || 5.18820540973508 || 2015-11-24 15:27:52 |
| 6291 || 9.45396213673126 || 2019-04-12 08:19:21 |
| 6292 || -6.08672032738415 || 2010-07-17 04:58:21 |
| 6293 || 50.579017748369 || 2013-02-20 10:22:32 |
| 6294 || 11.4562049819187 || 2015-01-27 13:54:24 |
| 6295 || 10.3599564640783 || 2016-05-10 08:10:07 |
| 6296 || -0.779765685594877 || 2016-08-09 06:50:45 |
| 6297 || -10.4020119537829 || 2013-09-04 09:45:20 |
| 6298 || 67.0361061499981 || 2014-07-18 10:46:38 |
| 6299 || -0.348941435316706 || 2017-06-11 07:07:31 |
| 6300 || 12.2036469068552 || 2011-06-13 12:52:54 |
| 6301 || 2.55029377341043 || 2012-12-05 05:05:46 |
| 6302 || 3.32061446223496 || 2011-04-05 16:34:57 |
| 6303 || 13.8205989231032 || 2010-02-24 17:01:43 |
| 6304 || 10.402021083112 || 2017-05-05 23:37:23 |
| 6305 || 1.26292560898607 || 2011-06-27 06:37:32 |
| 6306 || -0.0340547698479289 || 2019-01-06 16:50:36 |
| 6307 || 30.4266345773714 || 2013-08-26 10:24:37 |
| 6308 || 17.4796910204926 || 2010-04-14 15:13:04 |
| 6309 || 73.8936930041397 || 2010-06-15 04:56:30 |
| 6310 || 7.7766326665891 || 2014-09-12 02:36:50 |
| 6311 || -0.159344732191418 || 2019-02-12 14:12:08 |
| 6312 || 30.8073554093887 || 2017-07-19 03:16:22 |
| 6313 || -20.7677464749126 || 2017-04-01 03:04:06 |
| 6314 || -21.8461943353136 || 2013-07-04 02:48:28 |
| 6315 || 14.6746041779711 || 2014-10-07 00:43:55 |
| 6316 || -0.021723459000347 || 2017-09-18 22:00:50 |
| 6317 || 6.72233609574239 || 2011-09-27 04:31:02 |
| 6318 || -26.9109320009819 || 2011-03-02 05:05:17 |
| 6319 || 30.7460959380302 || 2010-03-19 01:05:11 |
| 6320 || 32.1334650316358 || 2017-12-10 04:55:27 |
| 6321 || 0.00918244455330165 || 2013-03-23 16:04:45 |
| 6322 || 27.3174477652586 || 2019-07-27 01:33:06 |
| 6323 || -18.1038337046435 || 2017-12-18 12:21:48 |
| 6324 || 9.60216566524136 || 2012-06-18 09:18:14 |
| 6325 || 18.102494625961 || 2017-04-22 01:10:42 |
| 6326 || 0.695208995539547 || 2016-11-05 09:20:35 |
| 6327 || -5.49671092941098 || 2016-06-02 09:47:56 |
| 6328 || -1.22158129610743 || 2017-07-02 12:33:59 |
| 6329 || 3.05469970724096 || 2015-08-06 01:01:46 |
| 6330 || 30.5014381712075 || 2017-08-19 16:40:50 |
| 6331 || 1.96541935570928 || 2015-10-25 22:01:59 |
| 6332 || -1.16058512807684 || 2010-08-04 18:30:58 |
| 6333 || -8.68459840482542 || 2019-11-03 01:07:52 |
| 6334 || 2.86966896490578 || 2012-01-02 23:01:57 |
| 6335 || 11.150453627666 || 2016-03-08 05:14:43 |
| 6336 || 2.47574681029509 || 2013-02-21 23:41:16 |
| 6337 || -2.69600409512677 || 2014-11-14 19:29:12 |
| 6338 || 37.6921320781464 || 2015-03-02 11:43:41 |
| 6339 || -29.8015165164703 || 2013-12-12 07:45:21 |
| 6340 || -18.0768141058341 || 2010-07-10 10:51:47 |
| 6341 || -2.17230259940168 || 2010-10-21 22:58:47 |
| 6342 || 4.61094026537337 || 2015-01-06 03:37:52 |
| 6343 || -2.04633259127654 || 2012-12-09 01:12:27 |
| 6344 || 15.4047129330119 || 2016-02-17 11:10:48 |
| 6345 || 8.60653799500017 || 2011-09-15 07:12:27 |
| 6346 || -3.13408159738414 || 2011-01-27 02:04:19 |
| 6347 || 6.86582599024696 || 2013-02-18 21:59:20 |
| 6348 || -18.1536981659489 || 2013-08-05 13:57:05 |
| 6349 || -17.9004355936842 || 2017-11-03 08:02:40 |
| 6350 || -17.0446260836633 || 2010-11-27 22:56:53 |
| 6351 || 13.1257651589721 || 2018-09-19 06:59:24 |
| 6352 || 3.96290080227727 || 2013-06-17 10:15:24 |
| 6353 || -6.00698894218982 || 2011-11-16 02:43:34 |
| 6354 || -10.2222625410439 || 2012-02-04 18:21:01 |
| 6355 || 69.3124816564371 || 2017-11-12 02:49:21 |
| 6356 || 17.4156846698014 || 2012-10-15 20:28:03 |
| 6357 || -0.622302194866547 || 2010-02-10 06:41:35 |
| 6358 || -11.0655191245093 || 2018-05-19 03:29:47 |
| 6359 || -27.6562590492354 || 2016-08-21 23:53:38 |
| 6360 || 48.8357342958992 || 2011-05-20 15:54:35 |
| 6361 || -7.00472152978001 || 2011-05-07 06:44:26 |
| 6362 || -0.293036889291608 || 2013-04-19 06:17:19 |
| 6363 || 17.5622308824193 || 2017-03-17 21:45:47 |
| 6364 || 15.0535591798471 || 2017-04-05 13:20:47 |
| 6365 || 5.18036984460754 || 2011-06-05 11:41:05 |
| 6366 || -0.000863033601461568 || 2014-07-22 12:15:37 |
| 6367 || 0.0662121694754779 || 2018-09-07 16:19:01 |
| 6368 || -9.59361064078913 || 2019-04-07 02:44:27 |
| 6369 || -10.4549363627646 || 2012-02-11 15:24:53 |
| 6370 || 36.5359170663735 || 2015-10-21 19:00:50 |
| 6371 || 31.8684437524479 || 2016-01-14 02:33:52 |
| 6372 || 0.0254455255951049 || 2019-03-04 21:00:01 |
| 6373 || 27.8019906290271 || 2016-05-21 08:23:26 |
| 6374 || -20.9082489797236 || 2010-01-07 14:53:12 |
| 6375 || 84.1108319833488 || 2018-08-02 14:51:12 |
| 6376 || 33.6505801621114 || 2019-02-05 19:16:05 |
| 6377 || 0.143570216069187 || 2015-05-10 03:15:40 |
| 6378 || 5.83294533824249 || 2017-04-20 13:06:02 |
| 6379 || -24.8492274352887 || 2014-12-12 23:59:18 |
| 6380 || 4.30817061584833 || 2011-09-25 11:48:30 |
| 6381 || -7.35854969052882 || 2012-04-01 12:16:32 |
| 6382 || 0.28155393475636 || 2019-08-06 04:44:27 |
| 6383 || -5.21080554746025 || 2010-11-10 12:23:36 |
| 6384 || -9.61456113660671 || 2015-10-23 20:01:49 |
| 6385 || 62.8333082491105 || 2015-10-23 16:04:00 |
| 6386 || 35.9374943745046 || 2013-10-10 23:52:03 |
| 6387 || 1.18736184004567 || 2016-11-21 14:22:10 |
| 6388 || 13.3651891580241 || 2013-01-12 01:05:05 |
| 6389 || 44.2138545049449 || 2011-01-16 09:19:16 |
| 6390 || 83.2216548588009 || 2010-09-01 14:15:55 |
| 6391 || 2.39834644047776 || 2011-03-04 10:22:46 |
| 6392 || 4.22738775499495 || 2015-02-27 07:49:06 |
| 6393 || 10.6585699563038 || 2011-05-11 00:29:40 |
| 6394 || 9.17960916769964 || 2019-10-04 15:35:22 |
| 6395 || 67.675869239669 || 2019-04-06 02:03:34 |
| 6396 || 33.3944710338014 || 2014-05-02 14:47:29 |
| 6397 || 6.88229386675925 || 2016-02-11 16:03:24 |
| 6398 || 4.27608262118985 || 2016-06-14 16:16:53 |
| 6399 || -6.21261945527413 || 2010-11-14 14:18:48 |
| 6400 || -28.0055668648363 || 2011-01-22 23:30:40 |
| 6401 || 8.92425403541614 || 2019-12-03 18:26:42 |
| 6402 || -4.18603385699174 || 2012-03-22 15:25:59 |
| 6403 || 0.937324759134017 || 2013-09-18 21:53:15 |
| 6404 || 26.3071736095366 || 2017-09-14 02:14:32 |
| 6405 || -16.9424337705119 || 2015-03-01 16:24:24 |
| 6406 || 24.1847497547453 || 2012-07-07 04:38:43 |
| 6407 || -4.89395017101767 || 2018-01-01 00:36:43 |
| 6408 || -0.870368047172437 || 2018-11-13 14:12:35 |
| 6409 || 7.69729495894104 || 2019-04-21 04:44:58 |
| 6410 || -28.6491007506668 || 2017-01-17 00:59:34 |
| 6411 || 0.73237408913232 || 2015-11-21 23:37:45 |
| 6412 || 17.2756997525182 || 2011-01-05 21:05:22 |
| 6413 || 0.307375014523065 || 2018-10-10 19:26:35 |
| 6414 || 37.2899032720372 || 2010-03-05 10:59:48 |
| 6415 || -12.8073961517798 || 2014-08-09 01:20:33 |
| 6416 || 4.277948811355 || 2012-08-03 05:23:22 |
| 6417 || 1.50749224493251 || 2010-08-18 21:48:52 |
| 6418 || 0.129591210790858 || 2014-04-25 05:33:14 |
| 6419 || 8.08165219167671 || 2017-07-06 22:54:33 |
| 6420 || -3.1522348082879 || 2015-11-20 13:15:15 |
| 6421 || 50.7403687382824 || 2011-04-13 18:38:19 |
| 6422 || 19.6922734484474 || 2019-03-14 15:08:45 |
| 6423 || 0.00245745694781641 || 2012-09-05 08:51:02 |
| 6424 || 24.2077527431266 || 2012-10-05 12:13:51 |
| 6425 || -21.5232680902317 || 2018-05-05 10:50:39 |
| 6426 || -3.50565213352435 || 2011-12-10 13:31:22 |
| 6427 || 35.7902545205177 || 2014-04-02 06:54:42 |
| 6428 || 0.169505481713457 || 2018-03-01 08:27:36 |
| 6429 || 11.6501288905602 || 2015-06-08 07:41:56 |
| 6430 || 58.7008151714335 || 2016-09-27 10:13:11 |
| 6431 || -0.095553933210205 || 2013-10-03 02:03:58 |
| 6432 || -8.42160749232591 || 2010-03-22 07:50:42 |
| 6433 || 0.844600787659694 || 2019-04-14 04:52:52 |
| 6434 || -5.87646834260121 || 2014-05-06 03:14:29 |
| 6435 || -23.3306869910647 || 2014-10-17 14:17:04 |
| 6436 || 88.0233975184352 || 2012-01-18 02:32:09 |
| 6437 || 37.7104701677089 || 2010-02-24 12:08:07 |
| 6438 || 3.25121069725974 || 2016-11-11 13:20:52 |
| 6439 || -4.22539856047211 || 2011-07-15 13:33:41 |
| 6440 || 3.08682830685624 || 2013-02-04 16:37:51 |
| 6441 || -5.01131413726612 || 2014-06-10 22:14:03 |
| 6442 || -9.1360809115126 || 2014-05-02 11:51:48 |
| 6443 || 1.63553641679331 || 2010-12-25 21:01:48 |
| 6444 || 0.330279084422109 || 2015-03-12 20:00:51 |
| 6445 || -16.1024537902668 || 2016-06-25 22:35:13 |
| 6446 || 11.410871646048 || 2016-02-20 19:00:14 |
| 6447 || 57.5912092758809 || 2017-08-19 23:17:18 |
| 6448 || 2.80596278566475 || 2010-02-09 05:24:12 |
| 6449 || 7.24064108454552 || 2015-02-15 22:56:54 |
| 6450 || -17.1342894978307 || 2014-04-15 08:09:34 |
| 6451 || 65.7259928758918 || 2018-09-14 07:18:35 |
| 6452 || 1.2964893241365 || 2015-10-19 13:26:12 |
| 6453 || 9.21756763818319 || 2019-08-25 01:59:29 |
| 6454 || 2.83321234456838 || 2017-02-23 16:59:48 |
| 6455 || 4.88926702712542 || 2015-01-13 22:10:32 |
| 6456 || 86.4403623205993 || 2011-02-14 00:11:59 |
| 6457 || -22.1312800446116 || 2010-03-11 16:12:49 |
| 6458 || 9.90233057352196 || 2015-05-14 03:01:21 |
| 6459 || 0.822896526011124 || 2018-11-11 03:57:39 |
| 6460 || 38.6488098452743 || 2016-09-06 14:45:40 |
| 6461 || 62.033949971256 || 2011-11-16 11:47:17 |
| 6462 || -23.0401894784069 || 2018-11-07 15:55:03 |
| 6463 || 17.8340436415959 || 2015-02-14 05:57:03 |
| 6464 || 1.13071960355116 || 2018-06-05 13:47:42 |
| 6465 || 22.2994617383288 || 2017-12-18 22:07:42 |
| 6466 || -28.585333147555 || 2017-10-16 13:19:26 |
| 6467 || 33.3291946522825 || 2015-02-23 22:02:15 |
| 6468 || 22.4704094023288 || 2015-02-16 10:06:17 |
| 6469 || 0.201127296302493 || 2016-04-23 16:41:34 |
| 6470 || -11.810594767392 || 2017-04-16 03:10:54 |
| 6471 || 82.3715289936945 || 2019-11-02 19:20:19 |
| 6472 || -24.2020482822491 || 2015-10-18 22:26:34 |
| 6473 || -5.43850692838157 || 2018-04-11 10:38:09 |
| 6474 || 0.00020045552337841 || 2015-08-10 15:29:41 |
| 6475 || 3.18679732910935 || 2015-07-08 02:45:30 |
| 6476 || -14.7514199499087 || 2013-02-03 18:25:59 |
| 6477 || 34.0548251131778 || 2018-04-03 08:40:47 |
| 6478 || -3.02936681685299 || 2012-02-20 07:09:49 |
| 6479 || 0.178593040081914 || 2014-05-12 11:40:32 |
| 6480 || 22.6579607287093 || 2016-12-03 21:53:16 |
| 6481 || 72.4497295084175 || 2018-06-08 18:30:44 |
| 6482 || 1.75354212848784 || 2011-07-01 18:08:29 |
| 6483 || -12.4988172614127 || 2012-06-01 23:34:46 |
| 6484 || -0.395566781941919 || 2017-11-18 22:59:27 |
| 6485 || 11.6615289765718 || 2013-01-10 16:46:37 |
| 6486 || -15.9628886277425 || 2012-10-26 09:18:48 |
| 6487 || 64.3940140063364 || 2015-07-06 19:50:46 |
| 6488 || 2.02410457998464 || 2011-10-12 20:47:10 |
| 6489 || 2.86227324539597 || 2015-01-24 11:51:26 |
| 6490 || 8.85762812134237 || 2010-06-23 03:58:56 |
| 6491 || 62.8460326334179 || 2015-04-27 13:32:08 |
| 6492 || 86.5512390988168 || 2012-02-04 10:47:09 |
| 6493 || 44.3541872459358 || 2015-06-01 20:07:06 |
| 6494 || 4.58311021285018 || 2014-05-13 18:19:04 |
| 6495 || 10.4880107468143 || 2012-02-14 05:51:34 |
| 6496 || -19.0983598459285 || 2013-06-22 04:09:08 |
| 6497 || 53.3312323754992 || 2018-02-23 09:14:44 |
| 6498 || -11.1836526846806 || 2015-09-11 11:55:03 |
| 6499 || 7.1841626978748 || 2019-06-27 23:14:20 |
| 6500 || 2.23110290419713 || 2018-08-11 11:32:58 |
| 6501 || -19.1981421237996 || 2019-10-27 06:19:54 |
| 6502 || 89.8665351241156 || 2016-02-25 09:06:59 |
| 6503 || 59.4590600764655 || 2017-11-06 19:36:54 |
| 6504 || -3.67211478743218 || 2011-09-05 21:19:34 |
| 6505 || 2.31878881071392 || 2019-06-03 13:43:45 |
| 6506 || -7.06933977459302 || 2012-12-07 13:11:57 |
| 6507 || 9.66455185754752 || 2011-10-03 15:40:19 |
| 6508 || 33.4794243413804 || 2013-11-02 01:54:30 |
| 6509 || 12.4172000439499 || 2011-02-22 18:04:03 |
| 6510 || 2.91313164212188 || 2010-03-15 02:04:38 |
| 6511 || -8.21821551822251 || 2013-02-26 12:12:57 |
| 6512 || -4.52601361385755 || 2015-11-26 10:50:57 |
| 6513 || 50.6226495931528 || 2012-12-16 21:33:44 |
| 6514 || 10.1147276246371 || 2014-10-02 12:36:35 |
| 6515 || 0.17114583930986 || 2016-10-18 10:10:33 |
| 6516 || 33.1432738116785 || 2012-02-10 01:55:07 |
| 6517 || 79.7090556479837 || 2014-02-06 07:14:46 |
| 6518 || -24.2496008757681 || 2019-01-08 15:42:12 |
| 6519 || 9.28052865438218 || 2018-11-19 21:07:09 |
| 6520 || 0.471354441666898 || 2016-10-13 03:03:07 |
| 6521 || 23.9487417779574 || 2011-10-09 17:24:27 |
| 6522 || 15.4015490161455 || 2014-01-01 15:50:24 |
| 6523 || 78.7585907433249 || 2017-10-22 19:39:01 |
| 6524 || -9.6406143995579 || 2018-04-16 23:40:05 |
| 6525 || -0.004620741570392 || 2019-04-14 00:05:36 |
| 6526 || -0.00730680452312948 || 2019-06-24 04:27:13 |
| 6527 || 54.0128475801011 || 2018-09-24 02:36:07 |
| 6528 || 82.4684105721748 || 2017-02-11 07:11:01 |
| 6529 || -0.975286598549636 || 2010-06-21 09:24:03 |
| 6530 || 0.0703533939784601 || 2012-12-08 18:19:36 |
| 6531 || 20.9453568943928 || 2019-12-09 09:42:51 |
| 6532 || -21.8411030664397 || 2015-03-08 04:42:42 |
| 6533 || 41.7215904854148 || 2019-09-18 10:18:10 |
| 6534 || 35.2849495874321 || 2014-02-11 19:05:00 |
| 6535 || -0.348110618121573 || 2018-10-13 02:17:09 |
| 6536 || -3.37076337461023 || 2010-05-07 06:51:40 |
| 6537 || 71.6937770439017 || 2015-10-22 16:54:00 |
| 6538 || 22.2596636964886 || 2010-08-07 15:03:46 |
| 6539 || 23.4380958688435 || 2017-03-12 07:58:14 |
| 6540 || -0.792937575513084 || 2015-07-07 13:32:48 |
| 6541 || -2.09849166179529 || 2017-03-04 23:47:27 |
| 6542 || 7.24878214885417 || 2019-02-08 18:46:08 |
| 6543 || 66.9237076538527 || 2011-02-10 16:39:21 |
| 6544 || 38.699718100267 || 2018-08-04 14:43:45 |
| 6545 || 2.33748593876415 || 2011-10-20 07:21:38 |
| 6546 || 3.56006269464782 || 2012-08-10 00:27:39 |
| 6547 || -21.2789330801272 || 2011-12-15 04:43:33 |
| 6548 || 28.6777965127289 || 2019-02-01 00:34:39 |
| 6549 || 51.417314992262 || 2018-10-24 11:58:00 |
| 6550 || 6.05091134989651 || 2016-05-04 06:23:03 |
| 6551 || 8.75107838545051 || 2013-06-27 18:45:08 |
| 6552 || 16.0732183541182 || 2016-08-27 13:48:20 |
| 6553 || 5.97854486279448 || 2015-12-04 01:47:09 |
| 6554 || 47.0707069978882 || 2018-01-11 20:05:09 |
| 6555 || -1.834187967627 || 2011-05-24 18:22:08 |
| 6556 || 5.58243449503614 || 2013-01-08 01:43:42 |
| 6557 || 3.96842731792939 || 2012-03-23 10:17:45 |
| 6558 || 76.8956093996571 || 2019-07-20 18:26:52 |
| 6559 || -20.9374120293128 || 2014-01-12 16:25:07 |
| 6560 || -3.50997208965633 || 2010-12-01 17:59:12 |
| 6561 || -0.0502466590138363 || 2014-06-05 14:51:22 |
| 6562 || 45.3611309000654 || 2010-03-14 16:58:48 |
| 6563 || -12.6049440371478 || 2010-11-01 08:10:54 |
| 6564 || 6.20207033864842 || 2012-04-22 13:37:41 |
| 6565 || 15.8038338186995 || 2018-01-27 20:15:26 |
| 6566 || -0.350646173506459 || 2015-10-01 13:30:57 |
| 6567 || -13.6199575685736 || 2013-09-08 20:51:17 |
| 6568 || 47.8356104979745 || 2010-05-08 17:02:03 |
| 6569 || -23.6669412391154 || 2010-04-14 07:32:10 |
| 6570 || 18.7725048440574 || 2012-09-17 05:51:32 |
| 6571 || 0.168982086725184 || 2019-11-12 04:34:46 |
| 6572 || 11.2921794769013 || 2015-01-24 14:15:06 |
| 6573 || 22.3032779480599 || 2013-01-10 10:02:30 |
| 6574 || -6.73753352493899 || 2014-11-04 23:39:04 |
| 6575 || 26.6258176851296 || 2013-12-02 18:49:52 |
| 6576 || -0.0150264105112912 || 2010-08-21 23:40:25 |
| 6577 || -10.6059743139212 || 2018-02-24 18:10:52 |
| 6578 || -2.42130021817518 || 2010-08-21 22:10:59 |
| 6579 || 78.9162999338502 || 2011-10-23 09:45:47 |
| 6580 || -1.64481549137204 || 2015-07-17 09:53:33 |
| 6581 || 0.115281454961876 || 2019-04-21 08:47:57 |
| 6582 || 25.2211483885232 || 2011-03-24 16:53:20 |
| 6583 || 9.18525889481701 || 2019-11-06 06:12:32 |
| 6584 || 57.1939358001686 || 2019-08-15 16:50:32 |
| 6585 || 37.6197395862899 || 2013-05-20 12:44:33 |
| 6586 || 0.0314384138857753 || 2019-06-25 12:11:09 |
| 6587 || 20.829234783953 || 2016-08-16 14:24:07 |
| 6588 || 43.4379282270196 || 2015-05-16 12:47:47 |
| 6589 || 19.7783052357687 || 2019-10-01 02:08:22 |
| 6590 || -9.88515451559746 || 2016-03-02 10:22:49 |
| 6591 || 0.754930129658868 || 2016-02-27 09:48:59 |
| 6592 || 8.40346187544424 || 2010-10-23 19:02:14 |
| 6593 || 17.7318531233189 || 2014-05-17 18:06:19 |
| 6594 || 7.26708029052497 || 2012-09-01 15:09:19 |
| 6595 || 37.043476634066 || 2012-07-24 23:30:31 |
| 6596 || -1.34753956464493 || 2017-06-27 07:58:18 |
| 6597 || 5.38244256382099 || 2015-10-16 08:02:11 |
| 6598 || -19.9694049739397 || 2013-01-08 00:24:34 |
| 6599 || 89.6660476596608 || 2018-02-23 23:52:29 |
| 6600 || 0.801786967275806 || 2013-09-19 07:50:33 |
| 6601 || 1.12459209464963 || 2019-04-04 13:38:21 |
| 6602 || 3.12743994055716 || 2018-07-19 14:23:28 |
| 6603 || -19.4991555323197 || 2012-08-24 13:05:22 |
| 6604 || 58.3290228528034 || 2019-07-06 22:29:24 |
| 6605 || -14.15639948103 || 2010-09-16 06:10:47 |
| 6606 || -2.96271990668838 || 2018-08-21 12:26:58 |
| 6607 || 5.95916414758817 || 2016-03-24 06:31:52 |
| 6608 || 13.924255851187 || 2010-02-19 05:44:37 |
| 6609 || 7.39122412478802 || 2015-04-22 08:52:30 |
| 6610 || 56.967267477485 || 2016-05-18 03:26:34 |
| 6611 || -4.46872197849829 || 2014-06-27 06:28:46 |
| 6612 || 4.09344332947475 || 2019-09-16 20:43:28 |
| 6613 || 45.8380485871741 || 2012-06-21 17:01:45 |
| 6614 || 13.033448978592 || 2014-02-03 23:44:22 |
| 6615 || 60.2184863412226 || 2010-06-11 16:44:26 |
| 6616 || -1.8691416594276 || 2017-10-26 22:36:09 |
| 6617 || -0.708614755663044 || 2015-06-18 04:36:45 |
| 6618 || -10.2436150272443 || 2016-12-20 00:01:23 |
| 6619 || 12.7986885594018 || 2017-07-06 01:30:48 |
| 6620 || 56.032064328939 || 2017-03-19 22:40:01 |
| 6621 || 4.15922742625606 || 2013-12-13 21:41:44 |
| 6622 || -0.276116176600113 || 2018-07-01 14:33:09 |
| 6623 || 16.7278418418983 || 2019-01-02 12:19:01 |
| 6624 || -9.72242683261403 || 2017-01-12 11:22:27 |
| 6625 || 44.4699049553495 || 2018-01-22 02:18:30 |
| 6626 || 0.834355644110082 || 2015-12-26 16:15:46 |
| 6627 || -0.0314100692127621 || 2013-07-24 09:30:13 |
| 6628 || -10.9941162511912 || 2019-10-24 23:08:32 |
| 6629 || -24.9372536460242 || 2012-12-18 12:50:45 |
| 6630 || 3.19543223454232 || 2012-12-10 11:52:48 |
| 6631 || -4.75298028804112 || 2010-09-24 05:31:47 |
| 6632 || 0.00736675794476766 || 2015-01-18 12:38:02 |
| 6633 || 7.31927882268073 || 2016-09-16 23:25:25 |
| 6634 || 74.3281995595976 || 2019-05-12 01:18:42 |
| 6635 || 1.64215962715489 || 2016-01-25 12:32:44 |
| 6636 || -12.0145989762183 || 2018-07-01 08:26:09 |
| 6637 || 0.646541606532952 || 2013-05-05 21:10:25 |
| 6638 || 3.34865284496703 || 2018-11-20 05:17:58 |
| 6639 || 21.0943829128206 || 2011-07-15 15:23:30 |
| 6640 || -4.18763850341339 || 2012-01-05 20:32:21 |
| 6641 || -11.7378997481378 || 2018-03-17 17:47:05 |
| 6642 || 0.502636361404398 || 2014-09-26 11:25:16 |
| 6643 || 1.66349127540017 || 2013-03-10 07:02:02 |
| 6644 || 63.8495546812964 || 2015-11-06 19:41:48 |
| 6645 || 88.4040584055676 || 2015-09-10 08:13:50 |
| 6646 || -11.2607796760698 || 2014-06-23 15:59:28 |
| 6647 || 1.02443482191595 || 2018-11-03 03:01:48 |
| 6648 || -0.639333719007289 || 2012-03-17 09:26:47 |
| 6649 || 1.43788331354942 || 2011-03-13 04:16:46 |
| 6650 || -23.1383144080477 || 2014-08-07 14:47:19 |
| 6651 || 53.0827920557684 || 2019-01-15 15:43:50 |
| 6652 || 5.54835939693979 || 2017-10-01 10:08:52 |
| 6653 || 6.59252064396815 || 2011-10-26 00:31:19 |
| 6654 || 45.5604629105787 || 2016-01-05 22:34:15 |
| 6655 || 74.4511703842897 || 2012-09-09 02:12:29 |
| 6656 || -19.3958461519218 || 2015-06-05 17:02:46 |
| 6657 || -1.92350284220655 || 2010-12-21 17:33:14 |
| 6658 || 1.66958787793891 || 2015-08-22 19:31:47 |
| 6659 || 19.5889375162736 || 2012-05-09 10:59:51 |
| 6660 || 80.2606797375898 || 2017-05-14 18:30:15 |
| 6661 || 63.4546997913366 || 2011-08-16 09:59:40 |
| 6662 || 8.57863050577823 || 2011-09-17 06:16:42 |
| 6663 || 3.09239457023463 || 2017-04-12 00:08:17 |
| 6664 || -4.7112805209627 || 2010-05-21 13:50:16 |
| 6665 || 71.5905254267342 || 2016-09-26 05:58:30 |
| 6666 || 66.2092095787407 || 2015-05-07 05:06:48 |
| 6667 || 9.55342000363158 || 2018-01-14 13:56:16 |
| 6668 || 1.10562484408439 || 2019-04-07 10:08:37 |
| 6669 || 25.8693747295326 || 2015-09-16 11:55:22 |
| 6670 || 11.1837097697925 || 2012-02-13 00:43:26 |
| 6671 || -24.4142591517507 || 2013-06-09 04:30:49 |
| 6672 || -5.43739473225187 || 2013-02-13 06:45:09 |
| 6673 || -0.269074578075564 || 2014-07-27 18:13:27 |
| 6674 || -5.74439362953804 || 2015-07-24 09:40:19 |
| 6675 || 0.150271006319462 || 2012-06-27 13:21:49 |
| 6676 || 71.9697481138526 || 2017-03-08 06:34:06 |
| 6677 || -6.5038278325721 || 2018-07-07 03:04:03 |
| 6678 || -0.0608350198900417 || 2019-07-19 17:31:04 |
| 6679 || -8.20862480312644 || 2010-09-07 08:29:53 |
| 6680 || 79.1672500186021 || 2017-12-23 01:39:55 |
| 6681 || 63.641132529748 || 2014-04-02 07:29:02 |
| 6682 || 15.2011008136621 || 2018-02-01 15:08:02 |
| 6683 || 0.0122282570072129 || 2018-12-13 10:23:29 |
| 6684 || -8.80028912744946 || 2019-10-11 02:22:47 |
| 6685 || 77.2307104725721 || 2016-02-19 18:48:15 |
| 6686 || -25.5235970240947 || 2019-05-12 00:06:34 |
| 6687 || 20.3343912848797 || 2017-06-25 07:08:00 |
| 6688 || -0.0768919287443254 || 2012-01-16 18:25:02 |
| 6689 || -7.43461944141282 || 2018-07-22 22:06:19 |
| 6690 || -12.046613244213 || 2014-02-10 16:55:09 |
| 6691 || 33.6404523043992 || 2017-08-14 14:52:04 |
| 6692 || 40.7201927029512 || 2014-09-18 09:18:24 |
| 6693 || -0.465909925423672 || 2010-09-22 04:09:08 |
| 6694 || -2.87929704191179 || 2017-07-03 06:41:18 |
| 6695 || 70.1996234933181 || 2013-08-23 11:54:05 |
| 6696 || 87.9604779032809 || 2014-02-27 02:23:54 |
| 6697 || -14.5706109876035 || 2012-10-26 16:01:27 |
| 6698 || -0.342768214515602 || 2017-01-26 20:21:20 |
| 6699 || 11.4930533360218 || 2018-03-12 11:09:12 |
| 6700 || 66.7132390894796 || 2012-09-09 18:10:11 |
| 6701 || -29.7667375318071 || 2012-04-27 06:27:02 |
| 6702 || 13.4379491043247 || 2012-03-20 06:49:19 |
| 6703 || 2.9377187590814 || 2012-01-14 03:46:01 |
| 6704 || -3.74404888198977 || 2014-11-06 01:24:44 |
| 6705 || 9.81707914290014 || 2010-09-15 08:00:21 |
| 6706 || -26.2951513263182 || 2017-01-06 01:19:51 |
| 6707 || 57.6378801673678 || 2018-09-05 12:47:13 |
| 6708 || -2.88238886027078 || 2010-10-22 05:00:11 |
| 6709 || 6.1409058287734 || 2011-03-07 20:36:22 |
| 6710 || -12.2249726050502 || 2017-12-21 08:56:12 |
| 6711 || 80.4095362325135 || 2018-07-08 07:41:58 |
| 6712 || -15.5142580471401 || 2015-03-17 05:56:45 |
| 6713 || 11.660459109834 || 2010-03-03 02:12:57 |
| 6714 || -1.32599269521984 || 2012-10-25 02:23:21 |
| 6715 || 39.8995414407207 || 2017-08-06 23:18:40 |
| 6716 || 59.1880692813693 || 2010-03-27 22:36:23 |
| 6717 || 52.5793632326704 || 2018-11-19 19:58:09 |
| 6718 || 4.87195471041383 || 2014-03-07 13:57:57 |
| 6719 || 2.82811980234251 || 2018-06-21 14:47:24 |
| 6720 || 42.6502021649056 || 2018-11-27 22:56:40 |
| 6721 || 42.7350382848194 || 2015-12-01 22:26:57 |
| 6722 || 54.2573570651006 || 2015-01-16 19:30:34 |
| 6723 || 0.885292882878086 || 2017-03-09 15:33:23 |
| 6724 || -0.0585611828306892 || 2014-03-09 18:47:11 |
| 6725 || -12.6921420252824 || 2013-11-22 00:14:41 |
| 6726 || 29.010169244019 || 2018-11-05 02:59:33 |
| 6727 || 74.6635766185695 || 2013-07-24 07:38:14 |
| 6728 || 14.0784251996928 || 2017-05-02 06:42:36 |
| 6729 || 0.299556067598523 || 2016-08-23 18:32:38 |
| 6730 || -7.51584711205038 || 2015-10-18 03:21:11 |
| 6731 || -24.0143867711271 || 2018-05-19 11:03:16 |
| 6732 || 76.2901754130921 || 2016-11-14 17:00:29 |
| 6733 || 29.8782012654766 || 2018-09-10 04:23:33 |
| 6734 || 0.000147398592464811 || 2016-02-21 07:40:26 |
| 6735 || -5.79067793369109 || 2010-12-16 22:41:19 |
| 6736 || -26.0000511371393 || 2019-08-14 13:27:48 |
| 6737 || 42.5134321174803 || 2019-05-15 19:55:55 |
| 6738 || -3.9390058481588 || 2018-04-10 20:58:18 |
| 6739 || 0.246120313587527 || 2016-04-15 16:36:29 |
| 6740 || 15.2209325710478 || 2019-10-26 20:03:40 |
| 6741 || 62.3406096141843 || 2010-02-23 21:15:24 |
| 6742 || 8.32131976705035 || 2016-05-21 08:40:35 |
| 6743 || -6.31039165712677 || 2014-03-03 05:26:40 |
| 6744 || 1.19415458250247 || 2018-04-16 11:44:38 |
| 6745 || -1.37083242035347 || 2011-07-25 21:38:26 |
| 6746 || -23.261896183402 || 2013-01-10 04:08:33 |
| 6747 || 74.4287108103955 || 2014-08-18 13:40:36 |
| 6748 || 5.98243110313971 || 2010-02-13 19:39:13 |
| 6749 || 0.192259277596711 || 2012-06-02 17:08:42 |
| 6750 || 15.5029375125174 || 2011-07-16 20:41:27 |
| 6751 || 62.2335276783427 || 2017-12-16 07:04:33 |
| 6752 || 85.7617010011849 || 2012-04-23 13:33:47 |
| 6753 || -9.28755559752707 || 2019-09-15 08:39:55 |
| 6754 || 1.26820290403043 || 2014-09-18 06:32:50 |
| 6755 || 6.55460232074037 || 2010-08-11 04:16:24 |
| 6756 || 28.5558194009399 || 2019-12-16 11:24:08 |
| 6757 || 45.0963829650263 || 2012-04-09 07:52:10 |
| 6758 || 43.6171702360396 || 2017-12-12 21:27:26 |
| 6759 || -2.12954593260704 || 2011-06-17 13:17:58 |
| 6760 || 6.50255847813433 || 2010-02-26 08:16:23 |
| 6761 || 38.653499100266 || 2015-01-19 09:16:17 |
| 6762 || -24.4139072103985 || 2011-04-19 22:30:33 |
| 6763 || 62.1271971518711 || 2015-02-12 22:19:37 |
| 6764 || 7.16791871525224 || 2017-05-12 22:35:54 |
| 6765 || -0.734292068575355 || 2010-04-10 12:07:03 |
| 6766 || 52.1251599793714 || 2019-01-12 04:18:25 |
| 6767 || 54.1341090864028 || 2016-05-01 03:05:16 |
| 6768 || -10.8529696309295 || 2011-03-16 10:00:07 |
| 6769 || 15.2976698645008 || 2011-01-09 17:49:06 |
| 6770 || 0.984193129173982 || 2017-08-23 19:59:33 |
| 6771 || 29.1264083987331 || 2018-01-13 17:01:42 |
| 6772 || 56.3981857108564 || 2010-04-25 00:41:54 |
| 6773 || 56.3815213771562 || 2013-02-04 18:11:45 |
| 6774 || 11.1229569740454 || 2011-02-22 08:58:18 |
| 6775 || 0.792985170098618 || 2016-07-22 21:28:38 |
| 6776 || 36.3706822402048 || 2010-06-10 23:51:57 |
| 6777 || -18.8878206118583 || 2013-01-24 08:27:01 |
| 6778 || 26.8391997002348 || 2016-04-07 04:50:26 |
| 6779 || 7.07638295597104 || 2018-09-25 04:51:16 |
| 6780 || 0.0439465924595533 || 2012-12-07 21:27:49 |
| 6781 || 12.7354108105997 || 2012-08-03 15:44:26 |
| 6782 || 77.8696595056355 || 2015-01-05 09:14:14 |
| 6783 || -22.7516758253341 || 2018-11-16 03:07:02 |
| 6784 || 14.7728345867715 || 2015-04-02 14:39:34 |
| 6785 || 0.00728322958102554 || 2019-09-16 10:36:36 |
| 6786 || -7.46466752990399 || 2014-02-01 01:31:53 |
| 6787 || 38.4319984082644 || 2016-04-13 04:14:46 |
| 6788 || 72.5681683054535 || 2017-02-07 20:16:49 |
| 6789 || -0.381120493473803 || 2012-11-17 17:18:39 |
| 6790 || -0.0643840143874766 || 2011-11-01 04:08:31 |
| 6791 || 24.9696803265968 || 2011-09-27 00:34:45 |
| 6792 || -23.5326403902359 || 2013-12-12 15:22:20 |
| 6793 || 85.289251882343 || 2014-06-26 05:41:29 |
| 6794 || 36.891034404231 || 2019-08-09 23:06:08 |
| 6795 || -0.368406112796585 || 2018-06-25 08:50:47 |
| 6796 || 20.8728632605875 || 2013-08-05 17:57:05 |
| 6797 || 69.1731265727615 || 2017-11-22 23:05:27 |
| 6798 || 86.9595226376913 || 2010-06-15 08:09:52 |
| 6799 || 42.166021153372 || 2011-01-06 10:24:16 |
| 6800 || -0.614945194048763 || 2010-07-27 20:47:05 |
| 6801 || 13.6961769169233 || 2017-04-03 21:27:14 |
| 6802 || -9.56212005012397 || 2010-12-08 15:54:23 |
| 6803 || 50.6773730381215 || 2012-06-16 13:32:34 |
| 6804 || -15.8888279069756 || 2012-08-21 15:30:51 |
| 6805 || -1.58562415264797 || 2018-05-24 03:07:02 |
| 6806 || 9.48325585782583 || 2019-07-06 01:42:07 |
| 6807 || -13.91365761734 || 2019-09-14 15:11:58 |
| 6808 || 0.737006530778836 || 2018-09-21 19:20:23 |
| 6809 || -18.3314580153505 || 2012-01-19 14:49:25 |
| 6810 || -2.14262169536131 || 2012-09-02 06:30:15 |
| 6811 || 0.28422166974278 || 2013-09-08 22:28:29 |
| 6812 || -10.4364249695384 || 2018-02-27 06:30:07 |
| 6813 || -17.5206063682793 || 2014-08-06 18:05:18 |
| 6814 || -10.8406098629554 || 2010-12-19 19:14:18 |
| 6815 || -3.32700821639497 || 2014-12-02 08:36:41 |
| 6816 || 2.0130731726454 || 2014-09-16 03:26:24 |
| 6817 || 51.2801895077051 || 2017-09-23 23:58:33 |
| 6818 || -26.1778932807047 || 2016-06-21 09:00:24 |
| 6819 || -21.9173611783445 || 2018-08-22 12:36:39 |
| 6820 || 1.99774454912435 || 2019-04-24 18:28:31 |
| 6821 || -0.440965698954831 || 2014-04-10 07:56:45 |
| 6822 || 42.784818570261 || 2014-01-22 22:22:47 |
| 6823 || -21.4654947830893 || 2019-09-16 01:39:07 |
| 6824 || -6.31482432946317 || 2014-03-21 12:55:04 |
| 6825 || 0.0951716476723239 || 2017-02-16 14:20:18 |
| 6826 || 1.70424242912301 || 2010-05-01 07:04:52 |
| 6827 || 40.6250188564345 || 2010-08-19 06:07:57 |
| 6828 || 82.369672001444 || 2012-05-03 01:23:01 |
| 6829 || 22.6265470527164 || 2011-09-07 14:32:38 |
| 6830 || 9.33870661459972 || 2014-03-26 18:16:20 |
| 6831 || 9.99210835035791e-05 || 2012-09-27 07:05:43 |
| 6832 || 27.1351422692737 || 2010-01-23 05:14:09 |
| 6833 || -24.0316756187802 || 2018-04-22 23:41:18 |
| 6834 || 76.0455301981517 || 2013-11-19 05:58:04 |
| 6835 || 3.10764476243717 || 2017-01-22 20:59:22 |
| 6836 || -0.00101750997120384 || 2012-09-02 20:58:01 |
| 6837 || 19.2776987147966 || 2011-10-26 13:17:16 |
| 6838 || -4.67813139407775 || 2010-03-13 10:06:08 |
| 6839 || -20.68627747752 || 2011-10-26 23:58:12 |
| 6840 || 18.408341928109 || 2017-07-14 02:08:19 |
| 6841 || 0.00236743090136713 || 2019-09-04 00:07:24 |
| 6842 || -3.61499231940399 || 2018-04-17 16:02:40 |
| 6843 || -2.31078326782314 || 2018-06-20 05:16:16 |
| 6844 || -10.0365453291975 || 2017-05-01 03:52:07 |
| 6845 || -7.5502464692764 || 2015-05-06 19:30:46 |
| 6846 || 0.0204417244450235 || 2010-09-08 22:16:50 |
| 6847 || 21.596621578201 || 2011-09-05 00:39:44 |
| 6848 || 72.0567157778895 || 2010-05-05 11:29:20 |
| 6849 || 26.7430994410575 || 2016-06-02 19:56:25 |
| 6850 || 42.8427207061072 || 2011-12-05 01:48:09 |
| 6851 || 1.95097480706123 || 2014-04-04 09:00:00 |
| 6852 || 1.00108823459114 || 2017-08-27 15:35:36 |
| 6853 || 52.2695476237805 || 2014-09-15 08:46:03 |
| 6854 || -12.4980741973206 || 2012-10-04 01:06:54 |
| 6855 || 12.1643811231954 || 2019-05-22 20:24:30 |
| 6856 || 4.17179197395843 || 2011-03-05 09:59:56 |
| 6857 || 4.38064730208218 || 2010-05-14 01:51:56 |
| 6858 || 21.0113532568133 || 2015-12-18 11:47:47 |
| 6859 || 86.4370106997063 || 2015-11-15 15:03:48 |
| 6860 || 52.2796937113307 || 2017-07-15 14:24:22 |
| 6861 || 6.7834539919079 || 2014-01-21 13:57:00 |
| 6862 || 9.42492401458452 || 2014-03-17 00:49:46 |
| 6863 || 35.3042131222973 || 2011-04-05 14:15:23 |
| 6864 || 72.9150451955171 || 2015-08-22 07:53:45 |
| 6865 || 19.9749451047223 || 2010-01-20 13:04:14 |
| 6866 || -3.12071268959845 || 2010-11-27 01:30:59 |
| 6867 || 5.93134768399439 || 2013-10-09 16:52:01 |
| 6868 || 8.02048351144545 || 2018-12-13 02:33:24 |
| 6869 || 79.8665121924456 || 2010-10-07 16:23:24 |
| 6870 || 13.1489932455082 || 2011-04-10 04:50:19 |
| 6871 || -3.89835369370013 || 2018-07-11 18:51:29 |
| 6872 || -0.304581212363074 || 2011-08-08 15:33:00 |
| 6873 || 24.9121016401491 || 2019-12-04 01:15:24 |
| 6874 || 55.3546628857392 || 2011-12-07 19:13:06 |
| 6875 || 69.1176929689669 || 2015-12-01 14:25:44 |
| 6876 || 7.10537390518445 || 2012-02-18 17:52:48 |
| 6877 || -0.204592811216396 || 2011-12-27 01:33:28 |
| 6878 || 1.54368790591591 || 2011-01-14 15:59:30 |
| 6879 || 2.96053662058495 || 2011-05-04 11:59:23 |
| 6880 || 1.85666355817596 || 2010-10-06 22:59:07 |
| 6881 || -4.02344538103111 || 2015-07-01 17:11:40 |
| 6882 || -0.194749662907276 || 2019-11-20 18:19:51 |
| 6883 || -7.48119612576473 || 2014-02-21 03:13:43 |
| 6884 || 80.1551544027024 || 2019-01-14 20:18:19 |
| 6885 || 40.2087030052267 || 2016-09-13 18:48:35 |
| 6886 || 17.9516171587801 || 2016-01-25 09:35:10 |
| 6887 || 0.00862740012280367 || 2018-10-18 03:18:52 |
| 6888 || 27.5338413984587 || 2015-01-26 20:51:06 |
| 6889 || -13.6627024812841 || 2010-08-26 02:29:05 |
| 6890 || 18.364198509819 || 2015-03-22 12:27:34 |
| 6891 || 6.50388987269082 || 2012-07-03 23:43:01 |
| 6892 || 0.028052154232057 || 2011-07-24 18:32:35 |
| 6893 || 20.1875438155782 || 2015-09-06 06:32:23 |
| 6894 || -25.9265575564056 || 2019-10-15 17:11:49 |
| 6895 || 81.2053198788788 || 2010-10-24 15:17:58 |
| 6896 || -12.0398755810105 || 2010-11-22 17:38:31 |
| 6897 || -0.127524650103758 || 2017-04-14 14:05:08 |
| 6898 || 19.8208930601104 || 2016-07-23 01:58:18 |
| 6899 || 65.1907673239211 || 2015-01-18 03:36:31 |
| 6900 || -21.5106627409468 || 2015-09-24 23:39:32 |
| 6901 || 19.2510956393121 || 2013-06-06 00:25:03 |
| 6902 || 1.52802820809745 || 2017-08-20 19:22:01 |
| 6903 || 1.98148736313943 || 2013-08-14 19:17:46 |
| 6904 || -22.7041772032912 || 2012-02-20 13:57:25 |
| 6905 || 40.6611824426819 || 2018-08-21 10:03:17 |
| 6906 || 6.85316195473772 || 2019-10-04 21:27:17 |
| 6907 || 2.86942810077659 || 2010-12-22 22:46:07 |
| 6908 || 3.05387030321543 || 2018-04-05 00:48:17 |
| 6909 || -21.8508845709596 || 2011-08-24 00:09:34 |
| 6910 || 66.375023197279 || 2015-05-03 16:41:42 |
| 6911 || -17.45367662463 || 2010-08-18 07:31:28 |
| 6912 || -0.893414957208854 || 2014-11-06 19:20:29 |
| 6913 || -0.705471274227723 || 2016-03-09 20:39:53 |
| 6914 || -17.1039130687167 || 2010-08-24 13:48:17 |
| 6915 || 25.0133626231422 || 2013-02-08 11:40:50 |
| 6916 || 8.05438584133866 || 2017-01-13 18:29:14 |
| 6917 || 9.45568090351572 || 2018-11-04 20:52:26 |
| 6918 || 6.87498237382675 || 2019-02-01 06:26:53 |
| 6919 || -15.4132831504667 || 2016-07-27 15:16:58 |
| 6920 || 16.4935313253252 || 2016-07-17 21:55:25 |
| 6921 || 36.3274747785794 || 2016-09-01 16:06:23 |
| 6922 || 11.5886078852372 || 2019-07-11 17:41:18 |
| 6923 || 4.4565128623689 || 2017-11-25 14:42:28 |
| 6924 || 33.3593743960201 || 2012-11-08 20:55:29 |
| 6925 || -19.9369594100148 || 2018-03-11 12:20:19 |
| 6926 || 36.326176045169 || 2018-01-06 05:23:54 |
| 6927 || 17.0294526532398 || 2017-02-03 06:56:22 |
| 6928 || -0.695945059906947 || 2013-12-19 03:05:15 |
| 6929 || 31.9607974561337 || 2012-03-12 22:37:16 |
| 6930 || 47.2077282348254 || 2011-09-07 05:08:43 |
| 6931 || 30.8166652478019 || 2019-12-09 23:00:00 |
| 6932 || -2.71640638812402 || 2016-08-27 10:50:52 |
| 6933 || 0.530023193918226 || 2015-03-12 11:18:21 |
| 6934 || -0.973118928065274 || 2018-05-02 09:52:16 |
| 6935 || 85.1135641188916 || 2019-12-23 11:53:53 |
| 6936 || 65.0870344551124 || 2012-12-19 14:53:27 |
| 6937 || 26.1996523867899 || 2010-11-06 10:37:10 |
| 6938 || 0.0848821957549939 || 2019-07-12 19:50:42 |
| 6939 || 17.2710616628223 || 2015-02-26 00:18:58 |
| 6940 || 81.1217017737745 || 2018-10-10 23:23:10 |
| 6941 || 66.2726023178816 || 2016-01-15 03:11:02 |
| 6942 || 13.3636270330864 || 2017-03-04 09:05:12 |
| 6943 || 0.0243851301049721 || 2010-06-22 01:46:57 |
| 6944 || 27.3571045586567 || 2011-01-25 15:28:01 |
| 6945 || 10.1321195033883 || 2013-11-10 22:28:39 |
| 6946 || 69.1792115005144 || 2012-12-01 21:25:48 |
| 6947 || -11.4107521212719 || 2010-11-21 11:22:34 |
| 6948 || 0.386970243014545 || 2013-06-08 10:09:10 |
| 6949 || 22.0228399501817 || 2015-04-26 23:33:45 |
| 6950 || -19.3241602116705 || 2010-03-24 22:24:20 |
| 6951 || 73.5957869082758 || 2016-07-12 04:21:24 |
| 6952 || -11.5095843486034 || 2015-07-27 13:52:21 |
| 6953 || 1.67153932710629 || 2018-01-06 21:25:01 |
| 6954 || -5.61694033928523 || 2019-04-03 17:30:43 |
| 6955 || 15.0036041871754 || 2015-04-10 05:58:51 |
| 6956 || -26.6207547482192 || 2014-07-11 15:09:53 |
| 6957 || 32.3481387441059 || 2010-11-05 03:05:20 |
| 6958 || -1.09097858254331 || 2015-08-26 04:38:18 |
| 6959 || -4.17057453110484 || 2017-06-21 11:43:38 |
| 6960 || -6.79074099614553 || 2013-03-20 02:04:52 |
| 6961 || 50.1223931018066 || 2014-03-18 07:06:27 |
| 6962 || 28.1981581014054 || 2016-01-27 16:48:35 |
| 6963 || 1.90689269858985 || 2017-04-10 19:33:33 |
| 6964 || -3.6127686542294 || 2013-10-12 21:37:31 |
| 6965 || -17.4906270500249 || 2013-04-11 22:38:03 |
| 6966 || -29.4790049328685 || 2011-12-27 00:04:05 |
| 6967 || 52.0225206167076 || 2015-02-25 23:27:55 |
| 6968 || 0.530912422677512 || 2018-08-13 19:17:15 |
| 6969 || -2.06488693746008 || 2015-06-08 12:19:02 |
| 6970 || 14.4210583943524 || 2019-05-08 03:25:26 |
| 6971 || -25.6281773291223 || 2017-04-05 21:24:58 |
| 6972 || 53.3874595800068 || 2017-02-19 00:57:33 |
| 6973 || -3.81837140895086 || 2018-01-23 11:11:39 |
| 6974 || 2.07380248487067 || 2013-11-01 00:17:22 |
| 6975 || 37.1373527723041 || 2010-09-11 04:30:56 |
| 6976 || 11.689162867991 || 2017-09-16 01:47:41 |
| 6977 || 47.3241190342512 || 2019-11-06 02:07:25 |
| 6978 || 4.838070851785 || 2016-07-01 06:55:40 |
| 6979 || 1.67470517325519 || 2014-06-22 11:27:11 |
| 6980 || -8.54027505251698 || 2013-12-16 01:33:30 |
| 6981 || -20.6771096180436 || 2014-11-07 06:25:33 |
| 6982 || 50.3358601659417 || 2014-07-15 01:23:13 |
| 6983 || 18.7004797815319 || 2019-05-06 02:02:00 |
| 6984 || -0.00122302999178575 || 2016-11-21 00:25:34 |
| 6985 || -0.170628427704998 || 2012-10-25 23:03:31 |
| 6986 || -4.85327021884031 || 2011-12-26 17:07:57 |
| 6987 || -12.0218163267373 || 2013-04-21 20:04:28 |
| 6988 || -2.94280314719667 || 2017-08-25 22:42:41 |
| 6989 || -0.0696823418311966 || 2012-12-05 08:15:20 |
| 6990 || -11.5156585734931 || 2019-05-10 00:13:03 |
| 6991 || 36.2868942254635 || 2013-06-09 03:29:43 |
| 6992 || -26.5930914316271 || 2015-04-12 02:44:12 |
| 6993 || 0.323392735462249 || 2018-10-08 15:53:20 |
| 6994 || 0.00073854032947379 || 2017-08-20 22:19:01 |
| 6995 || 27.3092089469594 || 2018-11-17 16:39:42 |
| 6996 || -7.49362987162213 || 2011-10-03 08:30:36 |
| 6997 || 82.2364909243529 || 2012-07-14 10:40:13 |
| 6998 || -11.8246180625504 || 2015-05-17 11:41:01 |
| 6999 || 0.0234042828960535 || 2019-01-08 17:38:09 |
| 7000 || 2.25094143194935 || 2019-03-07 03:35:52 |
| 7001 || 76.0721916682253 || 2016-04-20 19:58:30 |
| 7002 || -18.6841823379041 || 2019-07-19 14:58:20 |
| 7003 || 40.9324933861759 || 2014-09-23 06:52:22 |
| 7004 || -0.473617719593451 || 2012-11-05 06:50:47 |
| 7005 || 18.9763660764306 || 2013-04-06 04:05:26 |
| 7006 || -6.57626172933489 || 2017-12-01 05:19:32 |
| 7007 || -8.17616406343734 || 2012-07-27 15:13:00 |
| 7008 || 12.7581457546163 || 2013-04-11 06:10:06 |
| 7009 || 0.689441575128281 || 2018-03-04 16:54:29 |
| 7010 || -5.16019242083228 || 2010-11-05 19:54:54 |
| 7011 || 10.5197554045855 || 2016-12-20 17:33:53 |
| 7012 || -28.9924084424405 || 2018-12-15 21:52:22 |
| 7013 || -14.6756290458839 || 2019-06-09 12:54:00 |
| 7014 || -0.647115862284632 || 2010-10-06 11:39:17 |
| 7015 || 0.75312960099851 || 2017-09-06 14:16:47 |
| 7016 || 16.9888967532532 || 2016-02-11 14:01:18 |
| 7017 || 36.1108682128677 || 2011-10-15 07:10:32 |
| 7018 || 12.6637568993518 || 2019-02-13 05:52:05 |
| 7019 || -0.102860338660384 || 2011-08-19 00:25:38 |
| 7020 || -2.22885267140578 || 2010-11-01 05:11:08 |
| 7021 || 39.9868935424047 || 2011-05-08 19:41:31 |
| 7022 || 89.6845474057607 || 2013-01-09 03:49:42 |
| 7023 || -18.4911702884091 || 2014-02-24 13:02:11 |
| 7024 || 3.17592930777147 || 2014-05-16 06:34:01 |
| 7025 || 1.29144311346342 || 2013-06-22 00:24:00 |
| 7026 || -1.62860798594773 || 2013-07-07 04:31:44 |
| 7027 || -29.7233419075483 || 2015-05-02 09:53:02 |
| 7028 || 58.8840557552042 || 2011-10-10 21:38:38 |
| 7029 || 3.06380277385319 || 2018-03-19 12:56:55 |
| 7030 || -0.80092671272544 || 2019-07-18 08:53:01 |
| 7031 || 46.5640837607272 || 2017-05-03 07:57:08 |
| 7032 || -21.101619618112 || 2017-02-02 03:55:24 |
| 7033 || -23.9475770463567 || 2010-08-06 21:46:56 |
| 7034 || 4.18195734785068 || 2016-03-04 07:17:39 |
| 7035 || 0.105038015059522 || 2014-06-05 02:56:23 |
| 7036 || -3.72872367553157 || 2016-08-14 22:38:58 |
| 7037 || 86.0507542611334 || 2012-03-15 17:29:05 |
| 7038 || 71.7259033737026 || 2011-05-22 08:58:47 |
| 7039 || 8.24213482141387 || 2011-02-25 05:03:18 |
| 7040 || 0.373106317802067 || 2015-09-27 20:09:54 |
| 7041 || -10.4445404216834 || 2019-01-10 04:48:20 |
| 7042 || 81.1378723069934 || 2011-08-03 10:53:21 |
| 7043 || 78.9831204510965 || 2010-01-05 23:38:57 |
| 7044 || 28.2127766938915 || 2019-08-27 18:41:27 |
| 7045 || 0.00231289629082014 || 2011-12-14 20:48:25 |
| 7046 || 17.0849454258162 || 2018-01-22 09:33:29 |
| 7047 || -18.1962783862457 || 2017-05-01 05:18:30 |
| 7048 || 54.5342614594841 || 2017-10-21 23:03:23 |
| 7049 || 0.434099184888108 || 2015-02-17 08:48:46 |
| 7050 || 0.076247792947703 || 2012-12-21 00:52:16 |
| 7051 || 16.0752427896906 || 2012-12-24 21:12:42 |
| 7052 || -20.4096731020551 || 2015-05-01 21:24:40 |
| 7053 || 36.1387705400695 || 2018-01-11 15:12:00 |
| 7054 || 37.3368059167229 || 2010-07-27 02:40:00 |
| 7055 || 1.07569611906723 || 2012-03-13 23:02:20 |
| 7056 || 20.5581302626926 || 2015-05-25 10:19:20 |
| 7057 || 68.5480134596066 || 2016-01-11 02:51:28 |
| 7058 || 73.7308758733408 || 2011-02-26 20:43:56 |
| 7059 || -10.098396725175 || 2016-06-17 15:31:24 |
| 7060 || 0.278105147714864 || 2016-03-11 09:39:40 |
| 7061 || -5.13916887610912 || 2014-01-19 01:58:26 |
| 7062 || 25.243836991758 || 2018-11-13 22:48:03 |
| 7063 || -5.37301904468307 || 2012-06-21 15:29:26 |
| 7064 || -7.71576975189139 || 2015-08-23 23:48:26 |
| 7065 || -1.21391252527507 || 2018-07-04 11:47:37 |
| 7066 || 2.64438425878458 || 2018-07-22 11:00:39 |
| 7067 || 25.5848151796088 || 2016-02-02 06:28:04 |
| 7068 || 85.845055998647 || 2017-12-06 08:53:19 |
| 7069 || 25.3786885259116 || 2012-05-04 02:23:17 |
| 7070 || 1.0478129938451 || 2014-08-05 01:30:22 |
| 7071 || -1.47087549950952 || 2012-02-22 23:44:44 |
| 7072 || -15.341578210218 || 2015-12-09 21:26:07 |
| 7073 || 86.9430288666227 || 2013-02-19 04:52:44 |
| 7074 || 54.8692271018285 || 2016-09-12 18:29:24 |
| 7075 || 10.9251823704228 || 2016-03-06 07:20:01 |
| 7076 || -1.7536548382518 || 2018-03-19 15:05:57 |
| 7077 || -2.46731869274804 || 2014-10-09 23:18:19 |
| 7078 || 88.3894211706495 || 2016-05-23 02:20:41 |
| 7079 || 30.7874350191478 || 2012-02-25 23:25:57 |
| 7080 || 11.4623932069292 || 2016-11-19 06:28:37 |
| 7081 || 3.11656256368734 || 2014-08-12 01:10:25 |
| 7082 || 7.81805275482722 || 2014-09-23 10:07:11 |
| 7083 || 84.0424954368853 || 2019-10-27 12:20:09 |
| 7084 || -4.63791270606562 || 2017-06-14 03:48:12 |
| 7085 || 5.0690296851044 || 2011-07-27 18:49:03 |
| 7086 || 0.718818638189304 || 2017-02-03 18:23:07 |
| 7087 || 37.331060458551 || 2013-06-18 21:27:59 |
| 7088 || 25.9160105832899 || 2011-03-11 20:02:58 |
| 7089 || 12.3765987480921 || 2016-09-25 10:06:11 |
| 7090 || 2.25709628671583 || 2018-06-02 05:33:33 |
| 7091 || -0.182558046947586 || 2013-09-22 22:18:49 |
| 7092 || -7.33492351212965 || 2018-04-17 01:29:21 |
| 7093 || -26.7446619373793 || 2013-08-13 11:42:19 |
| 7094 || 75.2686552822304 || 2013-07-11 01:26:01 |
| 7095 || -2.45552137391894 || 2010-04-08 15:31:13 |
| 7096 || 0.00181524599274703 || 2019-11-18 13:29:00 |
| 7097 || 31.4345247875465 || 2019-12-20 09:32:18 |
| 7098 || 39.6462486796298 || 2011-02-24 06:46:05 |
| 7099 || -25.9123263556934 || 2012-07-20 19:50:03 |
| 7100 || -8.22347607826356 || 2014-07-19 21:33:24 |
| 7101 || -0.0433081396288978 || 2010-07-10 04:07:54 |
| 7102 || 21.768191454537 || 2018-08-05 09:10:04 |
| 7103 || 13.8350636237425 || 2010-01-15 17:32:08 |
| 7104 || 84.6255930284521 || 2015-01-10 18:29:54 |
| 7105 || 11.9684152149123 || 2014-01-16 14:58:39 |
| 7106 || -0.193928837541357 || 2010-04-21 03:06:00 |
| 7107 || -4.05083949996557 || 2013-04-19 07:20:46 |
| 7108 || -6.71535935819169 || 2010-03-16 04:04:10 |
| 7109 || 19.9046817141126 || 2016-11-20 13:22:50 |
| 7110 || 38.2838415519142 || 2012-04-24 09:56:45 |
| 7111 || -0.575410893629557 || 2013-09-10 18:25:45 |
| 7112 || 15.2306845670553 || 2012-02-15 16:00:53 |
| 7113 || 64.8390276839442 || 2010-07-20 02:52:45 |
| 7114 || 88.7019149172535 || 2011-05-10 09:28:26 |
| 7115 || 12.8952125142272 || 2018-08-26 21:49:46 |
| 7116 || 1.73992809367753 || 2019-10-17 18:39:32 |
| 7117 || 6.33006988277072 || 2015-11-01 16:50:09 |
| 7118 || 14.4017424106948 || 2012-05-09 18:04:55 |
| 7119 || 0.386732639950903 || 2014-11-04 16:57:18 |
| 7120 || 25.4991817923412 || 2015-06-26 03:57:40 |
| 7121 || 6.1321027407787 || 2011-06-18 17:17:54 |
| 7122 || 6.83234522583982 || 2012-06-11 22:42:06 |
| 7123 || -1.49157053797186 || 2019-04-11 18:10:09 |
| 7124 || -27.2594377643569 || 2010-11-21 22:56:36 |
| 7125 || 55.1400518450855 || 2019-12-04 00:24:29 |
| 7126 || -3.43044531092682 || 2018-12-18 19:42:00 |
| 7127 || 1.45367543387589 || 2016-03-12 05:49:43 |
| 7128 || 28.8662371279615 || 2016-01-03 11:53:32 |
| 7129 || 48.0986113120724 || 2018-07-12 15:55:41 |
| 7130 || 26.5370440152432 || 2011-10-03 05:43:30 |
| 7131 || -3.61948802663518 || 2015-11-25 14:44:18 |
| 7132 || 0.161619724601806 || 2015-06-15 06:25:24 |
| 7133 || 48.0908807495801 || 2011-08-07 19:55:59 |
| 7134 || -27.5868658458528 || 2015-06-12 09:31:45 |
| 7135 || 61.7480798478243 || 2010-08-01 19:43:33 |
| 7136 || -5.53937642328474 || 2012-11-21 11:01:43 |
| 7137 || -0.417929634391351 || 2017-02-08 22:22:31 |
| 7138 || -1.28518364658527 || 2013-06-27 07:54:40 |
| 7139 || 10.6540546510309 || 2017-12-13 02:52:05 |
| 7140 || -23.2744709954426 || 2015-07-25 02:41:58 |
| 7141 || -4.12395477979925 || 2013-01-21 00:18:20 |
| 7142 || 0.566571469452911 || 2010-02-24 15:54:55 |
| 7143 || 30.2370076307337 || 2012-01-08 23:59:52 |
| 7144 || -10.8607130320336 || 2016-12-11 21:08:45 |
| 7145 || -22.2333433084948 || 2011-01-07 02:19:36 |
| 7146 || -7.36017375772857 || 2014-10-04 22:41:18 |
| 7147 || 0.00732703656726701 || 2017-07-07 01:29:55 |
| 7148 || -1.94503491255379 || 2014-10-25 10:35:18 |
| 7149 || 39.6784516629655 || 2013-06-16 05:02:19 |
| 7150 || -1.52779568417029 || 2014-05-11 09:36:08 |
| 7151 || 3.35355028920644 || 2011-11-05 10:02:13 |
| 7152 || 0.0608192490901553 || 2015-06-08 15:24:07 |
| 7153 || 25.2494974135765 || 2017-08-20 16:05:29 |
| 7154 || 0.853241283578637 || 2015-04-16 00:10:19 |
| 7155 || 11.3661083046618 || 2015-09-24 04:46:08 |
| 7156 || -8.99304008120739 || 2017-10-18 13:25:17 |
| 7157 || -0.0212585909681339 || 2012-03-24 19:07:13 |
| 7158 || 11.3496084240777 || 2019-11-19 06:31:29 |
| 7159 || -14.715593269092 || 2017-12-22 19:12:29 |
| 7160 || 79.7727346567936 || 2014-02-01 05:53:35 |
| 7161 || 21.8340443398413 || 2011-04-16 19:17:18 |
| 7162 || 1.63715169317805 || 2010-12-02 02:53:17 |
| 7163 || -1.42421917900707 || 2011-03-03 10:12:14 |
| 7164 || -23.309035529838 || 2016-04-02 23:44:25 |
| 7165 || 85.8308722848405 || 2016-08-13 04:27:34 |
| 7166 || -1.55975891972982 || 2013-09-08 23:50:07 |
| 7167 || -0.733996907437303 || 2013-09-22 04:25:47 |
| 7168 || 0.485819982463887 || 2014-08-06 22:14:49 |
| 7169 || -19.33829927849 || 2012-12-21 03:11:02 |
| 7170 || 26.4463481853546 || 2010-01-19 08:44:34 |
| 7171 || 40.8623545664357 || 2019-01-06 03:51:49 |
| 7172 || 2.4741950325957 || 2012-05-05 15:32:29 |
| 7173 || 4.43412043772216 || 2010-10-08 14:25:05 |
| 7174 || 36.8324450148916 || 2011-09-11 06:33:10 |
| 7175 || 21.9569005805093 || 2010-07-06 17:24:43 |
| 7176 || 45.5830257980074 || 2013-07-27 10:09:13 |
| 7177 || 8.77665720537152 || 2010-04-27 18:14:52 |
| 7178 || 5.70404006696885 || 2011-04-22 03:24:17 |
| 7179 || -18.0926653587567 || 2017-10-21 02:21:49 |
| 7180 || 22.3187640514123 || 2019-08-09 09:35:21 |
| 7181 || 63.0229351620812 || 2019-10-17 18:26:25 |
| 7182 || 11.5968943069924 || 2013-05-13 17:23:06 |
| 7183 || -1.44446225577062 || 2017-05-03 20:28:05 |
| 7184 || -11.531715996791 || 2012-10-26 18:35:35 |
| 7185 || -16.2455909908324 || 2012-11-26 22:28:45 |
| 7186 || 11.8356877121918 || 2017-05-14 04:44:27 |
| 7187 || -0.16389554587573 || 2011-08-11 04:43:45 |
| 7188 || 0.477472927834233 || 2018-03-17 06:25:31 |
| 7189 || -9.08482397504991 || 2018-03-14 06:07:41 |
| 7190 || 41.9844527813961 || 2012-03-03 09:50:13 |
| 7191 || 73.2465360753376 || 2019-01-22 09:37:12 |
| 7192 || -2.97723033361137 || 2015-10-27 20:00:37 |
| 7193 || 0.60418198080241 || 2018-01-04 22:25:03 |
| 7194 || 35.5744469567717 || 2012-01-26 11:45:16 |
| 7195 || 24.110594875509 || 2010-07-11 04:33:16 |
| 7196 || 66.5946179895748 || 2010-07-12 17:55:24 |
| 7197 || 5.98460388596433 || 2019-02-09 02:55:33 |
| 7198 || -0.0210436572722666 || 2014-06-23 23:51:52 |
| 7199 || 31.6049717590449 || 2016-10-13 04:42:07 |
| 7200 || 49.218190892632 || 2019-08-16 22:50:18 |
| 7201 || 11.8840750705079 || 2010-06-07 19:00:04 |
| 7202 || 0.109723418110946 || 2011-10-01 07:03:57 |
| 7203 || 0.0118505812917031 || 2015-05-16 17:40:58 |
| 7204 || -8.94146416507795 || 2013-05-08 17:04:13 |
| 7205 || 78.248203265421 || 2012-06-13 10:40:05 |
| 7206 || -27.978636290222 || 2018-04-24 20:57:38 |
| 7207 || 22.299874947585 || 2018-06-10 15:09:13 |
| 7208 || -0.103987985458803 || 2015-03-20 18:06:56 |
| 7209 || 5.44979137136861 || 2014-08-26 01:43:34 |
| 7210 || -24.4403152563434 || 2017-03-11 03:18:43 |
| 7211 || 27.0313512560125 || 2018-12-01 01:41:05 |
| 7212 || 0.756048017671123 || 2019-09-27 14:44:25 |
| 7213 || -0.246972898106956 || 2012-03-24 03:51:23 |
| 7214 || -3.43899880863169 || 2011-09-23 05:10:35 |
| 7215 || -17.3174496598083 || 2017-04-07 06:46:06 |
| 7216 || 78.2322602549074 || 2017-10-20 02:24:50 |
| 7217 || 41.0960601582458 || 2018-12-11 23:16:43 |
| 7218 || -1.19190024419717 || 2012-04-13 23:54:44 |
| 7219 || 13.8634045481322 || 2013-06-07 14:07:02 |
| 7220 || 63.4272896929979 || 2011-07-15 14:29:40 |
| 7221 || -14.8487918258416 || 2014-04-22 13:06:40 |
| 7222 || 52.0485647707364 || 2016-05-16 22:23:34 |
| 7223 || 0.735535905341135 || 2017-01-01 16:17:44 |
| 7224 || 10.7453713774424 || 2016-01-23 19:16:21 |
| 7225 || 60.5813885945499 || 2014-11-10 18:32:36 |
| 7226 || -14.9472702189654 || 2018-12-24 20:17:55 |
| 7227 || 41.8136400154748 || 2016-05-12 23:03:00 |
| 7228 || 4.41168726733272 || 2018-12-22 09:35:32 |
| 7229 || -2.20564888911753 || 2018-08-24 06:18:44 |
| 7230 || 42.7085626816626 || 2015-08-10 05:52:29 |
| 7231 || 33.6641315364095 || 2012-02-06 05:43:35 |
| 7232 || 63.5661873972846 || 2012-09-26 05:16:26 |
| 7233 || -2.06246238958853 || 2010-12-25 02:11:54 |
| 7234 || 4.38507335650231 || 2017-08-09 23:24:00 |
| 7235 || -2.94606472249932 || 2016-04-05 13:39:08 |
| 7236 || 85.3339134783836 || 2014-08-03 08:46:44 |
| 7237 || -21.945577096988 || 2014-10-24 23:35:13 |
| 7238 || -1.77704061925403 || 2012-04-17 16:55:48 |
| 7239 || -0.733475508608265 || 2019-09-10 02:18:59 |
| 7240 || 11.534544673536 || 2010-04-02 14:44:24 |
| 7241 || -12.8995200890741 || 2010-06-18 06:56:52 |
| 7242 || -23.6277518160584 || 2010-05-16 02:02:49 |
| 7243 || -0.812337629256561 || 2010-06-23 16:49:30 |
| 7244 || -0.106608005826663 || 2014-10-15 00:26:51 |
| 7245 || 1.84928326491117 || 2019-01-09 19:32:40 |
| 7246 || 3.32227924631599 || 2010-11-15 07:08:30 |
| 7247 || -25.6539229808887 || 2010-01-14 06:21:00 |
| 7248 || -8.55374552845782 || 2015-03-17 07:49:26 |
| 7249 || 0.0352737386765268 || 2011-11-09 17:03:47 |
| 7250 || 32.0041498039832 || 2018-01-21 08:24:00 |
| 7251 || 48.6614943426298 || 2015-12-25 11:54:19 |
| 7252 || 76.8133328607114 || 2014-02-11 18:06:39 |
| 7253 || 0.725615851584385 || 2019-10-19 19:42:04 |
| 7254 || 0.00478007634428319 || 2016-07-07 22:37:03 |
| 7255 || -9.45946533080811 || 2010-07-16 11:06:57 |
| 7256 || 42.3385552503234 || 2019-08-07 21:25:17 |
| 7257 || 82.1998746602067 || 2014-12-19 20:29:19 |
| 7258 || 17.9582257480078 || 2016-09-05 09:58:23 |
| 7259 || 0.353041954730088 || 2013-11-09 10:15:00 |
| 7260 || -6.81189561713216 || 2012-02-01 21:21:45 |
| 7261 || 72.7872291053843 || 2014-07-21 00:12:53 |
| 7262 || 76.9200693707048 || 2016-08-26 15:08:35 |
| 7263 || 36.3907445239697 || 2012-11-03 18:31:59 |
| 7264 || -0.234354245643254 || 2017-10-21 20:45:05 |
| 7265 || 17.3425744795405 || 2015-07-11 14:11:50 |
| 7266 || 5.47566168221463 || 2018-10-06 18:11:12 |
| 7267 || 33.9043671860362 || 2011-10-06 21:17:42 |
| 7268 || -8.31959674656807 || 2016-06-02 09:21:02 |
| 7269 || -1.06709353126093 || 2017-01-09 22:15:19 |
| 7270 || 3.3866914050378 || 2014-10-14 14:14:22 |
| 7271 || -6.90229077684682 || 2012-05-25 06:02:37 |
| 7272 || 87.0117693193725 || 2012-11-21 10:08:56 |
| 7273 || 39.6312349536266 || 2014-05-19 10:51:40 |
| 7274 || 0.0991797563917429 || 2015-08-23 16:03:17 |
| 7275 || 9.52916378414809 || 2017-04-23 01:51:33 |
| 7276 || 0.954433418161807 || 2012-07-02 02:52:39 |
| 7277 || 1.58151707825406 || 2019-10-12 09:33:15 |
| 7278 || 19.9083546155368 || 2019-12-08 14:53:59 |
| 7279 || 5.93020945193909 || 2012-08-26 10:59:27 |
| 7280 || -1.7573653766818 || 2014-04-04 15:34:00 |
| 7281 || 56.7151521621678 || 2012-06-23 10:53:27 |
| 7282 || -22.9821020826921 || 2019-01-23 19:44:42 |
| 7283 || 51.8496257030952 || 2016-06-08 04:05:04 |
| 7284 || 6.40520508331862 || 2011-10-21 12:01:36 |
| 7285 || 2.40751801509941 || 2014-06-25 05:41:49 |
| 7286 || -17.1358476818684 || 2016-06-21 20:43:13 |
| 7287 || 87.050877705571 || 2010-09-02 05:23:46 |
| 7288 || 1.86618102457751 || 2019-02-05 18:34:41 |
| 7289 || -3.05212203206993 || 2011-07-25 00:16:26 |
| 7290 || -0.763099982373995 || 2019-11-08 11:10:56 |
| 7291 || 20.4457815353412 || 2013-05-15 00:29:39 |
| 7292 || -28.8943744147556 || 2010-04-04 18:14:01 |
| 7293 || 61.2754344550321 || 2010-04-19 12:57:39 |
| 7294 || -6.58401992345544 || 2017-10-09 21:50:52 |
| 7295 || 0.863364089786873 || 2010-12-19 07:48:02 |
| 7296 || 21.6722645675491 || 2010-01-12 00:49:10 |
| 7297 || 49.5373044694162 || 2013-06-19 09:28:29 |
| 7298 || -24.6129620120615 || 2015-09-09 08:58:25 |
| 7299 || 14.0700659323553 || 2019-01-18 15:55:42 |
| 7300 || 0.103219093848777 || 2018-12-06 01:49:31 |
| 7301 || -10.7259480727955 || 2018-07-17 15:21:55 |
| 7302 || 21.3985971708387 || 2019-11-04 00:32:31 |
| 7303 || 77.0655818051328 || 2015-12-19 10:34:08 |
| 7304 || -7.75863748921172 || 2017-07-02 20:47:51 |
| 7305 || 0.000806652439738384 || 2010-09-09 21:47:51 |
| 7306 || 26.3987708546834 || 2011-04-18 15:03:40 |
| 7307 || -25.9298857135282 || 2010-11-02 23:25:21 |
| 7308 || -12.3786481850048 || 2012-11-12 00:44:08 |
| 7309 || 19.7380482532659 || 2015-03-05 05:14:09 |
| 7310 || 0.281771433455063 || 2010-03-26 01:16:29 |
| 7311 || 16.1241679430506 || 2013-01-06 01:42:48 |
| 7312 || 73.1388524170546 || 2016-05-21 09:34:28 |
| 7313 || 54.7247193087113 || 2015-11-08 05:17:29 |
| 7314 || 16.7629233253804 || 2010-04-03 14:54:03 |
| 7315 || 1.08335551595466 || 2018-02-20 06:39:07 |
| 7316 || -5.89802449515324 || 2011-05-27 14:08:45 |
| 7317 || 60.7135674524671 || 2018-01-19 15:59:49 |
| 7318 || 51.7207328197273 || 2015-03-07 21:04:29 |
| 7319 || -0.790443141801544 || 2015-08-27 07:14:54 |
| 7320 || -0.0102461062399047 || 2012-03-26 10:18:34 |
| 7321 || 15.6824259971585 || 2016-08-05 08:35:17 |
| 7322 || 33.7237887715439 || 2011-11-14 00:37:02 |
| 7323 || 88.6052630569563 || 2015-03-25 23:35:27 |
| 7324 || -4.47311946414504 || 2011-08-19 20:50:58 |
| 7325 || 4.93470092395505 || 2010-02-21 12:18:16 |
| 7326 || -3.7710395702124 || 2017-02-26 03:15:35 |
| 7327 || 10.9300014970364 || 2019-10-12 16:17:41 |
| 7328 || 51.7613598056428 || 2019-06-09 04:16:32 |
| 7329 || -7.69951470232957 || 2016-02-20 19:57:17 |
| 7330 || 6.16475377928842 || 2011-04-27 23:52:52 |
| 7331 || 1.99279796525057 || 2018-05-27 10:33:37 |
| 7332 || -15.242952253314 || 2017-12-17 02:20:46 |
| 7333 || 31.9017646686469 || 2012-11-22 11:52:47 |
| 7334 || 4.36132841279677 || 2018-06-16 05:44:00 |
| 7335 || 10.0874685660856 || 2012-10-20 03:00:19 |
| 7336 || 4.81145839258179 || 2016-11-21 08:08:42 |
| 7337 || 52.7976083327348 || 2010-01-01 21:58:10 |
| 7338 || 19.9019356940109 || 2013-08-12 08:58:25 |
| 7339 || 20.6662205082673 || 2015-03-24 18:15:45 |
| 7340 || 10.2099057571084 || 2014-09-11 13:14:15 |
| 7341 || -0.145068127229864 || 2014-01-25 09:22:25 |
| 7342 || -13.2438278363424 || 2017-04-22 23:42:45 |
| 7343 || 60.7098701319477 || 2014-04-21 19:46:22 |
| 7344 || 56.6482501363885 || 2010-07-16 22:36:00 |
| 7345 || 18.732214200285 || 2015-07-02 04:35:22 |
| 7346 || 1.63876007456849 || 2012-07-08 22:34:59 |
| 7347 || 22.0652315839729 || 2019-06-17 04:05:19 |
| 7348 || -27.367436660889 || 2017-05-08 20:33:57 |
| 7349 || 31.1777492167557 || 2012-10-27 23:26:57 |
| 7350 || 8.84326263434063 || 2015-04-13 00:04:46 |
| 7351 || 0.101949655549773 || 2011-06-19 11:13:33 |
| 7352 || -4.99700161061822 || 2012-06-14 16:53:51 |
| 7353 || -25.9863166744801 || 2017-06-17 07:35:35 |
| 7354 || -3.22808865540813 || 2010-01-06 04:22:03 |
| 7355 || -8.8080152775674 || 2012-11-11 01:01:48 |
| 7356 || 0.0065197725584444 || 2018-11-18 09:25:47 |
| 7357 || 1.63982965815873 || 2019-05-14 05:04:49 |
| 7358 || -8.2146346516044 || 2012-03-03 00:28:19 |
| 7359 || 79.1528172982513 || 2018-11-10 17:28:34 |
| 7360 || 6.77926073431681 || 2015-04-04 14:18:15 |
| 7361 || 0.125778565480302 || 2013-06-16 02:29:43 |
| 7362 || 17.0720948170375 || 2015-04-04 17:18:22 |
| 7363 || 72.9451226762362 || 2015-02-19 17:21:09 |
| 7364 || -9.40309677195771 || 2010-09-09 14:43:15 |
| 7365 || 30.3522063066394 || 2012-09-07 14:51:00 |
| 7366 || 0.446164493135219 || 2013-12-16 15:40:22 |
| 7367 || 7.22315339365057 || 2011-09-03 07:37:22 |
| 7368 || 0.761721958704065 || 2010-12-23 07:25:28 |
| 7369 || 15.3547049300136 || 2018-05-25 12:26:26 |
| 7370 || 28.7018722089147 || 2010-08-08 02:27:50 |
| 7371 || 1.38124464418102 || 2019-03-04 06:10:43 |
| 7372 || 10.6525082546379 || 2013-05-09 13:29:55 |
| 7373 || 24.2073029103182 || 2013-05-04 11:22:53 |
| 7374 || -29.6240725827344 || 2018-08-26 01:39:56 |
| 7375 || -7.46972140665338 || 2018-11-24 15:32:38 |
| 7376 || -0.791439743196372 || 2010-10-21 02:06:39 |
| 7377 || 5.15218070618284 || 2015-12-11 22:14:48 |
| 7378 || 38.3424569798776 || 2013-08-02 17:46:36 |
| 7379 || 79.7591665006423 || 2019-10-03 23:54:26 |
| 7380 || -17.7266886724792 || 2012-04-13 03:07:22 |
| 7381 || 2.37600704113015 || 2019-05-10 06:31:38 |
| 7382 || -1.7729632803808 || 2017-03-23 17:11:55 |
| 7383 || 55.8379298925191 || 2018-08-22 18:19:02 |
| 7384 || -10.4037298763091 || 2016-02-24 09:04:54 |
| 7385 || 60.0279693843099 || 2017-10-22 05:01:00 |
| 7386 || 8.9424519412815 || 2012-04-23 19:35:18 |
| 7387 || -1.96064019112768 || 2019-02-20 09:58:40 |
| 7388 || 50.9256269497832 || 2019-07-15 10:07:37 |
| 7389 || -26.0279041087737 || 2018-09-27 20:02:25 |
| 7390 || -21.6615899398744 || 2018-03-27 20:19:39 |
| 7391 || 3.46529647086512 || 2012-05-03 10:27:10 |
| 7392 || 0.109554888991805 || 2011-05-26 04:41:25 |
| 7393 || -5.46338605478975 || 2017-09-14 04:14:28 |
| 7394 || 51.095403839457 || 2018-02-07 22:13:17 |
| 7395 || -11.2389406450048 || 2018-06-12 01:37:00 |
| 7396 || 17.2379037272237 || 2017-02-20 17:52:47 |
| 7397 || 0.0264585909281292 || 2014-08-12 10:47:00 |
| 7398 || 21.0409268249968 || 2011-08-21 21:23:45 |
| 7399 || 58.8176732053601 || 2018-04-25 02:49:05 |
| 7400 || 39.3519833879134 || 2017-08-13 00:30:28 |
| 7401 || 11.9408540966568 || 2017-01-20 11:43:41 |
| 7402 || 0.166855657095701 || 2015-05-08 04:26:38 |
| 7403 || -12.2321302920076 || 2011-04-21 20:41:28 |
| 7404 || -28.1124436120529 || 2012-02-13 18:43:11 |
| 7405 || 8.45245240305645 || 2018-07-04 06:50:18 |
| 7406 || 3.37435342512701 || 2018-02-20 05:14:49 |
| 7407 || 0.0602020219237885 || 2010-05-08 02:58:16 |
| 7408 || -2.20675185780025 || 2010-03-19 00:27:53 |
| 7409 || 14.846409847965 || 2010-03-08 21:17:30 |
| 7410 || 79.8878913944751 || 2017-08-15 21:22:23 |
| 7411 || 22.3793249129751 || 2016-03-03 18:01:27 |
| 7412 || -0.0358214177798154 || 2012-09-04 21:59:33 |
| 7413 || 1.43819372268719 || 2017-12-23 17:05:46 |
| 7414 || 74.0027480995094 || 2018-11-22 13:25:02 |
| 7415 || -9.70367445504032 || 2019-10-23 07:21:24 |
| 7416 || -6.87918450587125 || 2019-10-06 05:46:54 |
| 7417 || 0.786661740238196 || 2019-10-24 23:54:18 |
| 7418 || -0.825050546278845 || 2018-10-27 18:41:02 |
| 7419 || 26.6503143434575 || 2011-06-21 09:07:20 |
| 7420 || -1.88694159448895 || 2011-02-13 01:36:36 |
| 7421 || 27.4595837454808 || 2017-01-16 08:54:29 |
| 7422 || -0.506967995276685 || 2016-03-20 07:17:49 |
| 7423 || 4.44953323356546 || 2015-04-13 19:50:28 |
| 7424 || -23.2078175539701 || 2015-03-06 13:13:07 |
| 7425 || 21.9945913079489 || 2012-03-21 15:36:20 |
| 7426 || 17.4092150348212 || 2015-04-26 21:47:31 |
| 7427 || 1.49388858152356 || 2016-08-15 18:13:43 |
| 7428 || 1.86794558735193 || 2014-12-18 23:53:53 |
| 7429 || 31.1333945794867 || 2018-07-11 19:28:16 |
| 7430 || -17.0252036781451 || 2019-04-14 08:40:56 |
| 7431 || 54.5743502897309 || 2013-03-03 14:41:21 |
| 7432 || -1.62514887596242 || 2010-10-08 17:20:42 |
| 7433 || 9.95457981866829 || 2010-10-02 14:54:48 |
| 7434 || -0.713837927332583 || 2012-06-03 06:29:49 |
| 7435 || 80.6253209076905 || 2018-10-02 17:18:56 |
| 7436 || 30.3798876961661 || 2011-07-25 08:46:25 |
| 7437 || -2.9446033174327 || 2019-11-13 08:22:45 |
| 7438 || 0.913923456709031 || 2018-09-01 01:30:14 |
| 7439 || -18.2730149379084 || 2016-01-16 14:25:21 |
| 7440 || 67.0281401016484 || 2015-07-06 12:30:52 |
| 7441 || 63.816845807844 || 2010-11-25 01:59:46 |
| 7442 || 3.44836363591974 || 2016-03-25 17:37:29 |
| 7443 || 3.47057298418025 || 2013-08-16 06:24:27 |
| 7444 || -3.11034956900308 || 2018-08-06 21:00:55 |
| 7445 || -28.6526912057795 || 2018-06-27 08:26:28 |
| 7446 || 44.9548000742283 || 2014-11-02 01:46:08 |
| 7447 || 10.9837183456983 || 2013-01-24 10:02:41 |
| 7448 || 0.25691578737372 || 2012-09-06 11:31:17 |
| 7449 || 20.8263494807065 || 2016-05-02 14:55:36 |
| 7450 || -18.1117141212017 || 2013-05-15 10:01:28 |
| 7451 || -10.1919025943555 || 2011-01-26 14:04:27 |
| 7452 || -2.81477523359007 || 2017-06-19 07:05:46 |
| 7453 || 0.0161404742873088 || 2016-01-23 12:35:58 |
| 7454 || 20.4928666123414 || 2015-01-13 21:11:19 |
| 7455 || 84.7915655362502 || 2018-03-10 20:41:33 |
| 7456 || 65.0710215900718 || 2017-09-02 03:12:19 |
| 7457 || -3.9066887001607 || 2016-02-01 04:31:11 |
| 7458 || 0.0508869306914048 || 2015-05-17 21:28:08 |
| 7459 || 28.8645424844561 || 2015-10-09 20:47:02 |
| 7460 || 43.7003544125167 || 2010-04-14 08:22:17 |
| 7461 || 45.9442460593127 || 2011-01-20 19:15:57 |
| 7462 || 14.0632077086776 || 2016-07-16 12:42:46 |
| 7463 || 0.0474139136653536 || 2010-02-25 12:10:28 |
| 7464 || -5.59860977680861 || 2010-05-01 10:36:55 |
| 7465 || 7.05227754779861 || 2018-05-07 09:29:11 |
| 7466 || -27.196037886359 || 2018-08-22 10:37:39 |
| 7467 || 27.0440754583337 || 2017-08-22 07:38:18 |
| 7468 || -0.121342350080509 || 2010-02-08 06:27:49 |
| 7469 || 13.7335273006446 || 2017-10-14 16:06:33 |
| 7470 || 74.900916735016 || 2014-08-21 02:04:37 |
| 7471 || 70.174702843545 || 2015-01-08 06:02:31 |
| 7472 || -5.09167394039843 || 2017-10-22 21:33:30 |
| 7473 || 1.75914630480507 || 2015-04-17 13:12:21 |
| 7474 || 17.0198803893003 || 2010-01-22 23:04:53 |
| 7475 || -22.116806024454 || 2011-03-22 22:33:06 |
| 7476 || -15.2308943474167 || 2016-10-03 03:28:29 |
| 7477 || 28.7118828475212 || 2015-10-14 04:37:09 |
| 7478 || 3.66763933842741 || 2017-04-12 00:01:58 |
| 7479 || 6.90353516139045 || 2017-08-06 05:53:03 |
| 7480 || 18.1643648176597 || 2017-09-19 11:52:10 |
| 7481 || 49.0449309029114 || 2016-07-04 17:36:26 |
| 7482 || 43.1214596068005 || 2019-04-06 13:51:42 |
| 7483 || 3.08958161125294 || 2019-10-05 09:25:14 |
| 7484 || 10.4247825660401 || 2013-01-11 06:07:12 |
| 7485 || -17.426016816901 || 2013-07-07 12:28:46 |
| 7486 || -29.7990306654899 || 2011-09-07 07:09:20 |
| 7487 || -3.83620165174509 || 2014-04-07 18:31:52 |
| 7488 || 9.05676908011616 || 2015-10-03 06:46:11 |
| 7489 || -1.53350270611353 || 2011-08-07 23:39:45 |
| 7490 || 16.2228568449388 || 2015-10-05 00:05:42 |
| 7491 || 66.9439294983522 || 2010-07-04 00:15:23 |
| 7492 || 63.7153923237143 || 2015-03-21 23:04:46 |
| 7493 || -3.58834778952996 || 2016-11-10 21:21:27 |
| 7494 || 4.61963699400008 || 2018-09-26 13:37:38 |
| 7495 || 20.6565732010721 || 2014-03-13 03:50:40 |
| 7496 || -27.6502524904721 || 2019-04-24 10:20:09 |
| 7497 || -22.8725304030418 || 2018-12-06 17:00:26 |
| 7498 || 16.4455311413198 || 2019-03-12 09:53:11 |
| 7499 || 1.2590412203229 || 2013-09-10 23:29:47 |
| 7500 || 41.5165482693374 || 2019-08-17 19:49:47 |
| 7501 || 4.71205775380073 || 2015-05-19 20:41:32 |
| 7502 || 42.115114085239 || 2011-01-18 14:01:20 |
| 7503 || 13.7581415942873 || 2016-10-10 17:41:33 |
| 7504 || 0.992027016458156 || 2010-03-16 00:11:37 |
| 7505 || -0.797661332381984 || 2015-03-18 12:36:01 |
| 7506 || -22.2600659437479 || 2014-12-08 14:55:27 |
| 7507 || -9.95283652246783 || 2012-03-12 07:35:37 |
| 7508 || 21.4048034595458 || 2013-12-14 18:16:08 |
| 7509 || 0.0956619948901659 || 2019-05-15 18:05:44 |
| 7510 || 18.177295909443 || 2017-02-12 13:42:24 |
| 7511 || -25.3557611363815 || 2013-11-26 18:20:41 |
| 7512 || -19.9169210056786 || 2014-08-16 18:30:06 |
| 7513 || -9.71667019053062 || 2019-01-22 15:15:44 |
| 7514 || 0.0014363373729597 || 2015-03-19 18:02:49 |
| 7515 || 1.57956750254263 || 2015-07-26 11:35:22 |
| 7516 || 48.5298102412327 || 2015-01-04 20:24:23 |
| 7517 || 62.3580731216813 || 2015-08-23 11:44:05 |
| 7518 || 36.13660911712 || 2011-12-27 02:13:35 |
| 7519 || 0.224213117064005 || 2017-02-23 18:39:22 |
| 7520 || 17.2036779305526 || 2016-03-09 23:36:48 |
| 7521 || 53.8291801367564 || 2017-04-10 00:55:07 |
| 7522 || -27.1466492951884 || 2012-04-26 13:17:57 |
| 7523 || -7.4749452846579 || 2018-06-19 01:04:49 |
| 7524 || 0.269646128079774 || 2019-12-15 13:34:19 |
| 7525 || 7.0248553111937 || 2010-04-07 01:40:41 |
| 7526 || 66.0942041141838 || 2013-01-02 01:05:31 |
| 7527 || 7.63887107396145 || 2019-07-02 07:56:54 |
| 7528 || 37.5495962625626 || 2017-03-11 07:36:14 |
| 7529 || -0.829344310808443 || 2019-03-13 20:32:13 |
| 7530 || -4.27388930385108 || 2017-08-16 01:17:53 |
| 7531 || -4.73924179009643 || 2016-06-22 05:27:05 |
| 7532 || -16.7480425763787 || 2014-11-05 00:59:34 |
| 7533 || 36.0052808266677 || 2010-03-16 20:02:55 |
| 7534 || -0.412279691484701 || 2010-01-27 00:02:46 |
| 7535 || -1.09040150340189 || 2016-10-23 21:02:23 |
| 7536 || 56.3196608657312 || 2013-10-15 09:16:22 |
| 7537 || -27.6889026300918 || 2013-12-27 06:20:02 |
| 7538 || -10.3448377078831 || 2017-09-27 02:52:25 |
| 7539 || 8.59350008039617 || 2015-08-19 04:10:12 |
| 7540 || -2.5492048422271 || 2012-12-24 12:43:03 |
| 7541 || 43.6323301492942 || 2015-04-08 23:23:39 |
| 7542 || 38.2405580397126 || 2015-05-18 14:10:06 |
| 7543 || 17.1349885829847 || 2015-04-18 09:17:16 |
| 7544 || -1.10180441656049 || 2018-09-14 09:24:15 |
| 7545 || 3.99287020883665 || 2013-05-24 06:50:21 |
| 7546 || 19.7553539011628 || 2015-12-15 01:35:37 |
| 7547 || 82.9135796926771 || 2012-01-15 14:34:36 |
| 7548 || 24.4299495875122 || 2018-02-21 10:16:16 |
| 7549 || -5.07570610936876 || 2012-09-25 21:20:34 |
| 7550 || 0.422774549990603 || 2015-08-25 21:45:31 |
| 7551 || 40.080487367099 || 2014-03-09 20:19:50 |
| 7552 || 86.6015178076888 || 2018-03-08 07:36:39 |
| 7553 || -16.3272433381913 || 2016-03-26 08:22:14 |
| 7554 || -6.05694566267687 || 2017-10-18 08:03:38 |
| 7555 || 0.655691619561877 || 2019-09-05 23:37:25 |
| 7556 || 12.5182486640731 || 2018-10-08 14:45:15 |
| 7557 || 54.8521331287657 || 2012-09-01 09:56:50 |
| 7558 || 74.2664530870877 || 2017-02-17 00:39:17 |
| 7559 || 9.71402287765638 || 2015-03-09 08:16:48 |
| 7560 || 0.0394008028201741 || 2018-04-08 11:46:16 |
| 7561 || 20.3600170609143 || 2011-07-08 18:01:12 |
| 7562 || 54.8335542432417 || 2014-03-24 15:19:06 |
| 7563 || 70.2795408538663 || 2019-03-17 11:04:59 |
| 7564 || -3.76607852161354 || 2012-07-14 21:25:21 |
| 7565 || -2.91369545449004e-06 || 2011-04-04 07:00:32 |
| 7566 || -9.84039789923675 || 2018-01-03 08:56:44 |
| 7567 || 79.6119219145844 || 2018-03-12 18:45:10 |
| 7568 || -10.4809773534128 || 2014-09-19 00:11:05 |
| 7569 || 25.85547069079 || 2016-09-22 15:43:11 |
| 7570 || 0.0440010227058922 || 2015-12-15 05:56:25 |
| 7571 || 24.807694122377 || 2010-03-10 23:32:02 |
| 7572 || 69.4928654642972 || 2015-08-21 22:48:21 |
| 7573 || -12.8518715580996 || 2011-01-23 16:01:20 |
| 7574 || -0.0313574302637984 || 2014-03-16 01:48:33 |
| 7575 || 0.245117139551813 || 2011-06-05 04:27:20 |
| 7576 || -4.04847332566914 || 2011-08-11 19:04:50 |
| 7577 || 72.1423267801802 || 2019-11-01 20:13:14 |
| 7578 || 55.412113309663 || 2016-08-23 09:57:26 |
| 7579 || 44.5752001471804 || 2010-06-08 09:08:36 |
| 7580 || -0.909477584185474 || 2015-01-22 14:32:50 |
| 7581 || -5.29698755906454 || 2015-07-13 22:29:58 |
| 7582 || -10.1255376156467 || 2012-03-14 19:54:06 |
| 7583 || -16.2846232331154 || 2015-01-16 05:15:56 |
| 7584 || -3.65677037655651 || 2017-02-26 05:10:34 |
| 7585 || -1.47385792758111 || 2015-12-23 08:16:24 |
| 7586 || 11.1970377886405 || 2018-11-13 09:51:58 |
| 7587 || 24.0790942411595 || 2015-10-06 14:45:52 |
| 7588 || 44.0645526028311 || 2019-08-11 23:48:53 |
| 7589 || 18.5235578578712 || 2013-08-14 00:52:19 |
| 7590 || -1.15126982324187 || 2018-01-20 19:12:57 |
| 7591 || 4.37159473892403 || 2010-05-17 06:05:05 |
| 7592 || 55.8316515299075 || 2012-05-22 01:59:30 |
| 7593 || 86.9604546080711 || 2018-01-16 12:13:39 |
| 7594 || 56.5054955929811 || 2018-01-21 11:35:51 |
| 7595 || 10.7254625741644 || 2011-09-07 03:49:13 |
| 7596 || -1.05221408290665 || 2017-11-17 04:22:13 |
| 7597 || 51.4775638525407 || 2014-07-05 04:31:59 |
| 7598 || -20.6338755709252 || 2012-03-12 07:05:47 |
| 7599 || -22.308176025561 || 2014-12-10 09:14:49 |
| 7600 || 3.87656619783019 || 2016-02-19 07:16:37 |
| 7601 || 2.37658141305308 || 2010-11-19 16:01:30 |
| 7602 || 46.5401157943092 || 2011-12-27 18:06:55 |
| 7603 || 22.6895554594772 || 2010-07-25 17:20:20 |
| 7604 || 69.8449360453148 || 2018-12-02 02:01:39 |
| 7605 || 1.15856122089782 || 2017-11-24 07:18:25 |
| 7606 || 0.297206622868003 || 2018-10-16 04:06:13 |
| 7607 || -8.58332918223721 || 2011-11-16 19:47:04 |
| 7608 || 19.5724582224184 || 2013-03-08 06:46:42 |
| 7609 || 67.0394301838054 || 2010-06-23 20:25:54 |
| 7610 || 0.661067216458748 || 2017-12-20 23:32:45 |
| 7611 || -0.14553035913947 || 2012-05-12 08:34:45 |
| 7612 || -8.27882310899786 || 2019-08-20 13:52:38 |
| 7613 || 16.0580269421578 || 2012-04-25 12:41:28 |
| 7614 || 79.1927690059509 || 2015-05-04 23:06:49 |
| 7615 || 1.36695362379395 || 2017-05-09 23:00:22 |
| 7616 || -0.000612712295039182 || 2013-08-12 20:20:22 |
| 7617 || 5.50621959128932 || 2019-02-22 18:19:12 |
| 7618 || -24.9213710357082 || 2010-09-06 11:21:24 |
| 7619 || 24.5101829824181 || 2016-12-23 16:09:48 |
| 7620 || 16.2701724963404 || 2019-06-25 17:16:45 |
| 7621 || -0.0696823467297007 || 2017-08-21 11:12:32 |
| 7622 || 20.3458471522936 || 2010-07-17 16:41:53 |
| 7623 || 72.3166406700842 || 2019-02-13 21:15:41 |
| 7624 || -25.1339910279592 || 2014-10-18 17:41:05 |
| 7625 || 38.902642559958 || 2019-11-09 02:01:29 |
| 7626 || 0.837519521365584 || 2010-12-24 02:50:42 |
| 7627 || 10.2934109596903 || 2014-05-03 23:40:48 |
| 7628 || -23.9100529479984 || 2011-08-02 16:53:31 |
| 7629 || -1.3756756865748 || 2012-07-18 21:29:20 |
| 7630 || 44.8715134850669 || 2017-07-18 16:06:55 |
| 7631 || 2.39372156705624 || 2018-01-11 06:11:38 |
| 7632 || -5.53969591912251 || 2012-09-03 18:50:21 |
| 7633 || 25.0459296139705 || 2014-03-27 20:47:09 |
| 7634 || 33.1876667263417 || 2010-07-11 06:38:20 |
| 7635 || 15.8678243467469 || 2018-10-13 08:58:00 |
| 7636 || 4.05023932332546 || 2013-11-15 00:06:56 |
| 7637 || 12.4407858910846 || 2015-07-26 09:28:43 |
| 7638 || -12.9817026217657 || 2019-10-20 02:04:00 |
| 7639 || 57.0338630167357 || 2018-10-22 14:20:10 |
| 7640 || 6.43611557084035 || 2017-06-23 16:46:56 |
| 7641 || 7.40003179744396 || 2011-12-03 23:52:56 |
| 7642 || 3.11015959156529 || 2013-09-19 22:32:47 |
| 7643 || 49.8468929108055 || 2016-02-08 19:49:13 |
| 7644 || -22.8581262479268 || 2014-12-15 18:14:03 |
| 7645 || 53.0981424666562 || 2013-12-01 18:53:10 |
| 7646 || -0.363488352007063 || 2019-02-21 03:37:25 |
| 7647 || 3.86734009038234 || 2015-06-19 10:41:17 |
| 7648 || 46.9890659994778 || 2012-03-20 16:56:08 |
| 7649 || 66.7553652899735 || 2013-07-08 02:07:50 |
| 7650 || 24.329272306638 || 2013-01-19 03:42:19 |
| 7651 || -2.11818532605602 || 2012-09-19 06:57:22 |
| 7652 || -0.862116321464182 || 2015-07-02 02:09:18 |
| 7653 || -12.8343207122868 || 2013-06-18 20:38:18 |
| 7654 || 15.3158382106038 || 2014-02-16 11:06:00 |
| 7655 || 56.0883194810931 || 2019-04-03 16:01:57 |
| 7656 || 3.05136322945749 || 2015-11-24 08:58:18 |
| 7657 || -0.529897486927963 || 2018-03-18 15:09:18 |
| 7658 || 12.6743963287081 || 2019-04-05 19:18:06 |
| 7659 || 83.4812616292414 || 2011-06-23 07:13:26 |
| 7660 || -17.0852105010201 || 2018-10-05 04:06:24 |
| 7661 || 6.67237826922281 || 2014-06-01 23:25:25 |
| 7662 || -0.115865781758488 || 2010-12-26 16:44:46 |
| 7663 || 34.0056059552751 || 2012-01-03 21:47:44 |
| 7664 || 43.7413882559319 || 2017-10-21 15:42:30 |
| 7665 || 78.3808083357059 || 2015-05-26 18:19:05 |
| 7666 || 27.6692407047788 || 2016-05-10 10:20:41 |
| 7667 || 0.0457045196971546 || 2011-03-12 09:52:44 |
| 7668 || -10.2501591609337 || 2018-04-16 17:53:22 |
| 7669 || 59.0993681408285 || 2011-12-12 07:41:27 |
| 7670 || 6.21093242011014 || 2010-02-06 03:17:51 |
| 7671 || 18.1867792806087 || 2011-02-09 23:16:51 |
| 7672 || 0.0128577041988545 || 2019-08-27 17:36:04 |
| 7673 || 17.1758487731292 || 2012-08-07 23:08:07 |
| 7674 || 63.5880595680587 || 2019-12-27 12:56:22 |
| 7675 || -21.6985574427725 || 2012-10-01 22:08:05 |
| 7676 || 10.9482228526603 || 2010-11-23 16:40:13 |
| 7677 || 0.444901176386526 || 2010-07-20 08:03:23 |
| 7678 || 15.0880354385513 || 2016-03-26 02:51:17 |
| 7679 || 64.3080025942581 || 2012-02-09 08:52:37 |
| 7680 || 52.4712325255401 || 2011-11-19 09:05:12 |
| 7681 || -10.3661521459264 || 2014-02-10 01:33:17 |
| 7682 || 1.96135361594066 || 2011-02-10 22:01:01 |
| 7683 || 12.3561453788346 || 2010-07-12 02:09:26 |
| 7684 || -10.5451926161889 || 2017-03-10 12:30:32 |
| 7685 || 1.18404473997276 || 2012-02-26 02:06:54 |
| 7686 || 45.0004969429526 || 2010-11-25 12:32:18 |
| 7687 || 1.49807601821872 || 2016-11-27 03:22:43 |
| 7688 || 2.62061672312853 || 2011-10-23 03:50:44 |
| 7689 || 61.8828440561204 || 2010-02-18 07:07:21 |
| 7690 || 29.0938816456845 || 2016-06-13 04:19:42 |
| 7691 || 29.5063468077118 || 2016-07-25 18:03:32 |
| 7692 || -0.559883947740079 || 2011-12-09 20:32:08 |
| 7693 || -2.91270501364878 || 2017-08-15 11:56:00 |
| 7694 || 48.0570175343006 || 2018-06-09 00:38:40 |
| 7695 || 80.0897081378175 || 2015-03-19 15:11:38 |
| 7696 || 52.7825746077842 || 2019-02-20 07:29:48 |
| 7697 || 9.84832385210092 || 2014-12-08 21:02:13 |
| 7698 || 5.05860446706961 || 2018-09-10 11:55:25 |
| 7699 || 13.4093874469633 || 2011-01-10 01:37:29 |
| 7700 || 87.2753427111429 || 2018-09-03 02:28:48 |
| 7701 || 41.8887981026979 || 2015-04-24 22:43:21 |
| 7702 || -0.0976887842556554 || 2016-09-09 23:33:07 |
| 7703 || 2.47221594350342 || 2018-12-19 18:36:26 |
| 7704 || 17.6567393842331 || 2017-03-20 01:23:08 |
| 7705 || -13.5397301426539 || 2017-06-09 03:44:38 |
| 7706 || 23.2127456157035 || 2010-02-21 12:07:25 |
| 7707 || 3.30451267352851 || 2010-08-14 15:58:53 |
| 7708 || 1.96851999971603 || 2013-01-16 03:28:26 |
| 7709 || 42.9592775557726 || 2017-01-14 00:28:58 |
| 7710 || -28.7517699513657 || 2014-12-26 08:05:43 |
| 7711 || -16.3070874351745 || 2012-01-22 08:42:39 |
| 7712 || -7.4293645703777 || 2017-01-02 01:22:14 |
| 7713 || 0.0575621080996775 || 2019-11-05 03:15:44 |
| 7714 || 33.3018776701573 || 2013-09-05 01:28:56 |
| 7715 || -26.4576563470493 || 2011-12-14 12:03:05 |
| 7716 || -25.5457408647232 || 2014-12-17 04:16:42 |
| 7717 || 25.7643184672729 || 2016-02-05 04:04:08 |
| 7718 || 0.103562110531818 || 2018-05-10 21:00:29 |
| 7719 || 17.0851767841591 || 2015-09-03 04:37:44 |
| 7720 || 30.1331983364109 || 2011-10-09 20:20:14 |
| 7721 || 65.2647155082552 || 2012-06-22 15:58:56 |
| 7722 || 24.7222495504244 || 2013-06-23 13:09:50 |
| 7723 || 0.0239833644399609 || 2015-01-20 04:19:43 |
| 7724 || 18.7478027798675 || 2017-10-07 06:58:17 |
| 7725 || 34.3759271440464 || 2013-11-05 04:40:57 |
| 7726 || 70.3173826937406 || 2016-05-20 22:14:22 |
| 7727 || 12.4401756988342 || 2012-02-05 03:51:13 |
| 7728 || 0.606343921836689 || 2016-07-12 01:30:30 |
| 7729 || 16.5671808143194 || 2015-06-12 19:24:16 |
| 7730 || 5.31716752406085 || 2010-05-23 15:19:29 |
| 7731 || 39.4506361158009 || 2013-10-11 11:05:21 |
| 7732 || 13.9941725147582 || 2016-04-20 10:35:59 |
| 7733 || -0.0683247280282125 || 2015-06-16 00:19:01 |
| 7734 || 10.7918045606611 || 2012-12-03 17:18:55 |
| 7735 || -22.69975126668 || 2019-12-06 17:33:35 |
| 7736 || 88.3468190448319 || 2015-01-25 20:15:10 |
| 7737 || -11.6165624505698 || 2017-11-21 06:36:05 |
| 7738 || 1.70049198564819 || 2012-08-19 21:22:21 |
| 7739 || 9.30498731254398 || 2016-06-20 19:20:17 |
| 7740 || 62.2260343534826 || 2010-03-18 21:49:40 |
| 7741 || -21.7994960530283 || 2018-07-02 22:55:05 |
| 7742 || 6.74275101914358 || 2015-12-05 09:33:38 |
| 7743 || 5.25433425604574 || 2018-03-14 06:15:41 |
| 7744 || -1.12240439665003 || 2018-05-14 23:28:09 |
| 7745 || 46.8096284439052 || 2014-01-07 17:40:53 |
| 7746 || 12.2397189181562 || 2013-08-17 04:10:34 |
| 7747 || 48.4650816678957 || 2011-03-14 10:24:14 |
| 7748 || 9.23047835747669 || 2016-04-11 22:48:44 |
| 7749 || 6.68781755754312 || 2010-04-22 06:29:01 |
| 7750 || 46.9005912555034 || 2010-11-24 10:40:10 |
| 7751 || -6.8913285308432 || 2017-12-19 06:42:39 |
| 7752 || 51.3170573882452 || 2017-02-17 08:13:16 |
| 7753 || -4.10349025223334 || 2013-10-25 17:56:02 |
| 7754 || 3.59197245694137 || 2016-07-19 01:00:26 |
| 7755 || -15.9497031259934 || 2013-07-07 09:07:45 |
| 7756 || 88.0561155564958 || 2016-05-08 23:31:45 |
| 7757 || -12.2619493519036 || 2017-06-26 10:49:45 |
| 7758 || 16.2197239634634 || 2017-01-20 04:32:37 |
| 7759 || 2.46769950999308 || 2013-09-11 15:28:36 |
| 7760 || -14.841474252575 || 2017-02-01 13:07:39 |
| 7761 || -25.7705639173282 || 2019-04-10 05:32:44 |
| 7762 || 72.787902348739 || 2012-03-19 15:00:38 |
| 7763 || 14.7098499079172 || 2017-05-12 12:06:11 |
| 7764 || 0.0986179371839034 || 2017-04-25 04:02:28 |
| 7765 || 29.9184073544268 || 2014-12-17 06:28:19 |
| 7766 || 52.4122731889473 || 2015-07-19 02:32:17 |
| 7767 || -25.3245680477067 || 2014-09-27 00:01:38 |
| 7768 || 9.80141039480657 || 2016-04-08 00:35:58 |
| 7769 || -0.037357903854102 || 2018-04-05 16:18:31 |
| 7770 || -2.94841591012267 || 2017-02-27 13:42:00 |
| 7771 || 69.350696099825 || 2017-04-07 16:31:24 |
| 7772 || 29.0942828634728 || 2012-02-10 20:25:20 |
| 7773 || -5.77916431128337 || 2018-12-24 19:24:12 |
| 7774 || -0.00154022207849051 || 2018-08-17 06:53:22 |
| 7775 || -2.45112039419763 || 2014-08-16 09:02:55 |
| 7776 || -26.3213488139208 || 2014-03-27 12:00:24 |
| 7777 || 67.5763324484729 || 2013-12-19 00:03:26 |
| 7778 || 4.1283783429892 || 2018-05-10 23:48:37 |
| 7779 || -0.0642520944967112 || 2010-01-21 06:43:03 |
| 7780 || 6.5856411955974 || 2013-05-11 03:49:55 |
| 7781 || 11.6546469608968 || 2019-03-19 04:49:41 |
| 7782 || 85.2705614343315 || 2019-02-06 11:27:43 |
| 7783 || 9.35209408965777 || 2012-04-22 01:22:45 |
| 7784 || 1.28841077228021 || 2010-06-22 17:59:26 |
| 7785 || 5.99423145262308 || 2015-07-10 06:35:05 |
| 7786 || 15.3465206862342 || 2010-06-11 05:55:14 |
| 7787 || -27.5888485870753 || 2011-09-20 16:53:13 |
| 7788 || 34.2456341745375 || 2013-03-25 18:12:40 |
| 7789 || -1.14372475609019 || 2019-06-25 00:09:33 |
| 7790 || -1.48221047214819 || 2011-06-15 13:45:01 |
| 7791 || 50.8576152540593 || 2017-08-04 19:10:44 |
| 7792 || 86.8352675814736 || 2016-05-03 15:52:46 |
| 7793 || 18.6850124289151 || 2010-10-03 19:11:34 |
| 7794 || 4.98109189558551 || 2018-04-26 20:32:29 |
| 7795 || -1.4919764616898 || 2015-08-03 08:38:35 |
| 7796 || 61.6190402222687 || 2014-08-04 18:14:20 |
| 7797 || 52.792910308462 || 2012-09-20 22:48:48 |
| 7798 || 57.7072064432349 || 2016-01-14 16:17:11 |
| 7799 || 5.75782746401118 || 2014-06-19 13:29:18 |
| 7800 || 7.02581193698035 || 2014-02-18 06:15:57 |
| 7801 || 19.8186860215049 || 2011-05-03 17:19:35 |
| 7802 || -26.7535684867622 || 2015-06-23 15:23:26 |
| 7803 || 48.9949132419532 || 2017-07-02 18:20:28 |
| 7804 || 10.8200809821398 || 2019-10-16 00:04:34 |
| 7805 || 2.39171957840878 || 2017-10-07 15:23:17 |
| 7806 || 31.6380942267049 || 2010-01-05 14:03:15 |
| 7807 || 43.1067020256449 || 2018-01-18 23:54:27 |
| 7808 || -22.2462769751441 || 2019-11-05 23:29:19 |
| 7809 || 15.495101813116 || 2010-06-19 10:24:43 |
| 7810 || -0.200026887172634 || 2013-11-23 04:58:37 |
| 7811 || -14.6774789419045 || 2013-06-14 05:14:33 |
| 7812 || -10.3690078073455 || 2018-12-20 04:03:05 |
| 7813 || 14.2845929968808 || 2012-12-10 02:58:04 |
| 7814 || 17.2202510724873 || 2017-02-17 17:59:45 |
| 7815 || 0.160462637948953 || 2017-12-13 21:33:02 |
| 7816 || 22.6115830339528 || 2018-05-26 18:09:34 |
| 7817 || -2.21821898707566 || 2017-12-15 09:37:55 |
| 7818 || 75.7841784983623 || 2013-08-20 11:11:59 |
| 7819 || 4.72501993989302 || 2018-05-27 14:13:18 |
| 7820 || -0.0632589046843644 || 2014-02-23 22:23:39 |
| 7821 || -11.6086207779205 || 2011-09-26 19:42:28 |
| 7822 || -16.2826080568324 || 2018-08-05 15:55:01 |
| 7823 || 45.4895794442096 || 2019-10-11 01:48:58 |
| 7824 || 11.5623428553703 || 2018-10-08 10:29:13 |
| 7825 || 0.00113065680784494 || 2016-01-21 10:59:53 |
| 7826 || 29.2979642424662 || 2014-10-21 18:28:56 |
| 7827 || -26.2517543616878 || 2016-04-06 17:06:05 |
| 7828 || 5.77593626661363 || 2012-12-10 13:59:02 |
| 7829 || -2.48934111461868 || 2010-02-11 02:35:46 |
| 7830 || -0.0667680421090239 || 2013-11-14 15:26:10 |
| 7831 || 19.606994908729 || 2013-10-13 11:48:31 |
| 7832 || 33.2916944388699 || 2017-04-21 05:05:21 |
| 7833 || 56.1194584916202 || 2010-09-25 19:51:32 |
| 7834 || 14.5403915907627 || 2014-01-15 19:28:58 |
| 7835 || 0.983153560131591 || 2017-11-27 17:30:05 |
| 7836 || 16.7635942973375 || 2012-09-18 11:54:36 |
| 7837 || 45.0040137360138 || 2017-06-16 01:19:02 |
| 7838 || 65.2326800420269 || 2016-02-20 09:06:24 |
| 7839 || 45.243997838867 || 2013-01-20 07:36:03 |
| 7840 || -1.01046352423007 || 2014-02-27 15:48:28 |
| 7841 || -4.97978379562413 || 2014-01-27 23:10:20 |
| 7842 || -9.61246258650293 || 2014-10-06 09:23:39 |
| 7843 || 15.7281045199848 || 2010-09-06 02:16:14 |
| 7844 || 50.2970185869624 || 2016-06-13 16:56:34 |
| 7845 || -1.72104881280019 || 2018-12-11 17:15:37 |
| 7846 || -3.93544330428798 || 2014-03-10 17:47:06 |
| 7847 || -6.85856915657749 || 2011-10-18 22:55:59 |
| 7848 || 18.0119487036561 || 2018-09-02 12:53:48 |
| 7849 || -17.531332573383 || 2012-05-15 07:27:49 |
| 7850 || -1.08946288107395 || 2014-04-22 03:18:41 |
| 7851 || 6.65010976122452 || 2014-12-16 21:07:25 |
| 7852 || -17.7207544779605 || 2012-03-01 22:30:06 |
| 7853 || 84.3964067700542 || 2016-01-20 12:58:44 |
| 7854 || -9.63353914451566 || 2016-11-14 21:53:05 |
| 7855 || 2.55024994466696 || 2010-12-06 18:36:41 |
| 7856 || -1.83126804570823 || 2019-08-04 11:26:13 |
| 7857 || 31.2595252919411 || 2016-03-07 11:25:03 |
| 7858 || -20.9406331732036 || 2014-02-18 00:47:24 |
| 7859 || 67.1060391803017 || 2015-02-13 20:47:03 |
| 7860 || 3.45185641312833 || 2012-08-26 06:18:47 |
| 7861 || -0.806260119265396 || 2017-09-20 00:58:50 |
| 7862 || 46.200156575476 || 2011-02-02 21:18:21 |
| 7863 || 58.8988819170359 || 2015-03-20 17:52:37 |
| 7864 || 13.2339718562445 || 2016-11-22 20:14:47 |
| 7865 || 15.2206229004817 || 2014-05-13 11:25:50 |
| 7866 || 1.398780249328 || 2010-09-08 11:28:15 |
| 7867 || 3.29948881737187 || 2014-01-07 06:28:07 |
| 7868 || 71.9915610119765 || 2016-03-22 01:07:25 |
| 7869 || -25.3030841602556 || 2019-04-22 03:10:14 |
| 7870 || 24.4186652328667 || 2013-01-17 02:07:20 |
| 7871 || 0.099862699503509 || 2010-08-20 16:23:26 |
| 7872 || 30.828539034198 || 2017-11-12 22:51:06 |
| 7873 || 82.7576852347208 || 2018-05-20 03:27:02 |
| 7874 || 13.5380717606224 || 2014-03-04 10:48:44 |
| 7875 || -4.51741651735545 || 2010-02-20 19:03:58 |
| 7876 || -5.77295819151022e-05 || 2017-03-19 04:12:58 |
| 7877 || 8.48810889959918 || 2016-02-15 07:41:26 |
| 7878 || 13.9640406993764 || 2017-01-24 11:02:04 |
| 7879 || 82.8512747131235 || 2012-04-12 04:02:32 |
| 7880 || -11.0671399931506 || 2017-02-10 08:55:30 |
| 7881 || 0.0365110489254092 || 2017-07-09 04:23:09 |
| 7882 || -6.10505300045789 || 2011-07-20 02:55:48 |
| 7883 || 76.2997845922889 || 2014-07-21 09:46:29 |
| 7884 || 70.7260861491507 || 2019-05-03 22:42:56 |
| 7885 || 19.7572755518886 || 2014-07-14 19:29:32 |
| 7886 || 0.923556571317145 || 2012-05-18 18:16:29 |
| 7887 || -6.36940709021841 || 2017-03-09 00:45:48 |
| 7888 || -18.9682023284349 || 2015-05-27 12:35:12 |
| 7889 || 76.5923516428016 || 2010-05-04 17:40:16 |
| 7890 || -5.69238816263459 || 2010-08-18 19:33:22 |
| 7891 || -0.602905107095335 || 2017-01-06 23:12:54 |
| 7892 || -1.97338461451667 || 2012-04-11 17:04:09 |
| 7893 || -21.0204473528605 || 2013-05-06 19:48:45 |
| 7894 || 45.1309528597383 || 2014-10-13 12:53:39 |
| 7895 || 5.50508438220482 || 2013-03-03 16:04:41 |
| 7896 || 2.81151414913326 || 2012-05-11 04:58:11 |
| 7897 || -4.09634441134645 || 2012-03-06 22:42:39 |
| 7898 || -19.0327905898945 || 2017-01-25 22:45:10 |
| 7899 || -1.21793422252734 || 2012-12-15 05:36:41 |
| 7900 || 55.7485954817008 || 2012-09-16 09:15:43 |
| 7901 || -2.29920831968949 || 2013-06-23 20:07:20 |
| 7902 || -0.990392524087122 || 2015-09-03 10:54:13 |
| 7903 || -18.2455876802722 || 2018-02-08 06:02:10 |
| 7904 || 72.9600182468683 || 2010-07-19 10:01:10 |
| 7905 || 9.97981655802628 || 2012-05-13 17:32:13 |
| 7906 || -1.71166751059725 || 2012-09-16 17:10:18 |
| 7907 || 5.30751577693842 || 2019-07-14 22:12:33 |
| 7908 || 0.385984924464119 || 2012-12-06 22:22:20 |
| 7909 || 70.2201126625251 || 2012-05-12 12:22:14 |
| 7910 || -7.4280907308825 || 2010-07-19 10:07:38 |
| 7911 || 2.17900976061418 || 2016-01-19 22:13:19 |
| 7912 || 3.46518772388438 || 2017-12-10 18:34:20 |
| 7913 || 42.1172336739877 || 2014-12-11 16:13:45 |
| 7914 || 76.1445232066448 || 2010-04-17 09:26:26 |
| 7915 || -15.8629563290378 || 2017-03-09 15:19:18 |
| 7916 || -6.08426417911573 || 2010-01-02 01:37:29 |
| 7917 || 1.7506596485792 || 2019-02-02 18:18:56 |
| 7918 || -2.87606442113605 || 2017-06-26 01:29:19 |
| 7919 || 6.88782144867509 || 2012-10-07 17:38:32 |
| 7920 || -24.1896364875053 || 2018-10-20 16:35:58 |
| 7921 || -0.825833149084514 || 2012-08-14 16:43:23 |
| 7922 || -0.114483520500747 || 2013-12-11 11:53:58 |
| 7923 || 3.30284117327362 || 2017-05-15 11:40:07 |
| 7924 || 32.023526149007 || 2012-04-16 04:31:00 |
| 7925 || -26.2088596188375 || 2017-09-12 12:15:39 |
| 7926 || 5.97110097878505 || 2016-07-26 19:15:56 |
| 7927 || -0.0107941734583624 || 2015-01-21 16:42:15 |
| 7928 || 1.34570257679359 || 2012-09-08 13:31:49 |
| 7929 || 47.7850138999199 || 2018-02-15 14:13:32 |
| 7930 || 13.9878888720113 || 2017-08-27 18:38:03 |
| 7931 || -10.6097254290072 || 2012-04-16 20:33:02 |
| 7932 || 0.0886453631366272 || 2011-02-21 20:56:54 |
| 7933 || 23.3925751450125 || 2013-08-24 22:08:40 |
| 7934 || 72.8214801849161 || 2017-04-25 04:27:25 |
| 7935 || -12.8303634900056 || 2016-11-26 05:00:41 |
| 7936 || 4.62328742909276 || 2017-01-25 06:22:30 |
| 7937 || 0.779026010144074 || 2010-07-21 23:20:17 |
| 7938 || -6.06066854721383 || 2010-06-05 23:39:42 |
| 7939 || 71.4566486968738 || 2019-11-12 00:51:43 |
| 7940 || -28.660128664027 || 2011-11-08 00:28:01 |
| 7941 || -8.4089149731497 || 2010-06-15 11:22:34 |
| 7942 || 1.66427836959889 || 2016-04-09 22:30:13 |
| 7943 || 16.8122135984822 || 2018-11-23 04:31:42 |
| 7944 || -12.238481160999 || 2014-10-08 14:35:52 |
| 7945 || 85.6215928183226 || 2016-05-25 05:33:40 |
| 7946 || -13.8963984385335 || 2016-10-08 07:36:04 |
| 7947 || 1.51908320480733 || 2016-03-22 00:15:14 |
| 7948 || -4.19893531078271 || 2019-05-24 17:06:27 |
| 7949 || 54.9584031169004 || 2010-08-21 15:16:51 |
| 7950 || 88.8105246937889 || 2013-06-14 02:04:25 |
| 7951 || 42.680967900221 || 2011-12-22 10:14:02 |
| 7952 || -1.76877656211071 || 2017-01-21 11:10:21 |
| 7953 || 2.30312740903572 || 2016-12-10 13:51:46 |
| 7954 || -6.2429446833414 || 2016-07-07 19:27:53 |
| 7955 || -28.6860601463237 || 2014-02-12 10:02:26 |
| 7956 || 17.7370643047697 || 2010-09-07 16:10:26 |
| 7957 || 9.99131017370498 || 2012-12-06 12:13:24 |
| 7958 || -0.578342066913538 || 2011-01-24 05:57:31 |
| 7959 || 20.7784546636569 || 2011-12-18 23:45:46 |
| 7960 || -1.18183665463585 || 2018-12-19 04:44:48 |
| 7961 || -21.7545780002127 || 2010-01-05 11:47:45 |
| 7962 || 2.94144289414309 || 2016-09-22 07:56:43 |
| 7963 || 3.27020603467765 || 2019-07-12 14:13:07 |
| 7964 || 45.8005264395012 || 2014-03-08 22:08:37 |
| 7965 || -29.3614221356049 || 2019-01-26 17:26:29 |
| 7966 || 47.08227768243 || 2013-12-14 00:22:09 |
| 7967 || 11.1892300599607 || 2011-07-06 03:47:37 |
| 7968 || 0.834105064721222 || 2017-07-15 08:44:39 |
| 7969 || 35.4621324184086 || 2012-12-13 10:02:25 |
| 7970 || -4.19489956084219 || 2013-02-20 22:06:36 |
| 7971 || 39.0657591956817 || 2013-05-14 01:56:25 |
| 7972 || 6.38017378894813 || 2016-08-26 15:20:42 |
| 7973 || 0.0605987304445177 || 2014-01-10 21:47:32 |
| 7974 || 29.2433475574496 || 2015-05-03 19:42:21 |
| 7975 || -22.2217104647223 || 2019-08-19 04:23:28 |
| 7976 || -15.9013415911931 || 2018-05-21 15:32:44 |
| 7977 || 22.8492762844808 || 2011-03-13 13:44:54 |
| 7978 || 0.0176261377687267 || 2019-09-06 09:20:29 |
| 7979 || 11.4087094881843 || 2011-06-22 23:59:37 |
| 7980 || -26.6746656623157 || 2012-07-07 20:27:32 |
| 7981 || -27.2316932340458 || 2018-11-08 19:15:32 |
| 7982 || 30.7414963542137 || 2017-09-18 18:25:19 |
| 7983 || -0.0193407970120442 || 2011-09-07 16:39:36 |
| 7984 || -6.26473504273684 || 2014-11-10 13:39:13 |
| 7985 || 61.7151021945438 || 2012-10-22 20:34:59 |
| 7986 || 49.2517057859184 || 2016-09-26 17:50:31 |
| 7987 || 5.23773675187418 || 2018-12-19 21:32:24 |
| 7988 || 0.339387249183032 || 2017-12-03 01:05:58 |
| 7989 || -1.47131697720963 || 2011-10-01 16:53:53 |
| 7990 || -3.20328291943822 || 2015-09-05 21:02:41 |
| 7991 || 74.1306955552298 || 2013-04-17 14:29:45 |
| 7992 || -7.34297849060737 || 2014-02-23 22:02:39 |
| 7993 || -0.578732953126966 || 2011-03-12 17:57:38 |
| 7994 || 12.2036992486851 || 2016-08-05 08:06:19 |
| 7995 || 49.5078001237498 || 2018-12-16 14:17:51 |
| 7996 || 83.3668128354491 || 2011-04-26 03:33:33 |
| 7997 || 2.67507282228593 || 2011-09-04 09:41:06 |
| 7998 || 3.4861368504282 || 2019-01-25 03:48:25 |
| 7999 || 9.11484801518606 || 2018-12-11 20:39:06 |
| 8000 || -15.4227017855101 || 2012-01-14 14:13:15 |
| 8001 || 72.967747421249 || 2010-06-11 17:32:40 |
| 8002 || -8.44805481032416 || 2017-06-01 16:18:46 |
| 8003 || 2.04552986073781 || 2010-04-20 17:46:22 |
| 8004 || 10.1719178118234 || 2016-09-26 11:49:55 |
| 8005 || 8.96104720548658 || 2019-05-24 07:20:41 |
| 8006 || 83.8912956437446 || 2019-03-22 19:21:22 |
| 8007 || 39.9066562621113 || 2017-07-10 19:51:31 |
| 8008 || 8.38487919648598 || 2015-09-19 08:34:56 |
| 8009 || 2.57066802781279 || 2013-02-19 17:52:14 |
| 8010 || 8.11100745985565 || 2012-07-24 05:34:12 |
| 8011 || -29.1061133110867 || 2011-02-13 09:25:35 |
| 8012 || -17.4748238316462 || 2015-06-25 08:14:27 |
| 8013 || -1.48512710147853 || 2012-04-24 13:15:16 |
| 8014 || 0.467636882673234 || 2010-09-02 14:26:47 |
| 8015 || 42.3418120125384 || 2014-01-22 18:50:17 |
| 8016 || 4.04478462012887 || 2017-04-05 06:20:44 |
| 8017 || 5.81952347972034 || 2013-08-24 23:29:54 |
| 8018 || -1.8490346157728 || 2015-02-07 08:27:30 |
| 8019 || 0.734621432464797 || 2014-12-16 19:29:00 |
| 8020 || -14.7869593703644 || 2011-03-02 15:42:36 |
| 8021 || -2.38843446376392 || 2017-03-23 11:22:00 |
| 8022 || 7.58283652502971 || 2016-08-12 04:43:19 |
| 8023 || 20.2312278275289 || 2010-07-25 19:00:56 |
| 8024 || -0.276446464110388 || 2019-11-01 16:18:05 |
| 8025 || 2.62750993714911 || 2018-01-08 23:09:24 |
| 8026 || -9.36291507011793 || 2013-09-27 06:30:44 |
| 8027 || 74.2003246733926 || 2016-03-23 16:56:22 |
| 8028 || -3.73784863025225 || 2015-02-23 17:00:16 |
| 8029 || 0.060583223545491 || 2018-12-12 23:47:41 |
| 8030 || 9.08239577962375 || 2011-09-02 13:22:39 |
| 8031 || 81.15392256811 || 2011-05-12 09:44:18 |
| 8032 || 71.9136527924158 || 2016-12-23 17:56:55 |
| 8033 || 18.1466099415619 || 2012-04-15 15:52:19 |
| 8034 || 0.0304341026166623 || 2017-05-16 08:01:38 |
| 8035 || 16.0334664368675 || 2012-02-06 21:59:14 |
| 8036 || 19.4148909215656 || 2016-06-13 17:23:06 |
| 8037 || 40.0768958933639 || 2015-07-11 14:43:12 |
| 8038 || 23.664855564354 || 2010-04-24 19:08:15 |
| 8039 || 0.548068812776269 || 2013-09-26 06:35:16 |
| 8040 || -6.72416229562622 || 2015-07-25 08:36:08 |
| 8041 || 6.43563241453459 || 2016-03-24 21:04:52 |
| 8042 || 34.0067324025639 || 2010-11-08 12:30:45 |
| 8043 || 38.3900705377968 || 2018-04-02 14:24:16 |
| 8044 || 1.65659485091213 || 2015-07-22 13:03:23 |
| 8045 || 18.7930215584795 || 2015-07-16 13:51:05 |
| 8046 || -18.5256718031027 || 2013-03-05 05:45:46 |
| 8047 || -29.1459854551975 || 2016-02-15 18:41:55 |
| 8048 || -13.2571248216757 || 2018-09-23 05:48:18 |
| 8049 || 3.53404945254543 || 2019-07-27 23:33:02 |
| 8050 || 13.7413130935776 || 2014-01-27 04:04:39 |
| 8051 || 15.5120803042603 || 2016-08-22 08:21:18 |
| 8052 || 89.4533769465885 || 2017-04-19 02:11:30 |
| 8053 || 49.5056850913942 || 2013-12-25 20:14:37 |
| 8054 || 5.96129126711218 || 2013-06-12 06:43:05 |
| 8055 || -2.8305844804978 || 2017-09-25 17:28:56 |
| 8056 || 22.4499895450153 || 2018-11-10 03:48:53 |
| 8057 || 89.007165455525 || 2010-10-10 08:10:27 |
| 8058 || 56.7930305489409 || 2013-12-17 23:11:31 |
| 8059 || -1.32230988729276 || 2012-06-12 13:16:21 |
| 8060 || 7.42612974355633 || 2014-09-18 07:08:23 |
| 8061 || 39.4989054564821 || 2018-05-07 09:46:02 |
| 8062 || -29.8299621922382 || 2010-11-12 03:32:51 |
| 8063 || -20.7953734747481 || 2019-11-20 08:08:42 |
| 8064 || 12.3829760228047 || 2012-07-09 09:33:11 |
| 8065 || 0.46382569557436 || 2018-09-05 14:06:16 |
| 8066 || -15.8950728578629 || 2019-12-20 11:35:52 |
| 8067 || -24.0592470096358 || 2014-06-08 05:31:10 |
| 8068 || 65.8189864101928 || 2011-01-02 15:51:46 |
| 8069 || 13.9588713111 || 2017-10-20 03:23:37 |
| 8070 || -0.388070401289336 || 2016-01-06 12:57:14 |
| 8071 || 44.2270365434121 || 2016-02-27 15:03:54 |
| 8072 || -26.7192164496225 || 2013-04-01 23:05:10 |
| 8073 || 50.0003702359996 || 2015-03-02 12:19:40 |
| 8074 || 5.23150724831315 || 2017-02-20 20:18:38 |
| 8075 || 1.11341404529709 || 2011-02-11 09:27:41 |
| 8076 || 6.27461716013867 || 2011-10-21 11:56:48 |
| 8077 || 82.8901916092889 || 2015-02-21 05:44:52 |
| 8078 || -24.8308960565577 || 2018-09-23 20:56:14 |
| 8079 || 12.232396334678 || 2017-02-23 00:38:15 |
| 8080 || -0.0528273492441262 || 2015-02-14 08:57:03 |
| 8081 || -10.135985204367 || 2017-11-14 23:07:03 |
| 8082 || 26.9629507237721 || 2010-01-21 09:35:46 |
| 8083 || -4.19509388017185 || 2018-04-13 16:18:37 |
| 8084 || 20.6268217755368 || 2013-03-10 17:51:29 |
| 8085 || 0.00440099766892464 || 2018-11-17 20:51:11 |
| 8086 || 21.9142526204163 || 2010-04-22 06:01:21 |
| 8087 || 79.3982023178281 || 2015-12-13 09:45:34 |
| 8088 || 18.1613587567693 || 2015-10-18 02:11:54 |
| 8089 || 31.1286800962438 || 2010-05-15 17:49:09 |
| 8090 || -0.061922967309557 || 2019-08-04 21:19:33 |
| 8091 || 18.7493552214459 || 2010-05-24 07:31:38 |
| 8092 || 50.2603142393405 || 2017-10-26 02:23:40 |
| 8093 || -10.5730975698122 || 2012-02-24 11:28:54 |
| 8094 || -13.4220703543127 || 2019-05-16 07:56:58 |
| 8095 || -0.476431333845977 || 2019-05-15 11:39:07 |
| 8096 || 9.39925080694177 || 2019-03-19 18:44:17 |
| 8097 || 9.25705730472393 || 2018-06-26 16:34:55 |
| 8098 || -23.0331291008137 || 2016-10-18 12:01:15 |
| 8099 || 20.8181080314089 || 2017-02-27 11:11:26 |
| 8100 || 2.51445054520812 || 2012-11-14 19:59:01 |
| 8101 || -2.64220668037819 || 2015-06-22 08:08:21 |
| 8102 || -22.4168733089771 || 2017-04-20 20:15:06 |
| 8103 || -1.9375408569451 || 2018-01-25 15:35:43 |
| 8104 || 50.4391808320227 || 2016-05-23 02:26:59 |
| 8105 || 1.31544528860483 || 2011-08-09 20:37:53 |
| 8106 || 9.14425187495451 || 2014-02-22 02:25:32 |
| 8107 || 18.5574252301672 || 2017-08-19 05:19:26 |
| 8108 || 87.1189419799557 || 2017-09-20 12:14:47 |
| 8109 || -9.37258881086923 || 2015-11-04 06:24:41 |
| 8110 || 7.88473581904991 || 2017-12-27 02:26:42 |
| 8111 || 2.37714489719511 || 2010-02-10 00:40:27 |
| 8112 || 37.3158017681867 || 2013-01-04 22:11:04 |
| 8113 || 2.77756736820372 || 2012-05-13 09:32:35 |
| 8114 || -20.7295076626524 || 2016-06-08 10:04:54 |
| 8115 || -3.7794566117807 || 2016-10-27 10:41:16 |
| 8116 || -0.432270935658627 || 2010-08-19 04:23:13 |
| 8117 || -1.80982730307995 || 2019-05-17 22:53:42 |
| 8118 || 33.3587097373349 || 2019-01-16 04:13:27 |
| 8119 || -3.50545694592375 || 2019-04-02 15:35:52 |
| 8120 || 2.69982326729428 || 2016-09-22 02:48:07 |
| 8121 || -0.643645826723927 || 2018-07-07 22:58:02 |
| 8122 || 12.5527479957408 || 2013-06-04 01:42:26 |
| 8123 || -24.0948557440413 || 2017-01-18 04:49:09 |
| 8124 || -12.4717231258651 || 2017-07-17 09:31:45 |
| 8125 || -5.25590818158132 || 2012-03-27 21:47:12 |
| 8126 || 1.21986244938681 || 2018-11-26 00:19:06 |
| 8127 || 1.05434573337636 || 2019-06-25 14:19:10 |
| 8128 || -18.8152082174986 || 2010-08-06 10:05:14 |
| 8129 || 75.5228591163049 || 2017-01-13 07:31:18 |
| 8130 || -7.88584583002255 || 2016-01-17 04:37:12 |
| 8131 || 0.378723147009464 || 2017-12-01 09:00:02 |
| 8132 || 18.2534670172756 || 2016-12-24 15:28:29 |
| 8133 || 56.9777049201584 || 2017-01-06 12:36:23 |
| 8134 || 20.0085175921634 || 2017-09-10 14:42:57 |
| 8135 || -4.76614632975685 || 2010-10-03 12:58:52 |
| 8136 || 0.0016342345962756 || 2016-04-21 14:08:39 |
| 8137 || 28.3175226003607 || 2015-06-15 17:40:15 |
| 8138 || 12.7659171767084 || 2016-08-06 02:46:53 |
| 8139 || 30.7247798666029 || 2010-03-22 00:35:20 |
| 8140 || 34.9047563875312 || 2010-03-14 17:22:49 |
| 8141 || -0.08841284178946 || 2010-03-10 01:14:47 |
| 8142 || 23.6790801844533 || 2013-04-06 18:42:33 |
| 8143 || 58.8010716626832 || 2017-11-09 12:35:04 |
| 8144 || -23.9643361448948 || 2016-05-07 02:39:36 |
| 8145 || 34.7629446081476 || 2013-02-15 02:10:30 |
| 8146 || 0.709695700987231 || 2019-11-05 21:56:26 |
| 8147 || -1.49676824376611 || 2016-08-08 09:28:14 |
| 8148 || 22.7518347563716 || 2019-09-09 13:47:19 |
| 8149 || 80.1914474184502 || 2015-02-15 13:48:03 |
| 8150 || 36.4999263209781 || 2014-10-08 18:13:25 |
| 8151 || 1.6754214865387 || 2012-08-01 04:32:58 |
| 8152 || -4.09985246148201 || 2019-11-16 10:58:41 |
| 8153 || 67.8355595863784 || 2019-05-12 10:28:19 |
| 8154 || 87.9183760542778 || 2013-05-27 01:07:03 |
| 8155 || -9.91818053673801 || 2016-08-25 04:59:34 |
| 8156 || 1.83153752657266 || 2018-01-02 22:51:52 |
| 8157 || 9.51829044109451 || 2019-03-16 03:24:57 |
| 8158 || 38.1711556145278 || 2016-12-18 04:35:46 |
| 8159 || -7.36894273510151 || 2015-01-10 05:11:42 |
| 8160 || 21.0541013274515 || 2014-07-17 05:57:33 |
| 8161 || 6.16897112872266 || 2012-10-10 11:43:51 |
| 8162 || 7.21980220616251 || 2012-10-12 18:43:28 |
| 8163 || 51.1939134191987 || 2014-05-10 00:16:34 |
| 8164 || -17.5749644803269 || 2018-08-13 02:45:55 |
| 8165 || 3.98098652552696 || 2012-10-07 15:36:04 |
| 8166 || 10.5941286620775 || 2019-02-25 21:25:28 |
| 8167 || 3.19028319428504 || 2010-11-17 06:58:42 |
| 8168 || 28.2101758502631 || 2012-06-14 02:41:00 |
| 8169 || 84.6864527171852 || 2014-06-04 19:08:46 |
| 8170 || 65.5410679324247 || 2018-10-11 17:14:17 |
| 8171 || -2.54348152211024 || 2011-12-22 15:11:43 |
| 8172 || 3.27507205619097 || 2011-12-21 06:06:09 |
| 8173 || -15.7799744322586 || 2011-03-01 22:09:39 |
| 8174 || -1.29567110190613 || 2013-07-01 17:03:53 |
| 8175 || -23.6309253959293 || 2012-03-08 06:19:21 |
| 8176 || 14.538183412198 || 2017-06-18 03:26:44 |
| 8177 || 1.54378138202821 || 2012-10-04 20:06:42 |
| 8178 || -11.7822357969274 || 2015-07-20 09:29:18 |
| 8179 || 86.2611096820439 || 2016-02-24 21:22:24 |
| 8180 || -2.69585101643875 || 2015-03-16 17:45:43 |
| 8181 || 14.4007099791413 || 2014-09-16 15:09:31 |
| 8182 || 0.210244242880617 || 2012-06-01 12:24:15 |
| 8183 || 3.62449646543916 || 2011-11-18 09:15:11 |
| 8184 || 12.4103537356486 || 2018-09-24 00:09:44 |
| 8185 || 28.5577168668372 || 2011-07-19 21:01:53 |
| 8186 || 27.8407346153507 || 2016-01-20 22:01:00 |
| 8187 || -0.00748744918472235 || 2011-01-02 18:58:22 |
| 8188 || 25.2270383768917 || 2012-10-26 08:33:30 |
| 8189 || 17.0957571782788 || 2011-08-24 01:51:42 |
| 8190 || 72.1956728939915 || 2012-07-11 03:12:31 |
| 8191 || 27.6221829935431 || 2015-04-11 11:04:29 |
| 8192 || -0.0196859861267606 || 2019-12-02 04:45:38 |
| 8193 || 2.00151608785159 || 2010-02-19 21:53:00 |
| 8194 || 75.7280968783182 || 2011-03-09 16:26:38 |
| 8195 || 25.2008141834923 || 2012-04-24 05:28:27 |
| 8196 || 6.48009140997969 || 2011-02-16 16:09:52 |
| 8197 || -0.300322211606388 || 2013-07-25 16:25:23 |
| 8198 || 12.050235323052 || 2016-06-02 22:47:04 |
| 8199 || 22.1902498557161 || 2015-03-04 01:37:59 |
| 8200 || 34.3199679739579 || 2012-12-22 19:36:31 |
| 8201 || 5.06931932145864 || 2010-01-21 09:16:30 |
| 8202 || -0.227576280051181 || 2012-07-16 22:05:23 |
| 8203 || 3.75494653635847 || 2019-12-26 00:49:13 |
| 8204 || -19.9739169294575 || 2011-09-02 13:46:51 |
| 8205 || 81.4554858639614 || 2015-04-15 22:38:17 |
| 8206 || 50.106521016078 || 2017-03-26 22:07:22 |
| 8207 || -1.50329168415091 || 2015-03-22 19:07:15 |
| 8208 || -3.20227390107851 || 2013-09-13 06:15:15 |
| 8209 || -18.5537079180504 || 2015-02-10 01:47:19 |
| 8210 || -29.35297055987 || 2014-12-02 10:30:56 |
| 8211 || -9.83626017579912 || 2016-09-15 06:00:22 |
| 8212 || 0.151842197822628 || 2012-01-13 05:45:37 |
| 8213 || 2.19202918333976 || 2016-03-08 14:59:40 |
| 8214 || -18.3616656116781 || 2014-02-12 02:08:13 |
| 8215 || 82.4227154305829 || 2016-03-22 15:59:06 |
| 8216 || 29.301100922362 || 2012-04-12 22:45:49 |
| 8217 || 8.23864825979007 || 2014-06-24 13:03:01 |
| 8218 || 0.000360518685137246 || 2018-09-12 09:09:41 |
| 8219 || 3.74051950257596 || 2013-09-05 08:48:21 |
| 8220 || -22.2743310838408 || 2018-05-12 02:41:03 |
| 8221 || -11.9480394030065 || 2016-04-23 13:11:21 |
| 8222 || 10.3769797713227 || 2012-04-09 09:02:42 |
| 8223 || -0.918814261999991 || 2012-02-06 05:34:59 |
| 8224 || 48.1741948600134 || 2017-06-08 13:01:46 |
| 8225 || -3.23323738470457 || 2017-12-18 09:57:54 |
| 8226 || 66.1251611452568 || 2016-06-03 09:06:24 |
| 8227 || 17.3894601926535 || 2011-12-22 03:36:58 |
| 8228 || -0.129739313267709 || 2018-11-06 12:19:05 |
| 8229 || -4.33247687938116 || 2014-12-11 15:29:09 |
| 8230 || 86.7865929126796 || 2012-05-17 13:48:05 |
| 8231 || -6.98647345284259 || 2012-03-27 14:40:26 |
| 8232 || -0.281063082437803 || 2015-01-08 00:08:07 |
| 8233 || -0.00795871085000982 || 2013-07-09 20:00:03 |
| 8234 || 36.2558626243134 || 2013-10-15 05:44:48 |
| 8235 || -1.11899623972554 || 2012-06-08 22:32:22 |
| 8236 || -4.20320641579034 || 2019-10-25 10:50:25 |
| 8237 || 1.25128626202436 || 2018-07-08 23:53:04 |
| 8238 || -0.0209801255424352 || 2011-08-11 05:31:39 |
| 8239 || 2.23381644112774 || 2012-08-16 03:37:37 |
| 8240 || -11.3773386145596 || 2012-05-03 13:35:28 |
| 8241 || 81.090000288273 || 2018-05-07 17:52:41 |
| 8242 || 30.1288439001624 || 2012-08-05 13:41:31 |
| 8243 || 0.0282258737746837 || 2011-11-03 16:25:33 |
| 8244 || 13.4612989227569 || 2018-05-26 12:10:55 |
| 8245 || -17.8727522452744 || 2014-01-12 08:53:23 |
| 8246 || 73.0653639933211 || 2016-08-13 06:32:00 |
| 8247 || -11.7905361522681 || 2013-09-16 05:17:44 |
| 8248 || 0.0753933258406826 || 2019-10-20 20:25:24 |
| 8249 || 9.29417536593465 || 2017-06-02 12:27:28 |
| 8250 || -10.1628842958657 || 2016-04-12 14:38:23 |
| 8251 || 25.0881934480556 || 2012-04-13 00:46:29 |
| 8252 || 36.0620657490595 || 2013-07-22 14:15:21 |
| 8253 || 2.09345725074089 || 2011-07-04 13:02:01 |
| 8254 || -3.22744916228743 || 2010-11-10 09:32:22 |
| 8255 || -20.2145563331332 || 2011-03-03 22:59:36 |
| 8256 || 84.3762180309078 || 2013-03-17 18:30:31 |
| 8257 || 26.1889633815727 || 2012-06-26 04:03:18 |
| 8258 || 0.526746185369908 || 2015-05-18 13:39:19 |
| 8259 || 11.2959324680234 || 2015-02-18 10:07:19 |
| 8260 || 43.7191790004716 || 2016-11-01 15:12:15 |
| 8261 || 89.3109509156236 || 2013-04-09 01:43:01 |
| 8262 || 6.30160753710094 || 2019-03-25 07:05:53 |
| 8263 || 4.18341917619735 || 2012-12-22 18:06:02 |
| 8264 || 0.459380753015239 || 2017-06-24 08:20:18 |
| 8265 || 60.0951720766976 || 2012-06-17 14:02:36 |
| 8266 || 31.0215144799073 || 2017-11-22 15:44:15 |
| 8267 || 16.9591228705478 || 2012-03-09 19:56:07 |
| 8268 || 7.26699935521423 || 2010-07-09 06:55:59 |
| 8269 || 2.87502775145762 || 2012-03-21 06:29:11 |
| 8270 || -17.2228027143089 || 2012-10-10 05:28:06 |
| 8271 || 89.5377631137284 || 2013-08-27 21:46:52 |
| 8272 || -10.2097977109472 || 2017-03-13 12:22:13 |
| 8273 || 12.2871085001586 || 2011-12-17 05:03:58 |
| 8274 || 4.29176936044416 || 2011-02-11 14:48:46 |
| 8275 || 1.56226818192288 || 2015-08-01 04:45:37 |
| 8276 || 51.3733284733857 || 2012-03-23 22:04:00 |
| 8277 || 12.9658026068895 || 2013-10-05 17:03:45 |
| 8278 || 6.69055435825179 || 2013-09-15 13:31:37 |
| 8279 || 1.9870582757954 || 2018-04-20 05:03:59 |
| 8280 || 1.15589680845459 || 2016-07-21 09:20:14 |
| 8281 || 16.3650715362024 || 2016-09-03 16:48:57 |
| 8282 || 59.7693029792557 || 2015-09-12 13:55:52 |
| 8283 || 2.4679543479325 || 2013-05-15 14:03:14 |
| 8284 || -0.231755138090164 || 2018-10-05 08:47:31 |
| 8285 || 25.0148111479905 || 2012-03-07 20:27:32 |
| 8286 || 84.602187615125 || 2015-10-01 19:22:53 |
| 8287 || 76.9598516556901 || 2016-03-10 22:00:55 |
| 8288 || 23.2292286910064 || 2010-07-19 19:53:31 |
| 8289 || 0.0651198822701263 || 2014-02-18 10:08:30 |
| 8290 || -7.83533060392135 || 2015-12-26 16:13:13 |
| 8291 || -24.8503365935427 || 2011-08-23 01:58:35 |
| 8292 || -24.0106634118722 || 2012-08-23 10:23:52 |
| 8293 || 16.0350406667939 || 2015-10-25 04:40:53 |
| 8294 || 0.026670637804892 || 2013-11-21 16:36:49 |
| 8295 || 24.5484321806933 || 2018-07-08 21:06:39 |
| 8296 || -25.7907348723044 || 2013-04-21 12:44:54 |
| 8297 || 56.1657019034232 || 2010-06-22 16:13:11 |
| 8298 || 10.6588131999099 || 2016-11-05 05:52:39 |
| 8299 || 0.600112521389027 || 2014-10-19 06:48:57 |
| 8300 || 22.5627381086803 || 2011-04-17 00:44:50 |
| 8301 || 74.3947186350473 || 2018-08-17 12:10:22 |
| 8302 || -27.4427504091377 || 2013-09-06 20:31:33 |
| 8303 || 39.2761652868127 || 2017-06-26 10:59:33 |
| 8304 || -0.574438087582999 || 2019-03-25 17:45:50 |
| 8305 || 11.354493239771 || 2010-06-17 03:42:16 |
| 8306 || 40.7752195172502 || 2014-11-26 22:06:50 |
| 8307 || 19.6158065492211 || 2011-06-03 19:23:00 |
| 8308 || -14.3259346392591 || 2013-06-01 05:39:44 |
| 8309 || -0.755967748133033 || 2010-07-12 22:58:25 |
| 8310 || -3.70138760798622 || 2012-09-04 01:50:34 |
| 8311 || -7.81737345322777 || 2015-01-17 11:43:17 |
| 8312 || 20.0304021713671 || 2017-11-11 17:05:59 |
| 8313 || -6.37800598887447 || 2010-04-02 06:50:57 |
| 8314 || 1.16732846734944 || 2016-11-11 20:59:19 |
| 8315 || -1.63828169015686 || 2014-03-26 18:38:29 |
| 8316 || -20.345199385754 || 2016-02-16 09:57:23 |
| 8317 || 67.4604957368278 || 2016-04-01 18:47:52 |
| 8318 || 48.8648944039969 || 2011-02-24 10:56:41 |
| 8319 || 8.62789690831089 || 2014-07-05 05:23:06 |
| 8320 || 4.85791639839761 || 2018-08-09 18:20:53 |
| 8321 || 47.0557892737717 || 2011-09-12 14:02:50 |
| 8322 || 31.5752764168252 || 2018-08-22 14:49:06 |
| 8323 || -12.8016053083935 || 2015-09-21 20:28:35 |
| 8324 || -3.12700820111786 || 2019-09-20 05:40:18 |
| 8325 || 3.38398489190023 || 2017-07-15 11:09:30 |
| 8326 || -7.59640274219856 || 2011-01-03 06:44:04 |
| 8327 || -29.4522345441001 || 2010-03-16 08:38:25 |
| 8328 || -16.053241240051 || 2011-12-17 23:17:22 |
| 8329 || -4.47037785390283 || 2019-07-01 08:00:46 |
| 8330 || 1.45295021968018 || 2016-04-07 15:36:53 |
| 8331 || 15.8455014895439 || 2016-09-04 08:56:39 |
| 8332 || 48.6117445835874 || 2017-11-26 05:55:10 |
| 8333 || 21.9065117099253 || 2014-09-12 09:10:03 |
| 8334 || -4.17453159978265 || 2012-12-26 02:12:18 |
| 8335 || -0.360994009283214 || 2018-07-17 04:08:29 |
| 8336 || 27.3830642155911 || 2010-11-21 23:02:58 |
| 8337 || 44.4408538479088 || 2011-05-26 15:07:16 |
| 8338 || 60.716701525384 || 2016-01-23 17:13:49 |
| 8339 || 25.620154532625 || 2010-04-02 23:41:01 |
| 8340 || -0.00595506961746807 || 2017-12-14 17:00:15 |
| 8341 || 33.927538484492 || 2010-04-16 14:57:04 |
| 8342 || 32.154585363228 || 2011-05-13 04:58:21 |
| 8343 || 54.3797160441322 || 2011-07-26 00:12:18 |
| 8344 || 10.2526509057147 || 2015-10-18 13:55:54 |
| 8345 || 0.00549327714423252 || 2018-10-08 21:38:56 |
| 8346 || 20.68653021353 || 2010-07-10 05:20:01 |
| 8347 || -7.7020809544819 || 2012-08-01 13:14:13 |
| 8348 || 55.329083459034 || 2013-09-25 01:29:49 |
| 8349 || 32.1536837826077 || 2019-12-03 13:01:23 |
| 8350 || 0.40338557656174 || 2011-05-13 05:16:03 |
| 8351 || 22.5640206125427 || 2014-12-21 20:41:34 |
| 8352 || -14.759169948443 || 2018-08-09 02:45:11 |
| 8353 || 57.0412789000971 || 2018-06-20 12:38:17 |
| 8354 || 37.984552782545 || 2013-05-25 18:12:48 |
| 8355 || 1.06155329385801 || 2016-01-11 13:38:14 |
| 8356 || 4.73183287620393 || 2016-11-06 16:44:28 |
| 8357 || 49.6371657915982 || 2016-09-03 16:58:49 |
| 8358 || -27.9817821914093 || 2017-07-26 08:25:59 |
| 8359 || -1.07449244878522 || 2012-08-20 11:06:00 |
| 8360 || 0.898951230151634 || 2011-03-17 18:02:33 |
| 8361 || 11.2910030463537 || 2016-09-15 19:41:11 |
| 8362 || -0.232355982774962 || 2019-03-14 04:48:23 |
| 8363 || 89.272767636285 || 2012-10-07 07:40:44 |
| 8364 || 44.4037998064696 || 2018-03-05 13:27:00 |
| 8365 || 4.95747674783181 || 2012-11-22 09:52:43 |
| 8366 || 10.516335856568 || 2012-09-13 17:12:28 |
| 8367 || 24.2609767490209 || 2018-02-04 09:44:50 |
| 8368 || 51.2036132567405 || 2014-12-27 13:47:56 |
| 8369 || 8.84999404402424 || 2016-07-11 16:42:44 |
| 8370 || -2.47573824175353 || 2013-05-16 19:44:36 |
| 8371 || -2.5012965460504 || 2011-04-20 00:46:52 |
| 8372 || 22.6273475704437 || 2013-12-25 08:50:22 |
| 8373 || 84.1258160596897 || 2018-05-26 07:59:58 |
| 8374 || 61.0575316684221 || 2017-01-21 19:24:34 |
| 8375 || -3.98800731107925 || 2018-05-09 09:31:05 |
| 8376 || 3.1479812362809 || 2014-08-05 22:38:21 |
| 8377 || 41.5754027289905 || 2012-06-24 09:19:53 |
| 8378 || -25.0282662907419 || 2014-05-02 23:17:54 |
| 8379 || -11.4653194366475 || 2016-07-21 14:40:35 |
| 8380 || 5.46469950755124 || 2011-11-22 01:49:21 |
| 8381 || 1.11724876383515 || 2014-11-07 22:53:12 |
| 8382 || -14.0461038595612 || 2012-12-27 01:38:26 |
| 8383 || 49.974257573196 || 2015-11-12 13:57:43 |
| 8384 || -24.0747223549052 || 2018-09-23 03:13:56 |
| 8385 || 19.6442382418802 || 2019-02-11 07:41:48 |
| 8386 || 0.619139163429848 || 2011-12-09 00:01:50 |
| 8387 || 14.6645220571837 || 2018-04-03 02:06:35 |
| 8388 || -6.65788551539506 || 2011-04-21 09:57:58 |
| 8389 || -2.23142039752367 || 2014-06-19 21:53:44 |
| 8390 || -7.09484346043526 || 2017-02-17 21:14:43 |
| 8391 || -0.067546299193259 || 2010-07-02 14:51:03 |
| 8392 || 7.73826019474238 || 2012-08-03 20:23:02 |
| 8393 || 14.5735099490477 || 2010-11-23 15:38:39 |
| 8394 || -25.186548933165 || 2011-10-13 01:53:35 |
| 8395 || 26.9785529035051 || 2017-08-08 13:51:03 |
| 8396 || 1.1415370467037e-05 || 2010-02-15 00:09:14 |
| 8397 || 5.95574426094674 || 2010-11-07 07:40:49 |
| 8398 || 27.0039531343316 || 2010-03-21 21:18:39 |
| 8399 || 82.8110033053536 || 2010-02-05 18:05:37 |
| 8400 || 11.8406498116178 || 2012-02-17 08:03:44 |
| 8401 || 0.316570027378581 || 2014-04-20 10:16:41 |
| 8402 || 8.4163300490339 || 2011-05-09 05:30:46 |
| 8403 || 65.8341885662376 || 2011-06-05 16:13:48 |
| 8404 || 19.6240326415648 || 2014-07-09 23:51:08 |
| 8405 || -8.69905390242178 || 2014-02-23 17:45:26 |
| 8406 || 1.28298630514147 || 2018-07-05 20:33:32 |
| 8407 || 20.398288576986 || 2015-01-20 07:02:56 |
| 8408 || -18.1215778560336 || 2018-02-16 20:36:00 |
| 8409 || -18.3480947845397 || 2015-08-14 06:43:04 |
| 8410 || 44.0780636258973 || 2012-01-14 14:07:40 |
| 8411 || -0.926082284471481 || 2017-06-24 08:00:07 |
| 8412 || 5.99181592401324 || 2017-08-04 18:11:29 |
| 8413 || 60.5516332315644 || 2014-05-04 09:50:22 |
| 8414 || 4.88653102257806 || 2013-03-15 06:50:57 |
| 8415 || 51.3310490057147 || 2015-05-01 07:13:16 |
| 8416 || -1.08482155555184 || 2013-11-21 19:14:47 |
| 8417 || 10.9668368473705 || 2010-08-08 03:20:01 |
| 8418 || -20.8957875380316 || 2015-06-02 10:19:18 |
| 8419 || 63.2775784164148 || 2013-03-03 14:20:27 |
| 8420 || -13.8128786629764 || 2018-06-05 06:36:50 |
| 8421 || 5.25137798166513 || 2018-05-06 03:12:46 |
| 8422 || 4.4222229285329 || 2013-08-13 05:39:36 |
| 8423 || 46.9402530506709 || 2019-05-04 22:05:50 |
| 8424 || -20.4828940326561 || 2012-07-09 04:30:36 |
| 8425 || 59.6309550420064 || 2013-02-16 16:28:28 |
| 8426 || 1.64494787018083 || 2019-10-18 19:45:38 |
| 8427 || 5.70185899606638 || 2014-08-03 09:56:03 |
| 8428 || 14.7957116147223 || 2017-07-24 07:52:59 |
| 8429 || 59.6909481855809 || 2015-06-13 01:20:27 |
| 8430 || 21.285043740587 || 2012-01-19 06:27:27 |
| 8431 || 6.53616637178064 || 2019-06-15 16:12:46 |
| 8432 || 0.00691165914818698 || 2014-08-25 01:14:45 |
| 8433 || 35.2448237176339 || 2014-06-03 11:24:17 |
| 8434 || -29.3007625015646 || 2011-04-23 13:43:50 |
| 8435 || 69.7159124574707 || 2012-03-16 09:37:22 |
| 8436 || 4.85421140613556 || 2015-11-26 13:40:37 |
| 8437 || 1.13716049965737 || 2018-11-16 09:59:30 |
| 8438 || 3.17279596279323 || 2019-03-10 10:35:03 |
| 8439 || -28.504057854335 || 2010-09-27 23:52:14 |
| 8440 || 10.5365038016497 || 2016-03-20 00:16:27 |
| 8441 || 17.0159010546458 || 2010-06-08 21:10:44 |
| 8442 || -0.157639996602108 || 2013-02-14 20:51:04 |
| 8443 || 19.2787551037753 || 2013-09-11 11:41:45 |
| 8444 || 10.0511367295375 || 2014-09-11 07:08:31 |
| 8445 || -26.2591234554334 || 2016-05-27 10:30:49 |
| 8446 || -2.22878234209637 || 2010-12-19 00:55:17 |
| 8447 || 0.0105768852826555 || 2013-06-04 15:45:23 |
| 8448 || 14.7654551188575 || 2019-07-01 10:44:20 |
| 8449 || 10.2283391330219 || 2012-12-12 05:11:12 |
| 8450 || -27.4207188965381 || 2019-06-18 09:36:00 |
| 8451 || 20.2590414464732 || 2011-02-21 22:50:23 |
| 8452 || 0.0912545674677541 || 2010-02-27 23:53:27 |
| 8453 || -1.95984142054416 || 2014-08-25 18:08:02 |
| 8454 || -25.6808385181998 || 2016-02-03 10:22:48 |
| 8455 || -27.6340676097993 || 2015-09-09 10:23:25 |
| 8456 || 24.0222722457405 || 2016-05-16 05:16:07 |
| 8457 || 1.04331124713889 || 2016-04-27 14:47:38 |
| 8458 || -5.53961187683695 || 2015-12-24 15:04:28 |
| 8459 || 2.14288083646694 || 2012-03-05 09:21:47 |
| 8460 || -26.1377111714287 || 2014-11-07 11:57:04 |
| 8461 || 40.3857083379668 || 2010-08-25 09:32:04 |
| 8462 || 2.52264098924121 || 2016-06-17 23:35:00 |
| 8463 || 16.8376590449657 || 2018-09-05 19:57:33 |
| 8464 || -20.3884035566025 || 2017-08-13 23:06:58 |
| 8465 || -28.7882241615446 || 2010-03-26 06:08:06 |
| 8466 || -9.87116815704813 || 2018-03-14 08:59:03 |
| 8467 || 3.30241584269574 || 2016-12-18 00:36:09 |
| 8468 || 11.0607721554165 || 2016-11-13 16:38:28 |
| 8469 || -21.1089281943918 || 2017-08-06 22:00:28 |
| 8470 || 32.7314066714262 || 2012-03-17 00:06:02 |
| 8471 || 0.843244083796017 || 2011-02-21 22:42:59 |
| 8472 || 0.709611144168584 || 2017-06-04 11:56:42 |
| 8473 || 0.704911515399034 || 2017-10-06 12:53:48 |
| 8474 || 30.6342915479433 || 2012-02-15 21:53:40 |
| 8475 || 70.4289941151093 || 2017-07-26 22:24:02 |
| 8476 || 60.7607507636659 || 2017-09-11 00:47:06 |
| 8477 || -3.06104034071822 || 2012-01-05 07:46:39 |
| 8478 || 3.13986881574447 || 2018-02-10 23:09:34 |
| 8479 || 33.5336324181574 || 2014-03-23 20:05:36 |
| 8480 || -2.53863579031509 || 2014-10-24 13:18:42 |
| 8481 || -6.15534637437197 || 2011-02-23 23:37:12 |
| 8482 || 6.00869636824234 || 2015-12-15 07:01:27 |
| 8483 || -0.823686197553999 || 2011-04-09 01:50:31 |
| 8484 || 20.0595813662228 || 2011-06-14 05:35:17 |
| 8485 || 87.666261320181 || 2018-08-15 14:54:01 |
| 8486 || -17.0352487969764 || 2014-07-27 13:42:44 |
| 8487 || 10.6408576244981 || 2014-03-27 05:45:18 |
| 8488 || 0.542725559076928 || 2015-05-12 05:50:16 |
| 8489 || 14.7313940988231 || 2010-04-19 11:48:36 |
| 8490 || -14.8263425610479 || 2010-03-23 10:56:57 |
| 8491 || 13.2521910307308 || 2012-11-25 15:10:04 |
| 8492 || 8.31913176001508 || 2015-12-21 19:13:24 |
| 8493 || -0.213000390300879 || 2018-04-10 21:47:44 |
| 8494 || 3.06621290677844 || 2012-10-06 10:16:39 |
| 8495 || 79.1440527295361 || 2014-01-19 05:15:35 |
| 8496 || 0.094370482829515 || 2017-03-14 11:26:44 |
| 8497 || 18.4724651600372 || 2016-12-05 01:58:40 |
| 8498 || 0.0210493167027555 || 2019-10-01 04:05:04 |
| 8499 || -9.05002293841724 || 2016-05-19 05:12:33 |
| 8500 || -14.6753530168173 || 2012-03-03 17:11:49 |
| 8501 || 79.0595874552351 || 2015-09-12 06:51:19 |
| 8502 || 30.73751718524 || 2012-08-12 08:08:25 |
| 8503 || 0.10060356078668 || 2018-03-03 12:12:43 |
| 8504 || 27.0018988585566 || 2010-04-14 17:11:33 |
| 8505 || 25.1784813483398 || 2015-07-10 11:12:12 |
| 8506 || 83.8342233125454 || 2017-05-18 07:34:05 |
| 8507 || 13.883548355854 || 2011-10-02 14:52:16 |
| 8508 || -0.0321976701126485 || 2010-04-17 16:44:15 |
| 8509 || -6.07938993420407 || 2010-11-11 03:23:47 |
| 8510 || -24.4532199054584 || 2016-08-10 23:47:06 |
| 8511 || 79.5287584623976 || 2013-09-14 20:09:59 |
| 8512 || 14.2540968934808 || 2018-01-17 08:25:37 |
| 8513 || -0.275565358501178 || 2011-11-26 16:00:00 |
| 8514 || -5.21985614824888 || 2014-01-14 01:16:59 |
| 8515 || -22.9640138113527 || 2010-06-01 02:47:56 |
| 8516 || -22.7636264333805 || 2014-01-02 03:20:03 |
| 8517 || 40.5811442570181 || 2018-08-23 10:08:14 |
| 8518 || -0.17602839037166 || 2010-06-22 07:25:37 |
| 8519 || 5.37249366437559 || 2017-09-06 21:32:41 |
| 8520 || -17.482175653869 || 2012-04-06 16:30:02 |
| 8521 || -14.8534783359056 || 2018-08-06 15:33:31 |
| 8522 || 1.1010494321883 || 2011-06-12 06:34:45 |
| 8523 || 1.29666819094711 || 2019-09-03 16:33:10 |
| 8524 || 5.19873335588407 || 2012-11-17 18:53:54 |
| 8525 || -19.9626062239199 || 2019-08-20 17:04:00 |
| 8526 || -26.6873208284154 || 2018-05-04 16:57:37 |
| 8527 || 59.7879376189737 || 2011-08-12 10:27:29 |
| 8528 || 2.15712683975619 || 2010-07-11 10:23:47 |
| 8529 || -2.24112978914711 || 2016-11-16 14:28:31 |
| 8530 || -11.6258652557959 || 2019-07-12 22:57:21 |
| 8531 || 88.298856658378 || 2015-02-17 10:21:51 |
| 8532 || -13.6360045982939 || 2014-06-22 11:05:13 |
| 8533 || 13.2097090347643 || 2019-03-18 15:01:28 |
| 8534 || -1.09696373996294 || 2011-08-16 01:57:12 |
| 8535 || 48.7564583200599 || 2011-04-16 16:18:39 |
| 8536 || 1.67499473643612 || 2018-11-04 14:44:15 |
| 8537 || -22.6046170582542 || 2018-09-06 09:39:50 |
| 8538 || 17.5345428569534 || 2019-10-04 23:02:49 |
| 8539 || -0.642803644915804 || 2013-10-20 21:14:00 |
| 8540 || 42.0512510986474 || 2018-02-22 00:03:12 |
| 8541 || -5.79613353192692 || 2013-03-24 05:21:13 |
| 8542 || -22.3522165710189 || 2010-10-27 09:17:48 |
| 8543 || -5.05061581253293 || 2018-03-07 13:18:42 |
| 8544 || 0.808449842471021 || 2010-01-02 10:45:28 |
| 8545 || 16.1803930305173 || 2016-01-17 09:46:28 |
| 8546 || 2.0837370854938 || 2011-02-16 05:10:07 |
| 8547 || 18.5122748366512 || 2014-08-12 17:58:33 |
| 8548 || -3.54674309757268 || 2010-05-20 09:10:50 |
| 8549 || -0.0217965684682435 || 2010-05-09 06:02:07 |
| 8550 || -10.3743472546231 || 2019-03-09 11:45:38 |
| 8551 || 39.8604785816627 || 2014-05-02 11:52:43 |
| 8552 || -17.8874672243072 || 2017-08-22 21:01:45 |
| 8553 || -9.35299242567068 || 2015-05-09 13:51:59 |
| 8554 || 0.038462228231405 || 2014-08-21 18:27:45 |
| 8555 || 25.2097076769565 || 2010-08-20 15:01:49 |
| 8556 || 60.0671195412574 || 2015-02-23 00:23:23 |
| 8557 || -25.8596717517402 || 2015-02-18 23:39:12 |
| 8558 || 24.2811231882595 || 2018-11-21 14:13:51 |
| 8559 || 0.494464792210218 || 2018-07-19 00:24:21 |
| 8560 || -5.18123716251918 || 2013-12-12 08:59:44 |
| 8561 || 18.4908810753335 || 2017-12-05 21:04:59 |
| 8562 || 84.34894692354 || 2018-05-26 09:40:27 |
| 8563 || 4.47374256595212 || 2018-01-24 10:13:53 |
| 8564 || 1.68540329203495 || 2014-03-03 20:22:01 |
| 8565 || 13.7072614511642 || 2011-07-03 04:07:26 |
| 8566 || -14.6244128447898 || 2019-10-22 15:35:21 |
| 8567 || -17.9681589456604 || 2014-05-12 14:33:48 |
| 8568 || 47.8130472756848 || 2019-02-19 13:46:16 |
| 8569 || 3.76422443700889 || 2019-08-18 14:19:54 |
| 8570 || 1.26281534332788 || 2012-04-06 13:55:21 |
| 8571 || 38.2351751846331 || 2017-09-11 13:55:33 |
| 8572 || -20.4341645680536 || 2017-09-05 17:41:24 |
| 8573 || 36.9915793575831 || 2015-05-21 04:29:21 |
| 8574 || 5.50046364020205 || 2012-09-03 17:41:41 |
| 8575 || -0.286266696595016 || 2018-07-11 14:25:49 |
| 8576 || -17.2370932005575 || 2019-08-25 21:02:20 |
| 8577 || -29.4787883182964 || 2014-08-14 20:27:22 |
| 8578 || 0.418352449207963 || 2012-10-21 02:57:03 |
| 8579 || 8.2420255276796 || 2017-12-22 21:22:24 |
| 8580 || 1.85738878636665 || 2014-06-10 05:23:13 |
| 8581 || 8.49009650092956 || 2017-01-21 14:35:39 |
| 8582 || 89.1557643596291 || 2017-08-11 13:01:50 |
| 8583 || -5.82229090715746 || 2016-12-01 16:10:38 |
| 8584 || 2.58890020441631 || 2016-07-19 22:21:05 |
| 8585 || 2.45420885492346 || 2016-06-11 08:25:46 |
| 8586 || 41.847735346214 || 2014-05-09 21:04:19 |
| 8587 || 48.704276294662 || 2017-10-12 17:49:51 |
| 8588 || 68.0506598579015 || 2013-02-23 09:39:37 |
| 8589 || -3.42246906408794 || 2015-10-27 15:33:43 |
| 8590 || 0.445960470926925 || 2019-05-11 05:58:05 |
| 8591 || 31.4635685173133 || 2012-05-10 08:16:28 |
| 8592 || -28.6008143281061 || 2012-08-06 21:02:28 |
| 8593 || 20.9229849912125 || 2015-09-05 15:17:18 |
| 8594 || 7.90854677932219 || 2011-03-17 21:27:47 |
| 8595 || 0.694908123206178 || 2019-07-23 04:37:32 |
| 8596 || -8.07542145480566 || 2018-07-15 00:42:19 |
| 8597 || 74.0091649464103 || 2015-01-07 06:26:34 |
| 8598 || 2.79317371921366 || 2013-07-14 04:04:05 |
| 8599 || -0.0466672031840867 || 2011-04-08 14:03:56 |
| 8600 || -0.0191204440528865 || 2017-12-13 10:08:54 |
| 8601 || 8.27368505814945 || 2014-07-07 22:35:44 |
| 8602 || 40.2501499787597 || 2015-06-26 06:49:00 |
| 8603 || -26.9469002024711 || 2018-07-20 23:09:32 |
| 8604 || -2.19438934988577 || 2017-07-10 09:24:58 |
| 8605 || -0.0020384866498397 || 2011-10-12 02:26:47 |
| 8606 || 20.0554492575175 || 2015-05-25 22:19:26 |
| 8607 || -17.2374286350551 || 2013-03-08 12:42:01 |
| 8608 || 79.0202184542605 || 2016-10-05 13:21:26 |
| 8609 || 21.2678519149824 || 2013-05-07 04:06:07 |
| 8610 || 0.482593848453661 || 2017-08-09 06:24:25 |
| 8611 || 2.13238239905144 || 2011-07-11 13:47:03 |
| 8612 || -14.4663150861313 || 2017-12-09 14:45:47 |
| 8613 || 81.3545439918313 || 2017-03-07 17:29:45 |
| 8614 || 17.1806555410452 || 2018-06-05 14:45:50 |
| 8615 || -0.0791260385830144 || 2018-03-26 13:58:41 |
| 8616 || 18.9617376846352 || 2013-08-21 00:01:23 |
| 8617 || 67.80781569893 || 2017-03-04 16:39:08 |
| 8618 || 87.4930085334619 || 2017-08-02 00:45:42 |
| 8619 || 16.5376634826742 || 2015-11-07 05:57:32 |
| 8620 || -0.883516894782461 || 2013-03-21 10:58:05 |
| 8621 || 15.0317389041116 || 2016-08-05 03:11:58 |
| 8622 || 33.4591600774325 || 2017-08-13 19:30:15 |
| 8623 || -26.9327050354919 || 2018-03-14 05:17:10 |
| 8624 || 15.8903053337935 || 2015-07-08 07:22:11 |
| 8625 || -1.19618267819999 || 2012-11-03 16:02:27 |
| 8626 || -2.62966805920325 || 2017-04-17 00:49:47 |
| 8627 || 21.0247219457749 || 2015-07-27 19:16:04 |
| 8628 || -25.7620714457442 || 2015-07-06 15:20:28 |
| 8629 || 33.4295813865999 || 2010-10-15 08:19:15 |
| 8630 || 2.27376976388546 || 2013-08-03 12:47:27 |
| 8631 || 7.76884771223683 || 2012-01-12 13:55:11 |
| 8632 || -7.78071604419932 || 2010-07-13 15:48:43 |
| 8633 || 87.0650902179816 || 2016-01-26 20:47:27 |
| 8634 || -21.0226435908574 || 2014-08-16 05:51:52 |
| 8635 || -3.83094830945242 || 2018-08-20 05:03:12 |
| 8636 || -0.99368633457089 || 2011-10-07 05:22:52 |
| 8637 || 13.3073053202286 || 2015-03-18 23:09:34 |
| 8638 || -7.17837590786731 || 2013-05-11 05:33:10 |
| 8639 || 64.9817732262865 || 2017-09-14 21:48:29 |
| 8640 || 0.194828080781816 || 2017-12-16 08:55:03 |
| 8641 || 2.84172934018406 || 2018-09-25 03:48:43 |
| 8642 || -12.4206805528969 || 2013-02-21 00:23:50 |
| 8643 || 66.2377897365052 || 2013-12-01 04:47:22 |
| 8644 || -19.6568106197533 || 2010-11-07 19:17:36 |
| 8645 || -4.30580267928157 || 2014-03-24 18:23:56 |
| 8646 || -0.366952067695353 || 2017-04-02 22:20:53 |
| 8647 || 38.0386435590317 || 2016-04-27 08:18:11 |
| 8648 || 13.7410261339105 || 2010-10-12 04:30:04 |
| 8649 || 70.2124168590546 || 2014-10-24 21:24:37 |
| 8650 || 23.7550840543684 || 2019-05-14 23:57:33 |
| 8651 || -0.0995434422065685 || 2016-08-06 12:17:43 |
| 8652 || 27.9998551842668 || 2015-09-15 18:00:51 |
| 8653 || -18.4573630397735 || 2016-09-19 17:26:12 |
| 8654 || 32.6936173057753 || 2013-06-06 05:14:26 |
| 8655 || -8.68009779916105 || 2010-05-27 01:32:21 |
| 8656 || 0.000449906245709815 || 2010-11-24 01:50:37 |
| 8657 || 23.3413917588787 || 2015-12-06 15:11:05 |
| 8658 || -8.59655009608238 || 2015-05-06 22:53:39 |
| 8659 || 50.852989671257 || 2017-01-23 05:35:52 |
| 8660 || 5.89217177150739 || 2014-05-07 01:28:50 |
| 8661 || 0.178829467925016 || 2018-04-21 08:09:57 |
| 8662 || -5.559375552165 || 2013-10-19 21:13:32 |
| 8663 || 73.0887016838352 || 2013-02-23 01:56:49 |
| 8664 || 85.641391909792 || 2017-02-09 04:57:25 |
| 8665 || -12.7842499239653 || 2017-03-27 00:30:50 |
| 8666 || -0.433852161792687 || 2012-01-20 00:19:27 |
| 8667 || -6.59362620676776 || 2015-12-12 05:12:55 |
| 8668 || 72.1465943390831 || 2015-09-06 05:24:11 |
| 8669 || 4.65052844219053 || 2011-02-18 00:01:31 |
| 8670 || 46.1137714573582 || 2018-10-27 01:45:39 |
| 8671 || 0.194351834545731 || 2017-11-19 17:00:55 |
| 8672 || 11.2216135330018 || 2019-11-09 17:30:47 |
| 8673 || 0.27262121301475 || 2018-06-20 08:34:11 |
| 8674 || 85.6046722502945 || 2016-07-18 05:58:43 |
| 8675 || 7.74140950095941 || 2011-07-16 05:51:58 |
| 8676 || -0.683482470211945 || 2013-05-07 22:30:06 |
| 8677 || 1.9920950575887 || 2015-10-22 16:52:11 |
| 8678 || 25.6420340547159 || 2013-04-22 00:46:55 |
| 8679 || 17.0218607571266 || 2010-02-01 09:23:26 |
| 8680 || 4.51835070860158 || 2018-05-17 20:26:35 |
| 8681 || 0.607707446769604 || 2010-01-01 10:56:10 |
| 8682 || 7.6629666621182 || 2018-09-21 19:33:55 |
| 8683 || -12.8408607257322 || 2013-02-13 01:28:18 |
| 8684 || 85.2756543714638 || 2016-06-07 20:18:50 |
| 8685 || 34.0001733747128 || 2016-10-02 19:09:07 |
| 8686 || -0.517573876787582 || 2016-04-23 16:09:38 |
| 8687 || -1.3653961843911 || 2018-04-05 11:06:48 |
| 8688 || 10.7011760832074 || 2019-08-19 17:28:41 |
| 8689 || 62.811256054466 || 2016-12-22 20:37:22 |
| 8690 || -21.513726720766 || 2012-10-23 18:18:35 |
| 8691 || 8.60390790843796 || 2015-08-27 08:15:23 |
| 8692 || 2.737567250111 || 2016-11-19 14:54:32 |
| 8693 || -5.36245506751166 || 2011-12-22 18:29:08 |
| 8694 || 81.1047383840028 || 2018-08-21 17:36:17 |
| 8695 || 70.0784222203252 || 2017-09-09 18:51:44 |
| 8696 || 19.6392113634571 || 2010-09-14 15:20:57 |
| 8697 || 0.730120145596511 || 2012-09-20 20:44:00 |
| 8698 || -13.8302816210168 || 2016-08-10 11:23:08 |
| 8699 || 20.7469422244096 || 2013-03-12 10:14:30 |
| 8700 || -16.9798969398562 || 2017-08-12 19:50:28 |
| 8701 || -3.84529245426551 || 2012-02-10 00:06:42 |
| 8702 || 0.125267797697181 || 2013-01-21 11:38:49 |
| 8703 || 1.97315568470581 || 2014-01-08 11:29:56 |
| 8704 || -25.7909908707494 || 2016-11-26 20:01:05 |
| 8705 || 78.7686348221678 || 2010-06-07 05:40:07 |
| 8706 || 2.63512810802589 || 2013-12-27 14:33:45 |
| 8707 || 0.00234954901910889 || 2015-03-15 08:14:25 |
| 8708 || 2.79384638550552 || 2010-06-08 10:49:46 |
| 8709 || 44.0600459452476 || 2015-07-13 09:44:21 |
| 8710 || 63.1749225988655 || 2018-10-05 19:49:32 |
| 8711 || 15.7483286428038 || 2019-05-22 20:41:49 |
| 8712 || 0.164171287306589 || 2017-08-08 15:06:14 |
| 8713 || -3.49552163979754 || 2012-02-01 12:17:43 |
| 8714 || 29.2490605809612 || 2018-01-06 17:54:42 |
| 8715 || 59.8636802278265 || 2012-03-06 05:34:58 |
| 8716 || 39.4602590815919 || 2016-09-26 16:55:49 |
| 8717 || 0.693144916996125 || 2010-08-25 16:10:46 |
| 8718 || -6.79239376994798 || 2019-07-25 01:41:37 |
| 8719 || -11.8703317658422 || 2019-11-02 00:22:33 |
| 8720 || 75.1606614655568 || 2018-10-16 01:42:57 |
| 8721 || 39.994022278764 || 2017-07-10 04:10:26 |
| 8722 || 1.56711650119255 || 2010-07-03 08:00:36 |
| 8723 || 7.93409424093982 || 2016-05-03 15:51:06 |
| 8724 || 23.4668890305729 || 2017-03-02 14:05:05 |
| 8725 || -13.2898022865529 || 2017-04-16 11:45:24 |
| 8726 || -3.03646381398617 || 2014-05-23 07:07:16 |
| 8727 || 1.99246595467187 || 2010-03-23 14:55:19 |
| 8728 || 11.8132722879672 || 2019-12-22 20:10:13 |
| 8729 || -18.2790602471525 || 2018-04-05 03:21:44 |
| 8730 || 4.61806334620575 || 2014-09-07 20:29:52 |
| 8731 || -12.4160887230617 || 2010-10-15 09:44:37 |
| 8732 || 7.32396317538804 || 2011-12-23 15:37:14 |
| 8733 || 8.13076022443732 || 2015-12-02 23:54:59 |
| 8734 || 11.4971921497393 || 2018-02-22 11:12:27 |
| 8735 || 80.1128128604956 || 2019-10-20 11:21:40 |
| 8736 || 17.4997056799751 || 2017-09-13 18:28:14 |
| 8737 || -1.43237631362137 || 2014-06-17 13:11:05 |
| 8738 || 0.541192020464199 || 2012-09-08 03:28:10 |
| 8739 || 27.696566335272 || 2014-06-03 02:56:13 |
| 8740 || 85.0083770559052 || 2012-05-05 17:40:28 |
| 8741 || 64.7212905101485 || 2019-08-04 04:26:51 |
| 8742 || 10.3189445871902 || 2014-11-16 16:33:31 |
| 8743 || 1.08245911569607 || 2012-06-22 04:20:22 |
| 8744 || 42.6499911038541 || 2017-04-01 05:13:20 |
| 8745 || 86.0948161400784 || 2013-11-17 06:02:31 |
| 8746 || 67.9593763907775 || 2010-01-25 23:25:11 |
| 8747 || 13.35655686289 || 2013-03-19 14:55:21 |
| 8748 || 1.25437280113463 || 2010-05-16 23:51:12 |
| 8749 || 20.961671080759 || 2018-09-22 05:17:23 |
| 8750 || -27.7188736670617 || 2018-08-12 23:37:44 |
| 8751 || -19.4261180144953 || 2018-05-20 18:09:27 |
| 8752 || -7.64049858765599 || 2013-12-04 01:11:20 |
| 8753 || -0.0749036222463961 || 2015-04-24 23:13:46 |
| 8754 || 12.7086962657755 || 2016-07-09 19:15:28 |
| 8755 || 33.5695914793501 || 2011-07-08 04:01:35 |
| 8756 || -24.7612319164974 || 2013-06-17 01:15:40 |
| 8757 || 25.572136859473 || 2015-04-03 17:58:42 |
| 8758 || -0.00807140112232371 || 2015-03-15 22:54:47 |
| 8759 || 0.589380049294668 || 2017-12-23 04:05:01 |
| 8760 || 36.8421447233293 || 2012-12-19 23:35:44 |
| 8761 || 6.00835016169574 || 2011-06-13 19:49:54 |
| 8762 || -9.97193518793889 || 2017-04-13 19:41:39 |
| 8763 || -0.0394553835169991 || 2012-06-05 10:49:51 |
| 8764 || 22.213003582685 || 2015-07-22 12:52:58 |
| 8765 || 65.8311093880627 || 2019-03-07 08:04:18 |
| 8766 || -23.3813069904023 || 2015-03-10 09:21:15 |
| 8767 || -8.1779416402425 || 2018-08-14 13:55:31 |
| 8768 || 0.177439669809036 || 2018-10-23 23:46:08 |
| 8769 || 19.2635634404085 || 2019-04-25 09:59:23 |
| 8770 || -14.5332518560749 || 2018-03-06 15:13:40 |
| 8771 || 86.2784103435395 || 2015-05-07 01:26:54 |
| 8772 || 12.781672260067 || 2012-03-12 18:44:10 |
| 8773 || 2.02520549787598 || 2018-06-21 03:01:00 |
| 8774 || 16.929914520779 || 2013-04-10 14:56:28 |
| 8775 || 20.3934479093104 || 2013-05-21 21:51:34 |
| 8776 || -7.99105546166178 || 2015-10-13 19:20:03 |
| 8777 || 35.9403180784782 || 2016-04-20 16:28:53 |
| 8778 || -0.243051901485048 || 2015-09-12 01:39:43 |
| 8779 || 0.751145726620041 || 2010-01-13 23:57:37 |
| 8780 || -21.5344494409721 || 2010-10-03 09:41:13 |
| 8781 || -4.01911670867797 || 2017-11-10 23:37:31 |
| 8782 || 52.4521566860762 || 2010-06-24 21:48:23 |
| 8783 || -2.26133983646162 || 2019-12-01 14:23:27 |
| 8784 || 5.10461945078267 || 2015-05-16 02:16:54 |
| 8785 || -14.3158037619247 || 2019-05-04 23:45:32 |
| 8786 || 9.17053510427906 || 2011-05-05 01:15:59 |
| 8787 || 20.6532630486744 || 2013-04-25 16:22:32 |
| 8788 || 4.7855131772833 || 2019-10-08 08:36:49 |
| 8789 || 2.60276165452289 || 2018-05-10 08:18:57 |
| 8790 || 5.98519576546519 || 2016-04-05 15:48:49 |
| 8791 || 89.5339512662529 || 2013-08-10 08:36:18 |
| 8792 || -4.74845267972038 || 2016-12-13 21:58:34 |
| 8793 || 6.97336301245109 || 2014-04-20 08:09:16 |
| 8794 || -1.32762403444423 || 2015-03-01 11:33:18 |
| 8795 || 48.8481925163591 || 2010-07-26 06:55:31 |
| 8796 || 65.1614051912558 || 2019-01-16 12:50:43 |
| 8797 || 26.1271720579119 || 2012-07-07 17:43:48 |
| 8798 || 17.2532451266955 || 2014-09-14 10:52:29 |
| 8799 || -0.634300738032886 || 2012-02-14 15:03:40 |
| 8800 || 40.2883762654017 || 2013-09-13 11:09:30 |
| 8801 || 25.6645806334293 || 2010-12-02 02:34:48 |
| 8802 || -24.5908679662424 || 2018-09-04 13:18:38 |
| 8803 || 21.2655815706698 || 2015-06-22 02:54:39 |
| 8804 || 0.329838959454899 || 2016-12-11 10:05:26 |
| 8805 || 5.95789710502726 || 2011-10-13 17:34:57 |
| 8806 || 26.1003942897523 || 2010-12-04 04:34:08 |
| 8807 || -21.5563110749636 || 2016-12-16 13:18:25 |
| 8808 || 27.1193859726393 || 2018-06-05 22:14:10 |
| 8809 || 0.0676615296903324 || 2013-05-17 14:19:49 |
| 8810 || 17.862553262589 || 2015-07-14 18:36:37 |
| 8811 || 30.6238366311972 || 2011-07-27 10:00:25 |
| 8812 || 57.9258499387433 || 2016-08-23 08:52:46 |
| 8813 || 31.9497662759211 || 2012-05-22 08:12:18 |
| 8814 || 0.0207204689497334 || 2018-09-17 19:41:27 |
| 8815 || -7.27261621455407 || 2014-02-18 23:09:51 |
| 8816 || -23.0505123876082 || 2014-09-21 19:10:14 |
| 8817 || 73.0681889829154 || 2017-08-14 05:46:05 |
| 8818 || 27.0046541563984 || 2010-07-25 22:36:58 |
| 8819 || -0.149696047802164 || 2018-04-04 10:16:42 |
| 8820 || 21.0968291534969 || 2012-07-02 19:21:59 |
| 8821 || 4.78296544267377 || 2012-07-23 06:53:50 |
| 8822 || -25.8488736039624 || 2015-05-18 00:33:26 |
| 8823 || 39.7288354037145 || 2012-02-21 08:11:56 |
| 8824 || -0.111851286042038 || 2018-07-18 09:48:11 |
| 8825 || -0.906446810444126 || 2011-06-11 12:19:49 |
| 8826 || 29.4210293711195 || 2014-01-17 20:19:35 |
| 8827 || 85.6931441307224 || 2016-03-21 01:42:34 |
| 8828 || 25.1179296956793 || 2010-08-01 20:38:37 |
| 8829 || 0.979475111331163 || 2011-05-26 13:05:52 |
| 8830 || -3.9253118251438 || 2014-06-27 04:14:17 |
| 8831 || -3.68401209119408 || 2014-09-23 23:44:40 |
| 8832 || 86.4042512026225 || 2014-01-27 15:26:41 |
| 8833 || 21.8553209550326 || 2010-06-01 15:50:14 |
| 8834 || 6.34322748863593 || 2013-08-06 10:32:32 |
| 8835 || 10.3361776976483 || 2014-03-02 17:12:56 |
| 8836 || 31.6210805638437 || 2010-12-18 08:12:47 |
| 8837 || 78.4273907336425 || 2019-01-06 15:29:48 |
| 8838 || 46.4936729514492 || 2012-02-16 16:16:13 |
| 8839 || 9.37040881453585 || 2018-10-16 23:41:09 |
| 8840 || -0.788537697990465 || 2013-12-09 01:16:19 |
| 8841 || -10.102043372804 || 2014-06-20 13:44:48 |
| 8842 || -15.6568389740055 || 2017-07-12 17:28:25 |
| 8843 || 9.83404641451086 || 2018-02-21 14:14:41 |
| 8844 || -3.10182468034483 || 2016-10-17 03:07:32 |
| 8845 || 1.13360101925156 || 2015-02-17 18:29:18 |
| 8846 || 30.6026487449852 || 2011-03-24 19:53:30 |
| 8847 || 14.8537328221355 || 2013-11-03 21:22:31 |
| 8848 || 39.4099007767816 || 2019-06-03 06:10:19 |
| 8849 || -0.178950345059483 || 2016-04-09 02:22:30 |
| 8850 || 1.90264295231704 || 2013-12-22 15:05:44 |
| 8851 || 11.3610446864273 || 2014-08-15 12:29:18 |
| 8852 || 44.6406734680533 || 2016-07-08 20:30:08 |
| 8853 || 39.168607493523 || 2011-09-25 14:02:17 |
| 8854 || 6.31097183218345 || 2019-09-05 11:06:29 |
| 8855 || 0.93851643008376 || 2010-08-20 19:20:08 |
| 8856 || 26.7584745897239 || 2012-10-23 04:24:52 |
| 8857 || 71.1958493036024 || 2014-01-10 03:04:53 |
| 8858 || -25.5240558235911 || 2010-04-04 17:05:51 |
| 8859 || 0.284783835577484 || 2012-10-21 17:48:07 |
| 8860 || -0.05388450281346 || 2019-07-18 19:22:00 |
| 8861 || 18.4846422078984 || 2013-03-05 05:30:57 |
| 8862 || 45.56412992907 || 2014-09-25 18:24:27 |
| 8863 || -1.09595023405654 || 2018-08-02 20:24:44 |
| 8864 || -9.6570915484489 || 2014-02-15 14:28:37 |
| 8865 || 0.00218680641435269 || 2013-06-23 11:58:27 |
| 8866 || -4.56647226361169 || 2017-04-07 06:14:05 |
| 8867 || -26.1001590056369 || 2014-03-18 12:56:29 |
| 8868 || 37.1034969563372 || 2019-03-12 01:00:42 |
| 8869 || -11.9270312670441 || 2016-08-02 13:07:27 |
| 8870 || 0.524991237600163 || 2019-03-08 10:39:25 |
| 8871 || 7.26343106661147 || 2012-12-20 07:18:43 |
| 8872 || 64.4419864474122 || 2018-03-05 00:29:32 |
| 8873 || 83.203952434125 || 2010-06-07 10:59:45 |
| 8874 || -6.91689900256875 || 2013-05-09 14:06:32 |
| 8875 || -0.20361505451603 || 2011-06-20 06:43:49 |
| 8876 || -5.36552423230864 || 2010-05-23 18:49:12 |
| 8877 || -9.93939534646108 || 2013-06-09 20:14:06 |
| 8878 || -25.8766215031194 || 2019-02-07 08:33:59 |
| 8879 || 33.7971593255593 || 2013-08-20 00:59:41 |
| 8880 || 1.04909417758968 || 2016-06-01 03:42:54 |
| 8881 || -4.69270131232716 || 2015-09-25 15:43:05 |
| 8882 || 57.4595812556375 || 2018-01-02 03:26:07 |
| 8883 || 24.484352899479 || 2010-01-18 06:19:51 |
| 8884 || -12.7478385497905 || 2010-12-09 21:35:40 |
| 8885 || -1.95233591471615 || 2011-10-02 05:24:24 |
| 8886 || -0.310463836107828 || 2012-12-24 07:00:23 |
| 8887 || 7.89823952420796 || 2018-12-12 23:05:05 |
| 8888 || -9.99171796241863 || 2015-01-09 15:30:37 |
| 8889 || 40.1354520134298 || 2010-11-20 01:59:21 |
| 8890 || -1.01169765423082 || 2011-11-06 07:15:05 |
| 8891 || -2.37444222325441 || 2019-06-12 03:06:17 |
| 8892 || 19.4898247772407 || 2017-01-02 07:37:25 |
| 8893 || -22.9643586531488 || 2019-01-16 07:44:04 |
| 8894 || -8.05173986194319 || 2010-08-14 06:22:45 |
| 8895 || 11.9492439661442 || 2019-10-11 05:56:47 |
| 8896 || 2.56470284749298 || 2018-08-18 11:55:09 |
| 8897 || 48.4374754647155 || 2010-07-14 16:43:19 |
| 8898 || 26.1186148641035 || 2018-03-22 07:31:15 |
| 8899 || -10.4376923287386 || 2014-12-03 08:56:48 |
| 8900 || 15.6278362364963 || 2012-12-14 05:14:20 |
| 8901 || 2.39199655099332 || 2014-08-02 08:22:56 |
| 8902 || 45.1658390758884 || 2010-05-15 19:23:35 |
| 8903 || 87.0633520628425 || 2012-09-09 13:52:13 |
| 8904 || 6.92257246844611 || 2012-12-11 19:58:07 |
| 8905 || 17.1359228820543 || 2015-09-05 11:34:31 |
| 8906 || -0.182408956881192 || 2017-06-10 14:23:58 |
| 8907 || 3.40899246941359 || 2015-06-13 16:36:24 |
| 8908 || -19.5563034575535 || 2018-11-03 22:55:02 |
| 8909 || 57.0403252370782 || 2015-04-25 20:09:00 |
| 8910 || 18.1636957126581 || 2016-05-10 05:00:26 |
| 8911 || -0.0116649130565377 || 2011-08-13 17:44:00 |
| 8912 || 34.7382225429824 || 2014-08-01 20:29:47 |
| 8913 || 77.1862139719561 || 2012-08-19 16:46:40 |
| 8914 || 60.6219383409708 || 2014-05-10 10:33:23 |
| 8915 || 8.24013021815163 || 2015-11-16 10:30:45 |
| 8916 || -0.000349311945132413 || 2019-11-26 18:14:49 |
| 8917 || -5.00588527852691 || 2016-04-26 18:03:33 |
| 8918 || -23.2940680002696 || 2010-05-20 12:47:52 |
| 8919 || 50.4528906874536 || 2013-10-10 20:24:22 |
| 8920 || 34.9994701699798 || 2011-05-09 08:10:07 |
| 8921 || 0.0176863630154357 || 2012-08-16 07:58:03 |
| 8922 || 13.9683893106555 || 2013-01-04 19:18:05 |
| 8923 || -0.327629837215317 || 2019-12-24 10:10:05 |
| 8924 || 30.803817245167 || 2016-06-07 06:38:59 |
| 8925 || -1.79407070262204 || 2016-08-22 13:15:40 |
| 8926 || 0.747027234971895 || 2014-09-20 00:34:55 |
| 8927 || 18.5238629437168 || 2019-06-04 14:53:12 |
| 8928 || -17.7220558752849 || 2010-10-07 12:51:39 |
| 8929 || 40.0968048623135 || 2019-02-06 14:53:16 |
| 8930 || 18.5853346573228 || 2019-04-04 23:25:24 |
| 8931 || -0.0379219448925505 || 2013-10-18 03:01:17 |
| 8932 || 5.72647574214025 || 2016-04-18 12:47:37 |
| 8933 || 21.1315627700596 || 2010-04-15 14:28:18 |
| 8934 || -7.71621558386974 || 2018-05-13 07:10:09 |
| 8935 || 17.6247348270837 || 2012-12-03 06:32:31 |
| 8936 || 5.07753938075317 || 2018-10-18 00:41:09 |
| 8937 || 11.1695116919022 || 2015-02-20 22:15:52 |
| 8938 || 48.994535390503 || 2019-07-08 18:46:36 |
| 8939 || 89.7459250599833 || 2013-03-12 23:00:52 |
| 8940 || 56.7349370350274 || 2017-11-01 04:52:50 |
| 8941 || 3.93815932296345 || 2012-07-02 01:16:18 |
| 8942 || 4.77681679131544 || 2018-09-07 22:37:39 |
| 8943 || 40.9870132671786 || 2011-06-18 17:51:53 |
| 8944 || 78.5125691836532 || 2013-03-17 01:19:38 |
| 8945 || -20.7256951707314 || 2010-06-09 15:15:15 |
| 8946 || 6.4629238419685 || 2010-05-20 19:59:26 |
| 8947 || 1.30457099654704 || 2015-11-06 04:35:41 |
| 8948 || -17.3441552202731 || 2018-01-12 12:38:57 |
| 8949 || 69.0263968742565 || 2010-07-07 07:08:53 |
| 8950 || 35.9702036938064 || 2019-12-11 19:06:51 |
| 8951 || -2.65683344194496 || 2019-08-03 21:31:41 |
| 8952 || 0.770341944336566 || 2016-02-11 23:10:16 |
| 8953 || -5.42803405600649 || 2014-01-17 20:16:54 |
| 8954 || 58.7461925018041 || 2011-09-16 18:34:22 |
| 8955 || 67.4642791029872 || 2016-07-24 00:43:15 |
| 8956 || -2.88573035914558 || 2014-11-23 22:03:45 |
| 8957 || 0.424239755385935 || 2011-12-12 23:25:13 |
| 8958 || 35.3967817344528 || 2014-08-11 15:30:35 |
| 8959 || 59.5095381143979 || 2016-02-25 11:17:42 |
| 8960 || 38.5594427990174 || 2011-05-02 10:40:39 |
| 8961 || 24.3175951906024 || 2018-09-06 12:33:54 |
| 8962 || 0.0237305317301827 || 2010-12-13 18:13:33 |
| 8963 || 34.9777408028256 || 2014-10-05 02:13:54 |
| 8964 || 35.4311452469245 || 2016-01-13 10:29:52 |
| 8965 || -24.7463377708588 || 2010-11-16 21:43:19 |
| 8966 || 2.97214833221999 || 2016-02-18 13:36:27 |
| 8967 || 0.00164591993167413 || 2019-09-06 20:59:17 |
| 8968 || -8.98421987703374 || 2015-11-18 21:06:32 |
| 8969 || 47.3865046031787 || 2010-11-16 04:34:18 |
| 8970 || 29.7156207933438 || 2019-10-18 19:39:16 |
| 8971 || 19.457148503747 || 2013-03-02 21:37:45 |
| 8972 || -0.0309940792978562 || 2017-12-15 16:05:12 |
| 8973 || 0.0589479432511791 || 2016-07-24 16:46:37 |
| 8974 || 54.5163580682994 || 2011-06-25 07:15:03 |
| 8975 || 19.5394175941823 || 2010-01-09 23:56:37 |
| 8976 || -7.38912814736898 || 2013-05-22 20:45:22 |
| 8977 || -0.284801462927982 || 2015-11-15 06:18:34 |
| 8978 || 17.9614100023528 || 2015-10-19 09:20:52 |
| 8979 || 35.6231683563962 || 2015-06-27 05:35:47 |
| 8980 || 37.4517056549935 || 2018-10-15 04:15:04 |
| 8981 || 39.948652074926 || 2013-01-10 05:36:06 |
| 8982 || 0.391105604256435 || 2013-04-02 07:24:43 |
| 8983 || 0.0320734289271793 || 2017-02-14 16:22:13 |
| 8984 || -15.0457745395329 || 2019-01-02 05:12:26 |
| 8985 || -29.6858907614717 || 2010-07-05 12:00:56 |
| 8986 || -15.1251495436358 || 2014-11-25 08:23:30 |
| 8987 || 4.91859181643125 || 2016-02-27 08:42:00 |
| 8988 || 0.484295965124939 || 2010-10-01 06:09:38 |
| 8989 || 12.0260980710578 || 2011-01-09 14:02:52 |
| 8990 || 88.9996177555529 || 2019-11-12 19:00:58 |
| 8991 || -16.8755154853184 || 2012-10-23 01:52:47 |
| 8992 || -2.4597207675496 || 2010-11-06 18:04:50 |
| 8993 || 7.28914489272417 || 2012-07-22 19:54:05 |
| 8994 || 31.018431925775 || 2012-08-01 13:32:26 |
| 8995 || 77.3524233200911 || 2012-10-11 16:52:15 |
| 8996 || -17.0427432010872 || 2014-01-09 07:42:43 |
| 8997 || 10.2986551327261 || 2016-04-10 03:18:06 |
| 8998 || -0.545572688303745 || 2011-03-23 15:41:58 |
| 8999 || 39.5388695534347 || 2011-02-06 20:58:45 |
| 9000 || -3.14216433285327 || 2017-01-21 00:50:29 |
| 9001 || 13.529042557191 || 2011-04-01 03:48:01 |
| 9002 || 8.56266030434726 || 2010-01-12 12:05:07 |
| 9003 || -0.502667507071258 || 2015-09-24 17:52:56 |
| 9004 || 2.53984609995359 || 2015-11-09 06:58:43 |
| 9005 || 17.4208661929131 || 2016-07-04 15:58:40 |
| 9006 || 2.06483663079879 || 2016-03-27 08:18:57 |
| 9007 || -3.82060439829506 || 2019-07-02 15:44:34 |
| 9008 || 1.70693549024243 || 2010-03-09 01:37:15 |
| 9009 || 5.8342499078082 || 2011-03-20 23:27:26 |
| 9010 || 24.5766681093177 || 2010-09-11 09:51:22 |
| 9011 || -24.3749916181056 || 2011-06-07 16:22:52 |
| 9012 || 6.20445836173457 || 2014-05-13 10:54:15 |
| 9013 || 0.200312165888421 || 2011-08-10 20:59:07 |
| 9014 || 20.4373077317107 || 2014-10-07 22:59:09 |
| 9015 || -25.3481095079934 || 2016-12-12 07:02:24 |
| 9016 || -19.3362428685749 || 2019-08-11 20:38:14 |
| 9017 || 11.1021140522403 || 2012-03-05 10:53:31 |
| 9018 || 0.0148692190858454 || 2015-07-18 06:02:49 |
| 9019 || -10.127425898402 || 2018-09-23 02:07:23 |
| 9020 || -25.1005333155514 || 2014-06-11 03:54:38 |
| 9021 || -3.69735859033434 || 2016-11-13 17:40:59 |
| 9022 || -10.3565761123061 || 2019-08-21 18:56:42 |
| 9023 || 0.117681914947182 || 2016-02-09 02:12:04 |
| 9024 || 18.5740594844139 || 2014-05-10 13:36:16 |
| 9025 || -6.83544818088611 || 2017-03-11 00:06:50 |
| 9026 || 10.477564316527 || 2017-02-19 05:24:09 |
| 9027 || 38.7364244383287 || 2017-08-10 08:24:39 |
| 9028 || 0.914353872824519 || 2011-02-22 03:33:06 |
| 9029 || -6.77450341241313 || 2018-02-05 10:10:24 |
| 9030 || -9.6795534588691 || 2010-09-26 22:59:32 |
| 9031 || -11.2076185679304 || 2010-06-11 18:12:45 |
| 9032 || 35.1680870834486 || 2011-06-09 20:57:02 |
| 9033 || 1.04494092042671 || 2012-07-01 07:16:00 |
| 9034 || 12.9195024417958 || 2016-05-04 19:06:57 |
| 9035 || 57.5512898697096 || 2017-09-25 02:09:41 |
| 9036 || 57.5726708932603 || 2013-07-19 15:51:56 |
| 9037 || -10.8846676013067 || 2014-10-07 15:35:59 |
| 9038 || 1.46569394497524 || 2010-07-25 21:14:41 |
| 9039 || -2.87973325171317 || 2019-02-22 18:09:58 |
| 9040 || -20.9944353069548 || 2017-09-22 05:57:33 |
| 9041 || -26.0830336722096 || 2011-08-20 14:28:20 |
| 9042 || 21.4916232505243 || 2013-09-18 12:56:00 |
| 9043 || 3.82360550690334 || 2013-11-02 09:03:32 |
| 9044 || 1.93212917387925 || 2018-08-03 12:06:03 |
| 9045 || 7.24828795032914 || 2018-07-23 08:21:36 |
| 9046 || 15.5551022940557 || 2011-10-18 06:03:10 |
| 9047 || 51.3213900640566 || 2015-01-09 01:37:10 |
| 9048 || 7.76220802289474 || 2012-03-02 19:57:31 |
| 9049 || -0.621413278927924 || 2017-01-13 17:12:54 |
| 9050 || 17.4143085942998 || 2012-06-08 18:19:56 |
| 9051 || -13.8692655308073 || 2013-03-24 01:10:25 |
| 9052 || 56.5914580673913 || 2010-11-23 14:29:29 |
| 9053 || 1.00570218596672 || 2017-04-05 20:22:13 |
| 9054 || 0.0369980910863865 || 2011-05-04 17:23:08 |
| 9055 || 42.2458146794332 || 2012-03-27 18:06:13 |
| 9056 || 67.2102986966587 || 2012-05-23 09:50:25 |
| 9057 || 66.4014663359433 || 2018-03-25 19:22:10 |
| 9058 || -3.64967912105911 || 2012-07-16 13:09:45 |
| 9059 || -0.331756655317635 || 2011-04-26 09:19:21 |
| 9060 || -11.6990516631119 || 2017-12-19 15:23:55 |
| 9061 || -10.4373286793575 || 2012-07-12 00:25:48 |
| 9062 || 8.68483032998445 || 2016-04-22 16:01:34 |
| 9063 || 21.3493352777237 || 2015-04-21 22:51:05 |
| 9064 || 0.704201037013843 || 2016-07-27 19:51:36 |
| 9065 || 32.1958424425667 || 2014-04-20 20:01:29 |
| 9066 || 51.9187058343274 || 2014-09-19 13:10:34 |
| 9067 || 4.51032504031917 || 2016-12-13 12:19:45 |
| 9068 || 0.504293821265898 || 2019-07-19 19:23:15 |
| 9069 || 0.0737915981001664 || 2016-05-09 20:42:28 |
| 9070 || 12.6499099530774 || 2011-07-18 18:14:07 |
| 9071 || 15.1396597050485 || 2013-06-07 18:53:40 |
| 9072 || -6.53384133819851 || 2019-07-22 03:41:20 |
| 9073 || 7.31904457768927 || 2018-06-12 03:23:51 |
| 9074 || -0.00103792935611474 || 2010-10-08 02:17:54 |
| 9075 || 1.11515349076272 || 2016-06-25 02:03:44 |
| 9076 || 63.0635090065718 || 2014-07-12 17:49:00 |
| 9077 || 15.3001459593994 || 2015-09-06 14:25:40 |
| 9078 || -5.37009901513405 || 2011-01-13 19:22:06 |
| 9079 || -0.0114173488971387 || 2015-10-08 21:37:45 |
| 9080 || 22.0875754744845 || 2018-01-26 18:51:27 |
| 9081 || 39.727589964286 || 2018-01-25 17:38:50 |
| 9082 || 7.4201417135631 || 2015-12-13 09:39:40 |
| 9083 || -13.0311608398236 || 2010-01-22 08:19:57 |
| 9084 || 0.912363044437812 || 2018-12-10 22:13:30 |
| 9085 || -5.0068791344939 || 2017-10-23 03:29:35 |
| 9086 || 13.7918172246781 || 2019-12-06 01:54:33 |
| 9087 || -21.6862208271234 || 2015-11-07 15:42:55 |
| 9088 || 48.1313091647334 || 2016-05-27 11:11:12 |
| 9089 || -1.25299162689148 || 2018-05-25 04:00:54 |
| 9090 || -3.44776538301106 || 2016-12-04 03:55:20 |
| 9091 || 60.4691412555723 || 2011-07-11 23:16:10 |
| 9092 || 89.0726849066884 || 2014-04-04 15:04:56 |
| 9093 || 24.1256653770605 || 2014-03-25 19:01:00 |
| 9094 || -0.00302468937214279 || 2019-03-21 12:31:52 |
| 9095 || -1.97124690021233 || 2017-01-18 04:55:30 |
| 9096 || 57.9029724463506 || 2019-06-18 09:23:52 |
| 9097 || -27.5008647696292 || 2019-05-23 10:58:28 |
| 9098 || 47.7395676858991 || 2016-05-11 03:55:21 |
| 9099 || -2.91041045587307 || 2012-07-17 04:47:08 |
| 9100 || 4.79669214342468 || 2018-09-09 23:21:44 |
| 9101 || 50.0938517156633 || 2017-05-20 11:38:39 |
| 9102 || 67.2376973753509 || 2011-11-21 07:28:23 |
| 9103 || 47.2750316520097 || 2015-03-20 22:14:22 |
| 9104 || 5.90654492876838 || 2010-04-22 01:46:35 |
| 9105 || -0.906425553174419 || 2014-07-20 17:31:16 |
| 9106 || 49.0075931172674 || 2013-01-03 11:24:33 |
| 9107 || -24.4355905614802 || 2014-01-09 11:48:58 |
| 9108 || 63.1237792865391 || 2012-04-13 11:43:03 |
| 9109 || 4.74416811796232 || 2012-05-10 12:27:14 |
| 9110 || 2.09184997526719 || 2016-02-16 17:05:11 |
| 9111 || 42.7620178365207 || 2012-05-17 13:53:46 |
| 9112 || 68.5880663189236 || 2019-10-27 04:37:50 |
| 9113 || 47.6086363804891 || 2018-08-27 18:37:40 |
| 9114 || -4.19207148088576 || 2012-04-09 08:50:53 |
| 9115 || 0.889620639273129 || 2016-01-05 16:18:15 |
| 9116 || 30.2259487801001 || 2015-06-26 17:43:49 |
| 9117 || -28.316134357277 || 2015-08-27 05:15:15 |
| 9118 || 16.6147638984589 || 2015-07-08 23:28:16 |
| 9119 || 2.97013480581113 || 2015-02-25 16:19:18 |
| 9120 || 0.109782696524929 || 2011-11-27 23:48:01 |
| 9121 || 26.3923392591839 || 2013-02-22 17:29:11 |
| 9122 || -27.3062996539036 || 2011-02-18 01:50:32 |
| 9123 || 7.71624935560845 || 2011-03-25 17:39:21 |
| 9124 || -10.5928834649685 || 2016-05-12 08:34:32 |
| 9125 || -0.00668501370927403 || 2013-01-14 02:48:19 |
| 9126 || 21.4854054707237 || 2011-10-09 10:29:35 |
| 9127 || 78.7618929075303 || 2017-09-13 17:45:05 |
| 9128 || 24.7212088271599 || 2019-08-21 03:39:24 |
| 9129 || -11.9510111447147 || 2010-08-17 19:13:35 |
| 9130 || 0.161926146625177 || 2010-05-03 06:57:04 |
| 9131 || 5.16821803302961 || 2015-02-08 20:48:32 |
| 9132 || 19.7327911448723 || 2017-07-15 02:35:32 |
| 9133 || 32.3842435130835 || 2015-09-02 05:53:24 |
| 9134 || 38.892854308301 || 2015-08-07 22:52:40 |
| 9135 || 1.17023654505793 || 2014-07-27 20:32:17 |
| 9136 || 18.8179978987642 || 2018-03-10 04:56:59 |
| 9137 || -10.7522721222771 || 2018-04-07 20:07:12 |
| 9138 || 59.9807016193111 || 2019-04-21 21:02:08 |
| 9139 || -9.97649671851505 || 2010-05-23 10:53:19 |
| 9140 || 2.14781387064176 || 2010-08-16 08:51:34 |
| 9141 || -4.82158630656596 || 2014-07-27 11:46:49 |
| 9142 || 60.7688363274737 || 2012-12-18 23:10:00 |
| 9143 || 87.9515851191839 || 2015-03-13 23:53:01 |
| 9144 || -12.2086695993098 || 2018-11-27 08:41:29 |
| 9145 || 6.04812191925583 || 2013-09-22 04:28:00 |
| 9146 || 4.17730113011957 || 2013-04-13 02:57:14 |
| 9147 || 13.5133759073407 || 2013-02-22 09:42:43 |
| 9148 || 35.4121785621459 || 2019-07-20 22:38:13 |
| 9149 || 51.6239739491724 || 2019-09-13 03:21:55 |
| 9150 || 3.86525467398553 || 2019-03-24 14:59:39 |
| 9151 || 4.44048165326736 || 2017-05-26 00:19:16 |
| 9152 || 50.3223932082615 || 2010-12-21 15:35:19 |
| 9153 || 72.3022956959787 || 2017-11-17 06:17:15 |
| 9154 || 27.3148730521476 || 2014-11-26 06:56:14 |
| 9155 || 2.77302317500749 || 2017-05-04 06:25:39 |
| 9156 || 1.46205388679576 || 2019-03-26 08:11:45 |
| 9157 || 22.3561907220405 || 2012-01-19 23:55:32 |
| 9158 || 72.8773028622411 || 2018-01-21 02:47:08 |
| 9159 || 59.755095044315 || 2013-04-04 21:09:44 |
| 9160 || 1.63053806059735 || 2014-04-07 21:40:32 |
| 9161 || -0.863850358522446 || 2014-05-15 07:08:08 |
| 9162 || -10.5443638045269 || 2010-02-05 21:16:32 |
| 9163 || 38.7677068500389 || 2016-01-04 07:55:19 |
| 9164 || 71.4834209961798 || 2010-08-12 19:41:59 |
| 9165 || 19.7281272691234 || 2014-08-12 11:59:51 |
| 9166 || 1.12519463947125 || 2017-06-21 14:06:52 |
| 9167 || 36.7161548764936 || 2019-06-16 11:00:50 |
| 9168 || 4.67582281346113 || 2017-03-13 20:36:52 |
| 9169 || -23.0206396869509 || 2013-02-18 01:33:02 |
| 9170 || 1.13474138099164 || 2017-01-14 15:54:37 |
| 9171 || 0.0359043419974684 || 2011-01-27 04:35:06 |
| 9172 || -9.45371376989801 || 2010-09-14 23:46:22 |
| 9173 || 10.8214040614773 || 2019-12-03 17:00:21 |
| 9174 || 79.0336113037512 || 2011-12-12 02:33:38 |
| 9175 || 0.0189219685187382 || 2014-06-20 22:44:28 |
| 9176 || 0.00231965051181995 || 2019-05-19 11:33:21 |
| 9177 || -2.37737255573105 || 2019-12-06 05:45:25 |
| 9178 || -23.8884659002145 || 2015-11-04 22:07:14 |
| 9179 || 2.91243786777892 || 2010-09-14 00:47:49 |
| 9180 || 11.9766261312611 || 2017-11-23 17:51:37 |
| 9181 || -0.135676556900979 || 2019-10-26 04:35:01 |
| 9182 || 24.1329970593161 || 2014-04-13 21:42:14 |
| 9183 || -8.25925238985084 || 2019-01-15 08:51:13 |
| 9184 || -28.3855068050791 || 2012-05-19 06:01:50 |
| 9185 || -9.47958196485868 || 2016-04-12 06:21:02 |
| 9186 || 0.22817442533067 || 2017-12-09 00:24:16 |
| 9187 || 17.9748720908769 || 2015-06-12 05:30:16 |
| 9188 || -19.0765895150894 || 2017-11-25 03:41:34 |
| 9189 || -27.0050669981442 || 2014-05-18 11:46:59 |
| 9190 || -10.4133809702655 || 2014-03-26 13:38:53 |
| 9191 || -1.06304438701958 || 2015-12-12 15:47:00 |
| 9192 || 14.8602566234225 || 2013-04-20 15:33:17 |
| 9193 || -22.3099858800756 || 2017-11-08 18:51:39 |
| 9194 || 86.5296053660161 || 2017-12-05 21:12:15 |
| 9195 || 49.5621805517286 || 2015-06-05 23:37:28 |
| 9196 || 4.77384322076957 || 2012-03-16 19:06:48 |
| 9197 || 7.35986228482647 || 2013-01-10 06:23:15 |
| 9198 || 10.4468611323981 || 2015-11-01 23:52:09 |
| 9199 || 73.6394949273776 || 2017-09-04 01:10:05 |
| 9200 || 57.4072548603729 || 2015-04-03 03:19:58 |
| 9201 || 3.60353878312139 || 2015-11-13 12:33:18 |
| 9202 || 3.64086167625199 || 2017-07-26 19:29:16 |
| 9203 || 53.2424508666163 || 2014-07-24 02:00:27 |
| 9204 || -27.3875093951675 || 2017-07-12 18:35:21 |
| 9205 || 52.5322285421381 || 2017-02-21 02:15:17 |
| 9206 || 0.259414376820499 || 2013-02-06 19:58:24 |
| 9207 || -1.18656183090835 || 2015-01-16 14:56:28 |
| 9208 || -5.09217413429417 || 2017-09-08 03:12:57 |
| 9209 || 57.4611030339002 || 2015-02-23 18:55:13 |
| 9210 || -22.093706290749 || 2012-07-14 19:03:52 |
| 9211 || -0.172392130855334 || 2017-11-24 21:24:08 |
| 9212 || -0.819783206328726 || 2013-06-23 14:42:21 |
| 9213 || 22.2898905004602 || 2013-02-21 22:25:11 |
| 9214 || 86.490202614639 || 2018-11-02 18:56:17 |
| 9215 || 56.7825750291901 || 2018-04-06 02:11:10 |
| 9216 || 17.5967007171567 || 2011-02-16 11:41:58 |
| 9217 || -0.0664175524850271 || 2012-08-27 14:15:13 |
| 9218 || 28.8328585319464 || 2014-09-25 00:26:38 |
| 9219 || -27.9065635444406 || 2015-05-13 01:02:11 |
| 9220 || 32.4435633857509 || 2010-03-19 16:19:23 |
| 9221 || 0.0407088792212119 || 2013-06-14 05:54:37 |
| 9222 || -0.105802317476625 || 2018-08-12 02:35:33 |
| 9223 || 9.60036772941972 || 2012-11-22 05:14:36 |
| 9224 || 5.22655224009166 || 2011-10-07 14:58:27 |
| 9225 || 76.0564820788814 || 2017-03-18 13:35:40 |
| 9226 || 8.73110159765822 || 2011-06-13 16:17:59 |
| 9227 || -0.000158349388333389 || 2016-01-24 12:59:18 |
| 9228 || 4.59156105356111 || 2018-04-09 22:04:29 |
| 9229 || 10.2992894831214 || 2015-06-12 20:44:25 |
| 9230 || 46.2708838001145 || 2018-01-16 19:43:48 |
| 9231 || 5.12795501680211 || 2019-03-21 22:13:58 |
| 9232 || 0.00670222876756037 || 2015-07-04 10:54:09 |
| 9233 || -3.70113808959501 || 2018-03-19 19:58:30 |
| 9234 || 11.0375203813013 || 2017-07-20 18:12:14 |
| 9235 || 27.6433971194244 || 2014-08-15 19:59:17 |
| 9236 || 21.9284446519685 || 2013-01-19 05:42:14 |
| 9237 || 1.08802866122676 || 2017-04-22 20:26:00 |
| 9238 || -6.82617417837851 || 2019-11-22 09:12:27 |
| 9239 || 21.1090336443872 || 2018-02-21 19:50:49 |
| 9240 || 80.071475520244 || 2018-04-21 14:18:15 |
| 9241 || -12.9506184939848 || 2012-04-14 02:48:18 |
| 9242 || 2.7759939398046 || 2018-12-05 18:41:07 |
| 9243 || 15.8550741208397 || 2013-06-15 08:01:05 |
| 9244 || 67.0939330352097 || 2010-10-14 21:55:30 |
| 9245 || -18.8791609325082 || 2018-01-25 00:00:20 |
| 9246 || -16.5631819829554 || 2018-07-26 19:11:18 |
| 9247 || -0.983759300193622 || 2015-01-08 02:39:13 |
| 9248 || 7.37491608683338 || 2010-09-01 10:56:39 |
| 9249 || 33.3415402381475 || 2012-05-16 06:10:30 |
| 9250 || -5.20026798432838 || 2017-03-06 00:09:26 |
| 9251 || -18.6733968468677 || 2010-11-11 02:17:36 |
| 9252 || 7.63629156018207 || 2013-10-25 12:15:44 |
| 9253 || 0.832619632675037 || 2010-07-22 17:58:08 |
| 9254 || 27.1156782257091 || 2016-09-06 19:34:54 |
| 9255 || 45.7065344628608 || 2018-03-18 23:30:51 |
| 9256 || -18.3010569572026 || 2011-11-14 09:57:55 |
| 9257 || -1.70024524452872 || 2015-10-12 18:18:11 |
| 9258 || 2.68757397217572 || 2018-07-07 08:57:25 |
| 9259 || 10.18330017808 || 2010-02-27 19:19:32 |
| 9260 || -29.7384230878176 || 2012-06-27 05:52:47 |
| 9261 || -14.3646804318654 || 2015-12-09 05:13:36 |
| 9262 || 14.9849292269766 || 2019-09-06 13:03:42 |
| 9263 || 1.84096130219549 || 2014-03-02 12:15:13 |
| 9264 || -15.7462459923004 || 2019-12-21 08:06:58 |
| 9265 || 84.9634384776919 || 2017-07-20 12:02:46 |
| 9266 || -6.40629546491354 || 2015-05-04 09:07:37 |
| 9267 || 18.9643549234103 || 2013-11-26 18:50:01 |
| 9268 || 1.29300044194278 || 2011-10-10 06:33:12 |
| 9269 || 1.0609085175618 || 2014-08-20 18:32:44 |
| 9270 || -24.8802351129654 || 2010-10-10 11:31:48 |
| 9271 || 73.5600350199002 || 2019-07-16 07:20:12 |
| 9272 || 19.1467933224794 || 2012-06-04 07:12:10 |
| 9273 || 0.0823987219111652 || 2016-10-13 20:32:33 |
| 9274 || 26.6146537547639 || 2013-04-17 16:01:18 |
| 9275 || 78.2664860366197 || 2011-04-03 10:17:32 |
| 9276 || 72.4888230479787 || 2011-12-16 02:04:45 |
| 9277 || 15.7563253600955 || 2015-02-16 01:05:45 |
| 9278 || 0.0175070561465621 || 2013-12-13 15:49:17 |
| 9279 || 0.176219812235329 || 2011-10-18 09:54:55 |
| 9280 || 68.3283522602595 || 2014-03-12 12:03:48 |
| 9281 || 25.8235285946802 || 2016-02-27 10:08:54 |
| 9282 || 31.0500361345646 || 2010-03-04 05:24:00 |
| 9283 || -0.0646510004946336 || 2015-03-06 23:55:18 |
| 9284 || 7.19481833328705 || 2014-08-06 21:57:36 |
| 9285 || 76.8415436686063 || 2017-01-26 02:08:02 |
| 9286 || 44.0492435855851 || 2016-01-02 12:02:30 |
| 9287 || 15.6663042877577 || 2017-02-14 01:29:43 |
| 9288 || 0.683744062178709 || 2019-05-27 15:03:56 |
| 9289 || -6.39348677221116 || 2013-10-09 18:16:19 |
| 9290 || -21.3251772463953 || 2010-05-19 23:28:07 |
| 9291 || 50.7909760648014 || 2019-01-12 02:24:56 |
| 9292 || 40.0258476858293 || 2016-06-09 23:31:29 |
| 9293 || -0.793094097869734 || 2011-09-05 15:32:06 |
| 9294 || 4.87629886683412 || 2016-01-19 22:24:54 |
| 9295 || -11.2713933636013 || 2010-01-22 17:09:17 |
| 9296 || -28.764188991277 || 2018-08-23 06:10:33 |
| 9297 || 40.817948966782 || 2015-04-21 07:18:22 |
| 9298 || -0.728116748905082 || 2019-11-02 19:47:28 |
| 9299 || 10.7622200978469 || 2013-11-04 21:10:17 |
| 9300 || 40.6251853418111 || 2019-11-24 16:27:36 |
| 9301 || 86.4156320841909 || 2011-03-25 08:06:48 |
| 9302 || 23.4026741403821 || 2018-11-03 13:20:35 |
| 9303 || -1.22665029836473 || 2013-09-21 13:44:16 |
| 9304 || 4.27683969528468 || 2015-02-20 05:25:46 |
| 9305 || 43.275223827534 || 2018-09-21 03:07:58 |
| 9306 || 77.6246616973215 || 2012-04-02 23:23:56 |
| 9307 || 21.8767096275394 || 2019-09-08 21:10:47 |
| 9308 || 4.45452213028656 || 2019-02-15 18:21:14 |
| 9309 || -1.06031751043586 || 2018-11-04 16:50:13 |
| 9310 || 26.0870855788392 || 2016-09-25 04:43:36 |
| 9311 || 19.6332932977673 || 2010-06-18 22:08:49 |
| 9312 || 18.6720785843823 || 2019-04-06 13:44:53 |
| 9313 || 5.16935573438007 || 2011-09-10 11:45:11 |
| 9314 || 2.97838758261918 || 2012-11-26 11:33:08 |
| 9315 || 19.3157228188854 || 2016-07-08 03:31:18 |
| 9316 || 64.5450282809518 || 2015-05-26 03:05:58 |
| 9317 || -0.753135966876511 || 2019-03-19 14:40:52 |
| 9318 || -6.12959087744517 || 2012-03-14 05:00:48 |
| 9319 || 1.34143241797376 || 2010-01-13 15:10:29 |
| 9320 || 14.6084329103164 || 2019-12-05 23:55:01 |
| 9321 || 29.5798189968135 || 2015-06-22 23:29:58 |
| 9322 || 17.1227852218648 || 2015-11-03 06:23:02 |
| 9323 || 17.5613218736882 || 2010-06-13 13:28:50 |
| 9324 || 0.335052350248223 || 2014-09-14 03:46:14 |
| 9325 || 15.9329132242168 || 2013-06-16 05:36:12 |
| 9326 || 1.78932755722856 || 2014-11-19 20:22:53 |
| 9327 || -25.9309755067802 || 2010-12-24 01:38:56 |
| 9328 || -4.01779699056401 || 2011-08-15 12:04:42 |
| 9329 || 0.0479597141921867 || 2019-06-25 09:09:29 |
| 9330 || -2.14470825673007 || 2014-04-04 18:43:08 |
| 9331 || 47.0112383705547 || 2015-06-25 21:16:11 |
| 9332 || -26.0173718180032 || 2010-10-03 03:47:04 |
| 9333 || 27.8270105426669 || 2012-12-03 02:58:49 |
| 9334 || -0.0284614436552801 || 2015-07-22 00:12:07 |
| 9335 || 19.9122103055148 || 2014-01-09 22:06:16 |
| 9336 || 60.854071043074 || 2017-05-27 14:43:13 |
| 9337 || 77.1214992006533 || 2013-06-21 22:20:58 |
| 9338 || -4.48879854433129 || 2012-12-22 19:49:40 |
| 9339 || 0.785785582117777 || 2010-01-23 16:19:54 |
| 9340 || 8.36087074687961 || 2010-03-01 15:34:31 |
| 9341 || 71.6960809623952 || 2010-02-10 20:55:22 |
| 9342 || 65.7159448171087 || 2015-01-08 06:40:44 |
| 9343 || -6.73978975217863 || 2013-04-26 18:42:49 |
| 9344 || -0.679454715583719 || 2010-02-07 18:06:54 |
| 9345 || -4.09588817096982 || 2013-09-07 02:54:57 |
| 9346 || 55.6820295985833 || 2016-11-23 10:08:16 |
| 9347 || -2.47150350782466 || 2018-02-23 08:42:28 |
| 9348 || 13.8409579941336 || 2017-02-14 18:26:04 |
| 9349 || 0.275170687779503 || 2014-09-24 02:38:21 |
| 9350 || 6.38616234174054 || 2015-07-24 23:40:02 |
| 9351 || -13.0752640953513 || 2015-03-05 13:30:40 |
| 9352 || 68.6448103712917 || 2012-05-02 02:07:52 |
| 9353 || -16.2931994492501 || 2015-05-12 08:04:50 |
| 9354 || 2.7705569544943 || 2017-01-17 08:57:48 |
| 9355 || 2.16425887285945 || 2016-04-21 19:11:42 |
| 9356 || 0.957420593810714 || 2010-03-04 18:01:27 |
| 9357 || 44.1782337374751 || 2013-05-08 17:32:17 |
| 9358 || -18.5868496219519 || 2013-05-27 23:16:35 |
| 9359 || 7.97066713851016 || 2013-07-10 11:10:24 |
| 9360 || 0.515543434789764 || 2017-07-21 02:24:38 |
| 9361 || 16.8271290929499 || 2017-09-03 07:26:34 |
| 9362 || 67.3977221882349 || 2018-10-18 13:33:28 |
| 9363 || 54.9580262449397 || 2018-02-06 08:56:07 |
| 9364 || -3.82939396419231 || 2013-06-18 08:26:47 |
| 9365 || 2.81010739578178 || 2017-06-15 05:13:03 |
| 9366 || 14.3350235016761 || 2013-09-21 09:26:03 |
| 9367 || 15.0972893367756 || 2019-05-19 19:30:57 |
| 9368 || -20.2752110058982 || 2017-03-27 07:19:26 |
| 9369 || 1.65989453300239 || 2017-10-07 23:49:00 |
| 9370 || -0.033111397988106 || 2016-05-23 06:46:02 |
| 9371 || -6.11469929726248 || 2013-03-26 21:22:46 |
| 9372 || -28.6029143619835 || 2011-01-12 20:51:59 |
| 9373 || 52.1714035944773 || 2017-01-14 03:38:11 |
| 9374 || -1.72003387284405 || 2011-07-01 14:47:23 |
| 9375 || -0.258629976783244 || 2011-11-25 11:07:34 |
| 9376 || 9.49126493886927 || 2014-05-12 02:47:56 |
| 9377 || -27.6768221476259 || 2013-08-10 00:51:41 |
| 9378 || 77.8166871498916 || 2019-09-07 00:57:17 |
| 9379 || 24.8583456348643 || 2012-12-01 19:55:29 |
| 9380 || 0.12164318900707 || 2010-05-09 14:19:23 |
| 9381 || -6.34238517523607 || 2015-01-03 08:08:02 |
| 9382 || 21.2709119129476 || 2011-12-20 17:01:57 |
| 9383 || 4.59860549388158 || 2010-12-06 12:43:45 |
| 9384 || 19.5988322167967 || 2014-09-10 05:04:06 |
| 9385 || 0.0498497684747072 || 2017-02-19 06:22:21 |
| 9386 || 16.5878999915982 || 2011-01-08 06:56:49 |
| 9387 || 29.5366097220068 || 2018-01-06 08:30:27 |
| 9388 || 71.7093108979921 || 2015-06-01 07:55:58 |
| 9389 || -12.1056083189611 || 2013-12-22 03:29:00 |
| 9390 || 0.452405377628619 || 2015-11-12 20:08:54 |
| 9391 || 21.2139148751652 || 2015-04-17 17:57:43 |
| 9392 || 63.4529587718719 || 2014-05-06 14:50:06 |
| 9393 || 58.3825682727488 || 2018-06-02 16:05:48 |
| 9394 || 12.8504526062473 || 2016-11-05 14:39:03 |
| 9395 || 0.203553665832553 || 2015-04-21 06:03:52 |
| 9396 || -5.59762986356609 || 2010-05-01 08:58:27 |
| 9397 || 26.1554395981179 || 2019-11-15 08:04:35 |
| 9398 || 48.5879997572866 || 2014-02-12 09:29:07 |
| 9399 || 48.1187797860492 || 2011-01-26 00:21:55 |
| 9400 || 1.59459536506437 || 2014-12-18 20:21:26 |
| 9401 || -3.42972561079799 || 2012-08-22 21:22:11 |
| 9402 || 62.3066007224964 || 2017-03-14 02:51:20 |
| 9403 || 9.48252044430023 || 2018-03-22 04:01:54 |
| 9404 || 26.0108041661666 || 2016-05-12 05:38:20 |
| 9405 || 0.137830046126539 || 2011-09-13 13:43:32 |
| 9406 || 5.58824512551369 || 2017-06-12 14:55:26 |
| 9407 || -7.30416691962705 || 2019-10-27 15:52:42 |
| 9408 || -24.2794251545832 || 2018-02-15 01:19:37 |
| 9409 || 7.33854228699441 || 2014-06-21 23:32:18 |
| 9410 || 4.99140516182319 || 2011-01-05 05:06:44 |
| 9411 || 1.76972320077278 || 2015-12-07 11:07:50 |
| 9412 || 15.4248158305673 || 2016-04-14 14:38:02 |
| 9413 || -29.0048935131817 || 2010-10-07 07:32:00 |
| 9414 || 63.5905650437516 || 2012-12-23 19:43:41 |
| 9415 || 9.08851256266504 || 2018-11-12 19:37:16 |
| 9416 || 1.08293779081202 || 2012-03-26 08:04:31 |
| 9417 || 50.3975660532176 || 2015-01-06 19:45:13 |
| 9418 || 68.5389585502997 || 2013-11-01 21:15:18 |
| 9419 || -19.9598716235284 || 2019-06-17 08:48:23 |
| 9420 || 2.73944443153272 || 2017-02-20 04:08:58 |
| 9421 || -0.324767010195638 || 2015-02-10 08:52:45 |
| 9422 || 37.5348082531935 || 2015-04-10 03:37:05 |
| 9423 || 85.529213550484 || 2019-02-12 11:18:02 |
| 9424 || 44.8214960453675 || 2015-10-23 11:33:18 |
| 9425 || 15.1114795629916 || 2016-12-01 03:30:50 |
| 9426 || 0.985216853445463 || 2018-09-24 11:41:53 |
| 9427 || 15.7241706554545 || 2015-09-12 11:30:50 |
| 9428 || -27.7894079711299 || 2014-01-22 01:41:01 |
| 9429 || 77.0408000349182 || 2014-02-09 08:20:51 |
| 9430 || 24.2323771296135 || 2012-03-11 21:49:51 |
| 9431 || 0.197334653803096 || 2019-06-21 20:44:56 |
| 9432 || 30.2953543540681 || 2015-08-21 04:48:30 |
| 9433 || 61.1302197340344 || 2014-10-21 18:35:52 |
| 9434 || 47.272495220968 || 2018-07-02 02:33:26 |
| 9435 || 29.5331201402152 || 2018-11-18 18:14:08 |
| 9436 || -0.00164138929782518 || 2016-07-08 01:15:12 |
| 9437 || 16.5370429628832 || 2016-02-27 04:55:13 |
| 9438 || 32.0964124080707 || 2014-01-22 16:14:36 |
| 9439 || 40.5339986922907 || 2011-12-19 12:43:56 |
| 9440 || 26.3017995950395 || 2015-04-21 00:04:49 |
| 9441 || 0.195138007541394 || 2017-07-06 13:38:32 |
| 9442 || -7.05958480939787 || 2018-09-13 13:49:03 |
| 9443 || 62.7277893834309 || 2014-09-03 04:47:20 |
| 9444 || -15.3071513338977 || 2011-02-11 15:46:14 |
| 9445 || -6.65415129327929 || 2011-02-20 05:11:59 |
| 9446 || 1.56516875161509 || 2011-05-01 15:10:38 |
| 9447 || 7.82206774743564 || 2012-11-18 19:01:42 |
| 9448 || 64.5100270073469 || 2018-06-04 23:43:42 |
| 9449 || -12.7066781870439 || 2017-11-19 23:04:34 |
| 9450 || 22.3211822149485 || 2012-08-04 11:39:10 |
| 9451 || 0.804204158544064 || 2015-03-19 03:39:52 |
| 9452 || 7.78466964555786 || 2011-06-19 04:35:49 |
| 9453 || 9.96903235972882 || 2011-12-22 00:20:02 |
| 9454 || 85.4332226036542 || 2011-08-16 14:43:57 |
| 9455 || -17.5367507594629 || 2017-06-05 02:42:48 |
| 9456 || 3.63515083511386 || 2011-11-27 06:56:14 |
| 9457 || -3.74362529935148 || 2010-09-25 06:28:16 |
| 9458 || 34.3788263850335 || 2015-01-11 23:44:50 |
| 9459 || -29.9240437054768 || 2015-08-03 20:09:10 |
| 9460 || 21.5865219524532 || 2019-12-14 16:08:02 |
| 9461 || 5.50573836668784 || 2012-10-14 21:25:19 |
| 9462 || -1.47672178899318 || 2015-11-11 19:36:19 |
| 9463 || 55.9194849961737 || 2017-09-08 14:25:38 |
| 9464 || 70.2432131257685 || 2013-04-25 08:49:00 |
| 9465 || -12.9659592873613 || 2010-10-07 04:07:12 |
| 9466 || 12.0407112926278 || 2017-10-19 04:59:33 |
| 9467 || -0.777412464573636 || 2018-09-07 08:57:20 |
| 9468 || -5.76947864263181 || 2018-09-19 20:36:25 |
| 9469 || 40.0658671589937 || 2016-06-16 19:16:47 |
| 9470 || -22.5459364939967 || 2012-07-04 17:39:59 |
| 9471 || 15.9880903691998 || 2013-01-23 03:12:31 |
| 9472 || 2.73880640245207 || 2017-05-13 21:10:13 |
| 9473 || 10.7710959846467 || 2015-11-27 12:40:45 |
| 9474 || -28.8533111716924 || 2011-05-26 13:44:47 |
| 9475 || -23.6542273166038 || 2018-07-13 08:42:08 |
| 9476 || 17.8804993797583 || 2013-01-07 07:45:06 |
| 9477 || 0.493603182272336 || 2019-07-02 01:14:26 |
| 9478 || 23.1682020043947 || 2014-03-15 23:01:53 |
| 9479 || 66.1181091907822 || 2018-08-09 13:29:11 |
| 9480 || 4.73931557653264 || 2017-12-19 02:18:02 |
| 9481 || 24.7651940274192 || 2015-04-18 05:58:09 |
| 9482 || 0.142417799912859 || 2015-11-17 05:46:32 |
| 9483 || -11.3359461193166 || 2010-11-16 00:17:33 |
| 9484 || 83.1768695948141 || 2016-12-02 19:28:31 |
| 9485 || 59.0882119968164 || 2017-11-19 21:45:10 |
| 9486 || 20.2491457564428 || 2019-04-01 00:05:56 |
| 9487 || 7.92687742485331e-06 || 2015-02-26 18:39:53 |
| 9488 || 29.3090793389993 || 2019-07-27 16:08:12 |
| 9489 || 0.0400704506035446 || 2013-08-12 18:49:40 |
| 9490 || -18.0226315679216 || 2016-05-07 16:21:28 |
| 9491 || 10.7895844783998 || 2014-09-07 10:15:56 |
| 9492 || 0.249428675268703 || 2017-05-27 03:04:27 |
| 9493 || 24.0692938542281 || 2018-04-25 17:52:35 |
| 9494 || -24.0292359641285 || 2014-08-03 03:07:44 |
| 9495 || -28.0928265997331 || 2019-03-13 00:15:03 |
| 9496 || 40.3430992343115 || 2012-06-05 18:11:57 |
| 9497 || 1.10788185060272 || 2011-05-15 10:49:34 |
| 9498 || 12.711233293747 || 2019-06-17 12:38:58 |
| 9499 || 22.2287024747145 || 2010-09-08 18:17:31 |
| 9500 || -22.0125816042792 || 2013-01-18 18:12:09 |
| 9501 || 38.9086970353696 || 2014-04-22 08:56:24 |
| 9502 || 2.89377705358467 || 2010-04-02 11:47:09 |
| 9503 || 6.79997087103405 || 2018-04-04 03:24:56 |
| 9504 || -4.8721268349579 || 2012-09-13 06:02:21 |
| 9505 || 83.6334385415909 || 2018-05-25 09:02:01 |
| 9506 || 45.0873689063549 || 2016-03-11 20:50:30 |
| 9507 || 2.92587819037576 || 2015-10-15 19:10:00 |
| 9508 || 11.1630120577733 || 2010-10-21 07:35:03 |
| 9509 || -18.2305828560162 || 2012-03-07 00:52:06 |
| 9510 || 58.9783790648265 || 2014-11-20 20:40:02 |
| 9511 || 7.47677183248898 || 2011-08-11 13:55:52 |
| 9512 || 0.0408863188651463 || 2010-07-07 01:42:32 |
| 9513 || -2.0113280596737 || 2018-08-24 21:16:10 |
| 9514 || 41.7274293196528 || 2014-10-10 23:32:45 |
| 9515 || 74.690437669123 || 2014-09-09 22:12:17 |
| 9516 || -19.1306751001225 || 2016-02-10 11:37:06 |
| 9517 || 4.53879291724919 || 2013-05-21 12:00:21 |
| 9518 || 5.61062837590191 || 2012-03-13 20:28:10 |
| 9519 || 52.1686536630424 || 2010-12-01 03:08:27 |
| 9520 || 5.60182940206558 || 2018-12-07 20:52:20 |
| 9521 || 42.9185150032867 || 2011-06-25 10:17:46 |
| 9522 || 15.2336888982215 || 2019-02-23 13:50:43 |
| 9523 || 1.07078447233059 || 2013-01-07 02:12:46 |
| 9524 || 41.5248329295962 || 2014-04-15 10:21:06 |
| 9525 || 31.6956928693992 || 2016-01-07 14:27:09 |
| 9526 || -0.697800034423553 || 2011-04-01 16:24:49 |
| 9527 || 3.98243298613689 || 2017-01-01 15:40:22 |
| 9528 || 1.14870159033395 || 2019-03-24 06:46:09 |
| 9529 || 14.1021865417991 || 2017-09-24 16:40:17 |
| 9530 || 60.7402539437412 || 2012-11-19 20:51:49 |
| 9531 || 44.6255515875962 || 2019-10-09 08:49:39 |
| 9532 || 20.0169226784859 || 2018-01-16 09:57:17 |
| 9533 || 0.055713254681637 || 2018-02-08 07:08:25 |
| 9534 || 36.1866266253371 || 2019-05-16 00:55:43 |
| 9535 || 83.3276089593888 || 2019-12-07 17:58:36 |
| 9536 || 13.3571924810332 || 2016-04-06 05:31:49 |
| 9537 || 17.8211143294289 || 2012-10-14 03:11:40 |
| 9538 || -0.00298908174994136 || 2019-12-26 08:42:48 |
| 9539 || -6.80199130781385 || 2014-10-22 11:31:26 |
| 9540 || 75.6588968106785 || 2018-08-10 00:26:27 |
| 9541 || 54.3190818277757 || 2013-07-04 20:07:25 |
| 9542 || -0.350826294644191 || 2013-05-18 13:53:55 |
| 9543 || 0.20613806497274 || 2019-07-27 08:36:17 |
| 9544 || 3.68033460069722 || 2010-08-26 03:05:52 |
| 9545 || 75.1335845075813 || 2017-01-08 19:06:46 |
| 9546 || 19.895016342122 || 2013-10-23 21:24:43 |
| 9547 || 2.63656791054203 || 2011-12-09 22:37:20 |
| 9548 || -0.309439361914379 || 2014-03-05 06:10:57 |
| 9549 || 1.19443630759625 || 2011-07-12 14:31:43 |
| 9550 || -6.85231462572486 || 2017-10-02 13:20:05 |
| 9551 || -15.4248348318004 || 2017-05-11 10:12:58 |
| 9552 || 2.80730627547996 || 2017-02-13 04:14:13 |
| 9553 || 0.525137791120303 || 2018-05-22 05:06:20 |
| 9554 || -4.12934601577594 || 2019-08-17 05:23:53 |
| 9555 || -22.5739351757599 || 2014-03-23 10:02:17 |
| 9556 || 54.1992042203384 || 2010-11-03 19:24:25 |
| 9557 || 24.0028647565307 || 2014-07-03 14:17:27 |
| 9558 || -0.660754828102771 || 2011-03-08 16:23:21 |
| 9559 || 12.6643704373658 || 2017-07-26 22:38:46 |
| 9560 || 12.805999664978 || 2018-01-18 10:11:35 |
| 9561 || 77.0405634941989 || 2018-09-21 05:41:33 |
| 9562 || -13.5383817245901 || 2019-07-04 02:46:05 |
| 9563 || 7.44396984293382 || 2018-10-09 14:45:56 |
| 9564 || 8.96044271388075 || 2010-06-27 17:57:47 |
| 9565 || 32.5338743270415 || 2011-10-09 08:07:02 |
| 9566 || 41.855192431513 || 2019-07-08 12:39:55 |
| 9567 || -8.34766578298576 || 2018-09-07 09:20:10 |
| 9568 || 3.2408175761031 || 2012-08-27 14:00:33 |
| 9569 || 5.33461053448003 || 2010-02-16 13:55:23 |
| 9570 || -3.20455543956858 || 2018-03-27 21:07:16 |
| 9571 || 7.48539420212365 || 2018-05-13 19:31:03 |
| 9572 || 12.2296833404852 || 2019-03-20 10:45:48 |
| 9573 || 4.45039197095494 || 2010-12-13 12:58:46 |
| 9574 || -1.20886033463914 || 2012-01-26 04:50:03 |
| 9575 || 44.4688658010433 || 2018-08-26 13:58:17 |
| 9576 || -1.13951719790114 || 2016-04-02 23:00:36 |
| 9577 || 46.0648444425773 || 2010-09-27 14:43:31 |
| 9578 || 17.2720506089286 || 2016-10-25 05:37:44 |
| 9579 || 1.41523759435694 || 2014-03-04 02:52:05 |
| 9580 || 38.1174717140564 || 2019-07-09 00:11:39 |
| 9581 || -24.2443627673462 || 2011-09-19 01:07:27 |
| 9582 || 23.8335485507556 || 2012-08-14 07:07:19 |
| 9583 || -6.01311171242041 || 2016-08-04 03:59:17 |
| 9584 || -0.162320353606774 || 2016-02-17 16:16:57 |
| 9585 || -4.71093796047104 || 2016-03-16 01:07:10 |
| 9586 || 38.9672547156456 || 2015-10-19 07:46:48 |
| 9587 || 78.6225868706398 || 2016-08-09 14:42:11 |
| 9588 || -8.29789742142575 || 2019-12-10 20:45:51 |
| 9589 || -0.0129812391602901 || 2013-01-09 12:03:49 |
| 9590 || -6.86291575671868 || 2010-08-12 04:33:41 |
| 9591 || -26.3545580815948 || 2012-07-19 21:21:54 |
| 9592 || -17.5502819250107 || 2016-04-02 10:39:27 |
| 9593 || 28.5337803964436 || 2013-02-05 01:13:36 |
| 9594 || -0.0299685528900704 || 2013-01-15 05:31:36 |
| 9595 || 22.6317247675459 || 2010-02-19 20:01:57 |
| 9596 || -19.8431975646034 || 2019-09-12 02:51:37 |
| 9597 || 84.0482543783674 || 2011-03-26 20:32:37 |
| 9598 || 38.4925065128252 || 2010-04-20 14:21:14 |
| 9599 || 0.752251928047914 || 2010-05-16 23:19:30 |
| 9600 || 16.1608904888396 || 2016-01-23 13:12:38 |
| 9601 || -24.3259930181206 || 2015-09-10 03:05:58 |
| 9602 || -17.8130959008657 || 2016-10-13 01:56:02 |
| 9603 || 43.6906239854003 || 2019-01-14 06:42:41 |
| 9604 || -0.419662879578782 || 2010-03-11 02:05:42 |
| 9605 || -2.25245087128157 || 2015-08-18 19:26:54 |
| 9606 || 60.0476494556193 || 2010-02-11 13:36:54 |
| 9607 || 87.9935530262292 || 2019-10-02 22:29:15 |
| 9608 || 7.26136389218391 || 2014-04-09 05:07:02 |
| 9609 || -1.26086061201835 || 2018-11-10 20:51:15 |
| 9610 || 3.63260290040514 || 2017-02-11 16:03:31 |
| 9611 || -21.5619017909984 || 2010-10-10 04:12:34 |
| 9612 || 71.4437859355028 || 2012-01-22 01:51:39 |
| 9613 || 52.3600475910638 || 2014-06-11 18:42:55 |
| 9614 || 3.42788145798916 || 2012-12-04 11:04:17 |
| 9615 || -3.2571902641981 || 2013-09-14 06:03:20 |
| 9616 || 45.3213711711833 || 2015-12-08 14:04:56 |
| 9617 || -28.0896395982816 || 2015-05-01 18:28:05 |
| 9618 || 29.9341068238316 || 2014-04-19 13:58:12 |
| 9619 || 9.36097879374543 || 2014-04-23 05:53:05 |
| 9620 || -2.15452952056134 || 2019-12-25 06:48:59 |
| 9621 || 53.5157627417632 || 2019-07-01 01:09:16 |
| 9622 || 41.4003980396133 || 2012-08-13 02:26:51 |
| 9623 || -12.4036483117987 || 2017-11-09 22:50:03 |
| 9624 || -2.64328215444435 || 2016-10-23 10:24:03 |
| 9625 || 3.60049698564775 || 2015-08-14 00:12:37 |
| 9626 || -14.4641868829245 || 2013-04-27 00:10:31 |
| 9627 || 47.1810352710234 || 2016-05-12 13:14:56 |
| 9628 || -22.8570967543475 || 2011-03-12 10:58:21 |
| 9629 || 5.4786758332815 || 2018-04-24 21:12:02 |
| 9630 || -0.217194331833983 || 2017-04-19 04:26:05 |
| 9631 || 29.90204929563 || 2012-11-20 00:01:48 |
| 9632 || 64.3277358783654 || 2012-06-12 11:10:38 |
| 9633 || 73.7944687138037 || 2015-03-22 23:56:10 |
| 9634 || -6.4699745940261 || 2015-08-01 19:46:42 |
| 9635 || 0.178028668160689 || 2011-11-24 07:49:46 |
| 9636 || 36.4093576984044 || 2017-06-23 04:36:17 |
| 9637 || -18.1719045401001 || 2010-09-12 16:12:34 |
| 9638 || -25.0592961427399 || 2011-05-15 04:53:45 |
| 9639 || 20.2420658505607 || 2016-04-16 05:22:32 |
| 9640 || 0.0587775930929975 || 2017-05-22 02:42:56 |
| 9641 || 18.1741905759931 || 2016-11-21 21:38:24 |
| 9642 || 19.9324435376818 || 2013-08-27 21:36:52 |
| 9643 || 24.8398859160276 || 2015-07-03 17:07:43 |
| 9644 || 5.68483042391677 || 2019-05-15 07:42:14 |
| 9645 || 0.0231929923319971 || 2013-08-11 12:37:26 |
| 9646 || -4.46512140814035 || 2010-05-12 09:17:42 |
| 9647 || 25.6071970759642 || 2017-03-25 14:27:45 |
| 9648 || -28.1126469298561 || 2016-04-22 20:02:51 |
| 9649 || 14.9044475020848 || 2014-08-27 21:59:30 |
| 9650 || 0.547497533446092 || 2012-11-12 09:30:14 |
| 9651 || -3.0068295636111 || 2012-11-19 16:44:00 |
| 9652 || 65.0228231526487 || 2011-05-07 02:24:57 |
| 9653 || -12.2931366269822 || 2018-06-23 21:19:30 |
| 9654 || 21.4413426730256 || 2015-11-17 05:04:11 |
| 9655 || -0.505911810176962 || 2010-11-17 22:53:20 |
| 9656 || -5.97799795723603 || 2011-06-13 01:34:18 |
| 9657 || 67.2912677227371 || 2013-09-04 21:04:04 |
| 9658 || 83.945276404101 || 2014-11-09 17:46:21 |
| 9659 || 32.1104070518971 || 2018-10-15 07:51:28 |
| 9660 || 0.577082639706347 || 2015-09-09 00:26:09 |
| 9661 || 0.618565666704494 || 2013-01-05 02:01:51 |
| 9662 || 0.28419598564348 || 2014-01-26 11:02:11 |
| 9663 || 89.5610798076034 || 2010-11-07 08:55:15 |
| 9664 || -15.6017812894724 || 2013-01-05 05:34:38 |
| 9665 || -2.03574456144191 || 2018-12-26 01:01:11 |
| 9666 || 10.3457198762372 || 2014-06-02 01:37:29 |
| 9667 || 25.056133707686 || 2018-11-20 00:27:06 |
| 9668 || 68.2005697738437 || 2017-02-02 16:57:45 |
| 9669 || 5.9186020989499 || 2018-01-07 19:56:08 |
| 9670 || -3.13770332808301 || 2013-05-14 02:01:46 |
| 9671 || -1.34791270172387 || 2019-12-04 10:21:03 |
| 9672 || 41.9348735539857 || 2018-07-06 19:41:53 |
| 9673 || -19.7195874111691 || 2010-09-09 04:12:55 |
| 9674 || 55.1561943752789 || 2010-02-24 07:56:01 |
| 9675 || 10.9045008804259 || 2012-04-20 02:19:52 |
| 9676 || -0.76310601369033 || 2015-02-14 21:16:19 |
| 9677 || 15.6819072542212 || 2011-07-02 05:19:21 |
| 9678 || 78.0088790488799 || 2017-12-18 19:39:25 |
| 9679 || 9.73526962132586 || 2010-06-13 21:55:15 |
| 9680 || -2.94816294431682 || 2012-09-26 18:47:57 |
| 9681 || -0.793268775761757 || 2019-07-07 03:09:57 |
| 9682 || 41.696378888439 || 2011-02-21 00:06:43 |
| 9683 || 40.5244391463937 || 2010-05-17 22:13:34 |
| 9684 || -4.05333021588121 || 2016-06-21 12:18:36 |
| 9685 || -7.0136875030805 || 2019-11-16 19:51:28 |
| 9686 || -0.023376036112853 || 2016-06-04 16:41:09 |
| 9687 || 22.5210131577621 || 2013-07-15 06:48:10 |
| 9688 || 21.1866159354424 || 2019-02-14 13:03:45 |
| 9689 || -19.0358129699619 || 2018-08-09 13:22:57 |
| 9690 || 8.04129608924838 || 2012-01-04 20:59:28 |
| 9691 || -0.00763061028665736 || 2018-04-07 00:47:06 |
| 9692 || -10.8979327005569 || 2013-01-09 16:06:57 |
| 9693 || -23.2466144798635 || 2014-02-10 07:54:15 |
| 9694 || -19.5275222610116 || 2019-07-12 16:00:26 |
| 9695 || 29.6653845831945 || 2012-01-20 14:50:48 |
| 9696 || -8.86219361429162e-05 || 2011-09-11 19:30:19 |
| 9697 || 8.44656148771852 || 2012-11-11 16:24:48 |
| 9698 || -11.482412093984 || 2011-10-01 22:49:31 |
| 9699 || 53.8482388100097 || 2015-01-16 09:52:52 |
| 9700 || 36.6663433593649 || 2019-05-22 18:36:28 |
| 9701 || -0.119932278688106 || 2013-03-02 23:52:31 |
| 9702 || -6.30315535198259 || 2011-06-16 05:27:58 |
| 9703 || -19.7151965057385 || 2011-08-13 06:21:40 |
| 9704 || -24.0585984528064 || 2018-09-22 14:43:17 |
| 9705 || -14.0115575314749 || 2019-12-09 05:06:37 |
| 9706 || 0.798149393436952 || 2012-09-12 10:47:04 |
| 9707 || -2.26632043459694 || 2018-01-24 13:04:36 |
| 9708 || 51.3016139875685 || 2016-12-18 19:42:57 |
| 9709 || 39.1903770792768 || 2010-12-18 01:53:26 |
| 9710 || 45.5643648091336 || 2019-04-15 22:17:17 |
| 9711 || 2.84483729662756 || 2016-02-03 04:46:27 |
| 9712 || 8.58500877215968 || 2013-11-11 15:05:05 |
| 9713 || 10.6902902642682 || 2010-07-20 22:19:04 |
| 9714 || -22.8109215735211 || 2013-10-18 14:48:26 |
| 9715 || -1.60015778435857 || 2018-12-21 06:59:00 |
| 9716 || 2.11619274492901 || 2017-11-17 11:08:27 |
| 9717 || 5.23802873267919 || 2017-10-12 08:27:05 |
| 9718 || -20.5478376145651 || 2017-08-06 10:56:41 |
| 9719 || 89.4112224455178 || 2013-02-15 06:04:39 |
| 9720 || 57.6501156673808 || 2015-02-09 16:28:47 |
| 9721 || -1.66811891718319 || 2019-11-27 05:07:48 |
| 9722 || 2.93259246863637 || 2018-07-03 13:47:49 |
| 9723 || 47.8808079540709 || 2011-07-06 16:39:31 |
| 9724 || 82.1379921127954 || 2016-04-19 16:35:15 |
| 9725 || 13.7961456005793 || 2019-06-23 22:18:50 |
| 9726 || 12.0674789643715 || 2014-10-15 03:08:09 |
| 9727 || 4.02448863078425 || 2012-02-19 07:29:19 |
| 9728 || -14.9713243609963 || 2010-05-27 14:28:28 |
| 9729 || 49.7206259423724 || 2018-06-20 03:23:44 |
| 9730 || -7.06093940639336 || 2016-09-10 00:39:03 |
| 9731 || 11.2512485829526 || 2010-08-11 14:30:47 |
| 9732 || 2.22993723241122 || 2017-11-22 08:20:50 |
| 9733 || 31.0938631649048 || 2014-11-08 06:49:00 |
| 9734 || 69.7358586595637 || 2015-02-06 23:29:35 |
| 9735 || 18.1576283188274 || 2013-09-27 19:22:42 |
| 9736 || 20.3859874189758 || 2015-08-04 19:45:09 |
| 9737 || 0.714840598320931 || 2016-01-17 19:27:04 |
| 9738 || 40.0049157954563 || 2010-07-18 10:56:31 |
| 9739 || -11.6463547050971 || 2012-09-15 15:21:24 |
| 9740 || 75.1980649286076 || 2013-05-10 02:13:23 |
| 9741 || 4.66056244624517 || 2018-03-21 19:18:35 |
| 9742 || -0.0763924036204158 || 2015-11-26 05:28:13 |
| 9743 || 12.3858296973494 || 2013-07-07 18:34:33 |
| 9744 || 80.1136669978289 || 2013-02-01 04:22:58 |
| 9745 || -1.62471575272891 || 2010-10-03 09:21:32 |
| 9746 || 24.4320845775121 || 2018-12-27 22:21:15 |
| 9747 || -0.000445518016273395 || 2015-02-11 20:43:01 |
| 9748 || 15.7197940719218 || 2015-08-25 07:28:21 |
| 9749 || -26.45481449521 || 2010-05-15 14:24:58 |
| 9750 || -10.7792380440855 || 2013-10-05 19:44:07 |
| 9751 || -7.63704289279534 || 2014-11-16 13:49:08 |
| 9752 || 0.00208424823967069 || 2018-07-16 14:38:13 |
| 9753 || 15.4647404227091 || 2017-07-24 04:39:31 |
| 9754 || 63.5196175148798 || 2013-11-02 10:56:32 |
| 9755 || -19.5696472546804 || 2015-05-07 02:43:33 |
| 9756 || 33.1220522133759 || 2014-03-20 22:56:11 |
| 9757 || -0.218786450053757 || 2012-10-26 22:18:21 |
| 9758 || 20.0163200658014 || 2016-10-09 04:30:48 |
| 9759 || 41.3441848732614 || 2015-10-24 17:07:00 |
| 9760 || 61.6988676018251 || 2016-05-22 06:16:58 |
| 9761 || -12.4873557532083 || 2016-11-16 22:03:40 |
| 9762 || 1.13599408477447 || 2017-09-26 19:21:19 |
| 9763 || 6.032851833143 || 2016-03-16 00:55:13 |
| 9764 || 56.2823776828306 || 2010-10-11 13:09:59 |
| 9765 || -9.5472702697394 || 2014-12-16 19:02:50 |
| 9766 || -2.40278029425894 || 2019-12-10 16:33:35 |
| 9767 || -0.84292373602556 || 2011-07-20 05:48:10 |
| 9768 || 8.05882450797629 || 2010-06-11 21:56:50 |
| 9769 || 3.38847487123437 || 2014-07-21 22:10:07 |
| 9770 || -3.75201864069097 || 2010-01-08 19:45:16 |
| 9771 || 44.2258055821622 || 2014-11-09 09:34:31 |
| 9772 || 5.06906293089162 || 2014-11-11 23:57:34 |
| 9773 || 3.8144840298193 || 2013-08-25 19:01:47 |
| 9774 || -0.639997428397794 || 2012-01-14 23:30:13 |
| 9775 || 13.5686134452233 || 2016-01-20 23:15:06 |
| 9776 || 55.5953214008127 || 2011-09-14 21:13:34 |
| 9777 || 9.05520925522323 || 2017-03-09 09:33:54 |
| 9778 || -1.67722252769187 || 2016-03-03 19:47:06 |
| 9779 || 21.8794134317412 || 2015-03-04 09:50:57 |
| 9780 || 82.1746380475304 || 2017-08-17 19:41:31 |
| 9781 || 34.8087274311311 || 2011-01-01 08:26:06 |
| 9782 || -2.33769886381661 || 2013-12-22 06:43:55 |
| 9783 || -1.05505493492015 || 2010-05-20 16:13:39 |
| 9784 || 34.1745829594308 || 2015-03-27 09:27:47 |
| 9785 || -4.44108208545569 || 2017-11-12 13:27:58 |
| 9786 || 26.928308817031 || 2015-10-09 15:14:30 |
| 9787 || -0.121245716158544 || 2019-02-14 19:05:09 |
| 9788 || -0.178702682407893 || 2013-09-01 14:45:46 |
| 9789 || 40.2375723766703 || 2016-07-16 19:21:00 |
| 9790 || -28.1795966346458 || 2011-07-16 08:15:52 |
| 9791 || 75.1048053758804 || 2014-08-12 16:23:39 |
| 9792 || 15.8136695652442 || 2015-03-19 09:04:51 |
| 9793 || 0.410018756820165 || 2019-07-11 07:12:23 |
| 9794 || -7.72520221292201 || 2014-05-19 09:47:18 |
| 9795 || -19.65197017039 || 2013-10-23 09:58:26 |
| 9796 || 74.3702174840202 || 2012-05-13 17:51:39 |
| 9797 || 25.3827938518787 || 2017-05-25 03:26:54 |
| 9798 || 0.000763107930253764 || 2016-06-27 19:54:37 |
| 9799 || 2.12044126179328 || 2014-07-13 21:58:43 |
| 9800 || 63.1001742397339 || 2017-11-16 12:08:38 |
| 9801 || 72.7253975997994 || 2018-03-05 19:53:39 |
| 9802 || 31.6173816882748 || 2013-11-04 16:33:34 |
| 9803 || 0.186799206850979 || 2017-10-02 16:49:05 |
| 9804 || 22.4013760835053 || 2011-04-19 19:55:51 |
| 9805 || -23.0784982423032 || 2012-06-05 09:08:32 |
| 9806 || 14.8202599697007 || 2015-10-11 22:11:40 |
| 9807 || 39.9399286697606 || 2018-09-05 23:47:26 |
| 9808 || 0.433369331928749 || 2018-12-25 00:20:14 |
| 9809 || 5.04874176736677 || 2010-07-24 15:47:11 |
| 9810 || 67.4865391823052 || 2015-01-15 08:11:18 |
| 9811 || 71.6126342412125 || 2012-05-08 09:19:14 |
| 9812 || -5.59265870526439 || 2015-04-13 17:58:40 |
| 9813 || 0.458444921504423 || 2014-10-19 21:11:10 |
| 9814 || 9.79502093374117 || 2015-06-22 20:13:41 |
| 9815 || -11.0785097328845 || 2018-10-23 03:59:06 |
| 9816 || -22.5535836161438 || 2015-10-04 10:00:12 |
| 9817 || -16.6262657368992 || 2019-06-24 19:55:51 |
| 9818 || 4.77128271598399 || 2010-06-04 06:23:58 |
| 9819 || -2.56180532357533 || 2010-08-09 23:08:52 |
| 9820 || -20.7409472259544 || 2015-04-16 00:05:16 |
| 9821 || 43.0951301575515 || 2012-01-01 18:16:15 |
| 9822 || 51.5602105665979 || 2019-08-27 04:04:34 |
| 9823 || 7.2646671014407 || 2014-04-26 21:07:33 |
| 9824 || 6.81046522529561 || 2011-05-17 05:22:48 |
| 9825 || 14.2487609520976 || 2014-06-20 00:28:01 |
| 9826 || -29.8722367970725 || 2010-03-23 12:54:40 |
| 9827 || -10.8102485434868 || 2019-06-10 08:05:46 |
| 9828 || 6.41928443022943 || 2014-02-26 07:38:30 |
| 9829 || -1.64966110934384 || 2013-12-15 20:12:27 |
| 9830 || 25.3997398989097 || 2016-11-14 03:59:05 |
| 9831 || 88.7744916168878 || 2018-10-02 02:42:42 |
| 9832 || -21.7491002291177 || 2012-10-21 10:03:19 |
| 9833 || 8.25843693439623 || 2019-12-22 00:18:36 |
| 9834 || 1.12322504977101 || 2019-01-21 16:07:21 |
| 9835 || 16.9189724717823 || 2013-03-12 13:46:34 |
| 9836 || 77.3952690685576 || 2013-12-05 10:13:07 |
| 9837 || -21.4303399962897 || 2011-06-03 22:23:15 |
| 9838 || 14.5538751146746 || 2013-05-22 15:06:45 |
| 9839 || 0.430516555070545 || 2010-12-14 08:19:28 |
| 9840 || 21.9995516892512 || 2017-10-27 10:14:05 |
| 9841 || 78.7547083898818 || 2017-08-25 18:47:24 |
| 9842 || 31.9370886942068 || 2010-07-14 14:02:54 |
| 9843 || -0.304420160751883 || 2018-10-18 03:54:33 |
| 9844 || 0.563096716954805 || 2012-02-03 08:52:58 |
| 9845 || -0.755282057279037 || 2018-08-09 07:52:14 |
| 9846 || 63.3928697658958 || 2019-01-13 19:33:43 |
| 9847 || 1.70422725822502 || 2017-10-03 17:09:40 |
| 9848 || 9.94282154585872 || 2015-03-02 17:03:46 |
| 9849 || 0.0279532766133183 || 2010-01-08 08:13:16 |
| 9850 || 0.823561364433701 || 2016-09-22 09:33:38 |
| 9851 || -12.4082209803245 || 2014-11-02 18:44:38 |
| 9852 || 35.373151304471 || 2014-08-06 00:05:07 |
| 9853 || -10.4549355136268 || 2010-01-01 18:21:45 |
| 9854 || 0.135916035127397 || 2016-01-26 10:39:23 |
| 9855 || 19.5253162524378 || 2017-07-21 14:19:02 |
| 9856 || 74.9502003323994 || 2010-04-19 00:32:48 |
| 9857 || -24.029861307261 || 2016-01-13 13:57:20 |
| 9858 || 31.5333794904045 || 2013-09-25 07:03:10 |
| 9859 || -0.0846567389917811 || 2013-08-24 17:48:37 |
| 9860 || 0.88224275889573 || 2014-12-13 23:34:35 |
| 9861 || 68.893547856184 || 2014-07-13 01:42:19 |
| 9862 || -24.6415339374901 || 2010-08-14 10:13:00 |
| 9863 || -0.0601341057236969 || 2010-08-12 21:17:41 |
| 9864 || 1.55676469369572 || 2017-03-17 21:56:46 |
| 9865 || 7.60506668927511 || 2014-04-14 10:52:12 |
| 9866 || 29.8135354795293 || 2019-12-26 20:14:53 |
| 9867 || -16.7333007246299 || 2015-07-21 05:39:33 |
| 9868 || 2.02076573485249 || 2013-12-04 17:17:48 |
| 9869 || 2.12719057092276 || 2012-05-17 06:50:44 |
| 9870 || -3.98958690644262 || 2015-09-16 14:59:33 |
| 9871 || 45.5345927330434 || 2017-03-19 17:25:40 |
| 9872 || -18.8809645600999 || 2012-01-03 02:02:11 |
| 9873 || 41.5941033632943 || 2019-10-18 10:21:09 |
| 9874 || 6.20954671711483 || 2016-04-09 02:12:13 |
| 9875 || 9.58920477375673 || 2012-05-05 07:04:23 |
| 9876 || -13.5306362280452 || 2016-11-04 19:56:15 |
| 9877 || 63.4190765603174 || 2015-02-10 17:36:38 |
| 9878 || 16.0751085468868 || 2018-12-03 21:13:36 |
| 9879 || 6.7299431301438 || 2010-06-18 15:55:51 |
| 9880 || -0.827180411740603 || 2010-05-17 10:28:09 |
| 9881 || 1.29980638514216 || 2017-01-01 19:03:54 |
| 9882 || -22.8051340297769 || 2016-01-14 13:07:38 |
| 9883 || -18.847521302661 || 2017-10-14 03:12:25 |
| 9884 || -4.63073561834354 || 2014-02-02 02:04:50 |
| 9885 || 3.66926292587571 || 2017-03-07 17:33:27 |
| 9886 || -6.53947685733661 || 2013-11-13 09:00:43 |
| 9887 || 9.51152056016121 || 2011-06-05 21:18:43 |
| 9888 || 63.1578259288583 || 2014-03-05 06:36:11 |
| 9889 || 9.66751646282127 || 2015-03-21 00:53:13 |
| 9890 || 1.60799953303375 || 2011-10-09 11:41:01 |
| 9891 || 32.8356326701235 || 2011-03-15 06:11:35 |
| 9892 || 13.0835502212423 || 2012-10-11 12:19:53 |
| 9893 || -21.6283468222987 || 2012-09-24 13:44:57 |
| 9894 || 20.4956559703928 || 2012-11-03 11:15:50 |
| 9895 || 0.535036939803743 || 2018-03-14 20:38:02 |
| 9896 || 26.1598344394731 || 2012-07-08 14:32:39 |
| 9897 || -12.1889823904207 || 2013-03-01 08:16:20 |
| 9898 || 69.2765865100049 || 2014-07-27 08:52:21 |
| 9899 || 18.7793792069185 || 2015-04-03 19:33:30 |
| 9900 || -0.0121405387211828 || 2011-10-14 07:47:19 |
| 9901 || 18.4791228806576 || 2018-01-04 11:55:55 |
| 9902 || -24.4001503295526 || 2017-11-04 16:29:58 |
| 9903 || 39.2386335586629 || 2012-06-11 01:59:23 |
| 9904 || -7.10907398452446 || 2016-01-18 08:41:21 |
| 9905 || 0.0640396728167612 || 2013-03-26 11:18:09 |
| 9906 || -8.85833863659 || 2017-11-22 05:39:41 |
| 9907 || -24.860606421224 || 2012-12-25 14:03:20 |
| 9908 || -20.1645834370671 || 2017-04-03 22:56:20 |
| 9909 || 34.4672217251278 || 2017-11-19 05:38:36 |
| 9910 || 0.465459610921448 || 2017-12-04 02:01:21 |
| 9911 || -1.7743627758673 || 2014-05-08 19:22:00 |
| 9912 || 65.2355047856069 || 2014-06-08 08:33:07 |
| 9913 || 44.7590776939405 || 2010-10-20 05:51:36 |
| 9914 || 23.9355139805369 || 2010-06-08 22:40:37 |
| 9915 || 1.61225870713282 || 2010-10-16 14:39:12 |
| 9916 || -1.34031808739499 || 2019-08-21 04:12:28 |
| 9917 || -6.53109437797487 || 2016-10-03 11:53:04 |
| 9918 || -7.52058877494218 || 2010-10-06 18:05:06 |
| 9919 || 22.6314248858016 || 2010-12-11 17:33:45 |
| 9920 || 0.615315650643059 || 2011-03-06 11:47:56 |
| 9921 || 2.81678530921621 || 2012-08-23 03:59:44 |
| 9922 || -18.7205526501425 || 2011-01-19 09:42:59 |
| 9923 || 26.2686474105036 || 2012-12-25 20:54:16 |
| 9924 || -18.0658108240612 || 2015-05-04 16:01:25 |
| 9925 || 0.99252572230973 || 2012-01-10 03:14:24 |
| 9926 || 7.96802505099978 || 2013-04-02 10:32:01 |
| 9927 || -20.0795787975716 || 2014-06-23 22:24:14 |
| 9928 || 5.43438573636392 || 2015-03-09 06:43:20 |
| 9929 || -17.7484846512559 || 2011-07-24 11:48:40 |
| 9930 || 8.32482122047867 || 2010-06-14 15:00:09 |
| 9931 || -0.242627321760294 || 2016-10-13 06:14:22 |
| 9932 || -17.8425003312468 || 2011-12-15 09:29:44 |
| 9933 || -25.2219688831432 || 2015-10-04 07:30:44 |
| 9934 || -11.223048152012 || 2014-11-05 20:55:52 |
| 9935 || 13.1304003922626 || 2011-05-24 10:45:09 |
| 9936 || 1.242199180679 || 2018-05-02 05:31:47 |
| 9937 || 37.9072343771114 || 2016-04-23 09:36:38 |
| 9938 || -8.72446542293087 || 2016-02-14 14:36:33 |
| 9939 || -22.452230215486 || 2013-10-12 09:01:54 |
| 9940 || 10.6913675490114 || 2011-02-25 08:36:23 |
| 9941 || 1.03145582160557 || 2010-11-17 01:57:13 |
| 9942 || 39.516587763648 || 2010-07-18 01:33:45 |
| 9943 || 54.4673885855167 || 2018-12-15 14:13:21 |
| 9944 || 12.1013026798693 || 2019-12-22 01:57:21 |
| 9945 || 0.781699729611417 || 2010-02-09 02:22:24 |
| 9946 || 0.93315527172155 || 2010-05-24 03:14:27 |
| 9947 || -12.4166064452901 || 2016-08-11 23:37:48 |
| 9948 || 71.617199205545 || 2019-06-12 11:41:46 |
| 9949 || 53.5731457264563 || 2012-05-22 01:22:30 |
| 9950 || 26.2222385600834 || 2013-05-25 10:57:05 |
| 9951 || -0.0312610658419147 || 2011-04-26 10:55:57 |
| 9952 || 30.1101470496138 || 2016-03-12 12:46:10 |
| 9953 || 14.6277619792333 || 2019-02-02 07:18:37 |
| 9954 || 47.0880405165928 || 2012-03-20 02:37:45 |
| 9955 || 25.0397722173052 || 2018-02-06 17:32:04 |
| 9956 || 0.000917307979642784 || 2013-12-27 02:52:42 |
| 9957 || 19.4901664948756 || 2011-01-08 11:08:46 |
| 9958 || -14.9827066268892 || 2011-06-18 01:20:32 |
| 9959 || -20.6016057092569 || 2014-03-02 02:38:54 |
| 9960 || 34.8852010083257 || 2018-09-23 08:09:05 |
| 9961 || 0.344428547847771 || 2015-06-25 03:25:16 |
| 9962 || -3.9685078501922 || 2011-07-16 11:58:24 |
| 9963 || 71.7858637854816 || 2017-04-09 01:27:07 |
| 9964 || 86.4891693241012 || 2016-04-08 07:40:48 |
| 9965 || -0.641237123925962 || 2010-05-20 11:36:30 |
| 9966 || 1.59777856974895 || 2015-11-18 12:45:08 |
| 9967 || 16.1451172781559 || 2018-02-16 16:15:10 |
| 9968 || 70.9290416830682 || 2011-03-23 13:24:27 |
| 9969 || 44.9830270341493 || 2016-10-09 03:26:33 |
| 9970 || -3.72100163244468 || 2012-04-26 00:28:00 |
| 9971 || 3.28519107633217 || 2016-02-17 00:27:26 |
| 9972 || 11.7915476180648 || 2011-10-04 03:11:42 |
| 9973 || 8.27214203664501 || 2014-03-23 02:53:39 |
| 9974 || 81.245113275016 || 2013-01-18 16:59:50 |
| 9975 || 9.28014252288996 || 2010-10-18 21:19:51 |
| 9976 || 2.24588346460574 || 2015-11-10 23:54:29 |
| 9977 || 3.54336749328952 || 2017-10-02 19:10:53 |
| 9978 || 54.885744316526 || 2018-03-19 21:32:15 |
| 9979 || 87.2827288727597 || 2019-04-26 12:15:32 |
| 9980 || 47.6780719245919 || 2010-03-17 12:02:55 |
| 9981 || 3.04066486307897 || 2010-12-05 07:46:29 |
| 9982 || 6.96051319163343 || 2013-03-17 00:52:16 |
| 9983 || 13.633513015335 || 2016-07-18 07:43:42 |
| 9984 || 13.7430170771573 || 2014-12-27 19:35:56 |
| 9985 || 63.5239485879981 || 2018-03-12 14:45:39 |
| 9986 || 11.4327534579004 || 2018-11-25 23:33:44 |
| 9987 || -1.45734935500335 || 2013-06-01 02:57:28 |
| 9988 || 7.12920550729541 || 2010-04-17 02:13:11 |
| 9989 || -27.2896177406513 || 2013-12-07 22:57:29 |
| 9990 || -20.1776073305963 || 2015-12-23 13:23:28 |
| 9991 || 14.2672390500565 || 2017-10-07 01:17:53 |
| 9992 || 2.17864011284542 || 2014-10-04 07:13:47 |
| 9993 || 30.4085850785612 || 2014-12-06 04:00:10 |
| 9994 || 66.8595408059226 || 2017-04-15 08:03:14 |
| 9995 || -11.4571369323397 || 2015-11-06 08:15:19 |
| 9996 || 6.13975849381854 || 2014-07-17 10:45:31 |
| 9997 || 0.129601335201705 || 2010-01-26 10:46:50 |
| 9998 || -13.1966810649171 || 2017-10-04 05:36:47 |
| 9999 || -5.23719245761396 || 2012-09-13 15:31:05 |
| 10000 || 74.3447311652853 || 2013-04-10 06:57:45 |
| 10001 || -5.71293843704007 || 2010-12-23 01:54:10 |
| 10002 || 0.172522864513169 || 2014-11-24 06:38:27 |
| 10003 || 24.560956681639 || 2019-10-01 22:52:04 |
| 10004 || 1.13851337518603 || 2015-07-07 03:55:01 |
| 10005 || -26.7354145210595 || 2012-07-08 05:50:34 |
| 10006 || 16.5557217200366 || 2019-03-03 22:04:56 |
| 10007 || 3.33279879117682e-05 || 2014-08-03 23:16:16 |
| 10008 || 16.7793625801835 || 2017-07-13 11:25:22 |
| 10009 || -22.1598796655354 || 2010-06-24 03:06:07 |
| 10010 || 40.2352905570641 || 2015-09-07 14:26:30 |
| 10011 || 28.7215997559324 || 2019-03-22 14:12:29 |
| 10012 || -0.0658332228451875 || 2014-05-01 06:55:32 |
| 10013 || 15.2698473445063 || 2015-02-21 02:48:28 |
| 10014 || 36.7626768408659 || 2012-04-24 10:03:24 |
| 10015 || 14.3629356323284 || 2018-01-26 18:27:13 |
| 10016 || 40.9263378995187 || 2016-09-05 14:29:41 |
| 10017 || -0.4633149152886 || 2017-03-20 23:28:40 |
| 10018 || 16.1019967958307 || 2019-11-19 04:16:10 |
| 10019 || 6.18591126964424 || 2013-02-09 20:53:35 |
| 10020 || -29.3307854599868 || 2014-05-18 01:53:53 |
| 10021 || 26.4388538574471 || 2010-11-13 04:03:33 |
| 10022 || 3.03962156523926 || 2017-08-23 14:35:30 |
| 10023 || 8.88315385380724 || 2017-08-19 06:33:16 |
| 10024 || 59.9572105115368 || 2017-09-01 03:48:08 |
| 10025 || 78.2091328339857 || 2018-12-12 07:28:22 |
| 10026 || 25.476877114785 || 2011-01-14 03:27:12 |
| 10027 || 4.9054854745721 || 2018-10-06 19:32:12 |
| 10028 || 10.5155415130395 || 2012-07-20 08:19:26 |
| 10029 || -20.4673763882788 || 2019-07-04 09:44:26 |
| 10030 || 88.6937599839356 || 2015-08-19 16:28:01 |
| 10031 || 17.834421053148 || 2016-10-20 17:37:50 |
| 10032 || 6.99477896295296 || 2019-12-09 11:20:24 |
| 10033 || -2.72803709288062 || 2018-05-25 16:48:31 |
| 10034 || 54.2123344907902 || 2018-05-17 20:36:05 |
| 10035 || 66.7486077919875 || 2019-10-13 06:17:24 |
| 10036 || -12.2795441844516 || 2018-06-06 00:17:47 |
| 10037 || -0.981290737674586 || 2016-10-08 19:42:15 |
| 10038 || 3.06298211590085 || 2011-12-16 02:34:40 |
| 10039 || 31.9060927764215 || 2019-01-06 11:45:37 |
| 10040 || 70.6487865277384 || 2017-05-14 10:47:13 |
| 10041 || 59.4957340745219 || 2019-01-07 03:36:13 |
| 10042 || -4.51848656695695 || 2019-10-10 21:56:49 |
| 10043 || -0.755632846816399 || 2012-10-07 23:49:32 |
| 10044 || -5.411046930635 || 2017-06-24 10:52:47 |
| 10045 || 75.2271015042933 || 2019-08-16 07:46:20 |
| 10046 || 70.494608940185 || 2017-12-11 13:33:22 |
| 10047 || 17.3246080211504 || 2016-08-14 08:14:44 |
| 10048 || 1.28995867284243 || 2010-12-13 07:13:09 |
| 10049 || 31.1561439082867 || 2015-09-15 00:23:37 |
| 10050 || 58.4235114747106 || 2016-08-10 04:03:56 |
| 10051 || 39.591349163213 || 2014-09-22 08:45:01 |
| 10052 || 14.8553483285912 || 2010-08-24 01:26:43 |
| 10053 || -0.124026125581784 || 2010-06-24 03:59:29 |
| 10054 || -11.0579514709768 || 2019-08-12 07:26:30 |
| 10055 || 34.0649721768589 || 2016-10-16 00:33:48 |
| 10056 || 32.4415821771542 || 2017-12-23 22:51:42 |
| 10057 || 24.6020421407963 || 2018-01-02 12:11:19 |
| 10058 || -0.000293671355400301 || 2015-11-13 09:33:41 |
| 10059 || 4.40140813657859 || 2019-05-06 14:10:58 |
| 10060 || -26.2840658171414 || 2011-12-05 17:55:52 |
| 10061 || 60.8897888936206 || 2014-03-12 02:41:32 |
| 10062 || 27.1213513441403 || 2010-07-16 19:42:54 |
| 10063 || 0.139123968888067 || 2014-08-27 20:56:02 |
| 10064 || -4.0752042991731 || 2010-12-12 20:50:18 |
| 10065 || -24.0269297236064 || 2010-08-11 11:59:27 |
| 10066 || 28.1844901182398 || 2019-06-03 04:16:31 |
| 10067 || 4.56079731117828 || 2013-08-18 10:46:41 |
| 10068 || 1.20540719100784 || 2018-07-19 02:50:53 |
| 10069 || 15.0499005297131 || 2013-08-14 13:42:03 |
| 10070 || -13.8824486240341 || 2014-09-14 19:27:04 |
| 10071 || 64.0850051405549 || 2015-06-27 17:58:13 |
| 10072 || -1.60431601902131 || 2013-07-06 00:46:42 |
| 10073 || 1.88594689661912 || 2012-02-03 02:11:43 |
| 10074 || 12.8341886141927 || 2016-06-25 16:26:33 |
| 10075 || 3.02095592297044 || 2014-06-13 11:30:54 |
| 10076 || -10.0001214646591 || 2014-12-17 17:49:34 |
| 10077 || 24.7744823670503 || 2013-10-26 21:46:57 |
| 10078 || 2.71863580422788 || 2011-04-23 05:10:01 |
| 10079 || 2.14394960717189 || 2013-02-02 05:59:18 |
| 10080 || -11.5641530886914 || 2019-01-27 06:37:06 |
| 10081 || 79.1675369785189 || 2010-08-21 16:15:14 |
| 10082 || -5.10167509221732 || 2012-10-27 15:32:27 |
| 10083 || 2.43521470170603 || 2013-08-09 16:33:55 |
| 10084 || 6.63365190946957 || 2013-10-27 09:31:15 |
| 10085 || -17.7255700692483 || 2013-11-07 10:34:10 |
| 10086 || -25.3155178644768 || 2017-08-03 06:06:46 |
| 10087 || 50.0224043703421 || 2010-07-09 09:24:42 |
| 10088 || 2.51172204807517 || 2012-09-04 11:38:58 |
| 10089 || 3.05147964919242 || 2012-10-10 20:46:43 |
| 10090 || 49.8921805097657 || 2013-06-24 05:56:54 |
| 10091 || -26.5606425028429 || 2011-07-27 02:47:02 |
| 10092 || 11.982539427522 || 2019-07-08 22:22:21 |
| 10093 || -4.72214188355428 || 2010-10-15 05:35:48 |
| 10094 || 2.24613264579011 || 2018-12-17 00:57:16 |
| 10095 || 22.7457055893461 || 2016-12-12 21:47:34 |
| 10096 || 73.3967730440371 || 2017-10-20 07:04:46 |
| 10097 || 32.4406686595249 || 2011-04-11 04:02:06 |
| 10098 || 17.9400550154971 || 2018-08-14 19:48:02 |
| 10099 || -0.4142223140055 || 2015-02-19 10:44:38 |
| 10100 || 27.5700448299426 || 2017-09-20 06:21:57 |
| 10101 || 84.9556886210888 || 2015-10-26 07:17:45 |
| 10102 || 74.4806173634333 || 2013-11-06 00:11:16 |
| 10103 || 2.09381907534686 || 2012-06-18 05:55:14 |
| 10104 || 0.147438770660311 || 2016-11-14 17:05:00 |
| 10105 || -6.59278704987272 || 2013-06-18 08:49:38 |
| 10106 || -27.7604412319415 || 2012-07-14 04:28:23 |
| 10107 || -14.7645267688544 || 2015-08-01 19:42:07 |
| 10108 || -6.95436760434863 || 2014-08-26 05:48:02 |
| 10109 || 0.00604504506388551 || 2012-04-08 05:55:04 |
| 10110 || 1.9463398978793 || 2017-10-05 05:34:09 |
| 10111 || 61.9020772247956 || 2011-03-07 12:39:22 |
| 10112 || 17.9814309560034 || 2015-01-27 08:51:45 |
| 10113 || 26.6592635576454 || 2018-04-05 16:09:07 |
| 10114 || 0.102854102739295 || 2010-01-17 08:09:27 |
| 10115 || 14.8005675260258 || 2015-09-10 18:23:37 |
| 10116 || 58.1919418194071 || 2016-08-21 13:58:30 |
| 10117 || -28.2504172817083 || 2017-05-21 02:38:57 |
| 10118 || -2.44001472781195 || 2011-10-27 10:03:43 |
| 10119 || 0.999437075711102 || 2016-10-11 23:48:34 |
| 10120 || -6.99066184732539 || 2013-06-14 17:44:49 |
| 10121 || 6.90404206716132 || 2014-01-09 05:10:02 |
| 10122 || -16.7509976282373 || 2019-07-14 18:58:19 |
| 10123 || 42.5579976486525 || 2016-02-02 12:58:55 |
| 10124 || -0.498079603092578 || 2017-10-24 09:16:16 |
| 10125 || 3.31062022247347 || 2013-10-13 16:07:07 |
| 10126 || -5.08875701523415 || 2014-03-27 15:36:29 |
| 10127 || 87.8111771334702 || 2015-05-27 00:14:23 |
| 10128 || 5.03000229706611 || 2019-02-04 00:37:14 |
| 10129 || -1.31880185913421 || 2010-02-11 14:47:46 |
| 10130 || 5.63959866985895 || 2012-02-08 16:42:11 |
| 10131 || 51.824884687933 || 2016-07-08 04:13:23 |
| 10132 || 28.7769681273142 || 2013-10-27 12:46:24 |
| 10133 || -15.3207473526991 || 2014-11-13 04:40:46 |
| 10134 || 0.766742251979638 || 2013-01-19 12:49:31 |
| 10135 || 0.862776201480053 || 2010-10-22 16:12:29 |
| 10136 || 16.6376748869136 || 2015-04-16 01:06:11 |
| 10137 || -16.1708874216172 || 2019-07-05 09:52:40 |
| 10138 || 5.44375838855154 || 2017-10-09 10:05:08 |
| 10139 || -2.47560311401548 || 2016-06-02 02:56:33 |
| 10140 || -0.466587195112776 || 2014-07-17 10:20:49 |
| 10141 || 53.2953574196237 || 2012-05-05 11:06:29 |
| 10142 || 65.6177514535004 || 2014-02-07 09:49:55 |
| 10143 || 0.14899376199596 || 2019-03-22 02:56:38 |
| 10144 || 12.9382029969843 || 2011-04-17 23:03:36 |
| 10145 || 3.67910852524194 || 2010-11-03 23:57:38 |
| 10146 || 29.3386912566535 || 2016-04-06 07:05:29 |
| 10147 || -28.7316604799554 || 2012-06-14 14:52:42 |
| 10148 || 42.3538251207757 || 2014-05-25 08:25:42 |
| 10149 || -5.54652190556613 || 2012-10-16 18:48:41 |
| 10150 || -0.578545330514699 || 2016-09-26 22:53:07 |
| 10151 || 18.484545587339 || 2013-02-27 18:49:10 |
| 10152 || 86.461351102973 || 2015-05-09 18:39:33 |
| 10153 || 2.64734800314909 || 2013-09-26 04:02:32 |
| 10154 || 22.9169621410068 || 2018-12-16 09:48:05 |
| 10155 || 0.581390242241411 || 2018-08-09 02:38:25 |
| 10156 || 13.6786255435503 || 2016-10-25 12:33:24 |
| 10157 || 41.0162817305889 || 2012-06-24 14:00:42 |
| 10158 || 74.9773739695363 || 2012-03-01 09:17:55 |
| 10159 || -8.56514820925869 || 2017-04-03 13:46:48 |
| 10160 || 0.0618311283725953 || 2013-01-18 05:08:15 |
| 10161 || 31.9100335592925 || 2019-05-20 23:11:48 |
| 10162 || 41.0290842924392 || 2012-11-18 12:42:04 |
| 10163 || 81.2294079218439 || 2018-12-04 05:30:54 |
| 10164 || 0.703408848088599 || 2017-08-20 18:50:20 |
| 10165 || -0.00585246020452523 || 2018-04-02 07:12:38 |
| 10166 || 3.4075482375009 || 2011-11-20 19:47:06 |
| 10167 || 78.0764421072773 || 2016-05-08 21:43:26 |
| 10168 || 32.0060222738395 || 2014-08-23 15:44:47 |
| 10169 || 28.9978961156822 || 2019-09-09 07:36:35 |
| 10170 || 0.754049106345469 || 2019-04-25 19:15:11 |
| 10171 || 18.7620272988975 || 2017-06-08 13:02:37 |
| 10172 || -24.2045233131343 || 2015-11-07 08:37:26 |
| 10173 || -21.7693837283131 || 2015-01-01 13:22:53 |
| 10174 || -14.0632970817851 || 2015-12-15 01:33:17 |
| 10175 || -0.0775701259386508 || 2015-03-17 07:48:23 |
| 10176 || -5.54236849982437 || 2014-03-12 06:14:00 |
| 10177 || 9.16174691214712 || 2011-08-26 08:31:33 |
| 10178 || -11.0745871945683 || 2016-07-22 02:30:08 |
| 10179 || -14.6998719664105 || 2011-12-17 00:02:36 |
| 10180 || -1.24969608156884 || 2010-08-13 00:46:42 |
| 10181 || 5.28520196129845 || 2015-10-20 22:45:46 |
| 10182 || -20.8217541004337 || 2016-10-14 12:39:14 |
| 10183 || 77.8325812016187 || 2019-02-12 02:32:36 |
| 10184 || 22.2578474336277 || 2018-06-19 10:49:20 |
| 10185 || 6.61730877134182 || 2014-08-03 09:04:06 |
| 10186 || 7.4782161789991 || 2017-09-17 10:35:39 |
| 10187 || -19.1397031414412 || 2014-02-22 07:50:13 |
| 10188 || 64.4024501131195 || 2011-10-04 13:56:45 |
| 10189 || 5.78995478113726 || 2018-01-19 16:21:30 |
| 10190 || 9.76389630163115 || 2019-10-19 13:41:34 |
| 10191 || -0.871427745755215 || 2018-10-21 23:08:01 |
| 10192 || 51.4534122241726 || 2012-09-07 16:06:43 |
| 10193 || 42.97420117174 || 2010-08-08 12:30:31 |
| 10194 || -21.4974497978663 || 2019-04-10 22:55:05 |
| 10195 || -2.55880843123292 || 2011-07-07 22:53:58 |
| 10196 || 1.91885157522107 || 2012-03-23 07:00:27 |
| 10197 || 26.573823890902 || 2016-03-07 21:03:00 |
| 10198 || -28.6673606051848 || 2019-01-19 08:51:39 |
| 10199 || -19.0042183626919 || 2012-02-14 00:01:14 |
| 10200 || 8.20645965808532 || 2012-08-17 22:34:08 |
| 10201 || -0.0554598609850608 || 2011-03-15 00:17:51 |
| 10202 || 19.9706430483414 || 2012-09-03 01:07:22 |
| 10203 || -29.0423547464731 || 2011-02-17 21:13:19 |
| 10204 || -21.0994763297801 || 2013-10-22 18:07:35 |
| 10205 || 16.365051321569 || 2013-12-06 06:06:46 |
| 10206 || 0.122221024106134 || 2015-12-25 18:28:50 |
| 10207 || 35.2536545553123 || 2015-09-13 17:53:16 |
| 10208 || 61.5491436367995 || 2012-01-03 04:37:18 |
| 10209 || -13.7389168256139 || 2016-05-22 00:40:04 |
| 10210 || 14.5341455660815 || 2019-05-26 08:54:23 |
| 10211 || -0.0404712401635498 || 2019-10-27 01:51:38 |
| 10212 || 17.4924274978136 || 2018-06-09 20:11:32 |
| 10213 || 36.5768353232256 || 2019-07-15 13:29:57 |
| 10214 || -26.0610622600322 || 2012-04-25 20:17:24 |
| 10215 || -10.3068758567905 || 2014-12-21 11:41:06 |
| 10216 || 0.00256932849320387 || 2018-01-22 08:58:57 |
| 10217 || 28.0058792248529 || 2015-09-08 18:18:54 |
| 10218 || 3.97242431924874 || 2019-02-03 06:03:47 |
| 10219 || 80.5410012899048 || 2013-09-11 03:29:22 |
| 10220 || 34.7892107611642 || 2019-04-24 15:08:30 |
| 10221 || 0.523163596734523 || 2011-09-25 04:06:15 |
| 10222 || -5.2071925402357 || 2010-09-16 07:03:29 |
| 10223 || 64.7970879108818 || 2019-06-07 08:10:56 |
| 10224 || 50.8042613949638 || 2019-02-22 07:05:38 |
| 10225 || -13.8685345875951 || 2015-11-02 13:05:21 |
| 10226 || 0.315709797685631 || 2015-06-25 16:14:46 |
| 10227 || -0.0381627728125757 || 2015-06-22 17:18:18 |
| 10228 || 22.9590797433866 || 2013-06-20 16:01:10 |
| 10229 || -16.4605314250599 || 2011-11-02 00:12:18 |
| 10230 || 4.44113234998958 || 2018-07-18 19:23:34 |
| 10231 || -0.476591566270915 || 2018-08-13 01:07:30 |
| 10232 || -3.99243840632319 || 2016-04-06 18:51:06 |
| 10233 || 32.2226731329997 || 2019-04-01 21:57:40 |
| 10234 || 46.5405176821625 || 2012-02-16 08:15:06 |
| 10235 || 44.9159618136929 || 2012-02-06 07:33:35 |
| 10236 || -1.88339715035227 || 2014-09-09 06:07:01 |
| 10237 || -2.5393488585407 || 2019-03-07 13:17:36 |
| 10238 || 26.1167125654526 || 2011-02-19 10:01:28 |
| 10239 || 84.2039965208648 || 2010-06-17 09:17:38 |
| 10240 || 40.8673707234766 || 2012-05-04 23:21:48 |
| 10241 || 0.545713759056622 || 2017-09-21 15:50:25 |
| 10242 || 6.45040904482457 || 2012-02-08 04:01:06 |
| 10243 || 44.789026979581 || 2018-01-13 23:29:45 |
| 10244 || 72.1106638571301 || 2019-09-24 01:37:09 |
| 10245 || -10.7045766267735 || 2013-08-08 00:46:31 |
| 10246 || -4.18618592314869 || 2016-08-03 22:51:38 |
| 10247 || 1.43167234388565 || 2010-05-18 04:59:51 |
| 10248 || 40.8157386455393 || 2018-06-09 15:23:54 |
| 10249 || 86.8068181854636 || 2017-03-09 05:32:45 |
| 10250 || -19.347131710183 || 2015-07-01 07:14:31 |
| 10251 || -4.91531325675037 || 2014-04-27 18:47:47 |
| 10252 || -0.0307836919151902 || 2013-02-21 05:07:45 |
| 10253 || 10.284324838254 || 2017-01-01 03:56:50 |
| 10254 || 54.0263181938417 || 2019-01-24 18:50:13 |
| 10255 || -1.16823319732187 || 2018-03-15 01:51:16 |
| 10256 || 21.1179500686921 || 2014-12-15 09:31:14 |
| 10257 || 0.92422926357115 || 2011-06-24 22:34:46 |
| 10258 || -0.853655927428453 || 2013-08-24 22:33:56 |
| 10259 || -24.5399580299644 || 2016-09-15 17:57:59 |
| 10260 || -20.4550662812925 || 2019-06-13 05:00:20 |
| 10261 || 17.010899816361 || 2015-11-24 19:04:10 |
| 10262 || -0.0735326769454028 || 2019-04-16 04:19:51 |
| 10263 || 28.6603388182652 || 2012-03-07 13:51:49 |
| 10264 || -18.2609689269736 || 2018-04-26 02:39:00 |
| 10265 || 71.8700105363445 || 2016-10-25 00:49:55 |
| 10266 || 12.8468858985416 || 2015-06-22 09:28:50 |
| 10267 || -0.0027108137760985 || 2019-08-02 15:27:34 |
| 10268 || 26.5103574700124 || 2014-05-19 15:48:31 |
| 10269 || 66.810441340766 || 2010-01-21 20:34:16 |
| 10270 || 33.7349081145758 || 2018-11-20 11:16:41 |
| 10271 || 33.0621878861486 || 2019-12-09 13:06:51 |
| 10272 || 0.432368402092569 || 2014-08-27 02:57:12 |
| 10273 || 22.9678696794767 || 2016-11-03 00:09:52 |
| 10274 || 25.3146334780117 || 2015-02-09 04:02:48 |
| 10275 || -28.6745089726603 || 2017-07-27 23:54:21 |
| 10276 || -13.3162295595836 || 2016-04-14 00:53:13 |
| 10277 || 0.146200826167787 || 2015-04-06 11:03:02 |
| 10278 || 6.73537967065697 || 2013-09-20 20:35:28 |
| 10279 || -17.9421346031787 || 2012-08-23 06:51:26 |
| 10280 || 86.8328553789035 || 2016-09-11 00:58:58 |
| 10281 || 30.9254904945969 || 2014-08-14 14:41:03 |
| 10282 || -0.785845448352587 || 2013-01-09 18:25:01 |
| 10283 || 15.2196151318668 || 2013-04-20 02:36:41 |
| 10284 || 36.7888103624436 || 2015-10-22 18:01:09 |
| 10285 || -25.2864275768743 || 2017-03-03 09:07:10 |
| 10286 || 51.0327146850024 || 2019-12-02 00:37:29 |
| 10287 || 5.50499651177957 || 2016-05-04 18:11:49 |
| 10288 || 2.24757990494445 || 2014-04-04 20:06:08 |
| 10289 || 59.1293431076067 || 2017-09-16 12:20:50 |
| 10290 || -9.02933914103296 || 2018-11-06 14:42:20 |
| 10291 || 37.3797988200383 || 2019-01-09 14:43:16 |
| 10292 || -1.26285932254953 || 2014-05-04 10:34:21 |
| 10293 || 1.25268117983853 || 2019-08-01 12:31:44 |
| 10294 || 2.11247269483243 || 2018-07-05 12:01:25 |
| 10295 || -29.666253399133 || 2014-10-02 23:45:57 |
| 10296 || 7.58439445489658 || 2011-06-15 09:05:46 |
| 10297 || -2.20061111640437 || 2019-08-21 16:35:12 |
| 10298 || 1.68299346677132 || 2011-05-04 03:34:46 |
| 10299 || 50.5208094832419 || 2016-09-17 17:15:10 |
| 10300 || 52.49130427824 || 2016-08-10 09:47:46 |
| 10301 || 20.2237577593572 || 2015-02-01 04:48:53 |
| 10302 || -3.03845874535802 || 2012-08-25 23:21:43 |
| 10303 || -0.568069685467928 || 2018-07-10 03:30:23 |
| 10304 || -13.0004493942213 || 2015-10-02 17:32:13 |
| 10305 || 86.0707901146479 || 2014-05-24 16:18:10 |
| 10306 || 31.9986699973674 || 2013-12-03 23:43:54 |
| 10307 || 19.2121055925072 || 2014-03-01 02:57:27 |
| 10308 || 1.32064550330233 || 2012-09-23 07:25:54 |
| 10309 || 27.0462527041154 || 2013-07-17 05:16:21 |
| 10310 || 10.7656903229889 || 2013-09-03 10:28:56 |
| 10311 || 61.5993671862884 || 2017-10-10 21:39:42 |
| 10312 || 9.95871050339141 || 2011-10-22 11:18:27 |
| 10313 || 0.309237186159745 || 2015-07-16 11:06:27 |
| 10314 || -10.6702309034629 || 2016-04-19 12:08:58 |
| 10315 || -27.7341617085038 || 2018-02-15 01:21:39 |
| 10316 || -8.52053284502406 || 2017-10-04 06:50:24 |
| 10317 || 24.6589378200586 || 2013-11-15 02:40:28 |
| 10318 || 2.20697595780599e-06 || 2015-08-07 01:31:00 |
| 10319 || 23.682499812552 || 2014-06-12 15:41:33 |
| 10320 || 19.1325253461843 || 2018-09-26 01:52:35 |
| 10321 || 8.66714113088647 || 2011-08-20 10:03:36 |
| 10322 || 34.0607745605363 || 2019-09-15 19:19:03 |
| 10323 || 0.230622398658505 || 2010-01-25 20:25:57 |
| 10324 || 16.1518782634228 || 2010-04-21 10:01:50 |
| 10325 || 0.451653487294027 || 2014-05-12 21:16:50 |
| 10326 || -11.3206464111834 || 2013-04-22 17:50:19 |
| 10327 || 31.0011414105975 || 2019-05-14 09:03:04 |
| 10328 || -0.18264920703297 || 2010-09-24 13:40:35 |
| 10329 || 3.34471114100579 || 2011-12-16 22:01:43 |
| 10330 || -11.369685236108 || 2018-07-17 18:56:29 |
| 10331 || -19.7404263798669 || 2017-02-21 15:47:57 |
| 10332 || 45.48672541938 || 2010-07-09 08:55:40 |
| 10333 || -0.542819695679964 || 2015-09-02 10:35:02 |
| 10334 || 8.81648075589449 || 2010-06-04 07:15:00 |
| 10335 || -1.51689898941421 || 2012-04-21 15:52:21 |
| 10336 || 42.090967575657 || 2017-03-26 11:18:00 |
| 10337 || 6.63742406910417 || 2019-07-24 15:08:47 |
| 10338 || 4.68192497348654 || 2011-04-09 15:40:52 |
| 10339 || -1.24313118440686 || 2011-04-17 01:15:49 |
| 10340 || 50.3943262097414 || 2019-08-14 12:11:13 |
| 10341 || -15.0014683978708 || 2015-03-04 02:23:34 |
| 10342 || 1.33997211846884 || 2015-01-04 13:53:22 |
| 10343 || 4.27208350917185 || 2016-09-07 23:19:30 |
| 10344 || -0.131264956119114 || 2010-08-07 13:19:03 |
| 10345 || 39.5935722807937 || 2017-09-23 20:58:29 |
| 10346 || 36.4557206667298 || 2016-07-24 16:27:27 |
| 10347 || 47.9081184943178 || 2010-05-11 07:01:18 |
| 10348 || -3.50191653137279 || 2015-02-04 06:33:08 |
| 10349 || 5.28982337154921 || 2018-05-13 01:58:22 |
| 10350 || 11.0508770628535 || 2015-02-13 21:00:26 |
| 10351 || -15.2404628317583 || 2011-07-20 23:43:16 |
| 10352 || -21.003008135359 || 2016-08-15 23:50:07 |
| 10353 || 2.18732941134648 || 2010-12-11 08:21:03 |
| 10354 || 3.3105809868467 || 2018-03-07 22:37:45 |
| 10355 || 30.8245769565067 || 2010-05-19 07:19:11 |
| 10356 || 15.8198872003321 || 2019-09-13 13:45:24 |
| 10357 || -23.2321904736975 || 2014-04-27 19:20:46 |
| 10358 || -3.2690395542973 || 2014-10-08 18:36:24 |
| 10359 || 0.726328459840041 || 2011-09-03 20:31:57 |
| 10360 || -8.12058850806385 || 2012-10-05 03:18:12 |
| 10361 || 71.6125763738707 || 2013-09-03 06:12:47 |
| 10362 || -10.996924608102 || 2017-03-07 16:30:25 |
| 10363 || -1.43868067245331 || 2016-07-13 05:37:53 |
| 10364 || -0.0956102160173776 || 2012-08-13 19:49:39 |
| 10365 || 33.8099640051688 || 2015-07-21 02:56:46 |
| 10366 || 83.4928939418875 || 2011-06-04 07:07:10 |
| 10367 || 31.0381856866178 || 2017-10-15 17:33:35 |
| 10368 || 2.17647103482862 || 2011-04-18 22:54:47 |
| 10369 || -0.00433032827772196 || 2015-07-11 18:41:28 |
| 10370 || 19.9671259898867 || 2017-02-15 05:39:16 |
| 10371 || -22.2474519331596 || 2011-01-13 14:35:45 |
| 10372 || 9.81367062982828 || 2013-07-17 02:35:07 |
| 10373 || 33.8442896387809 || 2013-10-16 16:14:27 |
| 10374 || -0.0418811229698782 || 2014-07-15 15:35:57 |
| 10375 || 20.296698013449 || 2014-03-01 20:34:18 |
| 10376 || 69.4154018787278 || 2016-06-15 14:13:47 |
| 10377 || -8.84964802020879 || 2014-01-19 11:49:10 |
| 10378 || 35.6495499152383 || 2013-11-21 11:48:41 |
| 10379 || 0.349221534106701 || 2016-09-20 01:33:44 |
| 10380 || -7.0705921034051 || 2012-04-06 19:11:06 |
| 10381 || -16.5786102757526 || 2011-10-15 07:45:51 |
| 10382 || 75.4515905926774 || 2011-06-04 06:41:21 |
| 10383 || -9.97160389513205 || 2014-11-25 08:37:10 |
| 10384 || -0.440435377928063 || 2010-06-10 06:03:27 |
| 10385 || 7.42196572648664 || 2015-04-20 12:54:37 |
| 10386 || 51.0459814858007 || 2015-03-20 17:22:05 |
| 10387 || 43.7584233331643 || 2018-12-06 22:01:16 |
| 10388 || -2.07237098439428 || 2012-07-16 00:10:44 |
| 10389 || -0.586116591440371 || 2014-04-10 14:17:23 |
| 10390 || 12.6491983648914 || 2012-03-07 12:31:45 |
| 10391 || 46.7342488859226 || 2019-09-25 15:26:56 |
| 10392 || 78.5969830156838 || 2014-12-26 16:56:00 |
| 10393 || -4.07629288194425 || 2019-02-18 07:20:30 |
| 10394 || 4.70648267433769 || 2017-11-20 09:47:32 |
| 10395 || 7.1705366809334 || 2019-12-24 00:16:47 |
| 10396 || -11.0387842146359 || 2019-03-27 11:38:15 |
| 10397 || 68.7947972332299 || 2011-06-06 04:59:07 |
| 10398 || 59.9402765392337 || 2014-07-23 13:31:46 |
| 10399 || -2.95507465859954 || 2019-12-24 23:29:44 |
| 10400 || -0.673228941574045 || 2010-06-26 19:06:55 |
| 10401 || -3.60837093313215 || 2018-11-04 15:50:06 |
| 10402 || -6.16606178360946 || 2017-07-11 20:32:50 |
| 10403 || 54.5704792236319 || 2014-05-22 14:40:58 |
| 10404 || -3.03547874891748 || 2015-08-22 08:51:20 |
| 10405 || 3.69248444844793 || 2016-04-22 02:30:57 |
| 10406 || 20.5919365209975 || 2011-09-13 14:06:37 |
| 10407 || 68.6770295112751 || 2010-08-22 02:56:48 |
| 10408 || 68.6558680244884 || 2013-05-14 09:24:53 |
| 10409 || 17.8835084040817 || 2017-06-16 02:07:44 |
| 10410 || 0.952105001794906 || 2014-09-14 06:31:36 |
| 10411 || 42.772251576675 || 2011-11-26 03:26:54 |
| 10412 || 85.4287800396206 || 2019-09-01 13:01:04 |
| 10413 || 64.1581879306309 || 2015-02-03 14:29:13 |
| 10414 || 20.7815978127962 || 2011-01-27 11:00:09 |
| 10415 || 0.571422589975517 || 2010-07-10 07:42:30 |
| 10416 || 18.9002886805223 || 2014-04-04 09:33:29 |
| 10417 || 47.601301949248 || 2010-05-05 22:47:12 |
| 10418 || 0.718916446402081 || 2017-10-10 05:39:27 |
| 10419 || -8.49129578444258 || 2012-07-06 16:05:06 |
| 10420 || -0.0158715817106717 || 2017-08-17 14:55:18 |
| 10421 || 24.2156764704324 || 2010-11-19 21:28:32 |
| 10422 || -27.1213306152367 || 2014-09-26 16:06:56 |
| 10423 || -14.1758395477241 || 2014-02-02 09:23:54 |
| 10424 || -11.0807762854051 || 2017-09-01 20:02:37 |
| 10425 || 0.0234424773828434 || 2012-12-12 00:23:24 |
| 10426 || 26.5790568296511 || 2017-07-18 11:10:09 |
| 10427 || -25.4079629273336 || 2011-03-10 21:01:43 |
| 10428 || 0.368252584588633 || 2014-07-02 03:24:30 |
| 10429 || 5.67270575609872 || 2013-08-10 02:50:36 |
| 10430 || -0.189324132600145 || 2015-11-04 19:34:53 |
| 10431 || -6.61069410981271 || 2018-03-01 15:08:30 |
| 10432 || -24.3536799409481 || 2010-04-05 07:26:09 |
| 10433 || 73.1725722599229 || 2014-07-16 10:18:40 |
| 10434 || 25.6349608559594 || 2015-01-07 11:10:34 |
| 10435 || -0.214436896077327 || 2015-10-01 02:42:41 |
| 10436 || 16.774320239778 || 2014-01-01 13:15:36 |
| 10437 || 50.6285953324941 || 2019-04-25 19:44:07 |
| 10438 || 24.2840300601262 || 2012-01-16 01:57:11 |
| 10439 || -16.4704621028203 || 2010-01-23 23:23:05 |
| 10440 || -0.863670298716151 || 2014-04-16 22:55:08 |
| 10441 || 10.1064209619863 || 2014-10-04 05:41:19 |
| 10442 || 52.4087561388509 || 2018-08-20 22:50:57 |
| 10443 || 15.5010428618508 || 2019-09-07 14:53:21 |
| 10444 || 51.5155646389391 || 2018-10-14 02:30:48 |
| 10445 || 6.51152642061336 || 2016-02-18 16:01:47 |
| 10446 || 9.85583469200245 || 2017-06-10 14:02:27 |
| 10447 || -17.7902876795582 || 2011-12-03 04:33:14 |
| 10448 || 89.8677484775232 || 2015-01-01 07:23:04 |
| 10449 || -16.9178328261123 || 2010-09-25 10:22:26 |
| 10450 || 9.74278569573912 || 2018-04-06 15:26:24 |
| 10451 || 0.669507771977338 || 2011-08-27 01:14:06 |
| 10452 || -18.1653215411499 || 2013-08-01 11:31:48 |
| 10453 || -25.1224504625747 || 2017-10-18 08:18:35 |
| 10454 || 17.5696513723038 || 2013-11-20 07:22:28 |
| 10455 || 8.80100451475514 || 2013-11-09 16:49:06 |
| 10456 || 4.01875823934251 || 2010-06-17 04:16:25 |
| 10457 || -9.15210125323077 || 2015-06-08 20:49:53 |
| 10458 || 70.1881159330617 || 2016-08-12 00:07:43 |
| 10459 || -15.0659510616597 || 2017-07-27 02:18:31 |
| 10460 || 17.7569055020763 || 2014-04-24 04:13:19 |
| 10461 || 1.37644866664276 || 2017-07-03 14:52:28 |
| 10462 || 40.2599960171747 || 2014-04-22 19:26:41 |
| 10463 || 80.2019718687486 || 2019-03-19 12:44:06 |
| 10464 || 71.7923451444348 || 2012-12-26 10:40:25 |
| 10465 || 19.6871839174286 || 2018-12-24 07:06:44 |
| 10466 || 0.28843122045773 || 2019-08-22 02:00:05 |
| 10467 || 31.1005800879159 || 2019-01-07 18:06:43 |
| 10468 || -25.8498016479468 || 2017-10-20 14:55:05 |
| 10469 || -25.5834121695042 || 2018-01-10 10:34:55 |
| 10470 || 26.7535938490278 || 2017-12-09 16:16:49 |
| 10471 || -0.0279753142727113 || 2014-07-03 11:45:09 |
| 10472 || 30.0894471664126 || 2019-05-20 06:13:47 |
| 10473 || -24.0089002022092 || 2019-10-12 00:00:10 |
| 10474 || -26.4513581715675 || 2012-08-12 23:49:47 |
| 10475 || 1.83015308059252 || 2014-04-26 03:55:33 |
| 10476 || -0.00445959973673851 || 2018-04-18 23:45:46 |
| 10477 || 7.2243689965176 || 2013-04-11 09:54:25 |
| 10478 || 48.4235353899064 || 2016-10-01 19:27:46 |
| 10479 || -9.83623731922294 || 2018-09-04 15:58:15 |
| 10480 || -9.17686740764476 || 2018-02-12 10:13:36 |
| 10481 || 0.128384249711507 || 2012-07-17 04:27:56 |
| 10482 || 13.6627131485625 || 2018-03-09 13:42:42 |
| 10483 || -3.81928711287373 || 2018-08-12 03:59:20 |
| 10484 || 21.7289623854308 || 2014-01-24 02:23:43 |
| 10485 || 11.8961617044244 || 2015-03-24 11:38:07 |
| 10486 || 0.459202699179448 || 2015-04-23 03:07:59 |
| 10487 || 4.31346352091442 || 2016-01-09 08:11:34 |
| 10488 || 5.51160457341296 || 2013-04-11 16:19:52 |
| 10489 || -4.52093509964965 || 2014-08-17 03:47:19 |
| 10490 || 5.86976852231639 || 2012-01-12 03:09:10 |
| 10491 || 3.78307312658412 || 2011-01-20 06:28:48 |
| 10492 || 12.2259363130614 || 2014-09-20 09:25:03 |
| 10493 || 65.7281066078378 || 2016-10-11 11:06:38 |
| 10494 || -28.6062968570625 || 2014-11-12 09:06:18 |
| 10495 || 46.1684570243357 || 2019-05-05 02:13:14 |
| 10496 || 4.79560018460591 || 2017-02-25 14:44:42 |
| 10497 || -2.46656632688338 || 2015-02-05 14:38:44 |
| 10498 || -9.36224745582282 || 2016-12-01 10:51:43 |
| 10499 || 72.3534409901059 || 2014-09-06 19:36:23 |
| 10500 || 46.551242582425 || 2016-07-26 20:17:45 |
| 10501 || -0.05608742434658 || 2010-04-16 07:26:22 |
| 10502 || 6.58719693992397 || 2016-02-06 13:44:30 |
| 10503 || 50.6429297023286 || 2016-12-27 10:16:47 |
| 10504 || 89.6181354219025 || 2013-04-03 10:53:35 |
| 10505 || -0.0370742952840217 || 2012-08-16 11:46:53 |
| 10506 || -2.81435545604474 || 2019-09-13 01:00:09 |
| 10507 || 4.06726153220197 || 2011-08-27 20:00:49 |
| 10508 || 50.2078810273789 || 2017-11-15 09:20:06 |
| 10509 || -27.9920605826436 || 2017-10-04 08:32:19 |
| 10510 || -20.6688767215582 || 2017-04-04 20:23:37 |
| 10511 || 0.594939300124887 || 2018-05-10 00:42:48 |
| 10512 || -0.788647267411285 || 2015-02-24 01:19:37 |
| 10513 || 44.5928792082455 || 2010-10-11 01:32:05 |
| 10514 || 16.1793305604357 || 2018-02-05 07:33:23 |
| 10515 || -13.5862619978076 || 2013-06-18 02:27:41 |
| 10516 || 14.5053924060018 || 2014-10-19 19:22:49 |
| 10517 || 0.519292271671701 || 2014-03-03 14:12:43 |
| 10518 || -6.93584235804325 || 2012-03-22 01:55:34 |
| 10519 || 71.3114144889858 || 2016-07-07 01:12:04 |
| 10520 || 70.6856229932224 || 2014-07-06 16:13:35 |
| 10521 || 23.9652790902652 || 2019-07-13 14:22:09 |
| 10522 || -0.0413390116091609 || 2019-03-20 22:20:32 |
| 10523 || -11.3403245510939 || 2014-07-11 16:10:32 |
| 10524 || 82.2372991255009 || 2016-02-10 22:43:19 |
| 10525 || -14.7257746422133 || 2016-03-15 01:09:10 |
| 10526 || 23.1411563400394 || 2018-02-02 08:46:34 |
| 10527 || 0.00224622381059504 || 2011-06-12 06:59:57 |
| 10528 || -2.1845860399165 || 2011-04-03 11:11:35 |
| 10529 || 18.9248211596237 || 2014-02-03 07:59:22 |
| 10530 || -1.34048095256397 || 2017-10-16 17:42:47 |
| 10531 || -1.24281618075318 || 2016-02-23 16:47:30 |
| 10532 || 0.400267995611977 || 2018-12-03 12:32:14 |
| 10533 || 8.15450987457617 || 2019-09-22 05:44:18 |
| 10534 || 3.15485747681419 || 2015-09-26 01:10:23 |
| 10535 || 76.0416090682749 || 2016-09-25 20:25:13 |
| 10536 || -10.182779253848 || 2019-10-04 15:01:52 |
| 10537 || 0.744526644697985 || 2018-02-17 15:18:59 |
| 10538 || -5.7296126214667 || 2017-08-20 22:17:16 |
| 10539 || 10.9984427248591 || 2014-01-02 22:25:59 |
| 10540 || -23.8433687977155 || 2014-01-15 16:27:56 |
| 10541 || 31.3200033886922 || 2010-11-16 15:02:19 |
| 10542 || -0.865987003006379 || 2017-05-02 01:51:49 |
| 10543 || -2.85980722013083 || 2014-07-14 23:19:55 |
| 10544 || -0.0610175413562194 || 2019-04-01 19:41:08 |
| 10545 || -29.7951133486238 || 2016-03-22 04:48:36 |
| 10546 || 11.3365456082992 || 2011-06-12 11:39:37 |
| 10547 || 2.27631016412644 || 2017-01-17 20:07:46 |
| 10548 || -2.149738454827 || 2012-01-15 13:14:04 |
| 10549 || -2.11529486916265 || 2010-05-18 01:14:31 |
| 10550 || 77.8576898794408 || 2011-06-07 18:56:25 |
| 10551 || -11.2778289475431 || 2014-10-18 16:56:53 |
| 10552 || 0.168336695015074 || 2019-06-27 11:05:37 |
| 10553 || -1.15638840231031 || 2018-11-16 03:57:19 |
| 10554 || 21.8147210107856 || 2010-03-26 04:02:02 |
| 10555 || 79.0913562858945 || 2012-01-10 18:56:12 |
| 10556 || 19.3463150125349 || 2010-07-22 12:24:34 |
| 10557 || 6.16507166727885 || 2016-05-02 04:33:12 |
| 10558 || -0.103065181147394 || 2018-02-18 23:55:47 |
| 10559 || 51.2171696540641 || 2014-08-24 10:25:28 |
| 10560 || 38.6687533558498 || 2012-01-21 18:54:20 |
| 10561 || -2.38291481594499 || 2015-03-25 10:40:08 |
| 10562 || 0.293524484430195 || 2018-04-02 23:14:30 |
| 10563 || -0.0037202919136441 || 2011-04-11 00:56:41 |
| 10564 || 11.412124480279 || 2010-04-22 22:22:38 |
| 10565 || 86.1373597846982 || 2011-02-19 08:40:50 |
| 10566 || -4.01578053116053 || 2018-02-12 08:37:53 |
| 10567 || -3.0432130795694 || 2018-09-22 06:31:28 |
| 10568 || 1.24529973751849 || 2014-02-16 21:24:28 |
| 10569 || -11.6727147372213 || 2014-09-11 18:27:35 |
| 10570 || 57.5492545562465 || 2013-01-24 10:20:52 |
| 10571 || -22.8024434655392 || 2011-07-13 20:37:33 |
| 10572 || 19.2963544805236 || 2011-09-26 12:12:02 |
| 10573 || 0.180342008711074 || 2011-12-27 00:28:26 |
| 10574 || 19.363433473551 || 2015-02-23 01:36:48 |
| 10575 || -26.7364983964758 || 2010-11-18 03:36:09 |
| 10576 || 29.9560986843728 || 2018-11-19 02:59:14 |
| 10577 || -10.0564731139083 || 2017-08-09 10:24:39 |
| 10578 || -0.000223094893295823 || 2017-01-15 00:45:19 |
| 10579 || 19.7583135503968 || 2012-02-09 13:09:40 |
| 10580 || -25.964465404753 || 2017-04-12 13:29:23 |
| 10581 || 64.556269809242 || 2012-01-05 18:29:43 |
| 10582 || 4.33440775827527 || 2015-07-13 23:19:45 |
| 10583 || -0.112114602740448 || 2013-07-05 22:03:57 |
| 10584 || -5.46507215851717 || 2018-01-19 07:18:50 |
| 10585 || 17.2899639210491 || 2019-01-10 04:50:08 |
| 10586 || -25.5487446073085 || 2019-09-22 02:51:19 |
| 10587 || 13.9203518971505 || 2016-03-22 04:07:11 |
| 10588 || 0.840148033003897 || 2010-11-20 16:50:19 |
| 10589 || 20.004664845979 || 2010-12-07 13:41:15 |
| 10590 || 12.9784714756273 || 2010-11-07 02:01:56 |
| 10591 || 18.767971583039 || 2011-11-14 12:20:29 |
| 10592 || 17.9527713125812 || 2012-11-10 05:55:01 |
| 10593 || -0.0396163830072505 || 2010-02-13 06:54:20 |
| 10594 || -0.992379926462043 || 2011-08-21 03:05:28 |
| 10595 || 34.7465657105106 || 2014-12-12 03:25:04 |
| 10596 || 38.7810007877303 || 2016-01-03 20:56:01 |
| 10597 || -5.04758172237884 || 2014-07-11 22:52:38 |
| 10598 || 5.2757967060839 || 2010-06-24 20:09:31 |
| 10599 || -2.92597119980946 || 2018-01-11 22:38:19 |
| 10600 || -20.7648132589299 || 2010-01-06 04:30:12 |
| 10601 || 17.5426973763284 || 2010-10-14 09:21:47 |
| 10602 || 53.9079982054545 || 2015-10-27 06:15:09 |
| 10603 || 7.33314567932799 || 2011-08-20 06:36:01 |
| 10604 || -2.16344803827026 || 2012-07-08 12:34:20 |
| 10605 || 55.1098643349514 || 2013-10-01 06:20:29 |
| 10606 || 87.1811202833033 || 2013-06-19 04:20:21 |
| 10607 || 11.6457557938539 || 2014-10-25 13:52:12 |
| 10608 || 11.0932934124565 || 2012-03-22 14:18:02 |
| 10609 || 5.1479006512719 || 2011-12-01 13:57:45 |
| 10610 || -10.3308018784339 || 2011-07-01 02:25:11 |
| 10611 || 18.17630099215 || 2015-10-03 17:01:14 |
| 10612 || 54.3458845724143 || 2015-11-16 08:12:52 |
| 10613 || 6.20039043738025 || 2010-12-09 13:45:56 |
| 10614 || 1.13694804672145 || 2019-07-05 11:13:55 |
| 10615 || 13.2011158213787 || 2018-08-04 14:13:14 |
| 10616 || 8.63609140075165 || 2013-05-23 14:46:53 |
| 10617 || 68.9385740473699 || 2012-12-25 10:59:02 |
| 10618 || 13.6976162253819 || 2013-02-24 12:54:03 |
| 10619 || -0.500739701194263 || 2015-02-11 11:51:30 |
| 10620 || 22.8852881703326 || 2019-04-02 19:23:59 |
| 10621 || -8.41694433083068 || 2010-02-01 23:39:13 |
| 10622 || -20.4037096083428 || 2016-04-26 03:04:28 |
| 10623 || 24.3408491509855 || 2011-11-08 07:17:06 |
| 10624 || 0.295342683777232 || 2010-03-26 04:02:30 |
| 10625 || 5.17489877928312 || 2019-11-26 06:30:09 |
| 10626 || 82.8995530940762 || 2011-08-12 17:44:53 |
| 10627 || -26.49324238908 || 2016-11-12 15:34:16 |
| 10628 || 22.8586577729255 || 2010-06-04 05:49:10 |
| 10629 || -0.00226722274282243 || 2017-12-17 23:19:46 |
| 10630 || 7.74674584527786 || 2014-04-05 00:15:04 |
| 10631 || -14.4267594918389 || 2011-07-10 14:33:50 |
| 10632 || 80.8819652058263 || 2012-06-26 19:17:47 |
| 10633 || 24.2454337640624 || 2012-03-17 19:50:35 |
| 10634 || 0.203921241430598 || 2010-08-12 19:48:17 |
| 10635 || 3.13142180641279 || 2019-07-19 22:04:35 |
| 10636 || 5.91686919157264 || 2014-07-02 03:50:03 |
| 10637 || 23.43 || 2020-01-08 20:20:22 |
| 10638 || 11.251 || 2020-01-08 20:20:22 |
| 10639 || 32.1 || 2020-01-08 20:20:22 |
| 10640 || -5.334 || 2020-01-08 20:20:22 |
| 10641 || 14.8372 || 2020-01-08 20:20:22 |
| 10642 || 16.0509 || 2014-01-01 03:10:54 |
| 10643 || 1.47326711971824 || 2012-07-22 13:51:08 |
| 10644 || -0.782488439917299 || 2012-01-02 14:26:39 |
| 10645 || -2.87805758828135 || 2015-11-01 03:10:48 |
| 10646 || 65.1637607696924 || 2018-08-08 17:27:24 |
| 10647 || -29.6539412786042 || 2019-12-18 06:29:06 |
| 10648 || -11.4578406514735 || 2010-01-27 17:24:33 |
| 10649 || -0.103135761252819 || 2015-09-21 09:27:55 |
| 10650 || 2.11330191321244 || 2014-03-08 00:12:11 |
| 10651 || -17.7431072307778 || 2011-03-23 20:24:53 |
| 10652 || 19.4134048254395 || 2011-06-02 16:25:46 |
| 10653 || -13.0165861120017 || 2013-02-05 00:09:37 |
| 10654 || -1.94690739400664 || 2015-12-05 22:21:11 |
| 10655 || 2.49161027562707 || 2016-01-16 20:10:06 |
| 10656 || -1.05710021255831 || 2018-10-04 19:44:22 |
| 10657 || 53.7911454615206 || 2016-02-06 19:56:51 |
| 10658 || -20.0995470705674 || 2011-07-01 02:27:38 |
| 10659 || 3.0654058218405 || 2017-07-19 13:45:18 |
| 10660 || 4.76725882135241 || 2017-06-08 07:02:04 |
| 10661 || 26.0102336004843 || 2010-04-19 06:03:31 |
| 10662 || -20.2725893000055 || 2018-09-20 18:00:20 |
| 10663 || 52.8484484781917 || 2019-07-17 13:25:39 |
| 10664 || 9.38424418199826 || 2015-12-02 16:59:32 |
| 10665 || 2.22071931144109 || 2014-12-20 12:01:40 |
| 10666 || -15.0486215948557 || 2014-08-22 15:28:50 |
| 10667 || 29.1741373816578 || 2014-09-18 10:27:16 |
| 10668 || 43.4433725086381 || 2019-12-25 13:54:22 |
| 10669 || 4.13861841372177 || 2011-07-10 05:25:13 |
| 10670 || -0.414160840750817 || 2011-01-01 23:39:01 |
| 10671 || 41.2032811485433 || 2015-05-01 19:29:29 |
| 10672 || -2.0859806097143 || 2017-04-17 02:18:22 |
| 10673 || 74.4421195312511 || 2019-09-18 04:50:14 |
| 10674 || -5.86662893188106 || 2012-10-11 03:56:16 |
| 10675 || -0.171115005526337 || 2013-02-07 07:25:23 |
| 10676 || 26.7277184427033 || 2017-01-12 06:17:11 |
| 10677 || -26.7121193106452 || 2014-10-23 00:19:53 |
| 10678 || 5.26545835550078 || 2015-04-09 05:56:36 |
| 10679 || 3.71797763690406 || 2011-04-10 13:07:09 |
| 10680 || -0.00572758698639687 || 2019-11-18 23:48:02 |
| 10681 || 31.7759786034191 || 2018-06-05 01:53:20 |
| 10682 || 71.2438891330501 || 2018-04-17 09:56:25 |
| 10683 || 60.9093498788496 || 2010-03-22 07:58:56 |
| 10684 || 27.1338462507416 || 2010-02-26 19:46:59 |
| 10685 || -0.0280559310053087 || 2019-11-06 08:56:37 |
| 10686 || 24.9921873142874 || 2010-02-03 08:54:04 |
| 10687 || -4.8209169350057 || 2012-12-07 17:35:08 |
| 10688 || -22.8156794421462 || 2015-03-15 00:07:27 |
| 10689 || -12.9509639960568 || 2012-05-01 10:39:57 |
| 10690 || -0.251621641020246 || 2019-07-22 00:11:45 |
| 10691 || -3.67758479197842 || 2010-01-24 11:45:43 |
| 10692 || 4.69616357518341 || 2012-11-13 06:51:48 |
| 10693 || -28.3030851198421 || 2012-01-27 06:07:51 |
| 10694 || 2.24995051233924 || 2010-07-26 01:32:38 |
| 10695 || -0.283369338920733 || 2010-10-04 12:24:07 |
| 10696 || 6.86594311087339 || 2010-02-26 11:22:56 |
| 10697 || 23.1722847021951 || 2010-09-26 03:04:06 |
| 10698 || -6.56209198522557 || 2014-08-05 18:43:25 |
| 10699 || 41.3181593169865 || 2014-08-26 19:47:20 |
| 10700 || 0.097286481195154 || 2016-09-20 04:10:48 |
| 10701 || -3.41017619851631 || 2018-10-17 05:16:50 |
| 10702 || 44.6886797428936 || 2016-02-01 21:13:20 |
| 10703 || 80.0393411292826 || 2011-04-12 04:45:25 |
| 10704 || 24.5870493294526 || 2019-01-15 08:58:44 |
| 10705 || 6.65306306427968 || 2012-05-01 13:23:10 |
| 10706 || 7.86813129502626 || 2010-03-15 14:03:50 |
| 10707 || -6.56694961450657 || 2014-01-13 16:45:13 |
| 10708 || -28.7228958167298 || 2017-06-22 19:21:15 |
| 10709 || 59.9273355628622 || 2019-06-21 04:25:14 |
| 10710 || 0.993776554282614 || 2016-02-12 14:58:37 |
| 10711 || 3.76049124467786 || 2014-11-16 02:43:52 |
| 10712 || 21.5168325736946 || 2011-08-21 23:21:18 |
| 10713 || 36.729110294165 || 2019-09-14 18:58:34 |
| 10714 || 33.0598571061825 || 2011-07-12 23:54:49 |
| 10715 || 12.9127182487194 || 2016-09-24 14:00:57 |
| 10716 || 2.72181154540456 || 2013-06-03 02:13:10 |
| 10717 || 9.0249206240782 || 2014-05-01 16:06:15 |
| 10718 || -15.4991311076923 || 2016-11-25 16:55:19 |
| 10719 || 24.6698628427411 || 2019-10-18 12:24:54 |
| 10720 || 3.72973962282073 || 2018-02-13 19:48:09 |
| 10721 || -0.600868347996372 || 2019-12-05 11:29:44 |
| 10722 || -5.25093946598451 || 2018-08-04 11:57:44 |
| 10723 || 36.8962351998145 || 2016-01-16 11:27:27 |
| 10724 || 73.679511090184 || 2011-08-03 10:39:19 |
| 10725 || 22.0838965753031 || 2010-11-08 09:58:39 |
| 10726 || 0.069595888388824 || 2013-05-25 15:10:15 |
| 10727 || -9.30416365888974 || 2018-05-22 16:28:43 |
| 10728 || 73.427472233494 || 2013-02-15 10:41:20 |
| 10729 || 60.6536972063538 || 2018-10-17 08:16:18 |
| 10730 || 25.6038849724312 || 2012-09-19 22:50:15 |
| 10731 || 0.0122491206663676 || 2019-09-02 12:01:31 |
| 10732 || -3.60810109230995 || 2012-01-03 16:12:56 |
| 10733 || 81.7441636082604 || 2017-08-25 10:58:05 |
| 10734 || 28.9687998091367 || 2018-08-23 10:25:09 |
| 10735 || -7.42423875842724 || 2010-12-17 20:09:52 |
| 10736 || 0.0207486164773288 || 2011-06-12 20:46:23 |
| 10737 || 17.4944342459349 || 2010-02-24 12:49:09 |
| 10738 || 51.3994767048256 || 2017-04-13 13:56:19 |
| 10739 || 31.7557331018591 || 2012-06-10 13:08:48 |
| 10740 || 27.3584122017801 || 2018-01-04 16:33:59 |
| 10741 || 0.660097749878735 || 2016-07-13 14:19:46 |
| 10742 || 6.32419944458596 || 2018-01-16 16:27:59 |
| 10743 || -15.4844088378041 || 2011-07-25 16:42:49 |
| 10744 || -11.043075741537 || 2014-01-25 06:47:56 |
| 10745 || 21.9521831370998 || 2012-01-26 05:23:24 |
| 10746 || 0.703257554801582 || 2016-10-05 04:18:56 |
| 10747 || 17.5841076051756 || 2014-06-13 08:52:12 |
| 10748 || -15.5651330090908 || 2010-06-05 15:12:38 |
| 10749 || 85.3078332511567 || 2018-04-09 23:07:17 |
| 10750 || -15.5580142824968 || 2019-08-24 15:59:27 |
| 10751 || 3.72238191308492 || 2011-04-01 09:01:32 |
| 10752 || 0.0684589208858233 || 2017-10-12 15:20:17 |
| 10753 || -11.2633648802431 || 2019-01-11 13:26:05 |
| 10754 || 11.5662770138843 || 2010-07-10 01:10:15 |
| 10755 || -14.952886404236 || 2018-04-15 08:52:44 |
| 10756 || 6.23034408660693 || 2010-09-08 12:01:41 |
| 10757 || 1.28153955330232 || 2013-03-12 03:50:39 |
| 10758 || 5.46340050234271 || 2012-01-26 21:59:02 |
| 10759 || -28.5421780301533 || 2019-12-15 01:55:21 |
| 10760 || 53.4011294430374 || 2016-12-01 17:12:24 |
| 10761 || -1.4604788530201 || 2017-10-12 01:30:44 |
| 10762 || 23.43 || 2020-01-08 20:51:22 |
| 10763 || 11.251 || 2020-01-08 20:51:22 |
| 10764 || 32.1 || 2020-01-08 20:51:22 |
| 10765 || -5.334 || 2020-01-08 20:51:22 |
| 10766 || 14.8372 || 2020-01-08 20:51:22 |
| 10767 || 16.0509 || 2014-01-01 03:10:54 |
| 10768 || -8.4355479915103 || 2011-05-13 04:48:13 |
| 10769 || -22.2614343048498 || 2019-04-27 09:19:45 |
| 10770 || -22.9561989990308 || 2010-03-23 01:54:20 |
| 10771 || 14.2642316746411 || 2016-03-18 10:57:51 |
| 10772 || -0.446683519777963 || 2013-06-21 07:07:22 |
| 10773 || 16.6929085218726 || 2010-05-13 00:12:27 |
| 10774 || -3.54698216691179 || 2014-08-19 18:59:03 |
| 10775 || 31.8518132276093 || 2018-08-05 21:19:35 |
| 10776 || 20.4088158765664 || 2019-01-17 02:49:40 |
| 10777 || 0.929353669564622 || 2014-01-16 05:50:25 |
| 10778 || 36.717715949144 || 2010-06-07 09:57:52 |
| 10779 || 82.0426472801572 || 2013-03-23 07:34:10 |
| 10780 || 73.7220390084645 || 2013-09-04 10:43:46 |
| 10781 || 1.07066184790614 || 2016-09-18 10:41:26 |
| 10782 || 0.0899844159519122 || 2018-12-22 21:54:35 |
| 10783 || 32.9773500303507 || 2018-07-07 21:34:54 |
| 10784 || -26.1675471923657 || 2016-05-03 22:16:06 |
| 10785 || 15.5646870465968 || 2013-11-01 22:51:29 |
| 10786 || 5.96505182259483 || 2013-06-20 21:13:45 |
| 10787 || -0.00237540716420477 || 2015-03-07 04:50:37 |
| 10788 || 9.29470202752637 || 2016-12-22 00:23:55 |
| 10789 || 63.4394252992642 || 2015-04-26 16:51:04 |
| 10790 || 76.7511355661878 || 2015-01-23 18:52:52 |
| 10791 || -11.7342242239278 || 2016-09-09 02:06:48 |
| 10792 || 0.546002702002396 || 2011-09-02 12:53:26 |
| 10793 || 9.54129666931285 || 2014-10-03 16:40:44 |
| 10794 || 57.9908661535958 || 2017-02-21 16:12:41 |
| 10795 || 73.3185384991716 || 2017-12-04 19:05:21 |
| 10796 || 27.734156349558 || 2013-05-11 03:24:51 |
| 10797 || 0.984380916243222 || 2017-03-19 03:20:52 |
| 10798 || 19.025535169892 || 2019-10-13 12:06:10 |
| 10799 || -10.06055035496 || 2013-07-25 18:50:36 |
| 10800 || 74.1745629684389 || 2010-04-27 00:59:58 |
| 10801 || -7.16814071413671 || 2018-02-01 05:19:08 |
| 10802 || -1.13523434955005 || 2019-04-09 01:00:31 |
| 10803 || 7.29231673412289 || 2010-06-23 20:59:48 |
| 10804 || 66.0087789289099 || 2019-01-24 14:15:01 |
| 10805 || 26.618742419199 || 2019-11-09 10:31:23 |
| 10806 || -12.4483729208339 || 2017-01-26 19:40:02 |
| 10807 || 5.33188596917641 || 2019-05-12 19:04:51 |
| 10808 || 3.37949352184785 || 2018-12-13 07:30:21 |
| 10809 || -4.92138698458451 || 2016-06-08 19:12:04 |
| 10810 || 26.3578852965359 || 2015-03-11 08:04:28 |
| 10811 || 57.6557731792583 || 2011-09-27 22:44:21 |
| 10812 || -2.01880900901805 || 2012-09-06 07:45:18 |
| 10813 || -1.73651389830105 || 2018-02-10 19:31:33 |
| 10814 || 32.1091992805296 || 2016-09-27 12:21:15 |
| 10815 || 55.7039155152607 || 2018-06-11 13:20:48 |
| 10816 || -0.501716728109968 || 2017-01-07 19:34:10 |
| 10817 || 12.2765635939799 || 2019-12-06 04:58:05 |
| 10818 || 1.32670612144739 || 2019-01-26 16:24:45 |
| 10819 || 26.9287496126395 || 2019-07-02 14:52:36 |
| 10820 || -17.4525526184108 || 2010-07-12 14:22:07 |
| 10821 || 40.8120242961636 || 2015-04-11 20:27:34 |
| 10822 || 1.51423661263712 || 2014-05-10 12:24:36 |
| 10823 || -0.912945543977533 || 2012-11-21 10:29:44 |
| 10824 || 45.5093924417339 || 2012-02-10 18:43:37 |
| 10825 || -4.31613742011162 || 2014-06-13 14:50:27 |
| 10826 || -1.7698095207 || 2010-01-17 05:02:00 |
| 10827 || 20.7413035484577 || 2013-03-26 04:45:56 |
| 10828 || 0.370666713838361 || 2011-03-26 02:04:17 |
| 10829 || -12.9471389764599 || 2018-02-20 18:09:57 |
| 10830 || 58.7701400516354 || 2011-10-07 11:26:23 |
| 10831 || -23.6398585357174 || 2014-11-12 11:10:56 |
| 10832 || -2.0620859468282 || 2016-06-25 20:07:01 |
| 10833 || -0.0858913307926383 || 2014-10-02 21:34:55 |
| 10834 || 32.3013776101196 || 2017-12-04 13:53:30 |
| 10835 || 69.9374600798682 || 2012-01-14 20:40:55 |
| 10836 || 73.2455880664418 || 2015-06-05 07:04:47 |
| 10837 || 17.1313599161886 || 2018-09-24 08:32:00 |
| 10838 || 0.00318605773004506 || 2014-02-11 15:05:09 |
| 10839 || -5.16271775262509 || 2017-09-06 05:59:56 |
| 10840 || 54.4759270335615 || 2016-05-23 19:12:20 |
| 10841 || 75.4198122416223 || 2016-11-04 04:22:01 |
| 10842 || 35.7713725535022 || 2015-01-06 10:00:51 |
| 10843 || 0.395150160660935 || 2016-06-18 12:03:08 |
| 10844 || -6.26128211989777 || 2019-03-03 04:49:04 |
| 10845 || 0.933731622306085 || 2014-04-20 19:14:36 |
| 10846 || -22.3042723475663 || 2019-01-14 13:22:02 |
| 10847 || -6.66501701480838 || 2011-03-05 23:38:11 |
| 10848 || -0.399078170977968 || 2014-10-16 08:59:07 |
| 10849 || -6.19359504126984 || 2019-08-02 11:12:31 |
| 10850 || 23.3324836904503 || 2011-05-11 11:33:39 |
| 10851 || -28.9976112711871 || 2019-07-22 06:17:57 |
| 10852 || -11.1565474896835 || 2012-04-25 05:32:32 |
| 10853 || 2.36214161740183 || 2016-06-16 06:53:04 |
| 10854 || 11.6002424638905 || 2014-01-08 11:15:38 |
| 10855 || 39.6531207614378 || 2011-08-27 11:31:32 |
| 10856 || 33.979913295389 || 2010-11-13 04:24:41 |
| 10857 || 46.8849979676408 || 2015-10-15 11:25:53 |
| 10858 || -0.460794951019908 || 2016-04-14 00:12:10 |
| 10859 || 9.88673140116478 || 2013-02-25 18:55:26 |
| 10860 || 8.47638019040299 || 2017-02-25 20:15:09 |
| 10861 || 58.3792737104002 || 2013-10-19 00:23:10 |
| 10862 || 48.7385003317306 || 2010-12-13 14:17:59 |
| 10863 || -2.05888647543541 || 2018-03-27 05:49:56 |
| 10864 || -2.73930172982301 || 2012-02-07 08:08:48 |
| 10865 || 32.2299268166467 || 2012-11-15 13:34:21 |
| 10866 || 78.3814831667784 || 2019-02-07 20:44:01 |
| 10867 || 59.6482321663527 || 2018-04-04 15:50:28 |
| 10868 || 6.68835704456881 || 2016-03-09 17:26:47 |
| 10869 || -0.364246216522633 || 2010-05-11 17:46:30 |
| 10870 || 16.5177383855789 || 2017-09-05 12:23:02 |
| 10871 || 89.2267256398556 || 2010-05-12 20:33:56 |
| 10872 || -7.58435056732671 || 2013-05-26 23:37:26 |
| 10873 || -1.68786419240156 || 2015-07-21 10:45:44 |
| 10874 || 1.39187277176093 || 2011-08-06 03:46:46 |
| 10875 || -4.70625359502867 || 2010-02-14 19:17:39 |
| 10876 || 19.4989170902295 || 2018-03-26 06:52:19 |
| 10877 || -17.0331792545762 || 2012-07-16 10:29:57 |
| 10878 || 0.924831112937091 || 2011-04-26 11:25:31 |
| 10879 || 1.31428041086249 || 2014-11-05 23:55:51 |
| 10880 || -0.494892513903891 || 2016-02-17 00:58:15 |
| 10881 || 56.4410010003468 || 2011-02-21 00:17:03 |
| 10882 || 43.1008455196072 || 2018-09-01 08:00:56 |
| 10883 || 23.9907475328354 || 2013-09-22 12:04:47 |
| 10884 || -0.109648706944906 || 2012-07-07 16:50:46 |
| 10885 || -10.211941580448 || 2010-01-13 12:50:59 |
| 10886 || 44.4351223670181 || 2012-05-10 12:57:12 |
| 10887 || 36.680271370496 || 2019-05-07 15:27:06 |
| 10888 || 22.127443813394 || 2012-01-23 23:20:17 |
| 10889 || 0.000674217828054387 || 2017-02-19 20:46:27 |
| 10890 || 19.0979068341101 || 2017-11-20 23:05:35 |
| 10891 || 24.9628636396742 || 2019-11-06 07:56:17 |
| 10892 || -19.5764368871533 || 2013-03-02 01:34:41 |
| 10893 || 34.1523379540773 || 2010-07-11 03:29:38 |
| 10894 || 0.273154856984312 || 2014-10-25 15:21:24 |
| 10895 || 10.4856572135457 || 2017-08-19 23:42:47 |
| 10896 || 57.3576000262912 || 2011-08-17 04:56:55 |
| 10897 || 74.7880201141429 || 2019-03-19 00:19:35 |
| 10898 || 0.200295379851717 || 2010-10-24 11:14:30 |
| 10899 || -0.210072553653565 || 2013-02-05 17:40:38 |
| 10900 || 4.50716442883346 || 2018-05-11 12:59:44 |
| 10901 || 49.3655544634948 || 2017-06-14 12:09:49 |
| 10902 || -25.9053524090249 || 2016-02-20 05:35:37 |
| 10903 || 14.0437206597547 || 2010-11-20 10:23:47 |
| 10904 || -0.918098268277635 || 2014-03-23 06:10:19 |
| 10905 || 14.3083634034112 || 2018-03-26 10:30:01 |
| 10906 || 9.25935067574717 || 2019-07-09 16:18:04 |
| 10907 || -28.8897178666238 || 2016-05-12 19:09:28 |
| 10908 || -17.0151868236525 || 2018-12-27 15:52:19 |
| 10909 || 4.81482950460705 || 2019-12-13 12:29:22 |
| 10910 || 12.0159239866122 || 2017-02-22 14:46:29 |
| 10911 || 3.73086010950642 || 2011-02-08 02:31:10 |
| 10912 || 89.7997746970096 || 2019-09-19 23:46:27 |
| 10913 || 53.8357060824072 || 2011-11-17 10:35:32 |
| 10914 || 4.24295419771456 || 2015-06-18 04:36:22 |
| 10915 || -2.63893354591939 || 2016-02-27 00:40:26 |
| 10916 || 45.0436101825497 || 2018-04-03 19:33:22 |
| 10917 || -24.1463368315665 || 2014-08-03 21:10:31 |
| 10918 || -20.5175666834588 || 2011-09-14 16:26:46 |
| 10919 || -0.567812845066144 || 2012-12-14 23:57:21 |
| 10920 || 3.59833781090668 || 2016-01-06 11:49:48 |
| 10921 || 51.3119446119616 || 2011-07-04 15:47:45 |
| 10922 || 72.8355780395468 || 2013-06-15 15:21:22 |
| 10923 || 36.5370813170818 || 2010-03-15 13:19:57 |
| 10924 || 4.28446464310507 || 2013-06-07 18:30:15 |
| 10925 || -0.475423966166584 || 2018-05-16 00:44:15 |
| 10926 || 10.9317202028996 || 2017-01-08 19:08:07 |
| 10927 || -16.6551830804632 || 2017-06-18 09:08:30 |
| 10928 || 60.4071280494232 || 2019-02-23 23:00:06 |
| 10929 || 17.2443584379651 || 2011-05-24 10:47:47 |
| 10930 || 1.09651672978441 || 2012-11-22 20:11:34 |
| 10931 || -6.94109033665188 || 2012-03-26 16:01:22 |
| 10932 || 85.6463350617861 || 2016-05-13 19:42:35 |
| 10933 || 35.9173410897299 || 2011-06-04 01:06:47 |
| 10934 || -3.97658549787444 || 2012-07-18 20:48:15 |
| 10935 || -0.1593080193019 || 2013-04-06 07:07:22 |
| 10936 || -11.096488871414 || 2011-12-19 08:31:09 |
| 10937 || 54.1498706396004 || 2015-11-26 08:02:44 |
| 10938 || 74.0674165853919 || 2017-08-23 17:23:17 |
| 10939 || -8.35857100542439 || 2010-05-17 05:23:34 |
| 10940 || -0.00741824610355262 || 2017-06-14 06:43:40 |
| 10941 || 28.2443954986936 || 2013-03-19 01:51:31 |
| 10942 || 8.63125538387544 || 2010-11-06 16:17:49 |
| 10943 || 45.2113636873893 || 2011-09-15 04:03:16 |
| 10944 || 31.8707813864323 || 2019-05-17 17:58:41 |
| 10945 || -0.0524532802937408 || 2015-07-23 10:52:30 |
| 10946 || 9.59338460776215 || 2019-09-02 09:06:37 |
| 10947 || -9.1599278319105 || 2016-11-09 10:09:58 |
| 10948 || -18.2450247851169 || 2018-01-21 05:04:45 |
| 10949 || -11.2028030990194 || 2012-12-27 20:18:29 |
| 10950 || -0.267725483716467 || 2011-06-22 15:17:10 |
| 10951 || 7.88969557100872 || 2017-03-06 05:33:20 |
| 10952 || -12.5795475285899 || 2012-11-05 21:45:15 |
| 10953 || -23.3794849589366 || 2018-06-22 23:10:28 |
| 10954 || 41.3325593574876 || 2017-07-22 17:59:08 |
| 10955 || 1.76692938191077 || 2010-05-08 17:35:44 |
| 10956 || -5.11540589045108 || 2017-07-26 10:04:51 |
| 10957 || 44.836831573609 || 2013-11-16 13:25:07 |
| 10958 || -29.5485426540586 || 2019-11-07 09:46:27 |
| 10959 || -15.7389140539973 || 2018-07-01 21:26:44 |
| 10960 || 1.06194119674055 || 2012-01-18 01:41:39 |
| 10961 || 13.0177611927805 || 2018-11-24 14:43:40 |
| 10962 || 64.1161950078059 || 2019-07-26 15:14:37 |
| 10963 || -6.06027834711114 || 2016-03-16 04:14:40 |
| 10964 || -16.8440876107345 || 2015-04-05 15:00:44 |
| 10965 || 2.89363561868448 || 2011-12-04 03:30:58 |
| 10966 || 6.81528844895917 || 2010-09-17 08:06:24 |
| 10967 || 38.9833018010642 || 2013-09-22 13:57:01 |
| 10968 || 89.8866511077427 || 2014-07-07 02:05:25 |
| 10969 || -14.8203893611699 || 2019-05-15 23:37:52 |
| 10970 || -3.29480790494159 || 2017-07-17 16:01:08 |
| 10971 || 0.0652870514394368 || 2018-09-21 18:45:19 |
| 10972 || -15.9976578161468 || 2016-03-13 14:30:49 |
| 10973 || 73.7633217111752 || 2012-06-15 23:54:56 |
| 10974 || 27.1818826546343 || 2017-03-10 17:25:53 |
| 10975 || 7.25369551691117 || 2016-12-11 18:36:43 |
| 10976 || 2.61181799815977 || 2016-01-18 15:15:43 |
| 10977 || 46.8398896734157 || 2011-01-23 17:10:58 |
| 10978 || 52.4903617390775 || 2010-12-04 16:24:06 |
| 10979 || 68.1182365453586 || 2012-03-13 01:11:49 |
| 10980 || 16.7101880027079 || 2016-05-20 21:31:34 |
| 10981 || 1.95694256054968 || 2019-05-21 22:57:29 |
| 10982 || 12.4857193235999 || 2017-01-27 16:28:59 |
| 10983 || -9.77667205246421 || 2016-09-22 05:18:18 |
| 10984 || 71.1733140608592 || 2015-03-18 06:35:06 |
| 10985 || -4.83626558207363 || 2010-09-14 18:41:24 |
| 10986 || -0.132735295965989 || 2015-06-01 05:57:42 |
| 10987 || 33.6755993127267 || 2017-07-03 01:30:26 |
| 10988 || 84.5028311420086 || 2015-01-22 17:59:24 |
| 10989 || 22.8379344172196 || 2017-10-08 08:27:47 |
| 10990 || 9.23666956700678 || 2015-12-15 04:44:37 |
| 10991 || 0.00951471324982341 || 2016-08-21 11:29:32 |
| 10992 || 24.4115934568744 || 2010-01-06 21:58:24 |
| 10993 || 70.327343900935 || 2013-09-05 13:33:49 |
| 10994 || 53.7273429920059 || 2017-01-10 18:17:17 |
| 10995 || 12.0141527507524 || 2016-02-18 09:05:07 |
| 10996 || 0.0893877859678614 || 2019-09-03 05:37:36 |
| 10997 || -8.94479653872781 || 2010-12-26 03:48:40 |
| 10998 || 71.911766741536 || 2017-06-17 12:43:19 |
| 10999 || 46.5197198339927 || 2016-11-10 11:41:49 |
| 11000 || 8.71290857237954 || 2019-07-20 15:28:55 |
| 11001 || 0.363940780260758 || 2013-06-10 17:18:03 |
| 11002 || 22.4887761564066 || 2012-10-13 14:16:14 |
| 11003 || -16.9916802926196 || 2013-12-14 02:47:06 |
| 11004 || 7.60253371503821 || 2017-10-26 19:11:32 |
| 11005 || 35.9885651741626 || 2012-09-06 14:20:30 |
| 11006 || 2.09626073029492 || 2010-12-17 14:41:41 |
| 11007 || 11.416615765705 || 2018-02-03 12:07:13 |
| 11008 || 66.9231493777813 || 2018-07-09 14:04:31 |
| 11009 || 71.0779608013406 || 2014-11-24 04:41:10 |
| 11010 || 34.6328085935328 || 2014-04-19 16:44:11 |
| 11011 || 0.464311989686651 || 2013-09-26 21:25:09 |
| 11012 || 0.24609037576306 || 2011-06-15 08:42:38 |
| 11013 || 63.7335901302784 || 2010-11-21 19:58:14 |
| 11014 || -13.9622266491218 || 2010-12-23 06:54:09 |
| 11015 || -18.054362759276 || 2016-01-24 02:47:30 |
| 11016 || 5.00518771481964 || 2018-07-23 01:35:13 |
| 11017 || 5.77091943000196 || 2011-04-09 17:43:04 |
| 11018 || 15.7863873431416 || 2017-05-20 18:54:45 |
| 11019 || -15.6636171936715 || 2010-05-01 17:51:00 |
| 11020 || 29.2291609029368 || 2011-02-13 13:45:22 |
| 11021 || 7.93851271285822 || 2018-08-17 16:27:56 |
| 11022 || 6.92523139707908 || 2013-11-21 10:46:42 |
| 11023 || -18.0837039424663 || 2018-06-20 21:04:18 |
| 11024 || 79.8719618164809 || 2015-11-25 02:27:35 |
| 11025 || 63.9333786878015 || 2011-02-06 10:27:04 |
| 11026 || 4.23573192310095 || 2012-02-23 11:48:48 |
| 11027 || -0.858315280392444 || 2019-03-24 15:33:53 |
| 11028 || 28.1850485298115 || 2014-06-10 06:13:57 |
| 11029 || 60.2163847911974 || 2013-10-15 16:17:35 |
| 11030 || 64.1716422690089 || 2019-02-09 01:55:34 |
| 11031 || 12.376483041495 || 2014-02-06 11:08:21 |
| 11032 || 2.26587652512633 || 2017-02-04 16:12:19 |
| 11033 || 40.2713188155289 || 2018-05-10 16:57:02 |
| 11034 || 6.77004288263932 || 2018-09-16 21:26:17 |
| 11035 || -10.6248549489147 || 2012-04-17 10:54:13 |
| 11036 || 21.3362304609867 || 2012-12-01 12:39:58 |
| 11037 || 0.5627304152933 || 2017-02-20 02:42:56 |
| 11038 || -8.31510229236546 || 2012-05-06 11:47:44 |
| 11039 || -21.7849650720831 || 2018-03-08 02:21:56 |
| 11040 || 61.8686573414811 || 2018-12-09 20:46:21 |
| 11041 || 13.1126709887892 || 2011-07-01 18:59:51 |
| 11042 || 0.0447049686510829 || 2017-01-10 01:41:11 |
| 11043 || -5.84700685052343 || 2017-10-14 22:27:07 |
| 11044 || 15.2710682500147 || 2017-04-04 15:33:32 |
| 11045 || 20.9989002667478 || 2017-09-02 08:35:02 |
| 11046 || -9.42471207031404 || 2010-05-25 19:30:23 |
| 11047 || 0.0216935387763444 || 2014-04-07 22:57:49 |
| 11048 || 3.40573088757607 || 2015-04-17 14:07:52 |
| 11049 || 77.5785888246662 || 2013-04-11 22:18:59 |
| 11050 || -25.6797354491615 || 2011-04-20 14:31:26 |
| 11051 || 36.5966745483406 || 2017-09-23 04:39:45 |
| 11052 || -0.125267972510127 || 2016-03-26 14:12:38 |
| 11053 || 8.21422954676185 || 2019-02-14 16:16:04 |
| 11054 || -16.728505469793 || 2011-12-05 11:12:02 |
| 11055 || 85.717638468308 || 2018-09-14 00:19:59 |
| 11056 || 39.5176028262351 || 2016-08-17 02:44:54 |
| 11057 || -0.566737693355537 || 2014-12-27 06:05:15 |
| 11058 || 14.5597062897349 || 2019-08-17 11:04:54 |
| 11059 || -20.9573811921696 || 2015-06-05 08:50:18 |
| 11060 || 71.1759826659488 || 2013-10-09 18:20:10 |
| 11061 || -12.9916265257406 || 2011-12-03 13:54:18 |
| 11062 || 3.60137490513013 || 2017-09-13 21:23:43 |
| 11063 || -0.465243948834648 || 2018-03-22 05:29:46 |
| 11064 || 40.6687827345753 || 2011-10-19 00:05:10 |
| 11065 || 11.0574861005955 || 2011-11-10 02:36:38 |
| 11066 || 21.3420897514077 || 2012-01-16 11:31:26 |
| 11067 || 5.85555095011501 || 2016-05-12 08:14:30 |
| 11068 || 3.67044793746266 || 2018-06-20 15:34:23 |
| 11069 || 7.46009283391222 || 2019-11-01 10:36:45 |
| 11070 || 17.1496519201453 || 2016-04-18 07:50:13 |
| 11071 || -19.4542484683865 || 2017-09-10 00:18:51 |
| 11072 || -0.909772597875886 || 2010-12-19 21:17:59 |
| 11073 || 5.54993980136663 || 2018-07-09 11:51:16 |
| 11074 || 38.3424007767157 || 2017-05-04 04:29:09 |
| 11075 || -4.00723670252112 || 2010-09-25 05:17:24 |
| 11076 || 42.6641033132621 || 2013-08-15 14:20:27 |
| 11077 || 5.76843904105964 || 2018-11-24 04:32:54 |
| 11078 || -0.790392120539441 || 2016-08-17 06:44:34 |
| 11079 || 20.1100640787256 || 2016-09-05 17:34:52 |
| 11080 || 72.2687739142388 || 2010-12-20 20:01:47 |
| 11081 || -22.5767869945585 || 2019-11-24 03:47:45 |
| 11082 || -2.76430179778145 || 2010-09-22 17:57:36 |
| 11083 || -0.272651672353793 || 2010-12-04 15:48:09 |
| 11084 || 17.1166642871173 || 2012-11-15 15:53:59 |
| 11085 || 12.8903605964231 || 2019-11-11 13:00:33 |
| 11086 || -12.8952149658544 || 2018-09-19 18:18:25 |
| 11087 || 18.7315395739704 || 2017-09-04 23:09:28 |
| 11088 || 0.960523059803708 || 2016-12-14 15:38:05 |
| 11089 || 37.3760685894093 || 2017-06-24 05:04:31 |
| 11090 || -25.5122873562493 || 2010-01-13 04:13:54 |
| 11091 || -18.3550188303327 || 2016-05-25 13:23:04 |
| 11092 || -3.89772867931577 || 2015-09-04 09:14:42 |
| 11093 || 0.227888263922424 || 2018-01-12 02:47:31 |
| 11094 || 34.0558218837302 || 2015-12-18 05:03:12 |
| 11095 || -0.908596317193932 || 2014-01-20 12:55:56 |
| 11096 || -26.8634960922532 || 2011-10-23 16:54:06 |
| 11097 || -9.80063588004624 || 2018-11-04 06:58:26 |
| 11098 || 0.00672628508756939 || 2016-03-03 10:41:45 |
| 11099 || 4.54011594834033 || 2010-07-21 08:25:24 |
| 11100 || -22.9779324153292 || 2011-06-22 00:20:06 |
| 11101 || 58.2931701808194 || 2011-05-10 16:55:27 |
| 11102 || 3.35809227928494 || 2012-08-04 20:01:21 |
| 11103 || -0.141852342495539 || 2014-03-13 17:23:40 |
| 11104 || -0.839266032856012 || 2016-04-26 00:15:32 |
| 11105 || -25.016323539543 || 2017-08-05 13:16:01 |
| 11106 || 62.1131179099416 || 2015-09-13 12:56:43 |
| 11107 || 37.5986038728581 || 2018-04-18 11:09:19 |
| 11108 || 0.66234477475861 || 2011-08-26 02:08:48 |
| 11109 || 1.08318792256041 || 2016-02-04 09:58:34 |
| 11110 || 52.6381754058193 || 2019-12-21 21:04:41 |
| 11111 || 6.8161940931145 || 2019-02-19 16:38:52 |
| 11112 || 5.46030614078865 || 2011-04-02 03:01:22 |
| 11113 || 1.94315164148725 || 2010-06-12 13:03:47 |
| 11114 || -4.79919468818408 || 2015-11-10 08:32:19 |
| 11115 || 55.1107893651791 || 2015-12-16 00:50:07 |
| 11116 || 34.0566961900748 || 2011-11-10 09:19:53 |
| 11117 || 33.549048016297 || 2010-09-14 09:36:25 |
| 11118 || -0.00521350843146129 || 2014-08-02 14:21:12 |
| 11119 || -3.74623335425937 || 2016-12-22 04:31:52 |
| 11120 || 31.224938226208 || 2011-06-25 10:40:13 |
| 11121 || 78.62852175973 || 2019-09-08 04:53:36 |
| 11122 || -12.8314610988792 || 2018-10-11 16:15:24 |
| 11123 || -2.77495720701432 || 2011-02-25 22:34:54 |
| 11124 || -2.36513432035674 || 2019-03-15 19:08:48 |
| 11125 || -18.7435185322764 || 2016-08-08 13:12:43 |
| 11126 || 3.35747013203385 || 2019-12-10 21:03:10 |
| 11127 || 58.0621096549638 || 2011-09-02 15:22:07 |
| 11128 || -3.17930736593017 || 2017-06-27 04:24:03 |
| 11129 || 2.06981662798428 || 2018-05-21 03:00:23 |
| 11130 || 5.20874331207448 || 2016-03-08 04:56:21 |
| 11131 || 21.6480373210226 || 2010-01-12 12:12:52 |
| 11132 || 61.9393428811427 || 2010-05-02 08:04:10 |
| 11133 || -1.38496005194296 || 2011-04-17 10:16:43 |
| 11134 || -0.962798530873408 || 2011-03-20 15:22:26 |
| 11135 || 16.4952436682032 || 2014-01-26 16:55:03 |
| 11136 || -18.9421346725454 || 2010-08-01 08:24:24 |
| 11137 || 70.7809247652166 || 2010-12-27 05:22:53 |
| 11138 || 13.5896668908488 || 2019-08-12 14:03:55 |
| 11139 || 1.09020094527719 || 2018-10-01 14:08:11 |
| 11140 || -8.26895929053147 || 2019-05-07 08:35:00 |
| 11141 || -25.0477892540625 || 2013-08-20 20:18:19 |
| 11142 || 52.9750833253056 || 2016-09-16 11:10:31 |
| 11143 || -0.767472509682548 || 2016-07-20 17:39:18 |
| 11144 || 0.33946382436795 || 2010-11-09 04:58:15 |
| 11145 || 34.6997593833019 || 2015-09-21 22:11:40 |
| 11146 || 83.2741439491084 || 2014-10-18 09:35:51 |
| 11147 || -20.859683782206 || 2017-04-17 12:52:17 |
| 11148 || 22.4989081192856 || 2013-07-07 17:03:12 |
| 11149 || -0.000103257363973874 || 2018-09-14 04:29:55 |
| 11150 || 30.0168752303419 || 2012-06-05 04:16:57 |
| 11151 || 35.8749775188895 || 2011-02-03 04:23:49 |
| 11152 || -11.0809869789432 || 2014-07-21 14:01:46 |
| 11153 || -8.37078083960133 || 2011-04-24 14:54:48 |
| 11154 || 0.159207663289995 || 2012-07-03 19:35:00 |
| 11155 || -1.34014171517366 || 2015-01-02 06:30:51 |
| 11156 || 23.3878847229348 || 2011-05-12 00:38:53 |
| 11157 || -25.0639621122419 || 2010-04-20 02:37:03 |
| 11158 || -11.3113033992601 || 2013-10-09 19:46:23 |
| 11159 || 0.19136351116676 || 2011-09-02 04:20:56 |
| 11160 || 3.56051748707072 || 2017-06-05 02:36:14 |
| 11161 || 15.9613929764178 || 2017-09-19 01:05:05 |
| 11162 || -24.3406722177322 || 2012-09-23 01:38:16 |
| 11163 || 17.6400537440763 || 2012-04-10 12:23:09 |
| 11164 || 0.638846525223384 || 2014-10-21 06:45:04 |
| 11165 || -4.14095612469602 || 2018-07-21 16:16:31 |
| 11166 || 45.162178945102 || 2015-07-01 15:35:17 |
| 11167 || 89.1295888424315 || 2010-05-06 19:00:08 |
| 11168 || -16.9007013910023 || 2019-11-01 04:56:02 |
| 11169 || 4.20482793370576 || 2016-04-01 18:46:46 |
| 11170 || -2.80123027808562 || 2012-05-12 07:46:53 |
| 11171 || 13.97053515633 || 2019-07-01 22:34:25 |
| 11172 || 68.1487584172616 || 2015-07-14 01:42:47 |
| 11173 || 56.586692813244 || 2010-01-12 22:09:59 |
| 11174 || 4.36533646770357 || 2018-12-05 04:09:05 |
| 11175 || 23.43 || 2020-01-08 20:58:13 |
| 11176 || 11.251 || 2020-01-08 20:58:13 |
| 11177 || 32.1 || 2020-01-08 20:58:13 |
| 11178 || -5.334 || 2020-01-08 20:58:13 |
| 11179 || 14.8372 || 2020-01-08 20:58:13 |
| 11180 || 16.0509 || 2014-01-01 03:10:54 |
| 11181 || -12.5834104978178 || 2013-09-17 07:40:43 |
| 11182 || 88.5296271301228 || 2013-09-06 18:29:13 |
| 11183 || -8.51516354442556 || 2018-11-07 20:21:03 |
| 11184 || -3.81625731963748 || 2012-12-17 23:49:46 |
| 11185 || -0.637098275771023 || 2013-06-05 16:50:10 |
| 11186 || 45.2371960184769 || 2016-05-11 21:51:05 |
| 11187 || 83.8020601694237 || 2018-05-23 22:38:37 |
| 11188 || 56.3199846049375 || 2011-10-15 18:03:16 |
| 11189 || 15.4498743499151 || 2015-11-18 14:01:26 |
| 11190 || -0.0229780806709058 || 2017-10-26 07:07:41 |
| 11191 || 26.1500900680316 || 2010-07-07 22:45:13 |
| 11192 || 27.9097163985298 || 2019-07-07 18:50:50 |
| 11193 || -12.3178663090957 || 2017-08-20 06:47:55 |
| 11194 || 7.09042433417545 || 2014-03-17 13:26:51 |
| 11195 || 0.241428365153711 || 2012-10-09 12:20:07 |
| 11196 || -10.8504592373929 || 2010-09-25 16:16:47 |
| 11197 || 83.3635521149363 || 2018-04-15 23:03:42 |
| 11198 || 30.2632256974181 || 2010-12-27 21:26:43 |
| 11199 || -9.01581811337832 || 2018-06-15 04:15:42 |
| 11200 || 0.0119762930329742 || 2018-12-25 20:08:18 |
| 11201 || 0.72903829632885 || 2016-06-27 10:41:18 |
| 11202 || 67.7394681349022 || 2012-07-14 18:36:54 |
| 11203 || 80.5257594151419 || 2011-05-03 12:37:51 |
| 11204 || -0.146996108895563 || 2017-06-27 19:09:20 |
| 11205 || 0.17406599330914 || 2016-05-11 13:53:11 |
| 11206 || 2.81364466138188 || 2010-08-17 23:16:23 |
| 11207 || 34.538146447388 || 2010-07-18 00:11:27 |
| 11208 || -22.3978708335699 || 2013-03-10 23:49:03 |
| 11209 || 35.2398400981637 || 2011-05-15 01:44:36 |
| 11210 || 1.00034382873831 || 2019-06-16 07:35:00 |
| 11211 || -4.84940744896314 || 2012-08-05 15:38:18 |
| 11212 || 41.7724692308898 || 2018-05-15 13:57:03 |
| 11213 || -16.907711505039 || 2012-10-20 00:39:38 |
| 11214 || -12.3608119085086 || 2013-04-25 23:40:19 |
| 11215 || 2.27533562116469 || 2011-05-09 04:49:57 |
| 11216 || 5.0648094582508 || 2011-09-10 18:54:47 |
| 11217 || 44.0871004938934 || 2015-07-16 09:41:00 |
| 11218 || -27.4251177778913 || 2016-12-04 18:21:09 |
| 11219 || -16.7414777891058 || 2010-04-22 09:56:34 |
| 11220 || -1.52535502312822 || 2017-08-04 22:34:51 |
| 11221 || -3.26264804003356 || 2012-05-15 06:17:02 |
| 11222 || -8.99781706436261 || 2018-09-13 19:50:44 |
| 11223 || -18.9185729429212 || 2014-12-23 00:01:47 |
| 11224 || 52.9879041645866 || 2019-12-15 16:41:40 |
| 11225 || 2.80641262370319 || 2011-09-06 09:20:29 |
| 11226 || 1.27071511799314 || 2016-03-20 09:27:37 |
| 11227 || -14.2151360146651 || 2014-08-21 17:26:14 |
| 11228 || 89.4105744187012 || 2013-01-11 21:46:09 |
| 11229 || 9.0190221365799 || 2015-10-14 10:19:10 |
| 11230 || -3.27864247116838 || 2018-11-11 08:06:41 |
| 11231 || 0.751347502547354 || 2010-07-06 03:37:10 |
| 11232 || -0.649164059972833 || 2019-04-19 06:53:04 |
| 11233 || 89.1818523718418 || 2019-09-05 07:26:15 |
| 11234 || 62.3230501949656 || 2011-02-23 14:49:18 |
| 11235 || 5.97830102360072 || 2011-08-05 21:08:41 |
| 11236 || 3.12277883400993 || 2017-03-22 21:38:10 |
| 11237 || 29.8151585874103 || 2013-09-02 00:29:51 |
| 11238 || 84.0111324056557 || 2011-01-22 13:43:35 |
| 11239 || 46.7169636339293 || 2010-03-03 01:37:09 |
| 11240 || -0.308933633604476 || 2012-04-02 15:09:00 |
| 11241 || 0.550468622253391 || 2016-07-13 10:46:47 |
| 11242 || 40.6354952312412 || 2014-10-04 15:17:02 |
| 11243 || -3.54179312134825 || 2011-08-05 18:40:55 |
| 11244 || 6.6487217373742 || 2014-11-09 22:09:24 |
| 11245 || -0.0313288414390923 || 2013-01-11 13:34:38 |
| 11246 || -0.215332663088791 || 2011-06-19 18:44:57 |
| 11247 || 33.6366632437835 || 2019-11-15 02:50:00 |
| 11248 || 73.4620913441727 || 2011-10-05 15:36:28 |
| 11249 || 76.4164614263714 || 2012-04-27 01:47:44 |
| 11250 || 27.9682532872402 || 2019-08-01 10:11:36 |
| 11251 || 0.00821692954434888 || 2013-09-12 16:34:58 |
| 11252 || -8.82268721212428 || 2011-11-16 23:04:10 |
| 11253 || -17.27590768533 || 2017-06-22 01:48:56 |
| 11254 || 66.3163890555817 || 2013-11-02 00:55:12 |
| 11255 || -10.9603472778868 || 2016-06-12 14:00:19 |
| 11256 || -0.0187493787125845 || 2011-01-07 08:29:18 |
| 11257 || 24.9828915592801 || 2010-01-24 16:59:27 |
| 11258 || 0.648129788811472 || 2017-01-16 13:23:09 |
| 11259 || 81.383717685471 || 2013-06-06 17:23:55 |
| 11260 || 6.96669763142349 || 2017-02-13 19:20:23 |
| 11261 || -0.179657566819041 || 2013-06-16 17:32:06 |
| 11262 || -0.391196173676003 || 2017-11-01 05:32:07 |
| 11263 || 73.9937056694077 || 2017-09-26 20:48:00 |
| 11264 || -28.094456395789 || 2013-09-05 20:13:57 |
| 11265 || 27.4292429859871 || 2016-09-09 21:36:23 |
| 11266 || -0.485968405368492 || 2019-12-12 02:00:39 |
| 11267 || 2.44252011571554 || 2015-09-06 16:26:12 |
| 11268 || -23.0109781945074 || 2018-11-05 17:19:24 |
| 11269 || 27.8352283947749 || 2014-10-15 10:04:10 |
| 11270 || -11.7735413621765 || 2016-10-10 22:13:23 |
| 11271 || 3.87425222888106 || 2010-07-06 17:45:20 |
| 11272 || 6.12072084378518 || 2017-05-19 07:10:19 |
| 11273 || 50.0974263989763 || 2019-04-20 22:30:25 |
| 11274 || 89.4025857587583 || 2015-10-05 09:08:01 |
| 11275 || 22.1154917024485 || 2016-05-15 01:35:02 |
| 11276 || -1.23567748567987 || 2015-07-25 09:47:47 |
| 11277 || 7.89982113255486 || 2019-11-26 01:22:06 |
| 11278 || 59.2168415031141 || 2018-10-10 19:26:23 |
| 11279 || -25.8436818669808 || 2012-11-02 01:10:32 |
| 11280 || 46.2717556338024 || 2013-02-18 00:13:50 |
| 11281 || -2.64325520179437 || 2012-01-18 07:35:49 |
| 11282 || 6.00590620524328 || 2015-07-27 14:02:28 |
| 11283 || -6.14627162120086 || 2017-10-27 01:16:52 |
| 11284 || 74.9284398640849 || 2016-02-06 10:29:28 |
| 11285 || 48.1387457527228 || 2019-11-06 01:58:12 |
| 11286 || 9.24763230202955 || 2017-09-03 22:30:15 |
| 11287 || 1.02333830697354 || 2015-08-22 14:12:42 |
| 11288 || 17.00329165875 || 2010-01-18 02:06:01 |
| 11289 || 19.3389433542716 || 2018-10-08 22:46:55 |
| 11290 || 50.8193921208103 || 2012-10-11 19:18:41 |
| 11291 || 2.47481736949651 || 2013-07-16 00:58:52 |
| 11292 || 1.92548035858815 || 2016-07-21 22:01:18 |
| 11293 || -5.27406978580096 || 2012-02-10 09:15:33 |
| 11294 || 69.5637538637687 || 2016-04-14 14:46:28 |
| 11295 || 73.304834604175 || 2013-01-21 06:31:30 |
| 11296 || 21.4059061255533 || 2014-11-19 09:25:08 |
| 11297 || -0.0404163867338427 || 2012-09-12 06:04:51 |
| 11298 || 8.2129912715891 || 2014-11-15 01:19:19 |
| 11299 || -19.239380927678 || 2016-09-06 19:28:25 |
| 11300 || -5.5193389525313 || 2018-08-01 01:03:19 |
| 11301 || 25.8601640451653 || 2013-10-17 22:55:45 |
| 11302 || 0.0612117957205094 || 2017-07-01 20:02:42 |
| 11303 || 18.8065121339188 || 2016-05-06 16:28:14 |
| 11304 || 12.4046574295859 || 2015-03-02 09:02:49 |
| 11305 || 13.3616930486384 || 2017-06-07 21:34:26 |
| 11306 || 23.0072688372164 || 2014-09-27 03:17:26 |
| 11307 || 0.00557595430132236 || 2011-12-12 20:34:41 |
| 11308 || 25.2512218895676 || 2013-06-12 02:08:39 |
| 11309 || -16.463372111613 || 2015-06-12 06:37:59 |
| 11310 || 6.47791725745566 || 2017-06-02 00:58:57 |
| 11311 || 17.5481510825326 || 2019-03-04 22:21:17 |
| 11312 || -0.0433958158085233 || 2011-10-03 03:18:24 |
| 11313 || 4.67455601173116 || 2013-05-14 10:33:27 |
| 11314 || -24.8407691072918 || 2017-10-23 02:08:31 |
| 11315 || -28.297840134334 || 2014-03-15 16:33:13 |
| 11316 || 13.2713308178744 || 2011-07-17 12:06:02 |
| 11317 || 0.527429861871498 || 2015-04-15 04:15:59 |
| 11318 || 10.0782803043333 || 2013-03-01 02:38:50 |
| 11319 || 67.8229566244647 || 2013-06-09 20:14:36 |
| 11320 || 87.9368535246496 || 2011-10-23 21:46:48 |
| 11321 || 20.7938957609835 || 2015-12-12 06:09:54 |
| 11322 || 1.37840706885333 || 2018-12-14 06:01:41 |
| 11323 || -3.16559966382061 || 2016-03-06 19:33:57 |
| 11324 || 16.8791577347571 || 2013-10-10 08:05:55 |
| 11325 || 14.1964094246106 || 2014-06-05 20:51:29 |
| 11326 || -5.64408506724009 || 2019-12-10 18:20:42 |
| 11327 || -1.29867301869957 || 2018-05-13 00:07:26 |
| 11328 || 10.0120202905029 || 2017-11-21 10:33:02 |
| 11329 || -15.3295826146459 || 2014-04-27 17:51:23 |
| 11330 || 37.7025069804889 || 2014-07-13 20:25:09 |
| 11331 || 47.6425408159011 || 2019-02-25 01:46:07 |
| 11332 || -2.31647305666938 || 2012-11-14 10:31:30 |
| 11333 || 7.33737735642802 || 2011-01-16 21:18:35 |
| 11334 || 13.5142448159418 || 2017-09-26 01:40:57 |
| 11335 || 49.7707913479706 || 2012-01-09 16:31:20 |
| 11336 || -20.6076642184984 || 2012-10-03 23:25:29 |
| 11337 || 8.8356293774547 || 2018-01-14 19:04:29 |
| 11338 || 0.0486778756359267 || 2017-08-14 02:02:08 |
| 11339 || 39.8810968061067 || 2015-04-14 16:31:33 |
| 11340 || 5.61541854448928 || 2015-05-16 12:44:05 |
| 11341 || -19.8821469747702 || 2012-06-10 03:17:03 |
| 11342 || 8.60938202946802 || 2018-08-16 13:24:05 |
| 11343 || -0.214860607943334 || 2011-03-09 00:29:53 |
| 11344 || -12.9351265555818 || 2014-08-16 02:57:05 |
| 11345 || 34.978852606383 || 2014-10-15 10:23:12 |
| 11346 || 9.52389716690818 || 2019-04-24 22:20:30 |
| 11347 || 20.028329604749 || 2014-09-09 17:36:49 |
| 11348 || -0.348860153904212 || 2012-12-25 07:21:31 |
| 11349 || 31.2910224157596 || 2013-04-23 15:50:16 |
| 11350 || 76.0611743504145 || 2019-06-13 16:47:12 |
| 11351 || 75.8544978045237 || 2017-03-27 05:27:37 |
| 11352 || -5.16575738264791 || 2019-07-05 21:15:06 |
| 11353 || 0.191203467216213 || 2019-12-01 08:54:45 |
| 11354 || 34.1772567380266 || 2010-12-23 20:13:37 |
| 11355 || 16.3661708074915 || 2011-02-16 21:15:34 |
| 11356 || 74.9483630664438 || 2011-05-13 00:39:42 |
| 11357 || -3.25971755945069 || 2016-07-23 15:15:19 |
| 11358 || -0.00468970139847918 || 2014-01-07 21:10:07 |
| 11359 || 15.2530340559961 || 2011-03-22 20:32:21 |
| 11360 || 55.4596099499996 || 2019-12-19 20:27:39 |
| 11361 || -27.3445134729258 || 2019-09-02 19:40:12 |
| 11362 || 23.8021347297812 || 2016-11-10 13:08:22 |
| 11363 || 0.456507365862754 || 2018-09-26 03:55:53 |
| 11364 || 21.960326735533 || 2010-11-03 23:15:59 |
| 11365 || -1.46343525838772 || 2012-01-12 12:30:43 |
| 11366 || 50.8927748499159 || 2012-07-18 22:31:53 |
| 11367 || -10.0128805150521 || 2015-03-06 00:54:15 |
| 11368 || -0.419804338635719 || 2018-03-13 19:15:52 |
| 11369 || 8.87398013995412 || 2019-08-22 06:25:50 |
| 11370 || -23.4271338874615 || 2012-09-02 07:45:19 |
| 11371 || 43.1470007120358 || 2017-10-08 04:28:27 |
| 11372 || -15.6761385219523 || 2012-03-02 04:02:19 |
| 11373 || -1.07443744835256 || 2010-10-14 03:30:10 |
| 11374 || -1.76065876101393 || 2010-12-04 14:47:04 |
| 11375 || 25.0908674864722 || 2016-10-08 05:26:05 |
| 11376 || 63.562866534245 || 2018-06-02 04:10:43 |
| 11377 || 47.5565884479593 || 2010-05-18 14:53:51 |
| 11378 || 5.51738781749058 || 2010-11-16 04:00:45 |
| 11379 || -3.50566442709856 || 2019-05-12 17:24:07 |
| 11380 || 30.503946767056 || 2015-05-15 18:41:22 |
| 11381 || -28.9263072752594 || 2011-06-04 04:58:30 |
| 11382 || -17.0376702078084 || 2019-08-15 06:44:18 |
| 11383 || -2.41236270876292 || 2015-06-22 22:06:09 |
| 11384 || 1.45813294601867 || 2017-02-07 02:33:42 |
| 11385 || -18.5481400681102 || 2018-01-24 02:16:14 |
| 11386 || -8.85845663098809 || 2019-12-01 08:35:32 |
| 11387 || -12.8385427567911 || 2018-04-03 13:26:54 |
| 11388 || 11.3494775416181 || 2014-10-05 00:37:03 |
| 11389 || -1.35974938754926 || 2016-08-01 12:53:48 |
| 11390 || 31.6650822200222 || 2013-02-05 04:27:27 |
| 11391 || 35.8562800166308 || 2019-07-26 12:54:10 |
| 11392 || -10.2582580682059 || 2018-08-01 00:27:49 |
| 11393 || -4.64882555094534 || 2017-03-01 18:50:04 |
| 11394 || 0.210142203114488 || 2011-11-06 02:55:48 |
| 11395 || 45.9496515505865 || 2016-06-25 01:31:30 |
| 11396 || -23.7048824758594 || 2015-01-09 20:34:41 |
| 11397 || -23.2830491047513 || 2015-07-09 08:58:57 |
| 11398 || 8.81597842898601 || 2011-12-20 17:35:56 |
| 11399 || -0.416271345549149 || 2017-02-12 15:55:16 |
| 11400 || -11.671732377027 || 2018-07-15 01:57:04 |
| 11401 || 64.5485121119144 || 2014-06-27 01:53:11 |
| 11402 || -25.503394136025 || 2015-03-15 10:46:08 |
| 11403 || 5.37350724223988 || 2011-11-06 19:27:12 |
| 11404 || 0.0431757689056163 || 2012-06-04 00:26:55 |
| 11405 || -8.68646040664847 || 2019-09-04 13:58:01 |
| 11406 || 66.1128818344659 || 2014-04-01 05:57:12 |
| 11407 || 77.5803242619298 || 2017-06-01 11:03:03 |
| 11408 || -4.13841350772814 || 2014-10-18 08:50:36 |
| 11409 || 8.40930445320774e-05 || 2019-12-16 07:29:25 |
| 11410 || 7.710252757498 || 2011-03-18 23:10:30 |
| 11411 || 61.0163331642977 || 2010-09-24 10:01:34 |
| 11412 || 61.6615990701999 || 2012-08-08 16:15:33 |
| 11413 || 34.1040440678238 || 2016-02-16 06:43:31 |
| 11414 || -0.106108675948186 || 2016-11-08 23:00:25 |
| 11415 || -0.401711954822269 || 2010-05-12 23:21:30 |
| 11416 || -8.32113524674958 || 2010-02-02 05:40:29 |
| 11417 || 73.9944234239502 || 2017-12-04 10:16:17 |
| 11418 || 32.2702593562929 || 2010-06-19 09:18:57 |
| 11419 || -0.436179871808904 || 2015-02-10 11:46:54 |
| 11420 || 8.36640197751214 || 2017-06-04 05:32:37 |
| 11421 || 53.7672912318176 || 2013-09-19 16:08:11 |
| 11422 || 57.5407752273338 || 2015-06-21 02:01:40 |
| 11423 || 42.9403756526542 || 2016-10-08 18:59:21 |
| 11424 || -0.0406019075289045 || 2016-05-12 20:57:19 |
| 11425 || -0.856051472471649 || 2011-07-08 18:07:28 |
| 11426 || 2.58451108270835 || 2017-06-24 19:11:00 |
| 11427 || -25.3750233777076 || 2019-09-02 18:12:34 |
| 11428 || 32.9429809851044 || 2011-03-08 14:00:29 |
| 11429 || 4.96241449188906 || 2010-06-18 09:59:24 |
| 11430 || -2.49024199320289 || 2017-10-19 03:51:46 |
| 11431 || 45.1607989618211 || 2014-06-16 11:42:27 |
| 11432 || 2.26406559316064 || 2017-05-12 14:18:12 |
| 11433 || 3.61478890153101 || 2016-01-25 18:07:07 |
| 11434 || 3.24383295155625 || 2013-07-21 02:01:55 |
| 11435 || -2.7841410250578 || 2014-07-23 07:08:44 |
| 11436 || -0.261075648806007 || 2019-02-24 17:03:27 |
| 11437 || 35.9434966166866 || 2015-12-26 23:53:25 |
| 11438 || -15.4361481167474 || 2016-04-07 20:17:45 |
| 11439 || 9.59068789668657 || 2014-04-22 22:46:44 |
| 11440 || -0.385934890754887 || 2019-09-27 21:52:22 |
| 11441 || 42.806256291261 || 2016-06-16 23:35:50 |
| 11442 || -14.1275942609119 || 2011-05-17 19:29:03 |
| 11443 || 34.3995388096132 || 2016-04-15 23:31:27 |
| 11444 || 14.1878809581442 || 2015-10-10 20:16:29 |
| 11445 || -0.717864716935106 || 2013-12-13 05:10:48 |
| 11446 || -15.4286997648378 || 2017-09-21 01:54:06 |
| 11447 || 5.17438026528553 || 2013-04-03 12:25:08 |
| 11448 || 1.16222889264676 || 2016-02-15 14:05:55 |
| 11449 || -6.3042693926236 || 2010-06-25 05:15:47 |
| 11450 || -0.442451495891778 || 2014-01-26 08:35:20 |
| 11451 || -13.7467895821885 || 2012-02-10 03:59:59 |
| 11452 || 38.4416756081685 || 2014-09-09 18:30:32 |
| 11453 || -18.8658002010393 || 2015-08-19 21:02:39 |
| 11454 || 23.2627247109694 || 2017-07-09 19:25:49 |
| 11455 || 0.163294513671994 || 2011-07-25 22:38:35 |
| 11456 || -5.9596535304875 || 2018-07-01 14:23:29 |
| 11457 || 79.647624864147 || 2015-02-09 12:00:41 |
| 11458 || 60.0543507025394 || 2014-10-01 22:39:27 |
| 11459 || 8.20272079696862 || 2011-12-07 00:51:25 |
| 11460 || 0.00843918405823169 || 2018-11-06 00:47:11 |
| 11461 || 3.90342531075698 || 2015-06-26 06:07:20 |
| 11462 || 68.3314847877533 || 2010-04-10 22:04:56 |
| 11463 || 43.0633937634679 || 2019-06-25 07:40:26 |
| 11464 || -9.50575181385625 || 2019-10-17 15:09:03 |
| 11465 || 0.213999679041578 || 2016-09-26 23:35:01 |
| 11466 || 6.20925809166474 || 2011-08-19 21:58:33 |
| 11467 || -19.4127088164664 || 2019-06-17 07:18:36 |
| 11468 || -13.0295049369754 || 2010-04-08 03:02:06 |
| 11469 || 36.9146729910666 || 2015-12-27 20:54:14 |
| 11470 || -0.0960250611115074 || 2016-06-12 17:30:51 |
| 11471 || 2.18622258554324 || 2016-02-06 18:07:53 |
| 11472 || 57.5179008965971 || 2011-08-25 01:29:10 |
| 11473 || -8.16378772283281 || 2012-06-12 10:34:46 |
| 11474 || -9.27537737503745 || 2016-06-27 22:22:01 |
| 11475 || -0.218831529544648 || 2014-08-22 23:53:11 |
| 11476 || 12.8416810591694 || 2018-06-11 21:18:04 |
| 11477 || -7.34785600556574 || 2016-08-02 08:36:07 |
| 11478 || 42.5426320289433 || 2011-07-16 14:35:44 |
| 11479 || -13.1370733810164 || 2010-10-18 13:42:50 |
| 11480 || 4.07124119723523 || 2017-12-08 17:05:23 |
| 11481 || 1.97891479050712 || 2018-03-05 23:26:48 |
| 11482 || 16.6629132745994 || 2017-11-17 00:02:58 |
| 11483 || -26.0427107133701 || 2017-01-21 20:57:37 |
| 11484 || 12.0353893500604 || 2018-11-05 09:04:00 |
| 11485 || -1.88965809766375 || 2019-12-05 04:10:25 |
| 11486 || 8.81853812748427 || 2019-09-17 19:50:34 |
| 11487 || 52.040093573517 || 2011-10-15 16:31:19 |
| 11488 || 68.0557487097003 || 2014-01-20 20:24:07 |
| 11489 || 49.4450957658359 || 2013-02-10 07:50:36 |
| 11490 || 9.86546519804973 || 2011-07-14 09:39:58 |
| 11491 || 3.55817508023709 || 2018-10-15 05:14:26 |
| 11492 || 33.2778653648843 || 2019-10-16 21:00:27 |
| 11493 || 82.3373165623333 || 2017-01-08 12:14:36 |
| 11494 || 51.0566921601312 || 2010-07-25 17:30:12 |
| 11495 || 14.3007755376965 || 2010-07-03 21:41:33 |
| 11496 || 3.6160067806148 || 2013-07-27 02:56:20 |
| 11497 || 29.5240886760013 || 2017-04-23 02:19:18 |
| 11498 || 23.7053252794926 || 2013-06-27 08:58:59 |
| 11499 || 8.05173986758956 || 2014-01-06 00:44:20 |
| 11500 || 18.7053215966295 || 2012-01-19 03:15:50 |
| 11501 || -0.441629553139041 || 2016-11-03 03:10:54 |
| 11502 || 40.5761809523694 || 2010-07-18 03:06:39 |
| 11503 || -1.27169588105834 || 2017-07-26 19:04:35 |
| 11504 || -24.8302576633948 || 2010-05-01 21:18:08 |
| 11505 || 5.40807024351403 || 2016-03-03 16:49:40 |
| 11506 || 0.603188007762425 || 2016-11-27 07:04:13 |
| 11507 || 8.65437412248631 || 2013-01-03 14:29:10 |
| 11508 || -27.0433660008102 || 2018-06-03 21:06:12 |
| 11509 || 66.8610254716824 || 2013-09-14 08:27:12 |
| 11510 || -6.27617406561892 || 2012-04-03 08:19:22 |
| 11511 || -0.0137966024197861 || 2013-02-04 07:17:57 |
| 11512 || 0.859501584102842 || 2011-01-05 22:54:35 |
| 11513 || 48.8748967556709 || 2018-06-07 22:04:35 |
| 11514 || 82.0027051601452 || 2012-01-06 21:12:21 |
| 11515 || 19.0999975730743 || 2015-03-16 12:55:50 |
| 11516 || 0.125456751992013 || 2013-10-03 23:29:43 |
| 11517 || -2.00720488670658 || 2011-01-17 23:52:21 |
| 11518 || -19.9230877450997 || 2018-01-27 18:27:44 |
| 11519 || 51.7098804114781 || 2018-11-03 15:05:16 |
| 11520 || 10.287251701347 || 2014-03-22 23:08:19 |
| 11521 || -0.280796178564193 || 2016-10-20 14:40:43 |
| 11522 || 15.5170721128443 || 2010-10-09 21:23:32 |
| 11523 || 68.7475006362675 || 2016-04-01 03:45:21 |
| 11524 || -21.9725963688195 || 2016-05-13 12:56:49 |
| 11525 || -4.56175210761914 || 2016-11-18 21:06:13 |
| 11526 || -0.535412474766405 || 2016-11-03 05:56:45 |
| 11527 || -0.232102525969644 || 2013-03-14 09:57:17 |
| 11528 || 13.2555429370469 || 2013-10-15 16:32:43 |
| 11529 || 63.491788247411 || 2014-09-16 19:54:20 |
| 11530 || 46.8885405600467 || 2011-10-21 22:59:26 |
| 11531 || 1.46568841618872 || 2014-06-11 16:47:44 |
| 11532 || 11.6519156916325 || 2018-03-06 03:11:35 |
| 11533 || 40.5616987553883 || 2019-10-11 22:27:12 |
| 11534 || 12.0706560708588 || 2011-10-05 10:18:00 |
| 11535 || 22.9986555133993 || 2011-08-25 20:03:33 |
| 11536 || 5.58037668393551 || 2012-05-19 20:43:46 |
| 11537 || 3.10286636782664 || 2019-10-01 08:43:57 |
| 11538 || 44.4166108510667 || 2018-09-27 23:09:47 |
| 11539 || 53.3636694547961 || 2017-11-25 17:46:18 |
| 11540 || 48.1881345236117 || 2019-11-03 23:58:00 |
| 11541 || -3.33652541200919 || 2011-03-12 02:16:34 |
| 11542 || 2.34199311340482 || 2010-04-07 21:27:29 |
| 11543 || -13.4114088113799 || 2017-03-05 05:10:21 |
| 11544 || 53.2733875103812 || 2010-01-02 04:11:19 |
| 11545 || -21.6368655907393 || 2016-02-02 13:30:18 |
| 11546 || 12.8708360657496 || 2010-08-25 11:12:43 |
| 11547 || 3.21805187886306 || 2019-06-02 13:56:16 |
| 11548 || 16.8306712777816 || 2013-02-14 21:24:01 |
| 11549 || -28.3583260309554 || 2019-05-26 14:04:37 |
| 11550 || 69.6802145682181 || 2014-08-27 00:52:03 |
| 11551 || 7.99719251932993 || 2013-11-14 21:24:19 |
| 11552 || 2.09749591056285 || 2010-03-01 02:41:20 |
| 11553 || 43.6225072231954 || 2014-02-12 02:24:38 |
| 11554 || -25.385491707407 || 2015-02-07 12:19:55 |
| 11555 || 45.0914432402446 || 2018-06-14 02:26:03 |
| 11556 || 20.6827601065818 || 2013-05-22 12:29:34 |
| 11557 || 0.744521066220129 || 2012-01-20 07:34:11 |
| 11558 || 19.9182021238842 || 2015-10-22 19:11:09 |
| 11559 || -25.3774612329706 || 2018-08-02 10:59:14 |
| 11560 || 54.1174485520975 || 2014-07-23 20:23:37 |
| 11561 || 11.021910553768 || 2015-01-16 07:29:49 |
| 11562 || -0.0296898360008388 || 2018-07-26 06:09:24 |
| 11563 || 31.3289022860868 || 2013-08-06 08:36:59 |
| 11564 || 19.7835800000217 || 2019-04-17 12:29:55 |
| 11565 || -24.4332511632068 || 2019-10-07 10:37:56 |
| 11566 || 32.4088913686599 || 2018-10-11 05:46:31 |
| 11567 || -0.0104617467249599 || 2016-12-06 06:40:26 |
| 11568 || -4.39461663103767 || 2012-09-27 20:26:42 |
| 11569 || 23.301853232717 || 2010-10-07 03:16:10 |
| 11570 || 12.0144135183888 || 2010-08-25 21:45:23 |
| 11571 || 28.8669051062109 || 2015-09-02 06:57:58 |
| 11572 || 0.693968485818152 || 2010-05-09 14:55:32 |
| 11573 || 18.2455803060895 || 2013-11-06 04:36:25 |
| 11574 || 54.5793976360416 || 2010-05-08 19:14:47 |
| 11575 || 84.598738426743 || 2015-11-18 08:06:34 |
| 11576 || 6.1260284171947 || 2017-04-08 03:39:34 |
| 11577 || 1.67471806977824 || 2018-12-26 07:19:43 |
| 11578 || -3.92132164768182 || 2013-05-02 07:38:06 |
| 11579 || 8.54642119487674 || 2015-08-21 17:03:38 |
| 11580 || -22.8317882312058 || 2014-01-25 10:41:06 |
| 11581 || 2.70088443701685 || 2010-12-04 19:07:28 |
| 11582 || -0.575446066228255 || 2014-02-24 09:17:36 |
| 11583 || -2.51598586843402 || 2019-04-24 17:39:34 |
| 11584 || 3.62178908041187 || 2014-05-05 04:31:28 |
| 11585 || 71.0122173119865 || 2011-07-08 15:32:24 |
| 11586 || 53.9430658866896 || 2016-11-06 09:18:51 |
| 11587 || 5.45225844509385 || 2012-11-17 09:32:22 |
| 11588 || 5.31549395640952 || 2012-08-08 18:55:19 |
| 11589 || -2.89004066579287 || 2014-07-01 15:01:27 |
| 11590 || -27.4901852821203 || 2012-07-10 19:11:01 |
| 11591 || -13.4633250050685 || 2015-07-04 11:10:24 |
| 11592 || -2.43484917810818 || 2017-04-13 23:24:46 |
| 11593 || 5.3594246439224 || 2011-11-18 10:43:29 |
| 11594 || -17.7011465652375 || 2016-12-13 11:11:06 |
| 11595 || 20.225942501918 || 2014-01-13 16:00:04 |
| 11596 || 56.4380803998624 || 2010-07-18 07:55:48 |
| 11597 || -4.05901562121344 || 2013-09-09 22:51:05 |
| 11598 || 1.99361179101277 || 2012-01-18 12:08:42 |
| 11599 || 1.30243849129207 || 2011-05-25 20:50:50 |
| 11600 || 24.6991993797631 || 2012-06-13 16:34:09 |
| 11601 || 36.5487467347155 || 2014-01-10 00:13:11 |
| 11602 || 9.77590969353766 || 2016-08-03 12:14:33 |
| 11603 || 2.33656442488402 || 2010-11-25 00:02:16 |
| 11604 || -3.7724055642768 || 2013-10-18 20:26:23 |
| 11605 || -26.9482453036683 || 2015-04-11 15:17:55 |
| 11606 || 58.4814162102462 || 2015-03-24 01:20:30 |
| 11607 || -6.16462792071056 || 2014-05-03 22:52:04 |
| 11608 || -0.290613567847416 || 2013-07-18 21:47:08 |
| 11609 || 17.8678327068956 || 2016-06-23 10:28:10 |
| 11610 || 34.9474051920226 || 2010-08-02 04:50:48 |
| 11611 || -22.6906019032029 || 2016-12-19 21:30:43 |
| 11612 || 4.79388556125918 || 2014-02-13 20:16:45 |
| 11613 || -0.0241500289528524 || 2012-10-23 11:03:28 |
| 11614 || 4.37096648548784 || 2010-02-23 12:48:54 |
| 11615 || 49.0893244020672 || 2014-12-15 04:24:13 |
| 11616 || -5.5306104596163 || 2014-08-20 06:45:29 |
| 11617 || -9.02175509118391 || 2012-01-09 10:28:57 |
| 11618 || -0.00566446710125863 || 2013-03-04 08:06:57 |
| 11619 || -7.05120256629623 || 2010-07-22 16:17:19 |
| 11620 || 43.4151760961253 || 2018-06-13 20:08:22 |
| 11621 || 75.3332659708063 || 2012-05-21 19:10:33 |
| 11622 || -12.0569365786563 || 2017-11-26 17:27:45 |
| 11623 || -0.071108235280931 || 2011-06-16 16:38:41 |
| 11624 || 23.3735437922235 || 2019-11-09 04:16:07 |
| 11625 || 46.5923386759518 || 2014-09-14 02:20:54 |
| 11626 || -18.3762769745415 || 2016-03-05 06:58:53 |
| 11627 || 24.7781735743523 || 2015-12-15 02:15:23 |
| 11628 || 1.02929994742583 || 2018-11-16 21:11:38 |
| 11629 || 18.7115310659236 || 2015-05-27 10:46:34 |
| 11630 || 38.103130031755 || 2019-03-07 17:42:23 |
| 11631 || -22.5677870401238 || 2010-01-05 18:06:37 |
| 11632 || -15.4867680504034 || 2017-08-22 19:43:24 |
| 11633 || 2.53911601220394 || 2012-02-21 03:16:10 |
| 11634 || 11.298063250619 || 2017-01-10 02:12:42 |
| 11635 || -21.6523824337469 || 2016-07-24 03:43:52 |
| 11636 || -27.8995297547885 || 2014-02-22 14:23:58 |
| 11637 || 2.61115339471138 || 2013-12-26 14:52:14 |
| 11638 || 2.96702065081532 || 2013-07-23 18:16:39 |
| 11639 || 7.68790142869237 || 2010-04-05 10:26:56 |
| 11640 || -17.3694922994067 || 2013-12-11 23:44:06 |
| 11641 || -14.3795419441782 || 2010-07-22 07:31:40 |
| 11642 || -4.90413120182096 || 2015-10-15 10:15:45 |
| 11643 || 3.29774705032077 || 2016-10-17 07:24:16 |
| 11644 || -0.263089830554862 || 2018-01-21 08:46:06 |
| 11645 || 0.0662482693572481 || 2010-05-10 16:10:05 |
| 11646 || 75.14161814974 || 2013-02-13 10:35:07 |
| 11647 || -21.1095849189479 || 2012-04-01 08:45:32 |
| 11648 || 6.33194937984209 || 2013-11-04 18:16:50 |
| 11649 || 2.71719262312075 || 2011-11-06 11:32:51 |
| 11650 || -16.2392191351466 || 2013-11-05 08:49:14 |
| 11651 || -12.9606938365653 || 2013-02-13 12:28:50 |
| 11652 || -22.6870252505266 || 2011-01-14 20:57:04 |
| 11653 || 1.55008171381659 || 2012-04-21 19:06:56 |
| 11654 || 2.67514848780429 || 2016-12-04 16:56:58 |
| 11655 || 7.61547234231836 || 2015-01-10 17:42:37 |
| 11656 || -29.223636475619 || 2013-01-17 19:20:23 |
| 11657 || 34.3131919733382 || 2018-04-11 04:31:52 |
| 11658 || -6.48377041294378 || 2014-12-26 22:26:48 |
| 11659 || 0.601957065067304 || 2013-11-04 03:46:27 |
| 11660 || 33.3420394695035 || 2016-05-19 05:02:06 |
| 11661 || 72.7433693268309 || 2016-03-15 22:06:03 |
| 11662 || -16.1975985370516 || 2019-04-03 14:27:43 |
| 11663 || 7.06607486387341 || 2011-01-12 07:49:21 |
| 11664 || 0.215590064870553 || 2016-12-06 22:05:11 |
| 11665 || -2.8243824170078 || 2019-04-22 18:51:34 |
| 11666 || 82.8196965302325 || 2013-02-07 06:02:31 |
| 11667 || 75.4735085632251 || 2012-12-26 00:47:13 |
| 11668 || -2.65676065470851 || 2011-07-14 02:25:24 |
| 11669 || 0.00055684693584747 || 2013-01-05 02:15:42 |
| 11670 || 6.33457620521144 || 2019-01-22 20:19:51 |
| 11671 || -21.5718247204953 || 2018-08-10 14:38:45 |
| 11672 || 82.8860890951009 || 2013-02-23 02:47:22 |
| 11673 || 20.2143088456614 || 2012-09-24 00:45:11 |
| 11674 || -0.0968116413301308 || 2018-03-17 03:48:55 |
| 11675 || -5.77025325752754 || 2015-10-21 23:56:49 |
| 11676 || 69.9555950722063 || 2010-04-15 22:04:45 |
| 11677 || 5.48109886221559 || 2014-09-21 20:17:23 |
| 11678 || 17.1105006284697 || 2013-11-09 04:58:42 |
| 11679 || 0.0536582433295999 || 2015-10-04 10:18:11 |
| 11680 || 17.3805289837428 || 2017-12-15 10:14:57 |
| 11681 || 61.8449139516578 || 2012-01-10 00:49:51 |
| 11682 || -23.5540272697543 || 2018-03-15 23:49:34 |
| 11683 || 41.3148813329617 || 2015-10-23 05:21:45 |
| 11684 || -0.795313527524201 || 2019-06-04 04:00:13 |
| 11685 || -4.95847537607481 || 2015-04-25 09:50:23 |
| 11686 || -8.13127484263173 || 2018-07-26 09:33:39 |
| 11687 || 48.3452653759889 || 2013-10-20 10:05:38 |
| 11688 || 49.5038169271295 || 2017-01-19 01:59:39 |
| 11689 || 4.82646517289721 || 2018-02-18 15:09:15 |
| 11690 || 4.3782145088732 || 2019-02-16 12:32:04 |
| 11691 || -18.5534805708658 || 2015-05-22 02:36:45 |
| 11692 || 77.548255578714 || 2011-06-21 16:49:50 |
| 11693 || 46.2923111767564 || 2018-07-22 19:23:18 |
| 11694 || 6.74038648377854 || 2011-11-27 10:46:39 |
| 11695 || -2.42780200898409 || 2010-04-18 18:57:23 |
| 11696 || -17.7993094825243 || 2018-06-15 22:27:16 |
| 11697 || 13.573767187475 || 2018-09-14 07:02:52 |
| 11698 || 34.6545804189546 || 2013-11-20 01:04:39 |
| 11699 || 7.02066961345022 || 2013-08-26 23:12:40 |
| 11700 || -0.573068956170114 || 2019-01-11 07:32:54 |
| 11701 || -12.9678878443012 || 2017-05-23 19:56:12 |
| 11702 || -8.73883726191711 || 2015-02-24 17:47:58 |
| 11703 || -19.5776490472244 || 2017-08-24 17:18:52 |
| 11704 || -4.95428382323763 || 2014-11-20 18:02:29 |
| 11705 || 2.52109674587043 || 2015-12-24 05:43:31 |
| 11706 || -14.2295294805197 || 2012-09-14 14:48:39 |
| 11707 || -8.51006609512092 || 2017-12-23 09:14:43 |
| 11708 || 21.9243173688992 || 2014-06-06 13:19:30 |
| 11709 || 12.7505705400595 || 2018-09-24 10:12:09 |
| 11710 || -0.0931700994950922 || 2012-05-16 20:35:44 |
| 11711 || -9.06842899837765 || 2011-12-19 22:12:58 |
| 11712 || 76.5557717556693 || 2010-07-14 04:29:08 |
| 11713 || 35.0349478225643 || 2017-02-22 07:01:09 |
| 11714 || -7.92571190254512 || 2015-04-04 15:39:35 |
| 11715 || 0.379353960334657 || 2015-11-13 18:29:35 |
| 11716 || 31.8524321837474 || 2018-01-19 21:29:09 |
| 11717 || 73.6309863620251 || 2011-05-02 23:39:40 |
| 11718 || 75.0239750452353 || 2013-07-07 12:13:31 |
| 11719 || -3.12947054705295 || 2011-12-07 21:19:32 |
| 11720 || 0.00412874391625881 || 2018-07-25 03:13:21 |
| 11721 || -7.24299307366449 || 2014-01-13 15:24:35 |
| 11722 || 4.03080309667213 || 2018-05-11 11:43:59 |
| 11723 || 44.198395085023 || 2015-09-24 08:26:12 |
| 11724 || 14.2065807473015 || 2017-01-22 05:07:46 |
| 11725 || 0.229517381212225 || 2017-10-01 15:46:08 |
| 11726 || -8.5263069491771 || 2018-04-12 14:13:39 |
| 11727 || 50.984074707406 || 2015-09-19 05:46:49 |
| 11728 || 72.3165499058604 || 2010-01-21 08:06:38 |
| 11729 || 31.1179097227679 || 2019-09-04 23:49:25 |
| 11730 || -0.291965599994365 || 2016-09-20 21:05:27 |
| 11731 || 20.0502599344346 || 2013-11-01 12:27:49 |
| 11732 || -23.7937395622126 || 2012-09-15 03:39:36 |
| 11733 || -18.5900862701577 || 2010-03-12 21:26:33 |
| 11734 || 6.56985434966839 || 2014-01-16 11:47:59 |
| 11735 || 2.27813283619348 || 2013-10-05 08:32:10 |
| 11736 || -5.42627498902661 || 2014-09-12 21:52:23 |
| 11737 || 23.7300881205907 || 2016-02-07 13:55:33 |
| 11738 || 89.0381625284251 || 2015-10-21 15:19:29 |
| 11739 || -6.88185870049337 || 2017-10-09 05:56:54 |
| 11740 || 0.0229682660471409 || 2010-03-10 16:10:11 |
| 11741 || 10.2393893085411 || 2010-07-03 17:18:19 |
| 11742 || 56.5905840288271 || 2017-10-08 09:06:13 |
| 11743 || -28.261306920612 || 2012-04-19 13:26:08 |
| 11744 || 5.54441275596289 || 2014-11-15 18:42:37 |
| 11745 || -2.53134594458765 || 2013-08-26 02:25:41 |
| 11746 || 8.87291499864753 || 2017-07-04 07:24:09 |
| 11747 || 55.5462537497378 || 2012-09-19 08:53:50 |
| 11748 || -28.8713965306367 || 2015-06-11 01:17:12 |
| 11749 || 24.8457425876722 || 2015-09-05 16:10:42 |
| 11750 || -0.612826077727827 || 2015-06-22 12:48:50 |
| 11751 || -1.26554451673661 || 2015-04-06 13:45:04 |
| 11752 || 29.6576434598504 || 2019-07-19 23:04:33 |
| 11753 || 26.99872291934 || 2016-07-15 23:44:03 |
| 11754 || 43.4095028942536 || 2016-02-26 06:26:18 |
| 11755 || 5.96761720197788 || 2019-01-24 00:51:32 |
| 11756 || 0.194487406356788 || 2010-04-20 12:02:44 |
| 11757 || 24.5045658003528 || 2018-11-03 08:42:08 |
| 11758 || 73.8371224846731 || 2014-01-14 06:56:45 |
| 11759 || -14.8441615566927 || 2010-03-24 16:33:10 |
| 11760 || 5.36955078622329 || 2017-07-22 20:13:41 |
| 11761 || 1.43973138430371 || 2012-12-12 03:18:02 |
| 11762 || 39.169160738976 || 2012-12-14 05:23:23 |
| 11763 || 84.6636679106662 || 2015-06-01 17:41:01 |
| 11764 || 3.34783578082803 || 2017-07-17 17:53:40 |
| 11765 || 18.7049742315612 || 2016-03-26 11:09:35 |
| 11766 || 0.368924112671324 || 2011-12-27 02:27:42 |
| 11767 || -11.5543734741355 || 2014-12-08 00:45:31 |
| 11768 || 1.84928842238864 || 2012-01-17 00:26:49 |
| 11769 || 16.8582691510595 || 2019-07-08 07:21:32 |
| 11770 || 20.6248101801377 || 2011-04-05 02:16:36 |
| 11771 || -5.69887478554061e-05 || 2017-01-19 06:56:58 |
| 11772 || -8.54410881295163 || 2014-11-06 20:58:04 |
| 11773 || -18.1344280894327 || 2015-03-04 13:43:37 |
| 11774 || 66.5113756851024 || 2010-01-06 00:14:42 |
| 11775 || 21.7273667487897 || 2016-07-03 14:47:01 |
| 11776 || 0.0203068176227747 || 2018-01-23 12:48:15 |
| 11777 || 8.93473059959068 || 2010-03-14 07:39:29 |
| 11778 || 49.5122836473234 || 2011-01-16 15:56:43 |
| 11779 || 2.37279000041702 || 2016-06-16 20:38:16 |
| 11780 || 26.4560813048535 || 2019-01-11 01:09:44 |
| 11781 || -0.24478600584526 || 2015-01-02 01:43:47 |
| 11782 || -4.05111386746223 || 2019-02-03 11:38:35 |
| 11783 || 16.3196774787289 || 2019-08-09 03:56:35 |
| 11784 || 87.2462181714197 || 2019-10-12 00:21:03 |
| 11785 || 3.06408581089873 || 2019-01-25 12:49:04 |
| 11786 || 0.294949756599551 || 2017-03-04 19:32:57 |
| 11787 || 1.83781060655735 || 2017-09-16 12:27:35 |
| 11788 || -0.144549301414265 || 2015-06-04 02:56:07 |
| 11789 || -24.0916726015867 || 2013-12-09 20:38:37 |
| 11790 || -16.6204623516963 || 2018-04-04 04:20:13 |
| 11791 || -0.957249983875153 || 2012-06-17 20:56:34 |
| 11792 || 9.76580092638099 || 2016-06-05 08:25:30 |
| 11793 || 42.9896883316832 || 2016-01-02 17:03:57 |
| 11794 || 83.4812874702423 || 2017-05-22 02:52:38 |
| 11795 || 28.2495142211742 || 2011-02-26 03:24:06 |
| 11796 || 6.97770631894167 || 2012-05-19 22:27:48 |
| 11797 || 7.08234986441277 || 2016-01-02 11:58:19 |
| 11798 || 58.3177249268319 || 2018-08-04 05:02:28 |
| 11799 || -13.1426591506883 || 2011-06-17 20:38:47 |
| 11800 || -19.8878354366814 || 2017-11-03 20:32:01 |
| 11801 || 8.11000997982817 || 2011-01-12 22:30:54 |
| 11802 || 0.792896760667539 || 2011-04-26 15:42:51 |
| 11803 || 10.4472888262956 || 2014-07-17 10:32:26 |
| 11804 || -8.73584582444686 || 2011-12-14 16:45:19 |
| 11805 || 40.0790467272489 || 2011-02-03 19:09:29 |
| 11806 || 13.8800958647194 || 2017-11-20 11:08:42 |
| 11807 || 1.98295726723714 || 2014-10-15 00:33:09 |
| 11808 || -2.01600680385614 || 2014-04-08 07:52:44 |
| 11809 || 60.9504757328159 || 2017-10-15 16:27:17 |
| 11810 || 62.5817517797839 || 2018-05-01 20:02:31 |
| 11811 || -5.44601034323262 || 2011-11-21 10:50:09 |
| 11812 || 0.231377629877984 || 2017-05-20 07:00:35 |
| 11813 || 35.5682465282379 || 2019-12-12 05:32:21 |
| 11814 || 81.1180124481975 || 2010-06-11 16:46:10 |
| 11815 || -21.7406713822262 || 2011-04-02 16:49:27 |
| 11816 || 20.686941201586 || 2010-10-27 11:14:24 |
| 11817 || -0.181007800805371 || 2015-01-10 11:13:31 |
| 11818 || -12.6254303544949 || 2010-08-01 18:44:06 |
| 11819 || -7.55902050945158 || 2015-11-24 18:37:59 |
| 11820 || 40.36273519775 || 2018-07-19 14:25:44 |
| 11821 || 0.572883457340573 || 2016-06-24 11:53:09 |
| 11822 || -0.00981782049318222 || 2018-07-25 11:11:05 |
| 11823 || -4.74451294392799 || 2019-08-01 02:49:21 |
| 11824 || 28.8821885134691 || 2012-12-23 10:33:39 |
| 11825 || 81.0774013732638 || 2019-02-27 02:30:51 |
| 11826 || 17.5712718938001 || 2015-10-19 18:13:32 |
| 11827 || 0.0855925610672008 || 2019-10-10 04:08:04 |
| 11828 || 10.0509998752959 || 2010-04-05 13:35:33 |
| 11829 || -25.2824719891908 || 2018-03-02 15:28:16 |
| 11830 || 11.7603680562468 || 2011-06-26 12:01:59 |
| 11831 || 19.3161180959176 || 2010-04-24 13:09:15 |
| 11832 || -0.0915648662862914 || 2019-11-25 09:08:40 |
| 11833 || 4.47123120937996 || 2013-08-27 00:51:17 |
| 11834 || -20.1069342977116 || 2018-11-24 16:50:32 |
| 11835 || -28.3045898121073 || 2018-12-15 08:32:33 |
| 11836 || 36.869555943682 || 2018-06-06 07:11:58 |
| 11837 || -0.684393287634364 || 2010-02-09 01:25:04 |
| 11838 || 16.1900133075239 || 2010-07-14 11:01:53 |
| 11839 || 25.6986938644202 || 2015-02-23 06:38:54 |
| 11840 || -18.0853053562765 || 2015-11-26 14:02:18 |
| 11841 || 47.9822921169167 || 2016-01-01 00:11:31 |
| 11842 || 3.75601871746946 || 2011-10-22 20:40:07 |
| 11843 || 10.4613140980116 || 2014-08-09 04:02:21 |
| 11844 || 16.9159606279567 || 2016-10-01 11:17:10 |
| 11845 || 77.4324924756363 || 2016-05-26 01:26:55 |
| 11846 || -6.64207336827262 || 2011-04-12 22:05:33 |
| 11847 || 1.87029492648946 || 2010-02-01 01:10:45 |
| 11848 || -0.184405428487872 || 2012-04-16 13:38:01 |
| 11849 || -15.455653459385 || 2015-02-13 04:22:26 |
| 11850 || 34.6864162883392 || 2010-02-08 02:04:18 |
| 11851 || 26.7299823729885 || 2010-08-22 22:22:58 |
| 11852 || -3.14541794505089 || 2014-11-10 02:17:46 |
| 11853 || 1.14405230063702 || 2018-09-26 07:44:29 |
| 11854 || 4.759921885845 || 2012-01-05 09:03:27 |
| 11855 || 80.7328436184605 || 2012-08-07 01:27:43 |
| 11856 || -20.7613442282818 || 2015-11-12 22:26:35 |
| 11857 || -2.01802972776399 || 2019-04-05 10:06:05 |
| 11858 || 4.03047324067298 || 2013-06-24 19:49:50 |
| 11859 || 30.5443915603613 || 2017-10-26 18:29:28 |
| 11860 || 79.913440530098 || 2018-11-18 11:00:06 |
| 11861 || -17.3299564089905 || 2019-06-09 23:54:52 |
| 11862 || -0.483815215850292 || 2015-05-18 11:03:44 |
| 11863 || 2.32213775626858 || 2012-11-12 00:01:57 |
| 11864 || 30.2033960096142 || 2018-07-26 02:01:02 |
| 11865 || 75.3962496129489 || 2010-01-22 07:41:41 |
| 11866 || -22.1291848068111 || 2019-08-18 19:35:18 |
| 11867 || 8.00656190486678 || 2019-01-20 13:02:14 |
| 11868 || 0.552477010594981 || 2015-10-27 19:36:30 |
| 11869 || 19.0108947247829 || 2019-05-02 01:40:45 |
| 11870 || 25.7391608411019 || 2010-07-26 12:51:37 |
| 11871 || 60.6307676745028 || 2012-07-16 20:22:30 |
| 11872 || 21.0660653344798 || 2017-06-21 12:08:40 |
| 11873 || 0.122901226278594 || 2013-06-12 12:32:27 |
| 11874 || 25.8252215307796 || 2015-05-16 15:27:43 |
| 11875 || 81.977466715924 || 2013-12-12 14:45:13 |
| 11876 || 0.840214336383788 || 2016-12-03 16:37:36 |
| 11877 || 23.0870331266855 || 2019-05-25 18:21:28 |
| 11878 || 0.033792380305601 || 2011-04-02 10:22:24 |
| 11879 || 17.5117229199606 || 2013-04-16 10:00:10 |
| 11880 || -16.8636108089501 || 2017-10-25 14:06:39 |
| 11881 || -0.351815910746496 || 2018-09-25 13:28:40 |
| 11882 || -1.65251345676745 || 2017-02-13 00:24:29 |
| 11883 || 0.329522959410918 || 2013-06-14 09:35:22 |
| 11884 || 6.45017919575317 || 2013-08-26 18:35:10 |
| 11885 || 57.6487214835229 || 2017-05-09 04:06:30 |
| 11886 || -26.9211105247349 || 2017-06-11 09:47:39 |
| 11887 || 41.4017100255858 || 2010-03-20 06:11:36 |
| 11888 || 1.73405772021442 || 2014-10-25 12:18:51 |
| 11889 || 3.25448785957227 || 2014-12-05 10:15:43 |
| 11890 || 27.2052089369512 || 2011-12-04 21:31:07 |
| 11891 || 85.0919973309898 || 2013-10-24 05:17:26 |
| 11892 || 21.2727705149606 || 2018-08-23 08:16:53 |
| 11893 || 2.42656174352469 || 2011-07-02 04:31:36 |
| 11894 || -2.1248493278127 || 2018-08-19 04:02:24 |
| 11895 || -21.3866570548925 || 2018-06-18 23:56:47 |
| 11896 || 81.0387517073178 || 2015-07-06 14:25:57 |
| 11897 || -17.3789699993541 || 2013-04-15 20:17:22 |
| 11898 || 4.5971882075919 || 2012-05-18 22:53:34 |
| 11899 || 10.3653628696131 || 2018-09-07 17:48:52 |
| 11900 || -20.443727936939 || 2012-08-04 05:36:03 |
| 11901 || 56.0914366719345 || 2018-07-05 11:33:33 |
| 11902 || 42.875356170194 || 2010-08-27 04:19:05 |
| 11903 || 1.37211568668791 || 2010-06-15 23:27:54 |
| 11904 || 3.79049855938202 || 2014-02-03 20:11:35 |
| 11905 || -16.9014158393439 || 2018-02-23 01:06:17 |
| 11906 || 86.0673213906758 || 2015-12-27 05:35:33 |
| 11907 || -13.0363181290455 || 2013-11-17 00:35:10 |
| 11908 || -4.04009898508229 || 2017-12-01 15:29:41 |
| 11909 || 3.10782300615317 || 2019-10-21 16:02:08 |
| 11910 || 34.0028375766072 || 2011-07-01 07:19:07 |
| 11911 || -27.1386863738609 || 2015-12-22 02:52:18 |
| 11912 || -22.5079742757739 || 2016-10-27 08:16:37 |
| 11913 || 1.5172035052821 || 2018-07-25 02:55:22 |
| 11914 || 0.0202021363812055 || 2013-10-20 09:40:58 |
| 11915 || 10.4504086032571 || 2016-06-04 23:14:23 |
| 11916 || 63.0336359863701 || 2019-03-17 05:10:09 |
| 11917 || -18.0251607978083 || 2016-11-26 15:00:10 |
| 11918 || -6.8187837870946 || 2010-05-10 23:07:52 |
| 11919 || 0.123863686448667 || 2017-01-15 11:31:05 |
| 11920 || -0.71926405803765 || 2012-10-06 08:01:50 |
| 11921 || -27.4100139203374 || 2011-03-19 10:36:47 |
| 11922 || 69.6768872325892 || 2019-03-02 13:29:39 |
| 11923 || -8.10543127112185 || 2013-01-04 12:08:38 |
| 11924 || 0.0580590282294648 || 2010-07-01 17:09:49 |
| 11925 || -6.19123046437885 || 2010-12-03 17:53:17 |
| 11926 || 27.9379639803999 || 2015-05-20 06:12:20 |
| 11927 || 44.1298160009847 || 2015-03-04 04:10:03 |
| 11928 || 15.644271103269 || 2016-04-01 08:57:32 |
| 11929 || 0.00284898125014242 || 2014-02-09 01:41:49 |
| 11930 || 0.698307979469488 || 2017-06-11 08:45:22 |
| 11931 || -11.6197115507294 || 2015-01-03 19:16:02 |
| 11932 || 83.3744228377536 || 2018-07-07 13:40:48 |
| 11933 || 32.2877567640971 || 2018-01-09 17:04:04 |
| 11934 || 0.219119320935864 || 2016-05-07 22:40:48 |
| 11935 || -7.66204427056649 || 2013-10-19 15:34:46 |
| 11936 || 22.4069613595424 || 2014-12-13 04:27:23 |
| 11937 || 22.5263603743054 || 2019-01-16 17:03:30 |
| 11938 || -0.693536247183238 || 2010-05-15 13:45:01 |
| 11939 || 1.48653678731063 || 2011-05-15 20:32:03 |
| 11940 || 18.097216276055 || 2019-04-25 08:15:50 |
| 11941 || 34.1881522982878 || 2019-08-19 14:27:40 |
| 11942 || -16.1771108421159 || 2010-06-23 00:13:47 |
| 11943 || 46.8031145333663 || 2019-03-01 23:09:04 |
| 11944 || 3.19014822916078 || 2013-01-16 08:27:38 |
| 11945 || 15.1037990321667 || 2013-10-14 15:03:37 |
| 11946 || -22.1771811953635 || 2011-10-06 03:55:04 |
| 11947 || -19.8902549194728 || 2013-12-10 17:55:48 |
| 11948 || 51.7228488666224 || 2010-06-04 21:09:19 |
| 11949 || -0.688988344522891 || 2017-01-01 21:36:31 |
| 11950 || 7.68376763918691 || 2012-12-05 03:47:39 |
| 11951 || 15.1395774110463 || 2019-03-14 04:41:25 |
| 11952 || 4.9310026563213 || 2011-10-15 01:35:38 |
| 11953 || 45.176947171401 || 2013-12-18 10:48:29 |
| 11954 || 8.24560017749428 || 2019-02-04 19:29:05 |
| 11955 || -2.6249704848364 || 2017-07-24 03:35:04 |
| 11956 || -15.2372507753259 || 2010-05-25 08:46:13 |
| 11957 || 44.754142484004 || 2011-06-12 22:42:34 |
| 11958 || 21.7225475600443 || 2011-09-02 21:55:41 |
| 11959 || 1.78252060695083 || 2014-05-19 00:20:39 |
| 11960 || 5.00718956238316 || 2011-09-09 13:56:40 |
| 11961 || -17.1327872227606 || 2014-09-07 07:28:55 |
| 11962 || -29.3060528773506 || 2016-04-23 06:52:25 |
| 11963 || -22.3814416612353 || 2011-09-13 13:50:46 |
| 11964 || 13.3741340543441 || 2013-02-15 23:00:35 |
| 11965 || -0.393692252160159 || 2011-07-05 23:44:34 |
| 11966 || 40.2495099406324 || 2010-11-23 11:46:17 |
| 11967 || -24.7614467674544 || 2011-07-15 17:36:31 |
| 11968 || 41.5234980934351 || 2013-05-04 03:08:12 |
| 11969 || 6.10344679751299 || 2016-08-10 07:57:48 |
| 11970 || 1.37755067729876 || 2013-08-06 23:12:29 |
| 11971 || 18.8875940857074 || 2010-04-02 00:34:11 |
| 11972 || -27.4400061768761 || 2011-02-01 22:24:40 |
| 11973 || 70.4325680493551 || 2017-10-10 22:41:41 |
| 11974 || 9.25334600761038 || 2015-08-26 23:23:46 |
| 11975 || 0.233403208583648 || 2014-10-22 22:02:23 |
| 11976 || -10.5495066006099 || 2014-10-05 09:37:00 |
| 11977 || 6.80469229125934 || 2019-04-10 15:40:01 |
| 11978 || -8.08342401534062 || 2015-05-23 03:46:42 |
| 11979 || 15.3390234418675 || 2017-06-16 01:57:12 |
| 11980 || 0.000206946416148817 || 2013-06-08 04:03:40 |
| 11981 || 14.0431985721456 || 2010-03-27 07:35:14 |
| 11982 || 31.019518033076 || 2011-11-04 15:34:37 |
| 11983 || 38.9757623794427 || 2018-02-20 13:02:54 |
| 11984 || -3.28311593414177 || 2015-12-04 16:28:17 |
| 11985 || -0.0974423310651051 || 2013-11-25 05:40:02 |
| 11986 || 19.7324168751789 || 2018-01-18 00:10:33 |
| 11987 || 11.4674795849777 || 2010-02-16 19:11:26 |
| 11988 || 59.9309687371315 || 2012-11-04 00:08:27 |
| 11989 || -7.68542345938806 || 2016-03-11 14:48:00 |
| 11990 || -0.207117443031629 || 2012-04-20 07:55:20 |
| 11991 || 19.4468836210801 || 2010-03-15 23:31:17 |
| 11992 || -20.9324345446217 || 2010-03-24 16:24:07 |
| 11993 || 13.7677567171819 || 2012-12-18 23:14:54 |
| 11994 || 19.8696861049976 || 2012-11-13 04:34:55 |
| 11995 || -0.103566758448745 || 2014-04-08 09:55:10 |
| 11996 || -0.195361927792769 || 2012-09-17 13:25:03 |
| 11997 || -7.99484320281069 || 2010-01-12 14:51:32 |
| 11998 || 86.4863556974645 || 2014-08-17 19:09:06 |
| 11999 || 32.0632915498183 || 2015-03-15 15:54:28 |
| 12000 || -0.494727208417576 || 2013-06-15 03:06:10 |
| 12001 || 2.07591229846785 || 2016-11-07 19:44:58 |
| 12002 || 15.2866626744093 || 2011-10-11 03:23:57 |
| 12003 || 23.43 || 2020-01-08 21:21:45 |
| 12004 || 11.251 || 2020-01-08 21:21:45 |
| 12005 || 32.1 || 2020-01-08 21:21:45 |
| 12006 || -5.334 || 2020-01-08 21:21:45 |
| 12007 || 14.8372 || 2020-01-08 21:21:45 |
| 12008 || 16.0509 || 2014-01-01 03:10:54 |
| 12009 || 19.333714973013 || 2012-09-10 15:57:38 |
| 12010 || 9.00536528828926 || 2017-08-12 18:42:34 |
| 12011 || -0.0338351934482962 || 2010-11-24 21:45:14 |
| 12012 || 38.6043654874825 || 2019-04-20 13:47:19 |
| 12013 || 71.5211065272267 || 2016-10-13 02:25:29 |
| 12014 || -21.9122558468299 || 2013-12-06 08:11:39 |
| 12015 || -1.27062275288997 || 2010-07-26 05:20:11 |
| 12016 || -0.123987108884446 || 2019-02-01 20:40:52 |
| 12017 || 47.0194453665044 || 2018-01-19 07:44:06 |
| 12018 || -22.7200795256545 || 2016-03-15 22:44:03 |
| 12019 || -13.5266169226403 || 2016-03-23 20:10:12 |
| 12020 || -5.94023005891797 || 2019-08-08 17:09:38 |
| 12021 || 1.53079783124544 || 2013-06-09 07:13:26 |
| 12022 || 24.6736202161061 || 2011-05-06 05:21:19 |
| 12023 || 81.2123524613974 || 2016-08-11 05:27:58 |
| 12024 || 73.4658749751542 || 2019-04-13 09:04:43 |
| 12025 || 18.5735511500027 || 2015-10-05 07:47:27 |
| 12026 || 0.244250223370956 || 2017-12-20 17:23:44 |
| 12027 || 1.7687584143239 || 2017-06-22 08:32:16 |
| 12028 || -15.1135790576982 || 2015-07-22 09:10:58 |
| 12029 || 68.4426549765684 || 2017-01-22 05:15:44 |
| 12030 || 18.7040048179242 || 2016-02-08 03:05:01 |
| 12031 || -0.00332941034693465 || 2010-06-19 03:44:44 |
| 12032 || 12.0776521093631 || 2015-04-03 09:25:19 |
| 12033 || 15.8032113963359 || 2010-06-22 22:43:02 |
| 12034 || 67.3144144496736 || 2018-09-19 05:14:06 |
| 12035 || -6.33020571978301 || 2012-06-03 19:36:52 |
| 12036 || 0.00208536900594656 || 2017-12-01 22:53:00 |
| 12037 || -5.53000493847174 || 2015-09-10 22:22:15 |
| 12038 || -23.5748269586126 || 2018-09-04 00:37:58 |
| 12039 || 61.2851434570961 || 2016-01-14 18:16:57 |
| 12040 || -8.59511672813397 || 2010-10-18 17:21:18 |
| 12041 || -0.151086181248881 || 2015-03-20 23:07:38 |
| 12042 || 15.9402677231069 || 2017-01-03 00:56:14 |
| 12043 || 16.6987802346709 || 2017-10-27 03:04:47 |
| 12044 || 79.3937294161225 || 2016-11-25 08:46:25 |
| 12045 || 33.247826255229 || 2012-10-14 00:44:19 |
| 12046 || 2.05332464354573 || 2010-09-19 20:04:57 |
| 12047 || 3.01599554078052 || 2013-04-09 21:48:50 |
| 12048 || 12.6554640765564 || 2014-03-19 01:43:45 |
| 12049 || 46.0783846338821 || 2011-06-08 09:32:30 |
| 12050 || 18.0100454759777 || 2013-01-13 23:18:14 |
| 12051 || 1.62790874585278 || 2012-02-18 00:19:48 |
| 12052 || 6.3701129851523 || 2019-12-19 00:12:35 |
| 12053 || -15.935118865446 || 2016-05-18 17:02:10 |
| 12054 || 0.375011058493199 || 2010-05-18 21:40:00 |
| 12055 || 55.4257095715517 || 2015-06-10 19:28:35 |
| 12056 || 4.40965348598518 || 2012-02-19 12:34:29 |
| 12057 || -2.40997268253298 || 2013-04-22 06:46:17 |
| 12058 || -17.7877879702985 || 2016-08-20 01:54:00 |
| 12059 || -29.0480328018023 || 2010-12-10 11:39:53 |
| 12060 || -10.0165953750849 || 2014-12-27 05:40:58 |
| 12061 || 8.12160781213126 || 2011-02-03 04:59:55 |
| 12062 || 6.05971656433962 || 2014-06-26 12:58:01 |
| 12063 || 42.876707734287 || 2019-10-27 17:27:27 |
| 12064 || 30.1304857345233 || 2014-08-06 13:26:13 |
| 12065 || 12.2489843315638 || 2011-08-08 21:03:03 |
| 12066 || -3.70247808845059 || 2014-02-21 00:38:37 |
| 12067 || -0.285902814962789 || 2018-04-08 23:56:56 |
| 12068 || -11.5018184226547 || 2011-07-25 05:13:36 |
| 12069 || 88.2016952987438 || 2012-04-15 00:57:44 |
| 12070 || 23.43 || 2020-01-08 21:23:54 |
| 12071 || 11.251 || 2020-01-08 21:23:54 |
| 12072 || 32.1 || 2020-01-08 21:23:54 |
| 12073 || -5.334 || 2020-01-08 21:23:54 |
| 12074 || 14.8372 || 2020-01-08 21:23:54 |
| 12075 || 16.0509 || 2014-01-01 03:10:54 |
| 12076 || 19.9933399991998 || 2015-05-13 19:49:44 |
| 12077 || 0.141180543204244 || 2010-03-02 05:25:30 |
| 12078 || 36.7332782040436 || 2016-04-10 05:16:01 |
| 12079 || 33.4278260883361 || 2013-01-24 03:34:11 |
| 12080 || 19.4119621332562 || 2012-07-19 00:12:31 |
| 12081 || 27.4590693937606 || 2012-04-07 22:54:16 |
| 12082 || -0.00884373413463285 || 2016-10-03 15:36:38 |
| 12083 || 27.7498465135312 || 2011-10-23 06:11:57 |
| 12084 || -19.8437770950609 || 2015-09-08 20:29:33 |
| 12085 || 3.372746205537 || 2015-09-23 11:05:24 |
| 12086 || 14.9123294479295 || 2016-07-07 04:41:36 |
| 12087 || -0.021591863525374 || 2011-12-27 18:17:33 |
| 12088 || 2.55807754638241 || 2014-05-23 10:14:59 |
| 12089 || 67.2713467022916 || 2011-11-22 18:57:52 |
| 12090 || 70.9934857361418 || 2015-02-14 07:07:56 |
| 12091 || 31.2298975985366 || 2012-08-14 01:46:56 |
| 12092 || 0.798994742982934 || 2011-10-21 03:44:20 |
| 12093 || -6.550304879882 || 2010-10-14 02:31:51 |
| 12094 || 18.0324585341262 || 2011-01-25 00:02:39 |
| 12095 || 72.7574939185894 || 2015-08-15 03:55:40 |
| 12096 || -8.32398764355304 || 2014-02-05 15:05:58 |
| 12097 || 1.83075003105707 || 2012-09-18 07:04:35 |
| 12098 || 16.697653926361 || 2018-09-17 06:16:46 |
| 12099 || 44.6854583065252 || 2017-09-07 05:38:34 |
| 12100 || 83.2837162751587 || 2014-11-03 22:23:22 |
| 12101 || 49.1365890347241 || 2014-03-19 20:51:43 |
| 12102 || 3.94371686640746 || 2019-10-23 00:16:30 |
| 12103 || -3.99280443053513 || 2010-10-11 23:50:08 |
| 12104 || 57.4151406270697 || 2012-06-06 10:46:54 |
| 12105 || 2.93129126021679 || 2017-12-23 06:29:52 |
| 12106 || -3.38626376678369 || 2010-01-03 02:58:39 |
| 12107 || 6.67624764297352 || 2015-07-01 09:28:51 |
| 12108 || 8.1927441645758 || 2013-06-09 02:33:03 |
| 12109 || 52.461539959718 || 2011-02-11 11:11:25 |
| 12110 || 76.1316285383909 || 2015-01-11 16:40:18 |
| 12111 || 59.7416752663953 || 2016-06-10 11:41:48 |
| 12112 || -3.23360783994454 || 2017-01-03 17:16:47 |
| 12113 || 4.10202479754466 || 2014-03-01 11:51:42 |
| 12114 || 31.8395659689125 || 2018-11-20 15:42:11 |
| 12115 || 86.8373431049184 || 2012-08-06 08:54:31 |
| 12116 || 56.3624451637343 || 2016-09-17 07:31:22 |
| 12117 || -4.04866183653877 || 2012-10-18 03:52:59 |
| 12118 || 4.24549708342859 || 2017-11-12 01:45:22 |
| 12119 || 37.0641755666898 || 2017-01-05 00:02:20 |
| 12120 || 26.0226460217992 || 2019-11-15 04:43:10 |
| 12121 || 69.5298952978874 || 2018-02-16 15:16:42 |
| 12122 || 4.5130565492075 || 2019-02-15 06:46:38 |
| 12123 || -0.749110112280647 || 2014-02-09 21:17:54 |
| 12124 || 42.5360297951306 || 2010-11-24 19:00:40 |
| 12125 || 85.9678285735071 || 2019-02-16 04:39:48 |
| 12126 || 21.4302642403478 || 2016-03-22 14:17:05 |
| 12127 || 15.5031213105217 || 2018-07-09 22:23:27 |
| 12128 || -0.282468600217265 || 2013-09-11 04:49:13 |
| 12129 || 5.73654330846648 || 2017-04-12 05:48:10 |
| 12130 || 23.4612821297182 || 2016-09-12 18:29:08 |
| 12131 || 67.189021251221 || 2017-11-20 01:51:34 |
| 12132 || -7.30646540970632 || 2010-09-05 02:19:46 |
| 12133 || 0.114922489595399 || 2015-08-14 01:59:53 |
| 12134 || -6.29080375695748 || 2014-08-12 18:40:08 |
| 12135 || -4.53353521686531 || 2016-01-27 00:27:04 |
| 12136 || 70.7351521985254 || 2014-12-17 19:30:32 |
| 12137 || 24.2384873640152 || 2013-11-07 21:30:15 |
| 12138 || 0.0335847853984224 || 2019-12-12 05:06:52 |
| 12139 || 27.6743495897958 || 2017-01-06 21:14:32 |
| 12140 || 77.8682882068433 || 2016-06-22 02:18:02 |
| 12141 || -28.0051673052943 || 2013-10-20 22:53:46 |
| 12142 || 7.25724031151897 || 2017-04-24 18:18:21 |
| 12143 || 0.476670875591047 || 2016-02-17 13:46:52 |
| 12144 || 13.8371371488975 || 2010-02-21 05:19:13 |
| 12145 || 61.3531835704739 || 2017-11-26 06:46:19 |
| 12146 || 81.1122293059442 || 2018-11-09 00:24:10 |
| 12147 || 14.5794982760647 || 2018-02-17 18:19:10 |
| 12148 || 1.28512272650762 || 2016-05-03 19:51:59 |
| 12149 || -6.20577247312693 || 2014-05-05 04:32:49 |
| 12150 || -14.023175570524 || 2012-04-13 23:15:18 |
| 12151 || 42.3752458200162 || 2011-10-05 21:42:44 |
| 12152 || 19.2552626182478 || 2015-07-18 22:43:09 |
| 12153 || -0.869955969750135 || 2012-05-26 20:59:02 |
| 12154 || 14.3611131162864 || 2019-02-01 09:44:37 |
| 12155 || -21.1638715097456 || 2010-05-12 22:38:34 |
| 12156 || -26.6575879670363 || 2016-03-12 22:07:47 |
| 12157 || -17.6006529424305 || 2018-09-12 17:20:12 |
| 12158 || 6.08896440488097 || 2011-09-16 07:11:23 |
| 12159 || -0.374603696254648 || 2013-02-04 19:21:18 |
| 12160 || 42.0571727949345 || 2015-05-05 16:49:04 |
| 12161 || 88.5921343173007 || 2015-08-07 13:19:37 |
| 12162 || 50.5408625304128 || 2010-01-25 23:32:18 |
| 12163 || 8.43429730873543 || 2015-02-13 12:52:35 |
| 12164 || 6.02871638167409 || 2016-06-20 22:16:08 |
| 12165 || 34.2530559893977 || 2019-02-15 05:12:34 |
| 12166 || -25.1042391872574 || 2014-11-09 09:02:43 |
| 12167 || 42.6270583878925 || 2011-05-13 10:37:43 |
| 12168 || 1.30072336673536 || 2015-05-12 20:43:18 |
| 12169 || 1.45414860486801 || 2015-02-27 01:28:47 |
| 12170 || 44.5781344962774 || 2016-05-09 13:26:08 |
| 12171 || -19.3080241517713 || 2017-05-25 15:41:52 |
| 12172 || 68.513873418504 || 2017-05-19 12:03:06 |
| 12173 || -3.72582437464208 || 2012-02-03 19:51:23 |
| 12174 || -0.713651014749873 || 2019-10-05 09:16:36 |
| 12175 || -11.5526111953907 || 2013-06-02 12:53:06 |
| 12176 || 82.3979045004579 || 2017-11-03 03:56:14 |
| 12177 || 46.260476197024 || 2011-10-22 11:07:47 |
| 12178 || -2.10663301336383 || 2017-10-03 07:15:27 |
| 12179 || 0.369759668504371 || 2016-05-10 06:09:33 |
| 12180 || 22.5041941856582 || 2019-09-15 14:19:48 |
| 12181 || 85.0611098867494 || 2017-10-03 18:54:18 |
| 12182 || -20.5238288709098 || 2018-02-07 01:52:20 |
| 12183 || -7.28997031450928 || 2018-09-26 09:40:02 |
| 12184 || -0.0595690820258409 || 2015-07-10 04:33:20 |
| 12185 || 31.3860702302047 || 2017-05-14 12:55:06 |
| 12186 || 82.6323219868968 || 2011-04-22 10:03:09 |
| 12187 || 53.400006067119 || 2010-01-22 13:11:20 |
| 12188 || -8.52806310149574 || 2017-12-05 20:39:36 |
| 12189 || 0.00491711285489264 || 2011-12-19 21:13:54 |
| 12190 || 3.10057553852629 || 2013-02-23 22:32:02 |
| 12191 || -21.5065699065663 || 2017-03-23 08:28:01 |
| 12192 || 74.232958415972 || 2010-06-25 08:19:22 |
| 12193 || -12.086417844476 || 2013-05-09 05:27:10 |
| 12194 || -0.145191994236745 || 2013-12-01 16:59:50 |
| 12195 || 19.0073010468868 || 2015-01-03 18:26:43 |
| 12196 || 70.7755929843647 || 2019-12-18 15:38:02 |
| 12197 || 80.7727083553186 || 2011-12-27 21:46:29 |
| 12198 || -6.0062771058642 || 2013-12-16 22:28:19 |
| 12199 || 1.36930340616582 || 2017-04-02 02:24:34 |
| 12200 || 5.05036861908912 || 2011-09-26 11:47:03 |
| 12201 || 64.1007447607836 || 2017-05-07 02:58:35 |
| 12202 || 77.7894523813929 || 2017-06-12 12:18:19 |
| 12203 || 37.2423149909729 || 2014-07-23 13:53:19 |
| 12204 || 0.0453047093520826 || 2018-05-20 22:08:39 |
| 12205 || 14.0365741777596 || 2013-03-13 22:04:50 |
| 12206 || 1.73706207613692 || 2014-03-13 21:32:02 |
| 12207 || 7.61435634811908 || 2013-06-16 10:31:27 |
| 12208 || -13.8616895892094 || 2015-12-22 16:25:22 |
| 12209 || 2.01406541678464 || 2018-05-10 17:07:19 |
| 12210 || 4.02871964974064 || 2013-09-02 12:00:33 |
| 12211 || -4.73140972165279 || 2015-05-03 00:09:37 |
| 12212 || 81.887535515211 || 2014-03-21 08:27:48 |
| 12213 || 57.5514053498026 || 2015-04-05 01:56:16 |
| 12214 || 7.42998404145889 || 2014-02-02 21:03:03 |
| 12215 || -2.63120602137518 || 2011-03-08 07:12:44 |
| 12216 || -9.81214940649416 || 2015-10-19 09:46:29 |
| 12217 || 4.8803358843369 || 2014-10-14 12:16:22 |
| 12218 || 60.7555717673031 || 2011-08-09 13:46:18 |
| 12219 || 10.7591178778674 || 2019-05-07 23:52:48 |
| 12220 || 5.08451137907244 || 2019-01-18 19:29:38 |
| 12221 || 50.6138113524885 || 2010-10-20 13:06:03 |
| 12222 || 7.2397643467943 || 2011-10-24 00:59:24 |
| 12223 || -22.4271413810123 || 2016-06-13 16:36:33 |
| 12224 || 15.4187788426364 || 2019-08-09 19:24:04 |
| 12225 || 0.262972067245621 || 2017-10-01 01:36:27 |
| 12226 || 43.2948951193534 || 2014-01-02 18:25:52 |
| 12227 || 73.1888794595653 || 2010-11-10 09:43:02 |
| 12228 || 70.511539551009 || 2013-05-18 16:41:27 |
| 12229 || -6.35758684538032 || 2016-03-08 00:05:44 |
| 12230 || 0.484941094657948 || 2014-11-18 15:37:22 |
| 12231 || 12.2268537444319 || 2018-10-10 14:28:04 |
| 12232 || 78.8739778987831 || 2012-07-01 10:45:07 |
| 12233 || 60.345445330963 || 2013-01-25 04:27:13 |
| 12234 || -5.5694398540689 || 2019-03-20 22:55:29 |
| 12235 || 0.322766926539344 || 2014-02-19 15:48:33 |
| 12236 || 23.43 || 2020-01-09 07:18:06 |
| 12237 || 11.251 || 2020-01-09 07:18:06 |
| 12238 || 32.1 || 2020-01-09 07:18:06 |
| 12239 || -5.334 || 2020-01-09 07:18:06 |
| 12240 || 14.8372 || 2020-01-09 07:18:06 |
| 12241 || 16.0509 || 2014-01-01 03:10:54 |
| 12242 || -4.05186225831559 || 2016-09-26 08:33:20 |
| 12243 || 75.8987320684771 || 2015-04-27 02:16:48 |
| 12244 || -11.6251311808122 || 2015-09-20 17:08:52 |
| 12245 || -0.0490157321301292 || 2016-03-05 08:47:59 |
| 12246 || 17.507964723656 || 2011-03-08 21:52:35 |
| 12247 || 57.1817104430775 || 2014-12-01 22:42:41 |
| 12248 || -4.6901745098633 || 2012-10-27 12:51:40 |
| 12249 || -13.3842520661307 || 2012-03-22 07:48:18 |
| 12250 || 0.886850858582 || 2019-08-18 22:26:32 |
| 12251 || -3.97512469828507 || 2019-06-04 19:57:21 |
| 12252 || 37.350031366935 || 2014-12-01 16:38:22 |
| 12253 || -24.7757537776462 || 2011-05-19 17:11:52 |
| 12254 || 2.51494022619031 || 2017-09-25 07:55:08 |
| 12255 || -0.306226761396036 || 2015-01-03 20:58:37 |
| 12256 || -5.13105980864322 || 2019-11-24 08:39:01 |
| 12257 || 66.8056068275929 || 2015-08-20 19:24:37 |
| 12258 || -4.62837515841405 || 2014-06-02 19:07:03 |
| 12259 || 50.2626565401348 || 2015-10-10 06:44:24 |
| 12260 || 23.43 || 2020-01-09 07:37:32 |
| 12261 || 11.251 || 2020-01-09 07:37:32 |
| 12262 || 32.1 || 2020-01-09 07:37:32 |
| 12263 || -5.334 || 2020-01-09 07:37:32 |
| 12264 || 14.8372 || 2020-01-09 07:37:32 |
| 12265 || 16.0509 || 2014-01-01 03:10:54 |
| 12266 || 8.45308185333789 || 2019-09-09 13:13:35 |
| 12267 || 39.5109373590522 || 2011-10-15 04:58:31 |
| 12268 || 36.9273841104313 || 2015-05-03 21:33:55 |
| 12269 || 38.8914110905252 || 2016-04-25 03:48:10 |
| 12270 || -2.43241791269199 || 2018-05-23 15:17:31 |
| 12271 || 5.38811963930007 || 2014-07-26 21:07:13 |
| 12272 || 23.43 || 2020-01-09 07:37:52 |
| 12273 || 11.251 || 2020-01-09 07:37:52 |
| 12274 || 32.1 || 2020-01-09 07:37:52 |
| 12275 || -5.334 || 2020-01-09 07:37:52 |
| 12276 || 14.8372 || 2020-01-09 07:37:52 |
| 12277 || 16.0509 || 2014-01-01 03:10:54 |
| 12278 || 58.351007615515 || 2012-06-16 13:31:57 |
| 12279 || 49.7440313420762 || 2017-02-26 15:14:20 |
| 12280 || -6.36285581260607 || 2012-04-06 22:07:18 |
| 12281 || 23.43 || 2020-01-09 07:38:00 |
| 12282 || 11.251 || 2020-01-09 07:38:00 |
| 12283 || 32.1 || 2020-01-09 07:38:00 |
| 12284 || -5.334 || 2020-01-09 07:38:00 |
| 12285 || 14.8372 || 2020-01-09 07:38:00 |
| 12286 || 16.0509 || 2014-01-01 03:10:54 |
| 12287 || 23.43 || 2020-01-09 07:38:00 |
| 12288 || 11.251 || 2020-01-09 07:38:00 |
| 12289 || 32.1 || 2020-01-09 07:38:00 |
| 12290 || -5.334 || 2020-01-09 07:38:00 |
| 12291 || 14.8372 || 2020-01-09 07:38:00 |
| 12292 || 16.0509 || 2014-01-01 03:10:54 |
| 12293 || 23.43 || 2020-01-09 07:38:01 |
| 12294 || 11.251 || 2020-01-09 07:38:01 |
| 12295 || 32.1 || 2020-01-09 07:38:01 |
| 12296 || -5.334 || 2020-01-09 07:38:01 |
| 12297 || 14.8372 || 2020-01-09 07:38:01 |
| 12298 || 16.0509 || 2014-01-01 03:10:54 |
| 12299 || 23.43 || 2020-01-09 07:38:01 |
| 12300 || 11.251 || 2020-01-09 07:38:01 |
| 12301 || 32.1 || 2020-01-09 07:38:01 |
| 12302 || -5.334 || 2020-01-09 07:38:01 |
| 12303 || 14.8372 || 2020-01-09 07:38:01 |
| 12304 || 16.0509 || 2014-01-01 03:10:54 |
| 12305 || -0.328885167181838 || 2019-01-14 11:21:49 |
| 12306 || 23.43 || 2020-01-09 07:38:01 |
| 12307 || 11.251 || 2020-01-09 07:38:01 |
| 12308 || 32.1 || 2020-01-09 07:38:01 |
| 12309 || -5.334 || 2020-01-09 07:38:01 |
| 12310 || 14.8372 || 2020-01-09 07:38:01 |
| 12311 || 16.0509 || 2014-01-01 03:10:54 |
| 12312 || 23.43 || 2020-01-09 07:38:02 |
| 12313 || 11.251 || 2020-01-09 07:38:02 |
| 12314 || 32.1 || 2020-01-09 07:38:02 |
| 12315 || -5.334 || 2020-01-09 07:38:02 |
| 12316 || 14.8372 || 2020-01-09 07:38:02 |
| 12317 || 16.0509 || 2014-01-01 03:10:54 |
| 12318 || 23.43 || 2020-01-09 07:38:02 |
| 12319 || 11.251 || 2020-01-09 07:38:02 |
| 12320 || 32.1 || 2020-01-09 07:38:02 |
| 12321 || -5.334 || 2020-01-09 07:38:02 |
| 12322 || 14.8372 || 2020-01-09 07:38:02 |
| 12323 || 16.0509 || 2014-01-01 03:10:54 |
| 12324 || 23.43 || 2020-01-09 07:38:02 |
| 12325 || 11.251 || 2020-01-09 07:38:02 |
| 12326 || 32.1 || 2020-01-09 07:38:02 |
| 12327 || -5.334 || 2020-01-09 07:38:02 |
| 12328 || 14.8372 || 2020-01-09 07:38:02 |
| 12329 || 16.0509 || 2014-01-01 03:10:54 |Temp table exists? : [{"count(*)":1}]

temperatures
| id || value || created |
| 1 || 23.43 || 2020-01-08 19:49:47 |
| 2 || 11.251 || 2020-01-08 19:49:47 |
| 3 || 32.1 || 2020-01-08 19:49:47 |
| 4 || -5.334 || 2020-01-08 19:49:47 |
| 5 || 14.8372 || 2020-01-08 19:49:47 |
| 6 || 16.0509 || 2014-01-01 03:10:54 |
| 7 || 90.0 || 2018-08-16 21:40:05 |
| 8 || 26.3475821511529 || 2014-12-22 16:33:45 |
| 9 || 5.41559776809304 || 2012-10-20 00:37:09 |
| 10 || 5.04667665037385 || 2013-01-13 17:02:23 |
| 11 || 29.5836009895362 || 2016-01-08 14:55:27 |
| 12 || -16.3326570734174 || 2019-04-14 17:23:28 |
| 13 || -20.8928809863844 || 2012-03-11 03:15:49 |
| 14 || 13.1140540305462 || 2010-03-08 13:34:33 |
| 15 || 2.95596509190209 || 2012-11-08 13:13:08 |
| 16 || 8.61435014814574 || 2014-02-21 05:09:54 |
| 17 || -23.1631532378121 || 2018-09-23 08:23:24 |
| 18 || -15.6092407479275 || 2017-09-07 07:08:13 |
| 19 || -3.02838508428494 || 2012-10-12 04:51:25 |
| 20 || 1.52915170541489 || 2014-09-15 03:24:16 |
| 21 || -5.48285984600599 || 2015-07-20 15:42:56 |
| 22 || 73.9404120972861 || 2012-06-15 07:59:17 |
| 23 || 74.0226593597323 || 2015-09-17 04:24:40 |
| 24 || 10.4708078946264 || 2018-10-25 04:36:10 |
| 25 || 0.826059605024549 || 2013-01-11 20:22:12 |
| 26 || 20.0319925112373 || 2016-09-14 13:07:09 |
| 27 || 11.6353093147127 || 2017-11-19 21:53:38 |
| 28 || -22.3795412375825 || 2018-09-14 09:11:35 |
| 29 || -9.01571481466325 || 2014-07-26 13:34:25 |
| 30 || -0.0322790573020066 || 2010-09-13 03:09:32 |
| 31 || 28.7659470573424 || 2017-12-01 21:49:31 |
| 32 || 80.2225386674248 || 2018-09-16 04:03:25 |
| 33 || 81.3892285555105 || 2010-01-04 11:16:16 |
| 34 || 31.2436311883607 || 2013-01-02 14:28:43 |
| 35 || 0.00218799742462504 || 2018-11-19 03:29:22 |
| 36 || -7.97312849344578 || 2011-06-12 12:13:31 |
| 37 || 57.4290040636494 || 2015-10-09 10:08:39 |
| 38 || 8.14185159420474 || 2018-03-20 18:32:47 |
| 39 || 1.39675954315455 || 2019-10-20 05:09:30 |
| 40 || -0.215391119409126 || 2010-02-06 12:50:10 |
| 41 || -7.4205400599628 || 2016-06-10 05:56:25 |
| 42 || -14.9975857982467 || 2013-05-04 14:55:23 |
| 43 || 35.1737892194543 || 2010-11-06 07:07:28 |
| 44 || 10.4412565207356 || 2016-10-27 04:50:30 |
| 45 || 1.43048273311141 || 2019-06-19 03:57:54 |
| 46 || 2.44614844075834 || 2016-01-14 16:53:23 |
| 47 || 41.3354347897741 || 2016-07-14 03:54:39 |
| 48 || -23.0697809854784 || 2014-06-06 08:58:44 |
| 49 || -12.0957689273772 || 2010-01-01 15:01:25 |
| 50 || -1.23655492649088 || 2017-09-27 03:10:34 |
| 51 || -0.427813301539598 || 2016-05-11 20:57:04 |
| 52 || -13.171679825645 || 2017-02-23 09:36:39 |
| 53 || -3.16496950782612 || 2015-07-06 12:53:22 |
| 54 || 4.74612256867315 || 2011-11-27 21:57:03 |
| 55 || 2.04946121048178 || 2014-11-06 05:40:45 |
| 56 || 9.42380689339158 || 2010-09-12 04:30:06 |
| 57 || 60.7666743919545 || 2018-01-12 06:39:14 |
| 58 || 68.2851219256246 || 2016-06-13 13:57:17 |
| 59 || 54.716720962571 || 2012-04-01 10:10:31 |
| 60 || -0.710255298217403 || 2018-06-06 15:37:54 |
| 61 || -1.95863947920474 || 2013-06-15 04:20:54 |
| 62 || -1.94861396767653 || 2019-06-02 02:34:24 |
| 63 || 77.2969324337471 || 2012-12-06 18:51:24 |
| 64 || -11.5969625499873 || 2013-08-02 23:08:46 |
| 65 || 9.78666421192362 || 2011-11-17 03:45:58 |
| 66 || -0.162058499684968 || 2014-08-23 22:37:18 |
| 67 || 38.6824216166835 || 2011-06-07 12:31:05 |
| 68 || 11.6987232494005 || 2017-12-08 12:17:20 |
| 69 || 57.3705633094057 || 2014-01-27 18:24:05 |
| 70 || 12.1694202216849 || 2019-01-15 07:10:59 |
| 71 || 1.97661894431714 || 2017-01-07 21:11:11 |
| 72 || -14.9627845744961 || 2011-11-21 08:29:58 |
| 73 || -1.66995514263304 || 2010-11-21 12:33:46 |
| 74 || 67.6762921561769 || 2019-01-20 19:29:39 |
| 75 || -1.01703082684277 || 2012-05-23 16:42:01 |
| 76 || 0.612393817304894 || 2010-11-20 08:01:31 |
| 77 || 26.3816933325459 || 2017-01-05 08:45:36 |
| 78 || -24.470562577644 || 2013-03-25 03:07:30 |
| 79 || 77.0860710125406 || 2013-11-05 03:01:44 |
| 80 || 23.3727924326258 || 2010-07-04 05:18:52 |
| 81 || -0.0579591349156031 || 2017-04-05 14:58:27 |
| 82 || 7.11272560582901 || 2016-05-05 10:41:08 |
| 83 || 77.0867711868875 || 2011-11-14 07:48:34 |
| 84 || 73.3593058462233 || 2013-07-23 08:26:39 |
| 85 || -4.51740147722733 || 2010-05-13 21:55:20 |
| 86 || 0.0150838923601377 || 2017-05-06 15:05:39 |
| 87 || 15.9354785752851 || 2013-12-16 17:16:41 |
| 88 || 73.0529640210646 || 2014-04-14 14:05:06 |
| 89 || 41.511129053538 || 2014-12-09 04:47:55 |
| 90 || 10.6002850731298 || 2012-03-15 02:02:21 |
| 91 || 0.365123677677897 || 2012-01-04 07:52:14 |
| 92 || 17.4037215891557 || 2010-02-05 06:28:04 |
| 93 || -24.4090952013623 || 2012-11-14 12:20:13 |
| 94 || -28.4911053960165 || 2010-02-25 03:04:12 |
| 95 || 38.5141699564055 || 2014-03-05 20:46:11 |
| 96 || 0.359696975869354 || 2010-07-26 05:38:18 |
| 97 || 16.5433887765138 || 2011-05-25 20:09:11 |
| 98 || 71.2833979521131 || 2014-03-12 10:14:25 |
| 99 || 56.9769926850222 || 2013-12-06 07:21:34 |
| 100 || -4.66796273198898 || 2017-10-25 01:47:19 |
| 101 || 3.16386805771283 || 2017-03-11 18:52:44 |
| 102 || 15.0395548955183 || 2016-06-10 23:09:04 |
| 103 || 31.5893164432262 || 2013-09-11 16:31:25 |
| 104 || 82.8408127669622 || 2016-06-20 20:46:30 |
| 105 || 52.6151152698744 || 2014-11-17 02:07:46 |
| 106 || 0.383562064803415 || 2013-06-15 10:54:04 |
| 107 || 1.28064851748394 || 2011-12-08 16:49:13 |
| 108 || 19.8836085503022 || 2014-03-17 06:53:36 |
| 109 || 10.2893054954041 || 2019-04-27 06:44:38 |
| 110 || 55.0330857324637 || 2017-12-24 09:11:03 |
| 111 || 8.45561019250228 || 2015-11-21 08:19:58 |
| 112 || -0.809991268609812 || 2019-11-04 03:22:57 |
| 113 || 16.9591483479759 || 2019-11-02 14:33:20 |
| 114 || 69.6959680162617 || 2014-02-01 20:41:02 |
| 115 || -20.5714927574677 || 2019-04-06 22:13:53 |
| 116 || 6.61597290212506 || 2017-09-27 21:40:52 |
| 117 || -0.928328504817113 || 2012-07-23 00:53:05 |
| 118 || 28.4995830799754 || 2018-01-03 08:55:47 |
| 119 || -22.0689154265669 || 2014-10-05 23:21:11 |
| 120 || -6.77662373828449 || 2010-03-22 17:08:47 |
| 121 || -3.8628140899322 || 2019-05-14 04:18:40 |
| 122 || 2.12630307045677 || 2013-06-24 06:43:08 |
| 123 || -0.0918429421248577 || 2017-05-01 23:10:11 |
| 124 || -29.2119009639649 || 2012-06-02 02:39:07 |
| 125 || 29.3476697142508 || 2016-04-15 10:52:45 |
| 126 || 0.940784495694757 || 2019-06-11 08:04:19 |
| 127 || 0.853693745481105 || 2010-03-15 17:08:26 |
| 128 || 23.8525710931514 || 2016-10-23 01:19:17 |
| 129 || 85.7364300038848 || 2012-04-23 16:21:51 |
| 130 || 58.2375853884649 || 2012-06-13 05:04:16 |
| 131 || 22.3301343249684 || 2015-11-12 02:44:42 |
| 132 || 0.30795005718798 || 2014-11-02 09:08:17 |
| 133 || 22.5834562632262 || 2011-12-19 09:27:51 |
| 134 || 30.8134300380624 || 2014-04-11 13:58:48 |
| 135 || 66.413310304508 || 2014-08-26 11:45:49 |
| 136 || -7.36512107811327 || 2011-10-09 08:55:48 |
| 137 || 6.827532250014e-05 || 2015-10-08 21:33:15 |
| 138 || -9.22744361962866 || 2011-02-04 14:11:43 |
| 139 || 71.357928965685 || 2016-06-11 13:30:51 |
| 140 || 78.025730388081 || 2016-10-08 08:56:46 |
| 141 || 34.4429570600116 || 2012-11-21 21:31:22 |
| 142 || 0.305907637752122 || 2016-11-02 03:56:50 |
| 143 || 7.34135577520603 || 2017-04-11 10:49:48 |
| 144 || 22.8497954740137 || 2018-07-07 14:30:47 |
| 145 || 85.5109500354974 || 2014-04-12 12:53:43 |
| 146 || -12.393087249732 || 2017-09-13 13:05:27 |
| 147 || -0.346681573999582 || 2010-05-24 19:19:23 |
| 148 || 6.83596325711021 || 2015-05-15 08:02:00 |
| 149 || -23.9381570547783 || 2017-10-21 13:10:57 |
| 150 || -17.887651998911 || 2017-06-01 12:39:01 |
| 151 || 34.004617649876 || 2010-04-15 05:02:02 |
| 152 || 1.55093420652041 || 2016-11-19 00:56:55 |
| 153 || 15.5817762124891 || 2019-01-02 04:31:31 |
| 154 || 56.5525990191926 || 2010-02-17 15:08:56 |
| 155 || 44.2102499076024 || 2012-03-26 00:00:25 |
| 156 || 50.7309427508135 || 2019-12-27 11:22:25 |
| 157 || 2.92723721039379 || 2010-09-18 21:13:26 |
| 158 || -2.60868454380066 || 2018-05-17 21:21:32 |
| 159 || -20.6515911065438 || 2019-10-27 22:52:13 |
| 160 || 23.43 || 2020-01-08 19:52:34 |
| 161 || 11.251 || 2020-01-08 19:52:34 |
| 162 || 32.1 || 2020-01-08 19:52:34 |
| 163 || -5.334 || 2020-01-08 19:52:34 |
| 164 || 14.8372 || 2020-01-08 19:52:34 |
| 165 || 16.0509 || 2014-01-01 03:10:54 |
| 166 || 90.0 || 2019-09-08 16:55:19 |
| 167 || -11.6086689069355 || 2014-04-09 23:53:35 |
| 168 || 9.86954810283145 || 2010-01-07 05:25:15 |
| 169 || -1.77471211215742 || 2015-07-01 05:18:41 |
| 170 || 39.982605258182 || 2018-10-16 18:06:56 |
| 171 || -11.8328587567298 || 2017-01-02 01:06:04 |
| 172 || -13.1466237242471 || 2015-05-05 09:31:19 |
| 173 || 8.59695189651067 || 2011-10-16 10:07:07 |
| 174 || -1.19397179333372 || 2013-02-02 01:02:19 |
| 175 || 42.3574551452579 || 2015-05-21 01:01:15 |
| 176 || 50.1675691410411 || 2018-05-20 17:11:21 |
| 177 || 68.9225279028387 || 2019-02-20 12:55:45 |
| 178 || 1.0083513010678 || 2015-04-11 08:35:48 |
| 179 || 0.364311918266225 || 2011-08-03 06:07:12 |
| 180 || 31.06444977514 || 2013-04-01 20:03:02 |
| 181 || 57.7852811302508 || 2011-01-15 16:48:55 |
| 182 || 71.3169967048488 || 2010-12-17 15:30:11 |
| 183 || 0.974303308050872 || 2015-07-05 02:24:07 |
| 184 || 0.269051996174643 || 2014-10-17 06:14:50 |
| 185 || 12.5105636329252 || 2018-06-02 03:36:07 |
| 186 || 51.883942870714 || 2019-10-01 10:03:41 |
| 187 || -21.0044173056309 || 2019-10-23 20:35:17 |
| 188 || 8.37879236264292 || 2012-01-23 17:52:04 |
| 189 || 0.0897087944134358 || 2014-05-07 13:15:21 |
| 190 || 0.0162337264943223 || 2017-08-18 17:39:02 |
| 191 || 14.8557544106505 || 2011-03-19 19:54:01 |
| 192 || 14.815820691842 || 2018-05-15 21:11:21 |
| 193 || 30.6590811046154 || 2017-06-12 05:10:51 |
| 194 || 0.0190142044063192 || 2013-11-16 09:37:37 |
| 195 || 10.037099183599 || 2015-07-13 12:14:30 |
| 196 || -13.6354650305788 || 2015-09-07 05:49:18 |
| 197 || 60.8241392885743 || 2019-09-16 20:34:43 |
| 198 || 24.2130505860347 || 2010-05-13 18:15:54 |
| 199 || 0.563539470900761 || 2016-12-14 22:21:45 |
| 200 || -7.22060558965597 || 2011-05-09 21:52:07 |
| 201 || 34.1265581091396 || 2014-09-09 03:36:32 |
| 202 || -20.2978725704966 || 2014-08-10 15:21:17 |
| 203 || -14.0854618863091 || 2019-07-13 21:36:28 |
| 204 || 0.171211248563485 || 2012-12-04 21:01:34 |
| 205 || 2.3492752327613 || 2011-12-27 00:33:13 |
| 206 || -4.96260072654502 || 2011-02-24 05:50:15 |
| 207 || -27.7729869616414 || 2013-01-03 12:08:30 |
| 208 || -1.45726291234126 || 2014-07-14 06:51:27 |
| 209 || 2.28319817041134 || 2011-02-06 01:38:11 |
| 210 || -4.09923760187469 || 2012-02-22 15:20:48 |
| 211 || -2.91098432617839 || 2018-03-09 00:19:52 |
| 212 || 60.0448324402565 || 2014-05-16 08:32:15 |
| 213 || 39.6648664559312 || 2010-11-04 20:09:18 |
| 214 || 6.167249522456 || 2014-07-07 03:40:39 |
| 215 || 1.83604851075998 || 2011-10-12 04:14:36 |
| 216 || 41.6418314184948 || 2018-04-20 03:52:16 |
| 217 || 5.28356733363865 || 2014-07-26 03:48:40 |
| 218 || 45.1951554632809 || 2010-04-05 22:20:55 |
| 219 || 8.98163555296408 || 2011-01-03 04:26:19 |
| 220 || 6.94340857407959 || 2015-09-24 00:13:39 |
| 221 || -18.5678418670397 || 2018-04-05 13:57:21 |
| 222 || 81.0736735050903 || 2017-12-07 06:42:49 |
| 223 || 7.84311535121185 || 2017-07-23 19:29:23 |
| 224 || -1.79269373919911 || 2018-12-08 18:59:44 |
| 225 || -0.673801267506161 || 2013-08-23 23:48:57 |
| 226 || 43.6156926153903 || 2016-05-22 17:26:37 |
| 227 || 72.6290303312679 || 2017-11-17 19:08:20 |
| 228 || 21.4517906881025 || 2010-02-01 23:45:07 |
| 229 || 3.77648876537831 || 2016-05-19 08:49:30 |
| 230 || -0.350095194203613 || 2010-03-12 15:03:50 |
| 231 || -13.565337664074 || 2019-04-07 01:05:23 |
| 232 || 27.6035829278251 || 2014-02-27 10:25:35 |
| 233 || -23.5214356055009 || 2015-04-14 16:10:29 |
| 234 || 18.6247554728743 || 2014-06-02 15:55:44 |
| 235 || -0.319394340825914 || 2013-05-18 10:54:24 |
| 236 || 20.7190755926195 || 2017-07-24 18:46:51 |
| 237 || 21.3974165976664 || 2017-10-13 12:05:47 |
| 238 || 11.6269719298456 || 2019-05-20 15:10:25 |
| 239 || 23.7904789672257 || 2013-12-22 07:13:11 |
| 240 || -0.065952421727497 || 2011-09-19 03:18:20 |
| 241 || 11.6996152114141 || 2010-08-25 17:40:58 |
| 242 || -0.277200961345157 || 2016-11-18 02:56:38 |
| 243 || 42.4146959392802 || 2018-10-08 00:55:14 |
| 244 || 30.8843057038411 || 2010-02-27 12:44:08 |
| 245 || -0.00481345911924978 || 2018-12-17 12:57:59 |
| 246 || -9.6518354001294 || 2017-09-14 10:39:56 |
| 247 || -16.9214922664902 || 2017-09-15 07:04:30 |
| 248 || 67.2810712581887 || 2018-10-13 02:51:45 |
| 249 || 11.688694358736 || 2019-05-18 05:11:28 |
| 250 || 0.44248377105093 || 2016-10-25 15:26:00 |
| 251 || 21.0825570502646 || 2019-08-10 00:24:12 |
| 252 || -25.1909013539935 || 2012-05-26 03:50:09 |
| 253 || 13.2052421169843 || 2012-05-14 12:56:06 |
| 254 || -13.446944788942 || 2017-05-01 21:48:59 |
| 255 || 1.57287868681389 || 2018-07-06 06:57:49 |
| 256 || 0.0673195920452809 || 2011-07-09 13:18:00 |
| 257 || -2.62885562584888 || 2015-06-04 17:11:11 |
| 258 || -28.8066367467784 || 2018-04-05 14:56:39 |
| 259 || 39.222734693115 || 2012-12-27 22:15:32 |
| 260 || 3.2962620041413 || 2011-08-08 05:16:47 |
| 261 || 15.0565669415347 || 2012-05-03 01:48:01 |
| 262 || 33.0886691855053 || 2011-12-07 02:51:13 |
| 263 || -29.7576586902883 || 2019-06-01 11:45:23 |
| 264 || 32.6516951046802 || 2013-03-03 18:38:01 |
| 265 || 3.87478738847651 || 2019-05-18 22:52:50 |
| 266 || 10.0985696307519 || 2016-05-11 00:50:56 |
| 267 || 61.7108342554366 || 2012-10-18 22:10:31 |
| 268 || -4.63282244585354 || 2018-01-14 12:47:03 |
| 269 || 21.9871598511395 || 2018-04-26 19:45:17 |
| 270 || 8.25030252832509 || 2018-03-02 01:04:46 |
| 271 || 3.39888682047455 || 2011-10-18 00:04:23 |
| 272 || 45.050297292039 || 2011-01-12 01:50:45 |
| 273 || 83.802966468752 || 2011-03-27 18:45:07 |
| 274 || 0.378244661219729 || 2016-02-24 13:29:35 |
| 275 || -1.68731754270646 || 2018-04-02 17:05:52 |
| 276 || 3.13180930769059 || 2016-08-18 10:57:24 |
| 277 || 51.2505251413836 || 2019-06-09 01:03:45 |
| 278 || 20.0851532701741 || 2013-11-16 19:15:46 |
| 279 || 27.4524371827903 || 2012-04-09 20:23:52 |
| 280 || 1.07296652972812 || 2013-09-17 15:39:04 |
| 281 || 0.714121911903098 || 2018-04-20 01:44:12 |
| 282 || 43.7675081937389 || 2015-05-20 18:41:19 |
| 283 || 82.5387576680631 || 2013-03-04 13:15:20 |
| 284 || 72.41524154765 || 2012-01-16 13:05:18 |
| 285 || -5.49987054265413 || 2016-11-10 05:51:39 |
| 286 || 0.347028195748966 || 2016-03-06 14:00:56 |
| 287 || 24.9378432292597 || 2014-02-26 11:43:31 |
| 288 || 34.337867819687 || 2017-09-07 08:27:04 |
| 289 || -21.2432462760496 || 2016-03-20 01:23:09 |
| 290 || -3.86784183408242 || 2015-03-19 01:00:41 |
| 291 || 0.272675343408622 || 2018-02-01 12:08:23 |
| 292 || -4.66084964622502 || 2013-07-25 21:11:35 |
| 293 || -5.38927997160125 || 2014-07-07 09:48:36 |
| 294 || 4.215141622681 || 2016-10-09 05:58:01 |
| 295 || -6.77881271806722 || 2019-06-11 06:43:06 |
| 296 || 0.000216061479161576 || 2018-06-08 16:34:28 |
| 297 || 29.8370111951823 || 2015-06-11 21:22:05 |
| 298 || 10.0307885647352 || 2015-03-10 18:54:57 |
| 299 || -9.78947125580375 || 2019-03-21 09:36:56 |
| 300 || 3.31593266054482 || 2010-02-11 16:52:50 |
| 301 || -0.113814520941328 || 2012-08-18 04:16:38 |
| 302 || 13.9470225935885 || 2014-07-10 04:22:52 |
| 303 || 19.3804682426774 || 2011-04-16 01:31:50 |
| 304 || 81.7679577505411 || 2015-03-07 16:33:02 |
| 305 || -10.0942665041946 || 2014-05-12 11:54:27 |
| 306 || 1.34650756963804 || 2011-12-22 12:17:49 |
| 307 || 7.54915523520484 || 2015-08-14 14:14:02 |
| 308 || 68.1387798556456 || 2018-02-27 10:20:01 |
| 309 || 62.7159972260054 || 2017-11-11 04:25:48 |
| 310 || -4.87138734600513 || 2014-10-07 14:53:42 |
| 311 || -0.226937756125151 || 2010-01-10 03:26:39 |
| 312 || 8.74826701922113 || 2012-10-13 02:27:22 |
| 313 || -7.75821310224913 || 2013-09-26 22:46:27 |
| 314 || 88.9984091542135 || 2015-02-19 21:50:55 |
| 315 || 46.4299302353173 || 2013-07-04 01:47:41 |
| 316 || -0.845115541427234 || 2016-03-15 19:39:12 |
| 317 || 0.822137565128209 || 2019-04-13 19:47:48 |
| 318 || -15.194920358209 || 2016-01-05 13:55:30 |
| 319 || 13.0962326194261 || 2017-06-22 12:11:52 |
| 320 || 5.67226902758628 || 2012-05-14 11:12:50 |
| 321 || -1.78213851326924 || 2015-11-18 07:26:46 |
| 322 || -2.01481163956336 || 2014-04-18 08:42:42 |
| 323 || 20.8488161168992 || 2017-03-02 17:53:14 |
| 324 || 86.6525870019484 || 2017-04-10 18:16:46 |
| 325 || 31.508957824287 || 2011-05-13 20:49:00 |
| 326 || -3.45678795857635 || 2016-11-16 15:25:30 |
| 327 || -1.02257556526625 || 2012-01-05 16:23:58 |
| 328 || 10.4537928021636 || 2019-11-27 23:41:32 |
| 329 || -26.7302983572115 || 2016-04-12 12:06:07 |
| 330 || 0.556207916517987 || 2017-10-15 22:06:14 |
| 331 || -4.98715786481535 || 2016-04-01 05:11:10 |
| 332 || 2.12764648707518 || 2015-06-11 04:44:46 |
| 333 || 40.221783105551 || 2010-08-01 03:17:54 |
| 334 || 18.4218119060881 || 2010-07-22 14:10:07 |
| 335 || 46.8805100973752 || 2019-03-17 00:59:19 |
| 336 || -1.81655937656004 || 2018-01-04 08:59:18 |
| 337 || -0.3372192234226 || 2013-07-14 20:01:16 |
| 338 || 20.5229573927065 || 2010-06-16 10:18:53 |
| 339 || 30.7789850140519 || 2015-12-18 10:07:05 |
| 340 || -6.51647042416632 || 2019-01-23 04:49:12 |
| 341 || 8.95006660796696 || 2012-11-23 16:50:18 |
| 342 || 0.421174105744166 || 2011-03-15 08:22:19 |
| 343 || 35.0206719896324 || 2012-04-08 01:13:51 |
| 344 || 46.9512696732201 || 2016-09-11 13:11:02 |
| 345 || 51.5019016612064 || 2013-12-22 09:13:01 |
| 346 || 3.11745495161803 || 2013-07-01 18:12:09 |
| 347 || 0.000798587187576868 || 2014-01-21 03:56:03 |
| 348 || 30.7518279672867 || 2011-12-10 01:46:27 |
| 349 || 14.6199011731191 || 2015-03-15 02:59:09 |
| 350 || 77.1318534826616 || 2016-06-25 13:10:52 |
| 351 || -9.25354619889303 || 2011-07-22 02:53:35 |
| 352 || -0.0504138799565431 || 2012-02-10 00:44:55 |
| 353 || -8.44435003302306 || 2015-06-12 08:55:27 |
| 354 || 75.5753338385161 || 2014-12-23 03:18:41 |
| 355 || -27.9501577385206 || 2013-12-08 21:06:57 |
| 356 || 39.3524919942996 || 2015-08-03 22:18:57 |
| 357 || -0.367342923522685 || 2014-12-14 03:35:59 |
| 358 || 17.2657067530598 || 2018-05-17 08:11:21 |
| 359 || 31.1615698438296 || 2011-06-09 19:11:43 |
| 360 || 74.8039478396915 || 2013-12-22 04:43:15 |
| 361 || 35.5454533709824 || 2013-02-06 09:59:21 |
| 362 || 1.12679986420118 || 2014-02-22 00:37:00 |
| 363 || 9.22498247022 || 2019-09-20 23:51:09 |
| 364 || 62.8969635305278 || 2013-03-02 10:33:07 |
| 365 || 78.3593503378499 || 2010-05-24 20:18:26 |
| 366 || 21.0070518022462 || 2014-03-18 23:54:41 |
| 367 || -1.01570655237793 || 2013-08-06 15:45:56 |
| 368 || -3.43960082618496 || 2018-06-17 20:47:21 |
| 369 || 35.5139592976844 || 2018-05-03 17:18:00 |
| 370 || -17.2166923717149 || 2015-01-17 14:40:41 |
| 371 || 47.6593374016226 || 2018-06-13 11:07:34 |
| 372 || 23.43 || 2020-01-08 19:53:02 |
| 373 || 11.251 || 2020-01-08 19:53:02 |
| 374 || 32.1 || 2020-01-08 19:53:02 |
| 375 || -5.334 || 2020-01-08 19:53:02 |
| 376 || 14.8372 || 2020-01-08 19:53:02 |
| 377 || 16.0509 || 2014-01-01 03:10:54 |
| 378 || 90.0 || 2017-02-22 19:10:50 |
| 379 || 14.4687759635503 || 2015-09-15 07:50:52 |
| 380 || 9.54320364171608 || 2018-06-07 22:24:40 |
| 381 || 2.75107555325905 || 2018-09-25 11:58:35 |
| 382 || -6.26940626222634 || 2018-07-22 21:44:25 |
| 383 || -29.045363760491 || 2019-03-15 22:44:33 |
| 384 || 34.7810775441687 || 2012-04-23 09:20:24 |
| 385 || 12.3595505560551 || 2013-05-20 13:49:52 |
| 386 || 1.01691765373867 || 2012-04-09 02:35:58 |
| 387 || -7.59787532100747 || 2018-12-16 16:33:27 |
| 388 || 43.0344720425401 || 2014-08-21 05:10:24 |
| 389 || -4.451479165233 || 2016-02-06 09:44:12 |
| 390 || -4.58190098799921 || 2014-05-08 08:02:03 |
| 391 || -0.398033394882253 || 2019-10-10 22:19:32 |
| 392 || 38.2512032154426 || 2014-11-10 18:55:32 |
| 393 || 86.2442175000987 || 2016-11-01 05:00:23 |
| 394 || 18.7238867972742 || 2015-08-18 14:58:36 |
| 395 || 18.1721045488084 || 2018-01-17 16:30:18 |
| 396 || 0.809118584613218 || 2018-06-03 08:01:41 |
| 397 || -8.49342408935866 || 2013-12-10 00:04:55 |
| 398 || -10.9513033382322 || 2015-10-23 08:25:10 |
| 399 || 67.6608261448849 || 2017-12-15 12:41:25 |
| 400 || 25.0950034886396 || 2013-04-09 04:06:12 |
| 401 || 0.116049022780712 || 2019-06-14 09:55:49 |
| 402 || -10.1184958361092 || 2013-09-26 14:57:02 |
| 403 || 82.0162373499901 || 2016-02-24 19:43:01 |
| 404 || 70.940836649811 || 2017-05-06 20:30:01 |
| 405 || 31.4259717475011 || 2016-10-23 00:02:28 |
| 406 || -0.0147260616994201 || 2018-12-06 21:09:56 |
| 407 || 14.8775575670316 || 2012-01-04 11:46:33 |
| 408 || -21.658842071969 || 2014-08-13 12:58:11 |
| 409 || -8.48562332725947 || 2017-11-22 02:36:45 |
| 410 || -11.565741069971 || 2010-08-19 01:15:46 |
| 411 || -0.0267214855819512 || 2016-04-17 08:00:34 |
| 412 || 22.2320677915214 || 2013-08-13 14:25:02 |
| 413 || 33.9354317107135 || 2010-02-15 00:03:07 |
| 414 || 76.9264472536425 || 2015-08-20 14:42:38 |
| 415 || 40.5730652378013 || 2019-02-16 08:15:23 |
| 416 || -0.231680280067465 || 2011-05-16 00:00:43 |
| 417 || 16.128543656656 || 2018-02-27 23:38:23 |
| 418 || 66.7041732783775 || 2010-11-03 04:38:30 |
| 419 || 77.1977411259523 || 2013-12-10 03:59:10 |
| 420 || -15.9152819233416 || 2012-06-25 13:56:23 |
| 421 || 3.26919720869745 || 2019-12-15 18:00:09 |
| 422 || -4.51602991969902 || 2011-04-05 09:24:27 |
| 423 || -19.7613258380667 || 2013-05-20 05:10:45 |
| 424 || 87.724640467425 || 2013-11-18 11:10:26 |
| 425 || -12.4163908799128 || 2015-11-09 01:48:53 |
| 426 || 6.1095229560679 || 2012-03-23 19:00:15 |
| 427 || 10.4328151978445 || 2010-07-01 11:37:56 |
| 428 || -19.8808457505778 || 2014-08-11 04:08:32 |
| 429 || -29.8576574013998 || 2016-09-25 16:50:25 |
| 430 || 58.9610746785116 || 2011-01-07 22:44:40 |
| 431 || 4.86789234722175 || 2017-09-26 08:22:18 |
| 432 || 7.26095624757857 || 2012-07-08 19:10:06 |
| 433 || -2.70104004660789 || 2012-03-18 12:43:37 |
| 434 || 82.071888585573 || 2013-06-16 07:42:05 |
| 435 || 32.4093637741209 || 2019-05-13 06:47:01 |
| 436 || 11.7549648776219 || 2011-06-20 12:46:32 |
| 437 || 4.57807187233011 || 2016-07-10 09:36:36 |
| 438 || 30.5055354601666 || 2014-11-13 18:33:37 |
| 439 || 64.0513735056706 || 2015-10-04 05:44:26 |
| 440 || 39.5986849572656 || 2018-06-08 15:22:05 |
| 441 || -2.90181964324345 || 2016-07-07 04:02:22 |
| 442 || -0.231038491038553 || 2018-10-23 23:19:04 |
| 443 || -11.0767080246902 || 2016-02-07 11:38:52 |
| 444 || -23.2062859601244 || 2016-04-15 01:00:51 |
| 445 || 52.0030639526649 || 2015-11-14 22:43:27 |
| 446 || -2.33920236157952 || 2014-09-01 06:37:23 |
| 447 || -0.0900113509575816 || 2017-04-19 03:26:17 |
| 448 || 27.8879615809955 || 2012-05-04 10:34:48 |
| 449 || -26.9674822289438 || 2012-12-09 09:45:24 |
| 450 || 77.2197553882463 || 2019-03-15 06:58:56 |
| 451 || 19.00528153554 || 2010-11-26 13:16:02 |
| 452 || 0.137738075455035 || 2015-11-04 08:07:21 |
| 453 || -9.21866417722511 || 2017-08-08 02:05:32 |
| 454 || 52.9552787972114 || 2015-11-10 17:54:19 |
| 455 || 59.7727890022678 || 2017-04-24 04:39:33 |
| 456 || -9.83046702258301 || 2014-03-05 06:10:04 |
| 457 || 0.0087793438566509 || 2019-06-23 04:48:50 |
| 458 || -9.55549928092637 || 2013-09-07 20:01:32 |
| 459 || 31.2015772567633 || 2013-11-07 13:58:32 |
| 460 || 63.0266360898369 || 2017-04-02 16:42:25 |
| 461 || 36.2287941746102 || 2016-04-22 00:32:31 |
| 462 || 0.369731215926241 || 2012-08-27 05:10:48 |
| 463 || 21.119299400411 || 2013-09-18 18:59:39 |
| 464 || 0.489466364439765 || 2015-11-24 20:29:49 |
| 465 || -12.0656401236611 || 2015-01-15 03:13:16 |
| 466 || 38.079446590574 || 2010-11-11 22:08:01 |
| 467 || 0.336385912547267 || 2018-05-19 07:13:04 |
| 468 || 19.2553576029196 || 2016-10-20 20:06:03 |
| 469 || 25.4117136915015 || 2014-01-01 23:18:40 |
| 470 || -8.25659057948579 || 2017-04-19 06:13:59 |
| 471 || 9.93123204112534 || 2010-03-13 05:51:47 |
| 472 || -1.04221774178457 || 2012-04-17 06:09:30 |
| 473 || 0.772335571135102 || 2012-02-06 09:42:18 |
| 474 || 49.2951382454096 || 2012-09-11 13:33:32 |
| 475 || 4.58733983237319 || 2010-11-23 14:19:41 |
| 476 || 52.4732812555092 || 2016-02-22 08:43:03 |
| 477 || 2.74839553844908 || 2015-05-24 05:04:56 |
| 478 || 3.0327280626979 || 2013-07-04 02:32:34 |
| 479 || -14.366553632477 || 2017-01-16 04:12:33 |
| 480 || -25.6420758717193 || 2014-09-26 06:36:59 |
| 481 || 57.8458019574719 || 2010-09-15 06:08:25 |
| 482 || -2.55066435886266 || 2017-09-27 23:01:10 |
| 483 || 7.88639204888998 || 2014-09-03 13:07:41 |
| 484 || -17.8422059269763 || 2012-12-05 20:07:41 |
| 485 || -6.05828544553119 || 2014-03-12 11:09:09 |
| 486 || 48.3516544298262 || 2012-02-03 05:10:02 |
| 487 || 3.16878986741856 || 2014-06-17 13:57:37 |
| 488 || -1.49450403076426 || 2018-02-19 19:11:34 |
| 489 || -1.57920078153882 || 2013-07-03 20:04:20 |
| 490 || 86.3453510119614 || 2012-06-08 04:06:45 |
| 491 || 63.3462801878501 || 2012-01-21 03:25:37 |
| 492 || 9.56882034937998 || 2019-02-07 15:18:46 |
| 493 || 1.17791893559638 || 2018-11-14 13:39:04 |
| 494 || -14.3922002900837 || 2017-03-01 18:00:10 |
| 495 || -3.57091103245646 || 2013-02-18 19:43:52 |
| 496 || 63.123065445759 || 2014-12-18 04:36:29 |
| 497 || 3.24367801594198 || 2018-01-04 16:56:24 |
| 498 || 0.310368892290315 || 2015-02-06 00:09:36 |
| 499 || -11.010696418919 || 2015-03-14 00:44:42 |
| 500 || 12.6032683094605 || 2019-01-26 06:10:59 |
| 501 || 11.2099065651165 || 2018-09-24 18:42:23 |
| 502 || 20.6980514251266 || 2011-01-07 00:15:17 |
| 503 || 0.265665502700536 || 2018-12-06 22:53:44 |
| 504 || 6.12003034199112 || 2013-12-24 23:42:06 |
| 505 || -0.793660019751195 || 2017-03-12 22:14:36 |
| 506 || 55.5289650947312 || 2010-12-21 04:42:09 |
| 507 || 5.50679930802975 || 2019-06-09 15:17:24 |
| 508 || 0.000238854581293963 || 2011-06-05 02:08:49 |
| 509 || -9.14120917143698 || 2012-02-20 18:32:25 |
| 510 || 78.844236125422 || 2011-10-07 13:00:23 |
| 511 || -19.6243206114586 || 2018-10-05 22:09:58 |
| 512 || 35.4079252182127 || 2019-01-25 06:56:58 |
| 513 || 0.306082093027414 || 2017-08-10 21:24:13 |
| 514 || -7.43363780199392 || 2010-10-09 03:06:58 |
| 515 || 1.93273577898168 || 2010-09-03 13:34:53 |
| 516 || 85.5279758634484 || 2013-03-08 10:27:21 |
| 517 || 33.3996219887838 || 2012-07-06 22:16:59 |
| 518 || 0.156052465500871 || 2017-08-16 14:44:01 |
| 519 || 14.2319663869668 || 2014-06-19 02:48:42 |
| 520 || -14.2327501643233 || 2019-09-01 14:01:24 |
| 521 || 81.091620779558 || 2010-02-14 15:33:39 |
| 522 || -12.0337150104159 || 2018-07-22 19:24:05 |
| 523 || 2.40536538313562 || 2015-11-18 14:40:06 |
| 524 || 6.04555904860117 || 2012-05-22 01:05:01 |
| 525 || -3.92991718639818 || 2019-12-21 15:57:14 |
| 526 || -8.7964791960096 || 2017-11-19 15:24:55 |
| 527 || 48.2307941469069 || 2017-11-02 14:19:55 |
| 528 || 2.66951228175176 || 2014-02-04 05:24:05 |
| 529 || 8.12117893164624 || 2014-06-09 15:02:30 |
| 530 || 34.0235592694292 || 2018-05-03 22:51:54 |
| 531 || 58.0175229435968 || 2016-12-16 05:06:48 |
| 532 || -12.461990569943 || 2016-03-17 00:33:56 |
| 533 || 5.19962275928136 || 2010-12-26 13:50:32 |
| 534 || 0.0847424731537127 || 2011-11-08 16:17:56 |
| 535 || 21.1686150105918 || 2011-04-25 10:51:49 |
| 536 || 78.3396738766937 || 2017-03-17 04:58:32 |
| 537 || -15.9355446001731 || 2011-02-21 01:32:52 |
| 538 || -2.99619588565015 || 2016-10-16 22:02:27 |
| 539 || -1.55719206432179 || 2010-11-10 02:45:16 |
| 540 || 43.7335330948998 || 2015-01-14 00:22:00 |
| 541 || -29.3173987546705 || 2017-01-08 20:52:06 |
| 542 || 60.2644074095104 || 2018-12-24 01:59:49 |
| 543 || 8.64418683703494 || 2014-06-04 04:27:23 |
| 544 || 0.0809657652849717 || 2017-06-17 21:25:02 |
| 545 || 45.5436207959258 || 2018-11-06 19:08:55 |
| 546 || 50.0395822755728 || 2012-02-20 23:27:56 |
| 547 || 68.8160253828228 || 2015-12-22 03:43:40 |
| 548 || 10.7388216759797 || 2018-03-23 19:03:06 |
| 549 || 1.00339866609537 || 2011-06-07 20:08:53 |
| 550 || 6.70450813272394 || 2017-01-21 17:28:32 |
| 551 || -5.52795471539744 || 2016-09-04 13:17:37 |
| 552 || -25.0840925907056 || 2017-09-23 23:43:13 |
| 553 || 13.0769275399876 || 2012-02-19 06:08:19 |
| 554 || 0.385803779991159 || 2014-01-02 04:16:34 |
| 555 || 9.38653624795636 || 2016-03-20 09:56:58 |
| 556 || -23.5647407439494 || 2010-08-07 18:30:15 |
| 557 || -6.63178284622733 || 2013-05-19 13:55:17 |
| 558 || 27.0723005952442 || 2017-11-18 16:02:56 |
| 559 || 0.00319163096771833 || 2011-03-24 10:52:54 |
| 560 || 14.8866179023553 || 2013-03-10 07:39:37 |
| 561 || -22.9594745199591 || 2013-09-15 13:26:00 |
| 562 || -23.8111850871604 || 2017-10-12 21:07:42 |
| 563 || 32.1236604644821 || 2019-11-07 10:47:27 |
| 564 || 0.211700679596517 || 2010-02-14 04:12:44 |
| 565 || 22.6263157549854 || 2012-04-10 02:05:38 |
| 566 || -19.3179685414211 || 2010-10-15 12:41:47 |
| 567 || 40.2483403777019 || 2018-03-09 04:46:43 |
| 568 || 29.3840526746468 || 2013-10-02 05:15:37 |
| 569 || 0.786271600458921 || 2019-11-27 04:53:52 |
| 570 || 18.8717664762236 || 2015-09-03 10:58:39 |
| 571 || 71.8490713662145 || 2011-08-04 21:10:19 |
| 572 || 27.8110211368916 || 2010-10-06 13:31:26 |
| 573 || 18.7824345925459 || 2016-11-26 14:19:00 |
| 574 || 0.0503352553738299 || 2012-04-03 04:23:12 |
| 575 || 0.868327259048382 || 2012-11-18 00:27:48 |
| 576 || 53.5087678161578 || 2015-09-26 20:51:18 |
| 577 || 87.9167733864866 || 2016-05-10 23:18:30 |
| 578 || 33.4047976154066 || 2011-01-05 22:30:44 |
| 579 || 1.23512800304169 || 2019-04-22 02:53:01 |
| 580 || -3.43171386891614 || 2019-07-13 21:22:35 |
| 581 || 27.8337481754373 || 2014-04-01 17:38:38 |
| 582 || -6.27814422025705 || 2019-08-02 18:21:39 |
| 583 || 49.9124777767609 || 2019-07-14 23:04:59 |
| 584 || -1.01276428029339 || 2011-09-08 10:23:09 |
| 585 || 5.63935955991322 || 2013-01-20 09:40:56 |
| 586 || 31.6472578455789 || 2011-01-16 13:26:36 |
| 587 || 89.5346658740667 || 2016-09-05 00:33:25 |
| 588 || 2.35723042844174 || 2018-12-25 08:40:45 |
| 589 || 9.22761419551091 || 2014-02-07 21:13:14 |
| 590 || 5.10523496734306 || 2012-08-17 07:37:03 |
| 591 || 52.4297644391521 || 2018-11-18 07:16:12 |
| 592 || 77.4407817041079 || 2019-04-11 11:34:19 |
| 593 || -4.93238717457695 || 2019-10-15 11:40:29 |
| 594 || -3.63903692680591 || 2019-06-02 08:05:20 |
| 595 || -0.100796963210937 || 2010-04-03 19:07:49 |
| 596 || -12.6554956024438 || 2010-06-14 03:01:29 |
| 597 || 71.6054751556854 || 2012-02-16 01:40:45 |
| 598 || 54.1388483706065 || 2012-03-14 21:30:34 |
| 599 || -1.40327958180981 || 2011-06-15 03:31:07 |
| 600 || -0.5283034404104 || 2016-05-11 16:59:07 |
| 601 || 41.1788470806344 || 2016-10-06 08:25:55 |
| 602 || 85.2158850819648 || 2015-10-05 12:17:06 |
| 603 || -24.7154638735233 || 2013-10-06 00:34:23 |
| 604 || 15.495808757315 || 2016-10-21 20:22:45 |
| 605 || 0.0152983664330599 || 2019-11-12 01:29:29 |
| 606 || -12.2005314859416 || 2011-09-04 07:04:34 |
| 607 || -27.8881100481893 || 2017-07-20 16:17:15 |
| 608 || 47.3854535583392 || 2018-12-27 17:13:11 |
| 609 || -3.18166546544814 || 2019-05-18 09:29:47 |
| 610 || -0.00527779992331374 || 2014-10-04 20:18:35 |
| 611 || -3.494337386846 || 2017-02-05 06:03:23 |
| 612 || -17.7803831544325 || 2012-03-16 22:10:17 |
| 613 || 4.77003564015504 || 2011-12-11 13:30:38 |
| 614 || -11.1355455968038 || 2017-02-06 03:01:46 |
| 615 || 0.0910124530625073 || 2011-04-25 11:07:30 |
| 616 || 26.3007811009517 || 2015-01-03 17:33:49 |
| 617 || 77.3750877944062 || 2010-08-08 12:35:35 |
| 618 || 43.3271392067488 || 2012-12-11 03:25:49 |
| 619 || -11.0508227458043 || 2014-06-20 19:08:14 |
| 620 || 0.281068546989998 || 2010-07-06 15:22:46 |
| 621 || -6.68491790632147 || 2012-04-09 15:01:02 |
| 622 || -5.89484666364411 || 2017-01-03 09:55:11 |
| 623 || 76.0674445333738 || 2018-04-07 17:35:06 |
| 624 || -0.412219442247735 || 2019-09-21 10:53:16 |
| 625 || 1.84605173224765 || 2016-02-21 13:59:39 |
| 626 || 16.2626004242737 || 2013-10-10 08:43:49 |
| 627 || 61.1443064637503 || 2012-02-11 22:58:44 |
| 628 || -29.2492685202606 || 2014-09-22 12:33:57 |
| 629 || 24.2835009184824 || 2015-04-12 02:49:57 |
| 630 || 2.5894659256199 || 2010-10-07 18:25:59 |
| 631 || 8.74430558796442 || 2013-05-06 01:14:12 |
| 632 || 63.5137370262515 || 2011-03-23 06:54:19 |
| 633 || 25.7397953522478 || 2015-12-08 07:27:51 |
| 634 || 41.6491193831333 || 2014-08-17 10:44:58 |
| 635 || 6.90432847316594 || 2019-07-22 23:22:51 |
| 636 || -3.236267921729 || 2014-03-09 14:56:19 |
| 637 || 47.01088081901 || 2012-07-17 09:24:42 |
| 638 || -25.630407024165 || 2012-11-24 22:29:18 |
| 639 || 59.2423985223635 || 2016-04-11 15:58:24 |
| 640 || 2.15460178556655 || 2019-08-07 12:21:23 |
| 641 || 3.48347690618206 || 2015-12-24 00:45:43 |
| 642 || 45.5271890591218 || 2013-02-12 00:57:23 |
| 643 || -24.1382965481163 || 2015-09-14 00:13:05 |
| 644 || 49.734057215827 || 2011-01-12 03:56:05 |
| 645 || 1.80983203565202 || 2013-01-03 15:27:44 |
| 646 || 3.62842952912084 || 2019-02-06 08:14:22 |
| 647 || -13.6409754408684 || 2015-02-13 22:47:57 |
| 648 || 87.1261992945339 || 2011-09-20 00:03:24 |
| 649 || -4.79945220727505 || 2011-03-08 18:47:50 |
| 650 || 14.5139909184926 || 2018-06-11 18:38:28 |
| 651 || 23.43 || 2020-01-08 19:59:11 |
| 652 || 11.251 || 2020-01-08 19:59:11 |
| 653 || 32.1 || 2020-01-08 19:59:11 |
| 654 || -5.334 || 2020-01-08 19:59:11 |
| 655 || 14.8372 || 2020-01-08 19:59:11 |
| 656 || 16.0509 || 2014-01-01 03:10:54 |
| 657 || 90.0 || 2014-03-10 23:30:42 |
| 658 || -0.316959188348112 || 2010-11-04 09:45:37 |
| 659 || -0.218496800032385 || 2018-10-23 16:30:09 |
| 660 || 1.19157729001005 || 2013-06-25 23:49:29 |
| 661 || 26.166967044023 || 2012-07-20 04:01:47 |
| 662 || -15.476928845528 || 2012-01-25 11:50:44 |
| 663 || 20.5189370100593 || 2017-08-11 04:38:34 |
| 664 || 2.52964466891914 || 2019-05-27 15:25:08 |
| 665 || -1.36835527004994 || 2015-05-17 03:45:07 |
| 666 || -15.4351336802768 || 2010-01-20 05:19:34 |
| 667 || 87.7159936565799 || 2013-12-18 09:37:01 |
| 668 || -20.3712143607806 || 2012-02-06 19:04:22 |
| 669 || 16.7236893264191 || 2014-10-25 17:41:35 |
| 670 || 1.59420207008034 || 2016-08-14 02:25:09 |
| 671 || 29.5573676600938 || 2018-06-09 11:47:36 |
| 672 || 61.8307470404488 || 2012-12-15 20:51:43 |
| 673 || -17.245823265103 || 2018-12-04 19:28:52 |
| 674 || 3.79270203807345 || 2015-12-23 10:43:35 |
| 675 || 0.169750612351423 || 2012-03-22 18:14:21 |
| 676 || -0.62739558208225 || 2019-10-09 10:08:12 |
| 677 || 16.1330920536718 || 2019-12-04 05:55:32 |
| 678 || 77.3040291648518 || 2018-10-08 04:19:43 |
| 679 || 5.90455098808919 || 2017-06-27 18:48:59 |
| 680 || -0.0386383782354075 || 2012-05-10 01:41:41 |
| 681 || -1.16830333126258 || 2019-02-27 14:43:13 |
| 682 || -15.2682147882149 || 2019-03-03 21:23:53 |
| 683 || -10.3885986671482 || 2015-03-23 11:32:22 |
| 684 || 9.59784525831707 || 2016-07-02 21:58:51 |
| 685 || 0.0435425008484208 || 2017-12-02 22:30:52 |
| 686 || -5.39295337308856 || 2018-02-03 21:48:13 |
| 687 || 64.9416431572776 || 2015-04-26 05:14:51 |
| 688 || 57.2387141463164 || 2017-04-11 03:02:18 |
| 689 || 37.3035809671725 || 2015-03-17 07:08:48 |
| 690 || 0.181966414248357 || 2012-04-23 11:53:56 |
| 691 || 23.0521122217172 || 2012-02-06 08:01:00 |
| 692 || -22.3147466920667 || 2017-06-03 09:38:43 |
| 693 || 34.687712116343 || 2017-08-01 14:31:15 |
| 694 || 41.3918790391814 || 2012-07-12 13:53:49 |
| 695 || 0.185591524652267 || 2011-08-21 00:39:36 |
| 696 || 9.74892150793906 || 2017-09-19 08:16:24 |
| 697 || 26.5077995640843 || 2013-05-24 17:25:37 |
| 698 || 37.2429336099855 || 2015-02-15 22:24:21 |
| 699 || 38.7825602636998 || 2019-12-24 21:53:55 |
| 700 || 0.990939806269325 || 2019-03-19 01:34:35 |
| 701 || 14.3111959632167 || 2017-11-09 07:19:28 |
| 702 || 48.0918502360998 || 2017-06-03 22:30:14 |
| 703 || -27.169551085622 || 2014-05-27 21:48:09 |
| 704 || -6.39959586969684 || 2018-02-02 17:19:46 |
| 705 || 5.01611299139169 || 2019-09-23 22:36:58 |
| 706 || 1.98428301082353 || 2013-01-11 07:57:13 |
| 707 || 60.9007183843774 || 2019-10-20 12:02:56 |
| 708 || -29.0443362509436 || 2012-10-17 12:17:58 |
| 709 || 26.0908156521589 || 2018-08-16 22:16:36 |
| 710 || 1.38407848603867 || 2014-12-24 17:30:30 |
| 711 || 3.05046773093933 || 2016-07-20 05:34:46 |
| 712 || 49.8413920428364 || 2015-08-14 14:58:44 |
| 713 || -10.4059102949475 || 2016-07-03 07:59:32 |
| 714 || -0.655264517284994 || 2010-11-26 14:47:11 |
| 715 || 9.82355312639196 || 2014-12-04 18:34:50 |
| 716 || -0.742032063367093 || 2011-06-17 06:01:45 |
| 717 || -3.11123212706787 || 2011-10-16 15:37:34 |
| 718 || 62.0989533847905 || 2015-03-21 14:24:18 |
| 719 || 11.2760840632983 || 2015-10-06 23:32:47 |
| 720 || 3.25134077185203 || 2011-04-05 14:10:13 |
| 721 || -0.0241114817820837 || 2019-06-13 03:32:57 |
| 722 || 44.7926804070645 || 2014-06-19 03:01:07 |
| 723 || -7.99634374777741 || 2015-10-25 15:45:30 |
| 724 || 69.0990101570392 || 2014-02-21 03:56:32 |
| 725 || 13.7219471620768 || 2015-07-27 17:11:04 |
| 726 || 0.814350017348837 || 2012-07-07 19:11:09 |
| 727 || 16.0050594919847 || 2011-08-03 10:11:14 |
| 728 || -3.37345289075611 || 2010-11-01 12:25:56 |
| 729 || -20.3046680399143 || 2012-04-19 03:54:32 |
| 730 || 25.6549123566149 || 2011-09-22 18:14:14 |
| 731 || 0.160822627579817 || 2017-05-09 15:31:18 |
| 732 || -10.4963072637346 || 2010-06-23 10:19:12 |
| 733 || -22.6225741313196 || 2013-05-04 19:48:33 |
| 734 || 73.8644341981264 || 2019-03-02 16:01:19 |
| 735 || -10.3930764684203 || 2014-04-16 11:57:22 |
| 736 || 0.00965368033820684 || 2018-04-21 08:26:34 |
| 737 || 5.34476124938482 || 2018-01-02 12:29:26 |
| 738 || 47.0509123251903 || 2013-09-02 11:23:00 |
| 739 || 72.4502615515327 || 2015-09-02 01:10:39 |
| 740 || 33.3539829617035 || 2010-02-16 05:40:24 |
| 741 || 0.486203707101605 || 2017-08-22 19:41:14 |
| 742 || 21.193270463897 || 2013-07-23 19:49:12 |
| 743 || -12.4586458851953 || 2019-05-10 19:34:16 |
| 744 || -13.7908241443007 || 2010-01-09 21:12:57 |
| 745 || -0.467437901353048 || 2010-10-06 18:29:25 |
| 746 || 0.555153156392366 || 2014-01-09 18:58:17 |
| 747 || 23.43 || 2020-01-08 19:59:46 |
| 748 || 11.251 || 2020-01-08 19:59:46 |
| 749 || 32.1 || 2020-01-08 19:59:46 |
| 750 || -5.334 || 2020-01-08 19:59:46 |
| 751 || 14.8372 || 2020-01-08 19:59:46 |
| 752 || 16.0509 || 2014-01-01 03:10:54 |
| 753 || 23.43 || 2020-01-08 20:03:02 |
| 754 || 11.251 || 2020-01-08 20:03:02 |
| 755 || 32.1 || 2020-01-08 20:03:02 |
| 756 || -5.334 || 2020-01-08 20:03:02 |
| 757 || 14.8372 || 2020-01-08 20:03:02 |
| 758 || 16.0509 || 2014-01-01 03:10:54 |
| 759 || 23.43 || 2020-01-08 20:03:19 |
| 760 || 11.251 || 2020-01-08 20:03:20 |
| 761 || 32.1 || 2020-01-08 20:03:21 |
| 762 || -5.334 || 2020-01-08 20:03:26 |
| 763 || 14.8372 || 2020-01-08 20:03:28 |
| 764 || 16.0509 || 2014-01-01 03:10:54 |
| 765 || 90.0 || 2019-04-20 04:59:51 |
| 766 || 15.6373453087447 || 2015-01-26 10:21:37 |
| 767 || -2.91182716369764 || 2019-01-10 22:40:11 |
| 768 || 4.39991955649496 || 2017-07-04 20:26:00 |
| 769 || 49.1728851787981 || 2014-04-06 10:24:00 |
| 770 || 87.3668334696606 || 2018-11-03 23:59:12 |
| 771 || 40.6167452200247 || 2014-05-12 17:33:07 |
| 772 || 13.39940208569 || 2017-06-10 16:33:48 |
| 773 || 4.13493802031304 || 2013-04-25 07:37:59 |
| 774 || 26.2900655102218 || 2010-10-05 21:06:53 |
| 775 || 10.6351208279272 || 2015-06-15 21:29:37 |
| 776 || -23.0301844182713 || 2016-04-09 15:08:26 |
| 777 || 11.8174676991127 || 2018-09-10 10:13:35 |
| 778 || 0.0104702388946067 || 2010-11-17 10:54:38 |
| 779 || -12.194965798633 || 2015-11-25 02:26:32 |
| 780 || 18.7342289835262 || 2011-01-06 09:05:57 |
| 781 || 51.2024916120525 || 2012-12-18 02:56:26 |
| 782 || 15.177164748886 || 2017-01-15 02:13:23 |
| 783 || -0.221249446365389 || 2014-10-23 14:34:56 |
| 784 || 37.5964714350288 || 2013-11-16 04:47:50 |
| 785 || 84.2335587315585 || 2017-01-03 04:03:46 |
| 786 || 74.7230041844185 || 2013-09-08 20:04:48 |
| 787 || 23.5335538389113 || 2014-06-12 16:23:36 |
| 788 || 0.0508494014384787 || 2018-01-17 03:38:14 |
| 789 || 3.63831578121836 || 2017-03-24 05:32:54 |
| 790 || 57.5444528569171 || 2017-10-03 15:46:25 |
| 791 || 18.6562651397082 || 2018-04-07 06:05:24 |
| 792 || 30.8141277732724 || 2014-12-18 01:33:32 |
| 793 || 0.0152137612494387 || 2012-06-18 09:27:15 |
| 794 || 2.43910225857674 || 2019-08-24 05:25:51 |
| 795 || 4.26317868407543 || 2010-12-10 11:01:44 |
| 796 || 59.729891192658 || 2015-04-11 17:53:19 |
| 797 || 13.0818154470487 || 2016-12-15 17:49:25 |
| 798 || 0.0266867827323923 || 2019-01-16 15:36:33 |
| 799 || 16.9182814416574 || 2013-05-27 01:18:12 |
| 800 || 32.3252706834626 || 2013-05-18 18:16:34 |
| 801 || 84.8438876678899 || 2014-07-08 05:30:10 |
| 802 || -8.18619777470821 || 2017-05-13 18:21:30 |
| 803 || -0.182153256043215 || 2016-05-07 15:43:05 |
| 804 || -5.37091916335257 || 2013-03-15 22:16:03 |
| 805 || -8.644952003848 || 2014-04-05 12:59:57 |
| 806 || 5.89890111676522 || 2017-09-05 21:24:02 |
| 807 || 32.0909473671102 || 2014-05-21 22:04:59 |
| 808 || 1.3354452261514 || 2013-11-04 06:07:59 |
| 809 || -1.68233015436966 || 2012-03-26 03:44:46 |
| 810 || -15.3971286870684 || 2013-11-10 02:59:17 |
| 811 || -16.2152025138472 || 2015-04-27 10:27:11 |
| 812 || 41.8423752918571 || 2015-04-20 08:08:19 |
| 813 || -1.69206290713064 || 2018-10-11 13:59:12 |
| 814 || 5.38845561504592 || 2012-12-16 22:32:11 |
| 815 || 8.50630976941995 || 2013-03-17 23:44:02 |
| 816 || 28.3524469206683 || 2011-11-20 00:58:12 |
| 817 || 58.3337943706199 || 2018-06-16 19:40:05 |
| 818 || -2.69509337659177 || 2019-12-05 10:06:35 |
| 819 || 7.06159933459328 || 2017-02-18 10:40:31 |
| 820 || -3.48491689199875 || 2019-05-18 23:45:09 |
| 821 || -27.8809384667121 || 2019-07-05 11:12:33 |
| 822 || -9.23179281542065 || 2012-01-17 20:08:32 |
| 823 || -1.02083126432026 || 2014-12-11 10:04:50 |
| 824 || 0.489083682987674 || 2010-02-12 04:26:32 |
| 825 || -12.2648739654367 || 2018-04-27 19:23:29 |
| 826 || 30.3516048300777 || 2017-05-26 21:30:07 |
| 827 || -22.6815282453869 || 2016-01-08 05:50:05 |
| 828 || 8.92613898951578 || 2013-10-21 19:40:12 |
| 829 || 1.84617759873669 || 2018-04-22 13:29:39 |
| 830 || -8.82142610692004 || 2015-10-27 03:49:04 |
| 831 || 16.8645458917919 || 2011-11-23 13:44:25 |
| 832 || 18.1911267222272 || 2019-12-12 04:13:51 |
| 833 || 1.05886599947078 || 2010-04-24 12:42:59 |
| 834 || 0.714103756936568 || 2016-05-22 00:47:40 |
| 835 || 2.36531735470443 || 2018-06-23 01:12:00 |
| 836 || 67.2442524390736 || 2019-03-24 00:50:11 |
| 837 || 74.9153023725462 || 2019-10-26 03:38:05 |
| 838 || 25.8899815726057 || 2017-09-17 03:54:00 |
| 839 || 0.200888533310255 || 2010-04-12 06:33:09 |
| 840 || 31.1329804078565 || 2010-03-15 15:31:36 |
| 841 || -7.14610692166575 || 2010-05-05 04:06:30 |
| 842 || -9.33554649463415 || 2011-11-11 16:06:49 |
| 843 || 11.461793514056 || 2014-06-03 09:28:46 |
| 844 || -0.00351917514024829 || 2019-05-10 15:00:36 |
| 845 || -4.41769070270515 || 2018-07-19 03:18:09 |
| 846 || -26.0015427355476 || 2018-09-27 18:19:08 |
| 847 || 80.0333931431267 || 2011-08-22 08:23:14 |
| 848 || 3.70631210402259 || 2012-12-26 16:35:16 |
| 849 || 0.48610253035642 || 2015-08-06 00:51:14 |
| 850 || 5.87559183809573 || 2018-09-12 00:54:45 |
| 851 || 36.3509951405101 || 2013-07-05 11:09:15 |
| 852 || 1.17882219513538 || 2012-06-24 22:54:23 |
| 853 || 41.2648299267326 || 2019-05-09 08:45:53 |
| 854 || 1.10879424684858 || 2018-11-13 16:47:47 |
| 855 || 13.6263108949495 || 2018-06-16 05:34:29 |
| 856 || -12.1673919512597 || 2013-11-08 04:42:01 |
| 857 || 39.0249094775081 || 2018-09-04 06:58:08 |
| 858 || 37.8066971176596 || 2018-01-21 08:36:42 |
| 859 || -0.323526923591566 || 2012-06-02 00:45:36 |
| 860 || 14.3558000918724 || 2015-05-12 13:49:17 |
| 861 || 56.5094706959729 || 2013-04-04 22:40:29 |
| 862 || -29.7871605812781 || 2012-05-25 18:19:33 |
| 863 || 46.4024720080162 || 2018-07-06 15:35:53 |
| 864 || 5.34195414354468 || 2014-01-12 18:13:22 |
| 865 || 1.91444819200416 || 2015-08-11 14:49:29 |
| 866 || -19.6774307317687 || 2016-09-07 11:09:38 |
| 867 || 22.6820059724668 || 2019-08-26 13:49:44 |
| 868 || 31.0628331127981 || 2012-03-19 00:30:17 |
| 869 || -2.04059699703362 || 2010-08-12 01:21:27 |
| 870 || -2.16556484211375 || 2016-07-15 20:44:13 |
| 871 || 27.6243619612745 || 2011-01-03 18:39:45 |
| 872 || 87.9112792212459 || 2013-10-09 17:14:27 |
| 873 || 21.1335914400183 || 2019-11-27 05:48:26 |
| 874 || -0.479168837960219 || 2013-05-13 00:51:31 |
| 875 || -1.68337674927539 || 2016-01-20 20:51:32 |
| 876 || -6.10244647996401 || 2015-02-07 22:40:02 |
| 877 || 70.5250903997127 || 2010-09-05 04:44:23 |
| 878 || -7.26960585683329 || 2011-03-09 18:23:08 |
| 879 || -1.68143547680456 || 2010-09-06 10:42:21 |
| 880 || 2.61396281527743 || 2012-11-13 21:55:06 |
| 881 || 45.6286845936167 || 2018-06-27 00:21:51 |
| 882 || -26.7761906812134 || 2015-07-09 23:01:58 |
| 883 || -14.5627408220428 || 2014-08-16 06:43:06 |
| 884 || 19.0952077173946 || 2019-01-17 08:41:23 |
| 885 || 0.79557580832962 || 2013-03-13 01:02:08 |
| 886 || 34.6623361688662 || 2014-12-17 10:17:23 |
| 887 || -13.3898977398713 || 2012-07-08 07:30:11 |
| 888 || -10.5159253732749 || 2018-04-07 17:25:29 |
| 889 || 0.814154052227519 || 2014-08-12 10:35:34 |
| 890 || 0.14979618560954 || 2018-11-25 08:48:05 |
| 891 || -9.95949226895094 || 2013-05-16 12:03:32 |
| 892 || 37.2577053520216 || 2010-09-01 17:05:42 |
| 893 || 59.6138120969751 || 2018-10-19 07:47:21 |
| 894 || 13.7951288330451 || 2011-04-09 20:51:53 |
| 895 || 0.00022175060790722 || 2019-10-10 00:49:41 |
| 896 || 25.5008391023247 || 2014-09-16 09:59:32 |
| 897 || -26.6632157664409 || 2016-09-04 18:56:57 |
| 898 || 83.3056192937936 || 2011-05-08 03:05:57 |
| 899 || -10.1413810621585 || 2011-01-24 06:51:28 |
| 900 || 0.34445001642168 || 2011-08-25 14:14:35 |
| 901 || 5.42494115510219 || 2016-06-07 01:31:06 |
| 902 || 60.8546571655905 || 2018-06-18 10:40:18 |
| 903 || 42.9311405715307 || 2018-01-02 08:03:21 |
| 904 || 19.2342415111298 || 2013-02-15 21:32:12 |
| 905 || 0.66136412003895 || 2015-11-09 20:36:14 |
| 906 || 6.09428032754288 || 2017-09-21 09:02:42 |
| 907 || 70.2505321696398 || 2013-05-14 22:07:09 |
| 908 || 62.6935286429199 || 2017-03-09 21:22:21 |
| 909 || 44.8589781329579 || 2010-09-11 21:37:52 |
| 910 || 1.63478274056955 || 2010-08-25 17:22:28 |
| 911 || 3.36171303372004 || 2017-10-02 00:15:54 |
| 912 || 53.0078834451571 || 2016-04-08 19:05:12 |
| 913 || 87.6892675601383 || 2013-02-01 14:36:34 |
| 914 || -2.78078964692835 || 2019-10-27 22:26:48 |
| 915 || 4.76976130313048 || 2015-04-15 07:48:36 |
| 916 || 4.49397501124615 || 2013-04-22 17:49:46 |
| 917 || 43.6052416643718 || 2016-07-19 11:40:31 |
| 918 || 66.658627752212 || 2010-11-21 15:02:43 |
| 919 || 50.6941836289212 || 2016-07-12 14:24:09 |
| 920 || 1.4924603853755 || 2016-04-06 21:34:38 |
| 921 || -2.68481865339815 || 2012-03-11 02:58:35 |
| 922 || 18.209287101769 || 2018-02-14 03:43:22 |
| 923 || 29.485003571017 || 2013-10-20 07:28:34 |
| 924 || -16.599451947035 || 2011-03-03 21:06:20 |
| 925 || 9.35612532617278 || 2016-08-25 22:39:52 |
| 926 || -1.33298622563027 || 2011-06-13 03:18:17 |
| 927 || -3.35139273403529 || 2016-03-11 04:21:52 |
| 928 || 20.4900757115245 || 2015-03-27 13:33:54 |
| 929 || -14.7990512893634 || 2011-11-18 17:09:27 |
| 930 || 0.532657537957368 || 2019-07-24 15:15:49 |
| 931 || 0.297241878685868 || 2010-05-14 13:26:06 |
| 932 || -14.2797479500735 || 2017-12-23 04:22:26 |
| 933 || 35.2307302172295 || 2017-05-01 21:53:06 |
| 934 || -23.661255510357 || 2016-12-18 19:38:49 |
| 935 || 19.5953249326539 || 2018-10-21 08:56:19 |
| 936 || -0.292443244664749 || 2013-09-22 12:15:47 |
| 937 || 40.3678017572342 || 2011-02-25 17:51:33 |
| 938 || 78.3011823242964 || 2015-01-23 03:09:21 |
| 939 || 58.2518900403464 || 2018-12-26 19:39:49 |
| 940 || -8.08806900339725 || 2015-12-25 03:40:44 |
| 941 || 0.149277182139983 || 2010-08-27 02:21:26 |
| 942 || 8.04836657928345 || 2019-07-23 22:51:27 |
| 943 || -27.5480106452299 || 2018-05-06 13:43:54 |
| 944 || 51.8187004893632 || 2010-06-15 15:31:44 |
| 945 || 24.5727275450914 || 2015-12-05 14:31:35 |
| 946 || -0.00157691302163715 || 2017-08-02 12:35:08 |
| 947 || 4.35031779268592 || 2017-05-04 16:27:26 |
| 948 || -1.37327329721621 || 2015-10-06 21:29:34 |
| 949 || 42.308770988647 || 2013-08-12 21:26:07 |
| 950 || 23.43 || 2020-01-08 20:06:47 |
| 951 || 11.251 || 2020-01-08 20:06:47 |
| 952 || 32.1 || 2020-01-08 20:06:47 |
| 953 || -5.334 || 2020-01-08 20:06:47 |
| 954 || 14.8372 || 2020-01-08 20:06:47 |
| 955 || 16.0509 || 2014-01-01 03:10:54 |
| 956 || 90.0 || 2018-08-18 12:02:14 |
| 957 || 23.9868417013172 || 2013-07-05 08:54:54 |
| 958 || 9.32681603354226 || 2010-08-15 21:26:26 |
| 959 || 3.55372801391716 || 2014-12-10 07:30:14 |
| 960 || -7.43504591236813 || 2017-01-21 12:00:35 |
| 961 || 13.2058066071031 || 2016-03-01 01:35:05 |
| 962 || -15.2694277393449 || 2018-01-11 06:09:11 |
| 963 || -3.41577348903195 || 2013-02-26 18:39:19 |
| 964 || 3.09186358378693 || 2014-03-11 21:26:39 |
| 965 || 47.8853697441261 || 2014-02-12 03:20:14 |
| 966 || 60.9190837099516 || 2012-12-24 22:45:59 |
| 967 || 57.679143554694 || 2018-04-17 16:41:48 |
| 968 || -3.73104291295376 || 2019-09-12 13:42:37 |
| 969 || 1.8022818600868 || 2019-08-08 16:29:21 |
| 970 || -0.953698119999239 || 2015-12-01 00:21:59 |
| 971 || 25.7831062038519 || 2013-04-09 14:02:05 |
| 972 || 3.26623487174478 || 2016-11-27 13:39:46 |
| 973 || 22.1776480282783 || 2018-12-06 18:50:42 |
| 974 || 0.403275211742039 || 2015-12-26 17:02:06 |
| 975 || 38.15283194867 || 2018-03-18 17:56:07 |
| 976 || 54.6896879227964 || 2019-03-23 03:40:29 |
| 977 || -23.4823631480166 || 2011-10-08 04:03:25 |
| 978 || 13.7198770120832 || 2013-04-24 10:53:14 |
| 979 || -0.00639479260117446 || 2010-08-11 01:08:05 |
| 980 || 1.45503454313521 || 2011-02-10 01:40:17 |
| 981 || -27.3252477285059 || 2011-09-07 20:01:36 |
| 982 || -5.64641555659795 || 2016-02-22 23:44:10 |
| 983 || -10.5732548651235 || 2011-07-09 16:17:55 |
| 984 || 0.0164030427355422 || 2019-11-11 03:52:06 |
| 985 || 10.3993747797128 || 2013-12-22 10:14:21 |
| 986 || -8.48190549292504 || 2017-05-01 03:30:29 |
| 987 || -13.4165439732995 || 2018-03-22 02:33:08 |
| 988 || -11.4113187469293 || 2010-04-09 21:11:44 |
| 989 || 0.00580255637977509 || 2017-12-17 19:30:35 |
| 990 || 4.89703986756259 || 2017-02-25 07:09:22 |
| 991 || 23.0868498282588 || 2010-10-14 10:22:27 |
| 992 || 83.8927950747169 || 2016-06-09 00:54:11 |
| 993 || 28.2940666815418 || 2018-08-08 04:41:37 |
| 994 || 0.750031641962892 || 2011-02-07 03:55:51 |
| 995 || 17.3356297762086 || 2014-01-10 14:26:45 |
| 996 || 14.4340446469366 || 2014-10-04 00:30:39 |
| 997 || 49.3690817580674 || 2019-01-14 14:04:06 |
| 998 || 32.459011962969 || 2013-12-25 16:33:42 |
| 999 || -0.377018902315613 || 2015-12-02 19:11:00 |
| 1000 || 14.2443674526844 || 2015-10-24 18:32:28 |
| 1001 || 23.43 || 2020-01-08 20:07:09 |
| 1002 || 11.251 || 2020-01-08 20:07:09 |
| 1003 || 32.1 || 2020-01-08 20:07:09 |
| 1004 || -5.334 || 2020-01-08 20:07:09 |
| 1005 || 14.8372 || 2020-01-08 20:07:09 |
| 1006 || 16.0509 || 2014-01-01 03:10:54 |
| 1007 || 23.43 || 2020-01-08 20:07:28 |
| 1008 || 11.251 || 2020-01-08 20:07:28 |
| 1009 || 32.1 || 2020-01-08 20:07:28 |
| 1010 || -5.334 || 2020-01-08 20:07:28 |
| 1011 || 14.8372 || 2020-01-08 20:07:28 |
| 1012 || 16.0509 || 2014-01-01 03:10:54 |
| 1013 || 23.43 || 2020-01-08 20:07:56 |
| 1014 || 11.251 || 2020-01-08 20:07:56 |
| 1015 || 32.1 || 2020-01-08 20:07:56 |
| 1016 || -5.334 || 2020-01-08 20:07:56 |
| 1017 || 14.8372 || 2020-01-08 20:07:56 |
| 1018 || 16.0509 || 2014-01-01 03:10:54 |
| 1019 || 23.43 || 2020-01-08 20:12:25 |
| 1020 || 11.251 || 2020-01-08 20:12:25 |
| 1021 || 32.1 || 2020-01-08 20:12:25 |
| 1022 || -5.334 || 2020-01-08 20:12:25 |
| 1023 || 14.8372 || 2020-01-08 20:12:25 |
| 1024 || 16.0509 || 2014-01-01 03:10:54 |
| 1025 || 2.02092203591079 || 2014-01-14 06:22:00 |
| 1026 || -17.228168721755 || 2010-02-11 15:44:11 |
| 1027 || 42.9163694484145 || 2019-08-23 16:35:02 |
| 1028 || -11.22655895302 || 2017-08-24 23:39:24 |
| 1029 || -0.289972416388217 || 2011-04-05 04:47:28 |
| 1030 || -6.36639662231136 || 2010-06-24 06:30:29 |
| 1031 || -18.511250310381 || 2014-11-05 13:55:51 |
| 1032 || 62.0510569539195 || 2015-04-19 12:37:59 |
| 1033 || -8.85343184185411 || 2015-01-11 01:29:20 |
| 1034 || 0.627437898185958 || 2016-04-15 08:08:18 |
| 1035 || 15.3950548806376 || 2011-06-20 22:40:30 |
| 1036 || 33.7138114898295 || 2010-04-06 20:11:52 |
| 1037 || -9.99786040079983 || 2017-07-16 23:42:06 |
| 1038 || 5.69036440441989 || 2011-08-21 19:44:05 |
| 1039 || -0.701234411424234 || 2012-10-21 23:54:32 |
| 1040 || -4.2330174690939 || 2015-07-15 18:45:17 |
| 1041 || 34.441773040967 || 2019-03-14 12:10:01 |
| 1042 || -20.0938888395197 || 2010-09-27 16:38:23 |
| 1043 || 4.16432097848455 || 2018-08-26 01:39:44 |
| 1044 || 5.82495097248099 || 2010-11-25 20:22:41 |
| 1045 || 4.1381462754544 || 2019-08-15 05:49:51 |
| 1046 || -19.4349406975098 || 2015-08-22 18:47:04 |
| 1047 || 81.7370114220687 || 2013-08-21 22:11:43 |
| 1048 || 29.2738943858396 || 2010-03-22 18:07:41 |
| 1049 || 0.262708141619587 || 2019-09-09 03:23:25 |
| 1050 || 5.28309580617163 || 2012-03-10 03:59:29 |
| 1051 || 27.72085589998 || 2018-06-13 17:36:05 |
| 1052 || -22.8146233337555 || 2011-09-24 10:13:41 |
| 1053 || 24.699825253034 || 2013-04-13 15:11:46 |
| 1054 || -1.03074210019718 || 2016-06-09 09:17:21 |
| 1055 || -1.06395236538226 || 2018-04-01 07:16:44 |
| 1056 || -5.25333915612999 || 2012-07-06 13:48:41 |
| 1057 || -13.1138770553128 || 2010-02-05 07:04:17 |
| 1058 || 33.6267991837035 || 2017-02-10 22:43:24 |
| 1059 || 7.62831003160073 || 2012-10-05 13:49:05 |
| 1060 || 1.26008569713372 || 2014-06-21 10:43:24 |
| 1061 || -3.18756069382217 || 2016-03-07 01:06:17 |
| 1062 || 74.362352223817 || 2011-11-01 18:01:11 |
| 1063 || 4.28136708766826 || 2016-08-03 02:10:28 |
| 1064 || 22.8239410805543 || 2018-10-01 07:41:19 |
| 1065 || -0.139302455599559 || 2017-11-25 16:56:36 |
| 1066 || 19.1206718513357 || 2012-08-11 11:32:59 |
| 1067 || 82.2320818777803 || 2014-08-01 17:44:46 |
| 1068 || 76.0290424536257 || 2017-09-11 23:19:59 |
| 1069 || 8.79175355683061 || 2011-01-11 01:26:58 |
| 1070 || 0.0446918170106771 || 2019-05-06 11:48:36 |
| 1071 || -0.240526432803077 || 2018-07-05 05:06:52 |
| 1072 || -26.9603018313656 || 2010-05-18 16:17:58 |
| 1073 || 80.4003478827011 || 2010-06-09 06:39:11 |
| 1074 || 20.6746135514207 || 2016-10-05 10:30:31 |
| 1075 || -0.0365022507895503 || 2013-08-19 13:52:11 |
| 1076 || -8.85788734981464 || 2018-04-19 21:58:47 |
| 1077 || -24.738941955778 || 2010-09-22 13:58:20 |
| 1078 || 18.7206290430831 || 2012-09-17 03:30:17 |
| 1079 || 0.561131189035724 || 2011-05-24 21:27:08 |
| 1080 || 0.866606321397228 || 2010-07-21 12:26:15 |
| 1081 || 14.0005060979201 || 2011-06-19 21:45:34 |
| 1082 || -19.7595590048452 || 2013-03-24 06:34:05 |
| 1083 || -11.7151822671533 || 2016-11-11 08:31:08 |
| 1084 || 6.50960531148893 || 2019-12-18 22:49:26 |
| 1085 || 2.25126727280242 || 2012-08-01 12:53:20 |
| 1086 || 14.7401599371259 || 2015-03-07 17:02:38 |
| 1087 || -7.83359965734288 || 2019-09-02 05:27:23 |
| 1088 || 79.8951779833466 || 2010-10-11 04:20:21 |
| 1089 || -1.65563583069429 || 2016-02-08 12:27:29 |
| 1090 || -1.20218465155141 || 2018-08-03 04:53:59 |
| 1091 || 6.4588923805797 || 2019-04-22 05:28:03 |
| 1092 || 0.259638862955949 || 2012-11-06 08:11:13 |
| 1093 || 40.090343759451 || 2018-10-25 10:19:04 |
| 1094 || 48.4683806188711 || 2014-01-11 05:50:15 |
| 1095 || -1.47067053196324 || 2019-11-06 05:49:22 |
| 1096 || 7.94921184312288 || 2016-03-13 23:04:46 |
| 1097 || 32.2687279146205 || 2016-04-03 06:40:03 |
| 1098 || 82.9403772677854 || 2015-11-25 22:49:25 |
| 1099 || 32.053303364634 || 2010-06-27 13:32:39 |
| 1100 || 0.329485678703456 || 2015-12-02 10:26:57 |
| 1101 || -1.7683217103313 || 2014-05-24 09:03:54 |
| 1102 || 54.2809329845459 || 2014-01-11 01:16:04 |
| 1103 || 20.3416743365953 || 2018-09-05 23:46:37 |
| 1104 || 36.3826589524819 || 2014-12-08 17:57:44 |
| 1105 || -3.24668634876265 || 2010-06-25 12:38:41 |
| 1106 || 1.24570086851909 || 2018-06-26 08:33:38 |
| 1107 || -14.3026582642306 || 2014-01-02 04:18:58 |
| 1108 || 72.8337906534171 || 2015-12-19 09:09:39 |
| 1109 || 60.7980024520866 || 2016-01-24 18:21:03 |
| 1110 || -2.66475497927889 || 2019-12-27 02:50:04 |
| 1111 || 0.139213455162463 || 2019-07-22 16:51:02 |
| 1112 || -10.8576736720117 || 2012-07-25 20:51:57 |
| 1113 || -13.7822856351464 || 2016-11-03 19:51:38 |
| 1114 || -19.7776212617345 || 2011-04-19 14:47:37 |
| 1115 || 10.394859868254 || 2013-05-03 20:04:24 |
| 1116 || 0.792506533240383 || 2017-05-07 19:01:26 |
| 1117 || -1.32242146957175 || 2017-11-22 04:30:50 |
| 1118 || 31.0468110987199 || 2014-08-09 05:02:11 |
| 1119 || 0.801992472586996 || 2010-09-15 17:21:50 |
| 1120 || -4.20202090162708 || 2015-04-21 21:47:14 |
| 1121 || -0.0229593101457492 || 2015-04-13 16:58:36 |
| 1122 || 24.7811001320608 || 2011-11-19 11:55:21 |
| 1123 || 0.44251503750425 || 2017-06-17 00:56:06 |
| 1124 || 20.1149469020096 || 2013-01-27 04:33:14 |
| 1125 || -7.21140922260685 || 2012-08-20 18:09:12 |
| 1126 || 0.0211277323198513 || 2010-04-11 04:44:49 |
| 1127 || 19.6996372571968 || 2014-06-13 04:42:55 |
| 1128 || -24.6881755906054 || 2018-02-12 15:18:27 |
| 1129 || -25.6666489588234 || 2019-05-23 18:36:29 |
| 1130 || 25.0494606599059 || 2012-11-26 06:55:05 |
| 1131 || 0.474498974301696 || 2011-05-12 03:13:06 |
| 1132 || 16.8392730154753 || 2019-04-06 08:23:30 |
| 1133 || 69.5138394222155 || 2016-12-02 02:28:05 |
| 1134 || 6.60063439383623 || 2014-12-21 13:08:57 |
| 1135 || 35.3317051019914 || 2011-03-18 20:30:55 |
| 1136 || 0.538268855992666 || 2019-01-15 18:00:19 |
| 1137 || 18.0916842172036 || 2011-02-18 17:47:14 |
| 1138 || -14.0687978661185 || 2014-09-27 04:45:07 |
| 1139 || -21.0752413022698 || 2013-01-14 11:14:13 |
| 1140 || 5.36671257379669 || 2014-07-01 20:40:34 |
| 1141 || -1.27751775305546 || 2015-08-08 17:17:05 |
| 1142 || -3.56679270602243 || 2015-06-27 23:38:19 |
| 1143 || -21.5325156995367 || 2016-10-07 08:30:20 |
| 1144 || -24.4636928491614 || 2019-10-07 17:56:52 |
| 1145 || -17.9306083194814 || 2016-12-09 20:58:24 |
| 1146 || 2.77861381141609 || 2015-01-03 01:05:19 |
| 1147 || 10.0771507242875 || 2012-10-04 12:43:58 |
| 1148 || -12.9478129547689 || 2016-05-23 13:00:01 |
| 1149 || 38.5062877531087 || 2016-12-12 19:06:32 |
| 1150 || 51.9243631683949 || 2014-01-20 03:15:16 |
| 1151 || -2.17588295175665 || 2010-10-15 09:26:43 |
| 1152 || -1.30782920834955 || 2019-11-02 02:16:38 |
| 1153 || -10.0967199891909 || 2016-11-17 23:04:42 |
| 1154 || 85.593544288083 || 2019-11-11 01:53:42 |
| 1155 || -15.0139508944492 || 2017-09-01 04:03:24 |
| 1156 || 3.46826260054555 || 2014-12-06 12:49:41 |
| 1157 || -0.679883032294425 || 2012-06-25 10:28:27 |
| 1158 || -15.476942927298 || 2014-02-26 18:47:24 |
| 1159 || 87.2208640767606 || 2019-03-06 10:24:15 |
| 1160 || 37.3993464325315 || 2017-07-25 19:25:38 |
| 1161 || 16.8438767180801 || 2010-05-24 03:34:24 |
| 1162 || -0.810940494248704 || 2011-02-06 13:11:44 |
| 1163 || 12.1507962441511 || 2011-09-08 07:11:02 |
| 1164 || 5.95506057095898 || 2016-04-25 12:46:43 |
| 1165 || 69.0499192964122 || 2016-08-02 15:23:00 |
| 1166 || 21.3908236476423 || 2019-10-23 15:53:48 |
| 1167 || 0.974058417983249 || 2019-07-11 14:10:09 |
| 1168 || 18.926659294012 || 2012-11-20 17:34:12 |
| 1169 || -23.3178604754573 || 2015-05-15 12:03:25 |
| 1170 || 71.6307574772614 || 2012-10-18 20:49:08 |
| 1171 || 16.4663004494029 || 2010-02-27 02:00:29 |
| 1172 || 0.185581878290521 || 2019-03-09 19:16:38 |
| 1173 || 8.64324567254722 || 2015-04-06 20:39:56 |
| 1174 || -25.8122653469761 || 2015-05-18 04:05:14 |
| 1175 || -21.9630032413924 || 2011-01-09 05:38:37 |
| 1176 || 15.037358222704 || 2011-11-05 10:45:46 |
| 1177 || -0.00411301938524325 || 2013-03-25 22:12:12 |
| 1178 || -0.528648503166824 || 2017-04-10 01:37:19 |
| 1179 || 57.4008787191427 || 2014-12-02 05:18:31 |
| 1180 || -23.4101545849531 || 2017-08-13 23:46:28 |
| 1181 || 14.0867383584334 || 2014-04-23 09:44:18 |
| 1182 || -0.0281822281936876 || 2016-02-04 14:09:14 |
| 1183 || 23.7025205671983 || 2017-03-19 07:17:26 |
| 1184 || 17.2455164663336 || 2017-10-14 12:17:54 |
| 1185 || 85.5680532810521 || 2019-03-07 23:11:58 |
| 1186 || 41.8874511398892 || 2011-02-14 06:41:54 |
| 1187 || -0.433259792033977 || 2016-03-14 02:27:07 |
| 1188 || 7.89042266005326 || 2018-03-23 11:39:49 |
| 1189 || 70.9209734236972 || 2018-09-26 15:09:32 |
| 1190 || 58.1249632977652 || 2018-02-14 03:15:34 |
| 1191 || -15.783265910495 || 2019-04-20 18:36:14 |
| 1192 || 3.08098558542298 || 2018-11-27 06:21:16 |
| 1193 || 5.94393141456886 || 2014-09-23 01:06:08 |
| 1194 || 12.6808514988724 || 2019-12-15 09:03:39 |
| 1195 || -8.27086308641347 || 2016-06-17 09:10:10 |
| 1196 || 6.43046247605897 || 2018-01-16 17:41:03 |
| 1197 || 2.59812124617844 || 2012-12-06 06:15:29 |
| 1198 || 2.39988067016262 || 2019-02-03 20:50:52 |
| 1199 || 61.6406633906892 || 2015-04-22 18:19:21 |
| 1200 || 28.0486451081943 || 2012-11-07 04:04:22 |
| 1201 || -19.3156135663881 || 2018-08-18 10:31:16 |
| 1202 || 8.33042302046713 || 2014-10-17 21:55:37 |
| 1203 || 6.58144534508792 || 2013-12-18 22:52:28 |
| 1204 || 56.2865864305774 || 2012-07-22 10:44:52 |
| 1205 || 29.4643063374261 || 2011-09-01 09:42:21 |
| 1206 || 62.7304199714883 || 2013-06-18 07:47:02 |
| 1207 || 10.0946738417985 || 2019-10-08 08:39:52 |
| 1208 || 4.15841376668887 || 2012-01-23 13:26:54 |
| 1209 || 51.1558360745258 || 2013-12-27 03:10:13 |
| 1210 || 34.2431458890123 || 2018-03-22 06:04:45 |
| 1211 || -1.19468633691622 || 2015-11-12 19:22:37 |
| 1212 || 8.40195969896593 || 2014-05-10 14:43:23 |
| 1213 || 0.0955809888001333 || 2014-04-27 21:34:51 |
| 1214 || 29.5893148086477 || 2011-09-14 02:14:02 |
| 1215 || 77.7532248283989 || 2016-01-22 01:16:04 |
| 1216 || 64.9467896015993 || 2016-03-13 06:53:46 |
| 1217 || 18.3739793043932 || 2017-04-27 12:20:23 |
| 1218 || 1.08765513108258 || 2010-09-16 22:41:46 |
| 1219 || 20.3771153061706 || 2015-12-06 10:52:31 |
| 1220 || 63.9925162857547 || 2019-06-07 12:39:52 |
| 1221 || 22.7341455092902 || 2013-06-06 23:07:30 |
| 1222 || 11.4111429748624 || 2013-06-23 08:07:17 |
| 1223 || 0.191471391888285 || 2017-01-19 07:22:02 |
| 1224 || -9.92802407247798 || 2011-11-02 21:23:07 |
| 1225 || 43.3512345988427 || 2017-04-16 13:25:57 |
| 1226 || -22.3510565396695 || 2015-06-22 07:10:49 |
| 1227 || 0.83798989758611 || 2016-03-17 09:29:23 |
| 1228 || 0.000957695754989023 || 2011-07-22 06:08:35 |
| 1229 || 4.63509658755414 || 2018-09-12 03:59:50 |
| 1230 || -7.26923051725051 || 2013-01-10 09:58:54 |
| 1231 || 70.2660408991684 || 2015-05-04 01:50:23 |
| 1232 || 8.3851165728962 || 2011-06-08 17:44:15 |
| 1233 || 0.325841899427353 || 2012-09-21 21:41:54 |
| 1234 || 16.8436439661511 || 2010-02-20 19:30:37 |
| 1235 || 25.9855576304542 || 2013-06-10 21:44:50 |
| 1236 || 17.2290507409097 || 2013-06-02 10:02:17 |
| 1237 || -11.8668726117009 || 2013-01-15 23:19:40 |
| 1238 || -0.458337205321106 || 2012-12-05 05:16:36 |
| 1239 || 15.2291686485853 || 2016-04-15 03:49:20 |
| 1240 || 70.6968543899524 || 2012-07-03 17:30:35 |
| 1241 || 77.1073650718185 || 2010-07-07 13:12:16 |
| 1242 || 19.3241215961951 || 2010-04-04 18:43:57 |
| 1243 || 0.54047990461838 || 2019-05-09 11:17:18 |
| 1244 || -0.683706416346554 || 2015-07-09 03:16:08 |
| 1245 || 17.4205634122113 || 2015-12-09 12:57:44 |
| 1246 || 84.4446247069457 || 2013-12-10 07:53:46 |
| 1247 || 14.3752335288413 || 2011-09-23 02:13:49 |
| 1248 || -1.34378604847377 || 2013-06-20 08:56:59 |
| 1249 || 11.0594159794021 || 2018-08-23 08:25:06 |
| 1250 || -20.5963893982755 || 2016-08-19 06:02:33 |
| 1251 || -19.0440673836671 || 2015-04-08 21:11:59 |
| 1252 || 56.7302403993131 || 2011-09-24 05:55:36 |
| 1253 || 8.05180784634376 || 2016-02-10 22:38:38 |
| 1254 || -2.19982584182493 || 2019-07-12 00:06:08 |
| 1255 || 32.80327088811 || 2015-11-12 11:07:40 |
| 1256 || 20.9242759546028 || 2014-10-02 10:17:31 |
| 1257 || 58.2479334804591 || 2014-07-27 07:09:00 |
| 1258 || -1.88038563354683 || 2013-04-12 10:44:24 |
| 1259 || 0.995786111930919 || 2013-12-16 18:16:40 |
| 1260 || 46.5859322987452 || 2013-06-09 16:22:42 |
| 1261 || 71.0437416778443 || 2012-12-03 08:14:55 |
| 1262 || 54.4883294267721 || 2018-01-22 21:40:53 |
| 1263 || 7.40742676643298 || 2012-03-19 00:15:26 |
| 1264 || -0.881666998136818 || 2016-03-12 14:20:17 |
| 1265 || 13.0674456588295 || 2019-03-16 00:12:47 |
| 1266 || 83.2429137867082 || 2010-10-06 03:02:22 |
| 1267 || 41.2073490503655 || 2010-06-16 05:08:06 |
| 1268 || 7.22418617152643 || 2018-06-16 05:12:26 |
| 1269 || 0.0388495174724195 || 2018-01-14 09:47:01 |
| 1270 || -4.32810232919703 || 2019-08-26 19:02:48 |
| 1271 || 5.56762684649728 || 2016-01-10 13:10:09 |
| 1272 || 49.899172707716 || 2019-10-13 01:00:36 |
| 1273 || -7.99381824285322 || 2018-04-26 11:14:56 |
| 1274 || 0.309968238098986 || 2013-01-15 17:16:23 |
| 1275 || 29.2702514357842 || 2011-02-05 02:05:21 |
| 1276 || -22.6682934158626 || 2015-12-23 19:55:52 |
| 1277 || 72.001378027431 || 2010-05-26 22:55:12 |
| 1278 || 9.80488484352706 || 2016-01-18 13:02:55 |
| 1279 || -0.00121430894091086 || 2015-10-27 00:10:01 |
| 1280 || -10.2373335202526 || 2016-10-10 14:01:43 |
| 1281 || 33.8926476569937 || 2018-12-05 00:41:06 |
| 1282 || -9.77901486434435 || 2017-04-26 11:25:47 |
| 1283 || -2.19777671220964 || 2011-06-05 19:46:36 |
| 1284 || 0.246423668831794 || 2015-10-15 14:26:52 |
| 1285 || 25.4789768839674 || 2012-09-27 14:27:41 |
| 1286 || 62.2445584798683 || 2019-07-02 12:34:36 |
| 1287 || 31.2838552029547 || 2010-02-11 03:55:05 |
| 1288 || 9.62706108756894 || 2010-02-02 15:27:09 |
| 1289 || -0.360846477332537 || 2014-06-12 00:06:20 |
| 1290 || 19.4711237516861 || 2016-05-11 19:30:35 |
| 1291 || 68.6499565201037 || 2010-09-23 13:58:53 |
| 1292 || 87.3621023750334 || 2015-11-04 07:52:08 |
| 1293 || 45.3975384283091 || 2015-07-24 03:02:56 |
| 1294 || -0.609373989996809 || 2010-09-09 02:38:10 |
| 1295 || 14.8245167676951 || 2017-09-02 15:13:23 |
| 1296 || 38.5187825679103 || 2015-03-11 04:50:30 |
| 1297 || 18.8789932205122 || 2016-12-22 23:52:51 |
| 1298 || 44.8934044256395 || 2019-07-27 19:01:46 |
| 1299 || 0.00208581247114776 || 2015-07-15 19:39:19 |
| 1300 || 7.82831898717885 || 2014-12-05 04:42:10 |
| 1301 || 4.97582198107439 || 2011-09-26 21:59:13 |
| 1302 || 56.7509911520353 || 2011-02-11 06:28:29 |
| 1303 || -18.0833088092011 || 2012-11-12 01:18:32 |
| 1304 || 2.60511634015689 || 2015-01-22 20:35:52 |
| 1305 || -2.00242678418374 || 2011-03-06 07:54:16 |
| 1306 || -8.8277287644766 || 2015-07-17 04:02:18 |
| 1307 || -11.5377911384318 || 2012-04-24 07:16:10 |
| 1308 || 0.797466205023153 || 2017-11-13 10:12:43 |
| 1309 || 5.44899486343838 || 2017-06-04 16:55:22 |
| 1310 || 5.379261869622 || 2014-12-15 20:45:16 |
| 1311 || 11.0693198813993 || 2015-11-03 15:03:53 |
| 1312 || 0.0852279910017319 || 2013-03-18 20:25:27 |
| 1313 || 62.8226761736398 || 2015-09-16 18:37:25 |
| 1314 || 0.285698003528952 || 2015-01-05 10:31:56 |
| 1315 || -0.963570467736895 || 2010-11-06 04:02:05 |
| 1316 || -9.98169186432104 || 2019-07-12 23:49:41 |
| 1317 || 32.7257763370376 || 2015-07-25 07:37:39 |
| 1318 || 0.201245642709192 || 2017-05-14 05:31:01 |
| 1319 || -4.09956101370966 || 2012-11-10 17:33:24 |
| 1320 || 1.47648289562254 || 2017-02-24 05:04:28 |
| 1321 || 42.3932988848881 || 2014-07-17 06:33:34 |
| 1322 || -3.27499466624989 || 2017-02-16 14:59:17 |
| 1323 || 37.3416951342558 || 2015-06-26 00:44:04 |
| 1324 || -4.54528267080979 || 2013-09-27 18:08:17 |
| 1325 || -0.119075210816946 || 2016-12-18 13:57:40 |
| 1326 || 8.02046009817627 || 2010-07-21 07:25:08 |
| 1327 || 54.6600278266192 || 2011-09-07 21:02:05 |
| 1328 || 57.9038938305558 || 2013-12-03 17:11:29 |
| 1329 || -9.22363913954598 || 2012-10-18 15:44:12 |
| 1330 || 0.0295390938009262 || 2017-05-12 01:26:15 |
| 1331 || 31.6759704250603 || 2018-01-08 10:52:01 |
| 1332 || 17.3306535362479 || 2015-05-09 04:51:52 |
| 1333 || 75.2133997026096 || 2019-06-03 00:33:53 |
| 1334 || 0.200595955180024 || 2013-02-01 20:14:47 |
| 1335 || -0.0170286359629338 || 2016-09-09 03:27:51 |
| 1336 || 17.438753767399 || 2015-07-04 04:19:17 |
| 1337 || 8.50031946743235 || 2012-11-05 05:00:36 |
| 1338 || 84.3026526746493 || 2013-03-19 23:18:16 |
| 1339 || 15.8367091792071 || 2018-01-11 06:50:51 |
| 1340 || 0.576432797362488 || 2015-03-10 15:40:43 |
| 1341 || -3.82820600167006 || 2011-12-25 14:09:22 |
| 1342 || 63.4328006057737 || 2017-01-13 23:32:39 |
| 1343 || 77.4362440802634 || 2013-04-18 08:39:00 |
| 1344 || 40.6714623578037 || 2015-08-20 11:11:25 |
| 1345 || 1.05287814794827 || 2019-02-01 09:55:38 |
| 1346 || 6.08194839809638 || 2018-06-18 01:50:03 |
| 1347 || 43.3238238456307 || 2015-09-17 20:18:34 |
| 1348 || 19.9838100951079 || 2019-05-20 17:54:19 |
| 1349 || 11.8668344545983 || 2018-09-16 01:03:53 |
| 1350 || 4.22358626479455 || 2016-03-20 10:26:02 |
| 1351 || 4.06627142004567 || 2018-03-14 09:07:53 |
| 1352 || -18.4584568117118 || 2016-10-11 04:26:55 |
| 1353 || -24.5859869579897 || 2010-12-07 00:26:14 |
| 1354 || -17.7964198133992 || 2015-04-14 05:24:55 |
| 1355 || -1.1997023905808 || 2018-02-25 03:18:13 |
| 1356 || -1.10722852125054 || 2019-07-03 07:34:11 |
| 1357 || 41.8881235036523 || 2013-05-12 02:18:40 |
| 1358 || 83.8939285914529 || 2013-11-14 20:07:45 |
| 1359 || 3.98941629555041 || 2010-03-23 14:04:46 |
| 1360 || -3.27482442408293 || 2016-02-01 07:07:36 |
| 1361 || 5.74349694755106 || 2014-06-19 10:39:14 |
| 1362 || 19.7889739625062 || 2014-08-20 08:08:18 |
| 1363 || 63.9967022636612 || 2013-12-24 15:38:46 |
| 1364 || 20.0054474711414 || 2014-10-16 06:02:28 |
| 1365 || 13.8565724966525 || 2013-10-17 22:24:12 |
| 1366 || 3.69250002373413 || 2018-11-12 16:59:53 |
| 1367 || -6.11737370821111 || 2012-07-15 11:24:20 |
| 1368 || -29.5218895060466 || 2015-09-04 04:39:25 |
| 1369 || -5.02593011451497 || 2012-08-16 00:47:03 |
| 1370 || 3.19094356912508 || 2015-12-23 11:05:58 |
| 1371 || 2.05108352727604 || 2011-07-27 13:48:35 |
| 1372 || 36.0621123331964 || 2010-06-01 01:55:27 |
| 1373 || 73.2282408434529 || 2013-07-25 20:15:33 |
| 1374 || 16.4136818253939 || 2017-06-11 07:35:01 |
| 1375 || -6.69583386836604 || 2016-01-23 07:44:31 |
| 1376 || -0.149038206606485 || 2017-08-24 22:46:20 |
| 1377 || 13.3667515743816 || 2014-09-27 22:56:44 |
| 1378 || -25.2915983061219 || 2013-08-21 06:07:17 |
| 1379 || -22.4506508691942 || 2012-03-21 17:37:55 |
| 1380 || -8.17656315169986 || 2016-07-16 12:13:43 |
| 1381 || 0.0847977733652335 || 2010-06-02 00:47:49 |
| 1382 || 20.1519851736428 || 2014-12-27 11:09:26 |
| 1383 || 20.9979914348045 || 2016-02-03 11:42:24 |
| 1384 || -16.7793867760598 || 2015-06-25 17:01:54 |
| 1385 || 31.2528992724818 || 2011-06-27 12:06:33 |
| 1386 || 0.0797798692822016 || 2015-03-02 14:29:14 |
| 1387 || 6.3910883410744 || 2014-10-07 09:29:24 |
| 1388 || 60.2814316814823 || 2018-02-11 11:21:29 |
| 1389 || -27.4931409610305 || 2016-02-07 03:55:49 |
| 1390 || 2.31704644591239 || 2011-10-15 07:57:08 |
| 1391 || 0.711652499363548 || 2018-03-18 03:13:33 |
| 1392 || 21.2210537190928 || 2012-06-15 13:35:06 |
| 1393 || -7.0866519288827 || 2010-11-06 12:20:08 |
| 1394 || 73.8640157652816 || 2016-05-26 18:25:13 |
| 1395 || 20.6819468779342 || 2012-06-11 03:05:34 |
| 1396 || 1.02738787892432 || 2017-03-09 23:19:03 |
| 1397 || 17.2507475064401 || 2019-03-27 22:44:42 |
| 1398 || -21.4203496794009 || 2011-02-21 22:43:21 |
| 1399 || -29.5004327043148 || 2016-08-02 19:48:38 |
| 1400 || 46.7924858613251 || 2011-02-22 19:11:29 |
| 1401 || 3.59139362251593 || 2017-03-23 11:11:05 |
| 1402 || 4.70200151837737 || 2018-09-18 13:40:01 |
| 1403 || 49.2410604404093 || 2017-03-26 11:32:17 |
| 1404 || 31.9352172304202 || 2011-05-16 23:15:31 |
| 1405 || 37.9297703405954 || 2012-03-13 01:46:08 |
| 1406 || 5.43497345587422 || 2012-07-15 12:10:53 |
| 1407 || 4.45214656235705 || 2018-11-14 03:11:54 |
| 1408 || -14.1840795463036 || 2013-03-11 11:02:16 |
| 1409 || 9.0599461301548 || 2014-05-12 17:45:24 |
| 1410 || 58.0850678913185 || 2017-06-01 13:48:06 |
| 1411 || 0.0563007061358841 || 2010-05-07 21:22:28 |
| 1412 || 6.43799822155138 || 2018-04-16 00:53:23 |
| 1413 || 25.9924905829194 || 2011-03-15 02:21:55 |
| 1414 || 53.4147652684525 || 2011-01-14 16:59:25 |
| 1415 || 23.8834504081005 || 2012-06-05 08:56:48 |
| 1416 || -4.22901738266884 || 2012-04-02 01:28:01 |
| 1417 || 4.40254374102568 || 2018-03-16 20:43:47 |
| 1418 || -5.80247196694354 || 2010-06-27 18:53:00 |
| 1419 || 71.5589952985129 || 2016-10-22 20:20:56 |
| 1420 || -18.3276897207712 || 2013-11-10 11:48:28 |
| 1421 || -5.74627743445316 || 2014-04-13 22:45:43 |
| 1422 || 0.642114114614955 || 2013-03-01 09:41:41 |
| 1423 || -13.2756228012661 || 2010-02-10 02:40:55 |
| 1424 || -13.9545686298556 || 2013-12-17 15:42:49 |
| 1425 || 16.7566057899089 || 2011-09-13 14:52:34 |
| 1426 || 20.4626689790671 || 2013-10-26 21:14:57 |
| 1427 || -0.302271084415871 || 2019-09-18 16:26:46 |
| 1428 || -11.9324173369286 || 2015-12-05 17:59:48 |
| 1429 || 44.4179326166146 || 2018-03-06 07:48:58 |
| 1430 || 12.8327420367754 || 2011-07-17 06:37:38 |
| 1431 || 7.71371450022637 || 2017-05-02 21:01:56 |
| 1432 || -0.05310312523373 || 2010-05-01 06:03:36 |
| 1433 || 33.1296649677404 || 2015-04-15 11:15:42 |
| 1434 || -21.3176228340942 || 2011-10-27 22:32:22 |
| 1435 || 26.8800835634911 || 2018-12-10 17:07:39 |
| 1436 || 8.41218925448051 || 2014-12-04 07:27:47 |
| 1437 || 0.0276693609205973 || 2014-11-14 03:06:07 |
| 1438 || 27.5942231479622 || 2016-05-08 17:34:36 |
| 1439 || -25.9476422792044 || 2015-01-02 01:52:56 |
| 1440 || 49.5430887244288 || 2014-08-25 03:52:56 |
| 1441 || 21.8542978303147 || 2019-07-22 12:07:29 |
| 1442 || -0.0549153578669872 || 2016-03-12 04:32:17 |
| 1443 || -6.88201303867739 || 2011-02-22 05:04:29 |
| 1444 || 73.4771049986395 || 2013-10-09 15:50:09 |
| 1445 || -2.08684905766888 || 2017-03-04 16:14:15 |
| 1446 || 34.9701599312929 || 2014-11-19 15:23:56 |
| 1447 || -0.516909427123697 || 2011-05-10 04:06:20 |
| 1448 || -5.398348874435 || 2015-05-04 16:58:33 |
| 1449 || 52.8363430065382 || 2017-10-25 01:29:07 |
| 1450 || 50.8994389666375 || 2014-04-14 02:26:14 |
| 1451 || 9.51298624904862 || 2016-04-07 17:14:43 |
| 1452 || 3.50970473037683 || 2015-03-27 11:40:54 |
| 1453 || -0.05199369755679 || 2017-10-19 10:11:13 |
| 1454 || 25.6878048866834 || 2013-11-11 08:46:09 |
| 1455 || 89.2560187492894 || 2012-01-17 04:13:35 |
| 1456 || 5.51171337707209 || 2015-05-01 21:07:45 |
| 1457 || -1.80592757746006 || 2014-10-11 06:22:00 |
| 1458 || 9.06191733096186 || 2010-08-21 17:34:28 |
| 1459 || -19.3832994628133 || 2011-04-23 17:21:27 |
| 1460 || 77.0114161724502 || 2015-02-01 11:43:11 |
| 1461 || -1.2968829294145 || 2019-01-24 14:09:22 |
| 1462 || -0.434868449265113 || 2012-03-11 06:28:35 |
| 1463 || 0.366913197108538 || 2010-09-05 18:50:41 |
| 1464 || -17.1293753984375 || 2014-08-12 15:24:35 |
| 1465 || 86.6765084087514 || 2012-05-10 22:18:59 |
| 1466 || 46.5815579074672 || 2010-06-07 00:55:35 |
| 1467 || 9.19805225409052 || 2016-03-02 17:36:34 |
| 1468 || 0.529394821198215 || 2014-07-14 13:09:49 |
| 1469 || 50.1918040335797 || 2019-09-20 18:10:32 |
| 1470 || 34.5505501173745 || 2010-10-12 11:36:12 |
| 1471 || 64.6686583858882 || 2010-06-23 11:50:12 |
| 1472 || 4.21481322176873 || 2011-06-12 01:47:25 |
| 1473 || 2.01863355893908 || 2012-08-24 12:16:38 |
| 1474 || 34.1716958072693 || 2019-11-26 17:51:14 |
| 1475 || -14.0682334195097 || 2018-12-13 20:50:37 |
| 1476 || -17.3509613469585 || 2016-06-07 21:23:03 |
| 1477 || 17.7136186390844 || 2010-02-26 04:48:30 |
| 1478 || 0.919841147044415 || 2018-07-01 08:30:30 |
| 1479 || -6.86834166991637 || 2013-05-20 03:50:31 |
| 1480 || 85.5092250347212 || 2015-04-04 21:18:18 |
| 1481 || -7.75543593494513 || 2012-06-19 19:36:34 |
| 1482 || 24.426677999608 || 2016-12-04 18:06:15 |
| 1483 || 0.0498954120918139 || 2015-12-21 15:54:35 |
| 1484 || -8.39992342238203 || 2010-04-26 05:51:40 |
| 1485 || 48.1214524042742 || 2019-12-13 07:10:05 |
| 1486 || 78.3921013948865 || 2011-12-17 10:50:42 |
| 1487 || -7.2066213966514 || 2012-10-19 20:32:01 |
| 1488 || -0.00125088286251229 || 2014-05-06 19:02:46 |
| 1489 || -1.68855543445201 || 2011-08-11 07:53:30 |
| 1490 || -10.3369353467055 || 2014-11-21 06:50:53 |
| 1491 || 74.0972841879523 || 2010-04-21 21:56:19 |
| 1492 || 2.83575483748738 || 2010-01-08 19:34:56 |
| 1493 || -0.0572876666859249 || 2013-02-20 06:51:46 |
| 1494 || 22.2133918878605 || 2012-06-20 01:01:11 |
| 1495 || 38.7507696250166 || 2015-06-16 07:22:50 |
| 1496 || 83.3946469806991 || 2018-11-22 17:44:58 |
| 1497 || 32.1918856454284 || 2014-01-10 10:47:51 |
| 1498 || 0.196411075811515 || 2010-12-05 15:43:17 |
| 1499 || 13.4307598836893 || 2019-12-08 13:20:39 |
| 1500 || 68.4990243771015 || 2018-12-16 15:04:13 |
| 1501 || 86.6507530962924 || 2016-10-06 09:26:12 |
| 1502 || 33.4394514599571 || 2018-02-21 13:55:17 |
| 1503 || 0.434111404626342 || 2012-12-12 15:58:31 |
| 1504 || 15.3759352995831 || 2014-08-16 19:27:19 |
| 1505 || 66.712044285022 || 2010-04-25 00:29:30 |
| 1506 || -15.2356455466156 || 2018-10-27 10:47:35 |
| 1507 || 14.970956360997 || 2012-09-15 00:04:13 |
| 1508 || -1.68979854755527 || 2010-10-08 03:32:13 |
| 1509 || 5.63952230209571 || 2014-10-13 16:25:17 |
| 1510 || 22.0398287100695 || 2010-04-23 00:24:30 |
| 1511 || -1.80840272589006 || 2019-07-23 02:04:58 |
| 1512 || 27.7304116971905 || 2015-07-23 04:48:12 |
| 1513 || 3.14734586395474 || 2015-12-05 17:00:55 |
| 1514 || -2.14195571925778 || 2017-08-11 05:01:58 |
| 1515 || -18.7471184357691 || 2018-08-19 18:00:41 |
| 1516 || 88.3336817020188 || 2018-04-11 09:54:34 |
| 1517 || -18.6119196437198 || 2017-12-18 03:14:36 |
| 1518 || -3.07079795782805 || 2018-10-13 10:27:17 |
| 1519 || -0.555053353633735 || 2010-05-03 05:53:06 |
| 1520 || 10.6081997056843 || 2014-10-18 08:46:56 |
| 1521 || 87.1520149941216 || 2019-02-08 22:53:49 |
| 1522 || 50.3809023409507 || 2016-06-26 04:26:55 |
| 1523 || 15.2103910381439 || 2015-03-04 13:05:34 |
| 1524 || -0.240011627864742 || 2014-06-10 22:42:02 |
| 1525 || -15.4462827766866 || 2017-12-23 15:49:59 |
| 1526 || -25.9047153288299 || 2018-12-16 17:37:58 |
| 1527 || 55.4639008106877 || 2014-10-09 01:47:50 |
| 1528 || 5.93093554129264 || 2013-08-23 16:40:13 |
| 1529 || -0.244793556987361 || 2019-01-02 16:16:07 |
| 1530 || -11.5472308846726 || 2011-11-02 17:26:38 |
| 1531 || 65.2217715380972 || 2016-02-14 19:05:59 |
| 1532 || 75.3512985432997 || 2019-11-08 17:04:36 |
| 1533 || -6.81559657214616 || 2011-05-25 19:12:45 |
| 1534 || 0.175069189016788 || 2014-10-06 13:39:48 |
| 1535 || 31.4203807380824 || 2014-07-09 14:23:06 |
| 1536 || 75.6012962598496 || 2014-10-10 23:09:16 |
| 1537 || -22.6938032807495 || 2017-01-01 04:44:35 |
| 1538 || 13.3303946125151 || 2018-12-19 22:29:09 |
| 1539 || 0.000122010297736713 || 2011-01-22 20:03:50 |
| 1540 || 25.0176264790932 || 2018-06-20 12:40:39 |
| 1541 || 57.5618793590636 || 2013-12-12 11:20:32 |
| 1542 || -15.2527605681964 || 2011-09-15 07:18:27 |
| 1543 || -7.3523458928413 || 2019-05-05 03:33:18 |
| 1544 || -0.0911859338099012 || 2014-10-01 14:23:49 |
| 1545 || 12.3246169035746 || 2011-10-18 14:02:24 |
| 1546 || -6.61165465637698 || 2015-09-13 12:15:08 |
| 1547 || 82.9231295998818 || 2015-01-15 01:31:57 |
| 1548 || 35.9407610444524 || 2016-11-04 12:38:50 |
| 1549 || 0.0791605961858469 || 2015-08-06 00:45:28 |
| 1550 || 13.7803052893227 || 2019-10-10 12:13:05 |
| 1551 || 30.8026904472066 || 2014-01-18 05:16:47 |
| 1552 || 73.2559389375618 || 2016-02-23 10:30:19 |
| 1553 || 31.0629011925169 || 2013-07-23 00:32:45 |
| 1554 || 1.3312606664734 || 2017-09-09 04:30:19 |
| 1555 || -5.42636670600736 || 2015-07-21 18:15:25 |
| 1556 || 48.6275111233178 || 2018-08-03 23:51:51 |
| 1557 || 87.2494015576979 || 2018-07-22 06:46:43 |
| 1558 || 25.4829122046843 || 2019-07-27 16:45:25 |
| 1559 || -1.48183788655452 || 2012-02-09 18:25:37 |
| 1560 || -4.09120124784053 || 2018-08-16 11:02:45 |
| 1561 || 7.98894671824995 || 2013-10-14 21:05:28 |
| 1562 || -24.1653047984255 || 2018-03-12 06:54:07 |
| 1563 || -9.63439561655455 || 2014-05-26 14:25:59 |
| 1564 || 6.23953920061131 || 2015-03-05 03:09:14 |
| 1565 || 2.97404057848413 || 2012-03-01 11:07:17 |
| 1566 || 42.0622655094553 || 2015-04-26 09:50:31 |
| 1567 || 25.2318785915041 || 2010-02-23 05:26:42 |
| 1568 || -19.7574533015717 || 2011-07-13 02:42:44 |
| 1569 || 9.08021965093626 || 2011-05-03 21:59:10 |
| 1570 || 3.40085078031165 || 2011-06-03 14:02:43 |
| 1571 || -17.2955850868994 || 2010-08-04 09:04:50 |
| 1572 || 10.5140871602775 || 2013-04-15 00:38:50 |
| 1573 || -16.1843330103702 || 2015-05-26 15:26:00 |
| 1574 || 1.01327162100768 || 2012-02-03 11:04:44 |
| 1575 || -1.14980164984267 || 2016-08-16 19:31:30 |
| 1576 || -13.7384555713644 || 2010-10-06 09:42:07 |
| 1577 || 44.4635204036968 || 2013-09-27 05:22:03 |
| 1578 || -14.1693132404505 || 2014-05-01 20:51:31 |
| 1579 || -0.790570444646862 || 2018-01-25 03:21:09 |
| 1580 || 1.10182830436745 || 2012-12-27 01:30:54 |
| 1581 || 27.2286369699918 || 2018-08-23 21:43:13 |
| 1582 || 80.457549501072 || 2018-08-16 13:25:03 |
| 1583 || 20.0915182116018 || 2018-08-23 17:52:07 |
| 1584 || 1.32383654921154 || 2010-08-10 05:27:33 |
| 1585 || 0.380997354328923 || 2019-07-27 05:55:02 |
| 1586 || 23.655683854131 || 2017-02-17 18:39:24 |
| 1587 || 50.0402074264403 || 2014-06-22 13:58:30 |
| 1588 || 37.9763232051104 || 2017-08-24 05:55:13 |
| 1589 || -1.20688778528096 || 2015-09-02 06:15:33 |
| 1590 || -0.00578176277186987 || 2015-10-08 21:57:32 |
| 1591 || 2.15191258776817 || 2017-10-06 13:13:21 |
| 1592 || 73.3407971473454 || 2016-12-18 17:23:04 |
| 1593 || 35.7542974903491 || 2015-12-01 13:25:12 |
| 1594 || 25.2892777659307 || 2016-04-22 22:02:42 |
| 1595 || -0.0378848449941308 || 2019-07-08 18:51:01 |
| 1596 || 2.90256029216726 || 2016-07-01 23:55:52 |
| 1597 || 36.248793302213 || 2010-06-17 07:02:07 |
| 1598 || -2.48558470179982 || 2011-06-09 19:16:28 |
| 1599 || 9.03860998274115 || 2012-08-16 18:28:00 |
| 1600 || 0.596270839693785 || 2014-12-12 11:05:44 |
| 1601 || 21.4690364248951 || 2017-03-17 22:46:14 |
| 1602 || -20.4764045246109 || 2016-05-04 15:48:39 |
| 1603 || 85.7725399807505 || 2016-02-08 02:19:39 |
| 1604 || -5.30144286233012 || 2019-07-22 04:02:35 |
| 1605 || 2.40568377109183 || 2013-08-22 21:30:09 |
| 1606 || 17.0221682759147 || 2019-02-10 16:52:37 |
| 1607 || -8.60083198638201 || 2019-09-03 21:46:09 |
| 1608 || 65.2991481037985 || 2012-12-07 23:13:58 |
| 1609 || 49.4087903828519 || 2018-10-19 02:24:57 |
| 1610 || 4.49377143010626 || 2017-05-17 20:13:36 |
| 1611 || 11.409606036861 || 2012-02-07 06:29:41 |
| 1612 || 47.7344382790764 || 2015-06-22 19:23:42 |
| 1613 || -22.0773951176622 || 2017-06-22 15:47:50 |
| 1614 || 52.2365160531625 || 2016-10-04 19:34:44 |
| 1615 || 3.20270789193542 || 2017-01-14 13:02:47 |
| 1616 || 5.84896291474234 || 2019-11-24 07:19:10 |
| 1617 || -1.26242604107957 || 2017-03-12 23:51:16 |
| 1618 || -4.3408741198511 || 2010-11-05 01:15:02 |
| 1619 || -4.24254931848422 || 2011-02-11 20:39:04 |
| 1620 || -2.08752550226451 || 2011-11-16 01:19:28 |
| 1621 || -0.441093633828936 || 2018-01-09 11:04:37 |
| 1622 || 45.6291871251917 || 2017-10-12 17:40:21 |
| 1623 || 89.4588369166285 || 2013-05-08 20:09:43 |
| 1624 || -21.6225917466906 || 2019-10-18 20:07:24 |
| 1625 || 11.7561632100439 || 2012-08-12 15:03:46 |
| 1626 || 3.83263233706751 || 2010-07-20 17:39:55 |
| 1627 || 30.9970260928988 || 2015-11-01 21:26:33 |
| 1628 || 52.1127090660863 || 2015-02-16 12:14:59 |
| 1629 || 49.4378998437179 || 2017-04-03 20:59:05 |
| 1630 || 16.8584983289931 || 2018-11-17 13:57:39 |
| 1631 || 1.82816309732342 || 2014-12-05 14:12:21 |
| 1632 || 6.76615805126228 || 2010-05-20 14:04:37 |
| 1633 || 57.1044042510695 || 2011-12-27 12:16:29 |
| 1634 || 59.7346104185594 || 2011-10-12 06:30:25 |
| 1635 || 22.5512431800367 || 2019-07-18 20:18:27 |
| 1636 || -0.139284375577809 || 2011-02-19 11:04:09 |
| 1637 || 37.2549663662565 || 2010-08-20 09:47:16 |
| 1638 || 20.081098937758 || 2013-08-12 10:40:31 |
| 1639 || -11.8260755155728 || 2015-10-21 16:15:23 |
| 1640 || 7.67624727464865 || 2016-03-13 02:40:30 |
| 1641 || 0.0461902682296987 || 2015-02-18 22:10:31 |
| 1642 || -4.93976432742275 || 2012-08-13 12:26:09 |
| 1643 || 13.4793390490793 || 2015-01-14 01:40:08 |
| 1644 || 12.5154103269966 || 2017-03-21 06:24:34 |
| 1645 || 31.4362833075046 || 2018-07-16 06:30:07 |
| 1646 || 0.0960107872274982 || 2010-06-02 07:08:59 |
| 1647 || 16.6279595852167 || 2019-08-04 16:43:05 |
| 1648 || 41.1039127750501 || 2018-04-04 18:42:46 |
| 1649 || 43.5625660635701 || 2017-02-23 10:22:52 |
| 1650 || 28.8421064947457 || 2014-10-17 05:46:43 |
| 1651 || -0.244409174376824 || 2010-08-26 10:58:42 |
| 1652 || -3.23432198835104 || 2016-05-06 08:42:02 |
| 1653 || 72.7612009862207 || 2013-09-20 04:50:32 |
| 1654 || 20.1169857906469 || 2012-07-18 04:05:18 |
| 1655 || 43.5872047224567 || 2011-12-22 12:37:26 |
| 1656 || -0.396787157483549 || 2017-06-09 16:12:55 |
| 1657 || 12.0806543661005 || 2014-10-23 22:45:02 |
| 1658 || 44.5350440242596 || 2014-06-02 18:41:07 |
| 1659 || 21.6576682579963 || 2019-08-02 07:01:27 |
| 1660 || 37.9915277676364 || 2016-03-19 23:50:53 |
| 1661 || -0.00978749684190066 || 2017-01-09 09:35:14 |
| 1662 || -1.94015321270365 || 2018-02-13 10:59:20 |
| 1663 || 64.7902673701623 || 2015-11-26 21:03:59 |
| 1664 || 32.7453926583509 || 2016-10-26 16:52:49 |
| 1665 || 51.3479970437137 || 2014-07-15 21:48:33 |
| 1666 || -1.28817419475378 || 2012-06-25 07:57:30 |
| 1667 || 9.92086428515775 || 2011-07-19 07:05:53 |
| 1668 || 1.31623050542304 || 2019-10-01 16:41:49 |
| 1669 || 89.9517335086763 || 2017-03-14 06:40:00 |
| 1670 || 57.090872964614 || 2019-05-20 08:31:06 |
| 1671 || 1.71463278201309 || 2010-10-15 02:08:01 |
| 1672 || 5.80111354720725 || 2014-03-04 03:41:59 |
| 1673 || 47.763704428093 || 2010-03-07 02:34:54 |
| 1674 || -29.580594927211 || 2017-02-26 18:02:44 |
| 1675 || 42.4466408619385 || 2016-04-18 05:58:33 |
| 1676 || -0.764259244941854 || 2010-03-18 20:05:08 |
| 1677 || -0.964254750170819 || 2010-06-15 17:14:07 |
| 1678 || 0.539453189440405 || 2013-02-18 20:15:48 |
| 1679 || 12.8232656966218 || 2017-03-09 08:07:47 |
| 1680 || -12.5389587315285 || 2017-02-06 07:41:39 |
| 1681 || -3.24401575371922 || 2011-03-01 02:31:27 |
| 1682 || -0.758011811264165 || 2014-11-20 14:32:17 |
| 1683 || 18.0471736778969 || 2011-02-10 15:38:48 |
| 1684 || 77.2907992388365 || 2016-12-03 06:56:53 |
| 1685 || 41.0767372583656 || 2012-12-20 04:42:53 |
| 1686 || 12.2029191684774 || 2014-12-24 04:59:54 |
| 1687 || 0.747372596612331 || 2014-11-01 18:59:35 |
| 1688 || 24.0788720918047 || 2016-11-13 17:23:55 |
| 1689 || 74.2436463325606 || 2010-12-10 17:59:15 |
| 1690 || 43.141550612932 || 2017-05-02 08:12:07 |
| 1691 || 24.3472949835367 || 2016-10-23 10:48:08 |
| 1692 || 0.134735277717937 || 2017-01-03 00:09:43 |
| 1693 || 20.6293274053124 || 2010-10-06 17:00:48 |
| 1694 || 73.7915255292148 || 2011-04-03 17:45:11 |
| 1695 || -10.2944066608408 || 2017-01-27 13:58:38 |
| 1696 || 21.2452343206257 || 2015-02-25 09:57:52 |
| 1697 || 0.0268657563717344 || 2018-07-06 10:57:43 |
| 1698 || 14.2317900478832 || 2019-05-16 19:05:22 |
| 1699 || -0.355243508237746 || 2015-03-15 01:23:15 |
| 1700 || -17.786404944216 || 2016-03-11 17:24:21 |
| 1701 || 25.0209433490391 || 2017-04-08 13:50:22 |
| 1702 || 0.584243643959533 || 2012-02-27 06:39:52 |
| 1703 || 23.2387121218928 || 2016-03-21 05:57:08 |
| 1704 || -21.2531129279149 || 2010-12-20 10:30:58 |
| 1705 || -4.27685467539797 || 2011-03-21 08:03:59 |
| 1706 || 29.8011144887345 || 2012-11-07 12:44:41 |
| 1707 || 1.34141962149982 || 2016-05-09 17:53:37 |
| 1708 || -0.472767226021065 || 2016-03-23 11:31:07 |
| 1709 || 70.5795919514745 || 2012-08-09 12:15:35 |
| 1710 || 31.0222412251679 || 2017-12-21 19:34:32 |
| 1711 || -16.0045709346 || 2011-05-18 13:43:34 |
| 1712 || 3.58537458025251 || 2015-11-23 06:25:18 |
| 1713 || -4.72981700040741 || 2015-09-02 12:53:32 |
| 1714 || -0.960130036287652 || 2014-11-15 08:30:24 |
| 1715 || -26.1717252412413 || 2019-08-02 01:21:48 |
| 1716 || 52.97179258233 || 2013-07-02 04:20:04 |
| 1717 || 6.10642989893234 || 2011-11-25 15:57:36 |
| 1718 || 3.73948299622123 || 2016-04-16 19:43:32 |
| 1719 || 24.3259214580435 || 2018-01-11 12:34:45 |
| 1720 || 1.97484994090384 || 2018-03-07 16:09:31 |
| 1721 || 45.1703212491156 || 2019-08-08 18:11:12 |
| 1722 || -2.05039210619973 || 2010-03-09 16:26:55 |
| 1723 || 0.46258455315599 || 2018-04-05 02:20:05 |
| 1724 || 7.32492861728265 || 2012-01-06 22:32:31 |
| 1725 || 71.8654947440739 || 2017-01-10 14:03:01 |
| 1726 || 56.471439099723 || 2019-11-09 00:42:45 |
| 1727 || 3.8660470806836 || 2014-06-13 05:18:27 |
| 1728 || 3.40217703999927 || 2013-04-01 00:11:10 |
| 1729 || 27.9613604127224 || 2018-03-06 17:39:07 |
| 1730 || 25.3057555187334 || 2015-10-24 03:55:26 |
| 1731 || -2.80121407738828 || 2015-07-04 13:35:31 |
| 1732 || -4.76543382097492 || 2018-04-08 13:45:04 |
| 1733 || 2.41199173227573 || 2015-07-21 13:49:56 |
| 1734 || 0.707670687696862 || 2012-07-21 00:03:51 |
| 1735 || -27.8026458938293 || 2018-12-24 11:56:33 |
| 1736 || 31.4096754472292 || 2019-05-23 01:59:46 |
| 1737 || 12.4052210173734 || 2018-12-26 00:02:35 |
| 1738 || 0.83096727261282 || 2018-05-20 06:13:29 |
| 1739 || 31.865649526235 || 2019-04-05 00:03:40 |
| 1740 || -19.6416758920669 || 2012-08-08 21:15:24 |
| 1741 || -19.0770260105997 || 2011-11-05 21:25:28 |
| 1742 || 20.0838500516568 || 2017-06-05 21:27:12 |
| 1743 || -0.0025014764132159 || 2011-08-08 02:27:51 |
| 1744 || -2.67920085567435 || 2018-12-17 04:59:22 |
| 1745 || -27.5715275322715 || 2017-05-06 07:55:10 |
| 1746 || 71.9648704507643 || 2011-06-21 08:57:37 |
| 1747 || 14.3296743072837 || 2010-07-09 09:45:11 |
| 1748 || 0.00304866260662411 || 2015-02-10 16:54:36 |
| 1749 || -3.09298138891512 || 2015-07-23 11:24:59 |
| 1750 || 49.8074128724577 || 2018-10-16 09:00:20 |
| 1751 || 62.5576012217817 || 2012-05-10 23:32:33 |
| 1752 || -12.0598856932207 || 2012-02-23 04:28:54 |
| 1753 || -0.120310612204561 || 2012-10-17 03:04:01 |
| 1754 || 23.5514045745903 || 2010-01-14 17:09:38 |
| 1755 || -11.1541182474201 || 2017-04-05 11:38:11 |
| 1756 || 85.3930397540605 || 2015-12-12 00:24:14 |
| 1757 || -11.7750791696615 || 2010-10-04 14:40:51 |
| 1758 || -0.00275856009310134 || 2019-05-16 20:10:25 |
| 1759 || 19.4427418963053 || 2014-11-18 23:42:46 |
| 1760 || 48.214901497686 || 2015-08-04 18:58:09 |
| 1761 || 87.7234877613683 || 2015-06-15 14:12:58 |
| 1762 || -10.6526718799735 || 2013-04-21 14:07:07 |
| 1763 || 0.944713888713718 || 2015-07-09 22:37:02 |
| 1764 || 0.849278885136637 || 2011-10-26 22:39:27 |
| 1765 || 63.5445834653 || 2019-12-25 04:50:32 |
| 1766 || -6.50234797088929 || 2015-03-24 13:45:37 |
| 1767 || 50.9848787410001 || 2018-08-15 10:49:05 |
| 1768 || -1.13475084212542 || 2017-01-13 10:11:25 |
| 1769 || -3.53380049866729 || 2016-05-23 00:14:59 |
| 1770 || -6.26705870270165 || 2016-04-16 19:43:02 |
| 1771 || -2.57851312631569 || 2010-12-05 15:27:48 |
| 1772 || 53.5900273617518 || 2019-02-26 04:34:47 |
| 1773 || 8.43377038422517 || 2012-02-17 08:39:20 |
| 1774 || 5.79534280727843 || 2017-12-15 11:51:15 |
| 1775 || 0.840070244882826 || 2018-01-16 16:50:40 |
| 1776 || -18.8587898444701 || 2013-10-24 19:50:16 |
| 1777 || 18.9721560263236 || 2017-11-07 18:10:31 |
| 1778 || 2.34184184618828 || 2012-11-18 12:11:04 |
| 1779 || 5.1061989253785 || 2016-05-17 03:00:10 |
| 1780 || -17.0680254191789 || 2012-08-16 20:05:57 |
| 1781 || 50.7047176613561 || 2014-01-06 08:29:15 |
| 1782 || 66.9984459915659 || 2010-08-08 13:05:55 |
| 1783 || 0.308621453822163 || 2010-01-07 23:52:18 |
| 1784 || 2.61959646464671 || 2017-06-17 21:06:23 |
| 1785 || 43.5337475935746 || 2011-03-10 09:09:04 |
| 1786 || 20.6908748308471 || 2015-09-05 05:48:32 |
| 1787 || 71.9408238767513 || 2017-10-22 20:06:01 |
| 1788 || 4.28434929940011 || 2010-11-06 00:22:32 |
| 1789 || 0.218301459201993 || 2012-01-15 10:29:11 |
| 1790 || 38.3263861153447 || 2011-10-10 15:16:45 |
| 1791 || 85.4544006345303 || 2012-11-27 23:34:40 |
| 1792 || -11.4687313239647 || 2013-07-20 18:54:30 |
| 1793 || 7.92611279763022 || 2014-08-19 11:02:28 |
| 1794 || -0.108834067200643 || 2013-11-08 18:32:38 |
| 1795 || 22.2405157064611 || 2013-04-26 09:52:51 |
| 1796 || 73.5474399077039 || 2019-08-08 01:31:56 |
| 1797 || 36.8927829890735 || 2013-03-01 19:56:08 |
| 1798 || 22.4339318925225 || 2018-11-20 11:31:15 |
| 1799 || 0.000113563055216988 || 2010-10-17 23:12:36 |
| 1800 || -1.53749064363096 || 2013-11-14 23:07:27 |
| 1801 || 8.1328276179433 || 2018-12-01 03:55:41 |
| 1802 || 74.9496247961515 || 2013-09-21 17:53:03 |
| 1803 || -11.5122170376463 || 2017-12-19 01:30:13 |
| 1804 || 0.0245018419583194 || 2012-12-10 06:08:28 |
| 1805 || -6.37500731657648 || 2017-06-07 19:08:04 |
| 1806 || -24.1211051593079 || 2014-07-01 01:23:01 |
| 1807 || 85.3663439508155 || 2019-08-21 14:34:10 |
| 1808 || -11.9626483104115 || 2019-02-18 06:18:13 |
| 1809 || -0.125468000793636 || 2017-02-27 02:28:08 |
| 1810 || 15.4241949634964 || 2010-05-22 17:58:44 |
| 1811 || 23.9407009195523 || 2015-05-04 08:47:02 |
| 1812 || 8.91804381778332 || 2015-06-26 10:23:13 |
| 1813 || -15.061014725847 || 2012-10-23 12:22:57 |
| 1814 || 2.62799620943015 || 2015-05-01 16:13:14 |
| 1815 || -1.89537520099582 || 2014-05-10 13:54:30 |
| 1816 || -22.3768776914028 || 2012-04-04 00:37:39 |
| 1817 || 88.8768827556237 || 2019-04-05 03:26:59 |
| 1818 || -14.3851942536108 || 2012-03-08 05:09:50 |
| 1819 || 5.09198836038274 || 2013-03-10 18:53:43 |
| 1820 || 6.68072326834843 || 2013-08-15 14:05:07 |
| 1821 || -5.05462056618025 || 2014-04-19 22:23:44 |
| 1822 || -27.3560917388962 || 2019-05-01 23:33:26 |
| 1823 || 10.2302912801754 || 2010-06-08 16:47:39 |
| 1824 || -2.5106743142811 || 2016-07-18 13:33:18 |
| 1825 || -2.52442146880975 || 2012-12-12 03:27:08 |
| 1826 || 31.9205792013664 || 2011-08-08 06:23:21 |
| 1827 || 5.43050122347641 || 2019-06-16 20:17:56 |
| 1828 || 54.1657187900156 || 2015-01-25 14:19:46 |
| 1829 || -3.5140246139126 || 2018-09-18 15:48:06 |
| 1830 || 2.14922770675737 || 2012-06-06 11:52:10 |
| 1831 || 39.7541936646472 || 2013-12-27 19:06:39 |
| 1832 || -16.8816023701677 || 2019-12-23 10:53:27 |
| 1833 || 37.6355763272992 || 2014-01-19 14:07:30 |
| 1834 || 15.0606679085152 || 2016-05-24 02:25:23 |
| 1835 || -1.11419780295768 || 2012-03-10 04:44:54 |
| 1836 || 9.09520150985898 || 2014-09-07 12:32:07 |
| 1837 || 87.8750189711787 || 2012-03-22 02:04:21 |
| 1838 || 61.1404052204271 || 2015-02-22 06:25:26 |
| 1839 || 12.2837410138869 || 2019-01-26 15:57:19 |
| 1840 || 1.34578009259098 || 2013-04-15 01:38:48 |
| 1841 || -2.25489519325828 || 2016-01-24 23:29:43 |
| 1842 || 14.2957161693568 || 2012-06-09 16:04:14 |
| 1843 || 67.1666661676736 || 2011-02-06 19:35:18 |
| 1844 || -7.79612930942945 || 2018-10-16 11:08:47 |
| 1845 || 0.0320261190265375 || 2012-06-27 03:29:38 |
| 1846 || -5.75099411788036 || 2016-08-23 13:08:01 |
| 1847 || 6.16318717307412 || 2012-02-04 18:14:01 |
| 1848 || 5.23179259301353 || 2018-06-01 16:45:51 |
| 1849 || 4.22715180932643 || 2019-07-25 11:24:35 |
| 1850 || -0.00421365620098717 || 2017-07-27 20:56:37 |
| 1851 || -6.4200495813081 || 2019-10-14 07:02:58 |
| 1852 || -8.35830309058675 || 2012-09-14 09:11:42 |
| 1853 || 78.0880704562613 || 2013-01-01 08:00:10 |
| 1854 || 33.4163241880358 || 2017-10-23 15:50:22 |
| 1855 || 0.0284448402011848 || 2013-07-25 16:34:11 |
| 1856 || 11.733596776282 || 2010-10-10 13:33:13 |
| 1857 || 34.6034439579517 || 2018-01-07 21:31:20 |
| 1858 || -13.47934634062 || 2018-10-19 06:34:28 |
| 1859 || 16.4181876636621 || 2011-12-10 10:28:45 |
| 1860 || 0.918691665067563 || 2012-03-18 20:18:21 |
| 1861 || 19.2488618089338 || 2011-06-18 02:38:25 |
| 1862 || 0.561593761275007 || 2014-09-06 00:54:11 |
| 1863 || 43.4879809591053 || 2019-12-08 04:00:42 |
| 1864 || 8.71669968440497 || 2011-01-05 20:06:35 |
| 1865 || 0.584786880414239 || 2011-11-14 00:38:33 |
| 1866 || 6.65988030841946 || 2012-04-12 03:20:19 |
| 1867 || 68.7654299840443 || 2018-07-18 20:41:58 |
| 1868 || 13.0253315351074 || 2018-07-13 10:50:03 |
| 1869 || 37.9191746025817 || 2018-10-14 08:09:26 |
| 1870 || 4.62649665525319 || 2019-01-10 14:01:33 |
| 1871 || 5.85150315268277 || 2011-07-08 04:37:58 |
| 1872 || 0.885494037294558 || 2011-02-15 06:17:49 |
| 1873 || 4.46023496562085 || 2014-01-12 04:23:57 |
| 1874 || -9.24543160632164 || 2012-05-03 23:27:32 |
| 1875 || -2.20695523253787 || 2017-05-27 00:31:58 |
| 1876 || 9.25057997565518 || 2017-12-03 01:21:18 |
| 1877 || 9.20515590817007 || 2019-02-01 23:41:30 |
| 1878 || -17.522224994455 || 2019-12-25 12:00:06 |
| 1879 || -18.1726626683393 || 2015-09-24 02:59:08 |
| 1880 || 10.5944785301181 || 2012-09-10 00:01:10 |
| 1881 || 5.68776382007677 || 2019-05-08 16:29:20 |
| 1882 || 21.1126258361854 || 2016-05-27 10:40:15 |
| 1883 || -29.5802606798808 || 2010-08-12 17:09:12 |
| 1884 || 45.6197693616094 || 2019-09-07 03:55:24 |
| 1885 || -4.77242314212914 || 2018-04-10 10:27:08 |
| 1886 || -0.0184575049591575 || 2013-01-01 09:52:34 |
| 1887 || 28.9537659212586 || 2014-11-11 02:08:41 |
| 1888 || 74.1021601594587 || 2010-10-27 15:59:08 |
| 1889 || 12.8377098273223 || 2019-01-17 17:30:59 |
| 1890 || 12.4126349595435 || 2019-06-03 13:47:43 |
| 1891 || -0.251992301016785 || 2013-02-04 20:28:04 |
| 1892 || 16.3647078900997 || 2010-08-13 13:32:27 |
| 1893 || 71.5343944899332 || 2016-06-01 00:46:57 |
| 1894 || 39.0364573619153 || 2016-09-18 21:29:09 |
| 1895 || 9.0650752059155 || 2018-07-16 18:29:36 |
| 1896 || -0.0940383046374306 || 2017-04-18 20:40:44 |
| 1897 || 24.4643392569264 || 2017-09-19 09:28:30 |
| 1898 || 80.4620041898783 || 2013-09-26 15:44:38 |
| 1899 || 45.2488057144175 || 2017-09-23 11:24:19 |
| 1900 || -6.56082594113546 || 2018-12-05 23:32:15 |
| 1901 || 0.0286526286990586 || 2018-02-09 10:20:58 |
| 1902 || 16.4701542388576 || 2019-12-15 11:37:42 |
| 1903 || -25.0602759885172 || 2015-07-01 08:49:12 |
| 1904 || 62.3280425733386 || 2019-10-10 12:08:47 |
| 1905 || 21.8364787301931 || 2016-01-25 06:21:38 |
| 1906 || -0.0163220622651015 || 2010-05-18 06:27:51 |
| 1907 || -8.45792914136485 || 2017-09-19 17:20:24 |
| 1908 || 68.4218005744696 || 2010-02-01 04:58:15 |
| 1909 || 82.4269969018459 || 2012-07-20 03:44:23 |
| 1910 || -7.71028001030752 || 2017-09-07 06:34:23 |
| 1911 || -0.219905514205851 || 2018-01-20 08:56:06 |
| 1912 || 10.6284356957431 || 2012-05-08 13:46:36 |
| 1913 || 46.4964859518032 || 2013-04-24 10:55:37 |
| 1914 || 47.4528838414483 || 2010-08-17 02:12:48 |
| 1915 || 10.8084766726758 || 2017-04-25 08:12:44 |
| 1916 || 2.21124264464563 || 2019-01-10 00:21:15 |
| 1917 || -3.05110750266891 || 2017-04-08 15:41:08 |
| 1918 || 59.4484586868669 || 2015-01-10 18:58:13 |
| 1919 || 25.4898948909963 || 2018-08-16 07:40:22 |
| 1920 || -12.2551170266667 || 2010-05-10 20:17:27 |
| 1921 || 4.20490286769075 || 2011-11-10 17:23:27 |
| 1922 || -3.28645487594511 || 2010-08-16 15:03:36 |
| 1923 || -13.4138182762413 || 2016-06-18 09:53:06 |
| 1924 || 42.6115225070586 || 2010-09-18 02:42:33 |
| 1925 || -17.3442891988334 || 2012-07-08 21:40:44 |
| 1926 || 1.89435669891576 || 2019-01-26 19:41:20 |
| 1927 || -0.847283974489107 || 2010-02-20 15:41:37 |
| 1928 || 34.9492653270027 || 2012-03-07 12:05:03 |
| 1929 || -29.209446948873 || 2013-06-22 21:49:40 |
| 1930 || 49.6343667833751 || 2014-12-16 06:01:15 |
| 1931 || -2.88707491822654 || 2012-12-02 03:20:21 |
| 1932 || 6.67013583630379 || 2016-04-25 03:28:19 |
| 1933 || 46.8269785128502 || 2018-08-11 17:08:35 |
| 1934 || -28.3206529697928 || 2015-07-22 07:15:22 |
| 1935 || 14.2809356614232 || 2013-07-09 17:33:57 |
| 1936 || -4.51958805706378 || 2017-05-07 14:48:33 |
| 1937 || 3.96728026081426 || 2014-09-10 14:49:31 |
| 1938 || 10.5016941655951 || 2012-08-03 17:11:57 |
| 1939 || 40.3346724370567 || 2013-08-04 08:15:24 |
| 1940 || 68.6397620728464 || 2010-11-13 14:43:49 |
| 1941 || 2.2350148707411 || 2016-06-25 05:28:38 |
| 1942 || 2.172121085851 || 2014-12-03 11:38:35 |
| 1943 || 43.7883132390751 || 2017-06-09 04:54:17 |
| 1944 || -1.07929725197803 || 2019-02-21 22:28:52 |
| 1945 || 73.9153797850669 || 2010-04-08 21:24:36 |
| 1946 || 18.2807682019268 || 2017-03-22 11:44:44 |
| 1947 || -0.271821658149481 || 2010-05-07 05:32:13 |
| 1948 || 20.6364026015469 || 2017-01-19 17:47:17 |
| 1949 || 84.3275467160382 || 2018-11-17 16:32:36 |
| 1950 || -22.4866955076023 || 2012-07-10 05:05:27 |
| 1951 || 23.211533504678 || 2018-08-25 08:11:18 |
| 1952 || -0.0304327071786558 || 2016-05-22 13:20:46 |
| 1953 || -10.7536386493389 || 2018-04-11 22:42:21 |
| 1954 || 81.8452512158631 || 2013-12-23 10:56:02 |
| 1955 || 63.322238099594 || 2012-09-22 06:49:56 |
| 1956 || 17.0600067889128 || 2011-04-09 15:13:11 |
| 1957 || 0.0110440895166419 || 2011-02-27 22:48:40 |
| 1958 || 11.1168807375766 || 2013-06-23 12:26:46 |
| 1959 || 3.78494764839315 || 2013-07-18 04:49:48 |
| 1960 || -23.693661686017 || 2015-04-23 04:55:05 |
| 1961 || 36.1640168324703 || 2012-12-19 19:49:48 |
| 1962 || 0.0391614466009046 || 2012-01-07 09:52:42 |
| 1963 || -7.53121844621511 || 2016-10-26 01:43:48 |
| 1964 || -22.409377871102 || 2017-11-15 08:38:08 |
| 1965 || 42.0542695908716 || 2019-12-12 11:02:23 |
| 1966 || -14.1960616182666 || 2010-09-23 07:23:20 |
| 1967 || 1.89033578954511 || 2018-08-05 08:26:10 |
| 1968 || 14.6490709161655 || 2018-05-03 19:14:14 |
| 1969 || 57.9211706591828 || 2015-06-03 06:59:11 |
| 1970 || -29.4504789041223 || 2014-07-18 15:03:32 |
| 1971 || 27.0839281218699 || 2015-10-04 08:39:37 |
| 1972 || -0.291543178529705 || 2016-12-24 16:19:56 |
| 1973 || 10.2474942620144 || 2012-11-27 23:53:57 |
| 1974 || 65.4218690351869 || 2013-07-05 04:08:50 |
| 1975 || 56.4356904606556 || 2014-06-11 17:42:48 |
| 1976 || 2.78304856386326 || 2017-02-18 07:30:08 |
| 1977 || 6.0617175940419 || 2018-03-04 15:40:31 |
| 1978 || 2.3458563418509 || 2010-03-14 15:55:59 |
| 1979 || -16.2984007084706 || 2012-04-09 15:01:58 |
| 1980 || 88.2936941160825 || 2013-03-02 17:00:17 |
| 1981 || 1.91621986323358 || 2013-03-16 14:10:29 |
| 1982 || 9.06531254666177 || 2010-02-07 12:21:32 |
| 1983 || 2.11264723554115 || 2010-09-13 14:10:59 |
| 1984 || 41.3693312804402 || 2013-06-02 17:46:07 |
| 1985 || -3.92003926688988 || 2013-09-20 23:28:31 |
| 1986 || 54.4046080504647 || 2012-11-11 00:30:14 |
| 1987 || 10.1575472383757 || 2011-04-03 21:08:48 |
| 1988 || 4.32812419796545 || 2018-04-18 01:57:35 |
| 1989 || 4.62615206162641 || 2014-01-18 09:46:39 |
| 1990 || 69.6780131634309 || 2013-03-21 07:37:59 |
| 1991 || 66.3294568024847 || 2017-07-01 08:59:31 |
| 1992 || -5.61599541923096 || 2014-10-15 01:32:55 |
| 1993 || 2.24089885169835 || 2011-10-17 18:42:07 |
| 1994 || -8.42781599843747 || 2013-05-13 15:06:49 |
| 1995 || 49.3841184310079 || 2015-08-20 09:03:06 |
| 1996 || 61.1829270744818 || 2013-03-27 15:02:38 |
| 1997 || -6.91925897244583 || 2017-10-07 06:07:25 |
| 1998 || 0.531096166515135 || 2016-04-19 08:02:23 |
| 1999 || 2.91295414944354 || 2011-10-13 01:13:06 |
| 2000 || -10.8967555606773 || 2010-01-22 05:25:43 |
| 2001 || -20.199232823829 || 2018-11-12 19:39:33 |
| 2002 || 3.07400476880497 || 2013-04-25 01:07:23 |
| 2003 || 0.00524799259306269 || 2014-02-19 06:05:31 |
| 2004 || 11.8049769700582 || 2012-10-14 06:33:55 |
| 2005 || -19.5868605421259 || 2013-03-13 15:24:56 |
| 2006 || 55.0967443199783 || 2010-09-21 18:18:49 |
| 2007 || -2.34349799104915 || 2017-04-19 21:12:25 |
| 2008 || 0.0124999303487855 || 2019-11-03 03:59:55 |
| 2009 || -9.49696024167336 || 2019-11-18 12:39:49 |
| 2010 || -26.3187879559664 || 2017-07-03 06:36:49 |
| 2011 || 51.9849070433128 || 2011-04-07 21:15:58 |
| 2012 || -11.0746335293295 || 2011-01-17 19:51:34 |
| 2013 || 0.0532672207784799 || 2017-01-05 03:55:48 |
| 2014 || 15.0499357643267 || 2013-06-18 23:30:54 |
| 2015 || 52.1582087774016 || 2015-11-15 21:09:16 |
| 2016 || 86.2692880265354 || 2015-06-02 18:54:04 |
| 2017 || 6.2686426849787 || 2012-08-19 22:05:59 |
| 2018 || 0.263119567221158 || 2013-06-14 12:39:44 |
| 2019 || 18.4628945999584 || 2019-02-25 12:25:09 |
| 2020 || 70.2549920443617 || 2016-11-22 00:05:56 |
| 2021 || 44.4029322830832 || 2010-09-04 17:57:23 |
| 2022 || 47.3259826834676 || 2015-02-07 05:34:29 |
| 2023 || -0.882877521718431 || 2017-06-04 19:02:08 |
| 2024 || 11.2350852955255 || 2011-05-08 11:02:59 |
| 2025 || 64.9741158687737 || 2017-12-23 08:39:54 |
| 2026 || 3.24942892815465 || 2016-05-26 03:43:39 |
| 2027 || -17.5028770430737 || 2019-08-26 20:18:25 |
| 2028 || -0.792036862301089 || 2017-03-19 02:52:02 |
| 2029 || -3.13980068100924 || 2011-12-17 07:50:35 |
| 2030 || 10.4780239288184 || 2017-04-12 11:04:35 |
| 2031 || 51.9593985849769 || 2010-07-19 22:51:24 |
| 2032 || 9.4209813079196 || 2019-07-12 21:36:13 |
| 2033 || -2.68968861806555 || 2014-09-19 23:53:27 |
| 2034 || 7.79998124218137 || 2014-10-11 07:51:48 |
| 2035 || -9.07361840658933 || 2017-05-15 21:43:04 |
| 2036 || -28.9700922457725 || 2012-01-16 17:18:19 |
| 2037 || 57.5146317284323 || 2018-07-25 19:37:45 |
| 2038 || 10.050091970609 || 2016-02-10 14:47:36 |
| 2039 || 2.60410901729794 || 2017-11-03 06:08:53 |
| 2040 || 7.69742701763094 || 2015-09-14 23:01:06 |
| 2041 || 45.704038735706 || 2010-08-07 14:49:31 |
| 2042 || -17.2592964407632 || 2015-03-01 19:50:01 |
| 2043 || -4.66341934459207 || 2019-09-22 11:26:12 |
| 2044 || 2.85755257963803 || 2012-08-06 05:15:13 |
| 2045 || -2.31034917245615 || 2016-03-01 15:36:18 |
| 2046 || 43.9175729735968 || 2013-06-05 15:25:23 |
| 2047 || 61.2309382491448 || 2015-11-22 02:52:00 |
| 2048 || 18.4300782595329 || 2011-02-07 16:49:10 |
| 2049 || 1.00531064975356 || 2013-08-19 19:00:04 |
| 2050 || -13.4860075149127 || 2017-02-12 17:18:59 |
| 2051 || 79.4845698956549 || 2016-04-09 00:59:00 |
| 2052 || 45.1920042391172 || 2017-11-14 03:39:02 |
| 2053 || 4.28252696036273 || 2011-04-22 14:20:56 |
| 2054 || -0.0626125436240843 || 2018-09-22 15:15:33 |
| 2055 || 33.9650499765296 || 2019-04-11 07:14:35 |
| 2056 || 71.3374399406432 || 2011-10-22 19:41:03 |
| 2057 || 62.5132674531295 || 2019-01-25 22:46:27 |
| 2058 || -8.02445159237275 || 2011-04-17 23:09:17 |
| 2059 || 0.000417441454268129 || 2018-11-16 22:13:43 |
| 2060 || 28.4719001572368 || 2011-06-02 12:23:04 |
| 2061 || 50.8685110281571 || 2019-04-05 04:08:36 |
| 2062 || -14.0691464803229 || 2013-06-20 09:28:31 |
| 2063 || 0.75438038901471 || 2017-04-23 16:10:14 |
| 2064 || 0.157240064639114 || 2012-07-25 03:42:40 |
| 2065 || -7.37509073651051 || 2011-11-27 10:25:22 |
| 2066 || 44.0456041240063 || 2017-01-17 04:20:07 |
| 2067 || 81.1486750590177 || 2018-02-21 00:48:16 |
| 2068 || 16.4250505832378 || 2013-07-02 04:43:58 |
| 2069 || -0.423138284657436 || 2017-11-18 22:51:09 |
| 2070 || -6.00655116493202 || 2017-01-18 14:49:58 |
| 2071 || 72.0597802403324 || 2019-01-03 20:31:04 |
| 2072 || 87.228401097721 || 2014-10-10 04:24:06 |
| 2073 || -2.74799559874718 || 2014-02-24 17:09:51 |
| 2074 || 2.5040887095871 || 2016-10-26 11:57:58 |
| 2075 || 4.10073135389104 || 2011-07-08 14:05:13 |
| 2076 || 24.571084853125 || 2011-10-18 17:20:42 |
| 2077 || 88.1011528581278 || 2013-10-04 06:49:15 |
| 2078 || -14.6954998865178 || 2012-02-16 03:41:19 |
| 2079 || 4.12589782075234 || 2013-03-19 04:35:05 |
| 2080 || 10.787794523163 || 2018-07-25 14:05:30 |
| 2081 || 58.3715987201531 || 2011-01-08 03:30:28 |
| 2082 || 87.316067979246 || 2013-06-27 00:11:06 |
| 2083 || 32.3092456947222 || 2011-09-15 03:47:31 |
| 2084 || 1.75436363910618 || 2017-04-04 18:25:15 |
| 2085 || 7.00486936925527 || 2011-06-04 04:08:21 |
| 2086 || -12.7211995007963 || 2014-06-14 22:47:22 |
| 2087 || 72.0830610164341 || 2017-08-22 09:51:15 |
| 2088 || -8.48743986187124 || 2016-07-25 20:34:41 |
| 2089 || -0.16642257361896 || 2014-02-11 22:41:38 |
| 2090 || 4.6820558746351 || 2010-04-15 00:37:59 |
| 2091 || 5.57989571831265 || 2019-12-26 22:03:01 |
| 2092 || -22.851321036582 || 2019-01-06 06:47:28 |
| 2093 || 59.9165422062978 || 2017-03-02 06:42:27 |
| 2094 || 10.0801391452016 || 2015-12-09 09:41:05 |
| 2095 || 2.49411957631661 || 2019-01-21 14:31:43 |
| 2096 || 46.1520724130561 || 2016-11-24 00:27:17 |
| 2097 || -8.30274269073345 || 2019-05-14 16:32:52 |
| 2098 || 68.8843348792464 || 2014-05-07 02:25:11 |
| 2099 || 8.19529243079696 || 2014-06-06 23:02:54 |
| 2100 || 0.0729122410273003 || 2013-04-21 11:50:42 |
| 2101 || -1.8766682994013 || 2017-05-21 12:17:02 |
| 2102 || 79.0718535848153 || 2010-09-01 17:42:21 |
| 2103 || -20.4888828661027 || 2018-08-02 14:51:30 |
| 2104 || -7.01953033759556 || 2011-07-08 21:56:08 |
| 2105 || -0.0270924609953531 || 2011-03-08 19:05:09 |
| 2106 || 35.0040315174201 || 2012-09-16 11:18:49 |
| 2107 || -5.05033829315955 || 2013-03-09 06:50:36 |
| 2108 || -17.5097916458755 || 2015-03-07 11:09:57 |
| 2109 || -9.00751815196999 || 2017-04-07 09:29:16 |
| 2110 || 0.00213508214964231 || 2019-01-07 17:58:57 |
| 2111 || -1.39927848091446 || 2010-05-21 09:32:18 |
| 2112 || 7.42841506817354 || 2013-10-06 08:42:10 |
| 2113 || 27.952837661425 || 2018-02-11 21:38:33 |
| 2114 || 12.31442710648 || 2011-06-07 03:21:16 |
| 2115 || 0.229914900127126 || 2012-04-22 05:58:24 |
| 2116 || -8.22932081043093 || 2017-04-05 12:04:16 |
| 2117 || 23.3283451027311 || 2014-04-12 17:47:54 |
| 2118 || -27.623934393889 || 2017-11-03 13:24:16 |
| 2119 || 37.1469365593297 || 2015-08-02 07:49:50 |
| 2120 || -0.283439412743772 || 2017-11-12 10:09:30 |
| 2121 || -0.0325942008016571 || 2012-11-17 23:47:59 |
| 2122 || 52.9133254974846 || 2011-08-26 16:04:02 |
| 2123 || -26.4880141460258 || 2018-10-20 14:19:13 |
| 2124 || -8.80379118085811 || 2016-10-27 01:27:17 |
| 2125 || -0.778921467879104 || 2018-10-07 12:45:59 |
| 2126 || 6.66148302063918 || 2016-10-10 00:27:39 |
| 2127 || -13.7753965523938 || 2014-11-19 16:06:24 |
| 2128 || 32.4242475086744 || 2011-04-02 14:57:15 |
| 2129 || 47.9696863630515 || 2017-06-07 14:54:46 |
| 2130 || 4.70187057083532 || 2011-01-20 20:10:11 |
| 2131 || 8.60557133160896 || 2016-06-10 20:58:35 |
| 2132 || -20.7483877956376 || 2010-01-22 07:34:10 |
| 2133 || -21.7022598217852 || 2014-08-17 13:13:06 |
| 2134 || 32.8103555623661 || 2017-07-14 04:23:15 |
| 2135 || 6.38743125330588 || 2018-07-20 01:03:12 |
| 2136 || 8.84922508921629 || 2014-10-25 03:59:06 |
| 2137 || -19.2452376029868 || 2010-12-12 20:44:51 |
| 2138 || 89.8628312386125 || 2013-12-21 04:54:54 |
| 2139 || 58.7011468414221 || 2011-03-09 15:10:28 |
| 2140 || 10.7889614537689 || 2017-09-10 15:20:53 |
| 2141 || 3.94494858369581 || 2018-01-06 17:16:10 |
| 2142 || -13.4757797046622 || 2012-09-04 07:42:30 |
| 2143 || 31.7244452756018 || 2010-09-17 03:17:00 |
| 2144 || 55.3861499975996 || 2012-01-26 09:23:24 |
| 2145 || 14.176684674002 || 2014-08-03 03:09:46 |
| 2146 || 3.41367485377404 || 2018-08-19 03:56:56 |
| 2147 || 29.0980621008706 || 2010-04-11 20:06:31 |
| 2148 || 70.5228696303422 || 2011-11-05 09:31:22 |
| 2149 || 11.7019869807969 || 2010-12-11 21:24:47 |
| 2150 || -5.93676584796968 || 2017-03-22 13:05:29 |
| 2151 || -0.34058381892353 || 2013-12-08 17:59:07 |
| 2152 || 30.2194817535149 || 2012-07-21 02:19:26 |
| 2153 || 75.6353788038368 || 2010-04-09 20:16:39 |
| 2154 || -21.7809304101409 || 2012-07-03 06:04:11 |
| 2155 || -7.00240649334757 || 2015-08-26 17:38:34 |
| 2156 || -0.166102785420384 || 2013-10-22 05:46:48 |
| 2157 || 26.2390310192504 || 2014-08-23 19:53:11 |
| 2158 || 83.9602057557294 || 2019-07-03 00:50:15 |
| 2159 || 18.5216639735725 || 2014-08-26 10:10:51 |
| 2160 || 27.0901027474182 || 2016-07-10 10:30:26 |
| 2161 || -0.00329861852390972 || 2016-03-22 00:03:07 |
| 2162 || 10.1579632283971 || 2014-08-16 13:24:45 |
| 2163 || -17.9432007606399 || 2016-09-09 13:01:16 |
| 2164 || 62.9239540533839 || 2012-11-24 22:52:56 |
| 2165 || 18.3819646072272 || 2016-12-27 20:16:02 |
| 2166 || 0.0640702596851369 || 2014-12-14 14:38:22 |
| 2167 || 6.98101080857398 || 2013-04-14 23:34:18 |
| 2168 || 55.49783463993 || 2010-04-25 14:20:51 |
| 2169 || 39.8746543762722 || 2012-09-11 04:27:07 |
| 2170 || 27.3535498595563 || 2019-09-07 17:41:22 |
| 2171 || 0.206942215048917 || 2010-04-12 08:03:21 |
| 2172 || 21.7036894376301 || 2017-11-03 00:16:06 |
| 2173 || 73.5476656135656 || 2016-03-24 05:15:04 |
| 2174 || 84.0220566814273 || 2012-06-13 08:24:39 |
| 2175 || 43.2649535020329 || 2011-07-02 07:45:26 |
| 2176 || -0.101542301956983 || 2010-11-09 05:33:32 |
| 2177 || -5.73819544948527 || 2015-02-02 04:54:17 |
| 2178 || 20.8743745558215 || 2010-10-18 12:06:59 |
| 2179 || 88.7702642175836 || 2019-01-23 21:04:18 |
| 2180 || 5.69402832529115 || 2017-08-20 02:39:20 |
| 2181 || -1.06609621375895 || 2016-08-05 22:52:28 |
| 2182 || 9.69329847420533 || 2011-12-08 18:15:04 |
| 2183 || 24.6774192537057 || 2012-08-25 18:32:05 |
| 2184 || 43.4518681451325 || 2013-07-17 18:04:20 |
| 2185 || -17.3941070812987 || 2016-02-21 19:40:20 |
| 2186 || 0.9214479151921 || 2015-07-18 12:07:58 |
| 2187 || 5.17323138942175 || 2015-11-27 01:26:53 |
| 2188 || -0.366966903177912 || 2016-04-08 13:38:40 |
| 2189 || -29.9398086956829 || 2010-10-12 05:05:32 |
| 2190 || -14.1395441721429 || 2013-08-15 06:47:06 |
| 2191 || -0.901301798571166 || 2017-05-27 19:37:22 |
| 2192 || -1.92171488008011 || 2014-06-27 23:12:32 |
| 2193 || 10.7054793839537 || 2012-10-12 04:41:56 |
| 2194 || 88.508882970998 || 2018-06-01 11:30:16 |
| 2195 || 65.0957899228939 || 2010-10-24 06:36:27 |
| 2196 || 12.1215749591572 || 2012-05-18 06:34:38 |
| 2197 || 3.18690356247861 || 2010-08-25 02:31:17 |
| 2198 || -15.9788367021829 || 2016-12-18 00:36:20 |
| 2199 || 37.8081158623825 || 2016-08-25 02:57:02 |
| 2200 || -17.2401961072736 || 2017-12-08 23:02:26 |
| 2201 || 17.2817763674601 || 2016-03-04 19:33:56 |
| 2202 || 0.461971833259659 || 2014-04-04 07:18:34 |
| 2203 || -7.48926746105221 || 2018-11-03 05:31:49 |
| 2204 || 17.3552455123633 || 2015-08-07 16:32:20 |
| 2205 || 60.3769230383981 || 2010-07-10 17:02:40 |
| 2206 || 16.1568221848934 || 2015-09-22 12:06:46 |
| 2207 || 0.615189158783105 || 2014-10-07 01:48:28 |
| 2208 || -12.4403786620446 || 2015-05-26 16:04:17 |
| 2209 || -27.4431001859461 || 2018-11-21 13:17:47 |
| 2210 || 51.738342437229 || 2011-10-15 01:29:38 |
| 2211 || 3.45457247758217 || 2017-05-01 16:58:31 |
| 2212 || 0.00205710771055813 || 2017-10-06 18:02:09 |
| 2213 || 1.19511726961934 || 2019-12-23 20:38:07 |
| 2214 || -10.5114867562702 || 2013-05-10 01:38:53 |
| 2215 || 39.6031197290358 || 2019-01-20 18:03:15 |
| 2216 || 11.1819807571346 || 2012-09-05 09:53:11 |
| 2217 || 0.0260660130094361 || 2016-12-27 02:09:12 |
| 2218 || -3.15162043338756 || 2018-06-15 16:51:22 |
| 2219 || 27.3286386431525 || 2011-05-22 00:21:32 |
| 2220 || 81.8790187172094 || 2016-04-17 15:35:35 |
| 2221 || 17.3627013098423 || 2013-02-16 13:11:58 |
| 2222 || 0.0184951107094259 || 2014-08-20 03:32:21 |
| 2223 || -7.56123424486924 || 2012-12-13 05:40:00 |
| 2224 || 34.0533403307717 || 2013-12-09 09:05:44 |
| 2225 || -19.8413488060959 || 2011-06-12 10:06:49 |
| 2226 || 42.3633048922741 || 2014-05-10 14:35:17 |
| 2227 || 0.409035588353576 || 2016-09-03 14:29:30 |
| 2228 || -2.1514248945184 || 2012-12-09 17:22:04 |
| 2229 || -23.3814478229178 || 2019-06-22 15:50:14 |
| 2230 || -25.5318725418108 || 2018-12-26 22:35:19 |
| 2231 || -11.5875466204091 || 2014-07-15 04:35:44 |
| 2232 || -1.24701421663521 || 2015-08-24 01:53:50 |
| 2233 || -3.96177102383265 || 2011-12-05 04:39:39 |
| 2234 || 63.0160398401405 || 2014-04-16 18:24:23 |
| 2235 || -27.1858237122222 || 2015-02-04 13:48:26 |
| 2236 || -14.2941731437751 || 2016-02-04 03:51:09 |
| 2237 || 1.123228324747 || 2012-07-04 07:49:39 |
| 2238 || 3.2703515795607 || 2018-07-21 07:30:09 |
| 2239 || 60.4544189464359 || 2014-09-11 04:38:20 |
| 2240 || 72.9477853195476 || 2013-09-19 09:19:43 |
| 2241 || 51.7348257815743 || 2013-06-18 17:19:18 |
| 2242 || 5.67273750832345 || 2011-04-06 10:13:37 |
| 2243 || -1.85288444461527 || 2013-10-21 19:22:28 |
| 2244 || 54.0817830801923 || 2014-09-03 04:02:47 |
| 2245 || -14.5359213887537 || 2013-11-18 16:10:24 |
| 2246 || -8.13256849210195 || 2013-07-01 03:46:04 |
| 2247 || -0.364841061027654 || 2015-06-17 19:20:24 |
| 2248 || -0.279455915901457 || 2016-03-03 13:26:30 |
| 2249 || 33.7811906838078 || 2014-05-02 19:37:14 |
| 2250 || 86.7118216719649 || 2010-09-03 12:26:24 |
| 2251 || 61.6347448801846 || 2019-06-04 06:36:11 |
| 2252 || -5.34800789712958 || 2010-11-04 20:38:04 |
| 2253 || 1.90763308568157 || 2012-06-07 09:25:20 |
| 2254 || -8.98179605306233 || 2010-11-05 21:20:30 |
| 2255 || 0.361759551864136 || 2013-09-03 00:38:57 |
| 2256 || -24.2546682603755 || 2016-12-05 07:18:02 |
| 2257 || 19.2819362857517 || 2019-04-13 00:10:37 |
| 2258 || -0.321455466403764 || 2014-02-07 16:57:51 |
| 2259 || -1.30321719660346 || 2010-02-08 00:47:56 |
| 2260 || 48.2680436502953 || 2016-06-26 02:40:52 |
| 2261 || -21.8888769150971 || 2017-12-06 14:12:11 |
| 2262 || 6.42686671875744 || 2014-01-14 05:43:05 |
| 2263 || -0.0379299286253628 || 2018-08-25 07:21:23 |
| 2264 || 33.8020590902732 || 2018-10-23 06:01:08 |
| 2265 || 80.6805791118498 || 2015-08-23 02:19:35 |
| 2266 || 76.7869217682795 || 2016-09-20 12:52:58 |
| 2267 || 31.5086025037563 || 2010-12-01 09:16:17 |
| 2268 || -0.00708554716534507 || 2010-01-13 08:43:05 |
| 2269 || -9.47426307151242 || 2010-09-09 11:15:59 |
| 2270 || 44.9934713414181 || 2011-09-21 20:26:00 |
| 2271 || 42.7286598561648 || 2017-05-05 09:46:26 |
| 2272 || 7.97446956877179 || 2014-12-26 15:57:31 |
| 2273 || 0.426693153950336 || 2018-05-12 00:12:50 |
| 2274 || -5.10140969297406 || 2015-03-06 17:09:56 |
| 2275 || 42.5228260978271 || 2016-02-15 16:26:45 |
| 2276 || 62.4914446732139 || 2015-08-07 15:30:44 |
| 2277 || -5.83573937679642 || 2011-06-03 20:45:17 |
| 2278 || -0.51651740965675 || 2015-03-18 16:51:36 |
| 2279 || 2.85364219356353 || 2019-07-21 13:11:01 |
| 2280 || 59.5487743969521 || 2015-03-20 08:47:38 |
| 2281 || 40.0149858722646 || 2014-12-12 17:15:46 |
| 2282 || 7.79483225481412 || 2011-06-25 06:30:09 |
| 2283 || 2.97469141921255 || 2014-06-10 19:33:03 |
| 2284 || 10.6000802867854 || 2011-10-11 16:14:28 |
| 2285 || 10.0936012995264 || 2019-06-03 14:00:05 |
| 2286 || 64.9803374033693 || 2018-09-11 15:02:26 |
| 2287 || 50.1972770343505 || 2018-11-08 09:24:55 |
| 2288 || 3.37838097331043 || 2012-08-23 12:36:33 |
| 2289 || 0.424740480966825 || 2017-11-16 17:57:50 |
| 2290 || 48.3491431410644 || 2017-06-26 11:23:47 |
| 2291 || 89.2632013427111 || 2013-04-03 05:18:27 |
| 2292 || -7.93268779914129 || 2016-01-26 08:58:56 |
| 2293 || 0.78430693270143 || 2010-03-17 06:16:54 |
| 2294 || 7.4611649626799 || 2014-03-18 04:47:30 |
| 2295 || 35.4029518136699 || 2019-05-03 15:32:00 |
| 2296 || -2.99412086988066 || 2014-05-18 09:32:25 |
| 2297 || -21.0927256464855 || 2016-03-19 13:13:50 |
| 2298 || 12.2512719271909 || 2012-01-01 17:38:06 |
| 2299 || -0.735446783060328 || 2019-03-05 20:11:58 |
| 2300 || -13.841956061358 || 2012-02-26 21:59:26 |
| 2301 || 73.8577232031831 || 2013-08-26 07:02:58 |
| 2302 || 48.0060442114493 || 2017-10-25 01:40:17 |
| 2303 || -5.29056475491447 || 2017-02-20 03:03:33 |
| 2304 || 0.78071420853846 || 2014-10-04 02:02:35 |
| 2305 || 19.8062988919808 || 2017-10-13 20:46:07 |
| 2306 || 35.1091122853948 || 2016-08-23 12:00:19 |
| 2307 || -21.793546636108 || 2016-07-08 05:56:03 |
| 2308 || 6.03214903762418 || 2011-05-18 21:58:24 |
| 2309 || -0.385798610430878 || 2014-08-17 12:48:32 |
| 2310 || -12.1789452292886 || 2012-10-17 00:08:59 |
| 2311 || 85.1643581309805 || 2011-01-21 19:48:09 |
| 2312 || -20.3263838777825 || 2018-07-01 05:08:32 |
| 2313 || 13.8490155938203 || 2012-03-15 10:42:43 |
| 2314 || 0.199890090228651 || 2018-05-07 21:54:17 |
| 2315 || 2.29121856921609 || 2011-11-26 02:35:01 |
| 2316 || 75.0805108830582 || 2010-05-18 17:53:39 |
| 2317 || 45.1130649581831 || 2014-09-24 16:11:04 |
| 2318 || 14.6138914692545 || 2015-12-13 11:00:10 |
| 2319 || 0.00108080450144626 || 2018-04-01 15:42:04 |
| 2320 || 29.2961766678441 || 2013-02-15 22:42:20 |
| 2321 || 77.7929372253419 || 2016-05-27 05:44:04 |
| 2322 || 53.4098311800099 || 2018-08-14 18:27:52 |
| 2323 || 9.13467264063548 || 2014-08-09 12:10:30 |
| 2324 || 0.134976297765833 || 2016-10-08 11:58:12 |
| 2325 || 12.6220965438732 || 2019-02-17 14:03:47 |
| 2326 || 62.6645901689304 || 2011-09-26 18:26:13 |
| 2327 || 31.0732737121345 || 2012-03-11 22:16:08 |
| 2328 || 39.1463641377042 || 2016-03-22 14:21:53 |
| 2329 || 0.118595070899835 || 2015-04-12 23:36:34 |
| 2330 || 10.9130464888177 || 2019-09-19 17:25:31 |
| 2331 || 56.9520338982762 || 2017-04-14 08:29:31 |
| 2332 || -28.8471267219762 || 2011-06-24 13:57:56 |
| 2333 || -3.71431796274783 || 2014-08-04 14:29:56 |
| 2334 || 0.0746337996215935 || 2012-07-03 09:00:27 |
| 2335 || -5.17116425577762 || 2012-06-09 07:57:50 |
| 2336 || -10.0489375603979 || 2015-02-06 12:43:56 |
| 2337 || 86.6239561579186 || 2013-02-24 10:53:55 |
| 2338 || 39.4305027969432 || 2019-05-09 06:49:46 |
| 2339 || -0.453597602033933 || 2012-08-26 18:05:38 |
| 2340 || 4.96187928423558 || 2019-12-08 18:11:08 |
| 2341 || -19.0696186669309 || 2014-09-05 05:30:15 |
| 2342 || -14.1321249276293 || 2010-08-06 12:14:26 |
| 2343 || -17.0077078250837 || 2012-04-25 00:32:55 |
| 2344 || 3.79339239236764 || 2010-10-12 09:19:23 |
| 2345 || 3.29280346903246 || 2017-01-06 00:23:19 |
| 2346 || 32.5979831200749 || 2011-06-16 19:24:25 |
| 2347 || 54.1091174938618 || 2012-09-02 20:52:34 |
| 2348 || -20.1038790058588 || 2013-11-10 05:39:35 |
| 2349 || -3.47694074385176 || 2011-08-19 14:51:31 |
| 2350 || -1.12678540287552 || 2017-07-04 12:45:32 |
| 2351 || 35.6211038559304 || 2016-07-07 01:40:21 |
| 2352 || 33.5913535241755 || 2012-10-09 20:42:49 |
| 2353 || 18.2566902848424 || 2017-07-05 05:55:44 |
| 2354 || 15.2816960102919 || 2017-05-20 12:37:46 |
| 2355 || 0.0697149146527658 || 2014-05-02 01:04:59 |
| 2356 || -15.4570355005806 || 2010-04-06 09:45:49 |
| 2357 || -26.6530401868831 || 2011-11-24 22:41:23 |
| 2358 || -20.0432674044629 || 2015-11-09 19:09:01 |
| 2359 || 16.8052118178844 || 2016-02-22 18:44:18 |
| 2360 || -0.470817819423896 || 2015-12-09 11:52:27 |
| 2361 || -1.59968213661072 || 2013-05-10 04:17:19 |
| 2362 || 6.42788374732437 || 2019-01-13 08:12:31 |
| 2363 || 3.11225829133278 || 2016-08-03 01:24:41 |
| 2364 || -7.20532762596954 || 2015-04-20 08:13:40 |
| 2365 || 0.304280591927741 || 2015-07-07 18:38:42 |
| 2366 || 25.6151033802184 || 2014-08-02 06:55:03 |
| 2367 || 37.562491090875 || 2017-06-21 08:18:52 |
| 2368 || 34.6759031890303 || 2011-07-16 15:29:46 |
| 2369 || -1.62080985260847 || 2012-07-16 07:58:19 |
| 2370 || 0.00287140914497687 || 2010-01-24 00:21:22 |
| 2371 || 30.5641179101999 || 2016-07-20 16:36:04 |
| 2372 || 1.73067419722814 || 2014-02-24 23:02:13 |
| 2373 || 25.0605843251925 || 2011-08-25 22:05:37 |
| 2374 || 20.1768418645111 || 2010-04-07 13:33:36 |
| 2375 || -0.0885034915290767 || 2012-01-08 14:38:19 |
| 2376 || 19.2945104485677 || 2014-10-02 01:22:38 |
| 2377 || 45.8035819903516 || 2018-05-25 06:34:24 |
| 2378 || 67.2081481882045 || 2016-11-17 13:13:27 |
| 2379 || -0.945182987401318 || 2011-06-22 01:37:59 |
| 2380 || 1.17993126994414 || 2013-07-05 21:14:58 |
| 2381 || 0.755007472138044 || 2019-11-02 07:02:48 |
| 2382 || 28.9322204233959 || 2014-03-17 00:11:56 |
| 2383 || -1.7794468355498 || 2016-01-25 23:48:29 |
| 2384 || 22.7786883297748 || 2016-07-13 04:55:50 |
| 2385 || 1.42114480500523 || 2014-12-01 17:57:16 |
| 2386 || -5.41937403614908 || 2014-03-10 15:34:19 |
| 2387 || 26.4391475768233 || 2016-08-03 15:43:54 |
| 2388 || 17.0753453225777 || 2019-01-04 20:12:13 |
| 2389 || 3.95227053319461 || 2012-02-09 19:55:07 |
| 2390 || -1.2106598507471 || 2014-01-08 00:53:53 |
| 2391 || -2.95741697317431 || 2012-12-27 18:10:35 |
| 2392 || -4.75167684141286 || 2019-05-18 15:11:15 |
| 2393 || 10.9823730411936 || 2012-04-19 13:12:54 |
| 2394 || -15.7068530491334 || 2011-09-08 20:29:44 |
| 2395 || 4.96137695483495 || 2010-06-14 21:16:47 |
| 2396 || 8.42488469058899 || 2015-12-27 01:40:11 |
| 2397 || -19.105695570719 || 2011-07-15 23:38:50 |
| 2398 || 11.4304264508268 || 2012-05-26 16:52:28 |
| 2399 || 38.3559264403971 || 2018-03-03 04:56:02 |
| 2400 || 0.890538142211612 || 2011-04-21 10:35:03 |
| 2401 || -1.48702512940542 || 2016-06-23 05:58:06 |
| 2402 || 33.1905507868292 || 2019-12-01 17:30:41 |
| 2403 || 46.7563067740027 || 2018-08-12 16:18:31 |
| 2404 || 8.10431673973982 || 2018-06-06 22:48:43 |
| 2405 || -4.90259053760104 || 2014-07-03 08:09:48 |
| 2406 || 0.116168749014234 || 2013-08-23 18:40:10 |
| 2407 || -6.99106948874021 || 2014-08-15 02:34:52 |
| 2408 || -24.3576196214538 || 2018-11-25 00:49:51 |
| 2409 || 26.9994825626244 || 2014-02-07 12:30:22 |
| 2410 || -5.30954519369022 || 2017-02-10 08:33:47 |
| 2411 || 1.47911169156256 || 2012-10-16 07:47:56 |
| 2412 || 37.0831298017628 || 2015-01-02 23:48:25 |
| 2413 || 85.4932612033143 || 2016-01-19 15:22:34 |
| 2414 || 74.9544151029086 || 2018-04-27 04:32:33 |
| 2415 || 23.4885607566112 || 2016-12-17 11:48:52 |
| 2416 || 0.385464770296794 || 2018-01-08 09:17:51 |
| 2417 || -12.0094070406816 || 2012-12-05 11:26:09 |
| 2418 || -27.2982801106145 || 2019-06-27 04:01:25 |
| 2419 || -23.7016073665533 || 2011-11-04 07:25:04 |
| 2420 || 26.1680271389432 || 2011-05-22 13:09:40 |
| 2421 || 0.0244760846945642 || 2011-12-05 11:37:38 |
| 2422 || -9.68801583790166 || 2019-09-17 23:07:18 |
| 2423 || 7.40139478683386 || 2013-04-10 04:37:24 |
| 2424 || 12.6559042603775 || 2012-11-27 22:41:12 |
| 2425 || 12.1298014458454 || 2010-08-05 22:59:51 |
| 2426 || 0.167256689804112 || 2013-07-07 05:45:40 |
| 2427 || -6.00271538916999 || 2013-02-02 06:16:46 |
| 2428 || 60.1606670285321 || 2019-11-03 17:15:45 |
| 2429 || 65.6724576265775 || 2015-07-12 07:46:28 |
| 2430 || 19.822154115325 || 2019-10-13 22:31:35 |
| 2431 || 0.163469512722199 || 2015-12-20 10:55:50 |
| 2432 || 13.247633894777 || 2018-06-20 15:36:37 |
| 2433 || 73.4527159368269 || 2011-04-23 02:55:29 |
| 2434 || 25.2939021486134 || 2010-05-02 07:23:20 |
| 2435 || -9.95355735464223 || 2013-09-08 07:30:08 |
| 2436 || 0.955898981688145 || 2010-03-13 19:28:53 |
| 2437 || 0.371373445147267 || 2017-09-03 00:22:36 |
| 2438 || 63.421645497377 || 2018-11-10 12:05:14 |
| 2439 || 44.9847417249695 || 2019-09-19 08:38:35 |
| 2440 || 48.2093196227164 || 2018-07-04 01:09:58 |
| 2441 || 3.74348769481699 || 2016-10-25 15:27:37 |
| 2442 || -0.413932476301702 || 2013-07-25 20:58:46 |
| 2443 || -13.5758156724281 || 2019-04-15 22:32:29 |
| 2444 || 89.2036545350555 || 2011-07-19 13:59:33 |
| 2445 || 11.1505041654755 || 2010-01-24 15:07:12 |
| 2446 || 6.47617687150135 || 2012-02-13 17:14:57 |
| 2447 || -3.08708234212322 || 2013-11-06 17:44:57 |
| 2448 || 57.3825247388931 || 2014-12-20 00:01:17 |
| 2449 || 4.71656990117932 || 2014-10-17 20:16:29 |
| 2450 || -13.4034116252975 || 2011-10-10 22:35:12 |
| 2451 || -3.43617029412893 || 2013-01-26 22:27:48 |
| 2452 || -2.13404011225612 || 2011-12-05 06:23:58 |
| 2453 || -14.6421072533056 || 2014-11-09 05:32:03 |
| 2454 || 72.3064894806872 || 2017-05-16 04:01:59 |
| 2455 || -3.09118636100596 || 2017-12-20 21:23:00 |
| 2456 || 1.82767104947778 || 2011-01-25 06:48:17 |
| 2457 || -1.18043194215868 || 2019-06-21 22:08:45 |
| 2458 || -3.55977345383224 || 2017-08-25 21:04:58 |
| 2459 || 11.6479990073579 || 2011-10-13 17:14:51 |
| 2460 || 43.7517120266407 || 2015-08-23 06:23:30 |
| 2461 || 17.3982930207701 || 2015-05-11 06:08:08 |
| 2462 || 0.0645240225900415 || 2016-09-04 08:41:06 |
| 2463 || 43.1046545583042 || 2018-06-03 01:34:50 |
| 2464 || 80.3974841279282 || 2015-05-26 04:09:19 |
| 2465 || 25.1025352429439 || 2018-01-20 05:44:12 |
| 2466 || 9.99978056863949 || 2013-07-09 03:42:27 |
| 2467 || 0.23667133313091 || 2017-05-07 14:21:31 |
| 2468 || 7.56654412264673 || 2011-12-03 21:22:21 |
| 2469 || 37.9788268748901 || 2013-09-25 20:06:19 |
| 2470 || -25.5037518897387 || 2015-10-01 20:40:51 |
| 2471 || -8.26068579943639 || 2019-09-22 01:50:35 |
| 2472 || 0.000637842191568888 || 2011-09-20 08:40:45 |
| 2473 || 31.1353491877222 || 2016-11-22 06:38:56 |
| 2474 || 41.2155512782159 || 2010-02-16 05:03:51 |
| 2475 || -13.2930871010291 || 2016-04-07 16:43:09 |
| 2476 || 31.3844321165627 || 2015-02-10 16:00:05 |
| 2477 || 0.0493267458316879 || 2016-08-02 01:04:58 |
| 2478 || 3.659183614903 || 2015-01-10 09:40:07 |
| 2479 || -20.2726178763296 || 2019-07-18 15:32:58 |
| 2480 || 46.8122235910052 || 2012-02-04 22:53:05 |
| 2481 || -12.4899586146942 || 2016-06-16 09:17:43 |
| 2482 || -0.244989167713021 || 2015-10-18 04:07:08 |
| 2483 || 9.06695832482352 || 2013-05-06 16:15:07 |
| 2484 || 54.1491700587778 || 2013-09-22 01:37:30 |
| 2485 || -23.6185149619883 || 2013-07-22 16:33:13 |
| 2486 || 42.2027332642932 || 2019-01-21 18:24:49 |
| 2487 || 2.07793169054258 || 2017-01-15 20:55:55 |
| 2488 || -2.0845010813244 || 2015-12-07 02:51:25 |
| 2489 || 64.4534041829423 || 2013-04-27 10:41:52 |
| 2490 || 86.5840424424305 || 2018-12-24 01:52:21 |
| 2491 || -15.8292983770899 || 2012-02-08 12:54:04 |
| 2492 || -1.24919644776751 || 2013-09-25 08:11:48 |
| 2493 || -0.583075809027523 || 2010-05-19 18:58:19 |
| 2494 || -6.54440071183988 || 2011-05-24 14:31:59 |
| 2495 || 69.2502972390398 || 2015-10-17 23:50:05 |
| 2496 || 49.0417349481834 || 2013-05-20 16:05:21 |
| 2497 || -1.37306522738129 || 2019-10-10 11:44:45 |
| 2498 || 4.716411710921 || 2017-01-21 03:10:18 |
| 2499 || 33.9855944322089 || 2012-06-16 08:09:31 |
| 2500 || 59.9616073584582 || 2010-12-09 21:22:36 |
| 2501 || -19.606990223727 || 2014-10-12 22:07:09 |
| 2502 || -2.33689761276426 || 2013-10-15 09:00:05 |
| 2503 || -2.29884067491244 || 2015-10-14 10:09:46 |
| 2504 || 22.5068699376531 || 2019-04-01 03:00:48 |
| 2505 || 82.3347772816302 || 2010-03-15 12:58:53 |
| 2506 || 59.1680342923189 || 2013-05-04 17:18:04 |
| 2507 || 12.5710095067648 || 2016-07-25 07:59:11 |
| 2508 || -1.43665457515469 || 2010-08-04 20:36:36 |
| 2509 || -8.94769168887361 || 2013-12-08 02:08:12 |
| 2510 || 70.0982176952228 || 2018-10-23 02:41:44 |
| 2511 || -23.109379502285 || 2013-07-11 10:59:52 |
| 2512 || 11.4199620262449 || 2019-01-08 09:30:51 |
| 2513 || 1.49253262260478 || 2015-12-21 16:58:15 |
| 2514 || 39.3331457131549 || 2010-09-06 13:38:58 |
| 2515 || -27.0167473286876 || 2010-10-01 01:59:39 |
| 2516 || 24.6473360639137 || 2016-04-20 14:06:29 |
| 2517 || 13.3856925235954 || 2017-01-18 20:43:05 |
| 2518 || 0.0525383553630108 || 2011-11-03 10:40:48 |
| 2519 || -12.731493007289 || 2013-01-11 15:49:31 |
| 2520 || 83.0758199409237 || 2012-10-01 15:26:33 |
| 2521 || 46.7875508315569 || 2011-03-18 11:59:22 |
| 2522 || -1.55002747086724 || 2018-11-01 21:03:47 |
| 2523 || 0.0805781574747392 || 2013-06-07 12:35:07 |
| 2524 || 18.1633970171576 || 2012-10-02 19:43:08 |
| 2525 || 67.731077958023 || 2018-06-08 17:01:15 |
| 2526 || 18.5024298290704 || 2013-08-15 14:23:07 |
| 2527 || 1.31977301135743 || 2019-02-24 09:59:28 |
| 2528 || 0.0253248258158757 || 2013-01-04 09:34:01 |
| 2529 || 9.07835245020882 || 2015-12-06 05:47:01 |
| 2530 || 63.4068291647828 || 2015-11-08 06:54:43 |
| 2531 || 61.1471978144132 || 2012-10-18 08:24:52 |
| 2532 || 26.9221134236901 || 2016-03-14 10:59:13 |
| 2533 || 0.244893337079082 || 2013-10-01 18:32:21 |
| 2534 || 13.984946811654 || 2014-06-26 19:04:23 |
| 2535 || 6.31163788762843 || 2012-02-06 18:43:07 |
| 2536 || 36.1400775671824 || 2010-10-17 02:34:57 |
| 2537 || -12.1905137526355 || 2010-03-15 17:34:28 |
| 2538 || -0.491941932796119 || 2010-05-06 01:03:52 |
| 2539 || 6.32063480417517 || 2017-06-24 08:08:13 |
| 2540 || -20.1190525072128 || 2013-01-25 12:31:15 |
| 2541 || -15.6566827938929 || 2011-05-11 00:32:37 |
| 2542 || -0.251843016728295 || 2014-07-09 04:00:06 |
| 2543 || 3.44506498242944 || 2016-06-06 07:32:47 |
| 2544 || 13.7413582198137 || 2012-06-24 08:02:04 |
| 2545 || 5.56799368255844 || 2015-10-02 02:47:37 |
| 2546 || -29.2612719991469 || 2013-05-25 20:02:06 |
| 2547 || -7.17084946079486 || 2017-03-10 06:23:35 |
| 2548 || -1.91812591268965 || 2010-04-02 17:38:05 |
| 2549 || 1.37511280100112 || 2012-03-27 03:32:28 |
| 2550 || 55.6073532707812 || 2019-01-12 13:39:07 |
| 2551 || 44.5335399603941 || 2014-02-03 14:26:39 |
| 2552 || -18.9109409209287 || 2013-07-09 00:51:28 |
| 2553 || 8.53295301498703 || 2017-09-07 23:25:57 |
| 2554 || 5.61972250810307 || 2019-01-02 01:15:33 |
| 2555 || 47.7923322858138 || 2018-11-17 00:30:58 |
| 2556 || 85.7998180766134 || 2016-11-20 11:52:04 |
| 2557 || -14.1593841742351 || 2017-11-10 16:43:02 |
| 2558 || -3.5497593393308 || 2015-10-17 16:03:01 |
| 2559 || 1.72850150008991 || 2017-02-22 06:34:25 |
| 2560 || -16.7934143484883 || 2018-12-07 14:51:13 |
| 2561 || 78.5419429685147 || 2015-02-22 16:33:49 |
| 2562 || 67.1033406482772 || 2014-07-12 11:16:51 |
| 2563 || 3.12052623182267 || 2016-01-01 01:39:38 |
| 2564 || 0.691674096455883 || 2011-08-07 00:05:04 |
| 2565 || 35.3162726742329 || 2016-11-20 05:24:19 |
| 2566 || 47.8925213272241 || 2012-12-23 12:30:20 |
| 2567 || 43.6677633277819 || 2011-03-13 03:00:31 |
| 2568 || 19.4853965658199 || 2015-05-27 19:30:28 |
| 2569 || 0.0367603132363182 || 2010-02-17 00:07:14 |
| 2570 || -4.79125192144577 || 2011-08-02 07:39:27 |
| 2571 || 43.1443348315949 || 2012-10-11 22:29:58 |
| 2572 || 62.4807979735118 || 2013-08-27 04:24:34 |
| 2573 || -6.41377295536241 || 2017-02-21 19:50:34 |
| 2574 || 0.184238285456064 || 2017-01-17 05:02:49 |
| 2575 || 10.1867110731114 || 2019-07-02 01:44:50 |
| 2576 || 51.6193153990866 || 2012-07-05 21:30:17 |
| 2577 || -5.19237937153654 || 2019-09-22 18:31:49 |
| 2578 || -6.7407785847018 || 2013-03-08 20:18:29 |
| 2579 || 0.00646773348252039 || 2015-11-10 11:36:57 |
| 2580 || 21.1594594872349 || 2018-10-09 04:30:49 |
| 2581 || 50.0981889887393 || 2013-03-11 05:55:57 |
| 2582 || 28.9055862710908 || 2013-10-21 13:24:22 |
| 2583 || 31.9549329070012 || 2018-01-01 18:04:11 |
| 2584 || 0.431374149735445 || 2018-06-27 04:31:00 |
| 2585 || 23.1429264109974 || 2018-06-25 20:25:45 |
| 2586 || -13.0318794597829 || 2014-01-22 17:07:47 |
| 2587 || 9.01751159068499 || 2013-04-21 14:06:11 |
| 2588 || 31.8424346041147 || 2013-03-11 05:07:50 |
| 2589 || 0.966094019994877 || 2017-04-02 21:54:41 |
| 2590 || -4.22277451285496 || 2018-08-12 00:15:10 |
| 2591 || 19.4701965996896 || 2012-01-01 01:35:51 |
| 2592 || 24.6752909505247 || 2012-07-24 17:55:30 |
| 2593 || 34.9900441544609 || 2015-08-16 20:30:51 |
| 2594 || 1.97393284700354 || 2011-01-24 20:44:40 |
| 2595 || 12.8719432647608 || 2011-07-12 21:53:36 |
| 2596 || -16.5143859752004 || 2018-01-12 21:45:05 |
| 2597 || 8.42654025414824 || 2011-04-20 08:58:22 |
| 2598 || -8.20889688349019 || 2019-08-24 05:49:22 |
| 2599 || 4.86340230863193 || 2019-03-15 09:58:09 |
| 2600 || 6.82646328669781 || 2019-10-20 10:57:53 |
| 2601 || -17.7228110335273 || 2015-02-25 01:13:24 |
| 2602 || 76.8429452311702 || 2015-04-11 01:06:07 |
| 2603 || 25.9943787605231 || 2013-01-10 14:19:44 |
| 2604 || 8.43505425396113 || 2016-07-04 08:07:43 |
| 2605 || 2.88064092420461 || 2015-07-20 16:00:33 |
| 2606 || -18.7188691555665 || 2011-11-19 12:43:29 |
| 2607 || 55.1821854425582 || 2016-01-02 11:26:49 |
| 2608 || -8.80878188469836 || 2019-05-06 21:50:26 |
| 2609 || -3.92029579497103 || 2019-01-07 03:16:29 |
| 2610 || 3.62508219587715 || 2013-08-19 17:27:19 |
| 2611 || 39.8720220503477 || 2014-06-24 10:18:52 |
| 2612 || -26.7350473687033 || 2013-02-10 09:15:29 |
| 2613 || 34.9923488923775 || 2015-07-23 14:25:52 |
| 2614 || 11.9812721345558 || 2014-06-05 13:11:49 |
| 2615 || -0.329361957955305 || 2011-12-18 05:56:46 |
| 2616 || 43.4830776430805 || 2012-09-18 03:54:21 |
| 2617 || 72.2793454555641 || 2018-04-25 20:31:16 |
| 2618 || 66.6047498134708 || 2016-10-12 19:35:29 |
| 2619 || 19.3056473278622 || 2013-05-09 15:48:05 |
| 2620 || 1.36616175595532 || 2014-03-14 05:01:08 |
| 2621 || 32.6055208109017 || 2012-02-05 10:09:01 |
| 2622 || 50.0121364972329 || 2010-10-07 19:26:06 |
| 2623 || 6.17047200786693 || 2014-04-22 07:54:31 |
| 2624 || 11.1059016212274 || 2010-05-12 21:19:51 |
| 2625 || 7.86363996256895e-05 || 2012-08-23 22:56:58 |
| 2626 || -7.828630278926 || 2019-06-02 13:16:52 |
| 2627 || -26.5591341603518 || 2012-03-10 06:22:31 |
| 2628 || 42.0720248676962 || 2011-09-01 13:28:29 |
| 2629 || 5.06146807120598 || 2011-08-25 06:40:41 |
| 2630 || 0.000159588726347815 || 2012-07-01 02:57:40 |
| 2631 || -6.51154522613874 || 2011-03-24 17:12:42 |
| 2632 || -17.5262847150134 || 2019-04-25 13:45:53 |
| 2633 || 9.89102371809266 || 2010-08-25 13:40:53 |
| 2634 || 35.0406638053294 || 2013-03-05 11:57:22 |
| 2635 || -0.0847629450303944 || 2016-01-04 05:07:39 |
| 2636 || 7.39897892526614 || 2012-07-16 20:58:27 |
| 2637 || 32.9090337839197 || 2012-09-06 00:30:17 |
| 2638 || 72.8545910222941 || 2016-01-14 09:31:13 |
| 2639 || -13.4623658057284 || 2010-11-23 05:46:08 |
| 2640 || 0.0508309372390513 || 2010-07-10 17:11:21 |
| 2641 || 19.3629136351535 || 2015-04-09 23:27:24 |
| 2642 || 68.2034390263391 || 2013-10-23 04:58:12 |
| 2643 || 7.73095168567404 || 2018-08-16 10:37:46 |
| 2644 || 18.4332696568997 || 2010-11-21 22:23:08 |
| 2645 || -0.945613512094789 || 2012-01-03 12:51:21 |
| 2646 || 0.182639987981346 || 2019-09-20 02:58:27 |
| 2647 || 32.9011924998301 || 2012-05-19 17:55:34 |
| 2648 || 88.935232380216 || 2014-12-27 02:58:40 |
| 2649 || 9.00993873725065 || 2013-01-24 19:03:54 |
| 2650 || 1.10113508802077 || 2013-02-22 21:34:35 |
| 2651 || -3.9572047727282 || 2019-01-27 17:01:24 |
| 2652 || 15.5645802767694 || 2016-07-08 05:43:54 |
| 2653 || 23.7955296460019 || 2015-02-01 10:37:47 |
| 2654 || -17.5487507056836 || 2012-03-22 10:40:28 |
| 2655 || 3.00755492856463 || 2014-04-02 16:04:39 |
| 2656 || 7.74540243192726 || 2015-02-18 08:20:33 |
| 2657 || 3.06290852117456 || 2012-12-15 03:48:15 |
| 2658 || 67.9830776676056 || 2014-08-10 03:36:58 |
| 2659 || 1.54437972681811 || 2016-04-16 01:58:40 |
| 2660 || 11.169213516831 || 2010-02-02 02:29:00 |
| 2661 || 5.677246844429 || 2011-09-08 23:45:49 |
| 2662 || 39.294814176285 || 2018-04-22 17:51:21 |
| 2663 || 88.5089841576696 || 2014-05-16 15:50:30 |
| 2664 || 22.4113839846017 || 2013-08-23 04:52:37 |
| 2665 || 15.0092789407912 || 2015-03-15 06:23:46 |
| 2666 || 2.23832631922877 || 2010-09-02 06:17:24 |
| 2667 || -15.4185302908921 || 2013-04-16 06:49:29 |
| 2668 || -12.6426010559601 || 2018-05-24 16:43:30 |
| 2669 || -20.0022394319923 || 2013-10-08 13:56:03 |
| 2670 || -5.54039621479713 || 2013-10-06 13:41:21 |
| 2671 || -0.262306208314567 || 2012-03-22 02:50:58 |
| 2672 || 41.4219237388189 || 2017-03-26 07:54:31 |
| 2673 || -18.5350500917508 || 2017-01-19 13:51:19 |
| 2674 || 1.43291312175395 || 2016-01-24 06:18:11 |
| 2675 || 16.4401811634978 || 2015-10-14 05:57:01 |
| 2676 || 0.491569277889828 || 2016-04-23 08:46:31 |
| 2677 || 34.4967310949446 || 2019-02-13 06:48:52 |
| 2678 || -27.8092153439318 || 2012-09-19 20:32:51 |
| 2679 || 22.4106677233894 || 2014-08-18 20:08:03 |
| 2680 || -4.55025045899591 || 2019-01-06 06:43:13 |
| 2681 || 0.0167606894034341 || 2018-11-21 06:01:43 |
| 2682 || 20.2538997457888 || 2012-09-23 10:37:36 |
| 2683 || 47.4094471039946 || 2018-07-21 22:06:23 |
| 2684 || -18.1082694189053 || 2010-10-19 13:38:56 |
| 2685 || 34.0472719647686 || 2018-07-04 07:11:14 |
| 2686 || -0.0354917568620027 || 2014-12-11 19:27:33 |
| 2687 || -4.59940387961043 || 2011-07-13 23:06:33 |
| 2688 || -15.7876106584047 || 2010-11-07 19:43:28 |
| 2689 || 60.9732056483564 || 2016-02-02 15:47:31 |
| 2690 || -13.0781898307923 || 2011-12-20 18:58:10 |
| 2691 || 0.225011156639131 || 2019-11-05 00:32:03 |
| 2692 || 17.0248698894439 || 2015-09-06 23:51:57 |
| 2693 || 72.9052182525295 || 2018-05-17 16:43:28 |
| 2694 || 86.0508201617178 || 2019-01-17 18:24:53 |
| 2695 || 36.2467565675121 || 2010-07-20 13:33:20 |
| 2696 || 2.18127164587435 || 2017-09-13 00:32:58 |
| 2697 || 2.12328175475432 || 2015-03-15 03:52:39 |
| 2698 || 62.7557051991925 || 2011-10-19 02:48:50 |
| 2699 || 46.798879093027 || 2018-09-05 16:47:11 |
| 2700 || -9.55460848906005 || 2010-04-03 08:46:26 |
| 2701 || 4.20289727242113 || 2019-10-05 05:46:34 |
| 2702 || 12.8813170828608 || 2018-05-13 05:07:27 |
| 2703 || 64.0415475147027 || 2014-01-26 04:15:09 |
| 2704 || 5.16779065003391 || 2016-10-10 18:42:22 |
| 2705 || 41.0729733208198 || 2019-04-11 03:12:58 |
| 2706 || 1.92466644558078 || 2012-03-22 14:44:59 |
| 2707 || 8.0259686511698 || 2019-09-26 07:49:03 |
| 2708 || 53.9970266492438 || 2014-04-18 09:36:23 |
| 2709 || -16.9267432321231 || 2013-12-11 23:08:54 |
| 2710 || -16.367875120153 || 2010-09-13 07:56:13 |
| 2711 || 5.0277544344914 || 2013-08-22 17:58:59 |
| 2712 || 6.22485434420526 || 2016-12-16 14:30:20 |
| 2713 || 27.2391635610272 || 2014-02-10 21:44:03 |
| 2714 || -8.50338272124426 || 2018-07-12 13:48:26 |
| 2715 || 62.5284169528158 || 2013-02-16 16:52:51 |
| 2716 || 11.9896849127607 || 2012-10-19 17:00:38 |
| 2717 || 2.57496882537978 || 2017-03-12 05:00:54 |
| 2718 || -16.1170667027579 || 2012-03-08 00:24:23 |
| 2719 || 64.9429745718161 || 2010-03-27 11:30:19 |
| 2720 || 68.9858429440491 || 2014-01-22 02:37:14 |
| 2721 || -4.95664590784185 || 2013-10-14 23:38:15 |
| 2722 || 1.76447378623675 || 2012-09-03 22:59:09 |
| 2723 || 33.6252327674327 || 2015-07-18 08:03:51 |
| 2724 || 53.8780651907716 || 2018-05-24 01:02:59 |
| 2725 || 45.0232859010354 || 2012-11-24 14:23:27 |
| 2726 || 20.7798620533395 || 2012-09-02 09:56:01 |
| 2727 || 0.399794775478245 || 2019-07-14 15:26:38 |
| 2728 || -12.2128757471618 || 2010-03-02 08:58:00 |
| 2729 || 77.1822999383423 || 2016-02-14 16:27:14 |
| 2730 || 61.5117839441 || 2012-01-03 17:18:20 |
| 2731 || -8.09031470649382 || 2015-04-21 20:55:03 |
| 2732 || 0.0569976596675017 || 2011-08-04 12:07:26 |
| 2733 || 2.91550096990044 || 2011-07-01 22:16:46 |
| 2734 || 18.2075012207652 || 2019-02-15 03:55:16 |
| 2735 || 45.0955330885359 || 2012-05-21 16:23:26 |
| 2736 || -9.66520913860763 || 2010-04-22 08:25:21 |
| 2737 || -0.0270609735979295 || 2011-01-05 05:47:28 |
| 2738 || 26.7428804841896 || 2013-11-06 14:08:46 |
| 2739 || -5.61928043690198 || 2016-11-05 21:56:19 |
| 2740 || -21.7871817697142 || 2011-04-19 06:30:59 |
| 2741 || -4.8854071510786 || 2018-06-08 02:41:42 |
| 2742 || 0.759996029290473 || 2017-02-19 03:58:12 |
| 2743 || 6.88588600269195 || 2013-04-22 06:33:25 |
| 2744 || 74.0950526674061 || 2016-05-27 05:55:15 |
| 2745 || 65.1032143514515 || 2019-05-12 14:40:17 |
| 2746 || -8.21314237966744 || 2017-08-02 21:35:44 |
| 2747 || 1.36609079523965 || 2017-03-04 03:30:19 |
| 2748 || -1.30773490956068 || 2017-10-08 23:09:00 |
| 2749 || 69.6907139617282 || 2013-04-14 10:32:58 |
| 2750 || 73.569229949558 || 2019-07-11 04:42:05 |
| 2751 || 30.2758978344934 || 2010-03-13 18:37:49 |
| 2752 || 3.3643435573863 || 2012-08-20 15:02:31 |
| 2753 || 6.69327586991461 || 2017-04-03 16:31:27 |
| 2754 || 63.6168901337252 || 2017-07-19 20:05:12 |
| 2755 || 74.0994081350484 || 2018-10-25 23:19:28 |
| 2756 || 49.4092764328865 || 2013-02-09 19:48:35 |
| 2757 || 3.0601495647336 || 2010-06-21 18:39:36 |
| 2758 || 9.92785002135068 || 2014-06-06 06:15:40 |
| 2759 || 37.0295691069127 || 2016-01-10 04:30:07 |
| 2760 || 79.4115503093998 || 2011-03-03 07:33:11 |
| 2761 || -14.7407270854287 || 2018-04-13 13:49:39 |
| 2762 || 9.25749831278456 || 2016-03-02 17:32:23 |
| 2763 || -2.12361611960271 || 2013-10-11 18:25:20 |
| 2764 || 1.45666640919077 || 2015-06-19 03:17:33 |
| 2765 || -9.02219517085331 || 2018-06-03 00:43:45 |
| 2766 || 3.87666985629654 || 2014-11-18 04:32:57 |
| 2767 || 2.81566654122103 || 2016-07-22 00:59:15 |
| 2768 || 3.72962202135935 || 2014-05-20 00:29:35 |
| 2769 || 43.249363767952 || 2015-07-06 15:38:19 |
| 2770 || -29.1148749989331 || 2017-10-17 12:37:46 |
| 2771 || 56.0142319208197 || 2019-10-04 08:41:35 |
| 2772 || 16.1592497384503 || 2012-08-09 04:39:29 |
| 2773 || 1.3066532779166 || 2013-12-24 11:19:35 |
| 2774 || 19.3693169467718 || 2014-04-14 03:17:44 |
| 2775 || -24.3196218943524 || 2014-03-08 12:17:47 |
| 2776 || 71.0017026919457 || 2015-07-08 03:31:13 |
| 2777 || 4.84769132055695 || 2017-01-20 15:10:54 |
| 2778 || 0.235530912198019 || 2019-02-08 18:14:10 |
| 2779 || 36.0457396222808 || 2015-08-23 22:34:34 |
| 2780 || -0.502245735790963 || 2015-08-12 02:40:39 |
| 2781 || 55.7832176998354 || 2013-04-16 15:20:15 |
| 2782 || -4.12070045838059 || 2013-07-24 19:45:23 |
| 2783 || 0.0516238858543401 || 2018-11-12 17:40:43 |
| 2784 || 28.8547832392877 || 2010-05-03 16:14:58 |
| 2785 || 67.0404893607977 || 2013-01-21 02:31:01 |
| 2786 || -7.1619096514955 || 2011-12-13 22:47:30 |
| 2787 || -4.93402997302527 || 2011-10-14 19:26:00 |
| 2788 || -0.0146371751920618 || 2012-08-13 19:40:18 |
| 2789 || 28.0300033503602 || 2012-01-27 04:59:04 |
| 2790 || -14.9583684565604 || 2019-05-26 18:37:18 |
| 2791 || 56.7721435818417 || 2012-06-08 12:12:45 |
| 2792 || 36.882335112533 || 2011-04-25 11:41:18 |
| 2793 || -0.15856840250255 || 2012-04-27 11:12:50 |
| 2794 || -5.22626641096117 || 2010-11-22 12:51:26 |
| 2795 || 57.9185542267383 || 2015-03-13 22:48:32 |
| 2796 || 86.2492421227043 || 2017-02-07 08:56:47 |
| 2797 || 42.6165154867702 || 2012-04-03 02:13:25 |
| 2798 || 1.37755014812013 || 2014-04-05 16:47:38 |
| 2799 || 18.5284697938544 || 2016-10-25 02:19:52 |
| 2800 || 62.9772199065226 || 2014-11-07 05:17:11 |
| 2801 || 65.0907450453599 || 2017-01-08 14:47:24 |
| 2802 || -3.26923598392911 || 2010-05-01 07:49:58 |
| 2803 || 2.48857710534678 || 2018-11-05 14:47:01 |
| 2804 || 5.00857323710116 || 2019-11-22 20:13:04 |
| 2805 || 47.7062789611025 || 2011-06-25 06:17:30 |
| 2806 || 72.0152333622396 || 2010-10-14 23:42:12 |
| 2807 || -17.7424928965229 || 2014-04-25 06:39:38 |
| 2808 || -1.0812235492372 || 2012-05-21 01:40:20 |
| 2809 || -1.66795131811157 || 2012-06-12 07:18:40 |
| 2810 || 57.8033955616684 || 2013-06-25 05:24:03 |
| 2811 || -29.0385487396335 || 2018-11-27 20:00:51 |
| 2812 || 58.7731661694913 || 2016-11-09 12:40:02 |
| 2813 || 8.77378217151885 || 2013-05-07 09:07:15 |
| 2814 || 4.56066352476216 || 2019-10-22 19:19:18 |
| 2815 || -10.2815751098337 || 2012-07-12 23:15:08 |
| 2816 || 28.488684440298 || 2016-03-10 08:20:26 |
| 2817 || 12.3981344893204 || 2017-03-23 00:10:29 |
| 2818 || 12.5518562504432 || 2010-10-12 08:30:37 |
| 2819 || 2.32771696962456 || 2010-05-04 03:47:01 |
| 2820 || 20.3261651181584 || 2011-01-16 18:37:42 |
| 2821 || -20.9701581015519 || 2019-10-22 06:13:20 |
| 2822 || 66.1639951752966 || 2010-03-27 21:18:05 |
| 2823 || 13.8411887620303 || 2015-01-25 08:12:39 |
| 2824 || 2.36260373200972 || 2010-07-27 13:23:49 |
| 2825 || 19.5595785371653 || 2012-09-21 19:51:27 |
| 2826 || 52.2904234684111 || 2019-12-13 05:56:46 |
| 2827 || 72.8583636099677 || 2014-01-23 03:46:17 |
| 2828 || 14.8701705162011 || 2019-09-07 16:12:26 |
| 2829 || -0.352209674198096 || 2019-11-25 09:57:10 |
| 2830 || 8.81038319067363 || 2012-08-04 18:28:05 |
| 2831 || -11.9028370834429 || 2019-09-27 22:24:22 |
| 2832 || -24.8968911610366 || 2019-09-02 14:29:58 |
| 2833 || 25.6307585236217 || 2010-03-10 06:51:52 |
| 2834 || 0.0500535965136295 || 2018-03-18 10:46:07 |
| 2835 || 25.5177285270186 || 2011-03-11 17:51:05 |
| 2836 || 7.54512673453992 || 2015-08-11 17:43:15 |
| 2837 || -11.0565509953953 || 2018-02-15 19:48:46 |
| 2838 || 20.5894352297273 || 2010-04-11 01:05:12 |
| 2839 || -0.0012784640678255 || 2019-10-27 16:09:41 |
| 2840 || 14.0513090489062 || 2018-11-07 23:09:03 |
| 2841 || -4.52060370590092 || 2010-02-02 03:17:11 |
| 2842 || 79.040165174354 || 2016-02-19 19:54:49 |
| 2843 || -12.1204430674782 || 2015-10-19 07:10:46 |
| 2844 || -0.122695612647673 || 2010-03-04 09:26:32 |
| 2845 || 23.0097038521482 || 2017-11-25 22:26:26 |
| 2846 || 26.0779850339958 || 2011-11-26 04:07:03 |
| 2847 || 61.8282732665026 || 2010-03-21 00:14:40 |
| 2848 || -12.6685466974469 || 2016-06-24 21:49:41 |
| 2849 || -0.28106090278976 || 2016-10-05 17:04:05 |
| 2850 || 14.8449566140696 || 2010-04-07 17:03:37 |
| 2851 || -7.1290305841626 || 2013-06-10 14:29:32 |
| 2852 || 55.9193532505148 || 2010-01-01 15:39:14 |
| 2853 || 21.0818415559193 || 2016-03-18 12:37:51 |
| 2854 || 3.05434035979708 || 2016-08-08 11:05:20 |
| 2855 || -4.09829592962061 || 2015-09-26 05:31:16 |
| 2856 || -22.1644307397392 || 2014-05-21 19:44:44 |
| 2857 || -8.01370753986749 || 2019-04-18 06:39:39 |
| 2858 || 50.6315813662121 || 2011-12-05 10:42:42 |
| 2859 || 0.716922625152046 || 2011-10-11 19:35:43 |
| 2860 || -2.43355026799938 || 2011-12-09 13:28:00 |
| 2861 || 30.1677652313506 || 2010-08-12 03:30:18 |
| 2862 || 89.6676910380902 || 2012-01-17 00:01:59 |
| 2863 || 24.035659378159 || 2018-05-14 07:47:20 |
| 2864 || -2.80704988355546 || 2019-04-25 18:46:06 |
| 2865 || 3.81577232941631 || 2010-09-03 19:53:12 |
| 2866 || 49.3354120390353 || 2017-12-02 16:32:26 |
| 2867 || 79.30073919953 || 2017-09-02 04:12:50 |
| 2868 || -5.65283248960127 || 2015-08-01 22:56:13 |
| 2869 || -4.02569882024721 || 2018-02-20 09:04:02 |
| 2870 || 3.74105923705807 || 2012-03-25 11:01:03 |
| 2871 || 1.02667034007899 || 2015-08-04 06:14:03 |
| 2872 || -13.1274761858221 || 2018-10-07 02:18:23 |
| 2873 || -1.00134081631128 || 2012-12-01 11:56:12 |
| 2874 || -5.33915568679398 || 2016-11-20 19:59:12 |
| 2875 || 1.71423968597146 || 2014-07-12 01:27:43 |
| 2876 || 32.5552629151864 || 2012-11-19 04:23:44 |
| 2877 || 87.5825917693797 || 2018-04-05 19:18:33 |
| 2878 || 70.0968866561987 || 2016-06-18 15:33:18 |
| 2879 || 16.3314180713314 || 2019-05-25 11:16:02 |
| 2880 || -0.315126763544456 || 2018-01-07 20:31:02 |
| 2881 || 33.6080264745262 || 2011-07-11 03:59:10 |
| 2882 || 60.8120179011074 || 2010-02-27 11:22:44 |
| 2883 || 75.3466870098723 || 2012-09-08 00:39:38 |
| 2884 || 2.13579415905075 || 2012-08-21 02:01:34 |
| 2885 || 0.0316370755337182 || 2018-04-02 00:03:05 |
| 2886 || -11.270897425605 || 2019-08-09 06:59:21 |
| 2887 || -15.3821537437368 || 2017-03-10 18:28:27 |
| 2888 || -12.6060824412589 || 2014-01-14 03:23:35 |
| 2889 || 4.34513526449219 || 2012-04-06 22:44:50 |
| 2890 || -1.64994410183988e-05 || 2011-07-02 07:15:24 |
| 2891 || -0.0688397139514103 || 2017-04-13 18:21:22 |
| 2892 || 79.11108528438 || 2012-03-05 17:49:52 |
| 2893 || 56.4449262299755 || 2011-10-27 20:06:40 |
| 2894 || 18.6017085974803 || 2018-09-12 14:50:59 |
| 2895 || 0.146661551289996 || 2017-10-19 19:08:23 |
| 2896 || -1.48873402118379 || 2015-04-23 20:51:22 |
| 2897 || 68.6492794024907 || 2012-04-26 03:36:02 |
| 2898 || 71.0665324232583 || 2010-10-01 20:17:19 |
| 2899 || 33.6940115014972 || 2013-01-15 03:36:45 |
| 2900 || 0.984830889849782 || 2016-01-22 16:28:23 |
| 2901 || -6.75757044304083 || 2011-08-04 04:51:10 |
| 2902 || -8.1297930867725 || 2014-08-13 13:43:57 |
| 2903 || 61.2491572954246 || 2019-11-22 03:41:09 |
| 2904 || 40.6691936257491 || 2010-02-12 18:54:31 |
| 2905 || -0.543510749508124 || 2018-05-12 20:37:03 |
| 2906 || 9.35529075986852 || 2016-09-08 13:35:56 |
| 2907 || 46.620130120512 || 2019-09-04 00:58:50 |
| 2908 || -1.16073937467427 || 2014-08-21 17:28:52 |
| 2909 || -4.47439554848376 || 2010-04-01 15:25:06 |
| 2910 || 4.22023944191841 || 2010-03-02 11:42:22 |
| 2911 || -1.7350971226445 || 2015-04-21 03:42:13 |
| 2912 || 47.5787266930435 || 2010-08-08 16:16:18 |
| 2913 || 26.2857590156986 || 2014-02-02 03:59:34 |
| 2914 || 11.5970716985398 || 2012-11-12 18:21:36 |
| 2915 || 4.92416675792632 || 2011-02-10 22:59:17 |
| 2916 || -0.638462654989524 || 2019-06-17 12:57:57 |
| 2917 || -9.40422711543728 || 2014-12-11 20:55:16 |
| 2918 || -18.3238667712748 || 2018-12-06 19:33:22 |
| 2919 || 62.0445086261431 || 2017-03-19 14:11:33 |
| 2920 || -0.333070535167637 || 2012-03-21 01:19:15 |
| 2921 || 3.58273890188366 || 2018-07-11 15:07:35 |
| 2922 || 49.9093019449671 || 2019-10-04 20:38:12 |
| 2923 || 66.7773013582633 || 2019-05-05 04:02:40 |
| 2924 || 19.7940475178466 || 2015-11-14 18:35:48 |
| 2925 || 8.79981008665631 || 2012-06-02 16:56:59 |
| 2926 || 2.50137218300245 || 2010-12-11 13:00:39 |
| 2927 || 12.0571564689854 || 2012-04-24 21:14:49 |
| 2928 || 2.78655227230943 || 2012-06-26 10:30:41 |
| 2929 || 51.5325409041293 || 2011-05-27 19:29:18 |
| 2930 || 16.3978932944146 || 2019-08-23 09:36:17 |
| 2931 || 0.0132085847707443 || 2015-11-07 05:42:21 |
| 2932 || 41.3871792992764 || 2013-02-06 11:08:15 |
| 2933 || 73.3494553898633 || 2012-09-03 19:08:13 |
| 2934 || 22.2681710180382 || 2015-06-07 03:39:42 |
| 2935 || 24.1089710247479 || 2010-12-14 08:29:41 |
| 2936 || 0.393452707555975 || 2018-02-06 06:14:42 |
| 2937 || 23.9754592016979 || 2015-08-11 20:25:04 |
| 2938 || 53.8901666717739 || 2013-06-23 03:07:36 |
| 2939 || 12.9543659024643 || 2018-06-05 14:38:45 |
| 2940 || 11.5702897584329 || 2016-05-24 08:40:19 |
| 2941 || -0.00325140385557929 || 2011-12-25 14:27:40 |
| 2942 || 30.8430964959742 || 2013-03-01 10:57:16 |
| 2943 || -17.0639526782945 || 2016-01-01 22:56:03 |
| 2944 || 43.0528887533478 || 2014-01-18 13:47:37 |
| 2945 || 18.1125214871034 || 2019-06-21 13:28:22 |
| 2946 || 0.0581701860201501 || 2017-04-18 11:10:37 |
| 2947 || 4.27277094891949 || 2018-01-26 14:50:47 |
| 2948 || -25.3383108861923 || 2012-01-18 02:21:55 |
| 2949 || 85.2569302045688 || 2010-10-19 22:58:50 |
| 2950 || -9.71289630299886 || 2012-01-18 18:00:07 |
| 2951 || 1.06864988042276 || 2016-09-13 02:48:28 |
| 2952 || -1.43419700554181 || 2011-01-23 14:45:26 |
| 2953 || 49.1120151453261 || 2017-02-23 16:21:51 |
| 2954 || -14.0114969179446 || 2012-01-25 13:23:27 |
| 2955 || 20.3499996319544 || 2016-09-16 09:51:17 |
| 2956 || -0.824211662167504 || 2015-11-05 15:20:45 |
| 2957 || -4.23676847069154 || 2015-01-24 13:02:46 |
| 2958 || 68.2377986355009 || 2014-09-13 08:09:00 |
| 2959 || 87.4192180440769 || 2017-02-26 15:31:33 |
| 2960 || -1.35556638201135 || 2014-03-01 18:31:26 |
| 2961 || 0.977240927166705 || 2016-04-21 04:16:35 |
| 2962 || -4.19051618887074 || 2017-07-01 10:03:14 |
| 2963 || 11.9896033357399 || 2015-01-05 11:32:31 |
| 2964 || -9.98632480917344 || 2013-03-22 23:06:24 |
| 2965 || 55.9116841781319 || 2015-05-16 09:27:37 |
| 2966 || -2.25121427370264 || 2012-12-14 09:42:07 |
| 2967 || 8.52004393904092 || 2017-06-20 13:11:33 |
| 2968 || 1.33448142003466 || 2018-03-14 16:28:20 |
| 2969 || 27.0504474592338 || 2017-10-14 10:35:30 |
| 2970 || 37.5577332170159 || 2017-03-11 02:36:10 |
| 2971 || -2.34664684617237 || 2016-09-20 10:20:07 |
| 2972 || -1.28749107121113 || 2013-07-10 23:16:29 |
| 2973 || 40.9484554150905 || 2018-10-02 11:05:50 |
| 2974 || -5.10271642130159 || 2011-05-16 02:42:41 |
| 2975 || -12.5307078048491 || 2012-02-14 00:17:41 |
| 2976 || 13.8600978480008 || 2012-11-25 02:33:33 |
| 2977 || 1.09261900068604 || 2012-01-22 19:04:52 |
| 2978 || -16.0038170715308 || 2019-07-08 13:42:24 |
| 2979 || 65.1147510838377 || 2019-11-08 20:44:36 |
| 2980 || -22.7718788114041 || 2011-10-02 03:36:38 |
| 2981 || 9.2633481344636 || 2017-02-27 02:16:53 |
| 2982 || -0.557784273745957 || 2014-05-02 17:53:27 |
| 2983 || -12.1147521446233 || 2019-08-05 15:32:41 |
| 2984 || 71.9073382108657 || 2012-03-18 23:26:00 |
| 2985 || 72.5272236486449 || 2017-09-08 23:51:34 |
| 2986 || 21.5594406901454 || 2012-01-24 13:06:06 |
| 2987 || 0.608936334413472 || 2013-04-22 01:31:22 |
| 2988 || -9.63573238523023 || 2012-02-14 17:09:32 |
| 2989 || 36.7813884763606 || 2019-08-25 12:30:14 |
| 2990 || 73.1238335078057 || 2017-06-07 22:37:12 |
| 2991 || 23.2565903421425 || 2010-04-24 03:57:22 |
| 2992 || 0.0241454629951916 || 2015-08-21 10:16:28 |
| 2993 || -8.85939723246896 || 2015-06-23 00:21:26 |
| 2994 || -22.5751911788338 || 2017-08-07 23:19:28 |
| 2995 || 9.53036821507127 || 2018-10-16 18:33:07 |
| 2996 || 4.58060227480357 || 2013-09-16 08:52:28 |
| 2997 || 0.0560055891511352 || 2019-09-06 02:12:40 |
| 2998 || 20.9083649657365 || 2010-10-14 11:44:24 |
| 2999 || -17.8118039918032 || 2015-01-03 11:51:13 |
| 3000 || 21.0140896173763 || 2015-09-12 03:12:31 |
| 3001 || 37.8030153356323 || 2016-03-05 21:46:22 |
| 3002 || 0.557863590287141 || 2011-10-14 01:19:18 |
| 3003 || 6.75020423755398 || 2014-11-01 13:23:08 |
| 3004 || 73.1069357346471 || 2018-04-19 06:05:38 |
| 3005 || 53.9464801624979 || 2011-08-13 19:34:34 |
| 3006 || 32.7930879773421 || 2014-05-19 06:32:31 |
| 3007 || 1.63847733088481 || 2013-12-11 09:09:44 |
| 3008 || 3.42808282056828 || 2013-02-23 15:36:55 |
| 3009 || 61.2155953812889 || 2019-02-22 11:25:48 |
| 3010 || 40.666179033409 || 2014-10-21 05:33:59 |
| 3011 || -11.5240724372076 || 2015-08-20 16:47:13 |
| 3012 || -0.317946780815133 || 2012-11-01 10:40:19 |
| 3013 || -4.02671301957242 || 2013-10-25 01:42:47 |
| 3014 || 64.450407415319 || 2018-02-06 01:36:42 |
| 3015 || -5.86616819683429 || 2011-01-26 23:14:42 |
| 3016 || 3.53617895510131 || 2018-01-05 05:22:13 |
| 3017 || 6.36550187134062 || 2013-02-26 13:35:18 |
| 3018 || 9.7720068443562 || 2011-05-02 09:40:01 |
| 3019 || 59.2455777272483 || 2011-06-12 22:38:53 |
| 3020 || -11.4896087074634 || 2010-04-17 14:40:03 |
| 3021 || 8.96133622385252 || 2016-07-10 05:31:13 |
| 3022 || 9.23076890823642 || 2018-10-18 19:57:05 |
| 3023 || 0.541615793268979 || 2014-06-10 21:20:48 |
| 3024 || 54.1326755057116 || 2019-05-07 15:25:54 |
| 3025 || 49.1303394457599 || 2018-07-16 18:31:43 |
| 3026 || -21.6237369599216 || 2015-02-21 20:18:41 |
| 3027 || 13.4215935635366 || 2017-06-06 22:38:53 |
| 3028 || -1.2872229022646 || 2012-09-14 13:25:50 |
| 3029 || -4.44336420404842 || 2012-05-17 07:25:06 |
| 3030 || 88.6059677472064 || 2011-06-12 23:54:56 |
| 3031 || -19.2797846316467 || 2015-12-15 15:38:35 |
| 3032 || 10.4243512005353 || 2013-07-20 06:59:40 |
| 3033 || -0.56197038867288 || 2010-04-06 03:30:18 |
| 3034 || 18.0410143254033 || 2017-08-20 13:34:16 |
| 3035 || -28.981241752278 || 2016-02-07 13:20:02 |
| 3036 || 73.2766129724393 || 2012-05-03 13:45:57 |
| 3037 || 3.06745894878794 || 2011-11-22 15:03:25 |
| 3038 || 0.176271014580902 || 2014-03-22 11:21:15 |
| 3039 || -10.2976312928306 || 2014-09-22 06:06:28 |
| 3040 || 47.1574933730788 || 2019-01-02 20:02:06 |
| 3041 || 73.1260702566144 || 2012-01-27 18:03:47 |
| 3042 || 2.87612503121324 || 2015-01-27 06:49:19 |
| 3043 || 0.0736630379649641 || 2016-05-05 09:25:57 |
| 3044 || -10.7468431605294 || 2019-06-20 23:52:41 |
| 3045 || 79.89298987842 || 2017-10-22 23:38:52 |
| 3046 || 57.5144843032301 || 2019-06-21 09:04:06 |
| 3047 || 28.5266862155715 || 2011-02-01 13:54:15 |
| 3048 || 0.0485645504287616 || 2012-09-20 19:53:40 |
| 3049 || -7.32579020154885 || 2016-05-15 11:18:12 |
| 3050 || -24.4235879430149 || 2010-08-01 04:47:20 |
| 3051 || -28.1108609032778 || 2017-06-26 01:33:52 |
| 3052 || 25.3600371937493 || 2015-08-12 16:12:26 |
| 3053 || -0.126549850772617 || 2019-07-04 16:40:52 |
| 3054 || -3.90879193268384 || 2016-12-20 23:43:42 |
| 3055 || 64.3968632145141 || 2013-08-05 23:39:58 |
| 3056 || 83.7127585946334 || 2015-04-11 00:22:25 |
| 3057 || 38.6488250429847 || 2018-06-23 13:45:25 |
| 3058 || 1.75331558801035 || 2019-08-14 04:05:58 |
| 3059 || 5.11219619844151 || 2012-11-25 01:15:42 |
| 3060 || 49.9051307525466 || 2014-06-02 02:28:23 |
| 3061 || 57.4177396425784 || 2015-04-25 22:49:49 |
| 3062 || -1.95956990490709 || 2010-09-02 04:39:57 |
| 3063 || 2.64523953355452 || 2017-03-14 04:44:37 |
| 3064 || 1.02066324328304 || 2017-06-16 07:11:52 |
| 3065 || 65.6541669631334 || 2019-10-09 14:16:06 |
| 3066 || 12.7105008186616 || 2010-07-23 12:53:45 |
| 3067 || 19.4472709734932 || 2014-05-19 16:30:13 |
| 3068 || -1.38743715610445 || 2014-10-23 02:17:02 |
| 3069 || 6.88219725933639 || 2011-03-20 11:16:32 |
| 3070 || 21.6881147486335 || 2013-10-17 11:29:00 |
| 3071 || 88.2634020065526 || 2014-03-01 18:55:26 |
| 3072 || 51.5910752260245 || 2013-11-08 17:14:09 |
| 3073 || 3.03618198741579 || 2010-10-08 07:30:40 |
| 3074 || 6.54456202034344 || 2017-04-25 17:40:54 |
| 3075 || 47.8076130348515 || 2018-01-12 14:34:32 |
| 3076 || -17.9599651735166 || 2014-12-21 03:07:29 |
| 3077 || 25.6832313759753 || 2019-08-03 00:31:19 |
| 3078 || 12.8829305949023 || 2017-08-02 10:10:12 |
| 3079 || 2.50167211265075 || 2018-09-05 19:51:12 |
| 3080 || 25.7374214417878 || 2015-07-12 07:54:07 |
| 3081 || 40.0552110485161 || 2015-02-12 06:07:37 |
| 3082 || -6.56862246310569 || 2011-02-07 23:47:07 |
| 3083 || 15.4727379981392 || 2018-11-16 09:51:16 |
| 3084 || 0.941575802476314 || 2019-01-25 12:43:07 |
| 3085 || 7.16086196972781 || 2013-02-11 20:19:30 |
| 3086 || 36.0331612100301 || 2018-04-15 23:20:29 |
| 3087 || -14.1462843918639 || 2016-01-20 20:48:02 |
| 3088 || 17.3737752512762 || 2013-11-22 13:09:15 |
| 3089 || -0.243224781012655 || 2011-02-17 21:15:42 |
| 3090 || 21.6563807058491 || 2018-01-19 16:07:56 |
| 3091 || 18.3500259446015 || 2016-09-04 19:50:09 |
| 3092 || 52.3697061993374 || 2015-07-10 23:03:17 |
| 3093 || -0.0455217997904633 || 2012-09-11 18:12:56 |
| 3094 || -0.0275014874425715 || 2017-06-12 07:01:28 |
| 3095 || 3.1659690964888 || 2013-01-13 06:51:25 |
| 3096 || 20.0341439583473 || 2013-08-12 19:21:44 |
| 3097 || -13.0493395575441 || 2014-12-16 07:12:34 |
| 3098 || -9.84015312390023 || 2015-02-13 15:02:41 |
| 3099 || 0.019804607776247 || 2016-12-06 04:10:55 |
| 3100 || 19.8195117455498 || 2010-08-07 17:52:14 |
| 3101 || -11.3438951045571 || 2016-11-23 19:25:14 |
| 3102 || 13.0922156178186 || 2018-08-08 23:40:02 |
| 3103 || 34.1013342695849 || 2019-04-12 13:47:57 |
| 3104 || -0.0259621585925671 || 2011-12-08 08:17:11 |
| 3105 || -3.35083850739638 || 2015-11-01 00:31:51 |
| 3106 || 1.93123293045956 || 2010-04-20 13:26:45 |
| 3107 || 86.0795902038455 || 2012-08-23 23:10:25 |
| 3108 || 13.1278163227401 || 2011-09-01 06:58:17 |
| 3109 || 0.918927460494854 || 2013-03-21 05:09:39 |
| 3110 || -4.32002715490647 || 2017-01-06 02:15:39 |
| 3111 || 20.379273204081 || 2019-05-25 12:59:36 |
| 3112 || 12.3758390128821 || 2011-08-22 03:52:29 |
| 3113 || 4.51341368576953 || 2013-02-22 02:45:48 |
| 3114 || -0.672231588101227 || 2010-03-07 04:37:57 |
| 3115 || 14.888230802696 || 2010-01-12 21:11:46 |
| 3116 || 32.1183520628644 || 2011-11-06 08:37:49 |
| 3117 || 69.9672233770168 || 2017-07-15 20:28:33 |
| 3118 || 45.8955748301082 || 2018-06-21 04:33:25 |
| 3119 || 0.525570813428715 || 2012-09-21 11:45:43 |
| 3120 || 10.1412059690378 || 2017-02-27 08:16:26 |
| 3121 || 54.9787623414873 || 2016-07-15 01:41:01 |
| 3122 || 5.83710321320923 || 2018-11-21 06:36:11 |
| 3123 || 16.9880512115107 || 2018-03-21 15:19:02 |
| 3124 || 1.10568795767495 || 2014-07-04 21:29:11 |
| 3125 || -2.58882850059676 || 2019-09-13 22:12:51 |
| 3126 || 48.7738671933407 || 2013-08-07 12:21:10 |
| 3127 || -29.9430758969065 || 2016-08-13 12:18:40 |
| 3128 || 48.5859157475496 || 2012-06-22 22:57:45 |
| 3129 || 9.5439473807454 || 2014-01-09 22:31:29 |
| 3130 || -0.107702336988746 || 2014-11-02 19:24:58 |
| 3131 || -7.65784371421857 || 2011-07-06 23:26:08 |
| 3132 || 88.8343055432757 || 2010-06-21 09:08:16 |
| 3133 || 64.337334476067 || 2011-09-14 17:01:30 |
| 3134 || 14.9495345911985 || 2012-07-23 04:13:47 |
| 3135 || 2.75555252250528 || 2010-10-02 13:05:20 |
| 3136 || -14.0801992477153 || 2012-05-17 04:48:19 |
| 3137 || 87.3806555025138 || 2010-10-08 15:22:33 |
| 3138 || 0.311265386540717 || 2018-04-10 21:39:05 |
| 3139 || 13.8918968881816 || 2011-03-06 08:09:46 |
| 3140 || -0.298700077709224 || 2019-06-17 00:04:25 |
| 3141 || -7.5002390536715 || 2015-04-19 18:46:00 |
| 3142 || -24.2101911869816 || 2015-11-16 10:16:55 |
| 3143 || 13.8548104557814 || 2018-11-05 09:11:30 |
| 3144 || 5.25335529142404 || 2014-10-04 16:42:14 |
| 3145 || 0.259223206437654 || 2014-09-12 09:49:22 |
| 3146 || 24.624637729183 || 2012-04-25 12:47:46 |
| 3147 || -5.18465224887593 || 2014-05-08 06:27:02 |
| 3148 || -13.4771098533699 || 2017-05-13 11:38:36 |
| 3149 || -9.18772772962779 || 2012-04-10 19:06:39 |
| 3150 || 0.00149743409808759 || 2010-08-12 12:45:58 |
| 3151 || 21.8569200687324 || 2016-04-07 00:58:26 |
| 3152 || 5.45994472131147 || 2012-10-18 15:56:49 |
| 3153 || -18.5240934706796 || 2018-01-24 17:12:49 |
| 3154 || 31.7226402738296 || 2019-11-10 20:01:56 |
| 3155 || 0.373440180085254 || 2015-10-12 23:47:22 |
| 3156 || 21.7772605859495 || 2014-06-22 00:25:29 |
| 3157 || 25.1096650373138 || 2013-03-02 01:53:52 |
| 3158 || -23.4472554532158 || 2016-09-07 19:18:12 |
| 3159 || -2.54382224246089 || 2018-04-17 19:25:20 |
| 3160 || 0.616319556530824 || 2013-02-19 08:35:43 |
| 3161 || 5.64808038914698 || 2011-04-01 18:48:12 |
| 3162 || -13.676922102183 || 2015-10-22 02:28:03 |
| 3163 || 60.7917963625095 || 2019-03-26 11:22:02 |
| 3164 || -12.6552897097599 || 2015-08-11 19:07:02 |
| 3165 || -0.3819581029965 || 2011-03-20 05:39:18 |
| 3166 || 3.76923417681429 || 2018-06-15 18:10:16 |
| 3167 || 33.2583046767907 || 2010-10-11 00:17:57 |
| 3168 || 68.5695371085281 || 2011-03-23 08:07:42 |
| 3169 || 48.5598133945196 || 2017-05-18 21:28:08 |
| 3170 || 2.72174427264257 || 2018-08-19 04:59:30 |
| 3171 || 3.86096184361817 || 2014-10-21 16:22:59 |
| 3172 || -10.3401042087821 || 2013-12-12 08:29:40 |
| 3173 || 89.0460399131699 || 2013-09-21 03:49:13 |
| 3174 || -19.0197422219241 || 2014-06-15 20:49:05 |
| 3175 || -2.63440282119427 || 2018-12-14 17:54:32 |
| 3176 || 8.35894491879651 || 2014-07-08 12:57:39 |
| 3177 || 57.2818196576134 || 2014-03-25 10:16:15 |
| 3178 || -21.4112612864469 || 2015-11-19 01:59:51 |
| 3179 || -15.5350800669447 || 2010-05-10 10:53:36 |
| 3180 || 11.2242982217191 || 2014-09-13 10:53:04 |
| 3181 || 5.47197172822497 || 2017-01-01 06:08:02 |
| 3182 || 36.526627132248 || 2017-10-01 01:08:59 |
| 3183 || -22.5959245862935 || 2016-08-23 10:27:55 |
| 3184 || 66.5614451446669 || 2011-09-02 08:32:36 |
| 3185 || -4.26557323650907 || 2017-02-14 14:57:46 |
| 3186 || -0.50480528544506 || 2019-08-24 15:58:10 |
| 3187 || 6.55129963557609 || 2017-03-11 03:59:37 |
| 3188 || -21.5858641627284 || 2019-06-13 09:16:44 |
| 3189 || 27.592912074117 || 2017-04-02 07:20:07 |
| 3190 || -5.85426496477894 || 2013-02-24 17:39:53 |
| 3191 || -0.27158347755509 || 2019-09-14 03:44:25 |
| 3192 || 25.0626289578349 || 2015-08-17 09:24:06 |
| 3193 || 11.9463415699716 || 2019-01-01 00:41:01 |
| 3194 || -13.2825824727326 || 2019-11-19 03:45:08 |
| 3195 || 0.657870759997427 || 2016-12-05 19:16:31 |
| 3196 || 0.380514114390975 || 2019-02-04 08:03:24 |
| 3197 || -11.3925228776831 || 2011-07-24 22:09:22 |
| 3198 || 64.3141684335561 || 2017-05-24 07:44:19 |
| 3199 || 79.6472872564489 || 2012-03-03 10:49:30 |
| 3200 || -8.7609948550117 || 2017-05-05 11:45:15 |
| 3201 || 0.00457620688776548 || 2017-03-25 17:46:45 |
| 3202 || 30.0395914700368 || 2012-03-21 03:50:17 |
| 3203 || -24.4312661589507 || 2019-08-02 01:39:19 |
| 3204 || 53.6931624696543 || 2019-02-17 05:31:23 |
| 3205 || 33.5818922592354 || 2013-10-25 23:56:42 |
| 3206 || 0.110495976634058 || 2017-12-08 10:18:40 |
| 3207 || 1.05547135680493 || 2015-01-09 00:20:18 |
| 3208 || 61.3898439923253 || 2012-11-07 02:22:17 |
| 3209 || 21.13618706735 || 2019-10-10 09:24:01 |
| 3210 || -12.1754978208079 || 2015-10-27 14:33:19 |
| 3211 || 1.09494899602487 || 2017-07-12 20:54:05 |
| 3212 || 19.5155732945539 || 2016-03-25 15:43:38 |
| 3213 || 68.8861318336099 || 2011-07-08 06:23:02 |
| 3214 || 26.6424499420359 || 2017-08-10 00:46:36 |
| 3215 || -11.741245517893 || 2011-03-03 00:52:18 |
| 3216 || 0.0420677581735832 || 2012-12-07 20:09:11 |
| 3217 || 8.10175572448962 || 2016-07-08 16:53:36 |
| 3218 || 42.3033829063415 || 2018-12-25 12:50:48 |
| 3219 || -1.86134847431983 || 2013-07-14 11:55:18 |
| 3220 || 22.189228373265 || 2015-04-02 02:30:03 |
| 3221 || 4.55450031048452 || 2018-02-11 17:20:23 |
| 3222 || -3.97593358961997 || 2014-09-19 15:18:36 |
| 3223 || -13.6010236771433 || 2019-01-14 10:28:15 |
| 3224 || 86.7092229401251 || 2010-07-23 04:39:44 |
| 3225 || -17.80249765287 || 2018-09-04 07:25:17 |
| 3226 || -0.352754561380089 || 2019-03-10 10:32:17 |
| 3227 || 6.56938214849048 || 2012-07-20 10:42:31 |
| 3228 || 43.7563648430688 || 2017-08-27 01:25:24 |
| 3229 || -28.4239457894127 || 2014-11-21 23:38:23 |
| 3230 || 8.6069020175039 || 2018-11-02 16:20:55 |
| 3231 || 9.30271729387785 || 2017-01-09 09:12:54 |
| 3232 || 4.79622559835251 || 2012-06-26 04:45:39 |
| 3233 || 49.5693478323657 || 2018-08-18 11:02:25 |
| 3234 || -26.704546269503 || 2018-05-04 02:20:01 |
| 3235 || 54.9693973319184 || 2016-07-17 18:55:30 |
| 3236 || 3.98877563251319 || 2014-03-27 04:47:07 |
| 3237 || 1.15914033170071 || 2015-10-15 08:29:33 |
| 3238 || 24.5518139980265 || 2012-01-16 09:30:50 |
| 3239 || 77.0898665734652 || 2011-01-06 07:05:01 |
| 3240 || -23.4379620210453 || 2015-06-01 11:31:43 |
| 3241 || -3.8324989138556 || 2013-11-18 19:50:43 |
| 3242 || 0.300355356804157 || 2014-02-07 09:45:58 |
| 3243 || 33.9774453354025 || 2013-08-17 04:41:56 |
| 3244 || 6.01155408418066 || 2015-03-27 20:58:22 |
| 3245 || -25.0520456332559 || 2019-05-14 00:46:59 |
| 3246 || 23.5436771521963 || 2011-07-24 20:58:59 |
| 3247 || -0.166452252085487 || 2011-08-10 19:10:47 |
| 3248 || -2.46812819480585 || 2016-03-15 15:38:52 |
| 3249 || 65.8745281226097 || 2014-11-14 10:15:49 |
| 3250 || 9.0112154421739 || 2012-06-23 11:09:48 |
| 3251 || 27.1244048535054 || 2014-10-18 18:35:16 |
| 3252 || 0.0043198657995119 || 2015-09-06 12:48:59 |
| 3253 || -3.06108107960915 || 2013-03-16 10:50:26 |
| 3254 || 37.2482447925422 || 2019-02-11 04:24:48 |
| 3255 || -22.3857198512416 || 2019-08-19 13:48:27 |
| 3256 || -10.914313378459 || 2018-11-21 14:35:00 |
| 3257 || -0.00691416298289469 || 2018-02-11 14:14:44 |
| 3258 || 4.72763777529617 || 2019-07-07 08:59:39 |
| 3259 || 40.8832819841996 || 2019-04-14 22:48:41 |
| 3260 || 56.4516381371142 || 2012-11-17 08:32:10 |
| 3261 || 33.507664115633 || 2016-07-15 11:56:43 |
| 3262 || 0.930785806876731 || 2012-10-09 04:30:14 |
| 3263 || 14.9553543488358 || 2010-06-03 17:09:03 |
| 3264 || -15.1411093122034 || 2011-05-13 01:27:39 |
| 3265 || -22.7758257563592 || 2018-02-03 06:30:06 |
| 3266 || -5.73265860423101 || 2010-12-02 20:54:53 |
| 3267 || 1.86390611592374 || 2012-06-22 12:18:10 |
| 3268 || 12.2344743752299 || 2015-03-25 12:47:35 |
| 3269 || 8.92606644778653 || 2010-05-13 12:31:48 |
| 3270 || 26.4928915263558 || 2018-12-25 02:54:42 |
| 3271 || 16.7411023326589 || 2011-04-04 00:35:27 |
| 3272 || 4.26951594762823 || 2018-03-24 04:50:10 |
| 3273 || 10.1099594703819 || 2012-02-26 06:31:01 |
| 3274 || -12.8731498367975 || 2017-12-17 16:15:12 |
| 3275 || -23.1791557152401 || 2016-06-03 05:05:56 |
| 3276 || -8.88416178752185 || 2015-01-18 08:18:00 |
| 3277 || 0.211024778491644 || 2017-05-07 06:12:50 |
| 3278 || 3.83847364884254 || 2019-03-08 14:32:13 |
| 3279 || 55.9692969847928 || 2015-05-05 16:09:06 |
| 3280 || 29.7881647328225 || 2010-06-03 06:26:50 |
| 3281 || -19.1062495293229 || 2013-02-13 09:06:44 |
| 3282 || 10.1867824464491 || 2011-12-10 02:28:17 |
| 3283 || 6.26439219028911 || 2019-09-10 15:23:26 |
| 3284 || 40.8021725089331 || 2012-01-10 11:18:00 |
| 3285 || 66.4167941053482 || 2018-02-02 09:05:44 |
| 3286 || -4.62596945251335 || 2017-02-17 14:09:50 |
| 3287 || 0.972938719310694 || 2011-01-24 15:30:34 |
| 3288 || 0.544579993869846 || 2011-10-03 23:28:36 |
| 3289 || 6.36467700286117 || 2014-11-15 16:38:08 |
| 3290 || 81.7414559858447 || 2016-06-05 03:19:56 |
| 3291 || -0.458915011749304 || 2013-08-21 13:31:43 |
| 3292 || 3.32370035671674 || 2018-08-20 07:45:22 |
| 3293 || 0.17261044623185 || 2016-01-03 05:56:56 |
| 3294 || 4.98276701641419 || 2015-04-10 16:07:38 |
| 3295 || -28.3220557514012 || 2017-05-23 21:07:14 |
| 3296 || 60.7735188572062 || 2014-02-24 12:03:03 |
| 3297 || 3.31454261341446 || 2018-12-23 03:51:17 |
| 3298 || -0.240542202529764 || 2016-03-15 06:47:16 |
| 3299 || 37.6171306297307 || 2017-04-12 04:23:15 |
| 3300 || 33.0897982589569 || 2012-08-25 00:19:50 |
| 3301 || 36.3661135274271 || 2016-04-26 17:53:12 |
| 3302 || 24.5397804562994 || 2017-05-12 02:47:40 |
| 3303 || -0.00959228589418851 || 2011-05-26 21:23:35 |
| 3304 || 21.7281161206859 || 2013-10-12 06:07:00 |
| 3305 || 59.8468156029408 || 2018-09-05 16:03:31 |
| 3306 || 75.8864800621295 || 2011-01-18 21:41:38 |
| 3307 || 28.8709861736037 || 2019-11-14 07:17:37 |
| 3308 || 0.0782971976173924 || 2019-06-17 16:02:17 |
| 3309 || 17.2611778677567 || 2010-01-20 22:06:08 |
| 3310 || 77.6952789131349 || 2017-09-24 05:43:50 |
| 3311 || 81.0608276999242 || 2018-10-22 16:48:44 |
| 3312 || 34.2372757333952 || 2018-01-18 11:28:16 |
| 3313 || 0.692676154637764 || 2017-04-19 08:56:09 |
| 3314 || 0.869249461049176 || 2010-12-21 01:01:12 |
| 3315 || 49.823793803828 || 2013-08-05 05:00:37 |
| 3316 || 44.0457754927481 || 2010-09-27 07:43:59 |
| 3317 || -13.1822085703059 || 2018-09-25 19:06:42 |
| 3318 || 1.79458511159921 || 2012-02-08 07:06:31 |
| 3319 || -6.02925486606486 || 2016-11-20 16:19:15 |
| 3320 || 63.9818601749627 || 2016-08-24 21:55:31 |
| 3321 || 86.542464227307 || 2017-11-01 10:28:12 |
| 3322 || 29.0095919493662 || 2013-07-14 18:52:50 |
| 3323 || -0.215485739886977 || 2012-03-14 10:11:48 |
| 3324 || 13.9112156790685 || 2016-01-01 04:20:42 |
| 3325 || 63.8405784691692 || 2017-06-27 00:37:14 |
| 3326 || -28.9016481041166 || 2013-01-08 10:24:43 |
| 3327 || -12.4222435350099 || 2010-01-19 02:09:00 |
| 3328 || 5.76850357502581 || 2018-03-22 03:05:58 |
| 3329 || 4.91998043396838 || 2014-11-17 07:40:18 |
| 3330 || 7.8075619345352 || 2011-07-17 19:19:26 |
| 3331 || -19.5080640169335 || 2014-04-27 06:57:01 |
| 3332 || -8.07159063809789 || 2013-07-09 10:56:34 |
| 3333 || 9.59809241119988 || 2013-07-06 02:10:45 |
| 3334 || 6.14188011642163 || 2010-11-25 09:20:53 |
| 3335 || 0.0248022041761224 || 2014-04-21 20:13:57 |
| 3336 || 89.1964101457498 || 2012-09-09 08:40:22 |
| 3337 || -21.3363199427781 || 2012-06-10 09:27:48 |
| 3338 || 4.85075688604313 || 2012-04-07 08:50:37 |
| 3339 || -1.30959873696714 || 2016-05-05 20:32:34 |
| 3340 || -9.44835356907365 || 2012-02-14 13:49:12 |
| 3341 || 83.5112319663022 || 2012-08-08 21:34:32 |
| 3342 || -9.0546570335605 || 2010-07-26 03:40:16 |
| 3343 || 0.152399055192335 || 2018-07-02 18:01:09 |
| 3344 || 0.14842303543566 || 2011-08-07 05:11:33 |
| 3345 || 31.653958199879 || 2019-04-07 18:42:05 |
| 3346 || 73.9879426998255 || 2013-01-03 08:11:20 |
| 3347 || -24.4934284647531 || 2011-02-06 16:56:48 |
| 3348 || -5.83219868313259 || 2016-06-03 06:29:20 |
| 3349 || -0.229643768885445 || 2018-05-12 16:35:24 |
| 3350 || -11.8596054489904 || 2016-11-24 08:14:23 |
| 3351 || 37.3610037034071 || 2013-05-26 21:43:56 |
| 3352 || -18.6341067677207 || 2012-06-12 04:34:10 |
| 3353 || 11.3780980705018 || 2010-03-22 06:04:29 |
| 3354 || -0.0266529014056805 || 2017-05-27 06:36:01 |
| 3355 || 4.70412735553081 || 2019-02-20 11:07:24 |
| 3356 || 77.8688145144915 || 2011-04-21 03:33:04 |
| 3357 || -2.98262077075089 || 2017-08-24 10:19:44 |
| 3358 || 13.9084812067643 || 2019-11-04 23:45:23 |
| 3359 || -0.00551889461268278 || 2010-04-27 18:32:38 |
| 3360 || -3.19000528379752 || 2018-01-25 07:00:52 |
| 3361 || -25.7515327475574 || 2014-12-21 03:57:55 |
| 3362 || 57.3633078193921 || 2016-02-20 10:06:29 |
| 3363 || 3.94480154065682 || 2012-03-22 11:55:02 |
| 3364 || -0.113492264696629 || 2010-11-09 17:39:09 |
| 3365 || 15.512173567941 || 2013-12-10 11:17:37 |
| 3366 || 47.0907457671931 || 2016-11-04 01:25:10 |
| 3367 || 14.4057299588347 || 2013-04-02 07:39:50 |
| 3368 || -10.2489574487035 || 2013-11-06 03:09:07 |
| 3369 || -0.439927141861257 || 2013-07-18 15:26:12 |
| 3370 || 15.7196290132538 || 2015-03-06 11:43:27 |
| 3371 || 4.29622355780357 || 2016-08-23 15:37:30 |
| 3372 || -18.8205962487505 || 2019-01-27 05:49:58 |
| 3373 || 4.14692118135096 || 2012-12-26 18:54:06 |
| 3374 || 2.49160400583806 || 2013-10-19 03:28:05 |
| 3375 || 9.64996099396104 || 2012-03-11 10:58:00 |
| 3376 || 30.106559007122 || 2017-06-24 09:32:53 |
| 3377 || -12.6295780109275 || 2014-02-27 08:26:41 |
| 3378 || 7.06487724273185 || 2013-08-02 14:15:43 |
| 3379 || 4.50792272644969 || 2014-07-04 18:16:53 |
| 3380 || 2.75899234172968 || 2011-10-20 17:57:54 |
| 3381 || 59.2862488281419 || 2018-11-10 06:32:07 |
| 3382 || 69.6036479817497 || 2013-10-01 05:15:16 |
| 3383 || 33.7948044474698 || 2012-12-10 23:21:55 |
| 3384 || 8.82531915531809 || 2015-11-18 02:38:52 |
| 3385 || 4.3393062400433 || 2011-12-26 01:28:25 |
| 3386 || -2.04335140702948 || 2014-02-15 20:04:17 |
| 3387 || -1.75591533103589 || 2015-11-08 13:28:24 |
| 3388 || 63.5515687874177 || 2015-11-14 08:52:31 |
| 3389 || 5.83888524107539 || 2013-08-02 11:07:56 |
| 3390 || -1.55941013855013 || 2014-07-21 15:32:51 |
| 3391 || 39.6831087070654 || 2016-12-20 23:19:42 |
| 3392 || 44.1529855691607 || 2015-09-20 15:58:36 |
| 3393 || -17.6385786674373 || 2013-08-19 14:48:45 |
| 3394 || 5.27772639483202 || 2015-10-10 04:35:16 |
| 3395 || 1.31145514655646 || 2016-01-17 06:45:19 |
| 3396 || -7.59842937411714 || 2017-11-18 18:17:34 |
| 3397 || -0.173503238376227 || 2019-08-23 05:29:11 |
| 3398 || -23.7396385688893 || 2011-01-06 09:46:30 |
| 3399 || 20.7770153762948 || 2014-08-10 21:35:27 |
| 3400 || -0.241302685190292 || 2016-03-19 13:37:24 |
| 3401 || -9.50958094980645 || 2013-02-10 13:23:10 |
| 3402 || 82.7517608842518 || 2010-10-02 03:45:43 |
| 3403 || 7.96540964298988 || 2015-01-21 12:21:18 |
| 3404 || 0.847838824342828 || 2017-11-08 09:44:23 |
| 3405 || -0.0474591312785262 || 2016-03-16 02:49:12 |
| 3406 || -7.5984046111369 || 2013-03-05 16:23:33 |
| 3407 || -3.43417133852258 || 2016-08-23 19:43:00 |
| 3408 || 51.5858969078832 || 2017-12-16 19:53:22 |
| 3409 || 5.03778042203673 || 2015-03-03 05:23:49 |
| 3410 || 0.00279786189234068 || 2013-10-13 23:24:35 |
| 3411 || 1.15301996605006 || 2014-06-20 14:28:27 |
| 3412 || -26.0644972220284 || 2014-12-19 01:28:28 |
| 3413 || 49.5901434667492 || 2010-03-25 14:06:35 |
| 3414 || -2.0477052625141 || 2015-06-17 16:02:50 |
| 3415 || 0.146411287751869 || 2013-12-27 01:07:16 |
| 3416 || 23.9751353746735 || 2014-10-13 03:19:39 |
| 3417 || 46.3521469713411 || 2016-12-02 17:35:11 |
| 3418 || -21.6755307911601 || 2019-06-11 10:53:23 |
| 3419 || -11.2909702377032 || 2012-02-17 08:12:55 |
| 3420 || 1.0117998082046 || 2014-07-06 00:37:24 |
| 3421 || 7.25317586441711 || 2012-07-12 21:07:01 |
| 3422 || -23.7674470214498 || 2013-02-22 11:23:19 |
| 3423 || 51.3307338744394 || 2011-12-25 14:24:02 |
| 3424 || -10.0113274998718 || 2013-06-05 01:33:55 |
| 3425 || 2.25866785642599 || 2012-03-21 02:45:32 |
| 3426 || 6.44664263234694 || 2018-06-23 13:58:01 |
| 3427 || -5.73963084666637 || 2013-02-25 01:12:37 |
| 3428 || 82.208694345632 || 2017-12-22 08:24:46 |
| 3429 || 49.5187688652203 || 2011-06-11 08:43:48 |
| 3430 || 3.84292557625774 || 2014-08-25 08:57:15 |
| 3431 || 1.6779467120165 || 2015-03-09 22:26:35 |
| 3432 || 0.690011486219045 || 2013-12-15 01:46:32 |
| 3433 || 86.2651249795462 || 2012-12-20 07:45:15 |
| 3434 || -8.34066454683036 || 2014-02-02 10:41:54 |
| 3435 || 4.36765601225663 || 2012-09-04 17:32:04 |
| 3436 || 7.99831995327513 || 2012-03-19 09:28:07 |
| 3437 || -9.3516589547592 || 2016-12-04 17:21:13 |
| 3438 || -5.56386249751103 || 2015-09-07 08:45:33 |
| 3439 || -16.8156989640618 || 2010-12-09 11:24:14 |
| 3440 || 1.66614838158017 || 2010-07-17 13:27:32 |
| 3441 || -1.76181960829366 || 2018-12-04 01:41:43 |
| 3442 || 22.1213334620567 || 2017-05-12 05:43:41 |
| 3443 || 65.4736224943928 || 2012-03-14 15:27:13 |
| 3444 || 64.210566262405 || 2013-03-22 14:19:51 |
| 3445 || 1.12786046824642 || 2010-08-10 03:50:46 |
| 3446 || 0.80389356683448 || 2017-08-18 09:47:23 |
| 3447 || 31.4944062986011 || 2011-01-27 14:27:53 |
| 3448 || 60.6531783782482 || 2014-05-07 20:08:25 |
| 3449 || -18.2663159079255 || 2018-12-22 18:07:35 |
| 3450 || 10.6025114429722 || 2019-07-04 10:05:04 |
| 3451 || 1.39673985137814 || 2012-08-26 21:11:23 |
| 3452 || -12.4086869846973 || 2017-05-02 14:40:48 |
| 3453 || -8.37997532351126 || 2012-09-04 00:05:41 |
| 3454 || 46.8316919381185 || 2018-06-06 10:50:58 |
| 3455 || -2.46601208152808 || 2019-10-25 02:25:38 |
| 3456 || -0.114162767679124 || 2019-08-26 12:17:08 |
| 3457 || -1.14201905562025 || 2018-11-20 08:54:52 |
| 3458 || 4.88475082698252 || 2019-06-07 02:14:28 |
| 3459 || 24.5315736753302 || 2019-05-03 14:19:35 |
| 3460 || 18.5547236465051 || 2019-03-24 02:07:30 |
| 3461 || 0.00138427277852418 || 2011-10-25 05:02:45 |
| 3462 || 28.2255373178181 || 2019-04-15 01:49:45 |
| 3463 || 50.217325254575 || 2014-07-27 03:47:30 |
| 3464 || 32.9277428577029 || 2015-12-06 05:01:55 |
| 3465 || 9.79313814998032 || 2012-09-06 20:14:38 |
| 3466 || 0.22757082314765 || 2016-08-25 06:32:38 |
| 3467 || -7.63167040559794 || 2012-05-02 08:26:24 |
| 3468 || 51.9442090090276 || 2019-01-11 01:04:16 |
| 3469 || -23.2006317861378 || 2015-11-23 01:33:12 |
| 3470 || 1.86138012775697 || 2011-04-15 11:11:18 |
| 3471 || 0.616566982317156 || 2018-11-02 02:36:58 |
| 3472 || 10.0974024364904 || 2013-01-27 18:25:21 |
| 3473 || 19.0444380638574 || 2011-04-11 02:20:44 |
| 3474 || 72.4915183540838 || 2013-08-25 19:10:44 |
| 3475 || -0.0816376056258909 || 2012-10-08 06:00:29 |
| 3476 || 2.55425736823917 || 2015-07-01 13:27:35 |
| 3477 || 10.5596437483268 || 2011-06-22 23:11:14 |
| 3478 || -5.9954121807071 || 2014-01-12 14:35:22 |
| 3479 || -0.903507183361362 || 2015-09-23 07:20:17 |
| 3480 || 25.8656076434874 || 2016-11-11 16:23:24 |
| 3481 || -1.47276697943551 || 2015-02-06 20:10:14 |
| 3482 || 3.16660909523742 || 2013-06-08 12:42:23 |
| 3483 || -1.94948463959484 || 2015-03-27 00:21:33 |
| 3484 || 56.8908900633358 || 2019-06-23 04:24:41 |
| 3485 || 55.7794536991071 || 2017-03-06 18:51:56 |
| 3486 || -1.99925823302977 || 2013-10-12 00:12:45 |
| 3487 || 2.42786123561 || 2012-05-27 21:09:58 |
| 3488 || 57.1269316255155 || 2013-12-05 17:30:58 |
| 3489 || 79.0594428328753 || 2018-12-22 05:39:46 |
| 3490 || 4.60137042497269 || 2016-06-05 07:35:15 |
| 3491 || 9.60754074257835 || 2012-11-16 15:40:27 |
| 3492 || -0.0620204676704853 || 2016-02-25 03:11:58 |
| 3493 || 33.2705573272564 || 2012-09-05 07:32:49 |
| 3494 || -27.6944416525249 || 2017-06-18 18:35:16 |
| 3495 || -10.7103746528643 || 2015-11-19 02:17:07 |
| 3496 || -1.79347199267127 || 2019-05-07 18:11:13 |
| 3497 || 2.0980393705681 || 2014-12-02 20:21:13 |
| 3498 || 26.9790857513516 || 2018-06-14 11:50:25 |
| 3499 || 53.8931570669726 || 2014-10-26 17:50:43 |
| 3500 || 29.4813371566597 || 2010-02-01 00:40:27 |
| 3501 || 19.1612582249663 || 2014-07-08 05:52:18 |
| 3502 || 1.08278139972911 || 2012-02-17 22:59:13 |
| 3503 || 41.9513944324599 || 2013-10-11 14:42:34 |
| 3504 || 84.5532653855588 || 2013-01-03 13:03:52 |
| 3505 || 59.987002414637 || 2017-07-11 20:18:30 |
| 3506 || -3.98544433784435 || 2010-03-25 06:41:57 |
| 3507 || 0.18328082191891 || 2014-02-17 05:24:52 |
| 3508 || 35.524578129093 || 2013-06-09 02:55:05 |
| 3509 || -24.5362244460028 || 2017-07-19 06:44:44 |
| 3510 || -24.8285508606075 || 2017-06-16 09:43:54 |
| 3511 || 2.78894540725217 || 2015-08-10 02:26:35 |
| 3512 || 0.0113265613370244 || 2016-06-18 19:48:08 |
| 3513 || -9.62611953787076 || 2018-03-10 14:38:59 |
| 3514 || -13.6290998393536 || 2018-07-09 10:55:45 |
| 3515 || 81.6113922257203 || 2011-12-12 01:04:31 |
| 3516 || -6.41265123265464 || 2012-02-26 20:20:52 |
| 3517 || 0.177550010247851 || 2010-01-14 23:20:17 |
| 3518 || 12.4160819798649 || 2015-03-10 13:56:28 |
| 3519 || 7.2283479726661 || 2010-08-19 08:46:41 |
| 3520 || 83.9373930547472 || 2019-01-19 10:00:51 |
| 3521 || 35.3207072358913 || 2017-12-17 21:28:54 |
| 3522 || 0.80798820517184 || 2010-05-20 01:10:37 |
| 3523 || -7.15999908433978 || 2013-05-01 05:39:49 |
| 3524 || -24.2704459206132 || 2015-06-18 19:23:40 |
| 3525 || 87.0097880198406 || 2013-11-14 14:07:19 |
| 3526 || 18.9276912267212 || 2011-10-08 17:36:53 |
| 3527 || 0.0490769082806336 || 2012-01-05 14:15:36 |
| 3528 || -4.68816900686881 || 2010-07-12 10:13:50 |
| 3529 || 52.7123646264138 || 2013-10-23 12:48:19 |
| 3530 || -15.0843981357816 || 2017-01-09 18:24:48 |
| 3531 || -16.5066942921931 || 2017-07-22 00:45:35 |
| 3532 || -0.493023066074618 || 2012-01-21 23:30:11 |
| 3533 || 0.419565920486527 || 2018-03-01 20:16:31 |
| 3534 || -17.7576017592184 || 2013-08-16 04:46:51 |
| 3535 || 83.5324634726154 || 2019-08-20 02:14:32 |
| 3536 || 10.9310444952066 || 2010-06-27 07:22:47 |
| 3537 || -1.38798920209144 || 2019-09-11 14:35:44 |
| 3538 || 7.66576670364224 || 2016-08-22 07:31:13 |
| 3539 || -15.0799302978126 || 2017-03-23 17:43:24 |
| 3540 || 12.7071054097349 || 2011-09-06 19:21:57 |
| 3541 || -11.5914338099543 || 2011-01-02 02:39:58 |
| 3542 || -3.38640833082926 || 2015-01-02 09:33:21 |
| 3543 || 3.65668146442454 || 2014-03-07 22:50:22 |
| 3544 || 36.0092495698617 || 2011-05-23 21:23:28 |
| 3545 || 2.78456001376206 || 2017-03-03 18:49:35 |
| 3546 || 47.4547838383197 || 2019-10-22 13:48:19 |
| 3547 || -4.71461306742522 || 2016-02-19 03:56:46 |
| 3548 || 3.56964773326209 || 2014-03-15 23:00:45 |
| 3549 || -2.73515616518288 || 2010-10-17 01:08:52 |
| 3550 || 15.2416794723167 || 2016-06-11 23:33:17 |
| 3551 || 48.1753555256343 || 2015-04-18 00:43:44 |
| 3552 || 4.55298265148735 || 2015-05-22 18:48:10 |
| 3553 || -0.56307419693322 || 2019-11-15 05:48:33 |
| 3554 || -14.2810927685362 || 2014-11-02 19:34:43 |
| 3555 || 42.9160898474756 || 2019-08-20 13:51:32 |
| 3556 || 27.4072110731962 || 2012-02-06 01:40:27 |
| 3557 || -6.57129700358504 || 2015-05-12 14:53:15 |
| 3558 || 0.628869610830352 || 2017-03-18 15:15:02 |
| 3559 || 5.02185274895599 || 2012-12-17 21:22:07 |
| 3560 || 49.9080776410376 || 2015-04-26 03:09:38 |
| 3561 || 21.8410256967541 || 2013-05-08 21:43:20 |
| 3562 || -2.95445858323333 || 2016-03-18 10:01:39 |
| 3563 || 0.00361391399480719 || 2012-08-04 18:14:48 |
| 3564 || 3.90651777692192 || 2013-09-03 13:26:37 |
| 3565 || 21.8539527541781 || 2017-05-11 13:43:30 |
| 3566 || -7.91933570518516 || 2011-06-25 00:36:51 |
| 3567 || -10.7412761187208 || 2012-10-18 04:35:40 |
| 3568 || 0.101626789089876 || 2019-05-11 05:13:40 |
| 3569 || 22.8004757393759 || 2018-08-07 17:09:45 |
| 3570 || 9.79375723409115 || 2011-12-08 06:09:36 |
| 3571 || 84.3003168954472 || 2014-09-06 23:57:50 |
| 3572 || 38.1382795017659 || 2011-06-04 20:08:06 |
| 3573 || 0.409187966532922 || 2016-08-23 01:44:48 |
| 3574 || 19.7351757334222 || 2019-03-23 22:08:28 |
| 3575 || -24.2532341345678 || 2015-01-25 01:20:24 |
| 3576 || -28.9763997413 || 2010-08-24 18:31:14 |
| 3577 || -11.581889760344 || 2013-10-11 13:29:20 |
| 3578 || 0.198005047645604 || 2010-08-17 19:25:39 |
| 3579 || 4.09732540571241 || 2011-01-01 08:53:56 |
| 3580 || 62.3993794442252 || 2013-08-02 07:10:35 |
| 3581 || -28.2109881308304 || 2010-01-13 14:05:04 |
| 3582 || -5.20568291745091 || 2013-10-15 19:11:26 |
| 3583 || 2.21495523810132 || 2018-05-13 21:33:57 |
| 3584 || 13.3503732987831 || 2012-05-05 07:21:45 |
| 3585 || 17.6491777157481 || 2010-10-26 17:43:57 |
| 3586 || 70.1834929113976 || 2019-07-25 08:20:34 |
| 3587 || -4.95359558171703 || 2017-04-21 15:11:28 |
| 3588 || 3.79105744165871 || 2017-11-08 12:35:24 |
| 3589 || 7.64435806237149 || 2017-02-07 13:14:01 |
| 3590 || 43.4022777239717 || 2015-11-10 21:16:21 |
| 3591 || 14.4896246735193 || 2013-01-25 23:47:53 |
| 3592 || 56.2686780661864 || 2014-07-20 12:31:27 |
| 3593 || 4.36480768284285 || 2015-09-01 05:49:41 |
| 3594 || -1.76203951811521 || 2015-04-24 21:10:37 |
| 3595 || 17.8896828032372 || 2010-09-09 09:08:13 |
| 3596 || -26.1849352036987 || 2016-12-14 01:58:11 |
| 3597 || 55.0932448670474 || 2018-05-27 04:44:03 |
| 3598 || 0.816014382510609 || 2014-10-15 21:20:04 |
| 3599 || -1.15681722638221 || 2019-01-16 10:35:49 |
| 3600 || 49.4775455489349 || 2018-05-17 03:32:34 |
| 3601 || 53.1560862439961 || 2019-11-15 01:01:41 |
| 3602 || -22.1966000291455 || 2017-11-19 13:13:28 |
| 3603 || 2.24291626413307 || 2012-03-01 19:52:20 |
| 3604 || 2.26291617887566 || 2013-06-06 07:47:21 |
| 3605 || -10.0185918624469 || 2017-09-02 03:10:15 |
| 3606 || 77.7693638490314 || 2017-07-21 11:06:23 |
| 3607 || 21.8748151201746 || 2013-04-14 14:05:51 |
| 3608 || -3.85361406731248 || 2016-12-02 23:48:36 |
| 3609 || 0.12809085702759 || 2019-08-18 05:59:51 |
| 3610 || 13.4155948697209 || 2019-05-12 11:50:11 |
| 3611 || 84.8471272849426 || 2015-07-03 19:42:45 |
| 3612 || -25.4441777230082 || 2010-05-20 00:53:15 |
| 3613 || -1.85112111218361 || 2017-01-12 16:51:38 |
| 3614 || 0.114140772005271 || 2019-11-07 01:52:57 |
| 3615 || 15.3227878388643 || 2018-02-12 11:25:18 |
| 3616 || 66.4167120176407 || 2014-07-01 08:54:27 |
| 3617 || 69.9559338578402 || 2019-04-11 21:43:22 |
| 3618 || 23.9210706152913 || 2018-07-09 15:03:50 |
| 3619 || 0.00811342241721592 || 2013-09-14 13:40:58 |
| 3620 || 15.5738726263372 || 2016-12-15 01:00:47 |
| 3621 || 1.56781263441966 || 2015-06-27 05:22:49 |
| 3622 || 10.902215213473 || 2013-11-09 07:59:18 |
| 3623 || -8.16987093923964 || 2013-04-25 23:12:34 |
| 3624 || 0.488455027888991 || 2013-11-14 04:30:18 |
| 3625 || 22.6847437664455 || 2011-01-01 18:25:40 |
| 3626 || 69.8864657618916 || 2014-09-13 11:55:20 |
| 3627 || 86.5691790106083 || 2016-03-18 23:56:37 |
| 3628 || 38.7171578315687 || 2010-06-08 13:46:28 |
| 3629 || 0.9741531066213 || 2016-11-12 20:11:22 |
| 3630 || 12.5220231379074 || 2019-09-17 00:02:25 |
| 3631 || -8.94540953812774 || 2010-01-25 07:51:25 |
| 3632 || 24.0011288224397 || 2019-02-14 11:00:20 |
| 3633 || 41.7132812957941 || 2016-11-26 04:19:38 |
| 3634 || 2.71377026032991 || 2014-10-24 07:06:31 |
| 3635 || -4.48178551983167 || 2015-11-16 03:26:32 |
| 3636 || 20.4605510537816 || 2014-03-04 06:53:48 |
| 3637 || 87.30737726415 || 2011-10-07 01:34:11 |
| 3638 || -17.407518363378 || 2017-12-22 03:08:11 |
| 3639 || -0.363112833718322 || 2015-09-15 19:36:24 |
| 3640 || 10.6181992768097 || 2013-11-09 21:23:08 |
| 3641 || 32.9651206152933 || 2017-01-20 13:53:35 |
| 3642 || -25.5147341465504 || 2015-03-17 00:02:57 |
| 3643 || -19.3344030075588 || 2015-11-04 18:05:40 |
| 3644 || -2.91764152214442 || 2011-12-05 05:09:20 |
| 3645 || 7.12624220288412 || 2014-08-09 21:21:42 |
| 3646 || -7.57604970682665 || 2018-10-17 07:15:17 |
| 3647 || 13.2436257872673 || 2015-08-13 13:27:50 |
| 3648 || 51.5846925425119 || 2018-06-23 12:52:55 |
| 3649 || 4.61660804238347 || 2015-07-24 05:15:37 |
| 3650 || -1.31585180389489 || 2012-04-14 15:15:30 |
| 3651 || -4.1350227154927 || 2015-12-13 18:33:01 |
| 3652 || 88.0175176234027 || 2011-06-26 08:46:35 |
| 3653 || 41.9659468709645 || 2015-03-19 08:14:57 |
| 3654 || 12.8676348947079 || 2011-04-10 05:14:54 |
| 3655 || 0.0468074939158611 || 2017-11-05 06:00:18 |
| 3656 || 44.0064539058452 || 2016-02-11 14:34:03 |
| 3657 || 85.8039951626101 || 2014-12-22 23:11:25 |
| 3658 || -14.3431782219198 || 2014-02-12 16:06:41 |
| 3659 || 21.1394739296174 || 2014-02-23 07:08:52 |
| 3660 || 1.06866190011703 || 2014-06-05 20:06:12 |
| 3661 || 13.781167955459 || 2010-01-23 02:50:05 |
| 3662 || -15.3439743438831 || 2011-11-26 21:14:04 |
| 3663 || 49.6174162447783 || 2013-05-05 22:27:03 |
| 3664 || 18.8029359112949 || 2015-04-22 05:12:24 |
| 3665 || 0.0161237319740375 || 2014-08-07 18:57:40 |
| 3666 || 14.0985690949991 || 2013-10-13 01:25:44 |
| 3667 || 77.7528509858611 || 2016-01-07 11:49:48 |
| 3668 || -26.3755684160896 || 2018-09-11 12:08:41 |
| 3669 || -10.0253827255585 || 2013-02-14 23:24:23 |
| 3670 || 0.00399572654803649 || 2012-05-08 11:38:14 |
| 3671 || -1.59225833030348 || 2016-09-11 22:15:32 |
| 3672 || 8.57916955203942 || 2019-08-14 04:28:03 |
| 3673 || 25.7650460671891 || 2018-08-09 12:28:59 |
| 3674 || -11.6897434440398 || 2017-11-10 11:32:40 |
| 3675 || -0.148156633211942 || 2018-10-20 04:44:14 |
| 3676 || 5.71526501211551 || 2012-03-23 01:50:46 |
| 3677 || 18.6842131104386 || 2011-01-01 15:51:04 |
| 3678 || 79.3652738569343 || 2017-08-17 18:57:04 |
| 3679 || 38.1988896512272 || 2010-05-02 05:03:14 |
| 3680 || 1.46567267642122 || 2015-10-16 16:12:30 |
| 3681 || -5.96617834486356 || 2012-07-19 07:45:51 |
| 3682 || -22.8346548900767 || 2013-12-12 22:42:37 |
| 3683 || -14.9408175728618 || 2016-12-02 13:23:06 |
| 3684 || -6.23913767919977 || 2011-12-12 00:27:23 |
| 3685 || -0.668833791754707 || 2019-09-17 17:26:05 |
| 3686 || 0.653510936098702 || 2010-10-26 05:29:56 |
| 3687 || -17.1389765595033 || 2014-03-04 12:33:00 |
| 3688 || 88.8846010674643 || 2017-04-10 18:54:08 |
| 3689 || 46.3506468821794 || 2013-07-08 13:08:34 |
| 3690 || 2.15423345880476 || 2015-02-11 21:16:52 |
| 3691 || 9.86192420668838 || 2018-02-08 22:29:51 |
| 3692 || 31.1116999842805 || 2013-07-05 21:38:00 |
| 3693 || 71.3090946951259 || 2016-07-14 16:42:16 |
| 3694 || 4.84574123101632 || 2012-05-12 12:27:23 |
| 3695 || -2.30484706958936 || 2014-03-19 05:28:06 |
| 3696 || -2.39857224998142 || 2011-12-05 11:31:19 |
| 3697 || -17.9059903181437 || 2014-01-25 10:05:44 |
| 3698 || 89.7250159456377 || 2014-11-26 17:55:01 |
| 3699 || 4.89498975270512 || 2012-07-25 18:08:10 |
| 3700 || 10.3083946755512 || 2016-01-20 06:20:50 |
| 3701 || 4.34088410648919 || 2011-11-19 11:29:34 |
| 3702 || 11.3071186213004 || 2013-02-02 05:11:27 |
| 3703 || -23.1006966077287 || 2011-04-25 09:06:38 |
| 3704 || -18.526146926271 || 2014-04-07 20:10:15 |
| 3705 || -4.45707104707842 || 2019-06-20 21:32:41 |
| 3706 || 0.662708097722815 || 2017-01-24 23:32:21 |
| 3707 || 37.7964773206889 || 2017-11-09 06:33:32 |
| 3708 || 86.6521818218329 || 2019-11-02 09:28:55 |
| 3709 || 66.1138382448527 || 2015-12-19 12:23:57 |
| 3710 || -5.35036551862606 || 2011-04-17 19:06:40 |
| 3711 || -0.223282440147733 || 2011-06-07 01:09:50 |
| 3712 || 12.4888016779274 || 2010-09-13 19:47:08 |
| 3713 || 2.39763142340389 || 2010-11-11 18:43:46 |
| 3714 || -5.02328299810518 || 2010-04-07 13:11:50 |
| 3715 || 3.55685936378669 || 2010-10-09 13:46:59 |
| 3716 || 0.33615151705184 || 2019-02-22 02:13:06 |
| 3717 || 6.27219041093902 || 2019-09-02 22:39:09 |
| 3718 || -24.830368060045 || 2018-10-10 01:48:29 |
| 3719 || -22.403611422784 || 2017-08-24 07:56:59 |
| 3720 || 15.3903533545824 || 2016-06-24 10:57:15 |
| 3721 || 2.09517287487422e-06 || 2018-03-18 05:44:56 |
| 3722 || -9.4938628511606 || 2017-10-10 10:14:56 |
| 3723 || 68.1226906633654 || 2013-09-26 20:03:10 |
| 3724 || 78.6081883311026 || 2019-05-16 01:32:37 |
| 3725 || 15.4732517711432 || 2014-08-06 22:48:27 |
| 3726 || 0.10546286420738 || 2015-01-12 00:08:43 |
| 3727 || -7.101928661525 || 2012-07-13 02:27:43 |
| 3728 || -8.98487086771222 || 2014-08-05 05:30:09 |
| 3729 || 34.3602052155206 || 2012-02-24 14:07:59 |
| 3730 || 37.9420162997148 || 2011-05-19 12:36:52 |
| 3731 || -0.141254456569083 || 2012-03-13 12:32:43 |
| 3732 || -2.86042772794775 || 2019-03-14 19:59:54 |
| 3733 || 34.8674897361959 || 2010-09-09 03:51:21 |
| 3734 || 87.7039707921659 || 2011-10-20 00:21:49 |
| 3735 || 41.0631137320715 || 2019-07-02 05:51:35 |
| 3736 || 2.76324112695847 || 2019-03-10 04:54:14 |
| 3737 || 0.0792280729617064 || 2014-11-02 04:38:33 |
| 3738 || 29.8263658103779 || 2011-10-16 04:21:48 |
| 3739 || 84.5699634641946 || 2011-05-01 07:10:44 |
| 3740 || 49.0834837904962 || 2014-05-20 00:01:06 |
| 3741 || 4.24443514859145 || 2016-11-13 21:34:18 |
| 3742 || 7.99562068336393 || 2011-12-13 19:06:49 |
| 3743 || 47.0627007722341 || 2014-09-05 22:02:08 |
| 3744 || 15.5443387922996 || 2011-01-13 16:20:27 |
| 3745 || 29.5048052435902 || 2011-02-12 21:19:58 |
| 3746 || 7.89772408864158 || 2019-11-13 05:05:24 |
| 3747 || 3.06724761691916 || 2016-11-25 23:34:41 |
| 3748 || 13.5712399498542 || 2017-09-01 01:28:06 |
| 3749 || 32.4598734472152 || 2017-06-12 10:08:43 |
| 3750 || -5.60605887867895 || 2014-11-15 13:32:44 |
| 3751 || 10.9276947411603 || 2014-05-22 12:28:58 |
| 3752 || -1.82459198173823 || 2012-04-24 13:06:23 |
| 3753 || 52.4538728603693 || 2019-03-20 16:30:40 |
| 3754 || 22.9583235303957 || 2017-02-13 07:23:49 |
| 3755 || 66.244462485339 || 2016-12-13 15:30:35 |
| 3756 || 11.8376157754803 || 2011-07-20 15:43:36 |
| 3757 || 3.12310700304242 || 2013-09-26 19:32:25 |
| 3758 || -14.3300668899255 || 2015-02-11 18:28:19 |
| 3759 || -6.49157091968889 || 2018-09-19 10:10:06 |
| 3760 || 61.1134285275519 || 2015-01-21 02:14:12 |
| 3761 || -6.454073328889 || 2016-03-16 22:03:14 |
| 3762 || 1.56476911932057 || 2017-10-27 01:23:35 |
| 3763 || 10.1005323136149 || 2018-04-18 09:52:55 |
| 3764 || 86.256349179968 || 2019-12-14 20:03:07 |
| 3765 || 10.3312166637287 || 2015-01-05 11:14:38 |
| 3766 || 21.9561978409482 || 2015-02-15 03:54:46 |
| 3767 || 0.199754223775447 || 2012-08-05 15:32:08 |
| 3768 || -11.9710113726001 || 2011-07-25 23:48:58 |
| 3769 || 83.3164325655507 || 2013-08-09 19:18:50 |
| 3770 || -26.048786900626 || 2016-09-03 13:17:40 |
| 3771 || -7.08228157216823 || 2016-01-16 08:49:15 |
| 3772 || 0.0121253917384312 || 2015-02-01 17:32:51 |
| 3773 || 30.3002237951485 || 2014-08-01 17:38:46 |
| 3774 || -26.0352943565666 || 2014-04-26 21:16:04 |
| 3775 || 35.141376638653 || 2013-02-13 17:06:01 |
| 3776 || 22.087657407021 || 2019-05-26 17:08:23 |
| 3777 || 0.105599507420497 || 2019-03-09 19:18:28 |
| 3778 || -5.68717355921745 || 2018-07-27 17:21:18 |
| 3779 || -12.2104261110599 || 2016-01-07 03:43:20 |
| 3780 || 58.9646627606605 || 2012-07-24 02:08:25 |
| 3781 || 38.9734379369905 || 2014-01-04 09:37:18 |
| 3782 || -0.3440583411154 || 2015-02-21 18:14:44 |
| 3783 || -5.90536312688868 || 2017-03-03 21:51:34 |
| 3784 || 43.2855329263376 || 2012-03-25 12:35:16 |
| 3785 || -22.7416902741253 || 2014-01-25 13:54:04 |
| 3786 || 44.4445027457333 || 2011-09-02 05:32:25 |
| 3787 || 1.55930033143077 || 2011-07-21 07:37:52 |
| 3788 || 13.0485470828093 || 2013-10-12 13:56:19 |
| 3789 || 46.4872142030087 || 2010-10-22 22:02:52 |
| 3790 || 18.776255755285 || 2013-04-11 16:01:44 |
| 3791 || 37.9662080047071 || 2011-03-07 09:48:22 |
| 3792 || 4.07814809174272 || 2019-08-19 05:10:14 |
| 3793 || 12.4907105723971 || 2011-06-13 03:30:32 |
| 3794 || 31.1838258433888 || 2018-11-25 18:36:30 |
| 3795 || 20.9779798094231 || 2014-12-12 00:58:24 |
| 3796 || -16.0169185444989 || 2014-01-20 20:15:14 |
| 3797 || 6.9523511839107 || 2014-07-27 21:03:31 |
| 3798 || 9.06042491260883 || 2018-09-20 04:50:18 |
| 3799 || -6.71679190364779 || 2010-05-09 05:21:57 |
| 3800 || 69.9756382181878 || 2016-03-22 01:13:17 |
| 3801 || 60.6485659365667 || 2015-10-19 17:33:41 |
| 3802 || 1.42972330285948 || 2015-04-15 10:28:27 |
| 3803 || 1.89561376877269 || 2017-06-12 06:58:37 |
| 3804 || -16.936451727287 || 2017-09-27 08:08:49 |
| 3805 || 13.1892182928694 || 2019-02-20 10:24:14 |
| 3806 || -16.9664100033058 || 2012-08-03 12:32:03 |
| 3807 || 10.3074330388229 || 2016-08-03 15:14:35 |
| 3808 || 2.39942212191241 || 2019-11-25 01:32:01 |
| 3809 || 4.06413917404127 || 2015-08-12 20:52:58 |
| 3810 || 11.7824461449997 || 2016-04-12 03:15:59 |
| 3811 || 67.4926941363693 || 2015-08-10 23:12:32 |
| 3812 || 17.1247430276291 || 2017-06-01 16:57:43 |
| 3813 || 0.703930728271082 || 2017-04-12 09:21:49 |
| 3814 || 12.9032971378275 || 2014-07-15 00:40:58 |
| 3815 || -23.257926238557 || 2017-02-27 08:23:48 |
| 3816 || 65.5931365893248 || 2012-10-01 19:32:20 |
| 3817 || 1.02123885222892 || 2015-04-09 07:08:57 |
| 3818 || -0.208691806409104 || 2018-06-26 07:21:40 |
| 3819 || -12.0531372569843 || 2010-05-06 07:42:06 |
| 3820 || 81.7780147421713 || 2012-05-13 13:11:24 |
| 3821 || -12.5219988830742 || 2018-06-04 20:08:48 |
| 3822 || -1.47679501415433 || 2013-07-05 16:25:40 |
| 3823 || 0.0109587913074788 || 2018-12-02 01:56:47 |
| 3824 || -10.6400979331756 || 2012-09-23 13:20:24 |
| 3825 || -3.58663916148663 || 2011-05-14 09:09:31 |
| 3826 || 69.8565053620182 || 2017-09-20 07:26:01 |
| 3827 || 28.6816708784918 || 2011-05-12 06:23:13 |
| 3828 || 0.0616978030024441 || 2017-10-10 00:45:21 |
| 3829 || 11.4922852863747 || 2013-02-08 12:03:28 |
| 3830 || 29.9113990255316 || 2011-10-19 02:19:23 |
| 3831 || -28.0423820884774 || 2017-03-16 16:04:48 |
| 3832 || 11.7684940569125 || 2013-07-05 16:24:04 |
| 3833 || -0.152160532507755 || 2013-02-12 21:52:54 |
| 3834 || 0.72465151879948 || 2018-02-15 08:13:18 |
| 3835 || 24.9910788240014 || 2011-08-03 07:21:26 |
| 3836 || -21.8580142308278 || 2015-05-20 16:49:37 |
| 3837 || 43.8730471588063 || 2018-08-02 00:00:44 |
| 3838 || 1.56802802842822 || 2016-12-27 10:20:58 |
| 3839 || -3.60821454090312 || 2015-09-04 12:39:00 |
| 3840 || -19.0293547136568 || 2012-10-21 09:24:21 |
| 3841 || 23.7780439186875 || 2011-06-25 08:42:31 |
| 3842 || 38.2530016943286 || 2016-03-14 10:10:53 |
| 3843 || 3.98034767082277 || 2016-02-06 20:34:39 |
| 3844 || -0.510925770344599 || 2019-05-16 12:35:55 |
| 3845 || 55.7804546331635 || 2018-04-20 14:26:50 |
| 3846 || 12.5496261482039 || 2016-03-19 02:03:58 |
| 3847 || -11.2370188917438 || 2014-12-02 18:29:20 |
| 3848 || 3.51538291347963 || 2018-10-17 21:36:39 |
| 3849 || 7.74538014470671 || 2011-05-18 00:25:58 |
| 3850 || -11.0341518128506 || 2019-01-07 20:53:25 |
| 3851 || 59.6335161743508 || 2017-11-22 02:37:53 |
| 3852 || 59.9721988549425 || 2012-03-04 23:00:17 |
| 3853 || -2.90017906585455 || 2018-09-10 14:36:25 |
| 3854 || 1.75525915048299 || 2010-02-25 14:30:32 |
| 3855 || 26.3512252709194 || 2012-01-19 12:28:38 |
| 3856 || -25.8124919976991 || 2010-09-17 07:28:11 |
| 3857 || -9.63586766133894 || 2013-07-12 01:28:59 |
| 3858 || 13.0368699018561 || 2010-08-27 23:11:45 |
| 3859 || 2.8317736032085 || 2015-05-18 01:04:12 |
| 3860 || -15.0689762092122 || 2011-10-03 21:37:19 |
| 3861 || 74.3302371386723 || 2013-06-04 14:46:10 |
| 3862 || 66.3079797253329 || 2010-04-20 01:57:46 |
| 3863 || 9.08421222413063 || 2015-09-19 01:19:50 |
| 3864 || 1.68648180012175 || 2018-06-21 16:48:13 |
| 3865 || 12.8912247626767 || 2016-07-13 22:00:53 |
| 3866 || 63.8253490046306 || 2017-02-01 07:18:04 |
| 3867 || -15.4996576741359 || 2018-11-02 15:57:24 |
| 3868 || 22.255164448983 || 2012-04-21 07:00:08 |
| 3869 || 0.510716988012598 || 2019-08-17 04:04:02 |
| 3870 || 3.17442986235136 || 2016-03-25 08:41:08 |
| 3871 || -22.462675490401 || 2016-07-22 13:05:05 |
| 3872 || 32.1033340875629 || 2018-07-27 13:05:12 |
| 3873 || 22.3439213981238 || 2014-02-03 15:30:15 |
| 3874 || 0.10815961688935 || 2018-10-15 14:57:54 |
| 3875 || 30.0059247570439 || 2014-10-23 02:51:01 |
| 3876 || 54.5043159732744 || 2017-06-24 00:50:58 |
| 3877 || -4.67082035742373 || 2017-02-15 06:21:48 |
| 3878 || 28.6700550808801 || 2014-07-09 17:36:40 |
| 3879 || -0.0161155999107502 || 2019-11-01 21:35:58 |
| 3880 || 2.91874733706075 || 2012-08-02 03:22:50 |
| 3881 || 75.3388445115445 || 2012-11-04 09:54:51 |
| 3882 || 10.2529349568139 || 2017-03-20 18:19:28 |
| 3883 || 26.8199144691531 || 2010-06-16 15:50:43 |
| 3884 || 0.517894035241179 || 2011-05-24 15:21:31 |
| 3885 || -6.22899359801033 || 2017-11-05 20:29:28 |
| 3886 || 38.6503918415748 || 2010-11-13 11:57:07 |
| 3887 || 7.53723584661125 || 2013-07-13 22:08:21 |
| 3888 || -14.3079093699824 || 2017-08-04 14:37:07 |
| 3889 || 0.48617110048894 || 2010-03-09 23:11:31 |
| 3890 || -4.73228724065968 || 2012-11-06 05:02:38 |
| 3891 || 69.756975237258 || 2016-04-27 01:35:26 |
| 3892 || -29.3093992400988 || 2018-06-24 04:53:30 |
| 3893 || -9.64830143979586 || 2010-10-13 13:47:29 |
| 3894 || 2.38118977686819 || 2013-08-20 19:42:23 |
| 3895 || -0.942719248853009 || 2014-10-15 22:54:02 |
| 3896 || 10.9017973940428 || 2012-10-18 16:40:45 |
| 3897 || -29.8493665406595 || 2018-10-21 06:54:12 |
| 3898 || -16.7567622432965 || 2015-08-01 11:33:56 |
| 3899 || 4.64116664639842 || 2012-12-03 20:34:31 |
| 3900 || -1.66816205414473 || 2015-08-13 10:51:56 |
| 3901 || 12.6712667514882 || 2015-05-18 11:31:53 |
| 3902 || -18.0541241758367 || 2013-11-21 21:57:28 |
| 3903 || 3.68955049921721 || 2012-02-13 00:10:20 |
| 3904 || 8.22106463633463 || 2011-10-23 18:47:53 |
| 3905 || 0.135418208927379 || 2012-09-11 22:28:09 |
| 3906 || 40.6678116085649 || 2018-10-14 05:47:06 |
| 3907 || -12.5440691332611 || 2013-05-14 23:39:10 |
| 3908 || -6.58880441525355 || 2013-02-05 13:11:28 |
| 3909 || 9.36284047612245 || 2015-09-19 21:44:56 |
| 3910 || -1.31715079715845 || 2019-02-05 23:13:32 |
| 3911 || -15.8957641487048 || 2013-03-19 05:06:28 |
| 3912 || 44.2962594367834 || 2019-12-14 02:03:57 |
| 3913 || 3.8564847821355 || 2012-01-05 03:32:38 |
| 3914 || -0.376015915133625 || 2016-03-16 07:26:58 |
| 3915 || 2.29269493064584 || 2012-10-14 07:32:49 |
| 3916 || 29.9156868301941 || 2010-03-05 15:11:12 |
| 3917 || -13.6050743357215 || 2010-02-20 21:52:19 |
| 3918 || -16.575097973363 || 2018-04-05 07:19:59 |
| 3919 || 2.75079475289182 || 2016-07-07 11:03:55 |
| 3920 || -0.241828656189377 || 2017-11-13 22:14:49 |
| 3921 || -13.0106887085801 || 2010-04-24 03:47:34 |
| 3922 || 17.6856481890713 || 2016-12-27 03:15:38 |
| 3923 || 31.6085136442739 || 2010-04-06 07:22:52 |
| 3924 || -6.9740636597866 || 2019-06-20 03:10:01 |
| 3925 || -0.057061153261683 || 2016-07-25 17:30:57 |
| 3926 || -5.4742480545308 || 2010-10-08 17:25:57 |
| 3927 || 31.3371789293753 || 2019-05-17 18:52:32 |
| 3928 || -26.9532144635271 || 2016-02-05 22:56:19 |
| 3929 || -1.61548146537132 || 2016-12-22 01:32:57 |
| 3930 || 0.00273207216796268 || 2014-12-05 21:00:38 |
| 3931 || -3.84094642307652 || 2011-11-03 23:08:03 |
| 3932 || 18.7166716693649 || 2013-01-08 16:29:20 |
| 3933 || 82.4578643328779 || 2018-05-20 07:50:15 |
| 3934 || 10.2563341834008 || 2011-05-07 00:53:44 |
| 3935 || -0.166512532741477 || 2017-08-13 23:20:32 |
| 3936 || 12.7841285391932 || 2016-08-05 19:30:52 |
| 3937 || -21.9437394986462 || 2018-08-19 19:43:16 |
| 3938 || 14.2210501967461 || 2011-10-19 22:55:17 |
| 3939 || -10.5174763075121 || 2017-05-02 06:49:39 |
| 3940 || 1.15401983691808 || 2010-06-12 16:29:49 |
| 3941 || 1.74396449338049 || 2011-01-23 12:43:29 |
| 3942 || 20.7048690008945 || 2018-12-22 07:54:13 |
| 3943 || -29.3340120636393 || 2011-02-21 22:44:09 |
| 3944 || -11.4380678604332 || 2018-10-12 03:50:47 |
| 3945 || 0.397798499770385 || 2013-03-25 05:50:31 |
| 3946 || 14.5877424260047 || 2014-05-21 22:10:42 |
| 3947 || -9.75366676442509 || 2013-11-04 11:40:01 |
| 3948 || 89.0880639470319 || 2017-03-17 21:08:17 |
| 3949 || 35.0773505209578 || 2015-03-12 15:05:08 |
| 3950 || -1.86403936699899 || 2018-01-20 23:27:03 |
| 3951 || 8.98457067767605 || 2019-10-25 05:26:22 |
| 3952 || 35.5088873582303 || 2015-12-21 11:43:33 |
| 3953 || -24.2058566240105 || 2012-09-27 16:26:20 |
| 3954 || 29.5929180494461 || 2015-11-22 04:34:53 |
| 3955 || 3.30837724127036 || 2014-01-17 23:35:43 |
| 3956 || 0.374828677934712 || 2015-01-16 00:21:12 |
| 3957 || 45.1366021349077 || 2018-02-23 13:12:33 |
| 3958 || 43.8586025812808 || 2010-05-20 04:20:11 |
| 3959 || 18.9673868675609 || 2018-12-03 09:58:05 |
| 3960 || 6.77020463973339 || 2015-01-05 10:22:11 |
| 3961 || 4.4112486465541 || 2013-12-06 03:39:16 |
| 3962 || 49.4326286228353 || 2011-03-16 11:01:52 |
| 3963 || 88.1054882422985 || 2010-01-25 09:00:42 |
| 3964 || 61.1586346792766 || 2016-05-25 07:23:17 |
| 3965 || -0.858934169806579 || 2013-06-06 16:19:53 |
| 3966 || -0.894031253024497 || 2017-12-21 03:32:32 |
| 3967 || -10.5730697013992 || 2017-12-01 03:49:38 |
| 3968 || 87.5689408228236 || 2016-09-14 06:41:55 |
| 3969 || 33.0833993032908 || 2012-12-25 02:23:44 |
| 3970 || 19.3568995466096 || 2011-06-08 14:36:33 |
| 3971 || 0.843625118899634 || 2010-11-27 08:43:09 |
| 3972 || 4.81900833571787 || 2014-10-07 06:04:09 |
| 3973 || 55.0459614790226 || 2016-09-14 23:34:18 |
| 3974 || -25.2349270586944 || 2016-09-20 20:12:42 |
| 3975 || -8.15284639176366 || 2011-12-08 09:30:40 |
| 3976 || -0.0970902252548731 || 2011-11-15 02:30:34 |
| 3977 || 33.5902223973752 || 2016-08-10 14:28:11 |
| 3978 || -13.7680957894019 || 2013-03-18 01:52:00 |
| 3979 || 78.8340554805028 || 2015-04-25 06:41:57 |
| 3980 || 3.72085132753868 || 2016-10-22 04:23:07 |
| 3981 || 0.000618980889906691 || 2013-05-12 16:10:46 |
| 3982 || 16.3507800486427 || 2014-05-13 03:24:18 |
| 3983 || 77.8862168625066 || 2013-06-06 04:10:37 |
| 3984 || -12.8157696447834 || 2015-01-05 02:17:42 |
| 3985 || 18.9414079045334 || 2016-04-04 12:52:37 |
| 3986 || -0.0300737664942336 || 2014-03-07 19:16:50 |
| 3987 || 21.2049601232876 || 2011-11-09 03:41:35 |
| 3988 || -24.6533923210184 || 2016-10-24 15:46:12 |
| 3989 || 81.2272443448867 || 2010-11-05 17:03:15 |
| 3990 || 19.1111508938317 || 2013-02-03 08:45:29 |
| 3991 || -0.448397671759254 || 2011-01-12 02:22:08 |
| 3992 || 19.8671251894674 || 2019-04-12 12:55:55 |
| 3993 || -16.6272160543949 || 2010-12-11 00:08:21 |
| 3994 || 84.4672689446023 || 2011-02-13 11:05:12 |
| 3995 || -12.3183644188187 || 2019-11-10 11:11:38 |
| 3996 || 1.16369301528092 || 2018-09-09 15:45:38 |
| 3997 || 1.09011978973569 || 2015-05-27 01:44:20 |
| 3998 || -9.49665888639761 || 2011-10-10 19:38:13 |
| 3999 || -29.002355529508 || 2019-03-18 17:49:32 |
| 4000 || 12.7368794156009 || 2018-08-07 02:22:14 |
| 4001 || 5.19860536083088 || 2012-09-15 09:26:14 |
| 4002 || -3.2058187171045 || 2010-10-12 02:52:55 |
| 4003 || 48.9246973788354 || 2013-04-26 06:02:03 |
| 4004 || 89.3875270618972 || 2014-01-06 04:03:19 |
| 4005 || 54.5383904607299 || 2019-07-12 21:55:10 |
| 4006 || 3.30226780418133 || 2016-01-22 14:39:46 |
| 4007 || -1.82234560108803 || 2015-02-22 18:49:33 |
| 4008 || -19.0393368497361 || 2012-04-02 04:33:32 |
| 4009 || 19.3935688452183 || 2016-01-04 03:38:05 |
| 4010 || 6.54114043845381 || 2012-12-05 03:40:26 |
| 4011 || -3.56916253993907 || 2019-01-04 16:54:21 |
| 4012 || -0.263669106408418 || 2017-12-14 04:53:59 |
| 4013 || 8.07688298959935 || 2014-09-24 20:13:56 |
| 4014 || 9.08513608972082 || 2013-03-11 12:35:24 |
| 4015 || -11.8444226352762 || 2011-02-02 19:33:35 |
| 4016 || -0.99703006365433 || 2017-07-07 09:34:30 |
| 4017 || 3.2040776514231 || 2010-06-12 15:36:53 |
| 4018 || 10.5708900671005 || 2016-03-17 08:55:15 |
| 4019 || 23.5080188504187 || 2010-07-15 09:30:53 |
| 4020 || 71.6766979411433 || 2018-11-04 16:43:43 |
| 4021 || 17.8626955229556 || 2018-10-24 13:51:59 |
| 4022 || 1.26436784219727 || 2012-05-22 07:57:45 |
| 4023 || -13.1941324154737 || 2011-09-15 19:31:06 |
| 4024 || -27.0161094454737 || 2015-07-21 19:21:18 |
| 4025 || 75.243559713133 || 2010-11-02 11:18:48 |
| 4026 || 3.19513554732973 || 2014-11-18 03:58:51 |
| 4027 || -0.127089421544231 || 2018-03-21 12:18:36 |
| 4028 || -1.49236630087306 || 2018-03-23 14:03:07 |
| 4029 || 2.61525886652791 || 2018-09-06 06:47:24 |
| 4030 || -26.0879244086993 || 2017-11-08 03:10:24 |
| 4031 || 29.2367111220579 || 2016-10-19 19:22:08 |
| 4032 || 0.00651067052103607 || 2013-07-24 01:27:15 |
| 4033 || -2.13801244638225 || 2013-08-16 07:48:20 |
| 4034 || -24.1822965883315 || 2013-11-06 00:42:46 |
| 4035 || -23.8604661599552 || 2013-10-12 08:43:01 |
| 4036 || 12.3087638673137 || 2011-05-09 13:36:39 |
| 4037 || 0.00418086028395762 || 2015-09-25 18:37:36 |
| 4038 || 9.94054621043268 || 2017-01-16 23:17:21 |
| 4039 || -25.4812151788558 || 2015-06-12 18:42:58 |
| 4040 || -0.620437518036961 || 2016-03-14 22:35:09 |
| 4041 || 26.9150284276736 || 2010-06-15 09:38:48 |
| 4042 || 0.0362015806582705 || 2014-12-08 13:35:51 |
| 4043 || 0.0174696646360697 || 2018-03-05 01:31:42 |
| 4044 || 33.2725459026621 || 2017-05-25 18:33:08 |
| 4045 || 59.0558514449748 || 2014-11-01 09:08:17 |
| 4046 || 45.2938361963505 || 2010-03-19 10:08:07 |
| 4047 || -0.884887906145167 || 2015-01-02 07:10:06 |
| 4048 || -3.99382173424151 || 2012-03-27 02:30:16 |
| 4049 || 67.1933737714049 || 2012-12-26 20:15:57 |
| 4050 || 42.6282790732769 || 2015-05-27 11:16:08 |
| 4051 || 5.81215032186604 || 2016-08-21 17:24:46 |
| 4052 || 0.673026819162122 || 2014-04-14 05:23:25 |
| 4053 || -0.505619955415706 || 2015-03-11 06:59:36 |
| 4054 || 0.938401787594677 || 2015-05-19 13:49:22 |
| 4055 || -29.9041769376609 || 2018-09-08 13:23:46 |
| 4056 || -1.19464870697697 || 2016-08-25 11:36:45 |
| 4057 || 0.0556742459077199 || 2010-06-25 07:16:35 |
| 4058 || 3.8754414655788 || 2013-10-15 14:44:19 |
| 4059 || -18.6814954784046 || 2015-03-18 09:01:16 |
| 4060 || 18.4894190961423 || 2018-08-20 18:21:08 |
| 4061 || 60.9065944741453 || 2010-03-04 14:16:52 |
| 4062 || -2.9725323865554 || 2015-03-24 00:46:01 |
| 4063 || 6.01245575124073 || 2012-08-09 14:56:18 |
| 4064 || 33.974117245108 || 2013-01-25 14:31:25 |
| 4065 || -28.9882937305627 || 2013-06-19 23:12:17 |
| 4066 || 25.230562001574 || 2015-03-03 17:52:17 |
| 4067 || 10.2619287038836 || 2014-05-27 21:15:49 |
| 4068 || 1.96648869951994 || 2011-05-13 18:16:59 |
| 4069 || -9.39187944275444 || 2010-03-12 07:44:25 |
| 4070 || -9.15093008658791 || 2014-03-13 00:51:31 |
| 4071 || 1.87065234076638 || 2010-04-21 17:08:02 |
| 4072 || 7.43081146990874 || 2014-11-19 09:46:57 |
| 4073 || 1.10838060717955 || 2012-12-03 16:52:01 |
| 4074 || 25.4801216693632 || 2018-02-12 07:18:25 |
| 4075 || 1.90072427591879 || 2016-09-10 08:23:05 |
| 4076 || 50.9515364247115 || 2011-11-05 22:21:26 |
| 4077 || 2.91261387429443 || 2015-04-08 22:54:34 |
| 4078 || 0.479553527892807 || 2013-05-15 04:12:36 |
| 4079 || 33.930648922876 || 2014-08-02 17:50:07 |
| 4080 || 80.7141128205315 || 2014-01-16 21:22:03 |
| 4081 || -20.0872372108614 || 2011-12-04 05:47:50 |
| 4082 || -4.70443690073283 || 2018-09-01 23:54:46 |
| 4083 || 0.00148056962530104 || 2019-10-23 09:01:02 |
| 4084 || -10.2426388254279 || 2011-03-15 02:22:20 |
| 4085 || -3.86467308090421 || 2013-04-09 00:20:17 |
| 4086 || -24.7462960097079 || 2014-12-04 10:41:05 |
| 4087 || 3.5108404262474 || 2012-09-26 19:44:46 |
| 4088 || -0.0436638767701486 || 2013-11-17 08:21:48 |
| 4089 || -8.23096958796245 || 2012-12-03 12:00:04 |
| 4090 || 6.29601008421986 || 2019-03-07 21:52:08 |
| 4091 || 78.2201934459291 || 2014-06-21 17:36:11 |
| 4092 || -12.949042318869 || 2015-04-18 09:23:40 |
| 4093 || -0.0657892240058094 || 2011-02-13 21:53:21 |
| 4094 || 13.2304436906958 || 2015-05-17 10:37:33 |
| 4095 || -21.296416056043 || 2014-09-25 14:19:09 |
| 4096 || 74.6667132817447 || 2019-04-01 12:34:29 |
| 4097 || 36.7893964798615 || 2013-03-15 01:31:14 |
| 4098 || -0.1530115233886 || 2015-11-27 04:04:08 |
| 4099 || 5.18112396899521 || 2017-06-09 12:15:12 |
| 4100 || 51.9213034037997 || 2010-10-17 06:33:00 |
| 4101 || 69.215973159274 || 2011-05-12 08:22:55 |
| 4102 || 40.8064487382847 || 2013-09-13 17:27:59 |
| 4103 || 0.258881645146587 || 2012-12-13 10:03:13 |
| 4104 || 11.4577347305692 || 2017-06-22 04:56:02 |
| 4105 || 30.9879226536144 || 2011-06-21 06:46:22 |
| 4106 || 26.4297599316413 || 2016-04-10 12:12:14 |
| 4107 || -2.77707534038475 || 2018-02-05 13:04:28 |
| 4108 || -1.61109804842845 || 2013-09-26 04:59:10 |
| 4109 || 9.13969767492185 || 2011-07-25 21:59:28 |
| 4110 || 4.20968334651558 || 2017-09-02 14:31:47 |
| 4111 || -28.9459167627231 || 2010-04-24 02:26:23 |
| 4112 || -14.2352250342885 || 2015-07-15 20:45:17 |
| 4113 || 8.98401098016994 || 2013-09-09 03:41:11 |
| 4114 || 6.55413043595534 || 2015-03-18 01:40:53 |
| 4115 || 34.6920931549134 || 2015-11-01 08:44:27 |
| 4116 || 8.68787603384433 || 2017-11-14 06:13:07 |
| 4117 || 59.0387732923808 || 2017-05-06 06:12:15 |
| 4118 || -4.00094190160225 || 2015-06-10 22:16:41 |
| 4119 || 4.01212709487199 || 2019-04-20 07:01:13 |
| 4120 || 9.84435808897682 || 2019-03-09 08:02:16 |
| 4121 || 29.2125980905906 || 2011-11-25 08:20:31 |
| 4122 || 7.4057768524541 || 2017-02-21 23:49:54 |
| 4123 || -5.90521553189707 || 2011-12-17 01:42:22 |
| 4124 || 0.806067289081309 || 2016-05-11 22:24:29 |
| 4125 || 38.0031150652955 || 2012-04-11 19:06:34 |
| 4126 || 19.1604663498871 || 2010-11-10 09:55:11 |
| 4127 || 35.6608220592232 || 2019-05-12 22:15:18 |
| 4128 || -6.30158961454986 || 2014-10-04 07:06:51 |
| 4129 || 0.757047263603711 || 2015-05-20 23:53:14 |
| 4130 || 3.65366597116023 || 2011-04-21 19:38:46 |
| 4131 || 76.6772052870885 || 2016-12-17 18:48:51 |
| 4132 || -24.9331182146234 || 2012-08-24 01:32:33 |
| 4133 || 6.76330377397211 || 2010-10-05 01:27:22 |
| 4134 || 0.0899705919851466 || 2013-08-27 18:14:11 |
| 4135 || -7.1791850018884 || 2019-11-14 07:46:35 |
| 4136 || -19.3873554321065 || 2016-03-13 17:55:12 |
| 4137 || -13.9714532035664 || 2012-07-10 15:27:42 |
| 4138 || 30.1074453306873 || 2015-03-05 09:26:23 |
| 4139 || -0.0247946299049644 || 2014-09-25 10:31:29 |
| 4140 || -6.34261213623705 || 2019-02-15 14:41:52 |
| 4141 || 4.10158946409224 || 2013-01-20 09:07:01 |
| 4142 || -5.68342764229717 || 2014-09-14 01:51:18 |
| 4143 || 27.9986591167306 || 2015-06-22 13:46:52 |
| 4144 || -0.219510858559034 || 2016-07-19 03:14:32 |
| 4145 || -5.93174293116805 || 2017-11-27 20:11:54 |
| 4146 || 13.6844874178085 || 2017-06-19 02:42:53 |
| 4147 || 30.4134451673564 || 2011-07-07 00:10:58 |
| 4148 || 40.4042504403897 || 2018-03-27 10:49:30 |
| 4149 || 1.92269713742422 || 2015-03-25 17:02:42 |
| 4150 || 14.4944587570728 || 2013-01-15 09:24:58 |
| 4151 || 5.95998988589337 || 2015-11-21 02:51:51 |
| 4152 || 34.4065923480057 || 2015-12-11 21:50:46 |
| 4153 || 48.4379408548331 || 2012-06-15 09:55:25 |
| 4154 || 0.694716666210828 || 2010-07-11 16:41:41 |
| 4155 || 13.1971060418407 || 2019-07-01 14:52:37 |
| 4156 || 60.3560965850907 || 2012-02-04 16:47:34 |
| 4157 || 45.247107420134 || 2012-02-09 02:15:52 |
| 4158 || 23.3030363747011 || 2014-11-07 01:56:43 |
| 4159 || 1.29736589330468 || 2016-02-16 04:58:09 |
| 4160 || 4.27103902975888 || 2014-06-04 11:03:11 |
| 4161 || 51.8059379055143 || 2010-07-16 23:33:50 |
| 4162 || 78.5447846027391 || 2010-04-15 16:35:44 |
| 4163 || 22.4217270129471 || 2018-06-14 12:55:53 |
| 4164 || 6.32225061591076 || 2012-10-04 13:30:13 |
| 4165 || 6.84573119081442 || 2015-10-25 12:10:33 |
| 4166 || 54.6853451620491 || 2017-10-15 06:23:20 |
| 4167 || -17.5899879048156 || 2018-06-25 01:32:13 |
| 4168 || 18.2457697625767 || 2015-05-05 19:03:52 |
| 4169 || -3.90393209775553 || 2012-08-17 17:20:54 |
| 4170 || 2.47445759550204 || 2017-09-25 18:08:20 |
| 4171 || 49.7353794597408 || 2016-02-12 14:54:05 |
| 4172 || 72.7589411149036 || 2018-11-23 15:22:56 |
| 4173 || 68.7202155600707 || 2019-02-08 08:17:54 |
| 4174 || 17.1826437774124 || 2013-02-07 02:59:51 |
| 4175 || 1.84053980661532 || 2010-11-03 00:10:45 |
| 4176 || -14.0128273826316 || 2015-07-11 08:39:11 |
| 4177 || -7.6323220905291 || 2010-06-04 10:04:06 |
| 4178 || 34.9710391791239 || 2018-09-04 06:07:34 |
| 4179 || 1.29760102923141 || 2015-05-07 16:54:55 |
| 4180 || 0.627849964609105 || 2010-11-05 15:50:24 |
| 4181 || -6.94158659682678 || 2016-11-09 17:48:35 |
| 4182 || 48.869510683405 || 2018-04-01 08:38:35 |
| 4183 || 47.295310911249 || 2018-06-04 18:59:14 |
| 4184 || 9.00582017091464 || 2017-12-19 10:36:46 |
| 4185 || -0.0324418475266356 || 2014-08-03 05:57:32 |
| 4186 || 19.5973185685973 || 2013-04-23 13:52:43 |
| 4187 || 2.77528916865191 || 2010-08-24 02:01:17 |
| 4188 || 7.28898550469374 || 2015-04-16 18:12:27 |
| 4189 || -7.4007402401217 || 2015-04-11 00:15:41 |
| 4190 || 0.00763511679467413 || 2019-03-06 20:53:29 |
| 4191 || -9.52977385302404 || 2010-10-15 04:46:34 |
| 4192 || 30.0386479322368 || 2019-07-06 12:28:49 |
| 4193 || 3.58513436271885 || 2014-11-08 20:27:36 |
| 4194 || 0.96776281653998 || 2017-06-13 13:40:23 |
| 4195 || 0.447034455065272 || 2018-07-26 07:10:39 |
| 4196 || -2.18917574351409 || 2018-08-16 23:53:16 |
| 4197 || 42.2941639326784 || 2014-10-18 03:01:32 |
| 4198 || -18.0764448435005 || 2019-09-04 07:17:28 |
| 4199 || -9.87163370074884 || 2014-03-07 21:19:44 |
| 4200 || 0.790488665376238 || 2013-11-01 13:25:25 |
| 4201 || -4.24586161156199 || 2017-04-05 13:55:53 |
| 4202 || 8.74478709244622 || 2013-04-23 03:21:48 |
| 4203 || -21.7668448547843 || 2017-12-14 07:39:38 |
| 4204 || 1.13738053527896 || 2016-03-25 05:29:53 |
| 4205 || 1.9847639933027 || 2019-01-04 05:10:45 |
| 4206 || -2.95121520026261 || 2015-06-01 17:53:04 |
| 4207 || 24.7120420392614 || 2016-04-09 20:31:28 |
| 4208 || 0.351290028136713 || 2019-01-26 01:17:40 |
| 4209 || 52.6293011870801 || 2014-07-24 17:38:07 |
| 4210 || 5.60169276854974 || 2013-03-09 21:17:53 |
| 4211 || 10.9827131937133 || 2019-04-24 15:23:58 |
| 4212 || 44.8979509961215 || 2018-12-09 02:34:56 |
| 4213 || 37.055740931772 || 2010-05-18 23:22:12 |
| 4214 || 58.0420446594638 || 2016-04-03 21:24:08 |
| 4215 || -2.86374991743648 || 2019-06-10 05:08:36 |
| 4216 || 5.08598913705412 || 2015-11-10 18:31:23 |
| 4217 || 56.2167897476584 || 2010-03-15 15:04:11 |
| 4218 || -0.781375067454728 || 2015-04-13 12:52:03 |
| 4219 || 9.85740414010512 || 2015-10-06 02:40:23 |
| 4220 || 0.735601742666043 || 2013-10-14 23:43:03 |
| 4221 || 3.03748575275361 || 2013-06-11 11:41:51 |
| 4222 || 47.9219579067266 || 2016-12-16 18:54:38 |
| 4223 || -12.883054252839 || 2019-08-10 18:16:52 |
| 4224 || 22.0463040418387 || 2017-06-08 15:57:25 |
| 4225 || -5.40428592091478 || 2017-08-13 12:01:37 |
| 4226 || -0.41316182178333 || 2010-03-20 09:51:48 |
| 4227 || 24.9635544232425 || 2011-05-05 01:17:35 |
| 4228 || 27.2091012237024 || 2016-06-21 01:42:28 |
| 4229 || 64.9695570235457 || 2015-07-18 18:13:29 |
| 4230 || 12.9361742421209 || 2013-07-06 15:55:17 |
| 4231 || -0.387706346276927 || 2016-02-19 13:03:37 |
| 4232 || -10.3024297857404 || 2016-09-04 15:40:57 |
| 4233 || 9.90095101380089 || 2015-04-07 08:46:39 |
| 4234 || 52.9844796153409 || 2018-04-12 21:39:02 |
| 4235 || 20.2497000778685 || 2014-01-11 03:03:00 |
| 4236 || 0.0775083993671527 || 2012-11-25 22:52:13 |
| 4237 || 6.55427487748936 || 2016-08-07 19:50:33 |
| 4238 || 41.4828899958727 || 2010-11-01 00:10:59 |
| 4239 || -19.4131544551153 || 2016-12-16 18:13:06 |
| 4240 || 10.1193056085518 || 2011-07-27 17:05:21 |
| 4241 || 0.00311840504708229 || 2010-11-04 14:31:30 |
| 4242 || -2.58005618432856 || 2014-02-25 15:24:08 |
| 4243 || 67.3201783934027 || 2010-07-16 17:44:54 |
| 4244 || -27.8007842896279 || 2017-07-24 05:15:42 |
| 4245 || 7.572383938598 || 2013-04-16 16:20:35 |
| 4246 || -0.0278484612370444 || 2016-11-19 23:05:49 |
| 4247 || 20.9945959957972 || 2014-02-19 11:50:53 |
| 4248 || -12.4803507464502 || 2018-07-16 03:46:17 |
| 4249 || 81.5327739618152 || 2012-12-24 03:52:11 |
| 4250 || 41.0156477867059 || 2013-10-07 11:11:29 |
| 4251 || -0.434202408409663 || 2014-03-20 07:30:00 |
| 4252 || 19.0786219883442 || 2017-09-23 10:23:04 |
| 4253 || 50.4939985944569 || 2012-10-10 08:36:20 |
| 4254 || -28.6142616520943 || 2012-03-23 22:06:19 |
| 4255 || 0.367793266807415 || 2011-11-20 10:26:31 |
| 4256 || -0.924967886427256 || 2013-04-24 04:19:48 |
| 4257 || 5.59000079961363 || 2013-03-07 11:30:35 |
| 4258 || -15.3315405823644 || 2011-12-25 02:14:39 |
| 4259 || -18.3006471030021 || 2013-03-03 14:42:43 |
| 4260 || -17.3185763723335 || 2015-03-20 09:49:13 |
| 4261 || 2.82170175822261 || 2019-10-25 07:24:25 |
| 4262 || 1.25304621800081 || 2011-09-18 08:52:47 |
| 4263 || 50.6576742416789 || 2016-12-24 03:45:05 |
| 4264 || 13.0836737120442 || 2010-08-11 13:49:07 |
| 4265 || -15.1383111132826 || 2013-01-27 21:53:00 |
| 4266 || 0.176761392392527 || 2012-06-08 02:06:33 |
| 4267 || 5.25294552115355 || 2017-08-26 04:21:37 |
| 4268 || 51.3423315528926 || 2017-03-19 05:11:32 |
| 4269 || -0.940106179025859 || 2016-01-13 12:44:02 |
| 4270 || 55.5635652792588 || 2013-06-08 09:29:01 |
| 4271 || 11.053145827974 || 2013-08-06 15:37:20 |
| 4272 || 1.51759772922235 || 2015-01-25 02:00:23 |
| 4273 || -7.48490273154073 || 2014-03-23 03:17:33 |
| 4274 || 51.0213081280717 || 2015-07-05 06:20:04 |
| 4275 || -21.7644229967302 || 2010-11-27 18:57:53 |
| 4276 || -3.88922720644931 || 2014-07-05 18:42:25 |
| 4277 || 2.10685988156467 || 2015-06-03 13:22:50 |
| 4278 || -9.23549508249697 || 2019-10-03 07:04:02 |
| 4279 || 14.2685546259078 || 2013-11-02 10:32:03 |
| 4280 || 20.5825507276944 || 2013-12-01 18:35:42 |
| 4281 || -6.63004318555599 || 2016-06-23 08:17:18 |
| 4282 || 1.2513679262981 || 2018-03-27 22:58:29 |
| 4283 || 31.2433837084699 || 2015-04-04 21:08:30 |
| 4284 || 16.4760105817234 || 2010-10-07 22:14:01 |
| 4285 || -8.70197363282522 || 2019-04-27 17:36:08 |
| 4286 || -7.90005489962075 || 2016-06-15 02:42:07 |
| 4287 || -0.105805312849825 || 2015-07-24 22:01:30 |
| 4288 || 11.1899843349717 || 2012-07-15 13:35:05 |
| 4289 || -13.238897141735 || 2015-04-24 06:04:26 |
| 4290 || 2.59313729885102 || 2016-04-08 17:50:11 |
| 4291 || 25.3172024044978 || 2011-04-08 08:19:23 |
| 4292 || 0.000299742837796355 || 2010-05-27 12:23:45 |
| 4293 || 5.30985745433579 || 2014-11-20 05:10:09 |
| 4294 || 57.0497316230648 || 2018-07-03 14:36:24 |
| 4295 || 40.784355000662 || 2015-12-23 13:53:41 |
| 4296 || 5.91567633879182 || 2012-11-12 13:48:47 |
| 4297 || 0.254412718147321 || 2010-10-02 11:26:10 |
| 4298 || -1.73101954920313 || 2012-07-09 06:14:57 |
| 4299 || -23.4886373713738 || 2013-08-16 21:35:07 |
| 4300 || 22.4601878428571 || 2014-05-20 14:04:02 |
| 4301 || -1.7950604043912 || 2015-04-22 14:33:24 |
| 4302 || -0.142681654849841 || 2015-10-23 16:02:53 |
| 4303 || 20.5781377648 || 2018-03-19 07:46:03 |
| 4304 || -21.877979460803 || 2017-12-10 15:53:40 |
| 4305 || 87.634679997137 || 2019-01-25 15:06:24 |
| 4306 || 0.416946220994104 || 2012-01-09 21:10:41 |
| 4307 || 2.41975347977615 || 2018-08-19 14:24:08 |
| 4308 || -5.34688782240558 || 2018-02-17 15:40:46 |
| 4309 || -5.5480837966897 || 2017-12-07 23:11:02 |
| 4310 || 72.1470841837617 || 2014-02-19 16:54:58 |
| 4311 || 5.31739515812693 || 2011-11-14 18:04:59 |
| 4312 || -0.868702520586258 || 2012-02-03 20:15:17 |
| 4313 || 6.0178254872664 || 2013-02-23 20:32:01 |
| 4314 || -19.6040903227237 || 2014-08-26 12:43:07 |
| 4315 || 5.25852236451622 || 2019-08-22 12:33:15 |
| 4316 || -15.2002800873648 || 2013-04-24 14:33:58 |
| 4317 || -0.346581101970477 || 2011-01-09 16:56:43 |
| 4318 || 7.87579481348273 || 2016-05-27 08:54:32 |
| 4319 || 27.3258262815791 || 2019-07-04 08:09:13 |
| 4320 || 58.3610592268509 || 2015-10-21 05:04:01 |
| 4321 || -20.3562182206126 || 2011-02-24 15:48:39 |
| 4322 || 7.99832156942293 || 2017-05-02 02:34:05 |
| 4323 || 4.73863921559345 || 2016-11-08 19:21:03 |
| 4324 || -17.2049153520447 || 2019-12-22 17:53:48 |
| 4325 || 34.3818368395925 || 2012-12-09 23:21:04 |
| 4326 || -11.3975423167812 || 2018-10-15 02:13:57 |
| 4327 || 8.65393713005595 || 2019-09-09 05:46:55 |
| 4328 || 1.69231939196118 || 2019-09-07 22:35:17 |
| 4329 || -14.8996240467792 || 2010-06-15 00:02:29 |
| 4330 || -24.8694931030442 || 2017-07-20 01:36:58 |
| 4331 || 9.09009143195212 || 2013-09-20 07:13:32 |
| 4332 || -4.31618675200391 || 2016-09-13 17:26:19 |
| 4333 || 1.67067012316191 || 2015-03-14 15:32:02 |
| 4334 || -10.5805866170752 || 2019-09-24 01:25:36 |
| 4335 || -18.559619699341 || 2017-12-08 16:46:52 |
| 4336 || 30.119139182212 || 2017-04-15 11:34:44 |
| 4337 || 23.6302742823365 || 2010-06-06 06:03:09 |
| 4338 || 0.421594353169807 || 2016-07-12 20:21:03 |
| 4339 || 15.3698815815299 || 2010-02-22 09:43:52 |
| 4340 || -15.5405603351407 || 2013-06-02 21:10:43 |
| 4341 || 63.499269052564 || 2019-09-15 13:28:58 |
| 4342 || 21.4142099199957 || 2018-06-15 21:14:03 |
| 4343 || 0.025569633199282 || 2016-06-26 16:44:19 |
| 4344 || 3.82835845985947 || 2014-01-01 20:25:57 |
| 4345 || -23.9200065613398 || 2011-03-15 08:45:19 |
| 4346 || 6.64046509914017 || 2011-11-13 01:55:05 |
| 4347 || 25.7464130035824 || 2015-11-13 09:22:42 |
| 4348 || 0.00558255475902839 || 2015-08-06 12:04:55 |
| 4349 || -8.78355633322316 || 2018-10-04 16:20:03 |
| 4350 || 42.8400252999004 || 2015-09-07 21:53:19 |
| 4351 || 15.5208484763247 || 2010-10-24 16:19:47 |
| 4352 || 14.0804529436275 || 2012-05-15 08:53:00 |
| 4353 || -0.307214156872626 || 2014-01-22 02:53:14 |
| 4354 || 21.5126810451417 || 2018-07-10 13:46:13 |
| 4355 || 4.30523252457007 || 2019-08-06 05:42:50 |
| 4356 || 21.2377261767748 || 2017-04-08 23:44:05 |
| 4357 || 42.8540251002576 || 2016-03-20 12:36:27 |
| 4358 || 1.5705601009038 || 2019-10-17 10:22:51 |
| 4359 || -0.188987680824349 || 2018-04-18 03:25:00 |
| 4360 || 66.6657939684814 || 2013-09-18 09:53:51 |
| 4361 || -12.7155481911401 || 2014-07-18 19:35:18 |
| 4362 || 20.1786506326159 || 2016-10-16 10:07:31 |
| 4363 || -0.0609327697495573 || 2016-10-10 18:19:05 |
| 4364 || -3.76888465884991 || 2016-06-26 03:06:28 |
| 4365 || 45.3978338947174 || 2013-01-04 20:54:52 |
| 4366 || -29.8324016913648 || 2014-08-22 10:08:49 |
| 4367 || 21.9993841752114 || 2015-05-08 02:58:33 |
| 4368 || 7.08357704868371 || 2013-03-06 23:09:51 |
| 4369 || 4.57243003286843 || 2013-10-16 15:15:39 |
| 4370 || 19.9866893173545 || 2013-11-23 06:45:41 |
| 4371 || 79.4287910892784 || 2019-02-06 05:28:05 |
| 4372 || -20.1558256114286 || 2010-03-23 12:48:48 |
| 4373 || 2.75119752136139 || 2011-09-21 08:30:00 |
| 4374 || 2.64492561816037 || 2014-03-14 18:11:11 |
| 4375 || 44.8792187830714 || 2010-07-24 07:34:40 |
| 4376 || -28.8287414371801 || 2011-05-23 05:13:46 |
| 4377 || 52.5597531905044 || 2015-05-25 23:00:58 |
| 4378 || -4.17666082281806 || 2011-10-20 04:49:31 |
| 4379 || 3.75630188439341 || 2016-02-01 14:34:29 |
| 4380 || 10.7480834859893 || 2012-10-20 16:21:22 |
| 4381 || 2.44060554299796 || 2019-04-13 05:20:42 |
| 4382 || 41.0611534553882 || 2012-05-05 10:25:44 |
| 4383 || 17.3955974469912 || 2018-02-26 13:49:48 |
| 4384 || 1.06297086499323 || 2013-02-04 04:42:32 |
| 4385 || 23.1848040775114 || 2010-03-25 07:35:30 |
| 4386 || -28.9310572999905 || 2011-12-03 13:39:39 |
| 4387 || 3.45028882620578 || 2014-10-13 07:05:47 |
| 4388 || 18.8809391538163 || 2016-08-27 19:46:16 |
| 4389 || 0.507307562048817 || 2015-01-13 01:09:05 |
| 4390 || 37.2055896750122 || 2010-11-04 11:03:58 |
| 4391 || 84.3863487096252 || 2016-10-27 04:50:48 |
| 4392 || 27.2274753300696 || 2019-09-26 13:03:12 |
| 4393 || 24.133552979826 || 2014-06-25 13:01:52 |
| 4394 || 0.0175039210552356 || 2013-12-06 05:19:03 |
| 4395 || 24.5234593892254 || 2010-09-21 02:02:30 |
| 4396 || 48.2939425036848 || 2019-01-23 10:44:38 |
| 4397 || 77.3739489750479 || 2016-04-09 08:49:26 |
| 4398 || -1.77016129501905 || 2016-03-26 00:05:00 |
| 4399 || 0.0758949239703686 || 2019-12-06 07:20:44 |
| 4400 || 5.20892439748511 || 2015-08-07 13:33:03 |
| 4401 || 76.4756392498602 || 2019-01-19 19:02:21 |
| 4402 || 84.227901602386 || 2019-08-13 18:03:44 |
| 4403 || -9.43071989944591 || 2013-03-09 22:24:44 |
| 4404 || 0.28991347455091 || 2016-06-07 17:20:50 |
| 4405 || -6.77100024111828 || 2019-01-08 15:03:24 |
| 4406 || 60.3103803409088 || 2013-05-25 15:33:58 |
| 4407 || 69.6747535785431 || 2011-03-09 08:27:28 |
| 4408 || 17.8473193781186 || 2012-04-06 06:33:28 |
| 4409 || 1.50797419862436 || 2019-04-19 23:35:45 |
| 4410 || -5.37353396133494 || 2018-09-10 16:31:21 |
| 4411 || 65.0994640951428 || 2016-11-05 09:41:24 |
| 4412 || 86.6959011795496 || 2019-05-08 09:20:49 |
| 4413 || -16.0565931342121 || 2011-04-21 02:42:39 |
| 4414 || -1.17330572310605 || 2018-11-25 21:29:28 |
| 4415 || 13.0402222201059 || 2013-12-06 00:56:14 |
| 4416 || 60.3094581404224 || 2013-06-09 02:31:04 |
| 4417 || 76.7654599133689 || 2016-07-01 14:04:39 |
| 4418 || 50.3872709327228 || 2012-07-23 09:36:54 |
| 4419 || 1.24455062419563 || 2017-12-17 00:24:42 |
| 4420 || 9.26048430345304 || 2015-10-20 03:37:58 |
| 4421 || -18.558274057097 || 2013-06-13 10:23:52 |
| 4422 || 86.0967814075011 || 2019-08-10 21:54:01 |
| 4423 || 59.1083696589123 || 2012-05-13 08:08:55 |
| 4424 || -0.780758834497817 || 2012-06-15 07:13:02 |
| 4425 || -1.47933935938586 || 2012-10-02 12:00:53 |
| 4426 || 49.4867152858052 || 2011-11-10 19:03:15 |
| 4427 || 88.9139351097689 || 2015-07-20 15:30:20 |
| 4428 || -21.5444675444958 || 2012-02-20 17:50:36 |
| 4429 || 13.3294803920897 || 2017-02-23 02:38:37 |
| 4430 || 1.44583396581698 || 2016-03-06 18:54:10 |
| 4431 || 48.3132211026984 || 2018-07-03 19:13:16 |
| 4432 || -24.2369485779464 || 2015-12-14 23:11:56 |
| 4433 || 61.765911365757 || 2015-02-21 01:27:36 |
| 4434 || -4.05494661074578 || 2010-10-06 05:28:46 |
| 4435 || -0.00259379488907207 || 2010-02-04 06:16:03 |
| 4436 || 19.1506895057686 || 2010-01-09 05:06:18 |
| 4437 || 13.7972268099078 || 2018-01-23 15:51:15 |
| 4438 || 43.5246142876726 || 2013-02-10 09:04:28 |
| 4439 || 5.82166938614861 || 2013-03-01 06:16:30 |
| 4440 || 0.603248131371824 || 2013-08-19 17:36:41 |
| 4441 || 22.970916119042 || 2017-03-24 14:17:46 |
| 4442 || 83.5135261375772 || 2014-09-18 22:16:54 |
| 4443 || -25.9015334064838 || 2015-02-07 13:41:52 |
| 4444 || 26.2439654259223 || 2017-09-18 06:49:11 |
| 4445 || 0.139501386717008 || 2017-11-03 06:20:16 |
| 4446 || -3.14037431229294 || 2015-07-15 10:21:33 |
| 4447 || -2.9987504723691 || 2012-02-22 16:19:11 |
| 4448 || 62.9553204053995 || 2019-03-17 05:28:31 |
| 4449 || -0.950906166039579 || 2019-01-19 17:25:23 |
| 4450 || 0.0355384851616848 || 2018-02-08 05:12:27 |
| 4451 || -3.94269354580313 || 2012-12-11 20:00:26 |
| 4452 || 9.928852501066 || 2018-01-12 02:04:34 |
| 4453 || 26.5023487695768 || 2012-08-13 23:37:47 |
| 4454 || -11.9936551275104 || 2010-02-18 12:12:20 |
| 4455 || 0.271740157967645 || 2011-08-11 03:27:23 |
| 4456 || 16.7340693353045 || 2016-08-25 06:40:00 |
| 4457 || 64.713526706055 || 2010-12-24 21:35:49 |
| 4458 || -28.8412708899273 || 2015-05-26 07:45:07 |
| 4459 || -13.9496000839171 || 2019-12-21 14:03:02 |
| 4460 || 1.53247596884538 || 2010-09-19 03:45:21 |
| 4461 || 18.3626008572261 || 2018-12-07 17:45:24 |
| 4462 || -17.2695554020349 || 2013-05-22 19:47:56 |
| 4463 || 56.3240480096479 || 2010-10-05 20:57:12 |
| 4464 || -1.79655105647877 || 2015-03-05 15:35:12 |
| 4465 || 3.26463304455419 || 2017-11-14 23:19:16 |
| 4466 || -1.92405454537028 || 2013-02-03 18:44:26 |
| 4467 || 58.481691819754 || 2015-02-26 15:33:29 |
| 4468 || 56.6095237923335 || 2012-01-25 05:14:43 |
| 4469 || -15.9171332740802 || 2012-06-07 14:27:04 |
| 4470 || 1.20400490287654 || 2017-01-19 05:06:47 |
| 4471 || 5.33086546310583 || 2015-03-12 00:29:48 |
| 4472 || -6.96774819740315 || 2018-12-25 14:20:09 |
| 4473 || -26.348305071551 || 2012-03-08 10:07:39 |
| 4474 || 49.0634477646809 || 2014-10-18 09:41:17 |
| 4475 || -0.295182331618745 || 2014-04-03 14:42:16 |
| 4476 || 3.96326422630684 || 2019-06-02 14:44:30 |
| 4477 || 55.9977118648125 || 2011-02-01 06:15:25 |
| 4478 || -21.5651775408412 || 2012-04-04 17:21:51 |
| 4479 || 6.26750716546483 || 2017-02-10 20:49:21 |
| 4480 || 4.20624089590457 || 2011-10-07 17:02:11 |
| 4481 || -1.50976535138774 || 2016-04-19 14:14:46 |
| 4482 || -16.8546770799153 || 2019-08-02 13:31:15 |
| 4483 || 54.6767252021234 || 2012-04-07 17:18:40 |
| 4484 || -22.7153673338032 || 2012-07-18 01:52:54 |
| 4485 || 16.5282385633311 || 2019-12-02 17:39:23 |
| 4486 || 1.54486712683515 || 2017-12-02 03:38:44 |
| 4487 || 43.2488002088036 || 2014-05-18 03:10:40 |
| 4488 || 81.0933452692924 || 2016-10-15 23:35:05 |
| 4489 || 70.32747606826 || 2017-01-09 06:49:40 |
| 4490 || -6.7777821010493 || 2017-05-25 08:53:45 |
| 4491 || 1.02908251012876 || 2014-08-12 10:52:33 |
| 4492 || -12.8397560843114 || 2013-03-16 07:14:27 |
| 4493 || 6.27627347051556 || 2010-02-24 20:54:22 |
| 4494 || 42.2478754182802 || 2015-12-13 18:23:36 |
| 4495 || 22.2783701126328 || 2017-04-22 11:32:32 |
| 4496 || -0.0747922365469492 || 2017-06-12 11:30:21 |
| 4497 || 18.1877041027042 || 2018-12-03 16:48:57 |
| 4498 || -25.830622312805 || 2014-10-23 10:54:19 |
| 4499 || 2.22394734710261 || 2012-06-11 05:12:50 |
| 4500 || -5.91320565523686 || 2014-08-27 10:29:44 |
| 4501 || 0.000896398945658959 || 2010-11-05 08:24:19 |
| 4502 || 28.9270590067007 || 2019-10-20 12:30:03 |
| 4503 || 34.4608064099331 || 2012-06-13 13:49:32 |
| 4504 || -1.56618766730737 || 2012-01-27 16:35:55 |
| 4505 || 3.83970825072998 || 2010-08-16 13:58:03 |
| 4506 || 0.418290784837056 || 2015-08-15 16:31:15 |
| 4507 || 5.84124098943875 || 2017-02-01 06:54:05 |
| 4508 || 64.7536591554921 || 2018-12-19 23:37:39 |
| 4509 || 47.3265395644281 || 2013-05-11 00:59:18 |
| 4510 || 27.0134159365306 || 2016-03-22 23:14:59 |
| 4511 || 0.629936436102128 || 2010-09-22 17:58:16 |
| 4512 || -6.18271921773585 || 2014-02-14 05:14:38 |
| 4513 || 67.9339231288075 || 2019-04-18 23:18:49 |
| 4514 || -7.68628390674287 || 2013-08-19 03:38:58 |
| 4515 || -15.0532394596186 || 2017-12-05 09:38:53 |
| 4516 || 2.02495237878628 || 2012-09-02 08:06:15 |
| 4517 || 13.9507202658087 || 2017-06-21 12:48:26 |
| 4518 || 65.9284593444244 || 2011-05-22 22:33:38 |
| 4519 || 88.9576341325328 || 2019-07-16 22:30:47 |
| 4520 || -17.1055707224261 || 2012-01-23 12:34:53 |
| 4521 || 5.56176488345565 || 2015-04-14 04:22:12 |
| 4522 || 1.18433907248326 || 2019-09-18 18:57:05 |
| 4523 || 56.1938321031471 || 2013-07-07 03:46:32 |
| 4524 || 53.1187638277818 || 2011-01-01 11:47:40 |
| 4525 || 54.5506121376725 || 2018-01-11 21:37:01 |
| 4526 || 1.89528448504799 || 2011-12-10 07:37:09 |
| 4527 || 0.228961371417894 || 2015-01-14 10:32:30 |
| 4528 || -3.66303301432812 || 2017-06-25 19:01:04 |
| 4529 || 87.0712764062668 || 2010-01-08 16:01:40 |
| 4530 || 62.6020605194736 || 2017-09-12 17:32:18 |
| 4531 || 6.81762226805489 || 2016-07-24 21:18:24 |
| 4532 || 5.24114574004404 || 2012-08-10 15:53:40 |
| 4533 || -15.7643242367901 || 2015-04-15 09:03:43 |
| 4534 || 89.1184382243464 || 2011-12-09 10:55:27 |
| 4535 || 4.98387235408184 || 2010-03-13 01:11:45 |
| 4536 || 3.78377259104871 || 2011-07-13 09:14:39 |
| 4537 || -0.0391112711700114 || 2017-01-02 11:02:43 |
| 4538 || 44.5384769982051 || 2016-07-16 16:38:29 |
| 4539 || -28.9698092887569 || 2013-04-03 14:31:12 |
| 4540 || 2.78115194308166 || 2012-11-25 17:02:31 |
| 4541 || -2.36876782663493 || 2017-08-26 06:07:59 |
| 4542 || 1.05534393160693 || 2016-10-03 10:00:53 |
| 4543 || 13.6907119508969 || 2018-07-04 18:07:51 |
| 4544 || -11.1123477332273 || 2016-12-12 02:30:03 |
| 4545 || 75.8194042941823 || 2018-07-02 20:22:08 |
| 4546 || 19.0408762592827 || 2016-04-06 03:56:57 |
| 4547 || -0.106875081113667 || 2017-10-02 19:13:18 |
| 4548 || 35.1055192609644 || 2013-07-21 23:17:01 |
| 4549 || 79.376565401406 || 2018-09-24 00:19:20 |
| 4550 || 33.3621313814593 || 2010-06-13 04:09:36 |
| 4551 || 14.9418585545887 || 2016-07-08 17:17:10 |
| 4552 || 0.000370839297993891 || 2013-07-03 12:36:38 |
| 4553 || 28.913064313857 || 2014-07-20 23:59:56 |
| 4554 || 32.6530513977666 || 2018-02-18 00:05:01 |
| 4555 || 25.9801381276163 || 2016-07-20 19:50:55 |
| 4556 || 16.4723272688926 || 2017-10-26 05:14:48 |
| 4557 || 0.209966844490643 || 2015-02-08 21:43:52 |
| 4558 || -8.11560472434181 || 2013-12-23 05:51:53 |
| 4559 || -19.6448890679985 || 2019-10-18 01:29:52 |
| 4560 || -17.4788040542466 || 2011-12-19 00:11:08 |
| 4561 || -13.4607014889001 || 2018-09-22 22:07:13 |
| 4562 || 0.081449192223723 || 2016-08-17 11:11:21 |
| 4563 || 2.12241701203491 || 2018-07-22 04:36:11 |
| 4564 || -3.38713325576615 || 2012-07-08 14:40:08 |
| 4565 || -22.2773718970783 || 2017-06-09 19:57:18 |
| 4566 || 23.2290496938146 || 2011-05-24 06:28:28 |
| 4567 || 2.4773914637284 || 2017-12-16 15:50:22 |
| 4568 || 5.68471992388927 || 2015-10-08 04:17:38 |
| 4569 || 65.3237061185722 || 2018-08-04 07:56:14 |
| 4570 || 16.5104670046387 || 2010-09-27 13:48:19 |
| 4571 || 42.6214779633016 || 2013-03-06 18:59:02 |
| 4572 || -0.647779936018655 || 2016-05-09 11:08:11 |
| 4573 || 8.11210531292453 || 2017-04-24 02:33:45 |
| 4574 || 33.4424277513678 || 2016-04-01 22:25:10 |
| 4575 || 84.5585569042689 || 2019-02-14 18:09:26 |
| 4576 || -9.72691685388225 || 2019-07-06 14:57:45 |
| 4577 || 3.30755429035054 || 2012-03-13 19:14:35 |
| 4578 || 8.63590964213777 || 2017-07-23 00:55:15 |
| 4579 || 43.2122648807285 || 2015-04-23 15:45:23 |
| 4580 || 67.6476841753997 || 2018-01-02 04:11:28 |
| 4581 || 60.6401087146152 || 2015-05-17 07:40:24 |
| 4582 || 1.46661334821915 || 2017-05-13 15:07:18 |
| 4583 || -1.89134076642975 || 2012-02-23 08:15:27 |
| 4584 || 48.1764681511239 || 2012-06-07 23:38:28 |
| 4585 || 67.4804471968402 || 2011-11-27 15:02:49 |
| 4586 || 44.1526508877071 || 2012-12-02 17:01:08 |
| 4587 || 6.07747028521055 || 2015-12-23 16:23:30 |
| 4588 || 0.510185288949559 || 2015-06-22 08:07:11 |
| 4589 || -15.6721092770411 || 2016-05-24 22:13:33 |
| 4590 || -25.2078013601657 || 2012-09-03 12:17:07 |
| 4591 || -10.0863741048877 || 2019-07-24 03:40:52 |
| 4592 || 11.0536304714757 || 2010-07-23 22:16:43 |
| 4593 || -0.367639645182272 || 2016-04-24 00:18:58 |
| 4594 || -3.11488827637553 || 2016-03-17 02:44:58 |
| 4595 || 85.4669161432074 || 2019-02-23 10:48:32 |
| 4596 || 22.5661235838501 || 2019-10-16 21:26:16 |
| 4597 || 3.23906489924416 || 2017-09-08 15:09:23 |
| 4598 || -0.161616345036602 || 2015-12-27 17:39:54 |
| 4599 || -8.88079400694196 || 2012-04-16 19:54:22 |
| 4600 || -27.8781794275684 || 2014-03-27 11:00:12 |
| 4601 || 7.50111212971734 || 2010-01-09 11:48:13 |
| 4602 || 21.2747214000926 || 2012-04-17 10:00:55 |
| 4603 || 0.00661635730857936 || 2016-05-07 09:27:22 |
| 4604 || 23.6226211411422 || 2013-01-13 23:48:01 |
| 4605 || 80.6009592026415 || 2017-01-20 22:01:15 |
| 4606 || -27.0393537184086 || 2013-10-17 19:05:13 |
| 4607 || 27.1927841801346 || 2016-03-10 22:13:15 |
| 4608 || 0.042761768773106 || 2010-12-25 12:35:56 |
| 4609 || 26.0460467464865 || 2014-03-07 14:51:47 |
| 4610 || 17.6804935052542 || 2012-12-23 12:06:46 |
| 4611 || 16.0017048775519 || 2018-07-22 06:30:09 |
| 4612 || 25.4681491240065 || 2014-08-19 18:52:55 |
| 4613 || 0.951748017000237 || 2017-05-01 06:12:55 |
| 4614 || 21.3149660062472 || 2011-11-08 15:54:28 |
| 4615 || 72.8478945618457 || 2017-09-08 21:19:15 |
| 4616 || -7.65706109151435 || 2017-01-21 19:53:38 |
| 4617 || -2.19464010712271 || 2014-04-05 01:38:12 |
| 4618 || 2.14669251876476 || 2018-09-09 07:14:10 |
| 4619 || 12.4904928194997 || 2019-11-27 17:14:25 |
| 4620 || -14.5694874213591 || 2011-04-04 09:33:24 |
| 4621 || -29.1458756899927 || 2012-11-18 20:59:10 |
| 4622 || 39.4017641901036 || 2016-08-06 07:26:41 |
| 4623 || -1.17846983466175 || 2012-05-22 00:41:02 |
| 4624 || -4.09111088145053 || 2013-06-10 14:35:03 |
| 4625 || 48.5198054204591 || 2016-09-21 10:34:08 |
| 4626 || 53.5025817386868 || 2018-07-02 02:19:53 |
| 4627 || 54.4374986427208 || 2018-06-20 12:48:28 |
| 4628 || -0.654269787317358 || 2012-11-24 12:20:11 |
| 4629 || -1.95054058956655 || 2016-04-11 09:13:20 |
| 4630 || 38.7552994796353 || 2010-06-06 03:54:20 |
| 4631 || 10.1157994563247 || 2016-11-20 00:19:56 |
| 4632 || -14.7664207268428 || 2015-01-20 02:52:53 |
| 4633 || -3.17132028399478 || 2016-01-03 19:33:41 |
| 4634 || 5.81942114385219 || 2014-05-04 01:39:15 |
| 4635 || -6.7968502921289 || 2012-12-22 06:09:25 |
| 4636 || 78.5910247557582 || 2014-03-01 17:20:42 |
| 4637 || 41.9119135446118 || 2017-02-01 04:06:04 |
| 4638 || 2.06376137328174 || 2011-04-08 23:20:32 |
| 4639 || 3.39308591259378 || 2017-01-10 07:43:41 |
| 4640 || -13.8656333094181 || 2015-05-02 16:05:30 |
| 4641 || 45.3245113224466 || 2012-05-02 03:32:54 |
| 4642 || -14.8724912844053 || 2016-07-06 08:24:54 |
| 4643 || 15.9320999363878 || 2015-03-15 01:54:28 |
| 4644 || -0.467585621352675 || 2013-05-02 20:15:32 |
| 4645 || 18.1359920503335 || 2017-05-03 17:52:16 |
| 4646 || -15.5313110137856 || 2013-01-13 19:24:18 |
| 4647 || 26.5669880603109 || 2018-05-06 09:52:54 |
| 4648 || -4.10580684007933 || 2017-07-21 01:28:25 |
| 4649 || 0.592467918257078 || 2013-09-22 23:28:33 |
| 4650 || 35.524254576 || 2016-12-04 10:03:46 |
| 4651 || 5.83991526189201 || 2017-10-23 09:32:31 |
| 4652 || 75.8277728857608 || 2017-09-03 11:00:20 |
| 4653 || -8.54141107214155 || 2019-05-25 04:32:47 |
| 4654 || 0.0193687514428671 || 2011-05-19 08:44:22 |
| 4655 || -9.17774702496204 || 2013-01-20 22:06:17 |
| 4656 || 38.3960455483242 || 2017-06-24 13:54:03 |
| 4657 || 55.9668633641106 || 2014-02-16 01:45:47 |
| 4658 || 32.5284008782334 || 2016-05-17 19:16:34 |
| 4659 || 0.00421018111025839 || 2016-04-05 07:16:50 |
| 4660 || 22.2905112903771 || 2011-12-20 01:54:36 |
| 4661 || 16.7672983913801 || 2013-11-14 08:29:02 |
| 4662 || -10.8614422257615 || 2015-12-10 04:39:03 |
| 4663 || 33.588191971032 || 2017-04-05 23:45:36 |
| 4664 || 0.638230218913758 || 2014-03-16 01:08:30 |
| 4665 || 2.6894836592376 || 2018-04-22 01:18:56 |
| 4666 || -22.0193008181331 || 2018-07-27 22:56:31 |
| 4667 || 56.3881130353864 || 2012-07-20 17:24:24 |
| 4668 || 42.0531833317622 || 2011-11-26 21:15:09 |
| 4669 || -0.728589125309451 || 2018-11-26 13:02:01 |
| 4670 || -2.69547965198355 || 2012-11-22 07:37:35 |
| 4671 || -16.4397188702128 || 2015-07-23 12:41:57 |
| 4672 || 69.3811525620568 || 2018-05-19 05:49:25 |
| 4673 || -4.59797886872499 || 2011-05-07 00:28:37 |
| 4674 || 0.729477327067007 || 2011-07-07 08:02:43 |
| 4675 || -4.23677303528175 || 2010-04-08 19:21:26 |
| 4676 || -7.41750800912921 || 2014-10-04 10:14:31 |
| 4677 || 66.5450459494949 || 2012-07-20 07:31:41 |
| 4678 || 18.2651330464996 || 2017-01-19 15:18:42 |
| 4679 || 5.91420757698102 || 2014-11-25 12:03:18 |
| 4680 || 9.76797297218524 || 2019-03-19 09:27:03 |
| 4681 || 39.3793682734586 || 2014-08-26 02:43:23 |
| 4682 || -11.1600097911695 || 2017-08-17 01:38:00 |
| 4683 || 57.3725974178385 || 2010-10-08 20:56:30 |
| 4684 || -3.14745072181114 || 2017-08-25 17:55:06 |
| 4685 || -1.60154296305329 || 2011-06-21 15:57:44 |
| 4686 || 19.5857240039699 || 2014-12-27 08:28:20 |
| 4687 || 3.06898141685593 || 2017-05-02 09:17:34 |
| 4688 || 7.48419293794533 || 2015-09-09 12:55:32 |
| 4689 || -3.92969071988731 || 2016-12-25 06:13:53 |
| 4690 || -1.01245292651001 || 2017-04-07 06:05:51 |
| 4691 || 49.1830577074591 || 2014-10-23 15:53:08 |
| 4692 || -28.1539346111847 || 2018-05-07 02:54:34 |
| 4693 || -21.9986385012013 || 2013-05-14 19:59:39 |
| 4694 || -5.73250188260129 || 2010-11-09 04:31:43 |
| 4695 || 0.237850356151427 || 2017-08-05 04:31:09 |
| 4696 || 5.65941531629424 || 2017-01-05 11:06:50 |
| 4697 || 77.4997987720756 || 2017-07-26 14:39:23 |
| 4698 || -24.2003003599542 || 2019-03-27 03:09:12 |
| 4699 || 21.4145297096942 || 2013-07-13 20:46:08 |
| 4700 || -0.278416349222895 || 2019-05-02 06:53:32 |
| 4701 || 33.4206813822566 || 2019-06-21 14:23:35 |
| 4702 || 1.73931495379378 || 2016-03-13 02:42:06 |
| 4703 || 75.485704298318 || 2015-01-15 11:38:54 |
| 4704 || 24.4302136514047 || 2010-03-05 21:15:24 |
| 4705 || -0.032500120359406 || 2019-06-01 09:59:41 |
| 4706 || 19.5010655153275 || 2018-04-21 06:08:18 |
| 4707 || 25.0726905175953 || 2014-10-12 09:53:18 |
| 4708 || 79.5183874814263 || 2012-09-15 06:07:50 |
| 4709 || -1.15409890453453 || 2017-09-18 03:49:59 |
| 4710 || 0.0470054868929855 || 2019-11-22 04:53:32 |
| 4711 || 26.6052864175923 || 2012-11-01 15:32:27 |
| 4712 || 64.8281937575886 || 2018-11-03 19:42:24 |
| 4713 || 38.3183191241239 || 2018-05-15 04:29:58 |
| 4714 || -4.58613988785655 || 2015-01-19 02:37:18 |
| 4715 || -0.0475975334452073 || 2017-08-22 14:31:12 |
| 4716 || 23.1182192082389 || 2011-01-20 12:41:39 |
| 4717 || -24.1517940497246 || 2014-12-19 05:31:36 |
| 4718 || 56.7703657183739 || 2019-06-06 05:40:24 |
| 4719 || 21.9257178938553 || 2014-01-17 02:12:48 |
| 4720 || 1.6279197488551 || 2010-05-14 00:12:00 |
| 4721 || -2.53270796146252 || 2013-08-05 04:45:34 |
| 4722 || -17.6224832585346 || 2018-09-26 06:11:12 |
| 4723 || -29.4442194419972 || 2011-09-20 09:15:28 |
| 4724 || 33.9111848363811 || 2013-08-06 15:05:49 |
| 4725 || 3.00806587447066 || 2015-05-22 22:02:31 |
| 4726 || -4.7816895275736 || 2015-05-16 07:10:00 |
| 4727 || -13.1407586825176 || 2012-08-10 00:50:33 |
| 4728 || 1.77491978136132 || 2017-05-15 00:47:23 |
| 4729 || -17.8573434022354 || 2014-08-19 01:13:38 |
| 4730 || -2.00573295915542 || 2019-09-18 16:28:25 |
| 4731 || 3.08498352581593 || 2013-01-21 12:01:08 |
| 4732 || 31.4214240908988 || 2016-07-21 20:39:39 |
| 4733 || -11.5977189296899 || 2014-09-18 20:24:02 |
| 4734 || 50.1058211883049 || 2014-01-24 21:32:46 |
| 4735 || 2.06575325950052 || 2011-06-14 08:08:01 |
| 4736 || -2.0485298021872 || 2010-12-26 00:58:15 |
| 4737 || -18.2736506634201 || 2014-04-06 22:08:05 |
| 4738 || 30.4369685130607 || 2012-12-06 08:55:08 |
| 4739 || -12.3142693955075 || 2019-07-09 11:32:41 |
| 4740 || -1.61521593055833 || 2014-09-26 18:10:09 |
| 4741 || 2.62905610562116 || 2011-01-11 05:02:32 |
| 4742 || -7.55250015301317 || 2018-05-22 21:01:05 |
| 4743 || 88.5492651417618 || 2013-06-26 19:48:05 |
| 4744 || 12.7049971290781 || 2014-02-02 02:18:59 |
| 4745 || -2.64756891835003 || 2011-08-25 11:50:36 |
| 4746 || 1.44419434867413 || 2011-07-01 01:51:09 |
| 4747 || 22.3671728155948 || 2017-09-13 04:15:19 |
| 4748 || -22.8022315601909 || 2018-02-25 07:52:06 |
| 4749 || 64.4466915632205 || 2018-03-21 21:53:21 |
| 4750 || -4.14861866566504 || 2013-03-08 22:18:55 |
| 4751 || 0.0656753243273215 || 2015-02-26 23:23:49 |
| 4752 || 17.814390508206 || 2016-09-11 06:40:42 |
| 4753 || -14.5001775185761 || 2017-03-03 13:28:26 |
| 4754 || -14.0963698464259 || 2014-02-15 14:25:58 |
| 4755 || -4.54977548603065 || 2010-03-18 15:20:13 |
| 4756 || 0.110440483106793 || 2012-03-15 04:40:38 |
| 4757 || 15.9984399571699 || 2019-02-10 02:24:01 |
| 4758 || -24.6797611094374 || 2012-05-01 07:13:36 |
| 4759 || 80.0137679267605 || 2019-11-16 11:32:25 |
| 4760 || 25.8077765955783 || 2010-07-09 02:57:04 |
| 4761 || -0.000882915119709417 || 2012-07-08 02:30:07 |
| 4762 || 24.6718914301311 || 2019-02-02 11:56:11 |
| 4763 || -19.800449936079 || 2013-05-17 10:53:08 |
| 4764 || 77.7390171638659 || 2010-08-21 12:29:00 |
| 4765 || 36.2230443753153 || 2015-05-15 18:13:30 |
| 4766 || 0.360045322371264 || 2012-02-14 06:46:48 |
| 4767 || 22.9190627682778 || 2017-09-21 15:55:20 |
| 4768 || -2.54923892638128 || 2014-02-10 12:27:50 |
| 4769 || 86.1968037677805 || 2018-02-13 22:34:32 |
| 4770 || 31.8790021385675 || 2016-01-14 17:30:51 |
| 4771 || 1.27336404621596 || 2010-06-16 08:49:37 |
| 4772 || 18.0261837450023 || 2013-01-06 00:57:01 |
| 4773 || 42.7061106007702 || 2012-03-04 17:28:07 |
| 4774 || -29.3531867388174 || 2012-10-22 17:11:27 |
| 4775 || -15.7205868446436 || 2015-11-09 00:49:39 |
| 4776 || -0.784509232841518 || 2017-11-08 01:45:23 |
| 4777 || -1.71964872077486 || 2011-07-02 22:15:33 |
| 4778 || 49.8132322038316 || 2017-09-22 21:10:37 |
| 4779 || 88.3240758221006 || 2017-01-03 07:39:04 |
| 4780 || 51.7320691961301 || 2011-10-01 23:02:17 |
| 4781 || -1.09152297867583 || 2013-10-06 15:34:00 |
| 4782 || -3.0093646114671 || 2015-08-03 07:10:30 |
| 4783 || 40.4420486250432 || 2015-01-19 06:48:55 |
| 4784 || -28.0354839729088 || 2018-11-09 21:50:28 |
| 4785 || 54.711781080652 || 2010-10-23 14:54:16 |
| 4786 || 3.7276126075433 || 2018-11-08 07:49:13 |
| 4787 || 3.43915859314749 || 2017-05-01 16:39:40 |
| 4788 || -7.84316630849149 || 2015-07-04 04:53:00 |
| 4789 || 42.6345525170312 || 2010-07-10 08:14:16 |
| 4790 || 40.3286416101248 || 2015-05-15 10:24:42 |
| 4791 || -3.09190751442438 || 2010-04-18 20:00:51 |
| 4792 || -1.39303899868021 || 2015-04-10 09:24:06 |
| 4793 || -15.3599938452322 || 2019-05-21 08:57:11 |
| 4794 || 87.3720447899596 || 2019-05-02 09:02:13 |
| 4795 || 54.5935083521329 || 2019-11-26 03:56:19 |
| 4796 || -3.75964615509506 || 2010-01-18 03:14:44 |
| 4797 || 1.01675338608479 || 2015-08-09 02:52:21 |
| 4798 || -15.3041225513355 || 2013-10-11 21:50:51 |
| 4799 || -27.253074843321 || 2017-07-17 11:49:57 |
| 4800 || 72.2233506969287 || 2016-10-24 21:55:01 |
| 4801 || 14.9315748482758 || 2016-12-11 09:29:45 |
| 4802 || 1.1828519151163 || 2010-12-09 00:07:33 |
| 4803 || 30.7704584263941 || 2013-09-16 11:56:27 |
| 4804 || 78.703626659098 || 2013-02-22 11:06:24 |
| 4805 || -25.4111873117286 || 2018-11-07 22:03:04 |
| 4806 || 23.8742291147388 || 2019-10-25 03:11:37 |
| 4807 || 0.15348344541604 || 2012-05-08 12:53:56 |
| 4808 || 34.6351212200684 || 2018-09-06 18:21:30 |
| 4809 || -20.0401367267161 || 2019-11-10 01:55:18 |
| 4810 || -25.0647045837024 || 2010-07-20 19:37:31 |
| 4811 || 7.75828325546076 || 2015-05-27 03:37:07 |
| 4812 || 0.000112941140261486 || 2019-09-15 12:11:06 |
| 4813 || 12.7769058779455 || 2013-05-25 13:46:00 |
| 4814 || -0.418079999746757 || 2013-06-02 05:06:15 |
| 4815 || -27.7168895146189 || 2015-10-23 17:51:35 |
| 4816 || 19.7675550069402 || 2018-04-12 22:33:53 |
| 4817 || 0.257100105228365 || 2016-02-05 13:42:08 |
| 4818 || 4.78369591209565 || 2012-03-13 17:13:13 |
| 4819 || 67.9921383722718 || 2010-02-07 01:49:02 |
| 4820 || 63.1234338531957 || 2015-03-07 03:09:10 |
| 4821 || 15.2788489586162 || 2012-06-27 23:18:38 |
| 4822 || 1.30667701648324 || 2017-11-05 17:52:14 |
| 4823 || -0.0199366023501869 || 2011-09-03 14:12:06 |
| 4824 || -23.4413995604443 || 2012-05-23 09:56:35 |
| 4825 || 65.5147758345176 || 2014-06-18 15:51:14 |
| 4826 || -14.2528574643337 || 2012-03-27 04:15:57 |
| 4827 || -0.412257063026865 || 2013-05-04 10:17:06 |
| 4828 || 15.3442923050714 || 2013-12-05 09:45:50 |
| 4829 || 66.871443117241 || 2016-11-07 05:59:32 |
| 4830 || 16.4368213300674 || 2016-09-11 17:03:49 |
| 4831 || 10.3033706336337 || 2015-06-16 20:03:49 |
| 4832 || -1.73457349776889 || 2017-09-20 18:57:47 |
| 4833 || 7.09436741598324 || 2011-09-20 00:53:51 |
| 4834 || 56.0566447180422 || 2012-09-23 22:50:53 |
| 4835 || 89.7127705700088 || 2010-11-22 17:24:18 |
| 4836 || 55.8728443159415 || 2014-12-01 01:46:07 |
| 4837 || 6.51743684362916 || 2014-02-02 07:30:22 |
| 4838 || 8.01611163821121 || 2010-06-13 01:43:22 |
| 4839 || 51.5784328155227 || 2019-09-06 14:51:09 |
| 4840 || 40.7972517051468 || 2013-04-03 02:48:20 |
| 4841 || 61.2895742258413 || 2015-06-07 02:42:25 |
| 4842 || 9.04822857614428 || 2016-02-23 22:13:25 |
| 4843 || -1.71647774359102 || 2012-07-21 09:37:43 |
| 4844 || 48.6379060329065 || 2012-02-05 22:40:10 |
| 4845 || 89.1226108141696 || 2010-06-06 16:24:02 |
| 4846 || 25.2473746854525 || 2012-11-11 11:13:52 |
| 4847 || 8.72082345586004 || 2018-02-15 04:41:35 |
| 4848 || -1.01730063671176 || 2015-09-10 06:03:41 |
| 4849 || -15.4030187555288 || 2017-04-07 06:28:18 |
| 4850 || 33.6632318998263 || 2014-01-05 18:32:08 |
| 4851 || -23.804257194853 || 2010-10-21 16:39:31 |
| 4852 || 6.12733342952578 || 2013-08-04 19:50:01 |
| 4853 || 1.53629342850707 || 2017-10-11 23:42:14 |
| 4854 || 41.5742030327283 || 2016-07-16 15:46:37 |
| 4855 || 20.8754060053573 || 2013-06-10 05:38:47 |
| 4856 || -22.6751646200104 || 2014-06-24 09:59:54 |
| 4857 || 15.3084056741769 || 2013-01-17 08:21:57 |
| 4858 || -0.1272347634272 || 2011-06-14 03:01:03 |
| 4859 || 36.1906542418677 || 2016-02-17 03:39:48 |
| 4860 || 9.12656493420515 || 2010-12-03 20:39:27 |
| 4861 || 19.5744564493158 || 2013-03-20 05:46:10 |
| 4862 || 25.8026624678784 || 2012-06-25 21:03:55 |
| 4863 || -0.00195959105227311 || 2016-04-01 19:12:14 |
| 4864 || 0.223168121884629 || 2017-12-22 07:24:56 |
| 4865 || 78.5242782164124 || 2013-10-12 07:55:02 |
| 4866 || -20.0191947615665 || 2014-11-15 11:00:55 |
| 4867 || 33.6387001618045 || 2014-07-27 11:14:48 |
| 4868 || 0.00434241091459204 || 2016-11-06 03:51:05 |
| 4869 || -1.79979017132729 || 2014-02-22 21:44:39 |
| 4870 || 74.7214427745408 || 2017-12-16 03:34:14 |
| 4871 || -27.4428456682964 || 2011-04-04 21:17:56 |
| 4872 || -0.518511374206826 || 2011-06-08 02:40:44 |
| 4873 || 0.56660282619758 || 2015-12-22 16:24:45 |
| 4874 || -1.1003178361936 || 2019-08-06 08:18:31 |
| 4875 || 67.869258871154 || 2013-08-15 02:51:56 |
| 4876 || 39.8696886513383 || 2019-01-25 21:37:15 |
| 4877 || 43.3355231637248 || 2017-05-07 19:27:16 |
| 4878 || -0.492011909678192 || 2017-04-12 14:08:38 |
| 4879 || 3.7016579727227 || 2019-02-11 19:33:39 |
| 4880 || 67.5128971067747 || 2019-07-11 21:28:30 |
| 4881 || 79.6679614215621 || 2014-01-21 08:34:47 |
| 4882 || 26.2553091391203 || 2019-05-05 06:11:52 |
| 4883 || -1.43804808695466 || 2013-04-14 19:48:40 |
| 4884 || 0.404685517179086 || 2016-10-24 00:15:13 |
| 4885 || 43.6151115374871 || 2011-04-20 13:00:30 |
| 4886 || 74.866762416101 || 2013-10-09 01:57:21 |
| 4887 || -16.5724067570118 || 2013-05-04 21:23:57 |
| 4888 || 7.09765233281192 || 2018-05-10 05:48:14 |
| 4889 || 8.9055278759592 || 2017-02-18 16:13:53 |
| 4890 || 21.1581528592962 || 2018-12-16 02:20:24 |
| 4891 || 86.2707702589723 || 2013-10-08 01:26:58 |
| 4892 || 1.55881690485472 || 2019-07-23 18:36:05 |
| 4893 || 9.55713698628222 || 2010-11-05 09:31:17 |
| 4894 || -0.094975108498085 || 2015-01-15 03:00:12 |
| 4895 || -5.85458715582675 || 2010-02-14 05:25:54 |
| 4896 || 84.4867372849021 || 2013-03-09 10:21:34 |
| 4897 || -18.7157282051324 || 2019-02-24 07:07:43 |
| 4898 || 2.2433343987117 || 2019-05-26 21:14:19 |
| 4899 || 3.46120073294419 || 2017-10-16 04:44:49 |
| 4900 || -15.6015394363734 || 2015-01-15 23:47:53 |
| 4901 || 67.1034530287635 || 2019-01-08 14:04:50 |
| 4902 || -10.6367489440488 || 2019-03-07 19:12:09 |
| 4903 || 13.3662247868051 || 2013-09-25 11:28:52 |
| 4904 || -0.551757266669491 || 2012-10-01 06:12:58 |
| 4905 || -4.23519792177604 || 2019-12-04 23:08:05 |
| 4906 || 8.18110421994884 || 2015-02-03 06:37:58 |
| 4907 || 67.5729062199507 || 2011-11-12 21:56:18 |
| 4908 || 1.82714887026284 || 2012-05-20 11:49:57 |
| 4909 || 0.593386597864817 || 2014-06-11 15:17:58 |
| 4910 || 24.5332283291325 || 2015-06-08 12:35:22 |
| 4911 || 30.5850731350404 || 2016-12-15 09:47:34 |
| 4912 || -13.6902632268799 || 2019-12-05 20:49:08 |
| 4913 || -5.81222380443664 || 2016-02-09 05:28:59 |
| 4914 || 0.0157498638273728 || 2012-12-06 03:34:33 |
| 4915 || 8.13139645303978 || 2011-05-02 12:21:36 |
| 4916 || 20.2695410568123 || 2014-09-25 10:15:52 |
| 4917 || 82.1014116788058 || 2017-12-05 15:23:05 |
| 4918 || -3.25721595201307 || 2013-03-15 17:30:40 |
| 4919 || 0.0250802676662983 || 2014-04-12 01:46:32 |
| 4920 || 1.85783722650508 || 2018-09-13 02:10:45 |
| 4921 || 61.0511057841181 || 2014-03-05 22:51:16 |
| 4922 || -24.9550722658158 || 2011-06-23 21:26:29 |
| 4923 || 1.06267507175577 || 2016-05-23 03:14:19 |
| 4924 || 0.0922707583285876 || 2019-06-17 08:33:46 |
| 4925 || 13.9170824074499 || 2012-08-11 06:42:21 |
| 4926 || -14.9463188756058 || 2011-02-02 15:20:15 |
| 4927 || 82.9014195986735 || 2019-12-08 12:00:51 |
| 4928 || 43.959664271718 || 2018-10-21 19:25:26 |
| 4929 || -0.285712170189638 || 2015-03-15 11:36:55 |
| 4930 || -2.93345326208515 || 2013-11-24 15:45:23 |
| 4931 || -21.4494548345083 || 2012-07-25 03:36:43 |
| 4932 || -29.5802677350722 || 2015-04-11 18:23:18 |
| 4933 || -7.22369787586334 || 2015-07-10 02:14:01 |
| 4934 || 4.28997754181254 || 2014-07-24 15:56:49 |
| 4935 || -2.02899147679859 || 2013-06-07 14:20:56 |
| 4936 || -11.5844801133554 || 2015-03-26 14:32:24 |
| 4937 || 52.8388427834902 || 2011-01-24 03:33:06 |
| 4938 || -18.3179002427649 || 2013-12-03 23:56:22 |
| 4939 || 5.721612096188 || 2010-07-07 18:31:42 |
| 4940 || 6.55423325850468 || 2018-05-06 08:11:37 |
| 4941 || 6.72191196308955 || 2017-10-17 08:19:36 |
| 4942 || -15.8591803578858 || 2012-09-18 21:07:53 |
| 4943 || -19.9083239270616 || 2018-09-14 01:39:45 |
| 4944 || 3.33685790736245 || 2013-04-14 20:40:01 |
| 4945 || 6.22251679526396 || 2012-04-18 14:27:12 |
| 4946 || -2.45609136472428 || 2017-06-16 21:58:52 |
| 4947 || -27.2783741426948 || 2014-05-13 14:37:44 |
| 4948 || -3.26867925747338 || 2013-12-08 13:56:36 |
| 4949 || 2.68723829435629 || 2014-01-19 05:23:26 |
| 4950 || 2.10678019045342 || 2014-07-15 19:59:31 |
| 4951 || -13.441257357019 || 2010-01-15 13:30:44 |
| 4952 || 54.482117339004 || 2012-04-23 15:12:07 |
| 4953 || 69.5305340666514 || 2015-02-24 15:37:43 |
| 4954 || -4.24813910628952 || 2015-10-25 05:33:23 |
| 4955 || -0.102728767206354 || 2012-09-09 16:41:04 |
| 4956 || 16.8196924420636 || 2017-10-12 08:20:23 |
| 4957 || 32.0207653975359 || 2012-03-27 18:28:16 |
| 4958 || -24.0311989445274 || 2013-09-16 00:42:37 |
| 4959 || 6.00373830450967 || 2017-09-19 21:09:40 |
| 4960 || -0.238473699449454 || 2016-08-01 20:15:36 |
| 4961 || 37.8941813169149 || 2017-12-01 13:19:50 |
| 4962 || -0.334157824060132 || 2018-10-15 17:20:27 |
| 4963 || 74.5627796168458 || 2010-01-27 10:00:47 |
| 4964 || 24.9193213974041 || 2017-11-27 02:28:31 |
| 4965 || -0.0251056989213669 || 2013-04-21 15:12:32 |
| 4966 || 31.0742011485094 || 2018-02-09 09:13:39 |
| 4967 || 11.5597176059377 || 2016-02-24 05:14:53 |
| 4968 || -18.1121927525008 || 2018-06-12 10:42:42 |
| 4969 || -10.7509830504399 || 2018-12-01 17:30:49 |
| 4970 || 0.067672856929347 || 2014-09-01 14:13:23 |
| 4971 || 25.1724705023133 || 2015-01-16 02:42:10 |
| 4972 || 69.7677909109435 || 2019-10-05 21:30:33 |
| 4973 || 8.09338741730087 || 2012-04-25 19:37:58 |
| 4974 || 31.6669930188199 || 2017-11-11 08:23:10 |
| 4975 || -0.182701489962068 || 2016-12-16 15:35:23 |
| 4976 || 21.851317231261 || 2019-11-04 18:59:29 |
| 4977 || 72.1048426268183 || 2018-06-17 21:47:06 |
| 4978 || -20.8440215171956 || 2015-01-02 06:22:58 |
| 4979 || -10.1505286380966 || 2013-03-26 13:09:57 |
| 4980 || 1.8459273769671 || 2017-01-11 17:17:24 |
| 4981 || 8.003936703046 || 2013-07-24 05:56:36 |
| 4982 || 9.86949399243652 || 2017-07-05 15:42:46 |
| 4983 || -22.7985715770599 || 2011-07-24 06:00:51 |
| 4984 || 12.2045396493174 || 2012-04-03 05:49:46 |
| 4985 || -1.2198127097941 || 2012-04-12 23:41:48 |
| 4986 || 13.6722004295361 || 2018-05-04 07:06:30 |
| 4987 || 27.5253091938698 || 2016-03-27 07:19:38 |
| 4988 || 31.5423926917884 || 2019-04-05 02:50:22 |
| 4989 || 20.4581493867098 || 2019-01-15 05:52:37 |
| 4990 || 0.30590090759874 || 2013-11-27 04:16:45 |
| 4991 || 6.46337942162204 || 2019-11-16 18:01:08 |
| 4992 || 20.806234244574 || 2018-11-14 16:38:39 |
| 4993 || 2.94799169202146 || 2016-10-06 11:02:27 |
| 4994 || 40.4489625216137 || 2017-08-06 12:28:10 |
| 4995 || -3.03123986990209 || 2014-11-01 06:02:38 |
| 4996 || -2.343668009428 || 2014-09-10 00:53:16 |
| 4997 || -17.802937774346 || 2011-02-16 05:05:46 |
| 4998 || -18.9501693853772 || 2018-09-22 07:00:19 |
| 4999 || 64.0863005129627 || 2016-01-19 23:02:37 |
| 5000 || 0.460748995006341 || 2014-04-18 05:42:06 |
| 5001 || 2.78254576035785 || 2018-01-07 18:09:24 |
| 5002 || -1.7395479119594 || 2014-05-25 03:32:17 |
| 5003 || -12.8260501253081 || 2010-11-10 04:39:44 |
| 5004 || -11.5866696177886 || 2011-04-14 03:46:45 |
| 5005 || 13.080399931299 || 2018-08-09 21:37:18 |
| 5006 || 0.394806551864066 || 2018-09-18 23:26:56 |
| 5007 || 12.0324486106681 || 2012-11-20 17:13:11 |
| 5008 || -9.8244084599317 || 2012-11-26 00:19:15 |
| 5009 || -3.97594956812411 || 2011-02-26 03:39:05 |
| 5010 || 4.55367344751896 || 2016-03-07 08:56:12 |
| 5011 || 0.273471576503686 || 2012-10-27 08:59:51 |
| 5012 || 0.95677905055565 || 2012-01-08 06:39:31 |
| 5013 || 55.1775474917986 || 2011-05-10 13:32:33 |
| 5014 || -24.6857364257331 || 2014-10-03 09:44:45 |
| 5015 || 10.0452071207412 || 2014-04-14 02:43:54 |
| 5016 || -0.0581458526992636 || 2011-09-15 21:39:53 |
| 5017 || 32.1172828807808 || 2015-04-17 13:39:19 |
| 5018 || 19.6571540834811 || 2012-06-08 16:58:02 |
| 5019 || -22.2127198239932 || 2012-03-20 14:01:46 |
| 5020 || -9.67778498261375 || 2012-10-17 14:21:42 |
| 5021 || -0.00611690757291887 || 2016-06-19 06:16:34 |
| 5022 || 23.9124870196513 || 2013-07-23 00:34:12 |
| 5023 || 67.1451015510727 || 2019-09-01 19:37:16 |
| 5024 || -21.1511331619429 || 2010-02-25 06:36:02 |
| 5025 || 14.2858838412183 || 2014-11-17 17:43:11 |
| 5026 || -0.161736645863344 || 2019-10-05 17:46:12 |
| 5027 || -6.18464742250191 || 2015-12-15 00:56:13 |
| 5028 || -14.5418075608987 || 2010-08-06 22:03:27 |
| 5029 || 80.5273846332589 || 2018-02-21 17:35:44 |
| 5030 || 8.70330608553288 || 2018-01-06 21:26:06 |
| 5031 || 0.263135905697462 || 2018-04-13 06:51:39 |
| 5032 || 2.65795672943856 || 2017-05-25 07:55:01 |
| 5033 || 4.71692737389656 || 2011-08-11 05:41:15 |
| 5034 || 34.3552476846874 || 2015-05-23 06:17:59 |
| 5035 || -13.8846737540376 || 2017-10-24 05:58:12 |
| 5036 || 3.32194362319897 || 2010-08-07 18:51:29 |
| 5037 || 13.2331450745796 || 2017-02-16 05:33:01 |
| 5038 || 36.1492802513688 || 2012-11-13 20:10:40 |
| 5039 || 41.0744270770318 || 2013-07-01 05:23:42 |
| 5040 || 11.5373539120272 || 2017-11-06 20:47:03 |
| 5041 || -1.18671926040868 || 2018-07-23 10:51:28 |
| 5042 || 7.77589268297428 || 2015-10-19 16:59:45 |
| 5043 || 26.6332533375971 || 2019-10-01 18:28:28 |
| 5044 || 20.6390992020565 || 2015-09-22 13:53:52 |
| 5045 || -18.3792128815343 || 2019-06-20 17:30:29 |
| 5046 || 3.15765698630198 || 2011-11-09 07:23:48 |
| 5047 || -1.41797161399472 || 2018-06-08 10:49:26 |
| 5048 || 42.5074569849955 || 2013-10-07 02:30:09 |
| 5049 || 89.1432448706946 || 2014-02-27 03:30:13 |
| 5050 || 63.0767646517346 || 2019-12-20 09:42:22 |
| 5051 || 4.01415707699857 || 2015-12-10 03:05:24 |
| 5052 || 4.82841758947594 || 2010-11-26 01:44:54 |
| 5053 || -7.64034395961827 || 2019-02-16 18:40:23 |
| 5054 || 14.137597343589 || 2014-10-24 13:13:08 |
| 5055 || -16.8638944121681 || 2012-06-09 17:08:10 |
| 5056 || 14.7524141067664 || 2019-09-23 04:07:04 |
| 5057 || 2.77581803598987 || 2019-09-21 23:50:43 |
| 5058 || -8.38111583633564 || 2013-01-16 10:53:21 |
| 5059 || 2.06885290168601 || 2014-06-08 02:11:08 |
| 5060 || 65.0293216017861 || 2017-10-11 09:21:06 |
| 5061 || 2.83465443949545 || 2014-01-23 18:20:19 |
| 5062 || 0.701698003647375 || 2013-01-10 20:37:18 |
| 5063 || 32.9330281754603 || 2011-10-22 02:10:43 |
| 5064 || 66.4368618823071 || 2017-06-19 12:25:36 |
| 5065 || -4.9308335207428 || 2016-02-04 13:43:04 |
| 5066 || 1.34733392219838 || 2014-08-24 03:48:20 |
| 5067 || 0.0467392356187017 || 2019-09-02 00:55:41 |
| 5068 || -11.5765383557322 || 2011-08-15 22:00:00 |
| 5069 || 39.0713026689798 || 2017-11-05 06:50:09 |
| 5070 || -26.5799700828715 || 2017-03-11 19:01:15 |
| 5071 || 28.7960907084865 || 2018-02-18 18:06:43 |
| 5072 || 0.0018679661631356 || 2012-09-13 08:44:43 |
| 5073 || -9.16209133076804 || 2015-09-10 00:51:05 |
| 5074 || -26.5336462489362 || 2013-10-24 17:56:36 |
| 5075 || 24.3723400138624 || 2019-10-20 03:44:44 |
| 5076 || 1.15510122077617 || 2019-10-06 06:21:26 |
| 5077 || 0.344093192092058 || 2011-05-06 07:14:33 |
| 5078 || -2.54193071474089 || 2017-08-25 20:19:50 |
| 5079 || 47.8224215937935 || 2019-02-19 09:51:23 |
| 5080 || 24.296873486066 || 2010-09-13 14:30:40 |
| 5081 || 14.1501375748676 || 2010-03-25 08:39:00 |
| 5082 || 0.82004941402308 || 2018-04-17 07:11:22 |
| 5083 || 19.671213261602 || 2010-09-16 05:50:51 |
| 5084 || 24.3227566485662 || 2013-08-04 04:42:52 |
| 5085 || 46.165697141665 || 2018-08-22 20:21:31 |
| 5086 || 16.8070465319745 || 2013-07-03 14:50:49 |
| 5087 || 1.22037263454762 || 2011-11-04 11:12:14 |
| 5088 || 6.1047728555929 || 2011-04-16 23:27:51 |
| 5089 || -21.199652978534 || 2017-03-08 05:49:27 |
| 5090 || -20.6500844736502 || 2016-07-17 08:26:03 |
| 5091 || 47.9095941615065 || 2012-11-27 07:50:36 |
| 5092 || 3.32050702256042 || 2016-12-07 06:13:44 |
| 5093 || 11.0086150790209 || 2019-10-13 03:50:06 |
| 5094 || -16.8310676660441 || 2014-10-13 19:02:08 |
| 5095 || -28.9812616230308 || 2013-06-19 06:47:24 |
| 5096 || 10.7588328820091 || 2016-11-09 17:03:25 |
| 5097 || -0.0531405961209426 || 2015-07-06 17:55:38 |
| 5098 || 7.59835595888617 || 2012-08-24 04:41:26 |
| 5099 || 56.8082500034418 || 2019-03-15 09:10:59 |
| 5100 || 38.7461589052113 || 2016-07-03 00:32:06 |
| 5101 || -20.307132070393 || 2013-11-22 18:01:19 |
| 5102 || -1.41630647993969 || 2019-03-19 02:13:29 |
| 5103 || 5.45468579757718 || 2018-11-27 20:49:26 |
| 5104 || 43.5642370937681 || 2016-01-10 23:42:52 |
| 5105 || 29.86307004243 || 2011-06-10 20:41:59 |
| 5106 || 27.6444967835355 || 2016-04-02 11:28:16 |
| 5107 || 6.72889718995335 || 2013-05-04 22:47:52 |
| 5108 || 2.97995489684626 || 2019-10-21 16:24:33 |
| 5109 || 13.0308925618382 || 2013-03-13 19:06:47 |
| 5110 || -27.6096565692983 || 2019-01-14 03:27:41 |
| 5111 || 21.8984912728434 || 2019-05-04 10:50:50 |
| 5112 || 0.336128163220556 || 2014-12-15 10:16:34 |
| 5113 || 0.867107070507777 || 2017-03-15 15:36:59 |
| 5114 || 41.2537390679226 || 2014-09-26 12:24:10 |
| 5115 || 78.6280519867061 || 2015-12-18 09:33:55 |
| 5116 || 22.9802057149371 || 2013-04-23 03:21:17 |
| 5117 || -8.03934686289016 || 2014-04-06 05:20:09 |
| 5118 || 0.380334425698147 || 2015-10-04 08:48:34 |
| 5119 || 14.7609782898309 || 2018-04-27 10:49:54 |
| 5120 || 12.7508281512374 || 2016-05-09 20:36:12 |
| 5121 || 25.389379155071 || 2012-04-08 10:34:22 |
| 5122 || -4.43696331173405 || 2010-04-02 04:03:52 |
| 5123 || 0.00420832903235889 || 2019-11-21 18:02:03 |
| 5124 || -9.79983501413861 || 2017-09-18 17:26:00 |
| 5125 || -19.3943245040127 || 2017-01-12 17:03:01 |
| 5126 || -27.617671864837 || 2012-07-21 12:11:04 |
| 5127 || -2.07914015539505 || 2016-07-10 18:15:56 |
| 5128 || 0.165950980199281 || 2014-06-21 18:07:50 |
| 5129 || 15.1523600903185 || 2013-12-05 18:22:19 |
| 5130 || 69.6204602806168 || 2012-06-14 06:28:11 |
| 5131 || 56.4127154170433 || 2015-07-08 03:59:37 |
| 5132 || -8.93636157518604 || 2017-09-03 08:12:38 |
| 5133 || 0.708561956224342 || 2011-11-15 00:26:45 |
| 5134 || -4.88274711753366 || 2015-10-06 15:26:43 |
| 5135 || -23.7684860828184 || 2013-11-17 21:21:56 |
| 5136 || -6.87026532355354 || 2018-11-25 04:57:36 |
| 5137 || 17.527730284391 || 2012-02-18 17:34:29 |
| 5138 || -0.840983999837574 || 2019-09-26 18:40:12 |
| 5139 || -5.40069094147965 || 2016-12-23 17:47:11 |
| 5140 || 61.5561759551748 || 2011-01-12 00:04:01 |
| 5141 || -13.7185805575607 || 2012-08-23 23:08:28 |
| 5142 || -4.62340520869018 || 2010-03-18 19:16:51 |
| 5143 || 1.86860282690761 || 2010-08-06 06:45:00 |
| 5144 || -3.7472045059109 || 2013-12-11 01:02:08 |
| 5145 || 63.5031980310549 || 2014-03-06 05:49:36 |
| 5146 || 78.1526001429229 || 2017-11-13 03:46:41 |
| 5147 || -1.14023427214953 || 2012-02-21 23:51:45 |
| 5148 || -1.19542334596757 || 2012-02-09 11:40:34 |
| 5149 || 6.67429445839505 || 2017-11-20 06:06:19 |
| 5150 || -9.46185304684892 || 2018-12-15 22:26:13 |
| 5151 || -14.3607151617327 || 2012-02-27 09:03:12 |
| 5152 || -20.4721323862964 || 2012-02-22 22:30:29 |
| 5153 || 2.37038922645615 || 2010-07-27 05:14:52 |
| 5154 || 1.89572464923535 || 2015-02-03 19:18:50 |
| 5155 || 29.26250408181 || 2015-10-11 02:27:23 |
| 5156 || 5.58102716530923 || 2011-05-03 07:36:19 |
| 5157 || 59.9456049419006 || 2014-01-02 15:35:43 |
| 5158 || 14.0320811325235 || 2018-09-08 05:25:33 |
| 5159 || 2.20334732661743 || 2016-09-15 19:25:11 |
| 5160 || -0.217811819385 || 2010-07-20 00:59:57 |
| 5161 || 88.2433055317719 || 2016-10-09 22:09:23 |
| 5162 || -1.79554871325292 || 2011-07-12 23:07:57 |
| 5163 || 18.6958307512482 || 2012-09-25 21:10:07 |
| 5164 || 1.70297923084527 || 2011-09-11 17:25:12 |
| 5165 || -11.0772996653053 || 2013-03-02 20:34:44 |
| 5166 || -27.967329964286 || 2010-01-14 21:58:34 |
| 5167 || 39.2127092064056 || 2014-05-19 16:29:42 |
| 5168 || 17.9093829843855 || 2015-07-04 16:15:10 |
| 5169 || -0.176044290590357 || 2011-07-18 19:05:39 |
| 5170 || 22.1990914818579 || 2015-04-20 09:17:05 |
| 5171 || 11.2889848587164 || 2012-03-25 14:28:32 |
| 5172 || 61.9342338253733 || 2011-06-19 08:45:55 |
| 5173 || -6.89516186812907 || 2013-02-19 13:06:51 |
| 5174 || 0.027714712940209 || 2013-05-17 15:56:33 |
| 5175 || -7.5922526825885 || 2013-10-05 06:55:38 |
| 5176 || 7.80279540317313 || 2010-04-04 22:40:15 |
| 5177 || 18.4424519883172 || 2016-04-04 01:49:09 |
| 5178 || 22.3871128442035 || 2018-12-03 13:08:06 |
| 5179 || 0.152728536230012 || 2012-08-18 22:02:49 |
| 5180 || 22.6794609347764 || 2018-05-15 05:11:44 |
| 5181 || 32.3328043892191 || 2019-10-20 19:28:20 |
| 5182 || 14.2863389228881 || 2010-10-15 12:42:40 |
| 5183 || 15.8008165259645 || 2018-06-27 05:38:18 |
| 5184 || 0.618465642060381 || 2017-09-26 23:22:25 |
| 5185 || -6.00674307924481 || 2014-07-17 06:48:53 |
| 5186 || -24.5228417544302 || 2014-05-18 00:19:18 |
| 5187 || 51.7177435653568 || 2015-01-10 12:01:34 |
| 5188 || 40.422478193262 || 2012-06-03 06:20:22 |
| 5189 || -0.43872184939321 || 2010-06-06 15:04:50 |
| 5190 || -5.26451443976155 || 2018-02-20 04:37:17 |
| 5191 || 64.9148315077316 || 2011-03-16 15:22:12 |
| 5192 || -7.53245167804602 || 2017-03-08 12:14:33 |
| 5193 || 32.5087189209913 || 2014-12-09 13:52:40 |
| 5194 || -1.17220362476001 || 2018-11-07 00:09:30 |
| 5195 || -4.31465609999948 || 2016-07-17 13:13:56 |
| 5196 || -15.2802736654236 || 2017-10-06 22:53:00 |
| 5197 || 75.8765513458952 || 2017-01-25 01:57:26 |
| 5198 || 31.4804540201247 || 2017-03-26 08:04:50 |
| 5199 || 2.76586972768509 || 2016-11-12 07:06:33 |
| 5200 || 7.90702350191853 || 2015-07-02 23:34:16 |
| 5201 || 53.5395741149543 || 2013-04-08 05:07:35 |
| 5202 || 26.4164683251849 || 2011-01-17 10:46:34 |
| 5203 || 0.802014050834754 || 2018-11-02 03:28:19 |
| 5204 || 9.01621815369198 || 2012-07-25 13:22:23 |
| 5205 || -1.08752639151129 || 2016-02-13 18:09:18 |
| 5206 || 42.4690645342822 || 2012-10-08 22:58:30 |
| 5207 || -3.18379012190363 || 2018-08-21 17:18:50 |
| 5208 || 62.4038127148046 || 2012-10-11 13:06:28 |
| 5209 || 13.2306698354427 || 2013-10-20 14:57:01 |
| 5210 || -0.509550920576395 || 2010-07-08 06:32:58 |
| 5211 || 48.7696108989683 || 2017-09-17 17:09:13 |
| 5212 || 49.1192720598447 || 2012-11-02 19:12:06 |
| 5213 || 41.2650335734261 || 2013-01-01 22:04:01 |
| 5214 || -6.02131183641702 || 2019-06-06 08:04:45 |
| 5215 || 0.462726860838088 || 2014-11-15 20:46:27 |
| 5216 || -12.2785825912752 || 2012-11-04 11:52:23 |
| 5217 || 10.9133794488912 || 2017-07-20 20:57:45 |
| 5218 || -14.8899909923883 || 2014-08-01 02:17:51 |
| 5219 || -5.65842168398199 || 2013-03-26 21:09:33 |
| 5220 || -0.105581612471981 || 2010-10-26 17:00:44 |
| 5221 || 37.7893704222863 || 2015-10-26 10:36:28 |
| 5222 || -20.1253601757957 || 2015-06-01 15:57:58 |
| 5223 || 13.436978819873 || 2019-04-11 08:30:01 |
| 5224 || -6.00277525648043 || 2018-04-18 16:44:53 |
| 5225 || -0.0136773830608542 || 2019-11-09 16:44:14 |
| 5226 || 13.5802267952818 || 2017-05-11 00:47:51 |
| 5227 || 46.7809385796023 || 2018-05-09 04:03:31 |
| 5228 || 32.4024640037733 || 2014-06-20 11:20:20 |
| 5229 || 26.1979148148332 || 2011-10-27 23:43:46 |
| 5230 || 0.063744127635424 || 2014-08-12 19:49:22 |
| 5231 || 20.5358173392296 || 2013-10-04 01:02:18 |
| 5232 || 64.6809590085544 || 2018-08-18 14:41:26 |
| 5233 || -22.6588723462202 || 2018-04-11 12:25:06 |
| 5234 || 3.30622338405546 || 2012-10-09 16:55:17 |
| 5235 || 0.746891692914069 || 2010-07-08 19:00:55 |
| 5236 || 21.5743934462606 || 2013-11-05 09:47:30 |
| 5237 || -8.87980466105092 || 2016-12-05 08:39:20 |
| 5238 || -27.7461330126269 || 2017-04-06 05:26:26 |
| 5239 || -13.2038827775956 || 2011-10-18 14:52:48 |
| 5240 || -0.406888185275914 || 2013-07-18 22:57:26 |
| 5241 || 9.16726391052305 || 2013-04-07 14:10:32 |
| 5242 || 9.22316003304034 || 2015-06-19 11:54:13 |
| 5243 || -0.550083880736985 || 2015-12-15 19:31:26 |
| 5244 || 22.0991642115123 || 2016-08-25 21:31:00 |
| 5245 || 3.88277391332006 || 2014-03-16 18:13:54 |
| 5246 || 4.98823976357778 || 2017-04-21 13:09:43 |
| 5247 || 24.0108197634434 || 2014-02-26 19:46:18 |
| 5248 || -15.726966035103 || 2012-07-26 00:18:10 |
| 5249 || -17.3549567569638 || 2011-08-20 02:44:49 |
| 5250 || 5.58188005901015 || 2011-05-10 12:21:12 |
| 5251 || -2.77251703112338 || 2019-01-23 22:49:08 |
| 5252 || 52.7398207213781 || 2019-07-10 07:29:10 |
| 5253 || 50.9496093440901 || 2019-10-07 00:55:12 |
| 5254 || -19.8032008203816 || 2019-04-17 04:23:09 |
| 5255 || 9.18476349882067 || 2011-04-14 19:46:30 |
| 5256 || 0.393805068935419 || 2014-10-23 23:35:31 |
| 5257 || -18.1781219767098 || 2015-12-17 14:18:19 |
| 5258 || -27.4687357376387 || 2018-03-05 02:15:41 |
| 5259 || -2.49545291914686 || 2015-06-21 00:49:57 |
| 5260 || 12.5795023701484 || 2010-07-06 02:44:51 |
| 5261 || 4.2106873405789 || 2018-01-03 11:45:30 |
| 5262 || 0.628854250984047 || 2014-12-24 12:50:16 |
| 5263 || -29.4198412067863 || 2015-01-24 20:09:35 |
| 5264 || 54.448264325633 || 2015-02-11 12:11:29 |
| 5265 || 10.7064376095035 || 2016-07-24 20:07:37 |
| 5266 || -0.276758211715915 || 2015-02-23 02:34:52 |
| 5267 || -14.3148167875578 || 2016-03-26 12:02:15 |
| 5268 || -27.6784800112577 || 2018-06-16 21:40:09 |
| 5269 || 46.298784490882 || 2014-05-24 07:43:51 |
| 5270 || -1.26494702505413 || 2014-06-24 13:33:03 |
| 5271 || -0.257360944484651 || 2012-05-10 20:01:45 |
| 5272 || 37.7613030498026 || 2016-05-12 01:56:51 |
| 5273 || 57.6222490787006 || 2012-02-20 23:34:46 |
| 5274 || -19.0108805658 || 2019-01-06 17:09:52 |
| 5275 || 18.4298717878628 || 2019-12-11 13:33:33 |
| 5276 || 0.121424362391475 || 2015-02-02 18:57:34 |
| 5277 || -10.7841385305174 || 2015-08-03 19:40:30 |
| 5278 || -15.9238959618863 || 2013-12-11 21:47:57 |
| 5279 || 67.6515582782216 || 2011-03-10 01:28:13 |
| 5280 || 31.4530087105106 || 2011-06-24 00:21:41 |
| 5281 || 0.0123502148739529 || 2011-02-12 08:06:03 |
| 5282 || -4.47518874808566 || 2016-08-27 11:11:36 |
| 5283 || 51.5149986188689 || 2012-12-03 06:13:14 |
| 5284 || -5.85696288682717 || 2011-03-27 21:51:13 |
| 5285 || -12.0560094466904 || 2012-05-08 01:29:22 |
| 5286 || 0.246579745241246 || 2013-03-11 17:24:51 |
| 5287 || 11.1302098818533 || 2016-03-01 10:44:01 |
| 5288 || 64.0931799066756 || 2017-06-05 17:31:34 |
| 5289 || 73.711779134143 || 2019-08-23 18:55:50 |
| 5290 || 7.75594666142247 || 2011-07-25 08:13:38 |
| 5291 || -0.285217792189024 || 2015-12-01 00:40:41 |
| 5292 || 12.454811009464 || 2015-03-19 04:06:54 |
| 5293 || 20.1028539880023 || 2013-05-22 03:43:33 |
| 5294 || 78.6212752630811 || 2019-09-18 03:00:40 |
| 5295 || 28.5714592331834 || 2019-02-14 17:05:10 |
| 5296 || 3.53243807230144 || 2016-06-07 14:34:58 |
| 5297 || 13.3715098885456 || 2019-10-04 11:24:51 |
| 5298 || 23.1522786866091 || 2016-06-24 00:07:23 |
| 5299 || -16.9471880269901 || 2014-11-14 16:48:57 |
| 5300 || 26.1312666936191 || 2013-06-09 10:43:15 |
| 5301 || 5.84087526356576 || 2018-09-26 07:24:09 |
| 5302 || 9.14275805537249 || 2015-11-14 06:17:47 |
| 5303 || -19.9848733824757 || 2012-12-21 10:09:54 |
| 5304 || 86.4545812091422 || 2011-07-27 04:02:28 |
| 5305 || 53.4133812801986 || 2011-07-07 08:01:24 |
| 5306 || 2.7207538096099 || 2011-03-22 06:49:10 |
| 5307 || 4.65709301678324 || 2013-09-26 18:20:37 |
| 5308 || -4.68311848176193 || 2013-03-21 03:20:18 |
| 5309 || 2.49778590690119 || 2015-06-15 22:08:59 |
| 5310 || 17.6754222008502 || 2010-12-18 20:25:20 |
| 5311 || -0.531626602903613 || 2011-09-04 01:45:43 |
| 5312 || -0.150825428683166 || 2019-07-26 04:39:38 |
| 5313 || 21.8813924362911 || 2018-08-12 11:56:54 |
| 5314 || 88.1304776593451 || 2010-09-19 18:53:47 |
| 5315 || 3.54557599897954 || 2010-08-15 18:12:43 |
| 5316 || 15.6218594420376 || 2017-04-02 01:12:06 |
| 5317 || 2.51439147604253 || 2019-01-08 09:48:49 |
| 5318 || 42.816773052434 || 2016-08-25 01:44:03 |
| 5319 || 54.0696845232129 || 2018-03-03 19:27:54 |
| 5320 || 66.989220605722 || 2014-11-12 05:12:15 |
| 5321 || -2.70665468058931 || 2018-06-08 01:53:43 |
| 5322 || 0.996825755776201 || 2018-05-24 18:20:33 |
| 5323 || -13.2063233409187 || 2016-02-04 02:05:11 |
| 5324 || -19.4205683022641 || 2015-08-12 01:56:24 |
| 5325 || 70.4150269000329 || 2017-01-17 11:02:44 |
| 5326 || 2.31115992159734 || 2014-07-12 18:32:38 |
| 5327 || -0.0182263173249611 || 2014-05-23 08:34:42 |
| 5328 || 14.2226252356052 || 2012-10-23 23:18:08 |
| 5329 || -26.5689424494582 || 2014-06-18 23:44:06 |
| 5330 || 43.9329287942433 || 2018-04-06 14:41:25 |
| 5331 || 26.2569245451971 || 2017-09-08 15:14:15 |
| 5332 || 0.00563097617929674 || 2014-05-19 18:13:53 |
| 5333 || -7.34788343546838 || 2014-08-06 14:55:55 |
| 5334 || 9.48137526262384 || 2014-01-20 03:15:33 |
| 5335 || -7.18548113869871 || 2018-07-10 09:23:22 |
| 5336 || 22.7358982485001 || 2016-09-22 20:54:21 |
| 5337 || -0.140097096338534 || 2012-10-03 03:40:01 |
| 5338 || 16.7213315109929 || 2017-01-04 06:18:08 |
| 5339 || 12.9453166642572 || 2017-12-06 12:49:29 |
| 5340 || -12.865355827903 || 2019-08-27 02:54:50 |
| 5341 || 6.21770293060434 || 2012-12-27 07:04:21 |
| 5342 || 0.569978788799325 || 2014-10-01 10:50:52 |
| 5343 || 12.8650465759496 || 2016-10-23 05:40:47 |
| 5344 || 49.6773357339284 || 2015-09-19 00:40:07 |
| 5345 || 27.9093429356552 || 2017-12-08 16:26:25 |
| 5346 || -15.5729624925529 || 2012-09-02 22:48:14 |
| 5347 || -0.675397082769918 || 2015-05-19 10:02:55 |
| 5348 || 13.4424758917347 || 2017-06-25 22:16:01 |
| 5349 || -21.2449424290095 || 2015-07-03 01:26:16 |
| 5350 || 43.5625898120684 || 2017-05-05 15:04:58 |
| 5351 || 28.7492025320881 || 2015-08-20 14:08:08 |
| 5352 || 5.37158200035529 || 2014-05-24 07:02:33 |
| 5353 || 7.88906826775224 || 2018-08-24 16:44:07 |
| 5354 || 58.8351386588044 || 2011-03-02 03:23:36 |
| 5355 || -3.46522375439716 || 2010-07-25 11:06:00 |
| 5356 || -7.5782525974852 || 2014-11-08 09:19:36 |
| 5357 || 8.381903921254 || 2015-03-04 05:36:57 |
| 5358 || 6.67347723167117 || 2011-02-23 20:52:10 |
| 5359 || 30.1942543759479 || 2013-11-20 02:54:14 |
| 5360 || -26.4092440922545 || 2017-06-05 11:21:19 |
| 5361 || -20.8210638988409 || 2017-09-11 05:07:40 |
| 5362 || 1.177567307113 || 2012-02-04 05:58:16 |
| 5363 || 4.19589904100982 || 2016-07-10 00:31:23 |
| 5364 || -15.3642873346234 || 2014-10-11 06:28:31 |
| 5365 || 33.0705182708631 || 2019-05-16 21:09:36 |
| 5366 || 60.5952556759128 || 2014-04-19 08:40:50 |
| 5367 || 15.025191173879 || 2017-09-01 03:27:56 |
| 5368 || -0.471823720520489 || 2014-10-07 07:28:34 |
| 5369 || 45.6495097238219 || 2012-01-24 20:49:33 |
| 5370 || 46.8009418838898 || 2015-11-25 01:23:09 |
| 5371 || 4.69311117173211 || 2012-06-11 07:07:02 |
| 5372 || 17.7118584612207 || 2010-07-10 00:33:14 |
| 5373 || 1.37647736283456 || 2010-10-01 11:59:19 |
| 5374 || -13.514186753242 || 2015-06-14 13:11:33 |
| 5375 || -2.41965509010712 || 2014-11-02 14:46:50 |
| 5376 || -24.8428033305313 || 2011-02-07 05:02:42 |
| 5377 || -8.25471550813678 || 2010-12-03 05:19:44 |
| 5378 || -0.0398059737572455 || 2018-11-11 23:53:33 |
| 5379 || -9.93830481604056 || 2019-11-13 16:54:42 |
| 5380 || -15.1351941684392 || 2012-02-22 20:51:02 |
| 5381 || 10.2567361524185 || 2015-10-05 12:23:48 |
| 5382 || -9.61467366047052 || 2017-08-14 23:36:46 |
| 5383 || 7.9559187706905e-05 || 2015-11-20 23:17:04 |
| 5384 || 24.4755980520324 || 2010-05-03 02:01:20 |
| 5385 || 35.5543888155353 || 2012-12-06 22:23:41 |
| 5386 || 69.0955857963802 || 2019-07-23 17:30:51 |
| 5387 || -11.5115733656568 || 2011-01-03 15:08:35 |
| 5388 || 0.04013065531838 || 2014-01-27 16:34:13 |
| 5389 || 6.40000268311523 || 2016-04-23 06:32:42 |
| 5390 || 61.6144221103304 || 2011-03-05 07:26:01 |
| 5391 || -21.316223580192 || 2016-03-14 10:33:35 |
| 5392 || 11.9294934366109 || 2011-10-14 17:00:41 |
| 5393 || 0.983800168182925 || 2011-03-01 13:03:32 |
| 5394 || 17.1712798055425 || 2012-04-27 21:43:40 |
| 5395 || 52.7061656609672 || 2017-10-23 01:47:27 |
| 5396 || -18.6409712441403 || 2012-09-17 03:50:47 |
| 5397 || 2.82685701088143 || 2010-11-15 01:19:44 |
| 5398 || -0.620552555423758 || 2014-08-20 02:39:45 |
| 5399 || -2.23509462372576 || 2019-11-05 02:53:48 |
| 5400 || 32.2451745984844 || 2013-05-14 21:35:01 |
| 5401 || -29.6047825026194 || 2018-08-08 23:15:41 |
| 5402 || 20.9236818463614 || 2017-09-16 03:04:42 |
| 5403 || 1.01637614061547 || 2012-08-04 11:45:52 |
| 5404 || 6.10121923282463 || 2015-01-16 12:21:02 |
| 5405 || -2.74018489566294 || 2019-09-15 04:32:42 |
| 5406 || 89.3800189681535 || 2015-11-14 15:46:57 |
| 5407 || 48.1432547252845 || 2012-07-15 02:10:54 |
| 5408 || 2.61749263787141 || 2010-06-20 05:41:43 |
| 5409 || 5.72847648520346 || 2012-03-23 16:16:19 |
| 5410 || 5.81890508508671 || 2013-01-11 04:39:06 |
| 5411 || 89.9509429873398 || 2019-04-26 22:43:22 |
| 5412 || -14.9188899524295 || 2019-09-01 06:23:35 |
| 5413 || -0.322164506731766 || 2010-01-08 14:34:16 |
| 5414 || 5.71969792130837 || 2017-09-26 21:19:26 |
| 5415 || 48.7006299677706 || 2012-07-22 19:57:45 |
| 5416 || 76.4680675048121 || 2017-06-03 03:21:33 |
| 5417 || -15.3950554398359 || 2017-02-20 10:56:50 |
| 5418 || 12.4217177827031 || 2017-01-26 07:17:04 |
| 5419 || -0.840501606555726 || 2012-09-20 16:59:44 |
| 5420 || -15.4791778502587 || 2012-10-12 04:27:51 |
| 5421 || 54.1396536448779 || 2016-12-24 18:06:39 |
| 5422 || 41.5669273426485 || 2016-06-01 18:30:57 |
| 5423 || 8.18381688023945 || 2019-04-08 19:53:54 |
| 5424 || 0.567084874467407 || 2016-04-23 18:00:37 |
| 5425 || 41.977391190263 || 2015-12-03 00:46:58 |
| 5426 || 45.8908415601795 || 2010-04-10 20:22:20 |
| 5427 || 65.5046436070343 || 2017-07-03 17:28:25 |
| 5428 || 9.62225307768405 || 2012-12-09 17:45:26 |
| 5429 || 0.503944150452368 || 2018-03-10 21:43:28 |
| 5430 || -10.1521263931151 || 2010-08-05 23:21:04 |
| 5431 || 82.6801743989286 || 2012-05-17 16:02:23 |
| 5432 || 54.719981530974 || 2019-05-25 15:30:04 |
| 5433 || -9.59926496658152 || 2015-04-15 03:49:22 |
| 5434 || 0.0132376131628435 || 2014-04-15 10:17:28 |
| 5435 || 0.96841943208589 || 2016-03-21 07:26:08 |
| 5436 || 49.7076151955877 || 2012-03-06 21:47:53 |
| 5437 || 14.2013049476252 || 2016-04-15 09:18:14 |
| 5438 || 1.32830430547539 || 2011-03-18 04:41:21 |
| 5439 || 0.0741030075882434 || 2016-07-10 17:55:36 |
| 5440 || -5.32466045516898 || 2018-02-27 17:14:14 |
| 5441 || 32.596962865819 || 2018-02-09 19:45:19 |
| 5442 || 82.2264561654435 || 2010-04-19 02:36:49 |
| 5443 || 32.9801134548325 || 2012-07-06 14:35:41 |
| 5444 || 0.00180695835423279 || 2010-03-16 16:43:05 |
| 5445 || 19.4096852499559 || 2019-10-13 07:23:58 |
| 5446 || 37.0364942040591 || 2014-01-14 17:43:05 |
| 5447 || -27.8964150185077 || 2017-06-21 18:29:39 |
| 5448 || -14.0375728979791 || 2011-12-25 01:17:42 |
| 5449 || -0.649488504828639 || 2018-10-14 19:27:10 |
| 5450 || -1.30645719003944 || 2013-04-15 00:57:02 |
| 5451 || 48.517604822704 || 2011-07-12 19:01:34 |
| 5452 || -27.661238645503 || 2013-04-05 05:22:14 |
| 5453 || -4.15209230612223 || 2011-05-03 00:53:03 |
| 5454 || -0.563768152000209 || 2017-07-11 20:26:53 |
| 5455 || 12.8952687689958 || 2012-01-22 03:34:59 |
| 5456 || -16.5046376606883 || 2019-05-19 09:37:14 |
| 5457 || 8.6758086686661 || 2016-11-13 06:57:16 |
| 5458 || 18.687276502009 || 2017-04-01 21:17:32 |
| 5459 || -1.7010771679236 || 2013-10-18 03:05:33 |
| 5460 || 6.37557171476638 || 2019-12-13 06:41:02 |
| 5461 || 21.0365147382476 || 2016-07-05 11:36:47 |
| 5462 || 53.7073942572848 || 2014-12-13 17:59:16 |
| 5463 || 42.1976396190318 || 2019-10-03 04:50:44 |
| 5464 || -2.72951836356844 || 2016-06-19 16:39:15 |
| 5465 || 2.9476759850667 || 2013-08-02 00:52:07 |
| 5466 || 14.6962192181001 || 2013-02-02 18:55:58 |
| 5467 || 3.71413554501162 || 2011-11-18 17:00:53 |
| 5468 || 56.1726248529104 || 2014-08-14 21:47:00 |
| 5469 || 14.1956528150457 || 2018-03-05 13:27:40 |
| 5470 || 2.8513523854875 || 2019-01-15 12:36:53 |
| 5471 || 22.6905218882411 || 2019-06-09 17:25:10 |
| 5472 || 9.22208038283882 || 2014-01-24 08:50:14 |
| 5473 || -23.4379341963988 || 2019-01-05 18:43:31 |
| 5474 || -1.68182552792429 || 2013-09-21 02:36:17 |
| 5475 || 0.69120818711066 || 2011-11-15 07:06:13 |
| 5476 || 38.7331657287538 || 2014-12-16 16:29:10 |
| 5477 || 86.7132991340055 || 2014-01-20 11:39:39 |
| 5478 || 72.0841593459055 || 2012-11-17 15:21:55 |
| 5479 || 7.47278142963025 || 2018-10-07 03:46:00 |
| 5480 || -0.173876821681624 || 2014-08-07 16:24:28 |
| 5481 || 13.3808283370008 || 2012-02-15 07:04:27 |
| 5482 || 62.5966676098863 || 2016-01-01 14:01:56 |
| 5483 || 75.8901124282822 || 2010-07-15 21:23:53 |
| 5484 || 24.5775066217504 || 2011-01-12 01:31:47 |
| 5485 || -0.0115085666886837 || 2017-05-24 02:42:38 |
| 5486 || -9.59294515172377 || 2015-09-18 07:10:13 |
| 5487 || 36.5178878599588 || 2012-11-21 21:05:10 |
| 5488 || 81.2945355143354 || 2014-05-05 10:20:46 |
| 5489 || 32.1540845194161 || 2017-04-23 12:53:06 |
| 5490 || 0.000862338403124759 || 2010-12-07 14:03:01 |
| 5491 || -8.98596594633601 || 2019-10-12 06:22:31 |
| 5492 || -14.2173401729672 || 2015-09-26 03:46:32 |
| 5493 || 80.1948411031756 || 2017-09-15 16:07:10 |
| 5494 || 16.3942771368084 || 2017-08-04 15:20:00 |
| 5495 || 0.622308644030838 || 2019-06-13 11:58:38 |
| 5496 || 9.83144437179871 || 2012-07-13 15:01:45 |
| 5497 || 38.2862560382205 || 2017-10-09 03:19:27 |
| 5498 || 33.5517608422573 || 2019-02-05 15:57:18 |
| 5499 || 41.1869908800651 || 2013-07-11 12:48:43 |
| 5500 || 2.14477314696534 || 2019-10-23 02:57:34 |
| 5501 || 13.9547907635541 || 2011-03-16 23:15:56 |
| 5502 || -14.8516505757589 || 2013-02-04 17:58:18 |
| 5503 || 38.3053825115445 || 2010-06-04 21:58:38 |
| 5504 || 43.8278029318681 || 2017-10-12 00:42:02 |
| 5505 || -0.710343958813437 || 2018-09-18 08:26:18 |
| 5506 || 11.4030431610555 || 2010-11-26 21:10:54 |
| 5507 || 54.7488124095769 || 2010-05-13 14:31:59 |
| 5508 || -20.519517624359 || 2018-08-14 12:15:34 |
| 5509 || -17.7971310866729 || 2014-07-06 17:46:55 |
| 5510 || 0.142382346785811 || 2018-11-19 06:25:56 |
| 5511 || 8.43494016397169 || 2011-04-16 02:31:09 |
| 5512 || -14.224231644709 || 2014-09-26 20:25:14 |
| 5513 || -10.1161951407146 || 2019-12-08 03:06:41 |
| 5514 || -13.1851234822036 || 2011-01-27 16:03:56 |
| 5515 || 9.62747714180482 || 2012-01-02 11:23:55 |
| 5516 || -0.672025835506703 || 2019-10-26 00:03:23 |
| 5517 || 19.7062702427132 || 2015-12-23 00:36:02 |
| 5518 || 66.2184109995852 || 2016-12-13 01:49:24 |
| 5519 || 61.7087144595643 || 2014-04-21 08:32:46 |
| 5520 || -4.24583845828596 || 2016-11-01 15:46:28 |
| 5521 || 3.21803774655059 || 2012-03-09 15:59:15 |
| 5522 || -3.51292602384776 || 2019-02-19 13:52:33 |
| 5523 || 68.8487476667468 || 2015-08-04 00:15:28 |
| 5524 || 23.599330431207 || 2013-11-08 20:20:58 |
| 5525 || 17.5342543833328 || 2016-10-04 19:32:51 |
| 5526 || 2.17657303896285 || 2010-04-17 20:39:40 |
| 5527 || 12.3006041790187 || 2012-03-05 19:27:13 |
| 5528 || 74.0349164683112 || 2010-11-22 10:22:48 |
| 5529 || -7.4754165448462 || 2014-12-09 13:51:56 |
| 5530 || -6.74973015777426 || 2017-03-17 17:04:07 |
| 5531 || -0.109298205079804 || 2011-09-15 23:15:28 |
| 5532 || 1.18051996258796 || 2014-02-27 15:53:27 |
| 5533 || 13.0941647640628 || 2014-07-11 00:54:08 |
| 5534 || -18.1470921012886 || 2011-10-03 18:26:14 |
| 5535 || 0.307973140378966 || 2017-01-06 01:47:08 |
| 5536 || 0.124096611768302 || 2014-03-25 04:49:07 |
| 5537 || 21.9059126433992 || 2015-03-15 06:30:21 |
| 5538 || 78.9366953071709 || 2012-11-04 10:23:05 |
| 5539 || 19.7674417656523 || 2015-09-02 20:41:53 |
| 5540 || 17.2829047677218 || 2018-04-14 19:04:01 |
| 5541 || 0.00629456211744237 || 2019-07-02 11:52:28 |
| 5542 || 12.2901236260167 || 2014-04-03 13:45:52 |
| 5543 || 57.7439602171306 || 2010-04-05 09:12:29 |
| 5544 || -12.090023732039 || 2010-09-14 01:13:59 |
| 5545 || 37.0955612701684 || 2017-09-09 02:05:14 |
| 5546 || 0.440208002579317 || 2012-08-08 03:52:34 |
| 5547 || 9.89954257767058 || 2016-05-12 01:07:29 |
| 5548 || 74.0692148819037 || 2013-02-27 09:46:02 |
| 5549 || -27.509704777293 || 2012-12-04 18:27:27 |
| 5550 || 13.0623676007614 || 2015-08-04 05:14:05 |
| 5551 || 1.8388257673811 || 2019-12-07 05:50:45 |
| 5552 || 16.4648672536765 || 2017-06-19 20:38:40 |
| 5553 || 65.0908667759263 || 2012-11-03 01:30:47 |
| 5554 || 75.0687013497394 || 2011-12-05 11:40:00 |
| 5555 || 18.3357209932108 || 2013-02-26 13:25:31 |
| 5556 || -0.965280372608163 || 2018-11-13 10:19:42 |
| 5557 || 7.25150598658946 || 2010-07-19 11:59:20 |
| 5558 || -17.2665804076787 || 2015-01-21 09:04:01 |
| 5559 || -29.4170220222443 || 2011-06-09 03:54:58 |
| 5560 || 1.00260155267029 || 2013-08-16 00:51:35 |
| 5561 || 2.04140504603811 || 2016-01-11 06:57:53 |
| 5562 || 10.4202634168654 || 2017-07-24 15:04:41 |
| 5563 || -18.9444096557892 || 2010-01-01 04:25:53 |
| 5564 || -29.5718975081696 || 2013-09-12 20:53:28 |
| 5565 || 10.63985719743 || 2019-02-20 08:16:44 |
| 5566 || 2.24529451253836 || 2015-05-15 09:53:28 |
| 5567 || 0.405614419822872 || 2014-04-23 08:28:02 |
| 5568 || -3.57065293869325 || 2016-08-11 21:20:10 |
| 5569 || 89.7994303658335 || 2014-07-15 23:17:20 |
| 5570 || 59.9635367719906 || 2013-10-06 00:59:20 |
| 5571 || -1.53010178286861 || 2014-11-03 08:20:06 |
| 5572 || 0.987823216111975 || 2011-10-05 02:02:05 |
| 5573 || -10.8405670972294 || 2019-10-19 03:23:16 |
| 5574 || 0.990556388141165 || 2014-06-02 03:36:38 |
| 5575 || 1.48125742025914 || 2011-10-16 15:28:33 |
| 5576 || 12.9688292527988 || 2011-05-07 11:25:28 |
| 5577 || 2.57495047803217 || 2011-07-01 19:04:12 |
| 5578 || -14.4604233746506 || 2016-11-17 00:28:19 |
| 5579 || 85.3805033541314 || 2019-06-08 16:12:51 |
| 5580 || -6.91646259952134 || 2012-04-23 11:54:06 |
| 5581 || -3.45295010334392 || 2014-02-27 12:03:23 |
| 5582 || 0.401398945232429 || 2016-05-09 18:08:24 |
| 5583 || 38.7171022380987 || 2013-09-23 08:35:38 |
| 5584 || 84.0281532337644 || 2011-11-07 22:48:38 |
| 5585 || 21.3428378513145 || 2014-08-21 07:50:23 |
| 5586 || 5.35141739568166 || 2014-12-02 11:10:20 |
| 5587 || 0.181843803065452 || 2016-07-06 09:21:00 |
| 5588 || -6.48639315063665 || 2010-05-26 09:48:05 |
| 5589 || 70.9928475551609 || 2018-10-27 19:33:59 |
| 5590 || -6.62112838271223 || 2013-07-11 13:38:47 |
| 5591 || -5.54296750998912 || 2012-04-21 06:41:27 |
| 5592 || 0.0112772695708127 || 2013-07-23 12:52:43 |
| 5593 || -0.735853987023742 || 2014-08-20 18:56:55 |
| 5594 || 4.25952343735559 || 2013-03-19 17:57:35 |
| 5595 || 11.2135282090595 || 2016-01-02 02:44:19 |
| 5596 || 12.7779059920687 || 2018-10-11 17:07:26 |
| 5597 || 0.0790728911748232 || 2018-02-01 00:18:08 |
| 5598 || 13.9793258692945 || 2013-09-09 10:59:37 |
| 5599 || 2.06353500553236 || 2012-11-06 03:09:28 |
| 5600 || -28.5977631087388 || 2012-12-04 05:16:22 |
| 5601 || -8.06244098609646 || 2017-11-10 14:45:43 |
| 5602 || 1.56402221543729 || 2011-09-12 16:13:58 |
| 5603 || 5.71785098870254 || 2010-03-07 22:50:50 |
| 5604 || 61.2180535890068 || 2014-02-14 10:09:07 |
| 5605 || 70.9432055124042 || 2019-06-15 21:03:57 |
| 5606 || -14.3846792597498 || 2010-05-23 02:15:41 |
| 5607 || 1.60485786597238 || 2010-03-25 04:18:05 |
| 5608 || 3.84326800768156 || 2013-02-06 03:10:56 |
| 5609 || 66.8817771921558 || 2013-10-25 18:15:59 |
| 5610 || -7.54399074478385 || 2011-06-14 03:02:04 |
| 5611 || -16.8371725307465 || 2019-12-25 15:21:06 |
| 5612 || -0.729346637822375 || 2013-05-16 17:41:49 |
| 5613 || 9.03604078864888 || 2015-05-01 18:16:00 |
| 5614 || 8.85204054297052 || 2011-03-06 22:43:46 |
| 5615 || 75.5397941370721 || 2012-09-06 15:15:06 |
| 5616 || -10.1549584669761 || 2019-07-03 17:36:22 |
| 5617 || 8.53863118388714 || 2017-02-24 04:51:32 |
| 5618 || -2.40050671985943 || 2013-11-06 16:24:52 |
| 5619 || -7.70650624701289 || 2015-04-06 09:55:53 |
| 5620 || -29.9524194493939 || 2012-01-14 17:34:05 |
| 5621 || -20.5322523841138 || 2019-01-03 21:56:21 |
| 5622 || -3.97455431547048 || 2018-09-20 21:33:05 |
| 5623 || 3.46471582137213 || 2013-01-21 05:50:41 |
| 5624 || 4.96924522854645 || 2016-08-12 06:21:00 |
| 5625 || 19.2177672034028 || 2010-12-08 23:41:46 |
| 5626 || -21.3921234256888 || 2011-02-18 16:09:51 |
| 5627 || 6.21111753430227 || 2015-02-05 16:02:46 |
| 5628 || 2.21455390670083 || 2018-01-13 20:53:47 |
| 5629 || 16.2304348618949 || 2018-12-27 01:09:39 |
| 5630 || 20.3591979598776 || 2018-04-10 19:16:07 |
| 5631 || 9.61157883647555 || 2017-10-27 06:53:22 |
| 5632 || -4.39268248878455 || 2011-04-26 14:21:26 |
| 5633 || 0.308187196745198 || 2018-01-12 18:38:46 |
| 5634 || 38.9444661795157 || 2013-04-27 03:50:07 |
| 5635 || 25.9965735237164 || 2017-03-01 07:21:12 |
| 5636 || -12.1604252155812 || 2015-09-25 09:27:21 |
| 5637 || 22.2074210464423 || 2010-12-22 22:44:48 |
| 5638 || 0.126125160232968 || 2014-10-16 18:34:56 |
| 5639 || 28.9550441537409 || 2011-06-23 11:07:30 |
| 5640 || 72.829898690679 || 2010-10-13 14:59:11 |
| 5641 || 44.9369350262455 || 2014-12-12 08:54:07 |
| 5642 || 28.3080070026111 || 2016-01-15 21:40:44 |
| 5643 || 2.6139368477347e-06 || 2014-09-21 09:29:44 |
| 5644 || 28.5449994234572 || 2015-04-12 00:03:41 |
| 5645 || -17.5363082876681 || 2013-11-27 08:17:04 |
| 5646 || 7.07063937908119 || 2010-02-23 14:41:15 |
| 5647 || 35.1750955749121 || 2018-09-24 07:24:21 |
| 5648 || -0.0788246023498827 || 2016-05-09 11:03:19 |
| 5649 || 2.6597078893576 || 2018-05-22 12:39:04 |
| 5650 || -19.650533155727 || 2017-09-15 22:50:12 |
| 5651 || 27.0324241478782 || 2019-07-27 07:05:33 |
| 5652 || 40.620756560058 || 2012-11-07 23:04:21 |
| 5653 || 0.117636268638374 || 2015-05-22 03:53:03 |
| 5654 || 16.3174885771053 || 2016-01-13 19:42:07 |
| 5655 || 53.7664057907273 || 2017-07-07 03:17:34 |
| 5656 || 85.8798599982606 || 2017-09-01 16:21:15 |
| 5657 || 44.9315013580438 || 2013-09-02 09:58:43 |
| 5658 || -0.873642981430726 || 2012-12-21 10:10:10 |
| 5659 || 15.4180757261644 || 2019-10-16 01:25:41 |
| 5660 || 57.1259650318944 || 2012-10-04 20:24:41 |
| 5661 || -29.4750428019188 || 2012-08-17 06:09:09 |
| 5662 || 41.2894983358033 || 2015-05-27 02:33:11 |
| 5663 || -0.0413279666683265 || 2015-12-06 21:52:49 |
| 5664 || -3.72824829323185 || 2016-06-13 21:41:42 |
| 5665 || 59.5328146033881 || 2014-07-14 08:58:56 |
| 5666 || -17.0766723120901 || 2010-09-23 06:07:39 |
| 5667 || 19.8996370171742 || 2013-10-27 02:11:18 |
| 5668 || 5.81529804154268 || 2012-02-21 15:57:53 |
| 5669 || -1.48478596666269 || 2014-12-03 01:25:42 |
| 5670 || -6.97221372334348 || 2010-06-01 04:31:20 |
| 5671 || 83.1349370794608 || 2016-12-12 04:24:23 |
| 5672 || 56.5346751821939 || 2013-02-14 13:58:03 |
| 5673 || 6.47456233747229 || 2012-08-10 23:54:20 |
| 5674 || 0.69264010715389 || 2016-05-16 12:47:57 |
| 5675 || -16.8404754359994 || 2016-11-13 07:18:09 |
| 5676 || -24.9876487789697 || 2010-09-06 20:01:33 |
| 5677 || -22.2196016564305 || 2014-07-17 23:46:19 |
| 5678 || 11.4898793502085 || 2010-01-25 10:10:05 |
| 5679 || -1.09113163497567 || 2013-08-02 04:02:13 |
| 5680 || -3.33525143825531 || 2010-05-16 17:49:48 |
| 5681 || -9.00706565994781 || 2014-06-03 22:52:49 |
| 5682 || -18.35891137914 || 2016-09-05 07:46:52 |
| 5683 || -0.076497152307547 || 2010-05-19 19:24:20 |
| 5684 || 1.30342218480301 || 2016-09-17 12:49:21 |
| 5685 || -13.7185670071063 || 2014-07-07 15:38:59 |
| 5686 || 1.56042960914824 || 2014-10-16 02:35:55 |
| 5687 || 1.78370569603997 || 2015-05-27 08:43:57 |
| 5688 || -3.75231330594752 || 2018-01-23 18:12:59 |
| 5689 || -0.07531474182104 || 2014-12-11 14:23:20 |
| 5690 || 28.1237119440962 || 2019-01-10 00:32:30 |
| 5691 || 13.8159757151266 || 2010-10-21 10:47:19 |
| 5692 || 73.8073647699262 || 2019-07-15 11:47:54 |
| 5693 || -5.02052691116232 || 2016-08-16 05:42:00 |
| 5694 || 0.0108453697696416 || 2014-01-26 03:34:47 |
| 5695 || -9.23294666417411 || 2013-10-07 22:19:56 |
| 5696 || -26.7212963857722 || 2016-07-27 21:16:05 |
| 5697 || 78.5052109269094 || 2018-08-24 15:57:40 |
| 5698 || -4.63674023145796 || 2014-01-11 06:23:29 |
| 5699 || -0.0693729134264184 || 2012-09-13 20:20:02 |
| 5700 || 10.9288386665001 || 2014-05-23 23:18:41 |
| 5701 || 23.6563596889702 || 2017-10-20 07:35:14 |
| 5702 || 82.2650238971554 || 2013-08-16 11:26:38 |
| 5703 || 4.16858651713144 || 2017-05-14 08:32:52 |
| 5704 || 0.234064174351964 || 2011-10-26 00:03:38 |
| 5705 || -3.03757625449215 || 2012-06-01 14:34:47 |
| 5706 || -19.1046798586539 || 2015-07-17 05:34:20 |
| 5707 || 45.0575571055298 || 2018-01-24 05:33:15 |
| 5708 || 37.1877367443327 || 2017-03-19 18:13:16 |
| 5709 || 2.56350756892056 || 2013-12-10 15:18:24 |
| 5710 || 12.6770320099058 || 2011-06-25 16:40:51 |
| 5711 || -7.27435666512104 || 2012-10-19 09:20:32 |
| 5712 || 3.36543582158408 || 2019-04-07 06:41:57 |
| 5713 || 19.0643268954882 || 2018-07-04 14:53:53 |
| 5714 || 2.76736411292886 || 2017-03-16 19:21:02 |
| 5715 || -4.03473908961978 || 2014-07-18 21:55:45 |
| 5716 || -14.1132962763109 || 2019-08-05 05:52:07 |
| 5717 || -24.3310738161536 || 2019-03-22 07:12:20 |
| 5718 || 54.9519756765955 || 2014-04-04 15:28:09 |
| 5719 || 1.23965632695586 || 2011-12-08 06:09:11 |
| 5720 || 1.39299370265272 || 2016-01-17 00:31:28 |
| 5721 || 57.4122360080687 || 2010-09-16 09:49:20 |
| 5722 || 69.6825289583017 || 2014-09-07 16:30:35 |
| 5723 || 59.6261239019548 || 2011-01-04 14:19:26 |
| 5724 || 4.93732093442718 || 2015-02-07 11:10:47 |
| 5725 || -1.09284991713253 || 2016-03-14 01:51:10 |
| 5726 || 53.1236355804426 || 2010-04-15 05:54:49 |
| 5727 || -27.9628323046503 || 2011-12-12 18:45:37 |
| 5728 || -5.67340263617193 || 2013-06-12 22:50:21 |
| 5729 || 14.1957033211048 || 2015-06-04 02:27:01 |
| 5730 || 2.28234249416731 || 2013-09-19 23:16:29 |
| 5731 || -13.2054141587424 || 2019-05-03 20:13:08 |
| 5732 || 85.9886509424703 || 2014-11-13 14:59:45 |
| 5733 || 12.7651465708803 || 2012-01-24 08:49:16 |
| 5734 || -3.41474957688887 || 2014-11-05 14:38:17 |
| 5735 || 1.51595711933222 || 2013-04-01 19:50:14 |
| 5736 || 42.070571402602 || 2017-02-21 14:03:12 |
| 5737 || -24.0676629785334 || 2017-12-13 14:55:04 |
| 5738 || -24.1044337471843 || 2010-07-22 21:25:07 |
| 5739 || 14.9966139732292 || 2015-10-17 18:39:24 |
| 5740 || 0.407172769106725 || 2013-03-18 16:52:54 |
| 5741 || 34.9881219382353 || 2012-10-08 19:42:24 |
| 5742 || -14.9949448190701 || 2017-12-22 08:16:32 |
| 5743 || -9.58971162644628 || 2017-09-07 05:52:50 |
| 5744 || 23.5003749538285 || 2017-12-15 11:03:39 |
| 5745 || 0.00601629719894474 || 2018-12-07 10:56:26 |
| 5746 || 22.2100633729302 || 2014-02-13 23:02:48 |
| 5747 || 81.0123788979337 || 2018-08-23 22:20:45 |
| 5748 || 10.549111583311 || 2019-11-15 16:45:08 |
| 5749 || 22.6668815102807 || 2012-09-14 20:04:33 |
| 5750 || 0.0608412879661625 || 2016-09-12 00:46:59 |
| 5751 || -8.85995574502351 || 2010-04-12 13:07:58 |
| 5752 || 70.5607107129493 || 2016-03-14 08:55:22 |
| 5753 || -25.2599351138257 || 2019-09-04 15:18:21 |
| 5754 || -2.89216049196397 || 2019-11-22 00:14:43 |
| 5755 || -0.0427160143896296 || 2017-03-19 03:32:17 |
| 5756 || 20.8477003987418 || 2017-02-02 21:49:02 |
| 5757 || 63.3595329030767 || 2012-09-04 15:44:42 |
| 5758 || -19.1065266720571 || 2010-03-09 07:25:55 |
| 5759 || 43.7420755762698 || 2010-12-10 08:22:56 |
| 5760 || 2.12479409688487 || 2012-01-27 12:06:47 |
| 5761 || -5.85105983699489 || 2019-08-22 23:01:50 |
| 5762 || -12.7556452714007 || 2015-10-13 06:34:39 |
| 5763 || 14.8593429595583 || 2010-02-25 22:29:23 |
| 5764 || 32.1534925419658 || 2013-07-19 11:40:32 |
| 5765 || 0.963351426875425 || 2011-11-18 02:17:19 |
| 5766 || 5.54700807621299 || 2017-11-05 13:56:49 |
| 5767 || -14.0503330568479 || 2016-04-01 15:15:20 |
| 5768 || 11.696540605671 || 2016-02-19 03:30:19 |
| 5769 || 36.8325655172584 || 2014-11-20 11:27:22 |
| 5770 || 4.89951715853758 || 2012-07-03 10:28:39 |
| 5771 || -1.36503636810312 || 2010-05-06 23:52:59 |
| 5772 || -8.46523036538737 || 2014-01-07 23:08:25 |
| 5773 || -24.9397503311954 || 2010-06-26 18:12:15 |
| 5774 || -16.0865398082258 || 2018-04-18 21:19:41 |
| 5775 || 5.54240711780155 || 2010-02-01 02:09:16 |
| 5776 || 3.7531854086633 || 2010-10-23 13:48:31 |
| 5777 || 9.31738630912868 || 2016-12-17 11:12:52 |
| 5778 || -20.8560539958149 || 2019-05-10 16:37:54 |
| 5779 || 15.5466873610517 || 2017-06-17 02:47:13 |
| 5780 || 13.0497190622522 || 2015-03-15 01:50:44 |
| 5781 || 2.8006046865772 || 2013-09-21 02:20:04 |
| 5782 || -14.9467035396672 || 2014-04-24 15:58:42 |
| 5783 || -29.5372353206102 || 2015-04-24 02:21:38 |
| 5784 || 69.4424000051482 || 2016-10-02 06:53:55 |
| 5785 || 0.0383367686049777 || 2011-06-17 10:04:29 |
| 5786 || -0.703109525380628 || 2016-05-11 10:31:40 |
| 5787 || 42.0748137007572 || 2013-11-09 17:36:33 |
| 5788 || -22.6461132839005 || 2018-07-17 15:48:56 |
| 5789 || -18.2019972664034 || 2018-12-13 02:43:46 |
| 5790 || -7.28225156190902 || 2011-03-23 11:06:46 |
| 5791 || -0.153953706188494 || 2017-09-11 17:33:07 |
| 5792 || 17.2878395271772 || 2011-12-03 17:33:48 |
| 5793 || 70.2547940541118 || 2014-01-12 08:48:12 |
| 5794 || -16.3544548950598 || 2017-07-19 01:46:08 |
| 5795 || 17.2148218808563 || 2018-12-15 18:46:28 |
| 5796 || 0.102813784778871 || 2012-06-07 16:43:35 |
| 5797 || 27.6759596999847 || 2015-04-03 03:11:15 |
| 5798 || 65.204569441566 || 2017-08-27 23:08:02 |
| 5799 || -9.33248920103349 || 2016-01-08 17:25:37 |
| 5800 || 29.0138942584925 || 2012-10-13 12:00:28 |
| 5801 || -0.00248582907097922 || 2014-12-27 08:48:51 |
| 5802 || 27.6278935913164 || 2019-07-08 23:33:27 |
| 5803 || 78.3178788927235 || 2018-12-06 17:46:15 |
| 5804 || -21.2304343206046 || 2010-11-22 05:39:06 |
| 5805 || 36.6568070377095 || 2012-07-19 18:36:40 |
| 5806 || -0.154491564762088 || 2014-03-21 18:08:35 |
| 5807 || -7.11208972694132 || 2010-04-26 23:30:45 |
| 5808 || 69.1258179634301 || 2012-12-27 09:10:01 |
| 5809 || 75.7229318275389 || 2011-06-17 21:52:33 |
| 5810 || 35.5543536128752 || 2013-04-10 08:02:19 |
| 5811 || -0.547960850306339 || 2015-03-25 05:22:17 |
| 5812 || 9.48354964833706 || 2019-12-07 00:11:06 |
| 5813 || -23.389154039803 || 2016-12-12 00:32:43 |
| 5814 || -29.4144470913111 || 2013-09-24 22:42:57 |
| 5815 || -11.7249449687621 || 2017-08-11 03:51:40 |
| 5816 || 3.79751857008915 || 2010-08-08 02:29:18 |
| 5817 || 13.6310900618097 || 2012-02-10 15:39:21 |
| 5818 || 21.61984639463 || 2011-10-20 01:41:57 |
| 5819 || 25.105832812019 || 2011-11-27 08:49:48 |
| 5820 || 9.1173002159951 || 2019-08-21 19:51:00 |
| 5821 || -2.07897150864563 || 2018-02-24 06:47:02 |
| 5822 || 9.9919878814098 || 2015-06-13 02:57:08 |
| 5823 || 37.0467310006268 || 2017-03-21 20:19:22 |
| 5824 || 69.7215691138972 || 2011-05-13 05:09:45 |
| 5825 || -10.7528981452494 || 2012-10-21 00:24:11 |
| 5826 || 1.0889792216107 || 2019-10-10 14:52:59 |
| 5827 || -1.42830253817263 || 2019-05-15 12:31:17 |
| 5828 || -16.4428700960868 || 2014-04-11 04:01:17 |
| 5829 || -28.7105368982379 || 2010-07-08 15:08:40 |
| 5830 || 19.5212908937491 || 2016-03-24 02:13:16 |
| 5831 || -2.9339381513242 || 2010-08-23 05:15:12 |
| 5832 || 4.57000558700736 || 2017-04-19 14:59:34 |
| 5833 || 21.5569402975237 || 2010-08-15 10:57:02 |
| 5834 || 2.23356487233897 || 2016-06-22 06:44:48 |
| 5835 || 5.09984776315215 || 2011-04-01 16:41:59 |
| 5836 || -5.50853453825212 || 2015-12-17 04:04:26 |
| 5837 || 1.89443781970904 || 2013-11-03 10:35:53 |
| 5838 || 41.3594124790011 || 2018-03-08 22:08:55 |
| 5839 || 71.6607941065727 || 2012-09-19 12:36:24 |
| 5840 || 72.6600099751324 || 2019-06-03 09:51:36 |
| 5841 || 17.6283005738486 || 2014-09-09 12:05:12 |
| 5842 || 0.848440825989525 || 2015-06-10 21:05:20 |
| 5843 || 18.2995170092573 || 2011-08-05 11:38:37 |
| 5844 || 14.5702888173963 || 2012-09-07 23:06:24 |
| 5845 || 5.28924869608364 || 2010-10-12 03:35:38 |
| 5846 || 20.6660562016488 || 2019-05-06 14:25:12 |
| 5847 || -0.0417115068664819 || 2019-04-12 09:49:56 |
| 5848 || -1.93348593316658 || 2012-09-04 20:13:54 |
| 5849 || 37.6649849529751 || 2018-11-02 18:55:48 |
| 5850 || -23.2433176884125 || 2017-03-16 01:12:16 |
| 5851 || 19.6098916165953 || 2014-03-23 00:18:07 |
| 5852 || 0.0171695291307164 || 2016-11-24 01:39:01 |
| 5853 || 22.9015320651404 || 2012-10-03 01:37:46 |
| 5854 || -20.1077173075679 || 2018-02-12 15:54:35 |
| 5855 || 77.2745078327319 || 2015-08-09 23:24:50 |
| 5856 || 2.24535384572914 || 2016-11-05 01:49:03 |
| 5857 || 0.310909107847251 || 2014-05-06 23:58:08 |
| 5858 || 19.2777639838325 || 2017-02-07 15:44:04 |
| 5859 || -23.5534058800751 || 2016-11-11 04:49:08 |
| 5860 || -28.7821401189064 || 2013-01-26 19:29:43 |
| 5861 || 4.71439447944645 || 2013-07-09 01:18:24 |
| 5862 || 1.0288692643024 || 2017-04-13 20:50:30 |
| 5863 || -2.14130401595343 || 2019-12-04 09:43:19 |
| 5864 || 10.158761069188 || 2012-09-27 04:20:55 |
| 5865 || 79.3939521282999 || 2016-04-01 00:59:05 |
| 5866 || -9.1278179945639 || 2010-09-01 04:42:37 |
| 5867 || 2.50517695831624 || 2012-11-08 16:09:34 |
| 5868 || -0.0895307643305871 || 2019-06-10 02:42:45 |
| 5869 || -20.5045793164637 || 2013-05-15 21:27:04 |
| 5870 || 81.0720108498373 || 2010-01-07 05:22:14 |
| 5871 || 25.5390849854805 || 2016-11-12 17:49:53 |
| 5872 || -1.90266564918739 || 2014-05-03 12:59:25 |
| 5873 || -2.97283150765828 || 2017-10-23 01:44:54 |
| 5874 || -19.9553110381168 || 2013-08-14 07:11:34 |
| 5875 || -15.1290851697171 || 2015-03-18 12:31:20 |
| 5876 || 45.3457632224183 || 2010-12-09 14:46:15 |
| 5877 || 3.2279174949956 || 2015-10-09 12:35:37 |
| 5878 || -2.58362618991107 || 2018-12-08 06:13:09 |
| 5879 || -7.102005500752 || 2017-03-19 19:39:02 |
| 5880 || 70.6694261212321 || 2018-11-22 06:49:56 |
| 5881 || 39.3659657672811 || 2018-05-09 06:49:36 |
| 5882 || 7.94143342251889 || 2014-10-14 18:21:39 |
| 5883 || 1.22775722706242 || 2016-04-05 03:41:32 |
| 5884 || 27.4186992341871 || 2010-06-03 09:16:35 |
| 5885 || -13.0396031020139 || 2010-01-24 08:42:21 |
| 5886 || 1.65847644312562 || 2019-08-23 22:42:45 |
| 5887 || 8.96180069054986 || 2018-08-02 19:34:32 |
| 5888 || -0.346274050108241 || 2017-12-03 09:23:38 |
| 5889 || 44.9293434051724 || 2015-11-20 12:01:22 |
| 5890 || 81.077181609785 || 2018-12-04 06:52:20 |
| 5891 || 67.6460374167733 || 2010-10-15 13:46:03 |
| 5892 || 18.666174094344 || 2018-08-10 14:30:55 |
| 5893 || -0.352523688836404 || 2015-01-17 09:55:09 |
| 5894 || -2.01206672924553 || 2010-04-24 10:54:53 |
| 5895 || -27.0178195637232 || 2014-09-15 09:26:31 |
| 5896 || 6.84772898753384 || 2011-11-15 07:45:16 |
| 5897 || 21.5037265758561 || 2015-05-27 16:41:46 |
| 5898 || 0.284839162378773 || 2019-01-20 22:39:45 |
| 5899 || -11.6719135121945 || 2012-08-08 18:17:55 |
| 5900 || -27.6648755731109 || 2014-12-27 05:38:45 |
| 5901 || 80.2117045950396 || 2013-04-13 02:08:21 |
| 5902 || -3.24719115321944 || 2010-02-01 01:14:56 |
| 5903 || 0.000666752091431398 || 2012-01-10 22:53:17 |
| 5904 || -3.20391195317241 || 2011-08-02 04:25:37 |
| 5905 || 75.3700939288748 || 2010-01-14 01:26:35 |
| 5906 || -26.484210596956 || 2018-01-19 00:13:19 |
| 5907 || -10.4192021504679 || 2013-04-11 02:47:17 |
| 5908 || -0.1103570057846 || 2010-04-23 22:26:54 |
| 5909 || -6.5426601666252 || 2012-12-07 09:30:07 |
| 5910 || 25.2181163360103 || 2015-10-06 16:56:49 |
| 5911 || -24.5262768666575 || 2010-06-04 16:04:04 |
| 5912 || -13.1242122933841 || 2011-11-12 13:27:57 |
| 5913 || 1.06899370802375 || 2014-12-20 01:19:15 |
| 5914 || 18.7103406870138 || 2015-01-02 20:14:35 |
| 5915 || 17.1550865886749 || 2019-02-10 07:52:02 |
| 5916 || 76.6949533533028 || 2010-12-12 21:48:02 |
| 5917 || -4.87951377461668 || 2011-12-26 14:12:18 |
| 5918 || 2.03652863363074 || 2010-07-12 20:31:03 |
| 5919 || 11.4776756557181 || 2014-05-06 00:50:02 |
| 5920 || -15.5722578230343 || 2019-01-06 18:23:05 |
| 5921 || -29.4344970981575 || 2014-09-09 09:34:11 |
| 5922 || 11.1509254342363 || 2019-05-03 16:08:37 |
| 5923 || 5.28309974915809 || 2010-12-14 04:52:27 |
| 5924 || 0.396689432573223 || 2017-01-22 06:58:42 |
| 5925 || 50.680411293293 || 2010-04-13 19:46:46 |
| 5926 || -9.52627541084122 || 2015-09-02 13:39:39 |
| 5927 || 45.4660949389742 || 2013-02-06 19:04:24 |
| 5928 || 1.85490254726183 || 2010-09-11 05:43:12 |
| 5929 || -1.89978515094396 || 2012-11-04 10:32:05 |
| 5930 || 56.8616102255273 || 2019-04-06 09:14:02 |
| 5931 || 89.8815790926156 || 2019-04-06 06:13:34 |
| 5932 || 56.6927840197189 || 2013-05-11 00:12:08 |
| 5933 || 3.18181768186215 || 2014-08-14 19:33:40 |
| 5934 || -0.862422099828734 || 2019-02-19 05:27:21 |
| 5935 || 4.02314849790492 || 2011-07-06 14:22:09 |
| 5936 || 72.6849513368042 || 2011-10-13 05:03:47 |
| 5937 || 18.698773417926 || 2017-08-07 03:26:37 |
| 5938 || 6.31512607128943 || 2011-03-13 18:55:12 |
| 5939 || 2.48219938625127 || 2014-02-04 12:24:17 |
| 5940 || 12.7492029073933 || 2011-12-13 16:12:52 |
| 5941 || 66.3852428457165 || 2014-06-25 10:49:24 |
| 5942 || 12.3582616508458 || 2016-02-11 15:28:43 |
| 5943 || -6.28598822312439 || 2012-08-27 16:44:38 |
| 5944 || 0.737162539635038 || 2014-09-08 06:39:45 |
| 5945 || -13.7588576200283 || 2010-09-14 17:45:12 |
| 5946 || 83.0945806629908 || 2010-08-04 20:55:35 |
| 5947 || -16.2740045747273 || 2018-11-18 18:41:04 |
| 5948 || -6.09602819108136 || 2015-11-12 16:06:13 |
| 5949 || -0.136471338882451 || 2019-08-24 16:55:53 |
| 5950 || 14.2031724839151 || 2019-05-06 03:49:32 |
| 5951 || 44.8496230913839 || 2011-03-15 15:22:42 |
| 5952 || -1.55328069018775 || 2019-03-11 15:09:10 |
| 5953 || -2.31665269360645 || 2010-04-16 14:52:31 |
| 5954 || 0.00157856298972807 || 2013-02-27 05:02:07 |
| 5955 || 6.45337432246847 || 2016-01-23 04:49:11 |
| 5956 || 53.3080490996074 || 2018-11-17 03:00:12 |
| 5957 || 9.86438997982252 || 2018-09-18 16:49:28 |
| 5958 || 33.2739107110739 || 2014-03-05 06:38:38 |
| 5959 || 0.245088461368742 || 2013-10-25 20:47:57 |
| 5960 || 20.6816279515784 || 2019-04-22 09:45:43 |
| 5961 || 26.3308268733687 || 2014-09-05 06:57:38 |
| 5962 || 61.6538515304333 || 2018-11-23 13:24:52 |
| 5963 || 23.6920750529649 || 2018-12-02 11:13:31 |
| 5964 || 0.0481952313326994 || 2016-07-07 00:32:07 |
| 5965 || 20.5130217725997 || 2014-10-19 02:16:46 |
| 5966 || 54.4107848513568 || 2017-11-23 12:55:25 |
| 5967 || 85.4729795823352 || 2017-04-19 13:11:37 |
| 5968 || 40.4058828835121 || 2017-04-25 05:41:37 |
| 5969 || -0.798794407617687 || 2012-06-10 09:52:30 |
| 5970 || 3.41542960313361 || 2011-03-26 00:27:11 |
| 5971 || -17.0215038488733 || 2017-09-10 04:19:04 |
| 5972 || -27.9692298004589 || 2019-10-02 19:44:33 |
| 5973 || -3.03463535211014 || 2014-12-13 15:40:26 |
| 5974 || -0.198963128500003 || 2016-09-13 04:16:21 |
| 5975 || -2.80945551355549 || 2012-10-01 11:29:47 |
| 5976 || -11.3042905498262 || 2014-10-10 02:55:47 |
| 5977 || -9.15604147994943 || 2017-08-08 15:42:21 |
| 5978 || 20.1592509664131 || 2012-04-25 02:05:56 |
| 5979 || 4.55222367003517 || 2016-09-13 00:26:28 |
| 5980 || 8.84536452117899 || 2013-06-01 03:19:57 |
| 5981 || 47.3232428713903 || 2010-07-09 01:07:54 |
| 5982 || -9.94510288363181 || 2013-06-24 23:19:31 |
| 5983 || 20.4161824446116 || 2011-11-06 21:06:32 |
| 5984 || -2.66641118755068 || 2016-11-04 04:45:09 |
| 5985 || -1.16383545335775 || 2017-03-21 19:27:00 |
| 5986 || -7.36812597579442 || 2011-12-20 12:24:46 |
| 5987 || 11.5370329487637 || 2012-07-17 12:00:06 |
| 5988 || 43.4273096247316 || 2010-04-18 12:34:06 |
| 5989 || 13.5773424472434 || 2010-01-23 14:59:16 |
| 5990 || -1.19030034871244 || 2019-10-21 11:26:04 |
| 5991 || 46.5594200263272 || 2017-12-05 21:40:46 |
| 5992 || 58.1297322230768 || 2017-03-13 13:24:36 |
| 5993 || -16.0011498477064 || 2019-05-13 04:05:43 |
| 5994 || 5.56147291131544 || 2013-03-04 05:52:00 |
| 5995 || 0.786534996277281 || 2012-02-17 02:05:13 |
| 5996 || -14.0921946432391 || 2010-04-12 15:25:58 |
| 5997 || 15.2810455498668 || 2014-01-08 14:40:06 |
| 5998 || -15.4224120400663 || 2010-11-24 05:19:54 |
| 5999 || 22.6116709958043 || 2011-07-19 19:25:34 |
| 6000 || 0.571464467588086 || 2017-07-27 15:23:05 |
| 6001 || 5.98851786282245 || 2012-07-26 09:02:04 |
| 6002 || 81.1037288446858 || 2013-09-15 13:29:07 |
| 6003 || -11.4527357496232 || 2013-02-16 05:47:50 |
| 6004 || 26.1980992909109 || 2016-05-18 10:07:54 |
| 6005 || 0.0306422412155533 || 2010-05-21 07:04:09 |
| 6006 || 21.5029268825498 || 2017-07-25 12:52:37 |
| 6007 || 41.0471412873916 || 2019-02-23 06:05:42 |
| 6008 || 22.3713944155337 || 2012-09-12 14:27:32 |
| 6009 || 33.5537961815841 || 2013-03-06 16:23:45 |
| 6010 || 0.145019308883526 || 2010-08-03 06:12:40 |
| 6011 || 2.46352661360838 || 2010-01-07 13:08:35 |
| 6012 || -25.2137578133625 || 2017-05-21 02:59:13 |
| 6013 || 51.1473498303262 || 2011-07-17 17:17:20 |
| 6014 || 38.5505075580101 || 2015-07-05 13:18:34 |
| 6015 || 0.834157405983895 || 2013-01-08 07:35:02 |
| 6016 || -5.0961633786017 || 2019-08-27 20:05:00 |
| 6017 || -9.10458791171699 || 2011-07-24 05:43:32 |
| 6018 || 79.2799840621621 || 2013-05-13 10:16:25 |
| 6019 || 21.5295614262891 || 2011-03-12 15:44:53 |
| 6020 || 2.33316493903388 || 2019-08-18 08:36:02 |
| 6021 || -5.72076630652329 || 2010-01-01 06:26:08 |
| 6022 || -13.5367327680563 || 2011-04-01 03:15:48 |
| 6023 || -6.89945995823442 || 2019-09-16 09:17:02 |
| 6024 || 42.4470650255896 || 2014-11-02 11:26:49 |
| 6025 || 4.25372387993853 || 2016-02-05 21:26:18 |
| 6026 || -0.28777936788348 || 2017-01-27 10:29:47 |
| 6027 || -13.1865394522458 || 2017-12-03 16:08:51 |
| 6028 || -29.186097475368 || 2017-09-23 03:17:12 |
| 6029 || 26.7087512904745 || 2012-08-13 15:27:20 |
| 6030 || 1.78382078189415 || 2011-01-17 18:35:28 |
| 6031 || 3.71719789737332 || 2014-10-23 20:11:38 |
| 6032 || 11.4913802417232 || 2013-03-21 09:42:43 |
| 6033 || -29.912986054758 || 2012-07-08 15:52:19 |
| 6034 || 21.0137141440631 || 2017-07-09 01:30:08 |
| 6035 || 6.60737976637455 || 2016-01-20 07:18:46 |
| 6036 || 6.41844995735623 || 2011-02-16 23:08:04 |
| 6037 || 16.1706290494183 || 2018-08-21 04:35:03 |
| 6038 || -29.4480035199046 || 2017-06-02 10:56:14 |
| 6039 || 62.1821980613383 || 2013-02-25 06:18:11 |
| 6040 || -4.16160553707389 || 2015-09-21 04:10:20 |
| 6041 || -1.17457520945714 || 2019-09-06 04:17:06 |
| 6042 || 44.3976103417993 || 2017-08-24 08:04:52 |
| 6043 || 88.5609256745297 || 2015-04-10 04:44:02 |
| 6044 || -22.2827242365643 || 2017-08-16 16:19:45 |
| 6045 || 18.0307031564908 || 2015-04-01 21:51:26 |
| 6046 || 1.57932377449391 || 2017-11-04 07:15:26 |
| 6047 || 34.1480926487879 || 2014-05-13 19:27:08 |
| 6048 || 35.3657095332035 || 2010-07-25 13:22:35 |
| 6049 || 59.9810001289267 || 2017-09-03 01:50:57 |
| 6050 || 18.3692756622679 || 2013-04-16 11:23:18 |
| 6051 || 0.294844244357693 || 2018-06-27 01:17:18 |
| 6052 || -6.50051438653103 || 2013-07-21 12:06:53 |
| 6053 || 28.0186414686454 || 2015-10-16 05:31:27 |
| 6054 || 53.2912017942412 || 2013-06-02 04:26:22 |
| 6055 || 11.7796789716105 || 2010-06-07 23:16:28 |
| 6056 || 0.0688800168873542 || 2011-09-26 16:10:32 |
| 6057 || 18.1058889753421 || 2010-06-24 00:36:40 |
| 6058 || 23.9414534431435 || 2011-05-02 14:52:31 |
| 6059 || -26.1923521310137 || 2016-01-26 09:49:33 |
| 6060 || 31.9529509958632 || 2012-06-04 18:22:53 |
| 6061 || -0.0194413589983086 || 2017-10-09 23:38:06 |
| 6062 || -3.88995392859822 || 2016-03-25 06:38:09 |
| 6063 || 9.01819169753462 || 2017-01-08 01:01:20 |
| 6064 || 73.3719059578999 || 2012-02-06 05:50:53 |
| 6065 || 23.0979846119949 || 2011-10-05 09:03:48 |
| 6066 || 0.36117398191029 || 2010-10-05 03:10:04 |
| 6067 || 18.6946392592308 || 2015-02-08 18:39:13 |
| 6068 || 71.2907596622763 || 2012-07-02 04:28:43 |
| 6069 || 17.685682303302 || 2016-02-01 12:40:26 |
| 6070 || 40.5074554350034 || 2018-03-07 14:18:27 |
| 6071 || -0.583456176914673 || 2011-07-26 13:38:39 |
| 6072 || 12.6088326297698 || 2011-07-04 04:14:10 |
| 6073 || 2.85820921669214 || 2019-11-14 21:18:23 |
| 6074 || 10.6090844393016 || 2016-03-09 12:20:38 |
| 6075 || 46.7722321782064 || 2019-09-19 23:46:16 |
| 6076 || 0.999262354530143 || 2011-02-09 23:16:28 |
| 6077 || 1.31971775447317 || 2018-05-27 15:18:26 |
| 6078 || 52.9774183674435 || 2012-11-04 16:21:50 |
| 6079 || 66.2832450458007 || 2015-01-01 17:30:24 |
| 6080 || -16.5661930402097 || 2018-08-16 03:22:39 |
| 6081 || -2.15368978349721 || 2015-12-19 07:31:50 |
| 6082 || 5.07305043373301 || 2018-06-16 10:20:12 |
| 6083 || -19.5065242168231 || 2016-08-05 22:43:56 |
| 6084 || -25.8238857428216 || 2016-01-19 01:59:44 |
| 6085 || 29.5861356098827 || 2012-03-15 08:44:01 |
| 6086 || 1.69198610192814 || 2014-03-07 08:45:35 |
| 6087 || 1.93299499503005 || 2011-10-13 01:17:25 |
| 6088 || -0.344064600818301 || 2011-08-14 06:58:20 |
| 6089 || -20.0218784701998 || 2011-01-03 23:44:12 |
| 6090 || 63.6931980166453 || 2015-04-01 08:08:33 |
| 6091 || -1.25344032796808 || 2014-12-03 04:29:48 |
| 6092 || -0.0373576974594962 || 2014-01-02 06:27:58 |
| 6093 || 23.4573639937591 || 2013-06-08 22:32:46 |
| 6094 || 76.2503615401951 || 2012-08-26 14:37:52 |
| 6095 || -21.2830794146566 || 2016-06-03 22:11:19 |
| 6096 || -0.379241144329285 || 2011-02-03 06:31:02 |
| 6097 || 2.34236943899709 || 2018-07-11 20:40:16 |
| 6098 || 3.78303325437075 || 2011-02-26 07:35:30 |
| 6099 || -23.7261239865743 || 2013-01-14 00:08:12 |
| 6100 || -21.5611106540487 || 2017-09-01 19:06:05 |
| 6101 || 21.6935116737238 || 2013-03-05 04:33:39 |
| 6102 || -0.280972744138347 || 2017-06-08 21:19:32 |
| 6103 || -9.27842989645376 || 2017-06-10 15:03:16 |
| 6104 || 56.2402973821163 || 2012-11-16 04:34:20 |
| 6105 || -25.8285504806037 || 2010-10-02 14:02:59 |
| 6106 || 17.1880251286977 || 2011-01-24 17:03:49 |
| 6107 || 0.0104403246161112 || 2016-09-17 01:56:18 |
| 6108 || 33.0423136353641 || 2016-05-20 01:57:50 |
| 6109 || 42.4402326061762 || 2014-09-03 17:48:48 |
| 6110 || -20.6796170880148 || 2014-05-09 16:41:24 |
| 6111 || 15.1039889267053 || 2018-08-15 04:55:56 |
| 6112 || -0.00859907614177473 || 2015-01-20 08:53:24 |
| 6113 || 11.8781314828486 || 2018-10-12 03:56:32 |
| 6114 || 17.0184084582181 || 2012-12-14 06:08:48 |
| 6115 || -7.70905947856036 || 2019-03-07 21:27:19 |
| 6116 || 5.09468060708723 || 2018-02-14 07:15:39 |
| 6117 || 0.469117414443824 || 2016-01-19 15:32:53 |
| 6118 || 18.7883528198093 || 2013-04-08 13:03:17 |
| 6119 || 67.3444722143894 || 2018-02-09 18:30:28 |
| 6120 || 84.4034214971171 || 2019-10-24 14:55:12 |
| 6121 || 28.9145786866486 || 2010-06-04 23:36:48 |
| 6122 || -0.19669789945877 || 2018-04-07 01:47:10 |
| 6123 || -3.21222501447399 || 2014-11-14 13:58:49 |
| 6124 || 56.6056298850791 || 2016-05-09 18:58:15 |
| 6125 || 78.1478921087339 || 2012-01-05 08:34:49 |
| 6126 || -12.3980228689081 || 2018-10-09 00:11:24 |
| 6127 || 0.913900722800057 || 2018-03-24 23:10:28 |
| 6128 || 14.7536802318434 || 2014-03-25 12:59:05 |
| 6129 || -13.2879314886805 || 2010-05-02 06:55:52 |
| 6130 || 0.753546563259858 || 2019-03-14 23:36:02 |
| 6131 || 12.9752909169859 || 2016-01-04 17:38:58 |
| 6132 || -0.841253047564127 || 2013-05-02 10:17:41 |
| 6133 || 9.75372829268449 || 2017-10-02 11:48:14 |
| 6134 || 55.2245166138761 || 2010-02-10 12:09:53 |
| 6135 || 8.16315431080938 || 2010-01-15 01:31:26 |
| 6136 || 6.95938420873966 || 2018-11-08 05:18:35 |
| 6137 || -1.52292040207567 || 2016-02-01 04:01:14 |
| 6138 || -1.44344432121468 || 2015-12-25 01:05:28 |
| 6139 || 44.479454895671 || 2012-03-08 19:16:30 |
| 6140 || -7.92481096323033 || 2016-05-11 07:12:04 |
| 6141 || 45.4255609692457 || 2012-01-17 22:54:08 |
| 6142 || 6.85893073571516 || 2017-04-27 18:40:36 |
| 6143 || 0.655519197223552 || 2018-01-26 13:22:06 |
| 6144 || 41.7251109976603 || 2019-09-01 20:37:32 |
| 6145 || 10.13244178816 || 2017-08-03 23:55:45 |
| 6146 || -3.17626116359293 || 2012-09-18 00:11:07 |
| 6147 || -4.68028831562529 || 2012-03-07 19:34:39 |
| 6148 || 2.00619100734067 || 2012-11-24 07:13:43 |
| 6149 || 32.5981024161645 || 2017-12-12 20:51:41 |
| 6150 || 10.2979762772778 || 2017-05-27 10:35:13 |
| 6151 || -19.4478527069661 || 2014-12-27 19:36:41 |
| 6152 || 6.61880566524901 || 2014-09-21 01:49:37 |
| 6153 || -0.190069953834392 || 2013-08-06 00:03:45 |
| 6154 || 3.75801947422052 || 2019-02-07 23:05:19 |
| 6155 || 41.3396771718656 || 2018-11-09 22:45:44 |
| 6156 || 75.8902935408046 || 2016-05-23 16:16:08 |
| 6157 || -8.38777891420682 || 2012-07-14 07:43:01 |
| 6158 || 0.25879102329753 || 2012-03-24 23:15:57 |
| 6159 || 28.1420821676423 || 2014-10-09 12:04:27 |
| 6160 || 1.05966202591423 || 2014-08-19 23:52:32 |
| 6161 || -25.7201321570431 || 2015-04-27 03:09:23 |
| 6162 || -9.37543799106575 || 2014-02-16 18:23:30 |
| 6163 || 0.00338801930976919 || 2011-02-14 10:47:16 |
| 6164 || 13.5794104666475 || 2017-08-05 16:42:46 |
| 6165 || 2.10468160293001 || 2017-02-26 17:01:51 |
| 6166 || -16.0464399423274 || 2017-02-26 00:38:16 |
| 6167 || -0.428975222534254 || 2013-02-09 17:37:36 |
| 6168 || 0.0737449949202197 || 2015-04-11 04:57:58 |
| 6169 || 20.3944451684897 || 2017-05-04 16:14:43 |
| 6170 || -20.7853407503695 || 2017-07-24 17:44:08 |
| 6171 || 58.6713329190073 || 2014-07-02 11:36:27 |
| 6172 || 33.2928097131878 || 2012-07-27 22:16:09 |
| 6173 || 0.900118052667393 || 2015-03-12 11:27:36 |
| 6174 || 6.28356209629779 || 2016-06-19 17:10:33 |
| 6175 || 71.8090104406302 || 2011-11-25 01:28:35 |
| 6176 || -27.5907896080858 || 2010-03-17 14:17:20 |
| 6177 || 46.6865103595544 || 2010-01-12 21:27:10 |
| 6178 || -0.258705958931583 || 2015-08-21 11:46:17 |
| 6179 || 14.0079185650961 || 2017-07-02 05:33:04 |
| 6180 || -17.5224176185502 || 2013-11-20 02:13:59 |
| 6181 || 57.8198111377543 || 2017-01-11 05:27:29 |
| 6182 || 51.2643343343815 || 2011-08-06 15:59:07 |
| 6183 || 5.26122043928454 || 2017-12-01 00:01:26 |
| 6184 || 10.8720156362363 || 2018-01-21 01:22:40 |
| 6185 || 51.2724129249856 || 2014-03-25 20:05:49 |
| 6186 || 87.9196218610883 || 2014-03-22 21:10:12 |
| 6187 || -18.4267173315126 || 2019-07-06 07:03:40 |
| 6188 || 3.1377798784257 || 2010-08-21 04:48:57 |
| 6189 || -2.66209978640848 || 2013-06-01 16:17:43 |
| 6190 || 6.20986802375704 || 2015-03-24 10:02:20 |
| 6191 || 89.8767922288599 || 2012-05-23 01:46:55 |
| 6192 || 61.147947043267 || 2014-08-05 12:28:41 |
| 6193 || 1.35746543337398 || 2010-05-18 15:39:13 |
| 6194 || 3.26227131527005 || 2010-04-25 18:17:05 |
| 6195 || -5.99716024566079 || 2014-12-13 12:33:15 |
| 6196 || 65.0684814640352 || 2011-09-02 00:25:30 |
| 6197 || -15.3428550060407 || 2015-01-12 23:33:55 |
| 6198 || -1.0476170172501 || 2018-08-13 05:21:14 |
| 6199 || -0.782591299702458 || 2019-09-16 11:12:37 |
| 6200 || -9.75670230404996 || 2016-02-16 04:22:23 |
| 6201 || 86.2674959519202 || 2015-08-20 14:30:12 |
| 6202 || -16.0406964876342 || 2019-01-04 03:11:01 |
| 6203 || -1.88501321694822 || 2018-01-17 04:26:29 |
| 6204 || 1.30672505965566 || 2016-02-14 05:49:48 |
| 6205 || 21.8714321564877 || 2015-03-21 19:43:37 |
| 6206 || 40.2191993240968 || 2013-08-08 07:45:25 |
| 6207 || -6.28430379458418 || 2010-10-14 00:58:30 |
| 6208 || 24.4251271947931 || 2015-10-05 03:08:00 |
| 6209 || 0.125433558672982 || 2017-01-18 17:45:12 |
| 6210 || 12.9725400076924 || 2015-07-10 22:01:32 |
| 6211 || -22.7146263811454 || 2017-09-12 18:05:47 |
| 6212 || 61.6234810683467 || 2018-02-10 01:10:11 |
| 6213 || 29.3413316378122 || 2011-05-24 17:19:54 |
| 6214 || -0.000437848157084278 || 2015-10-22 06:49:05 |
| 6215 || 17.7107578184217 || 2010-11-02 11:41:15 |
| 6216 || 16.2168831960704 || 2017-11-20 16:29:39 |
| 6217 || 28.5683832859626 || 2018-09-07 13:38:35 |
| 6218 || -3.23196792670043 || 2018-01-08 23:35:11 |
| 6219 || 0.162316122391896 || 2019-08-25 20:32:17 |
| 6220 || 8.31879143810769 || 2016-06-16 12:39:48 |
| 6221 || 0.470094124110365 || 2015-01-26 23:30:09 |
| 6222 || 40.0918195930985 || 2018-11-10 08:20:06 |
| 6223 || 15.2388833712118 || 2010-06-15 09:54:50 |
| 6224 || 1.20544665285536 || 2014-02-25 17:19:56 |
| 6225 || 20.6950965007598 || 2015-04-07 00:05:42 |
| 6226 || 9.61802976538121 || 2018-07-11 20:13:58 |
| 6227 || 50.7693091205483 || 2016-07-19 18:25:52 |
| 6228 || 39.6264491998199 || 2015-12-16 06:20:36 |
| 6229 || 2.4228052487183 || 2016-04-16 00:59:16 |
| 6230 || -4.67888303729618 || 2019-02-04 00:25:30 |
| 6231 || -21.5241474613385 || 2016-12-15 19:53:02 |
| 6232 || 86.6420595705901 || 2019-10-25 11:27:16 |
| 6233 || 48.7199179746954 || 2011-04-06 15:54:14 |
| 6234 || 2.35798753775572 || 2012-01-06 17:32:53 |
| 6235 || 11.3529267482724 || 2015-10-09 21:08:12 |
| 6236 || 59.2788680845849 || 2014-07-07 21:11:44 |
| 6237 || 79.9501342193514 || 2011-02-09 03:54:12 |
| 6238 || -15.0658834457289 || 2018-08-21 03:45:24 |
| 6239 || 0.218076788060447 || 2015-01-07 23:23:11 |
| 6240 || -2.60783294739131 || 2017-12-16 09:16:00 |
| 6241 || -17.002313852673 || 2011-02-27 04:00:49 |
| 6242 || 88.0349734004649 || 2011-06-25 23:03:04 |
| 6243 || -15.4021184900841 || 2015-06-19 11:16:44 |
| 6244 || 10.8775482899642 || 2016-01-27 08:38:01 |
| 6245 || -0.12214731111862 || 2017-07-16 17:24:42 |
| 6246 || 43.277273254069 || 2014-01-27 10:46:17 |
| 6247 || 75.6212585258656 || 2017-05-06 11:10:14 |
| 6248 || -20.2342044451687 || 2014-12-17 13:06:36 |
| 6249 || 10.6346169440017 || 2014-10-20 09:04:11 |
| 6250 || 0.0602364902212624 || 2016-03-01 20:11:10 |
| 6251 || 47.5725390728515 || 2014-08-27 08:17:27 |
| 6252 || 88.2080092556786 || 2010-09-24 20:22:39 |
| 6253 || 5.69632930875513 || 2014-04-21 09:28:46 |
| 6254 || 18.7861285784802 || 2014-03-22 21:52:16 |
| 6255 || -0.480984592378073 || 2014-07-08 01:42:03 |
| 6256 || 23.0081215549346 || 2017-07-20 06:09:25 |
| 6257 || 56.9012700283235 || 2010-11-23 19:35:17 |
| 6258 || 12.1801262705623 || 2010-07-12 20:16:36 |
| 6259 || 7.010741744918 || 2017-04-11 05:48:59 |
| 6260 || -0.1315790059931 || 2011-05-24 08:12:11 |
| 6261 || 1.75706654141976 || 2011-01-09 23:34:24 |
| 6262 || 57.9723637110522 || 2011-06-05 16:14:01 |
| 6263 || 79.1170889747831 || 2016-03-14 17:34:27 |
| 6264 || -7.32895632757696 || 2014-09-04 04:08:25 |
| 6265 || -0.00729914902395631 || 2014-12-03 21:23:24 |
| 6266 || -2.47954062325869 || 2013-09-16 07:36:08 |
| 6267 || 72.1902531308535 || 2010-01-13 15:10:02 |
| 6268 || 52.1863385713335 || 2012-01-24 16:16:58 |
| 6269 || 26.4244129634308 || 2016-01-23 09:03:55 |
| 6270 || -0.0265852312501469 || 2015-05-27 11:39:20 |
| 6271 || 26.1496005674817 || 2014-06-23 04:21:37 |
| 6272 || 2.46298090663123 || 2012-08-19 03:57:23 |
| 6273 || 49.60578528128 || 2012-03-25 18:51:02 |
| 6274 || -12.9870543790489 || 2016-08-13 14:19:35 |
| 6275 || 0.940258789682827 || 2011-07-25 01:33:16 |
| 6276 || -1.1105775278013 || 2010-03-14 22:15:32 |
| 6277 || 68.7341772437696 || 2014-01-26 13:44:57 |
| 6278 || 66.5116080799237 || 2016-05-20 03:28:27 |
| 6279 || -14.1439747320893 || 2010-02-01 06:54:48 |
| 6280 || 0.248741009213427 || 2016-10-11 07:06:56 |
| 6281 || 6.84332966412209 || 2014-10-17 05:49:59 |
| 6282 || 16.0748576898222 || 2018-08-13 15:14:59 |
| 6283 || 27.6266835700504 || 2019-02-27 00:19:55 |
| 6284 || 36.9725132388748 || 2012-02-12 19:48:54 |
| 6285 || 4.28222627403259 || 2012-02-25 18:02:51 |
| 6286 || -0.793405620514451 || 2010-04-04 18:38:37 |
| 6287 || 37.9609447636757 || 2012-04-08 12:12:22 |
| 6288 || 54.6069614285101 || 2016-04-21 02:35:28 |
| 6289 || 38.2433293592911 || 2015-08-19 21:31:14 |
| 6290 || 5.18820540973508 || 2015-11-24 15:27:52 |
| 6291 || 9.45396213673126 || 2019-04-12 08:19:21 |
| 6292 || -6.08672032738415 || 2010-07-17 04:58:21 |
| 6293 || 50.579017748369 || 2013-02-20 10:22:32 |
| 6294 || 11.4562049819187 || 2015-01-27 13:54:24 |
| 6295 || 10.3599564640783 || 2016-05-10 08:10:07 |
| 6296 || -0.779765685594877 || 2016-08-09 06:50:45 |
| 6297 || -10.4020119537829 || 2013-09-04 09:45:20 |
| 6298 || 67.0361061499981 || 2014-07-18 10:46:38 |
| 6299 || -0.348941435316706 || 2017-06-11 07:07:31 |
| 6300 || 12.2036469068552 || 2011-06-13 12:52:54 |
| 6301 || 2.55029377341043 || 2012-12-05 05:05:46 |
| 6302 || 3.32061446223496 || 2011-04-05 16:34:57 |
| 6303 || 13.8205989231032 || 2010-02-24 17:01:43 |
| 6304 || 10.402021083112 || 2017-05-05 23:37:23 |
| 6305 || 1.26292560898607 || 2011-06-27 06:37:32 |
| 6306 || -0.0340547698479289 || 2019-01-06 16:50:36 |
| 6307 || 30.4266345773714 || 2013-08-26 10:24:37 |
| 6308 || 17.4796910204926 || 2010-04-14 15:13:04 |
| 6309 || 73.8936930041397 || 2010-06-15 04:56:30 |
| 6310 || 7.7766326665891 || 2014-09-12 02:36:50 |
| 6311 || -0.159344732191418 || 2019-02-12 14:12:08 |
| 6312 || 30.8073554093887 || 2017-07-19 03:16:22 |
| 6313 || -20.7677464749126 || 2017-04-01 03:04:06 |
| 6314 || -21.8461943353136 || 2013-07-04 02:48:28 |
| 6315 || 14.6746041779711 || 2014-10-07 00:43:55 |
| 6316 || -0.021723459000347 || 2017-09-18 22:00:50 |
| 6317 || 6.72233609574239 || 2011-09-27 04:31:02 |
| 6318 || -26.9109320009819 || 2011-03-02 05:05:17 |
| 6319 || 30.7460959380302 || 2010-03-19 01:05:11 |
| 6320 || 32.1334650316358 || 2017-12-10 04:55:27 |
| 6321 || 0.00918244455330165 || 2013-03-23 16:04:45 |
| 6322 || 27.3174477652586 || 2019-07-27 01:33:06 |
| 6323 || -18.1038337046435 || 2017-12-18 12:21:48 |
| 6324 || 9.60216566524136 || 2012-06-18 09:18:14 |
| 6325 || 18.102494625961 || 2017-04-22 01:10:42 |
| 6326 || 0.695208995539547 || 2016-11-05 09:20:35 |
| 6327 || -5.49671092941098 || 2016-06-02 09:47:56 |
| 6328 || -1.22158129610743 || 2017-07-02 12:33:59 |
| 6329 || 3.05469970724096 || 2015-08-06 01:01:46 |
| 6330 || 30.5014381712075 || 2017-08-19 16:40:50 |
| 6331 || 1.96541935570928 || 2015-10-25 22:01:59 |
| 6332 || -1.16058512807684 || 2010-08-04 18:30:58 |
| 6333 || -8.68459840482542 || 2019-11-03 01:07:52 |
| 6334 || 2.86966896490578 || 2012-01-02 23:01:57 |
| 6335 || 11.150453627666 || 2016-03-08 05:14:43 |
| 6336 || 2.47574681029509 || 2013-02-21 23:41:16 |
| 6337 || -2.69600409512677 || 2014-11-14 19:29:12 |
| 6338 || 37.6921320781464 || 2015-03-02 11:43:41 |
| 6339 || -29.8015165164703 || 2013-12-12 07:45:21 |
| 6340 || -18.0768141058341 || 2010-07-10 10:51:47 |
| 6341 || -2.17230259940168 || 2010-10-21 22:58:47 |
| 6342 || 4.61094026537337 || 2015-01-06 03:37:52 |
| 6343 || -2.04633259127654 || 2012-12-09 01:12:27 |
| 6344 || 15.4047129330119 || 2016-02-17 11:10:48 |
| 6345 || 8.60653799500017 || 2011-09-15 07:12:27 |
| 6346 || -3.13408159738414 || 2011-01-27 02:04:19 |
| 6347 || 6.86582599024696 || 2013-02-18 21:59:20 |
| 6348 || -18.1536981659489 || 2013-08-05 13:57:05 |
| 6349 || -17.9004355936842 || 2017-11-03 08:02:40 |
| 6350 || -17.0446260836633 || 2010-11-27 22:56:53 |
| 6351 || 13.1257651589721 || 2018-09-19 06:59:24 |
| 6352 || 3.96290080227727 || 2013-06-17 10:15:24 |
| 6353 || -6.00698894218982 || 2011-11-16 02:43:34 |
| 6354 || -10.2222625410439 || 2012-02-04 18:21:01 |
| 6355 || 69.3124816564371 || 2017-11-12 02:49:21 |
| 6356 || 17.4156846698014 || 2012-10-15 20:28:03 |
| 6357 || -0.622302194866547 || 2010-02-10 06:41:35 |
| 6358 || -11.0655191245093 || 2018-05-19 03:29:47 |
| 6359 || -27.6562590492354 || 2016-08-21 23:53:38 |
| 6360 || 48.8357342958992 || 2011-05-20 15:54:35 |
| 6361 || -7.00472152978001 || 2011-05-07 06:44:26 |
| 6362 || -0.293036889291608 || 2013-04-19 06:17:19 |
| 6363 || 17.5622308824193 || 2017-03-17 21:45:47 |
| 6364 || 15.0535591798471 || 2017-04-05 13:20:47 |
| 6365 || 5.18036984460754 || 2011-06-05 11:41:05 |
| 6366 || -0.000863033601461568 || 2014-07-22 12:15:37 |
| 6367 || 0.0662121694754779 || 2018-09-07 16:19:01 |
| 6368 || -9.59361064078913 || 2019-04-07 02:44:27 |
| 6369 || -10.4549363627646 || 2012-02-11 15:24:53 |
| 6370 || 36.5359170663735 || 2015-10-21 19:00:50 |
| 6371 || 31.8684437524479 || 2016-01-14 02:33:52 |
| 6372 || 0.0254455255951049 || 2019-03-04 21:00:01 |
| 6373 || 27.8019906290271 || 2016-05-21 08:23:26 |
| 6374 || -20.9082489797236 || 2010-01-07 14:53:12 |
| 6375 || 84.1108319833488 || 2018-08-02 14:51:12 |
| 6376 || 33.6505801621114 || 2019-02-05 19:16:05 |
| 6377 || 0.143570216069187 || 2015-05-10 03:15:40 |
| 6378 || 5.83294533824249 || 2017-04-20 13:06:02 |
| 6379 || -24.8492274352887 || 2014-12-12 23:59:18 |
| 6380 || 4.30817061584833 || 2011-09-25 11:48:30 |
| 6381 || -7.35854969052882 || 2012-04-01 12:16:32 |
| 6382 || 0.28155393475636 || 2019-08-06 04:44:27 |
| 6383 || -5.21080554746025 || 2010-11-10 12:23:36 |
| 6384 || -9.61456113660671 || 2015-10-23 20:01:49 |
| 6385 || 62.8333082491105 || 2015-10-23 16:04:00 |
| 6386 || 35.9374943745046 || 2013-10-10 23:52:03 |
| 6387 || 1.18736184004567 || 2016-11-21 14:22:10 |
| 6388 || 13.3651891580241 || 2013-01-12 01:05:05 |
| 6389 || 44.2138545049449 || 2011-01-16 09:19:16 |
| 6390 || 83.2216548588009 || 2010-09-01 14:15:55 |
| 6391 || 2.39834644047776 || 2011-03-04 10:22:46 |
| 6392 || 4.22738775499495 || 2015-02-27 07:49:06 |
| 6393 || 10.6585699563038 || 2011-05-11 00:29:40 |
| 6394 || 9.17960916769964 || 2019-10-04 15:35:22 |
| 6395 || 67.675869239669 || 2019-04-06 02:03:34 |
| 6396 || 33.3944710338014 || 2014-05-02 14:47:29 |
| 6397 || 6.88229386675925 || 2016-02-11 16:03:24 |
| 6398 || 4.27608262118985 || 2016-06-14 16:16:53 |
| 6399 || -6.21261945527413 || 2010-11-14 14:18:48 |
| 6400 || -28.0055668648363 || 2011-01-22 23:30:40 |
| 6401 || 8.92425403541614 || 2019-12-03 18:26:42 |
| 6402 || -4.18603385699174 || 2012-03-22 15:25:59 |
| 6403 || 0.937324759134017 || 2013-09-18 21:53:15 |
| 6404 || 26.3071736095366 || 2017-09-14 02:14:32 |
| 6405 || -16.9424337705119 || 2015-03-01 16:24:24 |
| 6406 || 24.1847497547453 || 2012-07-07 04:38:43 |
| 6407 || -4.89395017101767 || 2018-01-01 00:36:43 |
| 6408 || -0.870368047172437 || 2018-11-13 14:12:35 |
| 6409 || 7.69729495894104 || 2019-04-21 04:44:58 |
| 6410 || -28.6491007506668 || 2017-01-17 00:59:34 |
| 6411 || 0.73237408913232 || 2015-11-21 23:37:45 |
| 6412 || 17.2756997525182 || 2011-01-05 21:05:22 |
| 6413 || 0.307375014523065 || 2018-10-10 19:26:35 |
| 6414 || 37.2899032720372 || 2010-03-05 10:59:48 |
| 6415 || -12.8073961517798 || 2014-08-09 01:20:33 |
| 6416 || 4.277948811355 || 2012-08-03 05:23:22 |
| 6417 || 1.50749224493251 || 2010-08-18 21:48:52 |
| 6418 || 0.129591210790858 || 2014-04-25 05:33:14 |
| 6419 || 8.08165219167671 || 2017-07-06 22:54:33 |
| 6420 || -3.1522348082879 || 2015-11-20 13:15:15 |
| 6421 || 50.7403687382824 || 2011-04-13 18:38:19 |
| 6422 || 19.6922734484474 || 2019-03-14 15:08:45 |
| 6423 || 0.00245745694781641 || 2012-09-05 08:51:02 |
| 6424 || 24.2077527431266 || 2012-10-05 12:13:51 |
| 6425 || -21.5232680902317 || 2018-05-05 10:50:39 |
| 6426 || -3.50565213352435 || 2011-12-10 13:31:22 |
| 6427 || 35.7902545205177 || 2014-04-02 06:54:42 |
| 6428 || 0.169505481713457 || 2018-03-01 08:27:36 |
| 6429 || 11.6501288905602 || 2015-06-08 07:41:56 |
| 6430 || 58.7008151714335 || 2016-09-27 10:13:11 |
| 6431 || -0.095553933210205 || 2013-10-03 02:03:58 |
| 6432 || -8.42160749232591 || 2010-03-22 07:50:42 |
| 6433 || 0.844600787659694 || 2019-04-14 04:52:52 |
| 6434 || -5.87646834260121 || 2014-05-06 03:14:29 |
| 6435 || -23.3306869910647 || 2014-10-17 14:17:04 |
| 6436 || 88.0233975184352 || 2012-01-18 02:32:09 |
| 6437 || 37.7104701677089 || 2010-02-24 12:08:07 |
| 6438 || 3.25121069725974 || 2016-11-11 13:20:52 |
| 6439 || -4.22539856047211 || 2011-07-15 13:33:41 |
| 6440 || 3.08682830685624 || 2013-02-04 16:37:51 |
| 6441 || -5.01131413726612 || 2014-06-10 22:14:03 |
| 6442 || -9.1360809115126 || 2014-05-02 11:51:48 |
| 6443 || 1.63553641679331 || 2010-12-25 21:01:48 |
| 6444 || 0.330279084422109 || 2015-03-12 20:00:51 |
| 6445 || -16.1024537902668 || 2016-06-25 22:35:13 |
| 6446 || 11.410871646048 || 2016-02-20 19:00:14 |
| 6447 || 57.5912092758809 || 2017-08-19 23:17:18 |
| 6448 || 2.80596278566475 || 2010-02-09 05:24:12 |
| 6449 || 7.24064108454552 || 2015-02-15 22:56:54 |
| 6450 || -17.1342894978307 || 2014-04-15 08:09:34 |
| 6451 || 65.7259928758918 || 2018-09-14 07:18:35 |
| 6452 || 1.2964893241365 || 2015-10-19 13:26:12 |
| 6453 || 9.21756763818319 || 2019-08-25 01:59:29 |
| 6454 || 2.83321234456838 || 2017-02-23 16:59:48 |
| 6455 || 4.88926702712542 || 2015-01-13 22:10:32 |
| 6456 || 86.4403623205993 || 2011-02-14 00:11:59 |
| 6457 || -22.1312800446116 || 2010-03-11 16:12:49 |
| 6458 || 9.90233057352196 || 2015-05-14 03:01:21 |
| 6459 || 0.822896526011124 || 2018-11-11 03:57:39 |
| 6460 || 38.6488098452743 || 2016-09-06 14:45:40 |
| 6461 || 62.033949971256 || 2011-11-16 11:47:17 |
| 6462 || -23.0401894784069 || 2018-11-07 15:55:03 |
| 6463 || 17.8340436415959 || 2015-02-14 05:57:03 |
| 6464 || 1.13071960355116 || 2018-06-05 13:47:42 |
| 6465 || 22.2994617383288 || 2017-12-18 22:07:42 |
| 6466 || -28.585333147555 || 2017-10-16 13:19:26 |
| 6467 || 33.3291946522825 || 2015-02-23 22:02:15 |
| 6468 || 22.4704094023288 || 2015-02-16 10:06:17 |
| 6469 || 0.201127296302493 || 2016-04-23 16:41:34 |
| 6470 || -11.810594767392 || 2017-04-16 03:10:54 |
| 6471 || 82.3715289936945 || 2019-11-02 19:20:19 |
| 6472 || -24.2020482822491 || 2015-10-18 22:26:34 |
| 6473 || -5.43850692838157 || 2018-04-11 10:38:09 |
| 6474 || 0.00020045552337841 || 2015-08-10 15:29:41 |
| 6475 || 3.18679732910935 || 2015-07-08 02:45:30 |
| 6476 || -14.7514199499087 || 2013-02-03 18:25:59 |
| 6477 || 34.0548251131778 || 2018-04-03 08:40:47 |
| 6478 || -3.02936681685299 || 2012-02-20 07:09:49 |
| 6479 || 0.178593040081914 || 2014-05-12 11:40:32 |
| 6480 || 22.6579607287093 || 2016-12-03 21:53:16 |
| 6481 || 72.4497295084175 || 2018-06-08 18:30:44 |
| 6482 || 1.75354212848784 || 2011-07-01 18:08:29 |
| 6483 || -12.4988172614127 || 2012-06-01 23:34:46 |
| 6484 || -0.395566781941919 || 2017-11-18 22:59:27 |
| 6485 || 11.6615289765718 || 2013-01-10 16:46:37 |
| 6486 || -15.9628886277425 || 2012-10-26 09:18:48 |
| 6487 || 64.3940140063364 || 2015-07-06 19:50:46 |
| 6488 || 2.02410457998464 || 2011-10-12 20:47:10 |
| 6489 || 2.86227324539597 || 2015-01-24 11:51:26 |
| 6490 || 8.85762812134237 || 2010-06-23 03:58:56 |
| 6491 || 62.8460326334179 || 2015-04-27 13:32:08 |
| 6492 || 86.5512390988168 || 2012-02-04 10:47:09 |
| 6493 || 44.3541872459358 || 2015-06-01 20:07:06 |
| 6494 || 4.58311021285018 || 2014-05-13 18:19:04 |
| 6495 || 10.4880107468143 || 2012-02-14 05:51:34 |
| 6496 || -19.0983598459285 || 2013-06-22 04:09:08 |
| 6497 || 53.3312323754992 || 2018-02-23 09:14:44 |
| 6498 || -11.1836526846806 || 2015-09-11 11:55:03 |
| 6499 || 7.1841626978748 || 2019-06-27 23:14:20 |
| 6500 || 2.23110290419713 || 2018-08-11 11:32:58 |
| 6501 || -19.1981421237996 || 2019-10-27 06:19:54 |
| 6502 || 89.8665351241156 || 2016-02-25 09:06:59 |
| 6503 || 59.4590600764655 || 2017-11-06 19:36:54 |
| 6504 || -3.67211478743218 || 2011-09-05 21:19:34 |
| 6505 || 2.31878881071392 || 2019-06-03 13:43:45 |
| 6506 || -7.06933977459302 || 2012-12-07 13:11:57 |
| 6507 || 9.66455185754752 || 2011-10-03 15:40:19 |
| 6508 || 33.4794243413804 || 2013-11-02 01:54:30 |
| 6509 || 12.4172000439499 || 2011-02-22 18:04:03 |
| 6510 || 2.91313164212188 || 2010-03-15 02:04:38 |
| 6511 || -8.21821551822251 || 2013-02-26 12:12:57 |
| 6512 || -4.52601361385755 || 2015-11-26 10:50:57 |
| 6513 || 50.6226495931528 || 2012-12-16 21:33:44 |
| 6514 || 10.1147276246371 || 2014-10-02 12:36:35 |
| 6515 || 0.17114583930986 || 2016-10-18 10:10:33 |
| 6516 || 33.1432738116785 || 2012-02-10 01:55:07 |
| 6517 || 79.7090556479837 || 2014-02-06 07:14:46 |
| 6518 || -24.2496008757681 || 2019-01-08 15:42:12 |
| 6519 || 9.28052865438218 || 2018-11-19 21:07:09 |
| 6520 || 0.471354441666898 || 2016-10-13 03:03:07 |
| 6521 || 23.9487417779574 || 2011-10-09 17:24:27 |
| 6522 || 15.4015490161455 || 2014-01-01 15:50:24 |
| 6523 || 78.7585907433249 || 2017-10-22 19:39:01 |
| 6524 || -9.6406143995579 || 2018-04-16 23:40:05 |
| 6525 || -0.004620741570392 || 2019-04-14 00:05:36 |
| 6526 || -0.00730680452312948 || 2019-06-24 04:27:13 |
| 6527 || 54.0128475801011 || 2018-09-24 02:36:07 |
| 6528 || 82.4684105721748 || 2017-02-11 07:11:01 |
| 6529 || -0.975286598549636 || 2010-06-21 09:24:03 |
| 6530 || 0.0703533939784601 || 2012-12-08 18:19:36 |
| 6531 || 20.9453568943928 || 2019-12-09 09:42:51 |
| 6532 || -21.8411030664397 || 2015-03-08 04:42:42 |
| 6533 || 41.7215904854148 || 2019-09-18 10:18:10 |
| 6534 || 35.2849495874321 || 2014-02-11 19:05:00 |
| 6535 || -0.348110618121573 || 2018-10-13 02:17:09 |
| 6536 || -3.37076337461023 || 2010-05-07 06:51:40 |
| 6537 || 71.6937770439017 || 2015-10-22 16:54:00 |
| 6538 || 22.2596636964886 || 2010-08-07 15:03:46 |
| 6539 || 23.4380958688435 || 2017-03-12 07:58:14 |
| 6540 || -0.792937575513084 || 2015-07-07 13:32:48 |
| 6541 || -2.09849166179529 || 2017-03-04 23:47:27 |
| 6542 || 7.24878214885417 || 2019-02-08 18:46:08 |
| 6543 || 66.9237076538527 || 2011-02-10 16:39:21 |
| 6544 || 38.699718100267 || 2018-08-04 14:43:45 |
| 6545 || 2.33748593876415 || 2011-10-20 07:21:38 |
| 6546 || 3.56006269464782 || 2012-08-10 00:27:39 |
| 6547 || -21.2789330801272 || 2011-12-15 04:43:33 |
| 6548 || 28.6777965127289 || 2019-02-01 00:34:39 |
| 6549 || 51.417314992262 || 2018-10-24 11:58:00 |
| 6550 || 6.05091134989651 || 2016-05-04 06:23:03 |
| 6551 || 8.75107838545051 || 2013-06-27 18:45:08 |
| 6552 || 16.0732183541182 || 2016-08-27 13:48:20 |
| 6553 || 5.97854486279448 || 2015-12-04 01:47:09 |
| 6554 || 47.0707069978882 || 2018-01-11 20:05:09 |
| 6555 || -1.834187967627 || 2011-05-24 18:22:08 |
| 6556 || 5.58243449503614 || 2013-01-08 01:43:42 |
| 6557 || 3.96842731792939 || 2012-03-23 10:17:45 |
| 6558 || 76.8956093996571 || 2019-07-20 18:26:52 |
| 6559 || -20.9374120293128 || 2014-01-12 16:25:07 |
| 6560 || -3.50997208965633 || 2010-12-01 17:59:12 |
| 6561 || -0.0502466590138363 || 2014-06-05 14:51:22 |
| 6562 || 45.3611309000654 || 2010-03-14 16:58:48 |
| 6563 || -12.6049440371478 || 2010-11-01 08:10:54 |
| 6564 || 6.20207033864842 || 2012-04-22 13:37:41 |
| 6565 || 15.8038338186995 || 2018-01-27 20:15:26 |
| 6566 || -0.350646173506459 || 2015-10-01 13:30:57 |
| 6567 || -13.6199575685736 || 2013-09-08 20:51:17 |
| 6568 || 47.8356104979745 || 2010-05-08 17:02:03 |
| 6569 || -23.6669412391154 || 2010-04-14 07:32:10 |
| 6570 || 18.7725048440574 || 2012-09-17 05:51:32 |
| 6571 || 0.168982086725184 || 2019-11-12 04:34:46 |
| 6572 || 11.2921794769013 || 2015-01-24 14:15:06 |
| 6573 || 22.3032779480599 || 2013-01-10 10:02:30 |
| 6574 || -6.73753352493899 || 2014-11-04 23:39:04 |
| 6575 || 26.6258176851296 || 2013-12-02 18:49:52 |
| 6576 || -0.0150264105112912 || 2010-08-21 23:40:25 |
| 6577 || -10.6059743139212 || 2018-02-24 18:10:52 |
| 6578 || -2.42130021817518 || 2010-08-21 22:10:59 |
| 6579 || 78.9162999338502 || 2011-10-23 09:45:47 |
| 6580 || -1.64481549137204 || 2015-07-17 09:53:33 |
| 6581 || 0.115281454961876 || 2019-04-21 08:47:57 |
| 6582 || 25.2211483885232 || 2011-03-24 16:53:20 |
| 6583 || 9.18525889481701 || 2019-11-06 06:12:32 |
| 6584 || 57.1939358001686 || 2019-08-15 16:50:32 |
| 6585 || 37.6197395862899 || 2013-05-20 12:44:33 |
| 6586 || 0.0314384138857753 || 2019-06-25 12:11:09 |
| 6587 || 20.829234783953 || 2016-08-16 14:24:07 |
| 6588 || 43.4379282270196 || 2015-05-16 12:47:47 |
| 6589 || 19.7783052357687 || 2019-10-01 02:08:22 |
| 6590 || -9.88515451559746 || 2016-03-02 10:22:49 |
| 6591 || 0.754930129658868 || 2016-02-27 09:48:59 |
| 6592 || 8.40346187544424 || 2010-10-23 19:02:14 |
| 6593 || 17.7318531233189 || 2014-05-17 18:06:19 |
| 6594 || 7.26708029052497 || 2012-09-01 15:09:19 |
| 6595 || 37.043476634066 || 2012-07-24 23:30:31 |
| 6596 || -1.34753956464493 || 2017-06-27 07:58:18 |
| 6597 || 5.38244256382099 || 2015-10-16 08:02:11 |
| 6598 || -19.9694049739397 || 2013-01-08 00:24:34 |
| 6599 || 89.6660476596608 || 2018-02-23 23:52:29 |
| 6600 || 0.801786967275806 || 2013-09-19 07:50:33 |
| 6601 || 1.12459209464963 || 2019-04-04 13:38:21 |
| 6602 || 3.12743994055716 || 2018-07-19 14:23:28 |
| 6603 || -19.4991555323197 || 2012-08-24 13:05:22 |
| 6604 || 58.3290228528034 || 2019-07-06 22:29:24 |
| 6605 || -14.15639948103 || 2010-09-16 06:10:47 |
| 6606 || -2.96271990668838 || 2018-08-21 12:26:58 |
| 6607 || 5.95916414758817 || 2016-03-24 06:31:52 |
| 6608 || 13.924255851187 || 2010-02-19 05:44:37 |
| 6609 || 7.39122412478802 || 2015-04-22 08:52:30 |
| 6610 || 56.967267477485 || 2016-05-18 03:26:34 |
| 6611 || -4.46872197849829 || 2014-06-27 06:28:46 |
| 6612 || 4.09344332947475 || 2019-09-16 20:43:28 |
| 6613 || 45.8380485871741 || 2012-06-21 17:01:45 |
| 6614 || 13.033448978592 || 2014-02-03 23:44:22 |
| 6615 || 60.2184863412226 || 2010-06-11 16:44:26 |
| 6616 || -1.8691416594276 || 2017-10-26 22:36:09 |
| 6617 || -0.708614755663044 || 2015-06-18 04:36:45 |
| 6618 || -10.2436150272443 || 2016-12-20 00:01:23 |
| 6619 || 12.7986885594018 || 2017-07-06 01:30:48 |
| 6620 || 56.032064328939 || 2017-03-19 22:40:01 |
| 6621 || 4.15922742625606 || 2013-12-13 21:41:44 |
| 6622 || -0.276116176600113 || 2018-07-01 14:33:09 |
| 6623 || 16.7278418418983 || 2019-01-02 12:19:01 |
| 6624 || -9.72242683261403 || 2017-01-12 11:22:27 |
| 6625 || 44.4699049553495 || 2018-01-22 02:18:30 |
| 6626 || 0.834355644110082 || 2015-12-26 16:15:46 |
| 6627 || -0.0314100692127621 || 2013-07-24 09:30:13 |
| 6628 || -10.9941162511912 || 2019-10-24 23:08:32 |
| 6629 || -24.9372536460242 || 2012-12-18 12:50:45 |
| 6630 || 3.19543223454232 || 2012-12-10 11:52:48 |
| 6631 || -4.75298028804112 || 2010-09-24 05:31:47 |
| 6632 || 0.00736675794476766 || 2015-01-18 12:38:02 |
| 6633 || 7.31927882268073 || 2016-09-16 23:25:25 |
| 6634 || 74.3281995595976 || 2019-05-12 01:18:42 |
| 6635 || 1.64215962715489 || 2016-01-25 12:32:44 |
| 6636 || -12.0145989762183 || 2018-07-01 08:26:09 |
| 6637 || 0.646541606532952 || 2013-05-05 21:10:25 |
| 6638 || 3.34865284496703 || 2018-11-20 05:17:58 |
| 6639 || 21.0943829128206 || 2011-07-15 15:23:30 |
| 6640 || -4.18763850341339 || 2012-01-05 20:32:21 |
| 6641 || -11.7378997481378 || 2018-03-17 17:47:05 |
| 6642 || 0.502636361404398 || 2014-09-26 11:25:16 |
| 6643 || 1.66349127540017 || 2013-03-10 07:02:02 |
| 6644 || 63.8495546812964 || 2015-11-06 19:41:48 |
| 6645 || 88.4040584055676 || 2015-09-10 08:13:50 |
| 6646 || -11.2607796760698 || 2014-06-23 15:59:28 |
| 6647 || 1.02443482191595 || 2018-11-03 03:01:48 |
| 6648 || -0.639333719007289 || 2012-03-17 09:26:47 |
| 6649 || 1.43788331354942 || 2011-03-13 04:16:46 |
| 6650 || -23.1383144080477 || 2014-08-07 14:47:19 |
| 6651 || 53.0827920557684 || 2019-01-15 15:43:50 |
| 6652 || 5.54835939693979 || 2017-10-01 10:08:52 |
| 6653 || 6.59252064396815 || 2011-10-26 00:31:19 |
| 6654 || 45.5604629105787 || 2016-01-05 22:34:15 |
| 6655 || 74.4511703842897 || 2012-09-09 02:12:29 |
| 6656 || -19.3958461519218 || 2015-06-05 17:02:46 |
| 6657 || -1.92350284220655 || 2010-12-21 17:33:14 |
| 6658 || 1.66958787793891 || 2015-08-22 19:31:47 |
| 6659 || 19.5889375162736 || 2012-05-09 10:59:51 |
| 6660 || 80.2606797375898 || 2017-05-14 18:30:15 |
| 6661 || 63.4546997913366 || 2011-08-16 09:59:40 |
| 6662 || 8.57863050577823 || 2011-09-17 06:16:42 |
| 6663 || 3.09239457023463 || 2017-04-12 00:08:17 |
| 6664 || -4.7112805209627 || 2010-05-21 13:50:16 |
| 6665 || 71.5905254267342 || 2016-09-26 05:58:30 |
| 6666 || 66.2092095787407 || 2015-05-07 05:06:48 |
| 6667 || 9.55342000363158 || 2018-01-14 13:56:16 |
| 6668 || 1.10562484408439 || 2019-04-07 10:08:37 |
| 6669 || 25.8693747295326 || 2015-09-16 11:55:22 |
| 6670 || 11.1837097697925 || 2012-02-13 00:43:26 |
| 6671 || -24.4142591517507 || 2013-06-09 04:30:49 |
| 6672 || -5.43739473225187 || 2013-02-13 06:45:09 |
| 6673 || -0.269074578075564 || 2014-07-27 18:13:27 |
| 6674 || -5.74439362953804 || 2015-07-24 09:40:19 |
| 6675 || 0.150271006319462 || 2012-06-27 13:21:49 |
| 6676 || 71.9697481138526 || 2017-03-08 06:34:06 |
| 6677 || -6.5038278325721 || 2018-07-07 03:04:03 |
| 6678 || -0.0608350198900417 || 2019-07-19 17:31:04 |
| 6679 || -8.20862480312644 || 2010-09-07 08:29:53 |
| 6680 || 79.1672500186021 || 2017-12-23 01:39:55 |
| 6681 || 63.641132529748 || 2014-04-02 07:29:02 |
| 6682 || 15.2011008136621 || 2018-02-01 15:08:02 |
| 6683 || 0.0122282570072129 || 2018-12-13 10:23:29 |
| 6684 || -8.80028912744946 || 2019-10-11 02:22:47 |
| 6685 || 77.2307104725721 || 2016-02-19 18:48:15 |
| 6686 || -25.5235970240947 || 2019-05-12 00:06:34 |
| 6687 || 20.3343912848797 || 2017-06-25 07:08:00 |
| 6688 || -0.0768919287443254 || 2012-01-16 18:25:02 |
| 6689 || -7.43461944141282 || 2018-07-22 22:06:19 |
| 6690 || -12.046613244213 || 2014-02-10 16:55:09 |
| 6691 || 33.6404523043992 || 2017-08-14 14:52:04 |
| 6692 || 40.7201927029512 || 2014-09-18 09:18:24 |
| 6693 || -0.465909925423672 || 2010-09-22 04:09:08 |
| 6694 || -2.87929704191179 || 2017-07-03 06:41:18 |
| 6695 || 70.1996234933181 || 2013-08-23 11:54:05 |
| 6696 || 87.9604779032809 || 2014-02-27 02:23:54 |
| 6697 || -14.5706109876035 || 2012-10-26 16:01:27 |
| 6698 || -0.342768214515602 || 2017-01-26 20:21:20 |
| 6699 || 11.4930533360218 || 2018-03-12 11:09:12 |
| 6700 || 66.7132390894796 || 2012-09-09 18:10:11 |
| 6701 || -29.7667375318071 || 2012-04-27 06:27:02 |
| 6702 || 13.4379491043247 || 2012-03-20 06:49:19 |
| 6703 || 2.9377187590814 || 2012-01-14 03:46:01 |
| 6704 || -3.74404888198977 || 2014-11-06 01:24:44 |
| 6705 || 9.81707914290014 || 2010-09-15 08:00:21 |
| 6706 || -26.2951513263182 || 2017-01-06 01:19:51 |
| 6707 || 57.6378801673678 || 2018-09-05 12:47:13 |
| 6708 || -2.88238886027078 || 2010-10-22 05:00:11 |
| 6709 || 6.1409058287734 || 2011-03-07 20:36:22 |
| 6710 || -12.2249726050502 || 2017-12-21 08:56:12 |
| 6711 || 80.4095362325135 || 2018-07-08 07:41:58 |
| 6712 || -15.5142580471401 || 2015-03-17 05:56:45 |
| 6713 || 11.660459109834 || 2010-03-03 02:12:57 |
| 6714 || -1.32599269521984 || 2012-10-25 02:23:21 |
| 6715 || 39.8995414407207 || 2017-08-06 23:18:40 |
| 6716 || 59.1880692813693 || 2010-03-27 22:36:23 |
| 6717 || 52.5793632326704 || 2018-11-19 19:58:09 |
| 6718 || 4.87195471041383 || 2014-03-07 13:57:57 |
| 6719 || 2.82811980234251 || 2018-06-21 14:47:24 |
| 6720 || 42.6502021649056 || 2018-11-27 22:56:40 |
| 6721 || 42.7350382848194 || 2015-12-01 22:26:57 |
| 6722 || 54.2573570651006 || 2015-01-16 19:30:34 |
| 6723 || 0.885292882878086 || 2017-03-09 15:33:23 |
| 6724 || -0.0585611828306892 || 2014-03-09 18:47:11 |
| 6725 || -12.6921420252824 || 2013-11-22 00:14:41 |
| 6726 || 29.010169244019 || 2018-11-05 02:59:33 |
| 6727 || 74.6635766185695 || 2013-07-24 07:38:14 |
| 6728 || 14.0784251996928 || 2017-05-02 06:42:36 |
| 6729 || 0.299556067598523 || 2016-08-23 18:32:38 |
| 6730 || -7.51584711205038 || 2015-10-18 03:21:11 |
| 6731 || -24.0143867711271 || 2018-05-19 11:03:16 |
| 6732 || 76.2901754130921 || 2016-11-14 17:00:29 |
| 6733 || 29.8782012654766 || 2018-09-10 04:23:33 |
| 6734 || 0.000147398592464811 || 2016-02-21 07:40:26 |
| 6735 || -5.79067793369109 || 2010-12-16 22:41:19 |
| 6736 || -26.0000511371393 || 2019-08-14 13:27:48 |
| 6737 || 42.5134321174803 || 2019-05-15 19:55:55 |
| 6738 || -3.9390058481588 || 2018-04-10 20:58:18 |
| 6739 || 0.246120313587527 || 2016-04-15 16:36:29 |
| 6740 || 15.2209325710478 || 2019-10-26 20:03:40 |
| 6741 || 62.3406096141843 || 2010-02-23 21:15:24 |
| 6742 || 8.32131976705035 || 2016-05-21 08:40:35 |
| 6743 || -6.31039165712677 || 2014-03-03 05:26:40 |
| 6744 || 1.19415458250247 || 2018-04-16 11:44:38 |
| 6745 || -1.37083242035347 || 2011-07-25 21:38:26 |
| 6746 || -23.261896183402 || 2013-01-10 04:08:33 |
| 6747 || 74.4287108103955 || 2014-08-18 13:40:36 |
| 6748 || 5.98243110313971 || 2010-02-13 19:39:13 |
| 6749 || 0.192259277596711 || 2012-06-02 17:08:42 |
| 6750 || 15.5029375125174 || 2011-07-16 20:41:27 |
| 6751 || 62.2335276783427 || 2017-12-16 07:04:33 |
| 6752 || 85.7617010011849 || 2012-04-23 13:33:47 |
| 6753 || -9.28755559752707 || 2019-09-15 08:39:55 |
| 6754 || 1.26820290403043 || 2014-09-18 06:32:50 |
| 6755 || 6.55460232074037 || 2010-08-11 04:16:24 |
| 6756 || 28.5558194009399 || 2019-12-16 11:24:08 |
| 6757 || 45.0963829650263 || 2012-04-09 07:52:10 |
| 6758 || 43.6171702360396 || 2017-12-12 21:27:26 |
| 6759 || -2.12954593260704 || 2011-06-17 13:17:58 |
| 6760 || 6.50255847813433 || 2010-02-26 08:16:23 |
| 6761 || 38.653499100266 || 2015-01-19 09:16:17 |
| 6762 || -24.4139072103985 || 2011-04-19 22:30:33 |
| 6763 || 62.1271971518711 || 2015-02-12 22:19:37 |
| 6764 || 7.16791871525224 || 2017-05-12 22:35:54 |
| 6765 || -0.734292068575355 || 2010-04-10 12:07:03 |
| 6766 || 52.1251599793714 || 2019-01-12 04:18:25 |
| 6767 || 54.1341090864028 || 2016-05-01 03:05:16 |
| 6768 || -10.8529696309295 || 2011-03-16 10:00:07 |
| 6769 || 15.2976698645008 || 2011-01-09 17:49:06 |
| 6770 || 0.984193129173982 || 2017-08-23 19:59:33 |
| 6771 || 29.1264083987331 || 2018-01-13 17:01:42 |
| 6772 || 56.3981857108564 || 2010-04-25 00:41:54 |
| 6773 || 56.3815213771562 || 2013-02-04 18:11:45 |
| 6774 || 11.1229569740454 || 2011-02-22 08:58:18 |
| 6775 || 0.792985170098618 || 2016-07-22 21:28:38 |
| 6776 || 36.3706822402048 || 2010-06-10 23:51:57 |
| 6777 || -18.8878206118583 || 2013-01-24 08:27:01 |
| 6778 || 26.8391997002348 || 2016-04-07 04:50:26 |
| 6779 || 7.07638295597104 || 2018-09-25 04:51:16 |
| 6780 || 0.0439465924595533 || 2012-12-07 21:27:49 |
| 6781 || 12.7354108105997 || 2012-08-03 15:44:26 |
| 6782 || 77.8696595056355 || 2015-01-05 09:14:14 |
| 6783 || -22.7516758253341 || 2018-11-16 03:07:02 |
| 6784 || 14.7728345867715 || 2015-04-02 14:39:34 |
| 6785 || 0.00728322958102554 || 2019-09-16 10:36:36 |
| 6786 || -7.46466752990399 || 2014-02-01 01:31:53 |
| 6787 || 38.4319984082644 || 2016-04-13 04:14:46 |
| 6788 || 72.5681683054535 || 2017-02-07 20:16:49 |
| 6789 || -0.381120493473803 || 2012-11-17 17:18:39 |
| 6790 || -0.0643840143874766 || 2011-11-01 04:08:31 |
| 6791 || 24.9696803265968 || 2011-09-27 00:34:45 |
| 6792 || -23.5326403902359 || 2013-12-12 15:22:20 |
| 6793 || 85.289251882343 || 2014-06-26 05:41:29 |
| 6794 || 36.891034404231 || 2019-08-09 23:06:08 |
| 6795 || -0.368406112796585 || 2018-06-25 08:50:47 |
| 6796 || 20.8728632605875 || 2013-08-05 17:57:05 |
| 6797 || 69.1731265727615 || 2017-11-22 23:05:27 |
| 6798 || 86.9595226376913 || 2010-06-15 08:09:52 |
| 6799 || 42.166021153372 || 2011-01-06 10:24:16 |
| 6800 || -0.614945194048763 || 2010-07-27 20:47:05 |
| 6801 || 13.6961769169233 || 2017-04-03 21:27:14 |
| 6802 || -9.56212005012397 || 2010-12-08 15:54:23 |
| 6803 || 50.6773730381215 || 2012-06-16 13:32:34 |
| 6804 || -15.8888279069756 || 2012-08-21 15:30:51 |
| 6805 || -1.58562415264797 || 2018-05-24 03:07:02 |
| 6806 || 9.48325585782583 || 2019-07-06 01:42:07 |
| 6807 || -13.91365761734 || 2019-09-14 15:11:58 |
| 6808 || 0.737006530778836 || 2018-09-21 19:20:23 |
| 6809 || -18.3314580153505 || 2012-01-19 14:49:25 |
| 6810 || -2.14262169536131 || 2012-09-02 06:30:15 |
| 6811 || 0.28422166974278 || 2013-09-08 22:28:29 |
| 6812 || -10.4364249695384 || 2018-02-27 06:30:07 |
| 6813 || -17.5206063682793 || 2014-08-06 18:05:18 |
| 6814 || -10.8406098629554 || 2010-12-19 19:14:18 |
| 6815 || -3.32700821639497 || 2014-12-02 08:36:41 |
| 6816 || 2.0130731726454 || 2014-09-16 03:26:24 |
| 6817 || 51.2801895077051 || 2017-09-23 23:58:33 |
| 6818 || -26.1778932807047 || 2016-06-21 09:00:24 |
| 6819 || -21.9173611783445 || 2018-08-22 12:36:39 |
| 6820 || 1.99774454912435 || 2019-04-24 18:28:31 |
| 6821 || -0.440965698954831 || 2014-04-10 07:56:45 |
| 6822 || 42.784818570261 || 2014-01-22 22:22:47 |
| 6823 || -21.4654947830893 || 2019-09-16 01:39:07 |
| 6824 || -6.31482432946317 || 2014-03-21 12:55:04 |
| 6825 || 0.0951716476723239 || 2017-02-16 14:20:18 |
| 6826 || 1.70424242912301 || 2010-05-01 07:04:52 |
| 6827 || 40.6250188564345 || 2010-08-19 06:07:57 |
| 6828 || 82.369672001444 || 2012-05-03 01:23:01 |
| 6829 || 22.6265470527164 || 2011-09-07 14:32:38 |
| 6830 || 9.33870661459972 || 2014-03-26 18:16:20 |
| 6831 || 9.99210835035791e-05 || 2012-09-27 07:05:43 |
| 6832 || 27.1351422692737 || 2010-01-23 05:14:09 |
| 6833 || -24.0316756187802 || 2018-04-22 23:41:18 |
| 6834 || 76.0455301981517 || 2013-11-19 05:58:04 |
| 6835 || 3.10764476243717 || 2017-01-22 20:59:22 |
| 6836 || -0.00101750997120384 || 2012-09-02 20:58:01 |
| 6837 || 19.2776987147966 || 2011-10-26 13:17:16 |
| 6838 || -4.67813139407775 || 2010-03-13 10:06:08 |
| 6839 || -20.68627747752 || 2011-10-26 23:58:12 |
| 6840 || 18.408341928109 || 2017-07-14 02:08:19 |
| 6841 || 0.00236743090136713 || 2019-09-04 00:07:24 |
| 6842 || -3.61499231940399 || 2018-04-17 16:02:40 |
| 6843 || -2.31078326782314 || 2018-06-20 05:16:16 |
| 6844 || -10.0365453291975 || 2017-05-01 03:52:07 |
| 6845 || -7.5502464692764 || 2015-05-06 19:30:46 |
| 6846 || 0.0204417244450235 || 2010-09-08 22:16:50 |
| 6847 || 21.596621578201 || 2011-09-05 00:39:44 |
| 6848 || 72.0567157778895 || 2010-05-05 11:29:20 |
| 6849 || 26.7430994410575 || 2016-06-02 19:56:25 |
| 6850 || 42.8427207061072 || 2011-12-05 01:48:09 |
| 6851 || 1.95097480706123 || 2014-04-04 09:00:00 |
| 6852 || 1.00108823459114 || 2017-08-27 15:35:36 |
| 6853 || 52.2695476237805 || 2014-09-15 08:46:03 |
| 6854 || -12.4980741973206 || 2012-10-04 01:06:54 |
| 6855 || 12.1643811231954 || 2019-05-22 20:24:30 |
| 6856 || 4.17179197395843 || 2011-03-05 09:59:56 |
| 6857 || 4.38064730208218 || 2010-05-14 01:51:56 |
| 6858 || 21.0113532568133 || 2015-12-18 11:47:47 |
| 6859 || 86.4370106997063 || 2015-11-15 15:03:48 |
| 6860 || 52.2796937113307 || 2017-07-15 14:24:22 |
| 6861 || 6.7834539919079 || 2014-01-21 13:57:00 |
| 6862 || 9.42492401458452 || 2014-03-17 00:49:46 |
| 6863 || 35.3042131222973 || 2011-04-05 14:15:23 |
| 6864 || 72.9150451955171 || 2015-08-22 07:53:45 |
| 6865 || 19.9749451047223 || 2010-01-20 13:04:14 |
| 6866 || -3.12071268959845 || 2010-11-27 01:30:59 |
| 6867 || 5.93134768399439 || 2013-10-09 16:52:01 |
| 6868 || 8.02048351144545 || 2018-12-13 02:33:24 |
| 6869 || 79.8665121924456 || 2010-10-07 16:23:24 |
| 6870 || 13.1489932455082 || 2011-04-10 04:50:19 |
| 6871 || -3.89835369370013 || 2018-07-11 18:51:29 |
| 6872 || -0.304581212363074 || 2011-08-08 15:33:00 |
| 6873 || 24.9121016401491 || 2019-12-04 01:15:24 |
| 6874 || 55.3546628857392 || 2011-12-07 19:13:06 |
| 6875 || 69.1176929689669 || 2015-12-01 14:25:44 |
| 6876 || 7.10537390518445 || 2012-02-18 17:52:48 |
| 6877 || -0.204592811216396 || 2011-12-27 01:33:28 |
| 6878 || 1.54368790591591 || 2011-01-14 15:59:30 |
| 6879 || 2.96053662058495 || 2011-05-04 11:59:23 |
| 6880 || 1.85666355817596 || 2010-10-06 22:59:07 |
| 6881 || -4.02344538103111 || 2015-07-01 17:11:40 |
| 6882 || -0.194749662907276 || 2019-11-20 18:19:51 |
| 6883 || -7.48119612576473 || 2014-02-21 03:13:43 |
| 6884 || 80.1551544027024 || 2019-01-14 20:18:19 |
| 6885 || 40.2087030052267 || 2016-09-13 18:48:35 |
| 6886 || 17.9516171587801 || 2016-01-25 09:35:10 |
| 6887 || 0.00862740012280367 || 2018-10-18 03:18:52 |
| 6888 || 27.5338413984587 || 2015-01-26 20:51:06 |
| 6889 || -13.6627024812841 || 2010-08-26 02:29:05 |
| 6890 || 18.364198509819 || 2015-03-22 12:27:34 |
| 6891 || 6.50388987269082 || 2012-07-03 23:43:01 |
| 6892 || 0.028052154232057 || 2011-07-24 18:32:35 |
| 6893 || 20.1875438155782 || 2015-09-06 06:32:23 |
| 6894 || -25.9265575564056 || 2019-10-15 17:11:49 |
| 6895 || 81.2053198788788 || 2010-10-24 15:17:58 |
| 6896 || -12.0398755810105 || 2010-11-22 17:38:31 |
| 6897 || -0.127524650103758 || 2017-04-14 14:05:08 |
| 6898 || 19.8208930601104 || 2016-07-23 01:58:18 |
| 6899 || 65.1907673239211 || 2015-01-18 03:36:31 |
| 6900 || -21.5106627409468 || 2015-09-24 23:39:32 |
| 6901 || 19.2510956393121 || 2013-06-06 00:25:03 |
| 6902 || 1.52802820809745 || 2017-08-20 19:22:01 |
| 6903 || 1.98148736313943 || 2013-08-14 19:17:46 |
| 6904 || -22.7041772032912 || 2012-02-20 13:57:25 |
| 6905 || 40.6611824426819 || 2018-08-21 10:03:17 |
| 6906 || 6.85316195473772 || 2019-10-04 21:27:17 |
| 6907 || 2.86942810077659 || 2010-12-22 22:46:07 |
| 6908 || 3.05387030321543 || 2018-04-05 00:48:17 |
| 6909 || -21.8508845709596 || 2011-08-24 00:09:34 |
| 6910 || 66.375023197279 || 2015-05-03 16:41:42 |
| 6911 || -17.45367662463 || 2010-08-18 07:31:28 |
| 6912 || -0.893414957208854 || 2014-11-06 19:20:29 |
| 6913 || -0.705471274227723 || 2016-03-09 20:39:53 |
| 6914 || -17.1039130687167 || 2010-08-24 13:48:17 |
| 6915 || 25.0133626231422 || 2013-02-08 11:40:50 |
| 6916 || 8.05438584133866 || 2017-01-13 18:29:14 |
| 6917 || 9.45568090351572 || 2018-11-04 20:52:26 |
| 6918 || 6.87498237382675 || 2019-02-01 06:26:53 |
| 6919 || -15.4132831504667 || 2016-07-27 15:16:58 |
| 6920 || 16.4935313253252 || 2016-07-17 21:55:25 |
| 6921 || 36.3274747785794 || 2016-09-01 16:06:23 |
| 6922 || 11.5886078852372 || 2019-07-11 17:41:18 |
| 6923 || 4.4565128623689 || 2017-11-25 14:42:28 |
| 6924 || 33.3593743960201 || 2012-11-08 20:55:29 |
| 6925 || -19.9369594100148 || 2018-03-11 12:20:19 |
| 6926 || 36.326176045169 || 2018-01-06 05:23:54 |
| 6927 || 17.0294526532398 || 2017-02-03 06:56:22 |
| 6928 || -0.695945059906947 || 2013-12-19 03:05:15 |
| 6929 || 31.9607974561337 || 2012-03-12 22:37:16 |
| 6930 || 47.2077282348254 || 2011-09-07 05:08:43 |
| 6931 || 30.8166652478019 || 2019-12-09 23:00:00 |
| 6932 || -2.71640638812402 || 2016-08-27 10:50:52 |
| 6933 || 0.530023193918226 || 2015-03-12 11:18:21 |
| 6934 || -0.973118928065274 || 2018-05-02 09:52:16 |
| 6935 || 85.1135641188916 || 2019-12-23 11:53:53 |
| 6936 || 65.0870344551124 || 2012-12-19 14:53:27 |
| 6937 || 26.1996523867899 || 2010-11-06 10:37:10 |
| 6938 || 0.0848821957549939 || 2019-07-12 19:50:42 |
| 6939 || 17.2710616628223 || 2015-02-26 00:18:58 |
| 6940 || 81.1217017737745 || 2018-10-10 23:23:10 |
| 6941 || 66.2726023178816 || 2016-01-15 03:11:02 |
| 6942 || 13.3636270330864 || 2017-03-04 09:05:12 |
| 6943 || 0.0243851301049721 || 2010-06-22 01:46:57 |
| 6944 || 27.3571045586567 || 2011-01-25 15:28:01 |
| 6945 || 10.1321195033883 || 2013-11-10 22:28:39 |
| 6946 || 69.1792115005144 || 2012-12-01 21:25:48 |
| 6947 || -11.4107521212719 || 2010-11-21 11:22:34 |
| 6948 || 0.386970243014545 || 2013-06-08 10:09:10 |
| 6949 || 22.0228399501817 || 2015-04-26 23:33:45 |
| 6950 || -19.3241602116705 || 2010-03-24 22:24:20 |
| 6951 || 73.5957869082758 || 2016-07-12 04:21:24 |
| 6952 || -11.5095843486034 || 2015-07-27 13:52:21 |
| 6953 || 1.67153932710629 || 2018-01-06 21:25:01 |
| 6954 || -5.61694033928523 || 2019-04-03 17:30:43 |
| 6955 || 15.0036041871754 || 2015-04-10 05:58:51 |
| 6956 || -26.6207547482192 || 2014-07-11 15:09:53 |
| 6957 || 32.3481387441059 || 2010-11-05 03:05:20 |
| 6958 || -1.09097858254331 || 2015-08-26 04:38:18 |
| 6959 || -4.17057453110484 || 2017-06-21 11:43:38 |
| 6960 || -6.79074099614553 || 2013-03-20 02:04:52 |
| 6961 || 50.1223931018066 || 2014-03-18 07:06:27 |
| 6962 || 28.1981581014054 || 2016-01-27 16:48:35 |
| 6963 || 1.90689269858985 || 2017-04-10 19:33:33 |
| 6964 || -3.6127686542294 || 2013-10-12 21:37:31 |
| 6965 || -17.4906270500249 || 2013-04-11 22:38:03 |
| 6966 || -29.4790049328685 || 2011-12-27 00:04:05 |
| 6967 || 52.0225206167076 || 2015-02-25 23:27:55 |
| 6968 || 0.530912422677512 || 2018-08-13 19:17:15 |
| 6969 || -2.06488693746008 || 2015-06-08 12:19:02 |
| 6970 || 14.4210583943524 || 2019-05-08 03:25:26 |
| 6971 || -25.6281773291223 || 2017-04-05 21:24:58 |
| 6972 || 53.3874595800068 || 2017-02-19 00:57:33 |
| 6973 || -3.81837140895086 || 2018-01-23 11:11:39 |
| 6974 || 2.07380248487067 || 2013-11-01 00:17:22 |
| 6975 || 37.1373527723041 || 2010-09-11 04:30:56 |
| 6976 || 11.689162867991 || 2017-09-16 01:47:41 |
| 6977 || 47.3241190342512 || 2019-11-06 02:07:25 |
| 6978 || 4.838070851785 || 2016-07-01 06:55:40 |
| 6979 || 1.67470517325519 || 2014-06-22 11:27:11 |
| 6980 || -8.54027505251698 || 2013-12-16 01:33:30 |
| 6981 || -20.6771096180436 || 2014-11-07 06:25:33 |
| 6982 || 50.3358601659417 || 2014-07-15 01:23:13 |
| 6983 || 18.7004797815319 || 2019-05-06 02:02:00 |
| 6984 || -0.00122302999178575 || 2016-11-21 00:25:34 |
| 6985 || -0.170628427704998 || 2012-10-25 23:03:31 |
| 6986 || -4.85327021884031 || 2011-12-26 17:07:57 |
| 6987 || -12.0218163267373 || 2013-04-21 20:04:28 |
| 6988 || -2.94280314719667 || 2017-08-25 22:42:41 |
| 6989 || -0.0696823418311966 || 2012-12-05 08:15:20 |
| 6990 || -11.5156585734931 || 2019-05-10 00:13:03 |
| 6991 || 36.2868942254635 || 2013-06-09 03:29:43 |
| 6992 || -26.5930914316271 || 2015-04-12 02:44:12 |
| 6993 || 0.323392735462249 || 2018-10-08 15:53:20 |
| 6994 || 0.00073854032947379 || 2017-08-20 22:19:01 |
| 6995 || 27.3092089469594 || 2018-11-17 16:39:42 |
| 6996 || -7.49362987162213 || 2011-10-03 08:30:36 |
| 6997 || 82.2364909243529 || 2012-07-14 10:40:13 |
| 6998 || -11.8246180625504 || 2015-05-17 11:41:01 |
| 6999 || 0.0234042828960535 || 2019-01-08 17:38:09 |
| 7000 || 2.25094143194935 || 2019-03-07 03:35:52 |
| 7001 || 76.0721916682253 || 2016-04-20 19:58:30 |
| 7002 || -18.6841823379041 || 2019-07-19 14:58:20 |
| 7003 || 40.9324933861759 || 2014-09-23 06:52:22 |
| 7004 || -0.473617719593451 || 2012-11-05 06:50:47 |
| 7005 || 18.9763660764306 || 2013-04-06 04:05:26 |
| 7006 || -6.57626172933489 || 2017-12-01 05:19:32 |
| 7007 || -8.17616406343734 || 2012-07-27 15:13:00 |
| 7008 || 12.7581457546163 || 2013-04-11 06:10:06 |
| 7009 || 0.689441575128281 || 2018-03-04 16:54:29 |
| 7010 || -5.16019242083228 || 2010-11-05 19:54:54 |
| 7011 || 10.5197554045855 || 2016-12-20 17:33:53 |
| 7012 || -28.9924084424405 || 2018-12-15 21:52:22 |
| 7013 || -14.6756290458839 || 2019-06-09 12:54:00 |
| 7014 || -0.647115862284632 || 2010-10-06 11:39:17 |
| 7015 || 0.75312960099851 || 2017-09-06 14:16:47 |
| 7016 || 16.9888967532532 || 2016-02-11 14:01:18 |
| 7017 || 36.1108682128677 || 2011-10-15 07:10:32 |
| 7018 || 12.6637568993518 || 2019-02-13 05:52:05 |
| 7019 || -0.102860338660384 || 2011-08-19 00:25:38 |
| 7020 || -2.22885267140578 || 2010-11-01 05:11:08 |
| 7021 || 39.9868935424047 || 2011-05-08 19:41:31 |
| 7022 || 89.6845474057607 || 2013-01-09 03:49:42 |
| 7023 || -18.4911702884091 || 2014-02-24 13:02:11 |
| 7024 || 3.17592930777147 || 2014-05-16 06:34:01 |
| 7025 || 1.29144311346342 || 2013-06-22 00:24:00 |
| 7026 || -1.62860798594773 || 2013-07-07 04:31:44 |
| 7027 || -29.7233419075483 || 2015-05-02 09:53:02 |
| 7028 || 58.8840557552042 || 2011-10-10 21:38:38 |
| 7029 || 3.06380277385319 || 2018-03-19 12:56:55 |
| 7030 || -0.80092671272544 || 2019-07-18 08:53:01 |
| 7031 || 46.5640837607272 || 2017-05-03 07:57:08 |
| 7032 || -21.101619618112 || 2017-02-02 03:55:24 |
| 7033 || -23.9475770463567 || 2010-08-06 21:46:56 |
| 7034 || 4.18195734785068 || 2016-03-04 07:17:39 |
| 7035 || 0.105038015059522 || 2014-06-05 02:56:23 |
| 7036 || -3.72872367553157 || 2016-08-14 22:38:58 |
| 7037 || 86.0507542611334 || 2012-03-15 17:29:05 |
| 7038 || 71.7259033737026 || 2011-05-22 08:58:47 |
| 7039 || 8.24213482141387 || 2011-02-25 05:03:18 |
| 7040 || 0.373106317802067 || 2015-09-27 20:09:54 |
| 7041 || -10.4445404216834 || 2019-01-10 04:48:20 |
| 7042 || 81.1378723069934 || 2011-08-03 10:53:21 |
| 7043 || 78.9831204510965 || 2010-01-05 23:38:57 |
| 7044 || 28.2127766938915 || 2019-08-27 18:41:27 |
| 7045 || 0.00231289629082014 || 2011-12-14 20:48:25 |
| 7046 || 17.0849454258162 || 2018-01-22 09:33:29 |
| 7047 || -18.1962783862457 || 2017-05-01 05:18:30 |
| 7048 || 54.5342614594841 || 2017-10-21 23:03:23 |
| 7049 || 0.434099184888108 || 2015-02-17 08:48:46 |
| 7050 || 0.076247792947703 || 2012-12-21 00:52:16 |
| 7051 || 16.0752427896906 || 2012-12-24 21:12:42 |
| 7052 || -20.4096731020551 || 2015-05-01 21:24:40 |
| 7053 || 36.1387705400695 || 2018-01-11 15:12:00 |
| 7054 || 37.3368059167229 || 2010-07-27 02:40:00 |
| 7055 || 1.07569611906723 || 2012-03-13 23:02:20 |
| 7056 || 20.5581302626926 || 2015-05-25 10:19:20 |
| 7057 || 68.5480134596066 || 2016-01-11 02:51:28 |
| 7058 || 73.7308758733408 || 2011-02-26 20:43:56 |
| 7059 || -10.098396725175 || 2016-06-17 15:31:24 |
| 7060 || 0.278105147714864 || 2016-03-11 09:39:40 |
| 7061 || -5.13916887610912 || 2014-01-19 01:58:26 |
| 7062 || 25.243836991758 || 2018-11-13 22:48:03 |
| 7063 || -5.37301904468307 || 2012-06-21 15:29:26 |
| 7064 || -7.71576975189139 || 2015-08-23 23:48:26 |
| 7065 || -1.21391252527507 || 2018-07-04 11:47:37 |
| 7066 || 2.64438425878458 || 2018-07-22 11:00:39 |
| 7067 || 25.5848151796088 || 2016-02-02 06:28:04 |
| 7068 || 85.845055998647 || 2017-12-06 08:53:19 |
| 7069 || 25.3786885259116 || 2012-05-04 02:23:17 |
| 7070 || 1.0478129938451 || 2014-08-05 01:30:22 |
| 7071 || -1.47087549950952 || 2012-02-22 23:44:44 |
| 7072 || -15.341578210218 || 2015-12-09 21:26:07 |
| 7073 || 86.9430288666227 || 2013-02-19 04:52:44 |
| 7074 || 54.8692271018285 || 2016-09-12 18:29:24 |
| 7075 || 10.9251823704228 || 2016-03-06 07:20:01 |
| 7076 || -1.7536548382518 || 2018-03-19 15:05:57 |
| 7077 || -2.46731869274804 || 2014-10-09 23:18:19 |
| 7078 || 88.3894211706495 || 2016-05-23 02:20:41 |
| 7079 || 30.7874350191478 || 2012-02-25 23:25:57 |
| 7080 || 11.4623932069292 || 2016-11-19 06:28:37 |
| 7081 || 3.11656256368734 || 2014-08-12 01:10:25 |
| 7082 || 7.81805275482722 || 2014-09-23 10:07:11 |
| 7083 || 84.0424954368853 || 2019-10-27 12:20:09 |
| 7084 || -4.63791270606562 || 2017-06-14 03:48:12 |
| 7085 || 5.0690296851044 || 2011-07-27 18:49:03 |
| 7086 || 0.718818638189304 || 2017-02-03 18:23:07 |
| 7087 || 37.331060458551 || 2013-06-18 21:27:59 |
| 7088 || 25.9160105832899 || 2011-03-11 20:02:58 |
| 7089 || 12.3765987480921 || 2016-09-25 10:06:11 |
| 7090 || 2.25709628671583 || 2018-06-02 05:33:33 |
| 7091 || -0.182558046947586 || 2013-09-22 22:18:49 |
| 7092 || -7.33492351212965 || 2018-04-17 01:29:21 |
| 7093 || -26.7446619373793 || 2013-08-13 11:42:19 |
| 7094 || 75.2686552822304 || 2013-07-11 01:26:01 |
| 7095 || -2.45552137391894 || 2010-04-08 15:31:13 |
| 7096 || 0.00181524599274703 || 2019-11-18 13:29:00 |
| 7097 || 31.4345247875465 || 2019-12-20 09:32:18 |
| 7098 || 39.6462486796298 || 2011-02-24 06:46:05 |
| 7099 || -25.9123263556934 || 2012-07-20 19:50:03 |
| 7100 || -8.22347607826356 || 2014-07-19 21:33:24 |
| 7101 || -0.0433081396288978 || 2010-07-10 04:07:54 |
| 7102 || 21.768191454537 || 2018-08-05 09:10:04 |
| 7103 || 13.8350636237425 || 2010-01-15 17:32:08 |
| 7104 || 84.6255930284521 || 2015-01-10 18:29:54 |
| 7105 || 11.9684152149123 || 2014-01-16 14:58:39 |
| 7106 || -0.193928837541357 || 2010-04-21 03:06:00 |
| 7107 || -4.05083949996557 || 2013-04-19 07:20:46 |
| 7108 || -6.71535935819169 || 2010-03-16 04:04:10 |
| 7109 || 19.9046817141126 || 2016-11-20 13:22:50 |
| 7110 || 38.2838415519142 || 2012-04-24 09:56:45 |
| 7111 || -0.575410893629557 || 2013-09-10 18:25:45 |
| 7112 || 15.2306845670553 || 2012-02-15 16:00:53 |
| 7113 || 64.8390276839442 || 2010-07-20 02:52:45 |
| 7114 || 88.7019149172535 || 2011-05-10 09:28:26 |
| 7115 || 12.8952125142272 || 2018-08-26 21:49:46 |
| 7116 || 1.73992809367753 || 2019-10-17 18:39:32 |
| 7117 || 6.33006988277072 || 2015-11-01 16:50:09 |
| 7118 || 14.4017424106948 || 2012-05-09 18:04:55 |
| 7119 || 0.386732639950903 || 2014-11-04 16:57:18 |
| 7120 || 25.4991817923412 || 2015-06-26 03:57:40 |
| 7121 || 6.1321027407787 || 2011-06-18 17:17:54 |
| 7122 || 6.83234522583982 || 2012-06-11 22:42:06 |
| 7123 || -1.49157053797186 || 2019-04-11 18:10:09 |
| 7124 || -27.2594377643569 || 2010-11-21 22:56:36 |
| 7125 || 55.1400518450855 || 2019-12-04 00:24:29 |
| 7126 || -3.43044531092682 || 2018-12-18 19:42:00 |
| 7127 || 1.45367543387589 || 2016-03-12 05:49:43 |
| 7128 || 28.8662371279615 || 2016-01-03 11:53:32 |
| 7129 || 48.0986113120724 || 2018-07-12 15:55:41 |
| 7130 || 26.5370440152432 || 2011-10-03 05:43:30 |
| 7131 || -3.61948802663518 || 2015-11-25 14:44:18 |
| 7132 || 0.161619724601806 || 2015-06-15 06:25:24 |
| 7133 || 48.0908807495801 || 2011-08-07 19:55:59 |
| 7134 || -27.5868658458528 || 2015-06-12 09:31:45 |
| 7135 || 61.7480798478243 || 2010-08-01 19:43:33 |
| 7136 || -5.53937642328474 || 2012-11-21 11:01:43 |
| 7137 || -0.417929634391351 || 2017-02-08 22:22:31 |
| 7138 || -1.28518364658527 || 2013-06-27 07:54:40 |
| 7139 || 10.6540546510309 || 2017-12-13 02:52:05 |
| 7140 || -23.2744709954426 || 2015-07-25 02:41:58 |
| 7141 || -4.12395477979925 || 2013-01-21 00:18:20 |
| 7142 || 0.566571469452911 || 2010-02-24 15:54:55 |
| 7143 || 30.2370076307337 || 2012-01-08 23:59:52 |
| 7144 || -10.8607130320336 || 2016-12-11 21:08:45 |
| 7145 || -22.2333433084948 || 2011-01-07 02:19:36 |
| 7146 || -7.36017375772857 || 2014-10-04 22:41:18 |
| 7147 || 0.00732703656726701 || 2017-07-07 01:29:55 |
| 7148 || -1.94503491255379 || 2014-10-25 10:35:18 |
| 7149 || 39.6784516629655 || 2013-06-16 05:02:19 |
| 7150 || -1.52779568417029 || 2014-05-11 09:36:08 |
| 7151 || 3.35355028920644 || 2011-11-05 10:02:13 |
| 7152 || 0.0608192490901553 || 2015-06-08 15:24:07 |
| 7153 || 25.2494974135765 || 2017-08-20 16:05:29 |
| 7154 || 0.853241283578637 || 2015-04-16 00:10:19 |
| 7155 || 11.3661083046618 || 2015-09-24 04:46:08 |
| 7156 || -8.99304008120739 || 2017-10-18 13:25:17 |
| 7157 || -0.0212585909681339 || 2012-03-24 19:07:13 |
| 7158 || 11.3496084240777 || 2019-11-19 06:31:29 |
| 7159 || -14.715593269092 || 2017-12-22 19:12:29 |
| 7160 || 79.7727346567936 || 2014-02-01 05:53:35 |
| 7161 || 21.8340443398413 || 2011-04-16 19:17:18 |
| 7162 || 1.63715169317805 || 2010-12-02 02:53:17 |
| 7163 || -1.42421917900707 || 2011-03-03 10:12:14 |
| 7164 || -23.309035529838 || 2016-04-02 23:44:25 |
| 7165 || 85.8308722848405 || 2016-08-13 04:27:34 |
| 7166 || -1.55975891972982 || 2013-09-08 23:50:07 |
| 7167 || -0.733996907437303 || 2013-09-22 04:25:47 |
| 7168 || 0.485819982463887 || 2014-08-06 22:14:49 |
| 7169 || -19.33829927849 || 2012-12-21 03:11:02 |
| 7170 || 26.4463481853546 || 2010-01-19 08:44:34 |
| 7171 || 40.8623545664357 || 2019-01-06 03:51:49 |
| 7172 || 2.4741950325957 || 2012-05-05 15:32:29 |
| 7173 || 4.43412043772216 || 2010-10-08 14:25:05 |
| 7174 || 36.8324450148916 || 2011-09-11 06:33:10 |
| 7175 || 21.9569005805093 || 2010-07-06 17:24:43 |
| 7176 || 45.5830257980074 || 2013-07-27 10:09:13 |
| 7177 || 8.77665720537152 || 2010-04-27 18:14:52 |
| 7178 || 5.70404006696885 || 2011-04-22 03:24:17 |
| 7179 || -18.0926653587567 || 2017-10-21 02:21:49 |
| 7180 || 22.3187640514123 || 2019-08-09 09:35:21 |
| 7181 || 63.0229351620812 || 2019-10-17 18:26:25 |
| 7182 || 11.5968943069924 || 2013-05-13 17:23:06 |
| 7183 || -1.44446225577062 || 2017-05-03 20:28:05 |
| 7184 || -11.531715996791 || 2012-10-26 18:35:35 |
| 7185 || -16.2455909908324 || 2012-11-26 22:28:45 |
| 7186 || 11.8356877121918 || 2017-05-14 04:44:27 |
| 7187 || -0.16389554587573 || 2011-08-11 04:43:45 |
| 7188 || 0.477472927834233 || 2018-03-17 06:25:31 |
| 7189 || -9.08482397504991 || 2018-03-14 06:07:41 |
| 7190 || 41.9844527813961 || 2012-03-03 09:50:13 |
| 7191 || 73.2465360753376 || 2019-01-22 09:37:12 |
| 7192 || -2.97723033361137 || 2015-10-27 20:00:37 |
| 7193 || 0.60418198080241 || 2018-01-04 22:25:03 |
| 7194 || 35.5744469567717 || 2012-01-26 11:45:16 |
| 7195 || 24.110594875509 || 2010-07-11 04:33:16 |
| 7196 || 66.5946179895748 || 2010-07-12 17:55:24 |
| 7197 || 5.98460388596433 || 2019-02-09 02:55:33 |
| 7198 || -0.0210436572722666 || 2014-06-23 23:51:52 |
| 7199 || 31.6049717590449 || 2016-10-13 04:42:07 |
| 7200 || 49.218190892632 || 2019-08-16 22:50:18 |
| 7201 || 11.8840750705079 || 2010-06-07 19:00:04 |
| 7202 || 0.109723418110946 || 2011-10-01 07:03:57 |
| 7203 || 0.0118505812917031 || 2015-05-16 17:40:58 |
| 7204 || -8.94146416507795 || 2013-05-08 17:04:13 |
| 7205 || 78.248203265421 || 2012-06-13 10:40:05 |
| 7206 || -27.978636290222 || 2018-04-24 20:57:38 |
| 7207 || 22.299874947585 || 2018-06-10 15:09:13 |
| 7208 || -0.103987985458803 || 2015-03-20 18:06:56 |
| 7209 || 5.44979137136861 || 2014-08-26 01:43:34 |
| 7210 || -24.4403152563434 || 2017-03-11 03:18:43 |
| 7211 || 27.0313512560125 || 2018-12-01 01:41:05 |
| 7212 || 0.756048017671123 || 2019-09-27 14:44:25 |
| 7213 || -0.246972898106956 || 2012-03-24 03:51:23 |
| 7214 || -3.43899880863169 || 2011-09-23 05:10:35 |
| 7215 || -17.3174496598083 || 2017-04-07 06:46:06 |
| 7216 || 78.2322602549074 || 2017-10-20 02:24:50 |
| 7217 || 41.0960601582458 || 2018-12-11 23:16:43 |
| 7218 || -1.19190024419717 || 2012-04-13 23:54:44 |
| 7219 || 13.8634045481322 || 2013-06-07 14:07:02 |
| 7220 || 63.4272896929979 || 2011-07-15 14:29:40 |
| 7221 || -14.8487918258416 || 2014-04-22 13:06:40 |
| 7222 || 52.0485647707364 || 2016-05-16 22:23:34 |
| 7223 || 0.735535905341135 || 2017-01-01 16:17:44 |
| 7224 || 10.7453713774424 || 2016-01-23 19:16:21 |
| 7225 || 60.5813885945499 || 2014-11-10 18:32:36 |
| 7226 || -14.9472702189654 || 2018-12-24 20:17:55 |
| 7227 || 41.8136400154748 || 2016-05-12 23:03:00 |
| 7228 || 4.41168726733272 || 2018-12-22 09:35:32 |
| 7229 || -2.20564888911753 || 2018-08-24 06:18:44 |
| 7230 || 42.7085626816626 || 2015-08-10 05:52:29 |
| 7231 || 33.6641315364095 || 2012-02-06 05:43:35 |
| 7232 || 63.5661873972846 || 2012-09-26 05:16:26 |
| 7233 || -2.06246238958853 || 2010-12-25 02:11:54 |
| 7234 || 4.38507335650231 || 2017-08-09 23:24:00 |
| 7235 || -2.94606472249932 || 2016-04-05 13:39:08 |
| 7236 || 85.3339134783836 || 2014-08-03 08:46:44 |
| 7237 || -21.945577096988 || 2014-10-24 23:35:13 |
| 7238 || -1.77704061925403 || 2012-04-17 16:55:48 |
| 7239 || -0.733475508608265 || 2019-09-10 02:18:59 |
| 7240 || 11.534544673536 || 2010-04-02 14:44:24 |
| 7241 || -12.8995200890741 || 2010-06-18 06:56:52 |
| 7242 || -23.6277518160584 || 2010-05-16 02:02:49 |
| 7243 || -0.812337629256561 || 2010-06-23 16:49:30 |
| 7244 || -0.106608005826663 || 2014-10-15 00:26:51 |
| 7245 || 1.84928326491117 || 2019-01-09 19:32:40 |
| 7246 || 3.32227924631599 || 2010-11-15 07:08:30 |
| 7247 || -25.6539229808887 || 2010-01-14 06:21:00 |
| 7248 || -8.55374552845782 || 2015-03-17 07:49:26 |
| 7249 || 0.0352737386765268 || 2011-11-09 17:03:47 |
| 7250 || 32.0041498039832 || 2018-01-21 08:24:00 |
| 7251 || 48.6614943426298 || 2015-12-25 11:54:19 |
| 7252 || 76.8133328607114 || 2014-02-11 18:06:39 |
| 7253 || 0.725615851584385 || 2019-10-19 19:42:04 |
| 7254 || 0.00478007634428319 || 2016-07-07 22:37:03 |
| 7255 || -9.45946533080811 || 2010-07-16 11:06:57 |
| 7256 || 42.3385552503234 || 2019-08-07 21:25:17 |
| 7257 || 82.1998746602067 || 2014-12-19 20:29:19 |
| 7258 || 17.9582257480078 || 2016-09-05 09:58:23 |
| 7259 || 0.353041954730088 || 2013-11-09 10:15:00 |
| 7260 || -6.81189561713216 || 2012-02-01 21:21:45 |
| 7261 || 72.7872291053843 || 2014-07-21 00:12:53 |
| 7262 || 76.9200693707048 || 2016-08-26 15:08:35 |
| 7263 || 36.3907445239697 || 2012-11-03 18:31:59 |
| 7264 || -0.234354245643254 || 2017-10-21 20:45:05 |
| 7265 || 17.3425744795405 || 2015-07-11 14:11:50 |
| 7266 || 5.47566168221463 || 2018-10-06 18:11:12 |
| 7267 || 33.9043671860362 || 2011-10-06 21:17:42 |
| 7268 || -8.31959674656807 || 2016-06-02 09:21:02 |
| 7269 || -1.06709353126093 || 2017-01-09 22:15:19 |
| 7270 || 3.3866914050378 || 2014-10-14 14:14:22 |
| 7271 || -6.90229077684682 || 2012-05-25 06:02:37 |
| 7272 || 87.0117693193725 || 2012-11-21 10:08:56 |
| 7273 || 39.6312349536266 || 2014-05-19 10:51:40 |
| 7274 || 0.0991797563917429 || 2015-08-23 16:03:17 |
| 7275 || 9.52916378414809 || 2017-04-23 01:51:33 |
| 7276 || 0.954433418161807 || 2012-07-02 02:52:39 |
| 7277 || 1.58151707825406 || 2019-10-12 09:33:15 |
| 7278 || 19.9083546155368 || 2019-12-08 14:53:59 |
| 7279 || 5.93020945193909 || 2012-08-26 10:59:27 |
| 7280 || -1.7573653766818 || 2014-04-04 15:34:00 |
| 7281 || 56.7151521621678 || 2012-06-23 10:53:27 |
| 7282 || -22.9821020826921 || 2019-01-23 19:44:42 |
| 7283 || 51.8496257030952 || 2016-06-08 04:05:04 |
| 7284 || 6.40520508331862 || 2011-10-21 12:01:36 |
| 7285 || 2.40751801509941 || 2014-06-25 05:41:49 |
| 7286 || -17.1358476818684 || 2016-06-21 20:43:13 |
| 7287 || 87.050877705571 || 2010-09-02 05:23:46 |
| 7288 || 1.86618102457751 || 2019-02-05 18:34:41 |
| 7289 || -3.05212203206993 || 2011-07-25 00:16:26 |
| 7290 || -0.763099982373995 || 2019-11-08 11:10:56 |
| 7291 || 20.4457815353412 || 2013-05-15 00:29:39 |
| 7292 || -28.8943744147556 || 2010-04-04 18:14:01 |
| 7293 || 61.2754344550321 || 2010-04-19 12:57:39 |
| 7294 || -6.58401992345544 || 2017-10-09 21:50:52 |
| 7295 || 0.863364089786873 || 2010-12-19 07:48:02 |
| 7296 || 21.6722645675491 || 2010-01-12 00:49:10 |
| 7297 || 49.5373044694162 || 2013-06-19 09:28:29 |
| 7298 || -24.6129620120615 || 2015-09-09 08:58:25 |
| 7299 || 14.0700659323553 || 2019-01-18 15:55:42 |
| 7300 || 0.103219093848777 || 2018-12-06 01:49:31 |
| 7301 || -10.7259480727955 || 2018-07-17 15:21:55 |
| 7302 || 21.3985971708387 || 2019-11-04 00:32:31 |
| 7303 || 77.0655818051328 || 2015-12-19 10:34:08 |
| 7304 || -7.75863748921172 || 2017-07-02 20:47:51 |
| 7305 || 0.000806652439738384 || 2010-09-09 21:47:51 |
| 7306 || 26.3987708546834 || 2011-04-18 15:03:40 |
| 7307 || -25.9298857135282 || 2010-11-02 23:25:21 |
| 7308 || -12.3786481850048 || 2012-11-12 00:44:08 |
| 7309 || 19.7380482532659 || 2015-03-05 05:14:09 |
| 7310 || 0.281771433455063 || 2010-03-26 01:16:29 |
| 7311 || 16.1241679430506 || 2013-01-06 01:42:48 |
| 7312 || 73.1388524170546 || 2016-05-21 09:34:28 |
| 7313 || 54.7247193087113 || 2015-11-08 05:17:29 |
| 7314 || 16.7629233253804 || 2010-04-03 14:54:03 |
| 7315 || 1.08335551595466 || 2018-02-20 06:39:07 |
| 7316 || -5.89802449515324 || 2011-05-27 14:08:45 |
| 7317 || 60.7135674524671 || 2018-01-19 15:59:49 |
| 7318 || 51.7207328197273 || 2015-03-07 21:04:29 |
| 7319 || -0.790443141801544 || 2015-08-27 07:14:54 |
| 7320 || -0.0102461062399047 || 2012-03-26 10:18:34 |
| 7321 || 15.6824259971585 || 2016-08-05 08:35:17 |
| 7322 || 33.7237887715439 || 2011-11-14 00:37:02 |
| 7323 || 88.6052630569563 || 2015-03-25 23:35:27 |
| 7324 || -4.47311946414504 || 2011-08-19 20:50:58 |
| 7325 || 4.93470092395505 || 2010-02-21 12:18:16 |
| 7326 || -3.7710395702124 || 2017-02-26 03:15:35 |
| 7327 || 10.9300014970364 || 2019-10-12 16:17:41 |
| 7328 || 51.7613598056428 || 2019-06-09 04:16:32 |
| 7329 || -7.69951470232957 || 2016-02-20 19:57:17 |
| 7330 || 6.16475377928842 || 2011-04-27 23:52:52 |
| 7331 || 1.99279796525057 || 2018-05-27 10:33:37 |
| 7332 || -15.242952253314 || 2017-12-17 02:20:46 |
| 7333 || 31.9017646686469 || 2012-11-22 11:52:47 |
| 7334 || 4.36132841279677 || 2018-06-16 05:44:00 |
| 7335 || 10.0874685660856 || 2012-10-20 03:00:19 |
| 7336 || 4.81145839258179 || 2016-11-21 08:08:42 |
| 7337 || 52.7976083327348 || 2010-01-01 21:58:10 |
| 7338 || 19.9019356940109 || 2013-08-12 08:58:25 |
| 7339 || 20.6662205082673 || 2015-03-24 18:15:45 |
| 7340 || 10.2099057571084 || 2014-09-11 13:14:15 |
| 7341 || -0.145068127229864 || 2014-01-25 09:22:25 |
| 7342 || -13.2438278363424 || 2017-04-22 23:42:45 |
| 7343 || 60.7098701319477 || 2014-04-21 19:46:22 |
| 7344 || 56.6482501363885 || 2010-07-16 22:36:00 |
| 7345 || 18.732214200285 || 2015-07-02 04:35:22 |
| 7346 || 1.63876007456849 || 2012-07-08 22:34:59 |
| 7347 || 22.0652315839729 || 2019-06-17 04:05:19 |
| 7348 || -27.367436660889 || 2017-05-08 20:33:57 |
| 7349 || 31.1777492167557 || 2012-10-27 23:26:57 |
| 7350 || 8.84326263434063 || 2015-04-13 00:04:46 |
| 7351 || 0.101949655549773 || 2011-06-19 11:13:33 |
| 7352 || -4.99700161061822 || 2012-06-14 16:53:51 |
| 7353 || -25.9863166744801 || 2017-06-17 07:35:35 |
| 7354 || -3.22808865540813 || 2010-01-06 04:22:03 |
| 7355 || -8.8080152775674 || 2012-11-11 01:01:48 |
| 7356 || 0.0065197725584444 || 2018-11-18 09:25:47 |
| 7357 || 1.63982965815873 || 2019-05-14 05:04:49 |
| 7358 || -8.2146346516044 || 2012-03-03 00:28:19 |
| 7359 || 79.1528172982513 || 2018-11-10 17:28:34 |
| 7360 || 6.77926073431681 || 2015-04-04 14:18:15 |
| 7361 || 0.125778565480302 || 2013-06-16 02:29:43 |
| 7362 || 17.0720948170375 || 2015-04-04 17:18:22 |
| 7363 || 72.9451226762362 || 2015-02-19 17:21:09 |
| 7364 || -9.40309677195771 || 2010-09-09 14:43:15 |
| 7365 || 30.3522063066394 || 2012-09-07 14:51:00 |
| 7366 || 0.446164493135219 || 2013-12-16 15:40:22 |
| 7367 || 7.22315339365057 || 2011-09-03 07:37:22 |
| 7368 || 0.761721958704065 || 2010-12-23 07:25:28 |
| 7369 || 15.3547049300136 || 2018-05-25 12:26:26 |
| 7370 || 28.7018722089147 || 2010-08-08 02:27:50 |
| 7371 || 1.38124464418102 || 2019-03-04 06:10:43 |
| 7372 || 10.6525082546379 || 2013-05-09 13:29:55 |
| 7373 || 24.2073029103182 || 2013-05-04 11:22:53 |
| 7374 || -29.6240725827344 || 2018-08-26 01:39:56 |
| 7375 || -7.46972140665338 || 2018-11-24 15:32:38 |
| 7376 || -0.791439743196372 || 2010-10-21 02:06:39 |
| 7377 || 5.15218070618284 || 2015-12-11 22:14:48 |
| 7378 || 38.3424569798776 || 2013-08-02 17:46:36 |
| 7379 || 79.7591665006423 || 2019-10-03 23:54:26 |
| 7380 || -17.7266886724792 || 2012-04-13 03:07:22 |
| 7381 || 2.37600704113015 || 2019-05-10 06:31:38 |
| 7382 || -1.7729632803808 || 2017-03-23 17:11:55 |
| 7383 || 55.8379298925191 || 2018-08-22 18:19:02 |
| 7384 || -10.4037298763091 || 2016-02-24 09:04:54 |
| 7385 || 60.0279693843099 || 2017-10-22 05:01:00 |
| 7386 || 8.9424519412815 || 2012-04-23 19:35:18 |
| 7387 || -1.96064019112768 || 2019-02-20 09:58:40 |
| 7388 || 50.9256269497832 || 2019-07-15 10:07:37 |
| 7389 || -26.0279041087737 || 2018-09-27 20:02:25 |
| 7390 || -21.6615899398744 || 2018-03-27 20:19:39 |
| 7391 || 3.46529647086512 || 2012-05-03 10:27:10 |
| 7392 || 0.109554888991805 || 2011-05-26 04:41:25 |
| 7393 || -5.46338605478975 || 2017-09-14 04:14:28 |
| 7394 || 51.095403839457 || 2018-02-07 22:13:17 |
| 7395 || -11.2389406450048 || 2018-06-12 01:37:00 |
| 7396 || 17.2379037272237 || 2017-02-20 17:52:47 |
| 7397 || 0.0264585909281292 || 2014-08-12 10:47:00 |
| 7398 || 21.0409268249968 || 2011-08-21 21:23:45 |
| 7399 || 58.8176732053601 || 2018-04-25 02:49:05 |
| 7400 || 39.3519833879134 || 2017-08-13 00:30:28 |
| 7401 || 11.9408540966568 || 2017-01-20 11:43:41 |
| 7402 || 0.166855657095701 || 2015-05-08 04:26:38 |
| 7403 || -12.2321302920076 || 2011-04-21 20:41:28 |
| 7404 || -28.1124436120529 || 2012-02-13 18:43:11 |
| 7405 || 8.45245240305645 || 2018-07-04 06:50:18 |
| 7406 || 3.37435342512701 || 2018-02-20 05:14:49 |
| 7407 || 0.0602020219237885 || 2010-05-08 02:58:16 |
| 7408 || -2.20675185780025 || 2010-03-19 00:27:53 |
| 7409 || 14.846409847965 || 2010-03-08 21:17:30 |
| 7410 || 79.8878913944751 || 2017-08-15 21:22:23 |
| 7411 || 22.3793249129751 || 2016-03-03 18:01:27 |
| 7412 || -0.0358214177798154 || 2012-09-04 21:59:33 |
| 7413 || 1.43819372268719 || 2017-12-23 17:05:46 |
| 7414 || 74.0027480995094 || 2018-11-22 13:25:02 |
| 7415 || -9.70367445504032 || 2019-10-23 07:21:24 |
| 7416 || -6.87918450587125 || 2019-10-06 05:46:54 |
| 7417 || 0.786661740238196 || 2019-10-24 23:54:18 |
| 7418 || -0.825050546278845 || 2018-10-27 18:41:02 |
| 7419 || 26.6503143434575 || 2011-06-21 09:07:20 |
| 7420 || -1.88694159448895 || 2011-02-13 01:36:36 |
| 7421 || 27.4595837454808 || 2017-01-16 08:54:29 |
| 7422 || -0.506967995276685 || 2016-03-20 07:17:49 |
| 7423 || 4.44953323356546 || 2015-04-13 19:50:28 |
| 7424 || -23.2078175539701 || 2015-03-06 13:13:07 |
| 7425 || 21.9945913079489 || 2012-03-21 15:36:20 |
| 7426 || 17.4092150348212 || 2015-04-26 21:47:31 |
| 7427 || 1.49388858152356 || 2016-08-15 18:13:43 |
| 7428 || 1.86794558735193 || 2014-12-18 23:53:53 |
| 7429 || 31.1333945794867 || 2018-07-11 19:28:16 |
| 7430 || -17.0252036781451 || 2019-04-14 08:40:56 |
| 7431 || 54.5743502897309 || 2013-03-03 14:41:21 |
| 7432 || -1.62514887596242 || 2010-10-08 17:20:42 |
| 7433 || 9.95457981866829 || 2010-10-02 14:54:48 |
| 7434 || -0.713837927332583 || 2012-06-03 06:29:49 |
| 7435 || 80.6253209076905 || 2018-10-02 17:18:56 |
| 7436 || 30.3798876961661 || 2011-07-25 08:46:25 |
| 7437 || -2.9446033174327 || 2019-11-13 08:22:45 |
| 7438 || 0.913923456709031 || 2018-09-01 01:30:14 |
| 7439 || -18.2730149379084 || 2016-01-16 14:25:21 |
| 7440 || 67.0281401016484 || 2015-07-06 12:30:52 |
| 7441 || 63.816845807844 || 2010-11-25 01:59:46 |
| 7442 || 3.44836363591974 || 2016-03-25 17:37:29 |
| 7443 || 3.47057298418025 || 2013-08-16 06:24:27 |
| 7444 || -3.11034956900308 || 2018-08-06 21:00:55 |
| 7445 || -28.6526912057795 || 2018-06-27 08:26:28 |
| 7446 || 44.9548000742283 || 2014-11-02 01:46:08 |
| 7447 || 10.9837183456983 || 2013-01-24 10:02:41 |
| 7448 || 0.25691578737372 || 2012-09-06 11:31:17 |
| 7449 || 20.8263494807065 || 2016-05-02 14:55:36 |
| 7450 || -18.1117141212017 || 2013-05-15 10:01:28 |
| 7451 || -10.1919025943555 || 2011-01-26 14:04:27 |
| 7452 || -2.81477523359007 || 2017-06-19 07:05:46 |
| 7453 || 0.0161404742873088 || 2016-01-23 12:35:58 |
| 7454 || 20.4928666123414 || 2015-01-13 21:11:19 |
| 7455 || 84.7915655362502 || 2018-03-10 20:41:33 |
| 7456 || 65.0710215900718 || 2017-09-02 03:12:19 |
| 7457 || -3.9066887001607 || 2016-02-01 04:31:11 |
| 7458 || 0.0508869306914048 || 2015-05-17 21:28:08 |
| 7459 || 28.8645424844561 || 2015-10-09 20:47:02 |
| 7460 || 43.7003544125167 || 2010-04-14 08:22:17 |
| 7461 || 45.9442460593127 || 2011-01-20 19:15:57 |
| 7462 || 14.0632077086776 || 2016-07-16 12:42:46 |
| 7463 || 0.0474139136653536 || 2010-02-25 12:10:28 |
| 7464 || -5.59860977680861 || 2010-05-01 10:36:55 |
| 7465 || 7.05227754779861 || 2018-05-07 09:29:11 |
| 7466 || -27.196037886359 || 2018-08-22 10:37:39 |
| 7467 || 27.0440754583337 || 2017-08-22 07:38:18 |
| 7468 || -0.121342350080509 || 2010-02-08 06:27:49 |
| 7469 || 13.7335273006446 || 2017-10-14 16:06:33 |
| 7470 || 74.900916735016 || 2014-08-21 02:04:37 |
| 7471 || 70.174702843545 || 2015-01-08 06:02:31 |
| 7472 || -5.09167394039843 || 2017-10-22 21:33:30 |
| 7473 || 1.75914630480507 || 2015-04-17 13:12:21 |
| 7474 || 17.0198803893003 || 2010-01-22 23:04:53 |
| 7475 || -22.116806024454 || 2011-03-22 22:33:06 |
| 7476 || -15.2308943474167 || 2016-10-03 03:28:29 |
| 7477 || 28.7118828475212 || 2015-10-14 04:37:09 |
| 7478 || 3.66763933842741 || 2017-04-12 00:01:58 |
| 7479 || 6.90353516139045 || 2017-08-06 05:53:03 |
| 7480 || 18.1643648176597 || 2017-09-19 11:52:10 |
| 7481 || 49.0449309029114 || 2016-07-04 17:36:26 |
| 7482 || 43.1214596068005 || 2019-04-06 13:51:42 |
| 7483 || 3.08958161125294 || 2019-10-05 09:25:14 |
| 7484 || 10.4247825660401 || 2013-01-11 06:07:12 |
| 7485 || -17.426016816901 || 2013-07-07 12:28:46 |
| 7486 || -29.7990306654899 || 2011-09-07 07:09:20 |
| 7487 || -3.83620165174509 || 2014-04-07 18:31:52 |
| 7488 || 9.05676908011616 || 2015-10-03 06:46:11 |
| 7489 || -1.53350270611353 || 2011-08-07 23:39:45 |
| 7490 || 16.2228568449388 || 2015-10-05 00:05:42 |
| 7491 || 66.9439294983522 || 2010-07-04 00:15:23 |
| 7492 || 63.7153923237143 || 2015-03-21 23:04:46 |
| 7493 || -3.58834778952996 || 2016-11-10 21:21:27 |
| 7494 || 4.61963699400008 || 2018-09-26 13:37:38 |
| 7495 || 20.6565732010721 || 2014-03-13 03:50:40 |
| 7496 || -27.6502524904721 || 2019-04-24 10:20:09 |
| 7497 || -22.8725304030418 || 2018-12-06 17:00:26 |
| 7498 || 16.4455311413198 || 2019-03-12 09:53:11 |
| 7499 || 1.2590412203229 || 2013-09-10 23:29:47 |
| 7500 || 41.5165482693374 || 2019-08-17 19:49:47 |
| 7501 || 4.71205775380073 || 2015-05-19 20:41:32 |
| 7502 || 42.115114085239 || 2011-01-18 14:01:20 |
| 7503 || 13.7581415942873 || 2016-10-10 17:41:33 |
| 7504 || 0.992027016458156 || 2010-03-16 00:11:37 |
| 7505 || -0.797661332381984 || 2015-03-18 12:36:01 |
| 7506 || -22.2600659437479 || 2014-12-08 14:55:27 |
| 7507 || -9.95283652246783 || 2012-03-12 07:35:37 |
| 7508 || 21.4048034595458 || 2013-12-14 18:16:08 |
| 7509 || 0.0956619948901659 || 2019-05-15 18:05:44 |
| 7510 || 18.177295909443 || 2017-02-12 13:42:24 |
| 7511 || -25.3557611363815 || 2013-11-26 18:20:41 |
| 7512 || -19.9169210056786 || 2014-08-16 18:30:06 |
| 7513 || -9.71667019053062 || 2019-01-22 15:15:44 |
| 7514 || 0.0014363373729597 || 2015-03-19 18:02:49 |
| 7515 || 1.57956750254263 || 2015-07-26 11:35:22 |
| 7516 || 48.5298102412327 || 2015-01-04 20:24:23 |
| 7517 || 62.3580731216813 || 2015-08-23 11:44:05 |
| 7518 || 36.13660911712 || 2011-12-27 02:13:35 |
| 7519 || 0.224213117064005 || 2017-02-23 18:39:22 |
| 7520 || 17.2036779305526 || 2016-03-09 23:36:48 |
| 7521 || 53.8291801367564 || 2017-04-10 00:55:07 |
| 7522 || -27.1466492951884 || 2012-04-26 13:17:57 |
| 7523 || -7.4749452846579 || 2018-06-19 01:04:49 |
| 7524 || 0.269646128079774 || 2019-12-15 13:34:19 |
| 7525 || 7.0248553111937 || 2010-04-07 01:40:41 |
| 7526 || 66.0942041141838 || 2013-01-02 01:05:31 |
| 7527 || 7.63887107396145 || 2019-07-02 07:56:54 |
| 7528 || 37.5495962625626 || 2017-03-11 07:36:14 |
| 7529 || -0.829344310808443 || 2019-03-13 20:32:13 |
| 7530 || -4.27388930385108 || 2017-08-16 01:17:53 |
| 7531 || -4.73924179009643 || 2016-06-22 05:27:05 |
| 7532 || -16.7480425763787 || 2014-11-05 00:59:34 |
| 7533 || 36.0052808266677 || 2010-03-16 20:02:55 |
| 7534 || -0.412279691484701 || 2010-01-27 00:02:46 |
| 7535 || -1.09040150340189 || 2016-10-23 21:02:23 |
| 7536 || 56.3196608657312 || 2013-10-15 09:16:22 |
| 7537 || -27.6889026300918 || 2013-12-27 06:20:02 |
| 7538 || -10.3448377078831 || 2017-09-27 02:52:25 |
| 7539 || 8.59350008039617 || 2015-08-19 04:10:12 |
| 7540 || -2.5492048422271 || 2012-12-24 12:43:03 |
| 7541 || 43.6323301492942 || 2015-04-08 23:23:39 |
| 7542 || 38.2405580397126 || 2015-05-18 14:10:06 |
| 7543 || 17.1349885829847 || 2015-04-18 09:17:16 |
| 7544 || -1.10180441656049 || 2018-09-14 09:24:15 |
| 7545 || 3.99287020883665 || 2013-05-24 06:50:21 |
| 7546 || 19.7553539011628 || 2015-12-15 01:35:37 |
| 7547 || 82.9135796926771 || 2012-01-15 14:34:36 |
| 7548 || 24.4299495875122 || 2018-02-21 10:16:16 |
| 7549 || -5.07570610936876 || 2012-09-25 21:20:34 |
| 7550 || 0.422774549990603 || 2015-08-25 21:45:31 |
| 7551 || 40.080487367099 || 2014-03-09 20:19:50 |
| 7552 || 86.6015178076888 || 2018-03-08 07:36:39 |
| 7553 || -16.3272433381913 || 2016-03-26 08:22:14 |
| 7554 || -6.05694566267687 || 2017-10-18 08:03:38 |
| 7555 || 0.655691619561877 || 2019-09-05 23:37:25 |
| 7556 || 12.5182486640731 || 2018-10-08 14:45:15 |
| 7557 || 54.8521331287657 || 2012-09-01 09:56:50 |
| 7558 || 74.2664530870877 || 2017-02-17 00:39:17 |
| 7559 || 9.71402287765638 || 2015-03-09 08:16:48 |
| 7560 || 0.0394008028201741 || 2018-04-08 11:46:16 |
| 7561 || 20.3600170609143 || 2011-07-08 18:01:12 |
| 7562 || 54.8335542432417 || 2014-03-24 15:19:06 |
| 7563 || 70.2795408538663 || 2019-03-17 11:04:59 |
| 7564 || -3.76607852161354 || 2012-07-14 21:25:21 |
| 7565 || -2.91369545449004e-06 || 2011-04-04 07:00:32 |
| 7566 || -9.84039789923675 || 2018-01-03 08:56:44 |
| 7567 || 79.6119219145844 || 2018-03-12 18:45:10 |
| 7568 || -10.4809773534128 || 2014-09-19 00:11:05 |
| 7569 || 25.85547069079 || 2016-09-22 15:43:11 |
| 7570 || 0.0440010227058922 || 2015-12-15 05:56:25 |
| 7571 || 24.807694122377 || 2010-03-10 23:32:02 |
| 7572 || 69.4928654642972 || 2015-08-21 22:48:21 |
| 7573 || -12.8518715580996 || 2011-01-23 16:01:20 |
| 7574 || -0.0313574302637984 || 2014-03-16 01:48:33 |
| 7575 || 0.245117139551813 || 2011-06-05 04:27:20 |
| 7576 || -4.04847332566914 || 2011-08-11 19:04:50 |
| 7577 || 72.1423267801802 || 2019-11-01 20:13:14 |
| 7578 || 55.412113309663 || 2016-08-23 09:57:26 |
| 7579 || 44.5752001471804 || 2010-06-08 09:08:36 |
| 7580 || -0.909477584185474 || 2015-01-22 14:32:50 |
| 7581 || -5.29698755906454 || 2015-07-13 22:29:58 |
| 7582 || -10.1255376156467 || 2012-03-14 19:54:06 |
| 7583 || -16.2846232331154 || 2015-01-16 05:15:56 |
| 7584 || -3.65677037655651 || 2017-02-26 05:10:34 |
| 7585 || -1.47385792758111 || 2015-12-23 08:16:24 |
| 7586 || 11.1970377886405 || 2018-11-13 09:51:58 |
| 7587 || 24.0790942411595 || 2015-10-06 14:45:52 |
| 7588 || 44.0645526028311 || 2019-08-11 23:48:53 |
| 7589 || 18.5235578578712 || 2013-08-14 00:52:19 |
| 7590 || -1.15126982324187 || 2018-01-20 19:12:57 |
| 7591 || 4.37159473892403 || 2010-05-17 06:05:05 |
| 7592 || 55.8316515299075 || 2012-05-22 01:59:30 |
| 7593 || 86.9604546080711 || 2018-01-16 12:13:39 |
| 7594 || 56.5054955929811 || 2018-01-21 11:35:51 |
| 7595 || 10.7254625741644 || 2011-09-07 03:49:13 |
| 7596 || -1.05221408290665 || 2017-11-17 04:22:13 |
| 7597 || 51.4775638525407 || 2014-07-05 04:31:59 |
| 7598 || -20.6338755709252 || 2012-03-12 07:05:47 |
| 7599 || -22.308176025561 || 2014-12-10 09:14:49 |
| 7600 || 3.87656619783019 || 2016-02-19 07:16:37 |
| 7601 || 2.37658141305308 || 2010-11-19 16:01:30 |
| 7602 || 46.5401157943092 || 2011-12-27 18:06:55 |
| 7603 || 22.6895554594772 || 2010-07-25 17:20:20 |
| 7604 || 69.8449360453148 || 2018-12-02 02:01:39 |
| 7605 || 1.15856122089782 || 2017-11-24 07:18:25 |
| 7606 || 0.297206622868003 || 2018-10-16 04:06:13 |
| 7607 || -8.58332918223721 || 2011-11-16 19:47:04 |
| 7608 || 19.5724582224184 || 2013-03-08 06:46:42 |
| 7609 || 67.0394301838054 || 2010-06-23 20:25:54 |
| 7610 || 0.661067216458748 || 2017-12-20 23:32:45 |
| 7611 || -0.14553035913947 || 2012-05-12 08:34:45 |
| 7612 || -8.27882310899786 || 2019-08-20 13:52:38 |
| 7613 || 16.0580269421578 || 2012-04-25 12:41:28 |
| 7614 || 79.1927690059509 || 2015-05-04 23:06:49 |
| 7615 || 1.36695362379395 || 2017-05-09 23:00:22 |
| 7616 || -0.000612712295039182 || 2013-08-12 20:20:22 |
| 7617 || 5.50621959128932 || 2019-02-22 18:19:12 |
| 7618 || -24.9213710357082 || 2010-09-06 11:21:24 |
| 7619 || 24.5101829824181 || 2016-12-23 16:09:48 |
| 7620 || 16.2701724963404 || 2019-06-25 17:16:45 |
| 7621 || -0.0696823467297007 || 2017-08-21 11:12:32 |
| 7622 || 20.3458471522936 || 2010-07-17 16:41:53 |
| 7623 || 72.3166406700842 || 2019-02-13 21:15:41 |
| 7624 || -25.1339910279592 || 2014-10-18 17:41:05 |
| 7625 || 38.902642559958 || 2019-11-09 02:01:29 |
| 7626 || 0.837519521365584 || 2010-12-24 02:50:42 |
| 7627 || 10.2934109596903 || 2014-05-03 23:40:48 |
| 7628 || -23.9100529479984 || 2011-08-02 16:53:31 |
| 7629 || -1.3756756865748 || 2012-07-18 21:29:20 |
| 7630 || 44.8715134850669 || 2017-07-18 16:06:55 |
| 7631 || 2.39372156705624 || 2018-01-11 06:11:38 |
| 7632 || -5.53969591912251 || 2012-09-03 18:50:21 |
| 7633 || 25.0459296139705 || 2014-03-27 20:47:09 |
| 7634 || 33.1876667263417 || 2010-07-11 06:38:20 |
| 7635 || 15.8678243467469 || 2018-10-13 08:58:00 |
| 7636 || 4.05023932332546 || 2013-11-15 00:06:56 |
| 7637 || 12.4407858910846 || 2015-07-26 09:28:43 |
| 7638 || -12.9817026217657 || 2019-10-20 02:04:00 |
| 7639 || 57.0338630167357 || 2018-10-22 14:20:10 |
| 7640 || 6.43611557084035 || 2017-06-23 16:46:56 |
| 7641 || 7.40003179744396 || 2011-12-03 23:52:56 |
| 7642 || 3.11015959156529 || 2013-09-19 22:32:47 |
| 7643 || 49.8468929108055 || 2016-02-08 19:49:13 |
| 7644 || -22.8581262479268 || 2014-12-15 18:14:03 |
| 7645 || 53.0981424666562 || 2013-12-01 18:53:10 |
| 7646 || -0.363488352007063 || 2019-02-21 03:37:25 |
| 7647 || 3.86734009038234 || 2015-06-19 10:41:17 |
| 7648 || 46.9890659994778 || 2012-03-20 16:56:08 |
| 7649 || 66.7553652899735 || 2013-07-08 02:07:50 |
| 7650 || 24.329272306638 || 2013-01-19 03:42:19 |
| 7651 || -2.11818532605602 || 2012-09-19 06:57:22 |
| 7652 || -0.862116321464182 || 2015-07-02 02:09:18 |
| 7653 || -12.8343207122868 || 2013-06-18 20:38:18 |
| 7654 || 15.3158382106038 || 2014-02-16 11:06:00 |
| 7655 || 56.0883194810931 || 2019-04-03 16:01:57 |
| 7656 || 3.05136322945749 || 2015-11-24 08:58:18 |
| 7657 || -0.529897486927963 || 2018-03-18 15:09:18 |
| 7658 || 12.6743963287081 || 2019-04-05 19:18:06 |
| 7659 || 83.4812616292414 || 2011-06-23 07:13:26 |
| 7660 || -17.0852105010201 || 2018-10-05 04:06:24 |
| 7661 || 6.67237826922281 || 2014-06-01 23:25:25 |
| 7662 || -0.115865781758488 || 2010-12-26 16:44:46 |
| 7663 || 34.0056059552751 || 2012-01-03 21:47:44 |
| 7664 || 43.7413882559319 || 2017-10-21 15:42:30 |
| 7665 || 78.3808083357059 || 2015-05-26 18:19:05 |
| 7666 || 27.6692407047788 || 2016-05-10 10:20:41 |
| 7667 || 0.0457045196971546 || 2011-03-12 09:52:44 |
| 7668 || -10.2501591609337 || 2018-04-16 17:53:22 |
| 7669 || 59.0993681408285 || 2011-12-12 07:41:27 |
| 7670 || 6.21093242011014 || 2010-02-06 03:17:51 |
| 7671 || 18.1867792806087 || 2011-02-09 23:16:51 |
| 7672 || 0.0128577041988545 || 2019-08-27 17:36:04 |
| 7673 || 17.1758487731292 || 2012-08-07 23:08:07 |
| 7674 || 63.5880595680587 || 2019-12-27 12:56:22 |
| 7675 || -21.6985574427725 || 2012-10-01 22:08:05 |
| 7676 || 10.9482228526603 || 2010-11-23 16:40:13 |
| 7677 || 0.444901176386526 || 2010-07-20 08:03:23 |
| 7678 || 15.0880354385513 || 2016-03-26 02:51:17 |
| 7679 || 64.3080025942581 || 2012-02-09 08:52:37 |
| 7680 || 52.4712325255401 || 2011-11-19 09:05:12 |
| 7681 || -10.3661521459264 || 2014-02-10 01:33:17 |
| 7682 || 1.96135361594066 || 2011-02-10 22:01:01 |
| 7683 || 12.3561453788346 || 2010-07-12 02:09:26 |
| 7684 || -10.5451926161889 || 2017-03-10 12:30:32 |
| 7685 || 1.18404473997276 || 2012-02-26 02:06:54 |
| 7686 || 45.0004969429526 || 2010-11-25 12:32:18 |
| 7687 || 1.49807601821872 || 2016-11-27 03:22:43 |
| 7688 || 2.62061672312853 || 2011-10-23 03:50:44 |
| 7689 || 61.8828440561204 || 2010-02-18 07:07:21 |
| 7690 || 29.0938816456845 || 2016-06-13 04:19:42 |
| 7691 || 29.5063468077118 || 2016-07-25 18:03:32 |
| 7692 || -0.559883947740079 || 2011-12-09 20:32:08 |
| 7693 || -2.91270501364878 || 2017-08-15 11:56:00 |
| 7694 || 48.0570175343006 || 2018-06-09 00:38:40 |
| 7695 || 80.0897081378175 || 2015-03-19 15:11:38 |
| 7696 || 52.7825746077842 || 2019-02-20 07:29:48 |
| 7697 || 9.84832385210092 || 2014-12-08 21:02:13 |
| 7698 || 5.05860446706961 || 2018-09-10 11:55:25 |
| 7699 || 13.4093874469633 || 2011-01-10 01:37:29 |
| 7700 || 87.2753427111429 || 2018-09-03 02:28:48 |
| 7701 || 41.8887981026979 || 2015-04-24 22:43:21 |
| 7702 || -0.0976887842556554 || 2016-09-09 23:33:07 |
| 7703 || 2.47221594350342 || 2018-12-19 18:36:26 |
| 7704 || 17.6567393842331 || 2017-03-20 01:23:08 |
| 7705 || -13.5397301426539 || 2017-06-09 03:44:38 |
| 7706 || 23.2127456157035 || 2010-02-21 12:07:25 |
| 7707 || 3.30451267352851 || 2010-08-14 15:58:53 |
| 7708 || 1.96851999971603 || 2013-01-16 03:28:26 |
| 7709 || 42.9592775557726 || 2017-01-14 00:28:58 |
| 7710 || -28.7517699513657 || 2014-12-26 08:05:43 |
| 7711 || -16.3070874351745 || 2012-01-22 08:42:39 |
| 7712 || -7.4293645703777 || 2017-01-02 01:22:14 |
| 7713 || 0.0575621080996775 || 2019-11-05 03:15:44 |
| 7714 || 33.3018776701573 || 2013-09-05 01:28:56 |
| 7715 || -26.4576563470493 || 2011-12-14 12:03:05 |
| 7716 || -25.5457408647232 || 2014-12-17 04:16:42 |
| 7717 || 25.7643184672729 || 2016-02-05 04:04:08 |
| 7718 || 0.103562110531818 || 2018-05-10 21:00:29 |
| 7719 || 17.0851767841591 || 2015-09-03 04:37:44 |
| 7720 || 30.1331983364109 || 2011-10-09 20:20:14 |
| 7721 || 65.2647155082552 || 2012-06-22 15:58:56 |
| 7722 || 24.7222495504244 || 2013-06-23 13:09:50 |
| 7723 || 0.0239833644399609 || 2015-01-20 04:19:43 |
| 7724 || 18.7478027798675 || 2017-10-07 06:58:17 |
| 7725 || 34.3759271440464 || 2013-11-05 04:40:57 |
| 7726 || 70.3173826937406 || 2016-05-20 22:14:22 |
| 7727 || 12.4401756988342 || 2012-02-05 03:51:13 |
| 7728 || 0.606343921836689 || 2016-07-12 01:30:30 |
| 7729 || 16.5671808143194 || 2015-06-12 19:24:16 |
| 7730 || 5.31716752406085 || 2010-05-23 15:19:29 |
| 7731 || 39.4506361158009 || 2013-10-11 11:05:21 |
| 7732 || 13.9941725147582 || 2016-04-20 10:35:59 |
| 7733 || -0.0683247280282125 || 2015-06-16 00:19:01 |
| 7734 || 10.7918045606611 || 2012-12-03 17:18:55 |
| 7735 || -22.69975126668 || 2019-12-06 17:33:35 |
| 7736 || 88.3468190448319 || 2015-01-25 20:15:10 |
| 7737 || -11.6165624505698 || 2017-11-21 06:36:05 |
| 7738 || 1.70049198564819 || 2012-08-19 21:22:21 |
| 7739 || 9.30498731254398 || 2016-06-20 19:20:17 |
| 7740 || 62.2260343534826 || 2010-03-18 21:49:40 |
| 7741 || -21.7994960530283 || 2018-07-02 22:55:05 |
| 7742 || 6.74275101914358 || 2015-12-05 09:33:38 |
| 7743 || 5.25433425604574 || 2018-03-14 06:15:41 |
| 7744 || -1.12240439665003 || 2018-05-14 23:28:09 |
| 7745 || 46.8096284439052 || 2014-01-07 17:40:53 |
| 7746 || 12.2397189181562 || 2013-08-17 04:10:34 |
| 7747 || 48.4650816678957 || 2011-03-14 10:24:14 |
| 7748 || 9.23047835747669 || 2016-04-11 22:48:44 |
| 7749 || 6.68781755754312 || 2010-04-22 06:29:01 |
| 7750 || 46.9005912555034 || 2010-11-24 10:40:10 |
| 7751 || -6.8913285308432 || 2017-12-19 06:42:39 |
| 7752 || 51.3170573882452 || 2017-02-17 08:13:16 |
| 7753 || -4.10349025223334 || 2013-10-25 17:56:02 |
| 7754 || 3.59197245694137 || 2016-07-19 01:00:26 |
| 7755 || -15.9497031259934 || 2013-07-07 09:07:45 |
| 7756 || 88.0561155564958 || 2016-05-08 23:31:45 |
| 7757 || -12.2619493519036 || 2017-06-26 10:49:45 |
| 7758 || 16.2197239634634 || 2017-01-20 04:32:37 |
| 7759 || 2.46769950999308 || 2013-09-11 15:28:36 |
| 7760 || -14.841474252575 || 2017-02-01 13:07:39 |
| 7761 || -25.7705639173282 || 2019-04-10 05:32:44 |
| 7762 || 72.787902348739 || 2012-03-19 15:00:38 |
| 7763 || 14.7098499079172 || 2017-05-12 12:06:11 |
| 7764 || 0.0986179371839034 || 2017-04-25 04:02:28 |
| 7765 || 29.9184073544268 || 2014-12-17 06:28:19 |
| 7766 || 52.4122731889473 || 2015-07-19 02:32:17 |
| 7767 || -25.3245680477067 || 2014-09-27 00:01:38 |
| 7768 || 9.80141039480657 || 2016-04-08 00:35:58 |
| 7769 || -0.037357903854102 || 2018-04-05 16:18:31 |
| 7770 || -2.94841591012267 || 2017-02-27 13:42:00 |
| 7771 || 69.350696099825 || 2017-04-07 16:31:24 |
| 7772 || 29.0942828634728 || 2012-02-10 20:25:20 |
| 7773 || -5.77916431128337 || 2018-12-24 19:24:12 |
| 7774 || -0.00154022207849051 || 2018-08-17 06:53:22 |
| 7775 || -2.45112039419763 || 2014-08-16 09:02:55 |
| 7776 || -26.3213488139208 || 2014-03-27 12:00:24 |
| 7777 || 67.5763324484729 || 2013-12-19 00:03:26 |
| 7778 || 4.1283783429892 || 2018-05-10 23:48:37 |
| 7779 || -0.0642520944967112 || 2010-01-21 06:43:03 |
| 7780 || 6.5856411955974 || 2013-05-11 03:49:55 |
| 7781 || 11.6546469608968 || 2019-03-19 04:49:41 |
| 7782 || 85.2705614343315 || 2019-02-06 11:27:43 |
| 7783 || 9.35209408965777 || 2012-04-22 01:22:45 |
| 7784 || 1.28841077228021 || 2010-06-22 17:59:26 |
| 7785 || 5.99423145262308 || 2015-07-10 06:35:05 |
| 7786 || 15.3465206862342 || 2010-06-11 05:55:14 |
| 7787 || -27.5888485870753 || 2011-09-20 16:53:13 |
| 7788 || 34.2456341745375 || 2013-03-25 18:12:40 |
| 7789 || -1.14372475609019 || 2019-06-25 00:09:33 |
| 7790 || -1.48221047214819 || 2011-06-15 13:45:01 |
| 7791 || 50.8576152540593 || 2017-08-04 19:10:44 |
| 7792 || 86.8352675814736 || 2016-05-03 15:52:46 |
| 7793 || 18.6850124289151 || 2010-10-03 19:11:34 |
| 7794 || 4.98109189558551 || 2018-04-26 20:32:29 |
| 7795 || -1.4919764616898 || 2015-08-03 08:38:35 |
| 7796 || 61.6190402222687 || 2014-08-04 18:14:20 |
| 7797 || 52.792910308462 || 2012-09-20 22:48:48 |
| 7798 || 57.7072064432349 || 2016-01-14 16:17:11 |
| 7799 || 5.75782746401118 || 2014-06-19 13:29:18 |
| 7800 || 7.02581193698035 || 2014-02-18 06:15:57 |
| 7801 || 19.8186860215049 || 2011-05-03 17:19:35 |
| 7802 || -26.7535684867622 || 2015-06-23 15:23:26 |
| 7803 || 48.9949132419532 || 2017-07-02 18:20:28 |
| 7804 || 10.8200809821398 || 2019-10-16 00:04:34 |
| 7805 || 2.39171957840878 || 2017-10-07 15:23:17 |
| 7806 || 31.6380942267049 || 2010-01-05 14:03:15 |
| 7807 || 43.1067020256449 || 2018-01-18 23:54:27 |
| 7808 || -22.2462769751441 || 2019-11-05 23:29:19 |
| 7809 || 15.495101813116 || 2010-06-19 10:24:43 |
| 7810 || -0.200026887172634 || 2013-11-23 04:58:37 |
| 7811 || -14.6774789419045 || 2013-06-14 05:14:33 |
| 7812 || -10.3690078073455 || 2018-12-20 04:03:05 |
| 7813 || 14.2845929968808 || 2012-12-10 02:58:04 |
| 7814 || 17.2202510724873 || 2017-02-17 17:59:45 |
| 7815 || 0.160462637948953 || 2017-12-13 21:33:02 |
| 7816 || 22.6115830339528 || 2018-05-26 18:09:34 |
| 7817 || -2.21821898707566 || 2017-12-15 09:37:55 |
| 7818 || 75.7841784983623 || 2013-08-20 11:11:59 |
| 7819 || 4.72501993989302 || 2018-05-27 14:13:18 |
| 7820 || -0.0632589046843644 || 2014-02-23 22:23:39 |
| 7821 || -11.6086207779205 || 2011-09-26 19:42:28 |
| 7822 || -16.2826080568324 || 2018-08-05 15:55:01 |
| 7823 || 45.4895794442096 || 2019-10-11 01:48:58 |
| 7824 || 11.5623428553703 || 2018-10-08 10:29:13 |
| 7825 || 0.00113065680784494 || 2016-01-21 10:59:53 |
| 7826 || 29.2979642424662 || 2014-10-21 18:28:56 |
| 7827 || -26.2517543616878 || 2016-04-06 17:06:05 |
| 7828 || 5.77593626661363 || 2012-12-10 13:59:02 |
| 7829 || -2.48934111461868 || 2010-02-11 02:35:46 |
| 7830 || -0.0667680421090239 || 2013-11-14 15:26:10 |
| 7831 || 19.606994908729 || 2013-10-13 11:48:31 |
| 7832 || 33.2916944388699 || 2017-04-21 05:05:21 |
| 7833 || 56.1194584916202 || 2010-09-25 19:51:32 |
| 7834 || 14.5403915907627 || 2014-01-15 19:28:58 |
| 7835 || 0.983153560131591 || 2017-11-27 17:30:05 |
| 7836 || 16.7635942973375 || 2012-09-18 11:54:36 |
| 7837 || 45.0040137360138 || 2017-06-16 01:19:02 |
| 7838 || 65.2326800420269 || 2016-02-20 09:06:24 |
| 7839 || 45.243997838867 || 2013-01-20 07:36:03 |
| 7840 || -1.01046352423007 || 2014-02-27 15:48:28 |
| 7841 || -4.97978379562413 || 2014-01-27 23:10:20 |
| 7842 || -9.61246258650293 || 2014-10-06 09:23:39 |
| 7843 || 15.7281045199848 || 2010-09-06 02:16:14 |
| 7844 || 50.2970185869624 || 2016-06-13 16:56:34 |
| 7845 || -1.72104881280019 || 2018-12-11 17:15:37 |
| 7846 || -3.93544330428798 || 2014-03-10 17:47:06 |
| 7847 || -6.85856915657749 || 2011-10-18 22:55:59 |
| 7848 || 18.0119487036561 || 2018-09-02 12:53:48 |
| 7849 || -17.531332573383 || 2012-05-15 07:27:49 |
| 7850 || -1.08946288107395 || 2014-04-22 03:18:41 |
| 7851 || 6.65010976122452 || 2014-12-16 21:07:25 |
| 7852 || -17.7207544779605 || 2012-03-01 22:30:06 |
| 7853 || 84.3964067700542 || 2016-01-20 12:58:44 |
| 7854 || -9.63353914451566 || 2016-11-14 21:53:05 |
| 7855 || 2.55024994466696 || 2010-12-06 18:36:41 |
| 7856 || -1.83126804570823 || 2019-08-04 11:26:13 |
| 7857 || 31.2595252919411 || 2016-03-07 11:25:03 |
| 7858 || -20.9406331732036 || 2014-02-18 00:47:24 |
| 7859 || 67.1060391803017 || 2015-02-13 20:47:03 |
| 7860 || 3.45185641312833 || 2012-08-26 06:18:47 |
| 7861 || -0.806260119265396 || 2017-09-20 00:58:50 |
| 7862 || 46.200156575476 || 2011-02-02 21:18:21 |
| 7863 || 58.8988819170359 || 2015-03-20 17:52:37 |
| 7864 || 13.2339718562445 || 2016-11-22 20:14:47 |
| 7865 || 15.2206229004817 || 2014-05-13 11:25:50 |
| 7866 || 1.398780249328 || 2010-09-08 11:28:15 |
| 7867 || 3.29948881737187 || 2014-01-07 06:28:07 |
| 7868 || 71.9915610119765 || 2016-03-22 01:07:25 |
| 7869 || -25.3030841602556 || 2019-04-22 03:10:14 |
| 7870 || 24.4186652328667 || 2013-01-17 02:07:20 |
| 7871 || 0.099862699503509 || 2010-08-20 16:23:26 |
| 7872 || 30.828539034198 || 2017-11-12 22:51:06 |
| 7873 || 82.7576852347208 || 2018-05-20 03:27:02 |
| 7874 || 13.5380717606224 || 2014-03-04 10:48:44 |
| 7875 || -4.51741651735545 || 2010-02-20 19:03:58 |
| 7876 || -5.77295819151022e-05 || 2017-03-19 04:12:58 |
| 7877 || 8.48810889959918 || 2016-02-15 07:41:26 |
| 7878 || 13.9640406993764 || 2017-01-24 11:02:04 |
| 7879 || 82.8512747131235 || 2012-04-12 04:02:32 |
| 7880 || -11.0671399931506 || 2017-02-10 08:55:30 |
| 7881 || 0.0365110489254092 || 2017-07-09 04:23:09 |
| 7882 || -6.10505300045789 || 2011-07-20 02:55:48 |
| 7883 || 76.2997845922889 || 2014-07-21 09:46:29 |
| 7884 || 70.7260861491507 || 2019-05-03 22:42:56 |
| 7885 || 19.7572755518886 || 2014-07-14 19:29:32 |
| 7886 || 0.923556571317145 || 2012-05-18 18:16:29 |
| 7887 || -6.36940709021841 || 2017-03-09 00:45:48 |
| 7888 || -18.9682023284349 || 2015-05-27 12:35:12 |
| 7889 || 76.5923516428016 || 2010-05-04 17:40:16 |
| 7890 || -5.69238816263459 || 2010-08-18 19:33:22 |
| 7891 || -0.602905107095335 || 2017-01-06 23:12:54 |
| 7892 || -1.97338461451667 || 2012-04-11 17:04:09 |
| 7893 || -21.0204473528605 || 2013-05-06 19:48:45 |
| 7894 || 45.1309528597383 || 2014-10-13 12:53:39 |
| 7895 || 5.50508438220482 || 2013-03-03 16:04:41 |
| 7896 || 2.81151414913326 || 2012-05-11 04:58:11 |
| 7897 || -4.09634441134645 || 2012-03-06 22:42:39 |
| 7898 || -19.0327905898945 || 2017-01-25 22:45:10 |
| 7899 || -1.21793422252734 || 2012-12-15 05:36:41 |
| 7900 || 55.7485954817008 || 2012-09-16 09:15:43 |
| 7901 || -2.29920831968949 || 2013-06-23 20:07:20 |
| 7902 || -0.990392524087122 || 2015-09-03 10:54:13 |
| 7903 || -18.2455876802722 || 2018-02-08 06:02:10 |
| 7904 || 72.9600182468683 || 2010-07-19 10:01:10 |
| 7905 || 9.97981655802628 || 2012-05-13 17:32:13 |
| 7906 || -1.71166751059725 || 2012-09-16 17:10:18 |
| 7907 || 5.30751577693842 || 2019-07-14 22:12:33 |
| 7908 || 0.385984924464119 || 2012-12-06 22:22:20 |
| 7909 || 70.2201126625251 || 2012-05-12 12:22:14 |
| 7910 || -7.4280907308825 || 2010-07-19 10:07:38 |
| 7911 || 2.17900976061418 || 2016-01-19 22:13:19 |
| 7912 || 3.46518772388438 || 2017-12-10 18:34:20 |
| 7913 || 42.1172336739877 || 2014-12-11 16:13:45 |
| 7914 || 76.1445232066448 || 2010-04-17 09:26:26 |
| 7915 || -15.8629563290378 || 2017-03-09 15:19:18 |
| 7916 || -6.08426417911573 || 2010-01-02 01:37:29 |
| 7917 || 1.7506596485792 || 2019-02-02 18:18:56 |
| 7918 || -2.87606442113605 || 2017-06-26 01:29:19 |
| 7919 || 6.88782144867509 || 2012-10-07 17:38:32 |
| 7920 || -24.1896364875053 || 2018-10-20 16:35:58 |
| 7921 || -0.825833149084514 || 2012-08-14 16:43:23 |
| 7922 || -0.114483520500747 || 2013-12-11 11:53:58 |
| 7923 || 3.30284117327362 || 2017-05-15 11:40:07 |
| 7924 || 32.023526149007 || 2012-04-16 04:31:00 |
| 7925 || -26.2088596188375 || 2017-09-12 12:15:39 |
| 7926 || 5.97110097878505 || 2016-07-26 19:15:56 |
| 7927 || -0.0107941734583624 || 2015-01-21 16:42:15 |
| 7928 || 1.34570257679359 || 2012-09-08 13:31:49 |
| 7929 || 47.7850138999199 || 2018-02-15 14:13:32 |
| 7930 || 13.9878888720113 || 2017-08-27 18:38:03 |
| 7931 || -10.6097254290072 || 2012-04-16 20:33:02 |
| 7932 || 0.0886453631366272 || 2011-02-21 20:56:54 |
| 7933 || 23.3925751450125 || 2013-08-24 22:08:40 |
| 7934 || 72.8214801849161 || 2017-04-25 04:27:25 |
| 7935 || -12.8303634900056 || 2016-11-26 05:00:41 |
| 7936 || 4.62328742909276 || 2017-01-25 06:22:30 |
| 7937 || 0.779026010144074 || 2010-07-21 23:20:17 |
| 7938 || -6.06066854721383 || 2010-06-05 23:39:42 |
| 7939 || 71.4566486968738 || 2019-11-12 00:51:43 |
| 7940 || -28.660128664027 || 2011-11-08 00:28:01 |
| 7941 || -8.4089149731497 || 2010-06-15 11:22:34 |
| 7942 || 1.66427836959889 || 2016-04-09 22:30:13 |
| 7943 || 16.8122135984822 || 2018-11-23 04:31:42 |
| 7944 || -12.238481160999 || 2014-10-08 14:35:52 |
| 7945 || 85.6215928183226 || 2016-05-25 05:33:40 |
| 7946 || -13.8963984385335 || 2016-10-08 07:36:04 |
| 7947 || 1.51908320480733 || 2016-03-22 00:15:14 |
| 7948 || -4.19893531078271 || 2019-05-24 17:06:27 |
| 7949 || 54.9584031169004 || 2010-08-21 15:16:51 |
| 7950 || 88.8105246937889 || 2013-06-14 02:04:25 |
| 7951 || 42.680967900221 || 2011-12-22 10:14:02 |
| 7952 || -1.76877656211071 || 2017-01-21 11:10:21 |
| 7953 || 2.30312740903572 || 2016-12-10 13:51:46 |
| 7954 || -6.2429446833414 || 2016-07-07 19:27:53 |
| 7955 || -28.6860601463237 || 2014-02-12 10:02:26 |
| 7956 || 17.7370643047697 || 2010-09-07 16:10:26 |
| 7957 || 9.99131017370498 || 2012-12-06 12:13:24 |
| 7958 || -0.578342066913538 || 2011-01-24 05:57:31 |
| 7959 || 20.7784546636569 || 2011-12-18 23:45:46 |
| 7960 || -1.18183665463585 || 2018-12-19 04:44:48 |
| 7961 || -21.7545780002127 || 2010-01-05 11:47:45 |
| 7962 || 2.94144289414309 || 2016-09-22 07:56:43 |
| 7963 || 3.27020603467765 || 2019-07-12 14:13:07 |
| 7964 || 45.8005264395012 || 2014-03-08 22:08:37 |
| 7965 || -29.3614221356049 || 2019-01-26 17:26:29 |
| 7966 || 47.08227768243 || 2013-12-14 00:22:09 |
| 7967 || 11.1892300599607 || 2011-07-06 03:47:37 |
| 7968 || 0.834105064721222 || 2017-07-15 08:44:39 |
| 7969 || 35.4621324184086 || 2012-12-13 10:02:25 |
| 7970 || -4.19489956084219 || 2013-02-20 22:06:36 |
| 7971 || 39.0657591956817 || 2013-05-14 01:56:25 |
| 7972 || 6.38017378894813 || 2016-08-26 15:20:42 |
| 7973 || 0.0605987304445177 || 2014-01-10 21:47:32 |
| 7974 || 29.2433475574496 || 2015-05-03 19:42:21 |
| 7975 || -22.2217104647223 || 2019-08-19 04:23:28 |
| 7976 || -15.9013415911931 || 2018-05-21 15:32:44 |
| 7977 || 22.8492762844808 || 2011-03-13 13:44:54 |
| 7978 || 0.0176261377687267 || 2019-09-06 09:20:29 |
| 7979 || 11.4087094881843 || 2011-06-22 23:59:37 |
| 7980 || -26.6746656623157 || 2012-07-07 20:27:32 |
| 7981 || -27.2316932340458 || 2018-11-08 19:15:32 |
| 7982 || 30.7414963542137 || 2017-09-18 18:25:19 |
| 7983 || -0.0193407970120442 || 2011-09-07 16:39:36 |
| 7984 || -6.26473504273684 || 2014-11-10 13:39:13 |
| 7985 || 61.7151021945438 || 2012-10-22 20:34:59 |
| 7986 || 49.2517057859184 || 2016-09-26 17:50:31 |
| 7987 || 5.23773675187418 || 2018-12-19 21:32:24 |
| 7988 || 0.339387249183032 || 2017-12-03 01:05:58 |
| 7989 || -1.47131697720963 || 2011-10-01 16:53:53 |
| 7990 || -3.20328291943822 || 2015-09-05 21:02:41 |
| 7991 || 74.1306955552298 || 2013-04-17 14:29:45 |
| 7992 || -7.34297849060737 || 2014-02-23 22:02:39 |
| 7993 || -0.578732953126966 || 2011-03-12 17:57:38 |
| 7994 || 12.2036992486851 || 2016-08-05 08:06:19 |
| 7995 || 49.5078001237498 || 2018-12-16 14:17:51 |
| 7996 || 83.3668128354491 || 2011-04-26 03:33:33 |
| 7997 || 2.67507282228593 || 2011-09-04 09:41:06 |
| 7998 || 3.4861368504282 || 2019-01-25 03:48:25 |
| 7999 || 9.11484801518606 || 2018-12-11 20:39:06 |
| 8000 || -15.4227017855101 || 2012-01-14 14:13:15 |
| 8001 || 72.967747421249 || 2010-06-11 17:32:40 |
| 8002 || -8.44805481032416 || 2017-06-01 16:18:46 |
| 8003 || 2.04552986073781 || 2010-04-20 17:46:22 |
| 8004 || 10.1719178118234 || 2016-09-26 11:49:55 |
| 8005 || 8.96104720548658 || 2019-05-24 07:20:41 |
| 8006 || 83.8912956437446 || 2019-03-22 19:21:22 |
| 8007 || 39.9066562621113 || 2017-07-10 19:51:31 |
| 8008 || 8.38487919648598 || 2015-09-19 08:34:56 |
| 8009 || 2.57066802781279 || 2013-02-19 17:52:14 |
| 8010 || 8.11100745985565 || 2012-07-24 05:34:12 |
| 8011 || -29.1061133110867 || 2011-02-13 09:25:35 |
| 8012 || -17.4748238316462 || 2015-06-25 08:14:27 |
| 8013 || -1.48512710147853 || 2012-04-24 13:15:16 |
| 8014 || 0.467636882673234 || 2010-09-02 14:26:47 |
| 8015 || 42.3418120125384 || 2014-01-22 18:50:17 |
| 8016 || 4.04478462012887 || 2017-04-05 06:20:44 |
| 8017 || 5.81952347972034 || 2013-08-24 23:29:54 |
| 8018 || -1.8490346157728 || 2015-02-07 08:27:30 |
| 8019 || 0.734621432464797 || 2014-12-16 19:29:00 |
| 8020 || -14.7869593703644 || 2011-03-02 15:42:36 |
| 8021 || -2.38843446376392 || 2017-03-23 11:22:00 |
| 8022 || 7.58283652502971 || 2016-08-12 04:43:19 |
| 8023 || 20.2312278275289 || 2010-07-25 19:00:56 |
| 8024 || -0.276446464110388 || 2019-11-01 16:18:05 |
| 8025 || 2.62750993714911 || 2018-01-08 23:09:24 |
| 8026 || -9.36291507011793 || 2013-09-27 06:30:44 |
| 8027 || 74.2003246733926 || 2016-03-23 16:56:22 |
| 8028 || -3.73784863025225 || 2015-02-23 17:00:16 |
| 8029 || 0.060583223545491 || 2018-12-12 23:47:41 |
| 8030 || 9.08239577962375 || 2011-09-02 13:22:39 |
| 8031 || 81.15392256811 || 2011-05-12 09:44:18 |
| 8032 || 71.9136527924158 || 2016-12-23 17:56:55 |
| 8033 || 18.1466099415619 || 2012-04-15 15:52:19 |
| 8034 || 0.0304341026166623 || 2017-05-16 08:01:38 |
| 8035 || 16.0334664368675 || 2012-02-06 21:59:14 |
| 8036 || 19.4148909215656 || 2016-06-13 17:23:06 |
| 8037 || 40.0768958933639 || 2015-07-11 14:43:12 |
| 8038 || 23.664855564354 || 2010-04-24 19:08:15 |
| 8039 || 0.548068812776269 || 2013-09-26 06:35:16 |
| 8040 || -6.72416229562622 || 2015-07-25 08:36:08 |
| 8041 || 6.43563241453459 || 2016-03-24 21:04:52 |
| 8042 || 34.0067324025639 || 2010-11-08 12:30:45 |
| 8043 || 38.3900705377968 || 2018-04-02 14:24:16 |
| 8044 || 1.65659485091213 || 2015-07-22 13:03:23 |
| 8045 || 18.7930215584795 || 2015-07-16 13:51:05 |
| 8046 || -18.5256718031027 || 2013-03-05 05:45:46 |
| 8047 || -29.1459854551975 || 2016-02-15 18:41:55 |
| 8048 || -13.2571248216757 || 2018-09-23 05:48:18 |
| 8049 || 3.53404945254543 || 2019-07-27 23:33:02 |
| 8050 || 13.7413130935776 || 2014-01-27 04:04:39 |
| 8051 || 15.5120803042603 || 2016-08-22 08:21:18 |
| 8052 || 89.4533769465885 || 2017-04-19 02:11:30 |
| 8053 || 49.5056850913942 || 2013-12-25 20:14:37 |
| 8054 || 5.96129126711218 || 2013-06-12 06:43:05 |
| 8055 || -2.8305844804978 || 2017-09-25 17:28:56 |
| 8056 || 22.4499895450153 || 2018-11-10 03:48:53 |
| 8057 || 89.007165455525 || 2010-10-10 08:10:27 |
| 8058 || 56.7930305489409 || 2013-12-17 23:11:31 |
| 8059 || -1.32230988729276 || 2012-06-12 13:16:21 |
| 8060 || 7.42612974355633 || 2014-09-18 07:08:23 |
| 8061 || 39.4989054564821 || 2018-05-07 09:46:02 |
| 8062 || -29.8299621922382 || 2010-11-12 03:32:51 |
| 8063 || -20.7953734747481 || 2019-11-20 08:08:42 |
| 8064 || 12.3829760228047 || 2012-07-09 09:33:11 |
| 8065 || 0.46382569557436 || 2018-09-05 14:06:16 |
| 8066 || -15.8950728578629 || 2019-12-20 11:35:52 |
| 8067 || -24.0592470096358 || 2014-06-08 05:31:10 |
| 8068 || 65.8189864101928 || 2011-01-02 15:51:46 |
| 8069 || 13.9588713111 || 2017-10-20 03:23:37 |
| 8070 || -0.388070401289336 || 2016-01-06 12:57:14 |
| 8071 || 44.2270365434121 || 2016-02-27 15:03:54 |
| 8072 || -26.7192164496225 || 2013-04-01 23:05:10 |
| 8073 || 50.0003702359996 || 2015-03-02 12:19:40 |
| 8074 || 5.23150724831315 || 2017-02-20 20:18:38 |
| 8075 || 1.11341404529709 || 2011-02-11 09:27:41 |
| 8076 || 6.27461716013867 || 2011-10-21 11:56:48 |
| 8077 || 82.8901916092889 || 2015-02-21 05:44:52 |
| 8078 || -24.8308960565577 || 2018-09-23 20:56:14 |
| 8079 || 12.232396334678 || 2017-02-23 00:38:15 |
| 8080 || -0.0528273492441262 || 2015-02-14 08:57:03 |
| 8081 || -10.135985204367 || 2017-11-14 23:07:03 |
| 8082 || 26.9629507237721 || 2010-01-21 09:35:46 |
| 8083 || -4.19509388017185 || 2018-04-13 16:18:37 |
| 8084 || 20.6268217755368 || 2013-03-10 17:51:29 |
| 8085 || 0.00440099766892464 || 2018-11-17 20:51:11 |
| 8086 || 21.9142526204163 || 2010-04-22 06:01:21 |
| 8087 || 79.3982023178281 || 2015-12-13 09:45:34 |
| 8088 || 18.1613587567693 || 2015-10-18 02:11:54 |
| 8089 || 31.1286800962438 || 2010-05-15 17:49:09 |
| 8090 || -0.061922967309557 || 2019-08-04 21:19:33 |
| 8091 || 18.7493552214459 || 2010-05-24 07:31:38 |
| 8092 || 50.2603142393405 || 2017-10-26 02:23:40 |
| 8093 || -10.5730975698122 || 2012-02-24 11:28:54 |
| 8094 || -13.4220703543127 || 2019-05-16 07:56:58 |
| 8095 || -0.476431333845977 || 2019-05-15 11:39:07 |
| 8096 || 9.39925080694177 || 2019-03-19 18:44:17 |
| 8097 || 9.25705730472393 || 2018-06-26 16:34:55 |
| 8098 || -23.0331291008137 || 2016-10-18 12:01:15 |
| 8099 || 20.8181080314089 || 2017-02-27 11:11:26 |
| 8100 || 2.51445054520812 || 2012-11-14 19:59:01 |
| 8101 || -2.64220668037819 || 2015-06-22 08:08:21 |
| 8102 || -22.4168733089771 || 2017-04-20 20:15:06 |
| 8103 || -1.9375408569451 || 2018-01-25 15:35:43 |
| 8104 || 50.4391808320227 || 2016-05-23 02:26:59 |
| 8105 || 1.31544528860483 || 2011-08-09 20:37:53 |
| 8106 || 9.14425187495451 || 2014-02-22 02:25:32 |
| 8107 || 18.5574252301672 || 2017-08-19 05:19:26 |
| 8108 || 87.1189419799557 || 2017-09-20 12:14:47 |
| 8109 || -9.37258881086923 || 2015-11-04 06:24:41 |
| 8110 || 7.88473581904991 || 2017-12-27 02:26:42 |
| 8111 || 2.37714489719511 || 2010-02-10 00:40:27 |
| 8112 || 37.3158017681867 || 2013-01-04 22:11:04 |
| 8113 || 2.77756736820372 || 2012-05-13 09:32:35 |
| 8114 || -20.7295076626524 || 2016-06-08 10:04:54 |
| 8115 || -3.7794566117807 || 2016-10-27 10:41:16 |
| 8116 || -0.432270935658627 || 2010-08-19 04:23:13 |
| 8117 || -1.80982730307995 || 2019-05-17 22:53:42 |
| 8118 || 33.3587097373349 || 2019-01-16 04:13:27 |
| 8119 || -3.50545694592375 || 2019-04-02 15:35:52 |
| 8120 || 2.69982326729428 || 2016-09-22 02:48:07 |
| 8121 || -0.643645826723927 || 2018-07-07 22:58:02 |
| 8122 || 12.5527479957408 || 2013-06-04 01:42:26 |
| 8123 || -24.0948557440413 || 2017-01-18 04:49:09 |
| 8124 || -12.4717231258651 || 2017-07-17 09:31:45 |
| 8125 || -5.25590818158132 || 2012-03-27 21:47:12 |
| 8126 || 1.21986244938681 || 2018-11-26 00:19:06 |
| 8127 || 1.05434573337636 || 2019-06-25 14:19:10 |
| 8128 || -18.8152082174986 || 2010-08-06 10:05:14 |
| 8129 || 75.5228591163049 || 2017-01-13 07:31:18 |
| 8130 || -7.88584583002255 || 2016-01-17 04:37:12 |
| 8131 || 0.378723147009464 || 2017-12-01 09:00:02 |
| 8132 || 18.2534670172756 || 2016-12-24 15:28:29 |
| 8133 || 56.9777049201584 || 2017-01-06 12:36:23 |
| 8134 || 20.0085175921634 || 2017-09-10 14:42:57 |
| 8135 || -4.76614632975685 || 2010-10-03 12:58:52 |
| 8136 || 0.0016342345962756 || 2016-04-21 14:08:39 |
| 8137 || 28.3175226003607 || 2015-06-15 17:40:15 |
| 8138 || 12.7659171767084 || 2016-08-06 02:46:53 |
| 8139 || 30.7247798666029 || 2010-03-22 00:35:20 |
| 8140 || 34.9047563875312 || 2010-03-14 17:22:49 |
| 8141 || -0.08841284178946 || 2010-03-10 01:14:47 |
| 8142 || 23.6790801844533 || 2013-04-06 18:42:33 |
| 8143 || 58.8010716626832 || 2017-11-09 12:35:04 |
| 8144 || -23.9643361448948 || 2016-05-07 02:39:36 |
| 8145 || 34.7629446081476 || 2013-02-15 02:10:30 |
| 8146 || 0.709695700987231 || 2019-11-05 21:56:26 |
| 8147 || -1.49676824376611 || 2016-08-08 09:28:14 |
| 8148 || 22.7518347563716 || 2019-09-09 13:47:19 |
| 8149 || 80.1914474184502 || 2015-02-15 13:48:03 |
| 8150 || 36.4999263209781 || 2014-10-08 18:13:25 |
| 8151 || 1.6754214865387 || 2012-08-01 04:32:58 |
| 8152 || -4.09985246148201 || 2019-11-16 10:58:41 |
| 8153 || 67.8355595863784 || 2019-05-12 10:28:19 |
| 8154 || 87.9183760542778 || 2013-05-27 01:07:03 |
| 8155 || -9.91818053673801 || 2016-08-25 04:59:34 |
| 8156 || 1.83153752657266 || 2018-01-02 22:51:52 |
| 8157 || 9.51829044109451 || 2019-03-16 03:24:57 |
| 8158 || 38.1711556145278 || 2016-12-18 04:35:46 |
| 8159 || -7.36894273510151 || 2015-01-10 05:11:42 |
| 8160 || 21.0541013274515 || 2014-07-17 05:57:33 |
| 8161 || 6.16897112872266 || 2012-10-10 11:43:51 |
| 8162 || 7.21980220616251 || 2012-10-12 18:43:28 |
| 8163 || 51.1939134191987 || 2014-05-10 00:16:34 |
| 8164 || -17.5749644803269 || 2018-08-13 02:45:55 |
| 8165 || 3.98098652552696 || 2012-10-07 15:36:04 |
| 8166 || 10.5941286620775 || 2019-02-25 21:25:28 |
| 8167 || 3.19028319428504 || 2010-11-17 06:58:42 |
| 8168 || 28.2101758502631 || 2012-06-14 02:41:00 |
| 8169 || 84.6864527171852 || 2014-06-04 19:08:46 |
| 8170 || 65.5410679324247 || 2018-10-11 17:14:17 |
| 8171 || -2.54348152211024 || 2011-12-22 15:11:43 |
| 8172 || 3.27507205619097 || 2011-12-21 06:06:09 |
| 8173 || -15.7799744322586 || 2011-03-01 22:09:39 |
| 8174 || -1.29567110190613 || 2013-07-01 17:03:53 |
| 8175 || -23.6309253959293 || 2012-03-08 06:19:21 |
| 8176 || 14.538183412198 || 2017-06-18 03:26:44 |
| 8177 || 1.54378138202821 || 2012-10-04 20:06:42 |
| 8178 || -11.7822357969274 || 2015-07-20 09:29:18 |
| 8179 || 86.2611096820439 || 2016-02-24 21:22:24 |
| 8180 || -2.69585101643875 || 2015-03-16 17:45:43 |
| 8181 || 14.4007099791413 || 2014-09-16 15:09:31 |
| 8182 || 0.210244242880617 || 2012-06-01 12:24:15 |
| 8183 || 3.62449646543916 || 2011-11-18 09:15:11 |
| 8184 || 12.4103537356486 || 2018-09-24 00:09:44 |
| 8185 || 28.5577168668372 || 2011-07-19 21:01:53 |
| 8186 || 27.8407346153507 || 2016-01-20 22:01:00 |
| 8187 || -0.00748744918472235 || 2011-01-02 18:58:22 |
| 8188 || 25.2270383768917 || 2012-10-26 08:33:30 |
| 8189 || 17.0957571782788 || 2011-08-24 01:51:42 |
| 8190 || 72.1956728939915 || 2012-07-11 03:12:31 |
| 8191 || 27.6221829935431 || 2015-04-11 11:04:29 |
| 8192 || -0.0196859861267606 || 2019-12-02 04:45:38 |
| 8193 || 2.00151608785159 || 2010-02-19 21:53:00 |
| 8194 || 75.7280968783182 || 2011-03-09 16:26:38 |
| 8195 || 25.2008141834923 || 2012-04-24 05:28:27 |
| 8196 || 6.48009140997969 || 2011-02-16 16:09:52 |
| 8197 || -0.300322211606388 || 2013-07-25 16:25:23 |
| 8198 || 12.050235323052 || 2016-06-02 22:47:04 |
| 8199 || 22.1902498557161 || 2015-03-04 01:37:59 |
| 8200 || 34.3199679739579 || 2012-12-22 19:36:31 |
| 8201 || 5.06931932145864 || 2010-01-21 09:16:30 |
| 8202 || -0.227576280051181 || 2012-07-16 22:05:23 |
| 8203 || 3.75494653635847 || 2019-12-26 00:49:13 |
| 8204 || -19.9739169294575 || 2011-09-02 13:46:51 |
| 8205 || 81.4554858639614 || 2015-04-15 22:38:17 |
| 8206 || 50.106521016078 || 2017-03-26 22:07:22 |
| 8207 || -1.50329168415091 || 2015-03-22 19:07:15 |
| 8208 || -3.20227390107851 || 2013-09-13 06:15:15 |
| 8209 || -18.5537079180504 || 2015-02-10 01:47:19 |
| 8210 || -29.35297055987 || 2014-12-02 10:30:56 |
| 8211 || -9.83626017579912 || 2016-09-15 06:00:22 |
| 8212 || 0.151842197822628 || 2012-01-13 05:45:37 |
| 8213 || 2.19202918333976 || 2016-03-08 14:59:40 |
| 8214 || -18.3616656116781 || 2014-02-12 02:08:13 |
| 8215 || 82.4227154305829 || 2016-03-22 15:59:06 |
| 8216 || 29.301100922362 || 2012-04-12 22:45:49 |
| 8217 || 8.23864825979007 || 2014-06-24 13:03:01 |
| 8218 || 0.000360518685137246 || 2018-09-12 09:09:41 |
| 8219 || 3.74051950257596 || 2013-09-05 08:48:21 |
| 8220 || -22.2743310838408 || 2018-05-12 02:41:03 |
| 8221 || -11.9480394030065 || 2016-04-23 13:11:21 |
| 8222 || 10.3769797713227 || 2012-04-09 09:02:42 |
| 8223 || -0.918814261999991 || 2012-02-06 05:34:59 |
| 8224 || 48.1741948600134 || 2017-06-08 13:01:46 |
| 8225 || -3.23323738470457 || 2017-12-18 09:57:54 |
| 8226 || 66.1251611452568 || 2016-06-03 09:06:24 |
| 8227 || 17.3894601926535 || 2011-12-22 03:36:58 |
| 8228 || -0.129739313267709 || 2018-11-06 12:19:05 |
| 8229 || -4.33247687938116 || 2014-12-11 15:29:09 |
| 8230 || 86.7865929126796 || 2012-05-17 13:48:05 |
| 8231 || -6.98647345284259 || 2012-03-27 14:40:26 |
| 8232 || -0.281063082437803 || 2015-01-08 00:08:07 |
| 8233 || -0.00795871085000982 || 2013-07-09 20:00:03 |
| 8234 || 36.2558626243134 || 2013-10-15 05:44:48 |
| 8235 || -1.11899623972554 || 2012-06-08 22:32:22 |
| 8236 || -4.20320641579034 || 2019-10-25 10:50:25 |
| 8237 || 1.25128626202436 || 2018-07-08 23:53:04 |
| 8238 || -0.0209801255424352 || 2011-08-11 05:31:39 |
| 8239 || 2.23381644112774 || 2012-08-16 03:37:37 |
| 8240 || -11.3773386145596 || 2012-05-03 13:35:28 |
| 8241 || 81.090000288273 || 2018-05-07 17:52:41 |
| 8242 || 30.1288439001624 || 2012-08-05 13:41:31 |
| 8243 || 0.0282258737746837 || 2011-11-03 16:25:33 |
| 8244 || 13.4612989227569 || 2018-05-26 12:10:55 |
| 8245 || -17.8727522452744 || 2014-01-12 08:53:23 |
| 8246 || 73.0653639933211 || 2016-08-13 06:32:00 |
| 8247 || -11.7905361522681 || 2013-09-16 05:17:44 |
| 8248 || 0.0753933258406826 || 2019-10-20 20:25:24 |
| 8249 || 9.29417536593465 || 2017-06-02 12:27:28 |
| 8250 || -10.1628842958657 || 2016-04-12 14:38:23 |
| 8251 || 25.0881934480556 || 2012-04-13 00:46:29 |
| 8252 || 36.0620657490595 || 2013-07-22 14:15:21 |
| 8253 || 2.09345725074089 || 2011-07-04 13:02:01 |
| 8254 || -3.22744916228743 || 2010-11-10 09:32:22 |
| 8255 || -20.2145563331332 || 2011-03-03 22:59:36 |
| 8256 || 84.3762180309078 || 2013-03-17 18:30:31 |
| 8257 || 26.1889633815727 || 2012-06-26 04:03:18 |
| 8258 || 0.526746185369908 || 2015-05-18 13:39:19 |
| 8259 || 11.2959324680234 || 2015-02-18 10:07:19 |
| 8260 || 43.7191790004716 || 2016-11-01 15:12:15 |
| 8261 || 89.3109509156236 || 2013-04-09 01:43:01 |
| 8262 || 6.30160753710094 || 2019-03-25 07:05:53 |
| 8263 || 4.18341917619735 || 2012-12-22 18:06:02 |
| 8264 || 0.459380753015239 || 2017-06-24 08:20:18 |
| 8265 || 60.0951720766976 || 2012-06-17 14:02:36 |
| 8266 || 31.0215144799073 || 2017-11-22 15:44:15 |
| 8267 || 16.9591228705478 || 2012-03-09 19:56:07 |
| 8268 || 7.26699935521423 || 2010-07-09 06:55:59 |
| 8269 || 2.87502775145762 || 2012-03-21 06:29:11 |
| 8270 || -17.2228027143089 || 2012-10-10 05:28:06 |
| 8271 || 89.5377631137284 || 2013-08-27 21:46:52 |
| 8272 || -10.2097977109472 || 2017-03-13 12:22:13 |
| 8273 || 12.2871085001586 || 2011-12-17 05:03:58 |
| 8274 || 4.29176936044416 || 2011-02-11 14:48:46 |
| 8275 || 1.56226818192288 || 2015-08-01 04:45:37 |
| 8276 || 51.3733284733857 || 2012-03-23 22:04:00 |
| 8277 || 12.9658026068895 || 2013-10-05 17:03:45 |
| 8278 || 6.69055435825179 || 2013-09-15 13:31:37 |
| 8279 || 1.9870582757954 || 2018-04-20 05:03:59 |
| 8280 || 1.15589680845459 || 2016-07-21 09:20:14 |
| 8281 || 16.3650715362024 || 2016-09-03 16:48:57 |
| 8282 || 59.7693029792557 || 2015-09-12 13:55:52 |
| 8283 || 2.4679543479325 || 2013-05-15 14:03:14 |
| 8284 || -0.231755138090164 || 2018-10-05 08:47:31 |
| 8285 || 25.0148111479905 || 2012-03-07 20:27:32 |
| 8286 || 84.602187615125 || 2015-10-01 19:22:53 |
| 8287 || 76.9598516556901 || 2016-03-10 22:00:55 |
| 8288 || 23.2292286910064 || 2010-07-19 19:53:31 |
| 8289 || 0.0651198822701263 || 2014-02-18 10:08:30 |
| 8290 || -7.83533060392135 || 2015-12-26 16:13:13 |
| 8291 || -24.8503365935427 || 2011-08-23 01:58:35 |
| 8292 || -24.0106634118722 || 2012-08-23 10:23:52 |
| 8293 || 16.0350406667939 || 2015-10-25 04:40:53 |
| 8294 || 0.026670637804892 || 2013-11-21 16:36:49 |
| 8295 || 24.5484321806933 || 2018-07-08 21:06:39 |
| 8296 || -25.7907348723044 || 2013-04-21 12:44:54 |
| 8297 || 56.1657019034232 || 2010-06-22 16:13:11 |
| 8298 || 10.6588131999099 || 2016-11-05 05:52:39 |
| 8299 || 0.600112521389027 || 2014-10-19 06:48:57 |
| 8300 || 22.5627381086803 || 2011-04-17 00:44:50 |
| 8301 || 74.3947186350473 || 2018-08-17 12:10:22 |
| 8302 || -27.4427504091377 || 2013-09-06 20:31:33 |
| 8303 || 39.2761652868127 || 2017-06-26 10:59:33 |
| 8304 || -0.574438087582999 || 2019-03-25 17:45:50 |
| 8305 || 11.354493239771 || 2010-06-17 03:42:16 |
| 8306 || 40.7752195172502 || 2014-11-26 22:06:50 |
| 8307 || 19.6158065492211 || 2011-06-03 19:23:00 |
| 8308 || -14.3259346392591 || 2013-06-01 05:39:44 |
| 8309 || -0.755967748133033 || 2010-07-12 22:58:25 |
| 8310 || -3.70138760798622 || 2012-09-04 01:50:34 |
| 8311 || -7.81737345322777 || 2015-01-17 11:43:17 |
| 8312 || 20.0304021713671 || 2017-11-11 17:05:59 |
| 8313 || -6.37800598887447 || 2010-04-02 06:50:57 |
| 8314 || 1.16732846734944 || 2016-11-11 20:59:19 |
| 8315 || -1.63828169015686 || 2014-03-26 18:38:29 |
| 8316 || -20.345199385754 || 2016-02-16 09:57:23 |
| 8317 || 67.4604957368278 || 2016-04-01 18:47:52 |
| 8318 || 48.8648944039969 || 2011-02-24 10:56:41 |
| 8319 || 8.62789690831089 || 2014-07-05 05:23:06 |
| 8320 || 4.85791639839761 || 2018-08-09 18:20:53 |
| 8321 || 47.0557892737717 || 2011-09-12 14:02:50 |
| 8322 || 31.5752764168252 || 2018-08-22 14:49:06 |
| 8323 || -12.8016053083935 || 2015-09-21 20:28:35 |
| 8324 || -3.12700820111786 || 2019-09-20 05:40:18 |
| 8325 || 3.38398489190023 || 2017-07-15 11:09:30 |
| 8326 || -7.59640274219856 || 2011-01-03 06:44:04 |
| 8327 || -29.4522345441001 || 2010-03-16 08:38:25 |
| 8328 || -16.053241240051 || 2011-12-17 23:17:22 |
| 8329 || -4.47037785390283 || 2019-07-01 08:00:46 |
| 8330 || 1.45295021968018 || 2016-04-07 15:36:53 |
| 8331 || 15.8455014895439 || 2016-09-04 08:56:39 |
| 8332 || 48.6117445835874 || 2017-11-26 05:55:10 |
| 8333 || 21.9065117099253 || 2014-09-12 09:10:03 |
| 8334 || -4.17453159978265 || 2012-12-26 02:12:18 |
| 8335 || -0.360994009283214 || 2018-07-17 04:08:29 |
| 8336 || 27.3830642155911 || 2010-11-21 23:02:58 |
| 8337 || 44.4408538479088 || 2011-05-26 15:07:16 |
| 8338 || 60.716701525384 || 2016-01-23 17:13:49 |
| 8339 || 25.620154532625 || 2010-04-02 23:41:01 |
| 8340 || -0.00595506961746807 || 2017-12-14 17:00:15 |
| 8341 || 33.927538484492 || 2010-04-16 14:57:04 |
| 8342 || 32.154585363228 || 2011-05-13 04:58:21 |
| 8343 || 54.3797160441322 || 2011-07-26 00:12:18 |
| 8344 || 10.2526509057147 || 2015-10-18 13:55:54 |
| 8345 || 0.00549327714423252 || 2018-10-08 21:38:56 |
| 8346 || 20.68653021353 || 2010-07-10 05:20:01 |
| 8347 || -7.7020809544819 || 2012-08-01 13:14:13 |
| 8348 || 55.329083459034 || 2013-09-25 01:29:49 |
| 8349 || 32.1536837826077 || 2019-12-03 13:01:23 |
| 8350 || 0.40338557656174 || 2011-05-13 05:16:03 |
| 8351 || 22.5640206125427 || 2014-12-21 20:41:34 |
| 8352 || -14.759169948443 || 2018-08-09 02:45:11 |
| 8353 || 57.0412789000971 || 2018-06-20 12:38:17 |
| 8354 || 37.984552782545 || 2013-05-25 18:12:48 |
| 8355 || 1.06155329385801 || 2016-01-11 13:38:14 |
| 8356 || 4.73183287620393 || 2016-11-06 16:44:28 |
| 8357 || 49.6371657915982 || 2016-09-03 16:58:49 |
| 8358 || -27.9817821914093 || 2017-07-26 08:25:59 |
| 8359 || -1.07449244878522 || 2012-08-20 11:06:00 |
| 8360 || 0.898951230151634 || 2011-03-17 18:02:33 |
| 8361 || 11.2910030463537 || 2016-09-15 19:41:11 |
| 8362 || -0.232355982774962 || 2019-03-14 04:48:23 |
| 8363 || 89.272767636285 || 2012-10-07 07:40:44 |
| 8364 || 44.4037998064696 || 2018-03-05 13:27:00 |
| 8365 || 4.95747674783181 || 2012-11-22 09:52:43 |
| 8366 || 10.516335856568 || 2012-09-13 17:12:28 |
| 8367 || 24.2609767490209 || 2018-02-04 09:44:50 |
| 8368 || 51.2036132567405 || 2014-12-27 13:47:56 |
| 8369 || 8.84999404402424 || 2016-07-11 16:42:44 |
| 8370 || -2.47573824175353 || 2013-05-16 19:44:36 |
| 8371 || -2.5012965460504 || 2011-04-20 00:46:52 |
| 8372 || 22.6273475704437 || 2013-12-25 08:50:22 |
| 8373 || 84.1258160596897 || 2018-05-26 07:59:58 |
| 8374 || 61.0575316684221 || 2017-01-21 19:24:34 |
| 8375 || -3.98800731107925 || 2018-05-09 09:31:05 |
| 8376 || 3.1479812362809 || 2014-08-05 22:38:21 |
| 8377 || 41.5754027289905 || 2012-06-24 09:19:53 |
| 8378 || -25.0282662907419 || 2014-05-02 23:17:54 |
| 8379 || -11.4653194366475 || 2016-07-21 14:40:35 |
| 8380 || 5.46469950755124 || 2011-11-22 01:49:21 |
| 8381 || 1.11724876383515 || 2014-11-07 22:53:12 |
| 8382 || -14.0461038595612 || 2012-12-27 01:38:26 |
| 8383 || 49.974257573196 || 2015-11-12 13:57:43 |
| 8384 || -24.0747223549052 || 2018-09-23 03:13:56 |
| 8385 || 19.6442382418802 || 2019-02-11 07:41:48 |
| 8386 || 0.619139163429848 || 2011-12-09 00:01:50 |
| 8387 || 14.6645220571837 || 2018-04-03 02:06:35 |
| 8388 || -6.65788551539506 || 2011-04-21 09:57:58 |
| 8389 || -2.23142039752367 || 2014-06-19 21:53:44 |
| 8390 || -7.09484346043526 || 2017-02-17 21:14:43 |
| 8391 || -0.067546299193259 || 2010-07-02 14:51:03 |
| 8392 || 7.73826019474238 || 2012-08-03 20:23:02 |
| 8393 || 14.5735099490477 || 2010-11-23 15:38:39 |
| 8394 || -25.186548933165 || 2011-10-13 01:53:35 |
| 8395 || 26.9785529035051 || 2017-08-08 13:51:03 |
| 8396 || 1.1415370467037e-05 || 2010-02-15 00:09:14 |
| 8397 || 5.95574426094674 || 2010-11-07 07:40:49 |
| 8398 || 27.0039531343316 || 2010-03-21 21:18:39 |
| 8399 || 82.8110033053536 || 2010-02-05 18:05:37 |
| 8400 || 11.8406498116178 || 2012-02-17 08:03:44 |
| 8401 || 0.316570027378581 || 2014-04-20 10:16:41 |
| 8402 || 8.4163300490339 || 2011-05-09 05:30:46 |
| 8403 || 65.8341885662376 || 2011-06-05 16:13:48 |
| 8404 || 19.6240326415648 || 2014-07-09 23:51:08 |
| 8405 || -8.69905390242178 || 2014-02-23 17:45:26 |
| 8406 || 1.28298630514147 || 2018-07-05 20:33:32 |
| 8407 || 20.398288576986 || 2015-01-20 07:02:56 |
| 8408 || -18.1215778560336 || 2018-02-16 20:36:00 |
| 8409 || -18.3480947845397 || 2015-08-14 06:43:04 |
| 8410 || 44.0780636258973 || 2012-01-14 14:07:40 |
| 8411 || -0.926082284471481 || 2017-06-24 08:00:07 |
| 8412 || 5.99181592401324 || 2017-08-04 18:11:29 |
| 8413 || 60.5516332315644 || 2014-05-04 09:50:22 |
| 8414 || 4.88653102257806 || 2013-03-15 06:50:57 |
| 8415 || 51.3310490057147 || 2015-05-01 07:13:16 |
| 8416 || -1.08482155555184 || 2013-11-21 19:14:47 |
| 8417 || 10.9668368473705 || 2010-08-08 03:20:01 |
| 8418 || -20.8957875380316 || 2015-06-02 10:19:18 |
| 8419 || 63.2775784164148 || 2013-03-03 14:20:27 |
| 8420 || -13.8128786629764 || 2018-06-05 06:36:50 |
| 8421 || 5.25137798166513 || 2018-05-06 03:12:46 |
| 8422 || 4.4222229285329 || 2013-08-13 05:39:36 |
| 8423 || 46.9402530506709 || 2019-05-04 22:05:50 |
| 8424 || -20.4828940326561 || 2012-07-09 04:30:36 |
| 8425 || 59.6309550420064 || 2013-02-16 16:28:28 |
| 8426 || 1.64494787018083 || 2019-10-18 19:45:38 |
| 8427 || 5.70185899606638 || 2014-08-03 09:56:03 |
| 8428 || 14.7957116147223 || 2017-07-24 07:52:59 |
| 8429 || 59.6909481855809 || 2015-06-13 01:20:27 |
| 8430 || 21.285043740587 || 2012-01-19 06:27:27 |
| 8431 || 6.53616637178064 || 2019-06-15 16:12:46 |
| 8432 || 0.00691165914818698 || 2014-08-25 01:14:45 |
| 8433 || 35.2448237176339 || 2014-06-03 11:24:17 |
| 8434 || -29.3007625015646 || 2011-04-23 13:43:50 |
| 8435 || 69.7159124574707 || 2012-03-16 09:37:22 |
| 8436 || 4.85421140613556 || 2015-11-26 13:40:37 |
| 8437 || 1.13716049965737 || 2018-11-16 09:59:30 |
| 8438 || 3.17279596279323 || 2019-03-10 10:35:03 |
| 8439 || -28.504057854335 || 2010-09-27 23:52:14 |
| 8440 || 10.5365038016497 || 2016-03-20 00:16:27 |
| 8441 || 17.0159010546458 || 2010-06-08 21:10:44 |
| 8442 || -0.157639996602108 || 2013-02-14 20:51:04 |
| 8443 || 19.2787551037753 || 2013-09-11 11:41:45 |
| 8444 || 10.0511367295375 || 2014-09-11 07:08:31 |
| 8445 || -26.2591234554334 || 2016-05-27 10:30:49 |
| 8446 || -2.22878234209637 || 2010-12-19 00:55:17 |
| 8447 || 0.0105768852826555 || 2013-06-04 15:45:23 |
| 8448 || 14.7654551188575 || 2019-07-01 10:44:20 |
| 8449 || 10.2283391330219 || 2012-12-12 05:11:12 |
| 8450 || -27.4207188965381 || 2019-06-18 09:36:00 |
| 8451 || 20.2590414464732 || 2011-02-21 22:50:23 |
| 8452 || 0.0912545674677541 || 2010-02-27 23:53:27 |
| 8453 || -1.95984142054416 || 2014-08-25 18:08:02 |
| 8454 || -25.6808385181998 || 2016-02-03 10:22:48 |
| 8455 || -27.6340676097993 || 2015-09-09 10:23:25 |
| 8456 || 24.0222722457405 || 2016-05-16 05:16:07 |
| 8457 || 1.04331124713889 || 2016-04-27 14:47:38 |
| 8458 || -5.53961187683695 || 2015-12-24 15:04:28 |
| 8459 || 2.14288083646694 || 2012-03-05 09:21:47 |
| 8460 || -26.1377111714287 || 2014-11-07 11:57:04 |
| 8461 || 40.3857083379668 || 2010-08-25 09:32:04 |
| 8462 || 2.52264098924121 || 2016-06-17 23:35:00 |
| 8463 || 16.8376590449657 || 2018-09-05 19:57:33 |
| 8464 || -20.3884035566025 || 2017-08-13 23:06:58 |
| 8465 || -28.7882241615446 || 2010-03-26 06:08:06 |
| 8466 || -9.87116815704813 || 2018-03-14 08:59:03 |
| 8467 || 3.30241584269574 || 2016-12-18 00:36:09 |
| 8468 || 11.0607721554165 || 2016-11-13 16:38:28 |
| 8469 || -21.1089281943918 || 2017-08-06 22:00:28 |
| 8470 || 32.7314066714262 || 2012-03-17 00:06:02 |
| 8471 || 0.843244083796017 || 2011-02-21 22:42:59 |
| 8472 || 0.709611144168584 || 2017-06-04 11:56:42 |
| 8473 || 0.704911515399034 || 2017-10-06 12:53:48 |
| 8474 || 30.6342915479433 || 2012-02-15 21:53:40 |
| 8475 || 70.4289941151093 || 2017-07-26 22:24:02 |
| 8476 || 60.7607507636659 || 2017-09-11 00:47:06 |
| 8477 || -3.06104034071822 || 2012-01-05 07:46:39 |
| 8478 || 3.13986881574447 || 2018-02-10 23:09:34 |
| 8479 || 33.5336324181574 || 2014-03-23 20:05:36 |
| 8480 || -2.53863579031509 || 2014-10-24 13:18:42 |
| 8481 || -6.15534637437197 || 2011-02-23 23:37:12 |
| 8482 || 6.00869636824234 || 2015-12-15 07:01:27 |
| 8483 || -0.823686197553999 || 2011-04-09 01:50:31 |
| 8484 || 20.0595813662228 || 2011-06-14 05:35:17 |
| 8485 || 87.666261320181 || 2018-08-15 14:54:01 |
| 8486 || -17.0352487969764 || 2014-07-27 13:42:44 |
| 8487 || 10.6408576244981 || 2014-03-27 05:45:18 |
| 8488 || 0.542725559076928 || 2015-05-12 05:50:16 |
| 8489 || 14.7313940988231 || 2010-04-19 11:48:36 |
| 8490 || -14.8263425610479 || 2010-03-23 10:56:57 |
| 8491 || 13.2521910307308 || 2012-11-25 15:10:04 |
| 8492 || 8.31913176001508 || 2015-12-21 19:13:24 |
| 8493 || -0.213000390300879 || 2018-04-10 21:47:44 |
| 8494 || 3.06621290677844 || 2012-10-06 10:16:39 |
| 8495 || 79.1440527295361 || 2014-01-19 05:15:35 |
| 8496 || 0.094370482829515 || 2017-03-14 11:26:44 |
| 8497 || 18.4724651600372 || 2016-12-05 01:58:40 |
| 8498 || 0.0210493167027555 || 2019-10-01 04:05:04 |
| 8499 || -9.05002293841724 || 2016-05-19 05:12:33 |
| 8500 || -14.6753530168173 || 2012-03-03 17:11:49 |
| 8501 || 79.0595874552351 || 2015-09-12 06:51:19 |
| 8502 || 30.73751718524 || 2012-08-12 08:08:25 |
| 8503 || 0.10060356078668 || 2018-03-03 12:12:43 |
| 8504 || 27.0018988585566 || 2010-04-14 17:11:33 |
| 8505 || 25.1784813483398 || 2015-07-10 11:12:12 |
| 8506 || 83.8342233125454 || 2017-05-18 07:34:05 |
| 8507 || 13.883548355854 || 2011-10-02 14:52:16 |
| 8508 || -0.0321976701126485 || 2010-04-17 16:44:15 |
| 8509 || -6.07938993420407 || 2010-11-11 03:23:47 |
| 8510 || -24.4532199054584 || 2016-08-10 23:47:06 |
| 8511 || 79.5287584623976 || 2013-09-14 20:09:59 |
| 8512 || 14.2540968934808 || 2018-01-17 08:25:37 |
| 8513 || -0.275565358501178 || 2011-11-26 16:00:00 |
| 8514 || -5.21985614824888 || 2014-01-14 01:16:59 |
| 8515 || -22.9640138113527 || 2010-06-01 02:47:56 |
| 8516 || -22.7636264333805 || 2014-01-02 03:20:03 |
| 8517 || 40.5811442570181 || 2018-08-23 10:08:14 |
| 8518 || -0.17602839037166 || 2010-06-22 07:25:37 |
| 8519 || 5.37249366437559 || 2017-09-06 21:32:41 |
| 8520 || -17.482175653869 || 2012-04-06 16:30:02 |
| 8521 || -14.8534783359056 || 2018-08-06 15:33:31 |
| 8522 || 1.1010494321883 || 2011-06-12 06:34:45 |
| 8523 || 1.29666819094711 || 2019-09-03 16:33:10 |
| 8524 || 5.19873335588407 || 2012-11-17 18:53:54 |
| 8525 || -19.9626062239199 || 2019-08-20 17:04:00 |
| 8526 || -26.6873208284154 || 2018-05-04 16:57:37 |
| 8527 || 59.7879376189737 || 2011-08-12 10:27:29 |
| 8528 || 2.15712683975619 || 2010-07-11 10:23:47 |
| 8529 || -2.24112978914711 || 2016-11-16 14:28:31 |
| 8530 || -11.6258652557959 || 2019-07-12 22:57:21 |
| 8531 || 88.298856658378 || 2015-02-17 10:21:51 |
| 8532 || -13.6360045982939 || 2014-06-22 11:05:13 |
| 8533 || 13.2097090347643 || 2019-03-18 15:01:28 |
| 8534 || -1.09696373996294 || 2011-08-16 01:57:12 |
| 8535 || 48.7564583200599 || 2011-04-16 16:18:39 |
| 8536 || 1.67499473643612 || 2018-11-04 14:44:15 |
| 8537 || -22.6046170582542 || 2018-09-06 09:39:50 |
| 8538 || 17.5345428569534 || 2019-10-04 23:02:49 |
| 8539 || -0.642803644915804 || 2013-10-20 21:14:00 |
| 8540 || 42.0512510986474 || 2018-02-22 00:03:12 |
| 8541 || -5.79613353192692 || 2013-03-24 05:21:13 |
| 8542 || -22.3522165710189 || 2010-10-27 09:17:48 |
| 8543 || -5.05061581253293 || 2018-03-07 13:18:42 |
| 8544 || 0.808449842471021 || 2010-01-02 10:45:28 |
| 8545 || 16.1803930305173 || 2016-01-17 09:46:28 |
| 8546 || 2.0837370854938 || 2011-02-16 05:10:07 |
| 8547 || 18.5122748366512 || 2014-08-12 17:58:33 |
| 8548 || -3.54674309757268 || 2010-05-20 09:10:50 |
| 8549 || -0.0217965684682435 || 2010-05-09 06:02:07 |
| 8550 || -10.3743472546231 || 2019-03-09 11:45:38 |
| 8551 || 39.8604785816627 || 2014-05-02 11:52:43 |
| 8552 || -17.8874672243072 || 2017-08-22 21:01:45 |
| 8553 || -9.35299242567068 || 2015-05-09 13:51:59 |
| 8554 || 0.038462228231405 || 2014-08-21 18:27:45 |
| 8555 || 25.2097076769565 || 2010-08-20 15:01:49 |
| 8556 || 60.0671195412574 || 2015-02-23 00:23:23 |
| 8557 || -25.8596717517402 || 2015-02-18 23:39:12 |
| 8558 || 24.2811231882595 || 2018-11-21 14:13:51 |
| 8559 || 0.494464792210218 || 2018-07-19 00:24:21 |
| 8560 || -5.18123716251918 || 2013-12-12 08:59:44 |
| 8561 || 18.4908810753335 || 2017-12-05 21:04:59 |
| 8562 || 84.34894692354 || 2018-05-26 09:40:27 |
| 8563 || 4.47374256595212 || 2018-01-24 10:13:53 |
| 8564 || 1.68540329203495 || 2014-03-03 20:22:01 |
| 8565 || 13.7072614511642 || 2011-07-03 04:07:26 |
| 8566 || -14.6244128447898 || 2019-10-22 15:35:21 |
| 8567 || -17.9681589456604 || 2014-05-12 14:33:48 |
| 8568 || 47.8130472756848 || 2019-02-19 13:46:16 |
| 8569 || 3.76422443700889 || 2019-08-18 14:19:54 |
| 8570 || 1.26281534332788 || 2012-04-06 13:55:21 |
| 8571 || 38.2351751846331 || 2017-09-11 13:55:33 |
| 8572 || -20.4341645680536 || 2017-09-05 17:41:24 |
| 8573 || 36.9915793575831 || 2015-05-21 04:29:21 |
| 8574 || 5.50046364020205 || 2012-09-03 17:41:41 |
| 8575 || -0.286266696595016 || 2018-07-11 14:25:49 |
| 8576 || -17.2370932005575 || 2019-08-25 21:02:20 |
| 8577 || -29.4787883182964 || 2014-08-14 20:27:22 |
| 8578 || 0.418352449207963 || 2012-10-21 02:57:03 |
| 8579 || 8.2420255276796 || 2017-12-22 21:22:24 |
| 8580 || 1.85738878636665 || 2014-06-10 05:23:13 |
| 8581 || 8.49009650092956 || 2017-01-21 14:35:39 |
| 8582 || 89.1557643596291 || 2017-08-11 13:01:50 |
| 8583 || -5.82229090715746 || 2016-12-01 16:10:38 |
| 8584 || 2.58890020441631 || 2016-07-19 22:21:05 |
| 8585 || 2.45420885492346 || 2016-06-11 08:25:46 |
| 8586 || 41.847735346214 || 2014-05-09 21:04:19 |
| 8587 || 48.704276294662 || 2017-10-12 17:49:51 |
| 8588 || 68.0506598579015 || 2013-02-23 09:39:37 |
| 8589 || -3.42246906408794 || 2015-10-27 15:33:43 |
| 8590 || 0.445960470926925 || 2019-05-11 05:58:05 |
| 8591 || 31.4635685173133 || 2012-05-10 08:16:28 |
| 8592 || -28.6008143281061 || 2012-08-06 21:02:28 |
| 8593 || 20.9229849912125 || 2015-09-05 15:17:18 |
| 8594 || 7.90854677932219 || 2011-03-17 21:27:47 |
| 8595 || 0.694908123206178 || 2019-07-23 04:37:32 |
| 8596 || -8.07542145480566 || 2018-07-15 00:42:19 |
| 8597 || 74.0091649464103 || 2015-01-07 06:26:34 |
| 8598 || 2.79317371921366 || 2013-07-14 04:04:05 |
| 8599 || -0.0466672031840867 || 2011-04-08 14:03:56 |
| 8600 || -0.0191204440528865 || 2017-12-13 10:08:54 |
| 8601 || 8.27368505814945 || 2014-07-07 22:35:44 |
| 8602 || 40.2501499787597 || 2015-06-26 06:49:00 |
| 8603 || -26.9469002024711 || 2018-07-20 23:09:32 |
| 8604 || -2.19438934988577 || 2017-07-10 09:24:58 |
| 8605 || -0.0020384866498397 || 2011-10-12 02:26:47 |
| 8606 || 20.0554492575175 || 2015-05-25 22:19:26 |
| 8607 || -17.2374286350551 || 2013-03-08 12:42:01 |
| 8608 || 79.0202184542605 || 2016-10-05 13:21:26 |
| 8609 || 21.2678519149824 || 2013-05-07 04:06:07 |
| 8610 || 0.482593848453661 || 2017-08-09 06:24:25 |
| 8611 || 2.13238239905144 || 2011-07-11 13:47:03 |
| 8612 || -14.4663150861313 || 2017-12-09 14:45:47 |
| 8613 || 81.3545439918313 || 2017-03-07 17:29:45 |
| 8614 || 17.1806555410452 || 2018-06-05 14:45:50 |
| 8615 || -0.0791260385830144 || 2018-03-26 13:58:41 |
| 8616 || 18.9617376846352 || 2013-08-21 00:01:23 |
| 8617 || 67.80781569893 || 2017-03-04 16:39:08 |
| 8618 || 87.4930085334619 || 2017-08-02 00:45:42 |
| 8619 || 16.5376634826742 || 2015-11-07 05:57:32 |
| 8620 || -0.883516894782461 || 2013-03-21 10:58:05 |
| 8621 || 15.0317389041116 || 2016-08-05 03:11:58 |
| 8622 || 33.4591600774325 || 2017-08-13 19:30:15 |
| 8623 || -26.9327050354919 || 2018-03-14 05:17:10 |
| 8624 || 15.8903053337935 || 2015-07-08 07:22:11 |
| 8625 || -1.19618267819999 || 2012-11-03 16:02:27 |
| 8626 || -2.62966805920325 || 2017-04-17 00:49:47 |
| 8627 || 21.0247219457749 || 2015-07-27 19:16:04 |
| 8628 || -25.7620714457442 || 2015-07-06 15:20:28 |
| 8629 || 33.4295813865999 || 2010-10-15 08:19:15 |
| 8630 || 2.27376976388546 || 2013-08-03 12:47:27 |
| 8631 || 7.76884771223683 || 2012-01-12 13:55:11 |
| 8632 || -7.78071604419932 || 2010-07-13 15:48:43 |
| 8633 || 87.0650902179816 || 2016-01-26 20:47:27 |
| 8634 || -21.0226435908574 || 2014-08-16 05:51:52 |
| 8635 || -3.83094830945242 || 2018-08-20 05:03:12 |
| 8636 || -0.99368633457089 || 2011-10-07 05:22:52 |
| 8637 || 13.3073053202286 || 2015-03-18 23:09:34 |
| 8638 || -7.17837590786731 || 2013-05-11 05:33:10 |
| 8639 || 64.9817732262865 || 2017-09-14 21:48:29 |
| 8640 || 0.194828080781816 || 2017-12-16 08:55:03 |
| 8641 || 2.84172934018406 || 2018-09-25 03:48:43 |
| 8642 || -12.4206805528969 || 2013-02-21 00:23:50 |
| 8643 || 66.2377897365052 || 2013-12-01 04:47:22 |
| 8644 || -19.6568106197533 || 2010-11-07 19:17:36 |
| 8645 || -4.30580267928157 || 2014-03-24 18:23:56 |
| 8646 || -0.366952067695353 || 2017-04-02 22:20:53 |
| 8647 || 38.0386435590317 || 2016-04-27 08:18:11 |
| 8648 || 13.7410261339105 || 2010-10-12 04:30:04 |
| 8649 || 70.2124168590546 || 2014-10-24 21:24:37 |
| 8650 || 23.7550840543684 || 2019-05-14 23:57:33 |
| 8651 || -0.0995434422065685 || 2016-08-06 12:17:43 |
| 8652 || 27.9998551842668 || 2015-09-15 18:00:51 |
| 8653 || -18.4573630397735 || 2016-09-19 17:26:12 |
| 8654 || 32.6936173057753 || 2013-06-06 05:14:26 |
| 8655 || -8.68009779916105 || 2010-05-27 01:32:21 |
| 8656 || 0.000449906245709815 || 2010-11-24 01:50:37 |
| 8657 || 23.3413917588787 || 2015-12-06 15:11:05 |
| 8658 || -8.59655009608238 || 2015-05-06 22:53:39 |
| 8659 || 50.852989671257 || 2017-01-23 05:35:52 |
| 8660 || 5.89217177150739 || 2014-05-07 01:28:50 |
| 8661 || 0.178829467925016 || 2018-04-21 08:09:57 |
| 8662 || -5.559375552165 || 2013-10-19 21:13:32 |
| 8663 || 73.0887016838352 || 2013-02-23 01:56:49 |
| 8664 || 85.641391909792 || 2017-02-09 04:57:25 |
| 8665 || -12.7842499239653 || 2017-03-27 00:30:50 |
| 8666 || -0.433852161792687 || 2012-01-20 00:19:27 |
| 8667 || -6.59362620676776 || 2015-12-12 05:12:55 |
| 8668 || 72.1465943390831 || 2015-09-06 05:24:11 |
| 8669 || 4.65052844219053 || 2011-02-18 00:01:31 |
| 8670 || 46.1137714573582 || 2018-10-27 01:45:39 |
| 8671 || 0.194351834545731 || 2017-11-19 17:00:55 |
| 8672 || 11.2216135330018 || 2019-11-09 17:30:47 |
| 8673 || 0.27262121301475 || 2018-06-20 08:34:11 |
| 8674 || 85.6046722502945 || 2016-07-18 05:58:43 |
| 8675 || 7.74140950095941 || 2011-07-16 05:51:58 |
| 8676 || -0.683482470211945 || 2013-05-07 22:30:06 |
| 8677 || 1.9920950575887 || 2015-10-22 16:52:11 |
| 8678 || 25.6420340547159 || 2013-04-22 00:46:55 |
| 8679 || 17.0218607571266 || 2010-02-01 09:23:26 |
| 8680 || 4.51835070860158 || 2018-05-17 20:26:35 |
| 8681 || 0.607707446769604 || 2010-01-01 10:56:10 |
| 8682 || 7.6629666621182 || 2018-09-21 19:33:55 |
| 8683 || -12.8408607257322 || 2013-02-13 01:28:18 |
| 8684 || 85.2756543714638 || 2016-06-07 20:18:50 |
| 8685 || 34.0001733747128 || 2016-10-02 19:09:07 |
| 8686 || -0.517573876787582 || 2016-04-23 16:09:38 |
| 8687 || -1.3653961843911 || 2018-04-05 11:06:48 |
| 8688 || 10.7011760832074 || 2019-08-19 17:28:41 |
| 8689 || 62.811256054466 || 2016-12-22 20:37:22 |
| 8690 || -21.513726720766 || 2012-10-23 18:18:35 |
| 8691 || 8.60390790843796 || 2015-08-27 08:15:23 |
| 8692 || 2.737567250111 || 2016-11-19 14:54:32 |
| 8693 || -5.36245506751166 || 2011-12-22 18:29:08 |
| 8694 || 81.1047383840028 || 2018-08-21 17:36:17 |
| 8695 || 70.0784222203252 || 2017-09-09 18:51:44 |
| 8696 || 19.6392113634571 || 2010-09-14 15:20:57 |
| 8697 || 0.730120145596511 || 2012-09-20 20:44:00 |
| 8698 || -13.8302816210168 || 2016-08-10 11:23:08 |
| 8699 || 20.7469422244096 || 2013-03-12 10:14:30 |
| 8700 || -16.9798969398562 || 2017-08-12 19:50:28 |
| 8701 || -3.84529245426551 || 2012-02-10 00:06:42 |
| 8702 || 0.125267797697181 || 2013-01-21 11:38:49 |
| 8703 || 1.97315568470581 || 2014-01-08 11:29:56 |
| 8704 || -25.7909908707494 || 2016-11-26 20:01:05 |
| 8705 || 78.7686348221678 || 2010-06-07 05:40:07 |
| 8706 || 2.63512810802589 || 2013-12-27 14:33:45 |
| 8707 || 0.00234954901910889 || 2015-03-15 08:14:25 |
| 8708 || 2.79384638550552 || 2010-06-08 10:49:46 |
| 8709 || 44.0600459452476 || 2015-07-13 09:44:21 |
| 8710 || 63.1749225988655 || 2018-10-05 19:49:32 |
| 8711 || 15.7483286428038 || 2019-05-22 20:41:49 |
| 8712 || 0.164171287306589 || 2017-08-08 15:06:14 |
| 8713 || -3.49552163979754 || 2012-02-01 12:17:43 |
| 8714 || 29.2490605809612 || 2018-01-06 17:54:42 |
| 8715 || 59.8636802278265 || 2012-03-06 05:34:58 |
| 8716 || 39.4602590815919 || 2016-09-26 16:55:49 |
| 8717 || 0.693144916996125 || 2010-08-25 16:10:46 |
| 8718 || -6.79239376994798 || 2019-07-25 01:41:37 |
| 8719 || -11.8703317658422 || 2019-11-02 00:22:33 |
| 8720 || 75.1606614655568 || 2018-10-16 01:42:57 |
| 8721 || 39.994022278764 || 2017-07-10 04:10:26 |
| 8722 || 1.56711650119255 || 2010-07-03 08:00:36 |
| 8723 || 7.93409424093982 || 2016-05-03 15:51:06 |
| 8724 || 23.4668890305729 || 2017-03-02 14:05:05 |
| 8725 || -13.2898022865529 || 2017-04-16 11:45:24 |
| 8726 || -3.03646381398617 || 2014-05-23 07:07:16 |
| 8727 || 1.99246595467187 || 2010-03-23 14:55:19 |
| 8728 || 11.8132722879672 || 2019-12-22 20:10:13 |
| 8729 || -18.2790602471525 || 2018-04-05 03:21:44 |
| 8730 || 4.61806334620575 || 2014-09-07 20:29:52 |
| 8731 || -12.4160887230617 || 2010-10-15 09:44:37 |
| 8732 || 7.32396317538804 || 2011-12-23 15:37:14 |
| 8733 || 8.13076022443732 || 2015-12-02 23:54:59 |
| 8734 || 11.4971921497393 || 2018-02-22 11:12:27 |
| 8735 || 80.1128128604956 || 2019-10-20 11:21:40 |
| 8736 || 17.4997056799751 || 2017-09-13 18:28:14 |
| 8737 || -1.43237631362137 || 2014-06-17 13:11:05 |
| 8738 || 0.541192020464199 || 2012-09-08 03:28:10 |
| 8739 || 27.696566335272 || 2014-06-03 02:56:13 |
| 8740 || 85.0083770559052 || 2012-05-05 17:40:28 |
| 8741 || 64.7212905101485 || 2019-08-04 04:26:51 |
| 8742 || 10.3189445871902 || 2014-11-16 16:33:31 |
| 8743 || 1.08245911569607 || 2012-06-22 04:20:22 |
| 8744 || 42.6499911038541 || 2017-04-01 05:13:20 |
| 8745 || 86.0948161400784 || 2013-11-17 06:02:31 |
| 8746 || 67.9593763907775 || 2010-01-25 23:25:11 |
| 8747 || 13.35655686289 || 2013-03-19 14:55:21 |
| 8748 || 1.25437280113463 || 2010-05-16 23:51:12 |
| 8749 || 20.961671080759 || 2018-09-22 05:17:23 |
| 8750 || -27.7188736670617 || 2018-08-12 23:37:44 |
| 8751 || -19.4261180144953 || 2018-05-20 18:09:27 |
| 8752 || -7.64049858765599 || 2013-12-04 01:11:20 |
| 8753 || -0.0749036222463961 || 2015-04-24 23:13:46 |
| 8754 || 12.7086962657755 || 2016-07-09 19:15:28 |
| 8755 || 33.5695914793501 || 2011-07-08 04:01:35 |
| 8756 || -24.7612319164974 || 2013-06-17 01:15:40 |
| 8757 || 25.572136859473 || 2015-04-03 17:58:42 |
| 8758 || -0.00807140112232371 || 2015-03-15 22:54:47 |
| 8759 || 0.589380049294668 || 2017-12-23 04:05:01 |
| 8760 || 36.8421447233293 || 2012-12-19 23:35:44 |
| 8761 || 6.00835016169574 || 2011-06-13 19:49:54 |
| 8762 || -9.97193518793889 || 2017-04-13 19:41:39 |
| 8763 || -0.0394553835169991 || 2012-06-05 10:49:51 |
| 8764 || 22.213003582685 || 2015-07-22 12:52:58 |
| 8765 || 65.8311093880627 || 2019-03-07 08:04:18 |
| 8766 || -23.3813069904023 || 2015-03-10 09:21:15 |
| 8767 || -8.1779416402425 || 2018-08-14 13:55:31 |
| 8768 || 0.177439669809036 || 2018-10-23 23:46:08 |
| 8769 || 19.2635634404085 || 2019-04-25 09:59:23 |
| 8770 || -14.5332518560749 || 2018-03-06 15:13:40 |
| 8771 || 86.2784103435395 || 2015-05-07 01:26:54 |
| 8772 || 12.781672260067 || 2012-03-12 18:44:10 |
| 8773 || 2.02520549787598 || 2018-06-21 03:01:00 |
| 8774 || 16.929914520779 || 2013-04-10 14:56:28 |
| 8775 || 20.3934479093104 || 2013-05-21 21:51:34 |
| 8776 || -7.99105546166178 || 2015-10-13 19:20:03 |
| 8777 || 35.9403180784782 || 2016-04-20 16:28:53 |
| 8778 || -0.243051901485048 || 2015-09-12 01:39:43 |
| 8779 || 0.751145726620041 || 2010-01-13 23:57:37 |
| 8780 || -21.5344494409721 || 2010-10-03 09:41:13 |
| 8781 || -4.01911670867797 || 2017-11-10 23:37:31 |
| 8782 || 52.4521566860762 || 2010-06-24 21:48:23 |
| 8783 || -2.26133983646162 || 2019-12-01 14:23:27 |
| 8784 || 5.10461945078267 || 2015-05-16 02:16:54 |
| 8785 || -14.3158037619247 || 2019-05-04 23:45:32 |
| 8786 || 9.17053510427906 || 2011-05-05 01:15:59 |
| 8787 || 20.6532630486744 || 2013-04-25 16:22:32 |
| 8788 || 4.7855131772833 || 2019-10-08 08:36:49 |
| 8789 || 2.60276165452289 || 2018-05-10 08:18:57 |
| 8790 || 5.98519576546519 || 2016-04-05 15:48:49 |
| 8791 || 89.5339512662529 || 2013-08-10 08:36:18 |
| 8792 || -4.74845267972038 || 2016-12-13 21:58:34 |
| 8793 || 6.97336301245109 || 2014-04-20 08:09:16 |
| 8794 || -1.32762403444423 || 2015-03-01 11:33:18 |
| 8795 || 48.8481925163591 || 2010-07-26 06:55:31 |
| 8796 || 65.1614051912558 || 2019-01-16 12:50:43 |
| 8797 || 26.1271720579119 || 2012-07-07 17:43:48 |
| 8798 || 17.2532451266955 || 2014-09-14 10:52:29 |
| 8799 || -0.634300738032886 || 2012-02-14 15:03:40 |
| 8800 || 40.2883762654017 || 2013-09-13 11:09:30 |
| 8801 || 25.6645806334293 || 2010-12-02 02:34:48 |
| 8802 || -24.5908679662424 || 2018-09-04 13:18:38 |
| 8803 || 21.2655815706698 || 2015-06-22 02:54:39 |
| 8804 || 0.329838959454899 || 2016-12-11 10:05:26 |
| 8805 || 5.95789710502726 || 2011-10-13 17:34:57 |
| 8806 || 26.1003942897523 || 2010-12-04 04:34:08 |
| 8807 || -21.5563110749636 || 2016-12-16 13:18:25 |
| 8808 || 27.1193859726393 || 2018-06-05 22:14:10 |
| 8809 || 0.0676615296903324 || 2013-05-17 14:19:49 |
| 8810 || 17.862553262589 || 2015-07-14 18:36:37 |
| 8811 || 30.6238366311972 || 2011-07-27 10:00:25 |
| 8812 || 57.9258499387433 || 2016-08-23 08:52:46 |
| 8813 || 31.9497662759211 || 2012-05-22 08:12:18 |
| 8814 || 0.0207204689497334 || 2018-09-17 19:41:27 |
| 8815 || -7.27261621455407 || 2014-02-18 23:09:51 |
| 8816 || -23.0505123876082 || 2014-09-21 19:10:14 |
| 8817 || 73.0681889829154 || 2017-08-14 05:46:05 |
| 8818 || 27.0046541563984 || 2010-07-25 22:36:58 |
| 8819 || -0.149696047802164 || 2018-04-04 10:16:42 |
| 8820 || 21.0968291534969 || 2012-07-02 19:21:59 |
| 8821 || 4.78296544267377 || 2012-07-23 06:53:50 |
| 8822 || -25.8488736039624 || 2015-05-18 00:33:26 |
| 8823 || 39.7288354037145 || 2012-02-21 08:11:56 |
| 8824 || -0.111851286042038 || 2018-07-18 09:48:11 |
| 8825 || -0.906446810444126 || 2011-06-11 12:19:49 |
| 8826 || 29.4210293711195 || 2014-01-17 20:19:35 |
| 8827 || 85.6931441307224 || 2016-03-21 01:42:34 |
| 8828 || 25.1179296956793 || 2010-08-01 20:38:37 |
| 8829 || 0.979475111331163 || 2011-05-26 13:05:52 |
| 8830 || -3.9253118251438 || 2014-06-27 04:14:17 |
| 8831 || -3.68401209119408 || 2014-09-23 23:44:40 |
| 8832 || 86.4042512026225 || 2014-01-27 15:26:41 |
| 8833 || 21.8553209550326 || 2010-06-01 15:50:14 |
| 8834 || 6.34322748863593 || 2013-08-06 10:32:32 |
| 8835 || 10.3361776976483 || 2014-03-02 17:12:56 |
| 8836 || 31.6210805638437 || 2010-12-18 08:12:47 |
| 8837 || 78.4273907336425 || 2019-01-06 15:29:48 |
| 8838 || 46.4936729514492 || 2012-02-16 16:16:13 |
| 8839 || 9.37040881453585 || 2018-10-16 23:41:09 |
| 8840 || -0.788537697990465 || 2013-12-09 01:16:19 |
| 8841 || -10.102043372804 || 2014-06-20 13:44:48 |
| 8842 || -15.6568389740055 || 2017-07-12 17:28:25 |
| 8843 || 9.83404641451086 || 2018-02-21 14:14:41 |
| 8844 || -3.10182468034483 || 2016-10-17 03:07:32 |
| 8845 || 1.13360101925156 || 2015-02-17 18:29:18 |
| 8846 || 30.6026487449852 || 2011-03-24 19:53:30 |
| 8847 || 14.8537328221355 || 2013-11-03 21:22:31 |
| 8848 || 39.4099007767816 || 2019-06-03 06:10:19 |
| 8849 || -0.178950345059483 || 2016-04-09 02:22:30 |
| 8850 || 1.90264295231704 || 2013-12-22 15:05:44 |
| 8851 || 11.3610446864273 || 2014-08-15 12:29:18 |
| 8852 || 44.6406734680533 || 2016-07-08 20:30:08 |
| 8853 || 39.168607493523 || 2011-09-25 14:02:17 |
| 8854 || 6.31097183218345 || 2019-09-05 11:06:29 |
| 8855 || 0.93851643008376 || 2010-08-20 19:20:08 |
| 8856 || 26.7584745897239 || 2012-10-23 04:24:52 |
| 8857 || 71.1958493036024 || 2014-01-10 03:04:53 |
| 8858 || -25.5240558235911 || 2010-04-04 17:05:51 |
| 8859 || 0.284783835577484 || 2012-10-21 17:48:07 |
| 8860 || -0.05388450281346 || 2019-07-18 19:22:00 |
| 8861 || 18.4846422078984 || 2013-03-05 05:30:57 |
| 8862 || 45.56412992907 || 2014-09-25 18:24:27 |
| 8863 || -1.09595023405654 || 2018-08-02 20:24:44 |
| 8864 || -9.6570915484489 || 2014-02-15 14:28:37 |
| 8865 || 0.00218680641435269 || 2013-06-23 11:58:27 |
| 8866 || -4.56647226361169 || 2017-04-07 06:14:05 |
| 8867 || -26.1001590056369 || 2014-03-18 12:56:29 |
| 8868 || 37.1034969563372 || 2019-03-12 01:00:42 |
| 8869 || -11.9270312670441 || 2016-08-02 13:07:27 |
| 8870 || 0.524991237600163 || 2019-03-08 10:39:25 |
| 8871 || 7.26343106661147 || 2012-12-20 07:18:43 |
| 8872 || 64.4419864474122 || 2018-03-05 00:29:32 |
| 8873 || 83.203952434125 || 2010-06-07 10:59:45 |
| 8874 || -6.91689900256875 || 2013-05-09 14:06:32 |
| 8875 || -0.20361505451603 || 2011-06-20 06:43:49 |
| 8876 || -5.36552423230864 || 2010-05-23 18:49:12 |
| 8877 || -9.93939534646108 || 2013-06-09 20:14:06 |
| 8878 || -25.8766215031194 || 2019-02-07 08:33:59 |
| 8879 || 33.7971593255593 || 2013-08-20 00:59:41 |
| 8880 || 1.04909417758968 || 2016-06-01 03:42:54 |
| 8881 || -4.69270131232716 || 2015-09-25 15:43:05 |
| 8882 || 57.4595812556375 || 2018-01-02 03:26:07 |
| 8883 || 24.484352899479 || 2010-01-18 06:19:51 |
| 8884 || -12.7478385497905 || 2010-12-09 21:35:40 |
| 8885 || -1.95233591471615 || 2011-10-02 05:24:24 |
| 8886 || -0.310463836107828 || 2012-12-24 07:00:23 |
| 8887 || 7.89823952420796 || 2018-12-12 23:05:05 |
| 8888 || -9.99171796241863 || 2015-01-09 15:30:37 |
| 8889 || 40.1354520134298 || 2010-11-20 01:59:21 |
| 8890 || -1.01169765423082 || 2011-11-06 07:15:05 |
| 8891 || -2.37444222325441 || 2019-06-12 03:06:17 |
| 8892 || 19.4898247772407 || 2017-01-02 07:37:25 |
| 8893 || -22.9643586531488 || 2019-01-16 07:44:04 |
| 8894 || -8.05173986194319 || 2010-08-14 06:22:45 |
| 8895 || 11.9492439661442 || 2019-10-11 05:56:47 |
| 8896 || 2.56470284749298 || 2018-08-18 11:55:09 |
| 8897 || 48.4374754647155 || 2010-07-14 16:43:19 |
| 8898 || 26.1186148641035 || 2018-03-22 07:31:15 |
| 8899 || -10.4376923287386 || 2014-12-03 08:56:48 |
| 8900 || 15.6278362364963 || 2012-12-14 05:14:20 |
| 8901 || 2.39199655099332 || 2014-08-02 08:22:56 |
| 8902 || 45.1658390758884 || 2010-05-15 19:23:35 |
| 8903 || 87.0633520628425 || 2012-09-09 13:52:13 |
| 8904 || 6.92257246844611 || 2012-12-11 19:58:07 |
| 8905 || 17.1359228820543 || 2015-09-05 11:34:31 |
| 8906 || -0.182408956881192 || 2017-06-10 14:23:58 |
| 8907 || 3.40899246941359 || 2015-06-13 16:36:24 |
| 8908 || -19.5563034575535 || 2018-11-03 22:55:02 |
| 8909 || 57.0403252370782 || 2015-04-25 20:09:00 |
| 8910 || 18.1636957126581 || 2016-05-10 05:00:26 |
| 8911 || -0.0116649130565377 || 2011-08-13 17:44:00 |
| 8912 || 34.7382225429824 || 2014-08-01 20:29:47 |
| 8913 || 77.1862139719561 || 2012-08-19 16:46:40 |
| 8914 || 60.6219383409708 || 2014-05-10 10:33:23 |
| 8915 || 8.24013021815163 || 2015-11-16 10:30:45 |
| 8916 || -0.000349311945132413 || 2019-11-26 18:14:49 |
| 8917 || -5.00588527852691 || 2016-04-26 18:03:33 |
| 8918 || -23.2940680002696 || 2010-05-20 12:47:52 |
| 8919 || 50.4528906874536 || 2013-10-10 20:24:22 |
| 8920 || 34.9994701699798 || 2011-05-09 08:10:07 |
| 8921 || 0.0176863630154357 || 2012-08-16 07:58:03 |
| 8922 || 13.9683893106555 || 2013-01-04 19:18:05 |
| 8923 || -0.327629837215317 || 2019-12-24 10:10:05 |
| 8924 || 30.803817245167 || 2016-06-07 06:38:59 |
| 8925 || -1.79407070262204 || 2016-08-22 13:15:40 |
| 8926 || 0.747027234971895 || 2014-09-20 00:34:55 |
| 8927 || 18.5238629437168 || 2019-06-04 14:53:12 |
| 8928 || -17.7220558752849 || 2010-10-07 12:51:39 |
| 8929 || 40.0968048623135 || 2019-02-06 14:53:16 |
| 8930 || 18.5853346573228 || 2019-04-04 23:25:24 |
| 8931 || -0.0379219448925505 || 2013-10-18 03:01:17 |
| 8932 || 5.72647574214025 || 2016-04-18 12:47:37 |
| 8933 || 21.1315627700596 || 2010-04-15 14:28:18 |
| 8934 || -7.71621558386974 || 2018-05-13 07:10:09 |
| 8935 || 17.6247348270837 || 2012-12-03 06:32:31 |
| 8936 || 5.07753938075317 || 2018-10-18 00:41:09 |
| 8937 || 11.1695116919022 || 2015-02-20 22:15:52 |
| 8938 || 48.994535390503 || 2019-07-08 18:46:36 |
| 8939 || 89.7459250599833 || 2013-03-12 23:00:52 |
| 8940 || 56.7349370350274 || 2017-11-01 04:52:50 |
| 8941 || 3.93815932296345 || 2012-07-02 01:16:18 |
| 8942 || 4.77681679131544 || 2018-09-07 22:37:39 |
| 8943 || 40.9870132671786 || 2011-06-18 17:51:53 |
| 8944 || 78.5125691836532 || 2013-03-17 01:19:38 |
| 8945 || -20.7256951707314 || 2010-06-09 15:15:15 |
| 8946 || 6.4629238419685 || 2010-05-20 19:59:26 |
| 8947 || 1.30457099654704 || 2015-11-06 04:35:41 |
| 8948 || -17.3441552202731 || 2018-01-12 12:38:57 |
| 8949 || 69.0263968742565 || 2010-07-07 07:08:53 |
| 8950 || 35.9702036938064 || 2019-12-11 19:06:51 |
| 8951 || -2.65683344194496 || 2019-08-03 21:31:41 |
| 8952 || 0.770341944336566 || 2016-02-11 23:10:16 |
| 8953 || -5.42803405600649 || 2014-01-17 20:16:54 |
| 8954 || 58.7461925018041 || 2011-09-16 18:34:22 |
| 8955 || 67.4642791029872 || 2016-07-24 00:43:15 |
| 8956 || -2.88573035914558 || 2014-11-23 22:03:45 |
| 8957 || 0.424239755385935 || 2011-12-12 23:25:13 |
| 8958 || 35.3967817344528 || 2014-08-11 15:30:35 |
| 8959 || 59.5095381143979 || 2016-02-25 11:17:42 |
| 8960 || 38.5594427990174 || 2011-05-02 10:40:39 |
| 8961 || 24.3175951906024 || 2018-09-06 12:33:54 |
| 8962 || 0.0237305317301827 || 2010-12-13 18:13:33 |
| 8963 || 34.9777408028256 || 2014-10-05 02:13:54 |
| 8964 || 35.4311452469245 || 2016-01-13 10:29:52 |
| 8965 || -24.7463377708588 || 2010-11-16 21:43:19 |
| 8966 || 2.97214833221999 || 2016-02-18 13:36:27 |
| 8967 || 0.00164591993167413 || 2019-09-06 20:59:17 |
| 8968 || -8.98421987703374 || 2015-11-18 21:06:32 |
| 8969 || 47.3865046031787 || 2010-11-16 04:34:18 |
| 8970 || 29.7156207933438 || 2019-10-18 19:39:16 |
| 8971 || 19.457148503747 || 2013-03-02 21:37:45 |
| 8972 || -0.0309940792978562 || 2017-12-15 16:05:12 |
| 8973 || 0.0589479432511791 || 2016-07-24 16:46:37 |
| 8974 || 54.5163580682994 || 2011-06-25 07:15:03 |
| 8975 || 19.5394175941823 || 2010-01-09 23:56:37 |
| 8976 || -7.38912814736898 || 2013-05-22 20:45:22 |
| 8977 || -0.284801462927982 || 2015-11-15 06:18:34 |
| 8978 || 17.9614100023528 || 2015-10-19 09:20:52 |
| 8979 || 35.6231683563962 || 2015-06-27 05:35:47 |
| 8980 || 37.4517056549935 || 2018-10-15 04:15:04 |
| 8981 || 39.948652074926 || 2013-01-10 05:36:06 |
| 8982 || 0.391105604256435 || 2013-04-02 07:24:43 |
| 8983 || 0.0320734289271793 || 2017-02-14 16:22:13 |
| 8984 || -15.0457745395329 || 2019-01-02 05:12:26 |
| 8985 || -29.6858907614717 || 2010-07-05 12:00:56 |
| 8986 || -15.1251495436358 || 2014-11-25 08:23:30 |
| 8987 || 4.91859181643125 || 2016-02-27 08:42:00 |
| 8988 || 0.484295965124939 || 2010-10-01 06:09:38 |
| 8989 || 12.0260980710578 || 2011-01-09 14:02:52 |
| 8990 || 88.9996177555529 || 2019-11-12 19:00:58 |
| 8991 || -16.8755154853184 || 2012-10-23 01:52:47 |
| 8992 || -2.4597207675496 || 2010-11-06 18:04:50 |
| 8993 || 7.28914489272417 || 2012-07-22 19:54:05 |
| 8994 || 31.018431925775 || 2012-08-01 13:32:26 |
| 8995 || 77.3524233200911 || 2012-10-11 16:52:15 |
| 8996 || -17.0427432010872 || 2014-01-09 07:42:43 |
| 8997 || 10.2986551327261 || 2016-04-10 03:18:06 |
| 8998 || -0.545572688303745 || 2011-03-23 15:41:58 |
| 8999 || 39.5388695534347 || 2011-02-06 20:58:45 |
| 9000 || -3.14216433285327 || 2017-01-21 00:50:29 |
| 9001 || 13.529042557191 || 2011-04-01 03:48:01 |
| 9002 || 8.56266030434726 || 2010-01-12 12:05:07 |
| 9003 || -0.502667507071258 || 2015-09-24 17:52:56 |
| 9004 || 2.53984609995359 || 2015-11-09 06:58:43 |
| 9005 || 17.4208661929131 || 2016-07-04 15:58:40 |
| 9006 || 2.06483663079879 || 2016-03-27 08:18:57 |
| 9007 || -3.82060439829506 || 2019-07-02 15:44:34 |
| 9008 || 1.70693549024243 || 2010-03-09 01:37:15 |
| 9009 || 5.8342499078082 || 2011-03-20 23:27:26 |
| 9010 || 24.5766681093177 || 2010-09-11 09:51:22 |
| 9011 || -24.3749916181056 || 2011-06-07 16:22:52 |
| 9012 || 6.20445836173457 || 2014-05-13 10:54:15 |
| 9013 || 0.200312165888421 || 2011-08-10 20:59:07 |
| 9014 || 20.4373077317107 || 2014-10-07 22:59:09 |
| 9015 || -25.3481095079934 || 2016-12-12 07:02:24 |
| 9016 || -19.3362428685749 || 2019-08-11 20:38:14 |
| 9017 || 11.1021140522403 || 2012-03-05 10:53:31 |
| 9018 || 0.0148692190858454 || 2015-07-18 06:02:49 |
| 9019 || -10.127425898402 || 2018-09-23 02:07:23 |
| 9020 || -25.1005333155514 || 2014-06-11 03:54:38 |
| 9021 || -3.69735859033434 || 2016-11-13 17:40:59 |
| 9022 || -10.3565761123061 || 2019-08-21 18:56:42 |
| 9023 || 0.117681914947182 || 2016-02-09 02:12:04 |
| 9024 || 18.5740594844139 || 2014-05-10 13:36:16 |
| 9025 || -6.83544818088611 || 2017-03-11 00:06:50 |
| 9026 || 10.477564316527 || 2017-02-19 05:24:09 |
| 9027 || 38.7364244383287 || 2017-08-10 08:24:39 |
| 9028 || 0.914353872824519 || 2011-02-22 03:33:06 |
| 9029 || -6.77450341241313 || 2018-02-05 10:10:24 |
| 9030 || -9.6795534588691 || 2010-09-26 22:59:32 |
| 9031 || -11.2076185679304 || 2010-06-11 18:12:45 |
| 9032 || 35.1680870834486 || 2011-06-09 20:57:02 |
| 9033 || 1.04494092042671 || 2012-07-01 07:16:00 |
| 9034 || 12.9195024417958 || 2016-05-04 19:06:57 |
| 9035 || 57.5512898697096 || 2017-09-25 02:09:41 |
| 9036 || 57.5726708932603 || 2013-07-19 15:51:56 |
| 9037 || -10.8846676013067 || 2014-10-07 15:35:59 |
| 9038 || 1.46569394497524 || 2010-07-25 21:14:41 |
| 9039 || -2.87973325171317 || 2019-02-22 18:09:58 |
| 9040 || -20.9944353069548 || 2017-09-22 05:57:33 |
| 9041 || -26.0830336722096 || 2011-08-20 14:28:20 |
| 9042 || 21.4916232505243 || 2013-09-18 12:56:00 |
| 9043 || 3.82360550690334 || 2013-11-02 09:03:32 |
| 9044 || 1.93212917387925 || 2018-08-03 12:06:03 |
| 9045 || 7.24828795032914 || 2018-07-23 08:21:36 |
| 9046 || 15.5551022940557 || 2011-10-18 06:03:10 |
| 9047 || 51.3213900640566 || 2015-01-09 01:37:10 |
| 9048 || 7.76220802289474 || 2012-03-02 19:57:31 |
| 9049 || -0.621413278927924 || 2017-01-13 17:12:54 |
| 9050 || 17.4143085942998 || 2012-06-08 18:19:56 |
| 9051 || -13.8692655308073 || 2013-03-24 01:10:25 |
| 9052 || 56.5914580673913 || 2010-11-23 14:29:29 |
| 9053 || 1.00570218596672 || 2017-04-05 20:22:13 |
| 9054 || 0.0369980910863865 || 2011-05-04 17:23:08 |
| 9055 || 42.2458146794332 || 2012-03-27 18:06:13 |
| 9056 || 67.2102986966587 || 2012-05-23 09:50:25 |
| 9057 || 66.4014663359433 || 2018-03-25 19:22:10 |
| 9058 || -3.64967912105911 || 2012-07-16 13:09:45 |
| 9059 || -0.331756655317635 || 2011-04-26 09:19:21 |
| 9060 || -11.6990516631119 || 2017-12-19 15:23:55 |
| 9061 || -10.4373286793575 || 2012-07-12 00:25:48 |
| 9062 || 8.68483032998445 || 2016-04-22 16:01:34 |
| 9063 || 21.3493352777237 || 2015-04-21 22:51:05 |
| 9064 || 0.704201037013843 || 2016-07-27 19:51:36 |
| 9065 || 32.1958424425667 || 2014-04-20 20:01:29 |
| 9066 || 51.9187058343274 || 2014-09-19 13:10:34 |
| 9067 || 4.51032504031917 || 2016-12-13 12:19:45 |
| 9068 || 0.504293821265898 || 2019-07-19 19:23:15 |
| 9069 || 0.0737915981001664 || 2016-05-09 20:42:28 |
| 9070 || 12.6499099530774 || 2011-07-18 18:14:07 |
| 9071 || 15.1396597050485 || 2013-06-07 18:53:40 |
| 9072 || -6.53384133819851 || 2019-07-22 03:41:20 |
| 9073 || 7.31904457768927 || 2018-06-12 03:23:51 |
| 9074 || -0.00103792935611474 || 2010-10-08 02:17:54 |
| 9075 || 1.11515349076272 || 2016-06-25 02:03:44 |
| 9076 || 63.0635090065718 || 2014-07-12 17:49:00 |
| 9077 || 15.3001459593994 || 2015-09-06 14:25:40 |
| 9078 || -5.37009901513405 || 2011-01-13 19:22:06 |
| 9079 || -0.0114173488971387 || 2015-10-08 21:37:45 |
| 9080 || 22.0875754744845 || 2018-01-26 18:51:27 |
| 9081 || 39.727589964286 || 2018-01-25 17:38:50 |
| 9082 || 7.4201417135631 || 2015-12-13 09:39:40 |
| 9083 || -13.0311608398236 || 2010-01-22 08:19:57 |
| 9084 || 0.912363044437812 || 2018-12-10 22:13:30 |
| 9085 || -5.0068791344939 || 2017-10-23 03:29:35 |
| 9086 || 13.7918172246781 || 2019-12-06 01:54:33 |
| 9087 || -21.6862208271234 || 2015-11-07 15:42:55 |
| 9088 || 48.1313091647334 || 2016-05-27 11:11:12 |
| 9089 || -1.25299162689148 || 2018-05-25 04:00:54 |
| 9090 || -3.44776538301106 || 2016-12-04 03:55:20 |
| 9091 || 60.4691412555723 || 2011-07-11 23:16:10 |
| 9092 || 89.0726849066884 || 2014-04-04 15:04:56 |
| 9093 || 24.1256653770605 || 2014-03-25 19:01:00 |
| 9094 || -0.00302468937214279 || 2019-03-21 12:31:52 |
| 9095 || -1.97124690021233 || 2017-01-18 04:55:30 |
| 9096 || 57.9029724463506 || 2019-06-18 09:23:52 |
| 9097 || -27.5008647696292 || 2019-05-23 10:58:28 |
| 9098 || 47.7395676858991 || 2016-05-11 03:55:21 |
| 9099 || -2.91041045587307 || 2012-07-17 04:47:08 |
| 9100 || 4.79669214342468 || 2018-09-09 23:21:44 |
| 9101 || 50.0938517156633 || 2017-05-20 11:38:39 |
| 9102 || 67.2376973753509 || 2011-11-21 07:28:23 |
| 9103 || 47.2750316520097 || 2015-03-20 22:14:22 |
| 9104 || 5.90654492876838 || 2010-04-22 01:46:35 |
| 9105 || -0.906425553174419 || 2014-07-20 17:31:16 |
| 9106 || 49.0075931172674 || 2013-01-03 11:24:33 |
| 9107 || -24.4355905614802 || 2014-01-09 11:48:58 |
| 9108 || 63.1237792865391 || 2012-04-13 11:43:03 |
| 9109 || 4.74416811796232 || 2012-05-10 12:27:14 |
| 9110 || 2.09184997526719 || 2016-02-16 17:05:11 |
| 9111 || 42.7620178365207 || 2012-05-17 13:53:46 |
| 9112 || 68.5880663189236 || 2019-10-27 04:37:50 |
| 9113 || 47.6086363804891 || 2018-08-27 18:37:40 |
| 9114 || -4.19207148088576 || 2012-04-09 08:50:53 |
| 9115 || 0.889620639273129 || 2016-01-05 16:18:15 |
| 9116 || 30.2259487801001 || 2015-06-26 17:43:49 |
| 9117 || -28.316134357277 || 2015-08-27 05:15:15 |
| 9118 || 16.6147638984589 || 2015-07-08 23:28:16 |
| 9119 || 2.97013480581113 || 2015-02-25 16:19:18 |
| 9120 || 0.109782696524929 || 2011-11-27 23:48:01 |
| 9121 || 26.3923392591839 || 2013-02-22 17:29:11 |
| 9122 || -27.3062996539036 || 2011-02-18 01:50:32 |
| 9123 || 7.71624935560845 || 2011-03-25 17:39:21 |
| 9124 || -10.5928834649685 || 2016-05-12 08:34:32 |
| 9125 || -0.00668501370927403 || 2013-01-14 02:48:19 |
| 9126 || 21.4854054707237 || 2011-10-09 10:29:35 |
| 9127 || 78.7618929075303 || 2017-09-13 17:45:05 |
| 9128 || 24.7212088271599 || 2019-08-21 03:39:24 |
| 9129 || -11.9510111447147 || 2010-08-17 19:13:35 |
| 9130 || 0.161926146625177 || 2010-05-03 06:57:04 |
| 9131 || 5.16821803302961 || 2015-02-08 20:48:32 |
| 9132 || 19.7327911448723 || 2017-07-15 02:35:32 |
| 9133 || 32.3842435130835 || 2015-09-02 05:53:24 |
| 9134 || 38.892854308301 || 2015-08-07 22:52:40 |
| 9135 || 1.17023654505793 || 2014-07-27 20:32:17 |
| 9136 || 18.8179978987642 || 2018-03-10 04:56:59 |
| 9137 || -10.7522721222771 || 2018-04-07 20:07:12 |
| 9138 || 59.9807016193111 || 2019-04-21 21:02:08 |
| 9139 || -9.97649671851505 || 2010-05-23 10:53:19 |
| 9140 || 2.14781387064176 || 2010-08-16 08:51:34 |
| 9141 || -4.82158630656596 || 2014-07-27 11:46:49 |
| 9142 || 60.7688363274737 || 2012-12-18 23:10:00 |
| 9143 || 87.9515851191839 || 2015-03-13 23:53:01 |
| 9144 || -12.2086695993098 || 2018-11-27 08:41:29 |
| 9145 || 6.04812191925583 || 2013-09-22 04:28:00 |
| 9146 || 4.17730113011957 || 2013-04-13 02:57:14 |
| 9147 || 13.5133759073407 || 2013-02-22 09:42:43 |
| 9148 || 35.4121785621459 || 2019-07-20 22:38:13 |
| 9149 || 51.6239739491724 || 2019-09-13 03:21:55 |
| 9150 || 3.86525467398553 || 2019-03-24 14:59:39 |
| 9151 || 4.44048165326736 || 2017-05-26 00:19:16 |
| 9152 || 50.3223932082615 || 2010-12-21 15:35:19 |
| 9153 || 72.3022956959787 || 2017-11-17 06:17:15 |
| 9154 || 27.3148730521476 || 2014-11-26 06:56:14 |
| 9155 || 2.77302317500749 || 2017-05-04 06:25:39 |
| 9156 || 1.46205388679576 || 2019-03-26 08:11:45 |
| 9157 || 22.3561907220405 || 2012-01-19 23:55:32 |
| 9158 || 72.8773028622411 || 2018-01-21 02:47:08 |
| 9159 || 59.755095044315 || 2013-04-04 21:09:44 |
| 9160 || 1.63053806059735 || 2014-04-07 21:40:32 |
| 9161 || -0.863850358522446 || 2014-05-15 07:08:08 |
| 9162 || -10.5443638045269 || 2010-02-05 21:16:32 |
| 9163 || 38.7677068500389 || 2016-01-04 07:55:19 |
| 9164 || 71.4834209961798 || 2010-08-12 19:41:59 |
| 9165 || 19.7281272691234 || 2014-08-12 11:59:51 |
| 9166 || 1.12519463947125 || 2017-06-21 14:06:52 |
| 9167 || 36.7161548764936 || 2019-06-16 11:00:50 |
| 9168 || 4.67582281346113 || 2017-03-13 20:36:52 |
| 9169 || -23.0206396869509 || 2013-02-18 01:33:02 |
| 9170 || 1.13474138099164 || 2017-01-14 15:54:37 |
| 9171 || 0.0359043419974684 || 2011-01-27 04:35:06 |
| 9172 || -9.45371376989801 || 2010-09-14 23:46:22 |
| 9173 || 10.8214040614773 || 2019-12-03 17:00:21 |
| 9174 || 79.0336113037512 || 2011-12-12 02:33:38 |
| 9175 || 0.0189219685187382 || 2014-06-20 22:44:28 |
| 9176 || 0.00231965051181995 || 2019-05-19 11:33:21 |
| 9177 || -2.37737255573105 || 2019-12-06 05:45:25 |
| 9178 || -23.8884659002145 || 2015-11-04 22:07:14 |
| 9179 || 2.91243786777892 || 2010-09-14 00:47:49 |
| 9180 || 11.9766261312611 || 2017-11-23 17:51:37 |
| 9181 || -0.135676556900979 || 2019-10-26 04:35:01 |
| 9182 || 24.1329970593161 || 2014-04-13 21:42:14 |
| 9183 || -8.25925238985084 || 2019-01-15 08:51:13 |
| 9184 || -28.3855068050791 || 2012-05-19 06:01:50 |
| 9185 || -9.47958196485868 || 2016-04-12 06:21:02 |
| 9186 || 0.22817442533067 || 2017-12-09 00:24:16 |
| 9187 || 17.9748720908769 || 2015-06-12 05:30:16 |
| 9188 || -19.0765895150894 || 2017-11-25 03:41:34 |
| 9189 || -27.0050669981442 || 2014-05-18 11:46:59 |
| 9190 || -10.4133809702655 || 2014-03-26 13:38:53 |
| 9191 || -1.06304438701958 || 2015-12-12 15:47:00 |
| 9192 || 14.8602566234225 || 2013-04-20 15:33:17 |
| 9193 || -22.3099858800756 || 2017-11-08 18:51:39 |
| 9194 || 86.5296053660161 || 2017-12-05 21:12:15 |
| 9195 || 49.5621805517286 || 2015-06-05 23:37:28 |
| 9196 || 4.77384322076957 || 2012-03-16 19:06:48 |
| 9197 || 7.35986228482647 || 2013-01-10 06:23:15 |
| 9198 || 10.4468611323981 || 2015-11-01 23:52:09 |
| 9199 || 73.6394949273776 || 2017-09-04 01:10:05 |
| 9200 || 57.4072548603729 || 2015-04-03 03:19:58 |
| 9201 || 3.60353878312139 || 2015-11-13 12:33:18 |
| 9202 || 3.64086167625199 || 2017-07-26 19:29:16 |
| 9203 || 53.2424508666163 || 2014-07-24 02:00:27 |
| 9204 || -27.3875093951675 || 2017-07-12 18:35:21 |
| 9205 || 52.5322285421381 || 2017-02-21 02:15:17 |
| 9206 || 0.259414376820499 || 2013-02-06 19:58:24 |
| 9207 || -1.18656183090835 || 2015-01-16 14:56:28 |
| 9208 || -5.09217413429417 || 2017-09-08 03:12:57 |
| 9209 || 57.4611030339002 || 2015-02-23 18:55:13 |
| 9210 || -22.093706290749 || 2012-07-14 19:03:52 |
| 9211 || -0.172392130855334 || 2017-11-24 21:24:08 |
| 9212 || -0.819783206328726 || 2013-06-23 14:42:21 |
| 9213 || 22.2898905004602 || 2013-02-21 22:25:11 |
| 9214 || 86.490202614639 || 2018-11-02 18:56:17 |
| 9215 || 56.7825750291901 || 2018-04-06 02:11:10 |
| 9216 || 17.5967007171567 || 2011-02-16 11:41:58 |
| 9217 || -0.0664175524850271 || 2012-08-27 14:15:13 |
| 9218 || 28.8328585319464 || 2014-09-25 00:26:38 |
| 9219 || -27.9065635444406 || 2015-05-13 01:02:11 |
| 9220 || 32.4435633857509 || 2010-03-19 16:19:23 |
| 9221 || 0.0407088792212119 || 2013-06-14 05:54:37 |
| 9222 || -0.105802317476625 || 2018-08-12 02:35:33 |
| 9223 || 9.60036772941972 || 2012-11-22 05:14:36 |
| 9224 || 5.22655224009166 || 2011-10-07 14:58:27 |
| 9225 || 76.0564820788814 || 2017-03-18 13:35:40 |
| 9226 || 8.73110159765822 || 2011-06-13 16:17:59 |
| 9227 || -0.000158349388333389 || 2016-01-24 12:59:18 |
| 9228 || 4.59156105356111 || 2018-04-09 22:04:29 |
| 9229 || 10.2992894831214 || 2015-06-12 20:44:25 |
| 9230 || 46.2708838001145 || 2018-01-16 19:43:48 |
| 9231 || 5.12795501680211 || 2019-03-21 22:13:58 |
| 9232 || 0.00670222876756037 || 2015-07-04 10:54:09 |
| 9233 || -3.70113808959501 || 2018-03-19 19:58:30 |
| 9234 || 11.0375203813013 || 2017-07-20 18:12:14 |
| 9235 || 27.6433971194244 || 2014-08-15 19:59:17 |
| 9236 || 21.9284446519685 || 2013-01-19 05:42:14 |
| 9237 || 1.08802866122676 || 2017-04-22 20:26:00 |
| 9238 || -6.82617417837851 || 2019-11-22 09:12:27 |
| 9239 || 21.1090336443872 || 2018-02-21 19:50:49 |
| 9240 || 80.071475520244 || 2018-04-21 14:18:15 |
| 9241 || -12.9506184939848 || 2012-04-14 02:48:18 |
| 9242 || 2.7759939398046 || 2018-12-05 18:41:07 |
| 9243 || 15.8550741208397 || 2013-06-15 08:01:05 |
| 9244 || 67.0939330352097 || 2010-10-14 21:55:30 |
| 9245 || -18.8791609325082 || 2018-01-25 00:00:20 |
| 9246 || -16.5631819829554 || 2018-07-26 19:11:18 |
| 9247 || -0.983759300193622 || 2015-01-08 02:39:13 |
| 9248 || 7.37491608683338 || 2010-09-01 10:56:39 |
| 9249 || 33.3415402381475 || 2012-05-16 06:10:30 |
| 9250 || -5.20026798432838 || 2017-03-06 00:09:26 |
| 9251 || -18.6733968468677 || 2010-11-11 02:17:36 |
| 9252 || 7.63629156018207 || 2013-10-25 12:15:44 |
| 9253 || 0.832619632675037 || 2010-07-22 17:58:08 |
| 9254 || 27.1156782257091 || 2016-09-06 19:34:54 |
| 9255 || 45.7065344628608 || 2018-03-18 23:30:51 |
| 9256 || -18.3010569572026 || 2011-11-14 09:57:55 |
| 9257 || -1.70024524452872 || 2015-10-12 18:18:11 |
| 9258 || 2.68757397217572 || 2018-07-07 08:57:25 |
| 9259 || 10.18330017808 || 2010-02-27 19:19:32 |
| 9260 || -29.7384230878176 || 2012-06-27 05:52:47 |
| 9261 || -14.3646804318654 || 2015-12-09 05:13:36 |
| 9262 || 14.9849292269766 || 2019-09-06 13:03:42 |
| 9263 || 1.84096130219549 || 2014-03-02 12:15:13 |
| 9264 || -15.7462459923004 || 2019-12-21 08:06:58 |
| 9265 || 84.9634384776919 || 2017-07-20 12:02:46 |
| 9266 || -6.40629546491354 || 2015-05-04 09:07:37 |
| 9267 || 18.9643549234103 || 2013-11-26 18:50:01 |
| 9268 || 1.29300044194278 || 2011-10-10 06:33:12 |
| 9269 || 1.0609085175618 || 2014-08-20 18:32:44 |
| 9270 || -24.8802351129654 || 2010-10-10 11:31:48 |
| 9271 || 73.5600350199002 || 2019-07-16 07:20:12 |
| 9272 || 19.1467933224794 || 2012-06-04 07:12:10 |
| 9273 || 0.0823987219111652 || 2016-10-13 20:32:33 |
| 9274 || 26.6146537547639 || 2013-04-17 16:01:18 |
| 9275 || 78.2664860366197 || 2011-04-03 10:17:32 |
| 9276 || 72.4888230479787 || 2011-12-16 02:04:45 |
| 9277 || 15.7563253600955 || 2015-02-16 01:05:45 |
| 9278 || 0.0175070561465621 || 2013-12-13 15:49:17 |
| 9279 || 0.176219812235329 || 2011-10-18 09:54:55 |
| 9280 || 68.3283522602595 || 2014-03-12 12:03:48 |
| 9281 || 25.8235285946802 || 2016-02-27 10:08:54 |
| 9282 || 31.0500361345646 || 2010-03-04 05:24:00 |
| 9283 || -0.0646510004946336 || 2015-03-06 23:55:18 |
| 9284 || 7.19481833328705 || 2014-08-06 21:57:36 |
| 9285 || 76.8415436686063 || 2017-01-26 02:08:02 |
| 9286 || 44.0492435855851 || 2016-01-02 12:02:30 |
| 9287 || 15.6663042877577 || 2017-02-14 01:29:43 |
| 9288 || 0.683744062178709 || 2019-05-27 15:03:56 |
| 9289 || -6.39348677221116 || 2013-10-09 18:16:19 |
| 9290 || -21.3251772463953 || 2010-05-19 23:28:07 |
| 9291 || 50.7909760648014 || 2019-01-12 02:24:56 |
| 9292 || 40.0258476858293 || 2016-06-09 23:31:29 |
| 9293 || -0.793094097869734 || 2011-09-05 15:32:06 |
| 9294 || 4.87629886683412 || 2016-01-19 22:24:54 |
| 9295 || -11.2713933636013 || 2010-01-22 17:09:17 |
| 9296 || -28.764188991277 || 2018-08-23 06:10:33 |
| 9297 || 40.817948966782 || 2015-04-21 07:18:22 |
| 9298 || -0.728116748905082 || 2019-11-02 19:47:28 |
| 9299 || 10.7622200978469 || 2013-11-04 21:10:17 |
| 9300 || 40.6251853418111 || 2019-11-24 16:27:36 |
| 9301 || 86.4156320841909 || 2011-03-25 08:06:48 |
| 9302 || 23.4026741403821 || 2018-11-03 13:20:35 |
| 9303 || -1.22665029836473 || 2013-09-21 13:44:16 |
| 9304 || 4.27683969528468 || 2015-02-20 05:25:46 |
| 9305 || 43.275223827534 || 2018-09-21 03:07:58 |
| 9306 || 77.6246616973215 || 2012-04-02 23:23:56 |
| 9307 || 21.8767096275394 || 2019-09-08 21:10:47 |
| 9308 || 4.45452213028656 || 2019-02-15 18:21:14 |
| 9309 || -1.06031751043586 || 2018-11-04 16:50:13 |
| 9310 || 26.0870855788392 || 2016-09-25 04:43:36 |
| 9311 || 19.6332932977673 || 2010-06-18 22:08:49 |
| 9312 || 18.6720785843823 || 2019-04-06 13:44:53 |
| 9313 || 5.16935573438007 || 2011-09-10 11:45:11 |
| 9314 || 2.97838758261918 || 2012-11-26 11:33:08 |
| 9315 || 19.3157228188854 || 2016-07-08 03:31:18 |
| 9316 || 64.5450282809518 || 2015-05-26 03:05:58 |
| 9317 || -0.753135966876511 || 2019-03-19 14:40:52 |
| 9318 || -6.12959087744517 || 2012-03-14 05:00:48 |
| 9319 || 1.34143241797376 || 2010-01-13 15:10:29 |
| 9320 || 14.6084329103164 || 2019-12-05 23:55:01 |
| 9321 || 29.5798189968135 || 2015-06-22 23:29:58 |
| 9322 || 17.1227852218648 || 2015-11-03 06:23:02 |
| 9323 || 17.5613218736882 || 2010-06-13 13:28:50 |
| 9324 || 0.335052350248223 || 2014-09-14 03:46:14 |
| 9325 || 15.9329132242168 || 2013-06-16 05:36:12 |
| 9326 || 1.78932755722856 || 2014-11-19 20:22:53 |
| 9327 || -25.9309755067802 || 2010-12-24 01:38:56 |
| 9328 || -4.01779699056401 || 2011-08-15 12:04:42 |
| 9329 || 0.0479597141921867 || 2019-06-25 09:09:29 |
| 9330 || -2.14470825673007 || 2014-04-04 18:43:08 |
| 9331 || 47.0112383705547 || 2015-06-25 21:16:11 |
| 9332 || -26.0173718180032 || 2010-10-03 03:47:04 |
| 9333 || 27.8270105426669 || 2012-12-03 02:58:49 |
| 9334 || -0.0284614436552801 || 2015-07-22 00:12:07 |
| 9335 || 19.9122103055148 || 2014-01-09 22:06:16 |
| 9336 || 60.854071043074 || 2017-05-27 14:43:13 |
| 9337 || 77.1214992006533 || 2013-06-21 22:20:58 |
| 9338 || -4.48879854433129 || 2012-12-22 19:49:40 |
| 9339 || 0.785785582117777 || 2010-01-23 16:19:54 |
| 9340 || 8.36087074687961 || 2010-03-01 15:34:31 |
| 9341 || 71.6960809623952 || 2010-02-10 20:55:22 |
| 9342 || 65.7159448171087 || 2015-01-08 06:40:44 |
| 9343 || -6.73978975217863 || 2013-04-26 18:42:49 |
| 9344 || -0.679454715583719 || 2010-02-07 18:06:54 |
| 9345 || -4.09588817096982 || 2013-09-07 02:54:57 |
| 9346 || 55.6820295985833 || 2016-11-23 10:08:16 |
| 9347 || -2.47150350782466 || 2018-02-23 08:42:28 |
| 9348 || 13.8409579941336 || 2017-02-14 18:26:04 |
| 9349 || 0.275170687779503 || 2014-09-24 02:38:21 |
| 9350 || 6.38616234174054 || 2015-07-24 23:40:02 |
| 9351 || -13.0752640953513 || 2015-03-05 13:30:40 |
| 9352 || 68.6448103712917 || 2012-05-02 02:07:52 |
| 9353 || -16.2931994492501 || 2015-05-12 08:04:50 |
| 9354 || 2.7705569544943 || 2017-01-17 08:57:48 |
| 9355 || 2.16425887285945 || 2016-04-21 19:11:42 |
| 9356 || 0.957420593810714 || 2010-03-04 18:01:27 |
| 9357 || 44.1782337374751 || 2013-05-08 17:32:17 |
| 9358 || -18.5868496219519 || 2013-05-27 23:16:35 |
| 9359 || 7.97066713851016 || 2013-07-10 11:10:24 |
| 9360 || 0.515543434789764 || 2017-07-21 02:24:38 |
| 9361 || 16.8271290929499 || 2017-09-03 07:26:34 |
| 9362 || 67.3977221882349 || 2018-10-18 13:33:28 |
| 9363 || 54.9580262449397 || 2018-02-06 08:56:07 |
| 9364 || -3.82939396419231 || 2013-06-18 08:26:47 |
| 9365 || 2.81010739578178 || 2017-06-15 05:13:03 |
| 9366 || 14.3350235016761 || 2013-09-21 09:26:03 |
| 9367 || 15.0972893367756 || 2019-05-19 19:30:57 |
| 9368 || -20.2752110058982 || 2017-03-27 07:19:26 |
| 9369 || 1.65989453300239 || 2017-10-07 23:49:00 |
| 9370 || -0.033111397988106 || 2016-05-23 06:46:02 |
| 9371 || -6.11469929726248 || 2013-03-26 21:22:46 |
| 9372 || -28.6029143619835 || 2011-01-12 20:51:59 |
| 9373 || 52.1714035944773 || 2017-01-14 03:38:11 |
| 9374 || -1.72003387284405 || 2011-07-01 14:47:23 |
| 9375 || -0.258629976783244 || 2011-11-25 11:07:34 |
| 9376 || 9.49126493886927 || 2014-05-12 02:47:56 |
| 9377 || -27.6768221476259 || 2013-08-10 00:51:41 |
| 9378 || 77.8166871498916 || 2019-09-07 00:57:17 |
| 9379 || 24.8583456348643 || 2012-12-01 19:55:29 |
| 9380 || 0.12164318900707 || 2010-05-09 14:19:23 |
| 9381 || -6.34238517523607 || 2015-01-03 08:08:02 |
| 9382 || 21.2709119129476 || 2011-12-20 17:01:57 |
| 9383 || 4.59860549388158 || 2010-12-06 12:43:45 |
| 9384 || 19.5988322167967 || 2014-09-10 05:04:06 |
| 9385 || 0.0498497684747072 || 2017-02-19 06:22:21 |
| 9386 || 16.5878999915982 || 2011-01-08 06:56:49 |
| 9387 || 29.5366097220068 || 2018-01-06 08:30:27 |
| 9388 || 71.7093108979921 || 2015-06-01 07:55:58 |
| 9389 || -12.1056083189611 || 2013-12-22 03:29:00 |
| 9390 || 0.452405377628619 || 2015-11-12 20:08:54 |
| 9391 || 21.2139148751652 || 2015-04-17 17:57:43 |
| 9392 || 63.4529587718719 || 2014-05-06 14:50:06 |
| 9393 || 58.3825682727488 || 2018-06-02 16:05:48 |
| 9394 || 12.8504526062473 || 2016-11-05 14:39:03 |
| 9395 || 0.203553665832553 || 2015-04-21 06:03:52 |
| 9396 || -5.59762986356609 || 2010-05-01 08:58:27 |
| 9397 || 26.1554395981179 || 2019-11-15 08:04:35 |
| 9398 || 48.5879997572866 || 2014-02-12 09:29:07 |
| 9399 || 48.1187797860492 || 2011-01-26 00:21:55 |
| 9400 || 1.59459536506437 || 2014-12-18 20:21:26 |
| 9401 || -3.42972561079799 || 2012-08-22 21:22:11 |
| 9402 || 62.3066007224964 || 2017-03-14 02:51:20 |
| 9403 || 9.48252044430023 || 2018-03-22 04:01:54 |
| 9404 || 26.0108041661666 || 2016-05-12 05:38:20 |
| 9405 || 0.137830046126539 || 2011-09-13 13:43:32 |
| 9406 || 5.58824512551369 || 2017-06-12 14:55:26 |
| 9407 || -7.30416691962705 || 2019-10-27 15:52:42 |
| 9408 || -24.2794251545832 || 2018-02-15 01:19:37 |
| 9409 || 7.33854228699441 || 2014-06-21 23:32:18 |
| 9410 || 4.99140516182319 || 2011-01-05 05:06:44 |
| 9411 || 1.76972320077278 || 2015-12-07 11:07:50 |
| 9412 || 15.4248158305673 || 2016-04-14 14:38:02 |
| 9413 || -29.0048935131817 || 2010-10-07 07:32:00 |
| 9414 || 63.5905650437516 || 2012-12-23 19:43:41 |
| 9415 || 9.08851256266504 || 2018-11-12 19:37:16 |
| 9416 || 1.08293779081202 || 2012-03-26 08:04:31 |
| 9417 || 50.3975660532176 || 2015-01-06 19:45:13 |
| 9418 || 68.5389585502997 || 2013-11-01 21:15:18 |
| 9419 || -19.9598716235284 || 2019-06-17 08:48:23 |
| 9420 || 2.73944443153272 || 2017-02-20 04:08:58 |
| 9421 || -0.324767010195638 || 2015-02-10 08:52:45 |
| 9422 || 37.5348082531935 || 2015-04-10 03:37:05 |
| 9423 || 85.529213550484 || 2019-02-12 11:18:02 |
| 9424 || 44.8214960453675 || 2015-10-23 11:33:18 |
| 9425 || 15.1114795629916 || 2016-12-01 03:30:50 |
| 9426 || 0.985216853445463 || 2018-09-24 11:41:53 |
| 9427 || 15.7241706554545 || 2015-09-12 11:30:50 |
| 9428 || -27.7894079711299 || 2014-01-22 01:41:01 |
| 9429 || 77.0408000349182 || 2014-02-09 08:20:51 |
| 9430 || 24.2323771296135 || 2012-03-11 21:49:51 |
| 9431 || 0.197334653803096 || 2019-06-21 20:44:56 |
| 9432 || 30.2953543540681 || 2015-08-21 04:48:30 |
| 9433 || 61.1302197340344 || 2014-10-21 18:35:52 |
| 9434 || 47.272495220968 || 2018-07-02 02:33:26 |
| 9435 || 29.5331201402152 || 2018-11-18 18:14:08 |
| 9436 || -0.00164138929782518 || 2016-07-08 01:15:12 |
| 9437 || 16.5370429628832 || 2016-02-27 04:55:13 |
| 9438 || 32.0964124080707 || 2014-01-22 16:14:36 |
| 9439 || 40.5339986922907 || 2011-12-19 12:43:56 |
| 9440 || 26.3017995950395 || 2015-04-21 00:04:49 |
| 9441 || 0.195138007541394 || 2017-07-06 13:38:32 |
| 9442 || -7.05958480939787 || 2018-09-13 13:49:03 |
| 9443 || 62.7277893834309 || 2014-09-03 04:47:20 |
| 9444 || -15.3071513338977 || 2011-02-11 15:46:14 |
| 9445 || -6.65415129327929 || 2011-02-20 05:11:59 |
| 9446 || 1.56516875161509 || 2011-05-01 15:10:38 |
| 9447 || 7.82206774743564 || 2012-11-18 19:01:42 |
| 9448 || 64.5100270073469 || 2018-06-04 23:43:42 |
| 9449 || -12.7066781870439 || 2017-11-19 23:04:34 |
| 9450 || 22.3211822149485 || 2012-08-04 11:39:10 |
| 9451 || 0.804204158544064 || 2015-03-19 03:39:52 |
| 9452 || 7.78466964555786 || 2011-06-19 04:35:49 |
| 9453 || 9.96903235972882 || 2011-12-22 00:20:02 |
| 9454 || 85.4332226036542 || 2011-08-16 14:43:57 |
| 9455 || -17.5367507594629 || 2017-06-05 02:42:48 |
| 9456 || 3.63515083511386 || 2011-11-27 06:56:14 |
| 9457 || -3.74362529935148 || 2010-09-25 06:28:16 |
| 9458 || 34.3788263850335 || 2015-01-11 23:44:50 |
| 9459 || -29.9240437054768 || 2015-08-03 20:09:10 |
| 9460 || 21.5865219524532 || 2019-12-14 16:08:02 |
| 9461 || 5.50573836668784 || 2012-10-14 21:25:19 |
| 9462 || -1.47672178899318 || 2015-11-11 19:36:19 |
| 9463 || 55.9194849961737 || 2017-09-08 14:25:38 |
| 9464 || 70.2432131257685 || 2013-04-25 08:49:00 |
| 9465 || -12.9659592873613 || 2010-10-07 04:07:12 |
| 9466 || 12.0407112926278 || 2017-10-19 04:59:33 |
| 9467 || -0.777412464573636 || 2018-09-07 08:57:20 |
| 9468 || -5.76947864263181 || 2018-09-19 20:36:25 |
| 9469 || 40.0658671589937 || 2016-06-16 19:16:47 |
| 9470 || -22.5459364939967 || 2012-07-04 17:39:59 |
| 9471 || 15.9880903691998 || 2013-01-23 03:12:31 |
| 9472 || 2.73880640245207 || 2017-05-13 21:10:13 |
| 9473 || 10.7710959846467 || 2015-11-27 12:40:45 |
| 9474 || -28.8533111716924 || 2011-05-26 13:44:47 |
| 9475 || -23.6542273166038 || 2018-07-13 08:42:08 |
| 9476 || 17.8804993797583 || 2013-01-07 07:45:06 |
| 9477 || 0.493603182272336 || 2019-07-02 01:14:26 |
| 9478 || 23.1682020043947 || 2014-03-15 23:01:53 |
| 9479 || 66.1181091907822 || 2018-08-09 13:29:11 |
| 9480 || 4.73931557653264 || 2017-12-19 02:18:02 |
| 9481 || 24.7651940274192 || 2015-04-18 05:58:09 |
| 9482 || 0.142417799912859 || 2015-11-17 05:46:32 |
| 9483 || -11.3359461193166 || 2010-11-16 00:17:33 |
| 9484 || 83.1768695948141 || 2016-12-02 19:28:31 |
| 9485 || 59.0882119968164 || 2017-11-19 21:45:10 |
| 9486 || 20.2491457564428 || 2019-04-01 00:05:56 |
| 9487 || 7.92687742485331e-06 || 2015-02-26 18:39:53 |
| 9488 || 29.3090793389993 || 2019-07-27 16:08:12 |
| 9489 || 0.0400704506035446 || 2013-08-12 18:49:40 |
| 9490 || -18.0226315679216 || 2016-05-07 16:21:28 |
| 9491 || 10.7895844783998 || 2014-09-07 10:15:56 |
| 9492 || 0.249428675268703 || 2017-05-27 03:04:27 |
| 9493 || 24.0692938542281 || 2018-04-25 17:52:35 |
| 9494 || -24.0292359641285 || 2014-08-03 03:07:44 |
| 9495 || -28.0928265997331 || 2019-03-13 00:15:03 |
| 9496 || 40.3430992343115 || 2012-06-05 18:11:57 |
| 9497 || 1.10788185060272 || 2011-05-15 10:49:34 |
| 9498 || 12.711233293747 || 2019-06-17 12:38:58 |
| 9499 || 22.2287024747145 || 2010-09-08 18:17:31 |
| 9500 || -22.0125816042792 || 2013-01-18 18:12:09 |
| 9501 || 38.9086970353696 || 2014-04-22 08:56:24 |
| 9502 || 2.89377705358467 || 2010-04-02 11:47:09 |
| 9503 || 6.79997087103405 || 2018-04-04 03:24:56 |
| 9504 || -4.8721268349579 || 2012-09-13 06:02:21 |
| 9505 || 83.6334385415909 || 2018-05-25 09:02:01 |
| 9506 || 45.0873689063549 || 2016-03-11 20:50:30 |
| 9507 || 2.92587819037576 || 2015-10-15 19:10:00 |
| 9508 || 11.1630120577733 || 2010-10-21 07:35:03 |
| 9509 || -18.2305828560162 || 2012-03-07 00:52:06 |
| 9510 || 58.9783790648265 || 2014-11-20 20:40:02 |
| 9511 || 7.47677183248898 || 2011-08-11 13:55:52 |
| 9512 || 0.0408863188651463 || 2010-07-07 01:42:32 |
| 9513 || -2.0113280596737 || 2018-08-24 21:16:10 |
| 9514 || 41.7274293196528 || 2014-10-10 23:32:45 |
| 9515 || 74.690437669123 || 2014-09-09 22:12:17 |
| 9516 || -19.1306751001225 || 2016-02-10 11:37:06 |
| 9517 || 4.53879291724919 || 2013-05-21 12:00:21 |
| 9518 || 5.61062837590191 || 2012-03-13 20:28:10 |
| 9519 || 52.1686536630424 || 2010-12-01 03:08:27 |
| 9520 || 5.60182940206558 || 2018-12-07 20:52:20 |
| 9521 || 42.9185150032867 || 2011-06-25 10:17:46 |
| 9522 || 15.2336888982215 || 2019-02-23 13:50:43 |
| 9523 || 1.07078447233059 || 2013-01-07 02:12:46 |
| 9524 || 41.5248329295962 || 2014-04-15 10:21:06 |
| 9525 || 31.6956928693992 || 2016-01-07 14:27:09 |
| 9526 || -0.697800034423553 || 2011-04-01 16:24:49 |
| 9527 || 3.98243298613689 || 2017-01-01 15:40:22 |
| 9528 || 1.14870159033395 || 2019-03-24 06:46:09 |
| 9529 || 14.1021865417991 || 2017-09-24 16:40:17 |
| 9530 || 60.7402539437412 || 2012-11-19 20:51:49 |
| 9531 || 44.6255515875962 || 2019-10-09 08:49:39 |
| 9532 || 20.0169226784859 || 2018-01-16 09:57:17 |
| 9533 || 0.055713254681637 || 2018-02-08 07:08:25 |
| 9534 || 36.1866266253371 || 2019-05-16 00:55:43 |
| 9535 || 83.3276089593888 || 2019-12-07 17:58:36 |
| 9536 || 13.3571924810332 || 2016-04-06 05:31:49 |
| 9537 || 17.8211143294289 || 2012-10-14 03:11:40 |
| 9538 || -0.00298908174994136 || 2019-12-26 08:42:48 |
| 9539 || -6.80199130781385 || 2014-10-22 11:31:26 |
| 9540 || 75.6588968106785 || 2018-08-10 00:26:27 |
| 9541 || 54.3190818277757 || 2013-07-04 20:07:25 |
| 9542 || -0.350826294644191 || 2013-05-18 13:53:55 |
| 9543 || 0.20613806497274 || 2019-07-27 08:36:17 |
| 9544 || 3.68033460069722 || 2010-08-26 03:05:52 |
| 9545 || 75.1335845075813 || 2017-01-08 19:06:46 |
| 9546 || 19.895016342122 || 2013-10-23 21:24:43 |
| 9547 || 2.63656791054203 || 2011-12-09 22:37:20 |
| 9548 || -0.309439361914379 || 2014-03-05 06:10:57 |
| 9549 || 1.19443630759625 || 2011-07-12 14:31:43 |
| 9550 || -6.85231462572486 || 2017-10-02 13:20:05 |
| 9551 || -15.4248348318004 || 2017-05-11 10:12:58 |
| 9552 || 2.80730627547996 || 2017-02-13 04:14:13 |
| 9553 || 0.525137791120303 || 2018-05-22 05:06:20 |
| 9554 || -4.12934601577594 || 2019-08-17 05:23:53 |
| 9555 || -22.5739351757599 || 2014-03-23 10:02:17 |
| 9556 || 54.1992042203384 || 2010-11-03 19:24:25 |
| 9557 || 24.0028647565307 || 2014-07-03 14:17:27 |
| 9558 || -0.660754828102771 || 2011-03-08 16:23:21 |
| 9559 || 12.6643704373658 || 2017-07-26 22:38:46 |
| 9560 || 12.805999664978 || 2018-01-18 10:11:35 |
| 9561 || 77.0405634941989 || 2018-09-21 05:41:33 |
| 9562 || -13.5383817245901 || 2019-07-04 02:46:05 |
| 9563 || 7.44396984293382 || 2018-10-09 14:45:56 |
| 9564 || 8.96044271388075 || 2010-06-27 17:57:47 |
| 9565 || 32.5338743270415 || 2011-10-09 08:07:02 |
| 9566 || 41.855192431513 || 2019-07-08 12:39:55 |
| 9567 || -8.34766578298576 || 2018-09-07 09:20:10 |
| 9568 || 3.2408175761031 || 2012-08-27 14:00:33 |
| 9569 || 5.33461053448003 || 2010-02-16 13:55:23 |
| 9570 || -3.20455543956858 || 2018-03-27 21:07:16 |
| 9571 || 7.48539420212365 || 2018-05-13 19:31:03 |
| 9572 || 12.2296833404852 || 2019-03-20 10:45:48 |
| 9573 || 4.45039197095494 || 2010-12-13 12:58:46 |
| 9574 || -1.20886033463914 || 2012-01-26 04:50:03 |
| 9575 || 44.4688658010433 || 2018-08-26 13:58:17 |
| 9576 || -1.13951719790114 || 2016-04-02 23:00:36 |
| 9577 || 46.0648444425773 || 2010-09-27 14:43:31 |
| 9578 || 17.2720506089286 || 2016-10-25 05:37:44 |
| 9579 || 1.41523759435694 || 2014-03-04 02:52:05 |
| 9580 || 38.1174717140564 || 2019-07-09 00:11:39 |
| 9581 || -24.2443627673462 || 2011-09-19 01:07:27 |
| 9582 || 23.8335485507556 || 2012-08-14 07:07:19 |
| 9583 || -6.01311171242041 || 2016-08-04 03:59:17 |
| 9584 || -0.162320353606774 || 2016-02-17 16:16:57 |
| 9585 || -4.71093796047104 || 2016-03-16 01:07:10 |
| 9586 || 38.9672547156456 || 2015-10-19 07:46:48 |
| 9587 || 78.6225868706398 || 2016-08-09 14:42:11 |
| 9588 || -8.29789742142575 || 2019-12-10 20:45:51 |
| 9589 || -0.0129812391602901 || 2013-01-09 12:03:49 |
| 9590 || -6.86291575671868 || 2010-08-12 04:33:41 |
| 9591 || -26.3545580815948 || 2012-07-19 21:21:54 |
| 9592 || -17.5502819250107 || 2016-04-02 10:39:27 |
| 9593 || 28.5337803964436 || 2013-02-05 01:13:36 |
| 9594 || -0.0299685528900704 || 2013-01-15 05:31:36 |
| 9595 || 22.6317247675459 || 2010-02-19 20:01:57 |
| 9596 || -19.8431975646034 || 2019-09-12 02:51:37 |
| 9597 || 84.0482543783674 || 2011-03-26 20:32:37 |
| 9598 || 38.4925065128252 || 2010-04-20 14:21:14 |
| 9599 || 0.752251928047914 || 2010-05-16 23:19:30 |
| 9600 || 16.1608904888396 || 2016-01-23 13:12:38 |
| 9601 || -24.3259930181206 || 2015-09-10 03:05:58 |
| 9602 || -17.8130959008657 || 2016-10-13 01:56:02 |
| 9603 || 43.6906239854003 || 2019-01-14 06:42:41 |
| 9604 || -0.419662879578782 || 2010-03-11 02:05:42 |
| 9605 || -2.25245087128157 || 2015-08-18 19:26:54 |
| 9606 || 60.0476494556193 || 2010-02-11 13:36:54 |
| 9607 || 87.9935530262292 || 2019-10-02 22:29:15 |
| 9608 || 7.26136389218391 || 2014-04-09 05:07:02 |
| 9609 || -1.26086061201835 || 2018-11-10 20:51:15 |
| 9610 || 3.63260290040514 || 2017-02-11 16:03:31 |
| 9611 || -21.5619017909984 || 2010-10-10 04:12:34 |
| 9612 || 71.4437859355028 || 2012-01-22 01:51:39 |
| 9613 || 52.3600475910638 || 2014-06-11 18:42:55 |
| 9614 || 3.42788145798916 || 2012-12-04 11:04:17 |
| 9615 || -3.2571902641981 || 2013-09-14 06:03:20 |
| 9616 || 45.3213711711833 || 2015-12-08 14:04:56 |
| 9617 || -28.0896395982816 || 2015-05-01 18:28:05 |
| 9618 || 29.9341068238316 || 2014-04-19 13:58:12 |
| 9619 || 9.36097879374543 || 2014-04-23 05:53:05 |
| 9620 || -2.15452952056134 || 2019-12-25 06:48:59 |
| 9621 || 53.5157627417632 || 2019-07-01 01:09:16 |
| 9622 || 41.4003980396133 || 2012-08-13 02:26:51 |
| 9623 || -12.4036483117987 || 2017-11-09 22:50:03 |
| 9624 || -2.64328215444435 || 2016-10-23 10:24:03 |
| 9625 || 3.60049698564775 || 2015-08-14 00:12:37 |
| 9626 || -14.4641868829245 || 2013-04-27 00:10:31 |
| 9627 || 47.1810352710234 || 2016-05-12 13:14:56 |
| 9628 || -22.8570967543475 || 2011-03-12 10:58:21 |
| 9629 || 5.4786758332815 || 2018-04-24 21:12:02 |
| 9630 || -0.217194331833983 || 2017-04-19 04:26:05 |
| 9631 || 29.90204929563 || 2012-11-20 00:01:48 |
| 9632 || 64.3277358783654 || 2012-06-12 11:10:38 |
| 9633 || 73.7944687138037 || 2015-03-22 23:56:10 |
| 9634 || -6.4699745940261 || 2015-08-01 19:46:42 |
| 9635 || 0.178028668160689 || 2011-11-24 07:49:46 |
| 9636 || 36.4093576984044 || 2017-06-23 04:36:17 |
| 9637 || -18.1719045401001 || 2010-09-12 16:12:34 |
| 9638 || -25.0592961427399 || 2011-05-15 04:53:45 |
| 9639 || 20.2420658505607 || 2016-04-16 05:22:32 |
| 9640 || 0.0587775930929975 || 2017-05-22 02:42:56 |
| 9641 || 18.1741905759931 || 2016-11-21 21:38:24 |
| 9642 || 19.9324435376818 || 2013-08-27 21:36:52 |
| 9643 || 24.8398859160276 || 2015-07-03 17:07:43 |
| 9644 || 5.68483042391677 || 2019-05-15 07:42:14 |
| 9645 || 0.0231929923319971 || 2013-08-11 12:37:26 |
| 9646 || -4.46512140814035 || 2010-05-12 09:17:42 |
| 9647 || 25.6071970759642 || 2017-03-25 14:27:45 |
| 9648 || -28.1126469298561 || 2016-04-22 20:02:51 |
| 9649 || 14.9044475020848 || 2014-08-27 21:59:30 |
| 9650 || 0.547497533446092 || 2012-11-12 09:30:14 |
| 9651 || -3.0068295636111 || 2012-11-19 16:44:00 |
| 9652 || 65.0228231526487 || 2011-05-07 02:24:57 |
| 9653 || -12.2931366269822 || 2018-06-23 21:19:30 |
| 9654 || 21.4413426730256 || 2015-11-17 05:04:11 |
| 9655 || -0.505911810176962 || 2010-11-17 22:53:20 |
| 9656 || -5.97799795723603 || 2011-06-13 01:34:18 |
| 9657 || 67.2912677227371 || 2013-09-04 21:04:04 |
| 9658 || 83.945276404101 || 2014-11-09 17:46:21 |
| 9659 || 32.1104070518971 || 2018-10-15 07:51:28 |
| 9660 || 0.577082639706347 || 2015-09-09 00:26:09 |
| 9661 || 0.618565666704494 || 2013-01-05 02:01:51 |
| 9662 || 0.28419598564348 || 2014-01-26 11:02:11 |
| 9663 || 89.5610798076034 || 2010-11-07 08:55:15 |
| 9664 || -15.6017812894724 || 2013-01-05 05:34:38 |
| 9665 || -2.03574456144191 || 2018-12-26 01:01:11 |
| 9666 || 10.3457198762372 || 2014-06-02 01:37:29 |
| 9667 || 25.056133707686 || 2018-11-20 00:27:06 |
| 9668 || 68.2005697738437 || 2017-02-02 16:57:45 |
| 9669 || 5.9186020989499 || 2018-01-07 19:56:08 |
| 9670 || -3.13770332808301 || 2013-05-14 02:01:46 |
| 9671 || -1.34791270172387 || 2019-12-04 10:21:03 |
| 9672 || 41.9348735539857 || 2018-07-06 19:41:53 |
| 9673 || -19.7195874111691 || 2010-09-09 04:12:55 |
| 9674 || 55.1561943752789 || 2010-02-24 07:56:01 |
| 9675 || 10.9045008804259 || 2012-04-20 02:19:52 |
| 9676 || -0.76310601369033 || 2015-02-14 21:16:19 |
| 9677 || 15.6819072542212 || 2011-07-02 05:19:21 |
| 9678 || 78.0088790488799 || 2017-12-18 19:39:25 |
| 9679 || 9.73526962132586 || 2010-06-13 21:55:15 |
| 9680 || -2.94816294431682 || 2012-09-26 18:47:57 |
| 9681 || -0.793268775761757 || 2019-07-07 03:09:57 |
| 9682 || 41.696378888439 || 2011-02-21 00:06:43 |
| 9683 || 40.5244391463937 || 2010-05-17 22:13:34 |
| 9684 || -4.05333021588121 || 2016-06-21 12:18:36 |
| 9685 || -7.0136875030805 || 2019-11-16 19:51:28 |
| 9686 || -0.023376036112853 || 2016-06-04 16:41:09 |
| 9687 || 22.5210131577621 || 2013-07-15 06:48:10 |
| 9688 || 21.1866159354424 || 2019-02-14 13:03:45 |
| 9689 || -19.0358129699619 || 2018-08-09 13:22:57 |
| 9690 || 8.04129608924838 || 2012-01-04 20:59:28 |
| 9691 || -0.00763061028665736 || 2018-04-07 00:47:06 |
| 9692 || -10.8979327005569 || 2013-01-09 16:06:57 |
| 9693 || -23.2466144798635 || 2014-02-10 07:54:15 |
| 9694 || -19.5275222610116 || 2019-07-12 16:00:26 |
| 9695 || 29.6653845831945 || 2012-01-20 14:50:48 |
| 9696 || -8.86219361429162e-05 || 2011-09-11 19:30:19 |
| 9697 || 8.44656148771852 || 2012-11-11 16:24:48 |
| 9698 || -11.482412093984 || 2011-10-01 22:49:31 |
| 9699 || 53.8482388100097 || 2015-01-16 09:52:52 |
| 9700 || 36.6663433593649 || 2019-05-22 18:36:28 |
| 9701 || -0.119932278688106 || 2013-03-02 23:52:31 |
| 9702 || -6.30315535198259 || 2011-06-16 05:27:58 |
| 9703 || -19.7151965057385 || 2011-08-13 06:21:40 |
| 9704 || -24.0585984528064 || 2018-09-22 14:43:17 |
| 9705 || -14.0115575314749 || 2019-12-09 05:06:37 |
| 9706 || 0.798149393436952 || 2012-09-12 10:47:04 |
| 9707 || -2.26632043459694 || 2018-01-24 13:04:36 |
| 9708 || 51.3016139875685 || 2016-12-18 19:42:57 |
| 9709 || 39.1903770792768 || 2010-12-18 01:53:26 |
| 9710 || 45.5643648091336 || 2019-04-15 22:17:17 |
| 9711 || 2.84483729662756 || 2016-02-03 04:46:27 |
| 9712 || 8.58500877215968 || 2013-11-11 15:05:05 |
| 9713 || 10.6902902642682 || 2010-07-20 22:19:04 |
| 9714 || -22.8109215735211 || 2013-10-18 14:48:26 |
| 9715 || -1.60015778435857 || 2018-12-21 06:59:00 |
| 9716 || 2.11619274492901 || 2017-11-17 11:08:27 |
| 9717 || 5.23802873267919 || 2017-10-12 08:27:05 |
| 9718 || -20.5478376145651 || 2017-08-06 10:56:41 |
| 9719 || 89.4112224455178 || 2013-02-15 06:04:39 |
| 9720 || 57.6501156673808 || 2015-02-09 16:28:47 |
| 9721 || -1.66811891718319 || 2019-11-27 05:07:48 |
| 9722 || 2.93259246863637 || 2018-07-03 13:47:49 |
| 9723 || 47.8808079540709 || 2011-07-06 16:39:31 |
| 9724 || 82.1379921127954 || 2016-04-19 16:35:15 |
| 9725 || 13.7961456005793 || 2019-06-23 22:18:50 |
| 9726 || 12.0674789643715 || 2014-10-15 03:08:09 |
| 9727 || 4.02448863078425 || 2012-02-19 07:29:19 |
| 9728 || -14.9713243609963 || 2010-05-27 14:28:28 |
| 9729 || 49.7206259423724 || 2018-06-20 03:23:44 |
| 9730 || -7.06093940639336 || 2016-09-10 00:39:03 |
| 9731 || 11.2512485829526 || 2010-08-11 14:30:47 |
| 9732 || 2.22993723241122 || 2017-11-22 08:20:50 |
| 9733 || 31.0938631649048 || 2014-11-08 06:49:00 |
| 9734 || 69.7358586595637 || 2015-02-06 23:29:35 |
| 9735 || 18.1576283188274 || 2013-09-27 19:22:42 |
| 9736 || 20.3859874189758 || 2015-08-04 19:45:09 |
| 9737 || 0.714840598320931 || 2016-01-17 19:27:04 |
| 9738 || 40.0049157954563 || 2010-07-18 10:56:31 |
| 9739 || -11.6463547050971 || 2012-09-15 15:21:24 |
| 9740 || 75.1980649286076 || 2013-05-10 02:13:23 |
| 9741 || 4.66056244624517 || 2018-03-21 19:18:35 |
| 9742 || -0.0763924036204158 || 2015-11-26 05:28:13 |
| 9743 || 12.3858296973494 || 2013-07-07 18:34:33 |
| 9744 || 80.1136669978289 || 2013-02-01 04:22:58 |
| 9745 || -1.62471575272891 || 2010-10-03 09:21:32 |
| 9746 || 24.4320845775121 || 2018-12-27 22:21:15 |
| 9747 || -0.000445518016273395 || 2015-02-11 20:43:01 |
| 9748 || 15.7197940719218 || 2015-08-25 07:28:21 |
| 9749 || -26.45481449521 || 2010-05-15 14:24:58 |
| 9750 || -10.7792380440855 || 2013-10-05 19:44:07 |
| 9751 || -7.63704289279534 || 2014-11-16 13:49:08 |
| 9752 || 0.00208424823967069 || 2018-07-16 14:38:13 |
| 9753 || 15.4647404227091 || 2017-07-24 04:39:31 |
| 9754 || 63.5196175148798 || 2013-11-02 10:56:32 |
| 9755 || -19.5696472546804 || 2015-05-07 02:43:33 |
| 9756 || 33.1220522133759 || 2014-03-20 22:56:11 |
| 9757 || -0.218786450053757 || 2012-10-26 22:18:21 |
| 9758 || 20.0163200658014 || 2016-10-09 04:30:48 |
| 9759 || 41.3441848732614 || 2015-10-24 17:07:00 |
| 9760 || 61.6988676018251 || 2016-05-22 06:16:58 |
| 9761 || -12.4873557532083 || 2016-11-16 22:03:40 |
| 9762 || 1.13599408477447 || 2017-09-26 19:21:19 |
| 9763 || 6.032851833143 || 2016-03-16 00:55:13 |
| 9764 || 56.2823776828306 || 2010-10-11 13:09:59 |
| 9765 || -9.5472702697394 || 2014-12-16 19:02:50 |
| 9766 || -2.40278029425894 || 2019-12-10 16:33:35 |
| 9767 || -0.84292373602556 || 2011-07-20 05:48:10 |
| 9768 || 8.05882450797629 || 2010-06-11 21:56:50 |
| 9769 || 3.38847487123437 || 2014-07-21 22:10:07 |
| 9770 || -3.75201864069097 || 2010-01-08 19:45:16 |
| 9771 || 44.2258055821622 || 2014-11-09 09:34:31 |
| 9772 || 5.06906293089162 || 2014-11-11 23:57:34 |
| 9773 || 3.8144840298193 || 2013-08-25 19:01:47 |
| 9774 || -0.639997428397794 || 2012-01-14 23:30:13 |
| 9775 || 13.5686134452233 || 2016-01-20 23:15:06 |
| 9776 || 55.5953214008127 || 2011-09-14 21:13:34 |
| 9777 || 9.05520925522323 || 2017-03-09 09:33:54 |
| 9778 || -1.67722252769187 || 2016-03-03 19:47:06 |
| 9779 || 21.8794134317412 || 2015-03-04 09:50:57 |
| 9780 || 82.1746380475304 || 2017-08-17 19:41:31 |
| 9781 || 34.8087274311311 || 2011-01-01 08:26:06 |
| 9782 || -2.33769886381661 || 2013-12-22 06:43:55 |
| 9783 || -1.05505493492015 || 2010-05-20 16:13:39 |
| 9784 || 34.1745829594308 || 2015-03-27 09:27:47 |
| 9785 || -4.44108208545569 || 2017-11-12 13:27:58 |
| 9786 || 26.928308817031 || 2015-10-09 15:14:30 |
| 9787 || -0.121245716158544 || 2019-02-14 19:05:09 |
| 9788 || -0.178702682407893 || 2013-09-01 14:45:46 |
| 9789 || 40.2375723766703 || 2016-07-16 19:21:00 |
| 9790 || -28.1795966346458 || 2011-07-16 08:15:52 |
| 9791 || 75.1048053758804 || 2014-08-12 16:23:39 |
| 9792 || 15.8136695652442 || 2015-03-19 09:04:51 |
| 9793 || 0.410018756820165 || 2019-07-11 07:12:23 |
| 9794 || -7.72520221292201 || 2014-05-19 09:47:18 |
| 9795 || -19.65197017039 || 2013-10-23 09:58:26 |
| 9796 || 74.3702174840202 || 2012-05-13 17:51:39 |
| 9797 || 25.3827938518787 || 2017-05-25 03:26:54 |
| 9798 || 0.000763107930253764 || 2016-06-27 19:54:37 |
| 9799 || 2.12044126179328 || 2014-07-13 21:58:43 |
| 9800 || 63.1001742397339 || 2017-11-16 12:08:38 |
| 9801 || 72.7253975997994 || 2018-03-05 19:53:39 |
| 9802 || 31.6173816882748 || 2013-11-04 16:33:34 |
| 9803 || 0.186799206850979 || 2017-10-02 16:49:05 |
| 9804 || 22.4013760835053 || 2011-04-19 19:55:51 |
| 9805 || -23.0784982423032 || 2012-06-05 09:08:32 |
| 9806 || 14.8202599697007 || 2015-10-11 22:11:40 |
| 9807 || 39.9399286697606 || 2018-09-05 23:47:26 |
| 9808 || 0.433369331928749 || 2018-12-25 00:20:14 |
| 9809 || 5.04874176736677 || 2010-07-24 15:47:11 |
| 9810 || 67.4865391823052 || 2015-01-15 08:11:18 |
| 9811 || 71.6126342412125 || 2012-05-08 09:19:14 |
| 9812 || -5.59265870526439 || 2015-04-13 17:58:40 |
| 9813 || 0.458444921504423 || 2014-10-19 21:11:10 |
| 9814 || 9.79502093374117 || 2015-06-22 20:13:41 |
| 9815 || -11.0785097328845 || 2018-10-23 03:59:06 |
| 9816 || -22.5535836161438 || 2015-10-04 10:00:12 |
| 9817 || -16.6262657368992 || 2019-06-24 19:55:51 |
| 9818 || 4.77128271598399 || 2010-06-04 06:23:58 |
| 9819 || -2.56180532357533 || 2010-08-09 23:08:52 |
| 9820 || -20.7409472259544 || 2015-04-16 00:05:16 |
| 9821 || 43.0951301575515 || 2012-01-01 18:16:15 |
| 9822 || 51.5602105665979 || 2019-08-27 04:04:34 |
| 9823 || 7.2646671014407 || 2014-04-26 21:07:33 |
| 9824 || 6.81046522529561 || 2011-05-17 05:22:48 |
| 9825 || 14.2487609520976 || 2014-06-20 00:28:01 |
| 9826 || -29.8722367970725 || 2010-03-23 12:54:40 |
| 9827 || -10.8102485434868 || 2019-06-10 08:05:46 |
| 9828 || 6.41928443022943 || 2014-02-26 07:38:30 |
| 9829 || -1.64966110934384 || 2013-12-15 20:12:27 |
| 9830 || 25.3997398989097 || 2016-11-14 03:59:05 |
| 9831 || 88.7744916168878 || 2018-10-02 02:42:42 |
| 9832 || -21.7491002291177 || 2012-10-21 10:03:19 |
| 9833 || 8.25843693439623 || 2019-12-22 00:18:36 |
| 9834 || 1.12322504977101 || 2019-01-21 16:07:21 |
| 9835 || 16.9189724717823 || 2013-03-12 13:46:34 |
| 9836 || 77.3952690685576 || 2013-12-05 10:13:07 |
| 9837 || -21.4303399962897 || 2011-06-03 22:23:15 |
| 9838 || 14.5538751146746 || 2013-05-22 15:06:45 |
| 9839 || 0.430516555070545 || 2010-12-14 08:19:28 |
| 9840 || 21.9995516892512 || 2017-10-27 10:14:05 |
| 9841 || 78.7547083898818 || 2017-08-25 18:47:24 |
| 9842 || 31.9370886942068 || 2010-07-14 14:02:54 |
| 9843 || -0.304420160751883 || 2018-10-18 03:54:33 |
| 9844 || 0.563096716954805 || 2012-02-03 08:52:58 |
| 9845 || -0.755282057279037 || 2018-08-09 07:52:14 |
| 9846 || 63.3928697658958 || 2019-01-13 19:33:43 |
| 9847 || 1.70422725822502 || 2017-10-03 17:09:40 |
| 9848 || 9.94282154585872 || 2015-03-02 17:03:46 |
| 9849 || 0.0279532766133183 || 2010-01-08 08:13:16 |
| 9850 || 0.823561364433701 || 2016-09-22 09:33:38 |
| 9851 || -12.4082209803245 || 2014-11-02 18:44:38 |
| 9852 || 35.373151304471 || 2014-08-06 00:05:07 |
| 9853 || -10.4549355136268 || 2010-01-01 18:21:45 |
| 9854 || 0.135916035127397 || 2016-01-26 10:39:23 |
| 9855 || 19.5253162524378 || 2017-07-21 14:19:02 |
| 9856 || 74.9502003323994 || 2010-04-19 00:32:48 |
| 9857 || -24.029861307261 || 2016-01-13 13:57:20 |
| 9858 || 31.5333794904045 || 2013-09-25 07:03:10 |
| 9859 || -0.0846567389917811 || 2013-08-24 17:48:37 |
| 9860 || 0.88224275889573 || 2014-12-13 23:34:35 |
| 9861 || 68.893547856184 || 2014-07-13 01:42:19 |
| 9862 || -24.6415339374901 || 2010-08-14 10:13:00 |
| 9863 || -0.0601341057236969 || 2010-08-12 21:17:41 |
| 9864 || 1.55676469369572 || 2017-03-17 21:56:46 |
| 9865 || 7.60506668927511 || 2014-04-14 10:52:12 |
| 9866 || 29.8135354795293 || 2019-12-26 20:14:53 |
| 9867 || -16.7333007246299 || 2015-07-21 05:39:33 |
| 9868 || 2.02076573485249 || 2013-12-04 17:17:48 |
| 9869 || 2.12719057092276 || 2012-05-17 06:50:44 |
| 9870 || -3.98958690644262 || 2015-09-16 14:59:33 |
| 9871 || 45.5345927330434 || 2017-03-19 17:25:40 |
| 9872 || -18.8809645600999 || 2012-01-03 02:02:11 |
| 9873 || 41.5941033632943 || 2019-10-18 10:21:09 |
| 9874 || 6.20954671711483 || 2016-04-09 02:12:13 |
| 9875 || 9.58920477375673 || 2012-05-05 07:04:23 |
| 9876 || -13.5306362280452 || 2016-11-04 19:56:15 |
| 9877 || 63.4190765603174 || 2015-02-10 17:36:38 |
| 9878 || 16.0751085468868 || 2018-12-03 21:13:36 |
| 9879 || 6.7299431301438 || 2010-06-18 15:55:51 |
| 9880 || -0.827180411740603 || 2010-05-17 10:28:09 |
| 9881 || 1.29980638514216 || 2017-01-01 19:03:54 |
| 9882 || -22.8051340297769 || 2016-01-14 13:07:38 |
| 9883 || -18.847521302661 || 2017-10-14 03:12:25 |
| 9884 || -4.63073561834354 || 2014-02-02 02:04:50 |
| 9885 || 3.66926292587571 || 2017-03-07 17:33:27 |
| 9886 || -6.53947685733661 || 2013-11-13 09:00:43 |
| 9887 || 9.51152056016121 || 2011-06-05 21:18:43 |
| 9888 || 63.1578259288583 || 2014-03-05 06:36:11 |
| 9889 || 9.66751646282127 || 2015-03-21 00:53:13 |
| 9890 || 1.60799953303375 || 2011-10-09 11:41:01 |
| 9891 || 32.8356326701235 || 2011-03-15 06:11:35 |
| 9892 || 13.0835502212423 || 2012-10-11 12:19:53 |
| 9893 || -21.6283468222987 || 2012-09-24 13:44:57 |
| 9894 || 20.4956559703928 || 2012-11-03 11:15:50 |
| 9895 || 0.535036939803743 || 2018-03-14 20:38:02 |
| 9896 || 26.1598344394731 || 2012-07-08 14:32:39 |
| 9897 || -12.1889823904207 || 2013-03-01 08:16:20 |
| 9898 || 69.2765865100049 || 2014-07-27 08:52:21 |
| 9899 || 18.7793792069185 || 2015-04-03 19:33:30 |
| 9900 || -0.0121405387211828 || 2011-10-14 07:47:19 |
| 9901 || 18.4791228806576 || 2018-01-04 11:55:55 |
| 9902 || -24.4001503295526 || 2017-11-04 16:29:58 |
| 9903 || 39.2386335586629 || 2012-06-11 01:59:23 |
| 9904 || -7.10907398452446 || 2016-01-18 08:41:21 |
| 9905 || 0.0640396728167612 || 2013-03-26 11:18:09 |
| 9906 || -8.85833863659 || 2017-11-22 05:39:41 |
| 9907 || -24.860606421224 || 2012-12-25 14:03:20 |
| 9908 || -20.1645834370671 || 2017-04-03 22:56:20 |
| 9909 || 34.4672217251278 || 2017-11-19 05:38:36 |
| 9910 || 0.465459610921448 || 2017-12-04 02:01:21 |
| 9911 || -1.7743627758673 || 2014-05-08 19:22:00 |
| 9912 || 65.2355047856069 || 2014-06-08 08:33:07 |
| 9913 || 44.7590776939405 || 2010-10-20 05:51:36 |
| 9914 || 23.9355139805369 || 2010-06-08 22:40:37 |
| 9915 || 1.61225870713282 || 2010-10-16 14:39:12 |
| 9916 || -1.34031808739499 || 2019-08-21 04:12:28 |
| 9917 || -6.53109437797487 || 2016-10-03 11:53:04 |
| 9918 || -7.52058877494218 || 2010-10-06 18:05:06 |
| 9919 || 22.6314248858016 || 2010-12-11 17:33:45 |
| 9920 || 0.615315650643059 || 2011-03-06 11:47:56 |
| 9921 || 2.81678530921621 || 2012-08-23 03:59:44 |
| 9922 || -18.7205526501425 || 2011-01-19 09:42:59 |
| 9923 || 26.2686474105036 || 2012-12-25 20:54:16 |
| 9924 || -18.0658108240612 || 2015-05-04 16:01:25 |
| 9925 || 0.99252572230973 || 2012-01-10 03:14:24 |
| 9926 || 7.96802505099978 || 2013-04-02 10:32:01 |
| 9927 || -20.0795787975716 || 2014-06-23 22:24:14 |
| 9928 || 5.43438573636392 || 2015-03-09 06:43:20 |
| 9929 || -17.7484846512559 || 2011-07-24 11:48:40 |
| 9930 || 8.32482122047867 || 2010-06-14 15:00:09 |
| 9931 || -0.242627321760294 || 2016-10-13 06:14:22 |
| 9932 || -17.8425003312468 || 2011-12-15 09:29:44 |
| 9933 || -25.2219688831432 || 2015-10-04 07:30:44 |
| 9934 || -11.223048152012 || 2014-11-05 20:55:52 |
| 9935 || 13.1304003922626 || 2011-05-24 10:45:09 |
| 9936 || 1.242199180679 || 2018-05-02 05:31:47 |
| 9937 || 37.9072343771114 || 2016-04-23 09:36:38 |
| 9938 || -8.72446542293087 || 2016-02-14 14:36:33 |
| 9939 || -22.452230215486 || 2013-10-12 09:01:54 |
| 9940 || 10.6913675490114 || 2011-02-25 08:36:23 |
| 9941 || 1.03145582160557 || 2010-11-17 01:57:13 |
| 9942 || 39.516587763648 || 2010-07-18 01:33:45 |
| 9943 || 54.4673885855167 || 2018-12-15 14:13:21 |
| 9944 || 12.1013026798693 || 2019-12-22 01:57:21 |
| 9945 || 0.781699729611417 || 2010-02-09 02:22:24 |
| 9946 || 0.93315527172155 || 2010-05-24 03:14:27 |
| 9947 || -12.4166064452901 || 2016-08-11 23:37:48 |
| 9948 || 71.617199205545 || 2019-06-12 11:41:46 |
| 9949 || 53.5731457264563 || 2012-05-22 01:22:30 |
| 9950 || 26.2222385600834 || 2013-05-25 10:57:05 |
| 9951 || -0.0312610658419147 || 2011-04-26 10:55:57 |
| 9952 || 30.1101470496138 || 2016-03-12 12:46:10 |
| 9953 || 14.6277619792333 || 2019-02-02 07:18:37 |
| 9954 || 47.0880405165928 || 2012-03-20 02:37:45 |
| 9955 || 25.0397722173052 || 2018-02-06 17:32:04 |
| 9956 || 0.000917307979642784 || 2013-12-27 02:52:42 |
| 9957 || 19.4901664948756 || 2011-01-08 11:08:46 |
| 9958 || -14.9827066268892 || 2011-06-18 01:20:32 |
| 9959 || -20.6016057092569 || 2014-03-02 02:38:54 |
| 9960 || 34.8852010083257 || 2018-09-23 08:09:05 |
| 9961 || 0.344428547847771 || 2015-06-25 03:25:16 |
| 9962 || -3.9685078501922 || 2011-07-16 11:58:24 |
| 9963 || 71.7858637854816 || 2017-04-09 01:27:07 |
| 9964 || 86.4891693241012 || 2016-04-08 07:40:48 |
| 9965 || -0.641237123925962 || 2010-05-20 11:36:30 |
| 9966 || 1.59777856974895 || 2015-11-18 12:45:08 |
| 9967 || 16.1451172781559 || 2018-02-16 16:15:10 |
| 9968 || 70.9290416830682 || 2011-03-23 13:24:27 |
| 9969 || 44.9830270341493 || 2016-10-09 03:26:33 |
| 9970 || -3.72100163244468 || 2012-04-26 00:28:00 |
| 9971 || 3.28519107633217 || 2016-02-17 00:27:26 |
| 9972 || 11.7915476180648 || 2011-10-04 03:11:42 |
| 9973 || 8.27214203664501 || 2014-03-23 02:53:39 |
| 9974 || 81.245113275016 || 2013-01-18 16:59:50 |
| 9975 || 9.28014252288996 || 2010-10-18 21:19:51 |
| 9976 || 2.24588346460574 || 2015-11-10 23:54:29 |
| 9977 || 3.54336749328952 || 2017-10-02 19:10:53 |
| 9978 || 54.885744316526 || 2018-03-19 21:32:15 |
| 9979 || 87.2827288727597 || 2019-04-26 12:15:32 |
| 9980 || 47.6780719245919 || 2010-03-17 12:02:55 |
| 9981 || 3.04066486307897 || 2010-12-05 07:46:29 |
| 9982 || 6.96051319163343 || 2013-03-17 00:52:16 |
| 9983 || 13.633513015335 || 2016-07-18 07:43:42 |
| 9984 || 13.7430170771573 || 2014-12-27 19:35:56 |
| 9985 || 63.5239485879981 || 2018-03-12 14:45:39 |
| 9986 || 11.4327534579004 || 2018-11-25 23:33:44 |
| 9987 || -1.45734935500335 || 2013-06-01 02:57:28 |
| 9988 || 7.12920550729541 || 2010-04-17 02:13:11 |
| 9989 || -27.2896177406513 || 2013-12-07 22:57:29 |
| 9990 || -20.1776073305963 || 2015-12-23 13:23:28 |
| 9991 || 14.2672390500565 || 2017-10-07 01:17:53 |
| 9992 || 2.17864011284542 || 2014-10-04 07:13:47 |
| 9993 || 30.4085850785612 || 2014-12-06 04:00:10 |
| 9994 || 66.8595408059226 || 2017-04-15 08:03:14 |
| 9995 || -11.4571369323397 || 2015-11-06 08:15:19 |
| 9996 || 6.13975849381854 || 2014-07-17 10:45:31 |
| 9997 || 0.129601335201705 || 2010-01-26 10:46:50 |
| 9998 || -13.1966810649171 || 2017-10-04 05:36:47 |
| 9999 || -5.23719245761396 || 2012-09-13 15:31:05 |
| 10000 || 74.3447311652853 || 2013-04-10 06:57:45 |
| 10001 || -5.71293843704007 || 2010-12-23 01:54:10 |
| 10002 || 0.172522864513169 || 2014-11-24 06:38:27 |
| 10003 || 24.560956681639 || 2019-10-01 22:52:04 |
| 10004 || 1.13851337518603 || 2015-07-07 03:55:01 |
| 10005 || -26.7354145210595 || 2012-07-08 05:50:34 |
| 10006 || 16.5557217200366 || 2019-03-03 22:04:56 |
| 10007 || 3.33279879117682e-05 || 2014-08-03 23:16:16 |
| 10008 || 16.7793625801835 || 2017-07-13 11:25:22 |
| 10009 || -22.1598796655354 || 2010-06-24 03:06:07 |
| 10010 || 40.2352905570641 || 2015-09-07 14:26:30 |
| 10011 || 28.7215997559324 || 2019-03-22 14:12:29 |
| 10012 || -0.0658332228451875 || 2014-05-01 06:55:32 |
| 10013 || 15.2698473445063 || 2015-02-21 02:48:28 |
| 10014 || 36.7626768408659 || 2012-04-24 10:03:24 |
| 10015 || 14.3629356323284 || 2018-01-26 18:27:13 |
| 10016 || 40.9263378995187 || 2016-09-05 14:29:41 |
| 10017 || -0.4633149152886 || 2017-03-20 23:28:40 |
| 10018 || 16.1019967958307 || 2019-11-19 04:16:10 |
| 10019 || 6.18591126964424 || 2013-02-09 20:53:35 |
| 10020 || -29.3307854599868 || 2014-05-18 01:53:53 |
| 10021 || 26.4388538574471 || 2010-11-13 04:03:33 |
| 10022 || 3.03962156523926 || 2017-08-23 14:35:30 |
| 10023 || 8.88315385380724 || 2017-08-19 06:33:16 |
| 10024 || 59.9572105115368 || 2017-09-01 03:48:08 |
| 10025 || 78.2091328339857 || 2018-12-12 07:28:22 |
| 10026 || 25.476877114785 || 2011-01-14 03:27:12 |
| 10027 || 4.9054854745721 || 2018-10-06 19:32:12 |
| 10028 || 10.5155415130395 || 2012-07-20 08:19:26 |
| 10029 || -20.4673763882788 || 2019-07-04 09:44:26 |
| 10030 || 88.6937599839356 || 2015-08-19 16:28:01 |
| 10031 || 17.834421053148 || 2016-10-20 17:37:50 |
| 10032 || 6.99477896295296 || 2019-12-09 11:20:24 |
| 10033 || -2.72803709288062 || 2018-05-25 16:48:31 |
| 10034 || 54.2123344907902 || 2018-05-17 20:36:05 |
| 10035 || 66.7486077919875 || 2019-10-13 06:17:24 |
| 10036 || -12.2795441844516 || 2018-06-06 00:17:47 |
| 10037 || -0.981290737674586 || 2016-10-08 19:42:15 |
| 10038 || 3.06298211590085 || 2011-12-16 02:34:40 |
| 10039 || 31.9060927764215 || 2019-01-06 11:45:37 |
| 10040 || 70.6487865277384 || 2017-05-14 10:47:13 |
| 10041 || 59.4957340745219 || 2019-01-07 03:36:13 |
| 10042 || -4.51848656695695 || 2019-10-10 21:56:49 |
| 10043 || -0.755632846816399 || 2012-10-07 23:49:32 |
| 10044 || -5.411046930635 || 2017-06-24 10:52:47 |
| 10045 || 75.2271015042933 || 2019-08-16 07:46:20 |
| 10046 || 70.494608940185 || 2017-12-11 13:33:22 |
| 10047 || 17.3246080211504 || 2016-08-14 08:14:44 |
| 10048 || 1.28995867284243 || 2010-12-13 07:13:09 |
| 10049 || 31.1561439082867 || 2015-09-15 00:23:37 |
| 10050 || 58.4235114747106 || 2016-08-10 04:03:56 |
| 10051 || 39.591349163213 || 2014-09-22 08:45:01 |
| 10052 || 14.8553483285912 || 2010-08-24 01:26:43 |
| 10053 || -0.124026125581784 || 2010-06-24 03:59:29 |
| 10054 || -11.0579514709768 || 2019-08-12 07:26:30 |
| 10055 || 34.0649721768589 || 2016-10-16 00:33:48 |
| 10056 || 32.4415821771542 || 2017-12-23 22:51:42 |
| 10057 || 24.6020421407963 || 2018-01-02 12:11:19 |
| 10058 || -0.000293671355400301 || 2015-11-13 09:33:41 |
| 10059 || 4.40140813657859 || 2019-05-06 14:10:58 |
| 10060 || -26.2840658171414 || 2011-12-05 17:55:52 |
| 10061 || 60.8897888936206 || 2014-03-12 02:41:32 |
| 10062 || 27.1213513441403 || 2010-07-16 19:42:54 |
| 10063 || 0.139123968888067 || 2014-08-27 20:56:02 |
| 10064 || -4.0752042991731 || 2010-12-12 20:50:18 |
| 10065 || -24.0269297236064 || 2010-08-11 11:59:27 |
| 10066 || 28.1844901182398 || 2019-06-03 04:16:31 |
| 10067 || 4.56079731117828 || 2013-08-18 10:46:41 |
| 10068 || 1.20540719100784 || 2018-07-19 02:50:53 |
| 10069 || 15.0499005297131 || 2013-08-14 13:42:03 |
| 10070 || -13.8824486240341 || 2014-09-14 19:27:04 |
| 10071 || 64.0850051405549 || 2015-06-27 17:58:13 |
| 10072 || -1.60431601902131 || 2013-07-06 00:46:42 |
| 10073 || 1.88594689661912 || 2012-02-03 02:11:43 |
| 10074 || 12.8341886141927 || 2016-06-25 16:26:33 |
| 10075 || 3.02095592297044 || 2014-06-13 11:30:54 |
| 10076 || -10.0001214646591 || 2014-12-17 17:49:34 |
| 10077 || 24.7744823670503 || 2013-10-26 21:46:57 |
| 10078 || 2.71863580422788 || 2011-04-23 05:10:01 |
| 10079 || 2.14394960717189 || 2013-02-02 05:59:18 |
| 10080 || -11.5641530886914 || 2019-01-27 06:37:06 |
| 10081 || 79.1675369785189 || 2010-08-21 16:15:14 |
| 10082 || -5.10167509221732 || 2012-10-27 15:32:27 |
| 10083 || 2.43521470170603 || 2013-08-09 16:33:55 |
| 10084 || 6.63365190946957 || 2013-10-27 09:31:15 |
| 10085 || -17.7255700692483 || 2013-11-07 10:34:10 |
| 10086 || -25.3155178644768 || 2017-08-03 06:06:46 |
| 10087 || 50.0224043703421 || 2010-07-09 09:24:42 |
| 10088 || 2.51172204807517 || 2012-09-04 11:38:58 |
| 10089 || 3.05147964919242 || 2012-10-10 20:46:43 |
| 10090 || 49.8921805097657 || 2013-06-24 05:56:54 |
| 10091 || -26.5606425028429 || 2011-07-27 02:47:02 |
| 10092 || 11.982539427522 || 2019-07-08 22:22:21 |
| 10093 || -4.72214188355428 || 2010-10-15 05:35:48 |
| 10094 || 2.24613264579011 || 2018-12-17 00:57:16 |
| 10095 || 22.7457055893461 || 2016-12-12 21:47:34 |
| 10096 || 73.3967730440371 || 2017-10-20 07:04:46 |
| 10097 || 32.4406686595249 || 2011-04-11 04:02:06 |
| 10098 || 17.9400550154971 || 2018-08-14 19:48:02 |
| 10099 || -0.4142223140055 || 2015-02-19 10:44:38 |
| 10100 || 27.5700448299426 || 2017-09-20 06:21:57 |
| 10101 || 84.9556886210888 || 2015-10-26 07:17:45 |
| 10102 || 74.4806173634333 || 2013-11-06 00:11:16 |
| 10103 || 2.09381907534686 || 2012-06-18 05:55:14 |
| 10104 || 0.147438770660311 || 2016-11-14 17:05:00 |
| 10105 || -6.59278704987272 || 2013-06-18 08:49:38 |
| 10106 || -27.7604412319415 || 2012-07-14 04:28:23 |
| 10107 || -14.7645267688544 || 2015-08-01 19:42:07 |
| 10108 || -6.95436760434863 || 2014-08-26 05:48:02 |
| 10109 || 0.00604504506388551 || 2012-04-08 05:55:04 |
| 10110 || 1.9463398978793 || 2017-10-05 05:34:09 |
| 10111 || 61.9020772247956 || 2011-03-07 12:39:22 |
| 10112 || 17.9814309560034 || 2015-01-27 08:51:45 |
| 10113 || 26.6592635576454 || 2018-04-05 16:09:07 |
| 10114 || 0.102854102739295 || 2010-01-17 08:09:27 |
| 10115 || 14.8005675260258 || 2015-09-10 18:23:37 |
| 10116 || 58.1919418194071 || 2016-08-21 13:58:30 |
| 10117 || -28.2504172817083 || 2017-05-21 02:38:57 |
| 10118 || -2.44001472781195 || 2011-10-27 10:03:43 |
| 10119 || 0.999437075711102 || 2016-10-11 23:48:34 |
| 10120 || -6.99066184732539 || 2013-06-14 17:44:49 |
| 10121 || 6.90404206716132 || 2014-01-09 05:10:02 |
| 10122 || -16.7509976282373 || 2019-07-14 18:58:19 |
| 10123 || 42.5579976486525 || 2016-02-02 12:58:55 |
| 10124 || -0.498079603092578 || 2017-10-24 09:16:16 |
| 10125 || 3.31062022247347 || 2013-10-13 16:07:07 |
| 10126 || -5.08875701523415 || 2014-03-27 15:36:29 |
| 10127 || 87.8111771334702 || 2015-05-27 00:14:23 |
| 10128 || 5.03000229706611 || 2019-02-04 00:37:14 |
| 10129 || -1.31880185913421 || 2010-02-11 14:47:46 |
| 10130 || 5.63959866985895 || 2012-02-08 16:42:11 |
| 10131 || 51.824884687933 || 2016-07-08 04:13:23 |
| 10132 || 28.7769681273142 || 2013-10-27 12:46:24 |
| 10133 || -15.3207473526991 || 2014-11-13 04:40:46 |
| 10134 || 0.766742251979638 || 2013-01-19 12:49:31 |
| 10135 || 0.862776201480053 || 2010-10-22 16:12:29 |
| 10136 || 16.6376748869136 || 2015-04-16 01:06:11 |
| 10137 || -16.1708874216172 || 2019-07-05 09:52:40 |
| 10138 || 5.44375838855154 || 2017-10-09 10:05:08 |
| 10139 || -2.47560311401548 || 2016-06-02 02:56:33 |
| 10140 || -0.466587195112776 || 2014-07-17 10:20:49 |
| 10141 || 53.2953574196237 || 2012-05-05 11:06:29 |
| 10142 || 65.6177514535004 || 2014-02-07 09:49:55 |
| 10143 || 0.14899376199596 || 2019-03-22 02:56:38 |
| 10144 || 12.9382029969843 || 2011-04-17 23:03:36 |
| 10145 || 3.67910852524194 || 2010-11-03 23:57:38 |
| 10146 || 29.3386912566535 || 2016-04-06 07:05:29 |
| 10147 || -28.7316604799554 || 2012-06-14 14:52:42 |
| 10148 || 42.3538251207757 || 2014-05-25 08:25:42 |
| 10149 || -5.54652190556613 || 2012-10-16 18:48:41 |
| 10150 || -0.578545330514699 || 2016-09-26 22:53:07 |
| 10151 || 18.484545587339 || 2013-02-27 18:49:10 |
| 10152 || 86.461351102973 || 2015-05-09 18:39:33 |
| 10153 || 2.64734800314909 || 2013-09-26 04:02:32 |
| 10154 || 22.9169621410068 || 2018-12-16 09:48:05 |
| 10155 || 0.581390242241411 || 2018-08-09 02:38:25 |
| 10156 || 13.6786255435503 || 2016-10-25 12:33:24 |
| 10157 || 41.0162817305889 || 2012-06-24 14:00:42 |
| 10158 || 74.9773739695363 || 2012-03-01 09:17:55 |
| 10159 || -8.56514820925869 || 2017-04-03 13:46:48 |
| 10160 || 0.0618311283725953 || 2013-01-18 05:08:15 |
| 10161 || 31.9100335592925 || 2019-05-20 23:11:48 |
| 10162 || 41.0290842924392 || 2012-11-18 12:42:04 |
| 10163 || 81.2294079218439 || 2018-12-04 05:30:54 |
| 10164 || 0.703408848088599 || 2017-08-20 18:50:20 |
| 10165 || -0.00585246020452523 || 2018-04-02 07:12:38 |
| 10166 || 3.4075482375009 || 2011-11-20 19:47:06 |
| 10167 || 78.0764421072773 || 2016-05-08 21:43:26 |
| 10168 || 32.0060222738395 || 2014-08-23 15:44:47 |
| 10169 || 28.9978961156822 || 2019-09-09 07:36:35 |
| 10170 || 0.754049106345469 || 2019-04-25 19:15:11 |
| 10171 || 18.7620272988975 || 2017-06-08 13:02:37 |
| 10172 || -24.2045233131343 || 2015-11-07 08:37:26 |
| 10173 || -21.7693837283131 || 2015-01-01 13:22:53 |
| 10174 || -14.0632970817851 || 2015-12-15 01:33:17 |
| 10175 || -0.0775701259386508 || 2015-03-17 07:48:23 |
| 10176 || -5.54236849982437 || 2014-03-12 06:14:00 |
| 10177 || 9.16174691214712 || 2011-08-26 08:31:33 |
| 10178 || -11.0745871945683 || 2016-07-22 02:30:08 |
| 10179 || -14.6998719664105 || 2011-12-17 00:02:36 |
| 10180 || -1.24969608156884 || 2010-08-13 00:46:42 |
| 10181 || 5.28520196129845 || 2015-10-20 22:45:46 |
| 10182 || -20.8217541004337 || 2016-10-14 12:39:14 |
| 10183 || 77.8325812016187 || 2019-02-12 02:32:36 |
| 10184 || 22.2578474336277 || 2018-06-19 10:49:20 |
| 10185 || 6.61730877134182 || 2014-08-03 09:04:06 |
| 10186 || 7.4782161789991 || 2017-09-17 10:35:39 |
| 10187 || -19.1397031414412 || 2014-02-22 07:50:13 |
| 10188 || 64.4024501131195 || 2011-10-04 13:56:45 |
| 10189 || 5.78995478113726 || 2018-01-19 16:21:30 |
| 10190 || 9.76389630163115 || 2019-10-19 13:41:34 |
| 10191 || -0.871427745755215 || 2018-10-21 23:08:01 |
| 10192 || 51.4534122241726 || 2012-09-07 16:06:43 |
| 10193 || 42.97420117174 || 2010-08-08 12:30:31 |
| 10194 || -21.4974497978663 || 2019-04-10 22:55:05 |
| 10195 || -2.55880843123292 || 2011-07-07 22:53:58 |
| 10196 || 1.91885157522107 || 2012-03-23 07:00:27 |
| 10197 || 26.573823890902 || 2016-03-07 21:03:00 |
| 10198 || -28.6673606051848 || 2019-01-19 08:51:39 |
| 10199 || -19.0042183626919 || 2012-02-14 00:01:14 |
| 10200 || 8.20645965808532 || 2012-08-17 22:34:08 |
| 10201 || -0.0554598609850608 || 2011-03-15 00:17:51 |
| 10202 || 19.9706430483414 || 2012-09-03 01:07:22 |
| 10203 || -29.0423547464731 || 2011-02-17 21:13:19 |
| 10204 || -21.0994763297801 || 2013-10-22 18:07:35 |
| 10205 || 16.365051321569 || 2013-12-06 06:06:46 |
| 10206 || 0.122221024106134 || 2015-12-25 18:28:50 |
| 10207 || 35.2536545553123 || 2015-09-13 17:53:16 |
| 10208 || 61.5491436367995 || 2012-01-03 04:37:18 |
| 10209 || -13.7389168256139 || 2016-05-22 00:40:04 |
| 10210 || 14.5341455660815 || 2019-05-26 08:54:23 |
| 10211 || -0.0404712401635498 || 2019-10-27 01:51:38 |
| 10212 || 17.4924274978136 || 2018-06-09 20:11:32 |
| 10213 || 36.5768353232256 || 2019-07-15 13:29:57 |
| 10214 || -26.0610622600322 || 2012-04-25 20:17:24 |
| 10215 || -10.3068758567905 || 2014-12-21 11:41:06 |
| 10216 || 0.00256932849320387 || 2018-01-22 08:58:57 |
| 10217 || 28.0058792248529 || 2015-09-08 18:18:54 |
| 10218 || 3.97242431924874 || 2019-02-03 06:03:47 |
| 10219 || 80.5410012899048 || 2013-09-11 03:29:22 |
| 10220 || 34.7892107611642 || 2019-04-24 15:08:30 |
| 10221 || 0.523163596734523 || 2011-09-25 04:06:15 |
| 10222 || -5.2071925402357 || 2010-09-16 07:03:29 |
| 10223 || 64.7970879108818 || 2019-06-07 08:10:56 |
| 10224 || 50.8042613949638 || 2019-02-22 07:05:38 |
| 10225 || -13.8685345875951 || 2015-11-02 13:05:21 |
| 10226 || 0.315709797685631 || 2015-06-25 16:14:46 |
| 10227 || -0.0381627728125757 || 2015-06-22 17:18:18 |
| 10228 || 22.9590797433866 || 2013-06-20 16:01:10 |
| 10229 || -16.4605314250599 || 2011-11-02 00:12:18 |
| 10230 || 4.44113234998958 || 2018-07-18 19:23:34 |
| 10231 || -0.476591566270915 || 2018-08-13 01:07:30 |
| 10232 || -3.99243840632319 || 2016-04-06 18:51:06 |
| 10233 || 32.2226731329997 || 2019-04-01 21:57:40 |
| 10234 || 46.5405176821625 || 2012-02-16 08:15:06 |
| 10235 || 44.9159618136929 || 2012-02-06 07:33:35 |
| 10236 || -1.88339715035227 || 2014-09-09 06:07:01 |
| 10237 || -2.5393488585407 || 2019-03-07 13:17:36 |
| 10238 || 26.1167125654526 || 2011-02-19 10:01:28 |
| 10239 || 84.2039965208648 || 2010-06-17 09:17:38 |
| 10240 || 40.8673707234766 || 2012-05-04 23:21:48 |
| 10241 || 0.545713759056622 || 2017-09-21 15:50:25 |
| 10242 || 6.45040904482457 || 2012-02-08 04:01:06 |
| 10243 || 44.789026979581 || 2018-01-13 23:29:45 |
| 10244 || 72.1106638571301 || 2019-09-24 01:37:09 |
| 10245 || -10.7045766267735 || 2013-08-08 00:46:31 |
| 10246 || -4.18618592314869 || 2016-08-03 22:51:38 |
| 10247 || 1.43167234388565 || 2010-05-18 04:59:51 |
| 10248 || 40.8157386455393 || 2018-06-09 15:23:54 |
| 10249 || 86.8068181854636 || 2017-03-09 05:32:45 |
| 10250 || -19.347131710183 || 2015-07-01 07:14:31 |
| 10251 || -4.91531325675037 || 2014-04-27 18:47:47 |
| 10252 || -0.0307836919151902 || 2013-02-21 05:07:45 |
| 10253 || 10.284324838254 || 2017-01-01 03:56:50 |
| 10254 || 54.0263181938417 || 2019-01-24 18:50:13 |
| 10255 || -1.16823319732187 || 2018-03-15 01:51:16 |
| 10256 || 21.1179500686921 || 2014-12-15 09:31:14 |
| 10257 || 0.92422926357115 || 2011-06-24 22:34:46 |
| 10258 || -0.853655927428453 || 2013-08-24 22:33:56 |
| 10259 || -24.5399580299644 || 2016-09-15 17:57:59 |
| 10260 || -20.4550662812925 || 2019-06-13 05:00:20 |
| 10261 || 17.010899816361 || 2015-11-24 19:04:10 |
| 10262 || -0.0735326769454028 || 2019-04-16 04:19:51 |
| 10263 || 28.6603388182652 || 2012-03-07 13:51:49 |
| 10264 || -18.2609689269736 || 2018-04-26 02:39:00 |
| 10265 || 71.8700105363445 || 2016-10-25 00:49:55 |
| 10266 || 12.8468858985416 || 2015-06-22 09:28:50 |
| 10267 || -0.0027108137760985 || 2019-08-02 15:27:34 |
| 10268 || 26.5103574700124 || 2014-05-19 15:48:31 |
| 10269 || 66.810441340766 || 2010-01-21 20:34:16 |
| 10270 || 33.7349081145758 || 2018-11-20 11:16:41 |
| 10271 || 33.0621878861486 || 2019-12-09 13:06:51 |
| 10272 || 0.432368402092569 || 2014-08-27 02:57:12 |
| 10273 || 22.9678696794767 || 2016-11-03 00:09:52 |
| 10274 || 25.3146334780117 || 2015-02-09 04:02:48 |
| 10275 || -28.6745089726603 || 2017-07-27 23:54:21 |
| 10276 || -13.3162295595836 || 2016-04-14 00:53:13 |
| 10277 || 0.146200826167787 || 2015-04-06 11:03:02 |
| 10278 || 6.73537967065697 || 2013-09-20 20:35:28 |
| 10279 || -17.9421346031787 || 2012-08-23 06:51:26 |
| 10280 || 86.8328553789035 || 2016-09-11 00:58:58 |
| 10281 || 30.9254904945969 || 2014-08-14 14:41:03 |
| 10282 || -0.785845448352587 || 2013-01-09 18:25:01 |
| 10283 || 15.2196151318668 || 2013-04-20 02:36:41 |
| 10284 || 36.7888103624436 || 2015-10-22 18:01:09 |
| 10285 || -25.2864275768743 || 2017-03-03 09:07:10 |
| 10286 || 51.0327146850024 || 2019-12-02 00:37:29 |
| 10287 || 5.50499651177957 || 2016-05-04 18:11:49 |
| 10288 || 2.24757990494445 || 2014-04-04 20:06:08 |
| 10289 || 59.1293431076067 || 2017-09-16 12:20:50 |
| 10290 || -9.02933914103296 || 2018-11-06 14:42:20 |
| 10291 || 37.3797988200383 || 2019-01-09 14:43:16 |
| 10292 || -1.26285932254953 || 2014-05-04 10:34:21 |
| 10293 || 1.25268117983853 || 2019-08-01 12:31:44 |
| 10294 || 2.11247269483243 || 2018-07-05 12:01:25 |
| 10295 || -29.666253399133 || 2014-10-02 23:45:57 |
| 10296 || 7.58439445489658 || 2011-06-15 09:05:46 |
| 10297 || -2.20061111640437 || 2019-08-21 16:35:12 |
| 10298 || 1.68299346677132 || 2011-05-04 03:34:46 |
| 10299 || 50.5208094832419 || 2016-09-17 17:15:10 |
| 10300 || 52.49130427824 || 2016-08-10 09:47:46 |
| 10301 || 20.2237577593572 || 2015-02-01 04:48:53 |
| 10302 || -3.03845874535802 || 2012-08-25 23:21:43 |
| 10303 || -0.568069685467928 || 2018-07-10 03:30:23 |
| 10304 || -13.0004493942213 || 2015-10-02 17:32:13 |
| 10305 || 86.0707901146479 || 2014-05-24 16:18:10 |
| 10306 || 31.9986699973674 || 2013-12-03 23:43:54 |
| 10307 || 19.2121055925072 || 2014-03-01 02:57:27 |
| 10308 || 1.32064550330233 || 2012-09-23 07:25:54 |
| 10309 || 27.0462527041154 || 2013-07-17 05:16:21 |
| 10310 || 10.7656903229889 || 2013-09-03 10:28:56 |
| 10311 || 61.5993671862884 || 2017-10-10 21:39:42 |
| 10312 || 9.95871050339141 || 2011-10-22 11:18:27 |
| 10313 || 0.309237186159745 || 2015-07-16 11:06:27 |
| 10314 || -10.6702309034629 || 2016-04-19 12:08:58 |
| 10315 || -27.7341617085038 || 2018-02-15 01:21:39 |
| 10316 || -8.52053284502406 || 2017-10-04 06:50:24 |
| 10317 || 24.6589378200586 || 2013-11-15 02:40:28 |
| 10318 || 2.20697595780599e-06 || 2015-08-07 01:31:00 |
| 10319 || 23.682499812552 || 2014-06-12 15:41:33 |
| 10320 || 19.1325253461843 || 2018-09-26 01:52:35 |
| 10321 || 8.66714113088647 || 2011-08-20 10:03:36 |
| 10322 || 34.0607745605363 || 2019-09-15 19:19:03 |
| 10323 || 0.230622398658505 || 2010-01-25 20:25:57 |
| 10324 || 16.1518782634228 || 2010-04-21 10:01:50 |
| 10325 || 0.451653487294027 || 2014-05-12 21:16:50 |
| 10326 || -11.3206464111834 || 2013-04-22 17:50:19 |
| 10327 || 31.0011414105975 || 2019-05-14 09:03:04 |
| 10328 || -0.18264920703297 || 2010-09-24 13:40:35 |
| 10329 || 3.34471114100579 || 2011-12-16 22:01:43 |
| 10330 || -11.369685236108 || 2018-07-17 18:56:29 |
| 10331 || -19.7404263798669 || 2017-02-21 15:47:57 |
| 10332 || 45.48672541938 || 2010-07-09 08:55:40 |
| 10333 || -0.542819695679964 || 2015-09-02 10:35:02 |
| 10334 || 8.81648075589449 || 2010-06-04 07:15:00 |
| 10335 || -1.51689898941421 || 2012-04-21 15:52:21 |
| 10336 || 42.090967575657 || 2017-03-26 11:18:00 |
| 10337 || 6.63742406910417 || 2019-07-24 15:08:47 |
| 10338 || 4.68192497348654 || 2011-04-09 15:40:52 |
| 10339 || -1.24313118440686 || 2011-04-17 01:15:49 |
| 10340 || 50.3943262097414 || 2019-08-14 12:11:13 |
| 10341 || -15.0014683978708 || 2015-03-04 02:23:34 |
| 10342 || 1.33997211846884 || 2015-01-04 13:53:22 |
| 10343 || 4.27208350917185 || 2016-09-07 23:19:30 |
| 10344 || -0.131264956119114 || 2010-08-07 13:19:03 |
| 10345 || 39.5935722807937 || 2017-09-23 20:58:29 |
| 10346 || 36.4557206667298 || 2016-07-24 16:27:27 |
| 10347 || 47.9081184943178 || 2010-05-11 07:01:18 |
| 10348 || -3.50191653137279 || 2015-02-04 06:33:08 |
| 10349 || 5.28982337154921 || 2018-05-13 01:58:22 |
| 10350 || 11.0508770628535 || 2015-02-13 21:00:26 |
| 10351 || -15.2404628317583 || 2011-07-20 23:43:16 |
| 10352 || -21.003008135359 || 2016-08-15 23:50:07 |
| 10353 || 2.18732941134648 || 2010-12-11 08:21:03 |
| 10354 || 3.3105809868467 || 2018-03-07 22:37:45 |
| 10355 || 30.8245769565067 || 2010-05-19 07:19:11 |
| 10356 || 15.8198872003321 || 2019-09-13 13:45:24 |
| 10357 || -23.2321904736975 || 2014-04-27 19:20:46 |
| 10358 || -3.2690395542973 || 2014-10-08 18:36:24 |
| 10359 || 0.726328459840041 || 2011-09-03 20:31:57 |
| 10360 || -8.12058850806385 || 2012-10-05 03:18:12 |
| 10361 || 71.6125763738707 || 2013-09-03 06:12:47 |
| 10362 || -10.996924608102 || 2017-03-07 16:30:25 |
| 10363 || -1.43868067245331 || 2016-07-13 05:37:53 |
| 10364 || -0.0956102160173776 || 2012-08-13 19:49:39 |
| 10365 || 33.8099640051688 || 2015-07-21 02:56:46 |
| 10366 || 83.4928939418875 || 2011-06-04 07:07:10 |
| 10367 || 31.0381856866178 || 2017-10-15 17:33:35 |
| 10368 || 2.17647103482862 || 2011-04-18 22:54:47 |
| 10369 || -0.00433032827772196 || 2015-07-11 18:41:28 |
| 10370 || 19.9671259898867 || 2017-02-15 05:39:16 |
| 10371 || -22.2474519331596 || 2011-01-13 14:35:45 |
| 10372 || 9.81367062982828 || 2013-07-17 02:35:07 |
| 10373 || 33.8442896387809 || 2013-10-16 16:14:27 |
| 10374 || -0.0418811229698782 || 2014-07-15 15:35:57 |
| 10375 || 20.296698013449 || 2014-03-01 20:34:18 |
| 10376 || 69.4154018787278 || 2016-06-15 14:13:47 |
| 10377 || -8.84964802020879 || 2014-01-19 11:49:10 |
| 10378 || 35.6495499152383 || 2013-11-21 11:48:41 |
| 10379 || 0.349221534106701 || 2016-09-20 01:33:44 |
| 10380 || -7.0705921034051 || 2012-04-06 19:11:06 |
| 10381 || -16.5786102757526 || 2011-10-15 07:45:51 |
| 10382 || 75.4515905926774 || 2011-06-04 06:41:21 |
| 10383 || -9.97160389513205 || 2014-11-25 08:37:10 |
| 10384 || -0.440435377928063 || 2010-06-10 06:03:27 |
| 10385 || 7.42196572648664 || 2015-04-20 12:54:37 |
| 10386 || 51.0459814858007 || 2015-03-20 17:22:05 |
| 10387 || 43.7584233331643 || 2018-12-06 22:01:16 |
| 10388 || -2.07237098439428 || 2012-07-16 00:10:44 |
| 10389 || -0.586116591440371 || 2014-04-10 14:17:23 |
| 10390 || 12.6491983648914 || 2012-03-07 12:31:45 |
| 10391 || 46.7342488859226 || 2019-09-25 15:26:56 |
| 10392 || 78.5969830156838 || 2014-12-26 16:56:00 |
| 10393 || -4.07629288194425 || 2019-02-18 07:20:30 |
| 10394 || 4.70648267433769 || 2017-11-20 09:47:32 |
| 10395 || 7.1705366809334 || 2019-12-24 00:16:47 |
| 10396 || -11.0387842146359 || 2019-03-27 11:38:15 |
| 10397 || 68.7947972332299 || 2011-06-06 04:59:07 |
| 10398 || 59.9402765392337 || 2014-07-23 13:31:46 |
| 10399 || -2.95507465859954 || 2019-12-24 23:29:44 |
| 10400 || -0.673228941574045 || 2010-06-26 19:06:55 |
| 10401 || -3.60837093313215 || 2018-11-04 15:50:06 |
| 10402 || -6.16606178360946 || 2017-07-11 20:32:50 |
| 10403 || 54.5704792236319 || 2014-05-22 14:40:58 |
| 10404 || -3.03547874891748 || 2015-08-22 08:51:20 |
| 10405 || 3.69248444844793 || 2016-04-22 02:30:57 |
| 10406 || 20.5919365209975 || 2011-09-13 14:06:37 |
| 10407 || 68.6770295112751 || 2010-08-22 02:56:48 |
| 10408 || 68.6558680244884 || 2013-05-14 09:24:53 |
| 10409 || 17.8835084040817 || 2017-06-16 02:07:44 |
| 10410 || 0.952105001794906 || 2014-09-14 06:31:36 |
| 10411 || 42.772251576675 || 2011-11-26 03:26:54 |
| 10412 || 85.4287800396206 || 2019-09-01 13:01:04 |
| 10413 || 64.1581879306309 || 2015-02-03 14:29:13 |
| 10414 || 20.7815978127962 || 2011-01-27 11:00:09 |
| 10415 || 0.571422589975517 || 2010-07-10 07:42:30 |
| 10416 || 18.9002886805223 || 2014-04-04 09:33:29 |
| 10417 || 47.601301949248 || 2010-05-05 22:47:12 |
| 10418 || 0.718916446402081 || 2017-10-10 05:39:27 |
| 10419 || -8.49129578444258 || 2012-07-06 16:05:06 |
| 10420 || -0.0158715817106717 || 2017-08-17 14:55:18 |
| 10421 || 24.2156764704324 || 2010-11-19 21:28:32 |
| 10422 || -27.1213306152367 || 2014-09-26 16:06:56 |
| 10423 || -14.1758395477241 || 2014-02-02 09:23:54 |
| 10424 || -11.0807762854051 || 2017-09-01 20:02:37 |
| 10425 || 0.0234424773828434 || 2012-12-12 00:23:24 |
| 10426 || 26.5790568296511 || 2017-07-18 11:10:09 |
| 10427 || -25.4079629273336 || 2011-03-10 21:01:43 |
| 10428 || 0.368252584588633 || 2014-07-02 03:24:30 |
| 10429 || 5.67270575609872 || 2013-08-10 02:50:36 |
| 10430 || -0.189324132600145 || 2015-11-04 19:34:53 |
| 10431 || -6.61069410981271 || 2018-03-01 15:08:30 |
| 10432 || -24.3536799409481 || 2010-04-05 07:26:09 |
| 10433 || 73.1725722599229 || 2014-07-16 10:18:40 |
| 10434 || 25.6349608559594 || 2015-01-07 11:10:34 |
| 10435 || -0.214436896077327 || 2015-10-01 02:42:41 |
| 10436 || 16.774320239778 || 2014-01-01 13:15:36 |
| 10437 || 50.6285953324941 || 2019-04-25 19:44:07 |
| 10438 || 24.2840300601262 || 2012-01-16 01:57:11 |
| 10439 || -16.4704621028203 || 2010-01-23 23:23:05 |
| 10440 || -0.863670298716151 || 2014-04-16 22:55:08 |
| 10441 || 10.1064209619863 || 2014-10-04 05:41:19 |
| 10442 || 52.4087561388509 || 2018-08-20 22:50:57 |
| 10443 || 15.5010428618508 || 2019-09-07 14:53:21 |
| 10444 || 51.5155646389391 || 2018-10-14 02:30:48 |
| 10445 || 6.51152642061336 || 2016-02-18 16:01:47 |
| 10446 || 9.85583469200245 || 2017-06-10 14:02:27 |
| 10447 || -17.7902876795582 || 2011-12-03 04:33:14 |
| 10448 || 89.8677484775232 || 2015-01-01 07:23:04 |
| 10449 || -16.9178328261123 || 2010-09-25 10:22:26 |
| 10450 || 9.74278569573912 || 2018-04-06 15:26:24 |
| 10451 || 0.669507771977338 || 2011-08-27 01:14:06 |
| 10452 || -18.1653215411499 || 2013-08-01 11:31:48 |
| 10453 || -25.1224504625747 || 2017-10-18 08:18:35 |
| 10454 || 17.5696513723038 || 2013-11-20 07:22:28 |
| 10455 || 8.80100451475514 || 2013-11-09 16:49:06 |
| 10456 || 4.01875823934251 || 2010-06-17 04:16:25 |
| 10457 || -9.15210125323077 || 2015-06-08 20:49:53 |
| 10458 || 70.1881159330617 || 2016-08-12 00:07:43 |
| 10459 || -15.0659510616597 || 2017-07-27 02:18:31 |
| 10460 || 17.7569055020763 || 2014-04-24 04:13:19 |
| 10461 || 1.37644866664276 || 2017-07-03 14:52:28 |
| 10462 || 40.2599960171747 || 2014-04-22 19:26:41 |
| 10463 || 80.2019718687486 || 2019-03-19 12:44:06 |
| 10464 || 71.7923451444348 || 2012-12-26 10:40:25 |
| 10465 || 19.6871839174286 || 2018-12-24 07:06:44 |
| 10466 || 0.28843122045773 || 2019-08-22 02:00:05 |
| 10467 || 31.1005800879159 || 2019-01-07 18:06:43 |
| 10468 || -25.8498016479468 || 2017-10-20 14:55:05 |
| 10469 || -25.5834121695042 || 2018-01-10 10:34:55 |
| 10470 || 26.7535938490278 || 2017-12-09 16:16:49 |
| 10471 || -0.0279753142727113 || 2014-07-03 11:45:09 |
| 10472 || 30.0894471664126 || 2019-05-20 06:13:47 |
| 10473 || -24.0089002022092 || 2019-10-12 00:00:10 |
| 10474 || -26.4513581715675 || 2012-08-12 23:49:47 |
| 10475 || 1.83015308059252 || 2014-04-26 03:55:33 |
| 10476 || -0.00445959973673851 || 2018-04-18 23:45:46 |
| 10477 || 7.2243689965176 || 2013-04-11 09:54:25 |
| 10478 || 48.4235353899064 || 2016-10-01 19:27:46 |
| 10479 || -9.83623731922294 || 2018-09-04 15:58:15 |
| 10480 || -9.17686740764476 || 2018-02-12 10:13:36 |
| 10481 || 0.128384249711507 || 2012-07-17 04:27:56 |
| 10482 || 13.6627131485625 || 2018-03-09 13:42:42 |
| 10483 || -3.81928711287373 || 2018-08-12 03:59:20 |
| 10484 || 21.7289623854308 || 2014-01-24 02:23:43 |
| 10485 || 11.8961617044244 || 2015-03-24 11:38:07 |
| 10486 || 0.459202699179448 || 2015-04-23 03:07:59 |
| 10487 || 4.31346352091442 || 2016-01-09 08:11:34 |
| 10488 || 5.51160457341296 || 2013-04-11 16:19:52 |
| 10489 || -4.52093509964965 || 2014-08-17 03:47:19 |
| 10490 || 5.86976852231639 || 2012-01-12 03:09:10 |
| 10491 || 3.78307312658412 || 2011-01-20 06:28:48 |
| 10492 || 12.2259363130614 || 2014-09-20 09:25:03 |
| 10493 || 65.7281066078378 || 2016-10-11 11:06:38 |
| 10494 || -28.6062968570625 || 2014-11-12 09:06:18 |
| 10495 || 46.1684570243357 || 2019-05-05 02:13:14 |
| 10496 || 4.79560018460591 || 2017-02-25 14:44:42 |
| 10497 || -2.46656632688338 || 2015-02-05 14:38:44 |
| 10498 || -9.36224745582282 || 2016-12-01 10:51:43 |
| 10499 || 72.3534409901059 || 2014-09-06 19:36:23 |
| 10500 || 46.551242582425 || 2016-07-26 20:17:45 |
| 10501 || -0.05608742434658 || 2010-04-16 07:26:22 |
| 10502 || 6.58719693992397 || 2016-02-06 13:44:30 |
| 10503 || 50.6429297023286 || 2016-12-27 10:16:47 |
| 10504 || 89.6181354219025 || 2013-04-03 10:53:35 |
| 10505 || -0.0370742952840217 || 2012-08-16 11:46:53 |
| 10506 || -2.81435545604474 || 2019-09-13 01:00:09 |
| 10507 || 4.06726153220197 || 2011-08-27 20:00:49 |
| 10508 || 50.2078810273789 || 2017-11-15 09:20:06 |
| 10509 || -27.9920605826436 || 2017-10-04 08:32:19 |
| 10510 || -20.6688767215582 || 2017-04-04 20:23:37 |
| 10511 || 0.594939300124887 || 2018-05-10 00:42:48 |
| 10512 || -0.788647267411285 || 2015-02-24 01:19:37 |
| 10513 || 44.5928792082455 || 2010-10-11 01:32:05 |
| 10514 || 16.1793305604357 || 2018-02-05 07:33:23 |
| 10515 || -13.5862619978076 || 2013-06-18 02:27:41 |
| 10516 || 14.5053924060018 || 2014-10-19 19:22:49 |
| 10517 || 0.519292271671701 || 2014-03-03 14:12:43 |
| 10518 || -6.93584235804325 || 2012-03-22 01:55:34 |
| 10519 || 71.3114144889858 || 2016-07-07 01:12:04 |
| 10520 || 70.6856229932224 || 2014-07-06 16:13:35 |
| 10521 || 23.9652790902652 || 2019-07-13 14:22:09 |
| 10522 || -0.0413390116091609 || 2019-03-20 22:20:32 |
| 10523 || -11.3403245510939 || 2014-07-11 16:10:32 |
| 10524 || 82.2372991255009 || 2016-02-10 22:43:19 |
| 10525 || -14.7257746422133 || 2016-03-15 01:09:10 |
| 10526 || 23.1411563400394 || 2018-02-02 08:46:34 |
| 10527 || 0.00224622381059504 || 2011-06-12 06:59:57 |
| 10528 || -2.1845860399165 || 2011-04-03 11:11:35 |
| 10529 || 18.9248211596237 || 2014-02-03 07:59:22 |
| 10530 || -1.34048095256397 || 2017-10-16 17:42:47 |
| 10531 || -1.24281618075318 || 2016-02-23 16:47:30 |
| 10532 || 0.400267995611977 || 2018-12-03 12:32:14 |
| 10533 || 8.15450987457617 || 2019-09-22 05:44:18 |
| 10534 || 3.15485747681419 || 2015-09-26 01:10:23 |
| 10535 || 76.0416090682749 || 2016-09-25 20:25:13 |
| 10536 || -10.182779253848 || 2019-10-04 15:01:52 |
| 10537 || 0.744526644697985 || 2018-02-17 15:18:59 |
| 10538 || -5.7296126214667 || 2017-08-20 22:17:16 |
| 10539 || 10.9984427248591 || 2014-01-02 22:25:59 |
| 10540 || -23.8433687977155 || 2014-01-15 16:27:56 |
| 10541 || 31.3200033886922 || 2010-11-16 15:02:19 |
| 10542 || -0.865987003006379 || 2017-05-02 01:51:49 |
| 10543 || -2.85980722013083 || 2014-07-14 23:19:55 |
| 10544 || -0.0610175413562194 || 2019-04-01 19:41:08 |
| 10545 || -29.7951133486238 || 2016-03-22 04:48:36 |
| 10546 || 11.3365456082992 || 2011-06-12 11:39:37 |
| 10547 || 2.27631016412644 || 2017-01-17 20:07:46 |
| 10548 || -2.149738454827 || 2012-01-15 13:14:04 |
| 10549 || -2.11529486916265 || 2010-05-18 01:14:31 |
| 10550 || 77.8576898794408 || 2011-06-07 18:56:25 |
| 10551 || -11.2778289475431 || 2014-10-18 16:56:53 |
| 10552 || 0.168336695015074 || 2019-06-27 11:05:37 |
| 10553 || -1.15638840231031 || 2018-11-16 03:57:19 |
| 10554 || 21.8147210107856 || 2010-03-26 04:02:02 |
| 10555 || 79.0913562858945 || 2012-01-10 18:56:12 |
| 10556 || 19.3463150125349 || 2010-07-22 12:24:34 |
| 10557 || 6.16507166727885 || 2016-05-02 04:33:12 |
| 10558 || -0.103065181147394 || 2018-02-18 23:55:47 |
| 10559 || 51.2171696540641 || 2014-08-24 10:25:28 |
| 10560 || 38.6687533558498 || 2012-01-21 18:54:20 |
| 10561 || -2.38291481594499 || 2015-03-25 10:40:08 |
| 10562 || 0.293524484430195 || 2018-04-02 23:14:30 |
| 10563 || -0.0037202919136441 || 2011-04-11 00:56:41 |
| 10564 || 11.412124480279 || 2010-04-22 22:22:38 |
| 10565 || 86.1373597846982 || 2011-02-19 08:40:50 |
| 10566 || -4.01578053116053 || 2018-02-12 08:37:53 |
| 10567 || -3.0432130795694 || 2018-09-22 06:31:28 |
| 10568 || 1.24529973751849 || 2014-02-16 21:24:28 |
| 10569 || -11.6727147372213 || 2014-09-11 18:27:35 |
| 10570 || 57.5492545562465 || 2013-01-24 10:20:52 |
| 10571 || -22.8024434655392 || 2011-07-13 20:37:33 |
| 10572 || 19.2963544805236 || 2011-09-26 12:12:02 |
| 10573 || 0.180342008711074 || 2011-12-27 00:28:26 |
| 10574 || 19.363433473551 || 2015-02-23 01:36:48 |
| 10575 || -26.7364983964758 || 2010-11-18 03:36:09 |
| 10576 || 29.9560986843728 || 2018-11-19 02:59:14 |
| 10577 || -10.0564731139083 || 2017-08-09 10:24:39 |
| 10578 || -0.000223094893295823 || 2017-01-15 00:45:19 |
| 10579 || 19.7583135503968 || 2012-02-09 13:09:40 |
| 10580 || -25.964465404753 || 2017-04-12 13:29:23 |
| 10581 || 64.556269809242 || 2012-01-05 18:29:43 |
| 10582 || 4.33440775827527 || 2015-07-13 23:19:45 |
| 10583 || -0.112114602740448 || 2013-07-05 22:03:57 |
| 10584 || -5.46507215851717 || 2018-01-19 07:18:50 |
| 10585 || 17.2899639210491 || 2019-01-10 04:50:08 |
| 10586 || -25.5487446073085 || 2019-09-22 02:51:19 |
| 10587 || 13.9203518971505 || 2016-03-22 04:07:11 |
| 10588 || 0.840148033003897 || 2010-11-20 16:50:19 |
| 10589 || 20.004664845979 || 2010-12-07 13:41:15 |
| 10590 || 12.9784714756273 || 2010-11-07 02:01:56 |
| 10591 || 18.767971583039 || 2011-11-14 12:20:29 |
| 10592 || 17.9527713125812 || 2012-11-10 05:55:01 |
| 10593 || -0.0396163830072505 || 2010-02-13 06:54:20 |
| 10594 || -0.992379926462043 || 2011-08-21 03:05:28 |
| 10595 || 34.7465657105106 || 2014-12-12 03:25:04 |
| 10596 || 38.7810007877303 || 2016-01-03 20:56:01 |
| 10597 || -5.04758172237884 || 2014-07-11 22:52:38 |
| 10598 || 5.2757967060839 || 2010-06-24 20:09:31 |
| 10599 || -2.92597119980946 || 2018-01-11 22:38:19 |
| 10600 || -20.7648132589299 || 2010-01-06 04:30:12 |
| 10601 || 17.5426973763284 || 2010-10-14 09:21:47 |
| 10602 || 53.9079982054545 || 2015-10-27 06:15:09 |
| 10603 || 7.33314567932799 || 2011-08-20 06:36:01 |
| 10604 || -2.16344803827026 || 2012-07-08 12:34:20 |
| 10605 || 55.1098643349514 || 2013-10-01 06:20:29 |
| 10606 || 87.1811202833033 || 2013-06-19 04:20:21 |
| 10607 || 11.6457557938539 || 2014-10-25 13:52:12 |
| 10608 || 11.0932934124565 || 2012-03-22 14:18:02 |
| 10609 || 5.1479006512719 || 2011-12-01 13:57:45 |
| 10610 || -10.3308018784339 || 2011-07-01 02:25:11 |
| 10611 || 18.17630099215 || 2015-10-03 17:01:14 |
| 10612 || 54.3458845724143 || 2015-11-16 08:12:52 |
| 10613 || 6.20039043738025 || 2010-12-09 13:45:56 |
| 10614 || 1.13694804672145 || 2019-07-05 11:13:55 |
| 10615 || 13.2011158213787 || 2018-08-04 14:13:14 |
| 10616 || 8.63609140075165 || 2013-05-23 14:46:53 |
| 10617 || 68.9385740473699 || 2012-12-25 10:59:02 |
| 10618 || 13.6976162253819 || 2013-02-24 12:54:03 |
| 10619 || -0.500739701194263 || 2015-02-11 11:51:30 |
| 10620 || 22.8852881703326 || 2019-04-02 19:23:59 |
| 10621 || -8.41694433083068 || 2010-02-01 23:39:13 |
| 10622 || -20.4037096083428 || 2016-04-26 03:04:28 |
| 10623 || 24.3408491509855 || 2011-11-08 07:17:06 |
| 10624 || 0.295342683777232 || 2010-03-26 04:02:30 |
| 10625 || 5.17489877928312 || 2019-11-26 06:30:09 |
| 10626 || 82.8995530940762 || 2011-08-12 17:44:53 |
| 10627 || -26.49324238908 || 2016-11-12 15:34:16 |
| 10628 || 22.8586577729255 || 2010-06-04 05:49:10 |
| 10629 || -0.00226722274282243 || 2017-12-17 23:19:46 |
| 10630 || 7.74674584527786 || 2014-04-05 00:15:04 |
| 10631 || -14.4267594918389 || 2011-07-10 14:33:50 |
| 10632 || 80.8819652058263 || 2012-06-26 19:17:47 |
| 10633 || 24.2454337640624 || 2012-03-17 19:50:35 |
| 10634 || 0.203921241430598 || 2010-08-12 19:48:17 |
| 10635 || 3.13142180641279 || 2019-07-19 22:04:35 |
| 10636 || 5.91686919157264 || 2014-07-02 03:50:03 |
| 10637 || 23.43 || 2020-01-08 20:20:22 |
| 10638 || 11.251 || 2020-01-08 20:20:22 |
| 10639 || 32.1 || 2020-01-08 20:20:22 |
| 10640 || -5.334 || 2020-01-08 20:20:22 |
| 10641 || 14.8372 || 2020-01-08 20:20:22 |
| 10642 || 16.0509 || 2014-01-01 03:10:54 |
| 10643 || 1.47326711971824 || 2012-07-22 13:51:08 |
| 10644 || -0.782488439917299 || 2012-01-02 14:26:39 |
| 10645 || -2.87805758828135 || 2015-11-01 03:10:48 |
| 10646 || 65.1637607696924 || 2018-08-08 17:27:24 |
| 10647 || -29.6539412786042 || 2019-12-18 06:29:06 |
| 10648 || -11.4578406514735 || 2010-01-27 17:24:33 |
| 10649 || -0.103135761252819 || 2015-09-21 09:27:55 |
| 10650 || 2.11330191321244 || 2014-03-08 00:12:11 |
| 10651 || -17.7431072307778 || 2011-03-23 20:24:53 |
| 10652 || 19.4134048254395 || 2011-06-02 16:25:46 |
| 10653 || -13.0165861120017 || 2013-02-05 00:09:37 |
| 10654 || -1.94690739400664 || 2015-12-05 22:21:11 |
| 10655 || 2.49161027562707 || 2016-01-16 20:10:06 |
| 10656 || -1.05710021255831 || 2018-10-04 19:44:22 |
| 10657 || 53.7911454615206 || 2016-02-06 19:56:51 |
| 10658 || -20.0995470705674 || 2011-07-01 02:27:38 |
| 10659 || 3.0654058218405 || 2017-07-19 13:45:18 |
| 10660 || 4.76725882135241 || 2017-06-08 07:02:04 |
| 10661 || 26.0102336004843 || 2010-04-19 06:03:31 |
| 10662 || -20.2725893000055 || 2018-09-20 18:00:20 |
| 10663 || 52.8484484781917 || 2019-07-17 13:25:39 |
| 10664 || 9.38424418199826 || 2015-12-02 16:59:32 |
| 10665 || 2.22071931144109 || 2014-12-20 12:01:40 |
| 10666 || -15.0486215948557 || 2014-08-22 15:28:50 |
| 10667 || 29.1741373816578 || 2014-09-18 10:27:16 |
| 10668 || 43.4433725086381 || 2019-12-25 13:54:22 |
| 10669 || 4.13861841372177 || 2011-07-10 05:25:13 |
| 10670 || -0.414160840750817 || 2011-01-01 23:39:01 |
| 10671 || 41.2032811485433 || 2015-05-01 19:29:29 |
| 10672 || -2.0859806097143 || 2017-04-17 02:18:22 |
| 10673 || 74.4421195312511 || 2019-09-18 04:50:14 |
| 10674 || -5.86662893188106 || 2012-10-11 03:56:16 |
| 10675 || -0.171115005526337 || 2013-02-07 07:25:23 |
| 10676 || 26.7277184427033 || 2017-01-12 06:17:11 |
| 10677 || -26.7121193106452 || 2014-10-23 00:19:53 |
| 10678 || 5.26545835550078 || 2015-04-09 05:56:36 |
| 10679 || 3.71797763690406 || 2011-04-10 13:07:09 |
| 10680 || -0.00572758698639687 || 2019-11-18 23:48:02 |
| 10681 || 31.7759786034191 || 2018-06-05 01:53:20 |
| 10682 || 71.2438891330501 || 2018-04-17 09:56:25 |
| 10683 || 60.9093498788496 || 2010-03-22 07:58:56 |
| 10684 || 27.1338462507416 || 2010-02-26 19:46:59 |
| 10685 || -0.0280559310053087 || 2019-11-06 08:56:37 |
| 10686 || 24.9921873142874 || 2010-02-03 08:54:04 |
| 10687 || -4.8209169350057 || 2012-12-07 17:35:08 |
| 10688 || -22.8156794421462 || 2015-03-15 00:07:27 |
| 10689 || -12.9509639960568 || 2012-05-01 10:39:57 |
| 10690 || -0.251621641020246 || 2019-07-22 00:11:45 |
| 10691 || -3.67758479197842 || 2010-01-24 11:45:43 |
| 10692 || 4.69616357518341 || 2012-11-13 06:51:48 |
| 10693 || -28.3030851198421 || 2012-01-27 06:07:51 |
| 10694 || 2.24995051233924 || 2010-07-26 01:32:38 |
| 10695 || -0.283369338920733 || 2010-10-04 12:24:07 |
| 10696 || 6.86594311087339 || 2010-02-26 11:22:56 |
| 10697 || 23.1722847021951 || 2010-09-26 03:04:06 |
| 10698 || -6.56209198522557 || 2014-08-05 18:43:25 |
| 10699 || 41.3181593169865 || 2014-08-26 19:47:20 |
| 10700 || 0.097286481195154 || 2016-09-20 04:10:48 |
| 10701 || -3.41017619851631 || 2018-10-17 05:16:50 |
| 10702 || 44.6886797428936 || 2016-02-01 21:13:20 |
| 10703 || 80.0393411292826 || 2011-04-12 04:45:25 |
| 10704 || 24.5870493294526 || 2019-01-15 08:58:44 |
| 10705 || 6.65306306427968 || 2012-05-01 13:23:10 |
| 10706 || 7.86813129502626 || 2010-03-15 14:03:50 |
| 10707 || -6.56694961450657 || 2014-01-13 16:45:13 |
| 10708 || -28.7228958167298 || 2017-06-22 19:21:15 |
| 10709 || 59.9273355628622 || 2019-06-21 04:25:14 |
| 10710 || 0.993776554282614 || 2016-02-12 14:58:37 |
| 10711 || 3.76049124467786 || 2014-11-16 02:43:52 |
| 10712 || 21.5168325736946 || 2011-08-21 23:21:18 |
| 10713 || 36.729110294165 || 2019-09-14 18:58:34 |
| 10714 || 33.0598571061825 || 2011-07-12 23:54:49 |
| 10715 || 12.9127182487194 || 2016-09-24 14:00:57 |
| 10716 || 2.72181154540456 || 2013-06-03 02:13:10 |
| 10717 || 9.0249206240782 || 2014-05-01 16:06:15 |
| 10718 || -15.4991311076923 || 2016-11-25 16:55:19 |
| 10719 || 24.6698628427411 || 2019-10-18 12:24:54 |
| 10720 || 3.72973962282073 || 2018-02-13 19:48:09 |
| 10721 || -0.600868347996372 || 2019-12-05 11:29:44 |
| 10722 || -5.25093946598451 || 2018-08-04 11:57:44 |
| 10723 || 36.8962351998145 || 2016-01-16 11:27:27 |
| 10724 || 73.679511090184 || 2011-08-03 10:39:19 |
| 10725 || 22.0838965753031 || 2010-11-08 09:58:39 |
| 10726 || 0.069595888388824 || 2013-05-25 15:10:15 |
| 10727 || -9.30416365888974 || 2018-05-22 16:28:43 |
| 10728 || 73.427472233494 || 2013-02-15 10:41:20 |
| 10729 || 60.6536972063538 || 2018-10-17 08:16:18 |
| 10730 || 25.6038849724312 || 2012-09-19 22:50:15 |
| 10731 || 0.0122491206663676 || 2019-09-02 12:01:31 |
| 10732 || -3.60810109230995 || 2012-01-03 16:12:56 |
| 10733 || 81.7441636082604 || 2017-08-25 10:58:05 |
| 10734 || 28.9687998091367 || 2018-08-23 10:25:09 |
| 10735 || -7.42423875842724 || 2010-12-17 20:09:52 |
| 10736 || 0.0207486164773288 || 2011-06-12 20:46:23 |
| 10737 || 17.4944342459349 || 2010-02-24 12:49:09 |
| 10738 || 51.3994767048256 || 2017-04-13 13:56:19 |
| 10739 || 31.7557331018591 || 2012-06-10 13:08:48 |
| 10740 || 27.3584122017801 || 2018-01-04 16:33:59 |
| 10741 || 0.660097749878735 || 2016-07-13 14:19:46 |
| 10742 || 6.32419944458596 || 2018-01-16 16:27:59 |
| 10743 || -15.4844088378041 || 2011-07-25 16:42:49 |
| 10744 || -11.043075741537 || 2014-01-25 06:47:56 |
| 10745 || 21.9521831370998 || 2012-01-26 05:23:24 |
| 10746 || 0.703257554801582 || 2016-10-05 04:18:56 |
| 10747 || 17.5841076051756 || 2014-06-13 08:52:12 |
| 10748 || -15.5651330090908 || 2010-06-05 15:12:38 |
| 10749 || 85.3078332511567 || 2018-04-09 23:07:17 |
| 10750 || -15.5580142824968 || 2019-08-24 15:59:27 |
| 10751 || 3.72238191308492 || 2011-04-01 09:01:32 |
| 10752 || 0.0684589208858233 || 2017-10-12 15:20:17 |
| 10753 || -11.2633648802431 || 2019-01-11 13:26:05 |
| 10754 || 11.5662770138843 || 2010-07-10 01:10:15 |
| 10755 || -14.952886404236 || 2018-04-15 08:52:44 |
| 10756 || 6.23034408660693 || 2010-09-08 12:01:41 |
| 10757 || 1.28153955330232 || 2013-03-12 03:50:39 |
| 10758 || 5.46340050234271 || 2012-01-26 21:59:02 |
| 10759 || -28.5421780301533 || 2019-12-15 01:55:21 |
| 10760 || 53.4011294430374 || 2016-12-01 17:12:24 |
| 10761 || -1.4604788530201 || 2017-10-12 01:30:44 |
| 10762 || 23.43 || 2020-01-08 20:51:22 |
| 10763 || 11.251 || 2020-01-08 20:51:22 |
| 10764 || 32.1 || 2020-01-08 20:51:22 |
| 10765 || -5.334 || 2020-01-08 20:51:22 |
| 10766 || 14.8372 || 2020-01-08 20:51:22 |
| 10767 || 16.0509 || 2014-01-01 03:10:54 |
| 10768 || -8.4355479915103 || 2011-05-13 04:48:13 |
| 10769 || -22.2614343048498 || 2019-04-27 09:19:45 |
| 10770 || -22.9561989990308 || 2010-03-23 01:54:20 |
| 10771 || 14.2642316746411 || 2016-03-18 10:57:51 |
| 10772 || -0.446683519777963 || 2013-06-21 07:07:22 |
| 10773 || 16.6929085218726 || 2010-05-13 00:12:27 |
| 10774 || -3.54698216691179 || 2014-08-19 18:59:03 |
| 10775 || 31.8518132276093 || 2018-08-05 21:19:35 |
| 10776 || 20.4088158765664 || 2019-01-17 02:49:40 |
| 10777 || 0.929353669564622 || 2014-01-16 05:50:25 |
| 10778 || 36.717715949144 || 2010-06-07 09:57:52 |
| 10779 || 82.0426472801572 || 2013-03-23 07:34:10 |
| 10780 || 73.7220390084645 || 2013-09-04 10:43:46 |
| 10781 || 1.07066184790614 || 2016-09-18 10:41:26 |
| 10782 || 0.0899844159519122 || 2018-12-22 21:54:35 |
| 10783 || 32.9773500303507 || 2018-07-07 21:34:54 |
| 10784 || -26.1675471923657 || 2016-05-03 22:16:06 |
| 10785 || 15.5646870465968 || 2013-11-01 22:51:29 |
| 10786 || 5.96505182259483 || 2013-06-20 21:13:45 |
| 10787 || -0.00237540716420477 || 2015-03-07 04:50:37 |
| 10788 || 9.29470202752637 || 2016-12-22 00:23:55 |
| 10789 || 63.4394252992642 || 2015-04-26 16:51:04 |
| 10790 || 76.7511355661878 || 2015-01-23 18:52:52 |
| 10791 || -11.7342242239278 || 2016-09-09 02:06:48 |
| 10792 || 0.546002702002396 || 2011-09-02 12:53:26 |
| 10793 || 9.54129666931285 || 2014-10-03 16:40:44 |
| 10794 || 57.9908661535958 || 2017-02-21 16:12:41 |
| 10795 || 73.3185384991716 || 2017-12-04 19:05:21 |
| 10796 || 27.734156349558 || 2013-05-11 03:24:51 |
| 10797 || 0.984380916243222 || 2017-03-19 03:20:52 |
| 10798 || 19.025535169892 || 2019-10-13 12:06:10 |
| 10799 || -10.06055035496 || 2013-07-25 18:50:36 |
| 10800 || 74.1745629684389 || 2010-04-27 00:59:58 |
| 10801 || -7.16814071413671 || 2018-02-01 05:19:08 |
| 10802 || -1.13523434955005 || 2019-04-09 01:00:31 |
| 10803 || 7.29231673412289 || 2010-06-23 20:59:48 |
| 10804 || 66.0087789289099 || 2019-01-24 14:15:01 |
| 10805 || 26.618742419199 || 2019-11-09 10:31:23 |
| 10806 || -12.4483729208339 || 2017-01-26 19:40:02 |
| 10807 || 5.33188596917641 || 2019-05-12 19:04:51 |
| 10808 || 3.37949352184785 || 2018-12-13 07:30:21 |
| 10809 || -4.92138698458451 || 2016-06-08 19:12:04 |
| 10810 || 26.3578852965359 || 2015-03-11 08:04:28 |
| 10811 || 57.6557731792583 || 2011-09-27 22:44:21 |
| 10812 || -2.01880900901805 || 2012-09-06 07:45:18 |
| 10813 || -1.73651389830105 || 2018-02-10 19:31:33 |
| 10814 || 32.1091992805296 || 2016-09-27 12:21:15 |
| 10815 || 55.7039155152607 || 2018-06-11 13:20:48 |
| 10816 || -0.501716728109968 || 2017-01-07 19:34:10 |
| 10817 || 12.2765635939799 || 2019-12-06 04:58:05 |
| 10818 || 1.32670612144739 || 2019-01-26 16:24:45 |
| 10819 || 26.9287496126395 || 2019-07-02 14:52:36 |
| 10820 || -17.4525526184108 || 2010-07-12 14:22:07 |
| 10821 || 40.8120242961636 || 2015-04-11 20:27:34 |
| 10822 || 1.51423661263712 || 2014-05-10 12:24:36 |
| 10823 || -0.912945543977533 || 2012-11-21 10:29:44 |
| 10824 || 45.5093924417339 || 2012-02-10 18:43:37 |
| 10825 || -4.31613742011162 || 2014-06-13 14:50:27 |
| 10826 || -1.7698095207 || 2010-01-17 05:02:00 |
| 10827 || 20.7413035484577 || 2013-03-26 04:45:56 |
| 10828 || 0.370666713838361 || 2011-03-26 02:04:17 |
| 10829 || -12.9471389764599 || 2018-02-20 18:09:57 |
| 10830 || 58.7701400516354 || 2011-10-07 11:26:23 |
| 10831 || -23.6398585357174 || 2014-11-12 11:10:56 |
| 10832 || -2.0620859468282 || 2016-06-25 20:07:01 |
| 10833 || -0.0858913307926383 || 2014-10-02 21:34:55 |
| 10834 || 32.3013776101196 || 2017-12-04 13:53:30 |
| 10835 || 69.9374600798682 || 2012-01-14 20:40:55 |
| 10836 || 73.2455880664418 || 2015-06-05 07:04:47 |
| 10837 || 17.1313599161886 || 2018-09-24 08:32:00 |
| 10838 || 0.00318605773004506 || 2014-02-11 15:05:09 |
| 10839 || -5.16271775262509 || 2017-09-06 05:59:56 |
| 10840 || 54.4759270335615 || 2016-05-23 19:12:20 |
| 10841 || 75.4198122416223 || 2016-11-04 04:22:01 |
| 10842 || 35.7713725535022 || 2015-01-06 10:00:51 |
| 10843 || 0.395150160660935 || 2016-06-18 12:03:08 |
| 10844 || -6.26128211989777 || 2019-03-03 04:49:04 |
| 10845 || 0.933731622306085 || 2014-04-20 19:14:36 |
| 10846 || -22.3042723475663 || 2019-01-14 13:22:02 |
| 10847 || -6.66501701480838 || 2011-03-05 23:38:11 |
| 10848 || -0.399078170977968 || 2014-10-16 08:59:07 |
| 10849 || -6.19359504126984 || 2019-08-02 11:12:31 |
| 10850 || 23.3324836904503 || 2011-05-11 11:33:39 |
| 10851 || -28.9976112711871 || 2019-07-22 06:17:57 |
| 10852 || -11.1565474896835 || 2012-04-25 05:32:32 |
| 10853 || 2.36214161740183 || 2016-06-16 06:53:04 |
| 10854 || 11.6002424638905 || 2014-01-08 11:15:38 |
| 10855 || 39.6531207614378 || 2011-08-27 11:31:32 |
| 10856 || 33.979913295389 || 2010-11-13 04:24:41 |
| 10857 || 46.8849979676408 || 2015-10-15 11:25:53 |
| 10858 || -0.460794951019908 || 2016-04-14 00:12:10 |
| 10859 || 9.88673140116478 || 2013-02-25 18:55:26 |
| 10860 || 8.47638019040299 || 2017-02-25 20:15:09 |
| 10861 || 58.3792737104002 || 2013-10-19 00:23:10 |
| 10862 || 48.7385003317306 || 2010-12-13 14:17:59 |
| 10863 || -2.05888647543541 || 2018-03-27 05:49:56 |
| 10864 || -2.73930172982301 || 2012-02-07 08:08:48 |
| 10865 || 32.2299268166467 || 2012-11-15 13:34:21 |
| 10866 || 78.3814831667784 || 2019-02-07 20:44:01 |
| 10867 || 59.6482321663527 || 2018-04-04 15:50:28 |
| 10868 || 6.68835704456881 || 2016-03-09 17:26:47 |
| 10869 || -0.364246216522633 || 2010-05-11 17:46:30 |
| 10870 || 16.5177383855789 || 2017-09-05 12:23:02 |
| 10871 || 89.2267256398556 || 2010-05-12 20:33:56 |
| 10872 || -7.58435056732671 || 2013-05-26 23:37:26 |
| 10873 || -1.68786419240156 || 2015-07-21 10:45:44 |
| 10874 || 1.39187277176093 || 2011-08-06 03:46:46 |
| 10875 || -4.70625359502867 || 2010-02-14 19:17:39 |
| 10876 || 19.4989170902295 || 2018-03-26 06:52:19 |
| 10877 || -17.0331792545762 || 2012-07-16 10:29:57 |
| 10878 || 0.924831112937091 || 2011-04-26 11:25:31 |
| 10879 || 1.31428041086249 || 2014-11-05 23:55:51 |
| 10880 || -0.494892513903891 || 2016-02-17 00:58:15 |
| 10881 || 56.4410010003468 || 2011-02-21 00:17:03 |
| 10882 || 43.1008455196072 || 2018-09-01 08:00:56 |
| 10883 || 23.9907475328354 || 2013-09-22 12:04:47 |
| 10884 || -0.109648706944906 || 2012-07-07 16:50:46 |
| 10885 || -10.211941580448 || 2010-01-13 12:50:59 |
| 10886 || 44.4351223670181 || 2012-05-10 12:57:12 |
| 10887 || 36.680271370496 || 2019-05-07 15:27:06 |
| 10888 || 22.127443813394 || 2012-01-23 23:20:17 |
| 10889 || 0.000674217828054387 || 2017-02-19 20:46:27 |
| 10890 || 19.0979068341101 || 2017-11-20 23:05:35 |
| 10891 || 24.9628636396742 || 2019-11-06 07:56:17 |
| 10892 || -19.5764368871533 || 2013-03-02 01:34:41 |
| 10893 || 34.1523379540773 || 2010-07-11 03:29:38 |
| 10894 || 0.273154856984312 || 2014-10-25 15:21:24 |
| 10895 || 10.4856572135457 || 2017-08-19 23:42:47 |
| 10896 || 57.3576000262912 || 2011-08-17 04:56:55 |
| 10897 || 74.7880201141429 || 2019-03-19 00:19:35 |
| 10898 || 0.200295379851717 || 2010-10-24 11:14:30 |
| 10899 || -0.210072553653565 || 2013-02-05 17:40:38 |
| 10900 || 4.50716442883346 || 2018-05-11 12:59:44 |
| 10901 || 49.3655544634948 || 2017-06-14 12:09:49 |
| 10902 || -25.9053524090249 || 2016-02-20 05:35:37 |
| 10903 || 14.0437206597547 || 2010-11-20 10:23:47 |
| 10904 || -0.918098268277635 || 2014-03-23 06:10:19 |
| 10905 || 14.3083634034112 || 2018-03-26 10:30:01 |
| 10906 || 9.25935067574717 || 2019-07-09 16:18:04 |
| 10907 || -28.8897178666238 || 2016-05-12 19:09:28 |
| 10908 || -17.0151868236525 || 2018-12-27 15:52:19 |
| 10909 || 4.81482950460705 || 2019-12-13 12:29:22 |
| 10910 || 12.0159239866122 || 2017-02-22 14:46:29 |
| 10911 || 3.73086010950642 || 2011-02-08 02:31:10 |
| 10912 || 89.7997746970096 || 2019-09-19 23:46:27 |
| 10913 || 53.8357060824072 || 2011-11-17 10:35:32 |
| 10914 || 4.24295419771456 || 2015-06-18 04:36:22 |
| 10915 || -2.63893354591939 || 2016-02-27 00:40:26 |
| 10916 || 45.0436101825497 || 2018-04-03 19:33:22 |
| 10917 || -24.1463368315665 || 2014-08-03 21:10:31 |
| 10918 || -20.5175666834588 || 2011-09-14 16:26:46 |
| 10919 || -0.567812845066144 || 2012-12-14 23:57:21 |
| 10920 || 3.59833781090668 || 2016-01-06 11:49:48 |
| 10921 || 51.3119446119616 || 2011-07-04 15:47:45 |
| 10922 || 72.8355780395468 || 2013-06-15 15:21:22 |
| 10923 || 36.5370813170818 || 2010-03-15 13:19:57 |
| 10924 || 4.28446464310507 || 2013-06-07 18:30:15 |
| 10925 || -0.475423966166584 || 2018-05-16 00:44:15 |
| 10926 || 10.9317202028996 || 2017-01-08 19:08:07 |
| 10927 || -16.6551830804632 || 2017-06-18 09:08:30 |
| 10928 || 60.4071280494232 || 2019-02-23 23:00:06 |
| 10929 || 17.2443584379651 || 2011-05-24 10:47:47 |
| 10930 || 1.09651672978441 || 2012-11-22 20:11:34 |
| 10931 || -6.94109033665188 || 2012-03-26 16:01:22 |
| 10932 || 85.6463350617861 || 2016-05-13 19:42:35 |
| 10933 || 35.9173410897299 || 2011-06-04 01:06:47 |
| 10934 || -3.97658549787444 || 2012-07-18 20:48:15 |
| 10935 || -0.1593080193019 || 2013-04-06 07:07:22 |
| 10936 || -11.096488871414 || 2011-12-19 08:31:09 |
| 10937 || 54.1498706396004 || 2015-11-26 08:02:44 |
| 10938 || 74.0674165853919 || 2017-08-23 17:23:17 |
| 10939 || -8.35857100542439 || 2010-05-17 05:23:34 |
| 10940 || -0.00741824610355262 || 2017-06-14 06:43:40 |
| 10941 || 28.2443954986936 || 2013-03-19 01:51:31 |
| 10942 || 8.63125538387544 || 2010-11-06 16:17:49 |
| 10943 || 45.2113636873893 || 2011-09-15 04:03:16 |
| 10944 || 31.8707813864323 || 2019-05-17 17:58:41 |
| 10945 || -0.0524532802937408 || 2015-07-23 10:52:30 |
| 10946 || 9.59338460776215 || 2019-09-02 09:06:37 |
| 10947 || -9.1599278319105 || 2016-11-09 10:09:58 |
| 10948 || -18.2450247851169 || 2018-01-21 05:04:45 |
| 10949 || -11.2028030990194 || 2012-12-27 20:18:29 |
| 10950 || -0.267725483716467 || 2011-06-22 15:17:10 |
| 10951 || 7.88969557100872 || 2017-03-06 05:33:20 |
| 10952 || -12.5795475285899 || 2012-11-05 21:45:15 |
| 10953 || -23.3794849589366 || 2018-06-22 23:10:28 |
| 10954 || 41.3325593574876 || 2017-07-22 17:59:08 |
| 10955 || 1.76692938191077 || 2010-05-08 17:35:44 |
| 10956 || -5.11540589045108 || 2017-07-26 10:04:51 |
| 10957 || 44.836831573609 || 2013-11-16 13:25:07 |
| 10958 || -29.5485426540586 || 2019-11-07 09:46:27 |
| 10959 || -15.7389140539973 || 2018-07-01 21:26:44 |
| 10960 || 1.06194119674055 || 2012-01-18 01:41:39 |
| 10961 || 13.0177611927805 || 2018-11-24 14:43:40 |
| 10962 || 64.1161950078059 || 2019-07-26 15:14:37 |
| 10963 || -6.06027834711114 || 2016-03-16 04:14:40 |
| 10964 || -16.8440876107345 || 2015-04-05 15:00:44 |
| 10965 || 2.89363561868448 || 2011-12-04 03:30:58 |
| 10966 || 6.81528844895917 || 2010-09-17 08:06:24 |
| 10967 || 38.9833018010642 || 2013-09-22 13:57:01 |
| 10968 || 89.8866511077427 || 2014-07-07 02:05:25 |
| 10969 || -14.8203893611699 || 2019-05-15 23:37:52 |
| 10970 || -3.29480790494159 || 2017-07-17 16:01:08 |
| 10971 || 0.0652870514394368 || 2018-09-21 18:45:19 |
| 10972 || -15.9976578161468 || 2016-03-13 14:30:49 |
| 10973 || 73.7633217111752 || 2012-06-15 23:54:56 |
| 10974 || 27.1818826546343 || 2017-03-10 17:25:53 |
| 10975 || 7.25369551691117 || 2016-12-11 18:36:43 |
| 10976 || 2.61181799815977 || 2016-01-18 15:15:43 |
| 10977 || 46.8398896734157 || 2011-01-23 17:10:58 |
| 10978 || 52.4903617390775 || 2010-12-04 16:24:06 |
| 10979 || 68.1182365453586 || 2012-03-13 01:11:49 |
| 10980 || 16.7101880027079 || 2016-05-20 21:31:34 |
| 10981 || 1.95694256054968 || 2019-05-21 22:57:29 |
| 10982 || 12.4857193235999 || 2017-01-27 16:28:59 |
| 10983 || -9.77667205246421 || 2016-09-22 05:18:18 |
| 10984 || 71.1733140608592 || 2015-03-18 06:35:06 |
| 10985 || -4.83626558207363 || 2010-09-14 18:41:24 |
| 10986 || -0.132735295965989 || 2015-06-01 05:57:42 |
| 10987 || 33.6755993127267 || 2017-07-03 01:30:26 |
| 10988 || 84.5028311420086 || 2015-01-22 17:59:24 |
| 10989 || 22.8379344172196 || 2017-10-08 08:27:47 |
| 10990 || 9.23666956700678 || 2015-12-15 04:44:37 |
| 10991 || 0.00951471324982341 || 2016-08-21 11:29:32 |
| 10992 || 24.4115934568744 || 2010-01-06 21:58:24 |
| 10993 || 70.327343900935 || 2013-09-05 13:33:49 |
| 10994 || 53.7273429920059 || 2017-01-10 18:17:17 |
| 10995 || 12.0141527507524 || 2016-02-18 09:05:07 |
| 10996 || 0.0893877859678614 || 2019-09-03 05:37:36 |
| 10997 || -8.94479653872781 || 2010-12-26 03:48:40 |
| 10998 || 71.911766741536 || 2017-06-17 12:43:19 |
| 10999 || 46.5197198339927 || 2016-11-10 11:41:49 |
| 11000 || 8.71290857237954 || 2019-07-20 15:28:55 |
| 11001 || 0.363940780260758 || 2013-06-10 17:18:03 |
| 11002 || 22.4887761564066 || 2012-10-13 14:16:14 |
| 11003 || -16.9916802926196 || 2013-12-14 02:47:06 |
| 11004 || 7.60253371503821 || 2017-10-26 19:11:32 |
| 11005 || 35.9885651741626 || 2012-09-06 14:20:30 |
| 11006 || 2.09626073029492 || 2010-12-17 14:41:41 |
| 11007 || 11.416615765705 || 2018-02-03 12:07:13 |
| 11008 || 66.9231493777813 || 2018-07-09 14:04:31 |
| 11009 || 71.0779608013406 || 2014-11-24 04:41:10 |
| 11010 || 34.6328085935328 || 2014-04-19 16:44:11 |
| 11011 || 0.464311989686651 || 2013-09-26 21:25:09 |
| 11012 || 0.24609037576306 || 2011-06-15 08:42:38 |
| 11013 || 63.7335901302784 || 2010-11-21 19:58:14 |
| 11014 || -13.9622266491218 || 2010-12-23 06:54:09 |
| 11015 || -18.054362759276 || 2016-01-24 02:47:30 |
| 11016 || 5.00518771481964 || 2018-07-23 01:35:13 |
| 11017 || 5.77091943000196 || 2011-04-09 17:43:04 |
| 11018 || 15.7863873431416 || 2017-05-20 18:54:45 |
| 11019 || -15.6636171936715 || 2010-05-01 17:51:00 |
| 11020 || 29.2291609029368 || 2011-02-13 13:45:22 |
| 11021 || 7.93851271285822 || 2018-08-17 16:27:56 |
| 11022 || 6.92523139707908 || 2013-11-21 10:46:42 |
| 11023 || -18.0837039424663 || 2018-06-20 21:04:18 |
| 11024 || 79.8719618164809 || 2015-11-25 02:27:35 |
| 11025 || 63.9333786878015 || 2011-02-06 10:27:04 |
| 11026 || 4.23573192310095 || 2012-02-23 11:48:48 |
| 11027 || -0.858315280392444 || 2019-03-24 15:33:53 |
| 11028 || 28.1850485298115 || 2014-06-10 06:13:57 |
| 11029 || 60.2163847911974 || 2013-10-15 16:17:35 |
| 11030 || 64.1716422690089 || 2019-02-09 01:55:34 |
| 11031 || 12.376483041495 || 2014-02-06 11:08:21 |
| 11032 || 2.26587652512633 || 2017-02-04 16:12:19 |
| 11033 || 40.2713188155289 || 2018-05-10 16:57:02 |
| 11034 || 6.77004288263932 || 2018-09-16 21:26:17 |
| 11035 || -10.6248549489147 || 2012-04-17 10:54:13 |
| 11036 || 21.3362304609867 || 2012-12-01 12:39:58 |
| 11037 || 0.5627304152933 || 2017-02-20 02:42:56 |
| 11038 || -8.31510229236546 || 2012-05-06 11:47:44 |
| 11039 || -21.7849650720831 || 2018-03-08 02:21:56 |
| 11040 || 61.8686573414811 || 2018-12-09 20:46:21 |
| 11041 || 13.1126709887892 || 2011-07-01 18:59:51 |
| 11042 || 0.0447049686510829 || 2017-01-10 01:41:11 |
| 11043 || -5.84700685052343 || 2017-10-14 22:27:07 |
| 11044 || 15.2710682500147 || 2017-04-04 15:33:32 |
| 11045 || 20.9989002667478 || 2017-09-02 08:35:02 |
| 11046 || -9.42471207031404 || 2010-05-25 19:30:23 |
| 11047 || 0.0216935387763444 || 2014-04-07 22:57:49 |
| 11048 || 3.40573088757607 || 2015-04-17 14:07:52 |
| 11049 || 77.5785888246662 || 2013-04-11 22:18:59 |
| 11050 || -25.6797354491615 || 2011-04-20 14:31:26 |
| 11051 || 36.5966745483406 || 2017-09-23 04:39:45 |
| 11052 || -0.125267972510127 || 2016-03-26 14:12:38 |
| 11053 || 8.21422954676185 || 2019-02-14 16:16:04 |
| 11054 || -16.728505469793 || 2011-12-05 11:12:02 |
| 11055 || 85.717638468308 || 2018-09-14 00:19:59 |
| 11056 || 39.5176028262351 || 2016-08-17 02:44:54 |
| 11057 || -0.566737693355537 || 2014-12-27 06:05:15 |
| 11058 || 14.5597062897349 || 2019-08-17 11:04:54 |
| 11059 || -20.9573811921696 || 2015-06-05 08:50:18 |
| 11060 || 71.1759826659488 || 2013-10-09 18:20:10 |
| 11061 || -12.9916265257406 || 2011-12-03 13:54:18 |
| 11062 || 3.60137490513013 || 2017-09-13 21:23:43 |
| 11063 || -0.465243948834648 || 2018-03-22 05:29:46 |
| 11064 || 40.6687827345753 || 2011-10-19 00:05:10 |
| 11065 || 11.0574861005955 || 2011-11-10 02:36:38 |
| 11066 || 21.3420897514077 || 2012-01-16 11:31:26 |
| 11067 || 5.85555095011501 || 2016-05-12 08:14:30 |
| 11068 || 3.67044793746266 || 2018-06-20 15:34:23 |
| 11069 || 7.46009283391222 || 2019-11-01 10:36:45 |
| 11070 || 17.1496519201453 || 2016-04-18 07:50:13 |
| 11071 || -19.4542484683865 || 2017-09-10 00:18:51 |
| 11072 || -0.909772597875886 || 2010-12-19 21:17:59 |
| 11073 || 5.54993980136663 || 2018-07-09 11:51:16 |
| 11074 || 38.3424007767157 || 2017-05-04 04:29:09 |
| 11075 || -4.00723670252112 || 2010-09-25 05:17:24 |
| 11076 || 42.6641033132621 || 2013-08-15 14:20:27 |
| 11077 || 5.76843904105964 || 2018-11-24 04:32:54 |
| 11078 || -0.790392120539441 || 2016-08-17 06:44:34 |
| 11079 || 20.1100640787256 || 2016-09-05 17:34:52 |
| 11080 || 72.2687739142388 || 2010-12-20 20:01:47 |
| 11081 || -22.5767869945585 || 2019-11-24 03:47:45 |
| 11082 || -2.76430179778145 || 2010-09-22 17:57:36 |
| 11083 || -0.272651672353793 || 2010-12-04 15:48:09 |
| 11084 || 17.1166642871173 || 2012-11-15 15:53:59 |
| 11085 || 12.8903605964231 || 2019-11-11 13:00:33 |
| 11086 || -12.8952149658544 || 2018-09-19 18:18:25 |
| 11087 || 18.7315395739704 || 2017-09-04 23:09:28 |
| 11088 || 0.960523059803708 || 2016-12-14 15:38:05 |
| 11089 || 37.3760685894093 || 2017-06-24 05:04:31 |
| 11090 || -25.5122873562493 || 2010-01-13 04:13:54 |
| 11091 || -18.3550188303327 || 2016-05-25 13:23:04 |
| 11092 || -3.89772867931577 || 2015-09-04 09:14:42 |
| 11093 || 0.227888263922424 || 2018-01-12 02:47:31 |
| 11094 || 34.0558218837302 || 2015-12-18 05:03:12 |
| 11095 || -0.908596317193932 || 2014-01-20 12:55:56 |
| 11096 || -26.8634960922532 || 2011-10-23 16:54:06 |
| 11097 || -9.80063588004624 || 2018-11-04 06:58:26 |
| 11098 || 0.00672628508756939 || 2016-03-03 10:41:45 |
| 11099 || 4.54011594834033 || 2010-07-21 08:25:24 |
| 11100 || -22.9779324153292 || 2011-06-22 00:20:06 |
| 11101 || 58.2931701808194 || 2011-05-10 16:55:27 |
| 11102 || 3.35809227928494 || 2012-08-04 20:01:21 |
| 11103 || -0.141852342495539 || 2014-03-13 17:23:40 |
| 11104 || -0.839266032856012 || 2016-04-26 00:15:32 |
| 11105 || -25.016323539543 || 2017-08-05 13:16:01 |
| 11106 || 62.1131179099416 || 2015-09-13 12:56:43 |
| 11107 || 37.5986038728581 || 2018-04-18 11:09:19 |
| 11108 || 0.66234477475861 || 2011-08-26 02:08:48 |
| 11109 || 1.08318792256041 || 2016-02-04 09:58:34 |
| 11110 || 52.6381754058193 || 2019-12-21 21:04:41 |
| 11111 || 6.8161940931145 || 2019-02-19 16:38:52 |
| 11112 || 5.46030614078865 || 2011-04-02 03:01:22 |
| 11113 || 1.94315164148725 || 2010-06-12 13:03:47 |
| 11114 || -4.79919468818408 || 2015-11-10 08:32:19 |
| 11115 || 55.1107893651791 || 2015-12-16 00:50:07 |
| 11116 || 34.0566961900748 || 2011-11-10 09:19:53 |
| 11117 || 33.549048016297 || 2010-09-14 09:36:25 |
| 11118 || -0.00521350843146129 || 2014-08-02 14:21:12 |
| 11119 || -3.74623335425937 || 2016-12-22 04:31:52 |
| 11120 || 31.224938226208 || 2011-06-25 10:40:13 |
| 11121 || 78.62852175973 || 2019-09-08 04:53:36 |
| 11122 || -12.8314610988792 || 2018-10-11 16:15:24 |
| 11123 || -2.77495720701432 || 2011-02-25 22:34:54 |
| 11124 || -2.36513432035674 || 2019-03-15 19:08:48 |
| 11125 || -18.7435185322764 || 2016-08-08 13:12:43 |
| 11126 || 3.35747013203385 || 2019-12-10 21:03:10 |
| 11127 || 58.0621096549638 || 2011-09-02 15:22:07 |
| 11128 || -3.17930736593017 || 2017-06-27 04:24:03 |
| 11129 || 2.06981662798428 || 2018-05-21 03:00:23 |
| 11130 || 5.20874331207448 || 2016-03-08 04:56:21 |
| 11131 || 21.6480373210226 || 2010-01-12 12:12:52 |
| 11132 || 61.9393428811427 || 2010-05-02 08:04:10 |
| 11133 || -1.38496005194296 || 2011-04-17 10:16:43 |
| 11134 || -0.962798530873408 || 2011-03-20 15:22:26 |
| 11135 || 16.4952436682032 || 2014-01-26 16:55:03 |
| 11136 || -18.9421346725454 || 2010-08-01 08:24:24 |
| 11137 || 70.7809247652166 || 2010-12-27 05:22:53 |
| 11138 || 13.5896668908488 || 2019-08-12 14:03:55 |
| 11139 || 1.09020094527719 || 2018-10-01 14:08:11 |
| 11140 || -8.26895929053147 || 2019-05-07 08:35:00 |
| 11141 || -25.0477892540625 || 2013-08-20 20:18:19 |
| 11142 || 52.9750833253056 || 2016-09-16 11:10:31 |
| 11143 || -0.767472509682548 || 2016-07-20 17:39:18 |
| 11144 || 0.33946382436795 || 2010-11-09 04:58:15 |
| 11145 || 34.6997593833019 || 2015-09-21 22:11:40 |
| 11146 || 83.2741439491084 || 2014-10-18 09:35:51 |
| 11147 || -20.859683782206 || 2017-04-17 12:52:17 |
| 11148 || 22.4989081192856 || 2013-07-07 17:03:12 |
| 11149 || -0.000103257363973874 || 2018-09-14 04:29:55 |
| 11150 || 30.0168752303419 || 2012-06-05 04:16:57 |
| 11151 || 35.8749775188895 || 2011-02-03 04:23:49 |
| 11152 || -11.0809869789432 || 2014-07-21 14:01:46 |
| 11153 || -8.37078083960133 || 2011-04-24 14:54:48 |
| 11154 || 0.159207663289995 || 2012-07-03 19:35:00 |
| 11155 || -1.34014171517366 || 2015-01-02 06:30:51 |
| 11156 || 23.3878847229348 || 2011-05-12 00:38:53 |
| 11157 || -25.0639621122419 || 2010-04-20 02:37:03 |
| 11158 || -11.3113033992601 || 2013-10-09 19:46:23 |
| 11159 || 0.19136351116676 || 2011-09-02 04:20:56 |
| 11160 || 3.56051748707072 || 2017-06-05 02:36:14 |
| 11161 || 15.9613929764178 || 2017-09-19 01:05:05 |
| 11162 || -24.3406722177322 || 2012-09-23 01:38:16 |
| 11163 || 17.6400537440763 || 2012-04-10 12:23:09 |
| 11164 || 0.638846525223384 || 2014-10-21 06:45:04 |
| 11165 || -4.14095612469602 || 2018-07-21 16:16:31 |
| 11166 || 45.162178945102 || 2015-07-01 15:35:17 |
| 11167 || 89.1295888424315 || 2010-05-06 19:00:08 |
| 11168 || -16.9007013910023 || 2019-11-01 04:56:02 |
| 11169 || 4.20482793370576 || 2016-04-01 18:46:46 |
| 11170 || -2.80123027808562 || 2012-05-12 07:46:53 |
| 11171 || 13.97053515633 || 2019-07-01 22:34:25 |
| 11172 || 68.1487584172616 || 2015-07-14 01:42:47 |
| 11173 || 56.586692813244 || 2010-01-12 22:09:59 |
| 11174 || 4.36533646770357 || 2018-12-05 04:09:05 |
| 11175 || 23.43 || 2020-01-08 20:58:13 |
| 11176 || 11.251 || 2020-01-08 20:58:13 |
| 11177 || 32.1 || 2020-01-08 20:58:13 |
| 11178 || -5.334 || 2020-01-08 20:58:13 |
| 11179 || 14.8372 || 2020-01-08 20:58:13 |
| 11180 || 16.0509 || 2014-01-01 03:10:54 |
| 11181 || -12.5834104978178 || 2013-09-17 07:40:43 |
| 11182 || 88.5296271301228 || 2013-09-06 18:29:13 |
| 11183 || -8.51516354442556 || 2018-11-07 20:21:03 |
| 11184 || -3.81625731963748 || 2012-12-17 23:49:46 |
| 11185 || -0.637098275771023 || 2013-06-05 16:50:10 |
| 11186 || 45.2371960184769 || 2016-05-11 21:51:05 |
| 11187 || 83.8020601694237 || 2018-05-23 22:38:37 |
| 11188 || 56.3199846049375 || 2011-10-15 18:03:16 |
| 11189 || 15.4498743499151 || 2015-11-18 14:01:26 |
| 11190 || -0.0229780806709058 || 2017-10-26 07:07:41 |
| 11191 || 26.1500900680316 || 2010-07-07 22:45:13 |
| 11192 || 27.9097163985298 || 2019-07-07 18:50:50 |
| 11193 || -12.3178663090957 || 2017-08-20 06:47:55 |
| 11194 || 7.09042433417545 || 2014-03-17 13:26:51 |
| 11195 || 0.241428365153711 || 2012-10-09 12:20:07 |
| 11196 || -10.8504592373929 || 2010-09-25 16:16:47 |
| 11197 || 83.3635521149363 || 2018-04-15 23:03:42 |
| 11198 || 30.2632256974181 || 2010-12-27 21:26:43 |
| 11199 || -9.01581811337832 || 2018-06-15 04:15:42 |
| 11200 || 0.0119762930329742 || 2018-12-25 20:08:18 |
| 11201 || 0.72903829632885 || 2016-06-27 10:41:18 |
| 11202 || 67.7394681349022 || 2012-07-14 18:36:54 |
| 11203 || 80.5257594151419 || 2011-05-03 12:37:51 |
| 11204 || -0.146996108895563 || 2017-06-27 19:09:20 |
| 11205 || 0.17406599330914 || 2016-05-11 13:53:11 |
| 11206 || 2.81364466138188 || 2010-08-17 23:16:23 |
| 11207 || 34.538146447388 || 2010-07-18 00:11:27 |
| 11208 || -22.3978708335699 || 2013-03-10 23:49:03 |
| 11209 || 35.2398400981637 || 2011-05-15 01:44:36 |
| 11210 || 1.00034382873831 || 2019-06-16 07:35:00 |
| 11211 || -4.84940744896314 || 2012-08-05 15:38:18 |
| 11212 || 41.7724692308898 || 2018-05-15 13:57:03 |
| 11213 || -16.907711505039 || 2012-10-20 00:39:38 |
| 11214 || -12.3608119085086 || 2013-04-25 23:40:19 |
| 11215 || 2.27533562116469 || 2011-05-09 04:49:57 |
| 11216 || 5.0648094582508 || 2011-09-10 18:54:47 |
| 11217 || 44.0871004938934 || 2015-07-16 09:41:00 |
| 11218 || -27.4251177778913 || 2016-12-04 18:21:09 |
| 11219 || -16.7414777891058 || 2010-04-22 09:56:34 |
| 11220 || -1.52535502312822 || 2017-08-04 22:34:51 |
| 11221 || -3.26264804003356 || 2012-05-15 06:17:02 |
| 11222 || -8.99781706436261 || 2018-09-13 19:50:44 |
| 11223 || -18.9185729429212 || 2014-12-23 00:01:47 |
| 11224 || 52.9879041645866 || 2019-12-15 16:41:40 |
| 11225 || 2.80641262370319 || 2011-09-06 09:20:29 |
| 11226 || 1.27071511799314 || 2016-03-20 09:27:37 |
| 11227 || -14.2151360146651 || 2014-08-21 17:26:14 |
| 11228 || 89.4105744187012 || 2013-01-11 21:46:09 |
| 11229 || 9.0190221365799 || 2015-10-14 10:19:10 |
| 11230 || -3.27864247116838 || 2018-11-11 08:06:41 |
| 11231 || 0.751347502547354 || 2010-07-06 03:37:10 |
| 11232 || -0.649164059972833 || 2019-04-19 06:53:04 |
| 11233 || 89.1818523718418 || 2019-09-05 07:26:15 |
| 11234 || 62.3230501949656 || 2011-02-23 14:49:18 |
| 11235 || 5.97830102360072 || 2011-08-05 21:08:41 |
| 11236 || 3.12277883400993 || 2017-03-22 21:38:10 |
| 11237 || 29.8151585874103 || 2013-09-02 00:29:51 |
| 11238 || 84.0111324056557 || 2011-01-22 13:43:35 |
| 11239 || 46.7169636339293 || 2010-03-03 01:37:09 |
| 11240 || -0.308933633604476 || 2012-04-02 15:09:00 |
| 11241 || 0.550468622253391 || 2016-07-13 10:46:47 |
| 11242 || 40.6354952312412 || 2014-10-04 15:17:02 |
| 11243 || -3.54179312134825 || 2011-08-05 18:40:55 |
| 11244 || 6.6487217373742 || 2014-11-09 22:09:24 |
| 11245 || -0.0313288414390923 || 2013-01-11 13:34:38 |
| 11246 || -0.215332663088791 || 2011-06-19 18:44:57 |
| 11247 || 33.6366632437835 || 2019-11-15 02:50:00 |
| 11248 || 73.4620913441727 || 2011-10-05 15:36:28 |
| 11249 || 76.4164614263714 || 2012-04-27 01:47:44 |
| 11250 || 27.9682532872402 || 2019-08-01 10:11:36 |
| 11251 || 0.00821692954434888 || 2013-09-12 16:34:58 |
| 11252 || -8.82268721212428 || 2011-11-16 23:04:10 |
| 11253 || -17.27590768533 || 2017-06-22 01:48:56 |
| 11254 || 66.3163890555817 || 2013-11-02 00:55:12 |
| 11255 || -10.9603472778868 || 2016-06-12 14:00:19 |
| 11256 || -0.0187493787125845 || 2011-01-07 08:29:18 |
| 11257 || 24.9828915592801 || 2010-01-24 16:59:27 |
| 11258 || 0.648129788811472 || 2017-01-16 13:23:09 |
| 11259 || 81.383717685471 || 2013-06-06 17:23:55 |
| 11260 || 6.96669763142349 || 2017-02-13 19:20:23 |
| 11261 || -0.179657566819041 || 2013-06-16 17:32:06 |
| 11262 || -0.391196173676003 || 2017-11-01 05:32:07 |
| 11263 || 73.9937056694077 || 2017-09-26 20:48:00 |
| 11264 || -28.094456395789 || 2013-09-05 20:13:57 |
| 11265 || 27.4292429859871 || 2016-09-09 21:36:23 |
| 11266 || -0.485968405368492 || 2019-12-12 02:00:39 |
| 11267 || 2.44252011571554 || 2015-09-06 16:26:12 |
| 11268 || -23.0109781945074 || 2018-11-05 17:19:24 |
| 11269 || 27.8352283947749 || 2014-10-15 10:04:10 |
| 11270 || -11.7735413621765 || 2016-10-10 22:13:23 |
| 11271 || 3.87425222888106 || 2010-07-06 17:45:20 |
| 11272 || 6.12072084378518 || 2017-05-19 07:10:19 |
| 11273 || 50.0974263989763 || 2019-04-20 22:30:25 |
| 11274 || 89.4025857587583 || 2015-10-05 09:08:01 |
| 11275 || 22.1154917024485 || 2016-05-15 01:35:02 |
| 11276 || -1.23567748567987 || 2015-07-25 09:47:47 |
| 11277 || 7.89982113255486 || 2019-11-26 01:22:06 |
| 11278 || 59.2168415031141 || 2018-10-10 19:26:23 |
| 11279 || -25.8436818669808 || 2012-11-02 01:10:32 |
| 11280 || 46.2717556338024 || 2013-02-18 00:13:50 |
| 11281 || -2.64325520179437 || 2012-01-18 07:35:49 |
| 11282 || 6.00590620524328 || 2015-07-27 14:02:28 |
| 11283 || -6.14627162120086 || 2017-10-27 01:16:52 |
| 11284 || 74.9284398640849 || 2016-02-06 10:29:28 |
| 11285 || 48.1387457527228 || 2019-11-06 01:58:12 |
| 11286 || 9.24763230202955 || 2017-09-03 22:30:15 |
| 11287 || 1.02333830697354 || 2015-08-22 14:12:42 |
| 11288 || 17.00329165875 || 2010-01-18 02:06:01 |
| 11289 || 19.3389433542716 || 2018-10-08 22:46:55 |
| 11290 || 50.8193921208103 || 2012-10-11 19:18:41 |
| 11291 || 2.47481736949651 || 2013-07-16 00:58:52 |
| 11292 || 1.92548035858815 || 2016-07-21 22:01:18 |
| 11293 || -5.27406978580096 || 2012-02-10 09:15:33 |
| 11294 || 69.5637538637687 || 2016-04-14 14:46:28 |
| 11295 || 73.304834604175 || 2013-01-21 06:31:30 |
| 11296 || 21.4059061255533 || 2014-11-19 09:25:08 |
| 11297 || -0.0404163867338427 || 2012-09-12 06:04:51 |
| 11298 || 8.2129912715891 || 2014-11-15 01:19:19 |
| 11299 || -19.239380927678 || 2016-09-06 19:28:25 |
| 11300 || -5.5193389525313 || 2018-08-01 01:03:19 |
| 11301 || 25.8601640451653 || 2013-10-17 22:55:45 |
| 11302 || 0.0612117957205094 || 2017-07-01 20:02:42 |
| 11303 || 18.8065121339188 || 2016-05-06 16:28:14 |
| 11304 || 12.4046574295859 || 2015-03-02 09:02:49 |
| 11305 || 13.3616930486384 || 2017-06-07 21:34:26 |
| 11306 || 23.0072688372164 || 2014-09-27 03:17:26 |
| 11307 || 0.00557595430132236 || 2011-12-12 20:34:41 |
| 11308 || 25.2512218895676 || 2013-06-12 02:08:39 |
| 11309 || -16.463372111613 || 2015-06-12 06:37:59 |
| 11310 || 6.47791725745566 || 2017-06-02 00:58:57 |
| 11311 || 17.5481510825326 || 2019-03-04 22:21:17 |
| 11312 || -0.0433958158085233 || 2011-10-03 03:18:24 |
| 11313 || 4.67455601173116 || 2013-05-14 10:33:27 |
| 11314 || -24.8407691072918 || 2017-10-23 02:08:31 |
| 11315 || -28.297840134334 || 2014-03-15 16:33:13 |
| 11316 || 13.2713308178744 || 2011-07-17 12:06:02 |
| 11317 || 0.527429861871498 || 2015-04-15 04:15:59 |
| 11318 || 10.0782803043333 || 2013-03-01 02:38:50 |
| 11319 || 67.8229566244647 || 2013-06-09 20:14:36 |
| 11320 || 87.9368535246496 || 2011-10-23 21:46:48 |
| 11321 || 20.7938957609835 || 2015-12-12 06:09:54 |
| 11322 || 1.37840706885333 || 2018-12-14 06:01:41 |
| 11323 || -3.16559966382061 || 2016-03-06 19:33:57 |
| 11324 || 16.8791577347571 || 2013-10-10 08:05:55 |
| 11325 || 14.1964094246106 || 2014-06-05 20:51:29 |
| 11326 || -5.64408506724009 || 2019-12-10 18:20:42 |
| 11327 || -1.29867301869957 || 2018-05-13 00:07:26 |
| 11328 || 10.0120202905029 || 2017-11-21 10:33:02 |
| 11329 || -15.3295826146459 || 2014-04-27 17:51:23 |
| 11330 || 37.7025069804889 || 2014-07-13 20:25:09 |
| 11331 || 47.6425408159011 || 2019-02-25 01:46:07 |
| 11332 || -2.31647305666938 || 2012-11-14 10:31:30 |
| 11333 || 7.33737735642802 || 2011-01-16 21:18:35 |
| 11334 || 13.5142448159418 || 2017-09-26 01:40:57 |
| 11335 || 49.7707913479706 || 2012-01-09 16:31:20 |
| 11336 || -20.6076642184984 || 2012-10-03 23:25:29 |
| 11337 || 8.8356293774547 || 2018-01-14 19:04:29 |
| 11338 || 0.0486778756359267 || 2017-08-14 02:02:08 |
| 11339 || 39.8810968061067 || 2015-04-14 16:31:33 |
| 11340 || 5.61541854448928 || 2015-05-16 12:44:05 |
| 11341 || -19.8821469747702 || 2012-06-10 03:17:03 |
| 11342 || 8.60938202946802 || 2018-08-16 13:24:05 |
| 11343 || -0.214860607943334 || 2011-03-09 00:29:53 |
| 11344 || -12.9351265555818 || 2014-08-16 02:57:05 |
| 11345 || 34.978852606383 || 2014-10-15 10:23:12 |
| 11346 || 9.52389716690818 || 2019-04-24 22:20:30 |
| 11347 || 20.028329604749 || 2014-09-09 17:36:49 |
| 11348 || -0.348860153904212 || 2012-12-25 07:21:31 |
| 11349 || 31.2910224157596 || 2013-04-23 15:50:16 |
| 11350 || 76.0611743504145 || 2019-06-13 16:47:12 |
| 11351 || 75.8544978045237 || 2017-03-27 05:27:37 |
| 11352 || -5.16575738264791 || 2019-07-05 21:15:06 |
| 11353 || 0.191203467216213 || 2019-12-01 08:54:45 |
| 11354 || 34.1772567380266 || 2010-12-23 20:13:37 |
| 11355 || 16.3661708074915 || 2011-02-16 21:15:34 |
| 11356 || 74.9483630664438 || 2011-05-13 00:39:42 |
| 11357 || -3.25971755945069 || 2016-07-23 15:15:19 |
| 11358 || -0.00468970139847918 || 2014-01-07 21:10:07 |
| 11359 || 15.2530340559961 || 2011-03-22 20:32:21 |
| 11360 || 55.4596099499996 || 2019-12-19 20:27:39 |
| 11361 || -27.3445134729258 || 2019-09-02 19:40:12 |
| 11362 || 23.8021347297812 || 2016-11-10 13:08:22 |
| 11363 || 0.456507365862754 || 2018-09-26 03:55:53 |
| 11364 || 21.960326735533 || 2010-11-03 23:15:59 |
| 11365 || -1.46343525838772 || 2012-01-12 12:30:43 |
| 11366 || 50.8927748499159 || 2012-07-18 22:31:53 |
| 11367 || -10.0128805150521 || 2015-03-06 00:54:15 |
| 11368 || -0.419804338635719 || 2018-03-13 19:15:52 |
| 11369 || 8.87398013995412 || 2019-08-22 06:25:50 |
| 11370 || -23.4271338874615 || 2012-09-02 07:45:19 |
| 11371 || 43.1470007120358 || 2017-10-08 04:28:27 |
| 11372 || -15.6761385219523 || 2012-03-02 04:02:19 |
| 11373 || -1.07443744835256 || 2010-10-14 03:30:10 |
| 11374 || -1.76065876101393 || 2010-12-04 14:47:04 |
| 11375 || 25.0908674864722 || 2016-10-08 05:26:05 |
| 11376 || 63.562866534245 || 2018-06-02 04:10:43 |
| 11377 || 47.5565884479593 || 2010-05-18 14:53:51 |
| 11378 || 5.51738781749058 || 2010-11-16 04:00:45 |
| 11379 || -3.50566442709856 || 2019-05-12 17:24:07 |
| 11380 || 30.503946767056 || 2015-05-15 18:41:22 |
| 11381 || -28.9263072752594 || 2011-06-04 04:58:30 |
| 11382 || -17.0376702078084 || 2019-08-15 06:44:18 |
| 11383 || -2.41236270876292 || 2015-06-22 22:06:09 |
| 11384 || 1.45813294601867 || 2017-02-07 02:33:42 |
| 11385 || -18.5481400681102 || 2018-01-24 02:16:14 |
| 11386 || -8.85845663098809 || 2019-12-01 08:35:32 |
| 11387 || -12.8385427567911 || 2018-04-03 13:26:54 |
| 11388 || 11.3494775416181 || 2014-10-05 00:37:03 |
| 11389 || -1.35974938754926 || 2016-08-01 12:53:48 |
| 11390 || 31.6650822200222 || 2013-02-05 04:27:27 |
| 11391 || 35.8562800166308 || 2019-07-26 12:54:10 |
| 11392 || -10.2582580682059 || 2018-08-01 00:27:49 |
| 11393 || -4.64882555094534 || 2017-03-01 18:50:04 |
| 11394 || 0.210142203114488 || 2011-11-06 02:55:48 |
| 11395 || 45.9496515505865 || 2016-06-25 01:31:30 |
| 11396 || -23.7048824758594 || 2015-01-09 20:34:41 |
| 11397 || -23.2830491047513 || 2015-07-09 08:58:57 |
| 11398 || 8.81597842898601 || 2011-12-20 17:35:56 |
| 11399 || -0.416271345549149 || 2017-02-12 15:55:16 |
| 11400 || -11.671732377027 || 2018-07-15 01:57:04 |
| 11401 || 64.5485121119144 || 2014-06-27 01:53:11 |
| 11402 || -25.503394136025 || 2015-03-15 10:46:08 |
| 11403 || 5.37350724223988 || 2011-11-06 19:27:12 |
| 11404 || 0.0431757689056163 || 2012-06-04 00:26:55 |
| 11405 || -8.68646040664847 || 2019-09-04 13:58:01 |
| 11406 || 66.1128818344659 || 2014-04-01 05:57:12 |
| 11407 || 77.5803242619298 || 2017-06-01 11:03:03 |
| 11408 || -4.13841350772814 || 2014-10-18 08:50:36 |
| 11409 || 8.40930445320774e-05 || 2019-12-16 07:29:25 |
| 11410 || 7.710252757498 || 2011-03-18 23:10:30 |
| 11411 || 61.0163331642977 || 2010-09-24 10:01:34 |
| 11412 || 61.6615990701999 || 2012-08-08 16:15:33 |
| 11413 || 34.1040440678238 || 2016-02-16 06:43:31 |
| 11414 || -0.106108675948186 || 2016-11-08 23:00:25 |
| 11415 || -0.401711954822269 || 2010-05-12 23:21:30 |
| 11416 || -8.32113524674958 || 2010-02-02 05:40:29 |
| 11417 || 73.9944234239502 || 2017-12-04 10:16:17 |
| 11418 || 32.2702593562929 || 2010-06-19 09:18:57 |
| 11419 || -0.436179871808904 || 2015-02-10 11:46:54 |
| 11420 || 8.36640197751214 || 2017-06-04 05:32:37 |
| 11421 || 53.7672912318176 || 2013-09-19 16:08:11 |
| 11422 || 57.5407752273338 || 2015-06-21 02:01:40 |
| 11423 || 42.9403756526542 || 2016-10-08 18:59:21 |
| 11424 || -0.0406019075289045 || 2016-05-12 20:57:19 |
| 11425 || -0.856051472471649 || 2011-07-08 18:07:28 |
| 11426 || 2.58451108270835 || 2017-06-24 19:11:00 |
| 11427 || -25.3750233777076 || 2019-09-02 18:12:34 |
| 11428 || 32.9429809851044 || 2011-03-08 14:00:29 |
| 11429 || 4.96241449188906 || 2010-06-18 09:59:24 |
| 11430 || -2.49024199320289 || 2017-10-19 03:51:46 |
| 11431 || 45.1607989618211 || 2014-06-16 11:42:27 |
| 11432 || 2.26406559316064 || 2017-05-12 14:18:12 |
| 11433 || 3.61478890153101 || 2016-01-25 18:07:07 |
| 11434 || 3.24383295155625 || 2013-07-21 02:01:55 |
| 11435 || -2.7841410250578 || 2014-07-23 07:08:44 |
| 11436 || -0.261075648806007 || 2019-02-24 17:03:27 |
| 11437 || 35.9434966166866 || 2015-12-26 23:53:25 |
| 11438 || -15.4361481167474 || 2016-04-07 20:17:45 |
| 11439 || 9.59068789668657 || 2014-04-22 22:46:44 |
| 11440 || -0.385934890754887 || 2019-09-27 21:52:22 |
| 11441 || 42.806256291261 || 2016-06-16 23:35:50 |
| 11442 || -14.1275942609119 || 2011-05-17 19:29:03 |
| 11443 || 34.3995388096132 || 2016-04-15 23:31:27 |
| 11444 || 14.1878809581442 || 2015-10-10 20:16:29 |
| 11445 || -0.717864716935106 || 2013-12-13 05:10:48 |
| 11446 || -15.4286997648378 || 2017-09-21 01:54:06 |
| 11447 || 5.17438026528553 || 2013-04-03 12:25:08 |
| 11448 || 1.16222889264676 || 2016-02-15 14:05:55 |
| 11449 || -6.3042693926236 || 2010-06-25 05:15:47 |
| 11450 || -0.442451495891778 || 2014-01-26 08:35:20 |
| 11451 || -13.7467895821885 || 2012-02-10 03:59:59 |
| 11452 || 38.4416756081685 || 2014-09-09 18:30:32 |
| 11453 || -18.8658002010393 || 2015-08-19 21:02:39 |
| 11454 || 23.2627247109694 || 2017-07-09 19:25:49 |
| 11455 || 0.163294513671994 || 2011-07-25 22:38:35 |
| 11456 || -5.9596535304875 || 2018-07-01 14:23:29 |
| 11457 || 79.647624864147 || 2015-02-09 12:00:41 |
| 11458 || 60.0543507025394 || 2014-10-01 22:39:27 |
| 11459 || 8.20272079696862 || 2011-12-07 00:51:25 |
| 11460 || 0.00843918405823169 || 2018-11-06 00:47:11 |
| 11461 || 3.90342531075698 || 2015-06-26 06:07:20 |
| 11462 || 68.3314847877533 || 2010-04-10 22:04:56 |
| 11463 || 43.0633937634679 || 2019-06-25 07:40:26 |
| 11464 || -9.50575181385625 || 2019-10-17 15:09:03 |
| 11465 || 0.213999679041578 || 2016-09-26 23:35:01 |
| 11466 || 6.20925809166474 || 2011-08-19 21:58:33 |
| 11467 || -19.4127088164664 || 2019-06-17 07:18:36 |
| 11468 || -13.0295049369754 || 2010-04-08 03:02:06 |
| 11469 || 36.9146729910666 || 2015-12-27 20:54:14 |
| 11470 || -0.0960250611115074 || 2016-06-12 17:30:51 |
| 11471 || 2.18622258554324 || 2016-02-06 18:07:53 |
| 11472 || 57.5179008965971 || 2011-08-25 01:29:10 |
| 11473 || -8.16378772283281 || 2012-06-12 10:34:46 |
| 11474 || -9.27537737503745 || 2016-06-27 22:22:01 |
| 11475 || -0.218831529544648 || 2014-08-22 23:53:11 |
| 11476 || 12.8416810591694 || 2018-06-11 21:18:04 |
| 11477 || -7.34785600556574 || 2016-08-02 08:36:07 |
| 11478 || 42.5426320289433 || 2011-07-16 14:35:44 |
| 11479 || -13.1370733810164 || 2010-10-18 13:42:50 |
| 11480 || 4.07124119723523 || 2017-12-08 17:05:23 |
| 11481 || 1.97891479050712 || 2018-03-05 23:26:48 |
| 11482 || 16.6629132745994 || 2017-11-17 00:02:58 |
| 11483 || -26.0427107133701 || 2017-01-21 20:57:37 |
| 11484 || 12.0353893500604 || 2018-11-05 09:04:00 |
| 11485 || -1.88965809766375 || 2019-12-05 04:10:25 |
| 11486 || 8.81853812748427 || 2019-09-17 19:50:34 |
| 11487 || 52.040093573517 || 2011-10-15 16:31:19 |
| 11488 || 68.0557487097003 || 2014-01-20 20:24:07 |
| 11489 || 49.4450957658359 || 2013-02-10 07:50:36 |
| 11490 || 9.86546519804973 || 2011-07-14 09:39:58 |
| 11491 || 3.55817508023709 || 2018-10-15 05:14:26 |
| 11492 || 33.2778653648843 || 2019-10-16 21:00:27 |
| 11493 || 82.3373165623333 || 2017-01-08 12:14:36 |
| 11494 || 51.0566921601312 || 2010-07-25 17:30:12 |
| 11495 || 14.3007755376965 || 2010-07-03 21:41:33 |
| 11496 || 3.6160067806148 || 2013-07-27 02:56:20 |
| 11497 || 29.5240886760013 || 2017-04-23 02:19:18 |
| 11498 || 23.7053252794926 || 2013-06-27 08:58:59 |
| 11499 || 8.05173986758956 || 2014-01-06 00:44:20 |
| 11500 || 18.7053215966295 || 2012-01-19 03:15:50 |
| 11501 || -0.441629553139041 || 2016-11-03 03:10:54 |
| 11502 || 40.5761809523694 || 2010-07-18 03:06:39 |
| 11503 || -1.27169588105834 || 2017-07-26 19:04:35 |
| 11504 || -24.8302576633948 || 2010-05-01 21:18:08 |
| 11505 || 5.40807024351403 || 2016-03-03 16:49:40 |
| 11506 || 0.603188007762425 || 2016-11-27 07:04:13 |
| 11507 || 8.65437412248631 || 2013-01-03 14:29:10 |
| 11508 || -27.0433660008102 || 2018-06-03 21:06:12 |
| 11509 || 66.8610254716824 || 2013-09-14 08:27:12 |
| 11510 || -6.27617406561892 || 2012-04-03 08:19:22 |
| 11511 || -0.0137966024197861 || 2013-02-04 07:17:57 |
| 11512 || 0.859501584102842 || 2011-01-05 22:54:35 |
| 11513 || 48.8748967556709 || 2018-06-07 22:04:35 |
| 11514 || 82.0027051601452 || 2012-01-06 21:12:21 |
| 11515 || 19.0999975730743 || 2015-03-16 12:55:50 |
| 11516 || 0.125456751992013 || 2013-10-03 23:29:43 |
| 11517 || -2.00720488670658 || 2011-01-17 23:52:21 |
| 11518 || -19.9230877450997 || 2018-01-27 18:27:44 |
| 11519 || 51.7098804114781 || 2018-11-03 15:05:16 |
| 11520 || 10.287251701347 || 2014-03-22 23:08:19 |
| 11521 || -0.280796178564193 || 2016-10-20 14:40:43 |
| 11522 || 15.5170721128443 || 2010-10-09 21:23:32 |
| 11523 || 68.7475006362675 || 2016-04-01 03:45:21 |
| 11524 || -21.9725963688195 || 2016-05-13 12:56:49 |
| 11525 || -4.56175210761914 || 2016-11-18 21:06:13 |
| 11526 || -0.535412474766405 || 2016-11-03 05:56:45 |
| 11527 || -0.232102525969644 || 2013-03-14 09:57:17 |
| 11528 || 13.2555429370469 || 2013-10-15 16:32:43 |
| 11529 || 63.491788247411 || 2014-09-16 19:54:20 |
| 11530 || 46.8885405600467 || 2011-10-21 22:59:26 |
| 11531 || 1.46568841618872 || 2014-06-11 16:47:44 |
| 11532 || 11.6519156916325 || 2018-03-06 03:11:35 |
| 11533 || 40.5616987553883 || 2019-10-11 22:27:12 |
| 11534 || 12.0706560708588 || 2011-10-05 10:18:00 |
| 11535 || 22.9986555133993 || 2011-08-25 20:03:33 |
| 11536 || 5.58037668393551 || 2012-05-19 20:43:46 |
| 11537 || 3.10286636782664 || 2019-10-01 08:43:57 |
| 11538 || 44.4166108510667 || 2018-09-27 23:09:47 |
| 11539 || 53.3636694547961 || 2017-11-25 17:46:18 |
| 11540 || 48.1881345236117 || 2019-11-03 23:58:00 |
| 11541 || -3.33652541200919 || 2011-03-12 02:16:34 |
| 11542 || 2.34199311340482 || 2010-04-07 21:27:29 |
| 11543 || -13.4114088113799 || 2017-03-05 05:10:21 |
| 11544 || 53.2733875103812 || 2010-01-02 04:11:19 |
| 11545 || -21.6368655907393 || 2016-02-02 13:30:18 |
| 11546 || 12.8708360657496 || 2010-08-25 11:12:43 |
| 11547 || 3.21805187886306 || 2019-06-02 13:56:16 |
| 11548 || 16.8306712777816 || 2013-02-14 21:24:01 |
| 11549 || -28.3583260309554 || 2019-05-26 14:04:37 |
| 11550 || 69.6802145682181 || 2014-08-27 00:52:03 |
| 11551 || 7.99719251932993 || 2013-11-14 21:24:19 |
| 11552 || 2.09749591056285 || 2010-03-01 02:41:20 |
| 11553 || 43.6225072231954 || 2014-02-12 02:24:38 |
| 11554 || -25.385491707407 || 2015-02-07 12:19:55 |
| 11555 || 45.0914432402446 || 2018-06-14 02:26:03 |
| 11556 || 20.6827601065818 || 2013-05-22 12:29:34 |
| 11557 || 0.744521066220129 || 2012-01-20 07:34:11 |
| 11558 || 19.9182021238842 || 2015-10-22 19:11:09 |
| 11559 || -25.3774612329706 || 2018-08-02 10:59:14 |
| 11560 || 54.1174485520975 || 2014-07-23 20:23:37 |
| 11561 || 11.021910553768 || 2015-01-16 07:29:49 |
| 11562 || -0.0296898360008388 || 2018-07-26 06:09:24 |
| 11563 || 31.3289022860868 || 2013-08-06 08:36:59 |
| 11564 || 19.7835800000217 || 2019-04-17 12:29:55 |
| 11565 || -24.4332511632068 || 2019-10-07 10:37:56 |
| 11566 || 32.4088913686599 || 2018-10-11 05:46:31 |
| 11567 || -0.0104617467249599 || 2016-12-06 06:40:26 |
| 11568 || -4.39461663103767 || 2012-09-27 20:26:42 |
| 11569 || 23.301853232717 || 2010-10-07 03:16:10 |
| 11570 || 12.0144135183888 || 2010-08-25 21:45:23 |
| 11571 || 28.8669051062109 || 2015-09-02 06:57:58 |
| 11572 || 0.693968485818152 || 2010-05-09 14:55:32 |
| 11573 || 18.2455803060895 || 2013-11-06 04:36:25 |
| 11574 || 54.5793976360416 || 2010-05-08 19:14:47 |
| 11575 || 84.598738426743 || 2015-11-18 08:06:34 |
| 11576 || 6.1260284171947 || 2017-04-08 03:39:34 |
| 11577 || 1.67471806977824 || 2018-12-26 07:19:43 |
| 11578 || -3.92132164768182 || 2013-05-02 07:38:06 |
| 11579 || 8.54642119487674 || 2015-08-21 17:03:38 |
| 11580 || -22.8317882312058 || 2014-01-25 10:41:06 |
| 11581 || 2.70088443701685 || 2010-12-04 19:07:28 |
| 11582 || -0.575446066228255 || 2014-02-24 09:17:36 |
| 11583 || -2.51598586843402 || 2019-04-24 17:39:34 |
| 11584 || 3.62178908041187 || 2014-05-05 04:31:28 |
| 11585 || 71.0122173119865 || 2011-07-08 15:32:24 |
| 11586 || 53.9430658866896 || 2016-11-06 09:18:51 |
| 11587 || 5.45225844509385 || 2012-11-17 09:32:22 |
| 11588 || 5.31549395640952 || 2012-08-08 18:55:19 |
| 11589 || -2.89004066579287 || 2014-07-01 15:01:27 |
| 11590 || -27.4901852821203 || 2012-07-10 19:11:01 |
| 11591 || -13.4633250050685 || 2015-07-04 11:10:24 |
| 11592 || -2.43484917810818 || 2017-04-13 23:24:46 |
| 11593 || 5.3594246439224 || 2011-11-18 10:43:29 |
| 11594 || -17.7011465652375 || 2016-12-13 11:11:06 |
| 11595 || 20.225942501918 || 2014-01-13 16:00:04 |
| 11596 || 56.4380803998624 || 2010-07-18 07:55:48 |
| 11597 || -4.05901562121344 || 2013-09-09 22:51:05 |
| 11598 || 1.99361179101277 || 2012-01-18 12:08:42 |
| 11599 || 1.30243849129207 || 2011-05-25 20:50:50 |
| 11600 || 24.6991993797631 || 2012-06-13 16:34:09 |
| 11601 || 36.5487467347155 || 2014-01-10 00:13:11 |
| 11602 || 9.77590969353766 || 2016-08-03 12:14:33 |
| 11603 || 2.33656442488402 || 2010-11-25 00:02:16 |
| 11604 || -3.7724055642768 || 2013-10-18 20:26:23 |
| 11605 || -26.9482453036683 || 2015-04-11 15:17:55 |
| 11606 || 58.4814162102462 || 2015-03-24 01:20:30 |
| 11607 || -6.16462792071056 || 2014-05-03 22:52:04 |
| 11608 || -0.290613567847416 || 2013-07-18 21:47:08 |
| 11609 || 17.8678327068956 || 2016-06-23 10:28:10 |
| 11610 || 34.9474051920226 || 2010-08-02 04:50:48 |
| 11611 || -22.6906019032029 || 2016-12-19 21:30:43 |
| 11612 || 4.79388556125918 || 2014-02-13 20:16:45 |
| 11613 || -0.0241500289528524 || 2012-10-23 11:03:28 |
| 11614 || 4.37096648548784 || 2010-02-23 12:48:54 |
| 11615 || 49.0893244020672 || 2014-12-15 04:24:13 |
| 11616 || -5.5306104596163 || 2014-08-20 06:45:29 |
| 11617 || -9.02175509118391 || 2012-01-09 10:28:57 |
| 11618 || -0.00566446710125863 || 2013-03-04 08:06:57 |
| 11619 || -7.05120256629623 || 2010-07-22 16:17:19 |
| 11620 || 43.4151760961253 || 2018-06-13 20:08:22 |
| 11621 || 75.3332659708063 || 2012-05-21 19:10:33 |
| 11622 || -12.0569365786563 || 2017-11-26 17:27:45 |
| 11623 || -0.071108235280931 || 2011-06-16 16:38:41 |
| 11624 || 23.3735437922235 || 2019-11-09 04:16:07 |
| 11625 || 46.5923386759518 || 2014-09-14 02:20:54 |
| 11626 || -18.3762769745415 || 2016-03-05 06:58:53 |
| 11627 || 24.7781735743523 || 2015-12-15 02:15:23 |
| 11628 || 1.02929994742583 || 2018-11-16 21:11:38 |
| 11629 || 18.7115310659236 || 2015-05-27 10:46:34 |
| 11630 || 38.103130031755 || 2019-03-07 17:42:23 |
| 11631 || -22.5677870401238 || 2010-01-05 18:06:37 |
| 11632 || -15.4867680504034 || 2017-08-22 19:43:24 |
| 11633 || 2.53911601220394 || 2012-02-21 03:16:10 |
| 11634 || 11.298063250619 || 2017-01-10 02:12:42 |
| 11635 || -21.6523824337469 || 2016-07-24 03:43:52 |
| 11636 || -27.8995297547885 || 2014-02-22 14:23:58 |
| 11637 || 2.61115339471138 || 2013-12-26 14:52:14 |
| 11638 || 2.96702065081532 || 2013-07-23 18:16:39 |
| 11639 || 7.68790142869237 || 2010-04-05 10:26:56 |
| 11640 || -17.3694922994067 || 2013-12-11 23:44:06 |
| 11641 || -14.3795419441782 || 2010-07-22 07:31:40 |
| 11642 || -4.90413120182096 || 2015-10-15 10:15:45 |
| 11643 || 3.29774705032077 || 2016-10-17 07:24:16 |
| 11644 || -0.263089830554862 || 2018-01-21 08:46:06 |
| 11645 || 0.0662482693572481 || 2010-05-10 16:10:05 |
| 11646 || 75.14161814974 || 2013-02-13 10:35:07 |
| 11647 || -21.1095849189479 || 2012-04-01 08:45:32 |
| 11648 || 6.33194937984209 || 2013-11-04 18:16:50 |
| 11649 || 2.71719262312075 || 2011-11-06 11:32:51 |
| 11650 || -16.2392191351466 || 2013-11-05 08:49:14 |
| 11651 || -12.9606938365653 || 2013-02-13 12:28:50 |
| 11652 || -22.6870252505266 || 2011-01-14 20:57:04 |
| 11653 || 1.55008171381659 || 2012-04-21 19:06:56 |
| 11654 || 2.67514848780429 || 2016-12-04 16:56:58 |
| 11655 || 7.61547234231836 || 2015-01-10 17:42:37 |
| 11656 || -29.223636475619 || 2013-01-17 19:20:23 |
| 11657 || 34.3131919733382 || 2018-04-11 04:31:52 |
| 11658 || -6.48377041294378 || 2014-12-26 22:26:48 |
| 11659 || 0.601957065067304 || 2013-11-04 03:46:27 |
| 11660 || 33.3420394695035 || 2016-05-19 05:02:06 |
| 11661 || 72.7433693268309 || 2016-03-15 22:06:03 |
| 11662 || -16.1975985370516 || 2019-04-03 14:27:43 |
| 11663 || 7.06607486387341 || 2011-01-12 07:49:21 |
| 11664 || 0.215590064870553 || 2016-12-06 22:05:11 |
| 11665 || -2.8243824170078 || 2019-04-22 18:51:34 |
| 11666 || 82.8196965302325 || 2013-02-07 06:02:31 |
| 11667 || 75.4735085632251 || 2012-12-26 00:47:13 |
| 11668 || -2.65676065470851 || 2011-07-14 02:25:24 |
| 11669 || 0.00055684693584747 || 2013-01-05 02:15:42 |
| 11670 || 6.33457620521144 || 2019-01-22 20:19:51 |
| 11671 || -21.5718247204953 || 2018-08-10 14:38:45 |
| 11672 || 82.8860890951009 || 2013-02-23 02:47:22 |
| 11673 || 20.2143088456614 || 2012-09-24 00:45:11 |
| 11674 || -0.0968116413301308 || 2018-03-17 03:48:55 |
| 11675 || -5.77025325752754 || 2015-10-21 23:56:49 |
| 11676 || 69.9555950722063 || 2010-04-15 22:04:45 |
| 11677 || 5.48109886221559 || 2014-09-21 20:17:23 |
| 11678 || 17.1105006284697 || 2013-11-09 04:58:42 |
| 11679 || 0.0536582433295999 || 2015-10-04 10:18:11 |
| 11680 || 17.3805289837428 || 2017-12-15 10:14:57 |
| 11681 || 61.8449139516578 || 2012-01-10 00:49:51 |
| 11682 || -23.5540272697543 || 2018-03-15 23:49:34 |
| 11683 || 41.3148813329617 || 2015-10-23 05:21:45 |
| 11684 || -0.795313527524201 || 2019-06-04 04:00:13 |
| 11685 || -4.95847537607481 || 2015-04-25 09:50:23 |
| 11686 || -8.13127484263173 || 2018-07-26 09:33:39 |
| 11687 || 48.3452653759889 || 2013-10-20 10:05:38 |
| 11688 || 49.5038169271295 || 2017-01-19 01:59:39 |
| 11689 || 4.82646517289721 || 2018-02-18 15:09:15 |
| 11690 || 4.3782145088732 || 2019-02-16 12:32:04 |
| 11691 || -18.5534805708658 || 2015-05-22 02:36:45 |
| 11692 || 77.548255578714 || 2011-06-21 16:49:50 |
| 11693 || 46.2923111767564 || 2018-07-22 19:23:18 |
| 11694 || 6.74038648377854 || 2011-11-27 10:46:39 |
| 11695 || -2.42780200898409 || 2010-04-18 18:57:23 |
| 11696 || -17.7993094825243 || 2018-06-15 22:27:16 |
| 11697 || 13.573767187475 || 2018-09-14 07:02:52 |
| 11698 || 34.6545804189546 || 2013-11-20 01:04:39 |
| 11699 || 7.02066961345022 || 2013-08-26 23:12:40 |
| 11700 || -0.573068956170114 || 2019-01-11 07:32:54 |
| 11701 || -12.9678878443012 || 2017-05-23 19:56:12 |
| 11702 || -8.73883726191711 || 2015-02-24 17:47:58 |
| 11703 || -19.5776490472244 || 2017-08-24 17:18:52 |
| 11704 || -4.95428382323763 || 2014-11-20 18:02:29 |
| 11705 || 2.52109674587043 || 2015-12-24 05:43:31 |
| 11706 || -14.2295294805197 || 2012-09-14 14:48:39 |
| 11707 || -8.51006609512092 || 2017-12-23 09:14:43 |
| 11708 || 21.9243173688992 || 2014-06-06 13:19:30 |
| 11709 || 12.7505705400595 || 2018-09-24 10:12:09 |
| 11710 || -0.0931700994950922 || 2012-05-16 20:35:44 |
| 11711 || -9.06842899837765 || 2011-12-19 22:12:58 |
| 11712 || 76.5557717556693 || 2010-07-14 04:29:08 |
| 11713 || 35.0349478225643 || 2017-02-22 07:01:09 |
| 11714 || -7.92571190254512 || 2015-04-04 15:39:35 |
| 11715 || 0.379353960334657 || 2015-11-13 18:29:35 |
| 11716 || 31.8524321837474 || 2018-01-19 21:29:09 |
| 11717 || 73.6309863620251 || 2011-05-02 23:39:40 |
| 11718 || 75.0239750452353 || 2013-07-07 12:13:31 |
| 11719 || -3.12947054705295 || 2011-12-07 21:19:32 |
| 11720 || 0.00412874391625881 || 2018-07-25 03:13:21 |
| 11721 || -7.24299307366449 || 2014-01-13 15:24:35 |
| 11722 || 4.03080309667213 || 2018-05-11 11:43:59 |
| 11723 || 44.198395085023 || 2015-09-24 08:26:12 |
| 11724 || 14.2065807473015 || 2017-01-22 05:07:46 |
| 11725 || 0.229517381212225 || 2017-10-01 15:46:08 |
| 11726 || -8.5263069491771 || 2018-04-12 14:13:39 |
| 11727 || 50.984074707406 || 2015-09-19 05:46:49 |
| 11728 || 72.3165499058604 || 2010-01-21 08:06:38 |
| 11729 || 31.1179097227679 || 2019-09-04 23:49:25 |
| 11730 || -0.291965599994365 || 2016-09-20 21:05:27 |
| 11731 || 20.0502599344346 || 2013-11-01 12:27:49 |
| 11732 || -23.7937395622126 || 2012-09-15 03:39:36 |
| 11733 || -18.5900862701577 || 2010-03-12 21:26:33 |
| 11734 || 6.56985434966839 || 2014-01-16 11:47:59 |
| 11735 || 2.27813283619348 || 2013-10-05 08:32:10 |
| 11736 || -5.42627498902661 || 2014-09-12 21:52:23 |
| 11737 || 23.7300881205907 || 2016-02-07 13:55:33 |
| 11738 || 89.0381625284251 || 2015-10-21 15:19:29 |
| 11739 || -6.88185870049337 || 2017-10-09 05:56:54 |
| 11740 || 0.0229682660471409 || 2010-03-10 16:10:11 |
| 11741 || 10.2393893085411 || 2010-07-03 17:18:19 |
| 11742 || 56.5905840288271 || 2017-10-08 09:06:13 |
| 11743 || -28.261306920612 || 2012-04-19 13:26:08 |
| 11744 || 5.54441275596289 || 2014-11-15 18:42:37 |
| 11745 || -2.53134594458765 || 2013-08-26 02:25:41 |
| 11746 || 8.87291499864753 || 2017-07-04 07:24:09 |
| 11747 || 55.5462537497378 || 2012-09-19 08:53:50 |
| 11748 || -28.8713965306367 || 2015-06-11 01:17:12 |
| 11749 || 24.8457425876722 || 2015-09-05 16:10:42 |
| 11750 || -0.612826077727827 || 2015-06-22 12:48:50 |
| 11751 || -1.26554451673661 || 2015-04-06 13:45:04 |
| 11752 || 29.6576434598504 || 2019-07-19 23:04:33 |
| 11753 || 26.99872291934 || 2016-07-15 23:44:03 |
| 11754 || 43.4095028942536 || 2016-02-26 06:26:18 |
| 11755 || 5.96761720197788 || 2019-01-24 00:51:32 |
| 11756 || 0.194487406356788 || 2010-04-20 12:02:44 |
| 11757 || 24.5045658003528 || 2018-11-03 08:42:08 |
| 11758 || 73.8371224846731 || 2014-01-14 06:56:45 |
| 11759 || -14.8441615566927 || 2010-03-24 16:33:10 |
| 11760 || 5.36955078622329 || 2017-07-22 20:13:41 |
| 11761 || 1.43973138430371 || 2012-12-12 03:18:02 |
| 11762 || 39.169160738976 || 2012-12-14 05:23:23 |
| 11763 || 84.6636679106662 || 2015-06-01 17:41:01 |
| 11764 || 3.34783578082803 || 2017-07-17 17:53:40 |
| 11765 || 18.7049742315612 || 2016-03-26 11:09:35 |
| 11766 || 0.368924112671324 || 2011-12-27 02:27:42 |
| 11767 || -11.5543734741355 || 2014-12-08 00:45:31 |
| 11768 || 1.84928842238864 || 2012-01-17 00:26:49 |
| 11769 || 16.8582691510595 || 2019-07-08 07:21:32 |
| 11770 || 20.6248101801377 || 2011-04-05 02:16:36 |
| 11771 || -5.69887478554061e-05 || 2017-01-19 06:56:58 |
| 11772 || -8.54410881295163 || 2014-11-06 20:58:04 |
| 11773 || -18.1344280894327 || 2015-03-04 13:43:37 |
| 11774 || 66.5113756851024 || 2010-01-06 00:14:42 |
| 11775 || 21.7273667487897 || 2016-07-03 14:47:01 |
| 11776 || 0.0203068176227747 || 2018-01-23 12:48:15 |
| 11777 || 8.93473059959068 || 2010-03-14 07:39:29 |
| 11778 || 49.5122836473234 || 2011-01-16 15:56:43 |
| 11779 || 2.37279000041702 || 2016-06-16 20:38:16 |
| 11780 || 26.4560813048535 || 2019-01-11 01:09:44 |
| 11781 || -0.24478600584526 || 2015-01-02 01:43:47 |
| 11782 || -4.05111386746223 || 2019-02-03 11:38:35 |
| 11783 || 16.3196774787289 || 2019-08-09 03:56:35 |
| 11784 || 87.2462181714197 || 2019-10-12 00:21:03 |
| 11785 || 3.06408581089873 || 2019-01-25 12:49:04 |
| 11786 || 0.294949756599551 || 2017-03-04 19:32:57 |
| 11787 || 1.83781060655735 || 2017-09-16 12:27:35 |
| 11788 || -0.144549301414265 || 2015-06-04 02:56:07 |
| 11789 || -24.0916726015867 || 2013-12-09 20:38:37 |
| 11790 || -16.6204623516963 || 2018-04-04 04:20:13 |
| 11791 || -0.957249983875153 || 2012-06-17 20:56:34 |
| 11792 || 9.76580092638099 || 2016-06-05 08:25:30 |
| 11793 || 42.9896883316832 || 2016-01-02 17:03:57 |
| 11794 || 83.4812874702423 || 2017-05-22 02:52:38 |
| 11795 || 28.2495142211742 || 2011-02-26 03:24:06 |
| 11796 || 6.97770631894167 || 2012-05-19 22:27:48 |
| 11797 || 7.08234986441277 || 2016-01-02 11:58:19 |
| 11798 || 58.3177249268319 || 2018-08-04 05:02:28 |
| 11799 || -13.1426591506883 || 2011-06-17 20:38:47 |
| 11800 || -19.8878354366814 || 2017-11-03 20:32:01 |
| 11801 || 8.11000997982817 || 2011-01-12 22:30:54 |
| 11802 || 0.792896760667539 || 2011-04-26 15:42:51 |
| 11803 || 10.4472888262956 || 2014-07-17 10:32:26 |
| 11804 || -8.73584582444686 || 2011-12-14 16:45:19 |
| 11805 || 40.0790467272489 || 2011-02-03 19:09:29 |
| 11806 || 13.8800958647194 || 2017-11-20 11:08:42 |
| 11807 || 1.98295726723714 || 2014-10-15 00:33:09 |
| 11808 || -2.01600680385614 || 2014-04-08 07:52:44 |
| 11809 || 60.9504757328159 || 2017-10-15 16:27:17 |
| 11810 || 62.5817517797839 || 2018-05-01 20:02:31 |
| 11811 || -5.44601034323262 || 2011-11-21 10:50:09 |
| 11812 || 0.231377629877984 || 2017-05-20 07:00:35 |
| 11813 || 35.5682465282379 || 2019-12-12 05:32:21 |
| 11814 || 81.1180124481975 || 2010-06-11 16:46:10 |
| 11815 || -21.7406713822262 || 2011-04-02 16:49:27 |
| 11816 || 20.686941201586 || 2010-10-27 11:14:24 |
| 11817 || -0.181007800805371 || 2015-01-10 11:13:31 |
| 11818 || -12.6254303544949 || 2010-08-01 18:44:06 |
| 11819 || -7.55902050945158 || 2015-11-24 18:37:59 |
| 11820 || 40.36273519775 || 2018-07-19 14:25:44 |
| 11821 || 0.572883457340573 || 2016-06-24 11:53:09 |
| 11822 || -0.00981782049318222 || 2018-07-25 11:11:05 |
| 11823 || -4.74451294392799 || 2019-08-01 02:49:21 |
| 11824 || 28.8821885134691 || 2012-12-23 10:33:39 |
| 11825 || 81.0774013732638 || 2019-02-27 02:30:51 |
| 11826 || 17.5712718938001 || 2015-10-19 18:13:32 |
| 11827 || 0.0855925610672008 || 2019-10-10 04:08:04 |
| 11828 || 10.0509998752959 || 2010-04-05 13:35:33 |
| 11829 || -25.2824719891908 || 2018-03-02 15:28:16 |
| 11830 || 11.7603680562468 || 2011-06-26 12:01:59 |
| 11831 || 19.3161180959176 || 2010-04-24 13:09:15 |
| 11832 || -0.0915648662862914 || 2019-11-25 09:08:40 |
| 11833 || 4.47123120937996 || 2013-08-27 00:51:17 |
| 11834 || -20.1069342977116 || 2018-11-24 16:50:32 |
| 11835 || -28.3045898121073 || 2018-12-15 08:32:33 |
| 11836 || 36.869555943682 || 2018-06-06 07:11:58 |
| 11837 || -0.684393287634364 || 2010-02-09 01:25:04 |
| 11838 || 16.1900133075239 || 2010-07-14 11:01:53 |
| 11839 || 25.6986938644202 || 2015-02-23 06:38:54 |
| 11840 || -18.0853053562765 || 2015-11-26 14:02:18 |
| 11841 || 47.9822921169167 || 2016-01-01 00:11:31 |
| 11842 || 3.75601871746946 || 2011-10-22 20:40:07 |
| 11843 || 10.4613140980116 || 2014-08-09 04:02:21 |
| 11844 || 16.9159606279567 || 2016-10-01 11:17:10 |
| 11845 || 77.4324924756363 || 2016-05-26 01:26:55 |
| 11846 || -6.64207336827262 || 2011-04-12 22:05:33 |
| 11847 || 1.87029492648946 || 2010-02-01 01:10:45 |
| 11848 || -0.184405428487872 || 2012-04-16 13:38:01 |
| 11849 || -15.455653459385 || 2015-02-13 04:22:26 |
| 11850 || 34.6864162883392 || 2010-02-08 02:04:18 |
| 11851 || 26.7299823729885 || 2010-08-22 22:22:58 |
| 11852 || -3.14541794505089 || 2014-11-10 02:17:46 |
| 11853 || 1.14405230063702 || 2018-09-26 07:44:29 |
| 11854 || 4.759921885845 || 2012-01-05 09:03:27 |
| 11855 || 80.7328436184605 || 2012-08-07 01:27:43 |
| 11856 || -20.7613442282818 || 2015-11-12 22:26:35 |
| 11857 || -2.01802972776399 || 2019-04-05 10:06:05 |
| 11858 || 4.03047324067298 || 2013-06-24 19:49:50 |
| 11859 || 30.5443915603613 || 2017-10-26 18:29:28 |
| 11860 || 79.913440530098 || 2018-11-18 11:00:06 |
| 11861 || -17.3299564089905 || 2019-06-09 23:54:52 |
| 11862 || -0.483815215850292 || 2015-05-18 11:03:44 |
| 11863 || 2.32213775626858 || 2012-11-12 00:01:57 |
| 11864 || 30.2033960096142 || 2018-07-26 02:01:02 |
| 11865 || 75.3962496129489 || 2010-01-22 07:41:41 |
| 11866 || -22.1291848068111 || 2019-08-18 19:35:18 |
| 11867 || 8.00656190486678 || 2019-01-20 13:02:14 |
| 11868 || 0.552477010594981 || 2015-10-27 19:36:30 |
| 11869 || 19.0108947247829 || 2019-05-02 01:40:45 |
| 11870 || 25.7391608411019 || 2010-07-26 12:51:37 |
| 11871 || 60.6307676745028 || 2012-07-16 20:22:30 |
| 11872 || 21.0660653344798 || 2017-06-21 12:08:40 |
| 11873 || 0.122901226278594 || 2013-06-12 12:32:27 |
| 11874 || 25.8252215307796 || 2015-05-16 15:27:43 |
| 11875 || 81.977466715924 || 2013-12-12 14:45:13 |
| 11876 || 0.840214336383788 || 2016-12-03 16:37:36 |
| 11877 || 23.0870331266855 || 2019-05-25 18:21:28 |
| 11878 || 0.033792380305601 || 2011-04-02 10:22:24 |
| 11879 || 17.5117229199606 || 2013-04-16 10:00:10 |
| 11880 || -16.8636108089501 || 2017-10-25 14:06:39 |
| 11881 || -0.351815910746496 || 2018-09-25 13:28:40 |
| 11882 || -1.65251345676745 || 2017-02-13 00:24:29 |
| 11883 || 0.329522959410918 || 2013-06-14 09:35:22 |
| 11884 || 6.45017919575317 || 2013-08-26 18:35:10 |
| 11885 || 57.6487214835229 || 2017-05-09 04:06:30 |
| 11886 || -26.9211105247349 || 2017-06-11 09:47:39 |
| 11887 || 41.4017100255858 || 2010-03-20 06:11:36 |
| 11888 || 1.73405772021442 || 2014-10-25 12:18:51 |
| 11889 || 3.25448785957227 || 2014-12-05 10:15:43 |
| 11890 || 27.2052089369512 || 2011-12-04 21:31:07 |
| 11891 || 85.0919973309898 || 2013-10-24 05:17:26 |
| 11892 || 21.2727705149606 || 2018-08-23 08:16:53 |
| 11893 || 2.42656174352469 || 2011-07-02 04:31:36 |
| 11894 || -2.1248493278127 || 2018-08-19 04:02:24 |
| 11895 || -21.3866570548925 || 2018-06-18 23:56:47 |
| 11896 || 81.0387517073178 || 2015-07-06 14:25:57 |
| 11897 || -17.3789699993541 || 2013-04-15 20:17:22 |
| 11898 || 4.5971882075919 || 2012-05-18 22:53:34 |
| 11899 || 10.3653628696131 || 2018-09-07 17:48:52 |
| 11900 || -20.443727936939 || 2012-08-04 05:36:03 |
| 11901 || 56.0914366719345 || 2018-07-05 11:33:33 |
| 11902 || 42.875356170194 || 2010-08-27 04:19:05 |
| 11903 || 1.37211568668791 || 2010-06-15 23:27:54 |
| 11904 || 3.79049855938202 || 2014-02-03 20:11:35 |
| 11905 || -16.9014158393439 || 2018-02-23 01:06:17 |
| 11906 || 86.0673213906758 || 2015-12-27 05:35:33 |
| 11907 || -13.0363181290455 || 2013-11-17 00:35:10 |
| 11908 || -4.04009898508229 || 2017-12-01 15:29:41 |
| 11909 || 3.10782300615317 || 2019-10-21 16:02:08 |
| 11910 || 34.0028375766072 || 2011-07-01 07:19:07 |
| 11911 || -27.1386863738609 || 2015-12-22 02:52:18 |
| 11912 || -22.5079742757739 || 2016-10-27 08:16:37 |
| 11913 || 1.5172035052821 || 2018-07-25 02:55:22 |
| 11914 || 0.0202021363812055 || 2013-10-20 09:40:58 |
| 11915 || 10.4504086032571 || 2016-06-04 23:14:23 |
| 11916 || 63.0336359863701 || 2019-03-17 05:10:09 |
| 11917 || -18.0251607978083 || 2016-11-26 15:00:10 |
| 11918 || -6.8187837870946 || 2010-05-10 23:07:52 |
| 11919 || 0.123863686448667 || 2017-01-15 11:31:05 |
| 11920 || -0.71926405803765 || 2012-10-06 08:01:50 |
| 11921 || -27.4100139203374 || 2011-03-19 10:36:47 |
| 11922 || 69.6768872325892 || 2019-03-02 13:29:39 |
| 11923 || -8.10543127112185 || 2013-01-04 12:08:38 |
| 11924 || 0.0580590282294648 || 2010-07-01 17:09:49 |
| 11925 || -6.19123046437885 || 2010-12-03 17:53:17 |
| 11926 || 27.9379639803999 || 2015-05-20 06:12:20 |
| 11927 || 44.1298160009847 || 2015-03-04 04:10:03 |
| 11928 || 15.644271103269 || 2016-04-01 08:57:32 |
| 11929 || 0.00284898125014242 || 2014-02-09 01:41:49 |
| 11930 || 0.698307979469488 || 2017-06-11 08:45:22 |
| 11931 || -11.6197115507294 || 2015-01-03 19:16:02 |
| 11932 || 83.3744228377536 || 2018-07-07 13:40:48 |
| 11933 || 32.2877567640971 || 2018-01-09 17:04:04 |
| 11934 || 0.219119320935864 || 2016-05-07 22:40:48 |
| 11935 || -7.66204427056649 || 2013-10-19 15:34:46 |
| 11936 || 22.4069613595424 || 2014-12-13 04:27:23 |
| 11937 || 22.5263603743054 || 2019-01-16 17:03:30 |
| 11938 || -0.693536247183238 || 2010-05-15 13:45:01 |
| 11939 || 1.48653678731063 || 2011-05-15 20:32:03 |
| 11940 || 18.097216276055 || 2019-04-25 08:15:50 |
| 11941 || 34.1881522982878 || 2019-08-19 14:27:40 |
| 11942 || -16.1771108421159 || 2010-06-23 00:13:47 |
| 11943 || 46.8031145333663 || 2019-03-01 23:09:04 |
| 11944 || 3.19014822916078 || 2013-01-16 08:27:38 |
| 11945 || 15.1037990321667 || 2013-10-14 15:03:37 |
| 11946 || -22.1771811953635 || 2011-10-06 03:55:04 |
| 11947 || -19.8902549194728 || 2013-12-10 17:55:48 |
| 11948 || 51.7228488666224 || 2010-06-04 21:09:19 |
| 11949 || -0.688988344522891 || 2017-01-01 21:36:31 |
| 11950 || 7.68376763918691 || 2012-12-05 03:47:39 |
| 11951 || 15.1395774110463 || 2019-03-14 04:41:25 |
| 11952 || 4.9310026563213 || 2011-10-15 01:35:38 |
| 11953 || 45.176947171401 || 2013-12-18 10:48:29 |
| 11954 || 8.24560017749428 || 2019-02-04 19:29:05 |
| 11955 || -2.6249704848364 || 2017-07-24 03:35:04 |
| 11956 || -15.2372507753259 || 2010-05-25 08:46:13 |
| 11957 || 44.754142484004 || 2011-06-12 22:42:34 |
| 11958 || 21.7225475600443 || 2011-09-02 21:55:41 |
| 11959 || 1.78252060695083 || 2014-05-19 00:20:39 |
| 11960 || 5.00718956238316 || 2011-09-09 13:56:40 |
| 11961 || -17.1327872227606 || 2014-09-07 07:28:55 |
| 11962 || -29.3060528773506 || 2016-04-23 06:52:25 |
| 11963 || -22.3814416612353 || 2011-09-13 13:50:46 |
| 11964 || 13.3741340543441 || 2013-02-15 23:00:35 |
| 11965 || -0.393692252160159 || 2011-07-05 23:44:34 |
| 11966 || 40.2495099406324 || 2010-11-23 11:46:17 |
| 11967 || -24.7614467674544 || 2011-07-15 17:36:31 |
| 11968 || 41.5234980934351 || 2013-05-04 03:08:12 |
| 11969 || 6.10344679751299 || 2016-08-10 07:57:48 |
| 11970 || 1.37755067729876 || 2013-08-06 23:12:29 |
| 11971 || 18.8875940857074 || 2010-04-02 00:34:11 |
| 11972 || -27.4400061768761 || 2011-02-01 22:24:40 |
| 11973 || 70.4325680493551 || 2017-10-10 22:41:41 |
| 11974 || 9.25334600761038 || 2015-08-26 23:23:46 |
| 11975 || 0.233403208583648 || 2014-10-22 22:02:23 |
| 11976 || -10.5495066006099 || 2014-10-05 09:37:00 |
| 11977 || 6.80469229125934 || 2019-04-10 15:40:01 |
| 11978 || -8.08342401534062 || 2015-05-23 03:46:42 |
| 11979 || 15.3390234418675 || 2017-06-16 01:57:12 |
| 11980 || 0.000206946416148817 || 2013-06-08 04:03:40 |
| 11981 || 14.0431985721456 || 2010-03-27 07:35:14 |
| 11982 || 31.019518033076 || 2011-11-04 15:34:37 |
| 11983 || 38.9757623794427 || 2018-02-20 13:02:54 |
| 11984 || -3.28311593414177 || 2015-12-04 16:28:17 |
| 11985 || -0.0974423310651051 || 2013-11-25 05:40:02 |
| 11986 || 19.7324168751789 || 2018-01-18 00:10:33 |
| 11987 || 11.4674795849777 || 2010-02-16 19:11:26 |
| 11988 || 59.9309687371315 || 2012-11-04 00:08:27 |
| 11989 || -7.68542345938806 || 2016-03-11 14:48:00 |
| 11990 || -0.207117443031629 || 2012-04-20 07:55:20 |
| 11991 || 19.4468836210801 || 2010-03-15 23:31:17 |
| 11992 || -20.9324345446217 || 2010-03-24 16:24:07 |
| 11993 || 13.7677567171819 || 2012-12-18 23:14:54 |
| 11994 || 19.8696861049976 || 2012-11-13 04:34:55 |
| 11995 || -0.103566758448745 || 2014-04-08 09:55:10 |
| 11996 || -0.195361927792769 || 2012-09-17 13:25:03 |
| 11997 || -7.99484320281069 || 2010-01-12 14:51:32 |
| 11998 || 86.4863556974645 || 2014-08-17 19:09:06 |
| 11999 || 32.0632915498183 || 2015-03-15 15:54:28 |
| 12000 || -0.494727208417576 || 2013-06-15 03:06:10 |
| 12001 || 2.07591229846785 || 2016-11-07 19:44:58 |
| 12002 || 15.2866626744093 || 2011-10-11 03:23:57 |
| 12003 || 23.43 || 2020-01-08 21:21:45 |
| 12004 || 11.251 || 2020-01-08 21:21:45 |
| 12005 || 32.1 || 2020-01-08 21:21:45 |
| 12006 || -5.334 || 2020-01-08 21:21:45 |
| 12007 || 14.8372 || 2020-01-08 21:21:45 |
| 12008 || 16.0509 || 2014-01-01 03:10:54 |
| 12009 || 19.333714973013 || 2012-09-10 15:57:38 |
| 12010 || 9.00536528828926 || 2017-08-12 18:42:34 |
| 12011 || -0.0338351934482962 || 2010-11-24 21:45:14 |
| 12012 || 38.6043654874825 || 2019-04-20 13:47:19 |
| 12013 || 71.5211065272267 || 2016-10-13 02:25:29 |
| 12014 || -21.9122558468299 || 2013-12-06 08:11:39 |
| 12015 || -1.27062275288997 || 2010-07-26 05:20:11 |
| 12016 || -0.123987108884446 || 2019-02-01 20:40:52 |
| 12017 || 47.0194453665044 || 2018-01-19 07:44:06 |
| 12018 || -22.7200795256545 || 2016-03-15 22:44:03 |
| 12019 || -13.5266169226403 || 2016-03-23 20:10:12 |
| 12020 || -5.94023005891797 || 2019-08-08 17:09:38 |
| 12021 || 1.53079783124544 || 2013-06-09 07:13:26 |
| 12022 || 24.6736202161061 || 2011-05-06 05:21:19 |
| 12023 || 81.2123524613974 || 2016-08-11 05:27:58 |
| 12024 || 73.4658749751542 || 2019-04-13 09:04:43 |
| 12025 || 18.5735511500027 || 2015-10-05 07:47:27 |
| 12026 || 0.244250223370956 || 2017-12-20 17:23:44 |
| 12027 || 1.7687584143239 || 2017-06-22 08:32:16 |
| 12028 || -15.1135790576982 || 2015-07-22 09:10:58 |
| 12029 || 68.4426549765684 || 2017-01-22 05:15:44 |
| 12030 || 18.7040048179242 || 2016-02-08 03:05:01 |
| 12031 || -0.00332941034693465 || 2010-06-19 03:44:44 |
| 12032 || 12.0776521093631 || 2015-04-03 09:25:19 |
| 12033 || 15.8032113963359 || 2010-06-22 22:43:02 |
| 12034 || 67.3144144496736 || 2018-09-19 05:14:06 |
| 12035 || -6.33020571978301 || 2012-06-03 19:36:52 |
| 12036 || 0.00208536900594656 || 2017-12-01 22:53:00 |
| 12037 || -5.53000493847174 || 2015-09-10 22:22:15 |
| 12038 || -23.5748269586126 || 2018-09-04 00:37:58 |
| 12039 || 61.2851434570961 || 2016-01-14 18:16:57 |
| 12040 || -8.59511672813397 || 2010-10-18 17:21:18 |
| 12041 || -0.151086181248881 || 2015-03-20 23:07:38 |
| 12042 || 15.9402677231069 || 2017-01-03 00:56:14 |
| 12043 || 16.6987802346709 || 2017-10-27 03:04:47 |
| 12044 || 79.3937294161225 || 2016-11-25 08:46:25 |
| 12045 || 33.247826255229 || 2012-10-14 00:44:19 |
| 12046 || 2.05332464354573 || 2010-09-19 20:04:57 |
| 12047 || 3.01599554078052 || 2013-04-09 21:48:50 |
| 12048 || 12.6554640765564 || 2014-03-19 01:43:45 |
| 12049 || 46.0783846338821 || 2011-06-08 09:32:30 |
| 12050 || 18.0100454759777 || 2013-01-13 23:18:14 |
| 12051 || 1.62790874585278 || 2012-02-18 00:19:48 |
| 12052 || 6.3701129851523 || 2019-12-19 00:12:35 |
| 12053 || -15.935118865446 || 2016-05-18 17:02:10 |
| 12054 || 0.375011058493199 || 2010-05-18 21:40:00 |
| 12055 || 55.4257095715517 || 2015-06-10 19:28:35 |
| 12056 || 4.40965348598518 || 2012-02-19 12:34:29 |
| 12057 || -2.40997268253298 || 2013-04-22 06:46:17 |
| 12058 || -17.7877879702985 || 2016-08-20 01:54:00 |
| 12059 || -29.0480328018023 || 2010-12-10 11:39:53 |
| 12060 || -10.0165953750849 || 2014-12-27 05:40:58 |
| 12061 || 8.12160781213126 || 2011-02-03 04:59:55 |
| 12062 || 6.05971656433962 || 2014-06-26 12:58:01 |
| 12063 || 42.876707734287 || 2019-10-27 17:27:27 |
| 12064 || 30.1304857345233 || 2014-08-06 13:26:13 |
| 12065 || 12.2489843315638 || 2011-08-08 21:03:03 |
| 12066 || -3.70247808845059 || 2014-02-21 00:38:37 |
| 12067 || -0.285902814962789 || 2018-04-08 23:56:56 |
| 12068 || -11.5018184226547 || 2011-07-25 05:13:36 |
| 12069 || 88.2016952987438 || 2012-04-15 00:57:44 |
| 12070 || 23.43 || 2020-01-08 21:23:54 |
| 12071 || 11.251 || 2020-01-08 21:23:54 |
| 12072 || 32.1 || 2020-01-08 21:23:54 |
| 12073 || -5.334 || 2020-01-08 21:23:54 |
| 12074 || 14.8372 || 2020-01-08 21:23:54 |
| 12075 || 16.0509 || 2014-01-01 03:10:54 |
| 12076 || 19.9933399991998 || 2015-05-13 19:49:44 |
| 12077 || 0.141180543204244 || 2010-03-02 05:25:30 |
| 12078 || 36.7332782040436 || 2016-04-10 05:16:01 |
| 12079 || 33.4278260883361 || 2013-01-24 03:34:11 |
| 12080 || 19.4119621332562 || 2012-07-19 00:12:31 |
| 12081 || 27.4590693937606 || 2012-04-07 22:54:16 |
| 12082 || -0.00884373413463285 || 2016-10-03 15:36:38 |
| 12083 || 27.7498465135312 || 2011-10-23 06:11:57 |
| 12084 || -19.8437770950609 || 2015-09-08 20:29:33 |
| 12085 || 3.372746205537 || 2015-09-23 11:05:24 |
| 12086 || 14.9123294479295 || 2016-07-07 04:41:36 |
| 12087 || -0.021591863525374 || 2011-12-27 18:17:33 |
| 12088 || 2.55807754638241 || 2014-05-23 10:14:59 |
| 12089 || 67.2713467022916 || 2011-11-22 18:57:52 |
| 12090 || 70.9934857361418 || 2015-02-14 07:07:56 |
| 12091 || 31.2298975985366 || 2012-08-14 01:46:56 |
| 12092 || 0.798994742982934 || 2011-10-21 03:44:20 |
| 12093 || -6.550304879882 || 2010-10-14 02:31:51 |
| 12094 || 18.0324585341262 || 2011-01-25 00:02:39 |
| 12095 || 72.7574939185894 || 2015-08-15 03:55:40 |
| 12096 || -8.32398764355304 || 2014-02-05 15:05:58 |
| 12097 || 1.83075003105707 || 2012-09-18 07:04:35 |
| 12098 || 16.697653926361 || 2018-09-17 06:16:46 |
| 12099 || 44.6854583065252 || 2017-09-07 05:38:34 |
| 12100 || 83.2837162751587 || 2014-11-03 22:23:22 |
| 12101 || 49.1365890347241 || 2014-03-19 20:51:43 |
| 12102 || 3.94371686640746 || 2019-10-23 00:16:30 |
| 12103 || -3.99280443053513 || 2010-10-11 23:50:08 |
| 12104 || 57.4151406270697 || 2012-06-06 10:46:54 |
| 12105 || 2.93129126021679 || 2017-12-23 06:29:52 |
| 12106 || -3.38626376678369 || 2010-01-03 02:58:39 |
| 12107 || 6.67624764297352 || 2015-07-01 09:28:51 |
| 12108 || 8.1927441645758 || 2013-06-09 02:33:03 |
| 12109 || 52.461539959718 || 2011-02-11 11:11:25 |
| 12110 || 76.1316285383909 || 2015-01-11 16:40:18 |
| 12111 || 59.7416752663953 || 2016-06-10 11:41:48 |
| 12112 || -3.23360783994454 || 2017-01-03 17:16:47 |
| 12113 || 4.10202479754466 || 2014-03-01 11:51:42 |
| 12114 || 31.8395659689125 || 2018-11-20 15:42:11 |
| 12115 || 86.8373431049184 || 2012-08-06 08:54:31 |
| 12116 || 56.3624451637343 || 2016-09-17 07:31:22 |
| 12117 || -4.04866183653877 || 2012-10-18 03:52:59 |
| 12118 || 4.24549708342859 || 2017-11-12 01:45:22 |
| 12119 || 37.0641755666898 || 2017-01-05 00:02:20 |
| 12120 || 26.0226460217992 || 2019-11-15 04:43:10 |
| 12121 || 69.5298952978874 || 2018-02-16 15:16:42 |
| 12122 || 4.5130565492075 || 2019-02-15 06:46:38 |
| 12123 || -0.749110112280647 || 2014-02-09 21:17:54 |
| 12124 || 42.5360297951306 || 2010-11-24 19:00:40 |
| 12125 || 85.9678285735071 || 2019-02-16 04:39:48 |
| 12126 || 21.4302642403478 || 2016-03-22 14:17:05 |
| 12127 || 15.5031213105217 || 2018-07-09 22:23:27 |
| 12128 || -0.282468600217265 || 2013-09-11 04:49:13 |
| 12129 || 5.73654330846648 || 2017-04-12 05:48:10 |
| 12130 || 23.4612821297182 || 2016-09-12 18:29:08 |
| 12131 || 67.189021251221 || 2017-11-20 01:51:34 |
| 12132 || -7.30646540970632 || 2010-09-05 02:19:46 |
| 12133 || 0.114922489595399 || 2015-08-14 01:59:53 |
| 12134 || -6.29080375695748 || 2014-08-12 18:40:08 |
| 12135 || -4.53353521686531 || 2016-01-27 00:27:04 |
| 12136 || 70.7351521985254 || 2014-12-17 19:30:32 |
| 12137 || 24.2384873640152 || 2013-11-07 21:30:15 |
| 12138 || 0.0335847853984224 || 2019-12-12 05:06:52 |
| 12139 || 27.6743495897958 || 2017-01-06 21:14:32 |
| 12140 || 77.8682882068433 || 2016-06-22 02:18:02 |
| 12141 || -28.0051673052943 || 2013-10-20 22:53:46 |
| 12142 || 7.25724031151897 || 2017-04-24 18:18:21 |
| 12143 || 0.476670875591047 || 2016-02-17 13:46:52 |
| 12144 || 13.8371371488975 || 2010-02-21 05:19:13 |
| 12145 || 61.3531835704739 || 2017-11-26 06:46:19 |
| 12146 || 81.1122293059442 || 2018-11-09 00:24:10 |
| 12147 || 14.5794982760647 || 2018-02-17 18:19:10 |
| 12148 || 1.28512272650762 || 2016-05-03 19:51:59 |
| 12149 || -6.20577247312693 || 2014-05-05 04:32:49 |
| 12150 || -14.023175570524 || 2012-04-13 23:15:18 |
| 12151 || 42.3752458200162 || 2011-10-05 21:42:44 |
| 12152 || 19.2552626182478 || 2015-07-18 22:43:09 |
| 12153 || -0.869955969750135 || 2012-05-26 20:59:02 |
| 12154 || 14.3611131162864 || 2019-02-01 09:44:37 |
| 12155 || -21.1638715097456 || 2010-05-12 22:38:34 |
| 12156 || -26.6575879670363 || 2016-03-12 22:07:47 |
| 12157 || -17.6006529424305 || 2018-09-12 17:20:12 |
| 12158 || 6.08896440488097 || 2011-09-16 07:11:23 |
| 12159 || -0.374603696254648 || 2013-02-04 19:21:18 |
| 12160 || 42.0571727949345 || 2015-05-05 16:49:04 |
| 12161 || 88.5921343173007 || 2015-08-07 13:19:37 |
| 12162 || 50.5408625304128 || 2010-01-25 23:32:18 |
| 12163 || 8.43429730873543 || 2015-02-13 12:52:35 |
| 12164 || 6.02871638167409 || 2016-06-20 22:16:08 |
| 12165 || 34.2530559893977 || 2019-02-15 05:12:34 |
| 12166 || -25.1042391872574 || 2014-11-09 09:02:43 |
| 12167 || 42.6270583878925 || 2011-05-13 10:37:43 |
| 12168 || 1.30072336673536 || 2015-05-12 20:43:18 |
| 12169 || 1.45414860486801 || 2015-02-27 01:28:47 |
| 12170 || 44.5781344962774 || 2016-05-09 13:26:08 |
| 12171 || -19.3080241517713 || 2017-05-25 15:41:52 |
| 12172 || 68.513873418504 || 2017-05-19 12:03:06 |
| 12173 || -3.72582437464208 || 2012-02-03 19:51:23 |
| 12174 || -0.713651014749873 || 2019-10-05 09:16:36 |
| 12175 || -11.5526111953907 || 2013-06-02 12:53:06 |
| 12176 || 82.3979045004579 || 2017-11-03 03:56:14 |
| 12177 || 46.260476197024 || 2011-10-22 11:07:47 |
| 12178 || -2.10663301336383 || 2017-10-03 07:15:27 |
| 12179 || 0.369759668504371 || 2016-05-10 06:09:33 |
| 12180 || 22.5041941856582 || 2019-09-15 14:19:48 |
| 12181 || 85.0611098867494 || 2017-10-03 18:54:18 |
| 12182 || -20.5238288709098 || 2018-02-07 01:52:20 |
| 12183 || -7.28997031450928 || 2018-09-26 09:40:02 |
| 12184 || -0.0595690820258409 || 2015-07-10 04:33:20 |
| 12185 || 31.3860702302047 || 2017-05-14 12:55:06 |
| 12186 || 82.6323219868968 || 2011-04-22 10:03:09 |
| 12187 || 53.400006067119 || 2010-01-22 13:11:20 |
| 12188 || -8.52806310149574 || 2017-12-05 20:39:36 |
| 12189 || 0.00491711285489264 || 2011-12-19 21:13:54 |
| 12190 || 3.10057553852629 || 2013-02-23 22:32:02 |
| 12191 || -21.5065699065663 || 2017-03-23 08:28:01 |
| 12192 || 74.232958415972 || 2010-06-25 08:19:22 |
| 12193 || -12.086417844476 || 2013-05-09 05:27:10 |
| 12194 || -0.145191994236745 || 2013-12-01 16:59:50 |
| 12195 || 19.0073010468868 || 2015-01-03 18:26:43 |
| 12196 || 70.7755929843647 || 2019-12-18 15:38:02 |
| 12197 || 80.7727083553186 || 2011-12-27 21:46:29 |
| 12198 || -6.0062771058642 || 2013-12-16 22:28:19 |
| 12199 || 1.36930340616582 || 2017-04-02 02:24:34 |
| 12200 || 5.05036861908912 || 2011-09-26 11:47:03 |
| 12201 || 64.1007447607836 || 2017-05-07 02:58:35 |
| 12202 || 77.7894523813929 || 2017-06-12 12:18:19 |
| 12203 || 37.2423149909729 || 2014-07-23 13:53:19 |
| 12204 || 0.0453047093520826 || 2018-05-20 22:08:39 |
| 12205 || 14.0365741777596 || 2013-03-13 22:04:50 |
| 12206 || 1.73706207613692 || 2014-03-13 21:32:02 |
| 12207 || 7.61435634811908 || 2013-06-16 10:31:27 |
| 12208 || -13.8616895892094 || 2015-12-22 16:25:22 |
| 12209 || 2.01406541678464 || 2018-05-10 17:07:19 |
| 12210 || 4.02871964974064 || 2013-09-02 12:00:33 |
| 12211 || -4.73140972165279 || 2015-05-03 00:09:37 |
| 12212 || 81.887535515211 || 2014-03-21 08:27:48 |
| 12213 || 57.5514053498026 || 2015-04-05 01:56:16 |
| 12214 || 7.42998404145889 || 2014-02-02 21:03:03 |
| 12215 || -2.63120602137518 || 2011-03-08 07:12:44 |
| 12216 || -9.81214940649416 || 2015-10-19 09:46:29 |
| 12217 || 4.8803358843369 || 2014-10-14 12:16:22 |
| 12218 || 60.7555717673031 || 2011-08-09 13:46:18 |
| 12219 || 10.7591178778674 || 2019-05-07 23:52:48 |
| 12220 || 5.08451137907244 || 2019-01-18 19:29:38 |
| 12221 || 50.6138113524885 || 2010-10-20 13:06:03 |
| 12222 || 7.2397643467943 || 2011-10-24 00:59:24 |
| 12223 || -22.4271413810123 || 2016-06-13 16:36:33 |
| 12224 || 15.4187788426364 || 2019-08-09 19:24:04 |
| 12225 || 0.262972067245621 || 2017-10-01 01:36:27 |
| 12226 || 43.2948951193534 || 2014-01-02 18:25:52 |
| 12227 || 73.1888794595653 || 2010-11-10 09:43:02 |
| 12228 || 70.511539551009 || 2013-05-18 16:41:27 |
| 12229 || -6.35758684538032 || 2016-03-08 00:05:44 |
| 12230 || 0.484941094657948 || 2014-11-18 15:37:22 |
| 12231 || 12.2268537444319 || 2018-10-10 14:28:04 |
| 12232 || 78.8739778987831 || 2012-07-01 10:45:07 |
| 12233 || 60.345445330963 || 2013-01-25 04:27:13 |
| 12234 || -5.5694398540689 || 2019-03-20 22:55:29 |
| 12235 || 0.322766926539344 || 2014-02-19 15:48:33 |
| 12236 || 23.43 || 2020-01-09 07:18:06 |
| 12237 || 11.251 || 2020-01-09 07:18:06 |
| 12238 || 32.1 || 2020-01-09 07:18:06 |
| 12239 || -5.334 || 2020-01-09 07:18:06 |
| 12240 || 14.8372 || 2020-01-09 07:18:06 |
| 12241 || 16.0509 || 2014-01-01 03:10:54 |
| 12242 || -4.05186225831559 || 2016-09-26 08:33:20 |
| 12243 || 75.8987320684771 || 2015-04-27 02:16:48 |
| 12244 || -11.6251311808122 || 2015-09-20 17:08:52 |
| 12245 || -0.0490157321301292 || 2016-03-05 08:47:59 |
| 12246 || 17.507964723656 || 2011-03-08 21:52:35 |
| 12247 || 57.1817104430775 || 2014-12-01 22:42:41 |
| 12248 || -4.6901745098633 || 2012-10-27 12:51:40 |
| 12249 || -13.3842520661307 || 2012-03-22 07:48:18 |
| 12250 || 0.886850858582 || 2019-08-18 22:26:32 |
| 12251 || -3.97512469828507 || 2019-06-04 19:57:21 |
| 12252 || 37.350031366935 || 2014-12-01 16:38:22 |
| 12253 || -24.7757537776462 || 2011-05-19 17:11:52 |
| 12254 || 2.51494022619031 || 2017-09-25 07:55:08 |
| 12255 || -0.306226761396036 || 2015-01-03 20:58:37 |
| 12256 || -5.13105980864322 || 2019-11-24 08:39:01 |
| 12257 || 66.8056068275929 || 2015-08-20 19:24:37 |
| 12258 || -4.62837515841405 || 2014-06-02 19:07:03 |
| 12259 || 50.2626565401348 || 2015-10-10 06:44:24 |
| 12260 || 23.43 || 2020-01-09 07:37:32 |
| 12261 || 11.251 || 2020-01-09 07:37:32 |
| 12262 || 32.1 || 2020-01-09 07:37:32 |
| 12263 || -5.334 || 2020-01-09 07:37:32 |
| 12264 || 14.8372 || 2020-01-09 07:37:32 |
| 12265 || 16.0509 || 2014-01-01 03:10:54 |
| 12266 || 8.45308185333789 || 2019-09-09 13:13:35 |
| 12267 || 39.5109373590522 || 2011-10-15 04:58:31 |
| 12268 || 36.9273841104313 || 2015-05-03 21:33:55 |
| 12269 || 38.8914110905252 || 2016-04-25 03:48:10 |
| 12270 || -2.43241791269199 || 2018-05-23 15:17:31 |
| 12271 || 5.38811963930007 || 2014-07-26 21:07:13 |
| 12272 || 23.43 || 2020-01-09 07:37:52 |
| 12273 || 11.251 || 2020-01-09 07:37:52 |
| 12274 || 32.1 || 2020-01-09 07:37:52 |
| 12275 || -5.334 || 2020-01-09 07:37:52 |
| 12276 || 14.8372 || 2020-01-09 07:37:52 |
| 12277 || 16.0509 || 2014-01-01 03:10:54 |
| 12278 || 58.351007615515 || 2012-06-16 13:31:57 |
| 12279 || 49.7440313420762 || 2017-02-26 15:14:20 |
| 12280 || -6.36285581260607 || 2012-04-06 22:07:18 |
| 12281 || 23.43 || 2020-01-09 07:38:00 |
| 12282 || 11.251 || 2020-01-09 07:38:00 |
| 12283 || 32.1 || 2020-01-09 07:38:00 |
| 12284 || -5.334 || 2020-01-09 07:38:00 |
| 12285 || 14.8372 || 2020-01-09 07:38:00 |
| 12286 || 16.0509 || 2014-01-01 03:10:54 |
| 12287 || 23.43 || 2020-01-09 07:38:00 |
| 12288 || 11.251 || 2020-01-09 07:38:00 |
| 12289 || 32.1 || 2020-01-09 07:38:00 |
| 12290 || -5.334 || 2020-01-09 07:38:00 |
| 12291 || 14.8372 || 2020-01-09 07:38:00 |
| 12292 || 16.0509 || 2014-01-01 03:10:54 |
| 12293 || 23.43 || 2020-01-09 07:38:01 |
| 12294 || 11.251 || 2020-01-09 07:38:01 |
| 12295 || 32.1 || 2020-01-09 07:38:01 |
| 12296 || -5.334 || 2020-01-09 07:38:01 |
| 12297 || 14.8372 || 2020-01-09 07:38:01 |
| 12298 || 16.0509 || 2014-01-01 03:10:54 |
| 12299 || 23.43 || 2020-01-09 07:38:01 |
| 12300 || 11.251 || 2020-01-09 07:38:01 |
| 12301 || 32.1 || 2020-01-09 07:38:01 |
| 12302 || -5.334 || 2020-01-09 07:38:01 |
| 12303 || 14.8372 || 2020-01-09 07:38:01 |
| 12304 || 16.0509 || 2014-01-01 03:10:54 |
| 12305 || -0.328885167181838 || 2019-01-14 11:21:49 |
| 12306 || 23.43 || 2020-01-09 07:38:01 |
| 12307 || 11.251 || 2020-01-09 07:38:01 |
| 12308 || 32.1 || 2020-01-09 07:38:01 |
| 12309 || -5.334 || 2020-01-09 07:38:01 |
| 12310 || 14.8372 || 2020-01-09 07:38:01 |
| 12311 || 16.0509 || 2014-01-01 03:10:54 |
| 12312 || 23.43 || 2020-01-09 07:38:02 |
| 12313 || 11.251 || 2020-01-09 07:38:02 |
| 12314 || 32.1 || 2020-01-09 07:38:02 |
| 12315 || -5.334 || 2020-01-09 07:38:02 |
| 12316 || 14.8372 || 2020-01-09 07:38:02 |
| 12317 || 16.0509 || 2014-01-01 03:10:54 |
| 12318 || 23.43 || 2020-01-09 07:38:02 |
| 12319 || 11.251 || 2020-01-09 07:38:02 |
| 12320 || 32.1 || 2020-01-09 07:38:02 |
| 12321 || -5.334 || 2020-01-09 07:38:02 |
| 12322 || 14.8372 || 2020-01-09 07:38:02 |
| 12323 || 16.0509 || 2014-01-01 03:10:54 |
| 12324 || 23.43 || 2020-01-09 07:38:02 |
| 12325 || 11.251 || 2020-01-09 07:38:02 |
| 12326 || 32.1 || 2020-01-09 07:38:02 |
| 12327 || -5.334 || 2020-01-09 07:38:02 |
| 12328 || 14.8372 || 2020-01-09 07:38:02 |
| 12329 || 16.0509 || 2014-01-01 03:10:54 |
| 12330 || 23.43 || 2020-01-09 07:38:02 |
| 12331 || 11.251 || 2020-01-09 07:38:02 |
| 12332 || 32.1 || 2020-01-09 07:38:02 |
| 12333 || -5.334 || 2020-01-09 07:38:02 |
| 12334 || 14.8372 || 2020-01-09 07:38:02 |
| 12335 || 16.0509 || 2014-01-01 03:10:54 |]]></system-out>
  <system-err><![CDATA[]]></system-err>
</testsuite>
