<?xml version="1.0" encoding="UTF-8"?>
<testsuite name="BIF.SWE1.unittests.UEB6Test" tests="17" skipped="0" failures="0" errors="0" timestamp="2020-07-06T11:08:39" hostname="DESKTOP-6UFJ24U" time="0.227">
  <properties/>
  <testcase name="navi_plugin_HelloWorld" classname="BIF.SWE1.unittests.UEB6Test" time="0.0"/>
  <testcase name="temp_plugin_get_rest_url" classname="BIF.SWE1.unittests.UEB6Test" time="0.024"/>
  <testcase name="navi_plugin_contains_summary" classname="BIF.SWE1.unittests.UEB6Test" time="0.001"/>
  <testcase name="temp_plugin_handle" classname="BIF.SWE1.unittests.UEB6Test" time="0.057"/>
  <testcase name="lower_plugin_handle_empty" classname="BIF.SWE1.unittests.UEB6Test" time="0.0"/>
  <testcase name="temp_plugin_handle_rest_call" classname="BIF.SWE1.unittests.UEB6Test" time="0.059"/>
  <testcase name="temp_plugin_get_different_urls" classname="BIF.SWE1.unittests.UEB6Test" time="0.013"/>
  <testcase name="lower_plugin_handle" classname="BIF.SWE1.unittests.UEB6Test" time="0.001"/>
  <testcase name="HelloWorld" classname="BIF.SWE1.unittests.UEB6Test" time="0.0"/>
  <testcase name="lower_plugin_get_url" classname="BIF.SWE1.unittests.UEB6Test" time="0.0"/>
  <testcase name="navi_plugin_get_url" classname="BIF.SWE1.unittests.UEB6Test" time="0.0"/>
  <testcase name="navi_plugin_handle_empty" classname="BIF.SWE1.unittests.UEB6Test" time="0.002"/>
  <testcase name="lower_plugin_HelloWorld" classname="BIF.SWE1.unittests.UEB6Test" time="0.0"/>
  <testcase name="temp_plugin_HelloWorld" classname="BIF.SWE1.unittests.UEB6Test" time="0.023"/>
  <testcase name="navi_plugin_handle" classname="BIF.SWE1.unittests.UEB6Test" time="0.0"/>
  <testcase name="temp_plugin_get_url" classname="BIF.SWE1.unittests.UEB6Test" time="0.025"/>
  <testcase name="temp_plugin_get_url_2" classname="BIF.SWE1.unittests.UEB6Test" time="0.018"/>
  <system-out><![CDATA[]]></system-out>
  <system-err><![CDATA[]]></system-err>
</testsuite>
