<?xml version="1.0" encoding="UTF-8"?>
<testsuite name="BIF.SWE1.unittests.UEB5Test" tests="13" skipped="0" failures="0" errors="0" timestamp="2020-01-06T14:50:40" hostname="DESKTOP-6UFJ24U" time="0.059">
  <properties/>
  <testcase name="milestone2_return_error_on_invalid_url" classname="BIF.SWE1.unittests.UEB5Test" time="0.008"/>
  <testcase name="pluginmanager_should_add_plugin" classname="BIF.SWE1.unittests.UEB5Test" time="0.005"/>
  <testcase name="staticfileplugin_hello_world" classname="BIF.SWE1.unittests.UEB5Test" time="0.0"/>
  <testcase name="pluginmanager_return_all_plugins" classname="BIF.SWE1.unittests.UEB5Test" time="0.005"/>
  <testcase name="pluginmanager_should_fail_adding_plugin_not_implementing_plugin" classname="BIF.SWE1.unittests.UEB5Test" time="0.007"/>
  <testcase name="staticfileplugin_fail_on_missing_file" classname="BIF.SWE1.unittests.UEB5Test" time="0.003"/>
  <testcase name="pluginmanager_contains_plugin_for_start_page" classname="BIF.SWE1.unittests.UEB5Test" time="0.006"/>
  <testcase name="pluginmanager_all_plugins_have_unique_type" classname="BIF.SWE1.unittests.UEB5Test" time="0.005"/>
  <testcase name="HelloWorld" classname="BIF.SWE1.unittests.UEB5Test" time="0.0"/>
  <testcase name="pluginmanager_should_fail_adding_non_existing_plugin" classname="BIF.SWE1.unittests.UEB5Test" time="0.006"/>
  <testcase name="staticfileplugin_return_file_content" classname="BIF.SWE1.unittests.UEB5Test" time="0.002"/>
  <testcase name="staticfileplugin_return_file" classname="BIF.SWE1.unittests.UEB5Test" time="0.002"/>
  <testcase name="milestone2_return_main_page" classname="BIF.SWE1.unittests.UEB5Test" time="0.007"/>
  <system-out><![CDATA[The driver name is SQLiteJDBC
A new database has been created.

warehouses
| id || name || capacity |
temperatures
| id || value || created |
| 1 || 23.43 || 2020-01-06 14:50:40 |

| 2 || 23.43 || 2020-01-06 14:50:40 |

| 3 || 23.43 || 2020-01-06 14:50:40 |

| 4 || 23.43 || 2020-01-06 14:50:40 |

| 5 || 23.43 || 2020-01-06 14:50:40 |
File: i_am_a_unknown_url.html
File /i_am_a_unknown_url.html not found
File /i_am_a_unknown_url.html of type text/html returned
The driver name is SQLiteJDBC
A new database has been created.

warehouses
| id || name || capacity |
temperatures
| id || value || created |
| 1 || 23.43 || 2020-01-06 14:50:40 |

| 2 || 23.43 || 2020-01-06 14:50:40 |

| 3 || 23.43 || 2020-01-06 14:50:40 |

| 4 || 23.43 || 2020-01-06 14:50:40 |

| 5 || 23.43 || 2020-01-06 14:50:40 |
The driver name is SQLiteJDBC
A new database has been created.

warehouses
| id || name || capacity |
temperatures
| id || value || created |
| 1 || 23.43 || 2020-01-06 14:50:40 |

| 2 || 23.43 || 2020-01-06 14:50:40 |

| 3 || 23.43 || 2020-01-06 14:50:40 |

| 4 || 23.43 || 2020-01-06 14:50:40 |

| 5 || 23.43 || 2020-01-06 14:50:40 |
The driver name is SQLiteJDBC
A new database has been created.

warehouses
| id || name || capacity |
temperatures
| id || value || created |
| 1 || 23.43 || 2020-01-06 14:50:40 |

| 2 || 23.43 || 2020-01-06 14:50:40 |

| 3 || 23.43 || 2020-01-06 14:50:40 |

| 4 || 23.43 || 2020-01-06 14:50:40 |

| 5 || 23.43 || 2020-01-06 14:50:40 |
File: missing-foo-c9e5f055-f1dc-4a50-9822-64e129507af9.txt
File tmp-static-files/missing-foo-c9e5f055-f1dc-4a50-9822-64e129507af9.txt not found
File tmp-static-files/missing-foo-c9e5f055-f1dc-4a50-9822-64e129507af9.txt of type text/plain returned
The driver name is SQLiteJDBC
A new database has been created.

warehouses
| id || name || capacity |
temperatures
| id || value || created |
| 1 || 23.43 || 2020-01-06 14:50:40 |

| 2 || 23.43 || 2020-01-06 14:50:40 |

| 3 || 23.43 || 2020-01-06 14:50:40 |

| 4 || 23.43 || 2020-01-06 14:50:40 |

| 5 || 23.43 || 2020-01-06 14:50:40 |
File: .
File .\webroot/index.html of type text/html returned
The driver name is SQLiteJDBC
A new database has been created.

warehouses
| id || name || capacity |
temperatures
| id || value || created |
| 1 || 23.43 || 2020-01-06 14:50:40 |

| 2 || 23.43 || 2020-01-06 14:50:40 |

| 3 || 23.43 || 2020-01-06 14:50:40 |

| 4 || 23.43 || 2020-01-06 14:50:40 |

| 5 || 23.43 || 2020-01-06 14:50:40 |
The driver name is SQLiteJDBC
A new database has been created.

warehouses
| id || name || capacity |
temperatures
| id || value || created |
| 1 || 23.43 || 2020-01-06 14:50:40 |

| 2 || 23.43 || 2020-01-06 14:50:40 |

| 3 || 23.43 || 2020-01-06 14:50:40 |

| 4 || 23.43 || 2020-01-06 14:50:40 |

| 5 || 23.43 || 2020-01-06 14:50:40 |
File: foo-dfe03bfa-69da-4393-870e-caebe67d8bbe.txt
File tmp-static-files/foo-dfe03bfa-69da-4393-870e-caebe67d8bbe.txt of type text/plain returned
File: foo-62d41a5b-ac2f-4708-86e5-8b0fd7dd738a.txt
File tmp-static-files/foo-62d41a5b-ac2f-4708-86e5-8b0fd7dd738a.txt of type text/plain returned
The driver name is SQLiteJDBC
A new database has been created.

warehouses
| id || name || capacity |
temperatures
| id || value || created |
| 1 || 23.43 || 2020-01-06 14:50:40 |

| 2 || 23.43 || 2020-01-06 14:50:40 |

| 3 || 23.43 || 2020-01-06 14:50:40 |

| 4 || 23.43 || 2020-01-06 14:50:40 |

| 5 || 23.43 || 2020-01-06 14:50:40 |
File: .
File .\webroot/index.html of type text/html returned
]]></system-out>
  <system-err><![CDATA[]]></system-err>
</testsuite>
