<?xml version="1.0" encoding="UTF-8"?>
<testsuite name="BIF.SWE1.TestWeb" tests="1" skipped="1" failures="0" errors="0" timestamp="2019-10-29T14:07:14" hostname="DESKTOP-6UFJ24U" time="48.719">
  <properties/>
  <testcase name="testRequest" classname="BIF.SWE1.TestWeb" time="48.719">
    <skipped/>
  </testcase>
  <system-out><![CDATA[File: .
File . of type text/plain sending...
File . not found
File . of type text/plain returned
File: favicon.ico
File favicon.ico of type text/plain sending...
File favicon.ico not found
File favicon.ico of type text/plain returned
File: gradlew.
File gradlew. of type text/plain sending...
File gradlew. of type text/plain returned
File: favicon.ico
File favicon.ico of type text/plain sending...
File favicon.ico not found
File favicon.ico of type text/plain returned
File: index.html
File index.html of type text/html sending...
File index.html of type text/html returned
File: favicon.ico
File favicon.ico of type text/plain sending...
File favicon.ico not found
File favicon.ico of type text/plain returned
]]></system-out>
  <system-err><![CDATA[]]></system-err>
</testsuite>
