<?xml version="1.0" encoding="UTF-8"?>
<testsuite name="BIF.SWE1.unittests.UEB5Test" tests="13" skipped="0" failures="0" errors="0" timestamp="2020-07-13T12:14:35" hostname="DESKTOP-6UFJ24U" time="0.177">
  <properties/>
  <testcase name="milestone2_return_error_on_invalid_url" classname="BIF.SWE1.unittests.UEB5Test" time="0.021"/>
  <testcase name="pluginmanager_should_add_plugin" classname="BIF.SWE1.unittests.UEB5Test" time="0.021"/>
  <testcase name="staticfileplugin_hello_world" classname="BIF.SWE1.unittests.UEB5Test" time="0.0"/>
  <testcase name="pluginmanager_return_all_plugins" classname="BIF.SWE1.unittests.UEB5Test" time="0.024"/>
  <testcase name="pluginmanager_should_fail_adding_plugin_not_implementing_plugin" classname="BIF.SWE1.unittests.UEB5Test" time="0.021"/>
  <testcase name="staticfileplugin_fail_on_missing_file" classname="BIF.SWE1.unittests.UEB5Test" time="0.001"/>
  <testcase name="pluginmanager_contains_plugin_for_start_page" classname="BIF.SWE1.unittests.UEB5Test" time="0.02"/>
  <testcase name="pluginmanager_all_plugins_have_unique_type" classname="BIF.SWE1.unittests.UEB5Test" time="0.019"/>
  <testcase name="HelloWorld" classname="BIF.SWE1.unittests.UEB5Test" time="0.0"/>
  <testcase name="pluginmanager_should_fail_adding_non_existing_plugin" classname="BIF.SWE1.unittests.UEB5Test" time="0.02"/>
  <testcase name="staticfileplugin_return_file_content" classname="BIF.SWE1.unittests.UEB5Test" time="0.002"/>
  <testcase name="staticfileplugin_return_file" classname="BIF.SWE1.unittests.UEB5Test" time="0.002"/>
  <testcase name="milestone2_return_main_page" classname="BIF.SWE1.unittests.UEB5Test" time="0.021"/>
  <system-out><![CDATA[File: i_am_a_unknown_url.html
File /i_am_a_unknown_url.html not found
File /i_am_a_unknown_url.html of type text/html returned
File: missing-foo-e6a470d6-5190-4412-bcba-f1ddc6edd5c8.txt
File tmp-static-files/missing-foo-e6a470d6-5190-4412-bcba-f1ddc6edd5c8.txt not found
File tmp-static-files/missing-foo-e6a470d6-5190-4412-bcba-f1ddc6edd5c8.txt of type text/plain returned
File: .
File .\webroot/index.html of type text/html returned
File: foo-63e663f2-b02c-4b6b-99c9-89dc7fa47c22.txt
File tmp-static-files/foo-63e663f2-b02c-4b6b-99c9-89dc7fa47c22.txt of type text/plain returned
File: foo-80a6cc42-3f4e-4a6d-b4df-f8c03bf1c50d.txt
File tmp-static-files/foo-80a6cc42-3f4e-4a6d-b4df-f8c03bf1c50d.txt of type text/plain returned
File: .
File .\webroot/index.html of type text/html returned
]]></system-out>
  <system-err><![CDATA[]]></system-err>
</testsuite>
