<?xml version="1.0" encoding="UTF-8"?>
<testsuite name="BIF.SWE1.TestWeb" tests="1" skipped="0" failures="0" errors="0" timestamp="2020-07-06T10:18:39" hostname="DESKTOP-6UFJ24U" time="0.001">
  <properties/>
  <testcase name="testServerStart" classname="BIF.SWE1.TestWeb" time="0.001"/>
  <system-out><![CDATA[]]></system-out>
  <system-err><![CDATA[]]></system-err>
</testsuite>
