<?xml version="1.0" encoding="UTF-8"?>
<testsuite name="TestWeb" tests="1" skipped="0" failures="0" errors="0" timestamp="2019-09-16T15:18:23" hostname="DESKTOP-6UFJ24U" time="0.002">
  <properties/>
  <testcase name="testRequest" classname="TestWeb" time="0.002"/>
  <system-out><![CDATA[WORKS!!!
]]></system-out>
  <system-err><![CDATA[]]></system-err>
</testsuite>
