<?xml version="1.0" encoding="UTF-8"?>
<testsuite name="BIF.SWE1.unittests.UEB2Test" tests="22" skipped="0" failures="0" errors="0" timestamp="2020-01-09T09:02:25" hostname="DESKTOP-6UFJ24U" time="0.008">
  <properties/>
  <testcase name="response_should_return_status_200" classname="BIF.SWE1.unittests.UEB2Test" time="0.0"/>
  <testcase name="response_should_return_status_404" classname="BIF.SWE1.unittests.UEB2Test" time="0.0"/>
  <testcase name="response_should_return_status_500" classname="BIF.SWE1.unittests.UEB2Test" time="0.0"/>
  <testcase name="request_hello_world" classname="BIF.SWE1.unittests.UEB2Test" time="0.0"/>
  <testcase name="url_should_create_with_path_fragment" classname="BIF.SWE1.unittests.UEB2Test" time="0.0"/>
  <testcase name="response_should_throw_error_when_no_statuscode_was_set" classname="BIF.SWE1.unittests.UEB2Test" time="0.001"/>
  <testcase name="response_hello_world" classname="BIF.SWE1.unittests.UEB2Test" time="0.0"/>
  <testcase name="response_should_save_header" classname="BIF.SWE1.unittests.UEB2Test" time="0.0"/>
  <testcase name="url_should_parse_fragment" classname="BIF.SWE1.unittests.UEB2Test" time="0.0"/>
  <testcase name="helloWorld" classname="BIF.SWE1.unittests.UEB2Test" time="0.0"/>
  <testcase name="request_isInValid_on_empty_request" classname="BIF.SWE1.unittests.UEB2Test" time="0.0"/>
  <testcase name="request_should_be_invalid_on_method_foo" classname="BIF.SWE1.unittests.UEB2Test" time="0.0"/>
  <testcase name="request_should_parse_url" classname="BIF.SWE1.unittests.UEB2Test" time="0.0"/>
  <testcase name="response_should_save_statuscode" classname="BIF.SWE1.unittests.UEB2Test" time="0.0"/>
  <testcase name="request_isValid_on_valid_request" classname="BIF.SWE1.unittests.UEB2Test" time="0.0"/>
  <testcase name="request_isInValid_on_invalid_request" classname="BIF.SWE1.unittests.UEB2Test" time="0.0"/>
  <testcase name="request_should_parse_method_post_lowercase" classname="BIF.SWE1.unittests.UEB2Test" time="0.0"/>
  <testcase name="request_should_parse_method_get" classname="BIF.SWE1.unittests.UEB2Test" time="0.0"/>
  <testcase name="request_should_parse_method_post" classname="BIF.SWE1.unittests.UEB2Test" time="0.0"/>
  <testcase name="url_should_split_segments" classname="BIF.SWE1.unittests.UEB2Test" time="0.001"/>
  <testcase name="response_should_replace_header" classname="BIF.SWE1.unittests.UEB2Test" time="0.0"/>
  <testcase name="request_should_parse_url_2" classname="BIF.SWE1.unittests.UEB2Test" time="0.001"/>
  <system-out><![CDATA[]]></system-out>
  <system-err><![CDATA[]]></system-err>
</testsuite>
